
[start] [INFO] [2026-06-24 10:49:33.101] [C009313_C009313MCM1] 
---------------------Begin 2026-06-24 10:49:33 097    CREATE_BU:C009313    CREATE_BY:C009313MCM1 ---------------------
[01]  DELETE FROM CEUSER.SEC_LOGIN_SESSION WHERE C_USER_ID = 'C009313MCM1' AND C_UNIT_CODE = 'C009313' AND C_BK_GROUP_ID = 'CSBANK' AND C_SESSION_ID = 'uwU334EEhY-QftwQH3on5bs' 
[02]  UPDATE CEUSER.SEC_LOGIN_SESSION SET C_IS_INFORM = 'T' WHERE C_USER_ID = 'C009313MCM1' AND C_UNIT_CODE = 'C009313' AND C_BK_GROUP_ID = 'CSBANK' 
[03]  INSERT INTO CEUSER.SEC_LOGIN_SESSION (C_BK_GROUP_ID,C_UNIT_CODE,C_USER_ID,C_SESSION_ID,C_IS_INFORM) VALUES ('CSBANK','C009313','C009313MCM1','uwU334EEhY-QftwQH3on5bs','F')
---------------------- End 2026-06-24 10:49:33 099 ------------------------
 [end]

[start] [INFO] [2026-06-24 10:49:33.114] [C009313_C009313MCM1] 
---------------------Begin 2026-06-24 10:49:33 110    CREATE_BU:C009313    CREATE_BY:C009313MCM1 ---------------------
[01]  INSERT INTO CETRX.TRX_ACT_LOG (C_LOG_ID,C_BK_GROUP_ID,C_CNTY_CODE,C_GRP_CODE,C_UNIT_CODE,C_USER_ID,C_IP_ADDRESS,C_FUNC_ID,D_CREA_DATE,T_CREA_TIME,D_SYS_OP_DATE,T_SYS_OP_TIME,D_SYS_TRT_DATE,T_SYS_TRT_TIME,C_BUSI_KEY) VALUES ('8A8284979EF7FFC3019EF86424B50148','CSBANK','US','C009313','C009313','C009313MCM1','10.3.1.81','Login',TO_DATE('2026-06-24','YYYY-MM-DD'),TO_DATE('06:49:33','HH24:MI:SS'),TO_DATE('2026-06-24','YYYY-MM-DD'),TO_DATE('06:49:33','HH24:MI:SS'),TO_DATE('2026-06-24','YYYY-MM-DD'),TO_DATE('06:49:33','HH24:MI:SS'),'C009313;C009313MCM1')
---------------------- End 2026-06-24 10:49:33 113 ------------------------
 [end]

[start] [INFO] [2026-06-24 10:49:33.732] [C009313_C009313MCM1] 
---------------------Begin 2026-06-24 10:49:33 729    CREATE_BU:C009313    CREATE_BY:C009313MCM1 ---------------------
[01]  SELECT C_INACTIVE FROM CEUSER.SEC_USER_INFO WHERE C_USER_ID = 'C009313MCM1' AND C_UNIT_CODE = 'C009313' 
---------------------- End 2026-06-24 10:49:33 731 ------------------------
 [end]

[start] [INFO] [2026-06-24 10:49:33.735] [C009313_C009313MCM1] 
---------------------Begin 2026-06-24 10:49:33 733    CREATE_BU:C009313    CREATE_BY:C009313MCM1 ---------------------
[01]  SELECT C_IS_INFORM FROM CEUSER.SEC_LOGIN_SESSION WHERE C_SESSION_ID = 'uwU334EEhY-QftwQH3on5bs' 
---------------------- End 2026-06-24 10:49:33 734 ------------------------
 [end]

[start] [INFO] [2026-06-24 10:49:33.877] [C009313_C009313MCM1] 
---------------------Begin 2026-06-24 10:49:33 875    CREATE_BU:C009313    CREATE_BY:C009313MCM1 ---------------------
[01]  SELECT C_INACTIVE FROM CEUSER.SEC_USER_INFO WHERE C_USER_ID = 'C009313MCM1' AND C_UNIT_CODE = 'C009313' 
---------------------- End 2026-06-24 10:49:33 876 ------------------------
 [end]

[start] [INFO] [2026-06-24 10:49:34.038] [C009313_C009313MCM1] 
---------------------Begin 2026-06-24 10:49:34 035    CREATE_BU:C009313    CREATE_BY:C009313MCM1 ---------------------
[01]  SELECT C_INACTIVE FROM CEUSER.SEC_USER_INFO WHERE C_USER_ID = 'C009313MCM1' AND C_UNIT_CODE = 'C009313' 
---------------------- End 2026-06-24 10:49:34 037 ------------------------
 [end]

[start] [INFO] [2026-06-24 10:49:34.045] [C009313_C009313MCM1] 
---------------------Begin 2026-06-24 10:49:34 042    CREATE_BU:C009313    CREATE_BY:C009313MCM1 ---------------------
[01]  SELECT C_INACTIVE FROM CEUSER.SEC_USER_INFO WHERE C_USER_ID = 'C009313MCM1' AND C_UNIT_CODE = 'C009313' 
---------------------- End 2026-06-24 10:49:34 043 ------------------------
 [end]

[start] [INFO] [2026-06-24 10:49:34.050] [C009313_C009313MCM1] 
---------------------Begin 2026-06-24 10:49:34 047    CREATE_BU:C009313    CREATE_BY:C009313MCM1 ---------------------
[01]  SELECT COUNT(*) AS RECCOUNT FROM CETRX.STD_NOTIFICATION  WHERE C_NOTI_ID IN ( SELECT C_NOTI_ID FROM CETRX.STD_NOTIFICATION_STATUS  WHERE  C_READ_STATUS = 'F'  AND  C_USER_ID = 'C009313MCM1'  AND  C_UNIT_CODE = 'C009313'  )
---------------------- End 2026-06-24 10:49:34 049 ------------------------
 [end]

[start] [INFO] [2026-06-24 10:49:34.058] [C009313_C009313MCM1] 
---------------------Begin 2026-06-24 10:49:34 055    CREATE_BU:C009313    CREATE_BY:C009313MCM1 ---------------------
[01]  SELECT C_FUNC_ID,T_OP_TIME FROM CETRX.TRX_FAVOR_FUNC  WHERE  C_UNIT_CODE = 'C009313'  AND  C_USER_ID = 'C009313MCM1'  ORDER BY  T_OP_TIME DESC 
---------------------- End 2026-06-24 10:49:34 057 ------------------------
 [end]

[start] [INFO] [2026-06-24 10:49:34.059] [C009313_C009313MCM1] 
---------------------Begin 2026-06-24 10:49:34 057    CREATE_BU:C009313    CREATE_BY:C009313MCM1 ---------------------
[01]  SELECT C_INACTIVE FROM CEUSER.SEC_USER_INFO WHERE C_USER_ID = 'C009313MCM1' AND C_UNIT_CODE = 'C009313' 
---------------------- End 2026-06-24 10:49:34 058 ------------------------
 [end]

[start] [INFO] [2026-06-24 10:49:34.068] [C009313_C009313MCM1] 
---------------------Begin 2026-06-24 10:49:34 066    CREATE_BU:C009313    CREATE_BY:C009313MCM1 ---------------------
[01]  SELECT C_INACTIVE FROM CEUSER.SEC_USER_INFO WHERE C_USER_ID = 'C009313MCM1' AND C_UNIT_CODE = 'C009313' 
---------------------- End 2026-06-24 10:49:34 067 ------------------------
 [end]

[start] [INFO] [2026-06-24 10:49:34.078] [C009313_C009313MCM1] 
---------------------Begin 2026-06-24 10:49:34 075    CREATE_BU:C009313    CREATE_BY:C009313MCM1 ---------------------
[01]  SELECT * FROM CEUSER.SEC_BUSINESS_UNIT WHERE C_UNIT_CODE = 'C009313' 
---------------------- End 2026-06-24 10:49:34 077 ------------------------
 [end]

[start] [INFO] [2026-06-24 10:49:34.177] [C009313_C009313MCM1] 
---------------------Begin 2026-06-24 10:49:34 175    CREATE_BU:C009313    CREATE_BY:C009313MCM1 ---------------------
[01]  SELECT C_AUTH_RULE FROM CEUSER.SEC_USER_INFO WHERE C_BK_GROUP_ID = 'CSBANK' AND C_UNIT_CODE = 'C009313' AND C_USER_ID = 'C009313MCM1' 
---------------------- End 2026-06-24 10:49:34 176 ------------------------
 [end]

[start] [INFO] [2026-06-24 10:49:34.179] [C009313_C009313MCM1] 
---------------------Begin 2026-06-24 10:49:34 178    CREATE_BU:C009313    CREATE_BY:C009313MCM1 ---------------------
[01]  SELECT C_AUTH_RULE FROM CEUSER.SEC_BUSINESS_UNIT WHERE C_BK_GROUP_ID = 'CSBANK' AND C_UNIT_CODE = 'C009313' 
---------------------- End 2026-06-24 10:49:34 179 ------------------------
 [end]

[start] [INFO] [2026-06-24 10:49:34.185] [C009313_C009313MCM1] 
---------------------Begin 2026-06-24 10:49:34 184    CREATE_BU:C009313    CREATE_BY:C009313MCM1 ---------------------
[01]  SELECT C_INACTIVE FROM CEUSER.SEC_USER_INFO WHERE C_USER_ID = 'C009313MCM1' AND C_UNIT_CODE = 'C009313' 
---------------------- End 2026-06-24 10:49:34 184 ------------------------
 [end]

[start] [INFO] [2026-06-24 10:49:34.194] [C009313_C009313MCM1] 
---------------------Begin 2026-06-24 10:49:34 192    CREATE_BU:C009313    CREATE_BY:C009313MCM1 ---------------------
[01]  SELECT C_INACTIVE FROM CEUSER.SEC_USER_INFO WHERE C_USER_ID = 'C009313MCM1' AND C_UNIT_CODE = 'C009313' 
---------------------- End 2026-06-24 10:49:34 193 ------------------------
 [end]

[start] [INFO] [2026-06-24 10:49:34.201] [C009313_C009313MCM1] 
---------------------Begin 2026-06-24 10:49:34 199    CREATE_BU:C009313    CREATE_BY:C009313MCM1 ---------------------
[01]  SELECT C_INACTIVE FROM CEUSER.SEC_USER_INFO WHERE C_USER_ID = 'C009313MCM1' AND C_UNIT_CODE = 'C009313' 
---------------------- End 2026-06-24 10:49:34 200 ------------------------
 [end]

[start] [INFO] [2026-06-24 10:49:34.207] [C009313_C009313MCM1] 
---------------------Begin 2026-06-24 10:49:34 204    CREATE_BU:C009313    CREATE_BY:C009313MCM1 ---------------------
[01]  SELECT DISTINCT C_WIDGET_NAME FROM CEUSER.SEC_WIDGETS_V2_LIST  WHERE  C_IS_ACTIVE = 'Y'  AND  C_ROLE_NAME IN ('MAKER','CHECKER')  ORDER BY  C_WIDGET_NAME 
---------------------- End 2026-06-24 10:49:34 206 ------------------------
 [end]

[start] [INFO] [2026-06-24 10:49:34.211] [C009313_C009313MCM1] 
---------------------Begin 2026-06-24 10:49:34 208    CREATE_BU:C009313    CREATE_BY:C009313MCM1 ---------------------
[01]  SELECT DISTINCT C_WIDGET_NAME FROM CEUSER.SEC_WIDGETS_V2_LIST  WHERE  C_IS_ACTIVE = 'Y'  AND  C_ROLE_NAME IN ('MAKER','CHECKER')  ORDER BY  C_WIDGET_NAME 
---------------------- End 2026-06-24 10:49:34 211 ------------------------
 [end]

[start] [INFO] [2026-06-24 10:49:34.211] [C009313_C009313MCM1] 
---------------------Begin 2026-06-24 10:49:34 208    CREATE_BU:C009313    CREATE_BY:C009313MCM1 ---------------------
[01]  SELECT TAB.C_TAB_ID,TAB.C_TAB_NAME,TAB.I_TAB_SEQUENCE FROM CEUSER.SEC_WIDGETS_V2_TABS TAB LEFT JOIN CEUSER.SEC_WIDGETS_V2_LAYOUT LYT ON (TAB.C_TAB_ID = LYT.C_TAB_ID AND  TAB.C_UNIT_CODE = LYT.C_UNIT_CODE AND TAB.C_USER_ID = LYT.C_USER_ID )    WHERE  TAB.C_UNIT_CODE = 'C009313'  AND  TAB.C_USER_ID = 'C009313MCM1'  AND  LYT.C_PAGE_NAME = 'default'  ORDER BY  TAB.I_TAB_SEQUENCE ASC 
---------------------- End 2026-06-24 10:49:34 211 ------------------------
 [end]

[start] [INFO] [2026-06-24 10:49:34.268] [C009313_C009313MCM1] 
---------------------Begin 2026-06-24 10:49:34 259    CREATE_BU:C009313    CREATE_BY:C009313MCM1 ---------------------
[01]  SELECT C_LAYOUT_INFO FROM CEUSER.SEC_WIDGETS_V2_LAYOUT  WHERE  C_UNIT_CODE = 'C009313'  AND  C_USER_ID = 'C009313MCM1'  AND  C_PAGE_NAME = 'default' 
---------------------- End 2026-06-24 10:49:34 267 ------------------------
 [end]

[start] [INFO] [2026-06-24 10:49:34.279] [C009313_C009313MCM1] 
---------------------Begin 2026-06-24 10:49:34 276    CREATE_BU:C009313    CREATE_BY:C009313MCM1 ---------------------
[01]  SELECT TAB.C_TAB_ID,TAB.C_TAB_NAME,TAB.I_TAB_SEQUENCE,LYT.C_LAYOUT_INFO FROM CEUSER.SEC_WIDGETS_V2_TABS TAB LEFT JOIN CEUSER.SEC_WIDGETS_V2_LAYOUT LYT ON (TAB.C_TAB_ID = LYT.C_TAB_ID AND  TAB.C_UNIT_CODE = LYT.C_UNIT_CODE AND TAB.C_USER_ID = LYT.C_USER_ID )    WHERE  TAB.C_UNIT_CODE = 'C009313'  AND  TAB.C_USER_ID = 'C009313MCM1'  AND  LYT.C_PAGE_NAME = 'default'  ORDER BY  TAB.I_TAB_SEQUENCE ASC 
---------------------- End 2026-06-24 10:49:34 278 ------------------------
 [end]

[start] [INFO] [2026-06-24 10:49:34.286] [C009313_C009313MCM1] 
---------------------Begin 2026-06-24 10:49:34 284    CREATE_BU:C009313    CREATE_BY:C009313MCM1 ---------------------
[01]  SELECT C_INST_CONFIG FROM CEUSER.SEC_WIDGETS_V2_INST_CONFIG  WHERE  C_INST_ID = '8A8284979EDE6729019EDE6D6480003A'  AND  C_UNIT_CODE = 'C009313'  AND  C_USER_ID = 'C009313MCM1' 
---------------------- End 2026-06-24 10:49:34 285 ------------------------
 [end]

[start] [INFO] [2026-06-24 10:49:34.291] [C009313_C009313MCM1] 
---------------------Begin 2026-06-24 10:49:34 289    CREATE_BU:C009313    CREATE_BY:C009313MCM1 ---------------------
[01]  SELECT C_INST_CONFIG FROM CEUSER.SEC_WIDGETS_V2_INST_CONFIG  WHERE  C_INST_ID = '8A8284979EDE6729019EDE6D6480003A'  AND  C_UNIT_CODE = 'C009313'  AND  C_USER_ID = 'C009313MCM1' 
---------------------- End 2026-06-24 10:49:34 290 ------------------------
 [end]

[start] [INFO] [2026-06-24 10:49:34.297] [C009313_C009313MCM1] 
---------------------Begin 2026-06-24 10:49:34 295    CREATE_BU:C009313    CREATE_BY:C009313MCM1 ---------------------
[01]  SELECT C_INST_CONFIG FROM CEUSER.SEC_WIDGETS_V2_INST_CONFIG  WHERE  C_INST_ID = '8A8284979EDE6729019EDE6D64BD003D'  AND  C_UNIT_CODE = 'C009313'  AND  C_USER_ID = 'C009313MCM1' 
---------------------- End 2026-06-24 10:49:34 296 ------------------------
 [end]

[start] [INFO] [2026-06-24 10:49:34.303] [C009313_C009313MCM1] 
---------------------Begin 2026-06-24 10:49:34 300    CREATE_BU:C009313    CREATE_BY:C009313MCM1 ---------------------
[01]  SELECT C_INST_CONFIG FROM CEUSER.SEC_WIDGETS_V2_INST_CONFIG  WHERE  C_INST_ID = '8A8284979EDE6729019EDE6D64BD003D'  AND  C_UNIT_CODE = 'C009313'  AND  C_USER_ID = 'C009313MCM1' 
---------------------- End 2026-06-24 10:49:34 301 ------------------------
 [end]

[start] [INFO] [2026-06-24 10:49:34.308] [C009313_C009313MCM1] 
---------------------Begin 2026-06-24 10:49:34 307    CREATE_BU:C009313    CREATE_BY:C009313MCM1 ---------------------
[01]  SELECT C_INST_CONFIG FROM CEUSER.SEC_WIDGETS_V2_INST_CONFIG  WHERE  C_INST_ID = '8A8284979EDE6729019EDE6D6490003B'  AND  C_UNIT_CODE = 'C009313'  AND  C_USER_ID = 'C009313MCM1' 
---------------------- End 2026-06-24 10:49:34 307 ------------------------
 [end]

[start] [INFO] [2026-06-24 10:49:34.313] [C009313_C009313MCM1] 
---------------------Begin 2026-06-24 10:49:34 311    CREATE_BU:C009313    CREATE_BY:C009313MCM1 ---------------------
[01]  SELECT C_INST_CONFIG FROM CEUSER.SEC_WIDGETS_V2_INST_CONFIG  WHERE  C_INST_ID = '8A8284979EDE6729019EDE6D6490003B'  AND  C_UNIT_CODE = 'C009313'  AND  C_USER_ID = 'C009313MCM1' 
---------------------- End 2026-06-24 10:49:34 311 ------------------------
 [end]

[start] [INFO] [2026-06-24 10:49:34.318] [C009313_C009313MCM1] 
---------------------Begin 2026-06-24 10:49:34 316    CREATE_BU:C009313    CREATE_BY:C009313MCM1 ---------------------
[01]  SELECT C_INST_CONFIG FROM CEUSER.SEC_WIDGETS_V2_INST_CONFIG  WHERE  C_INST_ID = '8A8284979EDE6729019EDE6D64E4003E'  AND  C_UNIT_CODE = 'C009313'  AND  C_USER_ID = 'C009313MCM1' 
---------------------- End 2026-06-24 10:49:34 317 ------------------------
 [end]

[start] [INFO] [2026-06-24 10:49:34.322] [C009313_C009313MCM1] 
---------------------Begin 2026-06-24 10:49:34 321    CREATE_BU:C009313    CREATE_BY:C009313MCM1 ---------------------
[01]  SELECT C_INST_CONFIG FROM CEUSER.SEC_WIDGETS_V2_INST_CONFIG  WHERE  C_INST_ID = '8A8284979EDE6729019EDE6D64E4003E'  AND  C_UNIT_CODE = 'C009313'  AND  C_USER_ID = 'C009313MCM1' 
---------------------- End 2026-06-24 10:49:34 321 ------------------------
 [end]

[start] [INFO] [2026-06-24 10:49:34.329] [C009313_C009313MCM1] 
---------------------Begin 2026-06-24 10:49:34 327    CREATE_BU:C009313    CREATE_BY:C009313MCM1 ---------------------
[01]  SELECT C_INST_CONFIG FROM CEUSER.SEC_WIDGETS_V2_INST_CONFIG  WHERE  C_INST_ID = '8A8284979EDE6729019EDE6D64AD003C'  AND  C_UNIT_CODE = 'C009313'  AND  C_USER_ID = 'C009313MCM1' 
---------------------- End 2026-06-24 10:49:34 328 ------------------------
 [end]

[start] [INFO] [2026-06-24 10:49:34.334] [C009313_C009313MCM1] 
---------------------Begin 2026-06-24 10:49:34 332    CREATE_BU:C009313    CREATE_BY:C009313MCM1 ---------------------
[01]  SELECT C_INST_CONFIG FROM CEUSER.SEC_WIDGETS_V2_INST_CONFIG  WHERE  C_INST_ID = '8A8284979EDE6729019EDE6D64AD003C'  AND  C_UNIT_CODE = 'C009313'  AND  C_USER_ID = 'C009313MCM1' 
---------------------- End 2026-06-24 10:49:34 333 ------------------------
 [end]

[start] [INFO] [2026-06-24 10:49:34.502] [C009313_C009313MCM1] 
---------------------Begin 2026-06-24 10:49:34 501    CREATE_BU:C009313    CREATE_BY:C009313MCM1 ---------------------
[01]  SELECT C_INACTIVE FROM CEUSER.SEC_USER_INFO WHERE C_USER_ID = 'C009313MCM1' AND C_UNIT_CODE = 'C009313' 
---------------------- End 2026-06-24 10:49:34 501 ------------------------
 [end]

[start] [INFO] [2026-06-24 10:49:34.511] [C009313_C009313MCM1] 
---------------------Begin 2026-06-24 10:49:34 509    CREATE_BU:C009313    CREATE_BY:C009313MCM1 ---------------------
[01]  SELECT C_INACTIVE FROM CEUSER.SEC_USER_INFO WHERE C_USER_ID = 'C009313MCM1' AND C_UNIT_CODE = 'C009313' 
---------------------- End 2026-06-24 10:49:34 510 ------------------------
 [end]

[start] [INFO] [2026-06-24 10:49:34.519] [C009313_C009313MCM1] 
---------------------Begin 2026-06-24 10:49:34 516    CREATE_BU:C009313    CREATE_BY:C009313MCM1 ---------------------
[01]  SELECT C_INACTIVE FROM CEUSER.SEC_USER_INFO WHERE C_USER_ID = 'C009313MCM1' AND C_UNIT_CODE = 'C009313' 
---------------------- End 2026-06-24 10:49:34 517 ------------------------
 [end]

[start] [INFO] [2026-06-24 10:49:34.522] [C009313_C009313MCM1] 
---------------------Begin 2026-06-24 10:49:34 520    CREATE_BU:C009313    CREATE_BY:C009313MCM1 ---------------------
[01]  SELECT C_INACTIVE FROM CEUSER.SEC_USER_INFO WHERE C_USER_ID = 'C009313MCM1' AND C_UNIT_CODE = 'C009313' 
---------------------- End 2026-06-24 10:49:34 521 ------------------------
 [end]

[start] [INFO] [2026-06-24 10:49:34.539] [C009313_C009313MCM1] 
---------------------Begin 2026-06-24 10:49:34 537    CREATE_BU:C009313    CREATE_BY:C009313MCM1 ---------------------
[01]  SELECT C_FUNC_ID,T_OP_TIME FROM CETRX.TRX_FAVOR_FUNC  WHERE  C_UNIT_CODE = 'C009313'  AND  C_USER_ID = 'C009313MCM1'  ORDER BY  T_OP_TIME DESC 
---------------------- End 2026-06-24 10:49:34 538 ------------------------
 [end]

[start] [INFO] [2026-06-24 10:49:34.546] [C009313_C009313MCM1] 
---------------------Begin 2026-06-24 10:49:34 544    CREATE_BU:C009313    CREATE_BY:C009313MCM1 ---------------------
[01]  SELECT C_INACTIVE FROM CEUSER.SEC_USER_INFO WHERE C_USER_ID = 'C009313MCM1' AND C_UNIT_CODE = 'C009313' 
---------------------- End 2026-06-24 10:49:34 545 ------------------------
 [end]

[start] [INFO] [2026-06-24 10:49:34.548] [C009313_C009313MCM1] 
---------------------Begin 2026-06-24 10:49:34 545    CREATE_BU:C009313    CREATE_BY:C009313MCM1 ---------------------
[01]  SELECT C_IS_ACTIVE FROM CEUSER.SEC_WIDGETS_V2_LIST  WHERE  C_WIDGET_NAME = 'ShortcutMenu'  AND  C_ROLE_NAME IN ('MAKER','CHECKER') 
---------------------- End 2026-06-24 10:49:34 547 ------------------------
 [end]

[start] [INFO] [2026-06-24 10:49:34.588] [C009313_C009313MCM1] 
---------------------Begin 2026-06-24 10:49:34 549    CREATE_BU:C009313    CREATE_BY:C009313MCM1 ---------------------
[01]  SELECT C_FUNC_ID,C_MODULE FROM CETRX.TRX_ACT_LOG WHERE C_FUNC_ID IS NOT NULL AND C_UNIT_CODE = 'C009313' AND C_USER_ID = 'C009313MCM1' AND D_SYS_OP_DATE BETWEEN TO_DATE('2026-05-25','yyyy-MM-dd') AND TO_DATE('2026-06-24','yyyy-MM-dd') ORDER BY D_SYS_OP_DATE DESC,T_SYS_OP_TIME DESC
---------------------- End 2026-06-24 10:49:34 587 ------------------------
 [end]

[start] [INFO] [2026-06-24 10:49:34.594] [C009313_C009313MCM1] 
---------------------Begin 2026-06-24 10:49:34 591    CREATE_BU:C009313    CREATE_BY:C009313MCM1 ---------------------
[01]  SELECT C_INACTIVE FROM CEUSER.SEC_USER_INFO WHERE C_USER_ID = 'C009313MCM1' AND C_UNIT_CODE = 'C009313' 
---------------------- End 2026-06-24 10:49:34 593 ------------------------
 [end]

[start] [INFO] [2026-06-24 10:49:34.606] [C009313_C009313MCM1] 
---------------------Begin 2026-06-24 10:49:34 603    CREATE_BU:C009313    CREATE_BY:C009313MCM1 ---------------------
[01]  SELECT A.C_REPORT_ID,A.C_GRP_CODE,A.C_USER_ID,A.T_PIN_DATE,B.C_SOURCE_REPORT,B.C_REPORT_NAME,B.T_UPDATE_DATE,C.C_USER_DESC FROM CETRX.TRX_USER_REPORT_PIN A LEFT JOIN CETRX.TRX_USER_REPORT B ON A.C_REPORT_ID = B.C_REPORT_ID  LEFT JOIN CEUSER.SEC_USER_INFO C ON A.C_GRP_CODE = C.C_UNIT_CODE AND A.C_USER_ID = C.C_USER_ID  WHERE  A.C_GRP_CODE = 'C009313'  AND  A.C_USER_ID = 'C009313MCM1'  ORDER BY B.T_UPDATE_DATE DESC
---------------------- End 2026-06-24 10:49:34 605 ------------------------
 [end]

[start] [INFO] [2026-06-24 10:49:34.644] [C009313_C009313MCM1] 
---------------------Begin 2026-06-24 10:49:34 642    CREATE_BU:C009313    CREATE_BY:C009313MCM1 ---------------------
[01]  SELECT C_INACTIVE FROM CEUSER.SEC_USER_INFO WHERE C_USER_ID = 'C009313MCM1' AND C_UNIT_CODE = 'C009313' 
---------------------- End 2026-06-24 10:49:34 643 ------------------------
 [end]

[start] [INFO] [2026-06-24 10:49:34.690] [C009313_C009313MCM1] 
---------------------Begin 2026-06-24 10:49:34 687    CREATE_BU:C009313    CREATE_BY:C009313MCM1 ---------------------
[01]  SELECT FA_DOC_DUE_DT AS GROUP_DATE, COUNT(*) AS ASCOUNT FROM (SELECT C_PRODUCT_ID, C_MAIN_REF, C_CUST_ID, C_TRX_REF, I_EVENT_TIMES, C_BK_GROUP_ID, C_UNIT_CODE, FA_SEL_NM, FA_BUYER_NM, FA_DOC_CCY, FA_DOC_AMT, AUTH_AMT, AUTH_CCY, PARENT_MAIN_REF, FA_DOC_DT, FA_DOC_DUE_DT, CURRNT_STATUS, C_TRX_STATUS, D_CREA_DATE, D_RELE_DATE, C_FUNC_ID, C_EVENT_NAME, C_EVENT_STATUS, C_NOW_EVENT, C_LOCKED_FLAG, C_LOCKED_OP, C_RELE_BY FROM CETRX.FAEF_EM_INV WHERE   C_BK_GROUP_ID = 'CSBANK'  AND (( C_UNIT_CODE = 'C009313'  AND  C_PRODUCT_ID = 'P19080800001' )) AND C_TRX_STATUS IN ('P', 'A', 'T', 'R', 'M') AND FA_DOC_DUE_DT >= TO_DATE('2026-01-01', 'YYYY-MM-DD') AND FA_DOC_DUE_DT <= TO_DATE('2026-12-31', 'YYYY-MM-DD') ) TEMP_TABLE GROUP BY FA_DOC_DUE_DT
---------------------- End 2026-06-24 10:49:34 689 ------------------------
 [end]

[start] [INFO] [2026-06-24 10:49:34.700] [C009313_C009313MCM1] 
---------------------Begin 2026-06-24 10:49:34 698    CREATE_BU:C009313    CREATE_BY:C009313MCM1 ---------------------
[01]  SELECT C_INACTIVE FROM CEUSER.SEC_USER_INFO WHERE C_USER_ID = 'C009313MCM1' AND C_UNIT_CODE = 'C009313' 
---------------------- End 2026-06-24 10:49:34 699 ------------------------
 [end]

[start] [INFO] [2026-06-24 10:49:34.712] [C009313_C009313MCM1] 
---------------------Begin 2026-06-24 10:49:34 710    CREATE_BU:C009313    CREATE_BY:C009313MCM1 ---------------------
[01]  SELECT C_CRITERIA_DATA,C_TMPL_NAME,C_IS_DEFAULT FROM CETRX.STD_SEARCH_CRITERIA  WHERE  C_UNIT_CODE = 'C009313'  AND  C_USER_ID = 'C009313MCM1'  AND  C_CATA_ID = 'C2A_PendingApproval'  AND  C_BK_GROUP_ID = 'CSBANK'  AND  I_CRITERIA_TYPE = 4 
---------------------- End 2026-06-24 10:49:34 711 ------------------------
 [end]

[start] [INFO] [2026-06-24 10:49:34.867] [C009313_C009313MCM1] 
---------------------Begin 2026-06-24 10:49:34 865    CREATE_BU:C009313    CREATE_BY:C009313MCM1 ---------------------
[01]  SELECT C_UNIT_CODE,C_UNIT_NAME FROM CEUSER.SEC_BUSINESS_UNIT WHERE C_UNIT_CODE = 'C009313' 
---------------------- End 2026-06-24 10:49:34 866 ------------------------
 [end]

[start] [INFO] [2026-06-24 10:49:34.880] [C009313_C009313MCM1] 
---------------------Begin 2026-06-24 10:49:34 557    CREATE_BU:C009313    CREATE_BY:C009313MCM1 ---------------------
[01]  [Id=C2A_ForYou]  SELECT COUNT(*) FROM (SELECT DISTINCT T1.C_BK_GROUP_ID, T1.C_MAIN_REF, T1.C_TRX_REF, T1.C_UNIT_CODE, T1.PARENT_MAIN_REF, T1.C_TRX_STATUS, T1.CURRNT_STATUS, T1.C2A_STATUS, T1.I_EVENT_TIMES, T1.C_MODULE, T1.C_FUNC_ID, T1.C_PRODUCT_ID, T1.C_TRX_ID, T3.C_LOCKED_FLAG, T3.C_LOCKED_OP, T3.C_USER_DESC, T1.D_SYS_OP_DATE, T1.T_SYS_OP_TIME, T1.C2A_CCY, T1.C2A_AMOUNT, T1.C2A_COUNTERPARTY FROM CETRX.TRX_INBOX T1 LEFT JOIN CETRX.TRX_NEXT_FUNC T2 ON T1.C_PRODUCT_ID = T2.C_PRODUCT_ID AND T1.C2A_STATUS = T2.C2A_STATUS AND T1.C_TRX_STATUS = T2.C_TRX_STATUS LEFT JOIN CETRX.TRX_LOCK_INFO T3 ON T1.C_MAIN_REF = T3.C_MAIN_REF AND T1.C_UNIT_CODE = T3.C_UNIT_CODE WHERE   T1.C_BK_GROUP_ID = 'CSBANK'  AND (( T1.C_UNIT_CODE = 'C009313'  AND  T1.C_PRODUCT_ID IN ('FHS0YffwVNuA','P13101500000','P16062000000','P19080800000','P19080800001','P19080800002','P20030600000','epF3a6u4ZGAt') )) AND (T2.C_NEXT_FUNC_ID IN (SELECT C_FUNC_ID FROM CEUSER.SEC_OP_FUNC WHERE C_USER_ID = 'C009313MCM1' AND C_GRP_CODE = 'C009313' AND C_UNIT_CODE = T1.C_UNIT_CODE) OR T2.C_NEXT_FUNC_ID IN (SELECT C_FUNC_ID FROM CEUSER.SEC_OP_FUNC WHERE C_GRP_CODE = 'C009313' AND C_USER_ID IN (SELECT C_ROLE_ID FROM CEUSER.SEC_USER_ROLE WHERE C_USER_ID = 'C009313MCM1' AND C_GRP_CODE = 'C009313') AND C_UNIT_CODE = T1.C_UNIT_CODE)) AND (T1.C_TRX_STATUS = 'R' OR T1.C2A_STATUS IN ('Rejected by bank', 'Discrepancy notification', 'Document received') AND T1.C_TRX_STATUS = 'M' OR T1.C2A_STATUS IN ('Amendment(Detrimental)_fully authorized', 'Document discrepancy_fully authorized') AND T1.C_TRX_STATUS = 'A') AND T1.C_TRX_ID NOT IN (SELECT C_TRX_ID FROM CETRX.TRX_USER_DISMISS WHERE C_USER_ID = 'C009313MCM1' AND C_GRP_CODE = 'C009313') AND (T1.C_MODULE = 'IMLC' OR T1.C_MODULE = 'EXLC' OR T1.C_MODULE = 'FAEF' OR T1.C_MODULE = 'FADA' OR T1.C_MODULE = 'TSUM' OR T1.C_MODULE = 'ABLF' OR T1.C_MODULE = 'UPLD') ORDER BY T1.D_SYS_OP_DATE DESC, T1.T_SYS_OP_TIME DESC)
---------------------- End 2026-06-24 10:49:34 878 ------------------------
 [end]

[start] [INFO] [2026-06-24 10:49:34.911] [C009313_C009313MCM1] 
---------------------Begin 2026-06-24 10:49:34 883    CREATE_BU:C009313    CREATE_BY:C009313MCM1 ---------------------
[01]  [Id=C2A_InProgress_Both]  SELECT COUNT(*) FROM CETRX.TRX_INBOX T1 LEFT JOIN CETRX.TRX_LOCK_INFO T3 ON T1.C_MAIN_REF = T3.C_MAIN_REF AND T1.C_UNIT_CODE = T3.C_UNIT_CODE WHERE   T1.C_BK_GROUP_ID = 'CSBANK'  AND (( T1.C_UNIT_CODE = 'C009313'  AND  T1.C_PRODUCT_ID IN ('FHS0YffwVNuA','P13101500000','P16062000000','P19080800000','P19080800001','P19080800002','P20030600000','epF3a6u4ZGAt') )) AND (T1.C_TRX_STATUS IN ('P', 'T', 'A', 'S', 'R') AND (T1.C_MODULE = 'IMLC' OR T1.C_MODULE = 'EXLC' OR T1.C_MODULE = 'FAEF' OR T1.C_MODULE = 'FADA' OR T1.C_MODULE = 'ABLF') AND T1.C2A_STATUS NOT IN ('Discrepancies rejected_fully authorized') OR T1.C_TRX_STATUS = 'M' AND (T1.C_MODULE = 'IMLC' AND T1.C2A_STATUS NOT IN ('Issued', 'Amended', 'Beneficiary rejected', 'Settled') OR T1.C_MODULE = 'EXCO' AND T1.CURRNT_STATUS NOT IN ('Payment Advice') OR T1.C_MODULE = 'EXLC' AND T1.CURRNT_STATUS NOT IN ('Settled', 'Advise Received', 'Amendment Received', 'Docment Received') OR T1.C_MODULE = 'FAEF' AND T1.CURRNT_STATUS NOT IN ('Settled', 'Advise Received') OR T1.C_MODULE = 'FADA' AND T1.CURRNT_STATUS NOT IN ('Settled', 'Advise Received') OR T1.C_MODULE = 'ABLF' AND T1.CURRNT_STATUS NOT IN ('Settled', 'Advise Received'))) AND T1.C_TRX_ID NOT IN (SELECT C_TRX_ID FROM CETRX.TRX_USER_DISMISS WHERE C_USER_ID = 'C009313MCM1' AND C_GRP_CODE = 'C009313') AND (T1.C_MODULE = 'IMLC' OR T1.C_MODULE = 'EXLC' OR T1.C_MODULE = 'FAEF' OR T1.C_MODULE = 'FADA' OR T1.C_MODULE = 'ABLF')
---------------------- End 2026-06-24 10:49:34 910 ------------------------
 [end]

[start] [INFO] [2026-06-24 10:49:34.961] [C009313_C009313MCM1] 
---------------------Begin 2026-06-24 10:49:34 915    CREATE_BU:C009313    CREATE_BY:C009313MCM1 ---------------------
[01]  [Id=C2A_Closed]  SELECT COUNT(*) FROM CETRX.TRX_INBOX T1 LEFT JOIN CETRX.TRX_LOCK_INFO T3 ON T1.C_MAIN_REF = T3.C_MAIN_REF AND T1.C_UNIT_CODE = T3.C_UNIT_CODE WHERE   T1.C_BK_GROUP_ID = 'CSBANK'  AND (( T1.C_UNIT_CODE = 'C009313'  AND  T1.C_PRODUCT_ID IN ('FHS0YffwVNuA','P13101500000','P16062000000','P19080800000','P19080800001','P19080800002','P20030600000','epF3a6u4ZGAt') )) AND (T1.C2A_STATUS IN ('Issued', 'Amended', 'Beneficiary rejected', 'Discrepancies rejected_fully authorized', 'Settled') AND T1.C_MODULE = 'IMLC' OR T1.CURRNT_STATUS IN ('Issued', 'Amended', 'Detrimental Amendment', 'Beneficiary Consent', 'Beneficiary Rejected', 'Document Presentation', 'Document Presentation', 'Settlement', 'Settled') AND T1.C_MODULE = 'EXCO' OR T1.C2A_STATUS IN ('Settled', 'Amendment_fully authorized', '') AND T1.C_MODULE = 'EXLC' OR T1.C_FUNC_ID IN ('F05030700899', 'F05030700901', 'F05030700908') AND T1.C2A_STATUS = 'Fully authorized' AND T1.C_MODULE = 'EXLC' OR T1.C_MODULE = 'FADA' OR T1.C_MODULE = 'FAEF') AND T1.C_TRX_STATUS IN ('M', 'A', 'S') AND T1.C_TRX_ID NOT IN (SELECT C_TRX_ID FROM CETRX.TRX_USER_DISMISS WHERE C_USER_ID = 'C009313MCM1' AND C_GRP_CODE = 'C009313') AND (T1.C_MODULE = 'IMLC' OR T1.C_MODULE = 'EXLC' OR T1.C_MODULE = 'FADA' OR T1.C_MODULE = 'FAEF')
---------------------- End 2026-06-24 10:49:34 959 ------------------------
 [end]

[start] [INFO] [2026-06-24 10:49:35.041] [C009313_C009313MCM1] 
---------------------Begin 2026-06-24 10:49:35 040    CREATE_BU:C009313    CREATE_BY:C009313MCM1 ---------------------
[01]  SELECT C_INACTIVE FROM CEUSER.SEC_USER_INFO WHERE C_USER_ID = 'C009313MCM1' AND C_UNIT_CODE = 'C009313' 
---------------------- End 2026-06-24 10:49:35 041 ------------------------
 [end]

[start] [INFO] [2026-06-24 10:49:35.052] [C009313_C009313MCM1] 
---------------------Begin 2026-06-24 10:49:35 050    CREATE_BU:C009313    CREATE_BY:C009313MCM1 ---------------------
[01]  SELECT C_AUTH_RULE FROM CEUSER.SEC_USER_INFO WHERE C_BK_GROUP_ID = 'CSBANK' AND C_UNIT_CODE = 'C009313' AND C_USER_ID = 'C009313MCM1' 
---------------------- End 2026-06-24 10:49:35 051 ------------------------
 [end]

[start] [INFO] [2026-06-24 10:49:35.055] [C009313_C009313MCM1] 
---------------------Begin 2026-06-24 10:49:35 053    CREATE_BU:C009313    CREATE_BY:C009313MCM1 ---------------------
[01]  SELECT C_AUTH_RULE FROM CEUSER.SEC_BUSINESS_UNIT WHERE C_BK_GROUP_ID = 'CSBANK' AND C_UNIT_CODE = 'C009313' 
---------------------- End 2026-06-24 10:49:35 054 ------------------------
 [end]

[start] [INFO] [2026-06-24 10:49:35.284] [C009313_C009313MCM1] 
---------------------Begin 2026-06-24 10:49:34 965    CREATE_BU:C009313    CREATE_BY:C009313MCM1 ---------------------
[01]  [Id=C2A_Drafts]  SELECT COUNT(*) FROM (SELECT DISTINCT T1.C_BK_GROUP_ID, T1.C_MAIN_REF, T1.C_TRX_REF, T1.C_UNIT_CODE, T1.PARENT_MAIN_REF, T1.C_TRX_STATUS, T1.I_EVENT_TIMES, T1.C_MODULE, T1.C_FUNC_ID, T1.C_PRODUCT_ID, T1.C_TRX_ID, T3.C_LOCKED_FLAG, T3.C_LOCKED_OP, T3.C_USER_DESC, T1.D_SYS_OP_DATE, T1.T_SYS_OP_TIME, T1.C2A_CCY, T1.C2A_AMOUNT, T1.C2A_COUNTERPARTY FROM CETRX.TRX_INBOX T1 LEFT JOIN CETRX.TRX_NEXT_FUNC T2 ON T1.C_PRODUCT_ID = T2.C_PRODUCT_ID AND T1.C_TRX_STATUS = T2.C_TRX_STATUS LEFT JOIN CETRX.TRX_LOCK_INFO T3 ON T1.C_MAIN_REF = T3.C_MAIN_REF AND T1.C_UNIT_CODE = T3.C_UNIT_CODE WHERE   T1.C_BK_GROUP_ID = 'CSBANK'  AND (( T1.C_UNIT_CODE = 'C009313'  AND  T1.C_PRODUCT_ID IN ('FHS0YffwVNuA','P13101500000','P16062000000','P19080800000','P19080800001','P19080800002','P20030600000','epF3a6u4ZGAt') )) AND (T2.C_NEXT_FUNC_ID IN (SELECT C_FUNC_ID FROM CEUSER.SEC_OP_FUNC WHERE C_USER_ID = 'C009313MCM1' AND C_GRP_CODE = 'C009313' AND C_UNIT_CODE = T1.C_UNIT_CODE) OR T2.C_NEXT_FUNC_ID IN (SELECT C_FUNC_ID FROM CEUSER.SEC_OP_FUNC WHERE C_GRP_CODE = 'C009313' AND C_USER_ID IN (SELECT C_ROLE_ID FROM CEUSER.SEC_USER_ROLE WHERE C_USER_ID = 'C009313MCM1' AND C_GRP_CODE = 'C009313') AND C_UNIT_CODE = T1.C_UNIT_CODE)) AND T1.C_TRX_STATUS = 'Z' AND T1.C_TRX_ID NOT IN (SELECT C_TRX_ID FROM CETRX.TRX_USER_DISMISS WHERE C_USER_ID = 'C009313MCM1' AND C_GRP_CODE = 'C009313') AND (T1.C_MODULE = 'IMLC' OR T1.C_MODULE = 'EXLC' OR T1.C_MODULE = 'FAEF' OR T1.C_MODULE = 'FADA' OR T1.C_MODULE = 'ABLF') ORDER BY T1.D_SYS_OP_DATE DESC, T1.T_SYS_OP_TIME DESC)
---------------------- End 2026-06-24 10:49:35 283 ------------------------
 [end]

[start] [INFO] [2026-06-24 10:49:35.285] [C009313_C009313MCM1] 
---------------------Begin 2026-06-24 10:49:35 057    CREATE_BU:C009313    CREATE_BY:C009313MCM1 ---------------------
[01]  [Id=C2A_PendingApproval]  SELECT T1.C_BK_GROUP_ID, T1.C_MAIN_REF, T1.C_TRX_REF, T1.C_UNIT_CODE, T1.PARENT_MAIN_REF, T1.C_TRX_STATUS, T1.CURRNT_STATUS, T1.I_EVENT_TIMES, T1.C_MODULE, T1.C_FUNC_ID, T1.C_PRODUCT_ID, T1.C_TRX_ID, T1.C_CREATED_BY, T3.C_LOCKED_FLAG, T3.C_LOCKED_OP, T3.C_USER_DESC, T1.D_SYS_OP_DATE, T1.T_SYS_OP_TIME, T1.C2A_CCY, T1.C2A_AMOUNT, T1.C2A_COUNTERPARTY FROM CETRX.TRX_INBOX T1 LEFT JOIN CETRX.TRX_LOCK_INFO T3 ON T1.C_MAIN_REF = T3.C_MAIN_REF AND T1.C_UNIT_CODE = T3.C_UNIT_CODE WHERE   T1.C_BK_GROUP_ID = 'CSBANK'  AND  T1.C_UNIT_CODE = 'C009313'  AND T1.C_PRODUCT_ID IN('P13101500000','P19080800000','P19080800001','P19080800002','epF3a6u4ZGAt') AND  T1.C_BK_GROUP_ID = 'CSBANK'  AND (T1.C_TRX_STATUS<>'R' AND T1.C_TRX_STATUS<>'A' OR T1.C_TRX_STATUS IS NULL) AND T1.C_TRX_ID NOT IN (SELECT C_TRX_ID FROM CETRX.TRX_AUTH_LIST WHERE  C_GRP_CODE = 'C009313'  AND  C_USER_ID = 'C009313MCM1'  AND  C_UNIT_CODE = 'C009313' ) AND T1.C_TRX_ID IN (SELECT C_TRX_ID FROM CETRX.TRX_MATRIX_LIST WHERE  C_UNIT_CODE = 'C009313'  AND ( (  I_AUTH_LEVEL = 1  AND C_PRODUCT_ID IN('P13101500000','P19080800000','P19080800001','P19080800002','epF3a6u4ZGAt')))) AND (( T1.C_UNIT_CODE = 'C009313'  AND  T1.C_PRODUCT_ID IN ('FHS0YffwVNuA','P13101500000','P16062000000','P19080800000','P19080800001','P19080800002','P20030600000','epF3a6u4ZGAt') )) AND T1.C_TRX_STATUS IN ('P', 'T') AND (T1.C_MODULE = 'IMLC' OR T1.C_MODULE = 'EXLC' OR T1.C_MODULE = 'FAEF' OR T1.C_MODULE = 'FADA' OR T1.C_MODULE = 'ABLF') ORDER BY T1.D_SYS_OP_DATE DESC, T1.T_SYS_OP_TIME DESC
---------------------- End 2026-06-24 10:49:35 284 ------------------------
 [end]

[start] [INFO] [2026-06-24 10:49:35.334] [C009313_C009313MCM1] 
---------------------Begin 2026-06-24 10:49:35 333    CREATE_BU:C009313    CREATE_BY:C009313MCM1 ---------------------
[01]  SELECT C_UNIT_CODE,C_UNIT_NAME FROM CEUSER.SEC_BUSINESS_UNIT WHERE C_UNIT_CODE = 'C009313' 
---------------------- End 2026-06-24 10:49:35 334 ------------------------
 [end]

[start] [INFO] [2026-06-24 10:49:35.337] [C009313_C009313MCM1] 
---------------------Begin 2026-06-24 10:49:35 335    CREATE_BU:C009313    CREATE_BY:C009313MCM1 ---------------------
[01]  SELECT C_CRITERIA_DATA,C_TMPL_NAME,C_IS_DEFAULT FROM CETRX.STD_SEARCH_CRITERIA  WHERE  C_UNIT_CODE = 'C009313'  AND  C_USER_ID = 'C009313MCM1'  AND  C_CATA_ID = 'C2A_PendingApproval'  AND  C_BK_GROUP_ID = 'CSBANK'  AND  I_CRITERIA_TYPE = 4 
---------------------- End 2026-06-24 10:49:35 336 ------------------------
 [end]

[start] [INFO] [2026-06-24 10:49:35.432] [C009313_C009313MCM1] 
---------------------Begin 2026-06-24 10:49:35 431    CREATE_BU:C009313    CREATE_BY:C009313MCM1 ---------------------
[01]  SELECT C_INACTIVE FROM CEUSER.SEC_USER_INFO WHERE C_USER_ID = 'C009313MCM1' AND C_UNIT_CODE = 'C009313' 
---------------------- End 2026-06-24 10:49:35 432 ------------------------
 [end]

[start] [INFO] [2026-06-24 10:49:35.443] [C009313_C009313MCM1] 
---------------------Begin 2026-06-24 10:49:35 441    CREATE_BU:C009313    CREATE_BY:C009313MCM1 ---------------------
[01]  SELECT C_CRITERIA_DATA,C_TMPL_NAME,C_IS_DEFAULT FROM CETRX.STD_SEARCH_CRITERIA  WHERE  C_UNIT_CODE = 'C009313'  AND  C_USER_ID = 'C009313MCM1'  AND  C_CATA_ID = 'C2A_InProgress_Both'  AND  C_BK_GROUP_ID = 'CSBANK'  AND  I_CRITERIA_TYPE = 4 
---------------------- End 2026-06-24 10:49:35 442 ------------------------
 [end]

[start] [INFO] [2026-06-24 10:49:35.489] [C009313_C009313MCM1] 
---------------------Begin 2026-06-24 10:49:35 487    CREATE_BU:C009313    CREATE_BY:C009313MCM1 ---------------------
[01]  SELECT C_UNIT_CODE,C_UNIT_NAME FROM CEUSER.SEC_BUSINESS_UNIT WHERE C_UNIT_CODE = 'C009313' 
---------------------- End 2026-06-24 10:49:35 488 ------------------------
 [end]

[start] [INFO] [2026-06-24 10:49:35.812] [C009313_C009313MCM1] 
---------------------Begin 2026-06-24 10:49:35 810    CREATE_BU:C009313    CREATE_BY:C009313MCM1 ---------------------
[01]  SELECT C_INACTIVE FROM CEUSER.SEC_USER_INFO WHERE C_USER_ID = 'C009313MCM1' AND C_UNIT_CODE = 'C009313' 
---------------------- End 2026-06-24 10:49:35 811 ------------------------
 [end]

[start] [INFO] [2026-06-24 10:49:35.911] [C009313_C009313MCM1] 
---------------------Begin 2026-06-24 10:49:35 820    CREATE_BU:C009313    CREATE_BY:C009313MCM1 ---------------------
[01]  [Id=C2A_InProgress_Both]  SELECT T1.C_BK_GROUP_ID, T1.C_MAIN_REF, T1.C_TRX_REF, T1.C_UNIT_CODE, T1.PARENT_MAIN_REF, T1.C_TRX_STATUS, T1.CURRNT_STATUS, T1.C2A_STATUS, T1.I_EVENT_TIMES, T1.C_MODULE, T1.C_FUNC_ID, T1.C_PRODUCT_ID, T1.C_TRX_ID, T3.C_LOCKED_FLAG, T3.C_LOCKED_OP, T3.C_USER_DESC, T1.D_SYS_OP_DATE, T1.T_SYS_OP_TIME, T1.C2A_CCY, T1.C2A_AMOUNT, T1.C2A_COUNTERPARTY FROM CETRX.TRX_INBOX T1 LEFT JOIN CETRX.TRX_LOCK_INFO T3 ON T1.C_MAIN_REF = T3.C_MAIN_REF AND T1.C_UNIT_CODE = T3.C_UNIT_CODE WHERE   T1.C_BK_GROUP_ID = 'CSBANK'  AND (( T1.C_UNIT_CODE = 'C009313'  AND  T1.C_PRODUCT_ID IN ('FHS0YffwVNuA','P13101500000','P16062000000','P19080800000','P19080800001','P19080800002','P20030600000','epF3a6u4ZGAt') )) AND (T1.C_TRX_STATUS IN ('P', 'T', 'A', 'S', 'R') AND (T1.C_MODULE = 'IMLC' OR T1.C_MODULE = 'EXLC' OR T1.C_MODULE = 'FAEF' OR T1.C_MODULE = 'FADA' OR T1.C_MODULE = 'ABLF') AND T1.C2A_STATUS NOT IN ('Discrepancies rejected_fully authorized') OR T1.C_TRX_STATUS = 'M' AND (T1.C_MODULE = 'IMLC' AND T1.C2A_STATUS NOT IN ('Issued', 'Amended', 'Beneficiary rejected', 'Settled') OR T1.C_MODULE = 'EXCO' AND T1.CURRNT_STATUS NOT IN ('Payment Advice') OR T1.C_MODULE = 'EXLC' AND T1.CURRNT_STATUS NOT IN ('Settled', 'Advise Received', 'Amendment Received', 'Docment Received') OR T1.C_MODULE = 'FAEF' AND T1.CURRNT_STATUS NOT IN ('Settled', 'Advise Received') OR T1.C_MODULE = 'FADA' AND T1.CURRNT_STATUS NOT IN ('Settled', 'Advise Received') OR T1.C_MODULE = 'ABLF' AND T1.CURRNT_STATUS NOT IN ('Settled', 'Advise Received'))) AND T1.C_TRX_ID NOT IN (SELECT C_TRX_ID FROM CETRX.TRX_USER_DISMISS WHERE C_USER_ID = 'C009313MCM1' AND C_GRP_CODE = 'C009313') AND (T1.C_MODULE = 'IMLC' OR T1.C_MODULE = 'EXLC' OR T1.C_MODULE = 'FAEF' OR T1.C_MODULE = 'FADA' OR T1.C_MODULE = 'ABLF') ORDER BY T1.D_SYS_OP_DATE DESC, T1.T_SYS_OP_TIME DESC
---------------------- End 2026-06-24 10:49:35 909 ------------------------
 [end]

[start] [INFO] [2026-06-24 10:49:35.950] [C009313_C009313MCM1] 
---------------------Begin 2026-06-24 10:49:35 948    CREATE_BU:C009313    CREATE_BY:C009313MCM1 ---------------------
[01]  SELECT C_UNIT_CODE,C_UNIT_NAME FROM CEUSER.SEC_BUSINESS_UNIT WHERE C_UNIT_CODE = 'C009313' 
---------------------- End 2026-06-24 10:49:35 949 ------------------------
 [end]

[start] [INFO] [2026-06-24 10:49:35.959] [C009313_C009313MCM1] 
---------------------Begin 2026-06-24 10:49:35 958    CREATE_BU:C009313    CREATE_BY:C009313MCM1 ---------------------
[01]  SELECT C_CRITERIA_DATA,C_TMPL_NAME,C_IS_DEFAULT FROM CETRX.STD_SEARCH_CRITERIA  WHERE  C_UNIT_CODE = 'C009313'  AND  C_USER_ID = 'C009313MCM1'  AND  C_CATA_ID = 'C2A_InProgress_Both'  AND  C_BK_GROUP_ID = 'CSBANK'  AND  I_CRITERIA_TYPE = 4 
---------------------- End 2026-06-24 10:49:35 958 ------------------------
 [end]

[start] [INFO] [2026-06-24 11:15:23.700] [C009313_C009313MCM1] 
---------------------Begin 2026-06-24 11:15:23 694    CREATE_BU:C009313    CREATE_BY:C009313MCM1 ---------------------
[01]  DELETE FROM CEUSER.SEC_LOGIN_SESSION WHERE C_BK_GROUP_ID = 'CSBANK' AND C_USER_ID = 'C009313MCM1' AND C_UNIT_CODE = 'C009313' AND C_SESSION_ID = 'uwU334EEhY-QftwQH3on5bs' 
---------------------- End 2026-06-24 11:15:23 699 ------------------------
 [end]
