
[start] [DEBUG] [2026-06-24 10:49:33.085] [C009313_C009313MCM1] 
browserLanguage :en [end]

[start] [DEBUG] [2026-06-24 10:49:33.091] [C009313_C009313MCM1] 
acceptLanguage :en-US,en;q=0.9 [end]

[start] [DEBUG] [2026-06-24 10:49:33.092] [C009313_C009313MCM1] 
defaultLanguage :null [end]

[start] [DEBUG] [2026-06-24 10:49:33.096] [C009313_C009313MCM1] 
====request content is: 
    Request Type: Temp
Component : DBHelper
Session Context is: 
com.cs.core.utility.SessionContext@ff84769c
Request Info Type : com.cs.core.dao.exec.SQLDao
Request Info Content is: 
[01]DELETE FROM CEUSER.SEC_LOGIN_SESSION WHERE C_USER_ID = 'C009313MCM1' AND C_UNIT_CODE = 'C009313' AND C_BK_GROUP_ID = 'CSBANK' AND C_SESSION_ID = 'uwU334EEhY-QftwQH3on5bs' 
[02]UPDATE CEUSER.SEC_LOGIN_SESSION SET C_IS_INFORM = 'T' WHERE C_USER_ID = 'C009313MCM1' AND C_UNIT_CODE = 'C009313' AND C_BK_GROUP_ID = 'CSBANK' 
[03]INSERT INTO CEUSER.SEC_LOGIN_SESSION (C_BK_GROUP_ID,C_UNIT_CODE,C_USER_ID,C_SESSION_ID,C_IS_INFORM) VALUES ('CSBANK','C009313','C009313MCM1','uwU334EEhY-QftwQH3on5bs','F')

 [end]

[start] [DEBUG] [2026-06-24 10:49:33.108] [C009313_C009313MCM1] 

------------------ Session ID : uwU334EEhY-QftwQH3on5bs --------------------

{SS_USER_INFO,userId(C_USER_ID)=C009313MCM1,
userDesc(C_USER_DESC)=C009313MCM1,
userType(I_USER_TYPE)=2,
multiLogin(I_MULTI_LOGIN)=true,
deftUnitCode(C_DFLT_UNIT_CODE)=C009313,
authLevel(I_AUTH_LEVEL)=1,
langVal(C_LANG_VAL)=null,
secType(I_SEC_TYPE)=-1,
tempProtect(C_TMPL_PROTECT)=F,
C_TIMEZONE_ID=null
C_UNIT_CODE=C009313
C_CNTY_CODE=US
C_LANG_NAME=null
C_CHANGE_PSW=F
C_LOGIN_RULE=null
C_AUTH_SET=null
C_PRIVATE_MAIL=rainie.chen@chinasystems.com
C_BK_GROUP_ID=CSBANK
}

{USER_NORMAL_LOGON,Y}

{C_USER_ID,C009313MCM1}

{SS_LOG_INFO,com.cs.core.pojo.buinfo.LogSessionInfo@85c37fe8}

{SS_CLIENT_INFO,ssoWay(SSO_WAY)=null
ip=10.3.1.81
loginURL=SYS_index.htm
no any attribute}

{SS_FAP_INFO,C009313=
<ci name=C009313>
    <pdt id = FHS0YffwVNuA    authlevel=1>
        <E3o1b6pUPjix/>
        <jnIqGfgOGyM4/>
        <vvdXYVdtu5PO/>
        <yPHXuSVapk8S/>
    </pdt>
    <pdt id = P13101500000    authlevel=1>
        <F05030700988/>
        <F05030700989/>
        <F05030700990/>
        <F05030700992/>
        <F05030700995/>
        <F05030700996/>
        <F05030700997/>
        <F05030700998/>
        <F05030701019/>
        <F05030701033/>
        <F05030701039/>
        <F05030701042/>
    </pdt>
    <pdt id = P16062000000    authlevel=1>
        <F05030701157/>
        <F05030701158/>
        <F05030701159/>
        <F05030701160/>
        <F05030701166/>
    </pdt>
    <pdt id = P19080800000    authlevel=1>
        <F05030701188/>
        <F05030701189/>
        <F05030701191/>
        <F05030701194/>
        <F05030701197/>
        <F05030701198/>
        <F05030701199/>
        <F05030701200/>
        <F05030701201/>
        <F05030701202/>
        <I1NJhPbpPpES/>
        <qSHCYUn96gNz/>
    </pdt>
    <pdt id = P19080800001    authlevel=1>
        <DfSHk2hIHu9d/>
        <F05030701091/>
        <F05030701203/>
        <F05030701206/>
        <F05030701207/>
        <F05030701208/>
        <F05030701210/>
        <F05030701212/>
        <F05030701213/>
        <F05030701214/>
        <F05030701216/>
        <Fsr5rNiaoOOv/>
        <RhjyIdDgmogc/>
        <YoCV1ozbR97y/>
        <clR0uTsZ0ppf/>
        <eY3rhG3DHWUg/>
        <hhxIhYm59FlX/>
        <lQCbD5Oy9DdC/>
        <mtTzVJ0ZKW1o/>
        <oSjl8ADUkzf1/>
        <pE4zoqzrtPMU/>
        <paOx9RzWfE7J/>
        <wBRcPvagnKpt/>
    </pdt>
    <pdt id = P19080800002    authlevel=1>
        <E1eKNgSp5mMA/>
        <F05030701218/>
        <F05030701219/>
        <F05030701220/>
        <F05030701222/>
        <Ivyj1dfdlHz8/>
        <bLA4AbFaEARt/>
        <xS38ls1GFYMx/>
    </pdt>
    <pdt id = P20030600000    authlevel=1>
        <F05030701223/>
        <F05030701225/>
    </pdt>
    <pdt id = epF3a6u4ZGAt    authlevel=1>
        <H41mNZC5cwS0/>
        <NRL143n3f1Fb/>
        <O9VURSxMR3jx/>
        <ObwHTXVfZqhv/>
        <OsGbB5jtlbFo/>
        <QrpePAvpju87/>
        <RYUNlokSJwnS/>
        <YLhR0dUYVujx/>
        <a3alzVbMdKai/>
        <i6NK4m6dOBhG/>
        <qSPGiZTjfIlh/>
        <tgFrsDBwNjju/>
        <zUFalu6tHCV2/>
    </pdt>
</ci>
}

{C_BUSINESS_UNIT,C009313}

{SS_GRP_INFO,unitCode(C_UNIT_CODE)=C009313,
unitName(C_UNIT_NAME)=C009313NM,
bkGrpId(C_BK_GROUP_ID)=CSBANK,
cntyCode(C_CNTY_CODE)=US,
subCnty(C_SUB_CNTY)=US,
bank(C_IS_BANK)=F,
secType(I_SEC_TYPE)=3
tempProtect(C_TMPL_PROTECT)=F,
C_LANG_NAME=null
I_UNIT_TYPE=1
C_HAVE_AUTH=T
C_LANG_VAL=null
C_BANK_UNIT=null
C_BANK_CODE=null
dualCtrl(C_DUAL_CTRL)=T,
custFmt=decFormat(C_DEC_FORMAT)=.,
intFormat(C_INT_FORMAT)=,,
intFmtLen(I_INT_FMT_LEN)=3,
dateFormat(C_DATE_FORM)=yyyy-mm-dd,
,
}

{isFirstChangeMail,false}

{GLOBAL_REFRESH_TOKEN,1782283773041}

{CSRFKEY,[I@6fb4db08}

{inActiveComps,[]}

{SS_TREE_ARRAY,[[Ljava.lang.String;@422adcb4}

{CSRFTOKEN,8A8284979EF7FFC3019EF864246E0147}
 [end]

[start] [DEBUG] [2026-06-24 10:49:33.110] [C009313_C009313MCM1] 
====request content is: 
    Request Type: Temp
Component : DBHelper
Session Context is: 
com.cs.core.utility.SessionContext@ff84769c
Request Info Type : com.cs.core.dao.exec.SQLDao
Request Info Content is: 
[01]INSERT INTO CETRX.TRX_ACT_LOG (C_LOG_ID,C_BK_GROUP_ID,C_CNTY_CODE,C_GRP_CODE,C_UNIT_CODE,C_USER_ID,C_IP_ADDRESS,C_FUNC_ID,D_CREA_DATE,T_CREA_TIME,D_SYS_OP_DATE,T_SYS_OP_TIME,D_SYS_TRT_DATE,T_SYS_TRT_TIME,C_BUSI_KEY) VALUES ('8A8284979EF7FFC3019EF86424B50148','CSBANK','US','C009313','C009313','C009313MCM1','10.3.1.81','Login','2026-06-24','06:49:33','2026-06-24','06:49:33','2026-06-24','06:49:33','C009313;C009313MCM1')

 [end]

[start] [DEBUG] [2026-06-24 10:49:33.258] [C009313_C009313MCM1] 
The request URI is : /BL6CEWeb/servlets/CELoginAuthorizationManager [end]

[start] [DEBUG] [2026-06-24 10:49:33.259] [C009313_C009313MCM1] 
The URI is :/BL6CEWeb/servlets/CELoginAuthorizationManager [end]

[start] [DEBUG] [2026-06-24 10:49:33.260] [C009313_C009313MCM1] 
The session refresh token in session is : null [end]

[start] [DEBUG] [2026-06-24 10:49:33.553] [C009313_C009313MCM1] 
The request URI is : /BL6CEWeb/SYS_JS/SYS_ErrHandle.js [end]

[start] [DEBUG] [2026-06-24 10:49:33.555] [C009313_C009313MCM1] 
The URI is :/BL6CEWeb/SYS_JS/SYS_ErrHandle.js [end]

[start] [DEBUG] [2026-06-24 10:49:33.556] [C009313_C009313MCM1] 
The session refresh token in session is : null [end]

[start] [DEBUG] [2026-06-24 10:49:33.721] [C009313_C009313MCM1] 
The request URI is : /BL6CEWeb/servlets/WSTrxManager [end]

[start] [DEBUG] [2026-06-24 10:49:33.723] [C009313_C009313MCM1] 
The URI is :/BL6CEWeb/servlets/WSTrxManager [end]

[start] [DEBUG] [2026-06-24 10:49:33.726] [C009313_C009313MCM1] 
The session refresh token in session is : null [end]

[start] [DEBUG] [2026-06-24 10:49:33.729] [C009313_C009313MCM1] 
====request content is: 
    Request Type: Temp
Component : DBHelper
Session Context is: 
com.cs.core.utility.SessionContext@5a29a4c1
Request Info Type : com.cs.core.dao.exec.SQLDao
Request Info Content is: 
[01]SELECT C_INACTIVE FROM CEUSER.SEC_USER_INFO WHERE C_USER_ID = 'C009313MCM1' AND C_UNIT_CODE = 'C009313' 

 [end]

[start] [DEBUG] [2026-06-24 10:49:33.733] [C009313_C009313MCM1] 
====request content is: 
    Request Type: Temp
Component : DBHelper
Session Context is: 
com.cs.core.utility.SessionContext@5a29a4c1
Request Info Type : com.cs.core.dao.exec.SQLDao
Request Info Content is: 
[01]SELECT C_IS_INFORM FROM CEUSER.SEC_LOGIN_SESSION WHERE C_SESSION_ID = 'uwU334EEhY-QftwQH3on5bs' 

 [end]

[start] [DEBUG] [2026-06-24 10:49:33.737] [C009313_C009313MCM1] 

------------------ Session ID : uwU334EEhY-QftwQH3on5bs --------------------

{com.ibm.websphere.servlet.uri_non_decoded,/BL6CEWeb/servlets/WSTrxManager}

{CHECKED_REFRESH,T}

{JSESSIONID,}

{javax.servlet.forward.query_string, 
CSRFTOKEN=J8A82Gs8B4n979EfF7FFQC3PeB01Rf9yErF8I6zKGc4vqRz2XrU46E01st4L79sm
_TRX_STATUS=SESSION_LIFE_CYCLE
MOTION_TYPE=INIT
REFRESH_TOKEN=1
AjaxPost=T
}
 [end]

[start] [DEBUG] [2026-06-24 10:49:33.783] [C009313_C009313MCM1] 
The request URI is : /BL6CEWeb/SPA/assets/app.config.json [end]

[start] [DEBUG] [2026-06-24 10:49:33.784] [C009313_C009313MCM1] 
The URI is :/BL6CEWeb/SPA/assets/app.config.json [end]

[start] [DEBUG] [2026-06-24 10:49:33.785] [C009313_C009313MCM1] 
The session refresh token in session is : null [end]

[start] [DEBUG] [2026-06-24 10:49:33.875] [C009313_C009313MCM1] 
====request content is: 
    Request Type: Temp
Component : DBHelper
Session Context is: 
com.cs.core.utility.SessionContext@7e800eb9
Request Info Type : com.cs.core.dao.exec.SQLDao
Request Info Content is: 
[01]SELECT C_INACTIVE FROM CEUSER.SEC_USER_INFO WHERE C_USER_ID = 'C009313MCM1' AND C_UNIT_CODE = 'C009313' 

 [end]

[start] [DEBUG] [2026-06-24 10:49:33.878] [C009313_C009313MCM1] 
The request URI is : /BL6CEWeb/v1/openapi/mlg/component [end]

[start] [DEBUG] [2026-06-24 10:49:33.879] [C009313_C009313MCM1] 
The URI is :/BL6CEWeb/v1/openapi/mlg/component [end]

[start] [DEBUG] [2026-06-24 10:49:33.879] [C009313_C009313MCM1] 
The session refresh token in session is : null [end]

[start] [DEBUG] [2026-06-24 10:49:34.035] [C009313_C009313MCM1] 
====request content is: 
    Request Type: Temp
Component : DBHelper
Session Context is: 
com.cs.core.utility.SessionContext@b42cbb50
Request Info Type : com.cs.core.dao.exec.SQLDao
Request Info Content is: 
[01]SELECT C_INACTIVE FROM CEUSER.SEC_USER_INFO WHERE C_USER_ID = 'C009313MCM1' AND C_UNIT_CODE = 'C009313' 

 [end]

[start] [DEBUG] [2026-06-24 10:49:34.039] [C009313_C009313MCM1] 
The request URI is : /BL6CEWeb/v1/openapi/notice/item/count [end]

[start] [DEBUG] [2026-06-24 10:49:34.040] [C009313_C009313MCM1] 
The URI is :/BL6CEWeb/v1/openapi/notice/item/count [end]

[start] [DEBUG] [2026-06-24 10:49:34.041] [C009313_C009313MCM1] 
The session refresh token in session is : null [end]

[start] [DEBUG] [2026-06-24 10:49:34.042] [C009313_C009313MCM1] 
====request content is: 
    Request Type: Temp
Component : DBHelper
Session Context is: 
com.cs.core.utility.SessionContext@43d64d45
Request Info Type : com.cs.core.dao.exec.SQLDao
Request Info Content is: 
[01]SELECT C_INACTIVE FROM CEUSER.SEC_USER_INFO WHERE C_USER_ID = 'C009313MCM1' AND C_UNIT_CODE = 'C009313' 

 [end]

[start] [DEBUG] [2026-06-24 10:49:34.046] [C009313_C009313MCM1] 
The request URI is : /BL6CEWeb/v1/openapi/services [end]

[start] [DEBUG] [2026-06-24 10:49:34.047] [C009313_C009313MCM1] 
====request content is: 
    Request Type: Temp
Component : DBHelper
Session Context is: 
com.cs.core.utility.SessionContext@b42cbb50
Request Info Type : com.cs.core.dao.exec.SQLDao
Request Info Content is: 
[01]SELECT COUNT(*) AS RECCOUNT FROM CETRX.STD_NOTIFICATION  WHERE C_NOTI_ID IN ( SELECT C_NOTI_ID FROM CETRX.STD_NOTIFICATION_STATUS  WHERE  C_READ_STATUS = 'F'  AND  C_USER_ID = 'C009313MCM1'  AND  C_UNIT_CODE = 'C009313'  )

 [end]

[start] [DEBUG] [2026-06-24 10:49:34.048] [C009313_C009313MCM1] 
The URI is :/BL6CEWeb/v1/openapi/services [end]

[start] [DEBUG] [2026-06-24 10:49:34.049] [C009313_C009313MCM1] 
The session refresh token in session is : null [end]

[start] [DEBUG] [2026-06-24 10:49:34.055] [C009313_C009313MCM1] 
====request content is: 
    Request Type: Temp
Component : DBHelper
Session Context is: 
com.cs.core.utility.SessionContext@43d64d45
Request Info Type : com.cs.core.dao.exec.SQLDao
Request Info Content is: 
[01]SELECT C_FUNC_ID,T_OP_TIME FROM CETRX.TRX_FAVOR_FUNC  WHERE  C_UNIT_CODE = 'C009313'  AND  C_USER_ID = 'C009313MCM1'  ORDER BY  T_OP_TIME DESC 

 [end]

[start] [DEBUG] [2026-06-24 10:49:34.057] [C009313_C009313MCM1] 
====request content is: 
    Request Type: Temp
Component : DBHelper
Session Context is: 
com.cs.core.utility.SessionContext@bc9096b1
Request Info Type : com.cs.core.dao.exec.SQLDao
Request Info Content is: 
[01]SELECT C_INACTIVE FROM CEUSER.SEC_USER_INFO WHERE C_USER_ID = 'C009313MCM1' AND C_UNIT_CODE = 'C009313' 

 [end]

[start] [DEBUG] [2026-06-24 10:49:34.061] [C009313_C009313MCM1] 
The request URI is : /BL6CEWeb/v1/openapi/user/roles [end]

[start] [DEBUG] [2026-06-24 10:49:34.062] [C009313_C009313MCM1] 
The URI is :/BL6CEWeb/v1/openapi/user/roles [end]

[start] [DEBUG] [2026-06-24 10:49:34.064] [C009313_C009313MCM1] 
The session refresh token in session is : null [end]

[start] [DEBUG] [2026-06-24 10:49:34.066] [C009313_C009313MCM1] 
====request content is: 
    Request Type: Temp
Component : DBHelper
Session Context is: 
com.cs.core.utility.SessionContext@5574c01e
Request Info Type : com.cs.core.dao.exec.SQLDao
Request Info Content is: 
[01]SELECT C_INACTIVE FROM CEUSER.SEC_USER_INFO WHERE C_USER_ID = 'C009313MCM1' AND C_UNIT_CODE = 'C009313' 

 [end]

[start] [DEBUG] [2026-06-24 10:49:34.070] [C009313_C009313MCM1] 
The request URI is : /BL6CEWeb/v1/openapi/user/fap/action [end]

[start] [DEBUG] [2026-06-24 10:49:34.071] [C009313_C009313MCM1] 
The URI is :/BL6CEWeb/v1/openapi/user/fap/action [end]

[start] [DEBUG] [2026-06-24 10:49:34.072] [C009313_C009313MCM1] 
The session refresh token in session is : null [end]

[start] [DEBUG] [2026-06-24 10:49:34.075] [C009313_C009313MCM1] 
====request content is: 
    Request Type: Temp
Component : DBHelper
Session Context is: 
com.cs.core.utility.SessionContext@5574c01e
Request Info Type : com.cs.core.dao.exec.SQLDao
Request Info Content is: 
[01]SELECT * FROM CEUSER.SEC_BUSINESS_UNIT WHERE C_UNIT_CODE = 'C009313' 

 [end]

[start] [DEBUG] [2026-06-24 10:49:34.175] [C009313_C009313MCM1] 
====request content is: 
    Request Type: Temp
Component : DBHelper
Session Context is: 
com.cs.core.utility.SessionContext@5574c01e
Request Info Type : com.cs.core.dao.exec.SQLDao
Request Info Content is: 
[01]SELECT C_AUTH_RULE FROM CEUSER.SEC_USER_INFO WHERE C_BK_GROUP_ID = 'CSBANK' AND C_UNIT_CODE = 'C009313' AND C_USER_ID = 'C009313MCM1' 

 [end]

[start] [DEBUG] [2026-06-24 10:49:34.178] [C009313_C009313MCM1] 
====request content is: 
    Request Type: Temp
Component : DBHelper
Session Context is: 
com.cs.core.utility.SessionContext@5574c01e
Request Info Type : com.cs.core.dao.exec.SQLDao
Request Info Content is: 
[01]SELECT C_AUTH_RULE FROM CEUSER.SEC_BUSINESS_UNIT WHERE C_BK_GROUP_ID = 'CSBANK' AND C_UNIT_CODE = 'C009313' 

 [end]

[start] [DEBUG] [2026-06-24 10:49:34.184] [C009313_C009313MCM1] 
====request content is: 
    Request Type: Temp
Component : DBHelper
Session Context is: 
com.cs.core.utility.SessionContext@1aa0cd7e
Request Info Type : com.cs.core.dao.exec.SQLDao
Request Info Content is: 
[01]SELECT C_INACTIVE FROM CEUSER.SEC_USER_INFO WHERE C_USER_ID = 'C009313MCM1' AND C_UNIT_CODE = 'C009313' 

 [end]

[start] [DEBUG] [2026-06-24 10:49:34.187] [C009313_C009313MCM1] 
The request URI is : /BL6CEWeb/v1/openapi/notification/bell [end]

[start] [DEBUG] [2026-06-24 10:49:34.188] [C009313_C009313MCM1] 
The URI is :/BL6CEWeb/v1/openapi/notification/bell [end]

[start] [DEBUG] [2026-06-24 10:49:34.189] [C009313_C009313MCM1] 
The session refresh token in session is : null [end]

[start] [DEBUG] [2026-06-24 10:49:34.192] [C009313_C009313MCM1] 
====request content is: 
    Request Type: Temp
Component : DBHelper
Session Context is: 
com.cs.core.utility.SessionContext@7b0e6ff0
Request Info Type : com.cs.core.dao.exec.SQLDao
Request Info Content is: 
[01]SELECT C_INACTIVE FROM CEUSER.SEC_USER_INFO WHERE C_USER_ID = 'C009313MCM1' AND C_UNIT_CODE = 'C009313' 

 [end]

[start] [DEBUG] [2026-06-24 10:49:34.196] [C009313_C009313MCM1] 
The request URI is : /BL6CEWeb/v1/openapi/widget/page/load [end]

[start] [DEBUG] [2026-06-24 10:49:34.197] [C009313_C009313MCM1] 
The URI is :/BL6CEWeb/v1/openapi/widget/page/load [end]

[start] [DEBUG] [2026-06-24 10:49:34.198] [C009313_C009313MCM1] 
The session refresh token in session is : null [end]

[start] [DEBUG] [2026-06-24 10:49:34.199] [C009313_C009313MCM1] 
====request content is: 
    Request Type: Temp
Component : DBHelper
Session Context is: 
com.cs.core.utility.SessionContext@b7e249b9
Request Info Type : com.cs.core.dao.exec.SQLDao
Request Info Content is: 
[01]SELECT C_INACTIVE FROM CEUSER.SEC_USER_INFO WHERE C_USER_ID = 'C009313MCM1' AND C_UNIT_CODE = 'C009313' 

 [end]

[start] [DEBUG] [2026-06-24 10:49:34.202] [C009313_C009313MCM1] 
The request URI is : /BL6CEWeb/v1/openapi/widget/list [end]

[start] [DEBUG] [2026-06-24 10:49:34.203] [C009313_C009313MCM1] 
The URI is :/BL6CEWeb/v1/openapi/widget/list [end]

[start] [DEBUG] [2026-06-24 10:49:34.203] [C009313_C009313MCM1] 
====request content is: 
    Request Type: Temp
Component : DBHelper
Session Context is: 
com.cs.core.utility.SessionContext@7b0e6ff0
Request Info Type : com.cs.core.dao.exec.SQLDao
Request Info Content is: 
[01]SELECT DISTINCT C_WIDGET_NAME FROM CEUSER.SEC_WIDGETS_V2_LIST  WHERE  C_IS_ACTIVE = 'Y'  AND  C_ROLE_NAME IN ('MAKER','CHECKER')  ORDER BY  C_WIDGET_NAME 

 [end]

[start] [DEBUG] [2026-06-24 10:49:34.204] [C009313_C009313MCM1] 
The session refresh token in session is : null [end]

[start] [DEBUG] [2026-06-24 10:49:34.208] [C009313_C009313MCM1] 
====request content is: 
    Request Type: Temp
Component : DBHelper
Session Context is: 
com.cs.core.utility.SessionContext@b7e249b9
Request Info Type : com.cs.core.dao.exec.SQLDao
Request Info Content is: 
[01]SELECT DISTINCT C_WIDGET_NAME FROM CEUSER.SEC_WIDGETS_V2_LIST  WHERE  C_IS_ACTIVE = 'Y'  AND  C_ROLE_NAME IN ('MAKER','CHECKER')  ORDER BY  C_WIDGET_NAME 

 [end]

[start] [DEBUG] [2026-06-24 10:49:34.208] [C009313_C009313MCM1] 
====request content is: 
    Request Type: Temp
Component : DBHelper
Session Context is: 
com.cs.core.utility.SessionContext@7b0e6ff0
Request Info Type : com.cs.core.dao.exec.SQLDao
Request Info Content is: 
[01]SELECT TAB.C_TAB_ID,TAB.C_TAB_NAME,TAB.I_TAB_SEQUENCE FROM CEUSER.SEC_WIDGETS_V2_TABS TAB LEFT JOIN CEUSER.SEC_WIDGETS_V2_LAYOUT LYT ON (TAB.C_TAB_ID = LYT.C_TAB_ID AND  TAB.C_UNIT_CODE = LYT.C_UNIT_CODE AND TAB.C_USER_ID = LYT.C_USER_ID )    WHERE  TAB.C_UNIT_CODE = 'C009313'  AND  TAB.C_USER_ID = 'C009313MCM1'  AND  LYT.C_PAGE_NAME = 'default'  ORDER BY  TAB.I_TAB_SEQUENCE ASC 

 [end]

[start] [DEBUG] [2026-06-24 10:49:34.212] [C009313_C009313MCM1] 
Start to check whether user role is changed. [end]

[start] [DEBUG] [2026-06-24 10:49:34.259] [C009313_C009313MCM1] 
====request content is: 
    Request Type: Temp
Component : DBHelper
Session Context is: 
com.cs.core.utility.SessionContext@7b0e6ff0
Request Info Type : com.cs.core.dao.exec.SQLDao
Request Info Content is: 
[01]SELECT C_LAYOUT_INFO FROM CEUSER.SEC_WIDGETS_V2_LAYOUT  WHERE  C_UNIT_CODE = 'C009313'  AND  C_USER_ID = 'C009313MCM1'  AND  C_PAGE_NAME = 'default' 

 [end]

[start] [DEBUG] [2026-06-24 10:49:34.274] [C009313_C009313MCM1] 
Check whether user role is changed end. Result is: false [end]

[start] [DEBUG] [2026-06-24 10:49:34.276] [C009313_C009313MCM1] 
====request content is: 
    Request Type: Temp
Component : DBHelper
Session Context is: 
com.cs.core.utility.SessionContext@7b0e6ff0
Request Info Type : com.cs.core.dao.exec.SQLDao
Request Info Content is: 
[01]SELECT TAB.C_TAB_ID,TAB.C_TAB_NAME,TAB.I_TAB_SEQUENCE,LYT.C_LAYOUT_INFO FROM CEUSER.SEC_WIDGETS_V2_TABS TAB LEFT JOIN CEUSER.SEC_WIDGETS_V2_LAYOUT LYT ON (TAB.C_TAB_ID = LYT.C_TAB_ID AND  TAB.C_UNIT_CODE = LYT.C_UNIT_CODE AND TAB.C_USER_ID = LYT.C_USER_ID )    WHERE  TAB.C_UNIT_CODE = 'C009313'  AND  TAB.C_USER_ID = 'C009313MCM1'  AND  LYT.C_PAGE_NAME = 'default'  ORDER BY  TAB.I_TAB_SEQUENCE ASC 

 [end]

[start] [DEBUG] [2026-06-24 10:49:34.284] [C009313_C009313MCM1] 
====request content is: 
    Request Type: Temp
Component : DBHelper
Session Context is: 
com.cs.core.utility.SessionContext@7b0e6ff0
Request Info Type : com.cs.core.dao.exec.SQLDao
Request Info Content is: 
[01]SELECT C_INST_CONFIG FROM CEUSER.SEC_WIDGETS_V2_INST_CONFIG  WHERE  C_INST_ID = '8A8284979EDE6729019EDE6D6480003A'  AND  C_UNIT_CODE = 'C009313'  AND  C_USER_ID = 'C009313MCM1' 

 [end]

[start] [DEBUG] [2026-06-24 10:49:34.289] [C009313_C009313MCM1] 
====request content is: 
    Request Type: Temp
Component : DBHelper
Session Context is: 
com.cs.core.utility.SessionContext@7b0e6ff0
Request Info Type : com.cs.core.dao.exec.SQLDao
Request Info Content is: 
[01]SELECT C_INST_CONFIG FROM CEUSER.SEC_WIDGETS_V2_INST_CONFIG  WHERE  C_INST_ID = '8A8284979EDE6729019EDE6D6480003A'  AND  C_UNIT_CODE = 'C009313'  AND  C_USER_ID = 'C009313MCM1' 

 [end]

[start] [DEBUG] [2026-06-24 10:49:34.295] [C009313_C009313MCM1] 
====request content is: 
    Request Type: Temp
Component : DBHelper
Session Context is: 
com.cs.core.utility.SessionContext@7b0e6ff0
Request Info Type : com.cs.core.dao.exec.SQLDao
Request Info Content is: 
[01]SELECT C_INST_CONFIG FROM CEUSER.SEC_WIDGETS_V2_INST_CONFIG  WHERE  C_INST_ID = '8A8284979EDE6729019EDE6D64BD003D'  AND  C_UNIT_CODE = 'C009313'  AND  C_USER_ID = 'C009313MCM1' 

 [end]

[start] [DEBUG] [2026-06-24 10:49:34.300] [C009313_C009313MCM1] 
====request content is: 
    Request Type: Temp
Component : DBHelper
Session Context is: 
com.cs.core.utility.SessionContext@7b0e6ff0
Request Info Type : com.cs.core.dao.exec.SQLDao
Request Info Content is: 
[01]SELECT C_INST_CONFIG FROM CEUSER.SEC_WIDGETS_V2_INST_CONFIG  WHERE  C_INST_ID = '8A8284979EDE6729019EDE6D64BD003D'  AND  C_UNIT_CODE = 'C009313'  AND  C_USER_ID = 'C009313MCM1' 

 [end]

[start] [DEBUG] [2026-06-24 10:49:34.307] [C009313_C009313MCM1] 
====request content is: 
    Request Type: Temp
Component : DBHelper
Session Context is: 
com.cs.core.utility.SessionContext@7b0e6ff0
Request Info Type : com.cs.core.dao.exec.SQLDao
Request Info Content is: 
[01]SELECT C_INST_CONFIG FROM CEUSER.SEC_WIDGETS_V2_INST_CONFIG  WHERE  C_INST_ID = '8A8284979EDE6729019EDE6D6490003B'  AND  C_UNIT_CODE = 'C009313'  AND  C_USER_ID = 'C009313MCM1' 

 [end]

[start] [DEBUG] [2026-06-24 10:49:34.311] [C009313_C009313MCM1] 
====request content is: 
    Request Type: Temp
Component : DBHelper
Session Context is: 
com.cs.core.utility.SessionContext@7b0e6ff0
Request Info Type : com.cs.core.dao.exec.SQLDao
Request Info Content is: 
[01]SELECT C_INST_CONFIG FROM CEUSER.SEC_WIDGETS_V2_INST_CONFIG  WHERE  C_INST_ID = '8A8284979EDE6729019EDE6D6490003B'  AND  C_UNIT_CODE = 'C009313'  AND  C_USER_ID = 'C009313MCM1' 

 [end]

[start] [DEBUG] [2026-06-24 10:49:34.316] [C009313_C009313MCM1] 
====request content is: 
    Request Type: Temp
Component : DBHelper
Session Context is: 
com.cs.core.utility.SessionContext@7b0e6ff0
Request Info Type : com.cs.core.dao.exec.SQLDao
Request Info Content is: 
[01]SELECT C_INST_CONFIG FROM CEUSER.SEC_WIDGETS_V2_INST_CONFIG  WHERE  C_INST_ID = '8A8284979EDE6729019EDE6D64E4003E'  AND  C_UNIT_CODE = 'C009313'  AND  C_USER_ID = 'C009313MCM1' 

 [end]

[start] [DEBUG] [2026-06-24 10:49:34.321] [C009313_C009313MCM1] 
====request content is: 
    Request Type: Temp
Component : DBHelper
Session Context is: 
com.cs.core.utility.SessionContext@7b0e6ff0
Request Info Type : com.cs.core.dao.exec.SQLDao
Request Info Content is: 
[01]SELECT C_INST_CONFIG FROM CEUSER.SEC_WIDGETS_V2_INST_CONFIG  WHERE  C_INST_ID = '8A8284979EDE6729019EDE6D64E4003E'  AND  C_UNIT_CODE = 'C009313'  AND  C_USER_ID = 'C009313MCM1' 

 [end]

[start] [DEBUG] [2026-06-24 10:49:34.327] [C009313_C009313MCM1] 
====request content is: 
    Request Type: Temp
Component : DBHelper
Session Context is: 
com.cs.core.utility.SessionContext@7b0e6ff0
Request Info Type : com.cs.core.dao.exec.SQLDao
Request Info Content is: 
[01]SELECT C_INST_CONFIG FROM CEUSER.SEC_WIDGETS_V2_INST_CONFIG  WHERE  C_INST_ID = '8A8284979EDE6729019EDE6D64AD003C'  AND  C_UNIT_CODE = 'C009313'  AND  C_USER_ID = 'C009313MCM1' 

 [end]

[start] [DEBUG] [2026-06-24 10:49:34.332] [C009313_C009313MCM1] 
====request content is: 
    Request Type: Temp
Component : DBHelper
Session Context is: 
com.cs.core.utility.SessionContext@7b0e6ff0
Request Info Type : com.cs.core.dao.exec.SQLDao
Request Info Content is: 
[01]SELECT C_INST_CONFIG FROM CEUSER.SEC_WIDGETS_V2_INST_CONFIG  WHERE  C_INST_ID = '8A8284979EDE6729019EDE6D64AD003C'  AND  C_UNIT_CODE = 'C009313'  AND  C_USER_ID = 'C009313MCM1' 

 [end]

[start] [DEBUG] [2026-06-24 10:49:34.500] [C009313_C009313MCM1] 
====request content is: 
    Request Type: Temp
Component : DBHelper
Session Context is: 
com.cs.core.utility.SessionContext@ecc3b1b0
Request Info Type : com.cs.core.dao.exec.SQLDao
Request Info Content is: 
[01]SELECT C_INACTIVE FROM CEUSER.SEC_USER_INFO WHERE C_USER_ID = 'C009313MCM1' AND C_UNIT_CODE = 'C009313' 

 [end]

[start] [DEBUG] [2026-06-24 10:49:34.503] [C009313_C009313MCM1] 
The request URI is : /BL6CEWeb/v1/openapi/user/roles [end]

[start] [DEBUG] [2026-06-24 10:49:34.504] [C009313_C009313MCM1] 
The URI is :/BL6CEWeb/v1/openapi/user/roles [end]

[start] [DEBUG] [2026-06-24 10:49:34.505] [C009313_C009313MCM1] 
The session refresh token in session is : null [end]

[start] [DEBUG] [2026-06-24 10:49:34.509] [C009313_C009313MCM1] 
====request content is: 
    Request Type: Temp
Component : DBHelper
Session Context is: 
com.cs.core.utility.SessionContext@8f2d2a15
Request Info Type : com.cs.core.dao.exec.SQLDao
Request Info Content is: 
[01]SELECT C_INACTIVE FROM CEUSER.SEC_USER_INFO WHERE C_USER_ID = 'C009313MCM1' AND C_UNIT_CODE = 'C009313' 

 [end]

[start] [DEBUG] [2026-06-24 10:49:34.513] [C009313_C009313MCM1] 
The request URI is : /BL6CEWeb/v1/openapi/mainmenu [end]

[start] [DEBUG] [2026-06-24 10:49:34.514] [C009313_C009313MCM1] 
The URI is :/BL6CEWeb/v1/openapi/mainmenu [end]

[start] [DEBUG] [2026-06-24 10:49:34.515] [C009313_C009313MCM1] 
The session refresh token in session is : null [end]

[start] [DEBUG] [2026-06-24 10:49:34.516] [C009313_C009313MCM1] 
====request content is: 
    Request Type: Temp
Component : DBHelper
Session Context is: 
com.cs.core.utility.SessionContext@755e25e7
Request Info Type : com.cs.core.dao.exec.SQLDao
Request Info Content is: 
[01]SELECT C_INACTIVE FROM CEUSER.SEC_USER_INFO WHERE C_USER_ID = 'C009313MCM1' AND C_UNIT_CODE = 'C009313' 

 [end]

[start] [DEBUG] [2026-06-24 10:49:34.520] [C009313_C009313MCM1] 
====request content is: 
    Request Type: Temp
Component : DBHelper
Session Context is: 
com.cs.core.utility.SessionContext@7aa3d941
Request Info Type : com.cs.core.dao.exec.SQLDao
Request Info Content is: 
[01]SELECT C_INACTIVE FROM CEUSER.SEC_USER_INFO WHERE C_USER_ID = 'C009313MCM1' AND C_UNIT_CODE = 'C009313' 

 [end]

[start] [DEBUG] [2026-06-24 10:49:34.523] [C009313_C009313MCM1] 
The request URI is : /BL6CEWeb/v1/openapi/widget/recentfunctions/view [end]

[start] [DEBUG] [2026-06-24 10:49:34.524] [C009313_C009313MCM1] 
The request URI is : /BL6CEWeb/v1/openapi/widget/favourites/inquire [end]

[start] [DEBUG] [2026-06-24 10:49:34.524] [C009313_C009313MCM1] 
The URI is :/BL6CEWeb/v1/openapi/widget/recentfunctions/view [end]

[start] [DEBUG] [2026-06-24 10:49:34.527] [C009313_C009313MCM1] 
The session refresh token in session is : null [end]

[start] [DEBUG] [2026-06-24 10:49:34.532] [C009313_C009313MCM1] 
The URI is :/BL6CEWeb/v1/openapi/widget/favourites/inquire [end]

[start] [DEBUG] [2026-06-24 10:49:34.533] [C009313_C009313MCM1] 
The session refresh token in session is : null [end]

[start] [DEBUG] [2026-06-24 10:49:34.537] [C009313_C009313MCM1] 
====request content is: 
    Request Type: Temp
Component : DBHelper
Session Context is: 
com.cs.core.utility.SessionContext@755e25e7
Request Info Type : com.cs.core.dao.exec.SQLDao
Request Info Content is: 
[01]SELECT C_FUNC_ID,T_OP_TIME FROM CETRX.TRX_FAVOR_FUNC  WHERE  C_UNIT_CODE = 'C009313'  AND  C_USER_ID = 'C009313MCM1'  ORDER BY  T_OP_TIME DESC 

 [end]

[start] [DEBUG] [2026-06-24 10:49:34.544] [C009313_C009313MCM1] 
====request content is: 
    Request Type: Temp
Component : DBHelper
Session Context is: 
com.cs.core.utility.SessionContext@2f856fe
Request Info Type : com.cs.core.dao.exec.SQLDao
Request Info Content is: 
[01]SELECT C_INACTIVE FROM CEUSER.SEC_USER_INFO WHERE C_USER_ID = 'C009313MCM1' AND C_UNIT_CODE = 'C009313' 

 [end]

[start] [DEBUG] [2026-06-24 10:49:34.545] [C009313_C009313MCM1] 
====request content is: 
    Request Type: Temp
Component : DBHelper
Session Context is: 
com.cs.core.utility.SessionContext@7aa3d941
Request Info Type : com.cs.core.dao.exec.SQLDao
Request Info Content is: 
[01]SELECT C_IS_ACTIVE FROM CEUSER.SEC_WIDGETS_V2_LIST  WHERE  C_WIDGET_NAME = 'ShortcutMenu'  AND  C_ROLE_NAME IN ('MAKER','CHECKER') 

 [end]

[start] [DEBUG] [2026-06-24 10:49:34.548] [C009313_C009313MCM1] 
The request URI is : /BL6CEWeb/v1/openapi/ctaction/count [end]

[start] [DEBUG] [2026-06-24 10:49:34.549] [C009313_C009313MCM1] 
The URI is :/BL6CEWeb/v1/openapi/ctaction/count [end]

[start] [DEBUG] [2026-06-24 10:49:34.549] [C009313_C009313MCM1] 
====request content is: 
    Request Type: Temp
Component : DBHelper
Session Context is: 
com.cs.core.utility.SessionContext@7aa3d941
Request Info Type : com.cs.core.dao.exec.SQLDao
Request Info Content is: 
[01]SELECT C_FUNC_ID,C_MODULE FROM CETRX.TRX_ACT_LOG WHERE C_FUNC_ID IS NOT NULL AND C_UNIT_CODE = 'C009313' AND C_USER_ID = 'C009313MCM1' AND D_SYS_OP_DATE BETWEEN TO_DATE('2026-05-25','yyyy-MM-dd') AND TO_DATE('2026-06-24','yyyy-MM-dd') ORDER BY D_SYS_OP_DATE DESC,T_SYS_OP_TIME DESC

 [end]

[start] [DEBUG] [2026-06-24 10:49:34.550] [C009313_C009313MCM1] 
The session refresh token in session is : null [end]

[start] [DEBUG] [2026-06-24 10:49:34.554] [C009313_C009313MCM1] 
The Catalog Object SQL is :SELECT DISTINCT T1.C_BK_GROUP_ID, T1.C_MAIN_REF, T1.C_TRX_REF, T1.C_UNIT_CODE, T1.PARENT_MAIN_REF, T1.C_TRX_STATUS, T1.CURRNT_STATUS, T1.C2A_STATUS, T1.I_EVENT_TIMES, T1.C_MODULE, T1.C_FUNC_ID, T1.C_PRODUCT_ID, T1.C_TRX_ID, T3.C_LOCKED_FLAG, T3.C_LOCKED_OP, T3.C_USER_DESC, T1.D_SYS_OP_DATE, T1.T_SYS_OP_TIME, T1.C2A_CCY, T1.C2A_AMOUNT, T1.C2A_COUNTERPARTY FROM CETRX.TRX_INBOX T1 LEFT JOIN CETRX.TRX_NEXT_FUNC T2 ON T1.C_PRODUCT_ID = T2.C_PRODUCT_ID AND T1.C2A_STATUS = T2.C2A_STATUS AND T1.C_TRX_STATUS = T2.C_TRX_STATUS LEFT JOIN CETRX.TRX_LOCK_INFO T3 ON T1.C_MAIN_REF = T3.C_MAIN_REF AND T1.C_UNIT_CODE = T3.C_UNIT_CODE WHERE (T2.C_NEXT_FUNC_ID IN (SELECT C_FUNC_ID FROM CEUSER.SEC_OP_FUNC WHERE C_USER_ID = ? AND C_GRP_CODE = ? AND C_UNIT_CODE = T1.C_UNIT_CODE) OR T2.C_NEXT_FUNC_ID IN (SELECT C_FUNC_ID FROM CEUSER.SEC_OP_FUNC WHERE C_GRP_CODE = ? AND C_USER_ID IN (SELECT C_ROLE_ID FROM CEUSER.SEC_USER_ROLE WHERE C_USER_ID = ? AND C_GRP_CODE = ?) AND C_UNIT_CODE = T1.C_UNIT_CODE)) AND (T1.C_TRX_STATUS = 'R' OR T1.C2A_STATUS IN ('Rejected by bank', 'Discrepancy notification', 'Document received') AND T1.C_TRX_STATUS = 'M' OR T1.C2A_STATUS IN ('Amendment(Detrimental)_fully authorized', 'Document discrepancy_fully authorized') AND T1.C_TRX_STATUS = 'A') AND T1.C_TRX_ID NOT IN (SELECT C_TRX_ID FROM CETRX.TRX_USER_DISMISS WHERE C_USER_ID = ? AND C_GRP_CODE = ?) AND (T1.C_MODULE = 'IMLC' OR T1.C_MODULE = 'EXLC' OR T1.C_MODULE = 'FAEF' OR T1.C_MODULE = 'FADA' OR T1.C_MODULE = 'TSUM' OR T1.C_MODULE = 'ABLF' OR T1.C_MODULE = 'UPLD') ORDER BY T1.D_SYS_OP_DATE DESC, T1.T_SYS_OP_TIME DESC [end]

[start] [DEBUG] [2026-06-24 10:49:34.557] [C009313_C009313MCM1] 
====request content is: 
    Request Type: Temp
Component : DBHelper
Session Context is: 
com.cs.core.utility.SessionContext@2f856fe
Request Info Type : com.cs.core.dao.exec.SQLDao
Request Info Content is: 
[01]SELECT COUNT(*) FROM (SELECT DISTINCT T1.C_BK_GROUP_ID, T1.C_MAIN_REF, T1.C_TRX_REF, T1.C_UNIT_CODE, T1.PARENT_MAIN_REF, T1.C_TRX_STATUS, T1.CURRNT_STATUS, T1.C2A_STATUS, T1.I_EVENT_TIMES, T1.C_MODULE, T1.C_FUNC_ID, T1.C_PRODUCT_ID, T1.C_TRX_ID, T3.C_LOCKED_FLAG, T3.C_LOCKED_OP, T3.C_USER_DESC, T1.D_SYS_OP_DATE, T1.T_SYS_OP_TIME, T1.C2A_CCY, T1.C2A_AMOUNT, T1.C2A_COUNTERPARTY FROM CETRX.TRX_INBOX T1 LEFT JOIN CETRX.TRX_NEXT_FUNC T2 ON T1.C_PRODUCT_ID = T2.C_PRODUCT_ID AND T1.C2A_STATUS = T2.C2A_STATUS AND T1.C_TRX_STATUS = T2.C_TRX_STATUS LEFT JOIN CETRX.TRX_LOCK_INFO T3 ON T1.C_MAIN_REF = T3.C_MAIN_REF AND T1.C_UNIT_CODE = T3.C_UNIT_CODE WHERE   T1.C_BK_GROUP_ID = 'CSBANK'  AND (( T1.C_UNIT_CODE = 'C009313'  AND  T1.C_PRODUCT_ID IN ('FHS0YffwVNuA','P13101500000','P16062000000','P19080800000','P19080800001','P19080800002','P20030600000','epF3a6u4ZGAt') )) AND (T2.C_NEXT_FUNC_ID IN (SELECT C_FUNC_ID FROM CEUSER.SEC_OP_FUNC WHERE C_USER_ID = 'C009313MCM1' AND C_GRP_CODE = 'C009313' AND C_UNIT_CODE = T1.C_UNIT_CODE) OR T2.C_NEXT_FUNC_ID IN (SELECT C_FUNC_ID FROM CEUSER.SEC_OP_FUNC WHERE C_GRP_CODE = 'C009313' AND C_USER_ID IN (SELECT C_ROLE_ID FROM CEUSER.SEC_USER_ROLE WHERE C_USER_ID = 'C009313MCM1' AND C_GRP_CODE = 'C009313') AND C_UNIT_CODE = T1.C_UNIT_CODE)) AND (T1.C_TRX_STATUS = 'R' OR T1.C2A_STATUS IN ('Rejected by bank', 'Discrepancy notification', 'Document received') AND T1.C_TRX_STATUS = 'M' OR T1.C2A_STATUS IN ('Amendment(Detrimental)_fully authorized', 'Document discrepancy_fully authorized') AND T1.C_TRX_STATUS = 'A') AND T1.C_TRX_ID NOT IN (SELECT C_TRX_ID FROM CETRX.TRX_USER_DISMISS WHERE C_USER_ID = 'C009313MCM1' AND C_GRP_CODE = 'C009313') AND (T1.C_MODULE = 'IMLC' OR T1.C_MODULE = 'EXLC' OR T1.C_MODULE = 'FAEF' OR T1.C_MODULE = 'FADA' OR T1.C_MODULE = 'TSUM' OR T1.C_MODULE = 'ABLF' OR T1.C_MODULE = 'UPLD') ORDER BY T1.D_SYS_OP_DATE DESC, T1.T_SYS_OP_TIME DESC)

 [end]

[start] [DEBUG] [2026-06-24 10:49:34.571] [C009313_C009313MCM1] 
Action target is :F05030701228 [end]

[start] [DEBUG] [2026-06-24 10:49:34.572] [C009313_C009313MCM1] 
Action type is :function [end]

[start] [DEBUG] [2026-06-24 10:49:34.587] [C009313_C009313MCM1] 
Action target is :Party [end]

[start] [DEBUG] [2026-06-24 10:49:34.588] [C009313_C009313MCM1] 
Action type is :catalog [end]

[start] [DEBUG] [2026-06-24 10:49:34.591] [C009313_C009313MCM1] 
====request content is: 
    Request Type: Temp
Component : DBHelper
Session Context is: 
com.cs.core.utility.SessionContext@688fb15e
Request Info Type : com.cs.core.dao.exec.SQLDao
Request Info Content is: 
[01]SELECT C_INACTIVE FROM CEUSER.SEC_USER_INFO WHERE C_USER_ID = 'C009313MCM1' AND C_UNIT_CODE = 'C009313' 

 [end]

[start] [DEBUG] [2026-06-24 10:49:34.593] [C009313_C009313MCM1] 
Action target is :Clause [end]

[start] [DEBUG] [2026-06-24 10:49:34.595] [C009313_C009313MCM1] 
Action type is :catalog [end]

[start] [DEBUG] [2026-06-24 10:49:34.595] [C009313_C009313MCM1] 
The request URI is : /BL6CEWeb/v1/openapi/reports/list [end]

[start] [DEBUG] [2026-06-24 10:49:34.596] [C009313_C009313MCM1] 
The URI is :/BL6CEWeb/v1/openapi/reports/list [end]

[start] [DEBUG] [2026-06-24 10:49:34.597] [C009313_C009313MCM1] 
The session refresh token in session is : null [end]

[start] [DEBUG] [2026-06-24 10:49:34.602] [C009313_C009313MCM1] 
Access the endPoint '/reports/list'.
The request body is :{"data":{"type":"Pinned"}} [end]

[start] [DEBUG] [2026-06-24 10:49:34.603] [C009313_C009313MCM1] 
====request content is: 
    Request Type: Temp
Component : DBHelper
Session Context is: 
com.cs.core.utility.SessionContext@688fb15e
Request Info Type : com.cs.core.dao.exec.SQLDao
Request Info Content is: 
[01]SELECT A.C_REPORT_ID,A.C_GRP_CODE,A.C_USER_ID,A.T_PIN_DATE,B.C_SOURCE_REPORT,B.C_REPORT_NAME,B.T_UPDATE_DATE,C.C_USER_DESC FROM CETRX.TRX_USER_REPORT_PIN A LEFT JOIN CETRX.TRX_USER_REPORT B ON A.C_REPORT_ID = B.C_REPORT_ID  LEFT JOIN CEUSER.SEC_USER_INFO C ON A.C_GRP_CODE = C.C_UNIT_CODE AND A.C_USER_ID = C.C_USER_ID  WHERE  A.C_GRP_CODE = 'C009313'  AND  A.C_USER_ID = 'C009313MCM1'  ORDER BY B.T_UPDATE_DATE DESC

 [end]

[start] [DEBUG] [2026-06-24 10:49:34.632] [C009313_C009313MCM1] 
Action target is :AccountMaintain [end]

[start] [DEBUG] [2026-06-24 10:49:34.633] [C009313_C009313MCM1] 
Action type is :catalog [end]

[start] [DEBUG] [2026-06-24 10:49:34.642] [C009313_C009313MCM1] 
====request content is: 
    Request Type: Temp
Component : DBHelper
Session Context is: 
com.cs.core.utility.SessionContext@812f78b9
Request Info Type : com.cs.core.dao.exec.SQLDao
Request Info Content is: 
[01]SELECT C_INACTIVE FROM CEUSER.SEC_USER_INFO WHERE C_USER_ID = 'C009313MCM1' AND C_UNIT_CODE = 'C009313' 

 [end]

[start] [DEBUG] [2026-06-24 10:49:34.645] [C009313_C009313MCM1] 
The request URI is : /BL6CEWeb/v1/openapi/calendar-event/event-list [end]

[start] [DEBUG] [2026-06-24 10:49:34.646] [C009313_C009313MCM1] 
The URI is :/BL6CEWeb/v1/openapi/calendar-event/event-list [end]

[start] [DEBUG] [2026-06-24 10:49:34.647] [C009313_C009313MCM1] 
The session refresh token in session is : null [end]

[start] [ERROR] [2026-06-24 10:49:34.656] [C009313_C009313MCM1] 
{{W}}[000334]Access is not allowed. Please contact the product support team. [end]

[start] [ERROR] [2026-06-24 10:49:34.660] [C009313_C009313MCM1] 
{{W}}[000334]Access is not allowed. Please contact the product support team. [end]

[start] [ERROR] [2026-06-24 10:49:34.665] [C009313_C009313MCM1] 
{{W}}[000334]Access is not allowed. Please contact the product support team. [end]

[start] [DEBUG] [2026-06-24 10:49:34.669] [C009313_C009313MCM1] 
Action target is :EmailGroup [end]

[start] [DEBUG] [2026-06-24 10:49:34.670] [C009313_C009313MCM1] 
Action type is :catalog [end]

[start] [DEBUG] [2026-06-24 10:49:34.674] [C009313_C009313MCM1] 
Action target is :F05030701115 [end]

[start] [DEBUG] [2026-06-24 10:49:34.675] [C009313_C009313MCM1] 
Action type is :function [end]

[start] [DEBUG] [2026-06-24 10:49:34.677] [C009313_C009313MCM1] 
Action target is :Label [end]

[start] [DEBUG] [2026-06-24 10:49:34.678] [C009313_C009313MCM1] 
Action type is :catalog [end]

[start] [DEBUG] [2026-06-24 10:49:34.687] [C009313_C009313MCM1] 
====request content is: 
    Request Type: Temp
Component : DBHelper
Session Context is: 
com.cs.core.utility.SessionContext@812f78b9
Request Info Type : com.cs.core.dao.exec.SQLDao
Request Info Content is: 
[01]SELECT FA_DOC_DUE_DT AS GROUP_DATE, COUNT(*) AS ASCOUNT FROM (SELECT C_PRODUCT_ID, C_MAIN_REF, C_CUST_ID, C_TRX_REF, I_EVENT_TIMES, C_BK_GROUP_ID, C_UNIT_CODE, FA_SEL_NM, FA_BUYER_NM, FA_DOC_CCY, FA_DOC_AMT, AUTH_AMT, AUTH_CCY, PARENT_MAIN_REF, FA_DOC_DT, FA_DOC_DUE_DT, CURRNT_STATUS, C_TRX_STATUS, D_CREA_DATE, D_RELE_DATE, C_FUNC_ID, C_EVENT_NAME, C_EVENT_STATUS, C_NOW_EVENT, C_LOCKED_FLAG, C_LOCKED_OP, C_RELE_BY FROM CETRX.FAEF_EM_INV WHERE   C_BK_GROUP_ID = 'CSBANK'  AND (( C_UNIT_CODE = 'C009313'  AND  C_PRODUCT_ID = 'P19080800001' )) AND C_TRX_STATUS IN ('P', 'A', 'T', 'R', 'M') AND FA_DOC_DUE_DT >= TO_DATE('2026-01-01', 'YYYY-MM-DD') AND FA_DOC_DUE_DT <= TO_DATE('2026-12-31', 'YYYY-MM-DD') ) TEMP_TABLE GROUP BY FA_DOC_DUE_DT

 [end]

[start] [DEBUG] [2026-06-24 10:49:34.698] [C009313_C009313MCM1] 
====request content is: 
    Request Type: Temp
Component : DBHelper
Session Context is: 
com.cs.core.utility.SessionContext@cf347734
Request Info Type : com.cs.core.dao.exec.SQLDao
Request Info Content is: 
[01]SELECT C_INACTIVE FROM CEUSER.SEC_USER_INFO WHERE C_USER_ID = 'C009313MCM1' AND C_UNIT_CODE = 'C009313' 

 [end]

[start] [DEBUG] [2026-06-24 10:49:34.702] [C009313_C009313MCM1] 
The request URI is : /BL6CEWeb/v1/openapi/catalog/combo/meta [end]

[start] [DEBUG] [2026-06-24 10:49:34.703] [C009313_C009313MCM1] 
The URI is :/BL6CEWeb/v1/openapi/catalog/combo/meta [end]

[start] [DEBUG] [2026-06-24 10:49:34.704] [C009313_C009313MCM1] 
The session refresh token in session is : null [end]

[start] [DEBUG] [2026-06-24 10:49:34.710] [C009313_C009313MCM1] 
====request content is: 
    Request Type: Temp
Component : DBHelper
Session Context is: 
com.cs.core.utility.SessionContext@cf347734
Request Info Type : com.cs.core.dao.exec.SQLDao
Request Info Content is: 
[01]SELECT C_CRITERIA_DATA,C_TMPL_NAME,C_IS_DEFAULT FROM CETRX.STD_SEARCH_CRITERIA  WHERE  C_UNIT_CODE = 'C009313'  AND  C_USER_ID = 'C009313MCM1'  AND  C_CATA_ID = 'C2A_PendingApproval'  AND  C_BK_GROUP_ID = 'CSBANK'  AND  I_CRITERIA_TYPE = 4 

 [end]

[start] [DEBUG] [2026-06-24 10:49:34.713] [C009313_C009313MCM1] 
The option type "distinctRecord" is only used to show the dropdown list not for format [end]

[start] [ERROR] [2026-06-24 10:49:34.750] [C009313_C009313MCM1] 
Can not find product ID  in parameter products.xml [end]

[start] [ERROR] [2026-06-24 10:49:34.751] [C009313_C009313MCM1] 
Can not find product ID  in parameter products.xml [end]

[start] [ERROR] [2026-06-24 10:49:34.752] [C009313_C009313MCM1] 
Can not find product ID  in parameter products.xml [end]

[start] [ERROR] [2026-06-24 10:49:34.754] [C009313_C009313MCM1] 
Can not find product ID  in parameter products.xml [end]

[start] [ERROR] [2026-06-24 10:49:34.755] [C009313_C009313MCM1] 
Can not find product ID  in parameter products.xml [end]

[start] [ERROR] [2026-06-24 10:49:34.756] [C009313_C009313MCM1] 
Can not find product ID  in parameter products.xml [end]

[start] [ERROR] [2026-06-24 10:49:34.757] [C009313_C009313MCM1] 
Can not find product ID  in parameter products.xml [end]

[start] [ERROR] [2026-06-24 10:49:34.760] [C009313_C009313MCM1] 
Can not find product ID  in parameter products.xml [end]

[start] [ERROR] [2026-06-24 10:49:34.761] [C009313_C009313MCM1] 
Can not find product ID  in parameter products.xml [end]

[start] [ERROR] [2026-06-24 10:49:34.762] [C009313_C009313MCM1] 
Can not find product ID  in parameter products.xml [end]

[start] [ERROR] [2026-06-24 10:49:34.764] [C009313_C009313MCM1] 
Can not find product ID  in parameter products.xml [end]

[start] [ERROR] [2026-06-24 10:49:34.766] [C009313_C009313MCM1] 
Can not find product ID  in parameter products.xml [end]

[start] [ERROR] [2026-06-24 10:49:34.768] [C009313_C009313MCM1] 
Can not find product ID  in parameter products.xml [end]

[start] [ERROR] [2026-06-24 10:49:34.769] [C009313_C009313MCM1] 
Can not find product ID  in parameter products.xml [end]

[start] [ERROR] [2026-06-24 10:49:34.770] [C009313_C009313MCM1] 
Can not find product ID  in parameter products.xml [end]

[start] [ERROR] [2026-06-24 10:49:34.771] [C009313_C009313MCM1] 
Can not find product ID  in parameter products.xml [end]

[start] [ERROR] [2026-06-24 10:49:34.772] [C009313_C009313MCM1] 
Can not find product ID  in parameter products.xml [end]

[start] [ERROR] [2026-06-24 10:49:34.774] [C009313_C009313MCM1] 
Can not find product ID  in parameter products.xml [end]

[start] [ERROR] [2026-06-24 10:49:34.775] [C009313_C009313MCM1] 
Can not find product ID  in parameter products.xml [end]

[start] [ERROR] [2026-06-24 10:49:34.776] [C009313_C009313MCM1] 
Can not find product ID  in parameter products.xml [end]

[start] [ERROR] [2026-06-24 10:49:34.777] [C009313_C009313MCM1] 
Can not find product ID  in parameter products.xml [end]

[start] [ERROR] [2026-06-24 10:49:34.778] [C009313_C009313MCM1] 
Can not find product ID  in parameter products.xml [end]

[start] [ERROR] [2026-06-24 10:49:34.779] [C009313_C009313MCM1] 
Can not find product ID  in parameter products.xml [end]

[start] [ERROR] [2026-06-24 10:49:34.780] [C009313_C009313MCM1] 
Can not find product ID  in parameter products.xml [end]

[start] [ERROR] [2026-06-24 10:49:34.782] [C009313_C009313MCM1] 
Can not find product ID  in parameter products.xml [end]

[start] [ERROR] [2026-06-24 10:49:34.783] [C009313_C009313MCM1] 
Can not find product ID  in parameter products.xml [end]

[start] [ERROR] [2026-06-24 10:49:34.786] [C009313_C009313MCM1] 
Can not find product ID  in parameter products.xml [end]

[start] [ERROR] [2026-06-24 10:49:34.846] [C009313_C009313MCM1] 
Can not find product ID  in parameter products.xml [end]

[start] [ERROR] [2026-06-24 10:49:34.847] [C009313_C009313MCM1] 
Can not find product ID  in parameter products.xml [end]

[start] [ERROR] [2026-06-24 10:49:34.848] [C009313_C009313MCM1] 
Can not find product ID  in parameter products.xml [end]

[start] [ERROR] [2026-06-24 10:49:34.850] [C009313_C009313MCM1] 
Can not find product ID  in parameter products.xml [end]

[start] [ERROR] [2026-06-24 10:49:34.851] [C009313_C009313MCM1] 
Can not find product ID  in parameter products.xml [end]

[start] [ERROR] [2026-06-24 10:49:34.852] [C009313_C009313MCM1] 
Can not find product ID  in parameter products.xml [end]

[start] [ERROR] [2026-06-24 10:49:34.854] [C009313_C009313MCM1] 
Can not find product ID  in parameter products.xml [end]

[start] [ERROR] [2026-06-24 10:49:34.855] [C009313_C009313MCM1] 
Can not find product ID  in parameter products.xml [end]

[start] [ERROR] [2026-06-24 10:49:34.856] [C009313_C009313MCM1] 
Can not find product ID  in parameter products.xml [end]

[start] [ERROR] [2026-06-24 10:49:34.857] [C009313_C009313MCM1] 
Can not find product ID  in parameter products.xml [end]

[start] [ERROR] [2026-06-24 10:49:34.859] [C009313_C009313MCM1] 
Can not find product ID  in parameter products.xml [end]

[start] [ERROR] [2026-06-24 10:49:34.860] [C009313_C009313MCM1] 
Can not find product ID  in parameter products.xml [end]

[start] [ERROR] [2026-06-24 10:49:34.861] [C009313_C009313MCM1] 
Can not find product ID  in parameter products.xml [end]

[start] [DEBUG] [2026-06-24 10:49:34.863] [C009313_C009313MCM1] 
The option type "distinctRecord" is only used to show the dropdown list not for format [end]

[start] [DEBUG] [2026-06-24 10:49:34.865] [C009313_C009313MCM1] 
====request content is: 
    Request Type: Temp
Component : DBHelper
Session Context is: 
com.cs.core.utility.SessionContext@cf347734
Request Info Type : com.cs.core.dao.exec.SQLDao
Request Info Content is: 
[01]SELECT C_UNIT_CODE,C_UNIT_NAME FROM CEUSER.SEC_BUSINESS_UNIT WHERE C_UNIT_CODE = 'C009313' 

 [end]

[start] [DEBUG] [2026-06-24 10:49:34.881] [C009313_C009313MCM1] 
The Catalog Object SQL is :SELECT T1.C_BK_GROUP_ID, T1.C_MAIN_REF, T1.C_TRX_REF, T1.C_UNIT_CODE, T1.PARENT_MAIN_REF, T1.C_TRX_STATUS, T1.CURRNT_STATUS, T1.C2A_STATUS, T1.I_EVENT_TIMES, T1.C_MODULE, T1.C_FUNC_ID, T1.C_PRODUCT_ID, T1.C_TRX_ID, T3.C_LOCKED_FLAG, T3.C_LOCKED_OP, T3.C_USER_DESC, T1.D_SYS_OP_DATE, T1.T_SYS_OP_TIME, T1.C2A_CCY, T1.C2A_AMOUNT, T1.C2A_COUNTERPARTY FROM CETRX.TRX_INBOX T1 LEFT JOIN CETRX.TRX_LOCK_INFO T3 ON T1.C_MAIN_REF = T3.C_MAIN_REF AND T1.C_UNIT_CODE = T3.C_UNIT_CODE WHERE (T1.C_TRX_STATUS IN ('P', 'T', 'A', 'S', 'R') AND (T1.C_MODULE = 'IMLC' OR T1.C_MODULE = 'EXLC' OR T1.C_MODULE = 'FAEF' OR T1.C_MODULE = 'FADA' OR T1.C_MODULE = 'ABLF') AND T1.C2A_STATUS NOT IN ('Discrepancies rejected_fully authorized') OR T1.C_TRX_STATUS = 'M' AND (T1.C_MODULE = 'IMLC' AND T1.C2A_STATUS NOT IN ('Issued', 'Amended', 'Beneficiary rejected', 'Settled') OR T1.C_MODULE = 'EXCO' AND T1.CURRNT_STATUS NOT IN ('Payment Advice') OR T1.C_MODULE = 'EXLC' AND T1.CURRNT_STATUS NOT IN ('Settled', 'Advise Received', 'Amendment Received', 'Docment Received') OR T1.C_MODULE = 'FAEF' AND T1.CURRNT_STATUS NOT IN ('Settled', 'Advise Received') OR T1.C_MODULE = 'FADA' AND T1.CURRNT_STATUS NOT IN ('Settled', 'Advise Received') OR T1.C_MODULE = 'ABLF' AND T1.CURRNT_STATUS NOT IN ('Settled', 'Advise Received'))) AND T1.C_TRX_ID NOT IN (SELECT C_TRX_ID FROM CETRX.TRX_USER_DISMISS WHERE C_USER_ID = ? AND C_GRP_CODE = ?) AND (T1.C_MODULE = 'IMLC' OR T1.C_MODULE = 'EXLC' OR T1.C_MODULE = 'FAEF' OR T1.C_MODULE = 'FADA' OR T1.C_MODULE = 'ABLF') ORDER BY T1.D_SYS_OP_DATE DESC, T1.T_SYS_OP_TIME DESC [end]

[start] [DEBUG] [2026-06-24 10:49:34.883] [C009313_C009313MCM1] 
====request content is: 
    Request Type: Temp
Component : DBHelper
Session Context is: 
com.cs.core.utility.SessionContext@2f856fe
Request Info Type : com.cs.core.dao.exec.SQLDao
Request Info Content is: 
[01]SELECT COUNT(*) FROM CETRX.TRX_INBOX T1 LEFT JOIN CETRX.TRX_LOCK_INFO T3 ON T1.C_MAIN_REF = T3.C_MAIN_REF AND T1.C_UNIT_CODE = T3.C_UNIT_CODE WHERE   T1.C_BK_GROUP_ID = 'CSBANK'  AND (( T1.C_UNIT_CODE = 'C009313'  AND  T1.C_PRODUCT_ID IN ('FHS0YffwVNuA','P13101500000','P16062000000','P19080800000','P19080800001','P19080800002','P20030600000','epF3a6u4ZGAt') )) AND (T1.C_TRX_STATUS IN ('P', 'T', 'A', 'S', 'R') AND (T1.C_MODULE = 'IMLC' OR T1.C_MODULE = 'EXLC' OR T1.C_MODULE = 'FAEF' OR T1.C_MODULE = 'FADA' OR T1.C_MODULE = 'ABLF') AND T1.C2A_STATUS NOT IN ('Discrepancies rejected_fully authorized') OR T1.C_TRX_STATUS = 'M' AND (T1.C_MODULE = 'IMLC' AND T1.C2A_STATUS NOT IN ('Issued', 'Amended', 'Beneficiary rejected', 'Settled') OR T1.C_MODULE = 'EXCO' AND T1.CURRNT_STATUS NOT IN ('Payment Advice') OR T1.C_MODULE = 'EXLC' AND T1.CURRNT_STATUS NOT IN ('Settled', 'Advise Received', 'Amendment Received', 'Docment Received') OR T1.C_MODULE = 'FAEF' AND T1.CURRNT_STATUS NOT IN ('Settled', 'Advise Received') OR T1.C_MODULE = 'FADA' AND T1.CURRNT_STATUS NOT IN ('Settled', 'Advise Received') OR T1.C_MODULE = 'ABLF' AND T1.CURRNT_STATUS NOT IN ('Settled', 'Advise Received'))) AND T1.C_TRX_ID NOT IN (SELECT C_TRX_ID FROM CETRX.TRX_USER_DISMISS WHERE C_USER_ID = 'C009313MCM1' AND C_GRP_CODE = 'C009313') AND (T1.C_MODULE = 'IMLC' OR T1.C_MODULE = 'EXLC' OR T1.C_MODULE = 'FAEF' OR T1.C_MODULE = 'FADA' OR T1.C_MODULE = 'ABLF')

 [end]

[start] [DEBUG] [2026-06-24 10:49:34.912] [C009313_C009313MCM1] 
The Catalog Object SQL is :SELECT T1.C_BK_GROUP_ID, T1.C_MAIN_REF, T1.C_TRX_REF, T1.C_UNIT_CODE, T1.PARENT_MAIN_REF, T1.C_TRX_STATUS, T1.CURRNT_STATUS, (CASE WHEN T1.C_MODULE = 'FADA' OR T1.C_MODULE = 'FAEF' THEN T1.C_TRX_STATUS ELSE T1.C2A_STATUS END) C2A_STATUS, T1.I_EVENT_TIMES, T1.C_MODULE, T1.C_FUNC_ID, T1.C_PRODUCT_ID, T1.C_TRX_ID, T3.C_LOCKED_FLAG, T3.C_LOCKED_OP, T3.C_USER_DESC, T1.D_SYS_OP_DATE, T1.T_SYS_OP_TIME, T1.C2A_CCY, T1.C2A_AMOUNT, T1.C2A_COUNTERPARTY FROM CETRX.TRX_INBOX T1 LEFT JOIN CETRX.TRX_LOCK_INFO T3 ON T1.C_MAIN_REF = T3.C_MAIN_REF AND T1.C_UNIT_CODE = T3.C_UNIT_CODE WHERE (T1.C2A_STATUS IN ('Issued', 'Amended', 'Beneficiary rejected', 'Discrepancies rejected_fully authorized', 'Settled') AND T1.C_MODULE = 'IMLC' OR T1.CURRNT_STATUS IN ('Issued', 'Amended', 'Detrimental Amendment', 'Beneficiary Consent', 'Beneficiary Rejected', 'Document Presentation', 'Document Presentation', 'Settlement', 'Settled') AND T1.C_MODULE = 'EXCO' OR T1.C2A_STATUS IN ('Settled', 'Amendment_fully authorized', '') AND T1.C_MODULE = 'EXLC' OR T1.C_FUNC_ID IN ('F05030700899', 'F05030700901', 'F05030700908') AND T1.C2A_STATUS = 'Fully authorized' AND T1.C_MODULE = 'EXLC' OR T1.C_MODULE = 'FADA' OR T1.C_MODULE = 'FAEF') AND T1.C_TRX_STATUS IN ('M', 'A', 'S') AND T1.C_TRX_ID NOT IN (SELECT C_TRX_ID FROM CETRX.TRX_USER_DISMISS WHERE C_USER_ID = ? AND C_GRP_CODE = ?) AND (T1.C_MODULE = 'IMLC' OR T1.C_MODULE = 'EXLC' OR T1.C_MODULE = 'FADA' OR T1.C_MODULE = 'FAEF') ORDER BY T1.D_SYS_OP_DATE DESC, T1.T_SYS_OP_TIME DESC, T1.PARENT_MAIN_REF DESC [end]

[start] [DEBUG] [2026-06-24 10:49:34.915] [C009313_C009313MCM1] 
====request content is: 
    Request Type: Temp
Component : DBHelper
Session Context is: 
com.cs.core.utility.SessionContext@2f856fe
Request Info Type : com.cs.core.dao.exec.SQLDao
Request Info Content is: 
[01]SELECT COUNT(*) FROM CETRX.TRX_INBOX T1 LEFT JOIN CETRX.TRX_LOCK_INFO T3 ON T1.C_MAIN_REF = T3.C_MAIN_REF AND T1.C_UNIT_CODE = T3.C_UNIT_CODE WHERE   T1.C_BK_GROUP_ID = 'CSBANK'  AND (( T1.C_UNIT_CODE = 'C009313'  AND  T1.C_PRODUCT_ID IN ('FHS0YffwVNuA','P13101500000','P16062000000','P19080800000','P19080800001','P19080800002','P20030600000','epF3a6u4ZGAt') )) AND (T1.C2A_STATUS IN ('Issued', 'Amended', 'Beneficiary rejected', 'Discrepancies rejected_fully authorized', 'Settled') AND T1.C_MODULE = 'IMLC' OR T1.CURRNT_STATUS IN ('Issued', 'Amended', 'Detrimental Amendment', 'Beneficiary Consent', 'Beneficiary Rejected', 'Document Presentation', 'Document Presentation', 'Settlement', 'Settled') AND T1.C_MODULE = 'EXCO' OR T1.C2A_STATUS IN ('Settled', 'Amendment_fully authorized', '') AND T1.C_MODULE = 'EXLC' OR T1.C_FUNC_ID IN ('F05030700899', 'F05030700901', 'F05030700908') AND T1.C2A_STATUS = 'Fully authorized' AND T1.C_MODULE = 'EXLC' OR T1.C_MODULE = 'FADA' OR T1.C_MODULE = 'FAEF') AND T1.C_TRX_STATUS IN ('M', 'A', 'S') AND T1.C_TRX_ID NOT IN (SELECT C_TRX_ID FROM CETRX.TRX_USER_DISMISS WHERE C_USER_ID = 'C009313MCM1' AND C_GRP_CODE = 'C009313') AND (T1.C_MODULE = 'IMLC' OR T1.C_MODULE = 'EXLC' OR T1.C_MODULE = 'FADA' OR T1.C_MODULE = 'FAEF')

 [end]

[start] [DEBUG] [2026-06-24 10:49:34.962] [C009313_C009313MCM1] 
The Catalog Object SQL is :SELECT DISTINCT T1.C_BK_GROUP_ID, T1.C_MAIN_REF, T1.C_TRX_REF, T1.C_UNIT_CODE, T1.PARENT_MAIN_REF, T1.C_TRX_STATUS, T1.I_EVENT_TIMES, T1.C_MODULE, T1.C_FUNC_ID, T1.C_PRODUCT_ID, T1.C_TRX_ID, T3.C_LOCKED_FLAG, T3.C_LOCKED_OP, T3.C_USER_DESC, T1.D_SYS_OP_DATE, T1.T_SYS_OP_TIME, T1.C2A_CCY, T1.C2A_AMOUNT, T1.C2A_COUNTERPARTY FROM CETRX.TRX_INBOX T1 LEFT JOIN CETRX.TRX_NEXT_FUNC T2 ON T1.C_PRODUCT_ID = T2.C_PRODUCT_ID AND T1.C_TRX_STATUS = T2.C_TRX_STATUS LEFT JOIN CETRX.TRX_LOCK_INFO T3 ON T1.C_MAIN_REF = T3.C_MAIN_REF AND T1.C_UNIT_CODE = T3.C_UNIT_CODE WHERE (T2.C_NEXT_FUNC_ID IN (SELECT C_FUNC_ID FROM CEUSER.SEC_OP_FUNC WHERE C_USER_ID = ? AND C_GRP_CODE = ? AND C_UNIT_CODE = T1.C_UNIT_CODE) OR T2.C_NEXT_FUNC_ID IN (SELECT C_FUNC_ID FROM CEUSER.SEC_OP_FUNC WHERE C_GRP_CODE = ? AND C_USER_ID IN (SELECT C_ROLE_ID FROM CEUSER.SEC_USER_ROLE WHERE C_USER_ID = ? AND C_GRP_CODE = ?) AND C_UNIT_CODE = T1.C_UNIT_CODE)) AND T1.C_TRX_STATUS = 'Z' AND T1.C_TRX_ID NOT IN (SELECT C_TRX_ID FROM CETRX.TRX_USER_DISMISS WHERE C_USER_ID = ? AND C_GRP_CODE = ?) AND (T1.C_MODULE = 'IMLC' OR T1.C_MODULE = 'EXLC' OR T1.C_MODULE = 'FAEF' OR T1.C_MODULE = 'FADA' OR T1.C_MODULE = 'ABLF') ORDER BY T1.D_SYS_OP_DATE DESC, T1.T_SYS_OP_TIME DESC [end]

[start] [DEBUG] [2026-06-24 10:49:34.964] [C009313_C009313MCM1] 
====request content is: 
    Request Type: Temp
Component : DBHelper
Session Context is: 
com.cs.core.utility.SessionContext@2f856fe
Request Info Type : com.cs.core.dao.exec.SQLDao
Request Info Content is: 
[01]SELECT COUNT(*) FROM (SELECT DISTINCT T1.C_BK_GROUP_ID, T1.C_MAIN_REF, T1.C_TRX_REF, T1.C_UNIT_CODE, T1.PARENT_MAIN_REF, T1.C_TRX_STATUS, T1.I_EVENT_TIMES, T1.C_MODULE, T1.C_FUNC_ID, T1.C_PRODUCT_ID, T1.C_TRX_ID, T3.C_LOCKED_FLAG, T3.C_LOCKED_OP, T3.C_USER_DESC, T1.D_SYS_OP_DATE, T1.T_SYS_OP_TIME, T1.C2A_CCY, T1.C2A_AMOUNT, T1.C2A_COUNTERPARTY FROM CETRX.TRX_INBOX T1 LEFT JOIN CETRX.TRX_NEXT_FUNC T2 ON T1.C_PRODUCT_ID = T2.C_PRODUCT_ID AND T1.C_TRX_STATUS = T2.C_TRX_STATUS LEFT JOIN CETRX.TRX_LOCK_INFO T3 ON T1.C_MAIN_REF = T3.C_MAIN_REF AND T1.C_UNIT_CODE = T3.C_UNIT_CODE WHERE   T1.C_BK_GROUP_ID = 'CSBANK'  AND (( T1.C_UNIT_CODE = 'C009313'  AND  T1.C_PRODUCT_ID IN ('FHS0YffwVNuA','P13101500000','P16062000000','P19080800000','P19080800001','P19080800002','P20030600000','epF3a6u4ZGAt') )) AND (T2.C_NEXT_FUNC_ID IN (SELECT C_FUNC_ID FROM CEUSER.SEC_OP_FUNC WHERE C_USER_ID = 'C009313MCM1' AND C_GRP_CODE = 'C009313' AND C_UNIT_CODE = T1.C_UNIT_CODE) OR T2.C_NEXT_FUNC_ID IN (SELECT C_FUNC_ID FROM CEUSER.SEC_OP_FUNC WHERE C_GRP_CODE = 'C009313' AND C_USER_ID IN (SELECT C_ROLE_ID FROM CEUSER.SEC_USER_ROLE WHERE C_USER_ID = 'C009313MCM1' AND C_GRP_CODE = 'C009313') AND C_UNIT_CODE = T1.C_UNIT_CODE)) AND T1.C_TRX_STATUS = 'Z' AND T1.C_TRX_ID NOT IN (SELECT C_TRX_ID FROM CETRX.TRX_USER_DISMISS WHERE C_USER_ID = 'C009313MCM1' AND C_GRP_CODE = 'C009313') AND (T1.C_MODULE = 'IMLC' OR T1.C_MODULE = 'EXLC' OR T1.C_MODULE = 'FAEF' OR T1.C_MODULE = 'FADA' OR T1.C_MODULE = 'ABLF') ORDER BY T1.D_SYS_OP_DATE DESC, T1.T_SYS_OP_TIME DESC)

 [end]

[start] [DEBUG] [2026-06-24 10:49:35.039] [C009313_C009313MCM1] 
====request content is: 
    Request Type: Temp
Component : DBHelper
Session Context is: 
com.cs.core.utility.SessionContext@e829251a
Request Info Type : com.cs.core.dao.exec.SQLDao
Request Info Content is: 
[01]SELECT C_INACTIVE FROM CEUSER.SEC_USER_INFO WHERE C_USER_ID = 'C009313MCM1' AND C_UNIT_CODE = 'C009313' 

 [end]

[start] [DEBUG] [2026-06-24 10:49:35.043] [C009313_C009313MCM1] 
The request URI is : /BL6CEWeb/v1/openapi/catalog/combo/data [end]

[start] [DEBUG] [2026-06-24 10:49:35.044] [C009313_C009313MCM1] 
The URI is :/BL6CEWeb/v1/openapi/catalog/combo/data [end]

[start] [DEBUG] [2026-06-24 10:49:35.045] [C009313_C009313MCM1] 
The session refresh token in session is : null [end]

[start] [DEBUG] [2026-06-24 10:49:35.048] [C009313_C009313MCM1] 
The Catalog Object SQL is :SELECT T1.C_BK_GROUP_ID, T1.C_MAIN_REF, T1.C_TRX_REF, T1.C_UNIT_CODE, T1.PARENT_MAIN_REF, T1.C_TRX_STATUS, T1.CURRNT_STATUS, T1.I_EVENT_TIMES, T1.C_MODULE, T1.C_FUNC_ID, T1.C_PRODUCT_ID, T1.C_TRX_ID, T1.C_CREATED_BY, T3.C_LOCKED_FLAG, T3.C_LOCKED_OP, T3.C_USER_DESC, T1.D_SYS_OP_DATE, T1.T_SYS_OP_TIME, T1.C2A_CCY, T1.C2A_AMOUNT, T1.C2A_COUNTERPARTY FROM CETRX.TRX_INBOX T1 LEFT JOIN CETRX.TRX_LOCK_INFO T3 ON T1.C_MAIN_REF = T3.C_MAIN_REF AND T1.C_UNIT_CODE = T3.C_UNIT_CODE WHERE T1.C_TRX_STATUS IN ('P', 'T') AND (T1.C_MODULE = 'IMLC' OR T1.C_MODULE = 'EXLC' OR T1.C_MODULE = 'FAEF' OR T1.C_MODULE = 'FADA' OR T1.C_MODULE = 'ABLF') ORDER BY T1.D_SYS_OP_DATE DESC, T1.T_SYS_OP_TIME DESC [end]

[start] [DEBUG] [2026-06-24 10:49:35.050] [C009313_C009313MCM1] 
====request content is: 
    Request Type: Temp
Component : DBHelper
Session Context is: 
com.cs.core.utility.SessionContext@e829251a
Request Info Type : com.cs.core.dao.exec.SQLDao
Request Info Content is: 
[01]SELECT C_AUTH_RULE FROM CEUSER.SEC_USER_INFO WHERE C_BK_GROUP_ID = 'CSBANK' AND C_UNIT_CODE = 'C009313' AND C_USER_ID = 'C009313MCM1' 

 [end]

[start] [DEBUG] [2026-06-24 10:49:35.053] [C009313_C009313MCM1] 
====request content is: 
    Request Type: Temp
Component : DBHelper
Session Context is: 
com.cs.core.utility.SessionContext@e829251a
Request Info Type : com.cs.core.dao.exec.SQLDao
Request Info Content is: 
[01]SELECT C_AUTH_RULE FROM CEUSER.SEC_BUSINESS_UNIT WHERE C_BK_GROUP_ID = 'CSBANK' AND C_UNIT_CODE = 'C009313' 

 [end]

[start] [DEBUG] [2026-06-24 10:49:35.057] [C009313_C009313MCM1] 
====request content is: 
    Request Type: Temp
Component : DBHelper
Session Context is: 
com.cs.core.utility.SessionContext@e829251a
Request Info Type : com.cs.core.dao.exec.SQLDao
Request Info Content is: 
[01]SELECT T1.C_BK_GROUP_ID, T1.C_MAIN_REF, T1.C_TRX_REF, T1.C_UNIT_CODE, T1.PARENT_MAIN_REF, T1.C_TRX_STATUS, T1.CURRNT_STATUS, T1.I_EVENT_TIMES, T1.C_MODULE, T1.C_FUNC_ID, T1.C_PRODUCT_ID, T1.C_TRX_ID, T1.C_CREATED_BY, T3.C_LOCKED_FLAG, T3.C_LOCKED_OP, T3.C_USER_DESC, T1.D_SYS_OP_DATE, T1.T_SYS_OP_TIME, T1.C2A_CCY, T1.C2A_AMOUNT, T1.C2A_COUNTERPARTY FROM CETRX.TRX_INBOX T1 LEFT JOIN CETRX.TRX_LOCK_INFO T3 ON T1.C_MAIN_REF = T3.C_MAIN_REF AND T1.C_UNIT_CODE = T3.C_UNIT_CODE WHERE   T1.C_BK_GROUP_ID = 'CSBANK'  AND  T1.C_UNIT_CODE = 'C009313'  AND T1.C_PRODUCT_ID IN('P13101500000','P19080800000','P19080800001','P19080800002','epF3a6u4ZGAt') AND  T1.C_BK_GROUP_ID = 'CSBANK'  AND (T1.C_TRX_STATUS<>'R' AND T1.C_TRX_STATUS<>'A' OR T1.C_TRX_STATUS IS NULL) AND T1.C_TRX_ID NOT IN (SELECT C_TRX_ID FROM CETRX.TRX_AUTH_LIST WHERE  C_GRP_CODE = 'C009313'  AND  C_USER_ID = 'C009313MCM1'  AND  C_UNIT_CODE = 'C009313' ) AND T1.C_TRX_ID IN (SELECT C_TRX_ID FROM CETRX.TRX_MATRIX_LIST WHERE  C_UNIT_CODE = 'C009313'  AND ( (  I_AUTH_LEVEL = 1  AND C_PRODUCT_ID IN('P13101500000','P19080800000','P19080800001','P19080800002','epF3a6u4ZGAt')))) AND (( T1.C_UNIT_CODE = 'C009313'  AND  T1.C_PRODUCT_ID IN ('FHS0YffwVNuA','P13101500000','P16062000000','P19080800000','P19080800001','P19080800002','P20030600000','epF3a6u4ZGAt') )) AND T1.C_TRX_STATUS IN ('P', 'T') AND (T1.C_MODULE = 'IMLC' OR T1.C_MODULE = 'EXLC' OR T1.C_MODULE = 'FAEF' OR T1.C_MODULE = 'FADA' OR T1.C_MODULE = 'ABLF') ORDER BY T1.D_SYS_OP_DATE DESC, T1.T_SYS_OP_TIME DESC

 [end]

[start] [ERROR] [2026-06-24 10:49:35.286] [C009313_C009313MCM1] 
Can not find product ID  in parameter products.xml [end]

[start] [ERROR] [2026-06-24 10:49:35.288] [C009313_C009313MCM1] 
Can not find product ID  in parameter products.xml [end]

[start] [ERROR] [2026-06-24 10:49:35.289] [C009313_C009313MCM1] 
Can not find product ID  in parameter products.xml [end]

[start] [ERROR] [2026-06-24 10:49:35.290] [C009313_C009313MCM1] 
Can not find product ID  in parameter products.xml [end]

[start] [ERROR] [2026-06-24 10:49:35.291] [C009313_C009313MCM1] 
Can not find product ID  in parameter products.xml [end]

[start] [ERROR] [2026-06-24 10:49:35.293] [C009313_C009313MCM1] 
Can not find product ID  in parameter products.xml [end]

[start] [ERROR] [2026-06-24 10:49:35.293] [C009313_C009313MCM1] 
Can not find product ID  in parameter products.xml [end]

[start] [ERROR] [2026-06-24 10:49:35.294] [C009313_C009313MCM1] 
Can not find product ID  in parameter products.xml [end]

[start] [ERROR] [2026-06-24 10:49:35.296] [C009313_C009313MCM1] 
Can not find product ID  in parameter products.xml [end]

[start] [ERROR] [2026-06-24 10:49:35.297] [C009313_C009313MCM1] 
Can not find product ID  in parameter products.xml [end]

[start] [ERROR] [2026-06-24 10:49:35.298] [C009313_C009313MCM1] 
Can not find product ID  in parameter products.xml [end]

[start] [ERROR] [2026-06-24 10:49:35.299] [C009313_C009313MCM1] 
Can not find product ID  in parameter products.xml [end]

[start] [ERROR] [2026-06-24 10:49:35.300] [C009313_C009313MCM1] 
Can not find product ID  in parameter products.xml [end]

[start] [ERROR] [2026-06-24 10:49:35.301] [C009313_C009313MCM1] 
Can not find product ID  in parameter products.xml [end]

[start] [ERROR] [2026-06-24 10:49:35.302] [C009313_C009313MCM1] 
Can not find product ID  in parameter products.xml [end]

[start] [ERROR] [2026-06-24 10:49:35.303] [C009313_C009313MCM1] 
Can not find product ID  in parameter products.xml [end]

[start] [ERROR] [2026-06-24 10:49:35.304] [C009313_C009313MCM1] 
Can not find product ID  in parameter products.xml [end]

[start] [ERROR] [2026-06-24 10:49:35.305] [C009313_C009313MCM1] 
Can not find product ID  in parameter products.xml [end]

[start] [ERROR] [2026-06-24 10:49:35.307] [C009313_C009313MCM1] 
Can not find product ID  in parameter products.xml [end]

[start] [ERROR] [2026-06-24 10:49:35.308] [C009313_C009313MCM1] 
Can not find product ID  in parameter products.xml [end]

[start] [ERROR] [2026-06-24 10:49:35.309] [C009313_C009313MCM1] 
Can not find product ID  in parameter products.xml [end]

[start] [ERROR] [2026-06-24 10:49:35.310] [C009313_C009313MCM1] 
Can not find product ID  in parameter products.xml [end]

[start] [ERROR] [2026-06-24 10:49:35.311] [C009313_C009313MCM1] 
Can not find product ID  in parameter products.xml [end]

[start] [ERROR] [2026-06-24 10:49:35.312] [C009313_C009313MCM1] 
Can not find product ID  in parameter products.xml [end]

[start] [ERROR] [2026-06-24 10:49:35.313] [C009313_C009313MCM1] 
Can not find product ID  in parameter products.xml [end]

[start] [ERROR] [2026-06-24 10:49:35.314] [C009313_C009313MCM1] 
Can not find product ID  in parameter products.xml [end]

[start] [ERROR] [2026-06-24 10:49:35.315] [C009313_C009313MCM1] 
Can not find product ID  in parameter products.xml [end]

[start] [ERROR] [2026-06-24 10:49:35.317] [C009313_C009313MCM1] 
Can not find product ID  in parameter products.xml [end]

[start] [ERROR] [2026-06-24 10:49:35.318] [C009313_C009313MCM1] 
Can not find product ID  in parameter products.xml [end]

[start] [ERROR] [2026-06-24 10:49:35.320] [C009313_C009313MCM1] 
Can not find product ID  in parameter products.xml [end]

[start] [ERROR] [2026-06-24 10:49:35.321] [C009313_C009313MCM1] 
Can not find product ID  in parameter products.xml [end]

[start] [ERROR] [2026-06-24 10:49:35.322] [C009313_C009313MCM1] 
Can not find product ID  in parameter products.xml [end]

[start] [ERROR] [2026-06-24 10:49:35.323] [C009313_C009313MCM1] 
Can not find product ID  in parameter products.xml [end]

[start] [ERROR] [2026-06-24 10:49:35.324] [C009313_C009313MCM1] 
Can not find product ID  in parameter products.xml [end]

[start] [ERROR] [2026-06-24 10:49:35.326] [C009313_C009313MCM1] 
Can not find product ID  in parameter products.xml [end]

[start] [ERROR] [2026-06-24 10:49:35.327] [C009313_C009313MCM1] 
Can not find product ID  in parameter products.xml [end]

[start] [ERROR] [2026-06-24 10:49:35.328] [C009313_C009313MCM1] 
Can not find product ID  in parameter products.xml [end]

[start] [ERROR] [2026-06-24 10:49:35.329] [C009313_C009313MCM1] 
Can not find product ID  in parameter products.xml [end]

[start] [ERROR] [2026-06-24 10:49:35.330] [C009313_C009313MCM1] 
Can not find product ID  in parameter products.xml [end]

[start] [ERROR] [2026-06-24 10:49:35.331] [C009313_C009313MCM1] 
Can not find product ID  in parameter products.xml [end]

[start] [DEBUG] [2026-06-24 10:49:35.333] [C009313_C009313MCM1] 
====request content is: 
    Request Type: Temp
Component : DBHelper
Session Context is: 
com.cs.core.utility.SessionContext@e829251a
Request Info Type : com.cs.core.dao.exec.SQLDao
Request Info Content is: 
[01]SELECT C_UNIT_CODE,C_UNIT_NAME FROM CEUSER.SEC_BUSINESS_UNIT WHERE C_UNIT_CODE = 'C009313' 

 [end]

[start] [DEBUG] [2026-06-24 10:49:35.335] [C009313_C009313MCM1] 
====request content is: 
    Request Type: Temp
Component : DBHelper
Session Context is: 
com.cs.core.utility.SessionContext@e829251a
Request Info Type : com.cs.core.dao.exec.SQLDao
Request Info Content is: 
[01]SELECT C_CRITERIA_DATA,C_TMPL_NAME,C_IS_DEFAULT FROM CETRX.STD_SEARCH_CRITERIA  WHERE  C_UNIT_CODE = 'C009313'  AND  C_USER_ID = 'C009313MCM1'  AND  C_CATA_ID = 'C2A_PendingApproval'  AND  C_BK_GROUP_ID = 'CSBANK'  AND  I_CRITERIA_TYPE = 4 

 [end]

[start] [DEBUG] [2026-06-24 10:49:35.431] [C009313_C009313MCM1] 
====request content is: 
    Request Type: Temp
Component : DBHelper
Session Context is: 
com.cs.core.utility.SessionContext@39dc5d3f
Request Info Type : com.cs.core.dao.exec.SQLDao
Request Info Content is: 
[01]SELECT C_INACTIVE FROM CEUSER.SEC_USER_INFO WHERE C_USER_ID = 'C009313MCM1' AND C_UNIT_CODE = 'C009313' 

 [end]

[start] [DEBUG] [2026-06-24 10:49:35.433] [C009313_C009313MCM1] 
The request URI is : /BL6CEWeb/v1/openapi/catalog/combo/meta [end]

[start] [DEBUG] [2026-06-24 10:49:35.434] [C009313_C009313MCM1] 
The URI is :/BL6CEWeb/v1/openapi/catalog/combo/meta [end]

[start] [DEBUG] [2026-06-24 10:49:35.435] [C009313_C009313MCM1] 
The session refresh token in session is : null [end]

[start] [DEBUG] [2026-06-24 10:49:35.441] [C009313_C009313MCM1] 
====request content is: 
    Request Type: Temp
Component : DBHelper
Session Context is: 
com.cs.core.utility.SessionContext@39dc5d3f
Request Info Type : com.cs.core.dao.exec.SQLDao
Request Info Content is: 
[01]SELECT C_CRITERIA_DATA,C_TMPL_NAME,C_IS_DEFAULT FROM CETRX.STD_SEARCH_CRITERIA  WHERE  C_UNIT_CODE = 'C009313'  AND  C_USER_ID = 'C009313MCM1'  AND  C_CATA_ID = 'C2A_InProgress_Both'  AND  C_BK_GROUP_ID = 'CSBANK'  AND  I_CRITERIA_TYPE = 4 

 [end]

[start] [DEBUG] [2026-06-24 10:49:35.445] [C009313_C009313MCM1] 
The option type "distinctRecord" is only used to show the dropdown list not for format [end]

[start] [ERROR] [2026-06-24 10:49:35.445] [C009313_C009313MCM1] 
Can not find product ID  in parameter products.xml [end]

[start] [ERROR] [2026-06-24 10:49:35.447] [C009313_C009313MCM1] 
Can not find product ID  in parameter products.xml [end]

[start] [ERROR] [2026-06-24 10:49:35.447] [C009313_C009313MCM1] 
Can not find product ID  in parameter products.xml [end]

[start] [ERROR] [2026-06-24 10:49:35.448] [C009313_C009313MCM1] 
Can not find product ID  in parameter products.xml [end]

[start] [ERROR] [2026-06-24 10:49:35.449] [C009313_C009313MCM1] 
Can not find product ID  in parameter products.xml [end]

[start] [ERROR] [2026-06-24 10:49:35.450] [C009313_C009313MCM1] 
Can not find product ID  in parameter products.xml [end]

[start] [ERROR] [2026-06-24 10:49:35.450] [C009313_C009313MCM1] 
Can not find product ID  in parameter products.xml [end]

[start] [ERROR] [2026-06-24 10:49:35.451] [C009313_C009313MCM1] 
Can not find product ID  in parameter products.xml [end]

[start] [ERROR] [2026-06-24 10:49:35.452] [C009313_C009313MCM1] 
Can not find product ID  in parameter products.xml [end]

[start] [ERROR] [2026-06-24 10:49:35.453] [C009313_C009313MCM1] 
Can not find product ID  in parameter products.xml [end]

[start] [ERROR] [2026-06-24 10:49:35.453] [C009313_C009313MCM1] 
Can not find product ID  in parameter products.xml [end]

[start] [ERROR] [2026-06-24 10:49:35.454] [C009313_C009313MCM1] 
Can not find product ID  in parameter products.xml [end]

[start] [ERROR] [2026-06-24 10:49:35.455] [C009313_C009313MCM1] 
Can not find product ID  in parameter products.xml [end]

[start] [ERROR] [2026-06-24 10:49:35.456] [C009313_C009313MCM1] 
Can not find product ID  in parameter products.xml [end]

[start] [ERROR] [2026-06-24 10:49:35.457] [C009313_C009313MCM1] 
Can not find product ID  in parameter products.xml [end]

[start] [ERROR] [2026-06-24 10:49:35.458] [C009313_C009313MCM1] 
Can not find product ID  in parameter products.xml [end]

[start] [ERROR] [2026-06-24 10:49:35.458] [C009313_C009313MCM1] 
Can not find product ID  in parameter products.xml [end]

[start] [ERROR] [2026-06-24 10:49:35.459] [C009313_C009313MCM1] 
Can not find product ID  in parameter products.xml [end]

[start] [ERROR] [2026-06-24 10:49:35.461] [C009313_C009313MCM1] 
Can not find product ID  in parameter products.xml [end]

[start] [ERROR] [2026-06-24 10:49:35.462] [C009313_C009313MCM1] 
Can not find product ID  in parameter products.xml [end]

[start] [ERROR] [2026-06-24 10:49:35.463] [C009313_C009313MCM1] 
Can not find product ID  in parameter products.xml [end]

[start] [ERROR] [2026-06-24 10:49:35.463] [C009313_C009313MCM1] 
Can not find product ID  in parameter products.xml [end]

[start] [ERROR] [2026-06-24 10:49:35.464] [C009313_C009313MCM1] 
Can not find product ID  in parameter products.xml [end]

[start] [ERROR] [2026-06-24 10:49:35.465] [C009313_C009313MCM1] 
Can not find product ID  in parameter products.xml [end]

[start] [ERROR] [2026-06-24 10:49:35.466] [C009313_C009313MCM1] 
Can not find product ID  in parameter products.xml [end]

[start] [ERROR] [2026-06-24 10:49:35.466] [C009313_C009313MCM1] 
Can not find product ID  in parameter products.xml [end]

[start] [ERROR] [2026-06-24 10:49:35.467] [C009313_C009313MCM1] 
Can not find product ID  in parameter products.xml [end]

[start] [ERROR] [2026-06-24 10:49:35.468] [C009313_C009313MCM1] 
Can not find product ID  in parameter products.xml [end]

[start] [ERROR] [2026-06-24 10:49:35.469] [C009313_C009313MCM1] 
Can not find product ID  in parameter products.xml [end]

[start] [ERROR] [2026-06-24 10:49:35.470] [C009313_C009313MCM1] 
Can not find product ID  in parameter products.xml [end]

[start] [ERROR] [2026-06-24 10:49:35.471] [C009313_C009313MCM1] 
Can not find product ID  in parameter products.xml [end]

[start] [ERROR] [2026-06-24 10:49:35.472] [C009313_C009313MCM1] 
Can not find product ID  in parameter products.xml [end]

[start] [ERROR] [2026-06-24 10:49:35.474] [C009313_C009313MCM1] 
Can not find product ID  in parameter products.xml [end]

[start] [ERROR] [2026-06-24 10:49:35.475] [C009313_C009313MCM1] 
Can not find product ID  in parameter products.xml [end]

[start] [ERROR] [2026-06-24 10:49:35.476] [C009313_C009313MCM1] 
Can not find product ID  in parameter products.xml [end]

[start] [ERROR] [2026-06-24 10:49:35.478] [C009313_C009313MCM1] 
Can not find product ID  in parameter products.xml [end]

[start] [ERROR] [2026-06-24 10:49:35.479] [C009313_C009313MCM1] 
Can not find product ID  in parameter products.xml [end]

[start] [ERROR] [2026-06-24 10:49:35.480] [C009313_C009313MCM1] 
Can not find product ID  in parameter products.xml [end]

[start] [ERROR] [2026-06-24 10:49:35.482] [C009313_C009313MCM1] 
Can not find product ID  in parameter products.xml [end]

[start] [ERROR] [2026-06-24 10:49:35.483] [C009313_C009313MCM1] 
Can not find product ID  in parameter products.xml [end]

[start] [DEBUG] [2026-06-24 10:49:35.484] [C009313_C009313MCM1] 
The option type "distinctRecord" is only used to show the dropdown list not for format [end]

[start] [DEBUG] [2026-06-24 10:49:35.485] [C009313_C009313MCM1] 
The option type "distinctRecord" is only used to show the dropdown list not for format [end]

[start] [DEBUG] [2026-06-24 10:49:35.487] [C009313_C009313MCM1] 
====request content is: 
    Request Type: Temp
Component : DBHelper
Session Context is: 
com.cs.core.utility.SessionContext@39dc5d3f
Request Info Type : com.cs.core.dao.exec.SQLDao
Request Info Content is: 
[01]SELECT C_UNIT_CODE,C_UNIT_NAME FROM CEUSER.SEC_BUSINESS_UNIT WHERE C_UNIT_CODE = 'C009313' 

 [end]

[start] [DEBUG] [2026-06-24 10:49:35.810] [C009313_C009313MCM1] 
====request content is: 
    Request Type: Temp
Component : DBHelper
Session Context is: 
com.cs.core.utility.SessionContext@40f8fe0b
Request Info Type : com.cs.core.dao.exec.SQLDao
Request Info Content is: 
[01]SELECT C_INACTIVE FROM CEUSER.SEC_USER_INFO WHERE C_USER_ID = 'C009313MCM1' AND C_UNIT_CODE = 'C009313' 

 [end]

[start] [DEBUG] [2026-06-24 10:49:35.813] [C009313_C009313MCM1] 
The request URI is : /BL6CEWeb/v1/openapi/catalog/combo/data [end]

[start] [DEBUG] [2026-06-24 10:49:35.814] [C009313_C009313MCM1] 
The URI is :/BL6CEWeb/v1/openapi/catalog/combo/data [end]

[start] [DEBUG] [2026-06-24 10:49:35.815] [C009313_C009313MCM1] 
The session refresh token in session is : null [end]

[start] [DEBUG] [2026-06-24 10:49:35.818] [C009313_C009313MCM1] 
The Catalog Object SQL is :SELECT T1.C_BK_GROUP_ID, T1.C_MAIN_REF, T1.C_TRX_REF, T1.C_UNIT_CODE, T1.PARENT_MAIN_REF, T1.C_TRX_STATUS, T1.CURRNT_STATUS, T1.C2A_STATUS, T1.I_EVENT_TIMES, T1.C_MODULE, T1.C_FUNC_ID, T1.C_PRODUCT_ID, T1.C_TRX_ID, T3.C_LOCKED_FLAG, T3.C_LOCKED_OP, T3.C_USER_DESC, T1.D_SYS_OP_DATE, T1.T_SYS_OP_TIME, T1.C2A_CCY, T1.C2A_AMOUNT, T1.C2A_COUNTERPARTY FROM CETRX.TRX_INBOX T1 LEFT JOIN CETRX.TRX_LOCK_INFO T3 ON T1.C_MAIN_REF = T3.C_MAIN_REF AND T1.C_UNIT_CODE = T3.C_UNIT_CODE WHERE (T1.C_TRX_STATUS IN ('P', 'T', 'A', 'S', 'R') AND (T1.C_MODULE = 'IMLC' OR T1.C_MODULE = 'EXLC' OR T1.C_MODULE = 'FAEF' OR T1.C_MODULE = 'FADA' OR T1.C_MODULE = 'ABLF') AND T1.C2A_STATUS NOT IN ('Discrepancies rejected_fully authorized') OR T1.C_TRX_STATUS = 'M' AND (T1.C_MODULE = 'IMLC' AND T1.C2A_STATUS NOT IN ('Issued', 'Amended', 'Beneficiary rejected', 'Settled') OR T1.C_MODULE = 'EXCO' AND T1.CURRNT_STATUS NOT IN ('Payment Advice') OR T1.C_MODULE = 'EXLC' AND T1.CURRNT_STATUS NOT IN ('Settled', 'Advise Received', 'Amendment Received', 'Docment Received') OR T1.C_MODULE = 'FAEF' AND T1.CURRNT_STATUS NOT IN ('Settled', 'Advise Received') OR T1.C_MODULE = 'FADA' AND T1.CURRNT_STATUS NOT IN ('Settled', 'Advise Received') OR T1.C_MODULE = 'ABLF' AND T1.CURRNT_STATUS NOT IN ('Settled', 'Advise Received'))) AND T1.C_TRX_ID NOT IN (SELECT C_TRX_ID FROM CETRX.TRX_USER_DISMISS WHERE C_USER_ID = ? AND C_GRP_CODE = ?) AND (T1.C_MODULE = 'IMLC' OR T1.C_MODULE = 'EXLC' OR T1.C_MODULE = 'FAEF' OR T1.C_MODULE = 'FADA' OR T1.C_MODULE = 'ABLF') ORDER BY T1.D_SYS_OP_DATE DESC, T1.T_SYS_OP_TIME DESC [end]

[start] [DEBUG] [2026-06-24 10:49:35.820] [C009313_C009313MCM1] 
====request content is: 
    Request Type: Temp
Component : DBHelper
Session Context is: 
com.cs.core.utility.SessionContext@40f8fe0b
Request Info Type : com.cs.core.dao.exec.SQLDao
Request Info Content is: 
[01]SELECT T1.C_BK_GROUP_ID, T1.C_MAIN_REF, T1.C_TRX_REF, T1.C_UNIT_CODE, T1.PARENT_MAIN_REF, T1.C_TRX_STATUS, T1.CURRNT_STATUS, T1.C2A_STATUS, T1.I_EVENT_TIMES, T1.C_MODULE, T1.C_FUNC_ID, T1.C_PRODUCT_ID, T1.C_TRX_ID, T3.C_LOCKED_FLAG, T3.C_LOCKED_OP, T3.C_USER_DESC, T1.D_SYS_OP_DATE, T1.T_SYS_OP_TIME, T1.C2A_CCY, T1.C2A_AMOUNT, T1.C2A_COUNTERPARTY FROM CETRX.TRX_INBOX T1 LEFT JOIN CETRX.TRX_LOCK_INFO T3 ON T1.C_MAIN_REF = T3.C_MAIN_REF AND T1.C_UNIT_CODE = T3.C_UNIT_CODE WHERE   T1.C_BK_GROUP_ID = 'CSBANK'  AND (( T1.C_UNIT_CODE = 'C009313'  AND  T1.C_PRODUCT_ID IN ('FHS0YffwVNuA','P13101500000','P16062000000','P19080800000','P19080800001','P19080800002','P20030600000','epF3a6u4ZGAt') )) AND (T1.C_TRX_STATUS IN ('P', 'T', 'A', 'S', 'R') AND (T1.C_MODULE = 'IMLC' OR T1.C_MODULE = 'EXLC' OR T1.C_MODULE = 'FAEF' OR T1.C_MODULE = 'FADA' OR T1.C_MODULE = 'ABLF') AND T1.C2A_STATUS NOT IN ('Discrepancies rejected_fully authorized') OR T1.C_TRX_STATUS = 'M' AND (T1.C_MODULE = 'IMLC' AND T1.C2A_STATUS NOT IN ('Issued', 'Amended', 'Beneficiary rejected', 'Settled') OR T1.C_MODULE = 'EXCO' AND T1.CURRNT_STATUS NOT IN ('Payment Advice') OR T1.C_MODULE = 'EXLC' AND T1.CURRNT_STATUS NOT IN ('Settled', 'Advise Received', 'Amendment Received', 'Docment Received') OR T1.C_MODULE = 'FAEF' AND T1.CURRNT_STATUS NOT IN ('Settled', 'Advise Received') OR T1.C_MODULE = 'FADA' AND T1.CURRNT_STATUS NOT IN ('Settled', 'Advise Received') OR T1.C_MODULE = 'ABLF' AND T1.CURRNT_STATUS NOT IN ('Settled', 'Advise Received'))) AND T1.C_TRX_ID NOT IN (SELECT C_TRX_ID FROM CETRX.TRX_USER_DISMISS WHERE C_USER_ID = 'C009313MCM1' AND C_GRP_CODE = 'C009313') AND (T1.C_MODULE = 'IMLC' OR T1.C_MODULE = 'EXLC' OR T1.C_MODULE = 'FAEF' OR T1.C_MODULE = 'FADA' OR T1.C_MODULE = 'ABLF') ORDER BY T1.D_SYS_OP_DATE DESC, T1.T_SYS_OP_TIME DESC

 [end]

[start] [ERROR] [2026-06-24 10:49:35.912] [C009313_C009313MCM1] 
Can not find product ID  in parameter products.xml [end]

[start] [ERROR] [2026-06-24 10:49:35.912] [C009313_C009313MCM1] 
Can not find product ID  in parameter products.xml [end]

[start] [ERROR] [2026-06-24 10:49:35.914] [C009313_C009313MCM1] 
Can not find product ID  in parameter products.xml [end]

[start] [ERROR] [2026-06-24 10:49:35.915] [C009313_C009313MCM1] 
Can not find product ID  in parameter products.xml [end]

[start] [ERROR] [2026-06-24 10:49:35.916] [C009313_C009313MCM1] 
Can not find product ID  in parameter products.xml [end]

[start] [ERROR] [2026-06-24 10:49:35.916] [C009313_C009313MCM1] 
Can not find product ID  in parameter products.xml [end]

[start] [ERROR] [2026-06-24 10:49:35.917] [C009313_C009313MCM1] 
Can not find product ID  in parameter products.xml [end]

[start] [ERROR] [2026-06-24 10:49:35.918] [C009313_C009313MCM1] 
Can not find product ID  in parameter products.xml [end]

[start] [ERROR] [2026-06-24 10:49:35.919] [C009313_C009313MCM1] 
Can not find product ID  in parameter products.xml [end]

[start] [ERROR] [2026-06-24 10:49:35.920] [C009313_C009313MCM1] 
Can not find product ID  in parameter products.xml [end]

[start] [ERROR] [2026-06-24 10:49:35.921] [C009313_C009313MCM1] 
Can not find product ID  in parameter products.xml [end]

[start] [ERROR] [2026-06-24 10:49:35.922] [C009313_C009313MCM1] 
Can not find product ID  in parameter products.xml [end]

[start] [ERROR] [2026-06-24 10:49:35.923] [C009313_C009313MCM1] 
Can not find product ID  in parameter products.xml [end]

[start] [ERROR] [2026-06-24 10:49:35.924] [C009313_C009313MCM1] 
Can not find product ID  in parameter products.xml [end]

[start] [ERROR] [2026-06-24 10:49:35.925] [C009313_C009313MCM1] 
Can not find product ID  in parameter products.xml [end]

[start] [ERROR] [2026-06-24 10:49:35.926] [C009313_C009313MCM1] 
Can not find product ID  in parameter products.xml [end]

[start] [ERROR] [2026-06-24 10:49:35.926] [C009313_C009313MCM1] 
Can not find product ID  in parameter products.xml [end]

[start] [ERROR] [2026-06-24 10:49:35.927] [C009313_C009313MCM1] 
Can not find product ID  in parameter products.xml [end]

[start] [ERROR] [2026-06-24 10:49:35.928] [C009313_C009313MCM1] 
Can not find product ID  in parameter products.xml [end]

[start] [ERROR] [2026-06-24 10:49:35.929] [C009313_C009313MCM1] 
Can not find product ID  in parameter products.xml [end]

[start] [ERROR] [2026-06-24 10:49:35.930] [C009313_C009313MCM1] 
Can not find product ID  in parameter products.xml [end]

[start] [ERROR] [2026-06-24 10:49:35.931] [C009313_C009313MCM1] 
Can not find product ID  in parameter products.xml [end]

[start] [ERROR] [2026-06-24 10:49:35.931] [C009313_C009313MCM1] 
Can not find product ID  in parameter products.xml [end]

[start] [ERROR] [2026-06-24 10:49:35.932] [C009313_C009313MCM1] 
Can not find product ID  in parameter products.xml [end]

[start] [ERROR] [2026-06-24 10:49:35.933] [C009313_C009313MCM1] 
Can not find product ID  in parameter products.xml [end]

[start] [ERROR] [2026-06-24 10:49:35.934] [C009313_C009313MCM1] 
Can not find product ID  in parameter products.xml [end]

[start] [ERROR] [2026-06-24 10:49:35.935] [C009313_C009313MCM1] 
Can not find product ID  in parameter products.xml [end]

[start] [ERROR] [2026-06-24 10:49:35.936] [C009313_C009313MCM1] 
Can not find product ID  in parameter products.xml [end]

[start] [ERROR] [2026-06-24 10:49:35.937] [C009313_C009313MCM1] 
Can not find product ID  in parameter products.xml [end]

[start] [ERROR] [2026-06-24 10:49:35.938] [C009313_C009313MCM1] 
Can not find product ID  in parameter products.xml [end]

[start] [ERROR] [2026-06-24 10:49:35.938] [C009313_C009313MCM1] 
Can not find product ID  in parameter products.xml [end]

[start] [ERROR] [2026-06-24 10:49:35.939] [C009313_C009313MCM1] 
Can not find product ID  in parameter products.xml [end]

[start] [ERROR] [2026-06-24 10:49:35.941] [C009313_C009313MCM1] 
Can not find product ID  in parameter products.xml [end]

[start] [ERROR] [2026-06-24 10:49:35.941] [C009313_C009313MCM1] 
Can not find product ID  in parameter products.xml [end]

[start] [ERROR] [2026-06-24 10:49:35.942] [C009313_C009313MCM1] 
Can not find product ID  in parameter products.xml [end]

[start] [ERROR] [2026-06-24 10:49:35.943] [C009313_C009313MCM1] 
Can not find product ID  in parameter products.xml [end]

[start] [ERROR] [2026-06-24 10:49:35.944] [C009313_C009313MCM1] 
Can not find product ID  in parameter products.xml [end]

[start] [ERROR] [2026-06-24 10:49:35.945] [C009313_C009313MCM1] 
Can not find product ID  in parameter products.xml [end]

[start] [ERROR] [2026-06-24 10:49:35.946] [C009313_C009313MCM1] 
Can not find product ID  in parameter products.xml [end]

[start] [ERROR] [2026-06-24 10:49:35.947] [C009313_C009313MCM1] 
Can not find product ID  in parameter products.xml [end]

[start] [DEBUG] [2026-06-24 10:49:35.948] [C009313_C009313MCM1] 
====request content is: 
    Request Type: Temp
Component : DBHelper
Session Context is: 
com.cs.core.utility.SessionContext@40f8fe0b
Request Info Type : com.cs.core.dao.exec.SQLDao
Request Info Content is: 
[01]SELECT C_UNIT_CODE,C_UNIT_NAME FROM CEUSER.SEC_BUSINESS_UNIT WHERE C_UNIT_CODE = 'C009313' 

 [end]

[start] [DEBUG] [2026-06-24 10:49:35.958] [C009313_C009313MCM1] 
====request content is: 
    Request Type: Temp
Component : DBHelper
Session Context is: 
com.cs.core.utility.SessionContext@40f8fe0b
Request Info Type : com.cs.core.dao.exec.SQLDao
Request Info Content is: 
[01]SELECT C_CRITERIA_DATA,C_TMPL_NAME,C_IS_DEFAULT FROM CETRX.STD_SEARCH_CRITERIA  WHERE  C_UNIT_CODE = 'C009313'  AND  C_USER_ID = 'C009313MCM1'  AND  C_CATA_ID = 'C2A_InProgress_Both'  AND  C_BK_GROUP_ID = 'CSBANK'  AND  I_CRITERIA_TYPE = 4 

 [end]

[start] [DEBUG] [2026-06-24 10:52:42.529] [C009313_C009313MCM1] 
The request URI is : /BL6CEWeb/v1/message-api-receiver/stp/agreement [end]

[start] [DEBUG] [2026-06-24 10:52:42.530] [C009313_C009313MCM1] 
The session refresh token in session is : null [end]

[start] [DEBUG] [2026-06-24 10:53:01.909] [C009313_C009313MCM1] 
The request URI is : /BL6CEWeb/v1/message-api-receiver/stp/sbr [end]

[start] [DEBUG] [2026-06-24 10:53:01.914] [C009313_C009313MCM1] 
The session refresh token in session is : null [end]

[start] [DEBUG] [2026-06-24 11:15:23.694] [C009313_C009313MCM1] 
====request content is: 
    Request Type: Temp
Component : DBHelper
Session Context is: 
com.cs.core.utility.SessionContext@1822e051
Request Info Type : com.cs.core.dao.exec.SQLDao
Request Info Content is: 
[01]DELETE FROM CEUSER.SEC_LOGIN_SESSION WHERE C_BK_GROUP_ID = 'CSBANK' AND C_USER_ID = 'C009313MCM1' AND C_UNIT_CODE = 'C009313' AND C_SESSION_ID = 'uwU334EEhY-QftwQH3on5bs' 

 [end]
