
[start] [DEBUG] [2026-04-06 11:06:29.377] [SYSTEMS] 
Generating STP Code (Msg numbers:1 [end]

[start] [DEBUG] [2026-04-06 11:06:29.387] [SYSTEMS] 
Generating STP Code -- OK! [end]

[start] [DEBUG] [2026-04-06 11:06:29.389] [SYSTEMS] 
Get Data Source:CET -- OK! [end]

[start] [DEBUG] [2026-04-06 11:06:29.391] [SYSTEMS] 
Starting to process STP message... [end]

[start] [DEBUG] [2026-04-06 11:06:29.393] [SYSTEMS] 
Entering into STP Manager... [end]

[start] [DEBUG] [2026-04-06 11:06:29.401] [SYSTEMS] 
STP Type is:InGapiForm [end]

[start] [DEBUG] [2026-04-06 11:06:29.401] [SYSTEMS] 
Initing adpater class:InGapiForm ... [end]

[start] [DEBUG] [2026-04-06 11:06:29.407] [SYSTEMS] 
Inited adpater class--OK! [end]

[start] [DEBUG] [2026-04-06 11:06:29.409] [SYSTEMS] 
Starting to convert STP message to STP XML Dom... [end]

[start] [DEBUG] [2026-04-06 11:06:29.512] [SYSTEMS] 
Start: set system name to BKTS [end]

[start] [DEBUG] [2026-04-06 11:06:29.514] [SYSTEMS] 
should set system name to SCF [end]

[start] [DEBUG] [2026-04-06 11:06:29.516] [SYSTEMS] 
userId= [end]

[start] [DEBUG] [2026-04-06 11:06:29.528] [SYSTEMS] 
recDate:2026-04-06 [end]

[start] [DEBUG] [2026-04-06 11:06:29.530] [SYSTEMS] 
End: set system name to BKTS [end]

[start] [DEBUG] [2026-04-06 11:06:29.550] [SYSTEMS] 
Start: assing msg to Receive Agreement [end]

[start] [DEBUG] [2026-04-06 11:06:29.550] [SYSTEMS] 
busiType============PF [end]

[start] [DEBUG] [2026-04-06 11:06:29.597] [SYSTEMS] 
End: assing msg to Receive Agreement [end]

[start] [DEBUG] [2026-04-06 11:06:29.671] [SYSTEMS] 
Start: Receive Agreement [end]

[start] [DEBUG] [2026-04-06 11:06:29.673] [SYSTEMS] 
Start to create user! [end]

[start] [DEBUG] [2026-04-06 11:06:30.746] [SYSTEMS] 
Create user end! [end]

[start] [DEBUG] [2026-04-06 11:06:30.747] [SYSTEMS] 
sMainRef======================SCFUS2607175 [end]

[start] [DEBUG] [2026-04-06 11:06:30.747] [SYSTEMS] 
FACUSTREGNO======================C007544REG [end]

[start] [DEBUG] [2026-04-06 11:06:30.749] [SYSTEMS] 
FAPMT====================== [end]

[start] [DEBUG] [2026-04-06 11:06:30.749] [SYSTEMS] 
sUnitCode======================C007544 [end]

[start] [DEBUG] [2026-04-06 11:06:30.754] [SYSTEMS] 
End: Receive Agreement [end]

[start] [DEBUG] [2026-04-06 11:06:30.756] [CSBANK_CSBANK] 
Converted STP message to STP XML Dom -- OK! [end]

[start] [DEBUG] [2026-04-06 11:06:30.765] [CSBANK_CSBANK] 
Starting to call Control Manager:TrxManagerMaster... [end]

[start] [DEBUG] [2026-04-06 11:06:30.927] [CSBANK_CSBANK] 
Called Control Manager:TrxManagerMaster --OK! [end]

[start] [DEBUG] [2026-04-06 11:06:30.929] [CSBANK_CSBANK] 
Completed processing STP message -- OK! [end]

[start] [DEBUG] [2026-04-06 11:06:30.931] [CSBANK_CSBANK] 
Starting to write process status to DB! [end]

[start] [DEBUG] [2026-04-06 11:06:30.933] [CSBANK_CSBANK] 
Starting to call STPResultProcess. [end]

[start] [DEBUG] [2026-04-06 11:06:30.933] [CSBANK_CSBANK] 
isSuccess=true; errorMessage=null [end]

[start] [DEBUG] [2026-04-06 11:06:30.935] [CSBANK_CSBANK] 
Completed to call STPResultProcess. [end]

[start] [DEBUG] [2026-04-06 11:06:30.945] [CSBANK_CSBANK] 
Wrote process status to DB -- OK! [end]

[start] [DEBUG] [2026-04-06 11:06:30.947] [CSBANK_CSBANK] 
Exit STP Process -- OK! [end]

[start] [DEBUG] [2026-04-06 11:13:56.639] [SYSTEMS] 
Generating STP Code (Msg numbers:1 [end]

[start] [DEBUG] [2026-04-06 11:13:56.639] [SYSTEMS] 
Generating STP Code -- OK! [end]

[start] [DEBUG] [2026-04-06 11:13:56.641] [SYSTEMS] 
Get Data Source:CET -- OK! [end]

[start] [DEBUG] [2026-04-06 11:13:56.641] [SYSTEMS] 
Starting to process STP message... [end]

[start] [DEBUG] [2026-04-06 11:13:56.643] [SYSTEMS] 
Entering into STP Manager... [end]

[start] [DEBUG] [2026-04-06 11:13:56.643] [SYSTEMS] 
STP Type is:InGapiForm [end]

[start] [DEBUG] [2026-04-06 11:13:56.645] [SYSTEMS] 
Initing adpater class:InGapiForm ... [end]

[start] [DEBUG] [2026-04-06 11:13:56.645] [SYSTEMS] 
Inited adpater class--OK! [end]

[start] [DEBUG] [2026-04-06 11:13:56.647] [SYSTEMS] 
Starting to convert STP message to STP XML Dom... [end]

[start] [DEBUG] [2026-04-06 11:13:56.657] [SYSTEMS] 
Start: set system name to BKTS [end]

[start] [DEBUG] [2026-04-06 11:13:56.659] [SYSTEMS] 
should set system name to SCF [end]

[start] [DEBUG] [2026-04-06 11:13:56.661] [SYSTEMS] 
userId= [end]

[start] [DEBUG] [2026-04-06 11:13:56.667] [SYSTEMS] 
recDate:2026-04-06 [end]

[start] [DEBUG] [2026-04-06 11:13:56.669] [SYSTEMS] 
End: set system name to BKTS [end]

[start] [DEBUG] [2026-04-06 11:13:56.675] [SYSTEMS] 
Start: assing msg to Receive Agreement [end]

[start] [DEBUG] [2026-04-06 11:13:56.675] [SYSTEMS] 
busiType============PF [end]

[start] [DEBUG] [2026-04-06 11:13:56.681] [SYSTEMS] 
End: assing msg to Receive Agreement [end]

[start] [DEBUG] [2026-04-06 11:13:56.688] [SYSTEMS] 
Start: Receive Agreement [end]

[start] [DEBUG] [2026-04-06 11:13:56.690] [SYSTEMS] 
Start to create user! [end]

[start] [DEBUG] [2026-04-06 11:13:57.623] [SYSTEMS] 
Create user end! [end]

[start] [DEBUG] [2026-04-06 11:13:57.623] [SYSTEMS] 
sMainRef======================SCFUS2607178 [end]

[start] [DEBUG] [2026-04-06 11:13:57.625] [SYSTEMS] 
FACUSTREGNO======================C009901reg [end]

[start] [DEBUG] [2026-04-06 11:13:57.627] [SYSTEMS] 
FAPMT====================== [end]

[start] [DEBUG] [2026-04-06 11:13:57.627] [SYSTEMS] 
sUnitCode======================C009901 [end]

[start] [DEBUG] [2026-04-06 11:13:57.633] [SYSTEMS] 
End: Receive Agreement [end]

[start] [DEBUG] [2026-04-06 11:13:57.635] [CSBANK_CSBANK] 
Converted STP message to STP XML Dom -- OK! [end]

[start] [DEBUG] [2026-04-06 11:13:57.641] [CSBANK_CSBANK] 
Starting to call Control Manager:TrxManagerMaster... [end]

[start] [DEBUG] [2026-04-06 11:13:57.763] [CSBANK_CSBANK] 
Called Control Manager:TrxManagerMaster --OK! [end]

[start] [DEBUG] [2026-04-06 11:13:57.769] [CSBANK_CSBANK] 
Completed processing STP message -- OK! [end]

[start] [DEBUG] [2026-04-06 11:13:57.771] [CSBANK_CSBANK] 
Starting to write process status to DB! [end]

[start] [DEBUG] [2026-04-06 11:13:57.775] [CSBANK_CSBANK] 
Starting to call STPResultProcess. [end]

[start] [DEBUG] [2026-04-06 11:13:57.777] [CSBANK_CSBANK] 
isSuccess=true; errorMessage=null [end]

[start] [DEBUG] [2026-04-06 11:13:57.777] [CSBANK_CSBANK] 
Completed to call STPResultProcess. [end]

[start] [DEBUG] [2026-04-06 11:13:57.782] [CSBANK_CSBANK] 
Wrote process status to DB -- OK! [end]

[start] [DEBUG] [2026-04-06 11:13:57.782] [CSBANK_CSBANK] 
Exit STP Process -- OK! [end]

[start] [DEBUG] [2026-04-06 11:30:37.317] [SYSTEMS] 
Generating STP Code (Msg numbers:1 [end]

[start] [DEBUG] [2026-04-06 11:30:37.317] [SYSTEMS] 
Generating STP Code -- OK! [end]

[start] [DEBUG] [2026-04-06 11:30:37.317] [SYSTEMS] 
Get Data Source:CET -- OK! [end]

[start] [DEBUG] [2026-04-06 11:30:37.319] [SYSTEMS] 
Starting to process STP message... [end]

[start] [DEBUG] [2026-04-06 11:30:37.319] [SYSTEMS] 
Entering into STP Manager... [end]

[start] [DEBUG] [2026-04-06 11:30:37.320] [SYSTEMS] 
STP Type is:InGapiForm [end]

[start] [DEBUG] [2026-04-06 11:30:37.321] [SYSTEMS] 
Initing adpater class:InGapiForm ... [end]

[start] [DEBUG] [2026-04-06 11:30:37.321] [SYSTEMS] 
Inited adpater class--OK! [end]

[start] [DEBUG] [2026-04-06 11:30:37.322] [SYSTEMS] 
Starting to convert STP message to STP XML Dom... [end]

[start] [DEBUG] [2026-04-06 11:30:37.331] [SYSTEMS] 
Start: set system name to BKTS [end]

[start] [DEBUG] [2026-04-06 11:30:37.331] [SYSTEMS] 
should set system name to SCF [end]

[start] [DEBUG] [2026-04-06 11:30:37.332] [SYSTEMS] 
userId= [end]

[start] [DEBUG] [2026-04-06 11:30:37.337] [SYSTEMS] 
recDate:2026-04-06 [end]

[start] [DEBUG] [2026-04-06 11:30:37.338] [SYSTEMS] 
End: set system name to BKTS [end]

[start] [DEBUG] [2026-04-06 11:30:37.344] [SYSTEMS] 
Start: assing msg to Receive Agreement [end]

[start] [DEBUG] [2026-04-06 11:30:37.344] [SYSTEMS] 
busiType============PF [end]

[start] [DEBUG] [2026-04-06 11:30:37.348] [SYSTEMS] 
End: assing msg to Receive Agreement [end]

[start] [DEBUG] [2026-04-06 11:30:37.354] [SYSTEMS] 
Start: Receive Agreement [end]

[start] [DEBUG] [2026-04-06 11:30:37.356] [SYSTEMS] 
Start to create user! [end]

[start] [DEBUG] [2026-04-06 11:30:38.132] [SYSTEMS] 
Create user end! [end]

[start] [DEBUG] [2026-04-06 11:30:38.134] [SYSTEMS] 
sMainRef======================SCFUS2607177 [end]

[start] [DEBUG] [2026-04-06 11:30:38.134] [SYSTEMS] 
FACUSTREGNO======================C003532reg [end]

[start] [DEBUG] [2026-04-06 11:30:38.136] [SYSTEMS] 
FAPMT====================== [end]

[start] [DEBUG] [2026-04-06 11:30:38.136] [SYSTEMS] 
sUnitCode======================C003532 [end]

[start] [DEBUG] [2026-04-06 11:30:38.141] [SYSTEMS] 
End: Receive Agreement [end]

[start] [DEBUG] [2026-04-06 11:30:38.143] [CSBANK_CSBANK] 
Converted STP message to STP XML Dom -- OK! [end]

[start] [DEBUG] [2026-04-06 11:30:38.146] [CSBANK_CSBANK] 
Starting to call Control Manager:TrxManagerMaster... [end]

[start] [DEBUG] [2026-04-06 11:30:38.186] [CSBANK_CSBANK] 
Called Control Manager:TrxManagerMaster --OK! [end]

[start] [DEBUG] [2026-04-06 11:30:38.190] [CSBANK_CSBANK] 
Completed processing STP message -- OK! [end]

[start] [DEBUG] [2026-04-06 11:30:38.192] [CSBANK_CSBANK] 
Starting to write process status to DB! [end]

[start] [DEBUG] [2026-04-06 11:30:38.195] [CSBANK_CSBANK] 
Starting to call STPResultProcess. [end]

[start] [DEBUG] [2026-04-06 11:30:38.195] [CSBANK_CSBANK] 
isSuccess=true; errorMessage=null [end]

[start] [DEBUG] [2026-04-06 11:30:38.197] [CSBANK_CSBANK] 
Completed to call STPResultProcess. [end]

[start] [DEBUG] [2026-04-06 11:30:38.202] [CSBANK_CSBANK] 
Wrote process status to DB -- OK! [end]

[start] [DEBUG] [2026-04-06 11:30:38.202] [CSBANK_CSBANK] 
Exit STP Process -- OK! [end]

[start] [DEBUG] [2026-04-06 12:03:41.373] [SYSTEMS] 
Generating STP Code (Msg numbers:1 [end]

[start] [DEBUG] [2026-04-06 12:03:41.381] [SYSTEMS] 
Generating STP Code -- OK! [end]

[start] [DEBUG] [2026-04-06 12:03:41.383] [SYSTEMS] 
Get Data Source:CET -- OK! [end]

[start] [DEBUG] [2026-04-06 12:03:41.385] [SYSTEMS] 
Starting to process STP message... [end]

[start] [DEBUG] [2026-04-06 12:03:41.389] [SYSTEMS] 
Entering into STP Manager... [end]

[start] [DEBUG] [2026-04-06 12:03:41.396] [SYSTEMS] 
STP Type is:InGapiForm [end]

[start] [DEBUG] [2026-04-06 12:03:41.398] [SYSTEMS] 
Initing adpater class:InGapiForm ... [end]

[start] [DEBUG] [2026-04-06 12:03:41.404] [SYSTEMS] 
Inited adpater class--OK! [end]

[start] [DEBUG] [2026-04-06 12:03:41.406] [SYSTEMS] 
Starting to convert STP message to STP XML Dom... [end]

[start] [DEBUG] [2026-04-06 12:03:41.448] [SYSTEMS] 
Start: set system name to BKTS [end]

[start] [DEBUG] [2026-04-06 12:03:41.450] [SYSTEMS] 
should set system name to SCF [end]

[start] [DEBUG] [2026-04-06 12:03:41.452] [SYSTEMS] 
userId= [end]

[start] [DEBUG] [2026-04-06 12:03:41.480] [SYSTEMS] 
recDate:2026-04-06 [end]

[start] [DEBUG] [2026-04-06 12:03:41.482] [SYSTEMS] 
End: set system name to BKTS [end]

[start] [DEBUG] [2026-04-06 12:03:41.492] [SYSTEMS] 
Start: assing msg to Receive Agreement [end]

[start] [DEBUG] [2026-04-06 12:03:41.494] [SYSTEMS] 
busiType============PF [end]

[start] [DEBUG] [2026-04-06 12:03:41.547] [SYSTEMS] 
End: assing msg to Receive Agreement [end]

[start] [DEBUG] [2026-04-06 12:03:41.593] [SYSTEMS] 
Start: Receive Agreement [end]

[start] [DEBUG] [2026-04-06 12:03:41.597] [SYSTEMS] 
Start to create user! [end]

[start] [DEBUG] [2026-04-06 12:03:43.943] [SYSTEMS] 
Create user end! [end]

[start] [DEBUG] [2026-04-06 12:03:43.944] [SYSTEMS] 
sMainRef======================SCFUS2607182 [end]

[start] [DEBUG] [2026-04-06 12:03:43.946] [SYSTEMS] 
FACUSTREGNO======================C007152REG [end]

[start] [DEBUG] [2026-04-06 12:03:43.948] [SYSTEMS] 
FAPMT====================== [end]

[start] [DEBUG] [2026-04-06 12:03:43.950] [SYSTEMS] 
sUnitCode======================C007152 [end]

[start] [DEBUG] [2026-04-06 12:03:43.962] [SYSTEMS] 
End: Receive Agreement [end]

[start] [DEBUG] [2026-04-06 12:03:43.966] [CSBANK_CSBANK] 
Converted STP message to STP XML Dom -- OK! [end]

[start] [DEBUG] [2026-04-06 12:03:44.000] [CSBANK_CSBANK] 
Starting to call Control Manager:TrxManagerMaster... [end]

[start] [DEBUG] [2026-04-06 12:03:44.214] [CSBANK_CSBANK] 
Called Control Manager:TrxManagerMaster --OK! [end]

[start] [DEBUG] [2026-04-06 12:03:44.224] [CSBANK_CSBANK] 
Completed processing STP message -- OK! [end]

[start] [DEBUG] [2026-04-06 12:03:44.226] [CSBANK_CSBANK] 
Starting to write process status to DB! [end]

[start] [DEBUG] [2026-04-06 12:03:44.235] [CSBANK_CSBANK] 
Starting to call STPResultProcess. [end]

[start] [DEBUG] [2026-04-06 12:03:44.237] [CSBANK_CSBANK] 
isSuccess=true; errorMessage=null [end]

[start] [DEBUG] [2026-04-06 12:03:44.239] [CSBANK_CSBANK] 
Completed to call STPResultProcess. [end]

[start] [DEBUG] [2026-04-06 12:03:44.252] [CSBANK_CSBANK] 
Wrote process status to DB -- OK! [end]

[start] [DEBUG] [2026-04-06 12:03:44.254] [CSBANK_CSBANK] 
Exit STP Process -- OK! [end]

[start] [DEBUG] [2026-04-06 12:04:00.913] [SYSTEMS] 
Generating STP Code (Msg numbers:1 [end]

[start] [DEBUG] [2026-04-06 12:04:00.913] [SYSTEMS] 
Generating STP Code -- OK! [end]

[start] [DEBUG] [2026-04-06 12:04:00.915] [SYSTEMS] 
Get Data Source:CET -- OK! [end]

[start] [DEBUG] [2026-04-06 12:04:00.915] [SYSTEMS] 
Starting to process STP message... [end]

[start] [DEBUG] [2026-04-06 12:04:00.917] [SYSTEMS] 
Entering into STP Manager... [end]

[start] [DEBUG] [2026-04-06 12:04:00.917] [SYSTEMS] 
STP Type is:InGapiForm [end]

[start] [DEBUG] [2026-04-06 12:04:00.919] [SYSTEMS] 
Initing adpater class:InGapiForm ... [end]

[start] [DEBUG] [2026-04-06 12:04:00.921] [SYSTEMS] 
Inited adpater class--OK! [end]

[start] [DEBUG] [2026-04-06 12:04:00.922] [SYSTEMS] 
Starting to convert STP message to STP XML Dom... [end]

[start] [DEBUG] [2026-04-06 12:04:00.938] [SYSTEMS] 
Start: set system name to BKTS [end]

[start] [DEBUG] [2026-04-06 12:04:00.940] [SYSTEMS] 
should set system name to SCF [end]

[start] [DEBUG] [2026-04-06 12:04:00.942] [SYSTEMS] 
userId= [end]

[start] [DEBUG] [2026-04-06 12:04:00.958] [SYSTEMS] 
recDate:2026-04-06 [end]

[start] [DEBUG] [2026-04-06 12:04:00.960] [SYSTEMS] 
End: set system name to BKTS [end]

[start] [DEBUG] [2026-04-06 12:04:00.988] [SYSTEMS] 
Start: assing msg to Receive SBR for Anchor Customer [end]

[start] [DEBUG] [2026-04-06 12:04:00.990] [SYSTEMS] 
busiType============PF [end]

[start] [DEBUG] [2026-04-06 12:04:01.009] [SYSTEMS] 
End: assing msg to Receive SBR for Anchor Customer [end]

[start] [DEBUG] [2026-04-06 12:04:01.059] [SYSTEMS] 
Start: Receive SBR for Anchor Customer [end]

[start] [DEBUG] [2026-04-06 12:04:01.061] [SYSTEMS] 
sMainRef======================20260406120401059 [end]

[start] [DEBUG] [2026-04-06 12:04:01.063] [SYSTEMS] 
sMainRef======================30 [end]

[start] [DEBUG] [2026-04-06 12:04:01.065] [SYSTEMS] 
custreno======================C007152REG [end]

[start] [DEBUG] [2026-04-06 12:04:01.067] [SYSTEMS] 
CounterRegNo======================C007090REG [end]

[start] [DEBUG] [2026-04-06 12:04:01.079] [SYSTEMS] 
End: Receive SBR for Anchor Customer [end]

[start] [DEBUG] [2026-04-06 12:04:01.081] [CSBANK_CSBANK] 
Converted STP message to STP XML Dom -- OK! [end]

[start] [DEBUG] [2026-04-06 12:04:01.093] [CSBANK_CSBANK] 
Starting to call Control Manager:TrxManagerMaster... [end]

[start] [DEBUG] [2026-04-06 12:04:01.337] [CSBANK_CSBANK] 
Called Control Manager:TrxManagerMaster --OK! [end]

[start] [DEBUG] [2026-04-06 12:04:01.346] [CSBANK_CSBANK] 
Completed processing STP message -- OK! [end]

[start] [DEBUG] [2026-04-06 12:04:01.348] [CSBANK_CSBANK] 
Starting to write process status to DB! [end]

[start] [DEBUG] [2026-04-06 12:04:01.357] [CSBANK_CSBANK] 
Starting to call STPResultProcess. [end]

[start] [DEBUG] [2026-04-06 12:04:01.359] [CSBANK_CSBANK] 
isSuccess=true; errorMessage=null [end]

[start] [DEBUG] [2026-04-06 12:04:01.361] [CSBANK_CSBANK] 
Completed to call STPResultProcess. [end]

[start] [DEBUG] [2026-04-06 12:04:01.376] [CSBANK_CSBANK] 
Wrote process status to DB -- OK! [end]

[start] [DEBUG] [2026-04-06 12:04:01.378] [CSBANK_CSBANK] 
Exit STP Process -- OK! [end]

[start] [DEBUG] [2026-04-06 12:04:01.489] [CSBANK_CSBANK] 
Generating STP Code (Msg numbers:1 [end]

[start] [DEBUG] [2026-04-06 12:04:01.491] [CSBANK_CSBANK] 
Generating STP Code -- OK! [end]

[start] [DEBUG] [2026-04-06 12:04:01.492] [CSBANK_CSBANK] 
Get Data Source:CET -- OK! [end]

[start] [DEBUG] [2026-04-06 12:04:01.494] [CSBANK_CSBANK] 
Starting to process STP message... [end]

[start] [DEBUG] [2026-04-06 12:04:01.496] [CSBANK_CSBANK] 
Entering into STP Manager... [end]

[start] [DEBUG] [2026-04-06 12:04:01.498] [CSBANK_CSBANK] 
STP Type is:InGapiForm [end]

[start] [DEBUG] [2026-04-06 12:04:01.503] [CSBANK_CSBANK] 
Initing adpater class:InGapiForm ... [end]

[start] [DEBUG] [2026-04-06 12:04:01.505] [CSBANK_CSBANK] 
Inited adpater class--OK! [end]

[start] [DEBUG] [2026-04-06 12:04:01.507] [CSBANK_CSBANK] 
Starting to convert STP message to STP XML Dom... [end]

[start] [DEBUG] [2026-04-06 12:04:01.520] [CSBANK_CSBANK] 
Start: set system name to BKTS [end]

[start] [DEBUG] [2026-04-06 12:04:01.522] [CSBANK_CSBANK] 
should set system name to SCF [end]

[start] [DEBUG] [2026-04-06 12:04:01.526] [CSBANK_CSBANK] 
userId= [end]

[start] [DEBUG] [2026-04-06 12:04:01.548] [CSBANK_CSBANK] 
recDate:2026-04-06 [end]

[start] [DEBUG] [2026-04-06 12:04:01.550] [CSBANK_CSBANK] 
End: set system name to BKTS [end]

[start] [DEBUG] [2026-04-06 12:04:01.578] [CSBANK_CSBANK] 
Start: assing msg to Receive SBR for Counterparty [end]

[start] [DEBUG] [2026-04-06 12:04:01.582] [CSBANK_CSBANK] 
busiType============PF [end]

[start] [DEBUG] [2026-04-06 12:04:01.598] [CSBANK_CSBANK] 
End: assing msg to Receive SBR for Counterparty [end]

[start] [DEBUG] [2026-04-06 12:04:01.649] [CSBANK_CSBANK] 
Start: Receive SBR for Counterparty [end]

[start] [DEBUG] [2026-04-06 12:04:01.651] [CSBANK_CSBANK] 
Start to create user! [end]

[start] [DEBUG] [2026-04-06 12:04:03.115] [CSBANK_CSBANK] 
Create user end! [end]

[start] [DEBUG] [2026-04-06 12:04:03.118] [CSBANK_CSBANK] 
sMainRef======================20260406120403116 [end]

[start] [DEBUG] [2026-04-06 12:04:03.120] [CSBANK_CSBANK] 
custreno======================C007152REG [end]

[start] [DEBUG] [2026-04-06 12:04:03.122] [CSBANK_CSBANK] 
CounterRegNo======================C007090REG [end]

[start] [DEBUG] [2026-04-06 12:04:03.134] [CSBANK_CSBANK] 
sSBRref================PFCSBANK260411294SBR [end]

[start] [DEBUG] [2026-04-06 12:04:03.136] [CSBANK_CSBANK] 
sUnitCode================C007090 [end]

[start] [ERROR] [2026-04-06 12:04:03.179] [CSBANK_CSBANK] 
CEStpJs:SYS_getCUBKVal:
record is null! [end]

[start] [DEBUG] [2026-04-06 12:04:03.179] [CSBANK_CSBANK] 
End: Receive SBR for Counterparty [end]

[start] [DEBUG] [2026-04-06 12:04:03.181] [CSBANK_CSBANK] 
Converted STP message to STP XML Dom -- OK! [end]

[start] [DEBUG] [2026-04-06 12:04:03.187] [CSBANK_CSBANK] 
Starting to call Control Manager:TrxManagerMaster... [end]

[start] [DEBUG] [2026-04-06 12:04:03.260] [CSBANK_CSBANK] 
Called Control Manager:TrxManagerMaster --OK! [end]

[start] [DEBUG] [2026-04-06 12:04:03.268] [CSBANK_CSBANK] 
Completed processing STP message -- OK! [end]

[start] [DEBUG] [2026-04-06 12:04:03.268] [CSBANK_CSBANK] 
Starting to write process status to DB! [end]

[start] [DEBUG] [2026-04-06 12:04:03.274] [CSBANK_CSBANK] 
Starting to call STPResultProcess. [end]

[start] [DEBUG] [2026-04-06 12:04:03.275] [CSBANK_CSBANK] 
isSuccess=true; errorMessage=null [end]

[start] [DEBUG] [2026-04-06 12:04:03.277] [CSBANK_CSBANK] 
Completed to call STPResultProcess. [end]

[start] [DEBUG] [2026-04-06 12:04:03.285] [CSBANK_CSBANK] 
Wrote process status to DB -- OK! [end]

[start] [DEBUG] [2026-04-06 12:04:03.287] [CSBANK_CSBANK] 
Exit STP Process -- OK! [end]

[start] [DEBUG] [2026-04-06 13:15:29.256] [SYSTEMS] 
Generating STP Code (Msg numbers:1 [end]

[start] [DEBUG] [2026-04-06 13:15:29.266] [SYSTEMS] 
Generating STP Code -- OK! [end]

[start] [DEBUG] [2026-04-06 13:15:29.266] [SYSTEMS] 
Get Data Source:CET -- OK! [end]

[start] [DEBUG] [2026-04-06 13:15:29.268] [SYSTEMS] 
Starting to process STP message... [end]

[start] [DEBUG] [2026-04-06 13:15:29.272] [SYSTEMS] 
Entering into STP Manager... [end]

[start] [DEBUG] [2026-04-06 13:15:29.278] [SYSTEMS] 
STP Type is:InGapiForm [end]

[start] [DEBUG] [2026-04-06 13:15:29.280] [SYSTEMS] 
Initing adpater class:InGapiForm ... [end]

[start] [DEBUG] [2026-04-06 13:15:29.284] [SYSTEMS] 
Inited adpater class--OK! [end]

[start] [DEBUG] [2026-04-06 13:15:29.286] [SYSTEMS] 
Starting to convert STP message to STP XML Dom... [end]

[start] [DEBUG] [2026-04-06 13:15:29.329] [SYSTEMS] 
Start: set system name to BKTS [end]

[start] [DEBUG] [2026-04-06 13:15:29.329] [SYSTEMS] 
should set system name to SCF [end]

[start] [DEBUG] [2026-04-06 13:15:29.331] [SYSTEMS] 
userId= [end]

[start] [DEBUG] [2026-04-06 13:15:29.367] [SYSTEMS] 
recDate:2026-04-06 [end]

[start] [DEBUG] [2026-04-06 13:15:29.369] [SYSTEMS] 
End: set system name to BKTS [end]

[start] [DEBUG] [2026-04-06 13:15:29.377] [SYSTEMS] 
Start: assing msg to Receive Agreement [end]

[start] [DEBUG] [2026-04-06 13:15:29.379] [SYSTEMS] 
busiType============PF [end]

[start] [DEBUG] [2026-04-06 13:15:29.436] [SYSTEMS] 
End: assing msg to Receive Agreement [end]

[start] [DEBUG] [2026-04-06 13:15:29.466] [SYSTEMS] 
Start: Receive Agreement [end]

[start] [DEBUG] [2026-04-06 13:15:29.468] [SYSTEMS] 
Start to create user! [end]

[start] [DEBUG] [2026-04-06 13:15:30.809] [SYSTEMS] 
Create user end! [end]

[start] [DEBUG] [2026-04-06 13:15:30.811] [SYSTEMS] 
sMainRef======================SCFUS2607172 [end]

[start] [DEBUG] [2026-04-06 13:15:30.811] [SYSTEMS] 
FACUSTREGNO======================C009165REG [end]

[start] [DEBUG] [2026-04-06 13:15:30.813] [SYSTEMS] 
FAPMT====================== [end]

[start] [DEBUG] [2026-04-06 13:15:30.813] [SYSTEMS] 
sUnitCode======================C009165 [end]

[start] [DEBUG] [2026-04-06 13:15:30.819] [SYSTEMS] 
End: Receive Agreement [end]

[start] [DEBUG] [2026-04-06 13:15:30.823] [CSBANK_CSBANK] 
Converted STP message to STP XML Dom -- OK! [end]

[start] [DEBUG] [2026-04-06 13:15:30.837] [CSBANK_CSBANK] 
Starting to call Control Manager:TrxManagerMaster... [end]

[start] [DEBUG] [2026-04-06 13:15:30.932] [CSBANK_CSBANK] 
Called Control Manager:TrxManagerMaster --OK! [end]

[start] [DEBUG] [2026-04-06 13:15:30.936] [CSBANK_CSBANK] 
Completed processing STP message -- OK! [end]

[start] [DEBUG] [2026-04-06 13:15:30.936] [CSBANK_CSBANK] 
Starting to write process status to DB! [end]

[start] [DEBUG] [2026-04-06 13:15:30.940] [CSBANK_CSBANK] 
Starting to call STPResultProcess. [end]

[start] [DEBUG] [2026-04-06 13:15:30.940] [CSBANK_CSBANK] 
isSuccess=true; errorMessage=null [end]

[start] [DEBUG] [2026-04-06 13:15:30.942] [CSBANK_CSBANK] 
Completed to call STPResultProcess. [end]

[start] [DEBUG] [2026-04-06 13:15:30.946] [CSBANK_CSBANK] 
Wrote process status to DB -- OK! [end]

[start] [DEBUG] [2026-04-06 13:15:30.948] [CSBANK_CSBANK] 
Exit STP Process -- OK! [end]

[start] [DEBUG] [2026-04-06 13:16:00.816] [SYSTEMS] 
Generating STP Code (Msg numbers:1 [end]

[start] [DEBUG] [2026-04-06 13:16:00.816] [SYSTEMS] 
Generating STP Code -- OK! [end]

[start] [DEBUG] [2026-04-06 13:16:00.818] [SYSTEMS] 
Get Data Source:CET -- OK! [end]

[start] [DEBUG] [2026-04-06 13:16:00.820] [SYSTEMS] 
Starting to process STP message... [end]

[start] [DEBUG] [2026-04-06 13:16:00.820] [SYSTEMS] 
Entering into STP Manager... [end]

[start] [DEBUG] [2026-04-06 13:16:00.822] [SYSTEMS] 
STP Type is:InGapiForm [end]

[start] [DEBUG] [2026-04-06 13:16:00.834] [SYSTEMS] 
Initing adpater class:InGapiForm ... [end]

[start] [DEBUG] [2026-04-06 13:16:00.836] [SYSTEMS] 
Inited adpater class--OK! [end]

[start] [DEBUG] [2026-04-06 13:16:00.838] [SYSTEMS] 
Starting to convert STP message to STP XML Dom... [end]

[start] [DEBUG] [2026-04-06 13:16:00.860] [SYSTEMS] 
Start: set system name to BKTS [end]

[start] [DEBUG] [2026-04-06 13:16:00.862] [SYSTEMS] 
should set system name to SCF [end]

[start] [DEBUG] [2026-04-06 13:16:00.866] [SYSTEMS] 
userId= [end]

[start] [DEBUG] [2026-04-06 13:16:00.879] [SYSTEMS] 
recDate:2026-04-06 [end]

[start] [DEBUG] [2026-04-06 13:16:00.880] [SYSTEMS] 
End: set system name to BKTS [end]

[start] [DEBUG] [2026-04-06 13:16:00.922] [SYSTEMS] 
Start: assing msg to Receive SBR for Anchor Customer [end]

[start] [DEBUG] [2026-04-06 13:16:00.924] [SYSTEMS] 
busiType============PF [end]

[start] [DEBUG] [2026-04-06 13:16:00.937] [SYSTEMS] 
End: assing msg to Receive SBR for Anchor Customer [end]

[start] [DEBUG] [2026-04-06 13:16:00.969] [SYSTEMS] 
Start: Receive SBR for Anchor Customer [end]

[start] [DEBUG] [2026-04-06 13:16:00.971] [SYSTEMS] 
sMainRef======================20260406131600969 [end]

[start] [DEBUG] [2026-04-06 13:16:00.973] [SYSTEMS] 
sMainRef======================90 [end]

[start] [DEBUG] [2026-04-06 13:16:00.973] [SYSTEMS] 
custreno======================C009165REG [end]

[start] [DEBUG] [2026-04-06 13:16:00.975] [SYSTEMS] 
CounterRegNo======================C006692REG [end]

[start] [DEBUG] [2026-04-06 13:16:00.983] [SYSTEMS] 
End: Receive SBR for Anchor Customer [end]

[start] [DEBUG] [2026-04-06 13:16:00.985] [CSBANK_CSBANK] 
Converted STP message to STP XML Dom -- OK! [end]

[start] [DEBUG] [2026-04-06 13:16:00.991] [CSBANK_CSBANK] 
Starting to call Control Manager:TrxManagerMaster... [end]

[start] [DEBUG] [2026-04-06 13:16:01.092] [CSBANK_CSBANK] 
Called Control Manager:TrxManagerMaster --OK! [end]

[start] [DEBUG] [2026-04-06 13:16:01.096] [CSBANK_CSBANK] 
Completed processing STP message -- OK! [end]

[start] [DEBUG] [2026-04-06 13:16:01.096] [CSBANK_CSBANK] 
Starting to write process status to DB! [end]

[start] [DEBUG] [2026-04-06 13:16:01.100] [CSBANK_CSBANK] 
Starting to call STPResultProcess. [end]

[start] [DEBUG] [2026-04-06 13:16:01.101] [CSBANK_CSBANK] 
isSuccess=true; errorMessage=null [end]

[start] [DEBUG] [2026-04-06 13:16:01.101] [CSBANK_CSBANK] 
Completed to call STPResultProcess. [end]

[start] [DEBUG] [2026-04-06 13:16:01.108] [CSBANK_CSBANK] 
Wrote process status to DB -- OK! [end]

[start] [DEBUG] [2026-04-06 13:16:01.108] [CSBANK_CSBANK] 
Exit STP Process -- OK! [end]

[start] [DEBUG] [2026-04-06 13:16:01.147] [CSBANK_CSBANK] 
Generating STP Code (Msg numbers:1 [end]

[start] [DEBUG] [2026-04-06 13:16:01.149] [CSBANK_CSBANK] 
Generating STP Code -- OK! [end]

[start] [DEBUG] [2026-04-06 13:16:01.149] [CSBANK_CSBANK] 
Get Data Source:CET -- OK! [end]

[start] [DEBUG] [2026-04-06 13:16:01.151] [CSBANK_CSBANK] 
Starting to process STP message... [end]

[start] [DEBUG] [2026-04-06 13:16:01.153] [CSBANK_CSBANK] 
Entering into STP Manager... [end]

[start] [DEBUG] [2026-04-06 13:16:01.153] [CSBANK_CSBANK] 
STP Type is:InGapiForm [end]

[start] [DEBUG] [2026-04-06 13:16:01.155] [CSBANK_CSBANK] 
Initing adpater class:InGapiForm ... [end]

[start] [DEBUG] [2026-04-06 13:16:01.155] [CSBANK_CSBANK] 
Inited adpater class--OK! [end]

[start] [DEBUG] [2026-04-06 13:16:01.157] [CSBANK_CSBANK] 
Starting to convert STP message to STP XML Dom... [end]

[start] [DEBUG] [2026-04-06 13:16:01.173] [CSBANK_CSBANK] 
Start: set system name to BKTS [end]

[start] [DEBUG] [2026-04-06 13:16:01.173] [CSBANK_CSBANK] 
should set system name to SCF [end]

[start] [DEBUG] [2026-04-06 13:16:01.177] [CSBANK_CSBANK] 
userId= [end]

[start] [DEBUG] [2026-04-06 13:16:01.185] [CSBANK_CSBANK] 
recDate:2026-04-06 [end]

[start] [DEBUG] [2026-04-06 13:16:01.185] [CSBANK_CSBANK] 
End: set system name to BKTS [end]

[start] [DEBUG] [2026-04-06 13:16:01.193] [CSBANK_CSBANK] 
Start: assing msg to Receive SBR for Counterparty [end]

[start] [DEBUG] [2026-04-06 13:16:01.193] [CSBANK_CSBANK] 
busiType============PF [end]

[start] [DEBUG] [2026-04-06 13:16:01.203] [CSBANK_CSBANK] 
End: assing msg to Receive SBR for Counterparty [end]

[start] [DEBUG] [2026-04-06 13:16:01.222] [CSBANK_CSBANK] 
Start: Receive SBR for Counterparty [end]

[start] [DEBUG] [2026-04-06 13:16:01.224] [CSBANK_CSBANK] 
Start to create user! [end]

[start] [DEBUG] [2026-04-06 13:16:02.086] [CSBANK_CSBANK] 
Create user end! [end]

[start] [DEBUG] [2026-04-06 13:16:02.088] [CSBANK_CSBANK] 
sMainRef======================20260406131602086 [end]

[start] [DEBUG] [2026-04-06 13:16:02.088] [CSBANK_CSBANK] 
custreno======================C009165REG [end]

[start] [DEBUG] [2026-04-06 13:16:02.090] [CSBANK_CSBANK] 
CounterRegNo======================C006692REG [end]

[start] [DEBUG] [2026-04-06 13:16:02.094] [CSBANK_CSBANK] 
sSBRref================PFCSBANK260411295SBR [end]

[start] [DEBUG] [2026-04-06 13:16:02.094] [CSBANK_CSBANK] 
sUnitCode================C006692 [end]

[start] [ERROR] [2026-04-06 13:16:02.107] [CSBANK_CSBANK] 
CEStpJs:SYS_getCUBKVal:
record is null! [end]

[start] [DEBUG] [2026-04-06 13:16:02.108] [CSBANK_CSBANK] 
End: Receive SBR for Counterparty [end]

[start] [DEBUG] [2026-04-06 13:16:02.109] [CSBANK_CSBANK] 
Converted STP message to STP XML Dom -- OK! [end]

[start] [DEBUG] [2026-04-06 13:16:02.114] [CSBANK_CSBANK] 
Starting to call Control Manager:TrxManagerMaster... [end]

[start] [DEBUG] [2026-04-06 13:16:02.167] [CSBANK_CSBANK] 
Called Control Manager:TrxManagerMaster --OK! [end]

[start] [DEBUG] [2026-04-06 13:16:02.171] [CSBANK_CSBANK] 
Completed processing STP message -- OK! [end]

[start] [DEBUG] [2026-04-06 13:16:02.173] [CSBANK_CSBANK] 
Starting to write process status to DB! [end]

[start] [DEBUG] [2026-04-06 13:16:02.175] [CSBANK_CSBANK] 
Starting to call STPResultProcess. [end]

[start] [DEBUG] [2026-04-06 13:16:02.178] [CSBANK_CSBANK] 
isSuccess=true; errorMessage=null [end]

[start] [DEBUG] [2026-04-06 13:16:02.178] [CSBANK_CSBANK] 
Completed to call STPResultProcess. [end]

[start] [DEBUG] [2026-04-06 13:16:02.181] [CSBANK_CSBANK] 
Wrote process status to DB -- OK! [end]

[start] [DEBUG] [2026-04-06 13:16:02.183] [CSBANK_CSBANK] 
Exit STP Process -- OK! [end]

[start] [DEBUG] [2026-04-06 13:53:45.688] [SYSTEMS] 
Generating STP Code (Msg numbers:1 [end]

[start] [DEBUG] [2026-04-06 13:53:45.696] [SYSTEMS] 
Generating STP Code -- OK! [end]

[start] [DEBUG] [2026-04-06 13:53:45.696] [SYSTEMS] 
Get Data Source:CET -- OK! [end]

[start] [DEBUG] [2026-04-06 13:53:45.698] [SYSTEMS] 
Starting to process STP message... [end]

[start] [DEBUG] [2026-04-06 13:53:45.700] [SYSTEMS] 
Entering into STP Manager... [end]

[start] [DEBUG] [2026-04-06 13:53:45.706] [SYSTEMS] 
STP Type is:InGapiForm [end]

[start] [DEBUG] [2026-04-06 13:53:45.708] [SYSTEMS] 
Initing adpater class:InGapiForm ... [end]

[start] [DEBUG] [2026-04-06 13:53:45.710] [SYSTEMS] 
Inited adpater class--OK! [end]

[start] [DEBUG] [2026-04-06 13:53:45.712] [SYSTEMS] 
Starting to convert STP message to STP XML Dom... [end]

[start] [DEBUG] [2026-04-06 13:53:45.739] [SYSTEMS] 
Start: set system name to BKTS [end]

[start] [DEBUG] [2026-04-06 13:53:45.739] [SYSTEMS] 
should set system name to SCF [end]

[start] [DEBUG] [2026-04-06 13:53:45.741] [SYSTEMS] 
userId= [end]

[start] [DEBUG] [2026-04-06 13:53:45.756] [SYSTEMS] 
recDate:2026-04-06 [end]

[start] [DEBUG] [2026-04-06 13:53:45.756] [SYSTEMS] 
End: set system name to BKTS [end]

[start] [DEBUG] [2026-04-06 13:53:45.762] [SYSTEMS] 
Start: assing msg to Receive Agreement [end]

[start] [DEBUG] [2026-04-06 13:53:45.764] [SYSTEMS] 
busiType============PF [end]

[start] [DEBUG] [2026-04-06 13:53:45.799] [SYSTEMS] 
End: assing msg to Receive Agreement [end]

[start] [DEBUG] [2026-04-06 13:53:45.823] [SYSTEMS] 
Start: Receive Agreement [end]

[start] [DEBUG] [2026-04-06 13:53:45.825] [SYSTEMS] 
Start to create user! [end]

[start] [DEBUG] [2026-04-06 13:53:47.076] [SYSTEMS] 
Create user end! [end]

[start] [DEBUG] [2026-04-06 13:53:47.076] [SYSTEMS] 
sMainRef======================SCFUS2607173 [end]

[start] [DEBUG] [2026-04-06 13:53:47.078] [SYSTEMS] 
FACUSTREGNO======================C009343REG [end]

[start] [DEBUG] [2026-04-06 13:53:47.078] [SYSTEMS] 
FAPMT====================== [end]

[start] [DEBUG] [2026-04-06 13:53:47.078] [SYSTEMS] 
sUnitCode======================C009343 [end]

[start] [DEBUG] [2026-04-06 13:53:47.084] [SYSTEMS] 
End: Receive Agreement [end]

[start] [DEBUG] [2026-04-06 13:53:47.087] [CSBANK_CSBANK] 
Converted STP message to STP XML Dom -- OK! [end]

[start] [DEBUG] [2026-04-06 13:53:47.104] [CSBANK_CSBANK] 
Starting to call Control Manager:TrxManagerMaster... [end]

[start] [DEBUG] [2026-04-06 13:53:47.245] [CSBANK_CSBANK] 
Called Control Manager:TrxManagerMaster --OK! [end]

[start] [DEBUG] [2026-04-06 13:53:47.248] [CSBANK_CSBANK] 
Completed processing STP message -- OK! [end]

[start] [DEBUG] [2026-04-06 13:53:47.248] [CSBANK_CSBANK] 
Starting to write process status to DB! [end]

[start] [DEBUG] [2026-04-06 13:53:47.252] [CSBANK_CSBANK] 
Starting to call STPResultProcess. [end]

[start] [DEBUG] [2026-04-06 13:53:47.252] [CSBANK_CSBANK] 
isSuccess=true; errorMessage=null [end]

[start] [DEBUG] [2026-04-06 13:53:47.254] [CSBANK_CSBANK] 
Completed to call STPResultProcess. [end]

[start] [DEBUG] [2026-04-06 13:53:47.258] [CSBANK_CSBANK] 
Wrote process status to DB -- OK! [end]

[start] [DEBUG] [2026-04-06 13:53:47.258] [CSBANK_CSBANK] 
Exit STP Process -- OK! [end]

[start] [DEBUG] [2026-04-06 14:14:33.444] [SYSTEMS] 
Generating STP Code (Msg numbers:1 [end]

[start] [DEBUG] [2026-04-06 14:14:33.444] [SYSTEMS] 
Generating STP Code -- OK! [end]

[start] [DEBUG] [2026-04-06 14:14:33.446] [SYSTEMS] 
Get Data Source:CET -- OK! [end]

[start] [DEBUG] [2026-04-06 14:14:33.446] [SYSTEMS] 
Starting to process STP message... [end]

[start] [DEBUG] [2026-04-06 14:14:33.446] [SYSTEMS] 
Entering into STP Manager... [end]

[start] [DEBUG] [2026-04-06 14:14:33.448] [SYSTEMS] 
STP Type is:InGapiForm [end]

[start] [DEBUG] [2026-04-06 14:14:33.448] [SYSTEMS] 
Initing adpater class:InGapiForm ... [end]

[start] [DEBUG] [2026-04-06 14:14:33.450] [SYSTEMS] 
Inited adpater class--OK! [end]

[start] [DEBUG] [2026-04-06 14:14:33.450] [SYSTEMS] 
Starting to convert STP message to STP XML Dom... [end]

[start] [DEBUG] [2026-04-06 14:14:33.462] [SYSTEMS] 
Start: set system name to BKTS [end]

[start] [DEBUG] [2026-04-06 14:14:33.464] [SYSTEMS] 
should set system name to SCF [end]

[start] [DEBUG] [2026-04-06 14:14:33.466] [SYSTEMS] 
userId= [end]

[start] [DEBUG] [2026-04-06 14:14:33.478] [SYSTEMS] 
recDate:2026-04-06 [end]

[start] [DEBUG] [2026-04-06 14:14:33.478] [SYSTEMS] 
End: set system name to BKTS [end]

[start] [DEBUG] [2026-04-06 14:14:33.485] [SYSTEMS] 
Start: assing msg to Receive Agreement [end]

[start] [DEBUG] [2026-04-06 14:14:33.485] [SYSTEMS] 
busiType============PF [end]

[start] [DEBUG] [2026-04-06 14:14:33.491] [SYSTEMS] 
End: assing msg to Receive Agreement [end]

[start] [DEBUG] [2026-04-06 14:14:33.499] [SYSTEMS] 
Start: Receive Agreement [end]

[start] [DEBUG] [2026-04-06 14:14:33.503] [SYSTEMS] 
Start to create user! [end]

[start] [DEBUG] [2026-04-06 14:14:34.806] [SYSTEMS] 
Create user end! [end]

[start] [DEBUG] [2026-04-06 14:14:34.806] [SYSTEMS] 
sMainRef======================SCFUS2607180 [end]

[start] [DEBUG] [2026-04-06 14:14:34.808] [SYSTEMS] 
FACUSTREGNO======================C008487REG [end]

[start] [DEBUG] [2026-04-06 14:14:34.808] [SYSTEMS] 
FAPMT====================== [end]

[start] [DEBUG] [2026-04-06 14:14:34.810] [SYSTEMS] 
sUnitCode======================C008487 [end]

[start] [DEBUG] [2026-04-06 14:14:34.813] [SYSTEMS] 
End: Receive Agreement [end]

[start] [DEBUG] [2026-04-06 14:14:34.813] [CSBANK_CSBANK] 
Converted STP message to STP XML Dom -- OK! [end]

[start] [DEBUG] [2026-04-06 14:14:34.819] [CSBANK_CSBANK] 
Starting to call Control Manager:TrxManagerMaster... [end]

[start] [DEBUG] [2026-04-06 14:14:34.869] [CSBANK_CSBANK] 
Called Control Manager:TrxManagerMaster --OK! [end]

[start] [DEBUG] [2026-04-06 14:14:34.875] [CSBANK_CSBANK] 
Completed processing STP message -- OK! [end]

[start] [DEBUG] [2026-04-06 14:14:34.877] [CSBANK_CSBANK] 
Starting to write process status to DB! [end]

[start] [DEBUG] [2026-04-06 14:14:34.883] [CSBANK_CSBANK] 
Starting to call STPResultProcess. [end]

[start] [DEBUG] [2026-04-06 14:14:34.883] [CSBANK_CSBANK] 
isSuccess=true; errorMessage=null [end]

[start] [DEBUG] [2026-04-06 14:14:34.885] [CSBANK_CSBANK] 
Completed to call STPResultProcess. [end]

[start] [DEBUG] [2026-04-06 14:14:34.893] [CSBANK_CSBANK] 
Wrote process status to DB -- OK! [end]

[start] [DEBUG] [2026-04-06 14:14:34.895] [CSBANK_CSBANK] 
Exit STP Process -- OK! [end]

[start] [DEBUG] [2026-04-06 14:42:25.708] [SYSTEMS] 
Generating STP Code (Msg numbers:1 [end]

[start] [DEBUG] [2026-04-06 14:42:25.710] [SYSTEMS] 
Generating STP Code -- OK! [end]

[start] [DEBUG] [2026-04-06 14:42:25.710] [SYSTEMS] 
Get Data Source:CET -- OK! [end]

[start] [DEBUG] [2026-04-06 14:42:25.710] [SYSTEMS] 
Starting to process STP message... [end]

[start] [DEBUG] [2026-04-06 14:42:25.712] [SYSTEMS] 
Entering into STP Manager... [end]

[start] [DEBUG] [2026-04-06 14:42:25.712] [SYSTEMS] 
STP Type is:InGapiForm [end]

[start] [DEBUG] [2026-04-06 14:42:25.714] [SYSTEMS] 
Initing adpater class:InGapiForm ... [end]

[start] [DEBUG] [2026-04-06 14:42:25.714] [SYSTEMS] 
Inited adpater class--OK! [end]

[start] [DEBUG] [2026-04-06 14:42:25.714] [SYSTEMS] 
Starting to convert STP message to STP XML Dom... [end]

[start] [DEBUG] [2026-04-06 14:42:25.722] [SYSTEMS] 
Start: set system name to BKTS [end]

[start] [DEBUG] [2026-04-06 14:42:25.722] [SYSTEMS] 
should set system name to SCF [end]

[start] [DEBUG] [2026-04-06 14:42:25.724] [SYSTEMS] 
userId= [end]

[start] [DEBUG] [2026-04-06 14:42:25.729] [SYSTEMS] 
recDate:2026-04-06 [end]

[start] [DEBUG] [2026-04-06 14:42:25.729] [SYSTEMS] 
End: set system name to BKTS [end]

[start] [DEBUG] [2026-04-06 14:42:25.733] [SYSTEMS] 
Start: assing msg to Receive Agreement [end]

[start] [DEBUG] [2026-04-06 14:42:25.735] [SYSTEMS] 
busiType============POF [end]

[start] [DEBUG] [2026-04-06 14:42:25.737] [SYSTEMS] 
End: assing msg to Receive Agreement [end]

[start] [DEBUG] [2026-04-06 14:42:25.743] [SYSTEMS] 
Start: Receive Agreement [end]

[start] [DEBUG] [2026-04-06 14:42:25.745] [SYSTEMS] 
Start to create user! [end]

[start] [DEBUG] [2026-04-06 14:42:27.279] [SYSTEMS] 
Create user end! [end]

[start] [DEBUG] [2026-04-06 14:42:27.279] [SYSTEMS] 
sMainRef======================SCFUS2607185 [end]

[start] [DEBUG] [2026-04-06 14:42:27.281] [SYSTEMS] 
FACUSTREGNO======================C012687reg [end]

[start] [DEBUG] [2026-04-06 14:42:27.281] [SYSTEMS] 
FAPMT====================== [end]

[start] [DEBUG] [2026-04-06 14:42:27.281] [SYSTEMS] 
sUnitCode======================C012687 [end]

[start] [DEBUG] [2026-04-06 14:42:27.285] [SYSTEMS] 
End: Receive Agreement [end]

[start] [DEBUG] [2026-04-06 14:42:27.287] [CSBANK_CSBANK] 
Converted STP message to STP XML Dom -- OK! [end]

[start] [DEBUG] [2026-04-06 14:42:27.289] [CSBANK_CSBANK] 
Starting to call Control Manager:TrxManagerMaster... [end]

[start] [DEBUG] [2026-04-06 14:42:27.328] [CSBANK_CSBANK] 
Called Control Manager:TrxManagerMaster --OK! [end]

[start] [DEBUG] [2026-04-06 14:42:27.332] [CSBANK_CSBANK] 
Completed processing STP message -- OK! [end]

[start] [DEBUG] [2026-04-06 14:42:27.332] [CSBANK_CSBANK] 
Starting to write process status to DB! [end]

[start] [DEBUG] [2026-04-06 14:42:27.336] [CSBANK_CSBANK] 
Starting to call STPResultProcess. [end]

[start] [DEBUG] [2026-04-06 14:42:27.336] [CSBANK_CSBANK] 
isSuccess=true; errorMessage=null [end]

[start] [DEBUG] [2026-04-06 14:42:27.336] [CSBANK_CSBANK] 
Completed to call STPResultProcess. [end]

[start] [DEBUG] [2026-04-06 14:42:27.340] [CSBANK_CSBANK] 
Wrote process status to DB -- OK! [end]

[start] [DEBUG] [2026-04-06 14:42:27.340] [CSBANK_CSBANK] 
Exit STP Process -- OK! [end]

[start] [DEBUG] [2026-04-06 15:12:48.233] [SYSTEMS] 
Generating STP Code (Msg numbers:1 [end]

[start] [DEBUG] [2026-04-06 15:12:48.235] [SYSTEMS] 
Generating STP Code -- OK! [end]

[start] [DEBUG] [2026-04-06 15:12:48.235] [SYSTEMS] 
Get Data Source:CET -- OK! [end]

[start] [DEBUG] [2026-04-06 15:12:48.235] [SYSTEMS] 
Starting to process STP message... [end]

[start] [DEBUG] [2026-04-06 15:12:48.237] [SYSTEMS] 
Entering into STP Manager... [end]

[start] [DEBUG] [2026-04-06 15:12:48.237] [SYSTEMS] 
STP Type is:InGapiForm [end]

[start] [DEBUG] [2026-04-06 15:12:48.237] [SYSTEMS] 
Initing adpater class:InGapiForm ... [end]

[start] [DEBUG] [2026-04-06 15:12:48.239] [SYSTEMS] 
Inited adpater class--OK! [end]

[start] [DEBUG] [2026-04-06 15:12:48.239] [SYSTEMS] 
Starting to convert STP message to STP XML Dom... [end]

[start] [DEBUG] [2026-04-06 15:12:48.247] [SYSTEMS] 
Start: set system name to BKTS [end]

[start] [DEBUG] [2026-04-06 15:12:48.247] [SYSTEMS] 
should set system name to SCF [end]

[start] [DEBUG] [2026-04-06 15:12:48.249] [SYSTEMS] 
userId= [end]

[start] [DEBUG] [2026-04-06 15:12:48.253] [SYSTEMS] 
recDate:2026-04-06 [end]

[start] [DEBUG] [2026-04-06 15:12:48.255] [SYSTEMS] 
End: set system name to BKTS [end]

[start] [DEBUG] [2026-04-06 15:12:48.257] [SYSTEMS] 
Start: assing msg to Receive Agreement [end]

[start] [DEBUG] [2026-04-06 15:12:48.259] [SYSTEMS] 
busiType============POF [end]

[start] [DEBUG] [2026-04-06 15:12:48.263] [SYSTEMS] 
End: assing msg to Receive Agreement [end]

[start] [DEBUG] [2026-04-06 15:12:48.267] [SYSTEMS] 
Start: Receive Agreement [end]

[start] [DEBUG] [2026-04-06 15:12:48.269] [SYSTEMS] 
Start to create user! [end]

[start] [DEBUG] [2026-04-06 15:12:49.046] [SYSTEMS] 
Create user end! [end]

[start] [DEBUG] [2026-04-06 15:12:49.046] [SYSTEMS] 
sMainRef======================SCFUS2607181 [end]

[start] [DEBUG] [2026-04-06 15:12:49.048] [SYSTEMS] 
FACUSTREGNO======================C007282REG [end]

[start] [DEBUG] [2026-04-06 15:12:49.050] [SYSTEMS] 
FAPMT====================== [end]

[start] [DEBUG] [2026-04-06 15:12:49.050] [SYSTEMS] 
sUnitCode======================C007282 [end]

[start] [DEBUG] [2026-04-06 15:12:49.056] [SYSTEMS] 
End: Receive Agreement [end]

[start] [DEBUG] [2026-04-06 15:12:49.058] [CSBANK_CSBANK] 
Converted STP message to STP XML Dom -- OK! [end]

[start] [DEBUG] [2026-04-06 15:12:49.064] [CSBANK_CSBANK] 
Starting to call Control Manager:TrxManagerMaster... [end]

[start] [DEBUG] [2026-04-06 15:12:49.181] [CSBANK_CSBANK] 
Called Control Manager:TrxManagerMaster --OK! [end]

[start] [DEBUG] [2026-04-06 15:12:49.186] [CSBANK_CSBANK] 
Completed processing STP message -- OK! [end]

[start] [DEBUG] [2026-04-06 15:12:49.186] [CSBANK_CSBANK] 
Starting to write process status to DB! [end]

[start] [DEBUG] [2026-04-06 15:12:49.191] [CSBANK_CSBANK] 
Starting to call STPResultProcess. [end]

[start] [DEBUG] [2026-04-06 15:12:49.193] [CSBANK_CSBANK] 
isSuccess=true; errorMessage=null [end]

[start] [DEBUG] [2026-04-06 15:12:49.193] [CSBANK_CSBANK] 
Completed to call STPResultProcess. [end]

[start] [DEBUG] [2026-04-06 15:12:49.197] [CSBANK_CSBANK] 
Wrote process status to DB -- OK! [end]

[start] [DEBUG] [2026-04-06 15:12:49.197] [CSBANK_CSBANK] 
Exit STP Process -- OK! [end]

[start] [DEBUG] [2026-04-06 15:13:01.181] [SYSTEMS] 
Generating STP Code (Msg numbers:1 [end]

[start] [DEBUG] [2026-04-06 15:13:01.181] [SYSTEMS] 
Generating STP Code -- OK! [end]

[start] [DEBUG] [2026-04-06 15:13:01.181] [SYSTEMS] 
Get Data Source:CET -- OK! [end]

[start] [DEBUG] [2026-04-06 15:13:01.183] [SYSTEMS] 
Starting to process STP message... [end]

[start] [DEBUG] [2026-04-06 15:13:01.183] [SYSTEMS] 
Entering into STP Manager... [end]

[start] [DEBUG] [2026-04-06 15:13:01.183] [SYSTEMS] 
STP Type is:InGapiForm [end]

[start] [DEBUG] [2026-04-06 15:13:01.185] [SYSTEMS] 
Initing adpater class:InGapiForm ... [end]

[start] [DEBUG] [2026-04-06 15:13:01.185] [SYSTEMS] 
Inited adpater class--OK! [end]

[start] [DEBUG] [2026-04-06 15:13:01.185] [SYSTEMS] 
Starting to convert STP message to STP XML Dom... [end]

[start] [DEBUG] [2026-04-06 15:13:01.193] [SYSTEMS] 
Start: set system name to BKTS [end]

[start] [DEBUG] [2026-04-06 15:13:01.193] [SYSTEMS] 
should set system name to SCF [end]

[start] [DEBUG] [2026-04-06 15:13:01.195] [SYSTEMS] 
userId= [end]

[start] [DEBUG] [2026-04-06 15:13:01.199] [SYSTEMS] 
recDate:2026-04-06 [end]

[start] [DEBUG] [2026-04-06 15:13:01.201] [SYSTEMS] 
End: set system name to BKTS [end]

[start] [DEBUG] [2026-04-06 15:13:01.205] [SYSTEMS] 
Start: assing msg to Receive SBR for Anchor Customer [end]

[start] [DEBUG] [2026-04-06 15:13:01.205] [SYSTEMS] 
busiType============POF [end]

[start] [DEBUG] [2026-04-06 15:13:01.217] [SYSTEMS] 
End: assing msg to Receive SBR for Anchor Customer [end]

[start] [DEBUG] [2026-04-06 15:13:01.229] [SYSTEMS] 
Start: Receive SBR for Anchor Customer [end]

[start] [DEBUG] [2026-04-06 15:13:01.231] [SYSTEMS] 
sMainRef======================20260406151301229 [end]

[start] [DEBUG] [2026-04-06 15:13:01.231] [SYSTEMS] 
sMainRef======================6 [end]

[start] [DEBUG] [2026-04-06 15:13:01.233] [SYSTEMS] 
custreno======================C007282REG [end]

[start] [DEBUG] [2026-04-06 15:13:01.233] [SYSTEMS] 
CounterRegNo======================C007342REG [end]

[start] [DEBUG] [2026-04-06 15:13:01.237] [SYSTEMS] 
End: Receive SBR for Anchor Customer [end]

[start] [DEBUG] [2026-04-06 15:13:01.237] [CSBANK_CSBANK] 
Converted STP message to STP XML Dom -- OK! [end]

[start] [DEBUG] [2026-04-06 15:13:01.241] [CSBANK_CSBANK] 
Starting to call Control Manager:TrxManagerMaster... [end]

[start] [DEBUG] [2026-04-06 15:13:01.296] [CSBANK_CSBANK] 
Called Control Manager:TrxManagerMaster --OK! [end]

[start] [DEBUG] [2026-04-06 15:13:01.300] [CSBANK_CSBANK] 
Completed processing STP message -- OK! [end]

[start] [DEBUG] [2026-04-06 15:13:01.300] [CSBANK_CSBANK] 
Starting to write process status to DB! [end]

[start] [DEBUG] [2026-04-06 15:13:01.302] [CSBANK_CSBANK] 
Starting to call STPResultProcess. [end]

[start] [DEBUG] [2026-04-06 15:13:01.304] [CSBANK_CSBANK] 
isSuccess=true; errorMessage=null [end]

[start] [DEBUG] [2026-04-06 15:13:01.304] [CSBANK_CSBANK] 
Completed to call STPResultProcess. [end]

[start] [DEBUG] [2026-04-06 15:13:01.308] [CSBANK_CSBANK] 
Wrote process status to DB -- OK! [end]

[start] [DEBUG] [2026-04-06 15:13:01.308] [CSBANK_CSBANK] 
Exit STP Process -- OK! [end]

[start] [DEBUG] [2026-04-06 15:13:01.340] [CSBANK_CSBANK] 
Generating STP Code (Msg numbers:1 [end]

[start] [DEBUG] [2026-04-06 15:13:01.340] [CSBANK_CSBANK] 
Generating STP Code -- OK! [end]

[start] [DEBUG] [2026-04-06 15:13:01.342] [CSBANK_CSBANK] 
Get Data Source:CET -- OK! [end]

[start] [DEBUG] [2026-04-06 15:13:01.342] [CSBANK_CSBANK] 
Starting to process STP message... [end]

[start] [DEBUG] [2026-04-06 15:13:01.342] [CSBANK_CSBANK] 
Entering into STP Manager... [end]

[start] [DEBUG] [2026-04-06 15:13:01.344] [CSBANK_CSBANK] 
STP Type is:InGapiForm [end]

[start] [DEBUG] [2026-04-06 15:13:01.344] [CSBANK_CSBANK] 
Initing adpater class:InGapiForm ... [end]

[start] [DEBUG] [2026-04-06 15:13:01.344] [CSBANK_CSBANK] 
Inited adpater class--OK! [end]

[start] [DEBUG] [2026-04-06 15:13:01.346] [CSBANK_CSBANK] 
Starting to convert STP message to STP XML Dom... [end]

[start] [DEBUG] [2026-04-06 15:13:01.352] [CSBANK_CSBANK] 
Start: set system name to BKTS [end]

[start] [DEBUG] [2026-04-06 15:13:01.352] [CSBANK_CSBANK] 
should set system name to SCF [end]

[start] [DEBUG] [2026-04-06 15:13:01.354] [CSBANK_CSBANK] 
userId= [end]

[start] [DEBUG] [2026-04-06 15:13:01.360] [CSBANK_CSBANK] 
recDate:2026-04-06 [end]

[start] [DEBUG] [2026-04-06 15:13:01.360] [CSBANK_CSBANK] 
End: set system name to BKTS [end]

[start] [DEBUG] [2026-04-06 15:13:01.366] [CSBANK_CSBANK] 
Start: assing msg to Receive SBR for Counterparty [end]

[start] [DEBUG] [2026-04-06 15:13:01.366] [CSBANK_CSBANK] 
busiType============POF [end]

[start] [DEBUG] [2026-04-06 15:13:01.376] [CSBANK_CSBANK] 
End: assing msg to Receive SBR for Counterparty [end]

[start] [DEBUG] [2026-04-06 15:13:01.388] [CSBANK_CSBANK] 
Start: Receive SBR for Counterparty [end]

[start] [DEBUG] [2026-04-06 15:13:01.390] [CSBANK_CSBANK] 
Start to create user! [end]

[start] [DEBUG] [2026-04-06 15:13:02.260] [CSBANK_CSBANK] 
Create user end! [end]

[start] [DEBUG] [2026-04-06 15:13:02.260] [CSBANK_CSBANK] 
sMainRef======================20260406151302260 [end]

[start] [DEBUG] [2026-04-06 15:13:02.262] [CSBANK_CSBANK] 
custreno======================C007282REG [end]

[start] [DEBUG] [2026-04-06 15:13:02.262] [CSBANK_CSBANK] 
CounterRegNo======================C007342REG [end]

[start] [DEBUG] [2026-04-06 15:13:02.266] [CSBANK_CSBANK] 
sSBRref================POFCSBANK260411300SBR [end]

[start] [DEBUG] [2026-04-06 15:13:02.266] [CSBANK_CSBANK] 
sUnitCode================C007342 [end]

[start] [ERROR] [2026-04-06 15:13:02.283] [CSBANK_CSBANK] 
CEStpJs:SYS_getCUBKVal:
record is null! [end]

[start] [DEBUG] [2026-04-06 15:13:02.283] [CSBANK_CSBANK] 
End: Receive SBR for Counterparty [end]

[start] [DEBUG] [2026-04-06 15:13:02.285] [CSBANK_CSBANK] 
Converted STP message to STP XML Dom -- OK! [end]

[start] [DEBUG] [2026-04-06 15:13:02.291] [CSBANK_CSBANK] 
Starting to call Control Manager:TrxManagerMaster... [end]

[start] [DEBUG] [2026-04-06 15:13:02.349] [CSBANK_CSBANK] 
Called Control Manager:TrxManagerMaster --OK! [end]

[start] [DEBUG] [2026-04-06 15:13:02.353] [CSBANK_CSBANK] 
Completed processing STP message -- OK! [end]

[start] [DEBUG] [2026-04-06 15:13:02.353] [CSBANK_CSBANK] 
Starting to write process status to DB! [end]

[start] [DEBUG] [2026-04-06 15:13:02.358] [CSBANK_CSBANK] 
Starting to call STPResultProcess. [end]

[start] [DEBUG] [2026-04-06 15:13:02.360] [CSBANK_CSBANK] 
isSuccess=true; errorMessage=null [end]

[start] [DEBUG] [2026-04-06 15:13:02.360] [CSBANK_CSBANK] 
Completed to call STPResultProcess. [end]

[start] [DEBUG] [2026-04-06 15:13:02.364] [CSBANK_CSBANK] 
Wrote process status to DB -- OK! [end]

[start] [DEBUG] [2026-04-06 15:13:02.364] [CSBANK_CSBANK] 
Exit STP Process -- OK! [end]

[start] [DEBUG] [2026-04-06 15:39:17.614] [SYSTEMS] 
Generating STP Code (Msg numbers:1 [end]

[start] [DEBUG] [2026-04-06 15:39:17.627] [SYSTEMS] 
Generating STP Code -- OK! [end]

[start] [DEBUG] [2026-04-06 15:39:17.648] [SYSTEMS] 
Get Data Source:CET -- OK! [end]

[start] [DEBUG] [2026-04-06 15:39:17.658] [SYSTEMS] 
Starting to process STP message... [end]

[start] [DEBUG] [2026-04-06 15:39:17.666] [SYSTEMS] 
Entering into STP Manager... [end]

[start] [DEBUG] [2026-04-06 15:39:17.678] [SYSTEMS] 
STP Type is:InGapiForm [end]

[start] [DEBUG] [2026-04-06 15:39:17.690] [SYSTEMS] 
Initing adpater class:InGapiForm ... [end]

[start] [DEBUG] [2026-04-06 15:39:17.698] [SYSTEMS] 
Inited adpater class--OK! [end]

[start] [DEBUG] [2026-04-06 15:39:17.706] [SYSTEMS] 
Starting to convert STP message to STP XML Dom... [end]

[start] [DEBUG] [2026-04-06 15:39:17.939] [SYSTEMS] 
Start: set system name to BKTS [end]

[start] [DEBUG] [2026-04-06 15:39:17.947] [SYSTEMS] 
should set system name to SCF [end]

[start] [DEBUG] [2026-04-06 15:39:17.953] [SYSTEMS] 
userId= [end]

[start] [DEBUG] [2026-04-06 15:39:22.635] [SYSTEMS] 
recDate:2026-04-06 [end]

[start] [DEBUG] [2026-04-06 15:39:22.639] [SYSTEMS] 
End: set system name to BKTS [end]

[start] [DEBUG] [2026-04-06 15:39:22.655] [SYSTEMS] 
Start: assing msg to Receive Agreement [end]

[start] [DEBUG] [2026-04-06 15:39:22.656] [SYSTEMS] 
busiType============POF [end]

[start] [DEBUG] [2026-04-06 15:39:22.991] [SYSTEMS] 
End: assing msg to Receive Agreement [end]

[start] [DEBUG] [2026-04-06 15:39:23.033] [SYSTEMS] 
Start: Receive Agreement [end]

[start] [DEBUG] [2026-04-06 15:39:23.036] [SYSTEMS] 
Start to create user! [end]

[start] [DEBUG] [2026-04-06 15:39:26.759] [SYSTEMS] 
Create user end! [end]

[start] [DEBUG] [2026-04-06 15:39:26.781] [SYSTEMS] 
sMainRef======================SCFUS2607184 [end]

[start] [DEBUG] [2026-04-06 15:39:26.785] [SYSTEMS] 
FACUSTREGNO======================C007119REG [end]

[start] [DEBUG] [2026-04-06 15:39:26.787] [SYSTEMS] 
FAPMT====================== [end]

[start] [DEBUG] [2026-04-06 15:39:26.789] [SYSTEMS] 
sUnitCode======================C007119 [end]

[start] [DEBUG] [2026-04-06 15:39:26.813] [SYSTEMS] 
End: Receive Agreement [end]

[start] [DEBUG] [2026-04-06 15:39:26.821] [CSBANK_CSBANK] 
Converted STP message to STP XML Dom -- OK! [end]

[start] [DEBUG] [2026-04-06 15:39:26.862] [CSBANK_CSBANK] 
Starting to call Control Manager:TrxManagerMaster... [end]

[start] [DEBUG] [2026-04-06 15:39:27.389] [CSBANK_CSBANK] 
Called Control Manager:TrxManagerMaster --OK! [end]

[start] [DEBUG] [2026-04-06 15:39:27.408] [CSBANK_CSBANK] 
Completed processing STP message -- OK! [end]

[start] [DEBUG] [2026-04-06 15:39:27.412] [CSBANK_CSBANK] 
Starting to write process status to DB! [end]

[start] [DEBUG] [2026-04-06 15:39:27.434] [CSBANK_CSBANK] 
Starting to call STPResultProcess. [end]

[start] [DEBUG] [2026-04-06 15:39:27.438] [CSBANK_CSBANK] 
isSuccess=true; errorMessage=null [end]

[start] [DEBUG] [2026-04-06 15:39:27.444] [CSBANK_CSBANK] 
Completed to call STPResultProcess. [end]

[start] [DEBUG] [2026-04-06 15:39:27.468] [CSBANK_CSBANK] 
Wrote process status to DB -- OK! [end]

[start] [DEBUG] [2026-04-06 15:39:27.474] [CSBANK_CSBANK] 
Exit STP Process -- OK! [end]

[start] [DEBUG] [2026-04-06 15:40:01.556] [SYSTEMS] 
Generating STP Code (Msg numbers:1 [end]

[start] [DEBUG] [2026-04-06 15:40:01.558] [SYSTEMS] 
Generating STP Code -- OK! [end]

[start] [DEBUG] [2026-04-06 15:40:01.560] [SYSTEMS] 
Get Data Source:CET -- OK! [end]

[start] [DEBUG] [2026-04-06 15:40:01.562] [SYSTEMS] 
Starting to process STP message... [end]

[start] [DEBUG] [2026-04-06 15:40:01.564] [SYSTEMS] 
Entering into STP Manager... [end]

[start] [DEBUG] [2026-04-06 15:40:01.566] [SYSTEMS] 
STP Type is:InGapiForm [end]

[start] [DEBUG] [2026-04-06 15:40:01.568] [SYSTEMS] 
Initing adpater class:InGapiForm ... [end]

[start] [DEBUG] [2026-04-06 15:40:01.572] [SYSTEMS] 
Inited adpater class--OK! [end]

[start] [DEBUG] [2026-04-06 15:40:01.574] [SYSTEMS] 
Starting to convert STP message to STP XML Dom... [end]

[start] [DEBUG] [2026-04-06 15:40:01.594] [SYSTEMS] 
Start: set system name to BKTS [end]

[start] [DEBUG] [2026-04-06 15:40:01.596] [SYSTEMS] 
should set system name to SCF [end]

[start] [DEBUG] [2026-04-06 15:40:01.598] [SYSTEMS] 
userId= [end]

[start] [DEBUG] [2026-04-06 15:40:01.621] [SYSTEMS] 
recDate:2026-04-06 [end]

[start] [DEBUG] [2026-04-06 15:40:01.624] [SYSTEMS] 
End: set system name to BKTS [end]

[start] [DEBUG] [2026-04-06 15:40:01.634] [SYSTEMS] 
Start: assing msg to Receive SBR for Anchor Customer [end]

[start] [DEBUG] [2026-04-06 15:40:01.636] [SYSTEMS] 
busiType============POF [end]

[start] [DEBUG] [2026-04-06 15:40:01.657] [SYSTEMS] 
End: assing msg to Receive SBR for Anchor Customer [end]

[start] [DEBUG] [2026-04-06 15:40:01.675] [SYSTEMS] 
Start: Receive SBR for Anchor Customer [end]

[start] [DEBUG] [2026-04-06 15:40:01.679] [SYSTEMS] 
sMainRef======================20260406154001677 [end]

[start] [DEBUG] [2026-04-06 15:40:01.681] [SYSTEMS] 
sMainRef======================30 [end]

[start] [DEBUG] [2026-04-06 15:40:01.683] [SYSTEMS] 
custreno======================C007119REG [end]

[start] [DEBUG] [2026-04-06 15:40:01.687] [SYSTEMS] 
CounterRegNo======================REGSU053001 [end]

[start] [DEBUG] [2026-04-06 15:40:01.697] [SYSTEMS] 
End: Receive SBR for Anchor Customer [end]

[start] [DEBUG] [2026-04-06 15:40:01.703] [CSBANK_CSBANK] 
Converted STP message to STP XML Dom -- OK! [end]

[start] [DEBUG] [2026-04-06 15:40:01.715] [CSBANK_CSBANK] 
Starting to call Control Manager:TrxManagerMaster... [end]

[start] [DEBUG] [2026-04-06 15:40:01.832] [CSBANK_CSBANK] 
Called Control Manager:TrxManagerMaster --OK! [end]

[start] [DEBUG] [2026-04-06 15:40:01.844] [CSBANK_CSBANK] 
Completed processing STP message -- OK! [end]

[start] [DEBUG] [2026-04-06 15:40:01.848] [CSBANK_CSBANK] 
Starting to write process status to DB! [end]

[start] [DEBUG] [2026-04-06 15:40:01.858] [CSBANK_CSBANK] 
Starting to call STPResultProcess. [end]

[start] [DEBUG] [2026-04-06 15:40:01.875] [CSBANK_CSBANK] 
isSuccess=true; errorMessage=null [end]

[start] [DEBUG] [2026-04-06 15:40:01.877] [CSBANK_CSBANK] 
Completed to call STPResultProcess. [end]

[start] [DEBUG] [2026-04-06 15:40:01.891] [CSBANK_CSBANK] 
Wrote process status to DB -- OK! [end]

[start] [DEBUG] [2026-04-06 15:40:01.895] [CSBANK_CSBANK] 
Exit STP Process -- OK! [end]

[start] [DEBUG] [2026-04-06 15:40:02.058] [CSBANK_CSBANK] 
Generating STP Code (Msg numbers:1 [end]

[start] [DEBUG] [2026-04-06 15:40:02.061] [CSBANK_CSBANK] 
Generating STP Code -- OK! [end]

[start] [DEBUG] [2026-04-06 15:40:02.065] [CSBANK_CSBANK] 
Get Data Source:CET -- OK! [end]

[start] [DEBUG] [2026-04-06 15:40:02.067] [CSBANK_CSBANK] 
Starting to process STP message... [end]

[start] [DEBUG] [2026-04-06 15:40:02.071] [CSBANK_CSBANK] 
Entering into STP Manager... [end]

[start] [DEBUG] [2026-04-06 15:40:02.073] [CSBANK_CSBANK] 
STP Type is:InGapiForm [end]

[start] [DEBUG] [2026-04-06 15:40:02.077] [CSBANK_CSBANK] 
Initing adpater class:InGapiForm ... [end]

[start] [DEBUG] [2026-04-06 15:40:02.081] [CSBANK_CSBANK] 
Inited adpater class--OK! [end]

[start] [DEBUG] [2026-04-06 15:40:02.084] [CSBANK_CSBANK] 
Starting to convert STP message to STP XML Dom... [end]

[start] [DEBUG] [2026-04-06 15:40:02.101] [CSBANK_CSBANK] 
Start: set system name to BKTS [end]

[start] [DEBUG] [2026-04-06 15:40:02.103] [CSBANK_CSBANK] 
should set system name to SCF [end]

[start] [DEBUG] [2026-04-06 15:40:02.107] [CSBANK_CSBANK] 
userId= [end]

[start] [DEBUG] [2026-04-06 15:40:02.125] [CSBANK_CSBANK] 
recDate:2026-04-06 [end]

[start] [DEBUG] [2026-04-06 15:40:02.130] [CSBANK_CSBANK] 
End: set system name to BKTS [end]

[start] [DEBUG] [2026-04-06 15:40:02.141] [CSBANK_CSBANK] 
Start: assing msg to Receive SBR for Counterparty [end]

[start] [DEBUG] [2026-04-06 15:40:02.143] [CSBANK_CSBANK] 
busiType============POF [end]

[start] [DEBUG] [2026-04-06 15:40:02.161] [CSBANK_CSBANK] 
End: assing msg to Receive SBR for Counterparty [end]

[start] [DEBUG] [2026-04-06 15:40:02.181] [CSBANK_CSBANK] 
Start: Receive SBR for Counterparty [end]

[start] [DEBUG] [2026-04-06 15:40:02.185] [CSBANK_CSBANK] 
Start to create user! [end]

[start] [DEBUG] [2026-04-06 15:40:03.436] [CSBANK_CSBANK] 
Create user end! [end]

[start] [DEBUG] [2026-04-06 15:40:03.438] [CSBANK_CSBANK] 
sMainRef======================20260406154003436 [end]

[start] [DEBUG] [2026-04-06 15:40:03.440] [CSBANK_CSBANK] 
custreno======================C007119REG [end]

[start] [DEBUG] [2026-04-06 15:40:03.445] [CSBANK_CSBANK] 
CounterRegNo======================REGSU053001 [end]

[start] [DEBUG] [2026-04-06 15:40:03.456] [CSBANK_CSBANK] 
sSBRref================POFCSBANK260411301SBR [end]

[start] [DEBUG] [2026-04-06 15:40:03.459] [CSBANK_CSBANK] 
sUnitCode================C007166 [end]

[start] [ERROR] [2026-04-06 15:40:03.490] [CSBANK_CSBANK] 
CEStpJs:SYS_getCUBKVal:
record is null! [end]

[start] [DEBUG] [2026-04-06 15:40:03.493] [CSBANK_CSBANK] 
End: Receive SBR for Counterparty [end]

[start] [DEBUG] [2026-04-06 15:40:03.499] [CSBANK_CSBANK] 
Converted STP message to STP XML Dom -- OK! [end]

[start] [DEBUG] [2026-04-06 15:40:03.511] [CSBANK_CSBANK] 
Starting to call Control Manager:TrxManagerMaster... [end]

[start] [DEBUG] [2026-04-06 15:40:03.646] [CSBANK_CSBANK] 
Called Control Manager:TrxManagerMaster --OK! [end]

[start] [DEBUG] [2026-04-06 15:40:03.656] [CSBANK_CSBANK] 
Completed processing STP message -- OK! [end]

[start] [DEBUG] [2026-04-06 15:40:03.660] [CSBANK_CSBANK] 
Starting to write process status to DB! [end]

[start] [DEBUG] [2026-04-06 15:40:03.670] [CSBANK_CSBANK] 
Starting to call STPResultProcess. [end]

[start] [DEBUG] [2026-04-06 15:40:03.672] [CSBANK_CSBANK] 
isSuccess=true; errorMessage=null [end]

[start] [DEBUG] [2026-04-06 15:40:03.696] [CSBANK_CSBANK] 
Completed to call STPResultProcess. [end]

[start] [DEBUG] [2026-04-06 15:40:03.710] [CSBANK_CSBANK] 
Wrote process status to DB -- OK! [end]

[start] [DEBUG] [2026-04-06 15:40:03.712] [CSBANK_CSBANK] 
Exit STP Process -- OK! [end]

[start] [DEBUG] [2026-04-06 15:43:39.088] [SYSTEMS] 
Generating STP Code (Msg numbers:1 [end]

[start] [DEBUG] [2026-04-06 15:43:39.090] [SYSTEMS] 
Generating STP Code -- OK! [end]

[start] [DEBUG] [2026-04-06 15:43:39.090] [SYSTEMS] 
Get Data Source:CET -- OK! [end]

[start] [DEBUG] [2026-04-06 15:43:39.092] [SYSTEMS] 
Starting to process STP message... [end]

[start] [DEBUG] [2026-04-06 15:43:39.092] [SYSTEMS] 
Entering into STP Manager... [end]

[start] [DEBUG] [2026-04-06 15:43:39.092] [SYSTEMS] 
STP Type is:InGapiForm [end]

[start] [DEBUG] [2026-04-06 15:43:39.094] [SYSTEMS] 
Initing adpater class:InGapiForm ... [end]

[start] [DEBUG] [2026-04-06 15:43:39.094] [SYSTEMS] 
Inited adpater class--OK! [end]

[start] [DEBUG] [2026-04-06 15:43:39.094] [SYSTEMS] 
Starting to convert STP message to STP XML Dom... [end]

[start] [DEBUG] [2026-04-06 15:43:39.104] [SYSTEMS] 
Start: set system name to BKTS [end]

[start] [DEBUG] [2026-04-06 15:43:39.106] [SYSTEMS] 
should set system name to SCF [end]

[start] [DEBUG] [2026-04-06 15:43:39.106] [SYSTEMS] 
userId= [end]

[start] [DEBUG] [2026-04-06 15:43:39.115] [SYSTEMS] 
recDate:2026-04-06 [end]

[start] [DEBUG] [2026-04-06 15:43:39.115] [SYSTEMS] 
End: set system name to BKTS [end]

[start] [DEBUG] [2026-04-06 15:43:39.124] [SYSTEMS] 
Start: assing msg to Receive Agreement [end]

[start] [DEBUG] [2026-04-06 15:43:39.124] [SYSTEMS] 
busiType============PF [end]

[start] [DEBUG] [2026-04-06 15:43:39.130] [SYSTEMS] 
End: assing msg to Receive Agreement [end]

[start] [DEBUG] [2026-04-06 15:43:39.136] [SYSTEMS] 
Start: Receive Agreement [end]

[start] [DEBUG] [2026-04-06 15:43:39.138] [SYSTEMS] 
Start to create user! [end]

[start] [DEBUG] [2026-04-06 15:43:40.295] [SYSTEMS] 
Create user end! [end]

[start] [DEBUG] [2026-04-06 15:43:40.297] [SYSTEMS] 
sMainRef======================SCFUS2607186 [end]

[start] [DEBUG] [2026-04-06 15:43:40.297] [SYSTEMS] 
FACUSTREGNO======================C010234reg [end]

[start] [DEBUG] [2026-04-06 15:43:40.297] [SYSTEMS] 
FAPMT====================== [end]

[start] [DEBUG] [2026-04-06 15:43:40.299] [SYSTEMS] 
sUnitCode======================C010234 [end]

[start] [DEBUG] [2026-04-06 15:43:40.301] [SYSTEMS] 
End: Receive Agreement [end]

[start] [DEBUG] [2026-04-06 15:43:40.303] [CSBANK_CSBANK] 
Converted STP message to STP XML Dom -- OK! [end]

[start] [DEBUG] [2026-04-06 15:43:40.307] [CSBANK_CSBANK] 
Starting to call Control Manager:TrxManagerMaster... [end]

[start] [DEBUG] [2026-04-06 15:43:40.345] [CSBANK_CSBANK] 
Called Control Manager:TrxManagerMaster --OK! [end]

[start] [DEBUG] [2026-04-06 15:43:40.349] [CSBANK_CSBANK] 
Completed processing STP message -- OK! [end]

[start] [DEBUG] [2026-04-06 15:43:40.351] [CSBANK_CSBANK] 
Starting to write process status to DB! [end]

[start] [DEBUG] [2026-04-06 15:43:40.354] [CSBANK_CSBANK] 
Starting to call STPResultProcess. [end]

[start] [DEBUG] [2026-04-06 15:43:40.354] [CSBANK_CSBANK] 
isSuccess=true; errorMessage=null [end]

[start] [DEBUG] [2026-04-06 15:43:40.356] [CSBANK_CSBANK] 
Completed to call STPResultProcess. [end]

[start] [DEBUG] [2026-04-06 15:43:40.360] [CSBANK_CSBANK] 
Wrote process status to DB -- OK! [end]

[start] [DEBUG] [2026-04-06 15:43:40.362] [CSBANK_CSBANK] 
Exit STP Process -- OK! [end]

[start] [DEBUG] [2026-04-06 16:22:53.176] [SYSTEMS] 
Entering into STP Manager... [end]

[start] [DEBUG] [2026-04-06 16:22:53.204] [SYSTEMS] 
STP Type is:InGapiForm [end]

[start] [DEBUG] [2026-04-06 16:22:53.204] [SYSTEMS] 
Initing adpater class:InGapiForm ... [end]

[start] [DEBUG] [2026-04-06 16:22:53.208] [SYSTEMS] 
Inited adpater class--OK! [end]

[start] [DEBUG] [2026-04-06 16:22:53.210] [SYSTEMS] 
Starting to convert STP message to STP XML Dom... [end]

[start] [DEBUG] [2026-04-06 16:22:53.255] [SYSTEMS] 
Start: set system name to BKTS [end]

[start] [DEBUG] [2026-04-06 16:22:53.255] [SYSTEMS] 
should set system name to BKTS [end]

[start] [DEBUG] [2026-04-06 16:22:53.257] [SYSTEMS] 
userId= [end]

[start] [DEBUG] [2026-04-06 16:22:53.281] [SYSTEMS] 
recDate:2026-04-06 [end]

[start] [DEBUG] [2026-04-06 16:22:53.281] [SYSTEMS] 
End: set system name to BKTS [end]

[start] [DEBUG] [2026-04-06 16:22:53.306] [SYSTEMS] 
Start: assing msg to Send Message to EE [end]

[start] [DEBUG] [2026-04-06 16:22:53.421] [SYSTEMS] 
End: assing msg to Send Message to EE [end]

[start] [DEBUG] [2026-04-06 16:22:53.458] [CSBANK_CSBANK] 
Converted STP message to STP XML Dom -- OK! [end]

[start] [DEBUG] [2026-04-06 16:22:53.463] [CSBANK_CSBANK] 
Starting to call Control Manager:TrxManagerMaster... [end]

[start] [DEBUG] [2026-04-06 16:22:54.192] [CSBANK_CSBANK] 
Called Control Manager:TrxManagerMaster --OK! [end]

[start] [DEBUG] [2026-04-06 16:28:05.621] [SYSTEMS] 
Generating STP Code (Msg numbers:1 [end]

[start] [DEBUG] [2026-04-06 16:28:05.621] [SYSTEMS] 
Generating STP Code -- OK! [end]

[start] [DEBUG] [2026-04-06 16:28:05.623] [SYSTEMS] 
Get Data Source:CET -- OK! [end]

[start] [DEBUG] [2026-04-06 16:28:05.623] [SYSTEMS] 
Starting to process STP message... [end]

[start] [DEBUG] [2026-04-06 16:28:05.625] [SYSTEMS] 
Entering into STP Manager... [end]

[start] [DEBUG] [2026-04-06 16:28:05.625] [SYSTEMS] 
STP Type is:InGapiForm [end]

[start] [DEBUG] [2026-04-06 16:28:05.627] [SYSTEMS] 
Initing adpater class:InGapiForm ... [end]

[start] [DEBUG] [2026-04-06 16:28:05.627] [SYSTEMS] 
Inited adpater class--OK! [end]

[start] [DEBUG] [2026-04-06 16:28:05.629] [SYSTEMS] 
Starting to convert STP message to STP XML Dom... [end]

[start] [DEBUG] [2026-04-06 16:28:05.643] [SYSTEMS] 
Start: set system name to BKTS [end]

[start] [DEBUG] [2026-04-06 16:28:05.645] [SYSTEMS] 
should set system name to SCF [end]

[start] [DEBUG] [2026-04-06 16:28:05.645] [SYSTEMS] 
userId= [end]

[start] [DEBUG] [2026-04-06 16:28:05.657] [SYSTEMS] 
recDate:2026-04-06 [end]

[start] [DEBUG] [2026-04-06 16:28:05.657] [SYSTEMS] 
End: set system name to BKTS [end]

[start] [DEBUG] [2026-04-06 16:28:05.665] [SYSTEMS] 
Start: assing msg to Receive Agreement [end]

[start] [DEBUG] [2026-04-06 16:28:05.666] [SYSTEMS] 
busiType============POF [end]

[start] [DEBUG] [2026-04-06 16:28:05.676] [SYSTEMS] 
End: assing msg to Receive Agreement [end]

[start] [DEBUG] [2026-04-06 16:28:05.692] [SYSTEMS] 
Start: Receive Agreement [end]

[start] [DEBUG] [2026-04-06 16:28:05.694] [SYSTEMS] 
Start to create user! [end]

[start] [DEBUG] [2026-04-06 16:28:06.557] [SYSTEMS] 
Create user end! [end]

[start] [DEBUG] [2026-04-06 16:28:06.557] [SYSTEMS] 
sMainRef======================SCFUS2607189 [end]

[start] [DEBUG] [2026-04-06 16:28:06.557] [SYSTEMS] 
FACUSTREGNO======================C007164REG [end]

[start] [DEBUG] [2026-04-06 16:28:06.559] [SYSTEMS] 
FAPMT====================== [end]

[start] [DEBUG] [2026-04-06 16:28:06.559] [SYSTEMS] 
sUnitCode======================C007164 [end]

[start] [DEBUG] [2026-04-06 16:28:06.563] [SYSTEMS] 
End: Receive Agreement [end]

[start] [DEBUG] [2026-04-06 16:28:06.563] [CSBANK_CSBANK] 
Converted STP message to STP XML Dom -- OK! [end]

[start] [DEBUG] [2026-04-06 16:28:06.567] [CSBANK_CSBANK] 
Starting to call Control Manager:TrxManagerMaster... [end]

[start] [DEBUG] [2026-04-06 16:28:06.624] [CSBANK_CSBANK] 
Called Control Manager:TrxManagerMaster --OK! [end]

[start] [DEBUG] [2026-04-06 16:28:06.628] [CSBANK_CSBANK] 
Completed processing STP message -- OK! [end]

[start] [DEBUG] [2026-04-06 16:28:06.630] [CSBANK_CSBANK] 
Starting to write process status to DB! [end]

[start] [DEBUG] [2026-04-06 16:28:06.634] [CSBANK_CSBANK] 
Starting to call STPResultProcess. [end]

[start] [DEBUG] [2026-04-06 16:28:06.634] [CSBANK_CSBANK] 
isSuccess=true; errorMessage=null [end]

[start] [DEBUG] [2026-04-06 16:28:06.634] [CSBANK_CSBANK] 
Completed to call STPResultProcess. [end]

[start] [DEBUG] [2026-04-06 16:28:06.638] [CSBANK_CSBANK] 
Wrote process status to DB -- OK! [end]

[start] [DEBUG] [2026-04-06 16:28:06.640] [CSBANK_CSBANK] 
Exit STP Process -- OK! [end]

[start] [DEBUG] [2026-04-06 16:29:01.105] [SYSTEMS] 
Generating STP Code (Msg numbers:1 [end]

[start] [DEBUG] [2026-04-06 16:29:01.105] [SYSTEMS] 
Generating STP Code -- OK! [end]

[start] [DEBUG] [2026-04-06 16:29:01.107] [SYSTEMS] 
Get Data Source:CET -- OK! [end]

[start] [DEBUG] [2026-04-06 16:29:01.107] [SYSTEMS] 
Starting to process STP message... [end]

[start] [DEBUG] [2026-04-06 16:29:01.109] [SYSTEMS] 
Entering into STP Manager... [end]

[start] [DEBUG] [2026-04-06 16:29:01.109] [SYSTEMS] 
STP Type is:InGapiForm [end]

[start] [DEBUG] [2026-04-06 16:29:01.109] [SYSTEMS] 
Initing adpater class:InGapiForm ... [end]

[start] [DEBUG] [2026-04-06 16:29:01.111] [SYSTEMS] 
Inited adpater class--OK! [end]

[start] [DEBUG] [2026-04-06 16:29:01.111] [SYSTEMS] 
Starting to convert STP message to STP XML Dom... [end]

[start] [DEBUG] [2026-04-06 16:29:01.123] [SYSTEMS] 
Start: set system name to BKTS [end]

[start] [DEBUG] [2026-04-06 16:29:01.125] [SYSTEMS] 
should set system name to SCF [end]

[start] [DEBUG] [2026-04-06 16:29:01.126] [SYSTEMS] 
userId= [end]

[start] [DEBUG] [2026-04-06 16:29:01.135] [SYSTEMS] 
recDate:2026-04-06 [end]

[start] [DEBUG] [2026-04-06 16:29:01.137] [SYSTEMS] 
End: set system name to BKTS [end]

[start] [DEBUG] [2026-04-06 16:29:01.141] [SYSTEMS] 
Start: assing msg to Receive SBR for Anchor Customer [end]

[start] [DEBUG] [2026-04-06 16:29:01.142] [SYSTEMS] 
busiType============POF [end]

[start] [DEBUG] [2026-04-06 16:29:01.150] [SYSTEMS] 
End: assing msg to Receive SBR for Anchor Customer [end]

[start] [DEBUG] [2026-04-06 16:29:01.168] [SYSTEMS] 
Start: Receive SBR for Anchor Customer [end]

[start] [DEBUG] [2026-04-06 16:29:01.168] [SYSTEMS] 
sMainRef======================20260406162901168 [end]

[start] [DEBUG] [2026-04-06 16:29:01.170] [SYSTEMS] 
sMainRef======================30 [end]

[start] [DEBUG] [2026-04-06 16:29:01.172] [SYSTEMS] 
custreno======================C007164REG [end]

[start] [DEBUG] [2026-04-06 16:29:01.174] [SYSTEMS] 
CounterRegNo======================C007100REG [end]

[start] [DEBUG] [2026-04-06 16:29:01.180] [SYSTEMS] 
End: Receive SBR for Anchor Customer [end]

[start] [DEBUG] [2026-04-06 16:29:01.182] [CSBANK_CSBANK] 
Converted STP message to STP XML Dom -- OK! [end]

[start] [DEBUG] [2026-04-06 16:29:01.188] [CSBANK_CSBANK] 
Starting to call Control Manager:TrxManagerMaster... [end]

[start] [DEBUG] [2026-04-06 16:29:01.241] [CSBANK_CSBANK] 
Called Control Manager:TrxManagerMaster --OK! [end]

[start] [DEBUG] [2026-04-06 16:29:01.245] [CSBANK_CSBANK] 
Completed processing STP message -- OK! [end]

[start] [DEBUG] [2026-04-06 16:29:01.247] [CSBANK_CSBANK] 
Starting to write process status to DB! [end]

[start] [DEBUG] [2026-04-06 16:29:01.251] [CSBANK_CSBANK] 
Starting to call STPResultProcess. [end]

[start] [DEBUG] [2026-04-06 16:29:01.251] [CSBANK_CSBANK] 
isSuccess=true; errorMessage=null [end]

[start] [DEBUG] [2026-04-06 16:29:01.253] [CSBANK_CSBANK] 
Completed to call STPResultProcess. [end]

[start] [DEBUG] [2026-04-06 16:29:01.257] [CSBANK_CSBANK] 
Wrote process status to DB -- OK! [end]

[start] [DEBUG] [2026-04-06 16:29:01.259] [CSBANK_CSBANK] 
Exit STP Process -- OK! [end]

[start] [DEBUG] [2026-04-06 16:29:01.303] [CSBANK_CSBANK] 
Generating STP Code (Msg numbers:1 [end]

[start] [DEBUG] [2026-04-06 16:29:01.304] [CSBANK_CSBANK] 
Generating STP Code -- OK! [end]

[start] [DEBUG] [2026-04-06 16:29:01.305] [CSBANK_CSBANK] 
Get Data Source:CET -- OK! [end]

[start] [DEBUG] [2026-04-06 16:29:01.305] [CSBANK_CSBANK] 
Starting to process STP message... [end]

[start] [DEBUG] [2026-04-06 16:29:01.307] [CSBANK_CSBANK] 
Entering into STP Manager... [end]

[start] [DEBUG] [2026-04-06 16:29:01.307] [CSBANK_CSBANK] 
STP Type is:InGapiForm [end]

[start] [DEBUG] [2026-04-06 16:29:01.308] [CSBANK_CSBANK] 
Initing adpater class:InGapiForm ... [end]

[start] [DEBUG] [2026-04-06 16:29:01.309] [CSBANK_CSBANK] 
Inited adpater class--OK! [end]

[start] [DEBUG] [2026-04-06 16:29:01.309] [CSBANK_CSBANK] 
Starting to convert STP message to STP XML Dom... [end]

[start] [DEBUG] [2026-04-06 16:29:01.315] [CSBANK_CSBANK] 
Start: set system name to BKTS [end]

[start] [DEBUG] [2026-04-06 16:29:01.317] [CSBANK_CSBANK] 
should set system name to SCF [end]

[start] [DEBUG] [2026-04-06 16:29:01.319] [CSBANK_CSBANK] 
userId= [end]

[start] [DEBUG] [2026-04-06 16:29:01.324] [CSBANK_CSBANK] 
recDate:2026-04-06 [end]

[start] [DEBUG] [2026-04-06 16:29:01.326] [CSBANK_CSBANK] 
End: set system name to BKTS [end]

[start] [DEBUG] [2026-04-06 16:29:01.328] [CSBANK_CSBANK] 
Start: assing msg to Receive SBR for Counterparty [end]

[start] [DEBUG] [2026-04-06 16:29:01.330] [CSBANK_CSBANK] 
busiType============POF [end]

[start] [DEBUG] [2026-04-06 16:29:01.334] [CSBANK_CSBANK] 
End: assing msg to Receive SBR for Counterparty [end]

[start] [DEBUG] [2026-04-06 16:29:01.348] [CSBANK_CSBANK] 
Start: Receive SBR for Counterparty [end]

[start] [DEBUG] [2026-04-06 16:29:01.350] [CSBANK_CSBANK] 
Start to create user! [end]

[start] [DEBUG] [2026-04-06 16:29:01.949] [CSBANK_CSBANK] 
Create user end! [end]

[start] [DEBUG] [2026-04-06 16:29:01.951] [CSBANK_CSBANK] 
sMainRef======================20260406162901949 [end]

[start] [DEBUG] [2026-04-06 16:29:01.951] [CSBANK_CSBANK] 
custreno======================C007164REG [end]

[start] [DEBUG] [2026-04-06 16:29:01.953] [CSBANK_CSBANK] 
CounterRegNo======================C007100REG [end]

[start] [DEBUG] [2026-04-06 16:29:01.957] [CSBANK_CSBANK] 
sSBRref================POFCSBANK260411303SBR [end]

[start] [DEBUG] [2026-04-06 16:29:01.957] [CSBANK_CSBANK] 
sUnitCode================C007100 [end]

[start] [ERROR] [2026-04-06 16:29:01.971] [CSBANK_CSBANK] 
CEStpJs:SYS_getCUBKVal:
record is null! [end]

[start] [DEBUG] [2026-04-06 16:29:01.973] [CSBANK_CSBANK] 
End: Receive SBR for Counterparty [end]

[start] [DEBUG] [2026-04-06 16:29:01.973] [CSBANK_CSBANK] 
Converted STP message to STP XML Dom -- OK! [end]

[start] [DEBUG] [2026-04-06 16:29:01.979] [CSBANK_CSBANK] 
Starting to call Control Manager:TrxManagerMaster... [end]

[start] [DEBUG] [2026-04-06 16:29:02.013] [CSBANK_CSBANK] 
Called Control Manager:TrxManagerMaster --OK! [end]

[start] [DEBUG] [2026-04-06 16:29:02.017] [CSBANK_CSBANK] 
Completed processing STP message -- OK! [end]

[start] [DEBUG] [2026-04-06 16:29:02.017] [CSBANK_CSBANK] 
Starting to write process status to DB! [end]

[start] [DEBUG] [2026-04-06 16:29:02.021] [CSBANK_CSBANK] 
Starting to call STPResultProcess. [end]

[start] [DEBUG] [2026-04-06 16:29:02.021] [CSBANK_CSBANK] 
isSuccess=true; errorMessage=null [end]

[start] [DEBUG] [2026-04-06 16:29:02.023] [CSBANK_CSBANK] 
Completed to call STPResultProcess. [end]

[start] [DEBUG] [2026-04-06 16:29:02.025] [CSBANK_CSBANK] 
Wrote process status to DB -- OK! [end]

[start] [DEBUG] [2026-04-06 16:29:02.027] [CSBANK_CSBANK] 
Exit STP Process -- OK! [end]

[start] [DEBUG] [2026-04-06 16:39:06.180] [SYSTEMS] 
Entering into STP Manager... [end]

[start] [DEBUG] [2026-04-06 16:39:06.180] [SYSTEMS] 
STP Type is:InGapiForm [end]

[start] [DEBUG] [2026-04-06 16:39:06.182] [SYSTEMS] 
Initing adpater class:InGapiForm ... [end]

[start] [DEBUG] [2026-04-06 16:39:06.182] [SYSTEMS] 
Inited adpater class--OK! [end]

[start] [DEBUG] [2026-04-06 16:39:06.191] [SYSTEMS] 
Starting to convert STP message to STP XML Dom... [end]

[start] [DEBUG] [2026-04-06 16:39:06.210] [SYSTEMS] 
Start: set system name to BKTS [end]

[start] [DEBUG] [2026-04-06 16:39:06.213] [SYSTEMS] 
should set system name to BKTS [end]

[start] [DEBUG] [2026-04-06 16:39:06.214] [SYSTEMS] 
userId= [end]

[start] [DEBUG] [2026-04-06 16:39:06.222] [SYSTEMS] 
recDate:2026-04-06 [end]

[start] [DEBUG] [2026-04-06 16:39:06.223] [SYSTEMS] 
End: set system name to BKTS [end]

[start] [DEBUG] [2026-04-06 16:39:06.225] [SYSTEMS] 
Start: assing msg to Send Message to EE [end]

[start] [DEBUG] [2026-04-06 16:39:06.230] [SYSTEMS] 
End: assing msg to Send Message to EE [end]

[start] [DEBUG] [2026-04-06 16:39:06.236] [CSBANK_CSBANK] 
Converted STP message to STP XML Dom -- OK! [end]

[start] [DEBUG] [2026-04-06 16:39:06.237] [CSBANK_CSBANK] 
Starting to call Control Manager:TrxManagerMaster... [end]

[start] [DEBUG] [2026-04-06 16:39:06.316] [CSBANK_CSBANK] 
Called Control Manager:TrxManagerMaster --OK! [end]

[start] [DEBUG] [2026-04-06 17:03:00.604] [SYSTEMS] 
Generating STP Code (Msg numbers:1 [end]

[start] [DEBUG] [2026-04-06 17:03:00.614] [SYSTEMS] 
Generating STP Code -- OK! [end]

[start] [DEBUG] [2026-04-06 17:03:00.616] [SYSTEMS] 
Get Data Source:CET -- OK! [end]

[start] [DEBUG] [2026-04-06 17:03:00.649] [SYSTEMS] 
Starting to process STP message... [end]

[start] [DEBUG] [2026-04-06 17:03:00.681] [SYSTEMS] 
Entering into STP Manager... [end]

[start] [DEBUG] [2026-04-06 17:03:00.733] [SYSTEMS] 
STP Type is:InGapiForm [end]

[start] [DEBUG] [2026-04-06 17:03:00.735] [SYSTEMS] 
Initing adpater class:InGapiForm ... [end]

[start] [DEBUG] [2026-04-06 17:03:00.746] [SYSTEMS] 
Inited adpater class--OK! [end]

[start] [DEBUG] [2026-04-06 17:03:00.748] [SYSTEMS] 
Starting to convert STP message to STP XML Dom... [end]

[start] [DEBUG] [2026-04-06 17:03:00.836] [SYSTEMS] 
Start: set system name to BKTS [end]

[start] [DEBUG] [2026-04-06 17:03:00.842] [SYSTEMS] 
should set system name to SCF [end]

[start] [DEBUG] [2026-04-06 17:03:00.846] [SYSTEMS] 
userId= [end]

[start] [DEBUG] [2026-04-06 17:03:00.871] [SYSTEMS] 
recDate:2026-04-06 [end]

[start] [DEBUG] [2026-04-06 17:03:00.873] [SYSTEMS] 
End: set system name to BKTS [end]

[start] [DEBUG] [2026-04-06 17:03:00.881] [SYSTEMS] 
Start: assing msg to Receive Agreement [end]

[start] [DEBUG] [2026-04-06 17:03:00.883] [SYSTEMS] 
busiType============PF [end]

[start] [DEBUG] [2026-04-06 17:03:00.929] [SYSTEMS] 
End: assing msg to Receive Agreement [end]

[start] [DEBUG] [2026-04-06 17:03:00.971] [SYSTEMS] 
Start: Receive Agreement [end]

[start] [DEBUG] [2026-04-06 17:03:00.977] [SYSTEMS] 
Start to create user! [end]

[start] [DEBUG] [2026-04-06 17:03:02.189] [SYSTEMS] 
Create user end! [end]

[start] [DEBUG] [2026-04-06 17:03:02.191] [SYSTEMS] 
sMainRef======================SCFUS2607191 [end]

[start] [DEBUG] [2026-04-06 17:03:02.193] [SYSTEMS] 
FACUSTREGNO======================C013128reg [end]

[start] [DEBUG] [2026-04-06 17:03:02.195] [SYSTEMS] 
FAPMT====================== [end]

[start] [DEBUG] [2026-04-06 17:03:02.197] [SYSTEMS] 
sUnitCode======================C013128 [end]

[start] [DEBUG] [2026-04-06 17:03:02.207] [SYSTEMS] 
End: Receive Agreement [end]

[start] [DEBUG] [2026-04-06 17:03:02.211] [CSBANK_CSBANK] 
Converted STP message to STP XML Dom -- OK! [end]

[start] [DEBUG] [2026-04-06 17:03:02.232] [CSBANK_CSBANK] 
Starting to call Control Manager:TrxManagerMaster... [end]

[start] [DEBUG] [2026-04-06 17:03:02.420] [CSBANK_CSBANK] 
Called Control Manager:TrxManagerMaster --OK! [end]

[start] [DEBUG] [2026-04-06 17:03:02.431] [CSBANK_CSBANK] 
Completed processing STP message -- OK! [end]

[start] [DEBUG] [2026-04-06 17:03:02.433] [CSBANK_CSBANK] 
Starting to write process status to DB! [end]

[start] [DEBUG] [2026-04-06 17:03:02.443] [CSBANK_CSBANK] 
Starting to call STPResultProcess. [end]

[start] [DEBUG] [2026-04-06 17:03:02.444] [CSBANK_CSBANK] 
isSuccess=true; errorMessage=null [end]

[start] [DEBUG] [2026-04-06 17:03:02.446] [CSBANK_CSBANK] 
Completed to call STPResultProcess. [end]

[start] [DEBUG] [2026-04-06 17:03:02.458] [CSBANK_CSBANK] 
Wrote process status to DB -- OK! [end]

[start] [DEBUG] [2026-04-06 17:03:02.460] [CSBANK_CSBANK] 
Exit STP Process -- OK! [end]

[start] [DEBUG] [2026-04-06 19:50:51.753] [SYSTEMS] 
Generating STP Code (Msg numbers:1 [end]

[start] [DEBUG] [2026-04-06 19:50:51.753] [SYSTEMS] 
Generating STP Code -- OK! [end]

[start] [DEBUG] [2026-04-06 19:50:51.755] [SYSTEMS] 
Get Data Source:CET -- OK! [end]

[start] [DEBUG] [2026-04-06 19:50:51.755] [SYSTEMS] 
Starting to process STP message... [end]

[start] [DEBUG] [2026-04-06 19:50:51.755] [SYSTEMS] 
Entering into STP Manager... [end]

[start] [DEBUG] [2026-04-06 19:50:51.757] [SYSTEMS] 
STP Type is:InGapiForm [end]

[start] [DEBUG] [2026-04-06 19:50:51.757] [SYSTEMS] 
Initing adpater class:InGapiForm ... [end]

[start] [DEBUG] [2026-04-06 19:50:51.759] [SYSTEMS] 
Inited adpater class--OK! [end]

[start] [DEBUG] [2026-04-06 19:50:51.759] [SYSTEMS] 
Starting to convert STP message to STP XML Dom... [end]

[start] [DEBUG] [2026-04-06 19:50:51.765] [SYSTEMS] 
Start: set system name to BKTS [end]

[start] [DEBUG] [2026-04-06 19:50:51.767] [SYSTEMS] 
should set system name to SCF [end]

[start] [DEBUG] [2026-04-06 19:50:51.767] [SYSTEMS] 
userId= [end]

[start] [DEBUG] [2026-04-06 19:50:51.836] [SYSTEMS] 
recDate:2026-04-06 [end]

[start] [DEBUG] [2026-04-06 19:50:51.836] [SYSTEMS] 
End: set system name to BKTS [end]

[start] [DEBUG] [2026-04-06 19:50:51.840] [SYSTEMS] 
Start: assing msg to Receive Agreement [end]

[start] [DEBUG] [2026-04-06 19:50:51.842] [SYSTEMS] 
busiType============PF [end]

[start] [DEBUG] [2026-04-06 19:50:51.844] [SYSTEMS] 
End: assing msg to Receive Agreement [end]

[start] [DEBUG] [2026-04-06 19:50:51.852] [SYSTEMS] 
Start: Receive Agreement [end]

[start] [DEBUG] [2026-04-06 19:50:51.856] [SYSTEMS] 
Start to create user! [end]

[start] [DEBUG] [2026-04-06 19:50:53.602] [SYSTEMS] 
Create user end! [end]

[start] [DEBUG] [2026-04-06 19:50:53.604] [SYSTEMS] 
sMainRef======================SCFUS2607188 [end]

[start] [DEBUG] [2026-04-06 19:50:53.604] [SYSTEMS] 
FACUSTREGNO======================C007918REG [end]

[start] [DEBUG] [2026-04-06 19:50:53.604] [SYSTEMS] 
FAPMT====================== [end]

[start] [DEBUG] [2026-04-06 19:50:53.606] [SYSTEMS] 
sUnitCode======================C007918 [end]

[start] [DEBUG] [2026-04-06 19:50:53.608] [SYSTEMS] 
End: Receive Agreement [end]

[start] [DEBUG] [2026-04-06 19:50:53.610] [CSBANK_CSBANK] 
Converted STP message to STP XML Dom -- OK! [end]

[start] [DEBUG] [2026-04-06 19:50:53.613] [CSBANK_CSBANK] 
Starting to call Control Manager:TrxManagerMaster... [end]

[start] [DEBUG] [2026-04-06 19:50:53.658] [CSBANK_CSBANK] 
Called Control Manager:TrxManagerMaster --OK! [end]

[start] [DEBUG] [2026-04-06 19:50:53.660] [CSBANK_CSBANK] 
Completed processing STP message -- OK! [end]

[start] [DEBUG] [2026-04-06 19:50:53.661] [CSBANK_CSBANK] 
Starting to write process status to DB! [end]

[start] [DEBUG] [2026-04-06 19:50:53.665] [CSBANK_CSBANK] 
Starting to call STPResultProcess. [end]

[start] [DEBUG] [2026-04-06 19:50:53.665] [CSBANK_CSBANK] 
isSuccess=true; errorMessage=null [end]

[start] [DEBUG] [2026-04-06 19:50:53.665] [CSBANK_CSBANK] 
Completed to call STPResultProcess. [end]

[start] [DEBUG] [2026-04-06 19:50:53.669] [CSBANK_CSBANK] 
Wrote process status to DB -- OK! [end]

[start] [DEBUG] [2026-04-06 19:50:53.669] [CSBANK_CSBANK] 
Exit STP Process -- OK! [end]

[start] [DEBUG] [2026-04-06 19:51:01.867] [SYSTEMS] 
Generating STP Code (Msg numbers:1 [end]

[start] [DEBUG] [2026-04-06 19:51:01.869] [SYSTEMS] 
Generating STP Code -- OK! [end]

[start] [DEBUG] [2026-04-06 19:51:01.872] [SYSTEMS] 
Get Data Source:CET -- OK! [end]

[start] [DEBUG] [2026-04-06 19:51:01.872] [SYSTEMS] 
Starting to process STP message... [end]

[start] [DEBUG] [2026-04-06 19:51:01.874] [SYSTEMS] 
Entering into STP Manager... [end]

[start] [DEBUG] [2026-04-06 19:51:01.876] [SYSTEMS] 
STP Type is:InGapiForm [end]

[start] [DEBUG] [2026-04-06 19:51:01.877] [SYSTEMS] 
Initing adpater class:InGapiForm ... [end]

[start] [DEBUG] [2026-04-06 19:51:01.879] [SYSTEMS] 
Inited adpater class--OK! [end]

[start] [DEBUG] [2026-04-06 19:51:01.882] [SYSTEMS] 
Starting to convert STP message to STP XML Dom... [end]

[start] [DEBUG] [2026-04-06 19:51:01.909] [SYSTEMS] 
Start: set system name to BKTS [end]

[start] [DEBUG] [2026-04-06 19:51:01.911] [SYSTEMS] 
should set system name to SCF [end]

[start] [DEBUG] [2026-04-06 19:51:01.911] [SYSTEMS] 
userId= [end]

[start] [DEBUG] [2026-04-06 19:51:01.939] [SYSTEMS] 
recDate:2026-04-06 [end]

[start] [DEBUG] [2026-04-06 19:51:01.943] [SYSTEMS] 
End: set system name to BKTS [end]

[start] [DEBUG] [2026-04-06 19:51:01.956] [SYSTEMS] 
Start: assing msg to Receive SBR for Anchor Customer [end]

[start] [DEBUG] [2026-04-06 19:51:01.958] [SYSTEMS] 
busiType============PF [end]

[start] [DEBUG] [2026-04-06 19:51:01.984] [SYSTEMS] 
End: assing msg to Receive SBR for Anchor Customer [end]

[start] [DEBUG] [2026-04-06 19:51:02.002] [SYSTEMS] 
Start: Receive SBR for Anchor Customer [end]

[start] [DEBUG] [2026-04-06 19:51:02.004] [SYSTEMS] 
sMainRef======================20260406195102002 [end]

[start] [DEBUG] [2026-04-06 19:51:02.004] [SYSTEMS] 
sMainRef======================90 [end]

[start] [DEBUG] [2026-04-06 19:51:02.006] [SYSTEMS] 
custreno======================C007918REG [end]

[start] [DEBUG] [2026-04-06 19:51:02.034] [SYSTEMS] 
CounterRegNo======================C007270REG [end]

[start] [DEBUG] [2026-04-06 19:51:02.045] [SYSTEMS] 
End: Receive SBR for Anchor Customer [end]

[start] [DEBUG] [2026-04-06 19:51:02.047] [CSBANK_CSBANK] 
Converted STP message to STP XML Dom -- OK! [end]

[start] [DEBUG] [2026-04-06 19:51:02.121] [CSBANK_CSBANK] 
Starting to call Control Manager:TrxManagerMaster... [end]

[start] [DEBUG] [2026-04-06 19:51:02.311] [CSBANK_CSBANK] 
Called Control Manager:TrxManagerMaster --OK! [end]

[start] [DEBUG] [2026-04-06 19:51:02.314] [CSBANK_CSBANK] 
Completed processing STP message -- OK! [end]

[start] [DEBUG] [2026-04-06 19:51:02.314] [CSBANK_CSBANK] 
Starting to write process status to DB! [end]

[start] [DEBUG] [2026-04-06 19:51:02.320] [CSBANK_CSBANK] 
Starting to call STPResultProcess. [end]

[start] [DEBUG] [2026-04-06 19:51:02.321] [CSBANK_CSBANK] 
isSuccess=true; errorMessage=null [end]

[start] [DEBUG] [2026-04-06 19:51:02.322] [CSBANK_CSBANK] 
Completed to call STPResultProcess. [end]

[start] [DEBUG] [2026-04-06 19:51:02.354] [CSBANK_CSBANK] 
Wrote process status to DB -- OK! [end]

[start] [DEBUG] [2026-04-06 19:51:02.356] [CSBANK_CSBANK] 
Exit STP Process -- OK! [end]

[start] [DEBUG] [2026-04-06 19:51:02.408] [CSBANK_CSBANK] 
Generating STP Code (Msg numbers:1 [end]

[start] [DEBUG] [2026-04-06 19:51:02.408] [CSBANK_CSBANK] 
Generating STP Code -- OK! [end]

[start] [DEBUG] [2026-04-06 19:51:02.410] [CSBANK_CSBANK] 
Get Data Source:CET -- OK! [end]

[start] [DEBUG] [2026-04-06 19:51:02.412] [CSBANK_CSBANK] 
Starting to process STP message... [end]

[start] [DEBUG] [2026-04-06 19:51:02.414] [CSBANK_CSBANK] 
Entering into STP Manager... [end]

[start] [DEBUG] [2026-04-06 19:51:02.416] [CSBANK_CSBANK] 
STP Type is:InGapiForm [end]

[start] [DEBUG] [2026-04-06 19:51:02.416] [CSBANK_CSBANK] 
Initing adpater class:InGapiForm ... [end]

[start] [DEBUG] [2026-04-06 19:51:02.418] [CSBANK_CSBANK] 
Inited adpater class--OK! [end]

[start] [DEBUG] [2026-04-06 19:51:02.418] [CSBANK_CSBANK] 
Starting to convert STP message to STP XML Dom... [end]

[start] [DEBUG] [2026-04-06 19:51:02.440] [CSBANK_CSBANK] 
Start: set system name to BKTS [end]

[start] [DEBUG] [2026-04-06 19:51:02.441] [CSBANK_CSBANK] 
should set system name to SCF [end]

[start] [DEBUG] [2026-04-06 19:51:02.441] [CSBANK_CSBANK] 
userId= [end]

[start] [DEBUG] [2026-04-06 19:51:02.449] [CSBANK_CSBANK] 
recDate:2026-04-06 [end]

[start] [DEBUG] [2026-04-06 19:51:02.451] [CSBANK_CSBANK] 
End: set system name to BKTS [end]

[start] [DEBUG] [2026-04-06 19:51:02.457] [CSBANK_CSBANK] 
Start: assing msg to Receive SBR for Counterparty [end]

[start] [DEBUG] [2026-04-06 19:51:02.459] [CSBANK_CSBANK] 
busiType============PF [end]

[start] [DEBUG] [2026-04-06 19:51:02.465] [CSBANK_CSBANK] 
End: assing msg to Receive SBR for Counterparty [end]

[start] [DEBUG] [2026-04-06 19:51:02.479] [CSBANK_CSBANK] 
Start: Receive SBR for Counterparty [end]

[start] [DEBUG] [2026-04-06 19:51:02.493] [CSBANK_CSBANK] 
Start to create user! [end]

[start] [DEBUG] [2026-04-06 19:51:03.039] [CSBANK_CSBANK] 
Create user end! [end]

[start] [DEBUG] [2026-04-06 19:51:03.042] [CSBANK_CSBANK] 
sMainRef======================20260406195103039 [end]

[start] [DEBUG] [2026-04-06 19:51:03.043] [CSBANK_CSBANK] 
custreno======================C007918REG [end]

[start] [DEBUG] [2026-04-06 19:51:03.043] [CSBANK_CSBANK] 
CounterRegNo======================C007270REG [end]

[start] [DEBUG] [2026-04-06 19:51:03.049] [CSBANK_CSBANK] 
sSBRref================PFCSBANK260411304SBR [end]

[start] [DEBUG] [2026-04-06 19:51:03.049] [CSBANK_CSBANK] 
sUnitCode================C007270 [end]

[start] [ERROR] [2026-04-06 19:51:03.065] [CSBANK_CSBANK] 
CEStpJs:SYS_getCUBKVal:
record is null! [end]

[start] [DEBUG] [2026-04-06 19:51:03.096] [CSBANK_CSBANK] 
End: Receive SBR for Counterparty [end]

[start] [DEBUG] [2026-04-06 19:51:03.097] [CSBANK_CSBANK] 
Converted STP message to STP XML Dom -- OK! [end]

[start] [DEBUG] [2026-04-06 19:51:03.102] [CSBANK_CSBANK] 
Starting to call Control Manager:TrxManagerMaster... [end]

[start] [DEBUG] [2026-04-06 19:51:03.204] [CSBANK_CSBANK] 
Called Control Manager:TrxManagerMaster --OK! [end]

[start] [DEBUG] [2026-04-06 19:51:03.208] [CSBANK_CSBANK] 
Completed processing STP message -- OK! [end]

[start] [DEBUG] [2026-04-06 19:51:03.210] [CSBANK_CSBANK] 
Starting to write process status to DB! [end]

[start] [DEBUG] [2026-04-06 19:51:03.214] [CSBANK_CSBANK] 
Starting to call STPResultProcess. [end]

[start] [DEBUG] [2026-04-06 19:51:03.216] [CSBANK_CSBANK] 
isSuccess=true; errorMessage=null [end]

[start] [DEBUG] [2026-04-06 19:51:03.216] [CSBANK_CSBANK] 
Completed to call STPResultProcess. [end]

[start] [DEBUG] [2026-04-06 19:51:03.245] [CSBANK_CSBANK] 
Wrote process status to DB -- OK! [end]

[start] [DEBUG] [2026-04-06 19:51:03.245] [CSBANK_CSBANK] 
Exit STP Process -- OK! [end]

[start] [DEBUG] [2026-04-06 20:51:05.340] [SYSTEMS] 
Generating STP Code (Msg numbers:1 [end]

[start] [DEBUG] [2026-04-06 20:51:05.351] [SYSTEMS] 
Generating STP Code -- OK! [end]

[start] [DEBUG] [2026-04-06 20:51:05.351] [SYSTEMS] 
Get Data Source:CET -- OK! [end]

[start] [DEBUG] [2026-04-06 20:51:05.353] [SYSTEMS] 
Starting to process STP message... [end]

[start] [DEBUG] [2026-04-06 20:51:05.357] [SYSTEMS] 
Entering into STP Manager... [end]

[start] [DEBUG] [2026-04-06 20:51:05.363] [SYSTEMS] 
STP Type is:InGapiForm [end]

[start] [DEBUG] [2026-04-06 20:51:05.363] [SYSTEMS] 
Initing adpater class:InGapiForm ... [end]

[start] [DEBUG] [2026-04-06 20:51:05.367] [SYSTEMS] 
Inited adpater class--OK! [end]

[start] [DEBUG] [2026-04-06 20:51:05.367] [SYSTEMS] 
Starting to convert STP message to STP XML Dom... [end]

[start] [DEBUG] [2026-04-06 20:51:05.397] [SYSTEMS] 
Start: set system name to BKTS [end]

[start] [DEBUG] [2026-04-06 20:51:05.397] [SYSTEMS] 
should set system name to SCF [end]

[start] [DEBUG] [2026-04-06 20:51:05.399] [SYSTEMS] 
userId= [end]

[start] [DEBUG] [2026-04-06 20:51:05.412] [SYSTEMS] 
recDate:2026-04-06 [end]

[start] [DEBUG] [2026-04-06 20:51:05.414] [SYSTEMS] 
End: set system name to BKTS [end]

[start] [DEBUG] [2026-04-06 20:51:05.423] [SYSTEMS] 
Start: assing msg to Receive Agreement [end]

[start] [DEBUG] [2026-04-06 20:51:05.425] [SYSTEMS] 
busiType============PF [end]

[start] [DEBUG] [2026-04-06 20:51:05.452] [SYSTEMS] 
End: assing msg to Receive Agreement [end]

[start] [DEBUG] [2026-04-06 20:51:05.466] [SYSTEMS] 
Start: Receive Agreement [end]

[start] [DEBUG] [2026-04-06 20:51:05.468] [SYSTEMS] 
Start to create user! [end]

[start] [DEBUG] [2026-04-06 20:51:06.491] [SYSTEMS] 
Create user end! [end]

[start] [DEBUG] [2026-04-06 20:51:06.493] [SYSTEMS] 
sMainRef======================SCFUS2607192 [end]

[start] [DEBUG] [2026-04-06 20:51:06.495] [SYSTEMS] 
FACUSTREGNO======================C011447reg [end]

[start] [DEBUG] [2026-04-06 20:51:06.495] [SYSTEMS] 
FAPMT====================== [end]

[start] [DEBUG] [2026-04-06 20:51:06.497] [SYSTEMS] 
sUnitCode======================C011447 [end]

[start] [DEBUG] [2026-04-06 20:51:06.501] [SYSTEMS] 
End: Receive Agreement [end]

[start] [DEBUG] [2026-04-06 20:51:06.505] [CSBANK_CSBANK] 
Converted STP message to STP XML Dom -- OK! [end]

[start] [DEBUG] [2026-04-06 20:51:06.517] [CSBANK_CSBANK] 
Starting to call Control Manager:TrxManagerMaster... [end]

[start] [DEBUG] [2026-04-06 20:51:06.650] [CSBANK_CSBANK] 
Called Control Manager:TrxManagerMaster --OK! [end]

[start] [DEBUG] [2026-04-06 20:51:06.656] [CSBANK_CSBANK] 
Completed processing STP message -- OK! [end]

[start] [DEBUG] [2026-04-06 20:51:06.658] [CSBANK_CSBANK] 
Starting to write process status to DB! [end]

[start] [DEBUG] [2026-04-06 20:51:06.664] [CSBANK_CSBANK] 
Starting to call STPResultProcess. [end]

[start] [DEBUG] [2026-04-06 20:51:06.666] [CSBANK_CSBANK] 
isSuccess=true; errorMessage=null [end]

[start] [DEBUG] [2026-04-06 20:51:06.666] [CSBANK_CSBANK] 
Completed to call STPResultProcess. [end]

[start] [DEBUG] [2026-04-06 20:51:06.679] [CSBANK_CSBANK] 
Wrote process status to DB -- OK! [end]

[start] [DEBUG] [2026-04-06 20:51:06.681] [CSBANK_CSBANK] 
Exit STP Process -- OK! [end]
