
[start] [FATAL] [2026-07-13 08:39:38.568] [CSBANKOP] Login OK! [end]

[start] [FATAL] [2026-07-13 08:57:48.393] [CSBANKOP] Login OK! [end]

[start] [FATAL] [2026-07-13 08:59:23.725] [CSBANKOP] Login OK! [end]

[start] [FATAL] [2026-07-13 09:01:00.435] [CSBANKOP] User LOGOFF! [end]

[start] [FATAL] [2026-07-13 09:01:00.447] [CSBANKOP] User Logout OK! [end]

[start] [FATAL] [2026-07-13 09:01:00.476] [CSBANKOP] Session invalidate [end]

[start] [FATAL] [2026-07-13 09:01:00.487] [CSBANKOP] Session:2o4pBlcS4BZJThhk0iFZEPT  Destroy! [end]

[start] [FATAL] [2026-07-13 09:01:50.631] [CSBANKOP] Login OK! [end]

[start] [FATAL] [2026-07-13 09:04:17.336] [CSBANKOP] Login OK! [end]

[start] [FATAL] [2026-07-13 09:14:13.579] [CSBANKOP] Login OK! [end]

[start] [FATAL] [2026-07-13 09:20:15.429] [CSBANKOP] User LOGOFF! [end]

[start] [FATAL] [2026-07-13 09:20:15.463] [CSBANKOP] User Logout OK! [end]

[start] [FATAL] [2026-07-13 09:20:15.500] [CSBANKOP] Session invalidate [end]

[start] [FATAL] [2026-07-13 09:20:15.508] [CSBANKOP] Session: uYPSOI2hWpLciZa4IGE6Jh3  destroy by unlock self! [end]

[start] [FATAL] [2026-07-13 09:21:22.545] [CSBANKOP] Login OK! [end]

[start] [FATAL] [2026-07-13 09:57:16.896] [CSBANKOP] Login OK! [end]

[start] [FATAL] [2026-07-13 10:08:18.229] [CSBANKOP] Only one user can login the system! [end]

[start] [FATAL] [2026-07-13 10:08:29.951] [CSBANKOP] Login OK! [end]

[start] [FATAL] [2026-07-13 10:51:57.666] [CSBANKOP] Login OK! [end]

[start] [FATAL] [2026-07-13 10:55:49.410] [CSBANKOP] Login OK! [end]

[start] [FATAL] [2026-07-13 10:56:26.493] [System] Session: SPyaUprhLFkyETtnvCRtITF  destroy by unlock self! [end]

[start] [FATAL] [2026-07-13 11:13:38.580] [System] session time out:RamTeN18Okc5WRJX_FnTHfK  Destroy! [end]

[start] [FATAL] [2026-07-13 11:29:01.164] [CSBANKOP] Login OK! [end]

[start] [FATAL] [2026-07-13 11:55:24.497] [CSBANKOP] User LOGOFF! [end]

[start] [FATAL] [2026-07-13 11:55:24.525] [CSBANKOP] User Logout OK! [end]

[start] [FATAL] [2026-07-13 11:55:24.537] [CSBANKOP] Session invalidate [end]

[start] [FATAL] [2026-07-13 11:55:24.547] [CSBANKOP] Session: xhWT1SDyO6DnG5yU2d9tzzQ  destroy by unlock self! [end]

[start] [FATAL] [2026-07-13 11:55:29.637] [CSBANKOP] Login OK! [end]

[start] [FATAL] [2026-07-13 11:56:38.692] [System] session time out:wYAIG0ecPbI8_pfAIgE0eI8  Destroy! [end]

[start] [FATAL] [2026-07-13 12:09:32.708] [System] Session: WiQkCCzifL3WlRRu1I2LQet  destroy by unlock self! [end]

[start] [FATAL] [2026-07-13 12:13:17.678] [CSBANKOP] User LOGOFF! [end]

[start] [FATAL] [2026-07-13 12:13:17.697] [CSBANKOP] User Logout OK! [end]

[start] [FATAL] [2026-07-13 12:13:17.708] [CSBANKOP] Session invalidate [end]

[start] [FATAL] [2026-07-13 12:13:17.723] [CSBANKOP] Session:qmF9aHNsVvdFhp8RyK6YZyy  Destroy! [end]

[start] [FATAL] [2026-07-13 12:26:44.712] [System] Session: lOyTbGbKB6_7kSeSyvjRhJP  destroy by unlock self! [end]

[start] [FATAL] [2026-07-13 12:31:54.647] [System] session time out:aVwztpuw-mhtp0CA2oGQ-mo  Destroy! [end]

[start] [FATAL] [2026-07-13 12:31:54.688] [System] Session: -TXbN71il8WsCVUGhHk-Csi  destroy by unlock self! [end]

[start] [FATAL] [2026-07-13 12:31:54.858] [System] session time out:pFtD4yQ3NY2dUZegl_lkmwa  Destroy! [end]

[start] [FATAL] [2026-07-13 12:31:54.880] [System] session time out:eUV9rtKC9iqlVDV7Gs4LqDm  Destroy! [end]

[start] [FATAL] [2026-07-13 13:43:14.514] [CSBANKOP] Login OK! [end]

[start] [FATAL] [2026-07-13 13:43:28.940] [CSBANKOP] Login OK! [end]

[start] [FATAL] [2026-07-13 13:46:05.107] [CSBANKOP] Login OK! [end]

[start] [FATAL] [2026-07-13 14:24:38.261] [CSBANKOP] Login OK! [end]

[start] [FATAL] [2026-07-13 14:32:20.493] [CSBANKOP] User LOGOFF! [end]

[start] [FATAL] [2026-07-13 14:32:20.510] [CSBANKOP] User Logout OK! [end]

[start] [FATAL] [2026-07-13 14:32:20.531] [CSBANKOP] Session invalidate [end]

[start] [FATAL] [2026-07-13 14:32:20.544] [CSBANKOP] Session: _FMxvC_w-a1fLZ4u8PJ9BrZ  destroy by unlock self! [end]

[start] [FATAL] [2026-07-13 14:40:11.427] [CSBANKOP] Login OK! [end]

[start] [FATAL] [2026-07-13 14:49:00.154] [CSBANKOP] User LOGOFF! [end]

[start] [FATAL] [2026-07-13 14:49:00.192] [CSBANKOP] User Logout OK! [end]

[start] [FATAL] [2026-07-13 14:49:00.237] [CSBANKOP] Session invalidate [end]

[start] [FATAL] [2026-07-13 14:49:00.314] [CSBANKOP] Session: Ov_Vw9920mbQaZWlaFGH5Ao  destroy by unlock self! [end]

[start] [FATAL] [2026-07-13 15:35:31.468] [System] Session: dNSNmHcYqxgM8Qgyb57X-XB  destroy by unlock self! [end]

[start] [FATAL] [2026-07-13 15:35:31.486] [System] Session: wTYiVyWb2DAjUn4VLkGmHFa  destroy by unlock self! [end]

[start] [FATAL] [2026-07-13 15:35:31.502] [System] session time out:DbzSbg7rBANS_r7cJyYO1Bc  Destroy! [end]

[start] [FATAL] [2026-07-13 15:38:06.848] [CSBANKOP] Login OK! [end]

[start] [FATAL] [2026-07-13 16:14:26.257] [CSBANKOP] Login OK! [end]

[start] [FATAL] [2026-07-13 17:40:49.406] [System] session time out:1bwj6n3sA9KBnkxaOIEd_z0  Destroy! [end]

[start] [FATAL] [2026-07-13 18:16:01.417] [System] session time out:aD7XyMpqSbw4WC-IDbWn9CJ  Destroy! [end]
