
[start] [INFO] [2026-07-10 08:50:53.031] [BUYER_JEOP1] 
---------------------Begin 2026-07-10 08:50:53 025    CREATE_BU:BUYER    CREATE_BY:JEOP1 ---------------------
[01]  DELETE FROM CEUSER.SEC_LOGIN_SESSION WHERE C_USER_ID = 'JEOP1' AND C_UNIT_CODE = 'BUYER' AND C_BK_GROUP_ID = 'CSBANK' AND C_SESSION_ID = 'HDDF2lQTUQ1PQ2rk2Uy-T1F' 
[02]  UPDATE CEUSER.SEC_LOGIN_SESSION SET C_IS_INFORM = 'T' WHERE C_USER_ID = 'JEOP1' AND C_UNIT_CODE = 'BUYER' AND C_BK_GROUP_ID = 'CSBANK' 
[03]  INSERT INTO CEUSER.SEC_LOGIN_SESSION (C_BK_GROUP_ID,C_UNIT_CODE,C_USER_ID,C_SESSION_ID,C_IS_INFORM) VALUES ('CSBANK','BUYER','JEOP1','HDDF2lQTUQ1PQ2rk2Uy-T1F','F')
---------------------- End 2026-07-10 08:50:53 030 ------------------------
 [end]

[start] [INFO] [2026-07-10 08:50:53.041] [BUYER_JEOP1] 
---------------------Begin 2026-07-10 08:50:53 038    CREATE_BU:BUYER    CREATE_BY:JEOP1 ---------------------
[01]  INSERT INTO CETRX.TRX_ACT_LOG (C_LOG_ID,C_BK_GROUP_ID,C_CNTY_CODE,C_GRP_CODE,C_UNIT_CODE,C_USER_ID,C_IP_ADDRESS,C_FUNC_ID,D_CREA_DATE,T_CREA_TIME,D_SYS_OP_DATE,T_SYS_OP_TIME,D_SYS_TRT_DATE,T_SYS_TRT_TIME,C_BUSI_KEY) VALUES ('8A8284979F4A3FB0019F4A5D3FEC0096','CSBANK','US','BUYER','BUYER','JEOP1','10.3.1.40','Login',TO_DATE('2026-07-10','YYYY-MM-DD'),TO_DATE('04:50:53','HH24:MI:SS'),TO_DATE('2026-07-10','YYYY-MM-DD'),TO_DATE('04:50:53','HH24:MI:SS'),TO_DATE('2026-07-10','YYYY-MM-DD'),TO_DATE('04:50:53','HH24:MI:SS'),'BUYER;JEOP1')
---------------------- End 2026-07-10 08:50:53 040 ------------------------
 [end]

[start] [INFO] [2026-07-10 08:50:53.270] [BUYER_JEOP1] 
---------------------Begin 2026-07-10 08:50:53 267    CREATE_BU:BUYER    CREATE_BY:JEOP1 ---------------------
[01]  SELECT C_INACTIVE FROM CEUSER.SEC_USER_INFO WHERE C_USER_ID = 'JEOP1' AND C_UNIT_CODE = 'BUYER' 
---------------------- End 2026-07-10 08:50:53 269 ------------------------
 [end]

[start] [INFO] [2026-07-10 08:50:53.272] [BUYER_JEOP1] 
---------------------Begin 2026-07-10 08:50:53 271    CREATE_BU:BUYER    CREATE_BY:JEOP1 ---------------------
[01]  SELECT C_IS_INFORM FROM CEUSER.SEC_LOGIN_SESSION WHERE C_SESSION_ID = 'HDDF2lQTUQ1PQ2rk2Uy-T1F' 
---------------------- End 2026-07-10 08:50:53 272 ------------------------
 [end]

[start] [INFO] [2026-07-10 08:50:53.298] [BUYER_JEOP1] 
---------------------Begin 2026-07-10 08:50:53 296    CREATE_BU:BUYER    CREATE_BY:JEOP1 ---------------------
[01]  SELECT C_INACTIVE FROM CEUSER.SEC_USER_INFO WHERE C_USER_ID = 'JEOP1' AND C_UNIT_CODE = 'BUYER' 
---------------------- End 2026-07-10 08:50:53 297 ------------------------
 [end]

[start] [INFO] [2026-07-10 08:50:53.342] [BUYER_JEOP1] 
---------------------Begin 2026-07-10 08:50:53 341    CREATE_BU:BUYER    CREATE_BY:JEOP1 ---------------------
[01]  SELECT C_INACTIVE FROM CEUSER.SEC_USER_INFO WHERE C_USER_ID = 'JEOP1' AND C_UNIT_CODE = 'BUYER' 
---------------------- End 2026-07-10 08:50:53 342 ------------------------
 [end]

[start] [INFO] [2026-07-10 08:50:53.350] [BUYER_JEOP1] 
---------------------Begin 2026-07-10 08:50:53 347    CREATE_BU:BUYER    CREATE_BY:JEOP1 ---------------------
[01]  SELECT C_INACTIVE FROM CEUSER.SEC_USER_INFO WHERE C_USER_ID = 'JEOP1' AND C_UNIT_CODE = 'BUYER' 
---------------------- End 2026-07-10 08:50:53 349 ------------------------
 [end]

[start] [INFO] [2026-07-10 08:50:53.362] [BUYER_JEOP1] 
---------------------Begin 2026-07-10 08:50:53 359    CREATE_BU:BUYER    CREATE_BY:JEOP1 ---------------------
[01]  SELECT C_INACTIVE FROM CEUSER.SEC_USER_INFO WHERE C_USER_ID = 'JEOP1' AND C_UNIT_CODE = 'BUYER' 
---------------------- End 2026-07-10 08:50:53 361 ------------------------
 [end]

[start] [INFO] [2026-07-10 08:50:53.366] [BUYER_JEOP1] 
---------------------Begin 2026-07-10 08:50:53 349    CREATE_BU:BUYER    CREATE_BY:JEOP1 ---------------------
[01]  SELECT COUNT(*) AS RECCOUNT FROM CETRX.STD_NOTIFICATION  WHERE C_NOTI_ID IN ( SELECT C_NOTI_ID FROM CETRX.STD_NOTIFICATION_STATUS  WHERE  C_READ_STATUS = 'F'  AND  C_USER_ID = 'JEOP1'  AND  C_UNIT_CODE = 'BUYER'  )
---------------------- End 2026-07-10 08:50:53 365 ------------------------
 [end]

[start] [INFO] [2026-07-10 08:50:53.371] [BUYER_JEOP1] 
---------------------Begin 2026-07-10 08:50:53 369    CREATE_BU:BUYER    CREATE_BY:JEOP1 ---------------------
[01]  SELECT C_FUNC_ID,T_OP_TIME FROM CETRX.TRX_FAVOR_FUNC  WHERE  C_UNIT_CODE = 'BUYER'  AND  C_USER_ID = 'JEOP1'  ORDER BY  T_OP_TIME DESC 
---------------------- End 2026-07-10 08:50:53 370 ------------------------
 [end]

[start] [INFO] [2026-07-10 08:50:53.384] [BUYER_JEOP1] 
---------------------Begin 2026-07-10 08:50:53 382    CREATE_BU:BUYER    CREATE_BY:JEOP1 ---------------------
[01]  SELECT C_INACTIVE FROM CEUSER.SEC_USER_INFO WHERE C_USER_ID = 'JEOP1' AND C_UNIT_CODE = 'BUYER' 
---------------------- End 2026-07-10 08:50:53 383 ------------------------
 [end]

[start] [INFO] [2026-07-10 08:50:53.385] [BUYER_JEOP1] 
---------------------Begin 2026-07-10 08:50:53 383    CREATE_BU:BUYER    CREATE_BY:JEOP1 ---------------------
[01]  SELECT C_INACTIVE FROM CEUSER.SEC_USER_INFO WHERE C_USER_ID = 'JEOP1' AND C_UNIT_CODE = 'BUYER' 
---------------------- End 2026-07-10 08:50:53 384 ------------------------
 [end]

[start] [INFO] [2026-07-10 08:50:53.396] [BUYER_JEOP1] 
---------------------Begin 2026-07-10 08:50:53 394    CREATE_BU:BUYER    CREATE_BY:JEOP1 ---------------------
[01]  SELECT C_AUTH_RULE FROM CEUSER.SEC_USER_INFO WHERE C_BK_GROUP_ID = 'CSBANK' AND C_UNIT_CODE = 'BUYER' AND C_USER_ID = 'JEOP1' 
---------------------- End 2026-07-10 08:50:53 395 ------------------------
 [end]

[start] [INFO] [2026-07-10 08:50:53.401] [BUYER_JEOP1] 
---------------------Begin 2026-07-10 08:50:53 398    CREATE_BU:BUYER    CREATE_BY:JEOP1 ---------------------
[01]  SELECT C_INACTIVE FROM CEUSER.SEC_USER_INFO WHERE C_USER_ID = 'JEOP1' AND C_UNIT_CODE = 'BUYER' 
---------------------- End 2026-07-10 08:50:53 400 ------------------------
 [end]

[start] [INFO] [2026-07-10 08:50:53.401] [BUYER_JEOP1] 
---------------------Begin 2026-07-10 08:50:53 398    CREATE_BU:BUYER    CREATE_BY:JEOP1 ---------------------
[01]  SELECT * FROM CEUSER.SEC_BUSINESS_UNIT WHERE C_UNIT_CODE = 'BUYER' 
---------------------- End 2026-07-10 08:50:53 400 ------------------------
 [end]

[start] [INFO] [2026-07-10 08:50:53.410] [BUYER_JEOP1] 
---------------------Begin 2026-07-10 08:50:53 408    CREATE_BU:BUYER    CREATE_BY:JEOP1 ---------------------
[01]  SELECT C_AUTH_RULE FROM CEUSER.SEC_BUSINESS_UNIT WHERE C_BK_GROUP_ID = 'CSBANK' AND C_UNIT_CODE = 'BUYER' 
---------------------- End 2026-07-10 08:50:53 409 ------------------------
 [end]

[start] [INFO] [2026-07-10 08:50:53.428] [BUYER_JEOP1] 
---------------------Begin 2026-07-10 08:50:53 413    CREATE_BU:BUYER    CREATE_BY:JEOP1 ---------------------
[01]  SELECT COUNT(*) FROM CETRX.STT_CLAUSE WHERE C_BK_GROUP_ID = 'CSBANK' AND C_UNIT_CODE = 'BUYER' AND C_TRX_STATUS NOT IN ('R', 'F', 'Z')
---------------------- End 2026-07-10 08:50:53 426 ------------------------
 [end]

[start] [INFO] [2026-07-10 08:50:53.433] [BUYER_JEOP1] 
---------------------Begin 2026-07-10 08:50:53 430    CREATE_BU:BUYER    CREATE_BY:JEOP1 ---------------------
[01]  SELECT C_INACTIVE FROM CEUSER.SEC_USER_INFO WHERE C_USER_ID = 'JEOP1' AND C_UNIT_CODE = 'BUYER' 
---------------------- End 2026-07-10 08:50:53 432 ------------------------
 [end]

[start] [INFO] [2026-07-10 08:50:53.445] [BUYER_JEOP1] 
---------------------Begin 2026-07-10 08:50:53 443    CREATE_BU:BUYER    CREATE_BY:JEOP1 ---------------------
[01]  SELECT DISTINCT C_WIDGET_NAME FROM CEUSER.SEC_WIDGETS_V2_LIST  WHERE  C_IS_ACTIVE = 'Y'  AND  C_ROLE_NAME IN ('MAKER','CHECKER')  ORDER BY  C_WIDGET_NAME 
---------------------- End 2026-07-10 08:50:53 444 ------------------------
 [end]

[start] [INFO] [2026-07-10 08:50:53.464] [BUYER_JEOP1] 
---------------------Begin 2026-07-10 08:50:53 462    CREATE_BU:BUYER    CREATE_BY:JEOP1 ---------------------
[01]  SELECT DISTINCT C_WIDGET_NAME FROM CEUSER.SEC_WIDGETS_V2_LIST  WHERE  C_IS_ACTIVE = 'Y'  AND  C_ROLE_NAME IN ('MAKER','CHECKER')  ORDER BY  C_WIDGET_NAME 
---------------------- End 2026-07-10 08:50:53 463 ------------------------
 [end]

[start] [INFO] [2026-07-10 08:50:53.472] [BUYER_JEOP1] 
---------------------Begin 2026-07-10 08:50:53 469    CREATE_BU:BUYER    CREATE_BY:JEOP1 ---------------------
[01]  SELECT TAB.C_TAB_ID,TAB.C_TAB_NAME,TAB.I_TAB_SEQUENCE FROM CEUSER.SEC_WIDGETS_V2_TABS TAB LEFT JOIN CEUSER.SEC_WIDGETS_V2_LAYOUT LYT ON (TAB.C_TAB_ID = LYT.C_TAB_ID AND  TAB.C_UNIT_CODE = LYT.C_UNIT_CODE AND TAB.C_USER_ID = LYT.C_USER_ID )    WHERE  TAB.C_UNIT_CODE = 'BUYER'  AND  TAB.C_USER_ID = 'JEOP1'  AND  LYT.C_PAGE_NAME = 'default'  ORDER BY  TAB.I_TAB_SEQUENCE ASC 
---------------------- End 2026-07-10 08:50:53 471 ------------------------
 [end]

[start] [INFO] [2026-07-10 08:50:53.495] [BUYER_JEOP1] 
---------------------Begin 2026-07-10 08:50:53 493    CREATE_BU:BUYER    CREATE_BY:JEOP1 ---------------------
[01]  SELECT C_AUTH_RULE FROM CEUSER.SEC_USER_INFO WHERE C_BK_GROUP_ID = 'CSBANK' AND C_UNIT_CODE = 'BUYER' AND C_USER_ID = 'JEOP1' 
---------------------- End 2026-07-10 08:50:53 494 ------------------------
 [end]

[start] [INFO] [2026-07-10 08:50:53.504] [BUYER_JEOP1] 
---------------------Begin 2026-07-10 08:50:53 502    CREATE_BU:BUYER    CREATE_BY:JEOP1 ---------------------
[01]  SELECT C_AUTH_RULE FROM CEUSER.SEC_USER_INFO WHERE C_BK_GROUP_ID = 'CSBANK' AND C_UNIT_CODE = 'BUYER' AND C_USER_ID = 'JEOP1' 
---------------------- End 2026-07-10 08:50:53 503 ------------------------
 [end]

[start] [INFO] [2026-07-10 08:50:53.507] [BUYER_JEOP1] 
---------------------Begin 2026-07-10 08:50:53 505    CREATE_BU:BUYER    CREATE_BY:JEOP1 ---------------------
[01]  SELECT C_AUTH_RULE FROM CEUSER.SEC_BUSINESS_UNIT WHERE C_BK_GROUP_ID = 'CSBANK' AND C_UNIT_CODE = 'BUYER' 
---------------------- End 2026-07-10 08:50:53 506 ------------------------
 [end]

[start] [INFO] [2026-07-10 08:50:53.510] [BUYER_JEOP1] 
---------------------Begin 2026-07-10 08:50:53 497    CREATE_BU:BUYER    CREATE_BY:JEOP1 ---------------------
[01]  SELECT C_AUTH_RULE FROM CEUSER.SEC_BUSINESS_UNIT WHERE C_BK_GROUP_ID = 'CSBANK' AND C_UNIT_CODE = 'BUYER' 
---------------------- End 2026-07-10 08:50:53 498 ------------------------
 [end]

[start] [INFO] [2026-07-10 08:50:53.515] [BUYER_JEOP1] 
---------------------Begin 2026-07-10 08:50:53 498    CREATE_BU:BUYER    CREATE_BY:JEOP1 ---------------------
[01]  SELECT C_LAYOUT_INFO FROM CEUSER.SEC_WIDGETS_V2_LAYOUT  WHERE  C_UNIT_CODE = 'BUYER'  AND  C_USER_ID = 'JEOP1'  AND  C_PAGE_NAME = 'default' 
---------------------- End 2026-07-10 08:50:53 500 ------------------------
 [end]

[start] [INFO] [2026-07-10 08:50:53.529] [BUYER_JEOP1] 
---------------------Begin 2026-07-10 08:50:53 526    CREATE_BU:BUYER    CREATE_BY:JEOP1 ---------------------
[01]  SELECT TAB.C_TAB_ID,TAB.C_TAB_NAME,TAB.I_TAB_SEQUENCE,LYT.C_LAYOUT_INFO FROM CEUSER.SEC_WIDGETS_V2_TABS TAB LEFT JOIN CEUSER.SEC_WIDGETS_V2_LAYOUT LYT ON (TAB.C_TAB_ID = LYT.C_TAB_ID AND  TAB.C_UNIT_CODE = LYT.C_UNIT_CODE AND TAB.C_USER_ID = LYT.C_USER_ID )    WHERE  TAB.C_UNIT_CODE = 'BUYER'  AND  TAB.C_USER_ID = 'JEOP1'  AND  LYT.C_PAGE_NAME = 'default'  ORDER BY  TAB.I_TAB_SEQUENCE ASC 
---------------------- End 2026-07-10 08:50:53 528 ------------------------
 [end]

[start] [INFO] [2026-07-10 08:50:53.530] [BUYER_JEOP1] 
---------------------Begin 2026-07-10 08:50:53 512    CREATE_BU:BUYER    CREATE_BY:JEOP1 ---------------------
[01]  SELECT COUNT(*) FROM CETRX.TRX_INBOX WHERE C_TRX_STATUS IN ('P', 'Z') AND C_BK_GROUP_ID = 'CSBANK' AND (C_TRX_STATUS <> 'R' AND C_TRX_STATUS <> 'A' OR C_TRX_STATUS IS NULL) AND C_PRODUCT_ID = 'P08091000000' AND C_UNIT_CODE = 'BUYER'
---------------------- End 2026-07-10 08:50:53 529 ------------------------
 [end]

[start] [INFO] [2026-07-10 08:50:53.535] [BUYER_JEOP1] 
---------------------Begin 2026-07-10 08:50:53 533    CREATE_BU:BUYER    CREATE_BY:JEOP1 ---------------------
[01]  SELECT C_INST_CONFIG FROM CEUSER.SEC_WIDGETS_V2_INST_CONFIG  WHERE  C_INST_ID = '2C92808496D29E530196D2B42EA3002C'  AND  C_UNIT_CODE = 'BUYER'  AND  C_USER_ID = 'JEOP1' 
---------------------- End 2026-07-10 08:50:53 534 ------------------------
 [end]

[start] [INFO] [2026-07-10 08:50:53.540] [BUYER_JEOP1] 
---------------------Begin 2026-07-10 08:50:53 538    CREATE_BU:BUYER    CREATE_BY:JEOP1 ---------------------
[01]  SELECT C_INST_CONFIG FROM CEUSER.SEC_WIDGETS_V2_INST_CONFIG  WHERE  C_INST_ID = '2C92808496D29E530196D2B42EA3002C'  AND  C_UNIT_CODE = 'BUYER'  AND  C_USER_ID = 'JEOP1' 
---------------------- End 2026-07-10 08:50:53 539 ------------------------
 [end]

[start] [INFO] [2026-07-10 08:50:53.547] [BUYER_JEOP1] 
---------------------Begin 2026-07-10 08:50:53 544    CREATE_BU:BUYER    CREATE_BY:JEOP1 ---------------------
[01]  SELECT C_INST_CONFIG FROM CEUSER.SEC_WIDGETS_V2_INST_CONFIG  WHERE  C_INST_ID = '2C92808496D29E530196D2B42EA8002F'  AND  C_UNIT_CODE = 'BUYER'  AND  C_USER_ID = 'JEOP1' 
---------------------- End 2026-07-10 08:50:53 546 ------------------------
 [end]

[start] [INFO] [2026-07-10 08:50:53.548] [BUYER_JEOP1] 
---------------------Begin 2026-07-10 08:50:53 534    CREATE_BU:BUYER    CREATE_BY:JEOP1 ---------------------
[01]  SELECT COUNT(*) FROM CETRX.STT_CLAUSE WHERE C_TRX_STATUS = 'F' AND C_BK_GROUP_ID = 'CSBANK' AND C_UNIT_CODE = 'BUYER'
---------------------- End 2026-07-10 08:50:53 547 ------------------------
 [end]

[start] [INFO] [2026-07-10 08:50:53.551] [BUYER_JEOP1] 
---------------------Begin 2026-07-10 08:50:53 549    CREATE_BU:BUYER    CREATE_BY:JEOP1 ---------------------
[01]  SELECT C_INST_CONFIG FROM CEUSER.SEC_WIDGETS_V2_INST_CONFIG  WHERE  C_INST_ID = '2C92808496D29E530196D2B42EA8002F'  AND  C_UNIT_CODE = 'BUYER'  AND  C_USER_ID = 'JEOP1' 
---------------------- End 2026-07-10 08:50:53 550 ------------------------
 [end]

[start] [INFO] [2026-07-10 08:50:53.558] [BUYER_JEOP1] 
---------------------Begin 2026-07-10 08:50:53 555    CREATE_BU:BUYER    CREATE_BY:JEOP1 ---------------------
[01]  SELECT C_INST_CONFIG FROM CEUSER.SEC_WIDGETS_V2_INST_CONFIG  WHERE  C_INST_ID = '2C92808496D29E530196D2B42EA6002D'  AND  C_UNIT_CODE = 'BUYER'  AND  C_USER_ID = 'JEOP1' 
---------------------- End 2026-07-10 08:50:53 557 ------------------------
 [end]

[start] [INFO] [2026-07-10 08:50:53.563] [BUYER_JEOP1] 
---------------------Begin 2026-07-10 08:50:53 561    CREATE_BU:BUYER    CREATE_BY:JEOP1 ---------------------
[01]  SELECT C_INST_CONFIG FROM CEUSER.SEC_WIDGETS_V2_INST_CONFIG  WHERE  C_INST_ID = '2C92808496D29E530196D2B42EA6002D'  AND  C_UNIT_CODE = 'BUYER'  AND  C_USER_ID = 'JEOP1' 
---------------------- End 2026-07-10 08:50:53 562 ------------------------
 [end]

[start] [INFO] [2026-07-10 08:50:53.569] [BUYER_JEOP1] 
---------------------Begin 2026-07-10 08:50:53 552    CREATE_BU:BUYER    CREATE_BY:JEOP1 ---------------------
[01]  SELECT COUNT(*) FROM CETRX.TRX_INBOX WHERE C_TRX_STATUS = 'R' AND C_TRX_STATUS IN ('P', 'R', 'Z') AND CURRNT_STATUS IN ('New Message from Customer', 'Reply from Customer', 'Follow from Customer', 'Intent to Pay') AND C_BK_GROUP_ID = 'CSBANK' AND C_PRODUCT_ID = 'P08091000000' AND C_UNIT_CODE = 'BUYER'
---------------------- End 2026-07-10 08:50:53 568 ------------------------
 [end]

[start] [INFO] [2026-07-10 08:50:53.569] [BUYER_JEOP1] 
---------------------Begin 2026-07-10 08:50:53 567    CREATE_BU:BUYER    CREATE_BY:JEOP1 ---------------------
[01]  SELECT C_INST_CONFIG FROM CEUSER.SEC_WIDGETS_V2_INST_CONFIG  WHERE  C_INST_ID = '2C92808496D29E530196D2B42EAB0030'  AND  C_UNIT_CODE = 'BUYER'  AND  C_USER_ID = 'JEOP1' 
---------------------- End 2026-07-10 08:50:53 568 ------------------------
 [end]

[start] [INFO] [2026-07-10 08:50:53.577] [BUYER_JEOP1] 
---------------------Begin 2026-07-10 08:50:53 575    CREATE_BU:BUYER    CREATE_BY:JEOP1 ---------------------
[01]  SELECT C_INST_CONFIG FROM CEUSER.SEC_WIDGETS_V2_INST_CONFIG  WHERE  C_INST_ID = '2C92808496D29E530196D2B42EAB0030'  AND  C_UNIT_CODE = 'BUYER'  AND  C_USER_ID = 'JEOP1' 
---------------------- End 2026-07-10 08:50:53 576 ------------------------
 [end]

[start] [INFO] [2026-07-10 08:50:53.583] [BUYER_JEOP1] 
---------------------Begin 2026-07-10 08:50:53 580    CREATE_BU:BUYER    CREATE_BY:JEOP1 ---------------------
[01]  SELECT C_INST_CONFIG FROM CEUSER.SEC_WIDGETS_V2_INST_CONFIG  WHERE  C_INST_ID = '2C92808496D29E530196D2B42EA7002E'  AND  C_UNIT_CODE = 'BUYER'  AND  C_USER_ID = 'JEOP1' 
---------------------- End 2026-07-10 08:50:53 582 ------------------------
 [end]

[start] [INFO] [2026-07-10 08:50:53.586] [BUYER_JEOP1] 
---------------------Begin 2026-07-10 08:50:53 584    CREATE_BU:BUYER    CREATE_BY:JEOP1 ---------------------
[01]  SELECT C_INST_CONFIG FROM CEUSER.SEC_WIDGETS_V2_INST_CONFIG  WHERE  C_INST_ID = '2C92808496D29E530196D2B42EA7002E'  AND  C_UNIT_CODE = 'BUYER'  AND  C_USER_ID = 'JEOP1' 
---------------------- End 2026-07-10 08:50:53 585 ------------------------
 [end]

[start] [INFO] [2026-07-10 08:50:53.664] [BUYER_JEOP1] 
---------------------Begin 2026-07-10 08:50:53 662    CREATE_BU:BUYER    CREATE_BY:JEOP1 ---------------------
[01]  SELECT C_INACTIVE FROM CEUSER.SEC_USER_INFO WHERE C_USER_ID = 'JEOP1' AND C_UNIT_CODE = 'BUYER' 
---------------------- End 2026-07-10 08:50:53 663 ------------------------
 [end]

[start] [INFO] [2026-07-10 08:50:53.677] [BUYER_JEOP1] 
---------------------Begin 2026-07-10 08:50:53 673    CREATE_BU:BUYER    CREATE_BY:JEOP1 ---------------------
[01]  SELECT C_INACTIVE FROM CEUSER.SEC_USER_INFO WHERE C_USER_ID = 'JEOP1' AND C_UNIT_CODE = 'BUYER' 
---------------------- End 2026-07-10 08:50:53 676 ------------------------
 [end]

[start] [INFO] [2026-07-10 08:50:53.688] [BUYER_JEOP1] 
---------------------Begin 2026-07-10 08:50:53 675    CREATE_BU:BUYER    CREATE_BY:JEOP1 ---------------------
[01]  SELECT C_INACTIVE FROM CEUSER.SEC_USER_INFO WHERE C_USER_ID = 'JEOP1' AND C_UNIT_CODE = 'BUYER' 
---------------------- End 2026-07-10 08:50:53 687 ------------------------
 [end]

[start] [INFO] [2026-07-10 08:50:53.714] [BUYER_JEOP1] 
---------------------Begin 2026-07-10 08:50:53 686    CREATE_BU:BUYER    CREATE_BY:JEOP1 ---------------------
[01]  SELECT C_IS_ACTIVE FROM CEUSER.SEC_WIDGETS_V2_LIST  WHERE  C_WIDGET_NAME = 'ShortcutMenu'  AND  C_ROLE_NAME IN ('MAKER','CHECKER') 
---------------------- End 2026-07-10 08:50:53 713 ------------------------
 [end]

[start] [INFO] [2026-07-10 08:50:53.752] [BUYER_JEOP1] 
---------------------Begin 2026-07-10 08:50:53 749    CREATE_BU:BUYER    CREATE_BY:JEOP1 ---------------------
[01]  SELECT C_INACTIVE FROM CEUSER.SEC_USER_INFO WHERE C_USER_ID = 'JEOP1' AND C_UNIT_CODE = 'BUYER' 
---------------------- End 2026-07-10 08:50:53 751 ------------------------
 [end]

[start] [INFO] [2026-07-10 08:50:53.754] [BUYER_JEOP1] 
---------------------Begin 2026-07-10 08:50:53 715    CREATE_BU:BUYER    CREATE_BY:JEOP1 ---------------------
[01]  SELECT C_FUNC_ID,C_MODULE FROM CETRX.TRX_ACT_LOG WHERE C_FUNC_ID IS NOT NULL AND C_UNIT_CODE = 'BUYER' AND C_USER_ID = 'JEOP1' AND D_SYS_OP_DATE BETWEEN TO_DATE('2026-06-10','yyyy-MM-dd') AND TO_DATE('2026-07-10','yyyy-MM-dd') ORDER BY D_SYS_OP_DATE DESC,T_SYS_OP_TIME DESC
---------------------- End 2026-07-10 08:50:53 753 ------------------------
 [end]

[start] [INFO] [2026-07-10 08:50:53.764] [BUYER_JEOP1] 
---------------------Begin 2026-07-10 08:50:53 762    CREATE_BU:BUYER    CREATE_BY:JEOP1 ---------------------
[01]  SELECT C_FUNC_ID,T_OP_TIME FROM CETRX.TRX_FAVOR_FUNC  WHERE  C_UNIT_CODE = 'BUYER'  AND  C_USER_ID = 'JEOP1'  ORDER BY  T_OP_TIME DESC 
---------------------- End 2026-07-10 08:50:53 763 ------------------------
 [end]

[start] [INFO] [2026-07-10 08:50:53.769] [BUYER_JEOP1] 
---------------------Begin 2026-07-10 08:50:53 767    CREATE_BU:BUYER    CREATE_BY:JEOP1 ---------------------
[01]  SELECT C_INACTIVE FROM CEUSER.SEC_USER_INFO WHERE C_USER_ID = 'JEOP1' AND C_UNIT_CODE = 'BUYER' 
---------------------- End 2026-07-10 08:50:53 768 ------------------------
 [end]

[start] [INFO] [2026-07-10 08:50:53.771] [BUYER_JEOP1] 
---------------------Begin 2026-07-10 08:50:53 769    CREATE_BU:BUYER    CREATE_BY:JEOP1 ---------------------
[01]  SELECT C_INACTIVE FROM CEUSER.SEC_USER_INFO WHERE C_USER_ID = 'JEOP1' AND C_UNIT_CODE = 'BUYER' 
---------------------- End 2026-07-10 08:50:53 770 ------------------------
 [end]

[start] [INFO] [2026-07-10 08:50:53.784] [BUYER_JEOP1] 
---------------------Begin 2026-07-10 08:50:53 781    CREATE_BU:BUYER    CREATE_BY:JEOP1 ---------------------
[01]  SELECT A.C_REPORT_ID,A.C_GRP_CODE,A.C_USER_ID,A.T_PIN_DATE,B.C_SOURCE_REPORT,B.C_REPORT_NAME,B.T_UPDATE_DATE,C.C_USER_DESC FROM CETRX.TRX_USER_REPORT_PIN A LEFT JOIN CETRX.TRX_USER_REPORT B ON A.C_REPORT_ID = B.C_REPORT_ID  LEFT JOIN CEUSER.SEC_USER_INFO C ON A.C_GRP_CODE = C.C_UNIT_CODE AND A.C_USER_ID = C.C_USER_ID  WHERE  A.C_GRP_CODE = 'BUYER'  AND  A.C_USER_ID = 'JEOP1'  ORDER BY B.T_UPDATE_DATE DESC
---------------------- End 2026-07-10 08:50:53 783 ------------------------
 [end]

[start] [INFO] [2026-07-10 08:50:53.795] [BUYER_JEOP1] 
---------------------Begin 2026-07-10 08:50:53 793    CREATE_BU:BUYER    CREATE_BY:JEOP1 ---------------------
[01]  SELECT C_INACTIVE FROM CEUSER.SEC_USER_INFO WHERE C_USER_ID = 'JEOP1' AND C_UNIT_CODE = 'BUYER' 
---------------------- End 2026-07-10 08:50:53 794 ------------------------
 [end]

[start] [INFO] [2026-07-10 08:50:53.804] [BUYER_JEOP1] 
---------------------Begin 2026-07-10 08:50:53 803    CREATE_BU:BUYER    CREATE_BY:JEOP1 ---------------------
[01]  SELECT C_INACTIVE FROM CEUSER.SEC_USER_INFO WHERE C_USER_ID = 'JEOP1' AND C_UNIT_CODE = 'BUYER' 
---------------------- End 2026-07-10 08:50:53 804 ------------------------
 [end]

[start] [INFO] [2026-07-10 08:50:53.813] [BUYER_JEOP1] 
---------------------Begin 2026-07-10 08:50:53 811    CREATE_BU:BUYER    CREATE_BY:JEOP1 ---------------------
[01]  SELECT C_CRITERIA_DATA,C_TMPL_NAME,C_IS_DEFAULT FROM CETRX.STD_SEARCH_CRITERIA  WHERE  C_UNIT_CODE = 'BUYER'  AND  C_USER_ID = 'JEOP1'  AND  C_CATA_ID = 'C2A_PendingApproval'  AND  C_BK_GROUP_ID = 'CSBANK'  AND  I_CRITERIA_TYPE = 4 
---------------------- End 2026-07-10 08:50:53 812 ------------------------
 [end]

[start] [INFO] [2026-07-10 08:50:53.933] [BUYER_JEOP1] 
---------------------Begin 2026-07-10 08:50:53 839    CREATE_BU:BUYER    CREATE_BY:JEOP1 ---------------------
[01]  SELECT EXPIRY_DT AS GROUP_DATE, COUNT(*) AS ASCOUNT FROM (SELECT C_PRODUCT_ID, C_MAIN_REF, C_TRX_REF, I_EVENT_TIMES, C_BK_GROUP_ID, C_UNIT_CODE, CUST_NO, LC_NO, APPL_NM, BENE_NM, PARENT_MAIN_REF, LC_CCY, LC_AMT, LC_BALA, ISSUE_DT, EXPIRY_DT, CURRNT_STATUS, C_TRX_STATUS, D_CREA_DATE FROM CETRX.IMLC_EM_ISSUE WHERE   C_BK_GROUP_ID = 'CSBANK'  AND (( C_UNIT_CODE = 'BUYER'  AND  C_PRODUCT_ID = 'P08071500000' )) AND C_TRX_STATUS IN ('P', 'A', 'T', 'R', 'M') AND EXPIRY_DT >= TO_DATE('2026-01-01', 'YYYY-MM-DD') AND EXPIRY_DT <= TO_DATE('2026-12-31', 'YYYY-MM-DD') ) TEMP_TABLE GROUP BY EXPIRY_DT
---------------------- End 2026-07-10 08:50:53 932 ------------------------
 [end]

[start] [INFO] [2026-07-10 08:50:53.948] [BUYER_JEOP1] 
---------------------Begin 2026-07-10 08:50:53 946    CREATE_BU:BUYER    CREATE_BY:JEOP1 ---------------------
[01]  SELECT C_UNIT_CODE,C_UNIT_NAME FROM CEUSER.SEC_BUSINESS_UNIT WHERE C_UNIT_CODE = 'BUYER' 
---------------------- End 2026-07-10 08:50:53 948 ------------------------
 [end]

[start] [INFO] [2026-07-10 08:50:53.965] [BUYER_JEOP1] 
---------------------Begin 2026-07-10 08:50:53 866    CREATE_BU:BUYER    CREATE_BY:JEOP1 ---------------------
[01]  [Id=C2A_ForYou]  SELECT COUNT(*) FROM (SELECT DISTINCT T1.C_BK_GROUP_ID, T1.C_MAIN_REF, T1.C_TRX_REF, T1.C_UNIT_CODE, T1.PARENT_MAIN_REF, T1.C_TRX_STATUS, T1.CURRNT_STATUS, T1.C2A_STATUS, T1.I_EVENT_TIMES, T1.C_MODULE, T1.C_FUNC_ID, T1.C_PRODUCT_ID, T1.C_TRX_ID, T3.C_LOCKED_FLAG, T3.C_LOCKED_OP, T3.C_USER_DESC, T1.D_SYS_OP_DATE, T1.T_SYS_OP_TIME, T1.C2A_CCY, T1.C2A_AMOUNT, T1.C2A_COUNTERPARTY FROM CETRX.TRX_INBOX T1 LEFT JOIN CETRX.TRX_NEXT_FUNC T2 ON T1.C_PRODUCT_ID = T2.C_PRODUCT_ID AND T1.C2A_STATUS = T2.C2A_STATUS AND T1.C_TRX_STATUS = T2.C_TRX_STATUS LEFT JOIN CETRX.TRX_LOCK_INFO T3 ON T1.C_MAIN_REF = T3.C_MAIN_REF AND T1.C_UNIT_CODE = T3.C_UNIT_CODE WHERE   T1.C_BK_GROUP_ID = 'CSBANK'  AND (( T1.C_UNIT_CODE = 'BUYER'  AND  T1.C_PRODUCT_ID IN ('P05122400001','P06022700000','P08071500000','P08071500001','P08071500002','P08080600000','P08091000000') )) AND (T2.C_NEXT_FUNC_ID IN (SELECT C_FUNC_ID FROM CEUSER.SEC_OP_FUNC WHERE C_USER_ID = 'JEOP1' AND C_GRP_CODE = 'BUYER' AND C_UNIT_CODE = T1.C_UNIT_CODE) OR T2.C_NEXT_FUNC_ID IN (SELECT C_FUNC_ID FROM CEUSER.SEC_OP_FUNC WHERE C_GRP_CODE = 'BUYER' AND C_USER_ID IN (SELECT C_ROLE_ID FROM CEUSER.SEC_USER_ROLE WHERE C_USER_ID = 'JEOP1' AND C_GRP_CODE = 'BUYER') AND C_UNIT_CODE = T1.C_UNIT_CODE)) AND (T1.C_TRX_STATUS = 'R' OR T1.C2A_STATUS IN ('Rejected by bank', 'Discrepancy notification', 'Document received') AND T1.C_TRX_STATUS = 'M' OR T1.C2A_STATUS IN ('Amendment(Detrimental)_fully authorized', 'Document discrepancy_fully authorized') AND T1.C_TRX_STATUS = 'A') AND T1.C_TRX_ID NOT IN (SELECT C_TRX_ID FROM CETRX.TRX_USER_DISMISS WHERE C_USER_ID = 'JEOP1' AND C_GRP_CODE = 'BUYER') AND (T1.C_MODULE = 'IMLC' OR T1.C_MODULE = 'EXLC' OR T1.C_MODULE = 'FAEF' OR T1.C_MODULE = 'FADA' OR T1.C_MODULE = 'TSUM' OR T1.C_MODULE = 'ABLF' OR T1.C_MODULE = 'UPLD') ORDER BY T1.D_SYS_OP_DATE DESC, T1.T_SYS_OP_TIME DESC)
---------------------- End 2026-07-10 08:50:53 964 ------------------------
 [end]

[start] [INFO] [2026-07-10 08:50:53.977] [BUYER_JEOP1] 
---------------------Begin 2026-07-10 08:50:53 969    CREATE_BU:BUYER    CREATE_BY:JEOP1 ---------------------
[01]  [Id=C2A_InProgress_Both]  SELECT COUNT(*) FROM CETRX.TRX_INBOX T1 LEFT JOIN CETRX.TRX_LOCK_INFO T3 ON T1.C_MAIN_REF = T3.C_MAIN_REF AND T1.C_UNIT_CODE = T3.C_UNIT_CODE WHERE   T1.C_BK_GROUP_ID = 'CSBANK'  AND (( T1.C_UNIT_CODE = 'BUYER'  AND  T1.C_PRODUCT_ID IN ('P05122400001','P06022700000','P08071500000','P08071500001','P08071500002','P08080600000','P08091000000') )) AND (T1.C_TRX_STATUS IN ('P', 'T', 'A', 'S', 'R') AND (T1.C_MODULE = 'IMLC' OR T1.C_MODULE = 'EXLC' OR T1.C_MODULE = 'FAEF' OR T1.C_MODULE = 'FADA' OR T1.C_MODULE = 'ABLF') AND T1.C2A_STATUS NOT IN ('Discrepancies rejected_fully authorized') OR T1.C_TRX_STATUS = 'M' AND (T1.C_MODULE = 'IMLC' AND T1.C2A_STATUS NOT IN ('Issued', 'Amended', 'Beneficiary rejected', 'Settled') OR T1.C_MODULE = 'EXCO' AND T1.CURRNT_STATUS NOT IN ('Payment Advice') OR T1.C_MODULE = 'EXLC' AND T1.CURRNT_STATUS NOT IN ('Settled', 'Advise Received', 'Amendment Received', 'Docment Received') OR T1.C_MODULE = 'FAEF' AND T1.CURRNT_STATUS NOT IN ('Settled', 'Advise Received') OR T1.C_MODULE = 'FADA' AND T1.CURRNT_STATUS NOT IN ('Settled', 'Advise Received') OR T1.C_MODULE = 'ABLF' AND T1.CURRNT_STATUS NOT IN ('Settled', 'Advise Received'))) AND T1.C_TRX_ID NOT IN (SELECT C_TRX_ID FROM CETRX.TRX_USER_DISMISS WHERE C_USER_ID = 'JEOP1' AND C_GRP_CODE = 'BUYER') AND (T1.C_MODULE = 'IMLC' OR T1.C_MODULE = 'EXLC' OR T1.C_MODULE = 'FAEF' OR T1.C_MODULE = 'FADA' OR T1.C_MODULE = 'ABLF')
---------------------- End 2026-07-10 08:50:53 976 ------------------------
 [end]

[start] [INFO] [2026-07-10 08:50:53.984] [BUYER_JEOP1] 
---------------------Begin 2026-07-10 08:50:53 981    CREATE_BU:BUYER    CREATE_BY:JEOP1 ---------------------
[01]  SELECT C_INACTIVE FROM CEUSER.SEC_USER_INFO WHERE C_USER_ID = 'JEOP1' AND C_UNIT_CODE = 'BUYER' 
---------------------- End 2026-07-10 08:50:53 983 ------------------------
 [end]

[start] [INFO] [2026-07-10 08:50:53.994] [BUYER_JEOP1] 
---------------------Begin 2026-07-10 08:50:53 986    CREATE_BU:BUYER    CREATE_BY:JEOP1 ---------------------
[01]  [Id=C2A_Closed]  SELECT COUNT(*) FROM CETRX.TRX_INBOX T1 LEFT JOIN CETRX.TRX_LOCK_INFO T3 ON T1.C_MAIN_REF = T3.C_MAIN_REF AND T1.C_UNIT_CODE = T3.C_UNIT_CODE WHERE   T1.C_BK_GROUP_ID = 'CSBANK'  AND (( T1.C_UNIT_CODE = 'BUYER'  AND  T1.C_PRODUCT_ID IN ('P05122400001','P06022700000','P08071500000','P08071500001','P08071500002','P08080600000','P08091000000') )) AND (T1.C2A_STATUS IN ('Issued', 'Amended', 'Beneficiary rejected', 'Discrepancies rejected_fully authorized', 'Settled') AND T1.C_MODULE = 'IMLC' OR T1.CURRNT_STATUS IN ('Issued', 'Amended', 'Detrimental Amendment', 'Beneficiary Consent', 'Beneficiary Rejected', 'Document Presentation', 'Document Presentation', 'Settlement', 'Settled') AND T1.C_MODULE = 'EXCO' OR T1.C2A_STATUS IN ('Settled', 'Amendment_fully authorized', '') AND T1.C_MODULE = 'EXLC' OR T1.C_FUNC_ID IN ('F05030700899', 'F05030700901', 'F05030700908') AND T1.C2A_STATUS = 'Fully authorized' AND T1.C_MODULE = 'EXLC' OR T1.C_MODULE = 'FADA' OR T1.C_MODULE = 'FAEF') AND T1.C_TRX_STATUS IN ('M', 'A', 'S') AND T1.C_TRX_ID NOT IN (SELECT C_TRX_ID FROM CETRX.TRX_USER_DISMISS WHERE C_USER_ID = 'JEOP1' AND C_GRP_CODE = 'BUYER') AND (T1.C_MODULE = 'IMLC' OR T1.C_MODULE = 'EXLC' OR T1.C_MODULE = 'FADA' OR T1.C_MODULE = 'FAEF')
---------------------- End 2026-07-10 08:50:53 993 ------------------------
 [end]

[start] [INFO] [2026-07-10 08:50:54.003] [BUYER_JEOP1] 
---------------------Begin 2026-07-10 08:50:54 001    CREATE_BU:BUYER    CREATE_BY:JEOP1 ---------------------
[01]  SELECT C_AUTH_RULE FROM CEUSER.SEC_USER_INFO WHERE C_BK_GROUP_ID = 'CSBANK' AND C_UNIT_CODE = 'BUYER' AND C_USER_ID = 'JEOP1' 
---------------------- End 2026-07-10 08:50:54 002 ------------------------
 [end]

[start] [INFO] [2026-07-10 08:50:54.011] [BUYER_JEOP1] 
---------------------Begin 2026-07-10 08:50:54 006    CREATE_BU:BUYER    CREATE_BY:JEOP1 ---------------------
[01]  SELECT C_AUTH_RULE FROM CEUSER.SEC_BUSINESS_UNIT WHERE C_BK_GROUP_ID = 'CSBANK' AND C_UNIT_CODE = 'BUYER' 
---------------------- End 2026-07-10 08:50:54 008 ------------------------
 [end]

[start] [INFO] [2026-07-10 08:50:54.012] [BUYER_JEOP1] 
---------------------Begin 2026-07-10 08:50:54 000    CREATE_BU:BUYER    CREATE_BY:JEOP1 ---------------------
[01]  [Id=C2A_Drafts]  SELECT COUNT(*) FROM (SELECT DISTINCT T1.C_BK_GROUP_ID, T1.C_MAIN_REF, T1.C_TRX_REF, T1.C_UNIT_CODE, T1.PARENT_MAIN_REF, T1.C_TRX_STATUS, T1.I_EVENT_TIMES, T1.C_MODULE, T1.C_FUNC_ID, T1.C_PRODUCT_ID, T1.C_TRX_ID, T3.C_LOCKED_FLAG, T3.C_LOCKED_OP, T3.C_USER_DESC, T1.D_SYS_OP_DATE, T1.T_SYS_OP_TIME, T1.C2A_CCY, T1.C2A_AMOUNT, T1.C2A_COUNTERPARTY FROM CETRX.TRX_INBOX T1 LEFT JOIN CETRX.TRX_NEXT_FUNC T2 ON T1.C_PRODUCT_ID = T2.C_PRODUCT_ID AND T1.C_TRX_STATUS = T2.C_TRX_STATUS LEFT JOIN CETRX.TRX_LOCK_INFO T3 ON T1.C_MAIN_REF = T3.C_MAIN_REF AND T1.C_UNIT_CODE = T3.C_UNIT_CODE WHERE   T1.C_BK_GROUP_ID = 'CSBANK'  AND (( T1.C_UNIT_CODE = 'BUYER'  AND  T1.C_PRODUCT_ID IN ('P05122400001','P06022700000','P08071500000','P08071500001','P08071500002','P08080600000','P08091000000') )) AND (T2.C_NEXT_FUNC_ID IN (SELECT C_FUNC_ID FROM CEUSER.SEC_OP_FUNC WHERE C_USER_ID = 'JEOP1' AND C_GRP_CODE = 'BUYER' AND C_UNIT_CODE = T1.C_UNIT_CODE) OR T2.C_NEXT_FUNC_ID IN (SELECT C_FUNC_ID FROM CEUSER.SEC_OP_FUNC WHERE C_GRP_CODE = 'BUYER' AND C_USER_ID IN (SELECT C_ROLE_ID FROM CEUSER.SEC_USER_ROLE WHERE C_USER_ID = 'JEOP1' AND C_GRP_CODE = 'BUYER') AND C_UNIT_CODE = T1.C_UNIT_CODE)) AND T1.C_TRX_STATUS = 'Z' AND T1.C_TRX_ID NOT IN (SELECT C_TRX_ID FROM CETRX.TRX_USER_DISMISS WHERE C_USER_ID = 'JEOP1' AND C_GRP_CODE = 'BUYER') AND (T1.C_MODULE = 'IMLC' OR T1.C_MODULE = 'EXLC' OR T1.C_MODULE = 'FAEF' OR T1.C_MODULE = 'FADA' OR T1.C_MODULE = 'ABLF') ORDER BY T1.D_SYS_OP_DATE DESC, T1.T_SYS_OP_TIME DESC)
---------------------- End 2026-07-10 08:50:54 011 ------------------------
 [end]

[start] [INFO] [2026-07-10 08:50:54.018] [BUYER_JEOP1] 
---------------------Begin 2026-07-10 08:50:53 942    CREATE_BU:BUYER    CREATE_BY:JEOP1 ---------------------
[01]  SELECT DUE_DT AS GROUP_DATE, COUNT(*) AS ASCOUNT FROM (SELECT C_PRODUCT_ID, C_MAIN_REF, C_TRX_REF, I_EVENT_TIMES, C_BK_GROUP_ID, C_UNIT_CODE, PARENT_MAIN_REF, APPL_NM, CUST_NO, LC_NO, DRAW_NO, NO_OF_DRAW, BENE_NM, PRES_CCY, PRES_AMT, DUE_DT, CURRNT_STATUS, C_TRX_STATUS FROM CETRX.IMLC_EM_NEGO WHERE   C_BK_GROUP_ID = 'CSBANK'  AND (( C_UNIT_CODE = 'BUYER'  AND  C_PRODUCT_ID = 'P08071500000' )) AND C_TRX_STATUS IN ('P', 'A', 'T', 'R', 'M') AND DUE_DT >= TO_DATE('2026-01-01', 'YYYY-MM-DD') AND DUE_DT <= TO_DATE('2026-12-31', 'YYYY-MM-DD') ) TEMP_TABLE GROUP BY DUE_DT
---------------------- End 2026-07-10 08:50:54 017 ------------------------
 [end]

[start] [INFO] [2026-07-10 08:50:54.057] [BUYER_JEOP1] 
---------------------Begin 2026-07-10 08:50:54 017    CREATE_BU:BUYER    CREATE_BY:JEOP1 ---------------------
[01]  [Id=C2A_PendingApproval]  SELECT T1.C_BK_GROUP_ID, T1.C_MAIN_REF, T1.C_TRX_REF, T1.C_UNIT_CODE, T1.PARENT_MAIN_REF, T1.C_TRX_STATUS, T1.CURRNT_STATUS, T1.I_EVENT_TIMES, T1.C_MODULE, T1.C_FUNC_ID, T1.C_PRODUCT_ID, T1.C_TRX_ID, T1.C_CREATED_BY, T3.C_LOCKED_FLAG, T3.C_LOCKED_OP, T3.C_USER_DESC, T1.D_SYS_OP_DATE, T1.T_SYS_OP_TIME, T1.C2A_CCY, T1.C2A_AMOUNT, T1.C2A_COUNTERPARTY FROM CETRX.TRX_INBOX T1 LEFT JOIN CETRX.TRX_LOCK_INFO T3 ON T1.C_MAIN_REF = T3.C_MAIN_REF AND T1.C_UNIT_CODE = T3.C_UNIT_CODE WHERE   T1.C_BK_GROUP_ID = 'CSBANK'  AND  T1.C_UNIT_CODE = 'BUYER'  AND T1.C_PRODUCT_ID IN('P05122400001','P06022700000','P08071500000','P08071500001','P08071500002','P08080600000','P08091000000') AND  T1.C_BK_GROUP_ID = 'CSBANK'  AND (T1.C_TRX_STATUS<>'R' AND T1.C_TRX_STATUS<>'A' OR T1.C_TRX_STATUS IS NULL) AND T1.C_TRX_ID NOT IN (SELECT C_TRX_ID FROM CETRX.TRX_AUTH_LIST WHERE  C_GRP_CODE = 'BUYER'  AND  C_USER_ID = 'JEOP1'  AND  C_UNIT_CODE = 'BUYER' ) AND T1.C_TRX_ID IN (SELECT C_TRX_ID FROM CETRX.TRX_MATRIX_LIST WHERE  C_UNIT_CODE = 'BUYER'  AND ( (  I_AUTH_LEVEL = 1  AND C_PRODUCT_ID IN('P05122400001','P06022700000','P08071500000','P08071500001','P08071500002','P08080600000','P08091000000')))) AND (( T1.C_UNIT_CODE = 'BUYER'  AND  T1.C_PRODUCT_ID IN ('P05122400001','P06022700000','P08071500000','P08071500001','P08071500002','P08080600000','P08091000000') )) AND T1.C_TRX_STATUS IN ('P', 'T') AND (T1.C_MODULE = 'IMLC' OR T1.C_MODULE = 'EXLC' OR T1.C_MODULE = 'FAEF' OR T1.C_MODULE = 'FADA' OR T1.C_MODULE = 'ABLF') ORDER BY T1.D_SYS_OP_DATE DESC, T1.T_SYS_OP_TIME DESC
---------------------- End 2026-07-10 08:50:54 028 ------------------------
 [end]

[start] [INFO] [2026-07-10 08:50:54.059] [BUYER_JEOP1] 
---------------------Begin 2026-07-10 08:50:54 057    CREATE_BU:BUYER    CREATE_BY:JEOP1 ---------------------
[01]  SELECT C_INACTIVE FROM CEUSER.SEC_USER_INFO WHERE C_USER_ID = 'JEOP1' AND C_UNIT_CODE = 'BUYER' 
---------------------- End 2026-07-10 08:50:54 058 ------------------------
 [end]

[start] [INFO] [2026-07-10 08:50:54.117] [BUYER_JEOP1] 
---------------------Begin 2026-07-10 08:50:54 114    CREATE_BU:BUYER    CREATE_BY:JEOP1 ---------------------
[01]  SELECT C_CRITERIA_DATA,C_TMPL_NAME,C_IS_DEFAULT FROM CETRX.STD_SEARCH_CRITERIA  WHERE  C_UNIT_CODE = 'BUYER'  AND  C_USER_ID = 'JEOP1'  AND  C_CATA_ID = 'C2A_ForYou'  AND  C_BK_GROUP_ID = 'CSBANK'  AND  I_CRITERIA_TYPE = 4 
---------------------- End 2026-07-10 08:50:54 115 ------------------------
 [end]

[start] [INFO] [2026-07-10 08:50:54.151] [BUYER_JEOP1] 
---------------------Begin 2026-07-10 08:50:54 148    CREATE_BU:BUYER    CREATE_BY:JEOP1 ---------------------
[01]  SELECT C_UNIT_CODE,C_UNIT_NAME FROM CEUSER.SEC_BUSINESS_UNIT WHERE C_UNIT_CODE = 'BUYER' 
---------------------- End 2026-07-10 08:50:54 150 ------------------------
 [end]

[start] [INFO] [2026-07-10 08:50:54.175] [BUYER_JEOP1] 
---------------------Begin 2026-07-10 08:50:54 172    CREATE_BU:BUYER    CREATE_BY:JEOP1 ---------------------
[01]  SELECT C_CRITERIA_DATA,C_TMPL_NAME,C_IS_DEFAULT FROM CETRX.STD_SEARCH_CRITERIA  WHERE  C_UNIT_CODE = 'BUYER'  AND  C_USER_ID = 'JEOP1'  AND  C_CATA_ID = 'C2A_PendingApproval'  AND  C_BK_GROUP_ID = 'CSBANK'  AND  I_CRITERIA_TYPE = 4 
---------------------- End 2026-07-10 08:50:54 174 ------------------------
 [end]

[start] [INFO] [2026-07-10 08:50:54.185] [BUYER_JEOP1] 
---------------------Begin 2026-07-10 08:50:54 183    CREATE_BU:BUYER    CREATE_BY:JEOP1 ---------------------
[01]  SELECT C_UNIT_CODE,C_UNIT_NAME FROM CEUSER.SEC_BUSINESS_UNIT WHERE C_UNIT_CODE = 'BUYER' 
---------------------- End 2026-07-10 08:50:54 184 ------------------------
 [end]

[start] [INFO] [2026-07-10 08:50:54.249] [BUYER_JEOP1] 
---------------------Begin 2026-07-10 08:50:54 246    CREATE_BU:BUYER    CREATE_BY:JEOP1 ---------------------
[01]  SELECT C_INACTIVE FROM CEUSER.SEC_USER_INFO WHERE C_USER_ID = 'JEOP1' AND C_UNIT_CODE = 'BUYER' 
---------------------- End 2026-07-10 08:50:54 248 ------------------------
 [end]

[start] [INFO] [2026-07-10 08:50:54.267] [BUYER_JEOP1] 
---------------------Begin 2026-07-10 08:50:54 255    CREATE_BU:BUYER    CREATE_BY:JEOP1 ---------------------
[01]  [Id=C2A_ForYou]  SELECT DISTINCT T1.C_BK_GROUP_ID, T1.C_MAIN_REF, T1.C_TRX_REF, T1.C_UNIT_CODE, T1.PARENT_MAIN_REF, T1.C_TRX_STATUS, T1.CURRNT_STATUS, T1.C2A_STATUS, T1.I_EVENT_TIMES, T1.C_MODULE, T1.C_FUNC_ID, T1.C_PRODUCT_ID, T1.C_TRX_ID, T3.C_LOCKED_FLAG, T3.C_LOCKED_OP, T3.C_USER_DESC, T1.D_SYS_OP_DATE, T1.T_SYS_OP_TIME, T1.C2A_CCY, T1.C2A_AMOUNT, T1.C2A_COUNTERPARTY FROM CETRX.TRX_INBOX T1 LEFT JOIN CETRX.TRX_NEXT_FUNC T2 ON T1.C_PRODUCT_ID = T2.C_PRODUCT_ID AND T1.C2A_STATUS = T2.C2A_STATUS AND T1.C_TRX_STATUS = T2.C_TRX_STATUS LEFT JOIN CETRX.TRX_LOCK_INFO T3 ON T1.C_MAIN_REF = T3.C_MAIN_REF AND T1.C_UNIT_CODE = T3.C_UNIT_CODE WHERE   T1.C_BK_GROUP_ID = 'CSBANK'  AND (( T1.C_UNIT_CODE = 'BUYER'  AND  T1.C_PRODUCT_ID IN ('P05122400001','P06022700000','P08071500000','P08071500001','P08071500002','P08080600000','P08091000000') )) AND (T2.C_NEXT_FUNC_ID IN (SELECT C_FUNC_ID FROM CEUSER.SEC_OP_FUNC WHERE C_USER_ID = 'JEOP1' AND C_GRP_CODE = 'BUYER' AND C_UNIT_CODE = T1.C_UNIT_CODE) OR T2.C_NEXT_FUNC_ID IN (SELECT C_FUNC_ID FROM CEUSER.SEC_OP_FUNC WHERE C_GRP_CODE = 'BUYER' AND C_USER_ID IN (SELECT C_ROLE_ID FROM CEUSER.SEC_USER_ROLE WHERE C_USER_ID = 'JEOP1' AND C_GRP_CODE = 'BUYER') AND C_UNIT_CODE = T1.C_UNIT_CODE)) AND (T1.C_TRX_STATUS = 'R' OR T1.C2A_STATUS IN ('Rejected by bank', 'Discrepancy notification', 'Document received') AND T1.C_TRX_STATUS = 'M' OR T1.C2A_STATUS IN ('Amendment(Detrimental)_fully authorized', 'Document discrepancy_fully authorized') AND T1.C_TRX_STATUS = 'A') AND T1.C_TRX_ID NOT IN (SELECT C_TRX_ID FROM CETRX.TRX_USER_DISMISS WHERE C_USER_ID = 'JEOP1' AND C_GRP_CODE = 'BUYER') AND (T1.C_MODULE = 'IMLC' OR T1.C_MODULE = 'EXLC' OR T1.C_MODULE = 'FAEF' OR T1.C_MODULE = 'FADA' OR T1.C_MODULE = 'TSUM' OR T1.C_MODULE = 'ABLF' OR T1.C_MODULE = 'UPLD') ORDER BY T1.D_SYS_OP_DATE DESC, T1.T_SYS_OP_TIME DESC
---------------------- End 2026-07-10 08:50:54 266 ------------------------
 [end]

[start] [INFO] [2026-07-10 08:50:54.306] [BUYER_JEOP1] 
---------------------Begin 2026-07-10 08:50:54 304    CREATE_BU:BUYER    CREATE_BY:JEOP1 ---------------------
[01]  SELECT C_UNIT_CODE,C_UNIT_NAME FROM CEUSER.SEC_BUSINESS_UNIT WHERE C_UNIT_CODE = 'BUYER' 
---------------------- End 2026-07-10 08:50:54 305 ------------------------
 [end]

[start] [INFO] [2026-07-10 08:50:54.319] [BUYER_JEOP1] 
---------------------Begin 2026-07-10 08:50:54 317    CREATE_BU:BUYER    CREATE_BY:JEOP1 ---------------------
[01]  SELECT C_CRITERIA_DATA,C_TMPL_NAME,C_IS_DEFAULT FROM CETRX.STD_SEARCH_CRITERIA  WHERE  C_UNIT_CODE = 'BUYER'  AND  C_USER_ID = 'JEOP1'  AND  C_CATA_ID = 'C2A_ForYou'  AND  C_BK_GROUP_ID = 'CSBANK'  AND  I_CRITERIA_TYPE = 4 
---------------------- End 2026-07-10 08:50:54 318 ------------------------
 [end]

[start] [INFO] [2026-07-10 08:50:55.244] [BUYER_JEOP1] 
---------------------Begin 2026-07-10 08:50:55 241    CREATE_BU:BUYER    CREATE_BY:JEOP1 ---------------------
[01]  SELECT C_INACTIVE FROM CEUSER.SEC_USER_INFO WHERE C_USER_ID = 'JEOP1' AND C_UNIT_CODE = 'BUYER' 
---------------------- End 2026-07-10 08:50:55 243 ------------------------
 [end]

[start] [INFO] [2026-07-10 08:50:55.245] [BUYER_JEOP1] 
---------------------Begin 2026-07-10 08:50:55 241    CREATE_BU:BUYER    CREATE_BY:JEOP1 ---------------------
[01]  SELECT C_INACTIVE FROM CEUSER.SEC_USER_INFO WHERE C_USER_ID = 'JEOP1' AND C_UNIT_CODE = 'BUYER' 
---------------------- End 2026-07-10 08:50:55 243 ------------------------
 [end]

[start] [INFO] [2026-07-10 08:50:55.259] [BUYER_JEOP1] 
---------------------Begin 2026-07-10 08:50:55 256    CREATE_BU:BUYER    CREATE_BY:JEOP1 ---------------------
[01]  SELECT DISTINCT C_WIDGET_NAME FROM CEUSER.SEC_WIDGETS_V2_LIST  WHERE  C_IS_ACTIVE = 'Y'  AND  C_ROLE_NAME IN ('MAKER','CHECKER')  ORDER BY  C_WIDGET_NAME 
---------------------- End 2026-07-10 08:50:55 258 ------------------------
 [end]

[start] [INFO] [2026-07-10 08:50:55.260] [BUYER_JEOP1] 
---------------------Begin 2026-07-10 08:50:55 256    CREATE_BU:BUYER    CREATE_BY:JEOP1 ---------------------
[01]  SELECT DISTINCT C_WIDGET_NAME FROM CEUSER.SEC_WIDGETS_V2_LIST  WHERE  C_IS_ACTIVE = 'Y'  AND  C_ROLE_NAME IN ('MAKER','CHECKER')  ORDER BY  C_WIDGET_NAME 
---------------------- End 2026-07-10 08:50:55 258 ------------------------
 [end]

[start] [INFO] [2026-07-10 08:50:55.266] [BUYER_JEOP1] 
---------------------Begin 2026-07-10 08:50:55 261    CREATE_BU:BUYER    CREATE_BY:JEOP1 ---------------------
[01]  SELECT TAB.C_TAB_ID,TAB.C_TAB_NAME,TAB.I_TAB_SEQUENCE FROM CEUSER.SEC_WIDGETS_V2_TABS TAB LEFT JOIN CEUSER.SEC_WIDGETS_V2_LAYOUT LYT ON (TAB.C_TAB_ID = LYT.C_TAB_ID AND  TAB.C_UNIT_CODE = LYT.C_UNIT_CODE AND TAB.C_USER_ID = LYT.C_USER_ID )    WHERE  TAB.C_UNIT_CODE = 'BUYER'  AND  TAB.C_USER_ID = 'JEOP1'  AND  LYT.C_PAGE_NAME = 'analytics'  ORDER BY  TAB.I_TAB_SEQUENCE ASC 
---------------------- End 2026-07-10 08:50:55 264 ------------------------
 [end]

[start] [INFO] [2026-07-10 08:50:55.271] [BUYER_JEOP1] 
---------------------Begin 2026-07-10 08:50:55 267    CREATE_BU:BUYER    CREATE_BY:JEOP1 ---------------------
[01]  SELECT TAB.C_TAB_ID,TAB.C_TAB_NAME,TAB.I_TAB_SEQUENCE,LYT.C_LAYOUT_INFO FROM CEUSER.SEC_WIDGETS_V2_TABS TAB LEFT JOIN CEUSER.SEC_WIDGETS_V2_LAYOUT LYT ON (TAB.C_TAB_ID = LYT.C_TAB_ID AND  TAB.C_UNIT_CODE = LYT.C_UNIT_CODE AND TAB.C_USER_ID = LYT.C_USER_ID )    WHERE  TAB.C_UNIT_CODE = 'BUYER'  AND  TAB.C_USER_ID = 'JEOP1'  AND  LYT.C_PAGE_NAME = 'analytics'  ORDER BY  TAB.I_TAB_SEQUENCE ASC 
---------------------- End 2026-07-10 08:50:55 270 ------------------------
 [end]

[start] [INFO] [2026-07-10 08:50:57.882] [BUYER_JEOP1] 
---------------------Begin 2026-07-10 08:50:57 879    CREATE_BU:BUYER    CREATE_BY:JEOP1 ---------------------
[01]  SELECT C_INACTIVE FROM CEUSER.SEC_USER_INFO WHERE C_USER_ID = 'JEOP1' AND C_UNIT_CODE = 'BUYER' 
---------------------- End 2026-07-10 08:50:57 881 ------------------------
 [end]

[start] [INFO] [2026-07-10 08:50:57.886] [BUYER_JEOP1] 
---------------------Begin 2026-07-10 08:50:57 883    CREATE_BU:BUYER    CREATE_BY:JEOP1 ---------------------
[01]  SELECT C_IS_INFORM FROM CEUSER.SEC_LOGIN_SESSION WHERE C_SESSION_ID = 'HDDF2lQTUQ1PQ2rk2Uy-T1F' 
---------------------- End 2026-07-10 08:50:57 885 ------------------------
 [end]

[start] [INFO] [2026-07-10 08:50:57.899] [BUYER_JEOP1] 
---------------------Begin 2026-07-10 08:50:57 893    CREATE_BU:BUYER    CREATE_BY:JEOP1 ---------------------
[01]  INSERT INTO CETRX.TRX_ACT_LOG (C_LOG_ID,C_BK_GROUP_ID,C_CNTY_CODE,C_GRP_CODE,C_UNIT_CODE,C_USER_ID,C_IP_ADDRESS,C_FUNC_ID,D_CREA_DATE,T_CREA_TIME,D_SYS_OP_DATE,T_SYS_OP_TIME,D_SYS_TRT_DATE,T_SYS_TRT_TIME,C_BUSI_KEY) VALUES ('8A8284979F4A3FB0019F4A5D52E4009E','CSBANK','US','BUYER','BUYER','JEOP1','10.3.1.40','LogOut',TO_DATE('2026-07-10','YYYY-MM-DD'),TO_DATE('04:50:57','HH24:MI:SS'),TO_DATE('2026-07-10','YYYY-MM-DD'),TO_DATE('04:50:57','HH24:MI:SS'),TO_DATE('2026-07-10','YYYY-MM-DD'),TO_DATE('04:50:57','HH24:MI:SS'),'BUYER;JEOP1')
---------------------- End 2026-07-10 08:50:57 897 ------------------------
 [end]

[start] [INFO] [2026-07-10 08:50:57.905] [BUYER_JEOP1] 
---------------------Begin 2026-07-10 08:50:57 901    CREATE_BU:BUYER    CREATE_BY:JEOP1 ---------------------
[01]  DELETE FROM CEUSER.SEC_LOGIN_SESSION WHERE C_BK_GROUP_ID = 'CSBANK' AND C_USER_ID = 'JEOP1' AND C_UNIT_CODE = 'BUYER' AND C_SESSION_ID = 'HDDF2lQTUQ1PQ2rk2Uy-T1F' 
---------------------- End 2026-07-10 08:50:57 904 ------------------------
 [end]
