
[start] [DEBUG] [2026-07-10 15:19:00.498] [C010897_C010897CPA1] 
browserLanguage :en [end]

[start] [DEBUG] [2026-07-10 15:19:00.520] [C010897_C010897CPA1] 
acceptLanguage :en-US,en;q=0.9 [end]

[start] [DEBUG] [2026-07-10 15:19:00.521] [C010897_C010897CPA1] 
defaultLanguage :null [end]

[start] [DEBUG] [2026-07-10 15:19:00.525] [C010897_C010897CPA1] 
====request content is: 
    Request Type: Temp
Component : DBHelper
Session Context is: 
com.cs.core.utility.SessionContext@8fdde893
Request Info Type : com.cs.core.dao.exec.SQLDao
Request Info Content is: 
[01]DELETE FROM CEUSER.SEC_LOGIN_SESSION WHERE C_USER_ID = 'C010897CPA1' AND C_UNIT_CODE = 'C010897' AND C_BK_GROUP_ID = 'CSBANK' AND C_SESSION_ID = 'WYWW1UVDLta9mhDyyoSw7fu' 
[02]UPDATE CEUSER.SEC_LOGIN_SESSION SET C_IS_INFORM = 'T' WHERE C_USER_ID = 'C010897CPA1' AND C_UNIT_CODE = 'C010897' AND C_BK_GROUP_ID = 'CSBANK' 
[03]INSERT INTO CEUSER.SEC_LOGIN_SESSION (C_BK_GROUP_ID,C_UNIT_CODE,C_USER_ID,C_SESSION_ID,C_IS_INFORM) VALUES ('CSBANK','C010897','C010897CPA1','WYWW1UVDLta9mhDyyoSw7fu','F')

 [end]

[start] [DEBUG] [2026-07-10 15:19:00.564] [C010897_C010897CPA1] 

------------------ Session ID : WYWW1UVDLta9mhDyyoSw7fu --------------------

{SS_USER_INFO,userId(C_USER_ID)=C010897CPA1,
userDesc(C_USER_DESC)=C010897CPA1,
userType(I_USER_TYPE)=2,
multiLogin(I_MULTI_LOGIN)=true,
deftUnitCode(C_DFLT_UNIT_CODE)=C010897,
authLevel(I_AUTH_LEVEL)=1,
langVal(C_LANG_VAL)=null,
secType(I_SEC_TYPE)=-1,
tempProtect(C_TMPL_PROTECT)=F,
C_TIMEZONE_ID=null
C_UNIT_CODE=C010897
C_CNTY_CODE=US
C_LANG_NAME=null
C_CHANGE_PSW=F
C_LOGIN_RULE=null
C_AUTH_SET=null
C_PRIVATE_MAIL=cherry.liu@chinasystems.com
C_BK_GROUP_ID=CSBANK
}

{USER_NORMAL_LOGON,Y}

{C_USER_ID,C010897CPA1}

{SS_LOG_INFO,com.cs.core.pojo.buinfo.LogSessionInfo@fa413a06}

{SS_CLIENT_INFO,ssoWay(SSO_WAY)=null
ip=10.3.1.53
loginURL=SYS_index.htm
no any attribute}

{SS_FAP_INFO,C010897=
<ci name=C010897>
    <pdt id = FHS0YffwVNuA    authlevel=1>
        <uGm26febau5w/>
    </pdt>
    <pdt id = P19080800001    authlevel=1>
        <F05030701216/>
    </pdt>
    <pdt id = P19080800002    authlevel=1>
        <F05030701220/>
    </pdt>
    <pdt id = epF3a6u4ZGAt    authlevel=1>
        <QrpePAvpju87/>
    </pdt>
</ci>
}

{C_BUSINESS_UNIT,C010897}

{SS_GRP_INFO,unitCode(C_UNIT_CODE)=C010897,
unitName(C_UNIT_NAME)=C010897nm,
bkGrpId(C_BK_GROUP_ID)=CSBANK,
cntyCode(C_CNTY_CODE)=US,
subCnty(C_SUB_CNTY)=US,
bank(C_IS_BANK)=F,
secType(I_SEC_TYPE)=3
tempProtect(C_TMPL_PROTECT)=F,
C_LANG_NAME=null
I_UNIT_TYPE=1
C_HAVE_AUTH=T
C_LANG_VAL=null
C_BANK_UNIT=null
C_BANK_CODE=null
dualCtrl(C_DUAL_CTRL)=T,
custFmt=decFormat(C_DEC_FORMAT)=.,
intFormat(C_INT_FORMAT)=,,
intFmtLen(I_INT_FMT_LEN)=3,
dateFormat(C_DATE_FORM)=yyyy-mm-dd,
,
}

{isFirstChangeMail,false}

{GLOBAL_REFRESH_TOKEN,1783682340461}

{CSRFKEY,[I@215d1bfc}

{inActiveComps,[]}

{SS_TREE_ARRAY,[[Ljava.lang.String;@c275c655}

{CSRFTOKEN,8A8284979F4ACCAA019F4BC0966A023A}
 [end]

[start] [DEBUG] [2026-07-10 15:19:00.566] [C010897_C010897CPA1] 
====request content is: 
    Request Type: Temp
Component : DBHelper
Session Context is: 
com.cs.core.utility.SessionContext@8fdde893
Request Info Type : com.cs.core.dao.exec.SQLDao
Request Info Content is: 
[01]INSERT INTO CETRX.TRX_ACT_LOG (C_LOG_ID,C_BK_GROUP_ID,C_CNTY_CODE,C_GRP_CODE,C_UNIT_CODE,C_USER_ID,C_IP_ADDRESS,C_FUNC_ID,D_CREA_DATE,T_CREA_TIME,D_SYS_OP_DATE,T_SYS_OP_TIME,D_SYS_TRT_DATE,T_SYS_TRT_TIME,C_BUSI_KEY) VALUES ('8A8284979F4ACCAA019F4BC096D5023B','CSBANK','US','C010897','C010897','C010897CPA1','10.3.1.53','Login','2026-07-10','11:19:00','2026-07-10','11:19:00','2026-07-10','11:19:00','C010897;C010897CPA1')

 [end]

[start] [DEBUG] [2026-07-10 15:19:00.707] [C010897_C010897CPA1] 
The request URI is : /BL6CEWeb/servlets/CELoginAuthorizationManager [end]

[start] [DEBUG] [2026-07-10 15:19:00.709] [C010897_C010897CPA1] 
The URI is :/BL6CEWeb/servlets/CELoginAuthorizationManager [end]

[start] [DEBUG] [2026-07-10 15:19:00.710] [C010897_C010897CPA1] 
The session refresh token in session is : null [end]

[start] [DEBUG] [2026-07-10 15:19:00.855] [C010897_C010897CPA1] 
The request URI is : /BL6CEWeb/SYS_JS/SYS_ErrHandle.js [end]

[start] [DEBUG] [2026-07-10 15:19:00.856] [C010897_C010897CPA1] 
The URI is :/BL6CEWeb/SYS_JS/SYS_ErrHandle.js [end]

[start] [DEBUG] [2026-07-10 15:19:00.857] [C010897_C010897CPA1] 
The session refresh token in session is : null [end]

[start] [DEBUG] [2026-07-10 15:19:01.045] [C010897_C010897CPA1] 
The request URI is : /BL6CEWeb/fonts/IBM_Plex_Sans/IBMPlexSans-Regular.ttf [end]

[start] [DEBUG] [2026-07-10 15:19:01.047] [C010897_C010897CPA1] 
The URI is :/BL6CEWeb/fonts/IBM_Plex_Sans/IBMPlexSans-Regular.ttf [end]

[start] [DEBUG] [2026-07-10 15:19:01.049] [C010897_C010897CPA1] 
The session refresh token in session is : null [end]

[start] [DEBUG] [2026-07-10 15:19:01.052] [C010897_C010897CPA1] 
====request content is: 
    Request Type: Temp
Component : DBHelper
Session Context is: 
com.cs.core.utility.SessionContext@9036f555
Request Info Type : com.cs.core.dao.exec.SQLDao
Request Info Content is: 
[01]SELECT C_INACTIVE FROM CEUSER.SEC_USER_INFO WHERE C_USER_ID = 'C010897CPA1' AND C_UNIT_CODE = 'C010897' 

 [end]

[start] [DEBUG] [2026-07-10 15:19:01.062] [C010897_C010897CPA1] 
====request content is: 
    Request Type: Temp
Component : DBHelper
Session Context is: 
com.cs.core.utility.SessionContext@9036f555
Request Info Type : com.cs.core.dao.exec.SQLDao
Request Info Content is: 
[01]SELECT C_IS_INFORM FROM CEUSER.SEC_LOGIN_SESSION WHERE C_SESSION_ID = 'WYWW1UVDLta9mhDyyoSw7fu' 

 [end]

[start] [DEBUG] [2026-07-10 15:19:01.065] [C010897_C010897CPA1] 

------------------ Session ID : WYWW1UVDLta9mhDyyoSw7fu --------------------

{com.ibm.websphere.servlet.uri_non_decoded,/BL6CEWeb/servlets/WSTrxManager}

{CHECKED_REFRESH,T}

{JSESSIONID,}

{javax.servlet.forward.query_string, 
CSRFTOKEN=8A8281XQ497q8C9IoF74y1ACCxAA0319F4yhBC0eKyKDHJS9d66AAbr02k3AbExw
_TRX_STATUS=SESSION_LIFE_CYCLE
MOTION_TYPE=INIT
REFRESH_TOKEN=1
AjaxPost=T
}
 [end]

[start] [DEBUG] [2026-07-10 15:19:01.085] [C010897_C010897CPA1] 
The request URI is : /BL6CEWeb/SPA/assets/app.config.json [end]

[start] [DEBUG] [2026-07-10 15:19:01.085] [C010897_C010897CPA1] 
====request content is: 
    Request Type: Temp
Component : DBHelper
Session Context is: 
com.cs.core.utility.SessionContext@628f5a17
Request Info Type : com.cs.core.dao.exec.SQLDao
Request Info Content is: 
[01]SELECT C_INACTIVE FROM CEUSER.SEC_USER_INFO WHERE C_USER_ID = 'C010897CPA1' AND C_UNIT_CODE = 'C010897' 

 [end]

[start] [DEBUG] [2026-07-10 15:19:01.086] [C010897_C010897CPA1] 
The URI is :/BL6CEWeb/SPA/assets/app.config.json [end]

[start] [DEBUG] [2026-07-10 15:19:01.088] [C010897_C010897CPA1] 
The session refresh token in session is : null [end]

[start] [DEBUG] [2026-07-10 15:19:01.089] [C010897_C010897CPA1] 
The request URI is : /BL6CEWeb/v1/openapi/mlg/component [end]

[start] [DEBUG] [2026-07-10 15:19:01.091] [C010897_C010897CPA1] 
The URI is :/BL6CEWeb/v1/openapi/mlg/component [end]

[start] [DEBUG] [2026-07-10 15:19:01.093] [C010897_C010897CPA1] 
The session refresh token in session is : null [end]

[start] [DEBUG] [2026-07-10 15:19:01.265] [C010897_C010897CPA1] 
====request content is: 
    Request Type: Temp
Component : DBHelper
Session Context is: 
com.cs.core.utility.SessionContext@71f0b955
Request Info Type : com.cs.core.dao.exec.SQLDao
Request Info Content is: 
[01]SELECT C_INACTIVE FROM CEUSER.SEC_USER_INFO WHERE C_USER_ID = 'C010897CPA1' AND C_UNIT_CODE = 'C010897' 

 [end]

[start] [DEBUG] [2026-07-10 15:19:01.267] [C010897_C010897CPA1] 
====request content is: 
    Request Type: Temp
Component : DBHelper
Session Context is: 
com.cs.core.utility.SessionContext@2b028c05
Request Info Type : com.cs.core.dao.exec.SQLDao
Request Info Content is: 
[01]SELECT C_INACTIVE FROM CEUSER.SEC_USER_INFO WHERE C_USER_ID = 'C010897CPA1' AND C_UNIT_CODE = 'C010897' 

 [end]

[start] [DEBUG] [2026-07-10 15:19:01.270] [C010897_C010897CPA1] 
The request URI is : /BL6CEWeb/v1/openapi/notice/item/count [end]

[start] [DEBUG] [2026-07-10 15:19:01.271] [C010897_C010897CPA1] 
====request content is: 
    Request Type: Temp
Component : DBHelper
Session Context is: 
com.cs.core.utility.SessionContext@d8e07395
Request Info Type : com.cs.core.dao.exec.SQLDao
Request Info Content is: 
[01]SELECT C_INACTIVE FROM CEUSER.SEC_USER_INFO WHERE C_USER_ID = 'C010897CPA1' AND C_UNIT_CODE = 'C010897' 

 [end]

[start] [DEBUG] [2026-07-10 15:19:01.272] [C010897_C010897CPA1] 
The URI is :/BL6CEWeb/v1/openapi/notice/item/count [end]

[start] [DEBUG] [2026-07-10 15:19:01.274] [C010897_C010897CPA1] 
The session refresh token in session is : null [end]

[start] [DEBUG] [2026-07-10 15:19:01.276] [C010897_C010897CPA1] 
The request URI is : /BL6CEWeb/v1/openapi/services [end]

[start] [DEBUG] [2026-07-10 15:19:01.277] [C010897_C010897CPA1] 
The URI is :/BL6CEWeb/v1/openapi/services [end]

[start] [DEBUG] [2026-07-10 15:19:01.278] [C010897_C010897CPA1] 
====request content is: 
    Request Type: Temp
Component : DBHelper
Session Context is: 
com.cs.core.utility.SessionContext@71f0b955
Request Info Type : com.cs.core.dao.exec.SQLDao
Request Info Content is: 
[01]SELECT COUNT(*) AS RECCOUNT FROM CETRX.STD_NOTIFICATION  WHERE C_NOTI_ID IN ( SELECT C_NOTI_ID FROM CETRX.STD_NOTIFICATION_STATUS  WHERE  C_READ_STATUS = 'F'  AND  C_USER_ID = 'C010897CPA1'  AND  C_UNIT_CODE = 'C010897'  )

 [end]

[start] [DEBUG] [2026-07-10 15:19:01.279] [C010897_C010897CPA1] 
The session refresh token in session is : null [end]

[start] [DEBUG] [2026-07-10 15:19:01.284] [C010897_C010897CPA1] 
====request content is: 
    Request Type: Temp
Component : DBHelper
Session Context is: 
com.cs.core.utility.SessionContext@d8e07395
Request Info Type : com.cs.core.dao.exec.SQLDao
Request Info Content is: 
[01]SELECT C_FUNC_ID,T_OP_TIME FROM CETRX.TRX_FAVOR_FUNC  WHERE  C_UNIT_CODE = 'C010897'  AND  C_USER_ID = 'C010897CPA1'  ORDER BY  T_OP_TIME DESC 

 [end]

[start] [DEBUG] [2026-07-10 15:19:01.285] [C010897_C010897CPA1] 
The request URI is : /BL6CEWeb/v1/openapi/user/roles [end]

[start] [DEBUG] [2026-07-10 15:19:01.287] [C010897_C010897CPA1] 
The URI is :/BL6CEWeb/v1/openapi/user/roles [end]

[start] [DEBUG] [2026-07-10 15:19:01.288] [C010897_C010897CPA1] 
The session refresh token in session is : null [end]

[start] [DEBUG] [2026-07-10 15:19:01.955] [C010897_C010897CPA1] 
====request content is: 
    Request Type: Temp
Component : DBHelper
Session Context is: 
com.cs.core.utility.SessionContext@ca9f1f8b
Request Info Type : com.cs.core.dao.exec.SQLDao
Request Info Content is: 
[01]SELECT C_INACTIVE FROM CEUSER.SEC_USER_INFO WHERE C_USER_ID = 'C010897CPA1' AND C_UNIT_CODE = 'C010897' 

 [end]

[start] [DEBUG] [2026-07-10 15:19:01.956] [C010897_C010897CPA1] 
====request content is: 
    Request Type: Temp
Component : DBHelper
Session Context is: 
com.cs.core.utility.SessionContext@4083fa0b
Request Info Type : com.cs.core.dao.exec.SQLDao
Request Info Content is: 
[01]SELECT C_INACTIVE FROM CEUSER.SEC_USER_INFO WHERE C_USER_ID = 'C010897CPA1' AND C_UNIT_CODE = 'C010897' 

 [end]

[start] [DEBUG] [2026-07-10 15:19:01.962] [C010897_C010897CPA1] 
The request URI is : /BL6CEWeb/v1/openapi/user/fap/action [end]

[start] [DEBUG] [2026-07-10 15:19:01.962] [C010897_C010897CPA1] 
====request content is: 
    Request Type: Temp
Component : DBHelper
Session Context is: 
com.cs.core.utility.SessionContext@e42663a9
Request Info Type : com.cs.core.dao.exec.SQLDao
Request Info Content is: 
[01]SELECT C_INACTIVE FROM CEUSER.SEC_USER_INFO WHERE C_USER_ID = 'C010897CPA1' AND C_UNIT_CODE = 'C010897' 

 [end]

[start] [DEBUG] [2026-07-10 15:19:01.964] [C010897_C010897CPA1] 
The URI is :/BL6CEWeb/v1/openapi/user/fap/action [end]

[start] [DEBUG] [2026-07-10 15:19:01.965] [C010897_C010897CPA1] 
The session refresh token in session is : null [end]

[start] [DEBUG] [2026-07-10 15:19:01.967] [C010897_C010897CPA1] 
The request URI is : /BL6CEWeb/v1/openapi/notification/bell [end]

[start] [DEBUG] [2026-07-10 15:19:01.969] [C010897_C010897CPA1] 
The URI is :/BL6CEWeb/v1/openapi/notification/bell [end]

[start] [DEBUG] [2026-07-10 15:19:01.969] [C010897_C010897CPA1] 
====request content is: 
    Request Type: Temp
Component : DBHelper
Session Context is: 
com.cs.core.utility.SessionContext@ca9f1f8b
Request Info Type : com.cs.core.dao.exec.SQLDao
Request Info Content is: 
[01]SELECT * FROM CEUSER.SEC_BUSINESS_UNIT WHERE C_UNIT_CODE = 'C010897' 

 [end]

[start] [DEBUG] [2026-07-10 15:19:01.970] [C010897_C010897CPA1] 
The session refresh token in session is : null [end]

[start] [DEBUG] [2026-07-10 15:19:01.976] [C010897_C010897CPA1] 
The request URI is : /BL6CEWeb/v1/openapi/widget/page/load [end]

[start] [DEBUG] [2026-07-10 15:19:01.978] [C010897_C010897CPA1] 
The URI is :/BL6CEWeb/v1/openapi/widget/page/load [end]

[start] [DEBUG] [2026-07-10 15:19:01.979] [C010897_C010897CPA1] 
The session refresh token in session is : null [end]

[start] [DEBUG] [2026-07-10 15:19:01.982] [C010897_C010897CPA1] 
====request content is: 
    Request Type: Temp
Component : DBHelper
Session Context is: 
com.cs.core.utility.SessionContext@ca9f1f8b
Request Info Type : com.cs.core.dao.exec.SQLDao
Request Info Content is: 
[01]SELECT C_AUTH_RULE FROM CEUSER.SEC_USER_INFO WHERE C_BK_GROUP_ID = 'CSBANK' AND C_UNIT_CODE = 'C010897' AND C_USER_ID = 'C010897CPA1' 

 [end]

[start] [DEBUG] [2026-07-10 15:19:01.984] [C010897_C010897CPA1] 
====request content is: 
    Request Type: Temp
Component : DBHelper
Session Context is: 
com.cs.core.utility.SessionContext@4083fa0b
Request Info Type : com.cs.core.dao.exec.SQLDao
Request Info Content is: 
[01]SELECT DISTINCT C_WIDGET_NAME FROM CEUSER.SEC_WIDGETS_V2_LIST  WHERE  C_IS_ACTIVE = 'Y'  AND  C_ROLE_NAME IN ('CHECKER')  ORDER BY  C_WIDGET_NAME 

 [end]

[start] [DEBUG] [2026-07-10 15:19:01.986] [C010897_C010897CPA1] 
====request content is: 
    Request Type: Temp
Component : DBHelper
Session Context is: 
com.cs.core.utility.SessionContext@ca9f1f8b
Request Info Type : com.cs.core.dao.exec.SQLDao
Request Info Content is: 
[01]SELECT C_AUTH_RULE FROM CEUSER.SEC_BUSINESS_UNIT WHERE C_BK_GROUP_ID = 'CSBANK' AND C_UNIT_CODE = 'C010897' 

 [end]

[start] [DEBUG] [2026-07-10 15:19:01.993] [C010897_C010897CPA1] 
====request content is: 
    Request Type: Temp
Component : DBHelper
Session Context is: 
com.cs.core.utility.SessionContext@4083fa0b
Request Info Type : com.cs.core.dao.exec.SQLDao
Request Info Content is: 
[01]SELECT TAB.C_TAB_ID,TAB.C_TAB_NAME,TAB.I_TAB_SEQUENCE FROM CEUSER.SEC_WIDGETS_V2_TABS TAB LEFT JOIN CEUSER.SEC_WIDGETS_V2_LAYOUT LYT ON (TAB.C_TAB_ID = LYT.C_TAB_ID AND  TAB.C_UNIT_CODE = LYT.C_UNIT_CODE AND TAB.C_USER_ID = LYT.C_USER_ID )    WHERE  TAB.C_UNIT_CODE = 'C010897'  AND  TAB.C_USER_ID = 'C010897CPA1'  AND  LYT.C_PAGE_NAME = 'default'  ORDER BY  TAB.I_TAB_SEQUENCE ASC 

 [end]

[start] [DEBUG] [2026-07-10 15:19:01.994] [C010897_C010897CPA1] 
====request content is: 
    Request Type: Temp
Component : DBHelper
Session Context is: 
com.cs.core.utility.SessionContext@299115f8
Request Info Type : com.cs.core.dao.exec.SQLDao
Request Info Content is: 
[01]SELECT C_INACTIVE FROM CEUSER.SEC_USER_INFO WHERE C_USER_ID = 'C010897CPA1' AND C_UNIT_CODE = 'C010897' 

 [end]

[start] [DEBUG] [2026-07-10 15:19:01.998] [C010897_C010897CPA1] 
The request URI is : /BL6CEWeb/v1/openapi/widget/list [end]

[start] [DEBUG] [2026-07-10 15:19:01.998] [C010897_C010897CPA1] 
Start to check whether user role is changed. [end]

[start] [DEBUG] [2026-07-10 15:19:01.999] [C010897_C010897CPA1] 
The URI is :/BL6CEWeb/v1/openapi/widget/list [end]

[start] [DEBUG] [2026-07-10 15:19:02.001] [C010897_C010897CPA1] 
The session refresh token in session is : null [end]

[start] [DEBUG] [2026-07-10 15:19:02.006] [C010897_C010897CPA1] 
====request content is: 
    Request Type: Temp
Component : DBHelper
Session Context is: 
com.cs.core.utility.SessionContext@299115f8
Request Info Type : com.cs.core.dao.exec.SQLDao
Request Info Content is: 
[01]SELECT DISTINCT C_WIDGET_NAME FROM CEUSER.SEC_WIDGETS_V2_LIST  WHERE  C_IS_ACTIVE = 'Y'  AND  C_ROLE_NAME IN ('CHECKER')  ORDER BY  C_WIDGET_NAME 

 [end]

[start] [DEBUG] [2026-07-10 15:19:02.036] [C010897_C010897CPA1] 
====request content is: 
    Request Type: Temp
Component : DBHelper
Session Context is: 
com.cs.core.utility.SessionContext@4083fa0b
Request Info Type : com.cs.core.dao.exec.SQLDao
Request Info Content is: 
[01]SELECT C_LAYOUT_INFO FROM CEUSER.SEC_WIDGETS_V2_LAYOUT  WHERE  C_UNIT_CODE = 'C010897'  AND  C_USER_ID = 'C010897CPA1'  AND  C_PAGE_NAME = 'default' 

 [end]

[start] [DEBUG] [2026-07-10 15:19:02.048] [C010897_C010897CPA1] 
Check whether user role is changed end. Result is: false [end]

[start] [DEBUG] [2026-07-10 15:19:02.049] [C010897_C010897CPA1] 
====request content is: 
    Request Type: Temp
Component : DBHelper
Session Context is: 
com.cs.core.utility.SessionContext@4083fa0b
Request Info Type : com.cs.core.dao.exec.SQLDao
Request Info Content is: 
[01]SELECT TAB.C_TAB_ID,TAB.C_TAB_NAME,TAB.I_TAB_SEQUENCE,LYT.C_LAYOUT_INFO FROM CEUSER.SEC_WIDGETS_V2_TABS TAB LEFT JOIN CEUSER.SEC_WIDGETS_V2_LAYOUT LYT ON (TAB.C_TAB_ID = LYT.C_TAB_ID AND  TAB.C_UNIT_CODE = LYT.C_UNIT_CODE AND TAB.C_USER_ID = LYT.C_USER_ID )    WHERE  TAB.C_UNIT_CODE = 'C010897'  AND  TAB.C_USER_ID = 'C010897CPA1'  AND  LYT.C_PAGE_NAME = 'default'  ORDER BY  TAB.I_TAB_SEQUENCE ASC 

 [end]

[start] [DEBUG] [2026-07-10 15:19:02.064] [C010897_C010897CPA1] 
====request content is: 
    Request Type: Temp
Component : DBHelper
Session Context is: 
com.cs.core.utility.SessionContext@4083fa0b
Request Info Type : com.cs.core.dao.exec.SQLDao
Request Info Content is: 
[01]SELECT C_INST_CONFIG FROM CEUSER.SEC_WIDGETS_V2_INST_CONFIG  WHERE  C_INST_ID = '8A8284979F4591D4019F46F20C1302BF'  AND  C_UNIT_CODE = 'C010897'  AND  C_USER_ID = 'C010897CPA1' 

 [end]

[start] [DEBUG] [2026-07-10 15:19:02.070] [C010897_C010897CPA1] 
====request content is: 
    Request Type: Temp
Component : DBHelper
Session Context is: 
com.cs.core.utility.SessionContext@4083fa0b
Request Info Type : com.cs.core.dao.exec.SQLDao
Request Info Content is: 
[01]SELECT C_INST_CONFIG FROM CEUSER.SEC_WIDGETS_V2_INST_CONFIG  WHERE  C_INST_ID = '8A8284979F4591D4019F46F20C1302BF'  AND  C_UNIT_CODE = 'C010897'  AND  C_USER_ID = 'C010897CPA1' 

 [end]

[start] [DEBUG] [2026-07-10 15:19:02.076] [C010897_C010897CPA1] 
====request content is: 
    Request Type: Temp
Component : DBHelper
Session Context is: 
com.cs.core.utility.SessionContext@4083fa0b
Request Info Type : com.cs.core.dao.exec.SQLDao
Request Info Content is: 
[01]SELECT C_INST_CONFIG FROM CEUSER.SEC_WIDGETS_V2_INST_CONFIG  WHERE  C_INST_ID = '8A8284979F4591D4019F46F20C2602C2'  AND  C_UNIT_CODE = 'C010897'  AND  C_USER_ID = 'C010897CPA1' 

 [end]

[start] [DEBUG] [2026-07-10 15:19:02.080] [C010897_C010897CPA1] 
====request content is: 
    Request Type: Temp
Component : DBHelper
Session Context is: 
com.cs.core.utility.SessionContext@4083fa0b
Request Info Type : com.cs.core.dao.exec.SQLDao
Request Info Content is: 
[01]SELECT C_INST_CONFIG FROM CEUSER.SEC_WIDGETS_V2_INST_CONFIG  WHERE  C_INST_ID = '8A8284979F4591D4019F46F20C2602C2'  AND  C_UNIT_CODE = 'C010897'  AND  C_USER_ID = 'C010897CPA1' 

 [end]

[start] [DEBUG] [2026-07-10 15:19:02.085] [C010897_C010897CPA1] 
====request content is: 
    Request Type: Temp
Component : DBHelper
Session Context is: 
com.cs.core.utility.SessionContext@4083fa0b
Request Info Type : com.cs.core.dao.exec.SQLDao
Request Info Content is: 
[01]SELECT C_INST_CONFIG FROM CEUSER.SEC_WIDGETS_V2_INST_CONFIG  WHERE  C_INST_ID = '8A8284979F4591D4019F46F20C1C02C0'  AND  C_UNIT_CODE = 'C010897'  AND  C_USER_ID = 'C010897CPA1' 

 [end]

[start] [DEBUG] [2026-07-10 15:19:02.088] [C010897_C010897CPA1] 
====request content is: 
    Request Type: Temp
Component : DBHelper
Session Context is: 
com.cs.core.utility.SessionContext@4083fa0b
Request Info Type : com.cs.core.dao.exec.SQLDao
Request Info Content is: 
[01]SELECT C_INST_CONFIG FROM CEUSER.SEC_WIDGETS_V2_INST_CONFIG  WHERE  C_INST_ID = '8A8284979F4591D4019F46F20C1C02C0'  AND  C_UNIT_CODE = 'C010897'  AND  C_USER_ID = 'C010897CPA1' 

 [end]

[start] [DEBUG] [2026-07-10 15:19:02.094] [C010897_C010897CPA1] 
====request content is: 
    Request Type: Temp
Component : DBHelper
Session Context is: 
com.cs.core.utility.SessionContext@4083fa0b
Request Info Type : com.cs.core.dao.exec.SQLDao
Request Info Content is: 
[01]SELECT C_INST_CONFIG FROM CEUSER.SEC_WIDGETS_V2_INST_CONFIG  WHERE  C_INST_ID = '8A8284979F4591D4019F46F20C2C02C3'  AND  C_UNIT_CODE = 'C010897'  AND  C_USER_ID = 'C010897CPA1' 

 [end]

[start] [DEBUG] [2026-07-10 15:19:02.098] [C010897_C010897CPA1] 
====request content is: 
    Request Type: Temp
Component : DBHelper
Session Context is: 
com.cs.core.utility.SessionContext@4083fa0b
Request Info Type : com.cs.core.dao.exec.SQLDao
Request Info Content is: 
[01]SELECT C_INST_CONFIG FROM CEUSER.SEC_WIDGETS_V2_INST_CONFIG  WHERE  C_INST_ID = '8A8284979F4591D4019F46F20C2C02C3'  AND  C_UNIT_CODE = 'C010897'  AND  C_USER_ID = 'C010897CPA1' 

 [end]

[start] [DEBUG] [2026-07-10 15:19:02.102] [C010897_C010897CPA1] 
====request content is: 
    Request Type: Temp
Component : DBHelper
Session Context is: 
com.cs.core.utility.SessionContext@4083fa0b
Request Info Type : com.cs.core.dao.exec.SQLDao
Request Info Content is: 
[01]SELECT C_INST_CONFIG FROM CEUSER.SEC_WIDGETS_V2_INST_CONFIG  WHERE  C_INST_ID = '8A8284979F4591D4019F46F20C2202C1'  AND  C_UNIT_CODE = 'C010897'  AND  C_USER_ID = 'C010897CPA1' 

 [end]

[start] [DEBUG] [2026-07-10 15:19:02.105] [C010897_C010897CPA1] 
====request content is: 
    Request Type: Temp
Component : DBHelper
Session Context is: 
com.cs.core.utility.SessionContext@4083fa0b
Request Info Type : com.cs.core.dao.exec.SQLDao
Request Info Content is: 
[01]SELECT C_INST_CONFIG FROM CEUSER.SEC_WIDGETS_V2_INST_CONFIG  WHERE  C_INST_ID = '8A8284979F4591D4019F46F20C2202C1'  AND  C_UNIT_CODE = 'C010897'  AND  C_USER_ID = 'C010897CPA1' 

 [end]

[start] [DEBUG] [2026-07-10 15:19:02.385] [C010897_C010897CPA1] 
====request content is: 
    Request Type: Temp
Component : DBHelper
Session Context is: 
com.cs.core.utility.SessionContext@f9183d0b
Request Info Type : com.cs.core.dao.exec.SQLDao
Request Info Content is: 
[01]SELECT C_INACTIVE FROM CEUSER.SEC_USER_INFO WHERE C_USER_ID = 'C010897CPA1' AND C_UNIT_CODE = 'C010897' 

 [end]

[start] [DEBUG] [2026-07-10 15:19:02.388] [C010897_C010897CPA1] 
The request URI is : /BL6CEWeb/v1/openapi/user/roles [end]

[start] [DEBUG] [2026-07-10 15:19:02.388] [C010897_C010897CPA1] 
The URI is :/BL6CEWeb/v1/openapi/user/roles [end]

[start] [DEBUG] [2026-07-10 15:19:02.389] [C010897_C010897CPA1] 
The session refresh token in session is : null [end]

[start] [DEBUG] [2026-07-10 15:19:02.405] [C010897_C010897CPA1] 
====request content is: 
    Request Type: Temp
Component : DBHelper
Session Context is: 
com.cs.core.utility.SessionContext@8bc32ab8
Request Info Type : com.cs.core.dao.exec.SQLDao
Request Info Content is: 
[01]SELECT C_INACTIVE FROM CEUSER.SEC_USER_INFO WHERE C_USER_ID = 'C010897CPA1' AND C_UNIT_CODE = 'C010897' 

 [end]

[start] [DEBUG] [2026-07-10 15:19:02.406] [C010897_C010897CPA1] 
====request content is: 
    Request Type: Temp
Component : DBHelper
Session Context is: 
com.cs.core.utility.SessionContext@55e96e02
Request Info Type : com.cs.core.dao.exec.SQLDao
Request Info Content is: 
[01]SELECT C_INACTIVE FROM CEUSER.SEC_USER_INFO WHERE C_USER_ID = 'C010897CPA1' AND C_UNIT_CODE = 'C010897' 

 [end]

[start] [DEBUG] [2026-07-10 15:19:02.412] [C010897_C010897CPA1] 
The request URI is : /BL6CEWeb/v1/openapi/mainmenu [end]

[start] [DEBUG] [2026-07-10 15:19:02.413] [C010897_C010897CPA1] 
The request URI is : /BL6CEWeb/v1/openapi/widget/favourites/inquire [end]

[start] [DEBUG] [2026-07-10 15:19:02.415] [C010897_C010897CPA1] 
The URI is :/BL6CEWeb/v1/openapi/mainmenu [end]

[start] [DEBUG] [2026-07-10 15:19:02.415] [C010897_C010897CPA1] 
The URI is :/BL6CEWeb/v1/openapi/widget/favourites/inquire [end]

[start] [DEBUG] [2026-07-10 15:19:02.417] [C010897_C010897CPA1] 
The session refresh token in session is : null [end]

[start] [DEBUG] [2026-07-10 15:19:02.418] [C010897_C010897CPA1] 
The session refresh token in session is : null [end]

[start] [DEBUG] [2026-07-10 15:19:02.422] [C010897_C010897CPA1] 
====request content is: 
    Request Type: Temp
Component : DBHelper
Session Context is: 
com.cs.core.utility.SessionContext@b0b27b7
Request Info Type : com.cs.core.dao.exec.SQLDao
Request Info Content is: 
[01]SELECT C_INACTIVE FROM CEUSER.SEC_USER_INFO WHERE C_USER_ID = 'C010897CPA1' AND C_UNIT_CODE = 'C010897' 

 [end]

[start] [DEBUG] [2026-07-10 15:19:02.428] [C010897_C010897CPA1] 
The request URI is : /BL6CEWeb/v1/openapi/widget/recentfunctions/view [end]

[start] [DEBUG] [2026-07-10 15:19:02.430] [C010897_C010897CPA1] 
The URI is :/BL6CEWeb/v1/openapi/widget/recentfunctions/view [end]

[start] [DEBUG] [2026-07-10 15:19:02.432] [C010897_C010897CPA1] 
====request content is: 
    Request Type: Temp
Component : DBHelper
Session Context is: 
com.cs.core.utility.SessionContext@55e96e02
Request Info Type : com.cs.core.dao.exec.SQLDao
Request Info Content is: 
[01]SELECT C_FUNC_ID,T_OP_TIME FROM CETRX.TRX_FAVOR_FUNC  WHERE  C_UNIT_CODE = 'C010897'  AND  C_USER_ID = 'C010897CPA1'  ORDER BY  T_OP_TIME DESC 

 [end]

[start] [DEBUG] [2026-07-10 15:19:02.451] [C010897_C010897CPA1] 
The session refresh token in session is : null [end]

[start] [DEBUG] [2026-07-10 15:19:02.458] [C010897_C010897CPA1] 
====request content is: 
    Request Type: Temp
Component : DBHelper
Session Context is: 
com.cs.core.utility.SessionContext@8082f433
Request Info Type : com.cs.core.dao.exec.SQLDao
Request Info Content is: 
[01]SELECT C_INACTIVE FROM CEUSER.SEC_USER_INFO WHERE C_USER_ID = 'C010897CPA1' AND C_UNIT_CODE = 'C010897' 

 [end]

[start] [DEBUG] [2026-07-10 15:19:02.462] [C010897_C010897CPA1] 
The request URI is : /BL6CEWeb/v1/openapi/reports/list [end]

[start] [DEBUG] [2026-07-10 15:19:02.465] [C010897_C010897CPA1] 
====request content is: 
    Request Type: Temp
Component : DBHelper
Session Context is: 
com.cs.core.utility.SessionContext@8befe610
Request Info Type : com.cs.core.dao.exec.SQLDao
Request Info Content is: 
[01]SELECT C_INACTIVE FROM CEUSER.SEC_USER_INFO WHERE C_USER_ID = 'C010897CPA1' AND C_UNIT_CODE = 'C010897' 

 [end]

[start] [DEBUG] [2026-07-10 15:19:02.469] [C010897_C010897CPA1] 
The request URI is : /BL6CEWeb/v1/openapi/ctaction/count [end]

[start] [DEBUG] [2026-07-10 15:19:02.470] [C010897_C010897CPA1] 
The URI is :/BL6CEWeb/v1/openapi/ctaction/count [end]

[start] [DEBUG] [2026-07-10 15:19:02.471] [C010897_C010897CPA1] 
The session refresh token in session is : null [end]

[start] [DEBUG] [2026-07-10 15:19:02.474] [C010897_C010897CPA1] 
The URI is :/BL6CEWeb/v1/openapi/reports/list [end]

[start] [DEBUG] [2026-07-10 15:19:02.477] [C010897_C010897CPA1] 
The session refresh token in session is : null [end]

[start] [DEBUG] [2026-07-10 15:19:02.478] [C010897_C010897CPA1] 
Action target is :F05030701228 [end]

[start] [DEBUG] [2026-07-10 15:19:02.480] [C010897_C010897CPA1] 
Action type is :function [end]

[start] [DEBUG] [2026-07-10 15:19:02.480] [C010897_C010897CPA1] 
Access the endPoint '/reports/list'.
The request body is :{"data":{"type":"Pinned"}} [end]

[start] [DEBUG] [2026-07-10 15:19:02.482] [C010897_C010897CPA1] 
====request content is: 
    Request Type: Temp
Component : DBHelper
Session Context is: 
com.cs.core.utility.SessionContext@8082f433
Request Info Type : com.cs.core.dao.exec.SQLDao
Request Info Content is: 
[01]SELECT A.C_REPORT_ID,A.C_GRP_CODE,A.C_USER_ID,A.T_PIN_DATE,B.C_SOURCE_REPORT,B.C_REPORT_NAME,B.T_UPDATE_DATE,C.C_USER_DESC FROM CETRX.TRX_USER_REPORT_PIN A LEFT JOIN CETRX.TRX_USER_REPORT B ON A.C_REPORT_ID = B.C_REPORT_ID  LEFT JOIN CEUSER.SEC_USER_INFO C ON A.C_GRP_CODE = C.C_UNIT_CODE AND A.C_USER_ID = C.C_USER_ID  WHERE  A.C_GRP_CODE = 'C010897'  AND  A.C_USER_ID = 'C010897CPA1'  ORDER BY B.T_UPDATE_DATE DESC

 [end]

[start] [DEBUG] [2026-07-10 15:19:02.491] [C010897_C010897CPA1] 
====request content is: 
    Request Type: Temp
Component : DBHelper
Session Context is: 
com.cs.core.utility.SessionContext@b0b27b7
Request Info Type : com.cs.core.dao.exec.SQLDao
Request Info Content is: 
[01]SELECT C_IS_ACTIVE FROM CEUSER.SEC_WIDGETS_V2_LIST  WHERE  C_WIDGET_NAME = 'ShortcutMenu'  AND  C_ROLE_NAME IN ('CHECKER') 

 [end]

[start] [DEBUG] [2026-07-10 15:19:02.494] [C010897_C010897CPA1] 
Action target is :Party [end]

[start] [DEBUG] [2026-07-10 15:19:02.495] [C010897_C010897CPA1] 
Action type is :catalog [end]

[start] [DEBUG] [2026-07-10 15:19:02.495] [C010897_C010897CPA1] 
====request content is: 
    Request Type: Temp
Component : DBHelper
Session Context is: 
com.cs.core.utility.SessionContext@b0b27b7
Request Info Type : com.cs.core.dao.exec.SQLDao
Request Info Content is: 
[01]SELECT C_FUNC_ID,C_MODULE FROM CETRX.TRX_ACT_LOG WHERE C_FUNC_ID IS NOT NULL AND C_UNIT_CODE = 'C010897' AND C_USER_ID = 'C010897CPA1' AND D_SYS_OP_DATE BETWEEN TO_DATE('2026-06-10','yyyy-MM-dd') AND TO_DATE('2026-07-10','yyyy-MM-dd') ORDER BY D_SYS_OP_DATE DESC,T_SYS_OP_TIME DESC

 [end]

[start] [DEBUG] [2026-07-10 15:19:02.498] [C010897_C010897CPA1] 
Action target is :Clause [end]

[start] [DEBUG] [2026-07-10 15:19:02.499] [C010897_C010897CPA1] 
Action type is :catalog [end]

[start] [DEBUG] [2026-07-10 15:19:02.502] [C010897_C010897CPA1] 
Action target is :AccountMaintain [end]

[start] [DEBUG] [2026-07-10 15:19:02.504] [C010897_C010897CPA1] 
Action type is :catalog [end]

[start] [DEBUG] [2026-07-10 15:19:02.507] [C010897_C010897CPA1] 
Action target is :EmailGroup [end]

[start] [DEBUG] [2026-07-10 15:19:02.508] [C010897_C010897CPA1] 
Action type is :catalog [end]

[start] [DEBUG] [2026-07-10 15:19:02.512] [C010897_C010897CPA1] 
Action target is :F05030701115 [end]

[start] [DEBUG] [2026-07-10 15:19:02.514] [C010897_C010897CPA1] 
Action type is :function [end]

[start] [DEBUG] [2026-07-10 15:19:02.517] [C010897_C010897CPA1] 
Action target is :Label [end]

[start] [DEBUG] [2026-07-10 15:19:02.518] [C010897_C010897CPA1] 
Action type is :catalog [end]

[start] [DEBUG] [2026-07-10 15:19:02.525] [C010897_C010897CPA1] 
====request content is: 
    Request Type: Temp
Component : DBHelper
Session Context is: 
com.cs.core.utility.SessionContext@add352cd
Request Info Type : com.cs.core.dao.exec.SQLDao
Request Info Content is: 
[01]SELECT C_INACTIVE FROM CEUSER.SEC_USER_INFO WHERE C_USER_ID = 'C010897CPA1' AND C_UNIT_CODE = 'C010897' 

 [end]

[start] [DEBUG] [2026-07-10 15:19:02.529] [C010897_C010897CPA1] 
The request URI is : /BL6CEWeb/v1/openapi/calendar-event/event-list [end]

[start] [DEBUG] [2026-07-10 15:19:02.530] [C010897_C010897CPA1] 
The URI is :/BL6CEWeb/v1/openapi/calendar-event/event-list [end]

[start] [DEBUG] [2026-07-10 15:19:02.531] [C010897_C010897CPA1] 
The session refresh token in session is : null [end]

[start] [DEBUG] [2026-07-10 15:19:02.540] [C010897_C010897CPA1] 
The Catalog Object SQL is :SELECT T1.C_BK_GROUP_ID, T1.C_MAIN_REF, T1.C_TRX_REF, T1.C_UNIT_CODE, T1.PARENT_MAIN_REF, T1.C_TRX_STATUS, T1.CURRNT_STATUS, T1.C2A_STATUS, T1.I_EVENT_TIMES, T1.C_MODULE, T1.C_FUNC_ID, T1.C_PRODUCT_ID, T1.C_TRX_ID, T3.C_LOCKED_FLAG, T3.C_LOCKED_OP, T3.C_USER_DESC, T1.D_SYS_OP_DATE, T1.T_SYS_OP_TIME, T1.C2A_CCY, T1.C2A_AMOUNT, T1.C2A_COUNTERPARTY FROM CETRX.TRX_INBOX T1 LEFT JOIN CETRX.TRX_LOCK_INFO T3 ON T1.C_MAIN_REF = T3.C_MAIN_REF AND T1.C_UNIT_CODE = T3.C_UNIT_CODE WHERE (T1.C_TRX_STATUS IN ('P', 'T', 'A', 'S', 'R') AND (T1.C_MODULE = 'IMLC' OR T1.C_MODULE = 'EXLC' OR T1.C_MODULE = 'FAEF' OR T1.C_MODULE = 'FADA' OR T1.C_MODULE = 'ABLF') AND T1.C2A_STATUS NOT IN ('Discrepancies rejected_fully authorized') OR T1.C_TRX_STATUS = 'M' AND (T1.C_MODULE = 'IMLC' AND T1.C2A_STATUS NOT IN ('Issued', 'Amended', 'Beneficiary rejected', 'Settled') OR T1.C_MODULE = 'EXCO' AND T1.CURRNT_STATUS NOT IN ('Payment Advice') OR T1.C_MODULE = 'EXLC' AND T1.CURRNT_STATUS NOT IN ('Settled', 'Advise Received', 'Amendment Received', 'Docment Received') OR T1.C_MODULE = 'FAEF' AND T1.CURRNT_STATUS NOT IN ('Settled', 'Advise Received') OR T1.C_MODULE = 'FADA' AND T1.CURRNT_STATUS NOT IN ('Settled', 'Advise Received') OR T1.C_MODULE = 'ABLF' AND T1.CURRNT_STATUS NOT IN ('Settled', 'Advise Received'))) AND T1.C_TRX_ID NOT IN (SELECT C_TRX_ID FROM CETRX.TRX_USER_DISMISS WHERE C_USER_ID = ? AND C_GRP_CODE = ?) AND (T1.C_MODULE = 'IMLC' OR T1.C_MODULE = 'EXLC' OR T1.C_MODULE = 'FAEF' OR T1.C_MODULE = 'FADA' OR T1.C_MODULE = 'ABLF') ORDER BY T1.D_SYS_OP_DATE DESC, T1.T_SYS_OP_TIME DESC [end]

[start] [DEBUG] [2026-07-10 15:19:02.544] [C010897_C010897CPA1] 
====request content is: 
    Request Type: Temp
Component : DBHelper
Session Context is: 
com.cs.core.utility.SessionContext@8befe610
Request Info Type : com.cs.core.dao.exec.SQLDao
Request Info Content is: 
[01]SELECT COUNT(*) FROM CETRX.TRX_INBOX T1 LEFT JOIN CETRX.TRX_LOCK_INFO T3 ON T1.C_MAIN_REF = T3.C_MAIN_REF AND T1.C_UNIT_CODE = T3.C_UNIT_CODE WHERE   T1.C_BK_GROUP_ID = 'CSBANK'  AND (( T1.C_UNIT_CODE = 'C010897'  AND  T1.C_PRODUCT_ID IN ('FHS0YffwVNuA','P19080800001','P19080800002','epF3a6u4ZGAt') )) AND (T1.C_TRX_STATUS IN ('P', 'T', 'A', 'S', 'R') AND (T1.C_MODULE = 'IMLC' OR T1.C_MODULE = 'EXLC' OR T1.C_MODULE = 'FAEF' OR T1.C_MODULE = 'FADA' OR T1.C_MODULE = 'ABLF') AND T1.C2A_STATUS NOT IN ('Discrepancies rejected_fully authorized') OR T1.C_TRX_STATUS = 'M' AND (T1.C_MODULE = 'IMLC' AND T1.C2A_STATUS NOT IN ('Issued', 'Amended', 'Beneficiary rejected', 'Settled') OR T1.C_MODULE = 'EXCO' AND T1.CURRNT_STATUS NOT IN ('Payment Advice') OR T1.C_MODULE = 'EXLC' AND T1.CURRNT_STATUS NOT IN ('Settled', 'Advise Received', 'Amendment Received', 'Docment Received') OR T1.C_MODULE = 'FAEF' AND T1.CURRNT_STATUS NOT IN ('Settled', 'Advise Received') OR T1.C_MODULE = 'FADA' AND T1.CURRNT_STATUS NOT IN ('Settled', 'Advise Received') OR T1.C_MODULE = 'ABLF' AND T1.CURRNT_STATUS NOT IN ('Settled', 'Advise Received'))) AND T1.C_TRX_ID NOT IN (SELECT C_TRX_ID FROM CETRX.TRX_USER_DISMISS WHERE C_USER_ID = 'C010897CPA1' AND C_GRP_CODE = 'C010897') AND (T1.C_MODULE = 'IMLC' OR T1.C_MODULE = 'EXLC' OR T1.C_MODULE = 'FAEF' OR T1.C_MODULE = 'FADA' OR T1.C_MODULE = 'ABLF')

 [end]

[start] [ERROR] [2026-07-10 15:19:02.541] [C010897_C010897CPA1] 
{{W}}[000334]Access is not allowed. Please contact the product support team. [end]

[start] [ERROR] [2026-07-10 15:19:02.553] [C010897_C010897CPA1] 
{{W}}[000334]Access is not allowed. Please contact the product support team. [end]

[start] [DEBUG] [2026-07-10 15:19:02.555] [C010897_C010897CPA1] 
The Catalog Object SQL is :SELECT T1.C_BK_GROUP_ID, T1.C_MAIN_REF, T1.C_TRX_REF, T1.C_UNIT_CODE, T1.PARENT_MAIN_REF, T1.C_TRX_STATUS, T1.CURRNT_STATUS, (CASE WHEN T1.C_MODULE = 'FADA' OR T1.C_MODULE = 'FAEF' THEN T1.C_TRX_STATUS ELSE T1.C2A_STATUS END) C2A_STATUS, T1.I_EVENT_TIMES, T1.C_MODULE, T1.C_FUNC_ID, T1.C_PRODUCT_ID, T1.C_TRX_ID, T3.C_LOCKED_FLAG, T3.C_LOCKED_OP, T3.C_USER_DESC, T1.D_SYS_OP_DATE, T1.T_SYS_OP_TIME, T1.C2A_CCY, T1.C2A_AMOUNT, T1.C2A_COUNTERPARTY FROM CETRX.TRX_INBOX T1 LEFT JOIN CETRX.TRX_LOCK_INFO T3 ON T1.C_MAIN_REF = T3.C_MAIN_REF AND T1.C_UNIT_CODE = T3.C_UNIT_CODE WHERE (T1.C2A_STATUS IN ('Issued', 'Amended', 'Beneficiary rejected', 'Discrepancies rejected_fully authorized', 'Settled') AND T1.C_MODULE = 'IMLC' OR T1.CURRNT_STATUS IN ('Issued', 'Amended', 'Detrimental Amendment', 'Beneficiary Consent', 'Beneficiary Rejected', 'Document Presentation', 'Document Presentation', 'Settlement', 'Settled') AND T1.C_MODULE = 'EXCO' OR T1.C2A_STATUS IN ('Settled', 'Amendment_fully authorized', '') AND T1.C_MODULE = 'EXLC' OR T1.C_FUNC_ID IN ('F05030700899', 'F05030700901', 'F05030700908') AND T1.C2A_STATUS = 'Fully authorized' AND T1.C_MODULE = 'EXLC' OR T1.C_MODULE = 'FADA' OR T1.C_MODULE = 'FAEF') AND T1.C_TRX_STATUS IN ('M', 'A', 'S') AND T1.C_TRX_ID NOT IN (SELECT C_TRX_ID FROM CETRX.TRX_USER_DISMISS WHERE C_USER_ID = ? AND C_GRP_CODE = ?) AND (T1.C_MODULE = 'IMLC' OR T1.C_MODULE = 'EXLC' OR T1.C_MODULE = 'FADA' OR T1.C_MODULE = 'FAEF') ORDER BY T1.D_SYS_OP_DATE DESC, T1.T_SYS_OP_TIME DESC, T1.PARENT_MAIN_REF DESC [end]

[start] [ERROR] [2026-07-10 15:19:02.562] [C010897_C010897CPA1] 
{{W}}[000334]Access is not allowed. Please contact the product support team. [end]

[start] [DEBUG] [2026-07-10 15:19:02.563] [C010897_C010897CPA1] 
====request content is: 
    Request Type: Temp
Component : DBHelper
Session Context is: 
com.cs.core.utility.SessionContext@8befe610
Request Info Type : com.cs.core.dao.exec.SQLDao
Request Info Content is: 
[01]SELECT COUNT(*) FROM CETRX.TRX_INBOX T1 LEFT JOIN CETRX.TRX_LOCK_INFO T3 ON T1.C_MAIN_REF = T3.C_MAIN_REF AND T1.C_UNIT_CODE = T3.C_UNIT_CODE WHERE   T1.C_BK_GROUP_ID = 'CSBANK'  AND (( T1.C_UNIT_CODE = 'C010897'  AND  T1.C_PRODUCT_ID IN ('FHS0YffwVNuA','P19080800001','P19080800002','epF3a6u4ZGAt') )) AND (T1.C2A_STATUS IN ('Issued', 'Amended', 'Beneficiary rejected', 'Discrepancies rejected_fully authorized', 'Settled') AND T1.C_MODULE = 'IMLC' OR T1.CURRNT_STATUS IN ('Issued', 'Amended', 'Detrimental Amendment', 'Beneficiary Consent', 'Beneficiary Rejected', 'Document Presentation', 'Document Presentation', 'Settlement', 'Settled') AND T1.C_MODULE = 'EXCO' OR T1.C2A_STATUS IN ('Settled', 'Amendment_fully authorized', '') AND T1.C_MODULE = 'EXLC' OR T1.C_FUNC_ID IN ('F05030700899', 'F05030700901', 'F05030700908') AND T1.C2A_STATUS = 'Fully authorized' AND T1.C_MODULE = 'EXLC' OR T1.C_MODULE = 'FADA' OR T1.C_MODULE = 'FAEF') AND T1.C_TRX_STATUS IN ('M', 'A', 'S') AND T1.C_TRX_ID NOT IN (SELECT C_TRX_ID FROM CETRX.TRX_USER_DISMISS WHERE C_USER_ID = 'C010897CPA1' AND C_GRP_CODE = 'C010897') AND (T1.C_MODULE = 'IMLC' OR T1.C_MODULE = 'EXLC' OR T1.C_MODULE = 'FADA' OR T1.C_MODULE = 'FAEF')

 [end]

[start] [DEBUG] [2026-07-10 15:19:02.563] [C010897_C010897CPA1] 
====request content is: 
    Request Type: Temp
Component : DBHelper
Session Context is: 
com.cs.core.utility.SessionContext@add352cd
Request Info Type : com.cs.core.dao.exec.SQLDao
Request Info Content is: 
[01]SELECT FA_DOC_DUE_DT AS GROUP_DATE, COUNT(*) AS ASCOUNT FROM (SELECT C_PRODUCT_ID, C_MAIN_REF, C_CUST_ID, C_TRX_REF, I_EVENT_TIMES, C_BK_GROUP_ID, C_UNIT_CODE, FA_SEL_NM, FA_BUYER_NM, FA_DOC_CCY, FA_DOC_AMT, AUTH_AMT, AUTH_CCY, PARENT_MAIN_REF, FA_DOC_DT, FA_DOC_DUE_DT, CURRNT_STATUS, C_TRX_STATUS, D_CREA_DATE, D_RELE_DATE, C_FUNC_ID, C_EVENT_NAME, C_EVENT_STATUS, C_NOW_EVENT, C_LOCKED_FLAG, C_LOCKED_OP, C_RELE_BY FROM CETRX.FAEF_EM_INV WHERE   C_BK_GROUP_ID = 'CSBANK'  AND (( C_UNIT_CODE = 'C010897'  AND  C_PRODUCT_ID = 'P19080800001' )) AND C_TRX_STATUS IN ('P', 'A', 'T', 'R', 'M') AND FA_DOC_DUE_DT >= TO_DATE('2026-01-01', 'YYYY-MM-DD') AND FA_DOC_DUE_DT <= TO_DATE('2026-12-31', 'YYYY-MM-DD') ) TEMP_TABLE GROUP BY FA_DOC_DUE_DT

 [end]

[start] [DEBUG] [2026-07-10 15:19:02.574] [C010897_C010897CPA1] 
====request content is: 
    Request Type: Temp
Component : DBHelper
Session Context is: 
com.cs.core.utility.SessionContext@c5d8b90a
Request Info Type : com.cs.core.dao.exec.SQLDao
Request Info Content is: 
[01]SELECT C_INACTIVE FROM CEUSER.SEC_USER_INFO WHERE C_USER_ID = 'C010897CPA1' AND C_UNIT_CODE = 'C010897' 

 [end]

[start] [DEBUG] [2026-07-10 15:19:02.578] [C010897_C010897CPA1] 
The request URI is : /BL6CEWeb/v1/openapi/catalog/combo/meta [end]

[start] [DEBUG] [2026-07-10 15:19:02.579] [C010897_C010897CPA1] 
The URI is :/BL6CEWeb/v1/openapi/catalog/combo/meta [end]

[start] [DEBUG] [2026-07-10 15:19:02.580] [C010897_C010897CPA1] 
The session refresh token in session is : null [end]

[start] [DEBUG] [2026-07-10 15:19:02.584] [C010897_C010897CPA1] 
====request content is: 
    Request Type: Temp
Component : DBHelper
Session Context is: 
com.cs.core.utility.SessionContext@c5d8b90a
Request Info Type : com.cs.core.dao.exec.SQLDao
Request Info Content is: 
[01]SELECT C_CRITERIA_DATA,C_TMPL_NAME,C_IS_DEFAULT FROM CETRX.STD_SEARCH_CRITERIA  WHERE  C_UNIT_CODE = 'C010897'  AND  C_USER_ID = 'C010897CPA1'  AND  C_CATA_ID = 'C2A_PendingApproval'  AND  C_BK_GROUP_ID = 'CSBANK'  AND  I_CRITERIA_TYPE = 4 

 [end]

[start] [DEBUG] [2026-07-10 15:19:02.587] [C010897_C010897CPA1] 
The option type "distinctRecord" is only used to show the dropdown list not for format [end]

[start] [ERROR] [2026-07-10 15:19:02.589] [C010897_C010897CPA1] 
Can not find product ID  in parameter products.xml [end]

[start] [ERROR] [2026-07-10 15:19:02.589] [C010897_C010897CPA1] 
Can not find product ID  in parameter products.xml [end]

[start] [ERROR] [2026-07-10 15:19:02.590] [C010897_C010897CPA1] 
Can not find product ID  in parameter products.xml [end]

[start] [ERROR] [2026-07-10 15:19:02.591] [C010897_C010897CPA1] 
Can not find product ID  in parameter products.xml [end]

[start] [ERROR] [2026-07-10 15:19:02.592] [C010897_C010897CPA1] 
Can not find product ID  in parameter products.xml [end]

[start] [ERROR] [2026-07-10 15:19:02.593] [C010897_C010897CPA1] 
Can not find product ID  in parameter products.xml [end]

[start] [ERROR] [2026-07-10 15:19:02.594] [C010897_C010897CPA1] 
Can not find product ID  in parameter products.xml [end]

[start] [ERROR] [2026-07-10 15:19:02.595] [C010897_C010897CPA1] 
Can not find product ID  in parameter products.xml [end]

[start] [ERROR] [2026-07-10 15:19:02.595] [C010897_C010897CPA1] 
Can not find product ID  in parameter products.xml [end]

[start] [ERROR] [2026-07-10 15:19:02.596] [C010897_C010897CPA1] 
Can not find product ID  in parameter products.xml [end]

[start] [ERROR] [2026-07-10 15:19:02.597] [C010897_C010897CPA1] 
Can not find product ID  in parameter products.xml [end]

[start] [ERROR] [2026-07-10 15:19:02.599] [C010897_C010897CPA1] 
Can not find product ID  in parameter products.xml [end]

[start] [ERROR] [2026-07-10 15:19:02.600] [C010897_C010897CPA1] 
Can not find product ID  in parameter products.xml [end]

[start] [ERROR] [2026-07-10 15:19:02.601] [C010897_C010897CPA1] 
Can not find product ID  in parameter products.xml [end]

[start] [ERROR] [2026-07-10 15:19:02.602] [C010897_C010897CPA1] 
Can not find product ID  in parameter products.xml [end]

[start] [ERROR] [2026-07-10 15:19:02.603] [C010897_C010897CPA1] 
Can not find product ID  in parameter products.xml [end]

[start] [ERROR] [2026-07-10 15:19:02.605] [C010897_C010897CPA1] 
Can not find product ID  in parameter products.xml [end]

[start] [ERROR] [2026-07-10 15:19:02.606] [C010897_C010897CPA1] 
Can not find product ID  in parameter products.xml [end]

[start] [ERROR] [2026-07-10 15:19:02.607] [C010897_C010897CPA1] 
Can not find product ID  in parameter products.xml [end]

[start] [ERROR] [2026-07-10 15:19:02.609] [C010897_C010897CPA1] 
Can not find product ID  in parameter products.xml [end]

[start] [ERROR] [2026-07-10 15:19:02.610] [C010897_C010897CPA1] 
Can not find product ID  in parameter products.xml [end]

[start] [ERROR] [2026-07-10 15:19:02.611] [C010897_C010897CPA1] 
Can not find product ID  in parameter products.xml [end]

[start] [ERROR] [2026-07-10 15:19:02.613] [C010897_C010897CPA1] 
Can not find product ID  in parameter products.xml [end]

[start] [ERROR] [2026-07-10 15:19:02.614] [C010897_C010897CPA1] 
Can not find product ID  in parameter products.xml [end]

[start] [ERROR] [2026-07-10 15:19:02.616] [C010897_C010897CPA1] 
Can not find product ID  in parameter products.xml [end]

[start] [ERROR] [2026-07-10 15:19:02.617] [C010897_C010897CPA1] 
Can not find product ID  in parameter products.xml [end]

[start] [ERROR] [2026-07-10 15:19:02.619] [C010897_C010897CPA1] 
Can not find product ID  in parameter products.xml [end]

[start] [ERROR] [2026-07-10 15:19:02.620] [C010897_C010897CPA1] 
Can not find product ID  in parameter products.xml [end]

[start] [ERROR] [2026-07-10 15:19:02.621] [C010897_C010897CPA1] 
Can not find product ID  in parameter products.xml [end]

[start] [ERROR] [2026-07-10 15:19:02.622] [C010897_C010897CPA1] 
Can not find product ID  in parameter products.xml [end]

[start] [ERROR] [2026-07-10 15:19:02.624] [C010897_C010897CPA1] 
Can not find product ID  in parameter products.xml [end]

[start] [ERROR] [2026-07-10 15:19:02.625] [C010897_C010897CPA1] 
Can not find product ID  in parameter products.xml [end]

[start] [ERROR] [2026-07-10 15:19:02.626] [C010897_C010897CPA1] 
Can not find product ID  in parameter products.xml [end]

[start] [ERROR] [2026-07-10 15:19:02.627] [C010897_C010897CPA1] 
Can not find product ID  in parameter products.xml [end]

[start] [ERROR] [2026-07-10 15:19:02.628] [C010897_C010897CPA1] 
Can not find product ID  in parameter products.xml [end]

[start] [ERROR] [2026-07-10 15:19:02.629] [C010897_C010897CPA1] 
Can not find product ID  in parameter products.xml [end]

[start] [ERROR] [2026-07-10 15:19:02.630] [C010897_C010897CPA1] 
Can not find product ID  in parameter products.xml [end]

[start] [ERROR] [2026-07-10 15:19:02.631] [C010897_C010897CPA1] 
Can not find product ID  in parameter products.xml [end]

[start] [ERROR] [2026-07-10 15:19:02.632] [C010897_C010897CPA1] 
Can not find product ID  in parameter products.xml [end]

[start] [ERROR] [2026-07-10 15:19:02.633] [C010897_C010897CPA1] 
Can not find product ID  in parameter products.xml [end]

[start] [DEBUG] [2026-07-10 15:19:02.635] [C010897_C010897CPA1] 
The option type "distinctRecord" is only used to show the dropdown list not for format [end]

[start] [DEBUG] [2026-07-10 15:19:02.636] [C010897_C010897CPA1] 
====request content is: 
    Request Type: Temp
Component : DBHelper
Session Context is: 
com.cs.core.utility.SessionContext@c5d8b90a
Request Info Type : com.cs.core.dao.exec.SQLDao
Request Info Content is: 
[01]SELECT C_UNIT_CODE,C_UNIT_NAME FROM CEUSER.SEC_BUSINESS_UNIT WHERE C_UNIT_CODE = 'C010897' 

 [end]

[start] [DEBUG] [2026-07-10 15:19:02.705] [C010897_C010897CPA1] 
====request content is: 
    Request Type: Temp
Component : DBHelper
Session Context is: 
com.cs.core.utility.SessionContext@7c9eccf8
Request Info Type : com.cs.core.dao.exec.SQLDao
Request Info Content is: 
[01]SELECT C_INACTIVE FROM CEUSER.SEC_USER_INFO WHERE C_USER_ID = 'C010897CPA1' AND C_UNIT_CODE = 'C010897' 

 [end]

[start] [DEBUG] [2026-07-10 15:19:02.710] [C010897_C010897CPA1] 
The request URI is : /BL6CEWeb/v1/openapi/catalog/combo/meta [end]

[start] [DEBUG] [2026-07-10 15:19:02.712] [C010897_C010897CPA1] 
The URI is :/BL6CEWeb/v1/openapi/catalog/combo/meta [end]

[start] [DEBUG] [2026-07-10 15:19:02.713] [C010897_C010897CPA1] 
The session refresh token in session is : null [end]

[start] [DEBUG] [2026-07-10 15:19:02.718] [C010897_C010897CPA1] 
====request content is: 
    Request Type: Temp
Component : DBHelper
Session Context is: 
com.cs.core.utility.SessionContext@7c9eccf8
Request Info Type : com.cs.core.dao.exec.SQLDao
Request Info Content is: 
[01]SELECT C_CRITERIA_DATA,C_TMPL_NAME,C_IS_DEFAULT FROM CETRX.STD_SEARCH_CRITERIA  WHERE  C_UNIT_CODE = 'C010897'  AND  C_USER_ID = 'C010897CPA1'  AND  C_CATA_ID = 'C2A_Closed'  AND  C_BK_GROUP_ID = 'CSBANK'  AND  I_CRITERIA_TYPE = 4 

 [end]

[start] [DEBUG] [2026-07-10 15:19:02.722] [C010897_C010897CPA1] 
The option type "distinctRecord" is only used to show the dropdown list not for format [end]

[start] [ERROR] [2026-07-10 15:19:02.723] [C010897_C010897CPA1] 
Can not find product ID  in parameter products.xml [end]

[start] [ERROR] [2026-07-10 15:19:02.725] [C010897_C010897CPA1] 
Can not find product ID  in parameter products.xml [end]

[start] [ERROR] [2026-07-10 15:19:02.726] [C010897_C010897CPA1] 
Can not find product ID  in parameter products.xml [end]

[start] [ERROR] [2026-07-10 15:19:02.727] [C010897_C010897CPA1] 
Can not find product ID  in parameter products.xml [end]

[start] [ERROR] [2026-07-10 15:19:02.729] [C010897_C010897CPA1] 
Can not find product ID  in parameter products.xml [end]

[start] [ERROR] [2026-07-10 15:19:02.730] [C010897_C010897CPA1] 
Can not find product ID  in parameter products.xml [end]

[start] [ERROR] [2026-07-10 15:19:02.731] [C010897_C010897CPA1] 
Can not find product ID  in parameter products.xml [end]

[start] [ERROR] [2026-07-10 15:19:02.732] [C010897_C010897CPA1] 
Can not find product ID  in parameter products.xml [end]

[start] [ERROR] [2026-07-10 15:19:02.734] [C010897_C010897CPA1] 
Can not find product ID  in parameter products.xml [end]

[start] [ERROR] [2026-07-10 15:19:02.735] [C010897_C010897CPA1] 
Can not find product ID  in parameter products.xml [end]

[start] [ERROR] [2026-07-10 15:19:02.736] [C010897_C010897CPA1] 
Can not find product ID  in parameter products.xml [end]

[start] [ERROR] [2026-07-10 15:19:02.739] [C010897_C010897CPA1] 
Can not find product ID  in parameter products.xml [end]

[start] [ERROR] [2026-07-10 15:19:02.740] [C010897_C010897CPA1] 
Can not find product ID  in parameter products.xml [end]

[start] [ERROR] [2026-07-10 15:19:02.741] [C010897_C010897CPA1] 
Can not find product ID  in parameter products.xml [end]

[start] [ERROR] [2026-07-10 15:19:02.743] [C010897_C010897CPA1] 
Can not find product ID  in parameter products.xml [end]

[start] [ERROR] [2026-07-10 15:19:02.744] [C010897_C010897CPA1] 
Can not find product ID  in parameter products.xml [end]

[start] [ERROR] [2026-07-10 15:19:02.745] [C010897_C010897CPA1] 
Can not find product ID  in parameter products.xml [end]

[start] [ERROR] [2026-07-10 15:19:02.745] [C010897_C010897CPA1] 
Can not find product ID  in parameter products.xml [end]

[start] [ERROR] [2026-07-10 15:19:02.746] [C010897_C010897CPA1] 
Can not find product ID  in parameter products.xml [end]

[start] [ERROR] [2026-07-10 15:19:02.747] [C010897_C010897CPA1] 
Can not find product ID  in parameter products.xml [end]

[start] [ERROR] [2026-07-10 15:19:02.748] [C010897_C010897CPA1] 
Can not find product ID  in parameter products.xml [end]

[start] [ERROR] [2026-07-10 15:19:02.749] [C010897_C010897CPA1] 
Can not find product ID  in parameter products.xml [end]

[start] [ERROR] [2026-07-10 15:19:02.750] [C010897_C010897CPA1] 
Can not find product ID  in parameter products.xml [end]

[start] [ERROR] [2026-07-10 15:19:02.751] [C010897_C010897CPA1] 
Can not find product ID  in parameter products.xml [end]

[start] [ERROR] [2026-07-10 15:19:02.752] [C010897_C010897CPA1] 
Can not find product ID  in parameter products.xml [end]

[start] [ERROR] [2026-07-10 15:19:02.753] [C010897_C010897CPA1] 
Can not find product ID  in parameter products.xml [end]

[start] [ERROR] [2026-07-10 15:19:02.754] [C010897_C010897CPA1] 
Can not find product ID  in parameter products.xml [end]

[start] [ERROR] [2026-07-10 15:19:02.755] [C010897_C010897CPA1] 
Can not find product ID  in parameter products.xml [end]

[start] [ERROR] [2026-07-10 15:19:02.756] [C010897_C010897CPA1] 
Can not find product ID  in parameter products.xml [end]

[start] [ERROR] [2026-07-10 15:19:02.757] [C010897_C010897CPA1] 
Can not find product ID  in parameter products.xml [end]

[start] [ERROR] [2026-07-10 15:19:02.758] [C010897_C010897CPA1] 
Can not find product ID  in parameter products.xml [end]

[start] [ERROR] [2026-07-10 15:19:02.759] [C010897_C010897CPA1] 
Can not find product ID  in parameter products.xml [end]

[start] [ERROR] [2026-07-10 15:19:02.760] [C010897_C010897CPA1] 
Can not find product ID  in parameter products.xml [end]

[start] [ERROR] [2026-07-10 15:19:02.760] [C010897_C010897CPA1] 
Can not find product ID  in parameter products.xml [end]

[start] [ERROR] [2026-07-10 15:19:02.762] [C010897_C010897CPA1] 
Can not find product ID  in parameter products.xml [end]

[start] [ERROR] [2026-07-10 15:19:02.763] [C010897_C010897CPA1] 
Can not find product ID  in parameter products.xml [end]

[start] [ERROR] [2026-07-10 15:19:02.763] [C010897_C010897CPA1] 
Can not find product ID  in parameter products.xml [end]

[start] [ERROR] [2026-07-10 15:19:02.764] [C010897_C010897CPA1] 
Can not find product ID  in parameter products.xml [end]

[start] [ERROR] [2026-07-10 15:19:02.765] [C010897_C010897CPA1] 
Can not find product ID  in parameter products.xml [end]

[start] [ERROR] [2026-07-10 15:19:02.766] [C010897_C010897CPA1] 
Can not find product ID  in parameter products.xml [end]

[start] [DEBUG] [2026-07-10 15:19:02.768] [C010897_C010897CPA1] 
The option type "distinctRecord" is only used to show the dropdown list not for format [end]

[start] [DEBUG] [2026-07-10 15:19:02.769] [C010897_C010897CPA1] 
The option type "distinctRecord" is only used to show the dropdown list not for format [end]

[start] [DEBUG] [2026-07-10 15:19:02.770] [C010897_C010897CPA1] 
====request content is: 
    Request Type: Temp
Component : DBHelper
Session Context is: 
com.cs.core.utility.SessionContext@7c9eccf8
Request Info Type : com.cs.core.dao.exec.SQLDao
Request Info Content is: 
[01]SELECT C_UNIT_CODE,C_UNIT_NAME FROM CEUSER.SEC_BUSINESS_UNIT WHERE C_UNIT_CODE = 'C010897' 

 [end]

[start] [DEBUG] [2026-07-10 15:19:03.017] [C010897_C010897CPA1] 
====request content is: 
    Request Type: Temp
Component : DBHelper
Session Context is: 
com.cs.core.utility.SessionContext@4811c737
Request Info Type : com.cs.core.dao.exec.SQLDao
Request Info Content is: 
[01]SELECT C_INACTIVE FROM CEUSER.SEC_USER_INFO WHERE C_USER_ID = 'C010897CPA1' AND C_UNIT_CODE = 'C010897' 

 [end]

[start] [DEBUG] [2026-07-10 15:19:03.020] [C010897_C010897CPA1] 
The request URI is : /BL6CEWeb/v1/openapi/catalog/combo/data [end]

[start] [DEBUG] [2026-07-10 15:19:03.021] [C010897_C010897CPA1] 
The URI is :/BL6CEWeb/v1/openapi/catalog/combo/data [end]

[start] [DEBUG] [2026-07-10 15:19:03.022] [C010897_C010897CPA1] 
The session refresh token in session is : null [end]

[start] [DEBUG] [2026-07-10 15:19:03.025] [C010897_C010897CPA1] 
The Catalog Object SQL is :SELECT T1.C_BK_GROUP_ID, T1.C_MAIN_REF, T1.C_TRX_REF, T1.C_UNIT_CODE, T1.PARENT_MAIN_REF, T1.C_TRX_STATUS, T1.CURRNT_STATUS, T1.I_EVENT_TIMES, T1.C_MODULE, T1.C_FUNC_ID, T1.C_PRODUCT_ID, T1.C_TRX_ID, T1.C_CREATED_BY, T3.C_LOCKED_FLAG, T3.C_LOCKED_OP, T3.C_USER_DESC, T1.D_SYS_OP_DATE, T1.T_SYS_OP_TIME, T1.C2A_CCY, T1.C2A_AMOUNT, T1.C2A_COUNTERPARTY FROM CETRX.TRX_INBOX T1 LEFT JOIN CETRX.TRX_LOCK_INFO T3 ON T1.C_MAIN_REF = T3.C_MAIN_REF AND T1.C_UNIT_CODE = T3.C_UNIT_CODE WHERE T1.C_TRX_STATUS IN ('P', 'T') AND (T1.C_MODULE = 'IMLC' OR T1.C_MODULE = 'EXLC' OR T1.C_MODULE = 'FAEF' OR T1.C_MODULE = 'FADA' OR T1.C_MODULE = 'ABLF') ORDER BY T1.D_SYS_OP_DATE DESC, T1.T_SYS_OP_TIME DESC [end]

[start] [DEBUG] [2026-07-10 15:19:03.026] [C010897_C010897CPA1] 
====request content is: 
    Request Type: Temp
Component : DBHelper
Session Context is: 
com.cs.core.utility.SessionContext@4811c737
Request Info Type : com.cs.core.dao.exec.SQLDao
Request Info Content is: 
[01]SELECT C_AUTH_RULE FROM CEUSER.SEC_USER_INFO WHERE C_BK_GROUP_ID = 'CSBANK' AND C_UNIT_CODE = 'C010897' AND C_USER_ID = 'C010897CPA1' 

 [end]

[start] [DEBUG] [2026-07-10 15:19:03.029] [C010897_C010897CPA1] 
====request content is: 
    Request Type: Temp
Component : DBHelper
Session Context is: 
com.cs.core.utility.SessionContext@4811c737
Request Info Type : com.cs.core.dao.exec.SQLDao
Request Info Content is: 
[01]SELECT C_AUTH_RULE FROM CEUSER.SEC_BUSINESS_UNIT WHERE C_BK_GROUP_ID = 'CSBANK' AND C_UNIT_CODE = 'C010897' 

 [end]

[start] [DEBUG] [2026-07-10 15:19:03.033] [C010897_C010897CPA1] 
====request content is: 
    Request Type: Temp
Component : DBHelper
Session Context is: 
com.cs.core.utility.SessionContext@4811c737
Request Info Type : com.cs.core.dao.exec.SQLDao
Request Info Content is: 
[01]SELECT T1.C_BK_GROUP_ID, T1.C_MAIN_REF, T1.C_TRX_REF, T1.C_UNIT_CODE, T1.PARENT_MAIN_REF, T1.C_TRX_STATUS, T1.CURRNT_STATUS, T1.I_EVENT_TIMES, T1.C_MODULE, T1.C_FUNC_ID, T1.C_PRODUCT_ID, T1.C_TRX_ID, T1.C_CREATED_BY, T3.C_LOCKED_FLAG, T3.C_LOCKED_OP, T3.C_USER_DESC, T1.D_SYS_OP_DATE, T1.T_SYS_OP_TIME, T1.C2A_CCY, T1.C2A_AMOUNT, T1.C2A_COUNTERPARTY FROM CETRX.TRX_INBOX T1 LEFT JOIN CETRX.TRX_LOCK_INFO T3 ON T1.C_MAIN_REF = T3.C_MAIN_REF AND T1.C_UNIT_CODE = T3.C_UNIT_CODE WHERE   T1.C_BK_GROUP_ID = 'CSBANK'  AND  T1.C_UNIT_CODE = 'C010897'  AND T1.C_PRODUCT_ID IN('FHS0YffwVNuA','P19080800001','P19080800002','epF3a6u4ZGAt') AND  T1.C_BK_GROUP_ID = 'CSBANK'  AND (T1.C_TRX_STATUS<>'R' AND T1.C_TRX_STATUS<>'A' OR T1.C_TRX_STATUS IS NULL) AND T1.C_TRX_ID NOT IN (SELECT C_TRX_ID FROM CETRX.TRX_AUTH_LIST WHERE  C_GRP_CODE = 'C010897'  AND  C_USER_ID = 'C010897CPA1'  AND  C_UNIT_CODE = 'C010897' ) AND T1.C_TRX_ID IN (SELECT C_TRX_ID FROM CETRX.TRX_MATRIX_LIST WHERE  C_UNIT_CODE = 'C010897'  AND ( (  I_AUTH_LEVEL = 1  AND C_PRODUCT_ID IN('FHS0YffwVNuA','P19080800001','P19080800002','epF3a6u4ZGAt')))) AND (( T1.C_UNIT_CODE = 'C010897'  AND  T1.C_PRODUCT_ID IN ('FHS0YffwVNuA','P19080800001','P19080800002','epF3a6u4ZGAt') )) AND T1.C_TRX_STATUS IN ('P', 'T') AND (T1.C_MODULE = 'IMLC' OR T1.C_MODULE = 'EXLC' OR T1.C_MODULE = 'FAEF' OR T1.C_MODULE = 'FADA' OR T1.C_MODULE = 'ABLF') ORDER BY T1.D_SYS_OP_DATE DESC, T1.T_SYS_OP_TIME DESC

 [end]

[start] [ERROR] [2026-07-10 15:19:03.042] [C010897_C010897CPA1] 
Can not find product ID  in parameter products.xml [end]

[start] [ERROR] [2026-07-10 15:19:03.043] [C010897_C010897CPA1] 
Can not find product ID  in parameter products.xml [end]

[start] [ERROR] [2026-07-10 15:19:03.044] [C010897_C010897CPA1] 
Can not find product ID  in parameter products.xml [end]

[start] [ERROR] [2026-07-10 15:19:03.045] [C010897_C010897CPA1] 
Can not find product ID  in parameter products.xml [end]

[start] [ERROR] [2026-07-10 15:19:03.046] [C010897_C010897CPA1] 
Can not find product ID  in parameter products.xml [end]

[start] [ERROR] [2026-07-10 15:19:03.046] [C010897_C010897CPA1] 
Can not find product ID  in parameter products.xml [end]

[start] [ERROR] [2026-07-10 15:19:03.047] [C010897_C010897CPA1] 
Can not find product ID  in parameter products.xml [end]

[start] [ERROR] [2026-07-10 15:19:03.048] [C010897_C010897CPA1] 
Can not find product ID  in parameter products.xml [end]

[start] [ERROR] [2026-07-10 15:19:03.049] [C010897_C010897CPA1] 
Can not find product ID  in parameter products.xml [end]

[start] [ERROR] [2026-07-10 15:19:03.050] [C010897_C010897CPA1] 
Can not find product ID  in parameter products.xml [end]

[start] [ERROR] [2026-07-10 15:19:03.051] [C010897_C010897CPA1] 
Can not find product ID  in parameter products.xml [end]

[start] [ERROR] [2026-07-10 15:19:03.052] [C010897_C010897CPA1] 
Can not find product ID  in parameter products.xml [end]

[start] [ERROR] [2026-07-10 15:19:03.053] [C010897_C010897CPA1] 
Can not find product ID  in parameter products.xml [end]

[start] [ERROR] [2026-07-10 15:19:03.054] [C010897_C010897CPA1] 
Can not find product ID  in parameter products.xml [end]

[start] [ERROR] [2026-07-10 15:19:03.055] [C010897_C010897CPA1] 
Can not find product ID  in parameter products.xml [end]

[start] [ERROR] [2026-07-10 15:19:03.055] [C010897_C010897CPA1] 
Can not find product ID  in parameter products.xml [end]

[start] [ERROR] [2026-07-10 15:19:03.056] [C010897_C010897CPA1] 
Can not find product ID  in parameter products.xml [end]

[start] [ERROR] [2026-07-10 15:19:03.058] [C010897_C010897CPA1] 
Can not find product ID  in parameter products.xml [end]

[start] [ERROR] [2026-07-10 15:19:03.058] [C010897_C010897CPA1] 
Can not find product ID  in parameter products.xml [end]

[start] [ERROR] [2026-07-10 15:19:03.059] [C010897_C010897CPA1] 
Can not find product ID  in parameter products.xml [end]

[start] [ERROR] [2026-07-10 15:19:03.060] [C010897_C010897CPA1] 
Can not find product ID  in parameter products.xml [end]

[start] [ERROR] [2026-07-10 15:19:03.061] [C010897_C010897CPA1] 
Can not find product ID  in parameter products.xml [end]

[start] [ERROR] [2026-07-10 15:19:03.062] [C010897_C010897CPA1] 
Can not find product ID  in parameter products.xml [end]

[start] [ERROR] [2026-07-10 15:19:03.063] [C010897_C010897CPA1] 
Can not find product ID  in parameter products.xml [end]

[start] [ERROR] [2026-07-10 15:19:03.063] [C010897_C010897CPA1] 
Can not find product ID  in parameter products.xml [end]

[start] [ERROR] [2026-07-10 15:19:03.064] [C010897_C010897CPA1] 
Can not find product ID  in parameter products.xml [end]

[start] [ERROR] [2026-07-10 15:19:03.065] [C010897_C010897CPA1] 
Can not find product ID  in parameter products.xml [end]

[start] [ERROR] [2026-07-10 15:19:03.066] [C010897_C010897CPA1] 
Can not find product ID  in parameter products.xml [end]

[start] [ERROR] [2026-07-10 15:19:03.067] [C010897_C010897CPA1] 
Can not find product ID  in parameter products.xml [end]

[start] [ERROR] [2026-07-10 15:19:03.069] [C010897_C010897CPA1] 
Can not find product ID  in parameter products.xml [end]

[start] [ERROR] [2026-07-10 15:19:03.070] [C010897_C010897CPA1] 
Can not find product ID  in parameter products.xml [end]

[start] [ERROR] [2026-07-10 15:19:03.070] [C010897_C010897CPA1] 
Can not find product ID  in parameter products.xml [end]

[start] [ERROR] [2026-07-10 15:19:03.071] [C010897_C010897CPA1] 
Can not find product ID  in parameter products.xml [end]

[start] [ERROR] [2026-07-10 15:19:03.074] [C010897_C010897CPA1] 
Can not find product ID  in parameter products.xml [end]

[start] [ERROR] [2026-07-10 15:19:03.075] [C010897_C010897CPA1] 
Can not find product ID  in parameter products.xml [end]

[start] [ERROR] [2026-07-10 15:19:03.076] [C010897_C010897CPA1] 
Can not find product ID  in parameter products.xml [end]

[start] [ERROR] [2026-07-10 15:19:03.077] [C010897_C010897CPA1] 
Can not find product ID  in parameter products.xml [end]

[start] [ERROR] [2026-07-10 15:19:03.079] [C010897_C010897CPA1] 
Can not find product ID  in parameter products.xml [end]

[start] [ERROR] [2026-07-10 15:19:03.080] [C010897_C010897CPA1] 
Can not find product ID  in parameter products.xml [end]

[start] [ERROR] [2026-07-10 15:19:03.081] [C010897_C010897CPA1] 
Can not find product ID  in parameter products.xml [end]

[start] [DEBUG] [2026-07-10 15:19:03.083] [C010897_C010897CPA1] 
====request content is: 
    Request Type: Temp
Component : DBHelper
Session Context is: 
com.cs.core.utility.SessionContext@4811c737
Request Info Type : com.cs.core.dao.exec.SQLDao
Request Info Content is: 
[01]SELECT C_UNIT_CODE,C_UNIT_NAME FROM CEUSER.SEC_BUSINESS_UNIT WHERE C_UNIT_CODE = 'C010897' 

 [end]

[start] [DEBUG] [2026-07-10 15:19:03.086] [C010897_C010897CPA1] 
====request content is: 
    Request Type: Temp
Component : DBHelper
Session Context is: 
com.cs.core.utility.SessionContext@4811c737
Request Info Type : com.cs.core.dao.exec.SQLDao
Request Info Content is: 
[01]SELECT C_CRITERIA_DATA,C_TMPL_NAME,C_IS_DEFAULT FROM CETRX.STD_SEARCH_CRITERIA  WHERE  C_UNIT_CODE = 'C010897'  AND  C_USER_ID = 'C010897CPA1'  AND  C_CATA_ID = 'C2A_PendingApproval'  AND  C_BK_GROUP_ID = 'CSBANK'  AND  I_CRITERIA_TYPE = 4 

 [end]

[start] [DEBUG] [2026-07-10 15:19:03.165] [C010897_C010897CPA1] 
====request content is: 
    Request Type: Temp
Component : DBHelper
Session Context is: 
com.cs.core.utility.SessionContext@efed5edd
Request Info Type : com.cs.core.dao.exec.SQLDao
Request Info Content is: 
[01]SELECT C_INACTIVE FROM CEUSER.SEC_USER_INFO WHERE C_USER_ID = 'C010897CPA1' AND C_UNIT_CODE = 'C010897' 

 [end]

[start] [DEBUG] [2026-07-10 15:19:03.169] [C010897_C010897CPA1] 
The request URI is : /BL6CEWeb/v1/openapi/catalog/combo/data [end]

[start] [DEBUG] [2026-07-10 15:19:03.171] [C010897_C010897CPA1] 
The URI is :/BL6CEWeb/v1/openapi/catalog/combo/data [end]

[start] [DEBUG] [2026-07-10 15:19:03.172] [C010897_C010897CPA1] 
The session refresh token in session is : null [end]

[start] [DEBUG] [2026-07-10 15:19:03.177] [C010897_C010897CPA1] 
The Catalog Object SQL is :SELECT T1.C_BK_GROUP_ID, T1.C_MAIN_REF, T1.C_TRX_REF, T1.C_UNIT_CODE, T1.PARENT_MAIN_REF, T1.C_TRX_STATUS, T1.CURRNT_STATUS, (CASE WHEN T1.C_MODULE = 'FADA' OR T1.C_MODULE = 'FAEF' THEN T1.C_TRX_STATUS ELSE T1.C2A_STATUS END) C2A_STATUS, T1.I_EVENT_TIMES, T1.C_MODULE, T1.C_FUNC_ID, T1.C_PRODUCT_ID, T1.C_TRX_ID, T3.C_LOCKED_FLAG, T3.C_LOCKED_OP, T3.C_USER_DESC, T1.D_SYS_OP_DATE, T1.T_SYS_OP_TIME, T1.C2A_CCY, T1.C2A_AMOUNT, T1.C2A_COUNTERPARTY FROM CETRX.TRX_INBOX T1 LEFT JOIN CETRX.TRX_LOCK_INFO T3 ON T1.C_MAIN_REF = T3.C_MAIN_REF AND T1.C_UNIT_CODE = T3.C_UNIT_CODE WHERE (T1.C2A_STATUS IN ('Issued', 'Amended', 'Beneficiary rejected', 'Discrepancies rejected_fully authorized', 'Settled') AND T1.C_MODULE = 'IMLC' OR T1.CURRNT_STATUS IN ('Issued', 'Amended', 'Detrimental Amendment', 'Beneficiary Consent', 'Beneficiary Rejected', 'Document Presentation', 'Document Presentation', 'Settlement', 'Settled') AND T1.C_MODULE = 'EXCO' OR T1.C2A_STATUS IN ('Settled', 'Amendment_fully authorized', '') AND T1.C_MODULE = 'EXLC' OR T1.C_FUNC_ID IN ('F05030700899', 'F05030700901', 'F05030700908') AND T1.C2A_STATUS = 'Fully authorized' AND T1.C_MODULE = 'EXLC' OR T1.C_MODULE = 'FADA' OR T1.C_MODULE = 'FAEF') AND T1.C_TRX_STATUS IN ('M', 'A', 'S') AND T1.C_TRX_ID NOT IN (SELECT C_TRX_ID FROM CETRX.TRX_USER_DISMISS WHERE C_USER_ID = ? AND C_GRP_CODE = ?) AND (T1.C_MODULE = 'IMLC' OR T1.C_MODULE = 'EXLC' OR T1.C_MODULE = 'FADA' OR T1.C_MODULE = 'FAEF') ORDER BY T1.D_SYS_OP_DATE DESC, T1.T_SYS_OP_TIME DESC, T1.PARENT_MAIN_REF DESC [end]

[start] [DEBUG] [2026-07-10 15:19:03.181] [C010897_C010897CPA1] 
====request content is: 
    Request Type: Temp
Component : DBHelper
Session Context is: 
com.cs.core.utility.SessionContext@efed5edd
Request Info Type : com.cs.core.dao.exec.SQLDao
Request Info Content is: 
[01]SELECT T1.C_BK_GROUP_ID, T1.C_MAIN_REF, T1.C_TRX_REF, T1.C_UNIT_CODE, T1.PARENT_MAIN_REF, T1.C_TRX_STATUS, T1.CURRNT_STATUS, (CASE WHEN T1.C_MODULE = 'FADA' OR T1.C_MODULE = 'FAEF' THEN T1.C_TRX_STATUS ELSE T1.C2A_STATUS END) C2A_STATUS, T1.I_EVENT_TIMES, T1.C_MODULE, T1.C_FUNC_ID, T1.C_PRODUCT_ID, T1.C_TRX_ID, T3.C_LOCKED_FLAG, T3.C_LOCKED_OP, T3.C_USER_DESC, T1.D_SYS_OP_DATE, T1.T_SYS_OP_TIME, T1.C2A_CCY, T1.C2A_AMOUNT, T1.C2A_COUNTERPARTY FROM CETRX.TRX_INBOX T1 LEFT JOIN CETRX.TRX_LOCK_INFO T3 ON T1.C_MAIN_REF = T3.C_MAIN_REF AND T1.C_UNIT_CODE = T3.C_UNIT_CODE WHERE   T1.C_BK_GROUP_ID = 'CSBANK'  AND (( T1.C_UNIT_CODE = 'C010897'  AND  T1.C_PRODUCT_ID IN ('FHS0YffwVNuA','P19080800001','P19080800002','epF3a6u4ZGAt') )) AND (T1.C2A_STATUS IN ('Issued', 'Amended', 'Beneficiary rejected', 'Discrepancies rejected_fully authorized', 'Settled') AND T1.C_MODULE = 'IMLC' OR T1.CURRNT_STATUS IN ('Issued', 'Amended', 'Detrimental Amendment', 'Beneficiary Consent', 'Beneficiary Rejected', 'Document Presentation', 'Document Presentation', 'Settlement', 'Settled') AND T1.C_MODULE = 'EXCO' OR T1.C2A_STATUS IN ('Settled', 'Amendment_fully authorized', '') AND T1.C_MODULE = 'EXLC' OR T1.C_FUNC_ID IN ('F05030700899', 'F05030700901', 'F05030700908') AND T1.C2A_STATUS = 'Fully authorized' AND T1.C_MODULE = 'EXLC' OR T1.C_MODULE = 'FADA' OR T1.C_MODULE = 'FAEF') AND T1.C_TRX_STATUS IN ('M', 'A', 'S') AND T1.C_TRX_ID NOT IN (SELECT C_TRX_ID FROM CETRX.TRX_USER_DISMISS WHERE C_USER_ID = 'C010897CPA1' AND C_GRP_CODE = 'C010897') AND (T1.C_MODULE = 'IMLC' OR T1.C_MODULE = 'EXLC' OR T1.C_MODULE = 'FADA' OR T1.C_MODULE = 'FAEF') ORDER BY T1.D_SYS_OP_DATE DESC, T1.T_SYS_OP_TIME DESC, T1.PARENT_MAIN_REF DESC

 [end]

[start] [ERROR] [2026-07-10 15:19:03.284] [C010897_C010897CPA1] 
Can not find product ID  in parameter products.xml [end]

[start] [ERROR] [2026-07-10 15:19:03.287] [C010897_C010897CPA1] 
Can not find product ID  in parameter products.xml [end]

[start] [ERROR] [2026-07-10 15:19:03.288] [C010897_C010897CPA1] 
Can not find product ID  in parameter products.xml [end]

[start] [ERROR] [2026-07-10 15:19:03.289] [C010897_C010897CPA1] 
Can not find product ID  in parameter products.xml [end]

[start] [ERROR] [2026-07-10 15:19:03.291] [C010897_C010897CPA1] 
Can not find product ID  in parameter products.xml [end]

[start] [ERROR] [2026-07-10 15:19:03.292] [C010897_C010897CPA1] 
Can not find product ID  in parameter products.xml [end]

[start] [ERROR] [2026-07-10 15:19:03.293] [C010897_C010897CPA1] 
Can not find product ID  in parameter products.xml [end]

[start] [ERROR] [2026-07-10 15:19:03.294] [C010897_C010897CPA1] 
Can not find product ID  in parameter products.xml [end]

[start] [ERROR] [2026-07-10 15:19:03.296] [C010897_C010897CPA1] 
Can not find product ID  in parameter products.xml [end]

[start] [ERROR] [2026-07-10 15:19:03.297] [C010897_C010897CPA1] 
Can not find product ID  in parameter products.xml [end]

[start] [ERROR] [2026-07-10 15:19:03.298] [C010897_C010897CPA1] 
Can not find product ID  in parameter products.xml [end]

[start] [ERROR] [2026-07-10 15:19:03.300] [C010897_C010897CPA1] 
Can not find product ID  in parameter products.xml [end]

[start] [ERROR] [2026-07-10 15:19:03.302] [C010897_C010897CPA1] 
Can not find product ID  in parameter products.xml [end]

[start] [ERROR] [2026-07-10 15:19:03.303] [C010897_C010897CPA1] 
Can not find product ID  in parameter products.xml [end]

[start] [ERROR] [2026-07-10 15:19:03.304] [C010897_C010897CPA1] 
Can not find product ID  in parameter products.xml [end]

[start] [ERROR] [2026-07-10 15:19:03.306] [C010897_C010897CPA1] 
Can not find product ID  in parameter products.xml [end]

[start] [ERROR] [2026-07-10 15:19:03.307] [C010897_C010897CPA1] 
Can not find product ID  in parameter products.xml [end]

[start] [ERROR] [2026-07-10 15:19:03.309] [C010897_C010897CPA1] 
Can not find product ID  in parameter products.xml [end]

[start] [ERROR] [2026-07-10 15:19:03.310] [C010897_C010897CPA1] 
Can not find product ID  in parameter products.xml [end]

[start] [ERROR] [2026-07-10 15:19:03.311] [C010897_C010897CPA1] 
Can not find product ID  in parameter products.xml [end]

[start] [ERROR] [2026-07-10 15:19:03.313] [C010897_C010897CPA1] 
Can not find product ID  in parameter products.xml [end]

[start] [ERROR] [2026-07-10 15:19:03.314] [C010897_C010897CPA1] 
Can not find product ID  in parameter products.xml [end]

[start] [ERROR] [2026-07-10 15:19:03.315] [C010897_C010897CPA1] 
Can not find product ID  in parameter products.xml [end]

[start] [ERROR] [2026-07-10 15:19:03.317] [C010897_C010897CPA1] 
Can not find product ID  in parameter products.xml [end]

[start] [ERROR] [2026-07-10 15:19:03.318] [C010897_C010897CPA1] 
Can not find product ID  in parameter products.xml [end]

[start] [ERROR] [2026-07-10 15:19:03.320] [C010897_C010897CPA1] 
Can not find product ID  in parameter products.xml [end]

[start] [ERROR] [2026-07-10 15:19:03.321] [C010897_C010897CPA1] 
Can not find product ID  in parameter products.xml [end]

[start] [ERROR] [2026-07-10 15:19:03.323] [C010897_C010897CPA1] 
Can not find product ID  in parameter products.xml [end]

[start] [ERROR] [2026-07-10 15:19:03.324] [C010897_C010897CPA1] 
Can not find product ID  in parameter products.xml [end]

[start] [ERROR] [2026-07-10 15:19:03.325] [C010897_C010897CPA1] 
Can not find product ID  in parameter products.xml [end]

[start] [ERROR] [2026-07-10 15:19:03.327] [C010897_C010897CPA1] 
Can not find product ID  in parameter products.xml [end]

[start] [ERROR] [2026-07-10 15:19:03.328] [C010897_C010897CPA1] 
Can not find product ID  in parameter products.xml [end]

[start] [ERROR] [2026-07-10 15:19:03.330] [C010897_C010897CPA1] 
Can not find product ID  in parameter products.xml [end]

[start] [ERROR] [2026-07-10 15:19:03.331] [C010897_C010897CPA1] 
Can not find product ID  in parameter products.xml [end]

[start] [ERROR] [2026-07-10 15:19:03.334] [C010897_C010897CPA1] 
Can not find product ID  in parameter products.xml [end]

[start] [ERROR] [2026-07-10 15:19:03.335] [C010897_C010897CPA1] 
Can not find product ID  in parameter products.xml [end]

[start] [ERROR] [2026-07-10 15:19:03.336] [C010897_C010897CPA1] 
Can not find product ID  in parameter products.xml [end]

[start] [ERROR] [2026-07-10 15:19:03.338] [C010897_C010897CPA1] 
Can not find product ID  in parameter products.xml [end]

[start] [ERROR] [2026-07-10 15:19:03.339] [C010897_C010897CPA1] 
Can not find product ID  in parameter products.xml [end]

[start] [ERROR] [2026-07-10 15:19:03.341] [C010897_C010897CPA1] 
Can not find product ID  in parameter products.xml [end]

[start] [DEBUG] [2026-07-10 15:19:03.344] [C010897_C010897CPA1] 
====request content is: 
    Request Type: Temp
Component : DBHelper
Session Context is: 
com.cs.core.utility.SessionContext@efed5edd
Request Info Type : com.cs.core.dao.exec.SQLDao
Request Info Content is: 
[01]SELECT C_UNIT_CODE,C_UNIT_NAME FROM CEUSER.SEC_BUSINESS_UNIT WHERE C_UNIT_CODE = 'C010897' 

 [end]

[start] [DEBUG] [2026-07-10 15:19:03.350] [C010897_C010897CPA1] 
====request content is: 
    Request Type: Temp
Component : DBHelper
Session Context is: 
com.cs.core.utility.SessionContext@efed5edd
Request Info Type : com.cs.core.dao.exec.SQLDao
Request Info Content is: 
[01]SELECT C_CRITERIA_DATA,C_TMPL_NAME,C_IS_DEFAULT FROM CETRX.STD_SEARCH_CRITERIA  WHERE  C_UNIT_CODE = 'C010897'  AND  C_USER_ID = 'C010897CPA1'  AND  C_CATA_ID = 'C2A_Closed'  AND  C_BK_GROUP_ID = 'CSBANK'  AND  I_CRITERIA_TYPE = 4 

 [end]

[start] [DEBUG] [2026-07-10 15:19:08.256] [C010897_C010897CPA1] 
The request URI is : /BL6CEWeb/logout.do [end]

[start] [DEBUG] [2026-07-10 15:19:08.257] [C010897_C010897CPA1] 
The URI is :/BL6CEWeb/logout.do [end]

[start] [DEBUG] [2026-07-10 15:19:08.258] [C010897_C010897CPA1] 
The session refresh token in session is : null [end]

[start] [DEBUG] [2026-07-10 15:19:08.260] [C010897_C010897CPA1] 
====request content is: 
    Request Type: Temp
Component : DBHelper
Session Context is: 
com.cs.core.utility.SessionContext@58defd3
Request Info Type : com.cs.core.dao.exec.SQLDao
Request Info Content is: 
[01]SELECT C_INACTIVE FROM CEUSER.SEC_USER_INFO WHERE C_USER_ID = 'C010897CPA1' AND C_UNIT_CODE = 'C010897' 

 [end]

[start] [DEBUG] [2026-07-10 15:19:08.264] [C010897_C010897CPA1] 
====request content is: 
    Request Type: Temp
Component : DBHelper
Session Context is: 
com.cs.core.utility.SessionContext@58defd3
Request Info Type : com.cs.core.dao.exec.SQLDao
Request Info Content is: 
[01]SELECT C_IS_INFORM FROM CEUSER.SEC_LOGIN_SESSION WHERE C_SESSION_ID = 'WYWW1UVDLta9mhDyyoSw7fu' 

 [end]

[start] [DEBUG] [2026-07-10 15:19:08.267] [C010897_C010897CPA1] 

------------------ Session ID : WYWW1UVDLta9mhDyyoSw7fu --------------------

{com.ibm.websphere.servlet.uri_non_decoded,/BL6CEWeb/logout.do}

{CHECKED_REFRESH,T}

{JSESSIONID,}

{TrxSessionId,8A828497019F4BC0B4E30242}

{javax.servlet.forward.query_string, 
LOGIN_NAME=
FUN_DESC=null
PRODUCT_NAME=
_TRX_STATUS=LOGOFF_UNLOCKED
SEL_TYPE=
ITEM_NAME=
IMG_INQ_TYPE=
TRAN_NAME=
CATA_PAGE_SIZE=
UNIT_CODE=
SUB_CATA_ID=
INI_ITEM_ID=
PRODUCT_ID=
CATA_NUM=
CATA_CURR=
_ACT_TYPE=
ExcelType=
ID=
CURR_OPER=
DoType=
PREV_TRAN_NAME=
TITLE_NAME=
EXCELTYPE=
FUN_NAME=
_EVENT_TITLE=
FUNC_ID=
GRP_NAME=
CATA_TYPE=
CE_SELECT_CATAFIELD=
ITEM_ID=
REFRESH_TOKEN=21
CSRFTOKEN=8A8281XQ497q8C9IoF74y1ACCxAA0319F4yhBC0eKyKDHJS9d66AAbr02k3AbExw
SAVED=
SELECTEDFIELDS=
TRAN_TYPE=
CURR_DATE=
TRXL_TYPE=
}
 [end]

[start] [DEBUG] [2026-07-10 15:19:08.270] [C010897_C010897CPA1] 
==========Watching important CE session data [starting......]
==========Current class name is [com.cs.ceweb.servlets.WSSCELogout], cdoe line number is [78].
==========CE session user information:
userId(C_USER_ID)=C010897CPA1,
userDesc(C_USER_DESC)=C010897CPA1,
userType(I_USER_TYPE)=2,
multiLogin(I_MULTI_LOGIN)=true,
deftUnitCode(C_DFLT_UNIT_CODE)=C010897,
authLevel(I_AUTH_LEVEL)=1,
langVal(C_LANG_VAL)=null,
secType(I_SEC_TYPE)=-1,
tempProtect(C_TMPL_PROTECT)=F,
C_TIMEZONE_ID=null
C_UNIT_CODE=C010897
C_CNTY_CODE=US
C_LANG_NAME=null
C_CHANGE_PSW=F
C_LOGIN_RULE=null
C_AUTH_SET=null
C_PRIVATE_MAIL=cherry.liu@chinasystems.com
C_BK_GROUP_ID=CSBANK

==========CE session business group information:
unitCode(C_UNIT_CODE)=C010897,
unitName(C_UNIT_NAME)=C010897nm,
bkGrpId(C_BK_GROUP_ID)=CSBANK,
cntyCode(C_CNTY_CODE)=US,
subCnty(C_SUB_CNTY)=US,
bank(C_IS_BANK)=F,
secType(I_SEC_TYPE)=3
tempProtect(C_TMPL_PROTECT)=F,
C_LANG_NAME=null
I_UNIT_TYPE=1
C_HAVE_AUTH=T
C_LANG_VAL=null
C_BANK_UNIT=null
C_BANK_CODE=null
dualCtrl(C_DUAL_CTRL)=T,
custFmt=decFormat(C_DEC_FORMAT)=.,
intFormat(C_INT_FORMAT)=,,
intFmtLen(I_INT_FMT_LEN)=3,
dateFormat(C_DATE_FORM)=yyyy-mm-dd,
,

==========CE session system information:
system information is a null object.
==========Watching important CE session data [end......]
 [end]

[start] [DEBUG] [2026-07-10 15:19:08.271] [C010897_C010897CPA1] 
====request content is: 
    Request Type: Temp
Component : DBHelper
Session Context is: 
com.cs.core.utility.SessionContext@58defd3
Request Info Type : com.cs.core.dao.exec.SQLDao
Request Info Content is: 
[01]INSERT INTO CETRX.TRX_ACT_LOG (C_LOG_ID,C_BK_GROUP_ID,C_CNTY_CODE,C_GRP_CODE,C_UNIT_CODE,C_USER_ID,C_IP_ADDRESS,C_FUNC_ID,D_CREA_DATE,T_CREA_TIME,D_SYS_OP_DATE,T_SYS_OP_TIME,D_SYS_TRT_DATE,T_SYS_TRT_TIME,C_BUSI_KEY) VALUES ('8A8284979F4ACCAA019F4BC0B4EE0243','CSBANK','US','C010897','C010897','C010897CPA1','10.3.1.53','LogOut','2026-07-10','11:19:08','2026-07-10','11:19:08','2026-07-10','11:19:08','C010897;C010897CPA1')

 [end]

[start] [DEBUG] [2026-07-10 15:19:08.277] [C010897_C010897CPA1] 
====request content is: 
    Request Type: Temp
Component : DBHelper
Session Context is: 
com.cs.core.utility.SessionContext@e6351c54
Request Info Type : com.cs.core.dao.exec.SQLDao
Request Info Content is: 
[01]DELETE FROM CEUSER.SEC_LOGIN_SESSION WHERE C_BK_GROUP_ID = 'CSBANK' AND C_USER_ID = 'C010897CPA1' AND C_UNIT_CODE = 'C010897' AND C_SESSION_ID = 'WYWW1UVDLta9mhDyyoSw7fu' 

 [end]

[start] [DEBUG] [2026-07-10 15:19:08.281] [C010897_C010897CPA1] 
== go to screen: /SYS_index.htm [end]

[start] [DEBUG] [2026-07-10 15:19:08.396] [C010897_C010897CPA1] 
The request URI is : /BL6CEWeb/JS/rsaencrypt/Publickey.js [end]

[start] [DEBUG] [2026-07-10 15:19:08.396] [C010897_C010897CPA1] 
The request URI is : /BL6CEWeb/JS/rsaencrypt/jsencrypt.min.js [end]

[start] [DEBUG] [2026-07-10 15:19:08.398] [C010897_C010897CPA1] 
The session refresh token in session is : null [end]

[start] [DEBUG] [2026-07-10 15:19:08.398] [C010897_C010897CPA1] 
The session refresh token in session is : null [end]

[start] [DEBUG] [2026-07-10 15:19:08.401] [C010897_C010897CPA1] 
The request URI is : /BL6CEWeb/SYS_JS/jQuery/jquery.min.js [end]

[start] [DEBUG] [2026-07-10 15:19:08.401] [C010897_C010897CPA1] 
The session refresh token in session is : null [end]

[start] [DEBUG] [2026-07-10 15:19:14.156] [C010897_C010897CPA1] 
The request URI is : /BL6CEWeb/screen/SECindex.htm [end]

[start] [DEBUG] [2026-07-10 15:19:14.157] [C010897_C010897CPA1] 
The session refresh token in session is : null [end]
