
[start] [DEBUG] [2026-07-10 08:50:39.030] [C013133_C013133MCM1] 
browserLanguage :en [end]

[start] [DEBUG] [2026-07-10 08:50:39.037] [C013133_C013133MCM1] 
acceptLanguage :en-US,en;q=0.9 [end]

[start] [DEBUG] [2026-07-10 08:50:39.038] [C013133_C013133MCM1] 
defaultLanguage :null [end]

[start] [DEBUG] [2026-07-10 08:50:39.046] [C013133_C013133MCM1] 
====request content is: 
    Request Type: Temp
Component : DBHelper
Session Context is: 
com.cs.core.utility.SessionContext@e674bfda
Request Info Type : com.cs.core.dao.exec.SQLDao
Request Info Content is: 
[01]DELETE FROM CEUSER.SEC_LOGIN_SESSION WHERE C_USER_ID = 'C013133MCM1' AND C_UNIT_CODE = 'C013133' AND C_BK_GROUP_ID = 'CSBANK' AND C_SESSION_ID = 'afsLMQTlbDWmdNApniIO0VY' 
[02]UPDATE CEUSER.SEC_LOGIN_SESSION SET C_IS_INFORM = 'T' WHERE C_USER_ID = 'C013133MCM1' AND C_UNIT_CODE = 'C013133' AND C_BK_GROUP_ID = 'CSBANK' 
[03]INSERT INTO CEUSER.SEC_LOGIN_SESSION (C_BK_GROUP_ID,C_UNIT_CODE,C_USER_ID,C_SESSION_ID,C_IS_INFORM) VALUES ('CSBANK','C013133','C013133MCM1','afsLMQTlbDWmdNApniIO0VY','F')

 [end]

[start] [DEBUG] [2026-07-10 08:50:39.066] [C013133_C013133MCM1] 

------------------ Session ID : afsLMQTlbDWmdNApniIO0VY --------------------

{SS_USER_INFO,userId(C_USER_ID)=C013133MCM1,
userDesc(C_USER_DESC)=C013133MCM1,
userType(I_USER_TYPE)=2,
multiLogin(I_MULTI_LOGIN)=true,
deftUnitCode(C_DFLT_UNIT_CODE)=C013133,
authLevel(I_AUTH_LEVEL)=1,
langVal(C_LANG_VAL)=null,
secType(I_SEC_TYPE)=-1,
tempProtect(C_TMPL_PROTECT)=F,
C_TIMEZONE_ID=null
C_UNIT_CODE=C013133
C_CNTY_CODE=US
C_LANG_NAME=null
C_CHANGE_PSW=F
C_LOGIN_RULE=null
C_AUTH_SET=null
C_PRIVATE_MAIL=susie.dong@chinasystems.com
C_BK_GROUP_ID=CSBANK
}

{USER_NORMAL_LOGON,Y}

{C_USER_ID,C013133MCM1}

{SS_LOG_INFO,com.cs.core.pojo.buinfo.LogSessionInfo@78980549}

{SS_CLIENT_INFO,ssoWay(SSO_WAY)=null
ip=10.3.1.40
loginURL=SYS_index.htm
no any attribute}

{SS_FAP_INFO,C013133=
<ci name=C013133>
    <pdt id = FHS0YffwVNuA    authlevel=1>
        <E3o1b6pUPjix/>
        <jnIqGfgOGyM4/>
        <vvdXYVdtu5PO/>
        <yPHXuSVapk8S/>
    </pdt>
    <pdt id = P06022700000    authlevel=1>
        <F05030700584/>
        <F05030700585/>
        <F05030700586/>
        <F05030700587/>
        <F05030700649/>
        <F05030700710/>
    </pdt>
    <pdt id = P08010300000    authlevel=1>
        <F05030700820/>
        <F05030700821/>
        <F05030700822/>
    </pdt>
    <pdt id = P08111800000    authlevel=1>
        <F05030700941/>
        <F05030700942/>
        <F05030700949/>
    </pdt>
    <pdt id = P13101500000    authlevel=1>
        <F05030700988/>
        <F05030700989/>
        <F05030700990/>
        <F05030700992/>
        <F05030700995/>
        <F05030700996/>
        <F05030700997/>
        <F05030700998/>
        <F05030701019/>
        <F05030701033/>
        <F05030701039/>
        <F05030701042/>
    </pdt>
    <pdt id = P13111900000    authlevel=1>
        <F05030701006/>
        <F05030701008/>
        <F05030701010/>
        <F05030701011/>
        <F05030701014/>
        <F05030701015/>
        <F05030701016/>
        <F05030701017/>
        <F05030701018/>
        <F05030701038/>
    </pdt>
    <pdt id = P14042500000    authlevel=1>
        <F05030701053/>
        <F05030701054/>
        <F05030701093/>
        <F05030701094/>
        <F05030701095/>
        <F05030701184/>
        <F05030701185/>
    </pdt>
    <pdt id = P14042500001    authlevel=1>
        <F05030701080/>
        <F05030701082/>
        <F05030701083/>
        <F05030701084/>
        <F05030701088/>
        <F05030701089/>
        <F05030701096/>
        <F05030701097/>
        <F05030701116/>
        <F05030701119/>
        <F05030701120/>
        <F05030701121/>
        <F05030701122/>
        <F05030701123/>
        <F05030701124/>
        <F05030701125/>
        <F05030701126/>
        <F05030701128/>
        <F05030701129/>
        <F05030701130/>
        <F05030701131/>
        <F05030701134/>
        <F05030701135/>
        <F05030701136/>
        <F05030701139/>
        <F05030701140/>
        <F05030701141/>
        <F05030701142/>
    </pdt>
    <pdt id = P16062000000    authlevel=1>
        <F05030701157/>
        <F05030701158/>
        <F05030701159/>
        <F05030701160/>
        <F05030701166/>
    </pdt>
    <pdt id = P16062300000    authlevel=1>
        <F05030701162/>
        <F05030701165/>
    </pdt>
    <pdt id = P19080800000    authlevel=1>
        <F05030701188/>
        <F05030701189/>
        <F05030701191/>
        <F05030701194/>
        <F05030701197/>
        <F05030701198/>
        <F05030701199/>
        <F05030701200/>
        <F05030701201/>
        <F05030701202/>
        <I1NJhPbpPpES/>
        <qSHCYUn96gNz/>
    </pdt>
    <pdt id = P19080800001    authlevel=1>
        <Fsr5rNiaoOOv/>
        <RhjyIdDgmogc/>
        <YoCV1ozbR97y/>
        <clR0uTsZ0ppf/>
        <eY3rhG3DHWUg/>
        <hhxIhYm59FlX/>
        <lQCbD5Oy9DdC/>
        <oSjl8ADUkzf1/>
        <pE4zoqzrtPMU/>
        <paOx9RzWfE7J/>
        <wBRcPvagnKpt/>
    </pdt>
    <pdt id = P19080800002    authlevel=1>
        <E1eKNgSp5mMA/>
        <F05030701218/>
        <F05030701219/>
        <F05030701222/>
        <Ivyj1dfdlHz8/>
        <bLA4AbFaEARt/>
        <xS38ls1GFYMx/>
    </pdt>
    <pdt id = P20030600000    authlevel=1>
        <F05030701223/>
        <F05030701225/>
    </pdt>
    <pdt id = P20030600001    authlevel=1>
        <F05030701228/>
    </pdt>
    <pdt id = epF3a6u4ZGAt    authlevel=1>
        <H41mNZC5cwS0/>
        <NRL143n3f1Fb/>
        <O9VURSxMR3jx/>
        <ObwHTXVfZqhv/>
        <RYUNlokSJwnS/>
        <YLhR0dUYVujx/>
        <i6NK4m6dOBhG/>
        <tgFrsDBwNjju/>
    </pdt>
</ci>
}

{C_BUSINESS_UNIT,C013133}

{SS_GRP_INFO,unitCode(C_UNIT_CODE)=C013133,
unitName(C_UNIT_NAME)=SHANGHAI LINSHENG TRADING CO.LTD.,
bkGrpId(C_BK_GROUP_ID)=CSBANK,
cntyCode(C_CNTY_CODE)=US,
subCnty(C_SUB_CNTY)=US,
bank(C_IS_BANK)=F,
secType(I_SEC_TYPE)=3
tempProtect(C_TMPL_PROTECT)=F,
C_LANG_NAME=null
I_UNIT_TYPE=1
C_HAVE_AUTH=T
C_LANG_VAL=null
C_BANK_UNIT=null
C_BANK_CODE=null
dualCtrl(C_DUAL_CTRL)=T,
custFmt=decFormat(C_DEC_FORMAT)=.,
intFormat(C_INT_FORMAT)=,,
intFmtLen(I_INT_FMT_LEN)=3,
dateFormat(C_DATE_FORM)=yyyy-mm-dd,
,
}

{isFirstChangeMail,false}

{GLOBAL_REFRESH_TOKEN,1783659038984}

{CSRFKEY,[I@b7abe2d0}

{inActiveComps,[]}

{SS_TREE_ARRAY,[[Ljava.lang.String;@f469724c}

{CSRFTOKEN,8A8284979F4A3FB0019F4A5D0905008A}
 [end]

[start] [DEBUG] [2026-07-10 08:50:39.068] [C013133_C013133MCM1] 
====request content is: 
    Request Type: Temp
Component : DBHelper
Session Context is: 
com.cs.core.utility.SessionContext@e674bfda
Request Info Type : com.cs.core.dao.exec.SQLDao
Request Info Content is: 
[01]INSERT INTO CETRX.TRX_ACT_LOG (C_LOG_ID,C_BK_GROUP_ID,C_CNTY_CODE,C_GRP_CODE,C_UNIT_CODE,C_USER_ID,C_IP_ADDRESS,C_FUNC_ID,D_CREA_DATE,T_CREA_TIME,D_SYS_OP_DATE,T_SYS_OP_TIME,D_SYS_TRT_DATE,T_SYS_TRT_TIME,C_BUSI_KEY) VALUES ('8A8284979F4A3FB0019F4A5D095B008B','CSBANK','US','C013133','C013133','C013133MCM1','10.3.1.40','Login','2026-07-10','04:50:39','2026-07-10','04:50:39','2026-07-10','04:50:39','C013133;C013133MCM1')

 [end]

[start] [DEBUG] [2026-07-10 08:50:39.087] [C013133_C013133MCM1] 
The request URI is : /BL6CEWeb/servlets/CELoginAuthorizationManager [end]

[start] [DEBUG] [2026-07-10 08:50:39.089] [C013133_C013133MCM1] 
The URI is :/BL6CEWeb/servlets/CELoginAuthorizationManager [end]

[start] [DEBUG] [2026-07-10 08:50:39.090] [C013133_C013133MCM1] 
The session refresh token in session is : null [end]

[start] [DEBUG] [2026-07-10 08:50:39.183] [C013133_C013133MCM1] 
The request URI is : /BL6CEWeb/SYS_JS/SYS_ErrHandle.js [end]

[start] [DEBUG] [2026-07-10 08:50:39.184] [C013133_C013133MCM1] 
The URI is :/BL6CEWeb/SYS_JS/SYS_ErrHandle.js [end]

[start] [DEBUG] [2026-07-10 08:50:39.185] [C013133_C013133MCM1] 
The session refresh token in session is : null [end]

[start] [DEBUG] [2026-07-10 08:50:39.208] [C013133_C013133MCM1] 
The request URI is : /BL6CEWeb/servlets/WSTrxManager [end]

[start] [DEBUG] [2026-07-10 08:50:39.209] [C013133_C013133MCM1] 
The URI is :/BL6CEWeb/servlets/WSTrxManager [end]

[start] [DEBUG] [2026-07-10 08:50:39.210] [C013133_C013133MCM1] 
The session refresh token in session is : null [end]

[start] [DEBUG] [2026-07-10 08:50:39.212] [C013133_C013133MCM1] 
====request content is: 
    Request Type: Temp
Component : DBHelper
Session Context is: 
com.cs.core.utility.SessionContext@941be953
Request Info Type : com.cs.core.dao.exec.SQLDao
Request Info Content is: 
[01]SELECT C_INACTIVE FROM CEUSER.SEC_USER_INFO WHERE C_USER_ID = 'C013133MCM1' AND C_UNIT_CODE = 'C013133' 

 [end]

[start] [DEBUG] [2026-07-10 08:50:39.216] [C013133_C013133MCM1] 
====request content is: 
    Request Type: Temp
Component : DBHelper
Session Context is: 
com.cs.core.utility.SessionContext@941be953
Request Info Type : com.cs.core.dao.exec.SQLDao
Request Info Content is: 
[01]SELECT C_IS_INFORM FROM CEUSER.SEC_LOGIN_SESSION WHERE C_SESSION_ID = 'afsLMQTlbDWmdNApniIO0VY' 

 [end]

[start] [DEBUG] [2026-07-10 08:50:39.220] [C013133_C013133MCM1] 

------------------ Session ID : afsLMQTlbDWmdNApniIO0VY --------------------

{com.ibm.websphere.servlet.uri_non_decoded,/BL6CEWeb/servlets/WSTrxManager}

{CHECKED_REFRESH,T}

{JSESSIONID,}

{javax.servlet.forward.query_string, 
CSRFTOKEN=8AR8QV52FKmzI8Xvp4u9x1F79gF4A3DkFBF0s200m1z9F4TUHsA5D3090500q8lA
_TRX_STATUS=SESSION_LIFE_CYCLE
MOTION_TYPE=INIT
REFRESH_TOKEN=1
AjaxPost=T
}
 [end]

[start] [DEBUG] [2026-07-10 08:50:39.247] [C013133_C013133MCM1] 
The request URI is : /BL6CEWeb/SPA/assets/app.config.json [end]

[start] [DEBUG] [2026-07-10 08:50:39.247] [C013133_C013133MCM1] 
====request content is: 
    Request Type: Temp
Component : DBHelper
Session Context is: 
com.cs.core.utility.SessionContext@f52c341c
Request Info Type : com.cs.core.dao.exec.SQLDao
Request Info Content is: 
[01]SELECT C_INACTIVE FROM CEUSER.SEC_USER_INFO WHERE C_USER_ID = 'C013133MCM1' AND C_UNIT_CODE = 'C013133' 

 [end]

[start] [DEBUG] [2026-07-10 08:50:39.248] [C013133_C013133MCM1] 
The URI is :/BL6CEWeb/SPA/assets/app.config.json [end]

[start] [DEBUG] [2026-07-10 08:50:39.249] [C013133_C013133MCM1] 
The session refresh token in session is : null [end]

[start] [DEBUG] [2026-07-10 08:50:39.251] [C013133_C013133MCM1] 
The request URI is : /BL6CEWeb/v1/openapi/mlg/component [end]

[start] [DEBUG] [2026-07-10 08:50:39.252] [C013133_C013133MCM1] 
The URI is :/BL6CEWeb/v1/openapi/mlg/component [end]

[start] [DEBUG] [2026-07-10 08:50:39.254] [C013133_C013133MCM1] 
The session refresh token in session is : null [end]

[start] [DEBUG] [2026-07-10 08:50:39.280] [C013133_C013133MCM1] 
====request content is: 
    Request Type: Temp
Component : DBHelper
Session Context is: 
com.cs.core.utility.SessionContext@8896bb06
Request Info Type : com.cs.core.dao.exec.SQLDao
Request Info Content is: 
[01]SELECT C_INACTIVE FROM CEUSER.SEC_USER_INFO WHERE C_USER_ID = 'C013133MCM1' AND C_UNIT_CODE = 'C013133' 

 [end]

[start] [DEBUG] [2026-07-10 08:50:39.284] [C013133_C013133MCM1] 
The request URI is : /BL6CEWeb/v1/openapi/notice/item/count [end]

[start] [DEBUG] [2026-07-10 08:50:39.285] [C013133_C013133MCM1] 
The URI is :/BL6CEWeb/v1/openapi/notice/item/count [end]

[start] [DEBUG] [2026-07-10 08:50:39.286] [C013133_C013133MCM1] 
The session refresh token in session is : null [end]

[start] [DEBUG] [2026-07-10 08:50:39.286] [C013133_C013133MCM1] 
====request content is: 
    Request Type: Temp
Component : DBHelper
Session Context is: 
com.cs.core.utility.SessionContext@c6a8a477
Request Info Type : com.cs.core.dao.exec.SQLDao
Request Info Content is: 
[01]SELECT C_INACTIVE FROM CEUSER.SEC_USER_INFO WHERE C_USER_ID = 'C013133MCM1' AND C_UNIT_CODE = 'C013133' 

 [end]

[start] [DEBUG] [2026-07-10 08:50:39.290] [C013133_C013133MCM1] 
The request URI is : /BL6CEWeb/v1/openapi/user/roles [end]

[start] [DEBUG] [2026-07-10 08:50:39.290] [C013133_C013133MCM1] 
====request content is: 
    Request Type: Temp
Component : DBHelper
Session Context is: 
com.cs.core.utility.SessionContext@8896bb06
Request Info Type : com.cs.core.dao.exec.SQLDao
Request Info Content is: 
[01]SELECT COUNT(*) AS RECCOUNT FROM CETRX.STD_NOTIFICATION  WHERE C_NOTI_ID IN ( SELECT C_NOTI_ID FROM CETRX.STD_NOTIFICATION_STATUS  WHERE  C_READ_STATUS = 'F'  AND  C_USER_ID = 'C013133MCM1'  AND  C_UNIT_CODE = 'C013133'  )

 [end]

[start] [DEBUG] [2026-07-10 08:50:39.291] [C013133_C013133MCM1] 
The URI is :/BL6CEWeb/v1/openapi/user/roles [end]

[start] [DEBUG] [2026-07-10 08:50:39.292] [C013133_C013133MCM1] 
The session refresh token in session is : null [end]

[start] [DEBUG] [2026-07-10 08:50:39.299] [C013133_C013133MCM1] 
====request content is: 
    Request Type: Temp
Component : DBHelper
Session Context is: 
com.cs.core.utility.SessionContext@101e5333
Request Info Type : com.cs.core.dao.exec.SQLDao
Request Info Content is: 
[01]SELECT C_INACTIVE FROM CEUSER.SEC_USER_INFO WHERE C_USER_ID = 'C013133MCM1' AND C_UNIT_CODE = 'C013133' 

 [end]

[start] [DEBUG] [2026-07-10 08:50:39.303] [C013133_C013133MCM1] 
The request URI is : /BL6CEWeb/v1/openapi/services [end]

[start] [DEBUG] [2026-07-10 08:50:39.304] [C013133_C013133MCM1] 
The URI is :/BL6CEWeb/v1/openapi/services [end]

[start] [DEBUG] [2026-07-10 08:50:39.305] [C013133_C013133MCM1] 
The session refresh token in session is : null [end]

[start] [DEBUG] [2026-07-10 08:50:39.306] [C013133_C013133MCM1] 
====request content is: 
    Request Type: Temp
Component : DBHelper
Session Context is: 
com.cs.core.utility.SessionContext@1d68fd1c
Request Info Type : com.cs.core.dao.exec.SQLDao
Request Info Content is: 
[01]SELECT C_INACTIVE FROM CEUSER.SEC_USER_INFO WHERE C_USER_ID = 'C013133MCM1' AND C_UNIT_CODE = 'C013133' 

 [end]

[start] [DEBUG] [2026-07-10 08:50:39.310] [C013133_C013133MCM1] 
The request URI is : /BL6CEWeb/v1/openapi/user/fap/action [end]

[start] [DEBUG] [2026-07-10 08:50:39.311] [C013133_C013133MCM1] 
The URI is :/BL6CEWeb/v1/openapi/user/fap/action [end]

[start] [DEBUG] [2026-07-10 08:50:39.312] [C013133_C013133MCM1] 
The session refresh token in session is : null [end]

[start] [DEBUG] [2026-07-10 08:50:39.316] [C013133_C013133MCM1] 
====request content is: 
    Request Type: Temp
Component : DBHelper
Session Context is: 
com.cs.core.utility.SessionContext@1d68fd1c
Request Info Type : com.cs.core.dao.exec.SQLDao
Request Info Content is: 
[01]SELECT * FROM CEUSER.SEC_BUSINESS_UNIT WHERE C_UNIT_CODE = 'C013133' 

 [end]

[start] [DEBUG] [2026-07-10 08:50:39.397] [C013133_C013133MCM1] 
====request content is: 
    Request Type: Temp
Component : DBHelper
Session Context is: 
com.cs.core.utility.SessionContext@5a234af0
Request Info Type : com.cs.core.dao.exec.SQLDao
Request Info Content is: 
[01]SELECT C_INACTIVE FROM CEUSER.SEC_USER_INFO WHERE C_USER_ID = 'C013133MCM1' AND C_UNIT_CODE = 'C013133' 

 [end]

[start] [DEBUG] [2026-07-10 08:50:39.401] [C013133_C013133MCM1] 
The request URI is : /BL6CEWeb/v1/openapi/notification/bell [end]

[start] [DEBUG] [2026-07-10 08:50:39.403] [C013133_C013133MCM1] 
The URI is :/BL6CEWeb/v1/openapi/notification/bell [end]

[start] [DEBUG] [2026-07-10 08:50:39.404] [C013133_C013133MCM1] 
The session refresh token in session is : null [end]

[start] [DEBUG] [2026-07-10 08:50:39.415] [C013133_C013133MCM1] 
====request content is: 
    Request Type: Temp
Component : DBHelper
Session Context is: 
com.cs.core.utility.SessionContext@101e5333
Request Info Type : com.cs.core.dao.exec.SQLDao
Request Info Content is: 
[01]SELECT C_FUNC_ID,T_OP_TIME FROM CETRX.TRX_FAVOR_FUNC  WHERE  C_UNIT_CODE = 'C013133'  AND  C_USER_ID = 'C013133MCM1'  ORDER BY  T_OP_TIME DESC 

 [end]

[start] [DEBUG] [2026-07-10 08:50:39.425] [C013133_C013133MCM1] 
====request content is: 
    Request Type: Temp
Component : DBHelper
Session Context is: 
com.cs.core.utility.SessionContext@7eeafeb5
Request Info Type : com.cs.core.dao.exec.SQLDao
Request Info Content is: 
[01]SELECT C_INACTIVE FROM CEUSER.SEC_USER_INFO WHERE C_USER_ID = 'C013133MCM1' AND C_UNIT_CODE = 'C013133' 

 [end]

[start] [DEBUG] [2026-07-10 08:50:39.429] [C013133_C013133MCM1] 
The request URI is : /BL6CEWeb/v1/openapi/widget/page/load [end]

[start] [DEBUG] [2026-07-10 08:50:39.461] [C013133_C013133MCM1] 
====request content is: 
    Request Type: Temp
Component : DBHelper
Session Context is: 
com.cs.core.utility.SessionContext@8a64fc01
Request Info Type : com.cs.core.dao.exec.SQLDao
Request Info Content is: 
[01]SELECT C_INACTIVE FROM CEUSER.SEC_USER_INFO WHERE C_USER_ID = 'C013133MCM1' AND C_UNIT_CODE = 'C013133' 

 [end]

[start] [DEBUG] [2026-07-10 08:50:39.463] [C013133_C013133MCM1] 
The URI is :/BL6CEWeb/v1/openapi/widget/page/load [end]

[start] [DEBUG] [2026-07-10 08:50:39.465] [C013133_C013133MCM1] 
The request URI is : /BL6CEWeb/v1/openapi/widget/list [end]

[start] [DEBUG] [2026-07-10 08:50:39.466] [C013133_C013133MCM1] 
The URI is :/BL6CEWeb/v1/openapi/widget/list [end]

[start] [DEBUG] [2026-07-10 08:50:39.467] [C013133_C013133MCM1] 
The session refresh token in session is : null [end]

[start] [DEBUG] [2026-07-10 08:50:39.471] [C013133_C013133MCM1] 
The session refresh token in session is : null [end]

[start] [DEBUG] [2026-07-10 08:50:39.539] [C013133_C013133MCM1] 
====request content is: 
    Request Type: Temp
Component : DBHelper
Session Context is: 
com.cs.core.utility.SessionContext@1d68fd1c
Request Info Type : com.cs.core.dao.exec.SQLDao
Request Info Content is: 
[01]SELECT C_AUTH_RULE FROM CEUSER.SEC_USER_INFO WHERE C_BK_GROUP_ID = 'CSBANK' AND C_UNIT_CODE = 'C013133' AND C_USER_ID = 'C013133MCM1' 

 [end]

[start] [DEBUG] [2026-07-10 08:50:39.541] [C013133_C013133MCM1] 
====request content is: 
    Request Type: Temp
Component : DBHelper
Session Context is: 
com.cs.core.utility.SessionContext@7eeafeb5
Request Info Type : com.cs.core.dao.exec.SQLDao
Request Info Content is: 
[01]SELECT DISTINCT C_WIDGET_NAME FROM CEUSER.SEC_WIDGETS_V2_LIST  WHERE  C_IS_ACTIVE = 'Y'  AND  C_ROLE_NAME IN ('MAKER','CHECKER')  ORDER BY  C_WIDGET_NAME 

 [end]

[start] [DEBUG] [2026-07-10 08:50:39.545] [C013133_C013133MCM1] 
====request content is: 
    Request Type: Temp
Component : DBHelper
Session Context is: 
com.cs.core.utility.SessionContext@7eeafeb5
Request Info Type : com.cs.core.dao.exec.SQLDao
Request Info Content is: 
[01]SELECT TAB.C_TAB_ID,TAB.C_TAB_NAME,TAB.I_TAB_SEQUENCE FROM CEUSER.SEC_WIDGETS_V2_TABS TAB LEFT JOIN CEUSER.SEC_WIDGETS_V2_LAYOUT LYT ON (TAB.C_TAB_ID = LYT.C_TAB_ID AND  TAB.C_UNIT_CODE = LYT.C_UNIT_CODE AND TAB.C_USER_ID = LYT.C_USER_ID )    WHERE  TAB.C_UNIT_CODE = 'C013133'  AND  TAB.C_USER_ID = 'C013133MCM1'  AND  LYT.C_PAGE_NAME = 'default'  ORDER BY  TAB.I_TAB_SEQUENCE ASC 

 [end]

[start] [DEBUG] [2026-07-10 08:50:39.547] [C013133_C013133MCM1] 
====request content is: 
    Request Type: Temp
Component : DBHelper
Session Context is: 
com.cs.core.utility.SessionContext@8a64fc01
Request Info Type : com.cs.core.dao.exec.SQLDao
Request Info Content is: 
[01]SELECT DISTINCT C_WIDGET_NAME FROM CEUSER.SEC_WIDGETS_V2_LIST  WHERE  C_IS_ACTIVE = 'Y'  AND  C_ROLE_NAME IN ('MAKER','CHECKER')  ORDER BY  C_WIDGET_NAME 

 [end]

[start] [DEBUG] [2026-07-10 08:50:39.549] [C013133_C013133MCM1] 
Start to check whether user role is changed. [end]

[start] [DEBUG] [2026-07-10 08:50:39.553] [C013133_C013133MCM1] 
====request content is: 
    Request Type: Temp
Component : DBHelper
Session Context is: 
com.cs.core.utility.SessionContext@1d68fd1c
Request Info Type : com.cs.core.dao.exec.SQLDao
Request Info Content is: 
[01]SELECT C_AUTH_RULE FROM CEUSER.SEC_BUSINESS_UNIT WHERE C_BK_GROUP_ID = 'CSBANK' AND C_UNIT_CODE = 'C013133' 

 [end]

[start] [DEBUG] [2026-07-10 08:50:39.574] [C013133_C013133MCM1] 
====request content is: 
    Request Type: Temp
Component : DBHelper
Session Context is: 
com.cs.core.utility.SessionContext@7eeafeb5
Request Info Type : com.cs.core.dao.exec.SQLDao
Request Info Content is: 
[01]SELECT C_LAYOUT_INFO FROM CEUSER.SEC_WIDGETS_V2_LAYOUT  WHERE  C_UNIT_CODE = 'C013133'  AND  C_USER_ID = 'C013133MCM1'  AND  C_PAGE_NAME = 'default' 

 [end]

[start] [DEBUG] [2026-07-10 08:50:39.609] [C013133_C013133MCM1] 
Check whether user role is changed end. Result is: false [end]

[start] [DEBUG] [2026-07-10 08:50:39.612] [C013133_C013133MCM1] 
====request content is: 
    Request Type: Temp
Component : DBHelper
Session Context is: 
com.cs.core.utility.SessionContext@7eeafeb5
Request Info Type : com.cs.core.dao.exec.SQLDao
Request Info Content is: 
[01]SELECT TAB.C_TAB_ID,TAB.C_TAB_NAME,TAB.I_TAB_SEQUENCE,LYT.C_LAYOUT_INFO FROM CEUSER.SEC_WIDGETS_V2_TABS TAB LEFT JOIN CEUSER.SEC_WIDGETS_V2_LAYOUT LYT ON (TAB.C_TAB_ID = LYT.C_TAB_ID AND  TAB.C_UNIT_CODE = LYT.C_UNIT_CODE AND TAB.C_USER_ID = LYT.C_USER_ID )    WHERE  TAB.C_UNIT_CODE = 'C013133'  AND  TAB.C_USER_ID = 'C013133MCM1'  AND  LYT.C_PAGE_NAME = 'default'  ORDER BY  TAB.I_TAB_SEQUENCE ASC 

 [end]

[start] [DEBUG] [2026-07-10 08:50:39.627] [C013133_C013133MCM1] 
====request content is: 
    Request Type: Temp
Component : DBHelper
Session Context is: 
com.cs.core.utility.SessionContext@7eeafeb5
Request Info Type : com.cs.core.dao.exec.SQLDao
Request Info Content is: 
[01]SELECT C_INST_CONFIG FROM CEUSER.SEC_WIDGETS_V2_INST_CONFIG  WHERE  C_INST_ID = '8A8284979ED08B07019ED1298A170188'  AND  C_UNIT_CODE = 'C013133'  AND  C_USER_ID = 'C013133MCM1' 

 [end]

[start] [DEBUG] [2026-07-10 08:50:39.635] [C013133_C013133MCM1] 
====request content is: 
    Request Type: Temp
Component : DBHelper
Session Context is: 
com.cs.core.utility.SessionContext@7eeafeb5
Request Info Type : com.cs.core.dao.exec.SQLDao
Request Info Content is: 
[01]SELECT C_INST_CONFIG FROM CEUSER.SEC_WIDGETS_V2_INST_CONFIG  WHERE  C_INST_ID = '8A8284979ED08B07019ED1298A170188'  AND  C_UNIT_CODE = 'C013133'  AND  C_USER_ID = 'C013133MCM1' 

 [end]

[start] [DEBUG] [2026-07-10 08:50:39.642] [C013133_C013133MCM1] 
====request content is: 
    Request Type: Temp
Component : DBHelper
Session Context is: 
com.cs.core.utility.SessionContext@7eeafeb5
Request Info Type : com.cs.core.dao.exec.SQLDao
Request Info Content is: 
[01]SELECT C_INST_CONFIG FROM CEUSER.SEC_WIDGETS_V2_INST_CONFIG  WHERE  C_INST_ID = '8A8284979ED08B07019ED1298A31018B'  AND  C_UNIT_CODE = 'C013133'  AND  C_USER_ID = 'C013133MCM1' 

 [end]

[start] [DEBUG] [2026-07-10 08:50:39.648] [C013133_C013133MCM1] 
====request content is: 
    Request Type: Temp
Component : DBHelper
Session Context is: 
com.cs.core.utility.SessionContext@7eeafeb5
Request Info Type : com.cs.core.dao.exec.SQLDao
Request Info Content is: 
[01]SELECT C_INST_CONFIG FROM CEUSER.SEC_WIDGETS_V2_INST_CONFIG  WHERE  C_INST_ID = '8A8284979ED08B07019ED1298A31018B'  AND  C_UNIT_CODE = 'C013133'  AND  C_USER_ID = 'C013133MCM1' 

 [end]

[start] [DEBUG] [2026-07-10 08:50:39.656] [C013133_C013133MCM1] 
====request content is: 
    Request Type: Temp
Component : DBHelper
Session Context is: 
com.cs.core.utility.SessionContext@7eeafeb5
Request Info Type : com.cs.core.dao.exec.SQLDao
Request Info Content is: 
[01]SELECT C_INST_CONFIG FROM CEUSER.SEC_WIDGETS_V2_INST_CONFIG  WHERE  C_INST_ID = '8A8284979ED08B07019ED1298A200189'  AND  C_UNIT_CODE = 'C013133'  AND  C_USER_ID = 'C013133MCM1' 

 [end]

[start] [DEBUG] [2026-07-10 08:50:39.662] [C013133_C013133MCM1] 
====request content is: 
    Request Type: Temp
Component : DBHelper
Session Context is: 
com.cs.core.utility.SessionContext@7eeafeb5
Request Info Type : com.cs.core.dao.exec.SQLDao
Request Info Content is: 
[01]SELECT C_INST_CONFIG FROM CEUSER.SEC_WIDGETS_V2_INST_CONFIG  WHERE  C_INST_ID = '8A8284979ED08B07019ED1298A200189'  AND  C_UNIT_CODE = 'C013133'  AND  C_USER_ID = 'C013133MCM1' 

 [end]

[start] [DEBUG] [2026-07-10 08:50:39.668] [C013133_C013133MCM1] 
====request content is: 
    Request Type: Temp
Component : DBHelper
Session Context is: 
com.cs.core.utility.SessionContext@7eeafeb5
Request Info Type : com.cs.core.dao.exec.SQLDao
Request Info Content is: 
[01]SELECT C_INST_CONFIG FROM CEUSER.SEC_WIDGETS_V2_INST_CONFIG  WHERE  C_INST_ID = '8A8284979ED08B07019ED1298A39018C'  AND  C_UNIT_CODE = 'C013133'  AND  C_USER_ID = 'C013133MCM1' 

 [end]

[start] [DEBUG] [2026-07-10 08:50:39.673] [C013133_C013133MCM1] 
====request content is: 
    Request Type: Temp
Component : DBHelper
Session Context is: 
com.cs.core.utility.SessionContext@7eeafeb5
Request Info Type : com.cs.core.dao.exec.SQLDao
Request Info Content is: 
[01]SELECT C_INST_CONFIG FROM CEUSER.SEC_WIDGETS_V2_INST_CONFIG  WHERE  C_INST_ID = '8A8284979ED08B07019ED1298A39018C'  AND  C_UNIT_CODE = 'C013133'  AND  C_USER_ID = 'C013133MCM1' 

 [end]

[start] [DEBUG] [2026-07-10 08:50:39.680] [C013133_C013133MCM1] 
====request content is: 
    Request Type: Temp
Component : DBHelper
Session Context is: 
com.cs.core.utility.SessionContext@7eeafeb5
Request Info Type : com.cs.core.dao.exec.SQLDao
Request Info Content is: 
[01]SELECT C_INST_CONFIG FROM CEUSER.SEC_WIDGETS_V2_INST_CONFIG  WHERE  C_INST_ID = '8A8284979ED08B07019ED1298A28018A'  AND  C_UNIT_CODE = 'C013133'  AND  C_USER_ID = 'C013133MCM1' 

 [end]

[start] [DEBUG] [2026-07-10 08:50:39.685] [C013133_C013133MCM1] 
====request content is: 
    Request Type: Temp
Component : DBHelper
Session Context is: 
com.cs.core.utility.SessionContext@7eeafeb5
Request Info Type : com.cs.core.dao.exec.SQLDao
Request Info Content is: 
[01]SELECT C_INST_CONFIG FROM CEUSER.SEC_WIDGETS_V2_INST_CONFIG  WHERE  C_INST_ID = '8A8284979ED08B07019ED1298A28018A'  AND  C_UNIT_CODE = 'C013133'  AND  C_USER_ID = 'C013133MCM1' 

 [end]

[start] [DEBUG] [2026-07-10 08:50:39.733] [C013133_C013133MCM1] 
====request content is: 
    Request Type: Temp
Component : DBHelper
Session Context is: 
com.cs.core.utility.SessionContext@c5986578
Request Info Type : com.cs.core.dao.exec.SQLDao
Request Info Content is: 
[01]SELECT C_INACTIVE FROM CEUSER.SEC_USER_INFO WHERE C_USER_ID = 'C013133MCM1' AND C_UNIT_CODE = 'C013133' 

 [end]

[start] [DEBUG] [2026-07-10 08:50:39.737] [C013133_C013133MCM1] 
====request content is: 
    Request Type: Temp
Component : DBHelper
Session Context is: 
com.cs.core.utility.SessionContext@fb3e5155
Request Info Type : com.cs.core.dao.exec.SQLDao
Request Info Content is: 
[01]SELECT C_INACTIVE FROM CEUSER.SEC_USER_INFO WHERE C_USER_ID = 'C013133MCM1' AND C_UNIT_CODE = 'C013133' 

 [end]

[start] [DEBUG] [2026-07-10 08:50:39.738] [C013133_C013133MCM1] 
The request URI is : /BL6CEWeb/v1/openapi/user/roles [end]

[start] [DEBUG] [2026-07-10 08:50:39.740] [C013133_C013133MCM1] 
The URI is :/BL6CEWeb/v1/openapi/user/roles [end]

[start] [DEBUG] [2026-07-10 08:50:39.741] [C013133_C013133MCM1] 
The session refresh token in session is : null [end]

[start] [DEBUG] [2026-07-10 08:50:39.742] [C013133_C013133MCM1] 
The request URI is : /BL6CEWeb/v1/openapi/mainmenu [end]

[start] [DEBUG] [2026-07-10 08:50:39.743] [C013133_C013133MCM1] 
The URI is :/BL6CEWeb/v1/openapi/mainmenu [end]

[start] [DEBUG] [2026-07-10 08:50:39.745] [C013133_C013133MCM1] 
The session refresh token in session is : null [end]

[start] [DEBUG] [2026-07-10 08:50:39.753] [C013133_C013133MCM1] 
====request content is: 
    Request Type: Temp
Component : DBHelper
Session Context is: 
com.cs.core.utility.SessionContext@23f33680
Request Info Type : com.cs.core.dao.exec.SQLDao
Request Info Content is: 
[01]SELECT C_INACTIVE FROM CEUSER.SEC_USER_INFO WHERE C_USER_ID = 'C013133MCM1' AND C_UNIT_CODE = 'C013133' 

 [end]

[start] [DEBUG] [2026-07-10 08:50:39.798] [C013133_C013133MCM1] 
The request URI is : /BL6CEWeb/v1/openapi/widget/recentfunctions/view [end]

[start] [DEBUG] [2026-07-10 08:50:39.800] [C013133_C013133MCM1] 
The URI is :/BL6CEWeb/v1/openapi/widget/recentfunctions/view [end]

[start] [DEBUG] [2026-07-10 08:50:39.801] [C013133_C013133MCM1] 
The session refresh token in session is : null [end]

[start] [DEBUG] [2026-07-10 08:50:39.809] [C013133_C013133MCM1] 
====request content is: 
    Request Type: Temp
Component : DBHelper
Session Context is: 
com.cs.core.utility.SessionContext@23f33680
Request Info Type : com.cs.core.dao.exec.SQLDao
Request Info Content is: 
[01]SELECT C_IS_ACTIVE FROM CEUSER.SEC_WIDGETS_V2_LIST  WHERE  C_WIDGET_NAME = 'ShortcutMenu'  AND  C_ROLE_NAME IN ('MAKER','CHECKER') 

 [end]

[start] [DEBUG] [2026-07-10 08:50:39.815] [C013133_C013133MCM1] 
====request content is: 
    Request Type: Temp
Component : DBHelper
Session Context is: 
com.cs.core.utility.SessionContext@23f33680
Request Info Type : com.cs.core.dao.exec.SQLDao
Request Info Content is: 
[01]SELECT C_FUNC_ID,C_MODULE FROM CETRX.TRX_ACT_LOG WHERE C_FUNC_ID IS NOT NULL AND C_UNIT_CODE = 'C013133' AND C_USER_ID = 'C013133MCM1' AND D_SYS_OP_DATE BETWEEN TO_DATE('2026-06-10','yyyy-MM-dd') AND TO_DATE('2026-07-10','yyyy-MM-dd') ORDER BY D_SYS_OP_DATE DESC,T_SYS_OP_TIME DESC

 [end]

[start] [DEBUG] [2026-07-10 08:50:39.823] [C013133_C013133MCM1] 
====request content is: 
    Request Type: Temp
Component : DBHelper
Session Context is: 
com.cs.core.utility.SessionContext@a4078475
Request Info Type : com.cs.core.dao.exec.SQLDao
Request Info Content is: 
[01]SELECT C_INACTIVE FROM CEUSER.SEC_USER_INFO WHERE C_USER_ID = 'C013133MCM1' AND C_UNIT_CODE = 'C013133' 

 [end]

[start] [DEBUG] [2026-07-10 08:50:39.828] [C013133_C013133MCM1] 
The request URI is : /BL6CEWeb/v1/openapi/widget/favourites/inquire [end]

[start] [DEBUG] [2026-07-10 08:50:39.829] [C013133_C013133MCM1] 
The URI is :/BL6CEWeb/v1/openapi/widget/favourites/inquire [end]

[start] [DEBUG] [2026-07-10 08:50:39.831] [C013133_C013133MCM1] 
The session refresh token in session is : null [end]

[start] [DEBUG] [2026-07-10 08:50:39.836] [C013133_C013133MCM1] 
====request content is: 
    Request Type: Temp
Component : DBHelper
Session Context is: 
com.cs.core.utility.SessionContext@a4078475
Request Info Type : com.cs.core.dao.exec.SQLDao
Request Info Content is: 
[01]SELECT C_FUNC_ID,T_OP_TIME FROM CETRX.TRX_FAVOR_FUNC  WHERE  C_UNIT_CODE = 'C013133'  AND  C_USER_ID = 'C013133MCM1'  ORDER BY  T_OP_TIME DESC 

 [end]

[start] [DEBUG] [2026-07-10 08:50:39.892] [C013133_C013133MCM1] 
Action target is :F05030701228 [end]

[start] [DEBUG] [2026-07-10 08:50:39.894] [C013133_C013133MCM1] 
Action type is :function [end]

[start] [DEBUG] [2026-07-10 08:50:39.918] [C013133_C013133MCM1] 
====request content is: 
    Request Type: Temp
Component : DBHelper
Session Context is: 
com.cs.core.utility.SessionContext@c3894eca
Request Info Type : com.cs.core.dao.exec.SQLDao
Request Info Content is: 
[01]SELECT C_INACTIVE FROM CEUSER.SEC_USER_INFO WHERE C_USER_ID = 'C013133MCM1' AND C_UNIT_CODE = 'C013133' 

 [end]

[start] [DEBUG] [2026-07-10 08:50:39.922] [C013133_C013133MCM1] 
Action target is :Party [end]

[start] [DEBUG] [2026-07-10 08:50:39.924] [C013133_C013133MCM1] 
Action type is :catalog [end]

[start] [DEBUG] [2026-07-10 08:50:39.927] [C013133_C013133MCM1] 
Action target is :Clause [end]

[start] [DEBUG] [2026-07-10 08:50:39.929] [C013133_C013133MCM1] 
Action type is :catalog [end]

[start] [DEBUG] [2026-07-10 08:50:39.932] [C013133_C013133MCM1] 
Action target is :AccountMaintain [end]

[start] [DEBUG] [2026-07-10 08:50:39.933] [C013133_C013133MCM1] 
Action type is :catalog [end]

[start] [DEBUG] [2026-07-10 08:50:39.937] [C013133_C013133MCM1] 
Action target is :EmailGroup [end]

[start] [DEBUG] [2026-07-10 08:50:39.938] [C013133_C013133MCM1] 
Action type is :catalog [end]

[start] [DEBUG] [2026-07-10 08:50:39.944] [C013133_C013133MCM1] 
Action target is :F05030701115 [end]

[start] [DEBUG] [2026-07-10 08:50:39.946] [C013133_C013133MCM1] 
Action type is :function [end]

[start] [DEBUG] [2026-07-10 08:50:39.950] [C013133_C013133MCM1] 
Action target is :Label [end]

[start] [DEBUG] [2026-07-10 08:50:39.951] [C013133_C013133MCM1] 
Action type is :catalog [end]

[start] [DEBUG] [2026-07-10 08:50:39.956] [C013133_C013133MCM1] 
The request URI is : /BL6CEWeb/v1/openapi/ctaction/count [end]

[start] [DEBUG] [2026-07-10 08:50:39.958] [C013133_C013133MCM1] 
The URI is :/BL6CEWeb/v1/openapi/ctaction/count [end]

[start] [DEBUG] [2026-07-10 08:50:39.959] [C013133_C013133MCM1] 
The session refresh token in session is : null [end]

[start] [DEBUG] [2026-07-10 08:50:39.964] [C013133_C013133MCM1] 
The Catalog Object SQL is :SELECT DISTINCT T1.C_BK_GROUP_ID, T1.C_MAIN_REF, T1.C_TRX_REF, T1.C_UNIT_CODE, T1.PARENT_MAIN_REF, T1.C_TRX_STATUS, T1.CURRNT_STATUS, T1.C2A_STATUS, T1.I_EVENT_TIMES, T1.C_MODULE, T1.C_FUNC_ID, T1.C_PRODUCT_ID, T1.C_TRX_ID, T3.C_LOCKED_FLAG, T3.C_LOCKED_OP, T3.C_USER_DESC, T1.D_SYS_OP_DATE, T1.T_SYS_OP_TIME, T1.C2A_CCY, T1.C2A_AMOUNT, T1.C2A_COUNTERPARTY FROM CETRX.TRX_INBOX T1 LEFT JOIN CETRX.TRX_NEXT_FUNC T2 ON T1.C_PRODUCT_ID = T2.C_PRODUCT_ID AND T1.C2A_STATUS = T2.C2A_STATUS AND T1.C_TRX_STATUS = T2.C_TRX_STATUS LEFT JOIN CETRX.TRX_LOCK_INFO T3 ON T1.C_MAIN_REF = T3.C_MAIN_REF AND T1.C_UNIT_CODE = T3.C_UNIT_CODE WHERE (T2.C_NEXT_FUNC_ID IN (SELECT C_FUNC_ID FROM CEUSER.SEC_OP_FUNC WHERE C_USER_ID = ? AND C_GRP_CODE = ? AND C_UNIT_CODE = T1.C_UNIT_CODE) OR T2.C_NEXT_FUNC_ID IN (SELECT C_FUNC_ID FROM CEUSER.SEC_OP_FUNC WHERE C_GRP_CODE = ? AND C_USER_ID IN (SELECT C_ROLE_ID FROM CEUSER.SEC_USER_ROLE WHERE C_USER_ID = ? AND C_GRP_CODE = ?) AND C_UNIT_CODE = T1.C_UNIT_CODE)) AND (T1.C_TRX_STATUS = 'R' OR T1.C2A_STATUS IN ('Rejected by bank', 'Discrepancy notification', 'Document received') AND T1.C_TRX_STATUS = 'M' OR T1.C2A_STATUS IN ('Amendment(Detrimental)_fully authorized', 'Document discrepancy_fully authorized') AND T1.C_TRX_STATUS = 'A') AND T1.C_TRX_ID NOT IN (SELECT C_TRX_ID FROM CETRX.TRX_USER_DISMISS WHERE C_USER_ID = ? AND C_GRP_CODE = ?) AND (T1.C_MODULE = 'IMLC' OR T1.C_MODULE = 'EXLC' OR T1.C_MODULE = 'FAEF' OR T1.C_MODULE = 'FADA' OR T1.C_MODULE = 'TSUM' OR T1.C_MODULE = 'ABLF' OR T1.C_MODULE = 'UPLD') ORDER BY T1.D_SYS_OP_DATE DESC, T1.T_SYS_OP_TIME DESC [end]

[start] [DEBUG] [2026-07-10 08:50:39.968] [C013133_C013133MCM1] 
====request content is: 
    Request Type: Temp
Component : DBHelper
Session Context is: 
com.cs.core.utility.SessionContext@c3894eca
Request Info Type : com.cs.core.dao.exec.SQLDao
Request Info Content is: 
[01]SELECT COUNT(*) FROM (SELECT DISTINCT T1.C_BK_GROUP_ID, T1.C_MAIN_REF, T1.C_TRX_REF, T1.C_UNIT_CODE, T1.PARENT_MAIN_REF, T1.C_TRX_STATUS, T1.CURRNT_STATUS, T1.C2A_STATUS, T1.I_EVENT_TIMES, T1.C_MODULE, T1.C_FUNC_ID, T1.C_PRODUCT_ID, T1.C_TRX_ID, T3.C_LOCKED_FLAG, T3.C_LOCKED_OP, T3.C_USER_DESC, T1.D_SYS_OP_DATE, T1.T_SYS_OP_TIME, T1.C2A_CCY, T1.C2A_AMOUNT, T1.C2A_COUNTERPARTY FROM CETRX.TRX_INBOX T1 LEFT JOIN CETRX.TRX_NEXT_FUNC T2 ON T1.C_PRODUCT_ID = T2.C_PRODUCT_ID AND T1.C2A_STATUS = T2.C2A_STATUS AND T1.C_TRX_STATUS = T2.C_TRX_STATUS LEFT JOIN CETRX.TRX_LOCK_INFO T3 ON T1.C_MAIN_REF = T3.C_MAIN_REF AND T1.C_UNIT_CODE = T3.C_UNIT_CODE WHERE   T1.C_BK_GROUP_ID = 'CSBANK'  AND (( T1.C_UNIT_CODE = 'C013133'  AND  T1.C_PRODUCT_ID IN ('FHS0YffwVNuA','P06022700000','P08010300000','P08111800000','P13101500000','P13111900000','P14042500000','P14042500001','P16062000000','P16062300000','P19080800000','P19080800001','P19080800002','P20030600000','P20030600001','epF3a6u4ZGAt') )) AND (T2.C_NEXT_FUNC_ID IN (SELECT C_FUNC_ID FROM CEUSER.SEC_OP_FUNC WHERE C_USER_ID = 'C013133MCM1' AND C_GRP_CODE = 'C013133' AND C_UNIT_CODE = T1.C_UNIT_CODE) OR T2.C_NEXT_FUNC_ID IN (SELECT C_FUNC_ID FROM CEUSER.SEC_OP_FUNC WHERE C_GRP_CODE = 'C013133' AND C_USER_ID IN (SELECT C_ROLE_ID FROM CEUSER.SEC_USER_ROLE WHERE C_USER_ID = 'C013133MCM1' AND C_GRP_CODE = 'C013133') AND C_UNIT_CODE = T1.C_UNIT_CODE)) AND (T1.C_TRX_STATUS = 'R' OR T1.C2A_STATUS IN ('Rejected by bank', 'Discrepancy notification', 'Document received') AND T1.C_TRX_STATUS = 'M' OR T1.C2A_STATUS IN ('Amendment(Detrimental)_fully authorized', 'Document discrepancy_fully authorized') AND T1.C_TRX_STATUS = 'A') AND T1.C_TRX_ID NOT IN (SELECT C_TRX_ID FROM CETRX.TRX_USER_DISMISS WHERE C_USER_ID = 'C013133MCM1' AND C_GRP_CODE = 'C013133') AND (T1.C_MODULE = 'IMLC' OR T1.C_MODULE = 'EXLC' OR T1.C_MODULE = 'FAEF' OR T1.C_MODULE = 'FADA' OR T1.C_MODULE = 'TSUM' OR T1.C_MODULE = 'ABLF' OR T1.C_MODULE = 'UPLD') ORDER BY T1.D_SYS_OP_DATE DESC, T1.T_SYS_OP_TIME DESC)

 [end]

[start] [DEBUG] [2026-07-10 08:50:39.986] [C013133_C013133MCM1] 
====request content is: 
    Request Type: Temp
Component : DBHelper
Session Context is: 
com.cs.core.utility.SessionContext@e74ba1f0
Request Info Type : com.cs.core.dao.exec.SQLDao
Request Info Content is: 
[01]SELECT C_INACTIVE FROM CEUSER.SEC_USER_INFO WHERE C_USER_ID = 'C013133MCM1' AND C_UNIT_CODE = 'C013133' 

 [end]

[start] [DEBUG] [2026-07-10 08:50:39.995] [C013133_C013133MCM1] 
The request URI is : /BL6CEWeb/v1/openapi/reports/list [end]

[start] [DEBUG] [2026-07-10 08:50:39.996] [C013133_C013133MCM1] 
The URI is :/BL6CEWeb/v1/openapi/reports/list [end]

[start] [DEBUG] [2026-07-10 08:50:39.998] [C013133_C013133MCM1] 
The session refresh token in session is : null [end]

[start] [DEBUG] [2026-07-10 08:50:40.001] [C013133_C013133MCM1] 
Access the endPoint '/reports/list'.
The request body is :{"data":{"type":"Pinned"}} [end]

[start] [DEBUG] [2026-07-10 08:50:40.002] [C013133_C013133MCM1] 
====request content is: 
    Request Type: Temp
Component : DBHelper
Session Context is: 
com.cs.core.utility.SessionContext@e74ba1f0
Request Info Type : com.cs.core.dao.exec.SQLDao
Request Info Content is: 
[01]SELECT A.C_REPORT_ID,A.C_GRP_CODE,A.C_USER_ID,A.T_PIN_DATE,B.C_SOURCE_REPORT,B.C_REPORT_NAME,B.T_UPDATE_DATE,C.C_USER_DESC FROM CETRX.TRX_USER_REPORT_PIN A LEFT JOIN CETRX.TRX_USER_REPORT B ON A.C_REPORT_ID = B.C_REPORT_ID  LEFT JOIN CEUSER.SEC_USER_INFO C ON A.C_GRP_CODE = C.C_UNIT_CODE AND A.C_USER_ID = C.C_USER_ID  WHERE  A.C_GRP_CODE = 'C013133'  AND  A.C_USER_ID = 'C013133MCM1'  ORDER BY B.T_UPDATE_DATE DESC

 [end]

[start] [DEBUG] [2026-07-10 08:50:40.009] [C013133_C013133MCM1] 
====request content is: 
    Request Type: Temp
Component : DBHelper
Session Context is: 
com.cs.core.utility.SessionContext@266fb8dd
Request Info Type : com.cs.core.dao.exec.SQLDao
Request Info Content is: 
[01]SELECT C_INACTIVE FROM CEUSER.SEC_USER_INFO WHERE C_USER_ID = 'C013133MCM1' AND C_UNIT_CODE = 'C013133' 

 [end]

[start] [DEBUG] [2026-07-10 08:50:40.013] [C013133_C013133MCM1] 
The request URI is : /BL6CEWeb/v1/openapi/catalog/combo/meta [end]

[start] [DEBUG] [2026-07-10 08:50:40.014] [C013133_C013133MCM1] 
The URI is :/BL6CEWeb/v1/openapi/catalog/combo/meta [end]

[start] [DEBUG] [2026-07-10 08:50:40.015] [C013133_C013133MCM1] 
The session refresh token in session is : null [end]

[start] [DEBUG] [2026-07-10 08:50:40.021] [C013133_C013133MCM1] 
====request content is: 
    Request Type: Temp
Component : DBHelper
Session Context is: 
com.cs.core.utility.SessionContext@266fb8dd
Request Info Type : com.cs.core.dao.exec.SQLDao
Request Info Content is: 
[01]SELECT C_CRITERIA_DATA,C_TMPL_NAME,C_IS_DEFAULT FROM CETRX.STD_SEARCH_CRITERIA  WHERE  C_UNIT_CODE = 'C013133'  AND  C_USER_ID = 'C013133MCM1'  AND  C_CATA_ID = 'C2A_PendingApproval'  AND  C_BK_GROUP_ID = 'CSBANK'  AND  I_CRITERIA_TYPE = 4 

 [end]

[start] [DEBUG] [2026-07-10 08:50:40.023] [C013133_C013133MCM1] 
====request content is: 
    Request Type: Temp
Component : DBHelper
Session Context is: 
com.cs.core.utility.SessionContext@a7d58189
Request Info Type : com.cs.core.dao.exec.SQLDao
Request Info Content is: 
[01]SELECT C_INACTIVE FROM CEUSER.SEC_USER_INFO WHERE C_USER_ID = 'C013133MCM1' AND C_UNIT_CODE = 'C013133' 

 [end]

[start] [DEBUG] [2026-07-10 08:50:40.028] [C013133_C013133MCM1] 
The request URI is : /BL6CEWeb/v1/openapi/calendar-event/event-list [end]

[start] [DEBUG] [2026-07-10 08:50:40.029] [C013133_C013133MCM1] 
The URI is :/BL6CEWeb/v1/openapi/calendar-event/event-list [end]

[start] [DEBUG] [2026-07-10 08:50:40.030] [C013133_C013133MCM1] 
The session refresh token in session is : null [end]

[start] [ERROR] [2026-07-10 08:50:40.043] [C013133_C013133MCM1] 
{{W}}[000334]Access is not allowed. Please contact the product support team. [end]

[start] [DEBUG] [2026-07-10 08:50:40.049] [C013133_C013133MCM1] 
The option type "distinctRecord" is only used to show the dropdown list not for format [end]

[start] [ERROR] [2026-07-10 08:50:40.051] [C013133_C013133MCM1] 
Can not find product ID  in parameter products.xml [end]

[start] [ERROR] [2026-07-10 08:50:40.052] [C013133_C013133MCM1] 
Can not find product ID  in parameter products.xml [end]

[start] [ERROR] [2026-07-10 08:50:40.053] [C013133_C013133MCM1] 
Can not find product ID  in parameter products.xml [end]

[start] [ERROR] [2026-07-10 08:50:40.054] [C013133_C013133MCM1] 
Can not find product ID  in parameter products.xml [end]

[start] [ERROR] [2026-07-10 08:50:40.055] [C013133_C013133MCM1] 
Can not find product ID  in parameter products.xml [end]

[start] [ERROR] [2026-07-10 08:50:40.056] [C013133_C013133MCM1] 
{{W}}[000334]Access is not allowed. Please contact the product support team. [end]

[start] [ERROR] [2026-07-10 08:50:40.056] [C013133_C013133MCM1] 
Can not find product ID  in parameter products.xml [end]

[start] [ERROR] [2026-07-10 08:50:40.058] [C013133_C013133MCM1] 
Can not find product ID  in parameter products.xml [end]

[start] [ERROR] [2026-07-10 08:50:40.060] [C013133_C013133MCM1] 
Can not find product ID  in parameter products.xml [end]

[start] [ERROR] [2026-07-10 08:50:40.061] [C013133_C013133MCM1] 
Can not find product ID  in parameter products.xml [end]

[start] [ERROR] [2026-07-10 08:50:40.061] [C013133_C013133MCM1] 
{{W}}[000334]Access is not allowed. Please contact the product support team. [end]

[start] [ERROR] [2026-07-10 08:50:40.062] [C013133_C013133MCM1] 
Can not find product ID  in parameter products.xml [end]

[start] [ERROR] [2026-07-10 08:50:40.063] [C013133_C013133MCM1] 
Can not find product ID  in parameter products.xml [end]

[start] [DEBUG] [2026-07-10 08:50:40.063] [C013133_C013133MCM1] 
====request content is: 
    Request Type: Temp
Component : DBHelper
Session Context is: 
com.cs.core.utility.SessionContext@a7d58189
Request Info Type : com.cs.core.dao.exec.SQLDao
Request Info Content is: 
[01]SELECT FA_DOC_DUE_DT AS GROUP_DATE, COUNT(*) AS ASCOUNT FROM (SELECT C_PRODUCT_ID, C_MAIN_REF, C_CUST_ID, C_TRX_REF, I_EVENT_TIMES, C_BK_GROUP_ID, C_UNIT_CODE, FA_SEL_NM, FA_BUYER_NM, FA_DOC_CCY, FA_DOC_AMT, AUTH_AMT, AUTH_CCY, PARENT_MAIN_REF, FA_DOC_DT, FA_DOC_DUE_DT, CURRNT_STATUS, C_TRX_STATUS, D_CREA_DATE, D_RELE_DATE, C_FUNC_ID, C_EVENT_NAME, C_EVENT_STATUS, C_NOW_EVENT, C_LOCKED_FLAG, C_LOCKED_OP, C_RELE_BY FROM CETRX.FAEF_EM_INV WHERE   C_BK_GROUP_ID = 'CSBANK'  AND (( C_UNIT_CODE = 'C013133'  AND  C_PRODUCT_ID = 'P19080800001' )) AND C_TRX_STATUS IN ('P', 'A', 'T', 'R', 'M') AND FA_DOC_DUE_DT >= TO_DATE('2026-01-01', 'YYYY-MM-DD') AND FA_DOC_DUE_DT <= TO_DATE('2026-12-31', 'YYYY-MM-DD') ) TEMP_TABLE GROUP BY FA_DOC_DUE_DT

 [end]

[start] [ERROR] [2026-07-10 08:50:40.065] [C013133_C013133MCM1] 
Can not find product ID  in parameter products.xml [end]

[start] [ERROR] [2026-07-10 08:50:40.066] [C013133_C013133MCM1] 
Can not find product ID  in parameter products.xml [end]

[start] [ERROR] [2026-07-10 08:50:40.070] [C013133_C013133MCM1] 
Can not find product ID  in parameter products.xml [end]

[start] [ERROR] [2026-07-10 08:50:40.071] [C013133_C013133MCM1] 
Can not find product ID  in parameter products.xml [end]

[start] [ERROR] [2026-07-10 08:50:40.073] [C013133_C013133MCM1] 
Can not find product ID  in parameter products.xml [end]

[start] [ERROR] [2026-07-10 08:50:40.075] [C013133_C013133MCM1] 
Can not find product ID  in parameter products.xml [end]

[start] [ERROR] [2026-07-10 08:50:40.076] [C013133_C013133MCM1] 
Can not find product ID  in parameter products.xml [end]

[start] [ERROR] [2026-07-10 08:50:40.078] [C013133_C013133MCM1] 
Can not find product ID  in parameter products.xml [end]

[start] [ERROR] [2026-07-10 08:50:40.079] [C013133_C013133MCM1] 
Can not find product ID  in parameter products.xml [end]

[start] [ERROR] [2026-07-10 08:50:40.080] [C013133_C013133MCM1] 
Can not find product ID  in parameter products.xml [end]

[start] [ERROR] [2026-07-10 08:50:40.081] [C013133_C013133MCM1] 
Can not find product ID  in parameter products.xml [end]

[start] [ERROR] [2026-07-10 08:50:40.082] [C013133_C013133MCM1] 
Can not find product ID  in parameter products.xml [end]

[start] [ERROR] [2026-07-10 08:50:40.083] [C013133_C013133MCM1] 
Can not find product ID  in parameter products.xml [end]

[start] [ERROR] [2026-07-10 08:50:40.085] [C013133_C013133MCM1] 
Can not find product ID  in parameter products.xml [end]

[start] [ERROR] [2026-07-10 08:50:40.086] [C013133_C013133MCM1] 
Can not find product ID  in parameter products.xml [end]

[start] [ERROR] [2026-07-10 08:50:40.087] [C013133_C013133MCM1] 
Can not find product ID  in parameter products.xml [end]

[start] [ERROR] [2026-07-10 08:50:40.088] [C013133_C013133MCM1] 
Can not find product ID  in parameter products.xml [end]

[start] [ERROR] [2026-07-10 08:50:40.090] [C013133_C013133MCM1] 
Can not find product ID  in parameter products.xml [end]

[start] [ERROR] [2026-07-10 08:50:40.091] [C013133_C013133MCM1] 
Can not find product ID  in parameter products.xml [end]

[start] [ERROR] [2026-07-10 08:50:40.092] [C013133_C013133MCM1] 
Can not find product ID  in parameter products.xml [end]

[start] [ERROR] [2026-07-10 08:50:40.093] [C013133_C013133MCM1] 
Can not find product ID  in parameter products.xml [end]

[start] [ERROR] [2026-07-10 08:50:40.094] [C013133_C013133MCM1] 
Can not find product ID  in parameter products.xml [end]

[start] [ERROR] [2026-07-10 08:50:40.100] [C013133_C013133MCM1] 
Can not find product ID  in parameter products.xml [end]

[start] [ERROR] [2026-07-10 08:50:40.101] [C013133_C013133MCM1] 
Can not find product ID  in parameter products.xml [end]

[start] [ERROR] [2026-07-10 08:50:40.102] [C013133_C013133MCM1] 
Can not find product ID  in parameter products.xml [end]

[start] [ERROR] [2026-07-10 08:50:40.103] [C013133_C013133MCM1] 
Can not find product ID  in parameter products.xml [end]

[start] [ERROR] [2026-07-10 08:50:40.104] [C013133_C013133MCM1] 
Can not find product ID  in parameter products.xml [end]

[start] [ERROR] [2026-07-10 08:50:40.106] [C013133_C013133MCM1] 
Can not find product ID  in parameter products.xml [end]

[start] [ERROR] [2026-07-10 08:50:40.108] [C013133_C013133MCM1] 
Can not find product ID  in parameter products.xml [end]

[start] [DEBUG] [2026-07-10 08:50:40.110] [C013133_C013133MCM1] 
The option type "distinctRecord" is only used to show the dropdown list not for format [end]

[start] [DEBUG] [2026-07-10 08:50:40.111] [C013133_C013133MCM1] 
====request content is: 
    Request Type: Temp
Component : DBHelper
Session Context is: 
com.cs.core.utility.SessionContext@266fb8dd
Request Info Type : com.cs.core.dao.exec.SQLDao
Request Info Content is: 
[01]SELECT C_UNIT_CODE,C_UNIT_NAME FROM CEUSER.SEC_BUSINESS_UNIT WHERE C_UNIT_CODE = 'C013133' 

 [end]

[start] [DEBUG] [2026-07-10 08:50:40.169] [C013133_C013133MCM1] 
====request content is: 
    Request Type: Temp
Component : DBHelper
Session Context is: 
com.cs.core.utility.SessionContext@335a87af
Request Info Type : com.cs.core.dao.exec.SQLDao
Request Info Content is: 
[01]SELECT C_INACTIVE FROM CEUSER.SEC_USER_INFO WHERE C_USER_ID = 'C013133MCM1' AND C_UNIT_CODE = 'C013133' 

 [end]

[start] [DEBUG] [2026-07-10 08:50:40.173] [C013133_C013133MCM1] 
The request URI is : /BL6CEWeb/v1/openapi/catalog/combo/data [end]

[start] [DEBUG] [2026-07-10 08:50:40.174] [C013133_C013133MCM1] 
The URI is :/BL6CEWeb/v1/openapi/catalog/combo/data [end]

[start] [DEBUG] [2026-07-10 08:50:40.175] [C013133_C013133MCM1] 
The session refresh token in session is : null [end]

[start] [DEBUG] [2026-07-10 08:50:40.179] [C013133_C013133MCM1] 
The Catalog Object SQL is :SELECT T1.C_BK_GROUP_ID, T1.C_MAIN_REF, T1.C_TRX_REF, T1.C_UNIT_CODE, T1.PARENT_MAIN_REF, T1.C_TRX_STATUS, T1.CURRNT_STATUS, T1.I_EVENT_TIMES, T1.C_MODULE, T1.C_FUNC_ID, T1.C_PRODUCT_ID, T1.C_TRX_ID, T1.C_CREATED_BY, T3.C_LOCKED_FLAG, T3.C_LOCKED_OP, T3.C_USER_DESC, T1.D_SYS_OP_DATE, T1.T_SYS_OP_TIME, T1.C2A_CCY, T1.C2A_AMOUNT, T1.C2A_COUNTERPARTY FROM CETRX.TRX_INBOX T1 LEFT JOIN CETRX.TRX_LOCK_INFO T3 ON T1.C_MAIN_REF = T3.C_MAIN_REF AND T1.C_UNIT_CODE = T3.C_UNIT_CODE WHERE T1.C_TRX_STATUS IN ('P', 'T') AND (T1.C_MODULE = 'IMLC' OR T1.C_MODULE = 'EXLC' OR T1.C_MODULE = 'FAEF' OR T1.C_MODULE = 'FADA' OR T1.C_MODULE = 'ABLF') ORDER BY T1.D_SYS_OP_DATE DESC, T1.T_SYS_OP_TIME DESC [end]

[start] [DEBUG] [2026-07-10 08:50:40.183] [C013133_C013133MCM1] 
====request content is: 
    Request Type: Temp
Component : DBHelper
Session Context is: 
com.cs.core.utility.SessionContext@335a87af
Request Info Type : com.cs.core.dao.exec.SQLDao
Request Info Content is: 
[01]SELECT C_AUTH_RULE FROM CEUSER.SEC_USER_INFO WHERE C_BK_GROUP_ID = 'CSBANK' AND C_UNIT_CODE = 'C013133' AND C_USER_ID = 'C013133MCM1' 

 [end]

[start] [DEBUG] [2026-07-10 08:50:40.187] [C013133_C013133MCM1] 
====request content is: 
    Request Type: Temp
Component : DBHelper
Session Context is: 
com.cs.core.utility.SessionContext@335a87af
Request Info Type : com.cs.core.dao.exec.SQLDao
Request Info Content is: 
[01]SELECT C_AUTH_RULE FROM CEUSER.SEC_BUSINESS_UNIT WHERE C_BK_GROUP_ID = 'CSBANK' AND C_UNIT_CODE = 'C013133' 

 [end]

[start] [DEBUG] [2026-07-10 08:50:40.192] [C013133_C013133MCM1] 
====request content is: 
    Request Type: Temp
Component : DBHelper
Session Context is: 
com.cs.core.utility.SessionContext@335a87af
Request Info Type : com.cs.core.dao.exec.SQLDao
Request Info Content is: 
[01]SELECT T1.C_BK_GROUP_ID, T1.C_MAIN_REF, T1.C_TRX_REF, T1.C_UNIT_CODE, T1.PARENT_MAIN_REF, T1.C_TRX_STATUS, T1.CURRNT_STATUS, T1.I_EVENT_TIMES, T1.C_MODULE, T1.C_FUNC_ID, T1.C_PRODUCT_ID, T1.C_TRX_ID, T1.C_CREATED_BY, T3.C_LOCKED_FLAG, T3.C_LOCKED_OP, T3.C_USER_DESC, T1.D_SYS_OP_DATE, T1.T_SYS_OP_TIME, T1.C2A_CCY, T1.C2A_AMOUNT, T1.C2A_COUNTERPARTY FROM CETRX.TRX_INBOX T1 LEFT JOIN CETRX.TRX_LOCK_INFO T3 ON T1.C_MAIN_REF = T3.C_MAIN_REF AND T1.C_UNIT_CODE = T3.C_UNIT_CODE WHERE   T1.C_BK_GROUP_ID = 'CSBANK'  AND  T1.C_UNIT_CODE = 'C013133'  AND T1.C_PRODUCT_ID IN('P06022700000','P13101500000','P13111900000','P14042500001','P19080800000') AND  T1.C_BK_GROUP_ID = 'CSBANK'  AND (T1.C_TRX_STATUS<>'R' AND T1.C_TRX_STATUS<>'A' OR T1.C_TRX_STATUS IS NULL) AND T1.C_TRX_ID NOT IN (SELECT C_TRX_ID FROM CETRX.TRX_AUTH_LIST WHERE  C_GRP_CODE = 'C013133'  AND  C_USER_ID = 'C013133MCM1'  AND  C_UNIT_CODE = 'C013133' ) AND T1.C_TRX_ID IN (SELECT C_TRX_ID FROM CETRX.TRX_MATRIX_LIST WHERE  C_UNIT_CODE = 'C013133'  AND ( (  I_AUTH_LEVEL = 1  AND C_PRODUCT_ID IN('P06022700000','P13101500000','P13111900000','P14042500001','P19080800000')))) AND (( T1.C_UNIT_CODE = 'C013133'  AND  T1.C_PRODUCT_ID IN ('FHS0YffwVNuA','P06022700000','P08010300000','P08111800000','P13101500000','P13111900000','P14042500000','P14042500001','P16062000000','P16062300000','P19080800000','P19080800001','P19080800002','P20030600000','P20030600001','epF3a6u4ZGAt') )) AND T1.C_TRX_STATUS IN ('P', 'T') AND (T1.C_MODULE = 'IMLC' OR T1.C_MODULE = 'EXLC' OR T1.C_MODULE = 'FAEF' OR T1.C_MODULE = 'FADA' OR T1.C_MODULE = 'ABLF') ORDER BY T1.D_SYS_OP_DATE DESC, T1.T_SYS_OP_TIME DESC

 [end]

[start] [DEBUG] [2026-07-10 08:50:40.324] [C013133_C013133MCM1] 
The Catalog Object SQL is :SELECT T1.C_BK_GROUP_ID, T1.C_MAIN_REF, T1.C_TRX_REF, T1.C_UNIT_CODE, T1.PARENT_MAIN_REF, T1.C_TRX_STATUS, T1.CURRNT_STATUS, T1.C2A_STATUS, T1.I_EVENT_TIMES, T1.C_MODULE, T1.C_FUNC_ID, T1.C_PRODUCT_ID, T1.C_TRX_ID, T3.C_LOCKED_FLAG, T3.C_LOCKED_OP, T3.C_USER_DESC, T1.D_SYS_OP_DATE, T1.T_SYS_OP_TIME, T1.C2A_CCY, T1.C2A_AMOUNT, T1.C2A_COUNTERPARTY FROM CETRX.TRX_INBOX T1 LEFT JOIN CETRX.TRX_LOCK_INFO T3 ON T1.C_MAIN_REF = T3.C_MAIN_REF AND T1.C_UNIT_CODE = T3.C_UNIT_CODE WHERE (T1.C_TRX_STATUS IN ('P', 'T', 'A', 'S', 'R') AND (T1.C_MODULE = 'IMLC' OR T1.C_MODULE = 'EXLC' OR T1.C_MODULE = 'FAEF' OR T1.C_MODULE = 'FADA' OR T1.C_MODULE = 'ABLF') AND T1.C2A_STATUS NOT IN ('Discrepancies rejected_fully authorized') OR T1.C_TRX_STATUS = 'M' AND (T1.C_MODULE = 'IMLC' AND T1.C2A_STATUS NOT IN ('Issued', 'Amended', 'Beneficiary rejected', 'Settled') OR T1.C_MODULE = 'EXCO' AND T1.CURRNT_STATUS NOT IN ('Payment Advice') OR T1.C_MODULE = 'EXLC' AND T1.CURRNT_STATUS NOT IN ('Settled', 'Advise Received', 'Amendment Received', 'Docment Received') OR T1.C_MODULE = 'FAEF' AND T1.CURRNT_STATUS NOT IN ('Settled', 'Advise Received') OR T1.C_MODULE = 'FADA' AND T1.CURRNT_STATUS NOT IN ('Settled', 'Advise Received') OR T1.C_MODULE = 'ABLF' AND T1.CURRNT_STATUS NOT IN ('Settled', 'Advise Received'))) AND T1.C_TRX_ID NOT IN (SELECT C_TRX_ID FROM CETRX.TRX_USER_DISMISS WHERE C_USER_ID = ? AND C_GRP_CODE = ?) AND (T1.C_MODULE = 'IMLC' OR T1.C_MODULE = 'EXLC' OR T1.C_MODULE = 'FAEF' OR T1.C_MODULE = 'FADA' OR T1.C_MODULE = 'ABLF') ORDER BY T1.D_SYS_OP_DATE DESC, T1.T_SYS_OP_TIME DESC [end]

[start] [DEBUG] [2026-07-10 08:50:40.327] [C013133_C013133MCM1] 
====request content is: 
    Request Type: Temp
Component : DBHelper
Session Context is: 
com.cs.core.utility.SessionContext@c3894eca
Request Info Type : com.cs.core.dao.exec.SQLDao
Request Info Content is: 
[01]SELECT COUNT(*) FROM CETRX.TRX_INBOX T1 LEFT JOIN CETRX.TRX_LOCK_INFO T3 ON T1.C_MAIN_REF = T3.C_MAIN_REF AND T1.C_UNIT_CODE = T3.C_UNIT_CODE WHERE   T1.C_BK_GROUP_ID = 'CSBANK'  AND (( T1.C_UNIT_CODE = 'C013133'  AND  T1.C_PRODUCT_ID IN ('FHS0YffwVNuA','P06022700000','P08010300000','P08111800000','P13101500000','P13111900000','P14042500000','P14042500001','P16062000000','P16062300000','P19080800000','P19080800001','P19080800002','P20030600000','P20030600001','epF3a6u4ZGAt') )) AND (T1.C_TRX_STATUS IN ('P', 'T', 'A', 'S', 'R') AND (T1.C_MODULE = 'IMLC' OR T1.C_MODULE = 'EXLC' OR T1.C_MODULE = 'FAEF' OR T1.C_MODULE = 'FADA' OR T1.C_MODULE = 'ABLF') AND T1.C2A_STATUS NOT IN ('Discrepancies rejected_fully authorized') OR T1.C_TRX_STATUS = 'M' AND (T1.C_MODULE = 'IMLC' AND T1.C2A_STATUS NOT IN ('Issued', 'Amended', 'Beneficiary rejected', 'Settled') OR T1.C_MODULE = 'EXCO' AND T1.CURRNT_STATUS NOT IN ('Payment Advice') OR T1.C_MODULE = 'EXLC' AND T1.CURRNT_STATUS NOT IN ('Settled', 'Advise Received', 'Amendment Received', 'Docment Received') OR T1.C_MODULE = 'FAEF' AND T1.CURRNT_STATUS NOT IN ('Settled', 'Advise Received') OR T1.C_MODULE = 'FADA' AND T1.CURRNT_STATUS NOT IN ('Settled', 'Advise Received') OR T1.C_MODULE = 'ABLF' AND T1.CURRNT_STATUS NOT IN ('Settled', 'Advise Received'))) AND T1.C_TRX_ID NOT IN (SELECT C_TRX_ID FROM CETRX.TRX_USER_DISMISS WHERE C_USER_ID = 'C013133MCM1' AND C_GRP_CODE = 'C013133') AND (T1.C_MODULE = 'IMLC' OR T1.C_MODULE = 'EXLC' OR T1.C_MODULE = 'FAEF' OR T1.C_MODULE = 'FADA' OR T1.C_MODULE = 'ABLF')

 [end]

[start] [ERROR] [2026-07-10 08:50:40.451] [C013133_C013133MCM1] 
Can not find product ID  in parameter products.xml [end]

[start] [ERROR] [2026-07-10 08:50:40.452] [C013133_C013133MCM1] 
Can not find product ID  in parameter products.xml [end]

[start] [ERROR] [2026-07-10 08:50:40.453] [C013133_C013133MCM1] 
Can not find product ID  in parameter products.xml [end]

[start] [ERROR] [2026-07-10 08:50:40.455] [C013133_C013133MCM1] 
Can not find product ID  in parameter products.xml [end]

[start] [ERROR] [2026-07-10 08:50:40.457] [C013133_C013133MCM1] 
Can not find product ID  in parameter products.xml [end]

[start] [DEBUG] [2026-07-10 08:50:40.457] [C013133_C013133MCM1] 
The Catalog Object SQL is :SELECT T1.C_BK_GROUP_ID, T1.C_MAIN_REF, T1.C_TRX_REF, T1.C_UNIT_CODE, T1.PARENT_MAIN_REF, T1.C_TRX_STATUS, T1.CURRNT_STATUS, (CASE WHEN T1.C_MODULE = 'FADA' OR T1.C_MODULE = 'FAEF' THEN T1.C_TRX_STATUS ELSE T1.C2A_STATUS END) C2A_STATUS, T1.I_EVENT_TIMES, T1.C_MODULE, T1.C_FUNC_ID, T1.C_PRODUCT_ID, T1.C_TRX_ID, T3.C_LOCKED_FLAG, T3.C_LOCKED_OP, T3.C_USER_DESC, T1.D_SYS_OP_DATE, T1.T_SYS_OP_TIME, T1.C2A_CCY, T1.C2A_AMOUNT, T1.C2A_COUNTERPARTY FROM CETRX.TRX_INBOX T1 LEFT JOIN CETRX.TRX_LOCK_INFO T3 ON T1.C_MAIN_REF = T3.C_MAIN_REF AND T1.C_UNIT_CODE = T3.C_UNIT_CODE WHERE (T1.C2A_STATUS IN ('Issued', 'Amended', 'Beneficiary rejected', 'Discrepancies rejected_fully authorized', 'Settled') AND T1.C_MODULE = 'IMLC' OR T1.CURRNT_STATUS IN ('Issued', 'Amended', 'Detrimental Amendment', 'Beneficiary Consent', 'Beneficiary Rejected', 'Document Presentation', 'Document Presentation', 'Settlement', 'Settled') AND T1.C_MODULE = 'EXCO' OR T1.C2A_STATUS IN ('Settled', 'Amendment_fully authorized', '') AND T1.C_MODULE = 'EXLC' OR T1.C_FUNC_ID IN ('F05030700899', 'F05030700901', 'F05030700908') AND T1.C2A_STATUS = 'Fully authorized' AND T1.C_MODULE = 'EXLC' OR T1.C_MODULE = 'FADA' OR T1.C_MODULE = 'FAEF') AND T1.C_TRX_STATUS IN ('M', 'A', 'S') AND T1.C_TRX_ID NOT IN (SELECT C_TRX_ID FROM CETRX.TRX_USER_DISMISS WHERE C_USER_ID = ? AND C_GRP_CODE = ?) AND (T1.C_MODULE = 'IMLC' OR T1.C_MODULE = 'EXLC' OR T1.C_MODULE = 'FADA' OR T1.C_MODULE = 'FAEF') ORDER BY T1.D_SYS_OP_DATE DESC, T1.T_SYS_OP_TIME DESC, T1.PARENT_MAIN_REF DESC [end]

[start] [ERROR] [2026-07-10 08:50:40.458] [C013133_C013133MCM1] 
Can not find product ID  in parameter products.xml [end]

[start] [ERROR] [2026-07-10 08:50:40.459] [C013133_C013133MCM1] 
Can not find product ID  in parameter products.xml [end]

[start] [ERROR] [2026-07-10 08:50:40.460] [C013133_C013133MCM1] 
Can not find product ID  in parameter products.xml [end]

[start] [DEBUG] [2026-07-10 08:50:40.460] [C013133_C013133MCM1] 
====request content is: 
    Request Type: Temp
Component : DBHelper
Session Context is: 
com.cs.core.utility.SessionContext@c3894eca
Request Info Type : com.cs.core.dao.exec.SQLDao
Request Info Content is: 
[01]SELECT COUNT(*) FROM CETRX.TRX_INBOX T1 LEFT JOIN CETRX.TRX_LOCK_INFO T3 ON T1.C_MAIN_REF = T3.C_MAIN_REF AND T1.C_UNIT_CODE = T3.C_UNIT_CODE WHERE   T1.C_BK_GROUP_ID = 'CSBANK'  AND (( T1.C_UNIT_CODE = 'C013133'  AND  T1.C_PRODUCT_ID IN ('FHS0YffwVNuA','P06022700000','P08010300000','P08111800000','P13101500000','P13111900000','P14042500000','P14042500001','P16062000000','P16062300000','P19080800000','P19080800001','P19080800002','P20030600000','P20030600001','epF3a6u4ZGAt') )) AND (T1.C2A_STATUS IN ('Issued', 'Amended', 'Beneficiary rejected', 'Discrepancies rejected_fully authorized', 'Settled') AND T1.C_MODULE = 'IMLC' OR T1.CURRNT_STATUS IN ('Issued', 'Amended', 'Detrimental Amendment', 'Beneficiary Consent', 'Beneficiary Rejected', 'Document Presentation', 'Document Presentation', 'Settlement', 'Settled') AND T1.C_MODULE = 'EXCO' OR T1.C2A_STATUS IN ('Settled', 'Amendment_fully authorized', '') AND T1.C_MODULE = 'EXLC' OR T1.C_FUNC_ID IN ('F05030700899', 'F05030700901', 'F05030700908') AND T1.C2A_STATUS = 'Fully authorized' AND T1.C_MODULE = 'EXLC' OR T1.C_MODULE = 'FADA' OR T1.C_MODULE = 'FAEF') AND T1.C_TRX_STATUS IN ('M', 'A', 'S') AND T1.C_TRX_ID NOT IN (SELECT C_TRX_ID FROM CETRX.TRX_USER_DISMISS WHERE C_USER_ID = 'C013133MCM1' AND C_GRP_CODE = 'C013133') AND (T1.C_MODULE = 'IMLC' OR T1.C_MODULE = 'EXLC' OR T1.C_MODULE = 'FADA' OR T1.C_MODULE = 'FAEF')

 [end]

[start] [ERROR] [2026-07-10 08:50:40.462] [C013133_C013133MCM1] 
Can not find product ID  in parameter products.xml [end]

[start] [ERROR] [2026-07-10 08:50:40.465] [C013133_C013133MCM1] 
Can not find product ID  in parameter products.xml [end]

[start] [ERROR] [2026-07-10 08:50:40.468] [C013133_C013133MCM1] 
Can not find product ID  in parameter products.xml [end]

[start] [ERROR] [2026-07-10 08:50:40.472] [C013133_C013133MCM1] 
Can not find product ID  in parameter products.xml [end]

[start] [ERROR] [2026-07-10 08:50:40.474] [C013133_C013133MCM1] 
Can not find product ID  in parameter products.xml [end]

[start] [ERROR] [2026-07-10 08:50:40.477] [C013133_C013133MCM1] 
Can not find product ID  in parameter products.xml [end]

[start] [ERROR] [2026-07-10 08:50:40.479] [C013133_C013133MCM1] 
Can not find product ID  in parameter products.xml [end]

[start] [ERROR] [2026-07-10 08:50:40.481] [C013133_C013133MCM1] 
Can not find product ID  in parameter products.xml [end]

[start] [ERROR] [2026-07-10 08:50:40.482] [C013133_C013133MCM1] 
Can not find product ID  in parameter products.xml [end]

[start] [ERROR] [2026-07-10 08:50:40.484] [C013133_C013133MCM1] 
Can not find product ID  in parameter products.xml [end]

[start] [ERROR] [2026-07-10 08:50:40.485] [C013133_C013133MCM1] 
Can not find product ID  in parameter products.xml [end]

[start] [ERROR] [2026-07-10 08:50:40.486] [C013133_C013133MCM1] 
Can not find product ID  in parameter products.xml [end]

[start] [ERROR] [2026-07-10 08:50:40.487] [C013133_C013133MCM1] 
Can not find product ID  in parameter products.xml [end]

[start] [ERROR] [2026-07-10 08:50:40.489] [C013133_C013133MCM1] 
Can not find product ID  in parameter products.xml [end]

[start] [ERROR] [2026-07-10 08:50:40.490] [C013133_C013133MCM1] 
Can not find product ID  in parameter products.xml [end]

[start] [ERROR] [2026-07-10 08:50:40.491] [C013133_C013133MCM1] 
Can not find product ID  in parameter products.xml [end]

[start] [ERROR] [2026-07-10 08:50:40.492] [C013133_C013133MCM1] 
Can not find product ID  in parameter products.xml [end]

[start] [ERROR] [2026-07-10 08:50:40.494] [C013133_C013133MCM1] 
Can not find product ID  in parameter products.xml [end]

[start] [ERROR] [2026-07-10 08:50:40.495] [C013133_C013133MCM1] 
Can not find product ID  in parameter products.xml [end]

[start] [ERROR] [2026-07-10 08:50:40.496] [C013133_C013133MCM1] 
Can not find product ID  in parameter products.xml [end]

[start] [ERROR] [2026-07-10 08:50:40.497] [C013133_C013133MCM1] 
Can not find product ID  in parameter products.xml [end]

[start] [ERROR] [2026-07-10 08:50:40.499] [C013133_C013133MCM1] 
Can not find product ID  in parameter products.xml [end]

[start] [ERROR] [2026-07-10 08:50:40.500] [C013133_C013133MCM1] 
Can not find product ID  in parameter products.xml [end]

[start] [ERROR] [2026-07-10 08:50:40.501] [C013133_C013133MCM1] 
Can not find product ID  in parameter products.xml [end]

[start] [ERROR] [2026-07-10 08:50:40.502] [C013133_C013133MCM1] 
Can not find product ID  in parameter products.xml [end]

[start] [ERROR] [2026-07-10 08:50:40.504] [C013133_C013133MCM1] 
Can not find product ID  in parameter products.xml [end]

[start] [ERROR] [2026-07-10 08:50:40.505] [C013133_C013133MCM1] 
Can not find product ID  in parameter products.xml [end]

[start] [ERROR] [2026-07-10 08:50:40.506] [C013133_C013133MCM1] 
Can not find product ID  in parameter products.xml [end]

[start] [ERROR] [2026-07-10 08:50:40.508] [C013133_C013133MCM1] 
Can not find product ID  in parameter products.xml [end]

[start] [ERROR] [2026-07-10 08:50:40.509] [C013133_C013133MCM1] 
Can not find product ID  in parameter products.xml [end]

[start] [ERROR] [2026-07-10 08:50:40.510] [C013133_C013133MCM1] 
Can not find product ID  in parameter products.xml [end]

[start] [ERROR] [2026-07-10 08:50:40.529] [C013133_C013133MCM1] 
Can not find product ID  in parameter products.xml [end]

[start] [DEBUG] [2026-07-10 08:50:40.532] [C013133_C013133MCM1] 
====request content is: 
    Request Type: Temp
Component : DBHelper
Session Context is: 
com.cs.core.utility.SessionContext@335a87af
Request Info Type : com.cs.core.dao.exec.SQLDao
Request Info Content is: 
[01]SELECT C_UNIT_CODE,C_UNIT_NAME FROM CEUSER.SEC_BUSINESS_UNIT WHERE C_UNIT_CODE = 'C013133' 

 [end]

[start] [DEBUG] [2026-07-10 08:50:40.536] [C013133_C013133MCM1] 
====request content is: 
    Request Type: Temp
Component : DBHelper
Session Context is: 
com.cs.core.utility.SessionContext@335a87af
Request Info Type : com.cs.core.dao.exec.SQLDao
Request Info Content is: 
[01]SELECT C_CRITERIA_DATA,C_TMPL_NAME,C_IS_DEFAULT FROM CETRX.STD_SEARCH_CRITERIA  WHERE  C_UNIT_CODE = 'C013133'  AND  C_USER_ID = 'C013133MCM1'  AND  C_CATA_ID = 'C2A_PendingApproval'  AND  C_BK_GROUP_ID = 'CSBANK'  AND  I_CRITERIA_TYPE = 4 

 [end]

[start] [DEBUG] [2026-07-10 08:50:40.556] [C013133_C013133MCM1] 
The Catalog Object SQL is :SELECT DISTINCT T1.C_BK_GROUP_ID, T1.C_MAIN_REF, T1.C_TRX_REF, T1.C_UNIT_CODE, T1.PARENT_MAIN_REF, T1.C_TRX_STATUS, T1.I_EVENT_TIMES, T1.C_MODULE, T1.C_FUNC_ID, T1.C_PRODUCT_ID, T1.C_TRX_ID, T3.C_LOCKED_FLAG, T3.C_LOCKED_OP, T3.C_USER_DESC, T1.D_SYS_OP_DATE, T1.T_SYS_OP_TIME, T1.C2A_CCY, T1.C2A_AMOUNT, T1.C2A_COUNTERPARTY FROM CETRX.TRX_INBOX T1 LEFT JOIN CETRX.TRX_NEXT_FUNC T2 ON T1.C_PRODUCT_ID = T2.C_PRODUCT_ID AND T1.C_TRX_STATUS = T2.C_TRX_STATUS LEFT JOIN CETRX.TRX_LOCK_INFO T3 ON T1.C_MAIN_REF = T3.C_MAIN_REF AND T1.C_UNIT_CODE = T3.C_UNIT_CODE WHERE (T2.C_NEXT_FUNC_ID IN (SELECT C_FUNC_ID FROM CEUSER.SEC_OP_FUNC WHERE C_USER_ID = ? AND C_GRP_CODE = ? AND C_UNIT_CODE = T1.C_UNIT_CODE) OR T2.C_NEXT_FUNC_ID IN (SELECT C_FUNC_ID FROM CEUSER.SEC_OP_FUNC WHERE C_GRP_CODE = ? AND C_USER_ID IN (SELECT C_ROLE_ID FROM CEUSER.SEC_USER_ROLE WHERE C_USER_ID = ? AND C_GRP_CODE = ?) AND C_UNIT_CODE = T1.C_UNIT_CODE)) AND T1.C_TRX_STATUS = 'Z' AND T1.C_TRX_ID NOT IN (SELECT C_TRX_ID FROM CETRX.TRX_USER_DISMISS WHERE C_USER_ID = ? AND C_GRP_CODE = ?) AND (T1.C_MODULE = 'IMLC' OR T1.C_MODULE = 'EXLC' OR T1.C_MODULE = 'FAEF' OR T1.C_MODULE = 'FADA' OR T1.C_MODULE = 'ABLF') ORDER BY T1.D_SYS_OP_DATE DESC, T1.T_SYS_OP_TIME DESC [end]

[start] [DEBUG] [2026-07-10 08:50:40.558] [C013133_C013133MCM1] 
====request content is: 
    Request Type: Temp
Component : DBHelper
Session Context is: 
com.cs.core.utility.SessionContext@c3894eca
Request Info Type : com.cs.core.dao.exec.SQLDao
Request Info Content is: 
[01]SELECT COUNT(*) FROM (SELECT DISTINCT T1.C_BK_GROUP_ID, T1.C_MAIN_REF, T1.C_TRX_REF, T1.C_UNIT_CODE, T1.PARENT_MAIN_REF, T1.C_TRX_STATUS, T1.I_EVENT_TIMES, T1.C_MODULE, T1.C_FUNC_ID, T1.C_PRODUCT_ID, T1.C_TRX_ID, T3.C_LOCKED_FLAG, T3.C_LOCKED_OP, T3.C_USER_DESC, T1.D_SYS_OP_DATE, T1.T_SYS_OP_TIME, T1.C2A_CCY, T1.C2A_AMOUNT, T1.C2A_COUNTERPARTY FROM CETRX.TRX_INBOX T1 LEFT JOIN CETRX.TRX_NEXT_FUNC T2 ON T1.C_PRODUCT_ID = T2.C_PRODUCT_ID AND T1.C_TRX_STATUS = T2.C_TRX_STATUS LEFT JOIN CETRX.TRX_LOCK_INFO T3 ON T1.C_MAIN_REF = T3.C_MAIN_REF AND T1.C_UNIT_CODE = T3.C_UNIT_CODE WHERE   T1.C_BK_GROUP_ID = 'CSBANK'  AND (( T1.C_UNIT_CODE = 'C013133'  AND  T1.C_PRODUCT_ID IN ('FHS0YffwVNuA','P06022700000','P08010300000','P08111800000','P13101500000','P13111900000','P14042500000','P14042500001','P16062000000','P16062300000','P19080800000','P19080800001','P19080800002','P20030600000','P20030600001','epF3a6u4ZGAt') )) AND (T2.C_NEXT_FUNC_ID IN (SELECT C_FUNC_ID FROM CEUSER.SEC_OP_FUNC WHERE C_USER_ID = 'C013133MCM1' AND C_GRP_CODE = 'C013133' AND C_UNIT_CODE = T1.C_UNIT_CODE) OR T2.C_NEXT_FUNC_ID IN (SELECT C_FUNC_ID FROM CEUSER.SEC_OP_FUNC WHERE C_GRP_CODE = 'C013133' AND C_USER_ID IN (SELECT C_ROLE_ID FROM CEUSER.SEC_USER_ROLE WHERE C_USER_ID = 'C013133MCM1' AND C_GRP_CODE = 'C013133') AND C_UNIT_CODE = T1.C_UNIT_CODE)) AND T1.C_TRX_STATUS = 'Z' AND T1.C_TRX_ID NOT IN (SELECT C_TRX_ID FROM CETRX.TRX_USER_DISMISS WHERE C_USER_ID = 'C013133MCM1' AND C_GRP_CODE = 'C013133') AND (T1.C_MODULE = 'IMLC' OR T1.C_MODULE = 'EXLC' OR T1.C_MODULE = 'FAEF' OR T1.C_MODULE = 'FADA' OR T1.C_MODULE = 'ABLF') ORDER BY T1.D_SYS_OP_DATE DESC, T1.T_SYS_OP_TIME DESC)

 [end]

[start] [DEBUG] [2026-07-10 08:50:40.839] [C013133_C013133MCM1] 
====request content is: 
    Request Type: Temp
Component : DBHelper
Session Context is: 
com.cs.core.utility.SessionContext@4588b614
Request Info Type : com.cs.core.dao.exec.SQLDao
Request Info Content is: 
[01]SELECT C_INACTIVE FROM CEUSER.SEC_USER_INFO WHERE C_USER_ID = 'C013133MCM1' AND C_UNIT_CODE = 'C013133' 

 [end]

[start] [DEBUG] [2026-07-10 08:50:40.843] [C013133_C013133MCM1] 
The request URI is : /BL6CEWeb/v1/openapi/catalog/combo/meta [end]

[start] [DEBUG] [2026-07-10 08:50:40.844] [C013133_C013133MCM1] 
The URI is :/BL6CEWeb/v1/openapi/catalog/combo/meta [end]

[start] [DEBUG] [2026-07-10 08:50:40.846] [C013133_C013133MCM1] 
The session refresh token in session is : null [end]

[start] [DEBUG] [2026-07-10 08:50:40.850] [C013133_C013133MCM1] 
====request content is: 
    Request Type: Temp
Component : DBHelper
Session Context is: 
com.cs.core.utility.SessionContext@4588b614
Request Info Type : com.cs.core.dao.exec.SQLDao
Request Info Content is: 
[01]SELECT C_CRITERIA_DATA,C_TMPL_NAME,C_IS_DEFAULT FROM CETRX.STD_SEARCH_CRITERIA  WHERE  C_UNIT_CODE = 'C013133'  AND  C_USER_ID = 'C013133MCM1'  AND  C_CATA_ID = 'C2A_InProgress_Both'  AND  C_BK_GROUP_ID = 'CSBANK'  AND  I_CRITERIA_TYPE = 4 

 [end]

[start] [DEBUG] [2026-07-10 08:50:40.853] [C013133_C013133MCM1] 
The option type "distinctRecord" is only used to show the dropdown list not for format [end]

[start] [ERROR] [2026-07-10 08:50:40.855] [C013133_C013133MCM1] 
Can not find product ID  in parameter products.xml [end]

[start] [ERROR] [2026-07-10 08:50:40.856] [C013133_C013133MCM1] 
Can not find product ID  in parameter products.xml [end]

[start] [ERROR] [2026-07-10 08:50:40.857] [C013133_C013133MCM1] 
Can not find product ID  in parameter products.xml [end]

[start] [ERROR] [2026-07-10 08:50:40.858] [C013133_C013133MCM1] 
Can not find product ID  in parameter products.xml [end]

[start] [ERROR] [2026-07-10 08:50:40.859] [C013133_C013133MCM1] 
Can not find product ID  in parameter products.xml [end]

[start] [ERROR] [2026-07-10 08:50:40.860] [C013133_C013133MCM1] 
Can not find product ID  in parameter products.xml [end]

[start] [ERROR] [2026-07-10 08:50:40.861] [C013133_C013133MCM1] 
Can not find product ID  in parameter products.xml [end]

[start] [ERROR] [2026-07-10 08:50:40.863] [C013133_C013133MCM1] 
Can not find product ID  in parameter products.xml [end]

[start] [ERROR] [2026-07-10 08:50:40.864] [C013133_C013133MCM1] 
Can not find product ID  in parameter products.xml [end]

[start] [ERROR] [2026-07-10 08:50:40.865] [C013133_C013133MCM1] 
Can not find product ID  in parameter products.xml [end]

[start] [ERROR] [2026-07-10 08:50:40.866] [C013133_C013133MCM1] 
Can not find product ID  in parameter products.xml [end]

[start] [ERROR] [2026-07-10 08:50:40.868] [C013133_C013133MCM1] 
Can not find product ID  in parameter products.xml [end]

[start] [ERROR] [2026-07-10 08:50:40.869] [C013133_C013133MCM1] 
Can not find product ID  in parameter products.xml [end]

[start] [ERROR] [2026-07-10 08:50:40.870] [C013133_C013133MCM1] 
Can not find product ID  in parameter products.xml [end]

[start] [ERROR] [2026-07-10 08:50:40.871] [C013133_C013133MCM1] 
Can not find product ID  in parameter products.xml [end]

[start] [ERROR] [2026-07-10 08:50:40.872] [C013133_C013133MCM1] 
Can not find product ID  in parameter products.xml [end]

[start] [ERROR] [2026-07-10 08:50:40.873] [C013133_C013133MCM1] 
Can not find product ID  in parameter products.xml [end]

[start] [ERROR] [2026-07-10 08:50:40.874] [C013133_C013133MCM1] 
Can not find product ID  in parameter products.xml [end]

[start] [ERROR] [2026-07-10 08:50:40.876] [C013133_C013133MCM1] 
Can not find product ID  in parameter products.xml [end]

[start] [ERROR] [2026-07-10 08:50:40.877] [C013133_C013133MCM1] 
Can not find product ID  in parameter products.xml [end]

[start] [ERROR] [2026-07-10 08:50:40.878] [C013133_C013133MCM1] 
Can not find product ID  in parameter products.xml [end]

[start] [ERROR] [2026-07-10 08:50:40.879] [C013133_C013133MCM1] 
Can not find product ID  in parameter products.xml [end]

[start] [ERROR] [2026-07-10 08:50:40.880] [C013133_C013133MCM1] 
Can not find product ID  in parameter products.xml [end]

[start] [ERROR] [2026-07-10 08:50:40.881] [C013133_C013133MCM1] 
Can not find product ID  in parameter products.xml [end]

[start] [ERROR] [2026-07-10 08:50:40.882] [C013133_C013133MCM1] 
Can not find product ID  in parameter products.xml [end]

[start] [ERROR] [2026-07-10 08:50:40.884] [C013133_C013133MCM1] 
Can not find product ID  in parameter products.xml [end]

[start] [ERROR] [2026-07-10 08:50:40.885] [C013133_C013133MCM1] 
Can not find product ID  in parameter products.xml [end]

[start] [ERROR] [2026-07-10 08:50:40.886] [C013133_C013133MCM1] 
Can not find product ID  in parameter products.xml [end]

[start] [ERROR] [2026-07-10 08:50:40.887] [C013133_C013133MCM1] 
Can not find product ID  in parameter products.xml [end]

[start] [ERROR] [2026-07-10 08:50:40.889] [C013133_C013133MCM1] 
Can not find product ID  in parameter products.xml [end]

[start] [ERROR] [2026-07-10 08:50:40.890] [C013133_C013133MCM1] 
Can not find product ID  in parameter products.xml [end]

[start] [ERROR] [2026-07-10 08:50:40.891] [C013133_C013133MCM1] 
Can not find product ID  in parameter products.xml [end]

[start] [ERROR] [2026-07-10 08:50:40.892] [C013133_C013133MCM1] 
Can not find product ID  in parameter products.xml [end]

[start] [ERROR] [2026-07-10 08:50:40.893] [C013133_C013133MCM1] 
Can not find product ID  in parameter products.xml [end]

[start] [ERROR] [2026-07-10 08:50:40.895] [C013133_C013133MCM1] 
Can not find product ID  in parameter products.xml [end]

[start] [ERROR] [2026-07-10 08:50:40.896] [C013133_C013133MCM1] 
Can not find product ID  in parameter products.xml [end]

[start] [ERROR] [2026-07-10 08:50:40.897] [C013133_C013133MCM1] 
Can not find product ID  in parameter products.xml [end]

[start] [ERROR] [2026-07-10 08:50:40.898] [C013133_C013133MCM1] 
Can not find product ID  in parameter products.xml [end]

[start] [ERROR] [2026-07-10 08:50:40.900] [C013133_C013133MCM1] 
Can not find product ID  in parameter products.xml [end]

[start] [ERROR] [2026-07-10 08:50:40.901] [C013133_C013133MCM1] 
Can not find product ID  in parameter products.xml [end]

[start] [DEBUG] [2026-07-10 08:50:40.903] [C013133_C013133MCM1] 
The option type "distinctRecord" is only used to show the dropdown list not for format [end]

[start] [DEBUG] [2026-07-10 08:50:40.905] [C013133_C013133MCM1] 
The option type "distinctRecord" is only used to show the dropdown list not for format [end]

[start] [DEBUG] [2026-07-10 08:50:40.907] [C013133_C013133MCM1] 
====request content is: 
    Request Type: Temp
Component : DBHelper
Session Context is: 
com.cs.core.utility.SessionContext@4588b614
Request Info Type : com.cs.core.dao.exec.SQLDao
Request Info Content is: 
[01]SELECT C_UNIT_CODE,C_UNIT_NAME FROM CEUSER.SEC_BUSINESS_UNIT WHERE C_UNIT_CODE = 'C013133' 

 [end]

[start] [DEBUG] [2026-07-10 08:50:40.940] [C013133_C013133MCM1] 
====request content is: 
    Request Type: Temp
Component : DBHelper
Session Context is: 
com.cs.core.utility.SessionContext@23ee800f
Request Info Type : com.cs.core.dao.exec.SQLDao
Request Info Content is: 
[01]SELECT C_INACTIVE FROM CEUSER.SEC_USER_INFO WHERE C_USER_ID = 'C013133MCM1' AND C_UNIT_CODE = 'C013133' 

 [end]

[start] [DEBUG] [2026-07-10 08:50:40.944] [C013133_C013133MCM1] 
The request URI is : /BL6CEWeb/v1/openapi/catalog/combo/data [end]

[start] [DEBUG] [2026-07-10 08:50:40.945] [C013133_C013133MCM1] 
The URI is :/BL6CEWeb/v1/openapi/catalog/combo/data [end]

[start] [DEBUG] [2026-07-10 08:50:40.946] [C013133_C013133MCM1] 
The session refresh token in session is : null [end]

[start] [DEBUG] [2026-07-10 08:50:40.949] [C013133_C013133MCM1] 
The Catalog Object SQL is :SELECT T1.C_BK_GROUP_ID, T1.C_MAIN_REF, T1.C_TRX_REF, T1.C_UNIT_CODE, T1.PARENT_MAIN_REF, T1.C_TRX_STATUS, T1.CURRNT_STATUS, T1.C2A_STATUS, T1.I_EVENT_TIMES, T1.C_MODULE, T1.C_FUNC_ID, T1.C_PRODUCT_ID, T1.C_TRX_ID, T3.C_LOCKED_FLAG, T3.C_LOCKED_OP, T3.C_USER_DESC, T1.D_SYS_OP_DATE, T1.T_SYS_OP_TIME, T1.C2A_CCY, T1.C2A_AMOUNT, T1.C2A_COUNTERPARTY FROM CETRX.TRX_INBOX T1 LEFT JOIN CETRX.TRX_LOCK_INFO T3 ON T1.C_MAIN_REF = T3.C_MAIN_REF AND T1.C_UNIT_CODE = T3.C_UNIT_CODE WHERE (T1.C_TRX_STATUS IN ('P', 'T', 'A', 'S', 'R') AND (T1.C_MODULE = 'IMLC' OR T1.C_MODULE = 'EXLC' OR T1.C_MODULE = 'FAEF' OR T1.C_MODULE = 'FADA' OR T1.C_MODULE = 'ABLF') AND T1.C2A_STATUS NOT IN ('Discrepancies rejected_fully authorized') OR T1.C_TRX_STATUS = 'M' AND (T1.C_MODULE = 'IMLC' AND T1.C2A_STATUS NOT IN ('Issued', 'Amended', 'Beneficiary rejected', 'Settled') OR T1.C_MODULE = 'EXCO' AND T1.CURRNT_STATUS NOT IN ('Payment Advice') OR T1.C_MODULE = 'EXLC' AND T1.CURRNT_STATUS NOT IN ('Settled', 'Advise Received', 'Amendment Received', 'Docment Received') OR T1.C_MODULE = 'FAEF' AND T1.CURRNT_STATUS NOT IN ('Settled', 'Advise Received') OR T1.C_MODULE = 'FADA' AND T1.CURRNT_STATUS NOT IN ('Settled', 'Advise Received') OR T1.C_MODULE = 'ABLF' AND T1.CURRNT_STATUS NOT IN ('Settled', 'Advise Received'))) AND T1.C_TRX_ID NOT IN (SELECT C_TRX_ID FROM CETRX.TRX_USER_DISMISS WHERE C_USER_ID = ? AND C_GRP_CODE = ?) AND (T1.C_MODULE = 'IMLC' OR T1.C_MODULE = 'EXLC' OR T1.C_MODULE = 'FAEF' OR T1.C_MODULE = 'FADA' OR T1.C_MODULE = 'ABLF') ORDER BY T1.D_SYS_OP_DATE DESC, T1.T_SYS_OP_TIME DESC [end]

[start] [DEBUG] [2026-07-10 08:50:40.951] [C013133_C013133MCM1] 
====request content is: 
    Request Type: Temp
Component : DBHelper
Session Context is: 
com.cs.core.utility.SessionContext@23ee800f
Request Info Type : com.cs.core.dao.exec.SQLDao
Request Info Content is: 
[01]SELECT T1.C_BK_GROUP_ID, T1.C_MAIN_REF, T1.C_TRX_REF, T1.C_UNIT_CODE, T1.PARENT_MAIN_REF, T1.C_TRX_STATUS, T1.CURRNT_STATUS, T1.C2A_STATUS, T1.I_EVENT_TIMES, T1.C_MODULE, T1.C_FUNC_ID, T1.C_PRODUCT_ID, T1.C_TRX_ID, T3.C_LOCKED_FLAG, T3.C_LOCKED_OP, T3.C_USER_DESC, T1.D_SYS_OP_DATE, T1.T_SYS_OP_TIME, T1.C2A_CCY, T1.C2A_AMOUNT, T1.C2A_COUNTERPARTY FROM CETRX.TRX_INBOX T1 LEFT JOIN CETRX.TRX_LOCK_INFO T3 ON T1.C_MAIN_REF = T3.C_MAIN_REF AND T1.C_UNIT_CODE = T3.C_UNIT_CODE WHERE   T1.C_BK_GROUP_ID = 'CSBANK'  AND (( T1.C_UNIT_CODE = 'C013133'  AND  T1.C_PRODUCT_ID IN ('FHS0YffwVNuA','P06022700000','P08010300000','P08111800000','P13101500000','P13111900000','P14042500000','P14042500001','P16062000000','P16062300000','P19080800000','P19080800001','P19080800002','P20030600000','P20030600001','epF3a6u4ZGAt') )) AND (T1.C_TRX_STATUS IN ('P', 'T', 'A', 'S', 'R') AND (T1.C_MODULE = 'IMLC' OR T1.C_MODULE = 'EXLC' OR T1.C_MODULE = 'FAEF' OR T1.C_MODULE = 'FADA' OR T1.C_MODULE = 'ABLF') AND T1.C2A_STATUS NOT IN ('Discrepancies rejected_fully authorized') OR T1.C_TRX_STATUS = 'M' AND (T1.C_MODULE = 'IMLC' AND T1.C2A_STATUS NOT IN ('Issued', 'Amended', 'Beneficiary rejected', 'Settled') OR T1.C_MODULE = 'EXCO' AND T1.CURRNT_STATUS NOT IN ('Payment Advice') OR T1.C_MODULE = 'EXLC' AND T1.CURRNT_STATUS NOT IN ('Settled', 'Advise Received', 'Amendment Received', 'Docment Received') OR T1.C_MODULE = 'FAEF' AND T1.CURRNT_STATUS NOT IN ('Settled', 'Advise Received') OR T1.C_MODULE = 'FADA' AND T1.CURRNT_STATUS NOT IN ('Settled', 'Advise Received') OR T1.C_MODULE = 'ABLF' AND T1.CURRNT_STATUS NOT IN ('Settled', 'Advise Received'))) AND T1.C_TRX_ID NOT IN (SELECT C_TRX_ID FROM CETRX.TRX_USER_DISMISS WHERE C_USER_ID = 'C013133MCM1' AND C_GRP_CODE = 'C013133') AND (T1.C_MODULE = 'IMLC' OR T1.C_MODULE = 'EXLC' OR T1.C_MODULE = 'FAEF' OR T1.C_MODULE = 'FADA' OR T1.C_MODULE = 'ABLF') ORDER BY T1.D_SYS_OP_DATE DESC, T1.T_SYS_OP_TIME DESC

 [end]

[start] [ERROR] [2026-07-10 08:50:41.142] [C013133_C013133MCM1] 
Can not find product ID  in parameter products.xml [end]

[start] [ERROR] [2026-07-10 08:50:41.143] [C013133_C013133MCM1] 
Can not find product ID  in parameter products.xml [end]

[start] [ERROR] [2026-07-10 08:50:41.144] [C013133_C013133MCM1] 
Can not find product ID  in parameter products.xml [end]

[start] [ERROR] [2026-07-10 08:50:41.160] [C013133_C013133MCM1] 
Can not find product ID  in parameter products.xml [end]

[start] [ERROR] [2026-07-10 08:50:41.161] [C013133_C013133MCM1] 
Can not find product ID  in parameter products.xml [end]

[start] [ERROR] [2026-07-10 08:50:41.162] [C013133_C013133MCM1] 
Can not find product ID  in parameter products.xml [end]

[start] [ERROR] [2026-07-10 08:50:41.163] [C013133_C013133MCM1] 
Can not find product ID  in parameter products.xml [end]

[start] [ERROR] [2026-07-10 08:50:41.164] [C013133_C013133MCM1] 
Can not find product ID  in parameter products.xml [end]

[start] [ERROR] [2026-07-10 08:50:41.165] [C013133_C013133MCM1] 
Can not find product ID  in parameter products.xml [end]

[start] [ERROR] [2026-07-10 08:50:41.166] [C013133_C013133MCM1] 
Can not find product ID  in parameter products.xml [end]

[start] [ERROR] [2026-07-10 08:50:41.167] [C013133_C013133MCM1] 
Can not find product ID  in parameter products.xml [end]

[start] [ERROR] [2026-07-10 08:50:41.169] [C013133_C013133MCM1] 
Can not find product ID  in parameter products.xml [end]

[start] [ERROR] [2026-07-10 08:50:41.170] [C013133_C013133MCM1] 
Can not find product ID  in parameter products.xml [end]

[start] [ERROR] [2026-07-10 08:50:41.171] [C013133_C013133MCM1] 
Can not find product ID  in parameter products.xml [end]

[start] [ERROR] [2026-07-10 08:50:41.173] [C013133_C013133MCM1] 
Can not find product ID  in parameter products.xml [end]

[start] [ERROR] [2026-07-10 08:50:41.174] [C013133_C013133MCM1] 
Can not find product ID  in parameter products.xml [end]

[start] [ERROR] [2026-07-10 08:50:41.175] [C013133_C013133MCM1] 
Can not find product ID  in parameter products.xml [end]

[start] [ERROR] [2026-07-10 08:50:41.176] [C013133_C013133MCM1] 
Can not find product ID  in parameter products.xml [end]

[start] [ERROR] [2026-07-10 08:50:41.177] [C013133_C013133MCM1] 
Can not find product ID  in parameter products.xml [end]

[start] [ERROR] [2026-07-10 08:50:41.178] [C013133_C013133MCM1] 
Can not find product ID  in parameter products.xml [end]

[start] [ERROR] [2026-07-10 08:50:41.179] [C013133_C013133MCM1] 
Can not find product ID  in parameter products.xml [end]

[start] [ERROR] [2026-07-10 08:50:41.180] [C013133_C013133MCM1] 
Can not find product ID  in parameter products.xml [end]

[start] [ERROR] [2026-07-10 08:50:41.182] [C013133_C013133MCM1] 
Can not find product ID  in parameter products.xml [end]

[start] [ERROR] [2026-07-10 08:50:41.183] [C013133_C013133MCM1] 
Can not find product ID  in parameter products.xml [end]

[start] [ERROR] [2026-07-10 08:50:41.184] [C013133_C013133MCM1] 
Can not find product ID  in parameter products.xml [end]

[start] [ERROR] [2026-07-10 08:50:41.185] [C013133_C013133MCM1] 
Can not find product ID  in parameter products.xml [end]

[start] [ERROR] [2026-07-10 08:50:41.186] [C013133_C013133MCM1] 
Can not find product ID  in parameter products.xml [end]

[start] [ERROR] [2026-07-10 08:50:41.188] [C013133_C013133MCM1] 
Can not find product ID  in parameter products.xml [end]

[start] [ERROR] [2026-07-10 08:50:41.189] [C013133_C013133MCM1] 
Can not find product ID  in parameter products.xml [end]

[start] [ERROR] [2026-07-10 08:50:41.190] [C013133_C013133MCM1] 
Can not find product ID  in parameter products.xml [end]

[start] [ERROR] [2026-07-10 08:50:41.191] [C013133_C013133MCM1] 
Can not find product ID  in parameter products.xml [end]

[start] [ERROR] [2026-07-10 08:50:41.192] [C013133_C013133MCM1] 
Can not find product ID  in parameter products.xml [end]

[start] [ERROR] [2026-07-10 08:50:41.194] [C013133_C013133MCM1] 
Can not find product ID  in parameter products.xml [end]

[start] [ERROR] [2026-07-10 08:50:41.195] [C013133_C013133MCM1] 
Can not find product ID  in parameter products.xml [end]

[start] [ERROR] [2026-07-10 08:50:41.196] [C013133_C013133MCM1] 
Can not find product ID  in parameter products.xml [end]

[start] [ERROR] [2026-07-10 08:50:41.198] [C013133_C013133MCM1] 
Can not find product ID  in parameter products.xml [end]

[start] [ERROR] [2026-07-10 08:50:41.199] [C013133_C013133MCM1] 
Can not find product ID  in parameter products.xml [end]

[start] [ERROR] [2026-07-10 08:50:41.200] [C013133_C013133MCM1] 
Can not find product ID  in parameter products.xml [end]

[start] [ERROR] [2026-07-10 08:50:41.201] [C013133_C013133MCM1] 
Can not find product ID  in parameter products.xml [end]

[start] [ERROR] [2026-07-10 08:50:41.202] [C013133_C013133MCM1] 
Can not find product ID  in parameter products.xml [end]

[start] [DEBUG] [2026-07-10 08:50:41.205] [C013133_C013133MCM1] 
====request content is: 
    Request Type: Temp
Component : DBHelper
Session Context is: 
com.cs.core.utility.SessionContext@23ee800f
Request Info Type : com.cs.core.dao.exec.SQLDao
Request Info Content is: 
[01]SELECT C_UNIT_CODE,C_UNIT_NAME FROM CEUSER.SEC_BUSINESS_UNIT WHERE C_UNIT_CODE = 'C013133' 

 [end]

[start] [DEBUG] [2026-07-10 08:50:41.220] [C013133_C013133MCM1] 
====request content is: 
    Request Type: Temp
Component : DBHelper
Session Context is: 
com.cs.core.utility.SessionContext@23ee800f
Request Info Type : com.cs.core.dao.exec.SQLDao
Request Info Content is: 
[01]SELECT C_CRITERIA_DATA,C_TMPL_NAME,C_IS_DEFAULT FROM CETRX.STD_SEARCH_CRITERIA  WHERE  C_UNIT_CODE = 'C013133'  AND  C_USER_ID = 'C013133MCM1'  AND  C_CATA_ID = 'C2A_InProgress_Both'  AND  C_BK_GROUP_ID = 'CSBANK'  AND  I_CRITERIA_TYPE = 4 

 [end]

[start] [DEBUG] [2026-07-10 08:50:41.457] [C013133_C013133MCM1] 
====request content is: 
    Request Type: Temp
Component : DBHelper
Session Context is: 
com.cs.core.utility.SessionContext@b1e5cb0
Request Info Type : com.cs.core.dao.exec.SQLDao
Request Info Content is: 
[01]SELECT C_INACTIVE FROM CEUSER.SEC_USER_INFO WHERE C_USER_ID = 'C013133MCM1' AND C_UNIT_CODE = 'C013133' 

 [end]

[start] [DEBUG] [2026-07-10 08:50:41.461] [C013133_C013133MCM1] 
The request URI is : /BL6CEWeb/v1/openapi/widget/list [end]

[start] [DEBUG] [2026-07-10 08:50:41.462] [C013133_C013133MCM1] 
The URI is :/BL6CEWeb/v1/openapi/widget/list [end]

[start] [DEBUG] [2026-07-10 08:50:41.463] [C013133_C013133MCM1] 
The session refresh token in session is : null [end]

[start] [DEBUG] [2026-07-10 08:50:41.468] [C013133_C013133MCM1] 
====request content is: 
    Request Type: Temp
Component : DBHelper
Session Context is: 
com.cs.core.utility.SessionContext@b1e5cb0
Request Info Type : com.cs.core.dao.exec.SQLDao
Request Info Content is: 
[01]SELECT DISTINCT C_WIDGET_NAME FROM CEUSER.SEC_WIDGETS_V2_LIST  WHERE  C_IS_ACTIVE = 'Y'  AND  C_ROLE_NAME IN ('MAKER','CHECKER')  ORDER BY  C_WIDGET_NAME 

 [end]

[start] [DEBUG] [2026-07-10 08:50:41.498] [C013133_C013133MCM1] 
====request content is: 
    Request Type: Temp
Component : DBHelper
Session Context is: 
com.cs.core.utility.SessionContext@bbf37dcf
Request Info Type : com.cs.core.dao.exec.SQLDao
Request Info Content is: 
[01]SELECT C_INACTIVE FROM CEUSER.SEC_USER_INFO WHERE C_USER_ID = 'C013133MCM1' AND C_UNIT_CODE = 'C013133' 

 [end]

[start] [DEBUG] [2026-07-10 08:50:41.502] [C013133_C013133MCM1] 
The request URI is : /BL6CEWeb/v1/openapi/widget/page/load [end]

[start] [DEBUG] [2026-07-10 08:50:41.503] [C013133_C013133MCM1] 
The URI is :/BL6CEWeb/v1/openapi/widget/page/load [end]

[start] [DEBUG] [2026-07-10 08:50:41.505] [C013133_C013133MCM1] 
The session refresh token in session is : null [end]

[start] [DEBUG] [2026-07-10 08:50:41.509] [C013133_C013133MCM1] 
====request content is: 
    Request Type: Temp
Component : DBHelper
Session Context is: 
com.cs.core.utility.SessionContext@bbf37dcf
Request Info Type : com.cs.core.dao.exec.SQLDao
Request Info Content is: 
[01]SELECT DISTINCT C_WIDGET_NAME FROM CEUSER.SEC_WIDGETS_V2_LIST  WHERE  C_IS_ACTIVE = 'Y'  AND  C_ROLE_NAME IN ('MAKER','CHECKER')  ORDER BY  C_WIDGET_NAME 

 [end]

[start] [DEBUG] [2026-07-10 08:50:41.513] [C013133_C013133MCM1] 
====request content is: 
    Request Type: Temp
Component : DBHelper
Session Context is: 
com.cs.core.utility.SessionContext@bbf37dcf
Request Info Type : com.cs.core.dao.exec.SQLDao
Request Info Content is: 
[01]SELECT TAB.C_TAB_ID,TAB.C_TAB_NAME,TAB.I_TAB_SEQUENCE FROM CEUSER.SEC_WIDGETS_V2_TABS TAB LEFT JOIN CEUSER.SEC_WIDGETS_V2_LAYOUT LYT ON (TAB.C_TAB_ID = LYT.C_TAB_ID AND  TAB.C_UNIT_CODE = LYT.C_UNIT_CODE AND TAB.C_USER_ID = LYT.C_USER_ID )    WHERE  TAB.C_UNIT_CODE = 'C013133'  AND  TAB.C_USER_ID = 'C013133MCM1'  AND  LYT.C_PAGE_NAME = 'analytics'  ORDER BY  TAB.I_TAB_SEQUENCE ASC 

 [end]

[start] [DEBUG] [2026-07-10 08:50:41.517] [C013133_C013133MCM1] 
====request content is: 
    Request Type: Temp
Component : DBHelper
Session Context is: 
com.cs.core.utility.SessionContext@bbf37dcf
Request Info Type : com.cs.core.dao.exec.SQLDao
Request Info Content is: 
[01]SELECT TAB.C_TAB_ID,TAB.C_TAB_NAME,TAB.I_TAB_SEQUENCE,LYT.C_LAYOUT_INFO FROM CEUSER.SEC_WIDGETS_V2_TABS TAB LEFT JOIN CEUSER.SEC_WIDGETS_V2_LAYOUT LYT ON (TAB.C_TAB_ID = LYT.C_TAB_ID AND  TAB.C_UNIT_CODE = LYT.C_UNIT_CODE AND TAB.C_USER_ID = LYT.C_USER_ID )    WHERE  TAB.C_UNIT_CODE = 'C013133'  AND  TAB.C_USER_ID = 'C013133MCM1'  AND  LYT.C_PAGE_NAME = 'analytics'  ORDER BY  TAB.I_TAB_SEQUENCE ASC 

 [end]

[start] [DEBUG] [2026-07-10 08:50:44.903] [C013133_C013133MCM1] 
The request URI is : /BL6CEWeb/logout.do [end]

[start] [DEBUG] [2026-07-10 08:50:44.905] [C013133_C013133MCM1] 
The URI is :/BL6CEWeb/logout.do [end]

[start] [DEBUG] [2026-07-10 08:50:44.906] [C013133_C013133MCM1] 
The session refresh token in session is : null [end]

[start] [DEBUG] [2026-07-10 08:50:44.909] [C013133_C013133MCM1] 
====request content is: 
    Request Type: Temp
Component : DBHelper
Session Context is: 
com.cs.core.utility.SessionContext@9ac47d8b
Request Info Type : com.cs.core.dao.exec.SQLDao
Request Info Content is: 
[01]SELECT C_INACTIVE FROM CEUSER.SEC_USER_INFO WHERE C_USER_ID = 'C013133MCM1' AND C_UNIT_CODE = 'C013133' 

 [end]

[start] [DEBUG] [2026-07-10 08:50:44.913] [C013133_C013133MCM1] 
====request content is: 
    Request Type: Temp
Component : DBHelper
Session Context is: 
com.cs.core.utility.SessionContext@9ac47d8b
Request Info Type : com.cs.core.dao.exec.SQLDao
Request Info Content is: 
[01]SELECT C_IS_INFORM FROM CEUSER.SEC_LOGIN_SESSION WHERE C_SESSION_ID = 'afsLMQTlbDWmdNApniIO0VY' 

 [end]

[start] [DEBUG] [2026-07-10 08:50:44.917] [C013133_C013133MCM1] 

------------------ Session ID : afsLMQTlbDWmdNApniIO0VY --------------------

{com.ibm.websphere.servlet.uri_non_decoded,/BL6CEWeb/logout.do}

{CHECKED_REFRESH,T}

{JSESSIONID,}

{TrxSessionId,8A828497019F4A5D202B0092}

{javax.servlet.forward.query_string, 
LOGIN_NAME=
FUN_DESC=null
PRODUCT_NAME=
_TRX_STATUS=LOGOFF_UNLOCKED
SEL_TYPE=
ITEM_NAME=
IMG_INQ_TYPE=
TRAN_NAME=
CATA_PAGE_SIZE=
UNIT_CODE=
SUB_CATA_ID=
INI_ITEM_ID=
PRODUCT_ID=
CATA_NUM=
CATA_CURR=
_ACT_TYPE=
ExcelType=
ID=
CURR_OPER=
DoType=
PREV_TRAN_NAME=
TITLE_NAME=
EXCELTYPE=
FUN_NAME=
_EVENT_TITLE=
FUNC_ID=
GRP_NAME=
CATA_TYPE=
CE_SELECT_CATAFIELD=
ITEM_ID=
REFRESH_TOKEN=23
CSRFTOKEN=8AR8QV52FKmzI8Xvp4u9x1F79gF4A3DkFBF0s200m1z9F4TUHsA5D3090500q8lA
SAVED=
SELECTEDFIELDS=
TRAN_TYPE=
CURR_DATE=
TRXL_TYPE=
}
 [end]

[start] [DEBUG] [2026-07-10 08:50:44.920] [C013133_C013133MCM1] 
==========Watching important CE session data [starting......]
==========Current class name is [com.cs.ceweb.servlets.WSSCELogout], cdoe line number is [78].
==========CE session user information:
userId(C_USER_ID)=C013133MCM1,
userDesc(C_USER_DESC)=C013133MCM1,
userType(I_USER_TYPE)=2,
multiLogin(I_MULTI_LOGIN)=true,
deftUnitCode(C_DFLT_UNIT_CODE)=C013133,
authLevel(I_AUTH_LEVEL)=1,
langVal(C_LANG_VAL)=null,
secType(I_SEC_TYPE)=-1,
tempProtect(C_TMPL_PROTECT)=F,
C_TIMEZONE_ID=null
C_UNIT_CODE=C013133
C_CNTY_CODE=US
C_LANG_NAME=null
C_CHANGE_PSW=F
C_LOGIN_RULE=null
C_AUTH_SET=null
C_PRIVATE_MAIL=susie.dong@chinasystems.com
C_BK_GROUP_ID=CSBANK

==========CE session business group information:
unitCode(C_UNIT_CODE)=C013133,
unitName(C_UNIT_NAME)=SHANGHAI LINSHENG TRADING CO.LTD.,
bkGrpId(C_BK_GROUP_ID)=CSBANK,
cntyCode(C_CNTY_CODE)=US,
subCnty(C_SUB_CNTY)=US,
bank(C_IS_BANK)=F,
secType(I_SEC_TYPE)=3
tempProtect(C_TMPL_PROTECT)=F,
C_LANG_NAME=null
I_UNIT_TYPE=1
C_HAVE_AUTH=T
C_LANG_VAL=null
C_BANK_UNIT=null
C_BANK_CODE=null
dualCtrl(C_DUAL_CTRL)=T,
custFmt=decFormat(C_DEC_FORMAT)=.,
intFormat(C_INT_FORMAT)=,,
intFmtLen(I_INT_FMT_LEN)=3,
dateFormat(C_DATE_FORM)=yyyy-mm-dd,
,

==========CE session system information:
system information is a null object.
==========Watching important CE session data [end......]
 [end]

[start] [DEBUG] [2026-07-10 08:50:44.921] [C013133_C013133MCM1] 
====request content is: 
    Request Type: Temp
Component : DBHelper
Session Context is: 
com.cs.core.utility.SessionContext@9ac47d8b
Request Info Type : com.cs.core.dao.exec.SQLDao
Request Info Content is: 
[01]INSERT INTO CETRX.TRX_ACT_LOG (C_LOG_ID,C_BK_GROUP_ID,C_CNTY_CODE,C_GRP_CODE,C_UNIT_CODE,C_USER_ID,C_IP_ADDRESS,C_FUNC_ID,D_CREA_DATE,T_CREA_TIME,D_SYS_OP_DATE,T_SYS_OP_TIME,D_SYS_TRT_DATE,T_SYS_TRT_TIME,C_BUSI_KEY) VALUES ('8A8284979F4A3FB0019F4A5D20380093','CSBANK','US','C013133','C013133','C013133MCM1','10.3.1.40','LogOut','2026-07-10','04:50:44','2026-07-10','04:50:44','2026-07-10','04:50:44','C013133;C013133MCM1')

 [end]

[start] [DEBUG] [2026-07-10 08:50:44.929] [C013133_C013133MCM1] 
====request content is: 
    Request Type: Temp
Component : DBHelper
Session Context is: 
com.cs.core.utility.SessionContext@57b6b07b
Request Info Type : com.cs.core.dao.exec.SQLDao
Request Info Content is: 
[01]DELETE FROM CEUSER.SEC_LOGIN_SESSION WHERE C_BK_GROUP_ID = 'CSBANK' AND C_USER_ID = 'C013133MCM1' AND C_UNIT_CODE = 'C013133' AND C_SESSION_ID = 'afsLMQTlbDWmdNApniIO0VY' 

 [end]

[start] [DEBUG] [2026-07-10 08:50:44.935] [C013133_C013133MCM1] 
== go to screen: /SYS_index.htm [end]

[start] [DEBUG] [2026-07-10 08:50:44.983] [C013133_C013133MCM1] 
The request URI is : /BL6CEWeb/JS/rsaencrypt/jsencrypt.min.js [end]

[start] [DEBUG] [2026-07-10 08:50:44.984] [C013133_C013133MCM1] 
The session refresh token in session is : null [end]

[start] [DEBUG] [2026-07-10 08:50:44.987] [C013133_C013133MCM1] 
The request URI is : /BL6CEWeb/JS/rsaencrypt/Publickey.js [end]

[start] [DEBUG] [2026-07-10 08:50:44.989] [C013133_C013133MCM1] 
The session refresh token in session is : null [end]

[start] [DEBUG] [2026-07-10 08:50:44.991] [C013133_C013133MCM1] 
The request URI is : /BL6CEWeb/SYS_JS/jQuery/jquery.min.js [end]

[start] [DEBUG] [2026-07-10 08:50:44.992] [C013133_C013133MCM1] 
The session refresh token in session is : null [end]

[start] [DEBUG] [2026-07-10 08:50:48.280] [C013133_C013133MCM1] 
The request URI is : /BL6CEWeb/screen/SECindex.htm [end]

[start] [DEBUG] [2026-07-10 08:50:48.282] [C013133_C013133MCM1] 
The session refresh token in session is : null [end]

[start] [DEBUG] [2026-07-10 08:50:50.851] [C013133_C013133MCM1] 
The request URI is : /BL6CEWeb/SYS_JS/jQuery/jquery.min.js [end]

[start] [DEBUG] [2026-07-10 08:50:50.852] [C013133_C013133MCM1] 
The session refresh token in session is : null [end]
