
[start] [DEBUG] [2026-07-09 08:46:48.991] [SYSTEMS] 
Generating STP Code (Msg numbers:1 [end]

[start] [DEBUG] [2026-07-09 08:46:49.001] [SYSTEMS] 
Generating STP Code -- OK! [end]

[start] [DEBUG] [2026-07-09 08:46:49.014] [SYSTEMS] 
Get Data Source:CET -- OK! [end]

[start] [DEBUG] [2026-07-09 08:46:49.015] [SYSTEMS] 
Starting to process STP message... [end]

[start] [DEBUG] [2026-07-09 08:46:49.016] [SYSTEMS] 
Entering into STP Manager... [end]

[start] [DEBUG] [2026-07-09 08:46:49.017] [SYSTEMS] 
STP Type is:InGapiForm [end]

[start] [DEBUG] [2026-07-09 08:46:49.021] [SYSTEMS] 
Initing adpater class:InGapiForm ... [end]

[start] [DEBUG] [2026-07-09 08:46:49.024] [SYSTEMS] 
Inited adpater class--OK! [end]

[start] [DEBUG] [2026-07-09 08:46:49.027] [SYSTEMS] 
Starting to convert STP message to STP XML Dom... [end]

[start] [DEBUG] [2026-07-09 08:46:49.036] [SYSTEMS] 
Start: set system name to BKTS [end]

[start] [DEBUG] [2026-07-09 08:46:49.037] [SYSTEMS] 
should set system name to SCF [end]

[start] [DEBUG] [2026-07-09 08:46:49.038] [SYSTEMS] 
userId= [end]

[start] [DEBUG] [2026-07-09 08:46:49.084] [SYSTEMS] 
recDate:2026-07-09 [end]

[start] [DEBUG] [2026-07-09 08:46:49.085] [SYSTEMS] 
End: set system name to BKTS [end]

[start] [DEBUG] [2026-07-09 08:46:49.108] [SYSTEMS] 
Start: assing msg to Receive Agreement [end]

[start] [DEBUG] [2026-07-09 08:46:49.109] [SYSTEMS] 
busiType============PF [end]

[start] [DEBUG] [2026-07-09 08:46:49.115] [SYSTEMS] 
End: assing msg to Receive Agreement [end]

[start] [DEBUG] [2026-07-09 08:46:49.247] [SYSTEMS] 
Start: Receive Agreement [end]

[start] [DEBUG] [2026-07-09 08:46:49.249] [SYSTEMS] 
Start to create user! [end]

[start] [DEBUG] [2026-07-09 08:46:58.090] [SYSTEMS] 
Create user end! [end]

[start] [DEBUG] [2026-07-09 08:46:58.092] [SYSTEMS] 
sMainRef======================C260742974 [end]

[start] [DEBUG] [2026-07-09 08:46:58.093] [SYSTEMS] 
FACUSTREGNO======================7564533 [end]

[start] [DEBUG] [2026-07-09 08:46:58.094] [SYSTEMS] 
FAPMT======================CHECK [end]

[start] [DEBUG] [2026-07-09 08:46:58.095] [SYSTEMS] 
RJREAS====================== [end]

[start] [DEBUG] [2026-07-09 08:46:58.096] [SYSTEMS] 
sUnitCode======================C260742974 [end]

[start] [DEBUG] [2026-07-09 08:46:58.100] [SYSTEMS] 
End: Receive Agreement [end]

[start] [DEBUG] [2026-07-09 08:46:58.102] [CSBANK_CSBANK] 
Converted STP message to STP XML Dom -- OK! [end]

[start] [DEBUG] [2026-07-09 08:46:58.124] [CSBANK_CSBANK] 
Starting to call Control Manager:TrxManagerMaster... [end]

[start] [DEBUG] [2026-07-09 08:46:58.509] [CSBANK_CSBANK] 
Called Control Manager:TrxManagerMaster --OK! [end]

[start] [DEBUG] [2026-07-09 08:46:58.521] [CSBANK_CSBANK] 
Completed processing STP message -- OK! [end]

[start] [DEBUG] [2026-07-09 08:46:58.521] [CSBANK_CSBANK] 
Starting to write process status to DB! [end]

[start] [DEBUG] [2026-07-09 08:46:58.525] [CSBANK_CSBANK] 
Starting to call STPResultProcess. [end]

[start] [DEBUG] [2026-07-09 08:46:58.526] [CSBANK_CSBANK] 
isSuccess=true; errorMessage=null [end]

[start] [DEBUG] [2026-07-09 08:46:58.527] [CSBANK_CSBANK] 
Completed to call STPResultProcess. [end]

[start] [DEBUG] [2026-07-09 08:46:58.579] [CSBANK_CSBANK] 
Wrote process status to DB -- OK! [end]

[start] [DEBUG] [2026-07-09 08:46:58.580] [CSBANK_CSBANK] 
Exit STP Process -- OK! [end]

[start] [DEBUG] [2026-07-09 08:47:11.396] [SYSTEMS] 
Generating STP Code (Msg numbers:1 [end]

[start] [DEBUG] [2026-07-09 08:47:11.397] [SYSTEMS] 
Generating STP Code -- OK! [end]

[start] [DEBUG] [2026-07-09 08:47:11.398] [SYSTEMS] 
Get Data Source:CET -- OK! [end]

[start] [DEBUG] [2026-07-09 08:47:11.399] [SYSTEMS] 
Starting to process STP message... [end]

[start] [DEBUG] [2026-07-09 08:47:11.400] [SYSTEMS] 
Entering into STP Manager... [end]

[start] [DEBUG] [2026-07-09 08:47:11.401] [SYSTEMS] 
STP Type is:InGapiForm [end]

[start] [DEBUG] [2026-07-09 08:47:11.403] [SYSTEMS] 
Initing adpater class:InGapiForm ... [end]

[start] [DEBUG] [2026-07-09 08:47:11.404] [SYSTEMS] 
Inited adpater class--OK! [end]

[start] [DEBUG] [2026-07-09 08:47:11.406] [SYSTEMS] 
Starting to convert STP message to STP XML Dom... [end]

[start] [DEBUG] [2026-07-09 08:47:11.420] [SYSTEMS] 
Start: set system name to BKTS [end]

[start] [DEBUG] [2026-07-09 08:47:11.424] [SYSTEMS] 
should set system name to SCF [end]

[start] [DEBUG] [2026-07-09 08:47:11.425] [SYSTEMS] 
userId= [end]

[start] [DEBUG] [2026-07-09 08:47:11.432] [SYSTEMS] 
recDate:2026-07-09 [end]

[start] [DEBUG] [2026-07-09 08:47:11.433] [SYSTEMS] 
End: set system name to BKTS [end]

[start] [DEBUG] [2026-07-09 08:47:11.451] [SYSTEMS] 
Start: assing msg to Receive SBR for Anchor Customer [end]

[start] [DEBUG] [2026-07-09 08:47:11.451] [SYSTEMS] 
busiType============PF [end]

[start] [DEBUG] [2026-07-09 08:47:11.496] [SYSTEMS] 
End: assing msg to Receive SBR for Anchor Customer [end]

[start] [DEBUG] [2026-07-09 08:47:11.588] [SYSTEMS] 
Start: Receive SBR for Anchor Customer [end]

[start] [DEBUG] [2026-07-09 08:47:11.590] [SYSTEMS] 
sMainRef======================20260709084711589 [end]

[start] [DEBUG] [2026-07-09 08:47:11.591] [SYSTEMS] 
sMainRef======================90 [end]

[start] [DEBUG] [2026-07-09 08:47:11.593] [SYSTEMS] 
custreno======================C007103REG [end]

[start] [DEBUG] [2026-07-09 08:47:11.594] [SYSTEMS] 
CounterRegNo======================7564533 [end]

[start] [DEBUG] [2026-07-09 08:47:11.598] [SYSTEMS] 
End: Receive SBR for Anchor Customer [end]

[start] [DEBUG] [2026-07-09 08:47:11.600] [CSBANK_CSBANK] 
Converted STP message to STP XML Dom -- OK! [end]

[start] [DEBUG] [2026-07-09 08:47:11.605] [CSBANK_CSBANK] 
Starting to call Control Manager:TrxManagerMaster... [end]

[start] [DEBUG] [2026-07-09 08:47:11.837] [CSBANK_CSBANK] 
Called Control Manager:TrxManagerMaster --OK! [end]

[start] [DEBUG] [2026-07-09 08:47:11.840] [CSBANK_CSBANK] 
Completed processing STP message -- OK! [end]

[start] [DEBUG] [2026-07-09 08:47:11.841] [CSBANK_CSBANK] 
Starting to write process status to DB! [end]

[start] [DEBUG] [2026-07-09 08:47:11.844] [CSBANK_CSBANK] 
Starting to call STPResultProcess. [end]

[start] [DEBUG] [2026-07-09 08:47:11.845] [CSBANK_CSBANK] 
isSuccess=true; errorMessage=null [end]

[start] [DEBUG] [2026-07-09 08:47:11.846] [CSBANK_CSBANK] 
Completed to call STPResultProcess. [end]

[start] [DEBUG] [2026-07-09 08:47:11.874] [CSBANK_CSBANK] 
Wrote process status to DB -- OK! [end]

[start] [DEBUG] [2026-07-09 08:47:11.875] [CSBANK_CSBANK] 
Exit STP Process -- OK! [end]

[start] [DEBUG] [2026-07-09 08:47:12.052] [CSBANK_CSBANK] 
Generating STP Code (Msg numbers:1 [end]

[start] [DEBUG] [2026-07-09 08:47:12.053] [CSBANK_CSBANK] 
Generating STP Code -- OK! [end]

[start] [DEBUG] [2026-07-09 08:47:12.054] [CSBANK_CSBANK] 
Get Data Source:CET -- OK! [end]

[start] [DEBUG] [2026-07-09 08:47:12.056] [CSBANK_CSBANK] 
Starting to process STP message... [end]

[start] [DEBUG] [2026-07-09 08:47:12.057] [CSBANK_CSBANK] 
Entering into STP Manager... [end]

[start] [DEBUG] [2026-07-09 08:47:12.058] [CSBANK_CSBANK] 
STP Type is:InGapiForm [end]

[start] [DEBUG] [2026-07-09 08:47:12.059] [CSBANK_CSBANK] 
Initing adpater class:InGapiForm ... [end]

[start] [DEBUG] [2026-07-09 08:47:12.060] [CSBANK_CSBANK] 
Inited adpater class--OK! [end]

[start] [DEBUG] [2026-07-09 08:47:12.061] [CSBANK_CSBANK] 
Starting to convert STP message to STP XML Dom... [end]

[start] [DEBUG] [2026-07-09 08:47:12.072] [CSBANK_CSBANK] 
Start: set system name to BKTS [end]

[start] [DEBUG] [2026-07-09 08:47:12.073] [CSBANK_CSBANK] 
should set system name to SCF [end]

[start] [DEBUG] [2026-07-09 08:47:12.075] [CSBANK_CSBANK] 
userId= [end]

[start] [DEBUG] [2026-07-09 08:47:12.089] [CSBANK_CSBANK] 
recDate:2026-07-09 [end]

[start] [DEBUG] [2026-07-09 08:47:12.089] [CSBANK_CSBANK] 
End: set system name to BKTS [end]

[start] [DEBUG] [2026-07-09 08:47:12.113] [CSBANK_CSBANK] 
Start: assing msg to Receive SBR for Counterparty [end]

[start] [DEBUG] [2026-07-09 08:47:12.115] [CSBANK_CSBANK] 
busiType============PF [end]

[start] [DEBUG] [2026-07-09 08:47:12.157] [CSBANK_CSBANK] 
End: assing msg to Receive SBR for Counterparty [end]

[start] [DEBUG] [2026-07-09 08:47:12.265] [CSBANK_CSBANK] 
Start: Receive SBR for Counterparty [end]

[start] [DEBUG] [2026-07-09 08:47:12.266] [CSBANK_CSBANK] 
Start to create user! [end]

[start] [DEBUG] [2026-07-09 08:47:12.625] [CSBANK_CSBANK] 
Create user end! [end]

[start] [DEBUG] [2026-07-09 08:47:12.626] [CSBANK_CSBANK] 
sMainRef======================20260709084712625 [end]

[start] [DEBUG] [2026-07-09 08:47:12.627] [CSBANK_CSBANK] 
custreno======================C007103REG [end]

[start] [DEBUG] [2026-07-09 08:47:12.628] [CSBANK_CSBANK] 
CounterRegNo======================7564533 [end]

[start] [DEBUG] [2026-07-09 08:47:12.631] [CSBANK_CSBANK] 
sSBRref================PFCSBANK260711228SBR [end]

[start] [DEBUG] [2026-07-09 08:47:12.632] [CSBANK_CSBANK] 
sUnitCode================C260742974 [end]

[start] [ERROR] [2026-07-09 08:47:12.719] [CSBANK_CSBANK] 
CEStpJs:SYS_getCUBKVal:
record is null! [end]

[start] [DEBUG] [2026-07-09 08:47:12.720] [CSBANK_CSBANK] 
End: Receive SBR for Counterparty [end]

[start] [DEBUG] [2026-07-09 08:47:12.721] [CSBANK_CSBANK] 
Converted STP message to STP XML Dom -- OK! [end]

[start] [DEBUG] [2026-07-09 08:47:12.725] [CSBANK_CSBANK] 
Starting to call Control Manager:TrxManagerMaster... [end]

[start] [DEBUG] [2026-07-09 08:47:12.898] [CSBANK_CSBANK] 
Called Control Manager:TrxManagerMaster --OK! [end]

[start] [DEBUG] [2026-07-09 08:47:12.902] [CSBANK_CSBANK] 
Completed processing STP message -- OK! [end]

[start] [DEBUG] [2026-07-09 08:47:12.903] [CSBANK_CSBANK] 
Starting to write process status to DB! [end]

[start] [DEBUG] [2026-07-09 08:47:12.907] [CSBANK_CSBANK] 
Starting to call STPResultProcess. [end]

[start] [DEBUG] [2026-07-09 08:47:12.908] [CSBANK_CSBANK] 
isSuccess=true; errorMessage=null [end]

[start] [DEBUG] [2026-07-09 08:47:12.909] [CSBANK_CSBANK] 
Completed to call STPResultProcess. [end]

[start] [DEBUG] [2026-07-09 08:47:12.920] [CSBANK_CSBANK] 
Wrote process status to DB -- OK! [end]

[start] [DEBUG] [2026-07-09 08:47:12.922] [CSBANK_CSBANK] 
Exit STP Process -- OK! [end]

[start] [DEBUG] [2026-07-09 09:06:21.935] [SYSTEMS] 
Generating STP Code (Msg numbers:1 [end]

[start] [DEBUG] [2026-07-09 09:06:21.937] [SYSTEMS] 
Generating STP Code -- OK! [end]

[start] [DEBUG] [2026-07-09 09:06:21.938] [SYSTEMS] 
Get Data Source:CET -- OK! [end]

[start] [DEBUG] [2026-07-09 09:06:21.939] [SYSTEMS] 
Starting to process STP message... [end]

[start] [DEBUG] [2026-07-09 09:06:21.941] [SYSTEMS] 
Entering into STP Manager... [end]

[start] [DEBUG] [2026-07-09 09:06:21.942] [SYSTEMS] 
STP Type is:InGapiForm [end]

[start] [DEBUG] [2026-07-09 09:06:21.943] [SYSTEMS] 
Initing adpater class:InGapiForm ... [end]

[start] [DEBUG] [2026-07-09 09:06:21.945] [SYSTEMS] 
Inited adpater class--OK! [end]

[start] [DEBUG] [2026-07-09 09:06:21.946] [SYSTEMS] 
Starting to convert STP message to STP XML Dom... [end]

[start] [DEBUG] [2026-07-09 09:06:21.961] [SYSTEMS] 
Start: set system name to BKTS [end]

[start] [DEBUG] [2026-07-09 09:06:21.965] [SYSTEMS] 
should set system name to SCF [end]

[start] [DEBUG] [2026-07-09 09:06:21.967] [SYSTEMS] 
userId= [end]

[start] [DEBUG] [2026-07-09 09:06:21.975] [SYSTEMS] 
recDate:2026-07-09 [end]

[start] [DEBUG] [2026-07-09 09:06:21.976] [SYSTEMS] 
End: set system name to BKTS [end]

[start] [DEBUG] [2026-07-09 09:06:21.982] [SYSTEMS] 
Start: assing msg to Receive Agreement [end]

[start] [DEBUG] [2026-07-09 09:06:21.984] [SYSTEMS] 
busiType============PF [end]

[start] [DEBUG] [2026-07-09 09:06:21.991] [SYSTEMS] 
End: assing msg to Receive Agreement [end]

[start] [DEBUG] [2026-07-09 09:06:22.000] [SYSTEMS] 
Start: Receive Agreement [end]

[start] [DEBUG] [2026-07-09 09:06:22.003] [SYSTEMS] 
Start to create user! [end]

[start] [DEBUG] [2026-07-09 09:06:23.099] [SYSTEMS] 
Create user end! [end]

[start] [DEBUG] [2026-07-09 09:06:23.100] [SYSTEMS] 
sMainRef======================SCFUS2606936 [end]

[start] [DEBUG] [2026-07-09 09:06:23.102] [SYSTEMS] 
FACUSTREGNO======================C012315reg [end]

[start] [DEBUG] [2026-07-09 09:06:23.103] [SYSTEMS] 
FAPMT====================== [end]

[start] [DEBUG] [2026-07-09 09:06:23.104] [SYSTEMS] 
RJREAS====================== [end]

[start] [DEBUG] [2026-07-09 09:06:23.106] [SYSTEMS] 
sUnitCode======================C012315 [end]

[start] [DEBUG] [2026-07-09 09:06:23.111] [SYSTEMS] 
End: Receive Agreement [end]

[start] [DEBUG] [2026-07-09 09:06:23.112] [CSBANK_CSBANK] 
Converted STP message to STP XML Dom -- OK! [end]

[start] [DEBUG] [2026-07-09 09:06:23.117] [CSBANK_CSBANK] 
Starting to call Control Manager:TrxManagerMaster... [end]

[start] [DEBUG] [2026-07-09 09:06:23.174] [CSBANK_CSBANK] 
Called Control Manager:TrxManagerMaster --OK! [end]

[start] [DEBUG] [2026-07-09 09:06:23.177] [CSBANK_CSBANK] 
Completed processing STP message -- OK! [end]

[start] [DEBUG] [2026-07-09 09:06:23.177] [CSBANK_CSBANK] 
Starting to write process status to DB! [end]

[start] [DEBUG] [2026-07-09 09:06:23.180] [CSBANK_CSBANK] 
Starting to call STPResultProcess. [end]

[start] [DEBUG] [2026-07-09 09:06:23.181] [CSBANK_CSBANK] 
isSuccess=true; errorMessage=null [end]

[start] [DEBUG] [2026-07-09 09:06:23.182] [CSBANK_CSBANK] 
Completed to call STPResultProcess. [end]

[start] [DEBUG] [2026-07-09 09:06:23.187] [CSBANK_CSBANK] 
Wrote process status to DB -- OK! [end]

[start] [DEBUG] [2026-07-09 09:06:23.187] [CSBANK_CSBANK] 
Exit STP Process -- OK! [end]

[start] [DEBUG] [2026-07-09 23:09:24.086] [SYSTEMS] 
Generating STP Code (Msg numbers:1 [end]

[start] [DEBUG] [2026-07-09 23:09:24.098] [SYSTEMS] 
Generating STP Code -- OK! [end]

[start] [DEBUG] [2026-07-09 23:09:24.099] [SYSTEMS] 
Get Data Source:CET -- OK! [end]

[start] [DEBUG] [2026-07-09 23:09:24.101] [SYSTEMS] 
Starting to process STP message... [end]

[start] [DEBUG] [2026-07-09 23:09:24.104] [SYSTEMS] 
Entering into STP Manager... [end]

[start] [DEBUG] [2026-07-09 23:09:24.112] [SYSTEMS] 
STP Type is:InGapiForm [end]

[start] [DEBUG] [2026-07-09 23:09:24.113] [SYSTEMS] 
Initing adpater class:InGapiForm ... [end]

[start] [DEBUG] [2026-07-09 23:09:24.116] [SYSTEMS] 
Inited adpater class--OK! [end]

[start] [DEBUG] [2026-07-09 23:09:24.117] [SYSTEMS] 
Starting to convert STP message to STP XML Dom... [end]

[start] [DEBUG] [2026-07-09 23:09:24.352] [SYSTEMS] 
Start: set system name to BKTS [end]

[start] [DEBUG] [2026-07-09 23:09:24.354] [SYSTEMS] 
should set system name to SCF [end]

[start] [DEBUG] [2026-07-09 23:09:24.356] [SYSTEMS] 
userId= [end]

[start] [DEBUG] [2026-07-09 23:09:24.403] [SYSTEMS] 
recDate:2026-07-09 [end]

[start] [DEBUG] [2026-07-09 23:09:24.404] [SYSTEMS] 
End: set system name to BKTS [end]

[start] [DEBUG] [2026-07-09 23:09:24.417] [SYSTEMS] 
Start: assing msg to Receive Agreement [end]

[start] [DEBUG] [2026-07-09 23:09:24.418] [SYSTEMS] 
busiType============RD [end]

[start] [DEBUG] [2026-07-09 23:09:24.515] [SYSTEMS] 
End: assing msg to Receive Agreement [end]

[start] [DEBUG] [2026-07-09 23:09:24.549] [SYSTEMS] 
Start: Receive Agreement [end]

[start] [DEBUG] [2026-07-09 23:09:24.552] [SYSTEMS] 
Start to create user! [end]

[start] [DEBUG] [2026-07-09 23:09:25.665] [SYSTEMS] 
Create user end! [end]

[start] [DEBUG] [2026-07-09 23:09:25.666] [SYSTEMS] 
sMainRef======================SCFUS2606940 [end]

[start] [DEBUG] [2026-07-09 23:09:25.668] [SYSTEMS] 
FACUSTREGNO======================C008922reg [end]

[start] [DEBUG] [2026-07-09 23:09:25.669] [SYSTEMS] 
FAPMT====================== [end]

[start] [DEBUG] [2026-07-09 23:09:25.670] [SYSTEMS] 
RJREAS====================== [end]

[start] [DEBUG] [2026-07-09 23:09:25.671] [SYSTEMS] 
sUnitCode======================C008922 [end]

[start] [DEBUG] [2026-07-09 23:09:25.676] [SYSTEMS] 
End: Receive Agreement [end]

[start] [DEBUG] [2026-07-09 23:09:25.680] [CSBANK_CSBANK] 
Converted STP message to STP XML Dom -- OK! [end]

[start] [DEBUG] [2026-07-09 23:09:25.701] [CSBANK_CSBANK] 
Starting to call Control Manager:TrxManagerMaster... [end]

[start] [DEBUG] [2026-07-09 23:09:25.962] [CSBANK_CSBANK] 
Called Control Manager:TrxManagerMaster --OK! [end]

[start] [DEBUG] [2026-07-09 23:09:25.969] [CSBANK_CSBANK] 
Completed processing STP message -- OK! [end]

[start] [DEBUG] [2026-07-09 23:09:25.970] [CSBANK_CSBANK] 
Starting to write process status to DB! [end]

[start] [DEBUG] [2026-07-09 23:09:25.977] [CSBANK_CSBANK] 
Starting to call STPResultProcess. [end]

[start] [DEBUG] [2026-07-09 23:09:25.979] [CSBANK_CSBANK] 
isSuccess=true; errorMessage=null [end]

[start] [DEBUG] [2026-07-09 23:09:25.980] [CSBANK_CSBANK] 
Completed to call STPResultProcess. [end]

[start] [DEBUG] [2026-07-09 23:09:25.988] [CSBANK_CSBANK] 
Wrote process status to DB -- OK! [end]

[start] [DEBUG] [2026-07-09 23:09:25.989] [CSBANK_CSBANK] 
Exit STP Process -- OK! [end]

[start] [DEBUG] [2026-07-09 23:10:01.259] [SYSTEMS] 
Generating STP Code (Msg numbers:1 [end]

[start] [DEBUG] [2026-07-09 23:10:01.261] [SYSTEMS] 
Generating STP Code -- OK! [end]

[start] [DEBUG] [2026-07-09 23:10:01.263] [SYSTEMS] 
Get Data Source:CET -- OK! [end]

[start] [DEBUG] [2026-07-09 23:10:01.264] [SYSTEMS] 
Starting to process STP message... [end]

[start] [DEBUG] [2026-07-09 23:10:01.265] [SYSTEMS] 
Entering into STP Manager... [end]

[start] [DEBUG] [2026-07-09 23:10:01.266] [SYSTEMS] 
STP Type is:InGapiForm [end]

[start] [DEBUG] [2026-07-09 23:10:01.267] [SYSTEMS] 
Initing adpater class:InGapiForm ... [end]

[start] [DEBUG] [2026-07-09 23:10:01.267] [SYSTEMS] 
Inited adpater class--OK! [end]

[start] [DEBUG] [2026-07-09 23:10:01.268] [SYSTEMS] 
Starting to convert STP message to STP XML Dom... [end]

[start] [DEBUG] [2026-07-09 23:10:01.287] [SYSTEMS] 
Start: set system name to BKTS [end]

[start] [DEBUG] [2026-07-09 23:10:01.288] [SYSTEMS] 
should set system name to SCF [end]

[start] [DEBUG] [2026-07-09 23:10:01.289] [SYSTEMS] 
userId= [end]

[start] [DEBUG] [2026-07-09 23:10:01.298] [SYSTEMS] 
recDate:2026-07-09 [end]

[start] [DEBUG] [2026-07-09 23:10:01.299] [SYSTEMS] 
End: set system name to BKTS [end]

[start] [DEBUG] [2026-07-09 23:10:01.304] [SYSTEMS] 
Start: assing msg to Receive SBR for Anchor Customer [end]

[start] [DEBUG] [2026-07-09 23:10:01.305] [SYSTEMS] 
busiType============RD [end]

[start] [DEBUG] [2026-07-09 23:10:01.326] [SYSTEMS] 
End: assing msg to Receive SBR for Anchor Customer [end]

[start] [DEBUG] [2026-07-09 23:10:01.358] [SYSTEMS] 
Start: Receive SBR for Anchor Customer [end]

[start] [DEBUG] [2026-07-09 23:10:01.360] [SYSTEMS] 
sMainRef======================20260709231001358 [end]

[start] [DEBUG] [2026-07-09 23:10:01.362] [SYSTEMS] 
sMainRef======================12 [end]

[start] [DEBUG] [2026-07-09 23:10:01.363] [SYSTEMS] 
custreno======================C008922reg [end]

[start] [DEBUG] [2026-07-09 23:10:01.365] [SYSTEMS] 
CounterRegNo======================C010897reg [end]

[start] [DEBUG] [2026-07-09 23:10:01.372] [SYSTEMS] 
End: Receive SBR for Anchor Customer [end]

[start] [DEBUG] [2026-07-09 23:10:01.373] [CSBANK_CSBANK] 
Converted STP message to STP XML Dom -- OK! [end]

[start] [DEBUG] [2026-07-09 23:10:01.381] [CSBANK_CSBANK] 
Starting to call Control Manager:TrxManagerMaster... [end]

[start] [DEBUG] [2026-07-09 23:10:01.592] [CSBANK_CSBANK] 
Called Control Manager:TrxManagerMaster --OK! [end]

[start] [DEBUG] [2026-07-09 23:10:01.596] [CSBANK_CSBANK] 
Completed processing STP message -- OK! [end]

[start] [DEBUG] [2026-07-09 23:10:01.597] [CSBANK_CSBANK] 
Starting to write process status to DB! [end]

[start] [DEBUG] [2026-07-09 23:10:01.602] [CSBANK_CSBANK] 
Starting to call STPResultProcess. [end]

[start] [DEBUG] [2026-07-09 23:10:01.603] [CSBANK_CSBANK] 
isSuccess=true; errorMessage=null [end]

[start] [DEBUG] [2026-07-09 23:10:01.605] [CSBANK_CSBANK] 
Completed to call STPResultProcess. [end]

[start] [DEBUG] [2026-07-09 23:10:01.613] [CSBANK_CSBANK] 
Wrote process status to DB -- OK! [end]

[start] [DEBUG] [2026-07-09 23:10:01.614] [CSBANK_CSBANK] 
Exit STP Process -- OK! [end]

[start] [DEBUG] [2026-07-09 23:10:01.698] [CSBANK_CSBANK] 
Generating STP Code (Msg numbers:1 [end]

[start] [DEBUG] [2026-07-09 23:10:01.699] [CSBANK_CSBANK] 
Generating STP Code -- OK! [end]

[start] [DEBUG] [2026-07-09 23:10:01.700] [CSBANK_CSBANK] 
Get Data Source:CET -- OK! [end]

[start] [DEBUG] [2026-07-09 23:10:01.701] [CSBANK_CSBANK] 
Starting to process STP message... [end]

[start] [DEBUG] [2026-07-09 23:10:01.702] [CSBANK_CSBANK] 
Entering into STP Manager... [end]

[start] [DEBUG] [2026-07-09 23:10:01.702] [CSBANK_CSBANK] 
STP Type is:InGapiForm [end]

[start] [DEBUG] [2026-07-09 23:10:01.703] [CSBANK_CSBANK] 
Initing adpater class:InGapiForm ... [end]

[start] [DEBUG] [2026-07-09 23:10:01.704] [CSBANK_CSBANK] 
Inited adpater class--OK! [end]

[start] [DEBUG] [2026-07-09 23:10:01.705] [CSBANK_CSBANK] 
Starting to convert STP message to STP XML Dom... [end]

[start] [DEBUG] [2026-07-09 23:10:01.713] [CSBANK_CSBANK] 
Start: set system name to BKTS [end]

[start] [DEBUG] [2026-07-09 23:10:01.715] [CSBANK_CSBANK] 
should set system name to SCF [end]

[start] [DEBUG] [2026-07-09 23:10:01.717] [CSBANK_CSBANK] 
userId= [end]

[start] [DEBUG] [2026-07-09 23:10:01.730] [CSBANK_CSBANK] 
recDate:2026-07-09 [end]

[start] [DEBUG] [2026-07-09 23:10:01.731] [CSBANK_CSBANK] 
End: set system name to BKTS [end]

[start] [DEBUG] [2026-07-09 23:10:01.741] [CSBANK_CSBANK] 
Start: assing msg to Receive SBR for Counterparty [end]

[start] [DEBUG] [2026-07-09 23:10:01.746] [CSBANK_CSBANK] 
busiType============RD [end]

[start] [DEBUG] [2026-07-09 23:10:01.762] [CSBANK_CSBANK] 
End: assing msg to Receive SBR for Counterparty [end]

[start] [DEBUG] [2026-07-09 23:10:01.813] [CSBANK_CSBANK] 
Start: Receive SBR for Counterparty [end]

[start] [DEBUG] [2026-07-09 23:10:01.815] [CSBANK_CSBANK] 
Start to create user! [end]

[start] [DEBUG] [2026-07-09 23:10:02.385] [CSBANK_CSBANK] 
Create user end! [end]

[start] [DEBUG] [2026-07-09 23:10:02.386] [CSBANK_CSBANK] 
sMainRef======================20260709231002385 [end]

[start] [DEBUG] [2026-07-09 23:10:02.388] [CSBANK_CSBANK] 
custreno======================C008922reg [end]

[start] [DEBUG] [2026-07-09 23:10:02.389] [CSBANK_CSBANK] 
CounterRegNo======================C010897reg [end]

[start] [DEBUG] [2026-07-09 23:10:02.399] [CSBANK_CSBANK] 
sSBRref================RDCSBANK260711231SBR [end]

[start] [DEBUG] [2026-07-09 23:10:02.401] [CSBANK_CSBANK] 
sUnitCode================C010897 [end]

[start] [ERROR] [2026-07-09 23:10:02.467] [CSBANK_CSBANK] 
CEStpJs:SYS_getCUBKVal:
record is null! [end]

[start] [DEBUG] [2026-07-09 23:10:02.468] [CSBANK_CSBANK] 
End: Receive SBR for Counterparty [end]

[start] [DEBUG] [2026-07-09 23:10:02.469] [CSBANK_CSBANK] 
Converted STP message to STP XML Dom -- OK! [end]

[start] [DEBUG] [2026-07-09 23:10:02.474] [CSBANK_CSBANK] 
Starting to call Control Manager:TrxManagerMaster... [end]

[start] [DEBUG] [2026-07-09 23:10:02.559] [CSBANK_CSBANK] 
Called Control Manager:TrxManagerMaster --OK! [end]

[start] [DEBUG] [2026-07-09 23:10:02.566] [CSBANK_CSBANK] 
Completed processing STP message -- OK! [end]

[start] [DEBUG] [2026-07-09 23:10:02.567] [CSBANK_CSBANK] 
Starting to write process status to DB! [end]

[start] [DEBUG] [2026-07-09 23:10:02.574] [CSBANK_CSBANK] 
Starting to call STPResultProcess. [end]

[start] [DEBUG] [2026-07-09 23:10:02.576] [CSBANK_CSBANK] 
isSuccess=true; errorMessage=null [end]

[start] [DEBUG] [2026-07-09 23:10:02.577] [CSBANK_CSBANK] 
Completed to call STPResultProcess. [end]

[start] [DEBUG] [2026-07-09 23:10:02.584] [CSBANK_CSBANK] 
Wrote process status to DB -- OK! [end]

[start] [DEBUG] [2026-07-09 23:10:02.585] [CSBANK_CSBANK] 
Exit STP Process -- OK! [end]
