
[start] [DEBUG] [2026-07-12 20:33:28.991] [SYSTEMS] 
Generating STP Code (Msg numbers:1 [end]

[start] [DEBUG] [2026-07-12 20:33:28.992] [SYSTEMS] 
Generating STP Code -- OK! [end]

[start] [DEBUG] [2026-07-12 20:33:28.993] [SYSTEMS] 
Get Data Source:CET -- OK! [end]

[start] [DEBUG] [2026-07-12 20:33:28.993] [SYSTEMS] 
Starting to process STP message... [end]

[start] [DEBUG] [2026-07-12 20:33:28.994] [SYSTEMS] 
Entering into STP Manager... [end]

[start] [DEBUG] [2026-07-12 20:33:28.995] [SYSTEMS] 
STP Type is:InGapiForm [end]

[start] [DEBUG] [2026-07-12 20:33:28.995] [SYSTEMS] 
Initing adpater class:InGapiForm ... [end]

[start] [DEBUG] [2026-07-12 20:33:28.996] [SYSTEMS] 
Inited adpater class--OK! [end]

[start] [DEBUG] [2026-07-12 20:33:28.997] [SYSTEMS] 
Starting to convert STP message to STP XML Dom... [end]

[start] [DEBUG] [2026-07-12 20:33:29.000] [SYSTEMS] 
Start: set system name to BKTS [end]

[start] [DEBUG] [2026-07-12 20:33:29.001] [SYSTEMS] 
should set system name to SCF [end]

[start] [DEBUG] [2026-07-12 20:33:29.002] [SYSTEMS] 
userId= [end]

[start] [DEBUG] [2026-07-12 20:33:29.023] [SYSTEMS] 
recDate:2026-07-12 [end]

[start] [DEBUG] [2026-07-12 20:33:29.024] [SYSTEMS] 
End: set system name to BKTS [end]

[start] [DEBUG] [2026-07-12 20:33:29.026] [SYSTEMS] 
Start: assing msg to Receive Agreement [end]

[start] [DEBUG] [2026-07-12 20:33:29.027] [SYSTEMS] 
busiType============PF [end]

[start] [DEBUG] [2026-07-12 20:33:29.029] [SYSTEMS] 
End: assing msg to Receive Agreement [end]

[start] [DEBUG] [2026-07-12 20:33:29.031] [SYSTEMS] 
Start: Receive Agreement [end]

[start] [DEBUG] [2026-07-12 20:33:29.032] [SYSTEMS] 
Start to create user! [end]

[start] [DEBUG] [2026-07-12 20:33:30.590] [SYSTEMS] 
Create user end! [end]

[start] [DEBUG] [2026-07-12 20:33:30.591] [SYSTEMS] 
sMainRef======================SCFUS2606948 [end]

[start] [DEBUG] [2026-07-12 20:33:30.592] [SYSTEMS] 
FACUSTREGNO======================C007755REG [end]

[start] [DEBUG] [2026-07-12 20:33:30.594] [SYSTEMS] 
FAPMT====================== [end]

[start] [DEBUG] [2026-07-12 20:33:30.594] [SYSTEMS] 
RJREAS====================== [end]

[start] [DEBUG] [2026-07-12 20:33:30.595] [SYSTEMS] 
sUnitCode======================C007755 [end]

[start] [DEBUG] [2026-07-12 20:33:30.600] [SYSTEMS] 
End: Receive Agreement [end]

[start] [DEBUG] [2026-07-12 20:33:30.601] [CSBANK_CSBANK] 
Converted STP message to STP XML Dom -- OK! [end]

[start] [DEBUG] [2026-07-12 20:33:30.616] [CSBANK_CSBANK] 
Starting to call Control Manager:TrxManagerMaster... [end]

[start] [DEBUG] [2026-07-12 20:33:30.710] [CSBANK_CSBANK] 
Called Control Manager:TrxManagerMaster --OK! [end]

[start] [DEBUG] [2026-07-12 20:33:30.712] [CSBANK_CSBANK] 
Completed processing STP message -- OK! [end]

[start] [DEBUG] [2026-07-12 20:33:30.713] [CSBANK_CSBANK] 
Starting to write process status to DB! [end]

[start] [DEBUG] [2026-07-12 20:33:30.715] [CSBANK_CSBANK] 
Starting to call STPResultProcess. [end]

[start] [DEBUG] [2026-07-12 20:33:30.716] [CSBANK_CSBANK] 
isSuccess=true; errorMessage=null [end]

[start] [DEBUG] [2026-07-12 20:33:30.716] [CSBANK_CSBANK] 
Completed to call STPResultProcess. [end]

[start] [DEBUG] [2026-07-12 20:33:30.754] [CSBANK_CSBANK] 
Wrote process status to DB -- OK! [end]

[start] [DEBUG] [2026-07-12 20:33:30.755] [CSBANK_CSBANK] 
Exit STP Process -- OK! [end]

[start] [DEBUG] [2026-07-12 20:34:01.305] [SYSTEMS] 
Generating STP Code (Msg numbers:1 [end]

[start] [DEBUG] [2026-07-12 20:34:01.306] [SYSTEMS] 
Generating STP Code -- OK! [end]

[start] [DEBUG] [2026-07-12 20:34:01.307] [SYSTEMS] 
Get Data Source:CET -- OK! [end]

[start] [DEBUG] [2026-07-12 20:34:01.308] [SYSTEMS] 
Starting to process STP message... [end]

[start] [DEBUG] [2026-07-12 20:34:01.308] [SYSTEMS] 
Entering into STP Manager... [end]

[start] [DEBUG] [2026-07-12 20:34:01.309] [SYSTEMS] 
STP Type is:InGapiForm [end]

[start] [DEBUG] [2026-07-12 20:34:01.310] [SYSTEMS] 
Initing adpater class:InGapiForm ... [end]

[start] [DEBUG] [2026-07-12 20:34:01.311] [SYSTEMS] 
Inited adpater class--OK! [end]

[start] [DEBUG] [2026-07-12 20:34:01.312] [SYSTEMS] 
Starting to convert STP message to STP XML Dom... [end]

[start] [DEBUG] [2026-07-12 20:34:01.324] [SYSTEMS] 
Start: set system name to BKTS [end]

[start] [DEBUG] [2026-07-12 20:34:01.325] [SYSTEMS] 
should set system name to SCF [end]

[start] [DEBUG] [2026-07-12 20:34:01.326] [SYSTEMS] 
userId= [end]

[start] [DEBUG] [2026-07-12 20:34:01.330] [SYSTEMS] 
recDate:2026-07-12 [end]

[start] [DEBUG] [2026-07-12 20:34:01.330] [SYSTEMS] 
End: set system name to BKTS [end]

[start] [DEBUG] [2026-07-12 20:34:01.333] [SYSTEMS] 
Start: assing msg to Receive SBR for Anchor Customer [end]

[start] [DEBUG] [2026-07-12 20:34:01.333] [SYSTEMS] 
busiType============PF [end]

[start] [DEBUG] [2026-07-12 20:34:01.338] [SYSTEMS] 
End: assing msg to Receive SBR for Anchor Customer [end]

[start] [DEBUG] [2026-07-12 20:34:01.341] [SYSTEMS] 
Start: Receive SBR for Anchor Customer [end]

[start] [DEBUG] [2026-07-12 20:34:01.342] [SYSTEMS] 
sMainRef======================20260712203401341 [end]

[start] [DEBUG] [2026-07-12 20:34:01.343] [SYSTEMS] 
sMainRef======================90 [end]

[start] [DEBUG] [2026-07-12 20:34:01.345] [SYSTEMS] 
custreno======================C007755REG [end]

[start] [DEBUG] [2026-07-12 20:34:01.345] [SYSTEMS] 
CounterRegNo======================C007927REG [end]

[start] [DEBUG] [2026-07-12 20:34:01.348] [SYSTEMS] 
End: Receive SBR for Anchor Customer [end]

[start] [DEBUG] [2026-07-12 20:34:01.348] [CSBANK_CSBANK] 
Converted STP message to STP XML Dom -- OK! [end]

[start] [DEBUG] [2026-07-12 20:34:01.351] [CSBANK_CSBANK] 
Starting to call Control Manager:TrxManagerMaster... [end]

[start] [DEBUG] [2026-07-12 20:34:01.420] [CSBANK_CSBANK] 
Called Control Manager:TrxManagerMaster --OK! [end]

[start] [DEBUG] [2026-07-12 20:34:01.422] [CSBANK_CSBANK] 
Completed processing STP message -- OK! [end]

[start] [DEBUG] [2026-07-12 20:34:01.422] [CSBANK_CSBANK] 
Starting to write process status to DB! [end]

[start] [DEBUG] [2026-07-12 20:34:01.425] [CSBANK_CSBANK] 
Starting to call STPResultProcess. [end]

[start] [DEBUG] [2026-07-12 20:34:01.426] [CSBANK_CSBANK] 
isSuccess=true; errorMessage=null [end]

[start] [DEBUG] [2026-07-12 20:34:01.426] [CSBANK_CSBANK] 
Completed to call STPResultProcess. [end]

[start] [DEBUG] [2026-07-12 20:34:01.430] [CSBANK_CSBANK] 
Wrote process status to DB -- OK! [end]

[start] [DEBUG] [2026-07-12 20:34:01.431] [CSBANK_CSBANK] 
Exit STP Process -- OK! [end]

[start] [DEBUG] [2026-07-12 20:34:01.454] [CSBANK_CSBANK] 
Generating STP Code (Msg numbers:1 [end]

[start] [DEBUG] [2026-07-12 20:34:01.455] [CSBANK_CSBANK] 
Generating STP Code -- OK! [end]

[start] [DEBUG] [2026-07-12 20:34:01.455] [CSBANK_CSBANK] 
Get Data Source:CET -- OK! [end]

[start] [DEBUG] [2026-07-12 20:34:01.456] [CSBANK_CSBANK] 
Starting to process STP message... [end]

[start] [DEBUG] [2026-07-12 20:34:01.457] [CSBANK_CSBANK] 
Entering into STP Manager... [end]

[start] [DEBUG] [2026-07-12 20:34:01.457] [CSBANK_CSBANK] 
STP Type is:InGapiForm [end]

[start] [DEBUG] [2026-07-12 20:34:01.457] [CSBANK_CSBANK] 
Initing adpater class:InGapiForm ... [end]

[start] [DEBUG] [2026-07-12 20:34:01.458] [CSBANK_CSBANK] 
Inited adpater class--OK! [end]

[start] [DEBUG] [2026-07-12 20:34:01.459] [CSBANK_CSBANK] 
Starting to convert STP message to STP XML Dom... [end]

[start] [DEBUG] [2026-07-12 20:34:01.462] [CSBANK_CSBANK] 
Start: set system name to BKTS [end]

[start] [DEBUG] [2026-07-12 20:34:01.462] [CSBANK_CSBANK] 
should set system name to SCF [end]

[start] [DEBUG] [2026-07-12 20:34:01.463] [CSBANK_CSBANK] 
userId= [end]

[start] [DEBUG] [2026-07-12 20:34:01.466] [CSBANK_CSBANK] 
recDate:2026-07-12 [end]

[start] [DEBUG] [2026-07-12 20:34:01.467] [CSBANK_CSBANK] 
End: set system name to BKTS [end]

[start] [DEBUG] [2026-07-12 20:34:01.470] [CSBANK_CSBANK] 
Start: assing msg to Receive SBR for Counterparty [end]

[start] [DEBUG] [2026-07-12 20:34:01.471] [CSBANK_CSBANK] 
busiType============PF [end]

[start] [DEBUG] [2026-07-12 20:34:01.474] [CSBANK_CSBANK] 
End: assing msg to Receive SBR for Counterparty [end]

[start] [DEBUG] [2026-07-12 20:34:01.520] [CSBANK_CSBANK] 
Start: Receive SBR for Counterparty [end]

[start] [DEBUG] [2026-07-12 20:34:01.521] [CSBANK_CSBANK] 
Start to create user! [end]

[start] [DEBUG] [2026-07-12 20:34:02.480] [CSBANK_CSBANK] 
Create user end! [end]

[start] [DEBUG] [2026-07-12 20:34:02.481] [CSBANK_CSBANK] 
sMainRef======================20260712203402480 [end]

[start] [DEBUG] [2026-07-12 20:34:02.482] [CSBANK_CSBANK] 
custreno======================C007755REG [end]

[start] [DEBUG] [2026-07-12 20:34:02.483] [CSBANK_CSBANK] 
CounterRegNo======================C007927REG [end]

[start] [DEBUG] [2026-07-12 20:34:02.487] [CSBANK_CSBANK] 
sSBRref================PFCSBANK260711239SBR [end]

[start] [DEBUG] [2026-07-12 20:34:02.488] [CSBANK_CSBANK] 
sUnitCode================C007927 [end]

[start] [ERROR] [2026-07-12 20:34:02.563] [CSBANK_CSBANK] 
CEStpJs:SYS_getCUBKVal:
record is null! [end]

[start] [DEBUG] [2026-07-12 20:34:02.565] [CSBANK_CSBANK] 
End: Receive SBR for Counterparty [end]

[start] [DEBUG] [2026-07-12 20:34:02.566] [CSBANK_CSBANK] 
Converted STP message to STP XML Dom -- OK! [end]

[start] [DEBUG] [2026-07-12 20:34:02.570] [CSBANK_CSBANK] 
Starting to call Control Manager:TrxManagerMaster... [end]

[start] [DEBUG] [2026-07-12 20:34:02.663] [CSBANK_CSBANK] 
Called Control Manager:TrxManagerMaster --OK! [end]

[start] [DEBUG] [2026-07-12 20:34:02.667] [CSBANK_CSBANK] 
Completed processing STP message -- OK! [end]

[start] [DEBUG] [2026-07-12 20:34:02.668] [CSBANK_CSBANK] 
Starting to write process status to DB! [end]

[start] [DEBUG] [2026-07-12 20:34:02.671] [CSBANK_CSBANK] 
Starting to call STPResultProcess. [end]

[start] [DEBUG] [2026-07-12 20:34:02.671] [CSBANK_CSBANK] 
isSuccess=true; errorMessage=null [end]

[start] [DEBUG] [2026-07-12 20:34:02.672] [CSBANK_CSBANK] 
Completed to call STPResultProcess. [end]

[start] [DEBUG] [2026-07-12 20:34:02.678] [CSBANK_CSBANK] 
Wrote process status to DB -- OK! [end]

[start] [DEBUG] [2026-07-12 20:34:02.679] [CSBANK_CSBANK] 
Exit STP Process -- OK! [end]

[start] [DEBUG] [2026-07-12 20:41:25.333] [SYSTEMS] 
Entering into STP Manager... [end]

[start] [DEBUG] [2026-07-12 20:41:25.335] [SYSTEMS] 
STP Type is:InGapiForm [end]

[start] [DEBUG] [2026-07-12 20:41:25.336] [SYSTEMS] 
Initing adpater class:InGapiForm ... [end]

[start] [DEBUG] [2026-07-12 20:41:25.337] [SYSTEMS] 
Inited adpater class--OK! [end]

[start] [DEBUG] [2026-07-12 20:41:25.338] [SYSTEMS] 
Starting to convert STP message to STP XML Dom... [end]

[start] [DEBUG] [2026-07-12 20:41:25.342] [SYSTEMS] 
Start: set system name to BKTS [end]

[start] [DEBUG] [2026-07-12 20:41:25.343] [SYSTEMS] 
should set system name to BKTS [end]

[start] [DEBUG] [2026-07-12 20:41:25.345] [SYSTEMS] 
userId= [end]

[start] [DEBUG] [2026-07-12 20:41:25.350] [SYSTEMS] 
recDate:2026-07-12 [end]

[start] [DEBUG] [2026-07-12 20:41:25.351] [SYSTEMS] 
End: set system name to BKTS [end]

[start] [DEBUG] [2026-07-12 20:41:25.355] [SYSTEMS] 
Start: assing msg to Send Message to EE [end]

[start] [DEBUG] [2026-07-12 20:41:25.359] [SYSTEMS] 
End: assing msg to Send Message to EE [end]

[start] [DEBUG] [2026-07-12 20:41:25.365] [CSBANK_CSBANK] 
Converted STP message to STP XML Dom -- OK! [end]

[start] [DEBUG] [2026-07-12 20:41:25.366] [CSBANK_CSBANK] 
Starting to call Control Manager:TrxManagerMaster... [end]

[start] [DEBUG] [2026-07-12 20:41:25.615] [CSBANK_CSBANK] 
Called Control Manager:TrxManagerMaster --OK! [end]

[start] [DEBUG] [2026-07-12 20:42:00.700] [SYSTEMS] 
Generating STP Code (Msg numbers:1 [end]

[start] [DEBUG] [2026-07-12 20:42:00.706] [SYSTEMS] 
Generating STP Code -- OK! [end]

[start] [DEBUG] [2026-07-12 20:42:00.707] [SYSTEMS] 
Get Data Source:CET -- OK! [end]

[start] [DEBUG] [2026-07-12 20:42:00.708] [SYSTEMS] 
Starting to process STP message... [end]

[start] [DEBUG] [2026-07-12 20:42:00.709] [SYSTEMS] 
Entering into STP Manager... [end]

[start] [DEBUG] [2026-07-12 20:42:00.710] [SYSTEMS] 
STP Type is:InGapiForm [end]

[start] [DEBUG] [2026-07-12 20:42:00.711] [SYSTEMS] 
Initing adpater class:InGapiForm ... [end]

[start] [DEBUG] [2026-07-12 20:42:00.712] [SYSTEMS] 
Inited adpater class--OK! [end]

[start] [DEBUG] [2026-07-12 20:42:00.713] [SYSTEMS] 
Starting to convert STP message to STP XML Dom... [end]

[start] [DEBUG] [2026-07-12 20:42:00.718] [SYSTEMS] 
Start: set system name to BKTS [end]

[start] [DEBUG] [2026-07-12 20:42:00.719] [SYSTEMS] 
should set system name to BKTS [end]

[start] [DEBUG] [2026-07-12 20:42:00.720] [SYSTEMS] 
userId= [end]

[start] [DEBUG] [2026-07-12 20:42:00.726] [SYSTEMS] 
recDate:2026-07-12 [end]

[start] [DEBUG] [2026-07-12 20:42:00.727] [SYSTEMS] 
End: set system name to BKTS [end]

[start] [DEBUG] [2026-07-12 20:42:00.730] [SYSTEMS] 
Start: assing msg to Receive Invoice Uploaded Status [end]

[start] [DEBUG] [2026-07-12 20:42:00.735] [SYSTEMS] 
End: assing msg to Receive Invoice Uploaded Status [end]

[start] [DEBUG] [2026-07-12 20:42:00.739] [SYSTEMS] 
Start: Receive Invoice Uploaded Status [end]

[start] [DEBUG] [2026-07-12 20:42:00.741] [SYSTEMS] 
sMainRef======================20260712204200740 [end]

[start] [DEBUG] [2026-07-12 20:42:00.744] [SYSTEMS] 
End: Receive Invoice Uploaded Status [end]

[start] [DEBUG] [2026-07-12 20:42:00.745] [CSBANK_CSBANK] 
Converted STP message to STP XML Dom -- OK! [end]

[start] [DEBUG] [2026-07-12 20:42:00.746] [CSBANK_CSBANK] 
Starting to call Control Manager:TrxManagerMaster... [end]

[start] [DEBUG] [2026-07-12 20:42:00.826] [CSBANK_CSBANK] 
Called Control Manager:TrxManagerMaster --OK! [end]

[start] [DEBUG] [2026-07-12 20:42:00.827] [CSBANK_CSBANK] 
Completed processing STP message -- OK! [end]

[start] [DEBUG] [2026-07-12 20:42:00.828] [CSBANK_CSBANK] 
Starting to write process status to DB! [end]

[start] [DEBUG] [2026-07-12 20:42:00.832] [CSBANK_CSBANK] 
Starting to call STPResultProcess. [end]

[start] [DEBUG] [2026-07-12 20:42:00.833] [CSBANK_CSBANK] 
isSuccess=true; errorMessage=null [end]

[start] [DEBUG] [2026-07-12 20:42:00.834] [CSBANK_CSBANK] 
Completed to call STPResultProcess. [end]

[start] [DEBUG] [2026-07-12 20:42:00.875] [CSBANK_CSBANK] 
Wrote process status to DB -- OK! [end]

[start] [DEBUG] [2026-07-12 20:42:00.876] [CSBANK_CSBANK] 
Exit STP Process -- OK! [end]

[start] [DEBUG] [2026-07-12 20:42:00.996] [SYSTEMS] 
Generating STP Code (Msg numbers:1 [end]

[start] [DEBUG] [2026-07-12 20:42:00.997] [SYSTEMS] 
Generating STP Code -- OK! [end]

[start] [DEBUG] [2026-07-12 20:42:00.997] [SYSTEMS] 
Get Data Source:CET -- OK! [end]

[start] [DEBUG] [2026-07-12 20:42:00.998] [SYSTEMS] 
Starting to process STP message... [end]

[start] [DEBUG] [2026-07-12 20:42:00.999] [SYSTEMS] 
Entering into STP Manager... [end]

[start] [DEBUG] [2026-07-12 20:42:01.006] [SYSTEMS] 
Completed processing STP message -- OK! [end]

[start] [DEBUG] [2026-07-12 20:42:01.007] [SYSTEMS] 
Starting to write process status to DB! [end]

[start] [DEBUG] [2026-07-12 20:42:01.010] [SYSTEMS] 
Starting to call STPResultProcess. [end]

[start] [DEBUG] [2026-07-12 20:42:01.011] [SYSTEMS] 
isSuccess=true; errorMessage=null [end]

[start] [DEBUG] [2026-07-12 20:42:01.012] [SYSTEMS] 
Completed to call STPResultProcess. [end]

[start] [DEBUG] [2026-07-12 20:42:01.013] [SYSTEMS] 
Wrote process status to DB -- OK! [end]

[start] [DEBUG] [2026-07-12 20:42:01.014] [SYSTEMS] 
Exit STP Process -- OK! [end]
