
[start] [DEBUG] [2026-07-12 11:21:56.510] [SELLER_OP7] 

------------------------------------IE_WEB Time Log----------------------------------------------
WS RECV FR IE: 2026-07-12 11:21:56.488 - 1783840916488 - Upo00to9PFy0B2tIZJ7w7ju - SESSION_LIFE_CYCLE
 [end]

[start] [DEBUG] [2026-07-12 11:21:56.521] [SELLER_OP7] 
WS SEND TO IE: 2026-07-12 11:21:56.509 - 1783840916509 - Upo00to9PFy0B2tIZJ7w7ju - SESSION_LIFE_CYCLE
 [end]

[start] [DEBUG] [2026-07-12 11:24:16.665] [SELLER_OP7] 

------------------------------------IE_WEB Time Log----------------------------------------------
WS RECV FR IE: 2026-07-12 11:24:16.336 - 1783841056336 - Upo00to9PFy0B2tIZJ7w7ju - LDGLIST
 [end]

[start] [DEBUG] [2026-07-12 11:24:16.666] [SELLER_OP7] 
WS SEND TO IE: 2026-07-12 11:24:16.664 - 1783841056664 - Upo00to9PFy0B2tIZJ7w7ju - LDGLIST
 [end]

[start] [DEBUG] [2026-07-12 11:24:16.667] [SELLER_OP7] 

------------------------------------IE_WEB Time Log----------------------------------------------
WS RECV FR IE: 2026-07-12 11:24:16.301 - 1783841056301 - Upo00to9PFy0B2tIZJ7w7ju - PARALLEL
 [end]

[start] [DEBUG] [2026-07-12 11:24:16.668] [SELLER_OP7] 
WS SEND TO IE: 2026-07-12 11:24:16.666 - 1783841056666 - Upo00to9PFy0B2tIZJ7w7ju - PARALLEL
 [end]

[start] [DEBUG] [2026-07-12 11:24:23.006] [SELLER_OP7] 

----------------------------------CON_WEB_AP Time Log----------------------------------------------
WS OPENCONN TO AP: 2026-07-12 11:24:23.005 - 1783841063005 - null - null
 [end]

[start] [DEBUG] [2026-07-12 11:24:23.007] [SELLER_OP7] 
WS ENDOPENC TO AP: 2026-07-12 11:24:23.005 - 1783841063005 - null - null
 [end]

[start] [DEBUG] [2026-07-12 11:24:23.011] [SELLER_OP7] 

------------------------------------CON_WEB_AP Time Log----------------------------------------------
WS SENDDATA TO AP: 2026-07-12 11:24:23.009 - 1783841063009 - null - null
 [end]

[start] [DEBUG] [2026-07-12 11:24:23.012] [SELLER_OP7] 
WS ENDSNDDT TO AP: 2026-07-12 11:24:23.01 - 1783841063010 - null - null
 [end]

[start] [DEBUG] [2026-07-12 11:24:23.051] [SELLER_OP7] 

------------------------------------IE_WEB Time Log----------------------------------------------
WS RECV FR IE: 2026-07-12 11:24:22.564 - 1783841062564 - Upo00to9PFy0B2tIZJ7w7ju - RELE
 [end]

[start] [DEBUG] [2026-07-12 11:24:23.051] [SELLER_OP7] 
WS SEND TO IE: 2026-07-12 11:24:23.049 - 1783841063049 - Upo00to9PFy0B2tIZJ7w7ju - RELE
 [end]

[start] [DEBUG] [2026-07-12 11:24:28.728] [SELLER_OP7] 

------------------------------------IE_WEB Time Log----------------------------------------------
WS RECV FR IE: 2026-07-12 11:24:28.709 - 1783841068709 - Upo00to9PFy0B2tIZJ7w7ju - null
 [end]

[start] [DEBUG] [2026-07-12 11:24:28.729] [SELLER_OP7] 
WS SEND TO IE: 2026-07-12 11:24:28.727 - 1783841068727 - Upo00to9PFy0B2tIZJ7w7ju - null
 [end]

[start] [DEBUG] [2026-07-12 11:26:11.980] [SELLER_OP7] 

------------------------------------IE_WEB Time Log----------------------------------------------
WS RECV FR IE: 2026-07-12 11:26:11.705 - 1783841171705 - Upo00to9PFy0B2tIZJ7w7ju - LDGLIST
 [end]

[start] [DEBUG] [2026-07-12 11:26:11.982] [SELLER_OP7] 
WS SEND TO IE: 2026-07-12 11:26:11.979 - 1783841171979 - Upo00to9PFy0B2tIZJ7w7ju - LDGLIST
 [end]

[start] [DEBUG] [2026-07-12 11:26:11.983] [SELLER_OP7] 

------------------------------------IE_WEB Time Log----------------------------------------------
WS RECV FR IE: 2026-07-12 11:26:11.673 - 1783841171673 - Upo00to9PFy0B2tIZJ7w7ju - PARALLEL
 [end]

[start] [DEBUG] [2026-07-12 11:26:11.986] [SELLER_OP7] 
WS SEND TO IE: 2026-07-12 11:26:11.982 - 1783841171982 - Upo00to9PFy0B2tIZJ7w7ju - PARALLEL
 [end]

[start] [DEBUG] [2026-07-12 11:26:16.141] [SELLER_OP7] 

------------------------------------IE_WEB Time Log----------------------------------------------
WS RECV FR IE: 2026-07-12 11:26:15.954 - 1783841175954 - Upo00to9PFy0B2tIZJ7w7ju - RELE
 [end]

[start] [DEBUG] [2026-07-12 11:26:16.142] [SELLER_OP7] 
WS SEND TO IE: 2026-07-12 11:26:16.14 - 1783841176140 - Upo00to9PFy0B2tIZJ7w7ju - RELE
 [end]

[start] [DEBUG] [2026-07-12 11:26:26.388] [SELLER_OP7] 

------------------------------------IE_WEB Time Log----------------------------------------------
WS RECV FR IE: 2026-07-12 11:26:26.382 - 1783841186382 - Upo00to9PFy0B2tIZJ7w7ju - null
 [end]

[start] [DEBUG] [2026-07-12 11:26:26.389] [SELLER_OP7] 
WS SEND TO IE: 2026-07-12 11:26:26.387 - 1783841186387 - Upo00to9PFy0B2tIZJ7w7ju - null
 [end]

[start] [DEBUG] [2026-07-12 11:26:33.200] [SELLER_OP7] 

------------------------------------IE_WEB Time Log----------------------------------------------
WS RECV FR IE: 2026-07-12 11:26:33.109 - 1783841193109 - Upo00to9PFy0B2tIZJ7w7ju - CE_CATAMANAGER
 [end]

[start] [DEBUG] [2026-07-12 11:26:33.200] [SELLER_OP7] 
WS SEND TO IE: 2026-07-12 11:26:33.199 - 1783841193199 - Upo00to9PFy0B2tIZJ7w7ju - CE_CATAMANAGER
 [end]

[start] [DEBUG] [2026-07-12 11:26:33.201] [SELLER_OP7] 

------------------------------------IE_WEB Time Log----------------------------------------------
WS RECV FR IE: 2026-07-12 11:26:33.086 - 1783841193086 - Upo00to9PFy0B2tIZJ7w7ju - PARALLEL
 [end]

[start] [DEBUG] [2026-07-12 11:26:33.202] [SELLER_OP7] 
WS SEND TO IE: 2026-07-12 11:26:33.2 - 1783841193200 - Upo00to9PFy0B2tIZJ7w7ju - PARALLEL
 [end]

[start] [DEBUG] [2026-07-12 11:26:36.197] [SELLER_OP7] 

------------------------------------IE_WEB Time Log----------------------------------------------
WS RECV FR IE: 2026-07-12 11:26:36.196 - 1783841196196 - Upo00to9PFy0B2tIZJ7w7ju - null
 [end]

[start] [DEBUG] [2026-07-12 11:26:36.199] [SELLER_OP7] 
WS SEND TO IE: 2026-07-12 11:26:36.196 - 1783841196196 - Upo00to9PFy0B2tIZJ7w7ju - null
 [end]

[start] [DEBUG] [2026-07-12 19:10:01.454] [SELLER_SMaker] 

------------------------------------IE_WEB Time Log----------------------------------------------
WS RECV FR IE: 2026-07-12 19:10:01.43 - 1783869001430 - wv3HHZFeBiIPwXiBNykDUiP - SESSION_LIFE_CYCLE
 [end]

[start] [DEBUG] [2026-07-12 19:10:01.455] [SELLER_SMaker] 
WS SEND TO IE: 2026-07-12 19:10:01.453 - 1783869001453 - wv3HHZFeBiIPwXiBNykDUiP - SESSION_LIFE_CYCLE
 [end]

[start] [DEBUG] [2026-07-12 20:35:00.920] [CSOFFICE_superofficer] 

------------------------------------IE_WEB Time Log----------------------------------------------
WS RECV FR IE: 2026-07-12 20:35:00.913 - 1783874100913 - fp2wYzCR5OIFqXEhUBaQ9zr - SESSION_LIFE_CYCLE
 [end]

[start] [DEBUG] [2026-07-12 20:35:00.921] [CSOFFICE_superofficer] 
WS SEND TO IE: 2026-07-12 20:35:00.919 - 1783874100919 - fp2wYzCR5OIFqXEhUBaQ9zr - SESSION_LIFE_CYCLE
 [end]

[start] [DEBUG] [2026-07-12 20:35:33.146] [CSOFFICE_superofficer] 

------------------------------------IE_WEB Time Log----------------------------------------------
WS RECV FR IE: 2026-07-12 20:35:33.135 - 1783874133135 - fp2wYzCR5OIFqXEhUBaQ9zr - SESSION_LIFE_CYCLE
 [end]

[start] [DEBUG] [2026-07-12 20:35:33.147] [CSOFFICE_superofficer] 
WS SEND TO IE: 2026-07-12 20:35:33.145 - 1783874133145 - fp2wYzCR5OIFqXEhUBaQ9zr - SESSION_LIFE_CYCLE
 [end]

[start] [DEBUG] [2026-07-12 20:35:39.244] [CSOFFICE_superofficer] 

------------------------------------IE_WEB Time Log----------------------------------------------
WS RECV FR IE: 2026-07-12 20:35:38.909 - 1783874138909 - fp2wYzCR5OIFqXEhUBaQ9zr - SECUTRXL
 [end]

[start] [DEBUG] [2026-07-12 20:35:39.245] [CSOFFICE_superofficer] 
WS SEND TO IE: 2026-07-12 20:35:39.244 - 1783874139244 - fp2wYzCR5OIFqXEhUBaQ9zr - SECUTRXL
 [end]

[start] [DEBUG] [2026-07-12 20:35:39.246] [CSOFFICE_superofficer] 

------------------------------------IE_WEB Time Log----------------------------------------------
WS RECV FR IE: 2026-07-12 20:35:38.88 - 1783874138880 - fp2wYzCR5OIFqXEhUBaQ9zr - PARALLEL
 [end]

[start] [DEBUG] [2026-07-12 20:35:39.246] [CSOFFICE_superofficer] 
WS SEND TO IE: 2026-07-12 20:35:39.245 - 1783874139245 - fp2wYzCR5OIFqXEhUBaQ9zr - PARALLEL
 [end]

[start] [DEBUG] [2026-07-12 20:35:50.974] [CSOFFICE_superofficer] 

------------------------------------IE_WEB Time Log----------------------------------------------
WS RECV FR IE: 2026-07-12 20:35:50.96 - 1783874150960 - fp2wYzCR5OIFqXEhUBaQ9zr - SESSION_LIFE_CYCLE
 [end]

[start] [DEBUG] [2026-07-12 20:35:50.975] [CSOFFICE_superofficer] 
WS SEND TO IE: 2026-07-12 20:35:50.973 - 1783874150973 - fp2wYzCR5OIFqXEhUBaQ9zr - SESSION_LIFE_CYCLE
 [end]

[start] [DEBUG] [2026-07-12 20:35:51.440] [CSOFFICE_superofficer] 

------------------------------------IE_WEB Time Log----------------------------------------------
WS RECV FR IE: 2026-07-12 20:35:51.217 - 1783874151217 - fp2wYzCR5OIFqXEhUBaQ9zr - INQTRX_UNITCODE
 [end]

[start] [DEBUG] [2026-07-12 20:35:51.441] [CSOFFICE_superofficer] 
WS SEND TO IE: 2026-07-12 20:35:51.439 - 1783874151439 - fp2wYzCR5OIFqXEhUBaQ9zr - INQTRX_UNITCODE
 [end]

[start] [DEBUG] [2026-07-12 20:35:53.238] [CSOFFICE_superofficer] 

------------------------------------IE_WEB Time Log----------------------------------------------
WS RECV FR IE: 2026-07-12 20:35:53.07 - 1783874153070 - fp2wYzCR5OIFqXEhUBaQ9zr - SECUTRXL
 [end]

[start] [DEBUG] [2026-07-12 20:35:53.239] [CSOFFICE_superofficer] 
WS SEND TO IE: 2026-07-12 20:35:53.237 - 1783874153237 - fp2wYzCR5OIFqXEhUBaQ9zr - SECUTRXL
 [end]

[start] [DEBUG] [2026-07-12 20:35:53.241] [CSOFFICE_superofficer] 

------------------------------------IE_WEB Time Log----------------------------------------------
WS RECV FR IE: 2026-07-12 20:35:53.027 - 1783874153027 - fp2wYzCR5OIFqXEhUBaQ9zr - PARALLEL
 [end]

[start] [DEBUG] [2026-07-12 20:35:53.242] [CSOFFICE_superofficer] 
WS SEND TO IE: 2026-07-12 20:35:53.24 - 1783874153240 - fp2wYzCR5OIFqXEhUBaQ9zr - PARALLEL
 [end]

[start] [DEBUG] [2026-07-12 20:35:55.096] [CSOFFICE_superofficer] 

------------------------------------IE_WEB Time Log----------------------------------------------
WS RECV FR IE: 2026-07-12 20:35:55.086 - 1783874155086 - fp2wYzCR5OIFqXEhUBaQ9zr - SESSION_LIFE_CYCLE
 [end]

[start] [DEBUG] [2026-07-12 20:35:55.096] [CSOFFICE_superofficer] 
WS SEND TO IE: 2026-07-12 20:35:55.095 - 1783874155095 - fp2wYzCR5OIFqXEhUBaQ9zr - SESSION_LIFE_CYCLE
 [end]

[start] [DEBUG] [2026-07-12 20:35:55.176] [CSOFFICE_superofficer] 

------------------------------------IE_WEB Time Log----------------------------------------------
WS RECV FR IE: 2026-07-12 20:35:55.166 - 1783874155166 - fp2wYzCR5OIFqXEhUBaQ9zr - INQTRX_UNITCODE
 [end]

[start] [DEBUG] [2026-07-12 20:35:55.177] [CSOFFICE_superofficer] 
WS SEND TO IE: 2026-07-12 20:35:55.176 - 1783874155176 - fp2wYzCR5OIFqXEhUBaQ9zr - INQTRX_UNITCODE
 [end]

[start] [DEBUG] [2026-07-12 20:35:57.211] [CSOFFICE_superofficer] 

------------------------------------IE_WEB Time Log----------------------------------------------
WS RECV FR IE: 2026-07-12 20:35:57.131 - 1783874157131 - fp2wYzCR5OIFqXEhUBaQ9zr - SEC_USERINFO
 [end]

[start] [DEBUG] [2026-07-12 20:35:57.212] [CSOFFICE_superofficer] 
WS SEND TO IE: 2026-07-12 20:35:57.211 - 1783874157211 - fp2wYzCR5OIFqXEhUBaQ9zr - SEC_USERINFO
 [end]

[start] [DEBUG] [2026-07-12 20:35:57.528] [CSOFFICE_superofficer] 

------------------------------------IE_WEB Time Log----------------------------------------------
WS RECV FR IE: 2026-07-12 20:35:57.518 - 1783874157518 - fp2wYzCR5OIFqXEhUBaQ9zr - SESSION_LIFE_CYCLE
 [end]

[start] [DEBUG] [2026-07-12 20:35:57.529] [CSOFFICE_superofficer] 
WS SEND TO IE: 2026-07-12 20:35:57.527 - 1783874157527 - fp2wYzCR5OIFqXEhUBaQ9zr - SESSION_LIFE_CYCLE
 [end]

[start] [DEBUG] [2026-07-12 20:35:59.377] [CSOFFICE_superofficer] 

------------------------------------IE_WEB Time Log----------------------------------------------
WS RECV FR IE: 2026-07-12 20:35:59.161 - 1783874159161 - fp2wYzCR5OIFqXEhUBaQ9zr - SECUTRXL
 [end]

[start] [DEBUG] [2026-07-12 20:35:59.378] [CSOFFICE_superofficer] 
WS SEND TO IE: 2026-07-12 20:35:59.377 - 1783874159377 - fp2wYzCR5OIFqXEhUBaQ9zr - SECUTRXL
 [end]

[start] [DEBUG] [2026-07-12 20:35:59.379] [CSOFFICE_superofficer] 

------------------------------------IE_WEB Time Log----------------------------------------------
WS RECV FR IE: 2026-07-12 20:35:59.129 - 1783874159129 - fp2wYzCR5OIFqXEhUBaQ9zr - PARALLEL
 [end]

[start] [DEBUG] [2026-07-12 20:35:59.380] [CSOFFICE_superofficer] 
WS SEND TO IE: 2026-07-12 20:35:59.378 - 1783874159378 - fp2wYzCR5OIFqXEhUBaQ9zr - PARALLEL
 [end]

[start] [DEBUG] [2026-07-12 20:35:59.380] [CSOFFICE_superofficer] 

------------------------------------IE_WEB Time Log----------------------------------------------
WS RECV FR IE: 2026-07-12 20:35:59.058 - 1783874159058 - fp2wYzCR5OIFqXEhUBaQ9zr - BACK_TO_PREVIOUS
 [end]

[start] [DEBUG] [2026-07-12 20:35:59.381] [CSOFFICE_superofficer] 
WS SEND TO IE: 2026-07-12 20:35:59.38 - 1783874159380 - fp2wYzCR5OIFqXEhUBaQ9zr - BACK_TO_PREVIOUS
 [end]

[start] [DEBUG] [2026-07-12 20:36:00.350] [CSOFFICE_superofficer] 

------------------------------------IE_WEB Time Log----------------------------------------------
WS RECV FR IE: 2026-07-12 20:36:00.338 - 1783874160338 - fp2wYzCR5OIFqXEhUBaQ9zr - SESSION_LIFE_CYCLE
 [end]

[start] [DEBUG] [2026-07-12 20:36:00.352] [CSOFFICE_superofficer] 
WS SEND TO IE: 2026-07-12 20:36:00.349 - 1783874160349 - fp2wYzCR5OIFqXEhUBaQ9zr - SESSION_LIFE_CYCLE
 [end]

[start] [DEBUG] [2026-07-12 20:36:00.490] [CSOFFICE_superofficer] 

------------------------------------IE_WEB Time Log----------------------------------------------
WS RECV FR IE: 2026-07-12 20:36:00.425 - 1783874160425 - fp2wYzCR5OIFqXEhUBaQ9zr - INQTRX_UNITCODE
 [end]

[start] [DEBUG] [2026-07-12 20:36:00.492] [CSOFFICE_superofficer] 
WS SEND TO IE: 2026-07-12 20:36:00.489 - 1783874160489 - fp2wYzCR5OIFqXEhUBaQ9zr - INQTRX_UNITCODE
 [end]

[start] [DEBUG] [2026-07-12 20:36:01.827] [CSOFFICE_superofficer] 

------------------------------------IE_WEB Time Log----------------------------------------------
WS RECV FR IE: 2026-07-12 20:36:01.682 - 1783874161682 - fp2wYzCR5OIFqXEhUBaQ9zr - SECUTRXL
 [end]

[start] [DEBUG] [2026-07-12 20:36:01.827] [CSOFFICE_superofficer] 
WS SEND TO IE: 2026-07-12 20:36:01.826 - 1783874161826 - fp2wYzCR5OIFqXEhUBaQ9zr - SECUTRXL
 [end]

[start] [DEBUG] [2026-07-12 20:36:01.828] [CSOFFICE_superofficer] 

------------------------------------IE_WEB Time Log----------------------------------------------
WS RECV FR IE: 2026-07-12 20:36:01.658 - 1783874161658 - fp2wYzCR5OIFqXEhUBaQ9zr - PARALLEL
 [end]

[start] [DEBUG] [2026-07-12 20:36:01.830] [CSOFFICE_superofficer] 
WS SEND TO IE: 2026-07-12 20:36:01.827 - 1783874161827 - fp2wYzCR5OIFqXEhUBaQ9zr - PARALLEL
 [end]

[start] [DEBUG] [2026-07-12 20:36:02.373] [CSOFFICE_superofficer] 

------------------------------------IE_WEB Time Log----------------------------------------------
WS RECV FR IE: 2026-07-12 20:36:02.353 - 1783874162353 - fp2wYzCR5OIFqXEhUBaQ9zr - SESSION_LIFE_CYCLE
 [end]

[start] [DEBUG] [2026-07-12 20:36:02.374] [CSOFFICE_superofficer] 
WS SEND TO IE: 2026-07-12 20:36:02.372 - 1783874162372 - fp2wYzCR5OIFqXEhUBaQ9zr - SESSION_LIFE_CYCLE
 [end]

[start] [DEBUG] [2026-07-12 20:36:02.466] [CSOFFICE_superofficer] 

------------------------------------IE_WEB Time Log----------------------------------------------
WS RECV FR IE: 2026-07-12 20:36:02.457 - 1783874162457 - fp2wYzCR5OIFqXEhUBaQ9zr - INQTRX_UNITCODE
 [end]

[start] [DEBUG] [2026-07-12 20:36:02.466] [CSOFFICE_superofficer] 
WS SEND TO IE: 2026-07-12 20:36:02.465 - 1783874162465 - fp2wYzCR5OIFqXEhUBaQ9zr - INQTRX_UNITCODE
 [end]

[start] [DEBUG] [2026-07-12 20:36:04.466] [CSOFFICE_superofficer] 

------------------------------------IE_WEB Time Log----------------------------------------------
WS RECV FR IE: 2026-07-12 20:36:04.296 - 1783874164296 - fp2wYzCR5OIFqXEhUBaQ9zr - USERSTDRELEASE
 [end]

[start] [DEBUG] [2026-07-12 20:36:04.467] [CSOFFICE_superofficer] 
WS SEND TO IE: 2026-07-12 20:36:04.466 - 1783874164466 - fp2wYzCR5OIFqXEhUBaQ9zr - USERSTDRELEASE
 [end]

[start] [DEBUG] [2026-07-12 20:36:04.624] [CSOFFICE_superofficer] 

------------------------------------IE_WEB Time Log----------------------------------------------
WS RECV FR IE: 2026-07-12 20:36:04.595 - 1783874164595 - fp2wYzCR5OIFqXEhUBaQ9zr - AJAXSUCCESS
 [end]

[start] [DEBUG] [2026-07-12 20:36:04.624] [CSOFFICE_superofficer] 
WS SEND TO IE: 2026-07-12 20:36:04.623 - 1783874164623 - fp2wYzCR5OIFqXEhUBaQ9zr - AJAXSUCCESS
 [end]

[start] [DEBUG] [2026-07-12 20:36:04.955] [CSOFFICE_superofficer] 

------------------------------------IE_WEB Time Log----------------------------------------------
WS RECV FR IE: 2026-07-12 20:36:04.946 - 1783874164946 - fp2wYzCR5OIFqXEhUBaQ9zr - SESSION_LIFE_CYCLE
 [end]

[start] [DEBUG] [2026-07-12 20:36:04.956] [CSOFFICE_superofficer] 
WS SEND TO IE: 2026-07-12 20:36:04.954 - 1783874164954 - fp2wYzCR5OIFqXEhUBaQ9zr - SESSION_LIFE_CYCLE
 [end]

[start] [DEBUG] [2026-07-12 20:36:06.744] [CSOFFICE_superofficer] 

------------------------------------IE_WEB Time Log----------------------------------------------
WS RECV FR IE: 2026-07-12 20:36:06.607 - 1783874166607 - fp2wYzCR5OIFqXEhUBaQ9zr - SECUTRXL
 [end]

[start] [DEBUG] [2026-07-12 20:36:06.745] [CSOFFICE_superofficer] 
WS SEND TO IE: 2026-07-12 20:36:06.744 - 1783874166744 - fp2wYzCR5OIFqXEhUBaQ9zr - SECUTRXL
 [end]

[start] [DEBUG] [2026-07-12 20:36:06.746] [CSOFFICE_superofficer] 

------------------------------------IE_WEB Time Log----------------------------------------------
WS RECV FR IE: 2026-07-12 20:36:06.581 - 1783874166581 - fp2wYzCR5OIFqXEhUBaQ9zr - PARALLEL
 [end]

[start] [DEBUG] [2026-07-12 20:36:06.746] [CSOFFICE_superofficer] 
WS SEND TO IE: 2026-07-12 20:36:06.745 - 1783874166745 - fp2wYzCR5OIFqXEhUBaQ9zr - PARALLEL
 [end]

[start] [DEBUG] [2026-07-12 20:36:06.747] [CSOFFICE_superofficer] 

------------------------------------IE_WEB Time Log----------------------------------------------
WS RECV FR IE: 2026-07-12 20:36:06.539 - 1783874166539 - fp2wYzCR5OIFqXEhUBaQ9zr - BACK_TO_PREVIOUS
 [end]

[start] [DEBUG] [2026-07-12 20:36:06.748] [CSOFFICE_superofficer] 
WS SEND TO IE: 2026-07-12 20:36:06.746 - 1783874166746 - fp2wYzCR5OIFqXEhUBaQ9zr - BACK_TO_PREVIOUS
 [end]

[start] [DEBUG] [2026-07-12 20:36:07.721] [CSOFFICE_superofficer] 

------------------------------------IE_WEB Time Log----------------------------------------------
WS RECV FR IE: 2026-07-12 20:36:07.708 - 1783874167708 - fp2wYzCR5OIFqXEhUBaQ9zr - SESSION_LIFE_CYCLE
 [end]

[start] [DEBUG] [2026-07-12 20:36:07.722] [CSOFFICE_superofficer] 
WS SEND TO IE: 2026-07-12 20:36:07.719 - 1783874167719 - fp2wYzCR5OIFqXEhUBaQ9zr - SESSION_LIFE_CYCLE
 [end]

[start] [DEBUG] [2026-07-12 20:36:07.834] [CSOFFICE_superofficer] 

------------------------------------IE_WEB Time Log----------------------------------------------
WS RECV FR IE: 2026-07-12 20:36:07.82 - 1783874167820 - fp2wYzCR5OIFqXEhUBaQ9zr - INQTRX_UNITCODE
 [end]

[start] [DEBUG] [2026-07-12 20:36:07.835] [CSOFFICE_superofficer] 
WS SEND TO IE: 2026-07-12 20:36:07.832 - 1783874167832 - fp2wYzCR5OIFqXEhUBaQ9zr - INQTRX_UNITCODE
 [end]

[start] [DEBUG] [2026-07-12 20:36:08.706] [CSOFFICE_superofficer] 

------------------------------------IE_WEB Time Log----------------------------------------------
WS RECV FR IE: 2026-07-12 20:36:08.669 - 1783874168669 - fp2wYzCR5OIFqXEhUBaQ9zr - LOGOFF_UNLOCKED
 [end]

[start] [DEBUG] [2026-07-12 20:36:08.707] [CSOFFICE_superofficer] 
WS SEND TO IE: 2026-07-12 20:36:08.705 - 1783874168705 - fp2wYzCR5OIFqXEhUBaQ9zr - LOGOFF_UNLOCKED
 [end]

[start] [DEBUG] [2026-07-12 20:36:15.392] [C007755_C007755MCM1] 

------------------------------------IE_WEB Time Log----------------------------------------------
WS RECV FR IE: 2026-07-12 20:36:15.384 - 1783874175384 - w5qbxel6wpBP-ecaday6a2R - SESSION_LIFE_CYCLE
 [end]

[start] [DEBUG] [2026-07-12 20:36:15.393] [C007755_C007755MCM1] 
WS SEND TO IE: 2026-07-12 20:36:15.391 - 1783874175391 - w5qbxel6wpBP-ecaday6a2R - SESSION_LIFE_CYCLE
 [end]

[start] [DEBUG] [2026-07-12 20:36:22.379] [C007755_C007755MCM1] 

------------------------------------IE_WEB Time Log----------------------------------------------
WS RECV FR IE: 2026-07-12 20:36:22.322 - 1783874182322 - w5qbxel6wpBP-ecaday6a2R - CE_CATAMANAGER
 [end]

[start] [DEBUG] [2026-07-12 20:36:22.380] [C007755_C007755MCM1] 
WS SEND TO IE: 2026-07-12 20:36:22.378 - 1783874182378 - w5qbxel6wpBP-ecaday6a2R - CE_CATAMANAGER
 [end]

[start] [DEBUG] [2026-07-12 20:36:22.381] [C007755_C007755MCM1] 

------------------------------------IE_WEB Time Log----------------------------------------------
WS RECV FR IE: 2026-07-12 20:36:22.296 - 1783874182296 - w5qbxel6wpBP-ecaday6a2R - PARALLEL
 [end]

[start] [DEBUG] [2026-07-12 20:36:22.381] [C007755_C007755MCM1] 
WS SEND TO IE: 2026-07-12 20:36:22.38 - 1783874182380 - w5qbxel6wpBP-ecaday6a2R - PARALLEL
 [end]

[start] [DEBUG] [2026-07-12 20:36:29.756] [C007755_C007755MCM1] 

------------------------------------IE_WEB Time Log----------------------------------------------
WS RECV FR IE: 2026-07-12 20:36:29.755 - 1783874189755 - w5qbxel6wpBP-ecaday6a2R - null
 [end]

[start] [DEBUG] [2026-07-12 20:36:29.757] [C007755_C007755MCM1] 
WS SEND TO IE: 2026-07-12 20:36:29.755 - 1783874189755 - w5qbxel6wpBP-ecaday6a2R - null
 [end]

[start] [DEBUG] [2026-07-12 20:37:09.722] [C007755_C007755MCM1] 

------------------------------------IE_WEB Time Log----------------------------------------------
WS RECV FR IE: 2026-07-12 20:37:09.618 - 1783874229618 - w5qbxel6wpBP-ecaday6a2R - CE_CATAMANAGER
 [end]

[start] [DEBUG] [2026-07-12 20:37:09.730] [C007755_C007755MCM1] 
WS SEND TO IE: 2026-07-12 20:37:09.721 - 1783874229721 - w5qbxel6wpBP-ecaday6a2R - CE_CATAMANAGER
 [end]

[start] [DEBUG] [2026-07-12 20:37:09.731] [C007755_C007755MCM1] 

------------------------------------IE_WEB Time Log----------------------------------------------
WS RECV FR IE: 2026-07-12 20:37:09.588 - 1783874229588 - w5qbxel6wpBP-ecaday6a2R - PARALLEL
 [end]

[start] [DEBUG] [2026-07-12 20:37:09.732] [C007755_C007755MCM1] 
WS SEND TO IE: 2026-07-12 20:37:09.73 - 1783874229730 - w5qbxel6wpBP-ecaday6a2R - PARALLEL
 [end]

[start] [DEBUG] [2026-07-12 20:37:15.405] [C007755_C007755MCM1] 

------------------------------------IE_WEB Time Log----------------------------------------------
WS RECV FR IE: 2026-07-12 20:37:14.399 - 1783874234399 - w5qbxel6wpBP-ecaday6a2R - LDGLIST
 [end]

[start] [DEBUG] [2026-07-12 20:37:15.405] [C007755_C007755MCM1] 
WS SEND TO IE: 2026-07-12 20:37:15.404 - 1783874235404 - w5qbxel6wpBP-ecaday6a2R - LDGLIST
 [end]

[start] [DEBUG] [2026-07-12 20:37:16.700] [C007755_C007755MCM1] 

------------------------------------IE_WEB Time Log----------------------------------------------
WS RECV FR IE: 2026-07-12 20:37:16.666 - 1783874236666 - w5qbxel6wpBP-ecaday6a2R - SEARCH_DO_RULE
 [end]

[start] [DEBUG] [2026-07-12 20:37:16.701] [C007755_C007755MCM1] 
WS SEND TO IE: 2026-07-12 20:37:16.682 - 1783874236682 - w5qbxel6wpBP-ecaday6a2R - SEARCH_DO_RULE
 [end]

[start] [DEBUG] [2026-07-12 20:37:16.756] [C007755_C007755MCM1] 

------------------------------------IE_WEB Time Log----------------------------------------------
WS RECV FR IE: 2026-07-12 20:37:16.674 - 1783874236674 - w5qbxel6wpBP-ecaday6a2R - TRX_GET_REFNO
 [end]

[start] [DEBUG] [2026-07-12 20:37:16.757] [C007755_C007755MCM1] 
WS SEND TO IE: 2026-07-12 20:37:16.756 - 1783874236756 - w5qbxel6wpBP-ecaday6a2R - TRX_GET_REFNO
 [end]

[start] [DEBUG] [2026-07-12 20:37:16.860] [C007755_C007755MCM1] 

------------------------------------IE_WEB Time Log----------------------------------------------
WS RECV FR IE: 2026-07-12 20:37:16.853 - 1783874236853 - w5qbxel6wpBP-ecaday6a2R - SEARCH_DO_RULE
 [end]

[start] [DEBUG] [2026-07-12 20:37:16.861] [C007755_C007755MCM1] 
WS SEND TO IE: 2026-07-12 20:37:16.859 - 1783874236859 - w5qbxel6wpBP-ecaday6a2R - SEARCH_DO_RULE
 [end]

[start] [DEBUG] [2026-07-12 20:37:19.634] [C007755_C007755MCM1] 

------------------------------------IE_WEB Time Log----------------------------------------------
WS RECV FR IE: 2026-07-12 20:37:19.481 - 1783874239481 - w5qbxel6wpBP-ecaday6a2R - SEARCH_DO_RULE
 [end]

[start] [DEBUG] [2026-07-12 20:37:19.634] [C007755_C007755MCM1] 
WS SEND TO IE: 2026-07-12 20:37:19.633 - 1783874239633 - w5qbxel6wpBP-ecaday6a2R - SEARCH_DO_RULE
 [end]

[start] [DEBUG] [2026-07-12 20:37:40.771] [C007755_C007755MCM1] 

------------------------------------IE_WEB Time Log----------------------------------------------
WS RECV FR IE: 2026-07-12 20:37:40.755 - 1783874260755 - w5qbxel6wpBP-ecaday6a2R - TRX_INQ_CUBK
 [end]

[start] [DEBUG] [2026-07-12 20:37:40.771] [C007755_C007755MCM1] 
WS SEND TO IE: 2026-07-12 20:37:40.77 - 1783874260770 - w5qbxel6wpBP-ecaday6a2R - TRX_INQ_CUBK
 [end]

[start] [DEBUG] [2026-07-12 20:37:40.918] [C007755_C007755MCM1] 

------------------------------------IE_WEB Time Log----------------------------------------------
WS RECV FR IE: 2026-07-12 20:37:40.875 - 1783874260875 - w5qbxel6wpBP-ecaday6a2R - TRX_GET_CUBK
 [end]

[start] [DEBUG] [2026-07-12 20:37:40.919] [C007755_C007755MCM1] 
WS SEND TO IE: 2026-07-12 20:37:40.917 - 1783874260917 - w5qbxel6wpBP-ecaday6a2R - TRX_GET_CUBK
 [end]

[start] [DEBUG] [2026-07-12 20:38:04.731] [C007755_C007755MCM1] 

------------------------------------IE_WEB Time Log----------------------------------------------
WS RECV FR IE: 2026-07-12 20:38:04.718 - 1783874284718 - w5qbxel6wpBP-ecaday6a2R - TRX_GET_CUBK
 [end]

[start] [DEBUG] [2026-07-12 20:38:04.732] [C007755_C007755MCM1] 
WS SEND TO IE: 2026-07-12 20:38:04.73 - 1783874284730 - w5qbxel6wpBP-ecaday6a2R - TRX_GET_CUBK
 [end]

[start] [DEBUG] [2026-07-12 20:38:29.335] [C007755_C007755MCM1] 

------------------------------------IE_WEB Time Log----------------------------------------------
WS RECV FR IE: 2026-07-12 20:38:28.981 - 1783874308981 - w5qbxel6wpBP-ecaday6a2R - 
 [end]

[start] [DEBUG] [2026-07-12 20:38:29.336] [C007755_C007755MCM1] 
WS SEND TO IE: 2026-07-12 20:38:29.334 - 1783874309334 - w5qbxel6wpBP-ecaday6a2R - 
 [end]

[start] [DEBUG] [2026-07-12 20:38:29.520] [C007755_C007755MCM1] 

------------------------------------IE_WEB Time Log----------------------------------------------
WS RECV FR IE: 2026-07-12 20:38:29.485 - 1783874309485 - w5qbxel6wpBP-ecaday6a2R - AJAXSUCCESS
 [end]

[start] [DEBUG] [2026-07-12 20:38:29.521] [C007755_C007755MCM1] 
WS SEND TO IE: 2026-07-12 20:38:29.52 - 1783874309520 - w5qbxel6wpBP-ecaday6a2R - AJAXSUCCESS
 [end]

[start] [DEBUG] [2026-07-12 20:38:33.969] [C007755_C007755MCM1] 

------------------------------------IE_WEB Time Log----------------------------------------------
WS RECV FR IE: 2026-07-12 20:38:33.968 - 1783874313968 - w5qbxel6wpBP-ecaday6a2R - null
 [end]

[start] [DEBUG] [2026-07-12 20:38:33.969] [C007755_C007755MCM1] 
WS SEND TO IE: 2026-07-12 20:38:33.968 - 1783874313968 - w5qbxel6wpBP-ecaday6a2R - null
 [end]

[start] [DEBUG] [2026-07-12 20:38:41.919] [C007755_C007755MCM1] 

------------------------------------IE_WEB Time Log----------------------------------------------
WS RECV FR IE: 2026-07-12 20:38:41.895 - 1783874321895 - w5qbxel6wpBP-ecaday6a2R - LOGOFF_UNLOCKED
 [end]

[start] [DEBUG] [2026-07-12 20:38:41.921] [C007755_C007755MCM1] 
WS SEND TO IE: 2026-07-12 20:38:41.918 - 1783874321918 - w5qbxel6wpBP-ecaday6a2R - LOGOFF_UNLOCKED
 [end]

[start] [DEBUG] [2026-07-12 20:38:52.943] [CSOFFICE_superofficer] 

------------------------------------IE_WEB Time Log----------------------------------------------
WS RECV FR IE: 2026-07-12 20:38:52.933 - 1783874332933 - BFu4tCBChyj0YG6HxyuXwJL - SESSION_LIFE_CYCLE
 [end]

[start] [DEBUG] [2026-07-12 20:38:52.944] [CSOFFICE_superofficer] 
WS SEND TO IE: 2026-07-12 20:38:52.942 - 1783874332942 - BFu4tCBChyj0YG6HxyuXwJL - SESSION_LIFE_CYCLE
 [end]

[start] [DEBUG] [2026-07-12 20:38:54.957] [CSOFFICE_superofficer] 

------------------------------------IE_WEB Time Log----------------------------------------------
WS RECV FR IE: 2026-07-12 20:38:54.945 - 1783874334945 - BFu4tCBChyj0YG6HxyuXwJL - SESSION_LIFE_CYCLE
 [end]

[start] [DEBUG] [2026-07-12 20:38:54.958] [CSOFFICE_superofficer] 
WS SEND TO IE: 2026-07-12 20:38:54.956 - 1783874334956 - BFu4tCBChyj0YG6HxyuXwJL - SESSION_LIFE_CYCLE
 [end]

[start] [DEBUG] [2026-07-12 20:38:59.697] [CSOFFICE_superofficer] 

------------------------------------IE_WEB Time Log----------------------------------------------
WS RECV FR IE: 2026-07-12 20:38:59.549 - 1783874339549 - BFu4tCBChyj0YG6HxyuXwJL - SECUTRXL
 [end]

[start] [DEBUG] [2026-07-12 20:38:59.698] [CSOFFICE_superofficer] 
WS SEND TO IE: 2026-07-12 20:38:59.696 - 1783874339696 - BFu4tCBChyj0YG6HxyuXwJL - SECUTRXL
 [end]

[start] [DEBUG] [2026-07-12 20:38:59.700] [CSOFFICE_superofficer] 

------------------------------------IE_WEB Time Log----------------------------------------------
WS RECV FR IE: 2026-07-12 20:38:59.518 - 1783874339518 - BFu4tCBChyj0YG6HxyuXwJL - PARALLEL
 [end]

[start] [DEBUG] [2026-07-12 20:38:59.700] [CSOFFICE_superofficer] 
WS SEND TO IE: 2026-07-12 20:38:59.698 - 1783874339698 - BFu4tCBChyj0YG6HxyuXwJL - PARALLEL
 [end]

[start] [DEBUG] [2026-07-12 20:39:02.217] [CSOFFICE_superofficer] 

------------------------------------IE_WEB Time Log----------------------------------------------
WS RECV FR IE: 2026-07-12 20:39:02.203 - 1783874342203 - BFu4tCBChyj0YG6HxyuXwJL - SESSION_LIFE_CYCLE
 [end]

[start] [DEBUG] [2026-07-12 20:39:02.218] [CSOFFICE_superofficer] 
WS SEND TO IE: 2026-07-12 20:39:02.215 - 1783874342215 - BFu4tCBChyj0YG6HxyuXwJL - SESSION_LIFE_CYCLE
 [end]

[start] [DEBUG] [2026-07-12 20:39:02.306] [CSOFFICE_superofficer] 

------------------------------------IE_WEB Time Log----------------------------------------------
WS RECV FR IE: 2026-07-12 20:39:02.293 - 1783874342293 - BFu4tCBChyj0YG6HxyuXwJL - INQTRX_UNITCODE
 [end]

[start] [DEBUG] [2026-07-12 20:39:02.308] [CSOFFICE_superofficer] 
WS SEND TO IE: 2026-07-12 20:39:02.305 - 1783874342305 - BFu4tCBChyj0YG6HxyuXwJL - INQTRX_UNITCODE
 [end]

[start] [DEBUG] [2026-07-12 20:39:04.546] [CSOFFICE_superofficer] 

------------------------------------IE_WEB Time Log----------------------------------------------
WS RECV FR IE: 2026-07-12 20:39:04.39 - 1783874344390 - BFu4tCBChyj0YG6HxyuXwJL - SECUTRXL
 [end]

[start] [DEBUG] [2026-07-12 20:39:04.547] [CSOFFICE_superofficer] 
WS SEND TO IE: 2026-07-12 20:39:04.545 - 1783874344545 - BFu4tCBChyj0YG6HxyuXwJL - SECUTRXL
 [end]

[start] [DEBUG] [2026-07-12 20:39:04.548] [CSOFFICE_superofficer] 

------------------------------------IE_WEB Time Log----------------------------------------------
WS RECV FR IE: 2026-07-12 20:39:04.363 - 1783874344363 - BFu4tCBChyj0YG6HxyuXwJL - PARALLEL
 [end]

[start] [DEBUG] [2026-07-12 20:39:04.548] [CSOFFICE_superofficer] 
WS SEND TO IE: 2026-07-12 20:39:04.547 - 1783874344547 - BFu4tCBChyj0YG6HxyuXwJL - PARALLEL
 [end]

[start] [DEBUG] [2026-07-12 20:39:05.511] [CSOFFICE_superofficer] 

------------------------------------IE_WEB Time Log----------------------------------------------
WS RECV FR IE: 2026-07-12 20:39:05.5 - 1783874345500 - BFu4tCBChyj0YG6HxyuXwJL - SESSION_LIFE_CYCLE
 [end]

[start] [DEBUG] [2026-07-12 20:39:05.512] [CSOFFICE_superofficer] 
WS SEND TO IE: 2026-07-12 20:39:05.51 - 1783874345510 - BFu4tCBChyj0YG6HxyuXwJL - SESSION_LIFE_CYCLE
 [end]

[start] [DEBUG] [2026-07-12 20:39:05.617] [CSOFFICE_superofficer] 

------------------------------------IE_WEB Time Log----------------------------------------------
WS RECV FR IE: 2026-07-12 20:39:05.602 - 1783874345602 - BFu4tCBChyj0YG6HxyuXwJL - INQTRX_UNITCODE
 [end]

[start] [DEBUG] [2026-07-12 20:39:05.618] [CSOFFICE_superofficer] 
WS SEND TO IE: 2026-07-12 20:39:05.617 - 1783874345617 - BFu4tCBChyj0YG6HxyuXwJL - INQTRX_UNITCODE
 [end]

[start] [DEBUG] [2026-07-12 20:39:07.641] [CSOFFICE_superofficer] 

------------------------------------IE_WEB Time Log----------------------------------------------
WS RECV FR IE: 2026-07-12 20:39:07.592 - 1783874347592 - BFu4tCBChyj0YG6HxyuXwJL - SEC_USERINFO
 [end]

[start] [DEBUG] [2026-07-12 20:39:07.642] [CSOFFICE_superofficer] 
WS SEND TO IE: 2026-07-12 20:39:07.64 - 1783874347640 - BFu4tCBChyj0YG6HxyuXwJL - SEC_USERINFO
 [end]

[start] [DEBUG] [2026-07-12 20:39:08.104] [CSOFFICE_superofficer] 

------------------------------------IE_WEB Time Log----------------------------------------------
WS RECV FR IE: 2026-07-12 20:39:08.094 - 1783874348094 - BFu4tCBChyj0YG6HxyuXwJL - SESSION_LIFE_CYCLE
 [end]

[start] [DEBUG] [2026-07-12 20:39:08.106] [CSOFFICE_superofficer] 
WS SEND TO IE: 2026-07-12 20:39:08.103 - 1783874348103 - BFu4tCBChyj0YG6HxyuXwJL - SESSION_LIFE_CYCLE
 [end]

[start] [DEBUG] [2026-07-12 20:39:09.746] [CSOFFICE_superofficer] 

------------------------------------IE_WEB Time Log----------------------------------------------
WS RECV FR IE: 2026-07-12 20:39:09.624 - 1783874349624 - BFu4tCBChyj0YG6HxyuXwJL - SECUTRXL
 [end]

[start] [DEBUG] [2026-07-12 20:39:09.747] [CSOFFICE_superofficer] 
WS SEND TO IE: 2026-07-12 20:39:09.746 - 1783874349746 - BFu4tCBChyj0YG6HxyuXwJL - SECUTRXL
 [end]

[start] [DEBUG] [2026-07-12 20:39:09.748] [CSOFFICE_superofficer] 

------------------------------------IE_WEB Time Log----------------------------------------------
WS RECV FR IE: 2026-07-12 20:39:09.601 - 1783874349601 - BFu4tCBChyj0YG6HxyuXwJL - PARALLEL
 [end]

[start] [DEBUG] [2026-07-12 20:39:09.748] [CSOFFICE_superofficer] 
WS SEND TO IE: 2026-07-12 20:39:09.747 - 1783874349747 - BFu4tCBChyj0YG6HxyuXwJL - PARALLEL
 [end]

[start] [DEBUG] [2026-07-12 20:39:09.749] [CSOFFICE_superofficer] 

------------------------------------IE_WEB Time Log----------------------------------------------
WS RECV FR IE: 2026-07-12 20:39:09.564 - 1783874349564 - BFu4tCBChyj0YG6HxyuXwJL - BACK_TO_PREVIOUS
 [end]

[start] [DEBUG] [2026-07-12 20:39:09.750] [CSOFFICE_superofficer] 
WS SEND TO IE: 2026-07-12 20:39:09.748 - 1783874349748 - BFu4tCBChyj0YG6HxyuXwJL - BACK_TO_PREVIOUS
 [end]

[start] [DEBUG] [2026-07-12 20:39:12.095] [CSOFFICE_superofficer] 

------------------------------------IE_WEB Time Log----------------------------------------------
WS RECV FR IE: 2026-07-12 20:39:12.07 - 1783874352070 - BFu4tCBChyj0YG6HxyuXwJL - SESSION_LIFE_CYCLE
 [end]

[start] [DEBUG] [2026-07-12 20:39:12.097] [CSOFFICE_superofficer] 
WS SEND TO IE: 2026-07-12 20:39:12.094 - 1783874352094 - BFu4tCBChyj0YG6HxyuXwJL - SESSION_LIFE_CYCLE
 [end]

[start] [DEBUG] [2026-07-12 20:39:12.173] [CSOFFICE_superofficer] 

------------------------------------IE_WEB Time Log----------------------------------------------
WS RECV FR IE: 2026-07-12 20:39:12.16 - 1783874352160 - BFu4tCBChyj0YG6HxyuXwJL - INQTRX_UNITCODE
 [end]

[start] [DEBUG] [2026-07-12 20:39:12.174] [CSOFFICE_superofficer] 
WS SEND TO IE: 2026-07-12 20:39:12.172 - 1783874352172 - BFu4tCBChyj0YG6HxyuXwJL - INQTRX_UNITCODE
 [end]

[start] [DEBUG] [2026-07-12 20:39:14.531] [CSOFFICE_superofficer] 

------------------------------------IE_WEB Time Log----------------------------------------------
WS RECV FR IE: 2026-07-12 20:39:14.363 - 1783874354363 - BFu4tCBChyj0YG6HxyuXwJL - SECUTRXL
 [end]

[start] [DEBUG] [2026-07-12 20:39:14.532] [CSOFFICE_superofficer] 
WS SEND TO IE: 2026-07-12 20:39:14.53 - 1783874354530 - BFu4tCBChyj0YG6HxyuXwJL - SECUTRXL
 [end]

[start] [DEBUG] [2026-07-12 20:39:14.533] [CSOFFICE_superofficer] 

------------------------------------IE_WEB Time Log----------------------------------------------
WS RECV FR IE: 2026-07-12 20:39:14.332 - 1783874354332 - BFu4tCBChyj0YG6HxyuXwJL - PARALLEL
 [end]

[start] [DEBUG] [2026-07-12 20:39:14.534] [CSOFFICE_superofficer] 
WS SEND TO IE: 2026-07-12 20:39:14.532 - 1783874354532 - BFu4tCBChyj0YG6HxyuXwJL - PARALLEL
 [end]

[start] [DEBUG] [2026-07-12 20:39:15.178] [CSOFFICE_superofficer] 

------------------------------------IE_WEB Time Log----------------------------------------------
WS RECV FR IE: 2026-07-12 20:39:15.169 - 1783874355169 - BFu4tCBChyj0YG6HxyuXwJL - SESSION_LIFE_CYCLE
 [end]

[start] [DEBUG] [2026-07-12 20:39:15.179] [CSOFFICE_superofficer] 
WS SEND TO IE: 2026-07-12 20:39:15.177 - 1783874355177 - BFu4tCBChyj0YG6HxyuXwJL - SESSION_LIFE_CYCLE
 [end]

[start] [DEBUG] [2026-07-12 20:39:15.282] [CSOFFICE_superofficer] 

------------------------------------IE_WEB Time Log----------------------------------------------
WS RECV FR IE: 2026-07-12 20:39:15.269 - 1783874355269 - BFu4tCBChyj0YG6HxyuXwJL - INQTRX_UNITCODE
 [end]

[start] [DEBUG] [2026-07-12 20:39:15.282] [CSOFFICE_superofficer] 
WS SEND TO IE: 2026-07-12 20:39:15.281 - 1783874355281 - BFu4tCBChyj0YG6HxyuXwJL - INQTRX_UNITCODE
 [end]

[start] [DEBUG] [2026-07-12 20:39:17.173] [CSOFFICE_superofficer] 

------------------------------------IE_WEB Time Log----------------------------------------------
WS RECV FR IE: 2026-07-12 20:39:17.108 - 1783874357108 - BFu4tCBChyj0YG6HxyuXwJL - USERSTDRELEASE
 [end]

[start] [DEBUG] [2026-07-12 20:39:17.174] [CSOFFICE_superofficer] 
WS SEND TO IE: 2026-07-12 20:39:17.172 - 1783874357172 - BFu4tCBChyj0YG6HxyuXwJL - USERSTDRELEASE
 [end]

[start] [DEBUG] [2026-07-12 20:39:17.333] [CSOFFICE_superofficer] 

------------------------------------IE_WEB Time Log----------------------------------------------
WS RECV FR IE: 2026-07-12 20:39:17.31 - 1783874357310 - BFu4tCBChyj0YG6HxyuXwJL - AJAXSUCCESS
 [end]

[start] [DEBUG] [2026-07-12 20:39:17.334] [CSOFFICE_superofficer] 
WS SEND TO IE: 2026-07-12 20:39:17.332 - 1783874357332 - BFu4tCBChyj0YG6HxyuXwJL - AJAXSUCCESS
 [end]

[start] [DEBUG] [2026-07-12 20:39:17.722] [CSOFFICE_superofficer] 

------------------------------------IE_WEB Time Log----------------------------------------------
WS RECV FR IE: 2026-07-12 20:39:17.711 - 1783874357711 - BFu4tCBChyj0YG6HxyuXwJL - SESSION_LIFE_CYCLE
 [end]

[start] [DEBUG] [2026-07-12 20:39:17.724] [CSOFFICE_superofficer] 
WS SEND TO IE: 2026-07-12 20:39:17.721 - 1783874357721 - BFu4tCBChyj0YG6HxyuXwJL - SESSION_LIFE_CYCLE
 [end]

[start] [DEBUG] [2026-07-12 20:39:19.388] [CSOFFICE_superofficer] 

------------------------------------IE_WEB Time Log----------------------------------------------
WS RECV FR IE: 2026-07-12 20:39:19.354 - 1783874359354 - BFu4tCBChyj0YG6HxyuXwJL - LOGOFF_UNLOCKED
 [end]

[start] [DEBUG] [2026-07-12 20:39:19.389] [CSOFFICE_superofficer] 
WS SEND TO IE: 2026-07-12 20:39:19.387 - 1783874359387 - BFu4tCBChyj0YG6HxyuXwJL - LOGOFF_UNLOCKED
 [end]

[start] [DEBUG] [2026-07-12 20:39:32.066] [CSOFFICE_superofficer] 

------------------------------------IE_WEB Time Log----------------------------------------------
WS RECV FR IE: 2026-07-12 20:39:32.057 - 1783874372057 - aNLuWMWcyWGyNl2W9Xc9AXO - SESSION_LIFE_CYCLE
 [end]

[start] [DEBUG] [2026-07-12 20:39:32.067] [CSOFFICE_superofficer] 
WS SEND TO IE: 2026-07-12 20:39:32.065 - 1783874372065 - aNLuWMWcyWGyNl2W9Xc9AXO - SESSION_LIFE_CYCLE
 [end]

[start] [DEBUG] [2026-07-12 20:39:33.421] [CSOFFICE_superofficer] 

------------------------------------IE_WEB Time Log----------------------------------------------
WS RECV FR IE: 2026-07-12 20:39:33.411 - 1783874373411 - aNLuWMWcyWGyNl2W9Xc9AXO - SESSION_LIFE_CYCLE
 [end]

[start] [DEBUG] [2026-07-12 20:39:33.422] [CSOFFICE_superofficer] 
WS SEND TO IE: 2026-07-12 20:39:33.42 - 1783874373420 - aNLuWMWcyWGyNl2W9Xc9AXO - SESSION_LIFE_CYCLE
 [end]

[start] [DEBUG] [2026-07-12 20:39:40.416] [CSOFFICE_superofficer] 

------------------------------------IE_WEB Time Log----------------------------------------------
WS RECV FR IE: 2026-07-12 20:39:40.272 - 1783874380272 - aNLuWMWcyWGyNl2W9Xc9AXO - SECUTRXL
 [end]

[start] [DEBUG] [2026-07-12 20:39:40.416] [CSOFFICE_superofficer] 
WS SEND TO IE: 2026-07-12 20:39:40.415 - 1783874380415 - aNLuWMWcyWGyNl2W9Xc9AXO - SECUTRXL
 [end]

[start] [DEBUG] [2026-07-12 20:39:40.417] [CSOFFICE_superofficer] 

------------------------------------IE_WEB Time Log----------------------------------------------
WS RECV FR IE: 2026-07-12 20:39:40.244 - 1783874380244 - aNLuWMWcyWGyNl2W9Xc9AXO - PARALLEL
 [end]

[start] [DEBUG] [2026-07-12 20:39:40.418] [CSOFFICE_superofficer] 
WS SEND TO IE: 2026-07-12 20:39:40.416 - 1783874380416 - aNLuWMWcyWGyNl2W9Xc9AXO - PARALLEL
 [end]

[start] [DEBUG] [2026-07-12 20:39:41.404] [CSOFFICE_superofficer] 

------------------------------------IE_WEB Time Log----------------------------------------------
WS RECV FR IE: 2026-07-12 20:39:41.391 - 1783874381391 - aNLuWMWcyWGyNl2W9Xc9AXO - SESSION_LIFE_CYCLE
 [end]

[start] [DEBUG] [2026-07-12 20:39:41.405] [CSOFFICE_superofficer] 
WS SEND TO IE: 2026-07-12 20:39:41.402 - 1783874381402 - aNLuWMWcyWGyNl2W9Xc9AXO - SESSION_LIFE_CYCLE
 [end]

[start] [DEBUG] [2026-07-12 20:39:41.654] [CSOFFICE_superofficer] 

------------------------------------IE_WEB Time Log----------------------------------------------
WS RECV FR IE: 2026-07-12 20:39:41.641 - 1783874381641 - aNLuWMWcyWGyNl2W9Xc9AXO - INQTRX_UNITCODE
 [end]

[start] [DEBUG] [2026-07-12 20:39:41.655] [CSOFFICE_superofficer] 
WS SEND TO IE: 2026-07-12 20:39:41.653 - 1783874381653 - aNLuWMWcyWGyNl2W9Xc9AXO - INQTRX_UNITCODE
 [end]

[start] [DEBUG] [2026-07-12 20:39:43.215] [CSOFFICE_superofficer] 

------------------------------------IE_WEB Time Log----------------------------------------------
WS RECV FR IE: 2026-07-12 20:39:43.066 - 1783874383066 - aNLuWMWcyWGyNl2W9Xc9AXO - SECUTRXL
 [end]

[start] [DEBUG] [2026-07-12 20:39:43.216] [CSOFFICE_superofficer] 
WS SEND TO IE: 2026-07-12 20:39:43.214 - 1783874383214 - aNLuWMWcyWGyNl2W9Xc9AXO - SECUTRXL
 [end]

[start] [DEBUG] [2026-07-12 20:39:43.216] [CSOFFICE_superofficer] 

------------------------------------IE_WEB Time Log----------------------------------------------
WS RECV FR IE: 2026-07-12 20:39:43.041 - 1783874383041 - aNLuWMWcyWGyNl2W9Xc9AXO - PARALLEL
 [end]

[start] [DEBUG] [2026-07-12 20:39:43.217] [CSOFFICE_superofficer] 
WS SEND TO IE: 2026-07-12 20:39:43.216 - 1783874383216 - aNLuWMWcyWGyNl2W9Xc9AXO - PARALLEL
 [end]

[start] [DEBUG] [2026-07-12 20:39:44.180] [CSOFFICE_superofficer] 

------------------------------------IE_WEB Time Log----------------------------------------------
WS RECV FR IE: 2026-07-12 20:39:44.169 - 1783874384169 - aNLuWMWcyWGyNl2W9Xc9AXO - SESSION_LIFE_CYCLE
 [end]

[start] [DEBUG] [2026-07-12 20:39:44.181] [CSOFFICE_superofficer] 
WS SEND TO IE: 2026-07-12 20:39:44.178 - 1783874384178 - aNLuWMWcyWGyNl2W9Xc9AXO - SESSION_LIFE_CYCLE
 [end]

[start] [DEBUG] [2026-07-12 20:39:44.278] [CSOFFICE_superofficer] 

------------------------------------IE_WEB Time Log----------------------------------------------
WS RECV FR IE: 2026-07-12 20:39:44.267 - 1783874384267 - aNLuWMWcyWGyNl2W9Xc9AXO - INQTRX_UNITCODE
 [end]

[start] [DEBUG] [2026-07-12 20:39:44.279] [CSOFFICE_superofficer] 
WS SEND TO IE: 2026-07-12 20:39:44.278 - 1783874384278 - aNLuWMWcyWGyNl2W9Xc9AXO - INQTRX_UNITCODE
 [end]

[start] [DEBUG] [2026-07-12 20:39:48.535] [CSOFFICE_superofficer] 

------------------------------------IE_WEB Time Log----------------------------------------------
WS RECV FR IE: 2026-07-12 20:39:48.47 - 1783874388470 - aNLuWMWcyWGyNl2W9Xc9AXO - SEC_USERINFO
 [end]

[start] [DEBUG] [2026-07-12 20:39:48.536] [CSOFFICE_superofficer] 
WS SEND TO IE: 2026-07-12 20:39:48.534 - 1783874388534 - aNLuWMWcyWGyNl2W9Xc9AXO - SEC_USERINFO
 [end]

[start] [DEBUG] [2026-07-12 20:39:49.512] [CSOFFICE_superofficer] 

------------------------------------IE_WEB Time Log----------------------------------------------
WS RECV FR IE: 2026-07-12 20:39:49.501 - 1783874389501 - aNLuWMWcyWGyNl2W9Xc9AXO - SESSION_LIFE_CYCLE
 [end]

[start] [DEBUG] [2026-07-12 20:39:49.513] [CSOFFICE_superofficer] 
WS SEND TO IE: 2026-07-12 20:39:49.511 - 1783874389511 - aNLuWMWcyWGyNl2W9Xc9AXO - SESSION_LIFE_CYCLE
 [end]

[start] [DEBUG] [2026-07-12 20:39:50.715] [CSOFFICE_superofficer] 

------------------------------------IE_WEB Time Log----------------------------------------------
WS RECV FR IE: 2026-07-12 20:39:50.58 - 1783874390580 - aNLuWMWcyWGyNl2W9Xc9AXO - SECUTRXL
 [end]

[start] [DEBUG] [2026-07-12 20:39:50.716] [CSOFFICE_superofficer] 
WS SEND TO IE: 2026-07-12 20:39:50.715 - 1783874390715 - aNLuWMWcyWGyNl2W9Xc9AXO - SECUTRXL
 [end]

[start] [DEBUG] [2026-07-12 20:39:50.716] [CSOFFICE_superofficer] 

------------------------------------IE_WEB Time Log----------------------------------------------
WS RECV FR IE: 2026-07-12 20:39:50.553 - 1783874390553 - aNLuWMWcyWGyNl2W9Xc9AXO - PARALLEL
 [end]

[start] [DEBUG] [2026-07-12 20:39:50.717] [CSOFFICE_superofficer] 
WS SEND TO IE: 2026-07-12 20:39:50.716 - 1783874390716 - aNLuWMWcyWGyNl2W9Xc9AXO - PARALLEL
 [end]

[start] [DEBUG] [2026-07-12 20:39:50.718] [CSOFFICE_superofficer] 

------------------------------------IE_WEB Time Log----------------------------------------------
WS RECV FR IE: 2026-07-12 20:39:50.512 - 1783874390512 - aNLuWMWcyWGyNl2W9Xc9AXO - BACK_TO_PREVIOUS
 [end]

[start] [DEBUG] [2026-07-12 20:39:50.718] [CSOFFICE_superofficer] 
WS SEND TO IE: 2026-07-12 20:39:50.717 - 1783874390717 - aNLuWMWcyWGyNl2W9Xc9AXO - BACK_TO_PREVIOUS
 [end]

[start] [DEBUG] [2026-07-12 20:39:51.527] [CSOFFICE_superofficer] 

------------------------------------IE_WEB Time Log----------------------------------------------
WS RECV FR IE: 2026-07-12 20:39:51.516 - 1783874391516 - aNLuWMWcyWGyNl2W9Xc9AXO - SESSION_LIFE_CYCLE
 [end]

[start] [DEBUG] [2026-07-12 20:39:51.528] [CSOFFICE_superofficer] 
WS SEND TO IE: 2026-07-12 20:39:51.526 - 1783874391526 - aNLuWMWcyWGyNl2W9Xc9AXO - SESSION_LIFE_CYCLE
 [end]

[start] [DEBUG] [2026-07-12 20:39:51.613] [CSOFFICE_superofficer] 

------------------------------------IE_WEB Time Log----------------------------------------------
WS RECV FR IE: 2026-07-12 20:39:51.601 - 1783874391601 - aNLuWMWcyWGyNl2W9Xc9AXO - INQTRX_UNITCODE
 [end]

[start] [DEBUG] [2026-07-12 20:39:51.615] [CSOFFICE_superofficer] 
WS SEND TO IE: 2026-07-12 20:39:51.612 - 1783874391612 - aNLuWMWcyWGyNl2W9Xc9AXO - INQTRX_UNITCODE
 [end]

[start] [DEBUG] [2026-07-12 20:39:53.133] [CSOFFICE_superofficer] 

------------------------------------IE_WEB Time Log----------------------------------------------
WS RECV FR IE: 2026-07-12 20:39:52.985 - 1783874392985 - aNLuWMWcyWGyNl2W9Xc9AXO - SECUTRXL
 [end]

[start] [DEBUG] [2026-07-12 20:39:53.134] [CSOFFICE_superofficer] 
WS SEND TO IE: 2026-07-12 20:39:53.132 - 1783874393132 - aNLuWMWcyWGyNl2W9Xc9AXO - SECUTRXL
 [end]

[start] [DEBUG] [2026-07-12 20:39:53.134] [CSOFFICE_superofficer] 

------------------------------------IE_WEB Time Log----------------------------------------------
WS RECV FR IE: 2026-07-12 20:39:52.95 - 1783874392950 - aNLuWMWcyWGyNl2W9Xc9AXO - PARALLEL
 [end]

[start] [DEBUG] [2026-07-12 20:39:53.135] [CSOFFICE_superofficer] 
WS SEND TO IE: 2026-07-12 20:39:53.134 - 1783874393134 - aNLuWMWcyWGyNl2W9Xc9AXO - PARALLEL
 [end]

[start] [DEBUG] [2026-07-12 20:39:53.873] [CSOFFICE_superofficer] 

------------------------------------IE_WEB Time Log----------------------------------------------
WS RECV FR IE: 2026-07-12 20:39:53.861 - 1783874393861 - aNLuWMWcyWGyNl2W9Xc9AXO - SESSION_LIFE_CYCLE
 [end]

[start] [DEBUG] [2026-07-12 20:39:53.875] [CSOFFICE_superofficer] 
WS SEND TO IE: 2026-07-12 20:39:53.872 - 1783874393872 - aNLuWMWcyWGyNl2W9Xc9AXO - SESSION_LIFE_CYCLE
 [end]

[start] [DEBUG] [2026-07-12 20:39:54.134] [CSOFFICE_superofficer] 

------------------------------------IE_WEB Time Log----------------------------------------------
WS RECV FR IE: 2026-07-12 20:39:54.121 - 1783874394121 - aNLuWMWcyWGyNl2W9Xc9AXO - INQTRX_UNITCODE
 [end]

[start] [DEBUG] [2026-07-12 20:39:54.135] [CSOFFICE_superofficer] 
WS SEND TO IE: 2026-07-12 20:39:54.133 - 1783874394133 - aNLuWMWcyWGyNl2W9Xc9AXO - INQTRX_UNITCODE
 [end]

[start] [DEBUG] [2026-07-12 20:39:58.944] [CSOFFICE_superofficer] 

------------------------------------IE_WEB Time Log----------------------------------------------
WS RECV FR IE: 2026-07-12 20:39:58.867 - 1783874398867 - aNLuWMWcyWGyNl2W9Xc9AXO - USERSTDRELEASE
 [end]

[start] [DEBUG] [2026-07-12 20:39:58.945] [CSOFFICE_superofficer] 
WS SEND TO IE: 2026-07-12 20:39:58.943 - 1783874398943 - aNLuWMWcyWGyNl2W9Xc9AXO - USERSTDRELEASE
 [end]

[start] [DEBUG] [2026-07-12 20:39:59.106] [CSOFFICE_superofficer] 

------------------------------------IE_WEB Time Log----------------------------------------------
WS RECV FR IE: 2026-07-12 20:39:59.083 - 1783874399083 - aNLuWMWcyWGyNl2W9Xc9AXO - AJAXSUCCESS
 [end]

[start] [DEBUG] [2026-07-12 20:39:59.107] [CSOFFICE_superofficer] 
WS SEND TO IE: 2026-07-12 20:39:59.105 - 1783874399105 - aNLuWMWcyWGyNl2W9Xc9AXO - AJAXSUCCESS
 [end]

[start] [DEBUG] [2026-07-12 20:39:59.427] [CSOFFICE_superofficer] 

------------------------------------IE_WEB Time Log----------------------------------------------
WS RECV FR IE: 2026-07-12 20:39:59.418 - 1783874399418 - aNLuWMWcyWGyNl2W9Xc9AXO - SESSION_LIFE_CYCLE
 [end]

[start] [DEBUG] [2026-07-12 20:39:59.428] [CSOFFICE_superofficer] 
WS SEND TO IE: 2026-07-12 20:39:59.426 - 1783874399426 - aNLuWMWcyWGyNl2W9Xc9AXO - SESSION_LIFE_CYCLE
 [end]

[start] [DEBUG] [2026-07-12 20:40:01.380] [CSOFFICE_superofficer] 

------------------------------------IE_WEB Time Log----------------------------------------------
WS RECV FR IE: 2026-07-12 20:40:01.351 - 1783874401351 - aNLuWMWcyWGyNl2W9Xc9AXO - LOGOFF_UNLOCKED
 [end]

[start] [DEBUG] [2026-07-12 20:40:01.381] [CSOFFICE_superofficer] 
WS SEND TO IE: 2026-07-12 20:40:01.38 - 1783874401380 - aNLuWMWcyWGyNl2W9Xc9AXO - LOGOFF_UNLOCKED
 [end]

[start] [DEBUG] [2026-07-12 20:40:12.845] [C007755_C007755MCA1] 

------------------------------------IE_WEB Time Log----------------------------------------------
WS RECV FR IE: 2026-07-12 20:40:12.837 - 1783874412837 - 4groTZ1iFooBN44-roI7dDu - SESSION_LIFE_CYCLE
 [end]

[start] [DEBUG] [2026-07-12 20:40:12.846] [C007755_C007755MCA1] 
WS SEND TO IE: 2026-07-12 20:40:12.844 - 1783874412844 - 4groTZ1iFooBN44-roI7dDu - SESSION_LIFE_CYCLE
 [end]

[start] [DEBUG] [2026-07-12 20:40:15.716] [C007755_C007755MCA1] 

------------------------------------IE_WEB Time Log----------------------------------------------
WS RECV FR IE: 2026-07-12 20:40:15.65 - 1783874415650 - 4groTZ1iFooBN44-roI7dDu - CE_CATAMANAGER
 [end]

[start] [DEBUG] [2026-07-12 20:40:15.716] [C007755_C007755MCA1] 
WS SEND TO IE: 2026-07-12 20:40:15.715 - 1783874415715 - 4groTZ1iFooBN44-roI7dDu - CE_CATAMANAGER
 [end]

[start] [DEBUG] [2026-07-12 20:40:15.717] [C007755_C007755MCA1] 

------------------------------------IE_WEB Time Log----------------------------------------------
WS RECV FR IE: 2026-07-12 20:40:15.626 - 1783874415626 - 4groTZ1iFooBN44-roI7dDu - PARALLEL
 [end]

[start] [DEBUG] [2026-07-12 20:40:15.718] [C007755_C007755MCA1] 
WS SEND TO IE: 2026-07-12 20:40:15.716 - 1783874415716 - 4groTZ1iFooBN44-roI7dDu - PARALLEL
 [end]

[start] [DEBUG] [2026-07-12 20:40:17.809] [C007755_C007755MCA1] 

------------------------------------IE_WEB Time Log----------------------------------------------
WS RECV FR IE: 2026-07-12 20:40:17.808 - 1783874417808 - 4groTZ1iFooBN44-roI7dDu - null
 [end]

[start] [DEBUG] [2026-07-12 20:40:17.810] [C007755_C007755MCA1] 
WS SEND TO IE: 2026-07-12 20:40:17.808 - 1783874417808 - 4groTZ1iFooBN44-roI7dDu - null
 [end]

[start] [DEBUG] [2026-07-12 20:40:25.428] [C007755_C007755MCA1] 

------------------------------------IE_WEB Time Log----------------------------------------------
WS RECV FR IE: 2026-07-12 20:40:25.426 - 1783874425426 - 4groTZ1iFooBN44-roI7dDu - null
 [end]

[start] [DEBUG] [2026-07-12 20:40:25.429] [C007755_C007755MCA1] 
WS SEND TO IE: 2026-07-12 20:40:25.426 - 1783874425426 - 4groTZ1iFooBN44-roI7dDu - null
 [end]

[start] [DEBUG] [2026-07-12 20:40:30.528] [C007755_C007755MCA1] 

------------------------------------IE_WEB Time Log----------------------------------------------
WS RECV FR IE: 2026-07-12 20:40:30.5 - 1783874430500 - 4groTZ1iFooBN44-roI7dDu - MULTI_AUTH_CATA_CONTEXT
 [end]

[start] [DEBUG] [2026-07-12 20:40:30.529] [C007755_C007755MCA1] 
WS SEND TO IE: 2026-07-12 20:40:30.527 - 1783874430527 - 4groTZ1iFooBN44-roI7dDu - MULTI_AUTH_CATA_CONTEXT
 [end]

[start] [DEBUG] [2026-07-12 20:40:31.810] [C007755_C007755MCA1] 

------------------------------------IE_WEB Time Log----------------------------------------------
WS RECV FR IE: 2026-07-12 20:40:31.715 - 1783874431715 - 4groTZ1iFooBN44-roI7dDu - LDGLIST
 [end]

[start] [DEBUG] [2026-07-12 20:40:31.811] [C007755_C007755MCA1] 
WS SEND TO IE: 2026-07-12 20:40:31.809 - 1783874431809 - 4groTZ1iFooBN44-roI7dDu - LDGLIST
 [end]

[start] [DEBUG] [2026-07-12 20:40:37.566] [C007755_C007755MCA1] 

------------------------------------IE_WEB Time Log----------------------------------------------
WS RECV FR IE: 2026-07-12 20:40:37.565 - 1783874437565 - 4groTZ1iFooBN44-roI7dDu - null
 [end]

[start] [DEBUG] [2026-07-12 20:40:37.567] [C007755_C007755MCA1] 
WS SEND TO IE: 2026-07-12 20:40:37.565 - 1783874437565 - 4groTZ1iFooBN44-roI7dDu - null
 [end]

[start] [DEBUG] [2026-07-12 20:40:40.557] [C007755_C007755MCA1] 

------------------------------------IE_WEB Time Log----------------------------------------------
WS RECV FR IE: 2026-07-12 20:40:40.482 - 1783874440482 - 4groTZ1iFooBN44-roI7dDu - CE_CATAMANAGER
 [end]

[start] [DEBUG] [2026-07-12 20:40:40.558] [C007755_C007755MCA1] 
WS SEND TO IE: 2026-07-12 20:40:40.556 - 1783874440556 - 4groTZ1iFooBN44-roI7dDu - CE_CATAMANAGER
 [end]

[start] [DEBUG] [2026-07-12 20:40:40.559] [C007755_C007755MCA1] 

------------------------------------IE_WEB Time Log----------------------------------------------
WS RECV FR IE: 2026-07-12 20:40:40.457 - 1783874440457 - 4groTZ1iFooBN44-roI7dDu - PARALLEL
 [end]

[start] [DEBUG] [2026-07-12 20:40:40.559] [C007755_C007755MCA1] 
WS SEND TO IE: 2026-07-12 20:40:40.558 - 1783874440558 - 4groTZ1iFooBN44-roI7dDu - PARALLEL
 [end]

[start] [DEBUG] [2026-07-12 20:40:42.648] [C007755_C007755MCA1] 

------------------------------------IE_WEB Time Log----------------------------------------------
WS RECV FR IE: 2026-07-12 20:40:42.647 - 1783874442647 - 4groTZ1iFooBN44-roI7dDu - null
 [end]

[start] [DEBUG] [2026-07-12 20:40:42.649] [C007755_C007755MCA1] 
WS SEND TO IE: 2026-07-12 20:40:42.647 - 1783874442647 - 4groTZ1iFooBN44-roI7dDu - null
 [end]

[start] [DEBUG] [2026-07-12 20:41:08.085] [C007755_C007755MCA1] 

------------------------------------IE_WEB Time Log----------------------------------------------
WS RECV FR IE: 2026-07-12 20:41:08.085 - 1783874468085 - 4groTZ1iFooBN44-roI7dDu - null
 [end]

[start] [DEBUG] [2026-07-12 20:41:08.086] [C007755_C007755MCA1] 
WS SEND TO IE: 2026-07-12 20:41:08.085 - 1783874468085 - 4groTZ1iFooBN44-roI7dDu - null
 [end]

[start] [DEBUG] [2026-07-12 20:41:14.249] [C007755_C007755MCA1] 

------------------------------------IE_WEB Time Log----------------------------------------------
WS RECV FR IE: 2026-07-12 20:41:14.181 - 1783874474181 - 4groTZ1iFooBN44-roI7dDu - CE_CATAMANAGER
 [end]

[start] [DEBUG] [2026-07-12 20:41:14.250] [C007755_C007755MCA1] 
WS SEND TO IE: 2026-07-12 20:41:14.248 - 1783874474248 - 4groTZ1iFooBN44-roI7dDu - CE_CATAMANAGER
 [end]

[start] [DEBUG] [2026-07-12 20:41:14.250] [C007755_C007755MCA1] 

------------------------------------IE_WEB Time Log----------------------------------------------
WS RECV FR IE: 2026-07-12 20:41:14.155 - 1783874474155 - 4groTZ1iFooBN44-roI7dDu - PARALLEL
 [end]

[start] [DEBUG] [2026-07-12 20:41:14.251] [C007755_C007755MCA1] 
WS SEND TO IE: 2026-07-12 20:41:14.25 - 1783874474250 - 4groTZ1iFooBN44-roI7dDu - PARALLEL
 [end]

[start] [DEBUG] [2026-07-12 20:41:19.631] [C007755_C007755MCA1] 

------------------------------------IE_WEB Time Log----------------------------------------------
WS RECV FR IE: 2026-07-12 20:41:19.533 - 1783874479533 - 4groTZ1iFooBN44-roI7dDu - LDGLIST
 [end]

[start] [DEBUG] [2026-07-12 20:41:19.632] [C007755_C007755MCA1] 
WS SEND TO IE: 2026-07-12 20:41:19.63 - 1783874479630 - 4groTZ1iFooBN44-roI7dDu - LDGLIST
 [end]

[start] [DEBUG] [2026-07-12 20:41:20.116] [C007755_C007755MCA1] 

------------------------------------IE_WEB Time Log----------------------------------------------
WS RECV FR IE: 2026-07-12 20:41:20.106 - 1783874480106 - 4groTZ1iFooBN44-roI7dDu - SEARCH_DO_RULE
 [end]

[start] [DEBUG] [2026-07-12 20:41:20.117] [C007755_C007755MCA1] 
WS SEND TO IE: 2026-07-12 20:41:20.115 - 1783874480115 - 4groTZ1iFooBN44-roI7dDu - SEARCH_DO_RULE
 [end]

[start] [DEBUG] [2026-07-12 20:41:20.284] [C007755_C007755MCA1] 

------------------------------------IE_WEB Time Log----------------------------------------------
WS RECV FR IE: 2026-07-12 20:41:20.277 - 1783874480277 - 4groTZ1iFooBN44-roI7dDu - SEARCH_DO_RULE
 [end]

[start] [DEBUG] [2026-07-12 20:41:20.284] [C007755_C007755MCA1] 
WS SEND TO IE: 2026-07-12 20:41:20.283 - 1783874480283 - 4groTZ1iFooBN44-roI7dDu - SEARCH_DO_RULE
 [end]

[start] [DEBUG] [2026-07-12 20:41:23.856] [C007755_C007755MCA1] 

------------------------------------IE_WEB Time Log----------------------------------------------
WS RECV FR IE: 2026-07-12 20:41:23.511 - 1783874483511 - 4groTZ1iFooBN44-roI7dDu - RELE
 [end]

[start] [DEBUG] [2026-07-12 20:41:23.857] [C007755_C007755MCA1] 
WS SEND TO IE: 2026-07-12 20:41:23.855 - 1783874483855 - 4groTZ1iFooBN44-roI7dDu - RELE
 [end]

[start] [DEBUG] [2026-07-12 20:41:24.030] [C007755_C007755MCA1] 

------------------------------------IE_WEB Time Log----------------------------------------------
WS RECV FR IE: 2026-07-12 20:41:23.977 - 1783874483977 - 4groTZ1iFooBN44-roI7dDu - AJAXSUCCESS
 [end]

[start] [DEBUG] [2026-07-12 20:41:24.031] [C007755_C007755MCA1] 
WS SEND TO IE: 2026-07-12 20:41:24.029 - 1783874484029 - 4groTZ1iFooBN44-roI7dDu - AJAXSUCCESS
 [end]

[start] [DEBUG] [2026-07-12 20:41:24.115] [C007755_C007755MCA1] 

------------------------------------IE_WEB Time Log----------------------------------------------
WS RECV FR IE: 2026-07-12 20:41:24.101 - 1783874484101 - 4groTZ1iFooBN44-roI7dDu - TRX_REFUSE_REFNO
 [end]

[start] [DEBUG] [2026-07-12 20:41:24.117] [C007755_C007755MCA1] 
WS SEND TO IE: 2026-07-12 20:41:24.112 - 1783874484112 - 4groTZ1iFooBN44-roI7dDu - TRX_REFUSE_REFNO
 [end]

[start] [DEBUG] [2026-07-12 20:41:26.028] [C007755_C007755MCA1] 

------------------------------------IE_WEB Time Log----------------------------------------------
WS RECV FR IE: 2026-07-12 20:41:25.962 - 1783874485962 - 4groTZ1iFooBN44-roI7dDu - CE_CATAMANAGER
 [end]

[start] [DEBUG] [2026-07-12 20:41:26.029] [C007755_C007755MCA1] 
WS SEND TO IE: 2026-07-12 20:41:26.027 - 1783874486027 - 4groTZ1iFooBN44-roI7dDu - CE_CATAMANAGER
 [end]

[start] [DEBUG] [2026-07-12 20:41:26.030] [C007755_C007755MCA1] 

------------------------------------IE_WEB Time Log----------------------------------------------
WS RECV FR IE: 2026-07-12 20:41:25.951 - 1783874485951 - 4groTZ1iFooBN44-roI7dDu - BACK_TO_PREVIOUS
 [end]

[start] [DEBUG] [2026-07-12 20:41:26.030] [C007755_C007755MCA1] 
WS SEND TO IE: 2026-07-12 20:41:26.029 - 1783874486029 - 4groTZ1iFooBN44-roI7dDu - BACK_TO_PREVIOUS
 [end]

[start] [DEBUG] [2026-07-12 20:42:37.900] [C007755_C007755MCA1] 

------------------------------------IE_WEB Time Log----------------------------------------------
WS RECV FR IE: 2026-07-12 20:42:37.899 - 1783874557899 - 4groTZ1iFooBN44-roI7dDu - null
 [end]

[start] [DEBUG] [2026-07-12 20:42:37.901] [C007755_C007755MCA1] 
WS SEND TO IE: 2026-07-12 20:42:37.899 - 1783874557899 - 4groTZ1iFooBN44-roI7dDu - null
 [end]

[start] [DEBUG] [2026-07-12 20:43:46.472] [C007755_C007755MCA1] 

------------------------------------IE_WEB Time Log----------------------------------------------
WS RECV FR IE: 2026-07-12 20:43:46.438 - 1783874626438 - 4groTZ1iFooBN44-roI7dDu - LOGOFF_UNLOCKED
 [end]

[start] [DEBUG] [2026-07-12 20:43:46.473] [C007755_C007755MCA1] 
WS SEND TO IE: 2026-07-12 20:43:46.471 - 1783874626471 - 4groTZ1iFooBN44-roI7dDu - LOGOFF_UNLOCKED
 [end]

[start] [DEBUG] [2026-07-12 20:43:52.675] [C007755_C007755MCM1] 

------------------------------------IE_WEB Time Log----------------------------------------------
WS RECV FR IE: 2026-07-12 20:43:52.667 - 1783874632667 - WuGnS0eXQZTAAhYOfUmROO9 - SESSION_LIFE_CYCLE
 [end]

[start] [DEBUG] [2026-07-12 20:43:52.676] [C007755_C007755MCM1] 
WS SEND TO IE: 2026-07-12 20:43:52.674 - 1783874632674 - WuGnS0eXQZTAAhYOfUmROO9 - SESSION_LIFE_CYCLE
 [end]

[start] [DEBUG] [2026-07-12 20:49:27.138] [C007755_C007755MCM1] 

------------------------------------IE_WEB Time Log----------------------------------------------
WS RECV FR IE: 2026-07-12 20:49:27.023 - 1783874967023 - WuGnS0eXQZTAAhYOfUmROO9 - CE_CATAMANAGER
 [end]

[start] [DEBUG] [2026-07-12 20:49:27.140] [C007755_C007755MCM1] 
WS SEND TO IE: 2026-07-12 20:49:27.137 - 1783874967137 - WuGnS0eXQZTAAhYOfUmROO9 - CE_CATAMANAGER
 [end]

[start] [DEBUG] [2026-07-12 20:49:27.141] [C007755_C007755MCM1] 

------------------------------------IE_WEB Time Log----------------------------------------------
WS RECV FR IE: 2026-07-12 20:49:26.986 - 1783874966986 - WuGnS0eXQZTAAhYOfUmROO9 - PARALLEL
 [end]

[start] [DEBUG] [2026-07-12 20:49:27.141] [C007755_C007755MCM1] 
WS SEND TO IE: 2026-07-12 20:49:27.14 - 1783874967140 - WuGnS0eXQZTAAhYOfUmROO9 - PARALLEL
 [end]

[start] [DEBUG] [2026-07-12 20:49:30.163] [C007755_C007755MCM1] 

------------------------------------IE_WEB Time Log----------------------------------------------
WS RECV FR IE: 2026-07-12 20:49:29.746 - 1783874969746 - WuGnS0eXQZTAAhYOfUmROO9 - CE_CATAMANAGER
 [end]

[start] [DEBUG] [2026-07-12 20:49:30.163] [C007755_C007755MCM1] 
WS SEND TO IE: 2026-07-12 20:49:30.162 - 1783874970162 - WuGnS0eXQZTAAhYOfUmROO9 - CE_CATAMANAGER
 [end]

[start] [DEBUG] [2026-07-12 20:49:30.164] [C007755_C007755MCM1] 

------------------------------------IE_WEB Time Log----------------------------------------------
WS RECV FR IE: 2026-07-12 20:49:29.719 - 1783874969719 - WuGnS0eXQZTAAhYOfUmROO9 - PARALLEL
 [end]

[start] [DEBUG] [2026-07-12 20:49:30.165] [C007755_C007755MCM1] 
WS SEND TO IE: 2026-07-12 20:49:30.163 - 1783874970163 - WuGnS0eXQZTAAhYOfUmROO9 - PARALLEL
 [end]

[start] [DEBUG] [2026-07-12 20:49:53.674] [C007755_C007755MCM1] 

------------------------------------IE_WEB Time Log----------------------------------------------
WS RECV FR IE: 2026-07-12 20:49:53.114 - 1783874993114 - WuGnS0eXQZTAAhYOfUmROO9 - LDGLIST
 [end]

[start] [DEBUG] [2026-07-12 20:49:53.676] [C007755_C007755MCM1] 
WS SEND TO IE: 2026-07-12 20:49:53.673 - 1783874993673 - WuGnS0eXQZTAAhYOfUmROO9 - LDGLIST
 [end]

[start] [DEBUG] [2026-07-12 20:50:01.734] [C007755_C007755MCM1] 

------------------------------------IE_WEB Time Log----------------------------------------------
WS RECV FR IE: 2026-07-12 20:50:01.352 - 1783875001352 - WuGnS0eXQZTAAhYOfUmROO9 - CE_CATAMANAGER
 [end]

[start] [DEBUG] [2026-07-12 20:50:01.735] [C007755_C007755MCM1] 
WS SEND TO IE: 2026-07-12 20:50:01.733 - 1783875001733 - WuGnS0eXQZTAAhYOfUmROO9 - CE_CATAMANAGER
 [end]

[start] [DEBUG] [2026-07-12 20:50:01.735] [C007755_C007755MCM1] 

------------------------------------IE_WEB Time Log----------------------------------------------
WS RECV FR IE: 2026-07-12 20:50:01.341 - 1783875001341 - WuGnS0eXQZTAAhYOfUmROO9 - BACK_TO_PREVIOUS
 [end]

[start] [DEBUG] [2026-07-12 20:50:01.736] [C007755_C007755MCM1] 
WS SEND TO IE: 2026-07-12 20:50:01.735 - 1783875001735 - WuGnS0eXQZTAAhYOfUmROO9 - BACK_TO_PREVIOUS
 [end]

[start] [DEBUG] [2026-07-12 20:50:18.963] [C007755_C007755MCM1] 

------------------------------------IE_WEB Time Log----------------------------------------------
WS RECV FR IE: 2026-07-12 20:50:18.962 - 1783875018962 - WuGnS0eXQZTAAhYOfUmROO9 - null
 [end]

[start] [DEBUG] [2026-07-12 20:50:18.964] [C007755_C007755MCM1] 
WS SEND TO IE: 2026-07-12 20:50:18.962 - 1783875018962 - WuGnS0eXQZTAAhYOfUmROO9 - null
 [end]

[start] [DEBUG] [2026-07-12 20:51:23.661] [C007755_C007755MCM1] 

------------------------------------IE_WEB Time Log----------------------------------------------
WS RECV FR IE: 2026-07-12 20:51:23.561 - 1783875083561 - WuGnS0eXQZTAAhYOfUmROO9 - CE_CATAMANAGER
 [end]

[start] [DEBUG] [2026-07-12 20:51:23.662] [C007755_C007755MCM1] 
WS SEND TO IE: 2026-07-12 20:51:23.66 - 1783875083660 - WuGnS0eXQZTAAhYOfUmROO9 - CE_CATAMANAGER
 [end]

[start] [DEBUG] [2026-07-12 20:51:23.663] [C007755_C007755MCM1] 

------------------------------------IE_WEB Time Log----------------------------------------------
WS RECV FR IE: 2026-07-12 20:51:23.531 - 1783875083531 - WuGnS0eXQZTAAhYOfUmROO9 - PARALLEL
 [end]

[start] [DEBUG] [2026-07-12 20:51:23.664] [C007755_C007755MCM1] 
WS SEND TO IE: 2026-07-12 20:51:23.662 - 1783875083662 - WuGnS0eXQZTAAhYOfUmROO9 - PARALLEL
 [end]

[start] [DEBUG] [2026-07-12 20:51:31.127] [C007755_C007755MCM1] 

------------------------------------IE_WEB Time Log----------------------------------------------
WS RECV FR IE: 2026-07-12 20:51:30.73 - 1783875090730 - WuGnS0eXQZTAAhYOfUmROO9 - CE_CATAMANAGER
 [end]

[start] [DEBUG] [2026-07-12 20:51:31.128] [C007755_C007755MCM1] 
WS SEND TO IE: 2026-07-12 20:51:31.127 - 1783875091127 - WuGnS0eXQZTAAhYOfUmROO9 - CE_CATAMANAGER
 [end]

[start] [DEBUG] [2026-07-12 20:51:31.129] [C007755_C007755MCM1] 

------------------------------------IE_WEB Time Log----------------------------------------------
WS RECV FR IE: 2026-07-12 20:51:30.7 - 1783875090700 - WuGnS0eXQZTAAhYOfUmROO9 - PARALLEL
 [end]

[start] [DEBUG] [2026-07-12 20:51:31.130] [C007755_C007755MCM1] 
WS SEND TO IE: 2026-07-12 20:51:31.128 - 1783875091128 - WuGnS0eXQZTAAhYOfUmROO9 - PARALLEL
 [end]

[start] [DEBUG] [2026-07-12 20:52:19.224] [C007755_C007755MCM1] 

------------------------------------IE_WEB Time Log----------------------------------------------
WS RECV FR IE: 2026-07-12 20:52:19.223 - 1783875139223 - WuGnS0eXQZTAAhYOfUmROO9 - null
 [end]

[start] [DEBUG] [2026-07-12 20:52:19.225] [C007755_C007755MCM1] 
WS SEND TO IE: 2026-07-12 20:52:19.223 - 1783875139223 - WuGnS0eXQZTAAhYOfUmROO9 - null
 [end]

[start] [DEBUG] [2026-07-12 21:01:06.818] [C007755_C007755MCM1] 

------------------------------------IE_WEB Time Log----------------------------------------------
WS RECV FR IE: 2026-07-12 21:01:06.795 - 1783875666795 - WuGnS0eXQZTAAhYOfUmROO9 - LOGOFF_UNLOCKED
 [end]

[start] [DEBUG] [2026-07-12 21:01:06.819] [C007755_C007755MCM1] 
WS SEND TO IE: 2026-07-12 21:01:06.817 - 1783875666817 - WuGnS0eXQZTAAhYOfUmROO9 - LOGOFF_UNLOCKED
 [end]

[start] [DEBUG] [2026-07-12 21:01:15.846] [C010897_C010897MCM1] 

------------------------------------IE_WEB Time Log----------------------------------------------
WS RECV FR IE: 2026-07-12 21:01:15.835 - 1783875675835 - X3O_ji3UPRVhteGi0WSPfb9 - SESSION_LIFE_CYCLE
 [end]

[start] [DEBUG] [2026-07-12 21:01:15.847] [C010897_C010897MCM1] 
WS SEND TO IE: 2026-07-12 21:01:15.845 - 1783875675845 - X3O_ji3UPRVhteGi0WSPfb9 - SESSION_LIFE_CYCLE
 [end]
