
[start] [INFO] [2026-07-11 12:10:55.596] [C006902_C006902CPM1] 
---------------------Begin 2026-07-11 12:10:55 591    CREATE_BU:C006902    CREATE_BY:C006902CPM1 ---------------------
[01]  DELETE FROM CEUSER.SEC_LOGIN_SESSION WHERE C_USER_ID = 'C006902CPM1' AND C_UNIT_CODE = 'C006902' AND C_BK_GROUP_ID = 'CSBANK' AND C_SESSION_ID = 'RadFXOHnQwNeEvUIOPk7S5_' 
[02]  UPDATE CEUSER.SEC_LOGIN_SESSION SET C_IS_INFORM = 'T' WHERE C_USER_ID = 'C006902CPM1' AND C_UNIT_CODE = 'C006902' AND C_BK_GROUP_ID = 'CSBANK' 
[03]  INSERT INTO CEUSER.SEC_LOGIN_SESSION (C_BK_GROUP_ID,C_UNIT_CODE,C_USER_ID,C_SESSION_ID,C_IS_INFORM) VALUES ('CSBANK','C006902','C006902CPM1','RadFXOHnQwNeEvUIOPk7S5_','F')
---------------------- End 2026-07-11 12:10:55 595 ------------------------
 [end]

[start] [INFO] [2026-07-11 12:10:55.613] [C006902_C006902CPM1] 
---------------------Begin 2026-07-11 12:10:55 609    CREATE_BU:C006902    CREATE_BY:C006902CPM1 ---------------------
[01]  INSERT INTO CETRX.TRX_ACT_LOG (C_LOG_ID,C_BK_GROUP_ID,C_CNTY_CODE,C_GRP_CODE,C_UNIT_CODE,C_USER_ID,C_IP_ADDRESS,C_FUNC_ID,D_CREA_DATE,T_CREA_TIME,D_SYS_OP_DATE,T_SYS_OP_TIME,D_SYS_TRT_DATE,T_SYS_TRT_TIME,C_BUSI_KEY) VALUES ('8A8284979F4ACCAA019F503AC0F80793','CSBANK','US','C006902','C006902','C006902CPM1','10.3.1.32','Login',TO_DATE('2026-07-11','YYYY-MM-DD'),TO_DATE('08:10:55','HH24:MI:SS'),TO_DATE('2026-07-11','YYYY-MM-DD'),TO_DATE('08:10:55','HH24:MI:SS'),TO_DATE('2026-07-11','YYYY-MM-DD'),TO_DATE('08:10:55','HH24:MI:SS'),'C006902;C006902CPM1')
---------------------- End 2026-07-11 12:10:55 612 ------------------------
 [end]

[start] [INFO] [2026-07-11 12:10:56.081] [C006902_C006902CPM1] 
---------------------Begin 2026-07-11 12:10:56 078    CREATE_BU:C006902    CREATE_BY:C006902CPM1 ---------------------
[01]  SELECT C_INACTIVE FROM CEUSER.SEC_USER_INFO WHERE C_USER_ID = 'C006902CPM1' AND C_UNIT_CODE = 'C006902' 
---------------------- End 2026-07-11 12:10:56 079 ------------------------
 [end]

[start] [INFO] [2026-07-11 12:10:56.084] [C006902_C006902CPM1] 
---------------------Begin 2026-07-11 12:10:56 082    CREATE_BU:C006902    CREATE_BY:C006902CPM1 ---------------------
[01]  SELECT C_IS_INFORM FROM CEUSER.SEC_LOGIN_SESSION WHERE C_SESSION_ID = 'RadFXOHnQwNeEvUIOPk7S5_' 
---------------------- End 2026-07-11 12:10:56 083 ------------------------
 [end]

[start] [INFO] [2026-07-11 12:10:56.187] [C006902_C006902CPM1] 
---------------------Begin 2026-07-11 12:10:56 185    CREATE_BU:C006902    CREATE_BY:C006902CPM1 ---------------------
[01]  SELECT C_INACTIVE FROM CEUSER.SEC_USER_INFO WHERE C_USER_ID = 'C006902CPM1' AND C_UNIT_CODE = 'C006902' 
---------------------- End 2026-07-11 12:10:56 186 ------------------------
 [end]

[start] [INFO] [2026-07-11 12:10:56.313] [C006902_C006902CPM1] 
---------------------Begin 2026-07-11 12:10:56 311    CREATE_BU:C006902    CREATE_BY:C006902CPM1 ---------------------
[01]  SELECT C_INACTIVE FROM CEUSER.SEC_USER_INFO WHERE C_USER_ID = 'C006902CPM1' AND C_UNIT_CODE = 'C006902' 
---------------------- End 2026-07-11 12:10:56 312 ------------------------
 [end]

[start] [INFO] [2026-07-11 12:10:56.328] [C006902_C006902CPM1] 
---------------------Begin 2026-07-11 12:10:56 322    CREATE_BU:C006902    CREATE_BY:C006902CPM1 ---------------------
[01]  SELECT COUNT(*) AS RECCOUNT FROM CETRX.STD_NOTIFICATION  WHERE C_NOTI_ID IN ( SELECT C_NOTI_ID FROM CETRX.STD_NOTIFICATION_STATUS  WHERE  C_READ_STATUS = 'F'  AND  C_USER_ID = 'C006902CPM1'  AND  C_UNIT_CODE = 'C006902'  )
---------------------- End 2026-07-11 12:10:56 326 ------------------------
 [end]

[start] [INFO] [2026-07-11 12:10:56.329] [C006902_C006902CPM1] 
---------------------Begin 2026-07-11 12:10:56 325    CREATE_BU:C006902    CREATE_BY:C006902CPM1 ---------------------
[01]  SELECT C_INACTIVE FROM CEUSER.SEC_USER_INFO WHERE C_USER_ID = 'C006902CPM1' AND C_UNIT_CODE = 'C006902' 
---------------------- End 2026-07-11 12:10:56 327 ------------------------
 [end]

[start] [INFO] [2026-07-11 12:10:56.331] [C006902_C006902CPM1] 
---------------------Begin 2026-07-11 12:10:56 326    CREATE_BU:C006902    CREATE_BY:C006902CPM1 ---------------------
[01]  SELECT C_INACTIVE FROM CEUSER.SEC_USER_INFO WHERE C_USER_ID = 'C006902CPM1' AND C_UNIT_CODE = 'C006902' 
---------------------- End 2026-07-11 12:10:56 329 ------------------------
 [end]

[start] [INFO] [2026-07-11 12:10:56.345] [C006902_C006902CPM1] 
---------------------Begin 2026-07-11 12:10:56 341    CREATE_BU:C006902    CREATE_BY:C006902CPM1 ---------------------
[01]  SELECT C_FUNC_ID,T_OP_TIME FROM CETRX.TRX_FAVOR_FUNC  WHERE  C_UNIT_CODE = 'C006902'  AND  C_USER_ID = 'C006902CPM1'  ORDER BY  T_OP_TIME DESC 
---------------------- End 2026-07-11 12:10:56 343 ------------------------
 [end]

[start] [INFO] [2026-07-11 12:10:56.422] [C006902_C006902CPM1] 
---------------------Begin 2026-07-11 12:10:56 420    CREATE_BU:C006902    CREATE_BY:C006902CPM1 ---------------------
[01]  SELECT C_INACTIVE FROM CEUSER.SEC_USER_INFO WHERE C_USER_ID = 'C006902CPM1' AND C_UNIT_CODE = 'C006902' 
---------------------- End 2026-07-11 12:10:56 421 ------------------------
 [end]

[start] [INFO] [2026-07-11 12:10:56.432] [C006902_C006902CPM1] 
---------------------Begin 2026-07-11 12:10:56 429    CREATE_BU:C006902    CREATE_BY:C006902CPM1 ---------------------
[01]  SELECT * FROM CEUSER.SEC_BUSINESS_UNIT WHERE C_UNIT_CODE = 'C006902' 
---------------------- End 2026-07-11 12:10:56 431 ------------------------
 [end]

[start] [INFO] [2026-07-11 12:10:56.438] [C006902_C006902CPM1] 
---------------------Begin 2026-07-11 12:10:56 435    CREATE_BU:C006902    CREATE_BY:C006902CPM1 ---------------------
[01]  SELECT C_INACTIVE FROM CEUSER.SEC_USER_INFO WHERE C_USER_ID = 'C006902CPM1' AND C_UNIT_CODE = 'C006902' 
---------------------- End 2026-07-11 12:10:56 436 ------------------------
 [end]

[start] [INFO] [2026-07-11 12:10:56.455] [C006902_C006902CPM1] 
---------------------Begin 2026-07-11 12:10:56 452    CREATE_BU:C006902    CREATE_BY:C006902CPM1 ---------------------
[01]  SELECT C_INACTIVE FROM CEUSER.SEC_USER_INFO WHERE C_USER_ID = 'C006902CPM1' AND C_UNIT_CODE = 'C006902' 
---------------------- End 2026-07-11 12:10:56 453 ------------------------
 [end]

[start] [INFO] [2026-07-11 12:10:56.477] [C006902_C006902CPM1] 
---------------------Begin 2026-07-11 12:10:56 475    CREATE_BU:C006902    CREATE_BY:C006902CPM1 ---------------------
[01]  SELECT C_INACTIVE FROM CEUSER.SEC_USER_INFO WHERE C_USER_ID = 'C006902CPM1' AND C_UNIT_CODE = 'C006902' 
---------------------- End 2026-07-11 12:10:56 476 ------------------------
 [end]

[start] [INFO] [2026-07-11 12:10:56.498] [C006902_C006902CPM1] 
---------------------Begin 2026-07-11 12:10:56 496    CREATE_BU:C006902    CREATE_BY:C006902CPM1 ---------------------
[01]  SELECT C_AUTH_RULE FROM CEUSER.SEC_USER_INFO WHERE C_BK_GROUP_ID = 'CSBANK' AND C_UNIT_CODE = 'C006902' AND C_USER_ID = 'C006902CPM1' 
---------------------- End 2026-07-11 12:10:56 497 ------------------------
 [end]

[start] [INFO] [2026-07-11 12:10:56.502] [C006902_C006902CPM1] 
---------------------Begin 2026-07-11 12:10:56 500    CREATE_BU:C006902    CREATE_BY:C006902CPM1 ---------------------
[01]  SELECT C_AUTH_RULE FROM CEUSER.SEC_BUSINESS_UNIT WHERE C_BK_GROUP_ID = 'CSBANK' AND C_UNIT_CODE = 'C006902' 
---------------------- End 2026-07-11 12:10:56 501 ------------------------
 [end]

[start] [INFO] [2026-07-11 12:10:56.563] [C006902_C006902CPM1] 
---------------------Begin 2026-07-11 12:10:56 500    CREATE_BU:C006902    CREATE_BY:C006902CPM1 ---------------------
[01]  SELECT DISTINCT C_WIDGET_NAME FROM CEUSER.SEC_WIDGETS_V2_LIST  WHERE  C_IS_ACTIVE = 'Y'  AND  C_ROLE_NAME IN ('MAKER')  ORDER BY  C_WIDGET_NAME 
---------------------- End 2026-07-11 12:10:56 562 ------------------------
 [end]

[start] [INFO] [2026-07-11 12:10:56.576] [C006902_C006902CPM1] 
---------------------Begin 2026-07-11 12:10:56 564    CREATE_BU:C006902    CREATE_BY:C006902CPM1 ---------------------
[01]  SELECT TAB.C_TAB_ID,TAB.C_TAB_NAME,TAB.I_TAB_SEQUENCE FROM CEUSER.SEC_WIDGETS_V2_TABS TAB LEFT JOIN CEUSER.SEC_WIDGETS_V2_LAYOUT LYT ON (TAB.C_TAB_ID = LYT.C_TAB_ID AND  TAB.C_UNIT_CODE = LYT.C_UNIT_CODE AND TAB.C_USER_ID = LYT.C_USER_ID )    WHERE  TAB.C_UNIT_CODE = 'C006902'  AND  TAB.C_USER_ID = 'C006902CPM1'  AND  LYT.C_PAGE_NAME = 'default'  ORDER BY  TAB.I_TAB_SEQUENCE ASC 
---------------------- End 2026-07-11 12:10:56 576 ------------------------
 [end]

[start] [INFO] [2026-07-11 12:10:56.596] [C006902_C006902CPM1] 
---------------------Begin 2026-07-11 12:10:56 497    CREATE_BU:C006902    CREATE_BY:C006902CPM1 ---------------------
[01]  SELECT DISTINCT C_WIDGET_NAME FROM CEUSER.SEC_WIDGETS_V2_LIST  WHERE  C_IS_ACTIVE = 'Y'  AND  C_ROLE_NAME IN ('MAKER')  ORDER BY  C_WIDGET_NAME 
---------------------- End 2026-07-11 12:10:56 595 ------------------------
 [end]

[start] [INFO] [2026-07-11 12:10:56.609] [C006902_C006902CPM1] 
---------------------Begin 2026-07-11 12:10:56 594    CREATE_BU:C006902    CREATE_BY:C006902CPM1 ---------------------
[01]  SELECT C_LAYOUT_INFO FROM CEUSER.SEC_WIDGETS_V2_LAYOUT  WHERE  C_UNIT_CODE = 'C006902'  AND  C_USER_ID = 'C006902CPM1'  AND  C_PAGE_NAME = 'default' 
---------------------- End 2026-07-11 12:10:56 608 ------------------------
 [end]

[start] [INFO] [2026-07-11 12:10:56.627] [C006902_C006902CPM1] 
---------------------Begin 2026-07-11 12:10:56 614    CREATE_BU:C006902    CREATE_BY:C006902CPM1 ---------------------
[01]  SELECT TAB.C_TAB_ID,TAB.C_TAB_NAME,TAB.I_TAB_SEQUENCE,LYT.C_LAYOUT_INFO FROM CEUSER.SEC_WIDGETS_V2_TABS TAB LEFT JOIN CEUSER.SEC_WIDGETS_V2_LAYOUT LYT ON (TAB.C_TAB_ID = LYT.C_TAB_ID AND  TAB.C_UNIT_CODE = LYT.C_UNIT_CODE AND TAB.C_USER_ID = LYT.C_USER_ID )    WHERE  TAB.C_UNIT_CODE = 'C006902'  AND  TAB.C_USER_ID = 'C006902CPM1'  AND  LYT.C_PAGE_NAME = 'default'  ORDER BY  TAB.I_TAB_SEQUENCE ASC 
---------------------- End 2026-07-11 12:10:56 626 ------------------------
 [end]

[start] [INFO] [2026-07-11 12:10:56.638] [C006902_C006902CPM1] 
---------------------Begin 2026-07-11 12:10:56 630    CREATE_BU:C006902    CREATE_BY:C006902CPM1 ---------------------
[01]  SELECT C_INST_CONFIG FROM CEUSER.SEC_WIDGETS_V2_INST_CONFIG  WHERE  C_INST_ID = '8A8284979F406C02019F40B5DBB50087'  AND  C_UNIT_CODE = 'C006902'  AND  C_USER_ID = 'C006902CPM1' 
---------------------- End 2026-07-11 12:10:56 637 ------------------------
 [end]

[start] [INFO] [2026-07-11 12:10:56.641] [C006902_C006902CPM1] 
---------------------Begin 2026-07-11 12:10:56 639    CREATE_BU:C006902    CREATE_BY:C006902CPM1 ---------------------
[01]  SELECT C_INST_CONFIG FROM CEUSER.SEC_WIDGETS_V2_INST_CONFIG  WHERE  C_INST_ID = '8A8284979F406C02019F40B5DBB50087'  AND  C_UNIT_CODE = 'C006902'  AND  C_USER_ID = 'C006902CPM1' 
---------------------- End 2026-07-11 12:10:56 640 ------------------------
 [end]

[start] [INFO] [2026-07-11 12:10:56.645] [C006902_C006902CPM1] 
---------------------Begin 2026-07-11 12:10:56 644    CREATE_BU:C006902    CREATE_BY:C006902CPM1 ---------------------
[01]  SELECT C_INST_CONFIG FROM CEUSER.SEC_WIDGETS_V2_INST_CONFIG  WHERE  C_INST_ID = '8A8284979F406C02019F40B5DBCC0089'  AND  C_UNIT_CODE = 'C006902'  AND  C_USER_ID = 'C006902CPM1' 
---------------------- End 2026-07-11 12:10:56 644 ------------------------
 [end]

[start] [INFO] [2026-07-11 12:10:56.648] [C006902_C006902CPM1] 
---------------------Begin 2026-07-11 12:10:56 646    CREATE_BU:C006902    CREATE_BY:C006902CPM1 ---------------------
[01]  SELECT C_INST_CONFIG FROM CEUSER.SEC_WIDGETS_V2_INST_CONFIG  WHERE  C_INST_ID = '8A8284979F406C02019F40B5DBCC0089'  AND  C_UNIT_CODE = 'C006902'  AND  C_USER_ID = 'C006902CPM1' 
---------------------- End 2026-07-11 12:10:56 647 ------------------------
 [end]

[start] [INFO] [2026-07-11 12:10:56.652] [C006902_C006902CPM1] 
---------------------Begin 2026-07-11 12:10:56 651    CREATE_BU:C006902    CREATE_BY:C006902CPM1 ---------------------
[01]  SELECT C_INST_CONFIG FROM CEUSER.SEC_WIDGETS_V2_INST_CONFIG  WHERE  C_INST_ID = '8A8284979F406C02019F40B5DBDA008A'  AND  C_UNIT_CODE = 'C006902'  AND  C_USER_ID = 'C006902CPM1' 
---------------------- End 2026-07-11 12:10:56 651 ------------------------
 [end]

[start] [INFO] [2026-07-11 12:10:56.655] [C006902_C006902CPM1] 
---------------------Begin 2026-07-11 12:10:56 653    CREATE_BU:C006902    CREATE_BY:C006902CPM1 ---------------------
[01]  SELECT C_INST_CONFIG FROM CEUSER.SEC_WIDGETS_V2_INST_CONFIG  WHERE  C_INST_ID = '8A8284979F406C02019F40B5DBDA008A'  AND  C_UNIT_CODE = 'C006902'  AND  C_USER_ID = 'C006902CPM1' 
---------------------- End 2026-07-11 12:10:56 654 ------------------------
 [end]

[start] [INFO] [2026-07-11 12:10:56.658] [C006902_C006902CPM1] 
---------------------Begin 2026-07-11 12:10:56 657    CREATE_BU:C006902    CREATE_BY:C006902CPM1 ---------------------
[01]  SELECT C_INST_CONFIG FROM CEUSER.SEC_WIDGETS_V2_INST_CONFIG  WHERE  C_INST_ID = '8A8284979F406C02019F40B5DBC20088'  AND  C_UNIT_CODE = 'C006902'  AND  C_USER_ID = 'C006902CPM1' 
---------------------- End 2026-07-11 12:10:56 658 ------------------------
 [end]

[start] [INFO] [2026-07-11 12:10:56.661] [C006902_C006902CPM1] 
---------------------Begin 2026-07-11 12:10:56 660    CREATE_BU:C006902    CREATE_BY:C006902CPM1 ---------------------
[01]  SELECT C_INST_CONFIG FROM CEUSER.SEC_WIDGETS_V2_INST_CONFIG  WHERE  C_INST_ID = '8A8284979F406C02019F40B5DBC20088'  AND  C_UNIT_CODE = 'C006902'  AND  C_USER_ID = 'C006902CPM1' 
---------------------- End 2026-07-11 12:10:56 660 ------------------------
 [end]

[start] [INFO] [2026-07-11 12:10:56.792] [C006902_C006902CPM1] 
---------------------Begin 2026-07-11 12:10:56 791    CREATE_BU:C006902    CREATE_BY:C006902CPM1 ---------------------
[01]  SELECT C_INACTIVE FROM CEUSER.SEC_USER_INFO WHERE C_USER_ID = 'C006902CPM1' AND C_UNIT_CODE = 'C006902' 
---------------------- End 2026-07-11 12:10:56 791 ------------------------
 [end]

[start] [INFO] [2026-07-11 12:10:56.792] [C006902_C006902CPM1] 
---------------------Begin 2026-07-11 12:10:56 790    CREATE_BU:C006902    CREATE_BY:C006902CPM1 ---------------------
[01]  SELECT C_INACTIVE FROM CEUSER.SEC_USER_INFO WHERE C_USER_ID = 'C006902CPM1' AND C_UNIT_CODE = 'C006902' 
---------------------- End 2026-07-11 12:10:56 791 ------------------------
 [end]

[start] [INFO] [2026-07-11 12:10:56.810] [C006902_C006902CPM1] 
---------------------Begin 2026-07-11 12:10:56 804    CREATE_BU:C006902    CREATE_BY:C006902CPM1 ---------------------
[01]  [Id=C2A_ForYou]  SELECT COUNT(*) FROM (SELECT DISTINCT T1.C_BK_GROUP_ID, T1.C_MAIN_REF, T1.C_TRX_REF, T1.C_UNIT_CODE, T1.PARENT_MAIN_REF, T1.C_TRX_STATUS, T1.CURRNT_STATUS, T1.C2A_STATUS, T1.I_EVENT_TIMES, T1.C_MODULE, T1.C_FUNC_ID, T1.C_PRODUCT_ID, T1.C_TRX_ID, T3.C_LOCKED_FLAG, T3.C_LOCKED_OP, T3.C_USER_DESC, T1.D_SYS_OP_DATE, T1.T_SYS_OP_TIME, T1.C2A_CCY, T1.C2A_AMOUNT, T1.C2A_COUNTERPARTY FROM CETRX.TRX_INBOX T1 LEFT JOIN CETRX.TRX_NEXT_FUNC T2 ON T1.C_PRODUCT_ID = T2.C_PRODUCT_ID AND T1.C2A_STATUS = T2.C2A_STATUS AND T1.C_TRX_STATUS = T2.C_TRX_STATUS LEFT JOIN CETRX.TRX_LOCK_INFO T3 ON T1.C_MAIN_REF = T3.C_MAIN_REF AND T1.C_UNIT_CODE = T3.C_UNIT_CODE WHERE   T1.C_BK_GROUP_ID = 'CSBANK'  AND (( T1.C_UNIT_CODE = 'C006902'  AND  T1.C_PRODUCT_ID IN ('FHS0YffwVNuA','P19080800000','P19080800001','P19080800002','P20030600000','epF3a6u4ZGAt') )) AND (T2.C_NEXT_FUNC_ID IN (SELECT C_FUNC_ID FROM CEUSER.SEC_OP_FUNC WHERE C_USER_ID = 'C006902CPM1' AND C_GRP_CODE = 'C006902' AND C_UNIT_CODE = T1.C_UNIT_CODE) OR T2.C_NEXT_FUNC_ID IN (SELECT C_FUNC_ID FROM CEUSER.SEC_OP_FUNC WHERE C_GRP_CODE = 'C006902' AND C_USER_ID IN (SELECT C_ROLE_ID FROM CEUSER.SEC_USER_ROLE WHERE C_USER_ID = 'C006902CPM1' AND C_GRP_CODE = 'C006902') AND C_UNIT_CODE = T1.C_UNIT_CODE)) AND (T1.C_TRX_STATUS = 'R' OR T1.C2A_STATUS IN ('Rejected by bank', 'Discrepancy notification', 'Document received') AND T1.C_TRX_STATUS = 'M' OR T1.C2A_STATUS IN ('Amendment(Detrimental)_fully authorized', 'Document discrepancy_fully authorized') AND T1.C_TRX_STATUS = 'A') AND T1.C_TRX_ID NOT IN (SELECT C_TRX_ID FROM CETRX.TRX_USER_DISMISS WHERE C_USER_ID = 'C006902CPM1' AND C_GRP_CODE = 'C006902') AND (T1.C_MODULE = 'IMLC' OR T1.C_MODULE = 'EXLC' OR T1.C_MODULE = 'FAEF' OR T1.C_MODULE = 'FADA' OR T1.C_MODULE = 'TSUM' OR T1.C_MODULE = 'ABLF' OR T1.C_MODULE = 'UPLD') ORDER BY T1.D_SYS_OP_DATE DESC, T1.T_SYS_OP_TIME DESC)
---------------------- End 2026-07-11 12:10:56 809 ------------------------
 [end]

[start] [INFO] [2026-07-11 12:10:56.824] [C006902_C006902CPM1] 
---------------------Begin 2026-07-11 12:10:56 822    CREATE_BU:C006902    CREATE_BY:C006902CPM1 ---------------------
[01]  SELECT C_INACTIVE FROM CEUSER.SEC_USER_INFO WHERE C_USER_ID = 'C006902CPM1' AND C_UNIT_CODE = 'C006902' 
---------------------- End 2026-07-11 12:10:56 823 ------------------------
 [end]

[start] [INFO] [2026-07-11 12:10:56.829] [C006902_C006902CPM1] 
---------------------Begin 2026-07-11 12:10:56 813    CREATE_BU:C006902    CREATE_BY:C006902CPM1 ---------------------
[01]  [Id=C2A_InProgress_Maker]  SELECT COUNT(*) FROM CETRX.TRX_INBOX T1 LEFT JOIN CETRX.TRX_LOCK_INFO T3 ON T1.C_MAIN_REF = T3.C_MAIN_REF AND T1.C_UNIT_CODE = T3.C_UNIT_CODE WHERE   T1.C_BK_GROUP_ID = 'CSBANK'  AND (( T1.C_UNIT_CODE = 'C006902'  AND  T1.C_PRODUCT_ID IN ('FHS0YffwVNuA','P19080800000','P19080800001','P19080800002','P20030600000','epF3a6u4ZGAt') )) AND (T1.C_TRX_STATUS IN ('P', 'T', 'A', 'S') AND (T1.C_MODULE = 'IMLC' OR T1.C_MODULE = 'EXLC' OR T1.C_MODULE = 'FAEF' OR T1.C_MODULE = 'FADA' OR T1.C_MODULE = 'ABLF') AND T1.C2A_STATUS NOT IN ('Discrepancies rejected_fully authorized') OR T1.C_TRX_STATUS = 'M' AND (T1.C_MODULE = 'IMLC' AND T1.C2A_STATUS NOT IN ('Issued', 'Amended', 'Beneficiary rejected', 'Settled') OR T1.C_MODULE = 'EXCO' AND T1.CURRNT_STATUS NOT IN ('Payment Advice') OR T1.C_MODULE = 'EXLC' AND T1.CURRNT_STATUS NOT IN ('Settled', 'Advise Received', 'Amendment Received', 'Docment Received') OR T1.C_MODULE = 'FAEF' AND T1.CURRNT_STATUS NOT IN ('Settled', 'Advise Received') OR T1.C_MODULE = 'FADA' AND T1.CURRNT_STATUS NOT IN ('Settled', 'Advise Received') OR T1.C_MODULE = 'ABLF' AND T1.CURRNT_STATUS NOT IN ('Settled', 'Advise Received'))) AND T1.C_TRX_ID NOT IN (SELECT C_TRX_ID FROM CETRX.TRX_USER_DISMISS WHERE C_USER_ID = 'C006902CPM1' AND C_GRP_CODE = 'C006902') AND (T1.C_MODULE = 'IMLC' OR T1.C_MODULE = 'EXLC' OR T1.C_MODULE = 'FAEF' OR T1.C_MODULE = 'FADA' OR T1.C_MODULE = 'ABLF')
---------------------- End 2026-07-11 12:10:56 827 ------------------------
 [end]

[start] [INFO] [2026-07-11 12:10:56.832] [C006902_C006902CPM1] 
---------------------Begin 2026-07-11 12:10:56 822    CREATE_BU:C006902    CREATE_BY:C006902CPM1 ---------------------
[01]  SELECT C_INACTIVE FROM CEUSER.SEC_USER_INFO WHERE C_USER_ID = 'C006902CPM1' AND C_UNIT_CODE = 'C006902' 
---------------------- End 2026-07-11 12:10:56 823 ------------------------
 [end]

[start] [INFO] [2026-07-11 12:10:56.840] [C006902_C006902CPM1] 
---------------------Begin 2026-07-11 12:10:56 838    CREATE_BU:C006902    CREATE_BY:C006902CPM1 ---------------------
[01]  SELECT C_FUNC_ID,T_OP_TIME FROM CETRX.TRX_FAVOR_FUNC  WHERE  C_UNIT_CODE = 'C006902'  AND  C_USER_ID = 'C006902CPM1'  ORDER BY  T_OP_TIME DESC 
---------------------- End 2026-07-11 12:10:56 839 ------------------------
 [end]

[start] [INFO] [2026-07-11 12:10:56.850] [C006902_C006902CPM1] 
---------------------Begin 2026-07-11 12:10:56 844    CREATE_BU:C006902    CREATE_BY:C006902CPM1 ---------------------
[01]  [Id=C2A_Closed]  SELECT COUNT(*) FROM CETRX.TRX_INBOX T1 LEFT JOIN CETRX.TRX_LOCK_INFO T3 ON T1.C_MAIN_REF = T3.C_MAIN_REF AND T1.C_UNIT_CODE = T3.C_UNIT_CODE WHERE   T1.C_BK_GROUP_ID = 'CSBANK'  AND (( T1.C_UNIT_CODE = 'C006902'  AND  T1.C_PRODUCT_ID IN ('FHS0YffwVNuA','P19080800000','P19080800001','P19080800002','P20030600000','epF3a6u4ZGAt') )) AND (T1.C2A_STATUS IN ('Issued', 'Amended', 'Beneficiary rejected', 'Discrepancies rejected_fully authorized', 'Settled') AND T1.C_MODULE = 'IMLC' OR T1.CURRNT_STATUS IN ('Issued', 'Amended', 'Detrimental Amendment', 'Beneficiary Consent', 'Beneficiary Rejected', 'Document Presentation', 'Document Presentation', 'Settlement', 'Settled') AND T1.C_MODULE = 'EXCO' OR T1.C2A_STATUS IN ('Settled', 'Amendment_fully authorized', '') AND T1.C_MODULE = 'EXLC' OR T1.C_FUNC_ID IN ('F05030700899', 'F05030700901', 'F05030700908') AND T1.C2A_STATUS = 'Fully authorized' AND T1.C_MODULE = 'EXLC' OR T1.C_MODULE = 'FADA' OR T1.C_MODULE = 'FAEF') AND T1.C_TRX_STATUS IN ('M', 'A', 'S') AND T1.C_TRX_ID NOT IN (SELECT C_TRX_ID FROM CETRX.TRX_USER_DISMISS WHERE C_USER_ID = 'C006902CPM1' AND C_GRP_CODE = 'C006902') AND (T1.C_MODULE = 'IMLC' OR T1.C_MODULE = 'EXLC' OR T1.C_MODULE = 'FADA' OR T1.C_MODULE = 'FAEF')
---------------------- End 2026-07-11 12:10:56 848 ------------------------
 [end]

[start] [INFO] [2026-07-11 12:10:56.855] [C006902_C006902CPM1] 
---------------------Begin 2026-07-11 12:10:56 853    CREATE_BU:C006902    CREATE_BY:C006902CPM1 ---------------------
[01]  SELECT C_INACTIVE FROM CEUSER.SEC_USER_INFO WHERE C_USER_ID = 'C006902CPM1' AND C_UNIT_CODE = 'C006902' 
---------------------- End 2026-07-11 12:10:56 854 ------------------------
 [end]

[start] [INFO] [2026-07-11 12:10:56.868] [C006902_C006902CPM1] 
---------------------Begin 2026-07-11 12:10:56 863    CREATE_BU:C006902    CREATE_BY:C006902CPM1 ---------------------
[01]  [Id=C2A_Drafts]  SELECT COUNT(*) FROM (SELECT DISTINCT T1.C_BK_GROUP_ID, T1.C_MAIN_REF, T1.C_TRX_REF, T1.C_UNIT_CODE, T1.PARENT_MAIN_REF, T1.C_TRX_STATUS, T1.I_EVENT_TIMES, T1.C_MODULE, T1.C_FUNC_ID, T1.C_PRODUCT_ID, T1.C_TRX_ID, T3.C_LOCKED_FLAG, T3.C_LOCKED_OP, T3.C_USER_DESC, T1.D_SYS_OP_DATE, T1.T_SYS_OP_TIME, T1.C2A_CCY, T1.C2A_AMOUNT, T1.C2A_COUNTERPARTY FROM CETRX.TRX_INBOX T1 LEFT JOIN CETRX.TRX_NEXT_FUNC T2 ON T1.C_PRODUCT_ID = T2.C_PRODUCT_ID AND T1.C_TRX_STATUS = T2.C_TRX_STATUS LEFT JOIN CETRX.TRX_LOCK_INFO T3 ON T1.C_MAIN_REF = T3.C_MAIN_REF AND T1.C_UNIT_CODE = T3.C_UNIT_CODE WHERE   T1.C_BK_GROUP_ID = 'CSBANK'  AND (( T1.C_UNIT_CODE = 'C006902'  AND  T1.C_PRODUCT_ID IN ('FHS0YffwVNuA','P19080800000','P19080800001','P19080800002','P20030600000','epF3a6u4ZGAt') )) AND (T2.C_NEXT_FUNC_ID IN (SELECT C_FUNC_ID FROM CEUSER.SEC_OP_FUNC WHERE C_USER_ID = 'C006902CPM1' AND C_GRP_CODE = 'C006902' AND C_UNIT_CODE = T1.C_UNIT_CODE) OR T2.C_NEXT_FUNC_ID IN (SELECT C_FUNC_ID FROM CEUSER.SEC_OP_FUNC WHERE C_GRP_CODE = 'C006902' AND C_USER_ID IN (SELECT C_ROLE_ID FROM CEUSER.SEC_USER_ROLE WHERE C_USER_ID = 'C006902CPM1' AND C_GRP_CODE = 'C006902') AND C_UNIT_CODE = T1.C_UNIT_CODE)) AND T1.C_TRX_STATUS = 'Z' AND T1.C_TRX_ID NOT IN (SELECT C_TRX_ID FROM CETRX.TRX_USER_DISMISS WHERE C_USER_ID = 'C006902CPM1' AND C_GRP_CODE = 'C006902') AND (T1.C_MODULE = 'IMLC' OR T1.C_MODULE = 'EXLC' OR T1.C_MODULE = 'FAEF' OR T1.C_MODULE = 'FADA' OR T1.C_MODULE = 'ABLF') ORDER BY T1.D_SYS_OP_DATE DESC, T1.T_SYS_OP_TIME DESC)
---------------------- End 2026-07-11 12:10:56 867 ------------------------
 [end]

[start] [INFO] [2026-07-11 12:10:56.875] [C006902_C006902CPM1] 
---------------------Begin 2026-07-11 12:10:56 873    CREATE_BU:C006902    CREATE_BY:C006902CPM1 ---------------------
[01]  SELECT C_INACTIVE FROM CEUSER.SEC_USER_INFO WHERE C_USER_ID = 'C006902CPM1' AND C_UNIT_CODE = 'C006902' 
---------------------- End 2026-07-11 12:10:56 874 ------------------------
 [end]

[start] [INFO] [2026-07-11 12:10:56.897] [C006902_C006902CPM1] 
---------------------Begin 2026-07-11 12:10:56 895    CREATE_BU:C006902    CREATE_BY:C006902CPM1 ---------------------
[01]  SELECT C_INACTIVE FROM CEUSER.SEC_USER_INFO WHERE C_USER_ID = 'C006902CPM1' AND C_UNIT_CODE = 'C006902' 
---------------------- End 2026-07-11 12:10:56 896 ------------------------
 [end]

[start] [INFO] [2026-07-11 12:10:56.922] [C006902_C006902CPM1] 
---------------------Begin 2026-07-11 12:10:56 872    CREATE_BU:C006902    CREATE_BY:C006902CPM1 ---------------------
[01]  SELECT C_IS_ACTIVE FROM CEUSER.SEC_WIDGETS_V2_LIST  WHERE  C_WIDGET_NAME = 'ShortcutMenu'  AND  C_ROLE_NAME IN ('MAKER') 
---------------------- End 2026-07-11 12:10:56 921 ------------------------
 [end]

[start] [INFO] [2026-07-11 12:10:56.924] [C006902_C006902CPM1] 
---------------------Begin 2026-07-11 12:10:56 921    CREATE_BU:C006902    CREATE_BY:C006902CPM1 ---------------------
[01]  SELECT FA_DOC_DUE_DT AS GROUP_DATE, COUNT(*) AS ASCOUNT FROM (SELECT C_PRODUCT_ID, C_MAIN_REF, C_CUST_ID, C_TRX_REF, I_EVENT_TIMES, C_BK_GROUP_ID, C_UNIT_CODE, FA_SEL_NM, FA_BUYER_NM, FA_DOC_CCY, FA_DOC_AMT, AUTH_AMT, AUTH_CCY, PARENT_MAIN_REF, FA_DOC_DT, FA_DOC_DUE_DT, CURRNT_STATUS, C_TRX_STATUS, D_CREA_DATE, D_RELE_DATE, C_FUNC_ID, C_EVENT_NAME, C_EVENT_STATUS, C_NOW_EVENT, C_LOCKED_FLAG, C_LOCKED_OP, C_RELE_BY FROM CETRX.FAEF_EM_INV WHERE   C_BK_GROUP_ID = 'CSBANK'  AND (( C_UNIT_CODE = 'C006902'  AND  C_PRODUCT_ID = 'P19080800001' )) AND C_TRX_STATUS IN ('P', 'A', 'T', 'R', 'M') AND FA_DOC_DUE_DT >= TO_DATE('2026-01-01', 'YYYY-MM-DD') AND FA_DOC_DUE_DT <= TO_DATE('2026-12-31', 'YYYY-MM-DD') ) TEMP_TABLE GROUP BY FA_DOC_DUE_DT
---------------------- End 2026-07-11 12:10:56 922 ------------------------
 [end]

[start] [INFO] [2026-07-11 12:10:56.949] [C006902_C006902CPM1] 
---------------------Begin 2026-07-11 12:10:56 891    CREATE_BU:C006902    CREATE_BY:C006902CPM1 ---------------------
[01]  SELECT A.C_REPORT_ID,A.C_GRP_CODE,A.C_USER_ID,A.T_PIN_DATE,B.C_SOURCE_REPORT,B.C_REPORT_NAME,B.T_UPDATE_DATE,C.C_USER_DESC FROM CETRX.TRX_USER_REPORT_PIN A LEFT JOIN CETRX.TRX_USER_REPORT B ON A.C_REPORT_ID = B.C_REPORT_ID  LEFT JOIN CEUSER.SEC_USER_INFO C ON A.C_GRP_CODE = C.C_UNIT_CODE AND A.C_USER_ID = C.C_USER_ID  WHERE  A.C_GRP_CODE = 'C006902'  AND  A.C_USER_ID = 'C006902CPM1'  ORDER BY B.T_UPDATE_DATE DESC
---------------------- End 2026-07-11 12:10:56 948 ------------------------
 [end]

[start] [INFO] [2026-07-11 12:10:56.987] [C006902_C006902CPM1] 
---------------------Begin 2026-07-11 12:10:56 985    CREATE_BU:C006902    CREATE_BY:C006902CPM1 ---------------------
[01]  SELECT C_INACTIVE FROM CEUSER.SEC_USER_INFO WHERE C_USER_ID = 'C006902CPM1' AND C_UNIT_CODE = 'C006902' 
---------------------- End 2026-07-11 12:10:56 986 ------------------------
 [end]

[start] [INFO] [2026-07-11 12:10:56.996] [C006902_C006902CPM1] 
---------------------Begin 2026-07-11 12:10:56 994    CREATE_BU:C006902    CREATE_BY:C006902CPM1 ---------------------
[01]  SELECT C_CRITERIA_DATA,C_TMPL_NAME,C_IS_DEFAULT FROM CETRX.STD_SEARCH_CRITERIA  WHERE  C_UNIT_CODE = 'C006902'  AND  C_USER_ID = 'C006902CPM1'  AND  C_CATA_ID = 'C2A_InProgress_Maker'  AND  C_BK_GROUP_ID = 'CSBANK'  AND  I_CRITERIA_TYPE = 4 
---------------------- End 2026-07-11 12:10:56 995 ------------------------
 [end]

[start] [INFO] [2026-07-11 12:10:57.057] [C006902_C006902CPM1] 
---------------------Begin 2026-07-11 12:10:57 047    CREATE_BU:C006902    CREATE_BY:C006902CPM1 ---------------------
[01]  SELECT C_UNIT_CODE,C_UNIT_NAME FROM CEUSER.SEC_BUSINESS_UNIT WHERE C_UNIT_CODE = 'C006902' 
---------------------- End 2026-07-11 12:10:57 055 ------------------------
 [end]

[start] [INFO] [2026-07-11 12:10:57.064] [C006902_C006902CPM1] 
---------------------Begin 2026-07-11 12:10:56 923    CREATE_BU:C006902    CREATE_BY:C006902CPM1 ---------------------
[01]  SELECT C_FUNC_ID,C_MODULE FROM CETRX.TRX_ACT_LOG WHERE C_FUNC_ID IS NOT NULL AND C_UNIT_CODE = 'C006902' AND C_USER_ID = 'C006902CPM1' AND D_SYS_OP_DATE BETWEEN TO_DATE('2026-06-11','yyyy-MM-dd') AND TO_DATE('2026-07-11','yyyy-MM-dd') ORDER BY D_SYS_OP_DATE DESC,T_SYS_OP_TIME DESC
---------------------- End 2026-07-11 12:10:57 063 ------------------------
 [end]

[start] [INFO] [2026-07-11 12:10:57.275] [C006902_C006902CPM1] 
---------------------Begin 2026-07-11 12:10:57 271    CREATE_BU:C006902    CREATE_BY:C006902CPM1 ---------------------
[01]  SELECT C_INACTIVE FROM CEUSER.SEC_USER_INFO WHERE C_USER_ID = 'C006902CPM1' AND C_UNIT_CODE = 'C006902' 
---------------------- End 2026-07-11 12:10:57 273 ------------------------
 [end]

[start] [INFO] [2026-07-11 12:10:57.287] [C006902_C006902CPM1] 
---------------------Begin 2026-07-11 12:10:57 281    CREATE_BU:C006902    CREATE_BY:C006902CPM1 ---------------------
[01]  [Id=C2A_InProgress_Maker]  SELECT T1.C_BK_GROUP_ID, T1.C_MAIN_REF, T1.C_TRX_REF, T1.C_UNIT_CODE, T1.PARENT_MAIN_REF, T1.C_TRX_STATUS, T1.CURRNT_STATUS, (CASE WHEN T1.C_MODULE = 'FADA' OR T1.C_MODULE = 'FAEF' THEN T1.C_TRX_STATUS ELSE T1.C2A_STATUS END) C2A_STATUS, T1.I_EVENT_TIMES, T1.C_MODULE, T1.C_FUNC_ID, T1.C_PRODUCT_ID, T1.C_TRX_ID, T3.C_LOCKED_FLAG, T3.C_LOCKED_OP, T3.C_USER_DESC, T1.D_SYS_OP_DATE, T1.T_SYS_OP_TIME, T1.C2A_CCY, T1.C2A_AMOUNT, T1.C2A_COUNTERPARTY FROM CETRX.TRX_INBOX T1 LEFT JOIN CETRX.TRX_LOCK_INFO T3 ON T1.C_MAIN_REF = T3.C_MAIN_REF AND T1.C_UNIT_CODE = T3.C_UNIT_CODE WHERE   T1.C_BK_GROUP_ID = 'CSBANK'  AND (( T1.C_UNIT_CODE = 'C006902'  AND  T1.C_PRODUCT_ID IN ('FHS0YffwVNuA','P19080800000','P19080800001','P19080800002','P20030600000','epF3a6u4ZGAt') )) AND (T1.C_TRX_STATUS IN ('P', 'T', 'A', 'S') AND (T1.C_MODULE = 'IMLC' OR T1.C_MODULE = 'EXLC' OR T1.C_MODULE = 'FAEF' OR T1.C_MODULE = 'FADA' OR T1.C_MODULE = 'ABLF') AND T1.C2A_STATUS NOT IN ('Discrepancies rejected_fully authorized') OR T1.C_TRX_STATUS = 'M' AND (T1.C_MODULE = 'IMLC' AND T1.C2A_STATUS NOT IN ('Issued', 'Amended', 'Beneficiary rejected', 'Settled') OR T1.C_MODULE = 'EXCO' AND T1.CURRNT_STATUS NOT IN ('Payment Advice') OR T1.C_MODULE = 'EXLC' AND T1.CURRNT_STATUS NOT IN ('Settled', 'Advise Received', 'Amendment Received', 'Docment Received') OR T1.C_MODULE = 'FAEF' AND T1.CURRNT_STATUS NOT IN ('Settled', 'Advise Received') OR T1.C_MODULE = 'FADA' AND T1.CURRNT_STATUS NOT IN ('Settled', 'Advise Received') OR T1.C_MODULE = 'ABLF' AND T1.CURRNT_STATUS NOT IN ('Settled', 'Advise Received'))) AND T1.C_TRX_ID NOT IN (SELECT C_TRX_ID FROM CETRX.TRX_USER_DISMISS WHERE C_USER_ID = 'C006902CPM1' AND C_GRP_CODE = 'C006902') AND (T1.C_MODULE = 'IMLC' OR T1.C_MODULE = 'EXLC' OR T1.C_MODULE = 'FAEF' OR T1.C_MODULE = 'FADA' OR T1.C_MODULE = 'ABLF') ORDER BY T1.D_SYS_OP_DATE DESC, T1.T_SYS_OP_TIME DESC
---------------------- End 2026-07-11 12:10:57 286 ------------------------
 [end]

[start] [INFO] [2026-07-11 12:10:57.321] [C006902_C006902CPM1] 
---------------------Begin 2026-07-11 12:10:57 320    CREATE_BU:C006902    CREATE_BY:C006902CPM1 ---------------------
[01]  SELECT C_UNIT_CODE,C_UNIT_NAME FROM CEUSER.SEC_BUSINESS_UNIT WHERE C_UNIT_CODE = 'C006902' 
---------------------- End 2026-07-11 12:10:57 321 ------------------------
 [end]

[start] [INFO] [2026-07-11 12:10:57.325] [C006902_C006902CPM1] 
---------------------Begin 2026-07-11 12:10:57 323    CREATE_BU:C006902    CREATE_BY:C006902CPM1 ---------------------
[01]  SELECT C_CRITERIA_DATA,C_TMPL_NAME,C_IS_DEFAULT FROM CETRX.STD_SEARCH_CRITERIA  WHERE  C_UNIT_CODE = 'C006902'  AND  C_USER_ID = 'C006902CPM1'  AND  C_CATA_ID = 'C2A_InProgress_Maker'  AND  C_BK_GROUP_ID = 'CSBANK'  AND  I_CRITERIA_TYPE = 4 
---------------------- End 2026-07-11 12:10:57 324 ------------------------
 [end]

[start] [INFO] [2026-07-11 12:13:09.644] [C006902_C006902CPM1] 
---------------------Begin 2026-07-11 12:13:09 641    CREATE_BU:C006902    CREATE_BY:C006902CPM1 ---------------------
[01]  SELECT C_INACTIVE FROM CEUSER.SEC_USER_INFO WHERE C_USER_ID = 'C006902CPM1' AND C_UNIT_CODE = 'C006902' 
---------------------- End 2026-07-11 12:13:09 643 ------------------------
 [end]

[start] [INFO] [2026-07-11 12:13:09.647] [C006902_C006902CPM1] 
---------------------Begin 2026-07-11 12:13:09 645    CREATE_BU:C006902    CREATE_BY:C006902CPM1 ---------------------
[01]  SELECT C_IS_INFORM FROM CEUSER.SEC_LOGIN_SESSION WHERE C_SESSION_ID = 'RadFXOHnQwNeEvUIOPk7S5_' 
---------------------- End 2026-07-11 12:13:09 646 ------------------------
 [end]

[start] [INFO] [2026-07-11 12:13:09.657] [C006902_C006902CPM1] 
---------------------Begin 2026-07-11 12:13:09 654    CREATE_BU:C006902    CREATE_BY:C006902CPM1 ---------------------
[01]  INSERT INTO CETRX.TRX_ACT_LOG (C_LOG_ID,C_BK_GROUP_ID,C_CNTY_CODE,C_GRP_CODE,C_UNIT_CODE,C_USER_ID,C_IP_ADDRESS,C_FUNC_ID,D_CREA_DATE,T_CREA_TIME,D_SYS_OP_DATE,T_SYS_OP_TIME,D_SYS_TRT_DATE,T_SYS_TRT_TIME,C_BUSI_KEY) VALUES ('8A8284979F4ACCAA019F503CCC94079A','CSBANK','US','C006902','C006902','C006902CPM1','10.3.1.32','LogOut',TO_DATE('2026-07-11','YYYY-MM-DD'),TO_DATE('08:13:09','HH24:MI:SS'),TO_DATE('2026-07-11','YYYY-MM-DD'),TO_DATE('08:13:09','HH24:MI:SS'),TO_DATE('2026-07-11','YYYY-MM-DD'),TO_DATE('08:13:09','HH24:MI:SS'),'C006902;C006902CPM1')
---------------------- End 2026-07-11 12:13:09 656 ------------------------
 [end]

[start] [INFO] [2026-07-11 12:13:09.663] [C006902_C006902CPM1] 
---------------------Begin 2026-07-11 12:13:09 659    CREATE_BU:C006902    CREATE_BY:C006902CPM1 ---------------------
[01]  DELETE FROM CEUSER.SEC_LOGIN_SESSION WHERE C_BK_GROUP_ID = 'CSBANK' AND C_USER_ID = 'C006902CPM1' AND C_UNIT_CODE = 'C006902' AND C_SESSION_ID = 'RadFXOHnQwNeEvUIOPk7S5_' 
---------------------- End 2026-07-11 12:13:09 662 ------------------------
 [end]
