
[start] [DEBUG] [2026-07-06 13:44:56.345] [SYSTEMS] 
Generating STP Code (Msg numbers:1 [end]

[start] [DEBUG] [2026-07-06 13:44:56.348] [SYSTEMS] 
Generating STP Code -- OK! [end]

[start] [DEBUG] [2026-07-06 13:44:56.349] [SYSTEMS] 
Get Data Source:CET -- OK! [end]

[start] [DEBUG] [2026-07-06 13:44:56.350] [SYSTEMS] 
Starting to process STP message... [end]

[start] [DEBUG] [2026-07-06 13:44:56.351] [SYSTEMS] 
Entering into STP Manager... [end]

[start] [DEBUG] [2026-07-06 13:44:56.352] [SYSTEMS] 
STP Type is:InGapiForm [end]

[start] [DEBUG] [2026-07-06 13:44:56.353] [SYSTEMS] 
Initing adpater class:InGapiForm ... [end]

[start] [DEBUG] [2026-07-06 13:44:56.354] [SYSTEMS] 
Inited adpater class--OK! [end]

[start] [DEBUG] [2026-07-06 13:44:56.356] [SYSTEMS] 
Starting to convert STP message to STP XML Dom... [end]

[start] [DEBUG] [2026-07-06 13:44:56.366] [SYSTEMS] 
Start: set system name to BKTS [end]

[start] [DEBUG] [2026-07-06 13:44:56.367] [SYSTEMS] 
should set system name to SCF [end]

[start] [DEBUG] [2026-07-06 13:44:56.368] [SYSTEMS] 
userId= [end]

[start] [DEBUG] [2026-07-06 13:44:56.413] [SYSTEMS] 
recDate:2026-07-06 [end]

[start] [DEBUG] [2026-07-06 13:44:56.415] [SYSTEMS] 
End: set system name to BKTS [end]

[start] [DEBUG] [2026-07-06 13:44:56.420] [SYSTEMS] 
Start: assing msg to Receive Agreement [end]

[start] [DEBUG] [2026-07-06 13:44:56.421] [SYSTEMS] 
busiType============PF [end]

[start] [DEBUG] [2026-07-06 13:44:56.427] [SYSTEMS] 
End: assing msg to Receive Agreement [end]

[start] [DEBUG] [2026-07-06 13:44:56.435] [SYSTEMS] 
Start: Receive Agreement [end]

[start] [DEBUG] [2026-07-06 13:44:56.438] [SYSTEMS] 
Start to create user! [end]

[start] [DEBUG] [2026-07-06 13:44:59.314] [SYSTEMS] 
Create user end! [end]

[start] [DEBUG] [2026-07-06 13:44:59.315] [SYSTEMS] 
sMainRef======================SCFUS2606921 [end]

[start] [DEBUG] [2026-07-06 13:44:59.316] [SYSTEMS] 
FACUSTREGNO======================C011143reg [end]

[start] [DEBUG] [2026-07-06 13:44:59.317] [SYSTEMS] 
FAPMT====================== [end]

[start] [DEBUG] [2026-07-06 13:44:59.318] [SYSTEMS] 
RJREAS====================== [end]

[start] [DEBUG] [2026-07-06 13:44:59.320] [SYSTEMS] 
sUnitCode======================C011143 [end]

[start] [DEBUG] [2026-07-06 13:44:59.323] [SYSTEMS] 
End: Receive Agreement [end]

[start] [DEBUG] [2026-07-06 13:44:59.359] [CSBANK_CSBANK] 
Converted STP message to STP XML Dom -- OK! [end]

[start] [DEBUG] [2026-07-06 13:44:59.452] [CSBANK_CSBANK] 
Starting to call Control Manager:TrxManagerMaster... [end]

[start] [DEBUG] [2026-07-06 13:44:59.864] [CSBANK_CSBANK] 
Called Control Manager:TrxManagerMaster --OK! [end]

[start] [DEBUG] [2026-07-06 13:44:59.887] [CSBANK_CSBANK] 
Completed processing STP message -- OK! [end]

[start] [DEBUG] [2026-07-06 13:44:59.889] [CSBANK_CSBANK] 
Starting to write process status to DB! [end]

[start] [DEBUG] [2026-07-06 13:44:59.957] [CSBANK_CSBANK] 
Starting to call STPResultProcess. [end]

[start] [DEBUG] [2026-07-06 13:44:59.958] [CSBANK_CSBANK] 
isSuccess=true; errorMessage=null [end]

[start] [DEBUG] [2026-07-06 13:44:59.959] [CSBANK_CSBANK] 
Completed to call STPResultProcess. [end]

[start] [DEBUG] [2026-07-06 13:44:59.997] [CSBANK_CSBANK] 
Wrote process status to DB -- OK! [end]

[start] [DEBUG] [2026-07-06 13:44:59.999] [CSBANK_CSBANK] 
Exit STP Process -- OK! [end]

[start] [DEBUG] [2026-07-06 13:46:03.099] [SYSTEMS] 
Generating STP Code (Msg numbers:1 [end]

[start] [DEBUG] [2026-07-06 13:46:03.100] [SYSTEMS] 
Generating STP Code -- OK! [end]

[start] [DEBUG] [2026-07-06 13:46:03.101] [SYSTEMS] 
Get Data Source:CET -- OK! [end]

[start] [DEBUG] [2026-07-06 13:46:03.102] [SYSTEMS] 
Starting to process STP message... [end]

[start] [DEBUG] [2026-07-06 13:46:03.104] [SYSTEMS] 
Entering into STP Manager... [end]

[start] [DEBUG] [2026-07-06 13:46:03.105] [SYSTEMS] 
STP Type is:InGapiForm [end]

[start] [DEBUG] [2026-07-06 13:46:03.106] [SYSTEMS] 
Initing adpater class:InGapiForm ... [end]

[start] [DEBUG] [2026-07-06 13:46:03.108] [SYSTEMS] 
Inited adpater class--OK! [end]

[start] [DEBUG] [2026-07-06 13:46:03.110] [SYSTEMS] 
Starting to convert STP message to STP XML Dom... [end]

[start] [DEBUG] [2026-07-06 13:46:03.122] [SYSTEMS] 
Start: set system name to BKTS [end]

[start] [DEBUG] [2026-07-06 13:46:03.123] [SYSTEMS] 
should set system name to SCF [end]

[start] [DEBUG] [2026-07-06 13:46:03.125] [SYSTEMS] 
userId= [end]

[start] [DEBUG] [2026-07-06 13:46:03.133] [SYSTEMS] 
recDate:2026-07-06 [end]

[start] [DEBUG] [2026-07-06 13:46:03.134] [SYSTEMS] 
End: set system name to BKTS [end]

[start] [DEBUG] [2026-07-06 13:46:03.168] [SYSTEMS] 
Start: assing msg to Receive SBR for Anchor Customer [end]

[start] [DEBUG] [2026-07-06 13:46:03.170] [SYSTEMS] 
busiType============PF [end]

[start] [DEBUG] [2026-07-06 13:46:03.246] [SYSTEMS] 
End: assing msg to Receive SBR for Anchor Customer [end]

[start] [DEBUG] [2026-07-06 13:46:03.313] [SYSTEMS] 
Start: Receive SBR for Anchor Customer [end]

[start] [DEBUG] [2026-07-06 13:46:03.314] [SYSTEMS] 
sMainRef======================20260706134603313 [end]

[start] [DEBUG] [2026-07-06 13:46:03.316] [SYSTEMS] 
sMainRef======================180 [end]

[start] [DEBUG] [2026-07-06 13:46:03.317] [SYSTEMS] 
custreno======================C011143reg [end]

[start] [DEBUG] [2026-07-06 13:46:03.318] [SYSTEMS] 
CounterRegNo======================C003265 [end]

[start] [DEBUG] [2026-07-06 13:46:03.322] [SYSTEMS] 
End: Receive SBR for Anchor Customer [end]

[start] [DEBUG] [2026-07-06 13:46:03.332] [CSBANK_CSBANK] 
Converted STP message to STP XML Dom -- OK! [end]

[start] [DEBUG] [2026-07-06 13:46:03.336] [CSBANK_CSBANK] 
Starting to call Control Manager:TrxManagerMaster... [end]

[start] [DEBUG] [2026-07-06 13:46:03.787] [CSBANK_CSBANK] 
Called Control Manager:TrxManagerMaster --OK! [end]

[start] [DEBUG] [2026-07-06 13:46:03.797] [CSBANK_CSBANK] 
Completed processing STP message -- OK! [end]

[start] [DEBUG] [2026-07-06 13:46:03.798] [CSBANK_CSBANK] 
Starting to write process status to DB! [end]

[start] [DEBUG] [2026-07-06 13:46:03.802] [CSBANK_CSBANK] 
Starting to call STPResultProcess. [end]

[start] [DEBUG] [2026-07-06 13:46:03.803] [CSBANK_CSBANK] 
isSuccess=true; errorMessage=null [end]

[start] [DEBUG] [2026-07-06 13:46:03.804] [CSBANK_CSBANK] 
Completed to call STPResultProcess. [end]

[start] [DEBUG] [2026-07-06 13:46:03.819] [CSBANK_CSBANK] 
Wrote process status to DB -- OK! [end]

[start] [DEBUG] [2026-07-06 13:46:03.819] [CSBANK_CSBANK] 
Exit STP Process -- OK! [end]

[start] [DEBUG] [2026-07-06 13:53:01.363] [SYSTEMS] 
Generating STP Code (Msg numbers:1 [end]

[start] [DEBUG] [2026-07-06 13:53:01.364] [SYSTEMS] 
Generating STP Code -- OK! [end]

[start] [DEBUG] [2026-07-06 13:53:01.365] [SYSTEMS] 
Get Data Source:CET -- OK! [end]

[start] [DEBUG] [2026-07-06 13:53:01.366] [SYSTEMS] 
Starting to process STP message... [end]

[start] [DEBUG] [2026-07-06 13:53:01.367] [SYSTEMS] 
Entering into STP Manager... [end]

[start] [DEBUG] [2026-07-06 13:53:01.368] [SYSTEMS] 
STP Type is:InGapiForm [end]

[start] [DEBUG] [2026-07-06 13:53:01.369] [SYSTEMS] 
Initing adpater class:InGapiForm ... [end]

[start] [DEBUG] [2026-07-06 13:53:01.370] [SYSTEMS] 
Inited adpater class--OK! [end]

[start] [DEBUG] [2026-07-06 13:53:01.372] [SYSTEMS] 
Starting to convert STP message to STP XML Dom... [end]

[start] [DEBUG] [2026-07-06 13:53:01.387] [SYSTEMS] 
Start: set system name to BKTS [end]

[start] [DEBUG] [2026-07-06 13:53:01.388] [SYSTEMS] 
should set system name to SCF [end]

[start] [DEBUG] [2026-07-06 13:53:01.390] [SYSTEMS] 
userId= [end]

[start] [DEBUG] [2026-07-06 13:53:01.398] [SYSTEMS] 
recDate:2026-07-06 [end]

[start] [DEBUG] [2026-07-06 13:53:01.399] [SYSTEMS] 
End: set system name to BKTS [end]

[start] [DEBUG] [2026-07-06 13:53:01.406] [SYSTEMS] 
Start: assing msg to Receive Agreement [end]

[start] [DEBUG] [2026-07-06 13:53:01.407] [SYSTEMS] 
busiType============PF [end]

[start] [DEBUG] [2026-07-06 13:53:01.413] [SYSTEMS] 
End: assing msg to Receive Agreement [end]

[start] [DEBUG] [2026-07-06 13:53:01.425] [SYSTEMS] 
Start: Receive Agreement [end]

[start] [DEBUG] [2026-07-06 13:53:01.427] [SYSTEMS] 
Start to create user! [end]

[start] [DEBUG] [2026-07-06 13:53:03.113] [SYSTEMS] 
Create user end! [end]

[start] [DEBUG] [2026-07-06 13:53:03.115] [SYSTEMS] 
sMainRef======================SCFUS2606922 [end]

[start] [DEBUG] [2026-07-06 13:53:03.116] [SYSTEMS] 
FACUSTREGNO======================C003486reg [end]

[start] [DEBUG] [2026-07-06 13:53:03.117] [SYSTEMS] 
FAPMT====================== [end]

[start] [DEBUG] [2026-07-06 13:53:03.118] [SYSTEMS] 
RJREAS====================== [end]

[start] [DEBUG] [2026-07-06 13:53:03.119] [SYSTEMS] 
sUnitCode======================C003486 [end]

[start] [DEBUG] [2026-07-06 13:53:03.122] [SYSTEMS] 
End: Receive Agreement [end]

[start] [DEBUG] [2026-07-06 13:53:03.124] [CSBANK_CSBANK] 
Converted STP message to STP XML Dom -- OK! [end]

[start] [DEBUG] [2026-07-06 13:53:03.128] [CSBANK_CSBANK] 
Starting to call Control Manager:TrxManagerMaster... [end]

[start] [DEBUG] [2026-07-06 13:53:03.199] [CSBANK_CSBANK] 
Called Control Manager:TrxManagerMaster --OK! [end]

[start] [DEBUG] [2026-07-06 13:53:03.203] [CSBANK_CSBANK] 
Completed processing STP message -- OK! [end]

[start] [DEBUG] [2026-07-06 13:53:03.204] [CSBANK_CSBANK] 
Starting to write process status to DB! [end]

[start] [DEBUG] [2026-07-06 13:53:03.208] [CSBANK_CSBANK] 
Starting to call STPResultProcess. [end]

[start] [DEBUG] [2026-07-06 13:53:03.209] [CSBANK_CSBANK] 
isSuccess=true; errorMessage=null [end]

[start] [DEBUG] [2026-07-06 13:53:03.210] [CSBANK_CSBANK] 
Completed to call STPResultProcess. [end]

[start] [DEBUG] [2026-07-06 13:53:03.216] [CSBANK_CSBANK] 
Wrote process status to DB -- OK! [end]

[start] [DEBUG] [2026-07-06 13:53:03.217] [CSBANK_CSBANK] 
Exit STP Process -- OK! [end]

[start] [DEBUG] [2026-07-06 13:54:01.608] [SYSTEMS] 
Generating STP Code (Msg numbers:1 [end]

[start] [DEBUG] [2026-07-06 13:54:01.609] [SYSTEMS] 
Generating STP Code -- OK! [end]

[start] [DEBUG] [2026-07-06 13:54:01.611] [SYSTEMS] 
Get Data Source:CET -- OK! [end]

[start] [DEBUG] [2026-07-06 13:54:01.612] [SYSTEMS] 
Starting to process STP message... [end]

[start] [DEBUG] [2026-07-06 13:54:01.613] [SYSTEMS] 
Entering into STP Manager... [end]

[start] [DEBUG] [2026-07-06 13:54:01.615] [SYSTEMS] 
STP Type is:InGapiForm [end]

[start] [DEBUG] [2026-07-06 13:54:01.616] [SYSTEMS] 
Initing adpater class:InGapiForm ... [end]

[start] [DEBUG] [2026-07-06 13:54:01.617] [SYSTEMS] 
Inited adpater class--OK! [end]

[start] [DEBUG] [2026-07-06 13:54:01.619] [SYSTEMS] 
Starting to convert STP message to STP XML Dom... [end]

[start] [DEBUG] [2026-07-06 13:54:01.629] [SYSTEMS] 
Start: set system name to BKTS [end]

[start] [DEBUG] [2026-07-06 13:54:01.631] [SYSTEMS] 
should set system name to SCF [end]

[start] [DEBUG] [2026-07-06 13:54:01.632] [SYSTEMS] 
userId= [end]

[start] [DEBUG] [2026-07-06 13:54:01.674] [SYSTEMS] 
recDate:2026-07-06 [end]

[start] [DEBUG] [2026-07-06 13:54:01.677] [SYSTEMS] 
End: set system name to BKTS [end]

[start] [DEBUG] [2026-07-06 13:54:01.691] [SYSTEMS] 
Start: assing msg to Receive SBR for Anchor Customer [end]

[start] [DEBUG] [2026-07-06 13:54:01.695] [SYSTEMS] 
busiType============PF [end]

[start] [DEBUG] [2026-07-06 13:54:01.707] [SYSTEMS] 
End: assing msg to Receive SBR for Anchor Customer [end]

[start] [DEBUG] [2026-07-06 13:54:01.722] [SYSTEMS] 
Start: Receive SBR for Anchor Customer [end]

[start] [DEBUG] [2026-07-06 13:54:01.726] [SYSTEMS] 
sMainRef======================20260706135401724 [end]

[start] [DEBUG] [2026-07-06 13:54:01.730] [SYSTEMS] 
sMainRef======================30 [end]

[start] [DEBUG] [2026-07-06 13:54:01.731] [SYSTEMS] 
custreno======================C003486reg [end]

[start] [DEBUG] [2026-07-06 13:54:01.732] [SYSTEMS] 
CounterRegNo======================Ā123456 [end]

[start] [DEBUG] [2026-07-06 13:54:01.738] [SYSTEMS] 
End: Receive SBR for Anchor Customer [end]

[start] [DEBUG] [2026-07-06 13:54:01.741] [CSBANK_CSBANK] 
Converted STP message to STP XML Dom -- OK! [end]

[start] [DEBUG] [2026-07-06 13:54:01.747] [CSBANK_CSBANK] 
Starting to call Control Manager:TrxManagerMaster... [end]

[start] [DEBUG] [2026-07-06 13:54:01.848] [CSBANK_CSBANK] 
Called Control Manager:TrxManagerMaster --OK! [end]

[start] [DEBUG] [2026-07-06 13:54:01.853] [CSBANK_CSBANK] 
Completed processing STP message -- OK! [end]

[start] [DEBUG] [2026-07-06 13:54:01.854] [CSBANK_CSBANK] 
Starting to write process status to DB! [end]

[start] [DEBUG] [2026-07-06 13:54:01.859] [CSBANK_CSBANK] 
Starting to call STPResultProcess. [end]

[start] [DEBUG] [2026-07-06 13:54:01.861] [CSBANK_CSBANK] 
isSuccess=true; errorMessage=null [end]

[start] [DEBUG] [2026-07-06 13:54:01.862] [CSBANK_CSBANK] 
Completed to call STPResultProcess. [end]

[start] [DEBUG] [2026-07-06 13:54:01.868] [CSBANK_CSBANK] 
Wrote process status to DB -- OK! [end]

[start] [DEBUG] [2026-07-06 13:54:01.869] [CSBANK_CSBANK] 
Exit STP Process -- OK! [end]

[start] [DEBUG] [2026-07-06 13:54:01.972] [CSBANK_CSBANK] 
Generating STP Code (Msg numbers:1 [end]

[start] [DEBUG] [2026-07-06 13:54:01.974] [CSBANK_CSBANK] 
Generating STP Code -- OK! [end]

[start] [DEBUG] [2026-07-06 13:54:01.975] [CSBANK_CSBANK] 
Get Data Source:CET -- OK! [end]

[start] [DEBUG] [2026-07-06 13:54:01.976] [CSBANK_CSBANK] 
Starting to process STP message... [end]

[start] [DEBUG] [2026-07-06 13:54:01.977] [CSBANK_CSBANK] 
Entering into STP Manager... [end]

[start] [DEBUG] [2026-07-06 13:54:01.979] [CSBANK_CSBANK] 
STP Type is:InGapiForm [end]

[start] [DEBUG] [2026-07-06 13:54:01.980] [CSBANK_CSBANK] 
Initing adpater class:InGapiForm ... [end]

[start] [DEBUG] [2026-07-06 13:54:01.981] [CSBANK_CSBANK] 
Inited adpater class--OK! [end]

[start] [DEBUG] [2026-07-06 13:54:01.983] [CSBANK_CSBANK] 
Starting to convert STP message to STP XML Dom... [end]

[start] [DEBUG] [2026-07-06 13:54:01.997] [CSBANK_CSBANK] 
Start: set system name to BKTS [end]

[start] [DEBUG] [2026-07-06 13:54:01.998] [CSBANK_CSBANK] 
should set system name to SCF [end]

[start] [DEBUG] [2026-07-06 13:54:02.000] [CSBANK_CSBANK] 
userId= [end]

[start] [DEBUG] [2026-07-06 13:54:02.008] [CSBANK_CSBANK] 
recDate:2026-07-06 [end]

[start] [DEBUG] [2026-07-06 13:54:02.010] [CSBANK_CSBANK] 
End: set system name to BKTS [end]

[start] [DEBUG] [2026-07-06 13:54:02.038] [CSBANK_CSBANK] 
Start: assing msg to Receive SBR for Counterparty [end]

[start] [DEBUG] [2026-07-06 13:54:02.040] [CSBANK_CSBANK] 
busiType============PF [end]

[start] [DEBUG] [2026-07-06 13:54:02.086] [CSBANK_CSBANK] 
End: assing msg to Receive SBR for Counterparty [end]

[start] [DEBUG] [2026-07-06 13:54:02.299] [CSBANK_CSBANK] 
Start: Receive SBR for Counterparty [end]

[start] [DEBUG] [2026-07-06 13:54:02.300] [CSBANK_CSBANK] 
Start to create user! [end]

[start] [DEBUG] [2026-07-06 13:54:05.052] [CSBANK_CSBANK] 
Create user end! [end]

[start] [DEBUG] [2026-07-06 13:54:05.054] [CSBANK_CSBANK] 
sMainRef======================20260706135405052 [end]

[start] [DEBUG] [2026-07-06 13:54:05.055] [CSBANK_CSBANK] 
custreno======================C003486reg [end]

[start] [DEBUG] [2026-07-06 13:54:05.056] [CSBANK_CSBANK] 
CounterRegNo======================Ā123456 [end]

[start] [DEBUG] [2026-07-06 13:54:05.061] [CSBANK_CSBANK] 
sSBRref================PFCSBANK260711207SBR [end]

[start] [DEBUG] [2026-07-06 13:54:05.062] [CSBANK_CSBANK] 
sUnitCode================C013221 [end]

[start] [ERROR] [2026-07-06 13:54:05.131] [CSBANK_CSBANK] 
CEStpJs:SYS_getCUBKVal:
record is null! [end]

[start] [DEBUG] [2026-07-06 13:54:05.132] [CSBANK_CSBANK] 
End: Receive SBR for Counterparty [end]

[start] [DEBUG] [2026-07-06 13:54:05.137] [CSBANK_CSBANK] 
Converted STP message to STP XML Dom -- OK! [end]

[start] [DEBUG] [2026-07-06 13:54:05.141] [CSBANK_CSBANK] 
Starting to call Control Manager:TrxManagerMaster... [end]

[start] [DEBUG] [2026-07-06 13:54:05.250] [CSBANK_CSBANK] 
Called Control Manager:TrxManagerMaster --OK! [end]

[start] [DEBUG] [2026-07-06 13:54:05.255] [CSBANK_CSBANK] 
Completed processing STP message -- OK! [end]

[start] [DEBUG] [2026-07-06 13:54:05.256] [CSBANK_CSBANK] 
Starting to write process status to DB! [end]

[start] [DEBUG] [2026-07-06 13:54:05.260] [CSBANK_CSBANK] 
Starting to call STPResultProcess. [end]

[start] [DEBUG] [2026-07-06 13:54:05.261] [CSBANK_CSBANK] 
isSuccess=true; errorMessage=null [end]

[start] [DEBUG] [2026-07-06 13:54:05.262] [CSBANK_CSBANK] 
Completed to call STPResultProcess. [end]

[start] [DEBUG] [2026-07-06 13:54:05.269] [CSBANK_CSBANK] 
Wrote process status to DB -- OK! [end]

[start] [DEBUG] [2026-07-06 13:54:05.270] [CSBANK_CSBANK] 
Exit STP Process -- OK! [end]

[start] [DEBUG] [2026-07-06 13:54:39.211] [SYSTEMS] 
Generating STP Code (Msg numbers:1 [end]

[start] [DEBUG] [2026-07-06 13:54:39.212] [SYSTEMS] 
Generating STP Code -- OK! [end]

[start] [DEBUG] [2026-07-06 13:54:39.214] [SYSTEMS] 
Get Data Source:CET -- OK! [end]

[start] [DEBUG] [2026-07-06 13:54:39.215] [SYSTEMS] 
Starting to process STP message... [end]

[start] [DEBUG] [2026-07-06 13:54:39.217] [SYSTEMS] 
Entering into STP Manager... [end]

[start] [DEBUG] [2026-07-06 13:54:39.218] [SYSTEMS] 
STP Type is:InGapiForm [end]

[start] [DEBUG] [2026-07-06 13:54:39.220] [SYSTEMS] 
Initing adpater class:InGapiForm ... [end]

[start] [DEBUG] [2026-07-06 13:54:39.221] [SYSTEMS] 
Inited adpater class--OK! [end]

[start] [DEBUG] [2026-07-06 13:54:39.223] [SYSTEMS] 
Starting to convert STP message to STP XML Dom... [end]

[start] [DEBUG] [2026-07-06 13:54:39.234] [SYSTEMS] 
Start: set system name to BKTS [end]

[start] [DEBUG] [2026-07-06 13:54:39.237] [SYSTEMS] 
should set system name to SCF [end]

[start] [DEBUG] [2026-07-06 13:54:39.239] [SYSTEMS] 
userId= [end]

[start] [DEBUG] [2026-07-06 13:54:39.256] [SYSTEMS] 
recDate:2026-07-06 [end]

[start] [DEBUG] [2026-07-06 13:54:39.258] [SYSTEMS] 
End: set system name to BKTS [end]

[start] [DEBUG] [2026-07-06 13:54:39.265] [SYSTEMS] 
Start: assing msg to Receive Agreement [end]

[start] [DEBUG] [2026-07-06 13:54:39.266] [SYSTEMS] 
busiType============PF [end]

[start] [DEBUG] [2026-07-06 13:54:39.273] [SYSTEMS] 
End: assing msg to Receive Agreement [end]

[start] [DEBUG] [2026-07-06 13:54:39.281] [SYSTEMS] 
Start: Receive Agreement [end]

[start] [DEBUG] [2026-07-06 13:54:39.283] [SYSTEMS] 
Start to create user! [end]

[start] [DEBUG] [2026-07-06 13:54:39.486] [SYSTEMS] 
Create user end! [end]

[start] [DEBUG] [2026-07-06 13:54:39.487] [SYSTEMS] 
sMainRef======================SCFUS2606923 [end]

[start] [DEBUG] [2026-07-06 13:54:39.488] [SYSTEMS] 
FACUSTREGNO======================C011143reg [end]

[start] [DEBUG] [2026-07-06 13:54:39.489] [SYSTEMS] 
FAPMT====================== [end]

[start] [DEBUG] [2026-07-06 13:54:39.491] [SYSTEMS] 
RJREAS====================== [end]

[start] [DEBUG] [2026-07-06 13:54:39.492] [SYSTEMS] 
sUnitCode======================C011143 [end]

[start] [DEBUG] [2026-07-06 13:54:39.496] [SYSTEMS] 
End: Receive Agreement [end]

[start] [DEBUG] [2026-07-06 13:54:39.498] [CSBANK_CSBANK] 
Converted STP message to STP XML Dom -- OK! [end]

[start] [DEBUG] [2026-07-06 13:54:39.502] [CSBANK_CSBANK] 
Starting to call Control Manager:TrxManagerMaster... [end]

[start] [DEBUG] [2026-07-06 13:54:39.561] [CSBANK_CSBANK] 
Called Control Manager:TrxManagerMaster --OK! [end]

[start] [DEBUG] [2026-07-06 13:54:39.563] [CSBANK_CSBANK] 
Completed processing STP message -- OK! [end]

[start] [DEBUG] [2026-07-06 13:54:39.564] [CSBANK_CSBANK] 
Starting to write process status to DB! [end]

[start] [DEBUG] [2026-07-06 13:54:39.567] [CSBANK_CSBANK] 
Starting to call STPResultProcess. [end]

[start] [DEBUG] [2026-07-06 13:54:39.568] [CSBANK_CSBANK] 
isSuccess=true; errorMessage=null [end]

[start] [DEBUG] [2026-07-06 13:54:39.568] [CSBANK_CSBANK] 
Completed to call STPResultProcess. [end]

[start] [DEBUG] [2026-07-06 13:54:39.572] [CSBANK_CSBANK] 
Wrote process status to DB -- OK! [end]

[start] [DEBUG] [2026-07-06 13:54:39.573] [CSBANK_CSBANK] 
Exit STP Process -- OK! [end]

[start] [DEBUG] [2026-07-06 13:55:01.392] [SYSTEMS] 
Generating STP Code (Msg numbers:1 [end]

[start] [DEBUG] [2026-07-06 13:55:01.394] [SYSTEMS] 
Generating STP Code -- OK! [end]

[start] [DEBUG] [2026-07-06 13:55:01.395] [SYSTEMS] 
Get Data Source:CET -- OK! [end]

[start] [DEBUG] [2026-07-06 13:55:01.396] [SYSTEMS] 
Starting to process STP message... [end]

[start] [DEBUG] [2026-07-06 13:55:01.397] [SYSTEMS] 
Entering into STP Manager... [end]

[start] [DEBUG] [2026-07-06 13:55:01.398] [SYSTEMS] 
STP Type is:InGapiForm [end]

[start] [DEBUG] [2026-07-06 13:55:01.400] [SYSTEMS] 
Initing adpater class:InGapiForm ... [end]

[start] [DEBUG] [2026-07-06 13:55:01.401] [SYSTEMS] 
Inited adpater class--OK! [end]

[start] [DEBUG] [2026-07-06 13:55:01.402] [SYSTEMS] 
Starting to convert STP message to STP XML Dom... [end]

[start] [DEBUG] [2026-07-06 13:55:01.409] [SYSTEMS] 
Start: set system name to BKTS [end]

[start] [DEBUG] [2026-07-06 13:55:01.410] [SYSTEMS] 
should set system name to SCF [end]

[start] [DEBUG] [2026-07-06 13:55:01.412] [SYSTEMS] 
userId= [end]

[start] [DEBUG] [2026-07-06 13:55:01.418] [SYSTEMS] 
recDate:2026-07-06 [end]

[start] [DEBUG] [2026-07-06 13:55:01.419] [SYSTEMS] 
End: set system name to BKTS [end]

[start] [DEBUG] [2026-07-06 13:55:01.424] [SYSTEMS] 
Start: assing msg to Receive SBR for Anchor Customer [end]

[start] [DEBUG] [2026-07-06 13:55:01.425] [SYSTEMS] 
busiType============PF [end]

[start] [DEBUG] [2026-07-06 13:55:01.430] [SYSTEMS] 
End: assing msg to Receive SBR for Anchor Customer [end]

[start] [DEBUG] [2026-07-06 13:55:01.438] [SYSTEMS] 
Start: Receive SBR for Anchor Customer [end]

[start] [DEBUG] [2026-07-06 13:55:01.439] [SYSTEMS] 
sMainRef======================20260706135501438 [end]

[start] [DEBUG] [2026-07-06 13:55:01.451] [SYSTEMS] 
sMainRef======================90 [end]

[start] [DEBUG] [2026-07-06 13:55:01.452] [SYSTEMS] 
custreno======================C011143reg [end]

[start] [DEBUG] [2026-07-06 13:55:01.453] [SYSTEMS] 
CounterRegNo======================CUST3230004 [end]

[start] [DEBUG] [2026-07-06 13:55:01.456] [SYSTEMS] 
End: Receive SBR for Anchor Customer [end]

[start] [DEBUG] [2026-07-06 13:55:01.458] [CSBANK_CSBANK] 
Converted STP message to STP XML Dom -- OK! [end]

[start] [DEBUG] [2026-07-06 13:55:01.461] [CSBANK_CSBANK] 
Starting to call Control Manager:TrxManagerMaster... [end]

[start] [DEBUG] [2026-07-06 13:55:01.512] [CSBANK_CSBANK] 
Called Control Manager:TrxManagerMaster --OK! [end]

[start] [DEBUG] [2026-07-06 13:55:01.515] [CSBANK_CSBANK] 
Completed processing STP message -- OK! [end]

[start] [DEBUG] [2026-07-06 13:55:01.515] [CSBANK_CSBANK] 
Starting to write process status to DB! [end]

[start] [DEBUG] [2026-07-06 13:55:01.518] [CSBANK_CSBANK] 
Starting to call STPResultProcess. [end]

[start] [DEBUG] [2026-07-06 13:55:01.519] [CSBANK_CSBANK] 
isSuccess=true; errorMessage=null [end]

[start] [DEBUG] [2026-07-06 13:55:01.520] [CSBANK_CSBANK] 
Completed to call STPResultProcess. [end]

[start] [DEBUG] [2026-07-06 13:55:01.524] [CSBANK_CSBANK] 
Wrote process status to DB -- OK! [end]

[start] [DEBUG] [2026-07-06 13:55:01.525] [CSBANK_CSBANK] 
Exit STP Process -- OK! [end]

[start] [DEBUG] [2026-07-06 15:46:02.171] [SYSTEMS] 
Generating STP Code (Msg numbers:1 [end]

[start] [DEBUG] [2026-07-06 15:46:02.171] [SYSTEMS] 
Generating STP Code -- OK! [end]

[start] [DEBUG] [2026-07-06 15:46:02.172] [SYSTEMS] 
Get Data Source:CET -- OK! [end]

[start] [DEBUG] [2026-07-06 15:46:02.173] [SYSTEMS] 
Starting to process STP message... [end]

[start] [DEBUG] [2026-07-06 15:46:02.174] [SYSTEMS] 
Entering into STP Manager... [end]

[start] [DEBUG] [2026-07-06 15:46:02.175] [SYSTEMS] 
STP Type is:InGapiForm [end]

[start] [DEBUG] [2026-07-06 15:46:02.176] [SYSTEMS] 
Initing adpater class:InGapiForm ... [end]

[start] [DEBUG] [2026-07-06 15:46:02.177] [SYSTEMS] 
Inited adpater class--OK! [end]

[start] [DEBUG] [2026-07-06 15:46:02.178] [SYSTEMS] 
Starting to convert STP message to STP XML Dom... [end]

[start] [DEBUG] [2026-07-06 15:46:02.284] [SYSTEMS] 
Start: set system name to BKTS [end]

[start] [DEBUG] [2026-07-06 15:46:02.285] [SYSTEMS] 
should set system name to SCF [end]

[start] [DEBUG] [2026-07-06 15:46:02.287] [SYSTEMS] 
userId= [end]

[start] [DEBUG] [2026-07-06 15:46:02.294] [SYSTEMS] 
recDate:2026-07-06 [end]

[start] [DEBUG] [2026-07-06 15:46:02.296] [SYSTEMS] 
End: set system name to BKTS [end]

[start] [DEBUG] [2026-07-06 15:46:02.301] [SYSTEMS] 
Start: assing msg to Receive SBR for Anchor Customer [end]

[start] [DEBUG] [2026-07-06 15:46:02.302] [SYSTEMS] 
busiType============PF [end]

[start] [DEBUG] [2026-07-06 15:46:02.307] [SYSTEMS] 
End: assing msg to Receive SBR for Anchor Customer [end]

[start] [DEBUG] [2026-07-06 15:46:02.315] [SYSTEMS] 
Start: Receive SBR for Anchor Customer [end]

[start] [DEBUG] [2026-07-06 15:46:02.317] [SYSTEMS] 
sMainRef======================20260706154602316 [end]

[start] [DEBUG] [2026-07-06 15:46:02.318] [SYSTEMS] 
sMainRef======================90 [end]

[start] [DEBUG] [2026-07-06 15:46:02.319] [SYSTEMS] 
custreno======================C006903REG [end]

[start] [DEBUG] [2026-07-06 15:46:02.321] [SYSTEMS] 
CounterRegNo====================== [end]

[start] [DEBUG] [2026-07-06 15:46:02.326] [SYSTEMS] 
End: Receive SBR for Anchor Customer [end]

[start] [DEBUG] [2026-07-06 15:46:02.327] [CSBANK_CSBANK] 
Converted STP message to STP XML Dom -- OK! [end]

[start] [DEBUG] [2026-07-06 15:46:02.332] [CSBANK_CSBANK] 
Starting to call Control Manager:TrxManagerMaster... [end]

[start] [DEBUG] [2026-07-06 15:46:02.576] [CSBANK_CSBANK] 
Called Control Manager:TrxManagerMaster --OK! [end]

[start] [DEBUG] [2026-07-06 15:46:02.580] [CSBANK_CSBANK] 
Completed processing STP message -- OK! [end]

[start] [DEBUG] [2026-07-06 15:46:02.581] [CSBANK_CSBANK] 
Starting to write process status to DB! [end]

[start] [DEBUG] [2026-07-06 15:46:02.585] [CSBANK_CSBANK] 
Starting to call STPResultProcess. [end]

[start] [DEBUG] [2026-07-06 15:46:02.585] [CSBANK_CSBANK] 
isSuccess=true; errorMessage=null [end]

[start] [DEBUG] [2026-07-06 15:46:02.586] [CSBANK_CSBANK] 
Completed to call STPResultProcess. [end]

[start] [DEBUG] [2026-07-06 15:46:02.596] [CSBANK_CSBANK] 
Wrote process status to DB -- OK! [end]

[start] [DEBUG] [2026-07-06 15:46:02.596] [CSBANK_CSBANK] 
Exit STP Process -- OK! [end]

[start] [DEBUG] [2026-07-06 18:45:39.685] [SYSTEMS] 
Generating STP Code (Msg numbers:1 [end]

[start] [DEBUG] [2026-07-06 18:45:39.696] [SYSTEMS] 
Generating STP Code -- OK! [end]

[start] [DEBUG] [2026-07-06 18:45:39.697] [SYSTEMS] 
Get Data Source:CET -- OK! [end]

[start] [DEBUG] [2026-07-06 18:45:39.699] [SYSTEMS] 
Starting to process STP message... [end]

[start] [DEBUG] [2026-07-06 18:45:39.702] [SYSTEMS] 
Entering into STP Manager... [end]

[start] [DEBUG] [2026-07-06 18:45:39.710] [SYSTEMS] 
STP Type is:InGapiForm [end]

[start] [DEBUG] [2026-07-06 18:45:39.711] [SYSTEMS] 
Initing adpater class:InGapiForm ... [end]

[start] [DEBUG] [2026-07-06 18:45:39.715] [SYSTEMS] 
Inited adpater class--OK! [end]

[start] [DEBUG] [2026-07-06 18:45:39.716] [SYSTEMS] 
Starting to convert STP message to STP XML Dom... [end]

[start] [DEBUG] [2026-07-06 18:45:39.949] [SYSTEMS] 
Start: set system name to BKTS [end]

[start] [DEBUG] [2026-07-06 18:45:39.952] [SYSTEMS] 
should set system name to SCF [end]

[start] [DEBUG] [2026-07-06 18:45:39.954] [SYSTEMS] 
userId= [end]

[start] [DEBUG] [2026-07-06 18:45:40.001] [SYSTEMS] 
recDate:2026-07-06 [end]

[start] [DEBUG] [2026-07-06 18:45:40.002] [SYSTEMS] 
End: set system name to BKTS [end]

[start] [DEBUG] [2026-07-06 18:45:40.036] [SYSTEMS] 
Start: assing msg to Receive Agreement [end]

[start] [DEBUG] [2026-07-06 18:45:40.038] [SYSTEMS] 
busiType============PF [end]

[start] [DEBUG] [2026-07-06 18:45:40.125] [SYSTEMS] 
End: assing msg to Receive Agreement [end]

[start] [DEBUG] [2026-07-06 18:45:40.218] [SYSTEMS] 
Start: Receive Agreement [end]

[start] [DEBUG] [2026-07-06 18:45:40.221] [SYSTEMS] 
Start to create user! [end]

[start] [DEBUG] [2026-07-06 18:45:43.645] [SYSTEMS] 
Create user end! [end]

[start] [DEBUG] [2026-07-06 18:45:43.647] [SYSTEMS] 
sMainRef======================SCFUS2606924 [end]

[start] [DEBUG] [2026-07-06 18:45:43.651] [SYSTEMS] 
FACUSTREGNO======================C006659REG [end]

[start] [DEBUG] [2026-07-06 18:45:43.655] [SYSTEMS] 
FAPMT====================== [end]

[start] [DEBUG] [2026-07-06 18:45:43.657] [SYSTEMS] 
RJREAS====================== [end]

[start] [DEBUG] [2026-07-06 18:45:43.666] [SYSTEMS] 
sUnitCode======================C006659 [end]

[start] [DEBUG] [2026-07-06 18:45:43.676] [SYSTEMS] 
End: Receive Agreement [end]

[start] [DEBUG] [2026-07-06 18:45:43.682] [CSBANK_CSBANK] 
Converted STP message to STP XML Dom -- OK! [end]

[start] [DEBUG] [2026-07-06 18:45:43.753] [CSBANK_CSBANK] 
Starting to call Control Manager:TrxManagerMaster... [end]

[start] [DEBUG] [2026-07-06 18:45:44.389] [CSBANK_CSBANK] 
Called Control Manager:TrxManagerMaster --OK! [end]

[start] [DEBUG] [2026-07-06 18:45:44.418] [CSBANK_CSBANK] 
Completed processing STP message -- OK! [end]

[start] [DEBUG] [2026-07-06 18:45:44.420] [CSBANK_CSBANK] 
Starting to write process status to DB! [end]

[start] [DEBUG] [2026-07-06 18:45:44.439] [CSBANK_CSBANK] 
Starting to call STPResultProcess. [end]

[start] [DEBUG] [2026-07-06 18:45:44.440] [CSBANK_CSBANK] 
isSuccess=true; errorMessage=null [end]

[start] [DEBUG] [2026-07-06 18:45:44.442] [CSBANK_CSBANK] 
Completed to call STPResultProcess. [end]

[start] [DEBUG] [2026-07-06 18:45:44.458] [CSBANK_CSBANK] 
Wrote process status to DB -- OK! [end]

[start] [DEBUG] [2026-07-06 18:45:44.460] [CSBANK_CSBANK] 
Exit STP Process -- OK! [end]

[start] [DEBUG] [2026-07-06 18:46:01.575] [SYSTEMS] 
Generating STP Code (Msg numbers:1 [end]

[start] [DEBUG] [2026-07-06 18:46:01.576] [SYSTEMS] 
Generating STP Code -- OK! [end]

[start] [DEBUG] [2026-07-06 18:46:01.578] [SYSTEMS] 
Get Data Source:CET -- OK! [end]

[start] [DEBUG] [2026-07-06 18:46:01.579] [SYSTEMS] 
Starting to process STP message... [end]

[start] [DEBUG] [2026-07-06 18:46:01.580] [SYSTEMS] 
Entering into STP Manager... [end]

[start] [DEBUG] [2026-07-06 18:46:01.588] [SYSTEMS] 
STP Type is:InGapiForm [end]

[start] [DEBUG] [2026-07-06 18:46:01.600] [SYSTEMS] 
Initing adpater class:InGapiForm ... [end]

[start] [DEBUG] [2026-07-06 18:46:01.602] [SYSTEMS] 
Inited adpater class--OK! [end]

[start] [DEBUG] [2026-07-06 18:46:01.611] [SYSTEMS] 
Starting to convert STP message to STP XML Dom... [end]

[start] [DEBUG] [2026-07-06 18:46:01.634] [SYSTEMS] 
Start: set system name to BKTS [end]

[start] [DEBUG] [2026-07-06 18:46:01.636] [SYSTEMS] 
should set system name to SCF [end]

[start] [DEBUG] [2026-07-06 18:46:01.637] [SYSTEMS] 
userId= [end]

[start] [DEBUG] [2026-07-06 18:46:01.653] [SYSTEMS] 
recDate:2026-07-06 [end]

[start] [DEBUG] [2026-07-06 18:46:01.654] [SYSTEMS] 
End: set system name to BKTS [end]

[start] [DEBUG] [2026-07-06 18:46:01.683] [SYSTEMS] 
Start: assing msg to Receive SBR for Anchor Customer [end]

[start] [DEBUG] [2026-07-06 18:46:01.685] [SYSTEMS] 
busiType============PF [end]

[start] [DEBUG] [2026-07-06 18:46:01.743] [SYSTEMS] 
End: assing msg to Receive SBR for Anchor Customer [end]

[start] [DEBUG] [2026-07-06 18:46:01.813] [SYSTEMS] 
Start: Receive SBR for Anchor Customer [end]

[start] [DEBUG] [2026-07-06 18:46:01.815] [SYSTEMS] 
sMainRef======================20260706184601814 [end]

[start] [DEBUG] [2026-07-06 18:46:01.817] [SYSTEMS] 
sMainRef======================12 [end]

[start] [DEBUG] [2026-07-06 18:46:01.819] [SYSTEMS] 
custreno======================C006659REG [end]

[start] [DEBUG] [2026-07-06 18:46:01.820] [SYSTEMS] 
CounterRegNo======================C011398001 [end]

[start] [DEBUG] [2026-07-06 18:46:01.829] [SYSTEMS] 
End: Receive SBR for Anchor Customer [end]

[start] [DEBUG] [2026-07-06 18:46:01.831] [CSBANK_CSBANK] 
Converted STP message to STP XML Dom -- OK! [end]

[start] [DEBUG] [2026-07-06 18:46:01.841] [CSBANK_CSBANK] 
Starting to call Control Manager:TrxManagerMaster... [end]

[start] [DEBUG] [2026-07-06 18:46:02.019] [CSBANK_CSBANK] 
Called Control Manager:TrxManagerMaster --OK! [end]

[start] [DEBUG] [2026-07-06 18:46:02.026] [CSBANK_CSBANK] 
Completed processing STP message -- OK! [end]

[start] [DEBUG] [2026-07-06 18:46:02.027] [CSBANK_CSBANK] 
Starting to write process status to DB! [end]

[start] [DEBUG] [2026-07-06 18:46:02.034] [CSBANK_CSBANK] 
Starting to call STPResultProcess. [end]

[start] [DEBUG] [2026-07-06 18:46:02.035] [CSBANK_CSBANK] 
isSuccess=true; errorMessage=null [end]

[start] [DEBUG] [2026-07-06 18:46:02.037] [CSBANK_CSBANK] 
Completed to call STPResultProcess. [end]

[start] [DEBUG] [2026-07-06 18:46:02.046] [CSBANK_CSBANK] 
Wrote process status to DB -- OK! [end]

[start] [DEBUG] [2026-07-06 18:46:02.047] [CSBANK_CSBANK] 
Exit STP Process -- OK! [end]

[start] [DEBUG] [2026-07-06 18:46:02.174] [CSBANK_CSBANK] 
Generating STP Code (Msg numbers:1 [end]

[start] [DEBUG] [2026-07-06 18:46:02.175] [CSBANK_CSBANK] 
Generating STP Code -- OK! [end]

[start] [DEBUG] [2026-07-06 18:46:02.177] [CSBANK_CSBANK] 
Get Data Source:CET -- OK! [end]

[start] [DEBUG] [2026-07-06 18:46:02.178] [CSBANK_CSBANK] 
Starting to process STP message... [end]

[start] [DEBUG] [2026-07-06 18:46:02.180] [CSBANK_CSBANK] 
Entering into STP Manager... [end]

[start] [DEBUG] [2026-07-06 18:46:02.182] [CSBANK_CSBANK] 
STP Type is:InGapiForm [end]

[start] [DEBUG] [2026-07-06 18:46:02.183] [CSBANK_CSBANK] 
Initing adpater class:InGapiForm ... [end]

[start] [DEBUG] [2026-07-06 18:46:02.185] [CSBANK_CSBANK] 
Inited adpater class--OK! [end]

[start] [DEBUG] [2026-07-06 18:46:02.186] [CSBANK_CSBANK] 
Starting to convert STP message to STP XML Dom... [end]

[start] [DEBUG] [2026-07-06 18:46:02.199] [CSBANK_CSBANK] 
Start: set system name to BKTS [end]

[start] [DEBUG] [2026-07-06 18:46:02.201] [CSBANK_CSBANK] 
should set system name to SCF [end]

[start] [DEBUG] [2026-07-06 18:46:02.203] [CSBANK_CSBANK] 
userId= [end]

[start] [DEBUG] [2026-07-06 18:46:02.224] [CSBANK_CSBANK] 
recDate:2026-07-06 [end]

[start] [DEBUG] [2026-07-06 18:46:02.225] [CSBANK_CSBANK] 
End: set system name to BKTS [end]

[start] [DEBUG] [2026-07-06 18:46:02.252] [CSBANK_CSBANK] 
Start: assing msg to Receive SBR for Counterparty [end]

[start] [DEBUG] [2026-07-06 18:46:02.254] [CSBANK_CSBANK] 
busiType============PF [end]

[start] [DEBUG] [2026-07-06 18:46:02.310] [CSBANK_CSBANK] 
End: assing msg to Receive SBR for Counterparty [end]

[start] [DEBUG] [2026-07-06 18:46:02.385] [CSBANK_CSBANK] 
Start: Receive SBR for Counterparty [end]

[start] [DEBUG] [2026-07-06 18:46:02.387] [CSBANK_CSBANK] 
Start to create user! [end]

[start] [DEBUG] [2026-07-06 18:46:05.795] [CSBANK_CSBANK] 
Create user end! [end]

[start] [DEBUG] [2026-07-06 18:46:05.797] [CSBANK_CSBANK] 
sMainRef======================20260706184605795 [end]

[start] [DEBUG] [2026-07-06 18:46:05.799] [CSBANK_CSBANK] 
custreno======================C006659REG [end]

[start] [DEBUG] [2026-07-06 18:46:05.800] [CSBANK_CSBANK] 
CounterRegNo======================C011398001 [end]

[start] [DEBUG] [2026-07-06 18:46:05.811] [CSBANK_CSBANK] 
sSBRref================PFCSBANK260711212SBR [end]

[start] [DEBUG] [2026-07-06 18:46:05.813] [CSBANK_CSBANK] 
sUnitCode================C011399 [end]

[start] [ERROR] [2026-07-06 18:46:05.986] [CSBANK_CSBANK] 
CEStpJs:SYS_getCUBKVal:
record is null! [end]

[start] [DEBUG] [2026-07-06 18:46:05.987] [CSBANK_CSBANK] 
End: Receive SBR for Counterparty [end]

[start] [DEBUG] [2026-07-06 18:46:05.989] [CSBANK_CSBANK] 
Converted STP message to STP XML Dom -- OK! [end]

[start] [DEBUG] [2026-07-06 18:46:05.995] [CSBANK_CSBANK] 
Starting to call Control Manager:TrxManagerMaster... [end]

[start] [DEBUG] [2026-07-06 18:46:06.160] [CSBANK_CSBANK] 
Called Control Manager:TrxManagerMaster --OK! [end]

[start] [DEBUG] [2026-07-06 18:46:06.170] [CSBANK_CSBANK] 
Completed processing STP message -- OK! [end]

[start] [DEBUG] [2026-07-06 18:46:06.171] [CSBANK_CSBANK] 
Starting to write process status to DB! [end]

[start] [DEBUG] [2026-07-06 18:46:06.181] [CSBANK_CSBANK] 
Starting to call STPResultProcess. [end]

[start] [DEBUG] [2026-07-06 18:46:06.183] [CSBANK_CSBANK] 
isSuccess=true; errorMessage=null [end]

[start] [DEBUG] [2026-07-06 18:46:06.184] [CSBANK_CSBANK] 
Completed to call STPResultProcess. [end]

[start] [DEBUG] [2026-07-06 18:46:06.195] [CSBANK_CSBANK] 
Wrote process status to DB -- OK! [end]

[start] [DEBUG] [2026-07-06 18:46:06.197] [CSBANK_CSBANK] 
Exit STP Process -- OK! [end]

[start] [DEBUG] [2026-07-06 19:37:20.285] [SYSTEMS] 
Generating STP Code (Msg numbers:1 [end]

[start] [DEBUG] [2026-07-06 19:37:20.286] [SYSTEMS] 
Generating STP Code -- OK! [end]

[start] [DEBUG] [2026-07-06 19:37:20.288] [SYSTEMS] 
Get Data Source:CET -- OK! [end]

[start] [DEBUG] [2026-07-06 19:37:20.289] [SYSTEMS] 
Starting to process STP message... [end]

[start] [DEBUG] [2026-07-06 19:37:20.290] [SYSTEMS] 
Entering into STP Manager... [end]

[start] [DEBUG] [2026-07-06 19:37:20.291] [SYSTEMS] 
STP Type is:InGapiForm [end]

[start] [DEBUG] [2026-07-06 19:37:20.292] [SYSTEMS] 
Initing adpater class:InGapiForm ... [end]

[start] [DEBUG] [2026-07-06 19:37:20.293] [SYSTEMS] 
Inited adpater class--OK! [end]

[start] [DEBUG] [2026-07-06 19:37:20.293] [SYSTEMS] 
Starting to convert STP message to STP XML Dom... [end]

[start] [DEBUG] [2026-07-06 19:37:20.305] [SYSTEMS] 
Start: set system name to BKTS [end]

[start] [DEBUG] [2026-07-06 19:37:20.306] [SYSTEMS] 
should set system name to SCF [end]

[start] [DEBUG] [2026-07-06 19:37:20.313] [SYSTEMS] 
userId= [end]

[start] [DEBUG] [2026-07-06 19:37:20.321] [SYSTEMS] 
recDate:2026-07-06 [end]

[start] [DEBUG] [2026-07-06 19:37:20.322] [SYSTEMS] 
End: set system name to BKTS [end]

[start] [DEBUG] [2026-07-06 19:37:20.327] [SYSTEMS] 
Start: assing msg to Receive Agreement [end]

[start] [DEBUG] [2026-07-06 19:37:20.329] [SYSTEMS] 
busiType============RD [end]

[start] [DEBUG] [2026-07-06 19:37:20.334] [SYSTEMS] 
End: assing msg to Receive Agreement [end]

[start] [DEBUG] [2026-07-06 19:37:20.338] [SYSTEMS] 
Start: Receive Agreement [end]

[start] [DEBUG] [2026-07-06 19:37:20.340] [SYSTEMS] 
Start to create user! [end]

[start] [DEBUG] [2026-07-06 19:37:20.515] [SYSTEMS] 
Create user end! [end]

[start] [DEBUG] [2026-07-06 19:37:20.516] [SYSTEMS] 
sMainRef======================SCFUS2606925 [end]

[start] [DEBUG] [2026-07-06 19:37:20.518] [SYSTEMS] 
FACUSTREGNO======================C011143reg [end]

[start] [DEBUG] [2026-07-06 19:37:20.519] [SYSTEMS] 
FAPMT====================== [end]

[start] [DEBUG] [2026-07-06 19:37:20.520] [SYSTEMS] 
RJREAS====================== [end]

[start] [DEBUG] [2026-07-06 19:37:20.522] [SYSTEMS] 
sUnitCode======================C011143 [end]

[start] [DEBUG] [2026-07-06 19:37:20.526] [SYSTEMS] 
End: Receive Agreement [end]

[start] [DEBUG] [2026-07-06 19:37:20.528] [CSBANK_CSBANK] 
Converted STP message to STP XML Dom -- OK! [end]

[start] [DEBUG] [2026-07-06 19:37:20.531] [CSBANK_CSBANK] 
Starting to call Control Manager:TrxManagerMaster... [end]

[start] [DEBUG] [2026-07-06 19:37:20.603] [CSBANK_CSBANK] 
Called Control Manager:TrxManagerMaster --OK! [end]

[start] [DEBUG] [2026-07-06 19:37:20.606] [CSBANK_CSBANK] 
Completed processing STP message -- OK! [end]

[start] [DEBUG] [2026-07-06 19:37:20.607] [CSBANK_CSBANK] 
Starting to write process status to DB! [end]

[start] [DEBUG] [2026-07-06 19:37:20.610] [CSBANK_CSBANK] 
Starting to call STPResultProcess. [end]

[start] [DEBUG] [2026-07-06 19:37:20.611] [CSBANK_CSBANK] 
isSuccess=true; errorMessage=null [end]

[start] [DEBUG] [2026-07-06 19:37:20.612] [CSBANK_CSBANK] 
Completed to call STPResultProcess. [end]

[start] [DEBUG] [2026-07-06 19:37:20.616] [CSBANK_CSBANK] 
Wrote process status to DB -- OK! [end]

[start] [DEBUG] [2026-07-06 19:37:20.616] [CSBANK_CSBANK] 
Exit STP Process -- OK! [end]

[start] [DEBUG] [2026-07-06 19:38:01.749] [SYSTEMS] 
Generating STP Code (Msg numbers:1 [end]

[start] [DEBUG] [2026-07-06 19:38:01.750] [SYSTEMS] 
Generating STP Code -- OK! [end]

[start] [DEBUG] [2026-07-06 19:38:01.751] [SYSTEMS] 
Get Data Source:CET -- OK! [end]

[start] [DEBUG] [2026-07-06 19:38:01.753] [SYSTEMS] 
Starting to process STP message... [end]

[start] [DEBUG] [2026-07-06 19:38:01.754] [SYSTEMS] 
Entering into STP Manager... [end]

[start] [DEBUG] [2026-07-06 19:38:01.755] [SYSTEMS] 
STP Type is:InGapiForm [end]

[start] [DEBUG] [2026-07-06 19:38:01.756] [SYSTEMS] 
Initing adpater class:InGapiForm ... [end]

[start] [DEBUG] [2026-07-06 19:38:01.757] [SYSTEMS] 
Inited adpater class--OK! [end]

[start] [DEBUG] [2026-07-06 19:38:01.759] [SYSTEMS] 
Starting to convert STP message to STP XML Dom... [end]

[start] [DEBUG] [2026-07-06 19:38:01.765] [SYSTEMS] 
Start: set system name to BKTS [end]

[start] [DEBUG] [2026-07-06 19:38:01.767] [SYSTEMS] 
should set system name to SCF [end]

[start] [DEBUG] [2026-07-06 19:38:01.768] [SYSTEMS] 
userId= [end]

[start] [DEBUG] [2026-07-06 19:38:01.775] [SYSTEMS] 
recDate:2026-07-06 [end]

[start] [DEBUG] [2026-07-06 19:38:01.776] [SYSTEMS] 
End: set system name to BKTS [end]

[start] [DEBUG] [2026-07-06 19:38:01.780] [SYSTEMS] 
Start: assing msg to Receive SBR for Anchor Customer [end]

[start] [DEBUG] [2026-07-06 19:38:01.781] [SYSTEMS] 
busiType============RD [end]

[start] [DEBUG] [2026-07-06 19:38:01.787] [SYSTEMS] 
End: assing msg to Receive SBR for Anchor Customer [end]

[start] [DEBUG] [2026-07-06 19:38:01.793] [SYSTEMS] 
Start: Receive SBR for Anchor Customer [end]

[start] [DEBUG] [2026-07-06 19:38:01.794] [SYSTEMS] 
sMainRef======================20260706193801793 [end]

[start] [DEBUG] [2026-07-06 19:38:01.796] [SYSTEMS] 
sMainRef======================90 [end]

[start] [DEBUG] [2026-07-06 19:38:01.797] [SYSTEMS] 
custreno======================C011143reg [end]

[start] [DEBUG] [2026-07-06 19:38:01.798] [SYSTEMS] 
CounterRegNo======================IMCP0978456 [end]

[start] [DEBUG] [2026-07-06 19:38:01.803] [SYSTEMS] 
End: Receive SBR for Anchor Customer [end]

[start] [DEBUG] [2026-07-06 19:38:01.804] [CSBANK_CSBANK] 
Converted STP message to STP XML Dom -- OK! [end]

[start] [DEBUG] [2026-07-06 19:38:01.809] [CSBANK_CSBANK] 
Starting to call Control Manager:TrxManagerMaster... [end]

[start] [DEBUG] [2026-07-06 19:38:01.869] [CSBANK_CSBANK] 
Called Control Manager:TrxManagerMaster --OK! [end]

[start] [DEBUG] [2026-07-06 19:38:01.872] [CSBANK_CSBANK] 
Completed processing STP message -- OK! [end]

[start] [DEBUG] [2026-07-06 19:38:01.872] [CSBANK_CSBANK] 
Starting to write process status to DB! [end]

[start] [DEBUG] [2026-07-06 19:38:01.875] [CSBANK_CSBANK] 
Starting to call STPResultProcess. [end]

[start] [DEBUG] [2026-07-06 19:38:01.876] [CSBANK_CSBANK] 
isSuccess=true; errorMessage=null [end]

[start] [DEBUG] [2026-07-06 19:38:01.877] [CSBANK_CSBANK] 
Completed to call STPResultProcess. [end]

[start] [DEBUG] [2026-07-06 19:38:01.952] [CSBANK_CSBANK] 
Wrote process status to DB -- OK! [end]

[start] [DEBUG] [2026-07-06 19:38:01.954] [CSBANK_CSBANK] 
Exit STP Process -- OK! [end]

[start] [DEBUG] [2026-07-06 19:38:02.053] [CSBANK_CSBANK] 
Generating STP Code (Msg numbers:1 [end]

[start] [DEBUG] [2026-07-06 19:38:02.054] [CSBANK_CSBANK] 
Generating STP Code -- OK! [end]

[start] [DEBUG] [2026-07-06 19:38:02.056] [CSBANK_CSBANK] 
Get Data Source:CET -- OK! [end]

[start] [DEBUG] [2026-07-06 19:38:02.057] [CSBANK_CSBANK] 
Starting to process STP message... [end]

[start] [DEBUG] [2026-07-06 19:38:02.058] [CSBANK_CSBANK] 
Entering into STP Manager... [end]

[start] [DEBUG] [2026-07-06 19:38:02.060] [CSBANK_CSBANK] 
STP Type is:InGapiForm [end]

[start] [DEBUG] [2026-07-06 19:38:02.061] [CSBANK_CSBANK] 
Initing adpater class:InGapiForm ... [end]

[start] [DEBUG] [2026-07-06 19:38:02.063] [CSBANK_CSBANK] 
Inited adpater class--OK! [end]

[start] [DEBUG] [2026-07-06 19:38:02.064] [CSBANK_CSBANK] 
Starting to convert STP message to STP XML Dom... [end]

[start] [DEBUG] [2026-07-06 19:38:02.075] [CSBANK_CSBANK] 
Start: set system name to BKTS [end]

[start] [DEBUG] [2026-07-06 19:38:02.079] [CSBANK_CSBANK] 
should set system name to SCF [end]

[start] [DEBUG] [2026-07-06 19:38:02.080] [CSBANK_CSBANK] 
userId= [end]

[start] [DEBUG] [2026-07-06 19:38:02.095] [CSBANK_CSBANK] 
recDate:2026-07-06 [end]

[start] [DEBUG] [2026-07-06 19:38:02.096] [CSBANK_CSBANK] 
End: set system name to BKTS [end]

[start] [DEBUG] [2026-07-06 19:38:02.106] [CSBANK_CSBANK] 
Start: assing msg to Receive SBR for Counterparty [end]

[start] [DEBUG] [2026-07-06 19:38:02.108] [CSBANK_CSBANK] 
busiType============RD [end]

[start] [DEBUG] [2026-07-06 19:38:02.118] [CSBANK_CSBANK] 
End: assing msg to Receive SBR for Counterparty [end]

[start] [DEBUG] [2026-07-06 19:38:02.128] [CSBANK_CSBANK] 
Start: Receive SBR for Counterparty [end]

[start] [DEBUG] [2026-07-06 19:38:02.130] [CSBANK_CSBANK] 
Start to create user! [end]

[start] [DEBUG] [2026-07-06 19:38:02.603] [CSBANK_CSBANK] 
Create user end! [end]

[start] [DEBUG] [2026-07-06 19:38:02.604] [CSBANK_CSBANK] 
sMainRef======================20260706193802603 [end]

[start] [DEBUG] [2026-07-06 19:38:02.606] [CSBANK_CSBANK] 
custreno======================C011143reg [end]

[start] [DEBUG] [2026-07-06 19:38:02.607] [CSBANK_CSBANK] 
CounterRegNo======================IMCP0978456 [end]

[start] [DEBUG] [2026-07-06 19:38:02.613] [CSBANK_CSBANK] 
sSBRref================RDCSBANK260711213SBR [end]

[start] [DEBUG] [2026-07-06 19:38:02.614] [CSBANK_CSBANK] 
sUnitCode================C003210 [end]

[start] [ERROR] [2026-07-06 19:38:02.622] [CSBANK_CSBANK] 
CEStpJs:SYS_getCUBKVal:
record is null! [end]

[start] [DEBUG] [2026-07-06 19:38:02.623] [CSBANK_CSBANK] 
End: Receive SBR for Counterparty [end]

[start] [DEBUG] [2026-07-06 19:38:02.625] [CSBANK_CSBANK] 
Converted STP message to STP XML Dom -- OK! [end]

[start] [DEBUG] [2026-07-06 19:38:02.631] [CSBANK_CSBANK] 
Starting to call Control Manager:TrxManagerMaster... [end]

[start] [DEBUG] [2026-07-06 19:38:02.682] [CSBANK_CSBANK] 
Called Control Manager:TrxManagerMaster --OK! [end]

[start] [DEBUG] [2026-07-06 19:38:02.684] [CSBANK_CSBANK] 
Completed processing STP message -- OK! [end]

[start] [DEBUG] [2026-07-06 19:38:02.685] [CSBANK_CSBANK] 
Starting to write process status to DB! [end]

[start] [DEBUG] [2026-07-06 19:38:02.689] [CSBANK_CSBANK] 
Starting to call STPResultProcess. [end]

[start] [DEBUG] [2026-07-06 19:38:02.689] [CSBANK_CSBANK] 
isSuccess=true; errorMessage=null [end]

[start] [DEBUG] [2026-07-06 19:38:02.690] [CSBANK_CSBANK] 
Completed to call STPResultProcess. [end]

[start] [DEBUG] [2026-07-06 19:38:02.694] [CSBANK_CSBANK] 
Wrote process status to DB -- OK! [end]

[start] [DEBUG] [2026-07-06 19:38:02.694] [CSBANK_CSBANK] 
Exit STP Process -- OK! [end]
