
[start] [INFO] [2026-04-07 17:15:58.097] [C011026_C011026CPM1] 
---------------------Begin 2026-04-07 17:15:58 081    CREATE_BU:C011026    CREATE_BY:C011026CPM1 ---------------------
[01]  DELETE FROM CEUSER.SEC_LOGIN_SESSION WHERE C_USER_ID = 'C011026CPM1' AND C_UNIT_CODE = 'C011026' AND C_BK_GROUP_ID = 'CSBANK' AND C_SESSION_ID = 'x1U18DksRB-vpD663eT5F6n' 
[02]  UPDATE CEUSER.SEC_LOGIN_SESSION SET C_IS_INFORM = 'T' WHERE C_USER_ID = 'C011026CPM1' AND C_UNIT_CODE = 'C011026' AND C_BK_GROUP_ID = 'CSBANK' 
[03]  INSERT INTO CEUSER.SEC_LOGIN_SESSION (C_BK_GROUP_ID,C_UNIT_CODE,C_USER_ID,C_SESSION_ID,C_IS_INFORM) VALUES ('CSBANK','C011026','C011026CPM1','x1U18DksRB-vpD663eT5F6n','F')
---------------------- End 2026-04-07 17:15:58 094 ------------------------
 [end]

[start] [INFO] [2026-04-07 17:15:58.133] [C011026_C011026CPM1] 
---------------------Begin 2026-04-07 17:15:58 119    CREATE_BU:C011026    CREATE_BY:C011026CPM1 ---------------------
[01]  INSERT INTO CETRX.TRX_ACT_LOG (C_LOG_ID,C_BK_GROUP_ID,C_CNTY_CODE,C_GRP_CODE,C_UNIT_CODE,C_USER_ID,C_IP_ADDRESS,C_FUNC_ID,D_CREA_DATE,T_CREA_TIME,D_SYS_OP_DATE,T_SYS_OP_TIME,D_SYS_TRT_DATE,T_SYS_TRT_TIME,C_BUSI_KEY) VALUES ('8A8284979D68062A019D6815E3230016','CSBANK','US','C011026','C011026','C011026CPM1','10.3.21.57','Login',TO_DATE('2026-04-07','YYYY-MM-DD'),TO_DATE('13:15:58','HH24:MI:SS'),TO_DATE('2026-04-07','YYYY-MM-DD'),TO_DATE('13:15:58','HH24:MI:SS'),TO_DATE('2026-04-07','YYYY-MM-DD'),TO_DATE('13:15:58','HH24:MI:SS'),'C011026;C011026CPM1')
---------------------- End 2026-04-07 17:15:58 131 ------------------------
 [end]

[start] [INFO] [2026-04-07 17:15:58.350] [C011026_C011026CPM1] 
---------------------Begin 2026-04-07 17:15:58 342    CREATE_BU:C011026    CREATE_BY:C011026CPM1 ---------------------
[01]  SELECT C_INACTIVE FROM CEUSER.SEC_USER_INFO WHERE C_USER_ID = 'C011026CPM1' AND C_UNIT_CODE = 'C011026' 
---------------------- End 2026-04-07 17:15:58 350 ------------------------
 [end]

[start] [INFO] [2026-04-07 17:15:58.358] [C011026_C011026CPM1] 
---------------------Begin 2026-04-07 17:15:58 352    CREATE_BU:C011026    CREATE_BY:C011026CPM1 ---------------------
[01]  SELECT C_IS_INFORM FROM CEUSER.SEC_LOGIN_SESSION WHERE C_SESSION_ID = 'x1U18DksRB-vpD663eT5F6n' 
---------------------- End 2026-04-07 17:15:58 356 ------------------------
 [end]

[start] [INFO] [2026-04-07 17:15:58.457] [C011026_C011026CPM1] 
---------------------Begin 2026-04-07 17:15:58 447    CREATE_BU:C011026    CREATE_BY:C011026CPM1 ---------------------
[01]  SELECT C_INACTIVE FROM CEUSER.SEC_USER_INFO WHERE C_USER_ID = 'C011026CPM1' AND C_UNIT_CODE = 'C011026' 
---------------------- End 2026-04-07 17:15:58 455 ------------------------
 [end]

[start] [INFO] [2026-04-07 17:15:58.540] [C011026_C011026CPM1] 
---------------------Begin 2026-04-07 17:15:58 526    CREATE_BU:C011026    CREATE_BY:C011026CPM1 ---------------------
[01]  SELECT C_INACTIVE FROM CEUSER.SEC_USER_INFO WHERE C_USER_ID = 'C011026CPM1' AND C_UNIT_CODE = 'C011026' 
---------------------- End 2026-04-07 17:15:58 538 ------------------------
 [end]

[start] [INFO] [2026-04-07 17:15:58.566] [C011026_C011026CPM1] 
---------------------Begin 2026-04-07 17:15:58 560    CREATE_BU:C011026    CREATE_BY:C011026CPM1 ---------------------
[01]  SELECT C_INACTIVE FROM CEUSER.SEC_USER_INFO WHERE C_USER_ID = 'C011026CPM1' AND C_UNIT_CODE = 'C011026' 
---------------------- End 2026-04-07 17:15:58 566 ------------------------
 [end]

[start] [INFO] [2026-04-07 17:15:58.592] [C011026_C011026CPM1] 
---------------------Begin 2026-04-07 17:15:58 582    CREATE_BU:C011026    CREATE_BY:C011026CPM1 ---------------------
[01]  SELECT C_FUNC_ID,T_OP_TIME FROM CETRX.TRX_FAVOR_FUNC  WHERE  C_UNIT_CODE = 'C011026'  AND  C_USER_ID = 'C011026CPM1'  ORDER BY  T_OP_TIME DESC 
---------------------- End 2026-04-07 17:15:58 590 ------------------------
 [end]

[start] [INFO] [2026-04-07 17:15:58.602] [C011026_C011026CPM1] 
---------------------Begin 2026-04-07 17:15:58 596    CREATE_BU:C011026    CREATE_BY:C011026CPM1 ---------------------
[01]  SELECT COUNT(*) AS RECCOUNT FROM CETRX.STD_NOTIFICATION  WHERE C_NOTI_ID IN ( SELECT C_NOTI_ID FROM CETRX.STD_NOTIFICATION_STATUS  WHERE  C_READ_STATUS = 'F'  AND  C_USER_ID = 'C011026CPM1'  AND  C_UNIT_CODE = 'C011026'  )
---------------------- End 2026-04-07 17:15:58 600 ------------------------
 [end]

[start] [INFO] [2026-04-07 17:15:58.619] [C011026_C011026CPM1] 
---------------------Begin 2026-04-07 17:15:58 614    CREATE_BU:C011026    CREATE_BY:C011026CPM1 ---------------------
[01]  SELECT C_INACTIVE FROM CEUSER.SEC_USER_INFO WHERE C_USER_ID = 'C011026CPM1' AND C_UNIT_CODE = 'C011026' 
---------------------- End 2026-04-07 17:15:58 617 ------------------------
 [end]

[start] [INFO] [2026-04-07 17:15:58.657] [C011026_C011026CPM1] 
---------------------Begin 2026-04-07 17:15:58 649    CREATE_BU:C011026    CREATE_BY:C011026CPM1 ---------------------
[01]  SELECT C_INACTIVE FROM CEUSER.SEC_USER_INFO WHERE C_USER_ID = 'C011026CPM1' AND C_UNIT_CODE = 'C011026' 
---------------------- End 2026-04-07 17:15:58 653 ------------------------
 [end]

[start] [INFO] [2026-04-07 17:15:58.669] [C011026_C011026CPM1] 
---------------------Begin 2026-04-07 17:15:58 655    CREATE_BU:C011026    CREATE_BY:C011026CPM1 ---------------------
[01]  SELECT C_INACTIVE FROM CEUSER.SEC_USER_INFO WHERE C_USER_ID = 'C011026CPM1' AND C_UNIT_CODE = 'C011026' 
---------------------- End 2026-04-07 17:15:58 661 ------------------------
 [end]

[start] [INFO] [2026-04-07 17:15:58.671] [C011026_C011026CPM1] 
---------------------Begin 2026-04-07 17:15:58 655    CREATE_BU:C011026    CREATE_BY:C011026CPM1 ---------------------
[01]  SELECT C_INACTIVE FROM CEUSER.SEC_USER_INFO WHERE C_USER_ID = 'C011026CPM1' AND C_UNIT_CODE = 'C011026' 
---------------------- End 2026-04-07 17:15:58 671 ------------------------
 [end]

[start] [INFO] [2026-04-07 17:15:58.689] [C011026_C011026CPM1] 
---------------------Begin 2026-04-07 17:15:58 681    CREATE_BU:C011026    CREATE_BY:C011026CPM1 ---------------------
[01]  SELECT DISTINCT C_WIDGET_NAME FROM CEUSER.SEC_WIDGETS_V2_LIST  WHERE  C_IS_ACTIVE = 'Y'  AND  C_ROLE_NAME IN ('MAKER')  ORDER BY  C_WIDGET_NAME 
---------------------- End 2026-04-07 17:15:58 687 ------------------------
 [end]

[start] [INFO] [2026-04-07 17:15:58.712] [C011026_C011026CPM1] 
---------------------Begin 2026-04-07 17:15:58 707    CREATE_BU:C011026    CREATE_BY:C011026CPM1 ---------------------
[01]  SELECT C_INACTIVE FROM CEUSER.SEC_USER_INFO WHERE C_USER_ID = 'C011026CPM1' AND C_UNIT_CODE = 'C011026' 
---------------------- End 2026-04-07 17:15:58 711 ------------------------
 [end]

[start] [INFO] [2026-04-07 17:15:58.740] [C011026_C011026CPM1] 
---------------------Begin 2026-04-07 17:15:58 734    CREATE_BU:C011026    CREATE_BY:C011026CPM1 ---------------------
[01]  SELECT * FROM CEUSER.SEC_BUSINESS_UNIT WHERE C_UNIT_CODE = 'C011026' 
---------------------- End 2026-04-07 17:15:58 738 ------------------------
 [end]

[start] [INFO] [2026-04-07 17:15:58.818] [C011026_C011026CPM1] 
---------------------Begin 2026-04-07 17:15:58 802    CREATE_BU:C011026    CREATE_BY:C011026CPM1 ---------------------
[01]  SELECT DISTINCT C_WIDGET_NAME FROM CEUSER.SEC_WIDGETS_V2_LIST  WHERE  C_IS_ACTIVE = 'Y'  AND  C_ROLE_NAME IN ('MAKER')  ORDER BY  C_WIDGET_NAME 
---------------------- End 2026-04-07 17:15:58 816 ------------------------
 [end]

[start] [INFO] [2026-04-07 17:15:58.875] [C011026_C011026CPM1] 
---------------------Begin 2026-04-07 17:15:58 865    CREATE_BU:C011026    CREATE_BY:C011026CPM1 ---------------------
[01]  SELECT TAB.C_TAB_ID,TAB.C_TAB_NAME,TAB.I_TAB_SEQUENCE FROM CEUSER.SEC_WIDGETS_V2_TABS TAB LEFT JOIN CEUSER.SEC_WIDGETS_V2_LAYOUT LYT ON (TAB.C_TAB_ID = LYT.C_TAB_ID AND  TAB.C_UNIT_CODE = LYT.C_UNIT_CODE AND TAB.C_USER_ID = LYT.C_USER_ID )    WHERE  TAB.C_UNIT_CODE = 'C011026'  AND  TAB.C_USER_ID = 'C011026CPM1'  AND  LYT.C_PAGE_NAME = 'default'  ORDER BY  TAB.I_TAB_SEQUENCE ASC 
---------------------- End 2026-04-07 17:15:58 873 ------------------------
 [end]

[start] [INFO] [2026-04-07 17:15:58.914] [C011026_C011026CPM1] 
---------------------Begin 2026-04-07 17:15:58 901    CREATE_BU:C011026    CREATE_BY:C011026CPM1 ---------------------
[01]  SELECT C_AUTH_RULE FROM CEUSER.SEC_USER_INFO WHERE C_BK_GROUP_ID = 'CSBANK' AND C_UNIT_CODE = 'C011026' AND C_USER_ID = 'C011026CPM1' 
---------------------- End 2026-04-07 17:15:58 912 ------------------------
 [end]

[start] [INFO] [2026-04-07 17:15:58.923] [C011026_C011026CPM1] 
---------------------Begin 2026-04-07 17:15:58 916    CREATE_BU:C011026    CREATE_BY:C011026CPM1 ---------------------
[01]  SELECT C_AUTH_RULE FROM CEUSER.SEC_BUSINESS_UNIT WHERE C_BK_GROUP_ID = 'CSBANK' AND C_UNIT_CODE = 'C011026' 
---------------------- End 2026-04-07 17:15:58 921 ------------------------
 [end]

[start] [INFO] [2026-04-07 17:15:59.131] [C011026_C011026CPM1] 
---------------------Begin 2026-04-07 17:15:59 119    CREATE_BU:C011026    CREATE_BY:C011026CPM1 ---------------------
[01]  SELECT C_LAYOUT_INFO FROM CEUSER.SEC_WIDGETS_V2_LAYOUT  WHERE  C_UNIT_CODE = 'C011026'  AND  C_USER_ID = 'C011026CPM1'  AND  C_PAGE_NAME = 'default' 
---------------------- End 2026-04-07 17:15:59 127 ------------------------
 [end]

[start] [INFO] [2026-04-07 17:15:59.166] [C011026_C011026CPM1] 
---------------------Begin 2026-04-07 17:15:59 158    CREATE_BU:C011026    CREATE_BY:C011026CPM1 ---------------------
[01]  SELECT TAB.C_TAB_ID,TAB.C_TAB_NAME,TAB.I_TAB_SEQUENCE,LYT.C_LAYOUT_INFO FROM CEUSER.SEC_WIDGETS_V2_TABS TAB LEFT JOIN CEUSER.SEC_WIDGETS_V2_LAYOUT LYT ON (TAB.C_TAB_ID = LYT.C_TAB_ID AND  TAB.C_UNIT_CODE = LYT.C_UNIT_CODE AND TAB.C_USER_ID = LYT.C_USER_ID )    WHERE  TAB.C_UNIT_CODE = 'C011026'  AND  TAB.C_USER_ID = 'C011026CPM1'  AND  LYT.C_PAGE_NAME = 'default'  ORDER BY  TAB.I_TAB_SEQUENCE ASC 
---------------------- End 2026-04-07 17:15:59 166 ------------------------
 [end]

[start] [INFO] [2026-04-07 17:15:59.190] [C011026_C011026CPM1] 
---------------------Begin 2026-04-07 17:15:59 182    CREATE_BU:C011026    CREATE_BY:C011026CPM1 ---------------------
[01]  SELECT C_INST_CONFIG FROM CEUSER.SEC_WIDGETS_V2_INST_CONFIG  WHERE  C_INST_ID = '8A8284979CFC9B87019CFC9DC9E40026'  AND  C_UNIT_CODE = 'C011026'  AND  C_USER_ID = 'C011026CPM1' 
---------------------- End 2026-04-07 17:15:59 190 ------------------------
 [end]

[start] [INFO] [2026-04-07 17:15:59.204] [C011026_C011026CPM1] 
---------------------Begin 2026-04-07 17:15:59 196    CREATE_BU:C011026    CREATE_BY:C011026CPM1 ---------------------
[01]  SELECT C_INST_CONFIG FROM CEUSER.SEC_WIDGETS_V2_INST_CONFIG  WHERE  C_INST_ID = '8A8284979CFC9B87019CFC9DC9E40026'  AND  C_UNIT_CODE = 'C011026'  AND  C_USER_ID = 'C011026CPM1' 
---------------------- End 2026-04-07 17:15:59 200 ------------------------
 [end]

[start] [INFO] [2026-04-07 17:15:59.230] [C011026_C011026CPM1] 
---------------------Begin 2026-04-07 17:15:59 216    CREATE_BU:C011026    CREATE_BY:C011026CPM1 ---------------------
[01]  SELECT C_INST_CONFIG FROM CEUSER.SEC_WIDGETS_V2_INST_CONFIG  WHERE  C_INST_ID = '8A8284979CFC9B87019CFC9DCA130028'  AND  C_UNIT_CODE = 'C011026'  AND  C_USER_ID = 'C011026CPM1' 
---------------------- End 2026-04-07 17:15:59 222 ------------------------
 [end]

[start] [INFO] [2026-04-07 17:15:59.242] [C011026_C011026CPM1] 
---------------------Begin 2026-04-07 17:15:59 238    CREATE_BU:C011026    CREATE_BY:C011026CPM1 ---------------------
[01]  SELECT C_INST_CONFIG FROM CEUSER.SEC_WIDGETS_V2_INST_CONFIG  WHERE  C_INST_ID = '8A8284979CFC9B87019CFC9DCA130028'  AND  C_UNIT_CODE = 'C011026'  AND  C_USER_ID = 'C011026CPM1' 
---------------------- End 2026-04-07 17:15:59 242 ------------------------
 [end]

[start] [INFO] [2026-04-07 17:15:59.260] [C011026_C011026CPM1] 
---------------------Begin 2026-04-07 17:15:59 254    CREATE_BU:C011026    CREATE_BY:C011026CPM1 ---------------------
[01]  SELECT C_INST_CONFIG FROM CEUSER.SEC_WIDGETS_V2_INST_CONFIG  WHERE  C_INST_ID = '8A8284979CFC9B87019CFC9DCA2B0029'  AND  C_UNIT_CODE = 'C011026'  AND  C_USER_ID = 'C011026CPM1' 
---------------------- End 2026-04-07 17:15:59 258 ------------------------
 [end]

[start] [INFO] [2026-04-07 17:15:59.271] [C011026_C011026CPM1] 
---------------------Begin 2026-04-07 17:15:59 266    CREATE_BU:C011026    CREATE_BY:C011026CPM1 ---------------------
[01]  SELECT C_INST_CONFIG FROM CEUSER.SEC_WIDGETS_V2_INST_CONFIG  WHERE  C_INST_ID = '8A8284979CFC9B87019CFC9DCA2B0029'  AND  C_UNIT_CODE = 'C011026'  AND  C_USER_ID = 'C011026CPM1' 
---------------------- End 2026-04-07 17:15:59 271 ------------------------
 [end]

[start] [INFO] [2026-04-07 17:15:59.289] [C011026_C011026CPM1] 
---------------------Begin 2026-04-07 17:15:59 283    CREATE_BU:C011026    CREATE_BY:C011026CPM1 ---------------------
[01]  SELECT C_INST_CONFIG FROM CEUSER.SEC_WIDGETS_V2_INST_CONFIG  WHERE  C_INST_ID = '8A8284979CFC9B87019CFC9DCA000027'  AND  C_UNIT_CODE = 'C011026'  AND  C_USER_ID = 'C011026CPM1' 
---------------------- End 2026-04-07 17:15:59 287 ------------------------
 [end]

[start] [INFO] [2026-04-07 17:15:59.303] [C011026_C011026CPM1] 
---------------------Begin 2026-04-07 17:15:59 295    CREATE_BU:C011026    CREATE_BY:C011026CPM1 ---------------------
[01]  SELECT C_INST_CONFIG FROM CEUSER.SEC_WIDGETS_V2_INST_CONFIG  WHERE  C_INST_ID = '8A8284979CFC9B87019CFC9DCA000027'  AND  C_UNIT_CODE = 'C011026'  AND  C_USER_ID = 'C011026CPM1' 
---------------------- End 2026-04-07 17:15:59 301 ------------------------
 [end]

[start] [INFO] [2026-04-07 17:15:59.372] [C011026_C011026CPM1] 
---------------------Begin 2026-04-07 17:15:59 358    CREATE_BU:C011026    CREATE_BY:C011026CPM1 ---------------------
[01]  SELECT C_INACTIVE FROM CEUSER.SEC_USER_INFO WHERE C_USER_ID = 'C011026CPM1' AND C_UNIT_CODE = 'C011026' 
---------------------- End 2026-04-07 17:15:59 370 ------------------------
 [end]

[start] [INFO] [2026-04-07 17:15:59.396] [C011026_C011026CPM1] 
---------------------Begin 2026-04-07 17:15:59 366    CREATE_BU:C011026    CREATE_BY:C011026CPM1 ---------------------
[01]  SELECT C_INACTIVE FROM CEUSER.SEC_USER_INFO WHERE C_USER_ID = 'C011026CPM1' AND C_UNIT_CODE = 'C011026' 
---------------------- End 2026-04-07 17:15:59 396 ------------------------
 [end]

[start] [INFO] [2026-04-07 17:15:59.430] [C011026_C011026CPM1] 
---------------------Begin 2026-04-07 17:15:59 420    CREATE_BU:C011026    CREATE_BY:C011026CPM1 ---------------------
[01]  [Id=C2A_ForYou]  SELECT COUNT(*) FROM (SELECT DISTINCT T1.C_BK_GROUP_ID, T1.C_MAIN_REF, T1.C_TRX_REF, T1.C_UNIT_CODE, T1.PARENT_MAIN_REF, T1.C_TRX_STATUS, T1.CURRNT_STATUS, T1.C2A_STATUS, T1.I_EVENT_TIMES, T1.C_MODULE, T1.C_FUNC_ID, T1.C_PRODUCT_ID, T1.C_TRX_ID, T3.C_LOCKED_FLAG, T3.C_LOCKED_OP, T3.C_USER_DESC, T1.D_SYS_OP_DATE, T1.T_SYS_OP_TIME, T1.C2A_CCY, T1.C2A_AMOUNT, T1.C2A_COUNTERPARTY FROM CETRX.TRX_INBOX T1 LEFT JOIN CETRX.TRX_NEXT_FUNC T2 ON T1.C_PRODUCT_ID = T2.C_PRODUCT_ID AND T1.C2A_STATUS = T2.C2A_STATUS AND T1.C_TRX_STATUS = T2.C_TRX_STATUS LEFT JOIN CETRX.TRX_LOCK_INFO T3 ON T1.C_MAIN_REF = T3.C_MAIN_REF AND T1.C_UNIT_CODE = T3.C_UNIT_CODE WHERE   T1.C_BK_GROUP_ID = 'CSBANK'  AND (( T1.C_UNIT_CODE = 'C011026'  AND  T1.C_PRODUCT_ID IN ('FHS0YffwVNuA','P19080800000','P19080800001','P19080800002','epF3a6u4ZGAt') )) AND (T2.C_NEXT_FUNC_ID IN (SELECT C_FUNC_ID FROM CEUSER.SEC_OP_FUNC WHERE C_USER_ID = 'C011026CPM1' AND C_GRP_CODE = 'C011026' AND C_UNIT_CODE = T1.C_UNIT_CODE) OR T2.C_NEXT_FUNC_ID IN (SELECT C_FUNC_ID FROM CEUSER.SEC_OP_FUNC WHERE C_GRP_CODE = 'C011026' AND C_USER_ID IN (SELECT C_ROLE_ID FROM CEUSER.SEC_USER_ROLE WHERE C_USER_ID = 'C011026CPM1' AND C_GRP_CODE = 'C011026') AND C_UNIT_CODE = T1.C_UNIT_CODE)) AND (T1.C_TRX_STATUS = 'R' OR T1.C2A_STATUS IN ('Rejected by bank', 'Discrepancy notification', 'Document received') AND T1.C_TRX_STATUS = 'M' OR T1.C2A_STATUS IN ('Amendment(Detrimental)_fully authorized', 'Document discrepancy_fully authorized') AND T1.C_TRX_STATUS = 'A') AND T1.C_TRX_ID NOT IN (SELECT C_TRX_ID FROM CETRX.TRX_USER_DISMISS WHERE C_USER_ID = 'C011026CPM1' AND C_GRP_CODE = 'C011026') AND (T1.C_MODULE = 'IMLC' OR T1.C_MODULE = 'EXLC' OR T1.C_MODULE = 'FAEF' OR T1.C_MODULE = 'FADA' OR T1.C_MODULE = 'TSUM' OR T1.C_MODULE = 'ABLF' OR T1.C_MODULE = 'UPLD') ORDER BY T1.D_SYS_OP_DATE DESC, T1.T_SYS_OP_TIME DESC)
---------------------- End 2026-04-07 17:15:59 428 ------------------------
 [end]

[start] [INFO] [2026-04-07 17:15:59.465] [C011026_C011026CPM1] 
---------------------Begin 2026-04-07 17:15:59 460    CREATE_BU:C011026    CREATE_BY:C011026CPM1 ---------------------
[01]  SELECT C_INACTIVE FROM CEUSER.SEC_USER_INFO WHERE C_USER_ID = 'C011026CPM1' AND C_UNIT_CODE = 'C011026' 
---------------------- End 2026-04-07 17:15:59 464 ------------------------
 [end]

[start] [INFO] [2026-04-07 17:15:59.519] [C011026_C011026CPM1] 
---------------------Begin 2026-04-07 17:15:59 509    CREATE_BU:C011026    CREATE_BY:C011026CPM1 ---------------------
[01]  [Id=C2A_InProgress_Maker]  SELECT COUNT(*) FROM CETRX.TRX_INBOX T1 LEFT JOIN CETRX.TRX_LOCK_INFO T3 ON T1.C_MAIN_REF = T3.C_MAIN_REF AND T1.C_UNIT_CODE = T3.C_UNIT_CODE WHERE   T1.C_BK_GROUP_ID = 'CSBANK'  AND (( T1.C_UNIT_CODE = 'C011026'  AND  T1.C_PRODUCT_ID IN ('FHS0YffwVNuA','P19080800000','P19080800001','P19080800002','epF3a6u4ZGAt') )) AND (T1.C_TRX_STATUS IN ('P', 'T', 'A', 'S') AND (T1.C_MODULE = 'IMLC' OR T1.C_MODULE = 'EXLC' OR T1.C_MODULE = 'FAEF' OR T1.C_MODULE = 'FADA' OR T1.C_MODULE = 'ABLF') AND T1.C2A_STATUS NOT IN ('Discrepancies rejected_fully authorized') OR T1.C_TRX_STATUS = 'M' AND (T1.C_MODULE = 'IMLC' AND T1.C2A_STATUS NOT IN ('Issued', 'Amended', 'Beneficiary rejected', 'Settled') OR T1.C_MODULE = 'EXCO' AND T1.CURRNT_STATUS NOT IN ('Payment Advice') OR T1.C_MODULE = 'EXLC' AND T1.CURRNT_STATUS NOT IN ('Settled', 'Advise Received', 'Amendment Received', 'Docment Received') OR T1.C_MODULE = 'FAEF' AND T1.CURRNT_STATUS NOT IN ('Settled', 'Advise Received') OR T1.C_MODULE = 'FADA' AND T1.CURRNT_STATUS NOT IN ('Settled', 'Advise Received') OR T1.C_MODULE = 'ABLF' AND T1.CURRNT_STATUS NOT IN ('Settled', 'Advise Received'))) AND T1.C_TRX_ID NOT IN (SELECT C_TRX_ID FROM CETRX.TRX_USER_DISMISS WHERE C_USER_ID = 'C011026CPM1' AND C_GRP_CODE = 'C011026') AND (T1.C_MODULE = 'IMLC' OR T1.C_MODULE = 'EXLC' OR T1.C_MODULE = 'FAEF' OR T1.C_MODULE = 'FADA' OR T1.C_MODULE = 'ABLF')
---------------------- End 2026-04-07 17:15:59 517 ------------------------
 [end]

[start] [INFO] [2026-04-07 17:15:59.576] [C011026_C011026CPM1] 
---------------------Begin 2026-04-07 17:15:59 529    CREATE_BU:C011026    CREATE_BY:C011026CPM1 ---------------------
[01]  [Id=C2A_Closed]  SELECT COUNT(*) FROM CETRX.TRX_INBOX T1 LEFT JOIN CETRX.TRX_LOCK_INFO T3 ON T1.C_MAIN_REF = T3.C_MAIN_REF AND T1.C_UNIT_CODE = T3.C_UNIT_CODE WHERE   T1.C_BK_GROUP_ID = 'CSBANK'  AND (( T1.C_UNIT_CODE = 'C011026'  AND  T1.C_PRODUCT_ID IN ('FHS0YffwVNuA','P19080800000','P19080800001','P19080800002','epF3a6u4ZGAt') )) AND (T1.C2A_STATUS IN ('Issued', 'Amended', 'Beneficiary rejected', 'Discrepancies rejected_fully authorized', 'Settled') AND T1.C_MODULE = 'IMLC' OR T1.CURRNT_STATUS IN ('Issued', 'Amended', 'Detrimental Amendment', 'Beneficiary Consent', 'Beneficiary Rejected', 'Document Presentation', 'Document Presentation', 'Settlement', 'Settled') AND T1.C_MODULE = 'EXCO' OR T1.C2A_STATUS IN ('Settled', 'Amendment_fully authorized', '') AND T1.C_MODULE = 'EXLC' OR T1.C_FUNC_ID IN ('F05030700899', 'F05030700901', 'F05030700908') AND T1.C2A_STATUS = 'Fully authorized' AND T1.C_MODULE = 'EXLC' OR T1.C_MODULE = 'FADA' OR T1.C_MODULE = 'FAEF') AND T1.C_TRX_STATUS IN ('M', 'A', 'S') AND T1.C_TRX_ID NOT IN (SELECT C_TRX_ID FROM CETRX.TRX_USER_DISMISS WHERE C_USER_ID = 'C011026CPM1' AND C_GRP_CODE = 'C011026') AND (T1.C_MODULE = 'IMLC' OR T1.C_MODULE = 'EXLC' OR T1.C_MODULE = 'FADA' OR T1.C_MODULE = 'FAEF')
---------------------- End 2026-04-07 17:15:59 575 ------------------------
 [end]

[start] [INFO] [2026-04-07 17:15:59.596] [C011026_C011026CPM1] 
---------------------Begin 2026-04-07 17:15:59 584    CREATE_BU:C011026    CREATE_BY:C011026CPM1 ---------------------
[01]  [Id=C2A_Drafts]  SELECT COUNT(*) FROM (SELECT DISTINCT T1.C_BK_GROUP_ID, T1.C_MAIN_REF, T1.C_TRX_REF, T1.C_UNIT_CODE, T1.PARENT_MAIN_REF, T1.C_TRX_STATUS, T1.I_EVENT_TIMES, T1.C_MODULE, T1.C_FUNC_ID, T1.C_PRODUCT_ID, T1.C_TRX_ID, T3.C_LOCKED_FLAG, T3.C_LOCKED_OP, T3.C_USER_DESC, T1.D_SYS_OP_DATE, T1.T_SYS_OP_TIME, T1.C2A_CCY, T1.C2A_AMOUNT, T1.C2A_COUNTERPARTY FROM CETRX.TRX_INBOX T1 LEFT JOIN CETRX.TRX_NEXT_FUNC T2 ON T1.C_PRODUCT_ID = T2.C_PRODUCT_ID AND T1.C_TRX_STATUS = T2.C_TRX_STATUS LEFT JOIN CETRX.TRX_LOCK_INFO T3 ON T1.C_MAIN_REF = T3.C_MAIN_REF AND T1.C_UNIT_CODE = T3.C_UNIT_CODE WHERE   T1.C_BK_GROUP_ID = 'CSBANK'  AND (( T1.C_UNIT_CODE = 'C011026'  AND  T1.C_PRODUCT_ID IN ('FHS0YffwVNuA','P19080800000','P19080800001','P19080800002','epF3a6u4ZGAt') )) AND (T2.C_NEXT_FUNC_ID IN (SELECT C_FUNC_ID FROM CEUSER.SEC_OP_FUNC WHERE C_USER_ID = 'C011026CPM1' AND C_GRP_CODE = 'C011026' AND C_UNIT_CODE = T1.C_UNIT_CODE) OR T2.C_NEXT_FUNC_ID IN (SELECT C_FUNC_ID FROM CEUSER.SEC_OP_FUNC WHERE C_GRP_CODE = 'C011026' AND C_USER_ID IN (SELECT C_ROLE_ID FROM CEUSER.SEC_USER_ROLE WHERE C_USER_ID = 'C011026CPM1' AND C_GRP_CODE = 'C011026') AND C_UNIT_CODE = T1.C_UNIT_CODE)) AND T1.C_TRX_STATUS = 'Z' AND T1.C_TRX_ID NOT IN (SELECT C_TRX_ID FROM CETRX.TRX_USER_DISMISS WHERE C_USER_ID = 'C011026CPM1' AND C_GRP_CODE = 'C011026') AND (T1.C_MODULE = 'IMLC' OR T1.C_MODULE = 'EXLC' OR T1.C_MODULE = 'FAEF' OR T1.C_MODULE = 'FADA' OR T1.C_MODULE = 'ABLF') ORDER BY T1.D_SYS_OP_DATE DESC, T1.T_SYS_OP_TIME DESC)
---------------------- End 2026-04-07 17:15:59 595 ------------------------
 [end]

[start] [INFO] [2026-04-07 17:15:59.614] [C011026_C011026CPM1] 
---------------------Begin 2026-04-07 17:15:59 608    CREATE_BU:C011026    CREATE_BY:C011026CPM1 ---------------------
[01]  SELECT C_INACTIVE FROM CEUSER.SEC_USER_INFO WHERE C_USER_ID = 'C011026CPM1' AND C_UNIT_CODE = 'C011026' 
---------------------- End 2026-04-07 17:15:59 612 ------------------------
 [end]

[start] [INFO] [2026-04-07 17:15:59.633] [C011026_C011026CPM1] 
---------------------Begin 2026-04-07 17:15:59 628    CREATE_BU:C011026    CREATE_BY:C011026CPM1 ---------------------
[01]  SELECT C_FUNC_ID,T_OP_TIME FROM CETRX.TRX_FAVOR_FUNC  WHERE  C_UNIT_CODE = 'C011026'  AND  C_USER_ID = 'C011026CPM1'  ORDER BY  T_OP_TIME DESC 
---------------------- End 2026-04-07 17:15:59 631 ------------------------
 [end]

[start] [INFO] [2026-04-07 17:15:59.717] [C011026_C011026CPM1] 
---------------------Begin 2026-04-07 17:15:59 641    CREATE_BU:C011026    CREATE_BY:C011026CPM1 ---------------------
[01]  SELECT C_INACTIVE FROM CEUSER.SEC_USER_INFO WHERE C_USER_ID = 'C011026CPM1' AND C_UNIT_CODE = 'C011026' 
---------------------- End 2026-04-07 17:15:59 715 ------------------------
 [end]

[start] [INFO] [2026-04-07 17:15:59.737] [C011026_C011026CPM1] 
---------------------Begin 2026-04-07 17:15:59 731    CREATE_BU:C011026    CREATE_BY:C011026CPM1 ---------------------
[01]  SELECT A.C_REPORT_ID,A.C_GRP_CODE,A.C_USER_ID,A.T_PIN_DATE,B.C_SOURCE_REPORT,B.C_REPORT_NAME,B.T_UPDATE_DATE,C.C_USER_DESC FROM CETRX.TRX_USER_REPORT_PIN A LEFT JOIN CETRX.TRX_USER_REPORT B ON A.C_REPORT_ID = B.C_REPORT_ID  LEFT JOIN CEUSER.SEC_USER_INFO C ON A.C_GRP_CODE = C.C_UNIT_CODE AND A.C_USER_ID = C.C_USER_ID  WHERE  A.C_GRP_CODE = 'C011026'  AND  A.C_USER_ID = 'C011026CPM1'  ORDER BY B.T_UPDATE_DATE DESC
---------------------- End 2026-04-07 17:15:59 737 ------------------------
 [end]

[start] [INFO] [2026-04-07 17:15:59.756] [C011026_C011026CPM1] 
---------------------Begin 2026-04-07 17:15:59 751    CREATE_BU:C011026    CREATE_BY:C011026CPM1 ---------------------
[01]  SELECT C_INACTIVE FROM CEUSER.SEC_USER_INFO WHERE C_USER_ID = 'C011026CPM1' AND C_UNIT_CODE = 'C011026' 
---------------------- End 2026-04-07 17:15:59 755 ------------------------
 [end]

[start] [INFO] [2026-04-07 17:15:59.808] [C011026_C011026CPM1] 
---------------------Begin 2026-04-07 17:15:59 802    CREATE_BU:C011026    CREATE_BY:C011026CPM1 ---------------------
[01]  SELECT FA_DOC_DUE_DT AS GROUP_DATE, COUNT(*) AS ASCOUNT FROM (SELECT C_PRODUCT_ID, C_MAIN_REF, C_CUST_ID, C_TRX_REF, I_EVENT_TIMES, C_BK_GROUP_ID, C_UNIT_CODE, FA_SEL_NM, FA_BUYER_NM, FA_DOC_CCY, FA_DOC_AMT, AUTH_AMT, AUTH_CCY, PARENT_MAIN_REF, FA_DOC_DT, FA_DOC_DUE_DT, CURRNT_STATUS, C_TRX_STATUS, D_CREA_DATE, D_RELE_DATE, C_FUNC_ID, C_EVENT_NAME, C_EVENT_STATUS, C_NOW_EVENT, C_LOCKED_FLAG, C_LOCKED_OP, C_RELE_BY FROM CETRX.FAEF_EM_INV WHERE   C_BK_GROUP_ID = 'CSBANK'  AND (( C_UNIT_CODE = 'C011026'  AND  C_PRODUCT_ID = 'P19080800001' )) AND C_TRX_STATUS IN ('P', 'A', 'T', 'R', 'M') AND FA_DOC_DUE_DT >= TO_DATE('2026-01-01', 'YYYY-MM-DD') AND FA_DOC_DUE_DT <= TO_DATE('2026-12-31', 'YYYY-MM-DD') ) TEMP_TABLE GROUP BY FA_DOC_DUE_DT
---------------------- End 2026-04-07 17:15:59 808 ------------------------
 [end]

[start] [INFO] [2026-04-07 17:15:59.810] [C011026_C011026CPM1] 
---------------------Begin 2026-04-07 17:15:59 804    CREATE_BU:C011026    CREATE_BY:C011026CPM1 ---------------------
[01]  SELECT C_INACTIVE FROM CEUSER.SEC_USER_INFO WHERE C_USER_ID = 'C011026CPM1' AND C_UNIT_CODE = 'C011026' 
---------------------- End 2026-04-07 17:15:59 808 ------------------------
 [end]

[start] [INFO] [2026-04-07 17:15:59.825] [C011026_C011026CPM1] 
---------------------Begin 2026-04-07 17:15:59 746    CREATE_BU:C011026    CREATE_BY:C011026CPM1 ---------------------
[01]  SELECT C_INACTIVE FROM CEUSER.SEC_USER_INFO WHERE C_USER_ID = 'C011026CPM1' AND C_UNIT_CODE = 'C011026' 
---------------------- End 2026-04-07 17:15:59 823 ------------------------
 [end]

[start] [INFO] [2026-04-07 17:15:59.845] [C011026_C011026CPM1] 
---------------------Begin 2026-04-07 17:15:59 839    CREATE_BU:C011026    CREATE_BY:C011026CPM1 ---------------------
[01]  SELECT C_IS_ACTIVE FROM CEUSER.SEC_WIDGETS_V2_LIST  WHERE  C_WIDGET_NAME = 'ShortcutMenu'  AND  C_ROLE_NAME IN ('MAKER') 
---------------------- End 2026-04-07 17:15:59 845 ------------------------
 [end]

[start] [INFO] [2026-04-07 17:15:59.893] [C011026_C011026CPM1] 
---------------------Begin 2026-04-07 17:15:59 847    CREATE_BU:C011026    CREATE_BY:C011026CPM1 ---------------------
[01]  SELECT C_FUNC_ID,C_MODULE FROM CETRX.TRX_ACT_LOG WHERE C_FUNC_ID IS NOT NULL AND C_UNIT_CODE = 'C011026' AND C_USER_ID = 'C011026CPM1' AND D_SYS_OP_DATE BETWEEN TO_DATE('2026-03-08','yyyy-MM-dd') AND TO_DATE('2026-04-07','yyyy-MM-dd') ORDER BY D_SYS_OP_DATE DESC,T_SYS_OP_TIME DESC
---------------------- End 2026-04-07 17:15:59 892 ------------------------
 [end]

[start] [INFO] [2026-04-07 17:15:59.903] [C011026_C011026CPM1] 
---------------------Begin 2026-04-07 17:15:59 898    CREATE_BU:C011026    CREATE_BY:C011026CPM1 ---------------------
[01]  SELECT C_CRITERIA_DATA,C_TMPL_NAME,C_IS_DEFAULT FROM CETRX.STD_SEARCH_CRITERIA  WHERE  C_UNIT_CODE = 'C011026'  AND  C_USER_ID = 'C011026CPM1'  AND  C_CATA_ID = 'C2A_InProgress_Maker'  AND  C_BK_GROUP_ID = 'CSBANK'  AND  I_CRITERIA_TYPE = 4 
---------------------- End 2026-04-07 17:15:59 903 ------------------------
 [end]

[start] [ERROR] [2026-04-07 17:15:59.893] [C011026_C011026CPM1] 
---------------------Begin 2026-04-07 17:15:59 812    CREATE_BU:C011026    CREATE_BY:C011026CPM1 ---------------------
[01]  SELECT FA_AGM_DUE_DT AS GROUP_DATE, COUNT(*) AS ASCOUNT FROM (SELECT C_MAIN_REF, C_TRX_REF, C_UNIT_CODE, C_PRODUCT_ID, C_FUNC_SHORT_NAME, CURRNT_STATUS, C_TRX_STATUS, C_EVENT_NAME, C_EVENT_STATUS, C_NOW_EVENT, I_EVENT_TIMES, C_CUST_ID, FA_BUYER_ID, FA_ANCHOR_ID, FA_AGM_VAL_DT, FA_AGM_DUE_DT, FA_TRX_DT, D_CREA_DATE, C_LOCKED_FLAG FROM CETRX.FAEF_EM_INV WHERE   C_BK_GROUP_ID = 'CSBANK'  AND (( C_UNIT_CODE = 'C011026'  AND  C_PRODUCT_ID = 'P19080800000' )) AND C_TRX_STATUS IN ('P', 'A', 'T', 'R', 'M') ) TEMP_TABLE GROUP BY FA_AGM_DUE_DT
[!err] The following SQL index execute error:  1
The caller is:Method [com.cs.eximap.log.CELogDAOExec.writeSQLError(...)] is called by:
    +com.cs.core.dao.exec.DAORunner.executeQuery(...) in file: DAORunner.java at line: 129
    +com.cs.eximap.ejb.dao.ASEExecuteToDatabaseBean.executeQuery(...) in file: ASEExecuteToDatabaseBean.java at line: 233
    +com.cs.eximap.utility.ASDBHelper.executeQuery(...) in file: ASDBHelper.java at line: 66
    +com.cs.eximap.utility.ASDBHelper.executeQuery(...) in file: ASDBHelper.java at line: 322
    +com.cs.eximap.miscintf.DBHelper.getData(...) in file: DBHelper.java at line: 25
    +com.cs.eximap.ejb.comm.RMICommunicatorProcess.getData(...) in file: RMICommunicatorProcess.java at line: 95
    +com.cs.eximap.ejb.ctrl.ASECommunicatorBean.getData(...) in file: ASECommunicatorBean.java at line: 80
    +com.cs.comm.RMICommunicator.callAppEjb(...) in file: RMICommunicator.java at line: 79
    +com.cs.comm.WSCommunication.callAppEjb(...) in file: WSCommunication.java at line: 102
    +com.cs.ce.core.helper.WSDBHelper.callDao(...) in file: WSDBHelper.java at line: 37
    +com.cs.ce.core.helper.WSDBHelper.executeQuery(...) in file: WSDBHelper.java at line: 27
    +com.cs.ce.core.helper.WSDBHelper.executeQuery(...) in file: WSDBHelper.java at line: 57
    +com.cs.ceweb.openapi.CECalendarEventAPI.getEventRecord(...) in file: CECalendarEventAPI.java at line: 157
    +com.cs.ceweb.openapi.CECalendarEventAPI.getCalendarEvents(...) in file: CECalendarEventAPI.java at line: 107
    +com.cs.ceweb.servlets.CEVerifyAPITokenFilter.doFilter(...) in file: CEVerifyAPITokenFilter.java at line: 51
    +com.cs.ceweb.servlets.CEResourceAccessFilter.doFilter(...) in file: CEResourceAccessFilter.java at line: 57
    +com.cs.ceweb.secu.utility.CECommonSecurityWebFilter.doFilter(...) in file: CECommonSecurityWebFilter.java at line: 134
    +com.cs.ceweb.servlets.CEPenTestFilter.doFilter(...) in file: CEPenTestFilter.java at line: 43
    +com.cs.ceweb.secu.utility.CECommonSecurityWebFilter.doFilter(...) in file: CECommonSecurityWebFilter.java at line: 134
    +com.cs.ceweb.servlets.CEPreventRefreshFilter.doFilter(...) in file: CEPreventRefreshFilter.java at line: 45
    +com.cs.ceweb.secu.utility.CECommonSecurityWebFilter.doFilter(...) in file: CECommonSecurityWebFilter.java at line: 134
    +com.cs.ceweb.servlets.CERequestFilter.doFilter(...) in file: CERequestFilter.java at line: 71
    +com.cs.eximweb.servlets.CEDencrptURLFilter.doFilter(...) in file: CEDencrptURLFilter.java at line: 45
    +com.cs.eximweb.servlets.CECharsetFilter.doFilter(...) in file: CECharsetFilter.java at line: 43
    +com.cs.ceweb.openapi.CEOpenAPIFilter.doFilter(...) in file: CEOpenAPIFilter.java at line: 92

 Exception:
{{E}}[000415]DB exception for column not found. Please contact us for assistance.

---------------------- End 2026-04-07 17:15:59 820 ------------------------
 [end]

[start] [INFO] [2026-04-07 17:16:00.077] [C011026_C011026CPM1] 
---------------------Begin 2026-04-07 17:16:00 069    CREATE_BU:C011026    CREATE_BY:C011026CPM1 ---------------------
[01]  SELECT C_UNIT_CODE,C_UNIT_NAME FROM CEUSER.SEC_BUSINESS_UNIT WHERE C_UNIT_CODE = 'C011026' 
---------------------- End 2026-04-07 17:16:00 075 ------------------------
 [end]

[start] [INFO] [2026-04-07 17:16:00.101] [C011026_C011026CPM1] 
---------------------Begin 2026-04-07 17:16:00 002    CREATE_BU:C011026    CREATE_BY:C011026CPM1 ---------------------
[01]  SELECT FA_DOC_DUE_DT AS GROUP_DATE, COUNT(*) AS ASCOUNT FROM (SELECT C_PRODUCT_ID, C_MAIN_REF, C_CUST_ID, C_TRX_REF, I_EVENT_TIMES, C_BK_GROUP_ID, C_UNIT_CODE, FA_SEL_NM, FA_BUYER_NM, FA_DOC_CCY, FA_DOC_AMT, AUTH_AMT, AUTH_CCY, PARENT_MAIN_REF, FA_DOC_DT, FA_DOC_DUE_DT, CURRNT_STATUS, C_TRX_STATUS, D_CREA_DATE, D_RELE_DATE, C_FUNC_ID, C_EVENT_NAME, C_EVENT_STATUS, C_NOW_EVENT, C_LOCKED_FLAG, C_LOCKED_OP, C_RELE_BY FROM CETRX.FAEF_EM_INV WHERE   C_BK_GROUP_ID = 'CSBANK'  AND (( C_UNIT_CODE = 'C011026'  AND  C_PRODUCT_ID = 'FHS0YffwVNuA' )) AND C_TRX_STATUS IN ('P', 'A', 'T', 'R', 'M') AND FA_DOC_DUE_DT >= TO_DATE('2026-01-01', 'YYYY-MM-DD') AND FA_DOC_DUE_DT <= TO_DATE('2026-12-31', 'YYYY-MM-DD') ) TEMP_TABLE GROUP BY FA_DOC_DUE_DT
---------------------- End 2026-04-07 17:16:00 055 ------------------------
 [end]

[start] [INFO] [2026-04-07 17:16:00.159] [C011026_C011026CPM1] 
---------------------Begin 2026-04-07 17:16:00 151    CREATE_BU:C011026    CREATE_BY:C011026CPM1 ---------------------
[01]  SELECT C_INACTIVE FROM CEUSER.SEC_USER_INFO WHERE C_USER_ID = 'C011026CPM1' AND C_UNIT_CODE = 'C011026' 
---------------------- End 2026-04-07 17:16:00 157 ------------------------
 [end]

[start] [INFO] [2026-04-07 17:16:00.224] [C011026_C011026CPM1] 
---------------------Begin 2026-04-07 17:16:00 105    CREATE_BU:C011026    CREATE_BY:C011026CPM1 ---------------------
[01]  SELECT FA_DOC_DUE_DT AS GROUP_DATE, COUNT(*) AS ASCOUNT FROM (SELECT C_PRODUCT_ID, C_MAIN_REF, C_CUST_ID, C_TRX_REF, I_EVENT_TIMES, C_BK_GROUP_ID, C_UNIT_CODE, FA_SEL_NM, FA_BUYER_NM, FA_DOC_CCY, FA_DOC_AMT, AUTH_AMT, AUTH_CCY, PARENT_MAIN_REF, FA_DOC_DT, FA_DOC_DUE_DT, CURRNT_STATUS, C_TRX_STATUS, D_CREA_DATE, D_RELE_DATE, C_FUNC_ID, C_EVENT_NAME, C_EVENT_STATUS, C_NOW_EVENT, C_LOCKED_FLAG, C_LOCKED_OP, C_RELE_BY FROM CETRX.FAEF_EM_INV WHERE   C_BK_GROUP_ID = 'CSBANK'  AND (( C_UNIT_CODE = 'C011026'  AND  C_PRODUCT_ID = 'epF3a6u4ZGAt' )) AND C_TRX_STATUS IN ('P', 'A', 'T', 'R', 'M') AND FA_DOC_DUE_DT >= TO_DATE('2026-01-01', 'YYYY-MM-DD') AND FA_DOC_DUE_DT <= TO_DATE('2026-12-31', 'YYYY-MM-DD') ) TEMP_TABLE GROUP BY FA_DOC_DUE_DT
---------------------- End 2026-04-07 17:16:00 222 ------------------------
 [end]

[start] [INFO] [2026-04-07 17:16:00.244] [C011026_C011026CPM1] 
---------------------Begin 2026-04-07 17:16:00 234    CREATE_BU:C011026    CREATE_BY:C011026CPM1 ---------------------
[01]  SELECT FA_DOC_DUE_DT AS GROUP_DATE, COUNT(*) AS ASCOUNT FROM (SELECT C_PRODUCT_ID, C_MAIN_REF, C_CUST_ID, C_TRX_REF, I_EVENT_TIMES, C_BK_GROUP_ID, C_UNIT_CODE, FA_SEL_NM, FA_BUYER_NM, FA_DOC_CCY, FA_DOC_AMT, AUTH_AMT, AUTH_CCY, PARENT_MAIN_REF, FA_DOC_DT, FA_DOC_DUE_DT, CURRNT_STATUS, C_TRX_STATUS, D_CREA_DATE, D_RELE_DATE, C_FUNC_ID, C_EVENT_NAME, C_EVENT_STATUS, C_NOW_EVENT, C_LOCKED_FLAG, C_LOCKED_OP, C_RELE_BY FROM CETRX.FAEF_EM_INV WHERE   C_BK_GROUP_ID = 'CSBANK'  AND (( C_UNIT_CODE = 'C011026'  AND  C_PRODUCT_ID = 'FHS0YffwVNuA' )) AND C_TRX_STATUS IN ('P', 'A', 'T', 'R', 'M') AND FA_DOC_DUE_DT >= TO_DATE('2026-01-01', 'YYYY-MM-DD') AND FA_DOC_DUE_DT <= TO_DATE('2026-12-31', 'YYYY-MM-DD') ) TEMP_TABLE GROUP BY FA_DOC_DUE_DT
---------------------- End 2026-04-07 17:16:00 242 ------------------------
 [end]

[start] [INFO] [2026-04-07 17:16:00.291] [C011026_C011026CPM1] 
---------------------Begin 2026-04-07 17:16:00 182    CREATE_BU:C011026    CREATE_BY:C011026CPM1 ---------------------
[01]  [Id=C2A_InProgress_Maker]  SELECT T1.C_BK_GROUP_ID, T1.C_MAIN_REF, T1.C_TRX_REF, T1.C_UNIT_CODE, T1.PARENT_MAIN_REF, T1.C_TRX_STATUS, T1.CURRNT_STATUS, (CASE WHEN T1.C_MODULE = 'FADA' OR T1.C_MODULE = 'FAEF' THEN T1.C_TRX_STATUS ELSE T1.C2A_STATUS END) C2A_STATUS, T1.I_EVENT_TIMES, T1.C_MODULE, T1.C_FUNC_ID, T1.C_PRODUCT_ID, T1.C_TRX_ID, T3.C_LOCKED_FLAG, T3.C_LOCKED_OP, T3.C_USER_DESC, T1.D_SYS_OP_DATE, T1.T_SYS_OP_TIME, T1.C2A_CCY, T1.C2A_AMOUNT, T1.C2A_COUNTERPARTY FROM CETRX.TRX_INBOX T1 LEFT JOIN CETRX.TRX_LOCK_INFO T3 ON T1.C_MAIN_REF = T3.C_MAIN_REF AND T1.C_UNIT_CODE = T3.C_UNIT_CODE WHERE   T1.C_BK_GROUP_ID = 'CSBANK'  AND (( T1.C_UNIT_CODE = 'C011026'  AND  T1.C_PRODUCT_ID IN ('FHS0YffwVNuA','P19080800000','P19080800001','P19080800002','epF3a6u4ZGAt') )) AND (T1.C_TRX_STATUS IN ('P', 'T', 'A', 'S') AND (T1.C_MODULE = 'IMLC' OR T1.C_MODULE = 'EXLC' OR T1.C_MODULE = 'FAEF' OR T1.C_MODULE = 'FADA' OR T1.C_MODULE = 'ABLF') AND T1.C2A_STATUS NOT IN ('Discrepancies rejected_fully authorized') OR T1.C_TRX_STATUS = 'M' AND (T1.C_MODULE = 'IMLC' AND T1.C2A_STATUS NOT IN ('Issued', 'Amended', 'Beneficiary rejected', 'Settled') OR T1.C_MODULE = 'EXCO' AND T1.CURRNT_STATUS NOT IN ('Payment Advice') OR T1.C_MODULE = 'EXLC' AND T1.CURRNT_STATUS NOT IN ('Settled', 'Advise Received', 'Amendment Received', 'Docment Received') OR T1.C_MODULE = 'FAEF' AND T1.CURRNT_STATUS NOT IN ('Settled', 'Advise Received') OR T1.C_MODULE = 'FADA' AND T1.CURRNT_STATUS NOT IN ('Settled', 'Advise Received') OR T1.C_MODULE = 'ABLF' AND T1.CURRNT_STATUS NOT IN ('Settled', 'Advise Received'))) AND T1.C_TRX_ID NOT IN (SELECT C_TRX_ID FROM CETRX.TRX_USER_DISMISS WHERE C_USER_ID = 'C011026CPM1' AND C_GRP_CODE = 'C011026') AND (T1.C_MODULE = 'IMLC' OR T1.C_MODULE = 'EXLC' OR T1.C_MODULE = 'FAEF' OR T1.C_MODULE = 'FADA' OR T1.C_MODULE = 'ABLF') ORDER BY T1.D_SYS_OP_DATE DESC, T1.T_SYS_OP_TIME DESC
---------------------- End 2026-04-07 17:16:00 200 ------------------------
 [end]

[start] [INFO] [2026-04-07 17:16:00.593] [C011026_C011026CPM1] 
---------------------Begin 2026-04-07 17:16:00 587    CREATE_BU:C011026    CREATE_BY:C011026CPM1 ---------------------
[01]  SELECT C_UNIT_CODE,C_UNIT_NAME FROM CEUSER.SEC_BUSINESS_UNIT WHERE C_UNIT_CODE = 'C011026' 
---------------------- End 2026-04-07 17:16:00 593 ------------------------
 [end]

[start] [INFO] [2026-04-07 17:16:00.799] [C011026_C011026CPM1] 
---------------------Begin 2026-04-07 17:16:00 600    CREATE_BU:C011026    CREATE_BY:C011026CPM1 ---------------------
[01]  SELECT C_CRITERIA_DATA,C_TMPL_NAME,C_IS_DEFAULT FROM CETRX.STD_SEARCH_CRITERIA  WHERE  C_UNIT_CODE = 'C011026'  AND  C_USER_ID = 'C011026CPM1'  AND  C_CATA_ID = 'C2A_InProgress_Maker'  AND  C_BK_GROUP_ID = 'CSBANK'  AND  I_CRITERIA_TYPE = 4 
---------------------- End 2026-04-07 17:16:00 724 ------------------------
 [end]

[start] [INFO] [2026-04-07 17:16:10.247] [C011026_C011026CPM1] 
---------------------Begin 2026-04-07 17:16:10 239    CREATE_BU:C011026    CREATE_BY:C011026CPM1 ---------------------
[01]  SELECT C_INACTIVE FROM CEUSER.SEC_USER_INFO WHERE C_USER_ID = 'C011026CPM1' AND C_UNIT_CODE = 'C011026' 
---------------------- End 2026-04-07 17:16:10 247 ------------------------
 [end]

[start] [INFO] [2026-04-07 17:16:10.255] [C011026_C011026CPM1] 
---------------------Begin 2026-04-07 17:16:10 249    CREATE_BU:C011026    CREATE_BY:C011026CPM1 ---------------------
[01]  SELECT C_IS_INFORM FROM CEUSER.SEC_LOGIN_SESSION WHERE C_SESSION_ID = 'x1U18DksRB-vpD663eT5F6n' 
---------------------- End 2026-04-07 17:16:10 255 ------------------------
 [end]

[start] [INFO] [2026-04-07 17:16:10.278] [C011026_C011026CPM1] 
---------------------Begin 2026-04-07 17:16:10 272    CREATE_BU:C011026    CREATE_BY:C011026CPM1 ---------------------
[01]  INSERT INTO CETRX.TRX_ACT_LOG (C_LOG_ID,C_BK_GROUP_ID,C_CNTY_CODE,C_GRP_CODE,C_UNIT_CODE,C_USER_ID,C_IP_ADDRESS,C_FUNC_ID,D_CREA_DATE,T_CREA_TIME,D_SYS_OP_DATE,T_SYS_OP_TIME,D_SYS_TRT_DATE,T_SYS_TRT_TIME,C_BUSI_KEY) VALUES ('8A8284979D68062A019D6816129E0022','CSBANK','US','C011026','C011026','C011026CPM1','10.3.21.57','LogOut',TO_DATE('2026-04-07','YYYY-MM-DD'),TO_DATE('13:16:10','HH24:MI:SS'),TO_DATE('2026-04-07','YYYY-MM-DD'),TO_DATE('13:16:10','HH24:MI:SS'),TO_DATE('2026-04-07','YYYY-MM-DD'),TO_DATE('13:16:10','HH24:MI:SS'),'C011026;C011026CPM1')
---------------------- End 2026-04-07 17:16:10 278 ------------------------
 [end]

[start] [INFO] [2026-04-07 17:16:10.287] [C011026_C011026CPM1] 
---------------------Begin 2026-04-07 17:16:10 284    CREATE_BU:C011026    CREATE_BY:C011026CPM1 ---------------------
[01]  DELETE FROM CEUSER.SEC_LOGIN_SESSION WHERE C_BK_GROUP_ID = 'CSBANK' AND C_USER_ID = 'C011026CPM1' AND C_UNIT_CODE = 'C011026' AND C_SESSION_ID = 'x1U18DksRB-vpD663eT5F6n' 
---------------------- End 2026-04-07 17:16:10 287 ------------------------
 [end]
