
[start] [INFO] [2026-04-07 15:35:43.697] [C006937_C006937MCM1] 
---------------------Begin 2026-04-07 15:35:43 692    CREATE_BU:C006937    CREATE_BY:C006937MCM1 ---------------------
[01]  DELETE FROM CEUSER.SEC_LOGIN_SESSION WHERE C_USER_ID = 'C006937MCM1' AND C_UNIT_CODE = 'C006937' AND C_BK_GROUP_ID = 'CSBANK' AND C_SESSION_ID = 'UYQNNOdVSJhczRkWl-zqBze' 
[02]  UPDATE CEUSER.SEC_LOGIN_SESSION SET C_IS_INFORM = 'T' WHERE C_USER_ID = 'C006937MCM1' AND C_UNIT_CODE = 'C006937' AND C_BK_GROUP_ID = 'CSBANK' 
[03]  INSERT INTO CEUSER.SEC_LOGIN_SESSION (C_BK_GROUP_ID,C_UNIT_CODE,C_USER_ID,C_SESSION_ID,C_IS_INFORM) VALUES ('CSBANK','C006937','C006937MCM1','UYQNNOdVSJhczRkWl-zqBze','F')
---------------------- End 2026-04-07 15:35:43 696 ------------------------
 [end]

[start] [INFO] [2026-04-07 15:35:43.711] [C006937_C006937MCM1] 
---------------------Begin 2026-04-07 15:35:43 708    CREATE_BU:C006937    CREATE_BY:C006937MCM1 ---------------------
[01]  INSERT INTO CETRX.TRX_ACT_LOG (C_LOG_ID,C_BK_GROUP_ID,C_CNTY_CODE,C_GRP_CODE,C_UNIT_CODE,C_USER_ID,C_IP_ADDRESS,C_FUNC_ID,D_CREA_DATE,T_CREA_TIME,D_SYS_OP_DATE,T_SYS_OP_TIME,D_SYS_TRT_DATE,T_SYS_TRT_TIME,C_BUSI_KEY) VALUES ('8A8284979D67500A019D67BA1D5A00FB','CSBANK','US','C006937','C006937','C006937MCM1','10.3.21.53','Login',TO_DATE('2026-04-07','YYYY-MM-DD'),TO_DATE('11:35:43','HH24:MI:SS'),TO_DATE('2026-04-07','YYYY-MM-DD'),TO_DATE('11:35:43','HH24:MI:SS'),TO_DATE('2026-04-07','YYYY-MM-DD'),TO_DATE('11:35:43','HH24:MI:SS'),'C006937;C006937MCM1')
---------------------- End 2026-04-07 15:35:43 710 ------------------------
 [end]

[start] [INFO] [2026-04-07 15:35:44.460] [C006937_C006937MCM1] 
---------------------Begin 2026-04-07 15:35:44 459    CREATE_BU:C006937    CREATE_BY:C006937MCM1 ---------------------
[01]  SELECT C_INACTIVE FROM CEUSER.SEC_USER_INFO WHERE C_USER_ID = 'C006937MCM1' AND C_UNIT_CODE = 'C006937' 
---------------------- End 2026-04-07 15:35:44 460 ------------------------
 [end]

[start] [INFO] [2026-04-07 15:35:44.462] [C006937_C006937MCM1] 
---------------------Begin 2026-04-07 15:35:44 462    CREATE_BU:C006937    CREATE_BY:C006937MCM1 ---------------------
[01]  SELECT C_IS_INFORM FROM CEUSER.SEC_LOGIN_SESSION WHERE C_SESSION_ID = 'UYQNNOdVSJhczRkWl-zqBze' 
---------------------- End 2026-04-07 15:35:44 462 ------------------------
 [end]

[start] [INFO] [2026-04-07 15:35:44.713] [C006937_C006937MCM1] 
---------------------Begin 2026-04-07 15:35:44 708    CREATE_BU:C006937    CREATE_BY:C006937MCM1 ---------------------
[01]  SELECT C_INACTIVE FROM CEUSER.SEC_USER_INFO WHERE C_USER_ID = 'C006937MCM1' AND C_UNIT_CODE = 'C006937' 
---------------------- End 2026-04-07 15:35:44 713 ------------------------
 [end]

[start] [INFO] [2026-04-07 15:35:44.943] [C006937_C006937MCM1] 
---------------------Begin 2026-04-07 15:35:44 941    CREATE_BU:C006937    CREATE_BY:C006937MCM1 ---------------------
[01]  SELECT C_INACTIVE FROM CEUSER.SEC_USER_INFO WHERE C_USER_ID = 'C006937MCM1' AND C_UNIT_CODE = 'C006937' 
---------------------- End 2026-04-07 15:35:44 943 ------------------------
 [end]

[start] [INFO] [2026-04-07 15:35:44.952] [C006937_C006937MCM1] 
---------------------Begin 2026-04-07 15:35:44 952    CREATE_BU:C006937    CREATE_BY:C006937MCM1 ---------------------
[01]  SELECT COUNT(*) AS RECCOUNT FROM CETRX.STD_NOTIFICATION  WHERE C_NOTI_ID IN ( SELECT C_NOTI_ID FROM CETRX.STD_NOTIFICATION_STATUS  WHERE  C_READ_STATUS = 'F'  AND  C_USER_ID = 'C006937MCM1'  AND  C_UNIT_CODE = 'C006937'  )
---------------------- End 2026-04-07 15:35:44 952 ------------------------
 [end]

[start] [INFO] [2026-04-07 15:35:44.972] [C006937_C006937MCM1] 
---------------------Begin 2026-04-07 15:35:44 970    CREATE_BU:C006937    CREATE_BY:C006937MCM1 ---------------------
[01]  SELECT C_INACTIVE FROM CEUSER.SEC_USER_INFO WHERE C_USER_ID = 'C006937MCM1' AND C_UNIT_CODE = 'C006937' 
---------------------- End 2026-04-07 15:35:44 970 ------------------------
 [end]

[start] [INFO] [2026-04-07 15:35:44.974] [C006937_C006937MCM1] 
---------------------Begin 2026-04-07 15:35:44 972    CREATE_BU:C006937    CREATE_BY:C006937MCM1 ---------------------
[01]  SELECT C_INACTIVE FROM CEUSER.SEC_USER_INFO WHERE C_USER_ID = 'C006937MCM1' AND C_UNIT_CODE = 'C006937' 
---------------------- End 2026-04-07 15:35:44 974 ------------------------
 [end]

[start] [INFO] [2026-04-07 15:35:44.985] [C006937_C006937MCM1] 
---------------------Begin 2026-04-07 15:35:44 983    CREATE_BU:C006937    CREATE_BY:C006937MCM1 ---------------------
[01]  SELECT C_FUNC_ID,T_OP_TIME FROM CETRX.TRX_FAVOR_FUNC  WHERE  C_UNIT_CODE = 'C006937'  AND  C_USER_ID = 'C006937MCM1'  ORDER BY  T_OP_TIME DESC 
---------------------- End 2026-04-07 15:35:44 985 ------------------------
 [end]

[start] [INFO] [2026-04-07 15:35:45.092] [C006937_C006937MCM1] 
---------------------Begin 2026-04-07 15:35:45 088    CREATE_BU:C006937    CREATE_BY:C006937MCM1 ---------------------
[01]  SELECT C_INACTIVE FROM CEUSER.SEC_USER_INFO WHERE C_USER_ID = 'C006937MCM1' AND C_UNIT_CODE = 'C006937' 
---------------------- End 2026-04-07 15:35:45 090 ------------------------
 [end]

[start] [INFO] [2026-04-07 15:35:45.135] [C006937_C006937MCM1] 
---------------------Begin 2026-04-07 15:35:45 135    CREATE_BU:C006937    CREATE_BY:C006937MCM1 ---------------------
[01]  SELECT C_INACTIVE FROM CEUSER.SEC_USER_INFO WHERE C_USER_ID = 'C006937MCM1' AND C_UNIT_CODE = 'C006937' 
---------------------- End 2026-04-07 15:35:45 135 ------------------------
 [end]

[start] [INFO] [2026-04-07 15:35:45.143] [C006937_C006937MCM1] 
---------------------Begin 2026-04-07 15:35:45 141    CREATE_BU:C006937    CREATE_BY:C006937MCM1 ---------------------
[01]  SELECT * FROM CEUSER.SEC_BUSINESS_UNIT WHERE C_UNIT_CODE = 'C006937' 
---------------------- End 2026-04-07 15:35:45 143 ------------------------
 [end]

[start] [INFO] [2026-04-07 15:35:45.162] [C006937_C006937MCM1] 
---------------------Begin 2026-04-07 15:35:45 160    CREATE_BU:C006937    CREATE_BY:C006937MCM1 ---------------------
[01]  SELECT C_INACTIVE FROM CEUSER.SEC_USER_INFO WHERE C_USER_ID = 'C006937MCM1' AND C_UNIT_CODE = 'C006937' 
---------------------- End 2026-04-07 15:35:45 161 ------------------------
 [end]

[start] [INFO] [2026-04-07 15:35:45.179] [C006937_C006937MCM1] 
---------------------Begin 2026-04-07 15:35:45 177    CREATE_BU:C006937    CREATE_BY:C006937MCM1 ---------------------
[01]  SELECT C_INACTIVE FROM CEUSER.SEC_USER_INFO WHERE C_USER_ID = 'C006937MCM1' AND C_UNIT_CODE = 'C006937' 
---------------------- End 2026-04-07 15:35:45 177 ------------------------
 [end]

[start] [INFO] [2026-04-07 15:35:45.194] [C006937_C006937MCM1] 
---------------------Begin 2026-04-07 15:35:45 190    CREATE_BU:C006937    CREATE_BY:C006937MCM1 ---------------------
[01]  SELECT DISTINCT C_WIDGET_NAME FROM CEUSER.SEC_WIDGETS_V2_LIST  WHERE  C_IS_ACTIVE = 'Y'  AND  C_ROLE_NAME IN ('MAKER','CHECKER')  ORDER BY  C_WIDGET_NAME 
---------------------- End 2026-04-07 15:35:45 192 ------------------------
 [end]

[start] [INFO] [2026-04-07 15:35:45.201] [C006937_C006937MCM1] 
---------------------Begin 2026-04-07 15:35:45 199    CREATE_BU:C006937    CREATE_BY:C006937MCM1 ---------------------
[01]  SELECT DISTINCT C_WIDGET_NAME FROM CEUSER.SEC_WIDGETS_V2_LIST  WHERE  C_IS_ACTIVE = 'Y'  AND  C_ROLE_NAME IN ('MAKER','CHECKER')  ORDER BY  C_WIDGET_NAME 
---------------------- End 2026-04-07 15:35:45 199 ------------------------
 [end]

[start] [INFO] [2026-04-07 15:35:45.231] [C006937_C006937MCM1] 
---------------------Begin 2026-04-07 15:35:45 229    CREATE_BU:C006937    CREATE_BY:C006937MCM1 ---------------------
[01]  SELECT C_AUTH_RULE FROM CEUSER.SEC_USER_INFO WHERE C_BK_GROUP_ID = 'CSBANK' AND C_UNIT_CODE = 'C006937' AND C_USER_ID = 'C006937MCM1' 
---------------------- End 2026-04-07 15:35:45 231 ------------------------
 [end]

[start] [INFO] [2026-04-07 15:35:45.236] [C006937_C006937MCM1] 
---------------------Begin 2026-04-07 15:35:45 233    CREATE_BU:C006937    CREATE_BY:C006937MCM1 ---------------------
[01]  SELECT C_AUTH_RULE FROM CEUSER.SEC_BUSINESS_UNIT WHERE C_BK_GROUP_ID = 'CSBANK' AND C_UNIT_CODE = 'C006937' 
---------------------- End 2026-04-07 15:35:45 236 ------------------------
 [end]

[start] [INFO] [2026-04-07 15:35:45.238] [C006937_C006937MCM1] 
---------------------Begin 2026-04-07 15:35:45 197    CREATE_BU:C006937    CREATE_BY:C006937MCM1 ---------------------
[01]  SELECT TAB.C_TAB_ID,TAB.C_TAB_NAME,TAB.I_TAB_SEQUENCE FROM CEUSER.SEC_WIDGETS_V2_TABS TAB LEFT JOIN CEUSER.SEC_WIDGETS_V2_LAYOUT LYT ON (TAB.C_TAB_ID = LYT.C_TAB_ID AND  TAB.C_UNIT_CODE = LYT.C_UNIT_CODE AND TAB.C_USER_ID = LYT.C_USER_ID )    WHERE  TAB.C_UNIT_CODE = 'C006937'  AND  TAB.C_USER_ID = 'C006937MCM1'  AND  LYT.C_PAGE_NAME = 'default'  ORDER BY  TAB.I_TAB_SEQUENCE ASC 
---------------------- End 2026-04-07 15:35:45 236 ------------------------
 [end]

[start] [INFO] [2026-04-07 15:35:45.319] [C006937_C006937MCM1] 
---------------------Begin 2026-04-07 15:35:45 306    CREATE_BU:C006937    CREATE_BY:C006937MCM1 ---------------------
[01]  SELECT C_LAYOUT_INFO FROM CEUSER.SEC_WIDGETS_V2_LAYOUT  WHERE  C_UNIT_CODE = 'C006937'  AND  C_USER_ID = 'C006937MCM1'  AND  C_PAGE_NAME = 'default' 
---------------------- End 2026-04-07 15:35:45 317 ------------------------
 [end]

[start] [INFO] [2026-04-07 15:35:45.333] [C006937_C006937MCM1] 
---------------------Begin 2026-04-07 15:35:45 329    CREATE_BU:C006937    CREATE_BY:C006937MCM1 ---------------------
[01]  SELECT TAB.C_TAB_ID,TAB.C_TAB_NAME,TAB.I_TAB_SEQUENCE,LYT.C_LAYOUT_INFO FROM CEUSER.SEC_WIDGETS_V2_TABS TAB LEFT JOIN CEUSER.SEC_WIDGETS_V2_LAYOUT LYT ON (TAB.C_TAB_ID = LYT.C_TAB_ID AND  TAB.C_UNIT_CODE = LYT.C_UNIT_CODE AND TAB.C_USER_ID = LYT.C_USER_ID )    WHERE  TAB.C_UNIT_CODE = 'C006937'  AND  TAB.C_USER_ID = 'C006937MCM1'  AND  LYT.C_PAGE_NAME = 'default'  ORDER BY  TAB.I_TAB_SEQUENCE ASC 
---------------------- End 2026-04-07 15:35:45 331 ------------------------
 [end]

[start] [INFO] [2026-04-07 15:35:45.341] [C006937_C006937MCM1] 
---------------------Begin 2026-04-07 15:35:45 339    CREATE_BU:C006937    CREATE_BY:C006937MCM1 ---------------------
[01]  SELECT C_INST_CONFIG FROM CEUSER.SEC_WIDGETS_V2_INST_CONFIG  WHERE  C_INST_ID = '8A8284979D4D1A83019D4D22BA38006E'  AND  C_UNIT_CODE = 'C006937'  AND  C_USER_ID = 'C006937MCM1' 
---------------------- End 2026-04-07 15:35:45 339 ------------------------
 [end]

[start] [INFO] [2026-04-07 15:35:45.347] [C006937_C006937MCM1] 
---------------------Begin 2026-04-07 15:35:45 345    CREATE_BU:C006937    CREATE_BY:C006937MCM1 ---------------------
[01]  SELECT C_INST_CONFIG FROM CEUSER.SEC_WIDGETS_V2_INST_CONFIG  WHERE  C_INST_ID = '8A8284979D4D1A83019D4D22BA38006E'  AND  C_UNIT_CODE = 'C006937'  AND  C_USER_ID = 'C006937MCM1' 
---------------------- End 2026-04-07 15:35:45 345 ------------------------
 [end]

[start] [INFO] [2026-04-07 15:35:45.353] [C006937_C006937MCM1] 
---------------------Begin 2026-04-07 15:35:45 351    CREATE_BU:C006937    CREATE_BY:C006937MCM1 ---------------------
[01]  SELECT C_INST_CONFIG FROM CEUSER.SEC_WIDGETS_V2_INST_CONFIG  WHERE  C_INST_ID = '8A8284979D4D1A83019D4D22BA5C0071'  AND  C_UNIT_CODE = 'C006937'  AND  C_USER_ID = 'C006937MCM1' 
---------------------- End 2026-04-07 15:35:45 353 ------------------------
 [end]

[start] [INFO] [2026-04-07 15:35:45.359] [C006937_C006937MCM1] 
---------------------Begin 2026-04-07 15:35:45 357    CREATE_BU:C006937    CREATE_BY:C006937MCM1 ---------------------
[01]  SELECT C_INST_CONFIG FROM CEUSER.SEC_WIDGETS_V2_INST_CONFIG  WHERE  C_INST_ID = '8A8284979D4D1A83019D4D22BA5C0071'  AND  C_UNIT_CODE = 'C006937'  AND  C_USER_ID = 'C006937MCM1' 
---------------------- End 2026-04-07 15:35:45 357 ------------------------
 [end]

[start] [INFO] [2026-04-07 15:35:45.365] [C006937_C006937MCM1] 
---------------------Begin 2026-04-07 15:35:45 363    CREATE_BU:C006937    CREATE_BY:C006937MCM1 ---------------------
[01]  SELECT C_INST_CONFIG FROM CEUSER.SEC_WIDGETS_V2_INST_CONFIG  WHERE  C_INST_ID = '8A8284979D4D1A83019D4D22BA44006F'  AND  C_UNIT_CODE = 'C006937'  AND  C_USER_ID = 'C006937MCM1' 
---------------------- End 2026-04-07 15:35:45 365 ------------------------
 [end]

[start] [INFO] [2026-04-07 15:35:45.371] [C006937_C006937MCM1] 
---------------------Begin 2026-04-07 15:35:45 369    CREATE_BU:C006937    CREATE_BY:C006937MCM1 ---------------------
[01]  SELECT C_INST_CONFIG FROM CEUSER.SEC_WIDGETS_V2_INST_CONFIG  WHERE  C_INST_ID = '8A8284979D4D1A83019D4D22BA44006F'  AND  C_UNIT_CODE = 'C006937'  AND  C_USER_ID = 'C006937MCM1' 
---------------------- End 2026-04-07 15:35:45 369 ------------------------
 [end]

[start] [INFO] [2026-04-07 15:35:45.377] [C006937_C006937MCM1] 
---------------------Begin 2026-04-07 15:35:45 375    CREATE_BU:C006937    CREATE_BY:C006937MCM1 ---------------------
[01]  SELECT C_INST_CONFIG FROM CEUSER.SEC_WIDGETS_V2_INST_CONFIG  WHERE  C_INST_ID = '8A8284979D4D1A83019D4D22BA6A0072'  AND  C_UNIT_CODE = 'C006937'  AND  C_USER_ID = 'C006937MCM1' 
---------------------- End 2026-04-07 15:35:45 375 ------------------------
 [end]

[start] [INFO] [2026-04-07 15:35:45.381] [C006937_C006937MCM1] 
---------------------Begin 2026-04-07 15:35:45 379    CREATE_BU:C006937    CREATE_BY:C006937MCM1 ---------------------
[01]  SELECT C_INST_CONFIG FROM CEUSER.SEC_WIDGETS_V2_INST_CONFIG  WHERE  C_INST_ID = '8A8284979D4D1A83019D4D22BA6A0072'  AND  C_UNIT_CODE = 'C006937'  AND  C_USER_ID = 'C006937MCM1' 
---------------------- End 2026-04-07 15:35:45 381 ------------------------
 [end]

[start] [INFO] [2026-04-07 15:35:45.389] [C006937_C006937MCM1] 
---------------------Begin 2026-04-07 15:35:45 387    CREATE_BU:C006937    CREATE_BY:C006937MCM1 ---------------------
[01]  SELECT C_INST_CONFIG FROM CEUSER.SEC_WIDGETS_V2_INST_CONFIG  WHERE  C_INST_ID = '8A8284979D4D1A83019D4D22BA500070'  AND  C_UNIT_CODE = 'C006937'  AND  C_USER_ID = 'C006937MCM1' 
---------------------- End 2026-04-07 15:35:45 387 ------------------------
 [end]

[start] [INFO] [2026-04-07 15:35:45.393] [C006937_C006937MCM1] 
---------------------Begin 2026-04-07 15:35:45 391    CREATE_BU:C006937    CREATE_BY:C006937MCM1 ---------------------
[01]  SELECT C_INST_CONFIG FROM CEUSER.SEC_WIDGETS_V2_INST_CONFIG  WHERE  C_INST_ID = '8A8284979D4D1A83019D4D22BA500070'  AND  C_UNIT_CODE = 'C006937'  AND  C_USER_ID = 'C006937MCM1' 
---------------------- End 2026-04-07 15:35:45 391 ------------------------
 [end]

[start] [INFO] [2026-04-07 15:35:45.775] [C006937_C006937MCM1] 
---------------------Begin 2026-04-07 15:35:45 773    CREATE_BU:C006937    CREATE_BY:C006937MCM1 ---------------------
[01]  SELECT C_INACTIVE FROM CEUSER.SEC_USER_INFO WHERE C_USER_ID = 'C006937MCM1' AND C_UNIT_CODE = 'C006937' 
---------------------- End 2026-04-07 15:35:45 775 ------------------------
 [end]

[start] [INFO] [2026-04-07 15:35:45.795] [C006937_C006937MCM1] 
---------------------Begin 2026-04-07 15:35:45 793    CREATE_BU:C006937    CREATE_BY:C006937MCM1 ---------------------
[01]  SELECT C_INACTIVE FROM CEUSER.SEC_USER_INFO WHERE C_USER_ID = 'C006937MCM1' AND C_UNIT_CODE = 'C006937' 
---------------------- End 2026-04-07 15:35:45 795 ------------------------
 [end]

[start] [INFO] [2026-04-07 15:35:45.797] [C006937_C006937MCM1] 
---------------------Begin 2026-04-07 15:35:45 795    CREATE_BU:C006937    CREATE_BY:C006937MCM1 ---------------------
[01]  SELECT C_INACTIVE FROM CEUSER.SEC_USER_INFO WHERE C_USER_ID = 'C006937MCM1' AND C_UNIT_CODE = 'C006937' 
---------------------- End 2026-04-07 15:35:45 797 ------------------------
 [end]

[start] [INFO] [2026-04-07 15:35:45.809] [C006937_C006937MCM1] 
---------------------Begin 2026-04-07 15:35:45 807    CREATE_BU:C006937    CREATE_BY:C006937MCM1 ---------------------
[01]  SELECT C_FUNC_ID,T_OP_TIME FROM CETRX.TRX_FAVOR_FUNC  WHERE  C_UNIT_CODE = 'C006937'  AND  C_USER_ID = 'C006937MCM1'  ORDER BY  T_OP_TIME DESC 
---------------------- End 2026-04-07 15:35:45 807 ------------------------
 [end]

[start] [INFO] [2026-04-07 15:35:45.849] [C006937_C006937MCM1] 
---------------------Begin 2026-04-07 15:35:45 847    CREATE_BU:C006937    CREATE_BY:C006937MCM1 ---------------------
[01]  SELECT C_INACTIVE FROM CEUSER.SEC_USER_INFO WHERE C_USER_ID = 'C006937MCM1' AND C_UNIT_CODE = 'C006937' 
---------------------- End 2026-04-07 15:35:45 847 ------------------------
 [end]

[start] [INFO] [2026-04-07 15:35:45.887] [C006937_C006937MCM1] 
---------------------Begin 2026-04-07 15:35:45 884    CREATE_BU:C006937    CREATE_BY:C006937MCM1 ---------------------
[01]  SELECT C_IS_ACTIVE FROM CEUSER.SEC_WIDGETS_V2_LIST  WHERE  C_WIDGET_NAME = 'ShortcutMenu'  AND  C_ROLE_NAME IN ('MAKER','CHECKER') 
---------------------- End 2026-04-07 15:35:45 884 ------------------------
 [end]

[start] [INFO] [2026-04-07 15:35:45.898] [C006937_C006937MCM1] 
---------------------Begin 2026-04-07 15:35:45 891    CREATE_BU:C006937    CREATE_BY:C006937MCM1 ---------------------
[01]  SELECT C_INACTIVE FROM CEUSER.SEC_USER_INFO WHERE C_USER_ID = 'C006937MCM1' AND C_UNIT_CODE = 'C006937' 
---------------------- End 2026-04-07 15:35:45 897 ------------------------
 [end]

[start] [INFO] [2026-04-07 15:35:45.918] [C006937_C006937MCM1] 
---------------------Begin 2026-04-07 15:35:45 910    CREATE_BU:C006937    CREATE_BY:C006937MCM1 ---------------------
[01]  [Id=C2A_ForYou]  SELECT COUNT(*) FROM (SELECT DISTINCT T1.C_BK_GROUP_ID, T1.C_MAIN_REF, T1.C_TRX_REF, T1.C_UNIT_CODE, T1.PARENT_MAIN_REF, T1.C_TRX_STATUS, T1.CURRNT_STATUS, T1.C2A_STATUS, T1.I_EVENT_TIMES, T1.C_MODULE, T1.C_FUNC_ID, T1.C_PRODUCT_ID, T1.C_TRX_ID, T3.C_LOCKED_FLAG, T3.C_LOCKED_OP, T3.C_USER_DESC, T1.D_SYS_OP_DATE, T1.T_SYS_OP_TIME, T1.C2A_CCY, T1.C2A_AMOUNT, T1.C2A_COUNTERPARTY FROM CETRX.TRX_INBOX T1 LEFT JOIN CETRX.TRX_NEXT_FUNC T2 ON T1.C_PRODUCT_ID = T2.C_PRODUCT_ID AND T1.C2A_STATUS = T2.C2A_STATUS AND T1.C_TRX_STATUS = T2.C_TRX_STATUS LEFT JOIN CETRX.TRX_LOCK_INFO T3 ON T1.C_MAIN_REF = T3.C_MAIN_REF AND T1.C_UNIT_CODE = T3.C_UNIT_CODE WHERE   T1.C_BK_GROUP_ID = 'CSBANK'  AND (( T1.C_UNIT_CODE = 'C006937'  AND  T1.C_PRODUCT_ID IN ('FHS0YffwVNuA','P19080800000','P19080800001','P19080800002','P20030600000','epF3a6u4ZGAt') )) AND (T2.C_NEXT_FUNC_ID IN (SELECT C_FUNC_ID FROM CEUSER.SEC_OP_FUNC WHERE C_USER_ID = 'C006937MCM1' AND C_GRP_CODE = 'C006937' AND C_UNIT_CODE = T1.C_UNIT_CODE) OR T2.C_NEXT_FUNC_ID IN (SELECT C_FUNC_ID FROM CEUSER.SEC_OP_FUNC WHERE C_GRP_CODE = 'C006937' AND C_USER_ID IN (SELECT C_ROLE_ID FROM CEUSER.SEC_USER_ROLE WHERE C_USER_ID = 'C006937MCM1' AND C_GRP_CODE = 'C006937') AND C_UNIT_CODE = T1.C_UNIT_CODE)) AND (T1.C_TRX_STATUS = 'R' OR T1.C2A_STATUS IN ('Rejected by bank', 'Discrepancy notification', 'Document received') AND T1.C_TRX_STATUS = 'M' OR T1.C2A_STATUS IN ('Amendment(Detrimental)_fully authorized', 'Document discrepancy_fully authorized') AND T1.C_TRX_STATUS = 'A') AND T1.C_TRX_ID NOT IN (SELECT C_TRX_ID FROM CETRX.TRX_USER_DISMISS WHERE C_USER_ID = 'C006937MCM1' AND C_GRP_CODE = 'C006937') AND (T1.C_MODULE = 'IMLC' OR T1.C_MODULE = 'EXLC' OR T1.C_MODULE = 'FAEF' OR T1.C_MODULE = 'FADA' OR T1.C_MODULE = 'TSUM' OR T1.C_MODULE = 'ABLF' OR T1.C_MODULE = 'UPLD') ORDER BY T1.D_SYS_OP_DATE DESC, T1.T_SYS_OP_TIME DESC)
---------------------- End 2026-04-07 15:35:45 918 ------------------------
 [end]

[start] [INFO] [2026-04-07 15:35:45.928] [C006937_C006937MCM1] 
---------------------Begin 2026-04-07 15:35:45 924    CREATE_BU:C006937    CREATE_BY:C006937MCM1 ---------------------
[01]  [Id=C2A_InProgress_Both]  SELECT COUNT(*) FROM CETRX.TRX_INBOX T1 LEFT JOIN CETRX.TRX_LOCK_INFO T3 ON T1.C_MAIN_REF = T3.C_MAIN_REF AND T1.C_UNIT_CODE = T3.C_UNIT_CODE WHERE   T1.C_BK_GROUP_ID = 'CSBANK'  AND (( T1.C_UNIT_CODE = 'C006937'  AND  T1.C_PRODUCT_ID IN ('FHS0YffwVNuA','P19080800000','P19080800001','P19080800002','P20030600000','epF3a6u4ZGAt') )) AND (T1.C_TRX_STATUS IN ('P', 'T', 'A', 'S', 'R') AND (T1.C_MODULE = 'IMLC' OR T1.C_MODULE = 'EXLC' OR T1.C_MODULE = 'FAEF' OR T1.C_MODULE = 'FADA' OR T1.C_MODULE = 'ABLF') AND T1.C2A_STATUS NOT IN ('Discrepancies rejected_fully authorized') OR T1.C_TRX_STATUS = 'M' AND (T1.C_MODULE = 'IMLC' AND T1.C2A_STATUS NOT IN ('Issued', 'Amended', 'Beneficiary rejected', 'Settled') OR T1.C_MODULE = 'EXCO' AND T1.CURRNT_STATUS NOT IN ('Payment Advice') OR T1.C_MODULE = 'EXLC' AND T1.CURRNT_STATUS NOT IN ('Settled', 'Advise Received', 'Amendment Received', 'Docment Received') OR T1.C_MODULE = 'FAEF' AND T1.CURRNT_STATUS NOT IN ('Settled', 'Advise Received') OR T1.C_MODULE = 'FADA' AND T1.CURRNT_STATUS NOT IN ('Settled', 'Advise Received') OR T1.C_MODULE = 'ABLF' AND T1.CURRNT_STATUS NOT IN ('Settled', 'Advise Received'))) AND T1.C_TRX_ID NOT IN (SELECT C_TRX_ID FROM CETRX.TRX_USER_DISMISS WHERE C_USER_ID = 'C006937MCM1' AND C_GRP_CODE = 'C006937') AND (T1.C_MODULE = 'IMLC' OR T1.C_MODULE = 'EXLC' OR T1.C_MODULE = 'FAEF' OR T1.C_MODULE = 'FADA' OR T1.C_MODULE = 'ABLF')
---------------------- End 2026-04-07 15:35:45 928 ------------------------
 [end]

[start] [INFO] [2026-04-07 15:35:45.938] [C006937_C006937MCM1] 
---------------------Begin 2026-04-07 15:35:45 934    CREATE_BU:C006937    CREATE_BY:C006937MCM1 ---------------------
[01]  [Id=C2A_Closed]  SELECT COUNT(*) FROM CETRX.TRX_INBOX T1 LEFT JOIN CETRX.TRX_LOCK_INFO T3 ON T1.C_MAIN_REF = T3.C_MAIN_REF AND T1.C_UNIT_CODE = T3.C_UNIT_CODE WHERE   T1.C_BK_GROUP_ID = 'CSBANK'  AND (( T1.C_UNIT_CODE = 'C006937'  AND  T1.C_PRODUCT_ID IN ('FHS0YffwVNuA','P19080800000','P19080800001','P19080800002','P20030600000','epF3a6u4ZGAt') )) AND (T1.C2A_STATUS IN ('Issued', 'Amended', 'Beneficiary rejected', 'Discrepancies rejected_fully authorized', 'Settled') AND T1.C_MODULE = 'IMLC' OR T1.CURRNT_STATUS IN ('Issued', 'Amended', 'Detrimental Amendment', 'Beneficiary Consent', 'Beneficiary Rejected', 'Document Presentation', 'Document Presentation', 'Settlement', 'Settled') AND T1.C_MODULE = 'EXCO' OR T1.C2A_STATUS IN ('Settled', 'Amendment_fully authorized', '') AND T1.C_MODULE = 'EXLC' OR T1.C_FUNC_ID IN ('F05030700899', 'F05030700901', 'F05030700908') AND T1.C2A_STATUS = 'Fully authorized' AND T1.C_MODULE = 'EXLC' OR T1.C_MODULE = 'FADA' OR T1.C_MODULE = 'FAEF') AND T1.C_TRX_STATUS IN ('M', 'A', 'S') AND T1.C_TRX_ID NOT IN (SELECT C_TRX_ID FROM CETRX.TRX_USER_DISMISS WHERE C_USER_ID = 'C006937MCM1' AND C_GRP_CODE = 'C006937') AND (T1.C_MODULE = 'IMLC' OR T1.C_MODULE = 'EXLC' OR T1.C_MODULE = 'FADA' OR T1.C_MODULE = 'FAEF')
---------------------- End 2026-04-07 15:35:45 936 ------------------------
 [end]

[start] [INFO] [2026-04-07 15:35:45.948] [C006937_C006937MCM1] 
---------------------Begin 2026-04-07 15:35:45 942    CREATE_BU:C006937    CREATE_BY:C006937MCM1 ---------------------
[01]  [Id=C2A_Drafts]  SELECT COUNT(*) FROM (SELECT DISTINCT T1.C_BK_GROUP_ID, T1.C_MAIN_REF, T1.C_TRX_REF, T1.C_UNIT_CODE, T1.PARENT_MAIN_REF, T1.C_TRX_STATUS, T1.I_EVENT_TIMES, T1.C_MODULE, T1.C_FUNC_ID, T1.C_PRODUCT_ID, T1.C_TRX_ID, T3.C_LOCKED_FLAG, T3.C_LOCKED_OP, T3.C_USER_DESC, T1.D_SYS_OP_DATE, T1.T_SYS_OP_TIME, T1.C2A_CCY, T1.C2A_AMOUNT, T1.C2A_COUNTERPARTY FROM CETRX.TRX_INBOX T1 LEFT JOIN CETRX.TRX_NEXT_FUNC T2 ON T1.C_PRODUCT_ID = T2.C_PRODUCT_ID AND T1.C_TRX_STATUS = T2.C_TRX_STATUS LEFT JOIN CETRX.TRX_LOCK_INFO T3 ON T1.C_MAIN_REF = T3.C_MAIN_REF AND T1.C_UNIT_CODE = T3.C_UNIT_CODE WHERE   T1.C_BK_GROUP_ID = 'CSBANK'  AND (( T1.C_UNIT_CODE = 'C006937'  AND  T1.C_PRODUCT_ID IN ('FHS0YffwVNuA','P19080800000','P19080800001','P19080800002','P20030600000','epF3a6u4ZGAt') )) AND (T2.C_NEXT_FUNC_ID IN (SELECT C_FUNC_ID FROM CEUSER.SEC_OP_FUNC WHERE C_USER_ID = 'C006937MCM1' AND C_GRP_CODE = 'C006937' AND C_UNIT_CODE = T1.C_UNIT_CODE) OR T2.C_NEXT_FUNC_ID IN (SELECT C_FUNC_ID FROM CEUSER.SEC_OP_FUNC WHERE C_GRP_CODE = 'C006937' AND C_USER_ID IN (SELECT C_ROLE_ID FROM CEUSER.SEC_USER_ROLE WHERE C_USER_ID = 'C006937MCM1' AND C_GRP_CODE = 'C006937') AND C_UNIT_CODE = T1.C_UNIT_CODE)) AND T1.C_TRX_STATUS = 'Z' AND T1.C_TRX_ID NOT IN (SELECT C_TRX_ID FROM CETRX.TRX_USER_DISMISS WHERE C_USER_ID = 'C006937MCM1' AND C_GRP_CODE = 'C006937') AND (T1.C_MODULE = 'IMLC' OR T1.C_MODULE = 'EXLC' OR T1.C_MODULE = 'FAEF' OR T1.C_MODULE = 'FADA' OR T1.C_MODULE = 'ABLF') ORDER BY T1.D_SYS_OP_DATE DESC, T1.T_SYS_OP_TIME DESC)
---------------------- End 2026-04-07 15:35:45 946 ------------------------
 [end]

[start] [INFO] [2026-04-07 15:35:45.954] [C006937_C006937MCM1] 
---------------------Begin 2026-04-07 15:35:45 889    CREATE_BU:C006937    CREATE_BY:C006937MCM1 ---------------------
[01]  SELECT C_FUNC_ID,C_MODULE FROM CETRX.TRX_ACT_LOG WHERE C_FUNC_ID IS NOT NULL AND C_UNIT_CODE = 'C006937' AND C_USER_ID = 'C006937MCM1' AND D_SYS_OP_DATE BETWEEN TO_DATE('2026-03-08','yyyy-MM-dd') AND TO_DATE('2026-04-07','yyyy-MM-dd') ORDER BY D_SYS_OP_DATE DESC,T_SYS_OP_TIME DESC
---------------------- End 2026-04-07 15:35:45 952 ------------------------
 [end]

[start] [INFO] [2026-04-07 15:35:45.954] [C006937_C006937MCM1] 
---------------------Begin 2026-04-07 15:35:45 952    CREATE_BU:C006937    CREATE_BY:C006937MCM1 ---------------------
[01]  SELECT C_INACTIVE FROM CEUSER.SEC_USER_INFO WHERE C_USER_ID = 'C006937MCM1' AND C_UNIT_CODE = 'C006937' 
---------------------- End 2026-04-07 15:35:45 954 ------------------------
 [end]

[start] [INFO] [2026-04-07 15:35:45.966] [C006937_C006937MCM1] 
---------------------Begin 2026-04-07 15:35:45 964    CREATE_BU:C006937    CREATE_BY:C006937MCM1 ---------------------
[01]  SELECT C_INACTIVE FROM CEUSER.SEC_USER_INFO WHERE C_USER_ID = 'C006937MCM1' AND C_UNIT_CODE = 'C006937' 
---------------------- End 2026-04-07 15:35:45 964 ------------------------
 [end]

[start] [INFO] [2026-04-07 15:35:45.968] [C006937_C006937MCM1] 
---------------------Begin 2026-04-07 15:35:45 966    CREATE_BU:C006937    CREATE_BY:C006937MCM1 ---------------------
[01]  SELECT A.C_REPORT_ID,A.C_GRP_CODE,A.C_USER_ID,A.T_PIN_DATE,B.C_SOURCE_REPORT,B.C_REPORT_NAME,B.T_UPDATE_DATE,C.C_USER_DESC FROM CETRX.TRX_USER_REPORT_PIN A LEFT JOIN CETRX.TRX_USER_REPORT B ON A.C_REPORT_ID = B.C_REPORT_ID  LEFT JOIN CEUSER.SEC_USER_INFO C ON A.C_GRP_CODE = C.C_UNIT_CODE AND A.C_USER_ID = C.C_USER_ID  WHERE  A.C_GRP_CODE = 'C006937'  AND  A.C_USER_ID = 'C006937MCM1'  ORDER BY B.T_UPDATE_DATE DESC
---------------------- End 2026-04-07 15:35:45 966 ------------------------
 [end]

[start] [INFO] [2026-04-07 15:35:46.012] [C006937_C006937MCM1] 
---------------------Begin 2026-04-07 15:35:46 008    CREATE_BU:C006937    CREATE_BY:C006937MCM1 ---------------------
[01]  SELECT FA_DOC_DUE_DT AS GROUP_DATE, COUNT(*) AS ASCOUNT FROM (SELECT C_PRODUCT_ID, C_MAIN_REF, C_CUST_ID, C_TRX_REF, I_EVENT_TIMES, C_BK_GROUP_ID, C_UNIT_CODE, FA_SEL_NM, FA_BUYER_NM, FA_DOC_CCY, FA_DOC_AMT, AUTH_AMT, AUTH_CCY, PARENT_MAIN_REF, FA_DOC_DT, FA_DOC_DUE_DT, CURRNT_STATUS, C_TRX_STATUS, D_CREA_DATE, D_RELE_DATE, C_FUNC_ID, C_EVENT_NAME, C_EVENT_STATUS, C_NOW_EVENT, C_LOCKED_FLAG, C_LOCKED_OP, C_RELE_BY FROM CETRX.FAEF_EM_INV WHERE   C_BK_GROUP_ID = 'CSBANK'  AND (( C_UNIT_CODE = 'C006937'  AND  C_PRODUCT_ID = 'P19080800001' )) AND C_TRX_STATUS IN ('P', 'A', 'T', 'R', 'M') AND FA_DOC_DUE_DT >= TO_DATE('2026-01-01', 'YYYY-MM-DD') AND FA_DOC_DUE_DT <= TO_DATE('2026-12-31', 'YYYY-MM-DD') ) TEMP_TABLE GROUP BY FA_DOC_DUE_DT
---------------------- End 2026-04-07 15:35:46 010 ------------------------
 [end]

[start] [ERROR] [2026-04-07 15:35:46.026] [C006937_C006937MCM1] 
---------------------Begin 2026-04-07 15:35:46 012    CREATE_BU:C006937    CREATE_BY:C006937MCM1 ---------------------
[01]  SELECT FA_AGM_DUE_DT AS GROUP_DATE, COUNT(*) AS ASCOUNT FROM (SELECT C_MAIN_REF, C_TRX_REF, C_UNIT_CODE, C_PRODUCT_ID, C_FUNC_SHORT_NAME, CURRNT_STATUS, C_TRX_STATUS, C_EVENT_NAME, C_EVENT_STATUS, C_NOW_EVENT, I_EVENT_TIMES, C_CUST_ID, FA_BUYER_ID, FA_ANCHOR_ID, FA_AGM_VAL_DT, FA_AGM_DUE_DT, FA_TRX_DT, D_CREA_DATE, C_LOCKED_FLAG FROM CETRX.FAEF_EM_INV WHERE   C_BK_GROUP_ID = 'CSBANK'  AND (( C_UNIT_CODE = 'C006937'  AND  C_PRODUCT_ID = 'P19080800000' )) AND C_TRX_STATUS IN ('P', 'A', 'T', 'R', 'M') ) TEMP_TABLE GROUP BY FA_AGM_DUE_DT
[!err] The following SQL index execute error:  1
The caller is:Method [com.cs.eximap.log.CELogDAOExec.writeSQLError(...)] is called by:
    +com.cs.core.dao.exec.DAORunner.executeQuery(...) in file: DAORunner.java at line: 129
    +com.cs.eximap.ejb.dao.ASEExecuteToDatabaseBean.executeQuery(...) in file: ASEExecuteToDatabaseBean.java at line: 233
    +com.cs.eximap.utility.ASDBHelper.executeQuery(...) in file: ASDBHelper.java at line: 66
    +com.cs.eximap.utility.ASDBHelper.executeQuery(...) in file: ASDBHelper.java at line: 322
    +com.cs.eximap.miscintf.DBHelper.getData(...) in file: DBHelper.java at line: 25
    +com.cs.eximap.ejb.comm.RMICommunicatorProcess.getData(...) in file: RMICommunicatorProcess.java at line: 95
    +com.cs.eximap.ejb.ctrl.ASECommunicatorBean.getData(...) in file: ASECommunicatorBean.java at line: 80
    +com.cs.comm.RMICommunicator.callAppEjb(...) in file: RMICommunicator.java at line: 79
    +com.cs.comm.WSCommunication.callAppEjb(...) in file: WSCommunication.java at line: 102
    +com.cs.ce.core.helper.WSDBHelper.callDao(...) in file: WSDBHelper.java at line: 37
    +com.cs.ce.core.helper.WSDBHelper.executeQuery(...) in file: WSDBHelper.java at line: 27
    +com.cs.ce.core.helper.WSDBHelper.executeQuery(...) in file: WSDBHelper.java at line: 57
    +com.cs.ceweb.openapi.CECalendarEventAPI.getEventRecord(...) in file: CECalendarEventAPI.java at line: 157
    +com.cs.ceweb.openapi.CECalendarEventAPI.getCalendarEvents(...) in file: CECalendarEventAPI.java at line: 107
    +com.cs.ceweb.servlets.CEVerifyAPITokenFilter.doFilter(...) in file: CEVerifyAPITokenFilter.java at line: 51
    +com.cs.ceweb.servlets.CEResourceAccessFilter.doFilter(...) in file: CEResourceAccessFilter.java at line: 57
    +com.cs.ceweb.secu.utility.CECommonSecurityWebFilter.doFilter(...) in file: CECommonSecurityWebFilter.java at line: 134
    +com.cs.ceweb.servlets.CEPenTestFilter.doFilter(...) in file: CEPenTestFilter.java at line: 43
    +com.cs.ceweb.secu.utility.CECommonSecurityWebFilter.doFilter(...) in file: CECommonSecurityWebFilter.java at line: 134
    +com.cs.ceweb.servlets.CEPreventRefreshFilter.doFilter(...) in file: CEPreventRefreshFilter.java at line: 45
    +com.cs.ceweb.secu.utility.CECommonSecurityWebFilter.doFilter(...) in file: CECommonSecurityWebFilter.java at line: 134
    +com.cs.ceweb.servlets.CERequestFilter.doFilter(...) in file: CERequestFilter.java at line: 71
    +com.cs.eximweb.servlets.CEDencrptURLFilter.doFilter(...) in file: CEDencrptURLFilter.java at line: 45
    +com.cs.eximweb.servlets.CECharsetFilter.doFilter(...) in file: CECharsetFilter.java at line: 43
    +com.cs.ceweb.openapi.CEOpenAPIFilter.doFilter(...) in file: CEOpenAPIFilter.java at line: 92

 Exception:
{{E}}[000415]DB exception for column not found. Please contact us for assistance.

---------------------- End 2026-04-07 15:35:46 022 ------------------------
 [end]

[start] [INFO] [2026-04-07 15:35:46.040] [C006937_C006937MCM1] 
---------------------Begin 2026-04-07 15:35:46 038    CREATE_BU:C006937    CREATE_BY:C006937MCM1 ---------------------
[01]  SELECT C_INACTIVE FROM CEUSER.SEC_USER_INFO WHERE C_USER_ID = 'C006937MCM1' AND C_UNIT_CODE = 'C006937' 
---------------------- End 2026-04-07 15:35:46 038 ------------------------
 [end]

[start] [INFO] [2026-04-07 15:35:46.055] [C006937_C006937MCM1] 
---------------------Begin 2026-04-07 15:35:46 051    CREATE_BU:C006937    CREATE_BY:C006937MCM1 ---------------------
[01]  SELECT C_CRITERIA_DATA,C_TMPL_NAME,C_IS_DEFAULT FROM CETRX.STD_SEARCH_CRITERIA  WHERE  C_UNIT_CODE = 'C006937'  AND  C_USER_ID = 'C006937MCM1'  AND  C_CATA_ID = 'C2A_PendingApproval'  AND  C_BK_GROUP_ID = 'CSBANK'  AND  I_CRITERIA_TYPE = 4 
---------------------- End 2026-04-07 15:35:46 053 ------------------------
 [end]

[start] [INFO] [2026-04-07 15:35:46.121] [C006937_C006937MCM1] 
---------------------Begin 2026-04-07 15:35:46 117    CREATE_BU:C006937    CREATE_BY:C006937MCM1 ---------------------
[01]  SELECT FA_DOC_DUE_DT AS GROUP_DATE, COUNT(*) AS ASCOUNT FROM (SELECT C_PRODUCT_ID, C_MAIN_REF, C_CUST_ID, C_TRX_REF, I_EVENT_TIMES, C_BK_GROUP_ID, C_UNIT_CODE, FA_SEL_NM, FA_BUYER_NM, FA_DOC_CCY, FA_DOC_AMT, AUTH_AMT, AUTH_CCY, PARENT_MAIN_REF, FA_DOC_DT, FA_DOC_DUE_DT, CURRNT_STATUS, C_TRX_STATUS, D_CREA_DATE, D_RELE_DATE, C_FUNC_ID, C_EVENT_NAME, C_EVENT_STATUS, C_NOW_EVENT, C_LOCKED_FLAG, C_LOCKED_OP, C_RELE_BY FROM CETRX.FAEF_EM_INV WHERE   C_BK_GROUP_ID = 'CSBANK'  AND (( C_UNIT_CODE = 'C006937'  AND  C_PRODUCT_ID = 'FHS0YffwVNuA' )) AND C_TRX_STATUS IN ('P', 'A', 'T', 'R', 'M') AND FA_DOC_DUE_DT >= TO_DATE('2026-01-01', 'YYYY-MM-DD') AND FA_DOC_DUE_DT <= TO_DATE('2026-12-31', 'YYYY-MM-DD') ) TEMP_TABLE GROUP BY FA_DOC_DUE_DT
---------------------- End 2026-04-07 15:35:46 119 ------------------------
 [end]

[start] [INFO] [2026-04-07 15:35:46.125] [C006937_C006937MCM1] 
---------------------Begin 2026-04-07 15:35:46 123    CREATE_BU:C006937    CREATE_BY:C006937MCM1 ---------------------
[01]  SELECT FA_DOC_DUE_DT AS GROUP_DATE, COUNT(*) AS ASCOUNT FROM (SELECT C_PRODUCT_ID, C_MAIN_REF, C_CUST_ID, C_TRX_REF, I_EVENT_TIMES, C_BK_GROUP_ID, C_UNIT_CODE, FA_SEL_NM, FA_BUYER_NM, FA_DOC_CCY, FA_DOC_AMT, AUTH_AMT, AUTH_CCY, PARENT_MAIN_REF, FA_DOC_DT, FA_DOC_DUE_DT, CURRNT_STATUS, C_TRX_STATUS, D_CREA_DATE, D_RELE_DATE, C_FUNC_ID, C_EVENT_NAME, C_EVENT_STATUS, C_NOW_EVENT, C_LOCKED_FLAG, C_LOCKED_OP, C_RELE_BY FROM CETRX.FAEF_EM_INV WHERE   C_BK_GROUP_ID = 'CSBANK'  AND (( C_UNIT_CODE = 'C006937'  AND  C_PRODUCT_ID = 'epF3a6u4ZGAt' )) AND C_TRX_STATUS IN ('P', 'A', 'T', 'R', 'M') AND FA_DOC_DUE_DT >= TO_DATE('2026-01-01', 'YYYY-MM-DD') AND FA_DOC_DUE_DT <= TO_DATE('2026-12-31', 'YYYY-MM-DD') ) TEMP_TABLE GROUP BY FA_DOC_DUE_DT
---------------------- End 2026-04-07 15:35:46 123 ------------------------
 [end]

[start] [INFO] [2026-04-07 15:35:46.135] [C006937_C006937MCM1] 
---------------------Begin 2026-04-07 15:35:46 133    CREATE_BU:C006937    CREATE_BY:C006937MCM1 ---------------------
[01]  SELECT FA_DOC_DUE_DT AS GROUP_DATE, COUNT(*) AS ASCOUNT FROM (SELECT C_PRODUCT_ID, C_MAIN_REF, C_CUST_ID, C_TRX_REF, I_EVENT_TIMES, C_BK_GROUP_ID, C_UNIT_CODE, FA_SEL_NM, FA_BUYER_NM, FA_DOC_CCY, FA_DOC_AMT, AUTH_AMT, AUTH_CCY, PARENT_MAIN_REF, FA_DOC_DT, FA_DOC_DUE_DT, CURRNT_STATUS, C_TRX_STATUS, D_CREA_DATE, D_RELE_DATE, C_FUNC_ID, C_EVENT_NAME, C_EVENT_STATUS, C_NOW_EVENT, C_LOCKED_FLAG, C_LOCKED_OP, C_RELE_BY FROM CETRX.FAEF_EM_INV WHERE   C_BK_GROUP_ID = 'CSBANK'  AND (( C_UNIT_CODE = 'C006937'  AND  C_PRODUCT_ID = 'FHS0YffwVNuA' )) AND C_TRX_STATUS IN ('P', 'A', 'T', 'R', 'M') AND FA_DOC_DUE_DT >= TO_DATE('2026-01-01', 'YYYY-MM-DD') AND FA_DOC_DUE_DT <= TO_DATE('2026-12-31', 'YYYY-MM-DD') ) TEMP_TABLE GROUP BY FA_DOC_DUE_DT
---------------------- End 2026-04-07 15:35:46 133 ------------------------
 [end]

[start] [INFO] [2026-04-07 15:35:46.267] [C006937_C006937MCM1] 
---------------------Begin 2026-04-07 15:35:46 265    CREATE_BU:C006937    CREATE_BY:C006937MCM1 ---------------------
[01]  SELECT C_INACTIVE FROM CEUSER.SEC_USER_INFO WHERE C_USER_ID = 'C006937MCM1' AND C_UNIT_CODE = 'C006937' 
---------------------- End 2026-04-07 15:35:46 267 ------------------------
 [end]

[start] [INFO] [2026-04-07 15:35:46.281] [C006937_C006937MCM1] 
---------------------Begin 2026-04-07 15:35:46 279    CREATE_BU:C006937    CREATE_BY:C006937MCM1 ---------------------
[01]  SELECT C_CRITERIA_DATA,C_TMPL_NAME,C_IS_DEFAULT FROM CETRX.STD_SEARCH_CRITERIA  WHERE  C_UNIT_CODE = 'C006937'  AND  C_USER_ID = 'C006937MCM1'  AND  C_CATA_ID = 'C2A_InProgress_Both'  AND  C_BK_GROUP_ID = 'CSBANK'  AND  I_CRITERIA_TYPE = 4 
---------------------- End 2026-04-07 15:35:46 281 ------------------------
 [end]

[start] [INFO] [2026-04-07 15:35:46.322] [C006937_C006937MCM1] 
---------------------Begin 2026-04-07 15:35:46 320    CREATE_BU:C006937    CREATE_BY:C006937MCM1 ---------------------
[01]  SELECT C_UNIT_CODE,C_UNIT_NAME FROM CEUSER.SEC_BUSINESS_UNIT WHERE C_UNIT_CODE = 'C006937' 
---------------------- End 2026-04-07 15:35:46 322 ------------------------
 [end]

[start] [INFO] [2026-04-07 15:35:46.422] [C006937_C006937MCM1] 
---------------------Begin 2026-04-07 15:35:46 420    CREATE_BU:C006937    CREATE_BY:C006937MCM1 ---------------------
[01]  SELECT C_UNIT_CODE,C_UNIT_NAME FROM CEUSER.SEC_BUSINESS_UNIT WHERE C_UNIT_CODE = 'C006937' 
---------------------- End 2026-04-07 15:35:46 420 ------------------------
 [end]

[start] [INFO] [2026-04-07 15:35:46.718] [C006937_C006937MCM1] 
---------------------Begin 2026-04-07 15:35:46 718    CREATE_BU:C006937    CREATE_BY:C006937MCM1 ---------------------
[01]  SELECT C_INACTIVE FROM CEUSER.SEC_USER_INFO WHERE C_USER_ID = 'C006937MCM1' AND C_UNIT_CODE = 'C006937' 
---------------------- End 2026-04-07 15:35:46 718 ------------------------
 [end]

[start] [INFO] [2026-04-07 15:35:46.729] [C006937_C006937MCM1] 
---------------------Begin 2026-04-07 15:35:46 727    CREATE_BU:C006937    CREATE_BY:C006937MCM1 ---------------------
[01]  SELECT C_AUTH_RULE FROM CEUSER.SEC_USER_INFO WHERE C_BK_GROUP_ID = 'CSBANK' AND C_UNIT_CODE = 'C006937' AND C_USER_ID = 'C006937MCM1' 
---------------------- End 2026-04-07 15:35:46 729 ------------------------
 [end]

[start] [INFO] [2026-04-07 15:35:46.731] [C006937_C006937MCM1] 
---------------------Begin 2026-04-07 15:35:46 731    CREATE_BU:C006937    CREATE_BY:C006937MCM1 ---------------------
[01]  SELECT C_AUTH_RULE FROM CEUSER.SEC_BUSINESS_UNIT WHERE C_BK_GROUP_ID = 'CSBANK' AND C_UNIT_CODE = 'C006937' 
---------------------- End 2026-04-07 15:35:46 731 ------------------------
 [end]

[start] [INFO] [2026-04-07 15:35:46.789] [C006937_C006937MCM1] 
---------------------Begin 2026-04-07 15:35:46 734    CREATE_BU:C006937    CREATE_BY:C006937MCM1 ---------------------
[01]  [Id=C2A_PendingApproval]  SELECT T1.C_BK_GROUP_ID, T1.C_MAIN_REF, T1.C_TRX_REF, T1.C_UNIT_CODE, T1.PARENT_MAIN_REF, T1.C_TRX_STATUS, T1.CURRNT_STATUS, T1.I_EVENT_TIMES, T1.C_MODULE, T1.C_FUNC_ID, T1.C_PRODUCT_ID, T1.C_TRX_ID, T1.C_CREATED_BY, T3.C_LOCKED_FLAG, T3.C_LOCKED_OP, T3.C_USER_DESC, T1.D_SYS_OP_DATE, T1.T_SYS_OP_TIME, T1.C2A_CCY, T1.C2A_AMOUNT, T1.C2A_COUNTERPARTY FROM CETRX.TRX_INBOX T1 LEFT JOIN CETRX.TRX_LOCK_INFO T3 ON T1.C_MAIN_REF = T3.C_MAIN_REF AND T1.C_UNIT_CODE = T3.C_UNIT_CODE WHERE   T1.C_BK_GROUP_ID = 'CSBANK'  AND  T1.C_UNIT_CODE = 'C006937'  AND  T1.C_PRODUCT_ID = 'P19080800000'   AND  T1.C_BK_GROUP_ID = 'CSBANK'  AND (T1.C_TRX_STATUS<>'R' AND T1.C_TRX_STATUS<>'A' OR T1.C_TRX_STATUS IS NULL) AND T1.C_TRX_ID NOT IN (SELECT C_TRX_ID FROM CETRX.TRX_AUTH_LIST WHERE  C_GRP_CODE = 'C006937'  AND  C_USER_ID = 'C006937MCM1'  AND  C_UNIT_CODE = 'C006937' ) AND T1.C_TRX_ID IN (SELECT C_TRX_ID FROM CETRX.TRX_MATRIX_LIST WHERE  C_UNIT_CODE = 'C006937'  AND ( (  I_AUTH_LEVEL = 1  AND  C_PRODUCT_ID = 'P19080800000' ))) AND (( T1.C_UNIT_CODE = 'C006937'  AND  T1.C_PRODUCT_ID IN ('FHS0YffwVNuA','P19080800000','P19080800001','P19080800002','P20030600000','epF3a6u4ZGAt') )) AND T1.C_TRX_STATUS IN ('P', 'T') AND (T1.C_MODULE = 'IMLC' OR T1.C_MODULE = 'EXLC' OR T1.C_MODULE = 'FAEF' OR T1.C_MODULE = 'FADA' OR T1.C_MODULE = 'ABLF') ORDER BY T1.D_SYS_OP_DATE DESC, T1.T_SYS_OP_TIME DESC
---------------------- End 2026-04-07 15:35:46 787 ------------------------
 [end]

[start] [INFO] [2026-04-07 15:35:46.841] [C006937_C006937MCM1] 
---------------------Begin 2026-04-07 15:35:46 839    CREATE_BU:C006937    CREATE_BY:C006937MCM1 ---------------------
[01]  SELECT C_UNIT_CODE,C_UNIT_NAME FROM CEUSER.SEC_BUSINESS_UNIT WHERE C_UNIT_CODE = 'C006937' 
---------------------- End 2026-04-07 15:35:46 841 ------------------------
 [end]

[start] [INFO] [2026-04-07 15:35:46.843] [C006937_C006937MCM1] 
---------------------Begin 2026-04-07 15:35:46 843    CREATE_BU:C006937    CREATE_BY:C006937MCM1 ---------------------
[01]  SELECT C_CRITERIA_DATA,C_TMPL_NAME,C_IS_DEFAULT FROM CETRX.STD_SEARCH_CRITERIA  WHERE  C_UNIT_CODE = 'C006937'  AND  C_USER_ID = 'C006937MCM1'  AND  C_CATA_ID = 'C2A_PendingApproval'  AND  C_BK_GROUP_ID = 'CSBANK'  AND  I_CRITERIA_TYPE = 4 
---------------------- End 2026-04-07 15:35:46 843 ------------------------
 [end]

[start] [INFO] [2026-04-07 15:35:46.968] [C006937_C006937MCM1] 
---------------------Begin 2026-04-07 15:35:46 961    CREATE_BU:C006937    CREATE_BY:C006937MCM1 ---------------------
[01]  SELECT C_INACTIVE FROM CEUSER.SEC_USER_INFO WHERE C_USER_ID = 'C006937MCM1' AND C_UNIT_CODE = 'C006937' 
---------------------- End 2026-04-07 15:35:46 965 ------------------------
 [end]

[start] [INFO] [2026-04-07 15:35:46.986] [C006937_C006937MCM1] 
---------------------Begin 2026-04-07 15:35:46 980    CREATE_BU:C006937    CREATE_BY:C006937MCM1 ---------------------
[01]  [Id=C2A_InProgress_Both]  SELECT T1.C_BK_GROUP_ID, T1.C_MAIN_REF, T1.C_TRX_REF, T1.C_UNIT_CODE, T1.PARENT_MAIN_REF, T1.C_TRX_STATUS, T1.CURRNT_STATUS, T1.C2A_STATUS, T1.I_EVENT_TIMES, T1.C_MODULE, T1.C_FUNC_ID, T1.C_PRODUCT_ID, T1.C_TRX_ID, T3.C_LOCKED_FLAG, T3.C_LOCKED_OP, T3.C_USER_DESC, T1.D_SYS_OP_DATE, T1.T_SYS_OP_TIME, T1.C2A_CCY, T1.C2A_AMOUNT, T1.C2A_COUNTERPARTY FROM CETRX.TRX_INBOX T1 LEFT JOIN CETRX.TRX_LOCK_INFO T3 ON T1.C_MAIN_REF = T3.C_MAIN_REF AND T1.C_UNIT_CODE = T3.C_UNIT_CODE WHERE   T1.C_BK_GROUP_ID = 'CSBANK'  AND (( T1.C_UNIT_CODE = 'C006937'  AND  T1.C_PRODUCT_ID IN ('FHS0YffwVNuA','P19080800000','P19080800001','P19080800002','P20030600000','epF3a6u4ZGAt') )) AND (T1.C_TRX_STATUS IN ('P', 'T', 'A', 'S', 'R') AND (T1.C_MODULE = 'IMLC' OR T1.C_MODULE = 'EXLC' OR T1.C_MODULE = 'FAEF' OR T1.C_MODULE = 'FADA' OR T1.C_MODULE = 'ABLF') AND T1.C2A_STATUS NOT IN ('Discrepancies rejected_fully authorized') OR T1.C_TRX_STATUS = 'M' AND (T1.C_MODULE = 'IMLC' AND T1.C2A_STATUS NOT IN ('Issued', 'Amended', 'Beneficiary rejected', 'Settled') OR T1.C_MODULE = 'EXCO' AND T1.CURRNT_STATUS NOT IN ('Payment Advice') OR T1.C_MODULE = 'EXLC' AND T1.CURRNT_STATUS NOT IN ('Settled', 'Advise Received', 'Amendment Received', 'Docment Received') OR T1.C_MODULE = 'FAEF' AND T1.CURRNT_STATUS NOT IN ('Settled', 'Advise Received') OR T1.C_MODULE = 'FADA' AND T1.CURRNT_STATUS NOT IN ('Settled', 'Advise Received') OR T1.C_MODULE = 'ABLF' AND T1.CURRNT_STATUS NOT IN ('Settled', 'Advise Received'))) AND T1.C_TRX_ID NOT IN (SELECT C_TRX_ID FROM CETRX.TRX_USER_DISMISS WHERE C_USER_ID = 'C006937MCM1' AND C_GRP_CODE = 'C006937') AND (T1.C_MODULE = 'IMLC' OR T1.C_MODULE = 'EXLC' OR T1.C_MODULE = 'FAEF' OR T1.C_MODULE = 'FADA' OR T1.C_MODULE = 'ABLF') ORDER BY T1.D_SYS_OP_DATE DESC, T1.T_SYS_OP_TIME DESC
---------------------- End 2026-04-07 15:35:46 986 ------------------------
 [end]

[start] [INFO] [2026-04-07 15:35:47.033] [C006937_C006937MCM1] 
---------------------Begin 2026-04-07 15:35:47 032    CREATE_BU:C006937    CREATE_BY:C006937MCM1 ---------------------
[01]  SELECT C_UNIT_CODE,C_UNIT_NAME FROM CEUSER.SEC_BUSINESS_UNIT WHERE C_UNIT_CODE = 'C006937' 
---------------------- End 2026-04-07 15:35:47 033 ------------------------
 [end]

[start] [INFO] [2026-04-07 15:35:47.047] [C006937_C006937MCM1] 
---------------------Begin 2026-04-07 15:35:47 045    CREATE_BU:C006937    CREATE_BY:C006937MCM1 ---------------------
[01]  SELECT C_CRITERIA_DATA,C_TMPL_NAME,C_IS_DEFAULT FROM CETRX.STD_SEARCH_CRITERIA  WHERE  C_UNIT_CODE = 'C006937'  AND  C_USER_ID = 'C006937MCM1'  AND  C_CATA_ID = 'C2A_InProgress_Both'  AND  C_BK_GROUP_ID = 'CSBANK'  AND  I_CRITERIA_TYPE = 4 
---------------------- End 2026-04-07 15:35:47 045 ------------------------
 [end]

[start] [INFO] [2026-04-07 15:35:53.300] [C006937_C006937MCM1] 
---------------------Begin 2026-04-07 15:35:53 298    CREATE_BU:C006937    CREATE_BY:C006937MCM1 ---------------------
[01]  SELECT C_INACTIVE FROM CEUSER.SEC_USER_INFO WHERE C_USER_ID = 'C006937MCM1' AND C_UNIT_CODE = 'C006937' 
---------------------- End 2026-04-07 15:35:53 300 ------------------------
 [end]

[start] [INFO] [2026-04-07 15:35:53.303] [C006937_C006937MCM1] 
---------------------Begin 2026-04-07 15:35:53 303    CREATE_BU:C006937    CREATE_BY:C006937MCM1 ---------------------
[01]  SELECT C_IS_INFORM FROM CEUSER.SEC_LOGIN_SESSION WHERE C_SESSION_ID = 'UYQNNOdVSJhczRkWl-zqBze' 
---------------------- End 2026-04-07 15:35:53 303 ------------------------
 [end]

[start] [INFO] [2026-04-07 15:35:53.310] [C006937_C006937MCM1] 
---------------------Begin 2026-04-07 15:35:53 310    CREATE_BU:C006937    CREATE_BY:C006937MCM1 ---------------------
[01]  INSERT INTO CETRX.TRX_ACT_LOG (C_LOG_ID,C_BK_GROUP_ID,C_CNTY_CODE,C_GRP_CODE,C_UNIT_CODE,C_USER_ID,C_IP_ADDRESS,C_FUNC_ID,D_CREA_DATE,T_CREA_TIME,D_SYS_OP_DATE,T_SYS_OP_TIME,D_SYS_TRT_DATE,T_SYS_TRT_TIME,C_BUSI_KEY) VALUES ('8A8284979D67500A019D67BA42DC0108','CSBANK','US','C006937','C006937','C006937MCM1','10.3.21.53','LogOut',TO_DATE('2026-04-07','YYYY-MM-DD'),TO_DATE('11:35:53','HH24:MI:SS'),TO_DATE('2026-04-07','YYYY-MM-DD'),TO_DATE('11:35:53','HH24:MI:SS'),TO_DATE('2026-04-07','YYYY-MM-DD'),TO_DATE('11:35:53','HH24:MI:SS'),'C006937;C006937MCM1')
---------------------- End 2026-04-07 15:35:53 310 ------------------------
 [end]

[start] [INFO] [2026-04-07 15:35:53.319] [C006937_C006937MCM1] 
---------------------Begin 2026-04-07 15:35:53 314    CREATE_BU:C006937    CREATE_BY:C006937MCM1 ---------------------
[01]  DELETE FROM CEUSER.SEC_LOGIN_SESSION WHERE C_BK_GROUP_ID = 'CSBANK' AND C_USER_ID = 'C006937MCM1' AND C_UNIT_CODE = 'C006937' AND C_SESSION_ID = 'UYQNNOdVSJhczRkWl-zqBze' 
---------------------- End 2026-04-07 15:35:53 316 ------------------------
 [end]
