
[start] [DEBUG] [2026-06-25 12:07:07.532] [C011741_C011741CPM1] 
browserLanguage :en [end]

[start] [DEBUG] [2026-06-25 12:07:07.540] [C011741_C011741CPM1] 
acceptLanguage :en-US,en;q=0.9 [end]

[start] [DEBUG] [2026-06-25 12:07:07.540] [C011741_C011741CPM1] 
defaultLanguage :null [end]

[start] [DEBUG] [2026-06-25 12:07:07.544] [C011741_C011741CPM1] 
====request content is: 
    Request Type: Temp
Component : DBHelper
Session Context is: 
com.cs.core.utility.SessionContext@5dcf9b0d
Request Info Type : com.cs.core.dao.exec.SQLDao
Request Info Content is: 
[01]DELETE FROM CEUSER.SEC_LOGIN_SESSION WHERE C_USER_ID = 'C011741CPM1' AND C_UNIT_CODE = 'C011741' AND C_BK_GROUP_ID = 'CSBANK' AND C_SESSION_ID = 'mxO7IQWlJwaoXw-wkDanWhT' 
[02]UPDATE CEUSER.SEC_LOGIN_SESSION SET C_IS_INFORM = 'T' WHERE C_USER_ID = 'C011741CPM1' AND C_UNIT_CODE = 'C011741' AND C_BK_GROUP_ID = 'CSBANK' 
[03]INSERT INTO CEUSER.SEC_LOGIN_SESSION (C_BK_GROUP_ID,C_UNIT_CODE,C_USER_ID,C_SESSION_ID,C_IS_INFORM) VALUES ('CSBANK','C011741','C011741CPM1','mxO7IQWlJwaoXw-wkDanWhT','F')

 [end]

[start] [DEBUG] [2026-06-25 12:07:07.590] [C011741_C011741CPM1] 

------------------ Session ID : mxO7IQWlJwaoXw-wkDanWhT --------------------

{SS_USER_INFO,userId(C_USER_ID)=C011741CPM1,
userDesc(C_USER_DESC)=C011741CPM1,
userType(I_USER_TYPE)=2,
multiLogin(I_MULTI_LOGIN)=true,
deftUnitCode(C_DFLT_UNIT_CODE)=C011741,
authLevel(I_AUTH_LEVEL)=1,
langVal(C_LANG_VAL)=null,
secType(I_SEC_TYPE)=-1,
tempProtect(C_TMPL_PROTECT)=F,
C_TIMEZONE_ID=null
C_UNIT_CODE=C011741
C_CNTY_CODE=US
C_LANG_NAME=null
C_CHANGE_PSW=F
C_LOGIN_RULE=null
C_AUTH_SET=null
C_PRIVATE_MAIL=henry.chen@chinasystems.com
C_BK_GROUP_ID=CSBANK
}

{USER_NORMAL_LOGON,Y}

{C_USER_ID,C011741CPM1}

{SS_LOG_INFO,com.cs.core.pojo.buinfo.LogSessionInfo@9983962a}

{SS_CLIENT_INFO,ssoWay(SSO_WAY)=null
ip=10.3.1.80
loginURL=SYS_index.htm
no any attribute}

{SS_FAP_INFO,C011741=
<ci name=C011741>
    <pdt id = FHS0YffwVNuA    authlevel=1>
        <E3o1b6pUPjix/>
        <jnIqGfgOGyM4/>
        <vvdXYVdtu5PO/>
        <yPHXuSVapk8S/>
    </pdt>
    <pdt id = P19080800000    authlevel=1>
        <F05030701194/>
    </pdt>
    <pdt id = P19080800001    authlevel=1>
        <F05030701212/>
        <F05030701213/>
        <RhjyIdDgmogc/>
        <YoCV1ozbR97y/>
        <clR0uTsZ0ppf/>
        <eY3rhG3DHWUg/>
        <hhxIhYm59FlX/>
        <lQCbD5Oy9DdC/>
        <mtTzVJ0ZKW1o/>
        <oSjl8ADUkzf1/>
        <pE4zoqzrtPMU/>
        <paOx9RzWfE7J/>
        <wBRcPvagnKpt/>
    </pdt>
    <pdt id = P19080800002    authlevel=1>
        <E1eKNgSp5mMA/>
        <F05030701218/>
        <F05030701219/>
        <F05030701222/>
        <Ivyj1dfdlHz8/>
        <bLA4AbFaEARt/>
        <xS38ls1GFYMx/>
    </pdt>
    <pdt id = epF3a6u4ZGAt    authlevel=1>
        <H41mNZC5cwS0/>
        <O9VURSxMR3jx/>
        <ObwHTXVfZqhv/>
        <OsGbB5jtlbFo/>
        <RYUNlokSJwnS/>
        <YLhR0dUYVujx/>
        <a3alzVbMdKai/>
        <i6NK4m6dOBhG/>
        <tgFrsDBwNjju/>
    </pdt>
</ci>
}

{C_BUSINESS_UNIT,C011741}

{SS_GRP_INFO,unitCode(C_UNIT_CODE)=C011741,
unitName(C_UNIT_NAME)=C011741nm,
bkGrpId(C_BK_GROUP_ID)=CSBANK,
cntyCode(C_CNTY_CODE)=US,
subCnty(C_SUB_CNTY)=US,
bank(C_IS_BANK)=F,
secType(I_SEC_TYPE)=3
tempProtect(C_TMPL_PROTECT)=F,
C_LANG_NAME=null
I_UNIT_TYPE=1
C_HAVE_AUTH=T
C_LANG_VAL=null
C_BANK_UNIT=null
C_BANK_CODE=null
dualCtrl(C_DUAL_CTRL)=T,
custFmt=decFormat(C_DEC_FORMAT)=.,
intFormat(C_INT_FORMAT)=,,
intFmtLen(I_INT_FMT_LEN)=3,
dateFormat(C_DATE_FORM)=yyyy-mm-dd,
,
}

{isFirstChangeMail,false}

{GLOBAL_REFRESH_TOKEN,1782374827497}

{CSRFKEY,[I@c8d15890}

{inActiveComps,[]}

{SS_TREE_ARRAY,[[Ljava.lang.String;@d68d3016}

{CSRFTOKEN,8A8284979EF901BB019EFDD185E702C9}
 [end]

[start] [DEBUG] [2026-06-25 12:07:07.590] [C011741_C011741CPM1] 
====request content is: 
    Request Type: Temp
Component : DBHelper
Session Context is: 
com.cs.core.utility.SessionContext@5dcf9b0d
Request Info Type : com.cs.core.dao.exec.SQLDao
Request Info Content is: 
[01]INSERT INTO CETRX.TRX_ACT_LOG (C_LOG_ID,C_BK_GROUP_ID,C_CNTY_CODE,C_GRP_CODE,C_UNIT_CODE,C_USER_ID,C_IP_ADDRESS,C_FUNC_ID,D_CREA_DATE,T_CREA_TIME,D_SYS_OP_DATE,T_SYS_OP_TIME,D_SYS_TRT_DATE,T_SYS_TRT_TIME,C_BUSI_KEY) VALUES ('8A8284979EF901BB019EFDD1864602CA','CSBANK','US','C011741','C011741','C011741CPM1','10.3.1.80','Login','2026-06-25','08:07:07','2026-06-25','08:07:07','2026-06-25','08:07:07','C011741;C011741CPM1')

 [end]

[start] [DEBUG] [2026-06-25 12:07:07.702] [C011741_C011741CPM1] 
The request URI is : /BL6CEWeb/servlets/CELoginAuthorizationManager [end]

[start] [DEBUG] [2026-06-25 12:07:07.702] [C011741_C011741CPM1] 
The URI is :/BL6CEWeb/servlets/CELoginAuthorizationManager [end]

[start] [DEBUG] [2026-06-25 12:07:07.704] [C011741_C011741CPM1] 
The session refresh token in session is : null [end]

[start] [DEBUG] [2026-06-25 12:07:08.899] [C011741_C011741CPM1] 
The request URI is : /BL6CEWeb/SYS_JS/SYS_ErrHandle.js [end]

[start] [DEBUG] [2026-06-25 12:07:08.901] [C011741_C011741CPM1] 
The URI is :/BL6CEWeb/SYS_JS/SYS_ErrHandle.js [end]

[start] [DEBUG] [2026-06-25 12:07:08.901] [C011741_C011741CPM1] 
The session refresh token in session is : null [end]

[start] [DEBUG] [2026-06-25 12:07:09.282] [C011741_C011741CPM1] 
The request URI is : /BL6CEWeb/servlets/WSTrxManager [end]

[start] [DEBUG] [2026-06-25 12:07:09.284] [C011741_C011741CPM1] 
The URI is :/BL6CEWeb/servlets/WSTrxManager [end]

[start] [DEBUG] [2026-06-25 12:07:09.284] [C011741_C011741CPM1] 
The session refresh token in session is : null [end]

[start] [DEBUG] [2026-06-25 12:07:09.286] [C011741_C011741CPM1] 
====request content is: 
    Request Type: Temp
Component : DBHelper
Session Context is: 
com.cs.core.utility.SessionContext@8db6fd0a
Request Info Type : com.cs.core.dao.exec.SQLDao
Request Info Content is: 
[01]SELECT C_INACTIVE FROM CEUSER.SEC_USER_INFO WHERE C_USER_ID = 'C011741CPM1' AND C_UNIT_CODE = 'C011741' 

 [end]

[start] [DEBUG] [2026-06-25 12:07:09.292] [C011741_C011741CPM1] 
====request content is: 
    Request Type: Temp
Component : DBHelper
Session Context is: 
com.cs.core.utility.SessionContext@8db6fd0a
Request Info Type : com.cs.core.dao.exec.SQLDao
Request Info Content is: 
[01]SELECT C_IS_INFORM FROM CEUSER.SEC_LOGIN_SESSION WHERE C_SESSION_ID = 'mxO7IQWlJwaoXw-wkDanWhT' 

 [end]

[start] [DEBUG] [2026-06-25 12:07:09.296] [C011741_C011741CPM1] 

------------------ Session ID : mxO7IQWlJwaoXw-wkDanWhT --------------------

{com.ibm.websphere.servlet.uri_non_decoded,/BL6CEWeb/servlets/WSTrxManager}

{CHECKED_REFRESH,T}

{JSESSIONID,}

{javax.servlet.forward.query_string, 
CSRFTOKEN=8EhzA182848h979E0F09VKufwA0BE1BHBGn0B5I19EvFRDD1tW85E770bQ24C9Wk
_TRX_STATUS=SESSION_LIFE_CYCLE
MOTION_TYPE=INIT
REFRESH_TOKEN=1
AjaxPost=T
}
 [end]

[start] [DEBUG] [2026-06-25 12:07:09.352] [C011741_C011741CPM1] 
The request URI is : /BL6CEWeb/SPA/assets/app.config.json [end]

[start] [DEBUG] [2026-06-25 12:07:09.354] [C011741_C011741CPM1] 
The URI is :/BL6CEWeb/SPA/assets/app.config.json [end]

[start] [DEBUG] [2026-06-25 12:07:09.354] [C011741_C011741CPM1] 
The session refresh token in session is : null [end]

[start] [DEBUG] [2026-06-25 12:07:09.361] [C011741_C011741CPM1] 
====request content is: 
    Request Type: Temp
Component : DBHelper
Session Context is: 
com.cs.core.utility.SessionContext@cf364e32
Request Info Type : com.cs.core.dao.exec.SQLDao
Request Info Content is: 
[01]SELECT C_INACTIVE FROM CEUSER.SEC_USER_INFO WHERE C_USER_ID = 'C011741CPM1' AND C_UNIT_CODE = 'C011741' 

 [end]

[start] [DEBUG] [2026-06-25 12:07:09.366] [C011741_C011741CPM1] 
The request URI is : /BL6CEWeb/v1/openapi/mlg/component [end]

[start] [DEBUG] [2026-06-25 12:07:09.368] [C011741_C011741CPM1] 
The URI is :/BL6CEWeb/v1/openapi/mlg/component [end]

[start] [DEBUG] [2026-06-25 12:07:09.368] [C011741_C011741CPM1] 
The session refresh token in session is : null [end]

[start] [DEBUG] [2026-06-25 12:07:09.502] [C011741_C011741CPM1] 
====request content is: 
    Request Type: Temp
Component : DBHelper
Session Context is: 
com.cs.core.utility.SessionContext@c291ce27
Request Info Type : com.cs.core.dao.exec.SQLDao
Request Info Content is: 
[01]SELECT C_INACTIVE FROM CEUSER.SEC_USER_INFO WHERE C_USER_ID = 'C011741CPM1' AND C_UNIT_CODE = 'C011741' 

 [end]

[start] [DEBUG] [2026-06-25 12:07:09.504] [C011741_C011741CPM1] 
====request content is: 
    Request Type: Temp
Component : DBHelper
Session Context is: 
com.cs.core.utility.SessionContext@bbcb13ed
Request Info Type : com.cs.core.dao.exec.SQLDao
Request Info Content is: 
[01]SELECT C_INACTIVE FROM CEUSER.SEC_USER_INFO WHERE C_USER_ID = 'C011741CPM1' AND C_UNIT_CODE = 'C011741' 

 [end]

[start] [DEBUG] [2026-06-25 12:07:09.506] [C011741_C011741CPM1] 
The request URI is : /BL6CEWeb/v1/openapi/user/roles [end]

[start] [DEBUG] [2026-06-25 12:07:09.506] [C011741_C011741CPM1] 
The URI is :/BL6CEWeb/v1/openapi/user/roles [end]

[start] [DEBUG] [2026-06-25 12:07:09.508] [C011741_C011741CPM1] 
The request URI is : /BL6CEWeb/v1/openapi/services [end]

[start] [DEBUG] [2026-06-25 12:07:09.508] [C011741_C011741CPM1] 
The session refresh token in session is : null [end]

[start] [DEBUG] [2026-06-25 12:07:09.508] [C011741_C011741CPM1] 
The URI is :/BL6CEWeb/v1/openapi/services [end]

[start] [DEBUG] [2026-06-25 12:07:09.510] [C011741_C011741CPM1] 
The session refresh token in session is : null [end]

[start] [DEBUG] [2026-06-25 12:07:09.514] [C011741_C011741CPM1] 
====request content is: 
    Request Type: Temp
Component : DBHelper
Session Context is: 
com.cs.core.utility.SessionContext@bbcb13ed
Request Info Type : com.cs.core.dao.exec.SQLDao
Request Info Content is: 
[01]SELECT C_FUNC_ID,T_OP_TIME FROM CETRX.TRX_FAVOR_FUNC  WHERE  C_UNIT_CODE = 'C011741'  AND  C_USER_ID = 'C011741CPM1'  ORDER BY  T_OP_TIME DESC 

 [end]

[start] [DEBUG] [2026-06-25 12:07:09.502] [C011741_C011741CPM1] 
====request content is: 
    Request Type: Temp
Component : DBHelper
Session Context is: 
com.cs.core.utility.SessionContext@3ebc50ce
Request Info Type : com.cs.core.dao.exec.SQLDao
Request Info Content is: 
[01]SELECT C_INACTIVE FROM CEUSER.SEC_USER_INFO WHERE C_USER_ID = 'C011741CPM1' AND C_UNIT_CODE = 'C011741' 

 [end]

[start] [DEBUG] [2026-06-25 12:07:09.533] [C011741_C011741CPM1] 
The request URI is : /BL6CEWeb/v1/openapi/notice/item/count [end]

[start] [DEBUG] [2026-06-25 12:07:09.535] [C011741_C011741CPM1] 
The URI is :/BL6CEWeb/v1/openapi/notice/item/count [end]

[start] [DEBUG] [2026-06-25 12:07:09.535] [C011741_C011741CPM1] 
The session refresh token in session is : null [end]

[start] [DEBUG] [2026-06-25 12:07:09.539] [C011741_C011741CPM1] 
====request content is: 
    Request Type: Temp
Component : DBHelper
Session Context is: 
com.cs.core.utility.SessionContext@3ebc50ce
Request Info Type : com.cs.core.dao.exec.SQLDao
Request Info Content is: 
[01]SELECT COUNT(*) AS RECCOUNT FROM CETRX.STD_NOTIFICATION  WHERE C_NOTI_ID IN ( SELECT C_NOTI_ID FROM CETRX.STD_NOTIFICATION_STATUS  WHERE  C_READ_STATUS = 'F'  AND  C_USER_ID = 'C011741CPM1'  AND  C_UNIT_CODE = 'C011741'  )

 [end]

[start] [DEBUG] [2026-06-25 12:07:09.640] [C011741_C011741CPM1] 
====request content is: 
    Request Type: Temp
Component : DBHelper
Session Context is: 
com.cs.core.utility.SessionContext@8721212e
Request Info Type : com.cs.core.dao.exec.SQLDao
Request Info Content is: 
[01]SELECT C_INACTIVE FROM CEUSER.SEC_USER_INFO WHERE C_USER_ID = 'C011741CPM1' AND C_UNIT_CODE = 'C011741' 

 [end]

[start] [DEBUG] [2026-06-25 12:07:09.642] [C011741_C011741CPM1] 
====request content is: 
    Request Type: Temp
Component : DBHelper
Session Context is: 
com.cs.core.utility.SessionContext@45301864
Request Info Type : com.cs.core.dao.exec.SQLDao
Request Info Content is: 
[01]SELECT C_INACTIVE FROM CEUSER.SEC_USER_INFO WHERE C_USER_ID = 'C011741CPM1' AND C_UNIT_CODE = 'C011741' 

 [end]

[start] [DEBUG] [2026-06-25 12:07:09.646] [C011741_C011741CPM1] 
The request URI is : /BL6CEWeb/v1/openapi/notification/bell [end]

[start] [DEBUG] [2026-06-25 12:07:09.646] [C011741_C011741CPM1] 
The request URI is : /BL6CEWeb/v1/openapi/user/fap/action [end]

[start] [DEBUG] [2026-06-25 12:07:09.646] [C011741_C011741CPM1] 
The URI is :/BL6CEWeb/v1/openapi/notification/bell [end]

[start] [DEBUG] [2026-06-25 12:07:09.646] [C011741_C011741CPM1] 
The URI is :/BL6CEWeb/v1/openapi/user/fap/action [end]

[start] [DEBUG] [2026-06-25 12:07:09.648] [C011741_C011741CPM1] 
The session refresh token in session is : null [end]

[start] [DEBUG] [2026-06-25 12:07:09.680] [C011741_C011741CPM1] 
The session refresh token in session is : null [end]

[start] [DEBUG] [2026-06-25 12:07:09.682] [C011741_C011741CPM1] 
====request content is: 
    Request Type: Temp
Component : DBHelper
Session Context is: 
com.cs.core.utility.SessionContext@45301864
Request Info Type : com.cs.core.dao.exec.SQLDao
Request Info Content is: 
[01]SELECT * FROM CEUSER.SEC_BUSINESS_UNIT WHERE C_UNIT_CODE = 'C011741' 

 [end]

[start] [DEBUG] [2026-06-25 12:07:09.713] [C011741_C011741CPM1] 
====request content is: 
    Request Type: Temp
Component : DBHelper
Session Context is: 
com.cs.core.utility.SessionContext@72e0fc56
Request Info Type : com.cs.core.dao.exec.SQLDao
Request Info Content is: 
[01]SELECT C_INACTIVE FROM CEUSER.SEC_USER_INFO WHERE C_USER_ID = 'C011741CPM1' AND C_UNIT_CODE = 'C011741' 

 [end]

[start] [DEBUG] [2026-06-25 12:07:09.717] [C011741_C011741CPM1] 
The request URI is : /BL6CEWeb/v1/openapi/widget/list [end]

[start] [DEBUG] [2026-06-25 12:07:09.717] [C011741_C011741CPM1] 
The URI is :/BL6CEWeb/v1/openapi/widget/list [end]

[start] [DEBUG] [2026-06-25 12:07:09.719] [C011741_C011741CPM1] 
The session refresh token in session is : null [end]

[start] [DEBUG] [2026-06-25 12:07:09.763] [C011741_C011741CPM1] 
====request content is: 
    Request Type: Temp
Component : DBHelper
Session Context is: 
com.cs.core.utility.SessionContext@45301864
Request Info Type : com.cs.core.dao.exec.SQLDao
Request Info Content is: 
[01]SELECT C_AUTH_RULE FROM CEUSER.SEC_USER_INFO WHERE C_BK_GROUP_ID = 'CSBANK' AND C_UNIT_CODE = 'C011741' AND C_USER_ID = 'C011741CPM1' 

 [end]

[start] [DEBUG] [2026-06-25 12:07:09.765] [C011741_C011741CPM1] 
====request content is: 
    Request Type: Temp
Component : DBHelper
Session Context is: 
com.cs.core.utility.SessionContext@1d7973a6
Request Info Type : com.cs.core.dao.exec.SQLDao
Request Info Content is: 
[01]SELECT C_INACTIVE FROM CEUSER.SEC_USER_INFO WHERE C_USER_ID = 'C011741CPM1' AND C_UNIT_CODE = 'C011741' 

 [end]

[start] [DEBUG] [2026-06-25 12:07:09.765] [C011741_C011741CPM1] 
====request content is: 
    Request Type: Temp
Component : DBHelper
Session Context is: 
com.cs.core.utility.SessionContext@45301864
Request Info Type : com.cs.core.dao.exec.SQLDao
Request Info Content is: 
[01]SELECT C_AUTH_RULE FROM CEUSER.SEC_BUSINESS_UNIT WHERE C_BK_GROUP_ID = 'CSBANK' AND C_UNIT_CODE = 'C011741' 

 [end]

[start] [DEBUG] [2026-06-25 12:07:09.769] [C011741_C011741CPM1] 
The request URI is : /BL6CEWeb/v1/openapi/widget/page/load [end]

[start] [DEBUG] [2026-06-25 12:07:09.769] [C011741_C011741CPM1] 
The URI is :/BL6CEWeb/v1/openapi/widget/page/load [end]

[start] [DEBUG] [2026-06-25 12:07:09.771] [C011741_C011741CPM1] 
The session refresh token in session is : null [end]

[start] [DEBUG] [2026-06-25 12:07:09.775] [C011741_C011741CPM1] 
====request content is: 
    Request Type: Temp
Component : DBHelper
Session Context is: 
com.cs.core.utility.SessionContext@1d7973a6
Request Info Type : com.cs.core.dao.exec.SQLDao
Request Info Content is: 
[01]SELECT DISTINCT C_WIDGET_NAME FROM CEUSER.SEC_WIDGETS_V2_LIST  WHERE  C_IS_ACTIVE = 'Y'  AND  C_ROLE_NAME IN ('MAKER')  ORDER BY  C_WIDGET_NAME 

 [end]

[start] [DEBUG] [2026-06-25 12:07:09.783] [C011741_C011741CPM1] 
====request content is: 
    Request Type: Temp
Component : DBHelper
Session Context is: 
com.cs.core.utility.SessionContext@72e0fc56
Request Info Type : com.cs.core.dao.exec.SQLDao
Request Info Content is: 
[01]SELECT DISTINCT C_WIDGET_NAME FROM CEUSER.SEC_WIDGETS_V2_LIST  WHERE  C_IS_ACTIVE = 'Y'  AND  C_ROLE_NAME IN ('MAKER')  ORDER BY  C_WIDGET_NAME 

 [end]

[start] [DEBUG] [2026-06-25 12:07:10.781] [C011741_C011741CPM1] 
====request content is: 
    Request Type: Temp
Component : DBHelper
Session Context is: 
com.cs.core.utility.SessionContext@1d7973a6
Request Info Type : com.cs.core.dao.exec.SQLDao
Request Info Content is: 
[01]SELECT TAB.C_TAB_ID,TAB.C_TAB_NAME,TAB.I_TAB_SEQUENCE FROM CEUSER.SEC_WIDGETS_V2_TABS TAB LEFT JOIN CEUSER.SEC_WIDGETS_V2_LAYOUT LYT ON (TAB.C_TAB_ID = LYT.C_TAB_ID AND  TAB.C_UNIT_CODE = LYT.C_UNIT_CODE AND TAB.C_USER_ID = LYT.C_USER_ID )    WHERE  TAB.C_UNIT_CODE = 'C011741'  AND  TAB.C_USER_ID = 'C011741CPM1'  AND  LYT.C_PAGE_NAME = 'default'  ORDER BY  TAB.I_TAB_SEQUENCE ASC 

 [end]

[start] [DEBUG] [2026-06-25 12:07:10.798] [C011741_C011741CPM1] 
Start to check whether user role is changed. [end]

[start] [DEBUG] [2026-06-25 12:07:10.823] [C011741_C011741CPM1] 
====request content is: 
    Request Type: Temp
Component : DBHelper
Session Context is: 
com.cs.core.utility.SessionContext@1d7973a6
Request Info Type : com.cs.core.dao.exec.SQLDao
Request Info Content is: 
[01]SELECT C_LAYOUT_INFO FROM CEUSER.SEC_WIDGETS_V2_LAYOUT  WHERE  C_UNIT_CODE = 'C011741'  AND  C_USER_ID = 'C011741CPM1'  AND  C_PAGE_NAME = 'default' 

 [end]

[start] [DEBUG] [2026-06-25 12:07:10.835] [C011741_C011741CPM1] 
Check whether user role is changed end. Result is: false [end]

[start] [DEBUG] [2026-06-25 12:07:10.836] [C011741_C011741CPM1] 
====request content is: 
    Request Type: Temp
Component : DBHelper
Session Context is: 
com.cs.core.utility.SessionContext@1d7973a6
Request Info Type : com.cs.core.dao.exec.SQLDao
Request Info Content is: 
[01]SELECT TAB.C_TAB_ID,TAB.C_TAB_NAME,TAB.I_TAB_SEQUENCE,LYT.C_LAYOUT_INFO FROM CEUSER.SEC_WIDGETS_V2_TABS TAB LEFT JOIN CEUSER.SEC_WIDGETS_V2_LAYOUT LYT ON (TAB.C_TAB_ID = LYT.C_TAB_ID AND  TAB.C_UNIT_CODE = LYT.C_UNIT_CODE AND TAB.C_USER_ID = LYT.C_USER_ID )    WHERE  TAB.C_UNIT_CODE = 'C011741'  AND  TAB.C_USER_ID = 'C011741CPM1'  AND  LYT.C_PAGE_NAME = 'default'  ORDER BY  TAB.I_TAB_SEQUENCE ASC 

 [end]

[start] [DEBUG] [2026-06-25 12:07:10.844] [C011741_C011741CPM1] 
====request content is: 
    Request Type: Temp
Component : DBHelper
Session Context is: 
com.cs.core.utility.SessionContext@1d7973a6
Request Info Type : com.cs.core.dao.exec.SQLDao
Request Info Content is: 
[01]SELECT C_INST_CONFIG FROM CEUSER.SEC_WIDGETS_V2_INST_CONFIG  WHERE  C_INST_ID = '8A8284979EEEF9EB019EEFCE78C60217'  AND  C_UNIT_CODE = 'C011741'  AND  C_USER_ID = 'C011741CPM1' 

 [end]

[start] [DEBUG] [2026-06-25 12:07:10.878] [C011741_C011741CPM1] 
====request content is: 
    Request Type: Temp
Component : DBHelper
Session Context is: 
com.cs.core.utility.SessionContext@1d7973a6
Request Info Type : com.cs.core.dao.exec.SQLDao
Request Info Content is: 
[01]SELECT C_INST_CONFIG FROM CEUSER.SEC_WIDGETS_V2_INST_CONFIG  WHERE  C_INST_ID = '8A8284979EEEF9EB019EEFCE78C60217'  AND  C_UNIT_CODE = 'C011741'  AND  C_USER_ID = 'C011741CPM1' 

 [end]

[start] [DEBUG] [2026-06-25 12:07:10.902] [C011741_C011741CPM1] 
====request content is: 
    Request Type: Temp
Component : DBHelper
Session Context is: 
com.cs.core.utility.SessionContext@1d7973a6
Request Info Type : com.cs.core.dao.exec.SQLDao
Request Info Content is: 
[01]SELECT C_INST_CONFIG FROM CEUSER.SEC_WIDGETS_V2_INST_CONFIG  WHERE  C_INST_ID = '8A8284979EEEF9EB019EEFCE78D10219'  AND  C_UNIT_CODE = 'C011741'  AND  C_USER_ID = 'C011741CPM1' 

 [end]

[start] [DEBUG] [2026-06-25 12:07:10.914] [C011741_C011741CPM1] 
====request content is: 
    Request Type: Temp
Component : DBHelper
Session Context is: 
com.cs.core.utility.SessionContext@1d7973a6
Request Info Type : com.cs.core.dao.exec.SQLDao
Request Info Content is: 
[01]SELECT C_INST_CONFIG FROM CEUSER.SEC_WIDGETS_V2_INST_CONFIG  WHERE  C_INST_ID = '8A8284979EEEF9EB019EEFCE78D10219'  AND  C_UNIT_CODE = 'C011741'  AND  C_USER_ID = 'C011741CPM1' 

 [end]

[start] [DEBUG] [2026-06-25 12:07:10.925] [C011741_C011741CPM1] 
====request content is: 
    Request Type: Temp
Component : DBHelper
Session Context is: 
com.cs.core.utility.SessionContext@1d7973a6
Request Info Type : com.cs.core.dao.exec.SQLDao
Request Info Content is: 
[01]SELECT C_INST_CONFIG FROM CEUSER.SEC_WIDGETS_V2_INST_CONFIG  WHERE  C_INST_ID = '8A8284979EEEF9EB019EEFCE78D6021A'  AND  C_UNIT_CODE = 'C011741'  AND  C_USER_ID = 'C011741CPM1' 

 [end]

[start] [DEBUG] [2026-06-25 12:07:10.936] [C011741_C011741CPM1] 
====request content is: 
    Request Type: Temp
Component : DBHelper
Session Context is: 
com.cs.core.utility.SessionContext@1d7973a6
Request Info Type : com.cs.core.dao.exec.SQLDao
Request Info Content is: 
[01]SELECT C_INST_CONFIG FROM CEUSER.SEC_WIDGETS_V2_INST_CONFIG  WHERE  C_INST_ID = '8A8284979EEEF9EB019EEFCE78D6021A'  AND  C_UNIT_CODE = 'C011741'  AND  C_USER_ID = 'C011741CPM1' 

 [end]

[start] [DEBUG] [2026-06-25 12:07:10.945] [C011741_C011741CPM1] 
====request content is: 
    Request Type: Temp
Component : DBHelper
Session Context is: 
com.cs.core.utility.SessionContext@1d7973a6
Request Info Type : com.cs.core.dao.exec.SQLDao
Request Info Content is: 
[01]SELECT C_INST_CONFIG FROM CEUSER.SEC_WIDGETS_V2_INST_CONFIG  WHERE  C_INST_ID = '8A8284979EEEF9EB019EEFCE78CC0218'  AND  C_UNIT_CODE = 'C011741'  AND  C_USER_ID = 'C011741CPM1' 

 [end]

[start] [DEBUG] [2026-06-25 12:07:10.949] [C011741_C011741CPM1] 
====request content is: 
    Request Type: Temp
Component : DBHelper
Session Context is: 
com.cs.core.utility.SessionContext@1d7973a6
Request Info Type : com.cs.core.dao.exec.SQLDao
Request Info Content is: 
[01]SELECT C_INST_CONFIG FROM CEUSER.SEC_WIDGETS_V2_INST_CONFIG  WHERE  C_INST_ID = '8A8284979EEEF9EB019EEFCE78CC0218'  AND  C_UNIT_CODE = 'C011741'  AND  C_USER_ID = 'C011741CPM1' 

 [end]

[start] [DEBUG] [2026-06-25 12:07:11.190] [C011741_C011741CPM1] 
====request content is: 
    Request Type: Temp
Component : DBHelper
Session Context is: 
com.cs.core.utility.SessionContext@6b795d6d
Request Info Type : com.cs.core.dao.exec.SQLDao
Request Info Content is: 
[01]SELECT C_INACTIVE FROM CEUSER.SEC_USER_INFO WHERE C_USER_ID = 'C011741CPM1' AND C_UNIT_CODE = 'C011741' 

 [end]

[start] [DEBUG] [2026-06-25 12:07:11.196] [C011741_C011741CPM1] 
The request URI is : /BL6CEWeb/v1/openapi/user/roles [end]

[start] [DEBUG] [2026-06-25 12:07:11.198] [C011741_C011741CPM1] 
The URI is :/BL6CEWeb/v1/openapi/user/roles [end]

[start] [DEBUG] [2026-06-25 12:07:11.198] [C011741_C011741CPM1] 
The session refresh token in session is : null [end]

[start] [DEBUG] [2026-06-25 12:07:11.204] [C011741_C011741CPM1] 
====request content is: 
    Request Type: Temp
Component : DBHelper
Session Context is: 
com.cs.core.utility.SessionContext@1840db4e
Request Info Type : com.cs.core.dao.exec.SQLDao
Request Info Content is: 
[01]SELECT C_INACTIVE FROM CEUSER.SEC_USER_INFO WHERE C_USER_ID = 'C011741CPM1' AND C_UNIT_CODE = 'C011741' 

 [end]

[start] [DEBUG] [2026-06-25 12:07:11.206] [C011741_C011741CPM1] 
====request content is: 
    Request Type: Temp
Component : DBHelper
Session Context is: 
com.cs.core.utility.SessionContext@8e44031a
Request Info Type : com.cs.core.dao.exec.SQLDao
Request Info Content is: 
[01]SELECT C_INACTIVE FROM CEUSER.SEC_USER_INFO WHERE C_USER_ID = 'C011741CPM1' AND C_UNIT_CODE = 'C011741' 

 [end]

[start] [DEBUG] [2026-06-25 12:07:11.212] [C011741_C011741CPM1] 
====request content is: 
    Request Type: Temp
Component : DBHelper
Session Context is: 
com.cs.core.utility.SessionContext@506f0bee
Request Info Type : com.cs.core.dao.exec.SQLDao
Request Info Content is: 
[01]SELECT C_INACTIVE FROM CEUSER.SEC_USER_INFO WHERE C_USER_ID = 'C011741CPM1' AND C_UNIT_CODE = 'C011741' 

 [end]

[start] [DEBUG] [2026-06-25 12:07:11.214] [C011741_C011741CPM1] 
The request URI is : /BL6CEWeb/v1/openapi/mainmenu [end]

[start] [DEBUG] [2026-06-25 12:07:11.214] [C011741_C011741CPM1] 
The URI is :/BL6CEWeb/v1/openapi/mainmenu [end]

[start] [DEBUG] [2026-06-25 12:07:11.214] [C011741_C011741CPM1] 
The request URI is : /BL6CEWeb/v1/openapi/widget/recentfunctions/view [end]

[start] [DEBUG] [2026-06-25 12:07:11.216] [C011741_C011741CPM1] 
The session refresh token in session is : null [end]

[start] [DEBUG] [2026-06-25 12:07:11.216] [C011741_C011741CPM1] 
The URI is :/BL6CEWeb/v1/openapi/widget/recentfunctions/view [end]

[start] [DEBUG] [2026-06-25 12:07:11.218] [C011741_C011741CPM1] 
The session refresh token in session is : null [end]

[start] [DEBUG] [2026-06-25 12:07:11.246] [C011741_C011741CPM1] 
Action target is :F05030701228 [end]

[start] [DEBUG] [2026-06-25 12:07:11.252] [C011741_C011741CPM1] 
Action type is :function [end]

[start] [DEBUG] [2026-06-25 12:07:11.252] [C011741_C011741CPM1] 
The request URI is : /BL6CEWeb/v1/openapi/ctaction/count [end]

[start] [DEBUG] [2026-06-25 12:07:11.265] [C011741_C011741CPM1] 
====request content is: 
    Request Type: Temp
Component : DBHelper
Session Context is: 
com.cs.core.utility.SessionContext@bf6b647c
Request Info Type : com.cs.core.dao.exec.SQLDao
Request Info Content is: 
[01]SELECT C_INACTIVE FROM CEUSER.SEC_USER_INFO WHERE C_USER_ID = 'C011741CPM1' AND C_UNIT_CODE = 'C011741' 

 [end]

[start] [DEBUG] [2026-06-25 12:07:11.252] [C011741_C011741CPM1] 
====request content is: 
    Request Type: Temp
Component : DBHelper
Session Context is: 
com.cs.core.utility.SessionContext@506f0bee
Request Info Type : com.cs.core.dao.exec.SQLDao
Request Info Content is: 
[01]SELECT C_IS_ACTIVE FROM CEUSER.SEC_WIDGETS_V2_LIST  WHERE  C_WIDGET_NAME = 'ShortcutMenu'  AND  C_ROLE_NAME IN ('MAKER') 

 [end]

[start] [DEBUG] [2026-06-25 12:07:11.268] [C011741_C011741CPM1] 
The URI is :/BL6CEWeb/v1/openapi/ctaction/count [end]

[start] [DEBUG] [2026-06-25 12:07:11.272] [C011741_C011741CPM1] 
The session refresh token in session is : null [end]

[start] [DEBUG] [2026-06-25 12:07:11.277] [C011741_C011741CPM1] 
The Catalog Object SQL is :SELECT DISTINCT T1.C_BK_GROUP_ID, T1.C_MAIN_REF, T1.C_TRX_REF, T1.C_UNIT_CODE, T1.PARENT_MAIN_REF, T1.C_TRX_STATUS, T1.CURRNT_STATUS, T1.C2A_STATUS, T1.I_EVENT_TIMES, T1.C_MODULE, T1.C_FUNC_ID, T1.C_PRODUCT_ID, T1.C_TRX_ID, T3.C_LOCKED_FLAG, T3.C_LOCKED_OP, T3.C_USER_DESC, T1.D_SYS_OP_DATE, T1.T_SYS_OP_TIME, T1.C2A_CCY, T1.C2A_AMOUNT, T1.C2A_COUNTERPARTY FROM CETRX.TRX_INBOX T1 LEFT JOIN CETRX.TRX_NEXT_FUNC T2 ON T1.C_PRODUCT_ID = T2.C_PRODUCT_ID AND T1.C2A_STATUS = T2.C2A_STATUS AND T1.C_TRX_STATUS = T2.C_TRX_STATUS LEFT JOIN CETRX.TRX_LOCK_INFO T3 ON T1.C_MAIN_REF = T3.C_MAIN_REF AND T1.C_UNIT_CODE = T3.C_UNIT_CODE WHERE (T2.C_NEXT_FUNC_ID IN (SELECT C_FUNC_ID FROM CEUSER.SEC_OP_FUNC WHERE C_USER_ID = ? AND C_GRP_CODE = ? AND C_UNIT_CODE = T1.C_UNIT_CODE) OR T2.C_NEXT_FUNC_ID IN (SELECT C_FUNC_ID FROM CEUSER.SEC_OP_FUNC WHERE C_GRP_CODE = ? AND C_USER_ID IN (SELECT C_ROLE_ID FROM CEUSER.SEC_USER_ROLE WHERE C_USER_ID = ? AND C_GRP_CODE = ?) AND C_UNIT_CODE = T1.C_UNIT_CODE)) AND (T1.C_TRX_STATUS = 'R' OR T1.C2A_STATUS IN ('Rejected by bank', 'Discrepancy notification', 'Document received') AND T1.C_TRX_STATUS = 'M' OR T1.C2A_STATUS IN ('Amendment(Detrimental)_fully authorized', 'Document discrepancy_fully authorized') AND T1.C_TRX_STATUS = 'A') AND T1.C_TRX_ID NOT IN (SELECT C_TRX_ID FROM CETRX.TRX_USER_DISMISS WHERE C_USER_ID = ? AND C_GRP_CODE = ?) AND (T1.C_MODULE = 'IMLC' OR T1.C_MODULE = 'EXLC' OR T1.C_MODULE = 'FAEF' OR T1.C_MODULE = 'FADA' OR T1.C_MODULE = 'TSUM' OR T1.C_MODULE = 'ABLF' OR T1.C_MODULE = 'UPLD') ORDER BY T1.D_SYS_OP_DATE DESC, T1.T_SYS_OP_TIME DESC [end]

[start] [DEBUG] [2026-06-25 12:07:11.281] [C011741_C011741CPM1] 
====request content is: 
    Request Type: Temp
Component : DBHelper
Session Context is: 
com.cs.core.utility.SessionContext@1840db4e
Request Info Type : com.cs.core.dao.exec.SQLDao
Request Info Content is: 
[01]SELECT COUNT(*) FROM (SELECT DISTINCT T1.C_BK_GROUP_ID, T1.C_MAIN_REF, T1.C_TRX_REF, T1.C_UNIT_CODE, T1.PARENT_MAIN_REF, T1.C_TRX_STATUS, T1.CURRNT_STATUS, T1.C2A_STATUS, T1.I_EVENT_TIMES, T1.C_MODULE, T1.C_FUNC_ID, T1.C_PRODUCT_ID, T1.C_TRX_ID, T3.C_LOCKED_FLAG, T3.C_LOCKED_OP, T3.C_USER_DESC, T1.D_SYS_OP_DATE, T1.T_SYS_OP_TIME, T1.C2A_CCY, T1.C2A_AMOUNT, T1.C2A_COUNTERPARTY FROM CETRX.TRX_INBOX T1 LEFT JOIN CETRX.TRX_NEXT_FUNC T2 ON T1.C_PRODUCT_ID = T2.C_PRODUCT_ID AND T1.C2A_STATUS = T2.C2A_STATUS AND T1.C_TRX_STATUS = T2.C_TRX_STATUS LEFT JOIN CETRX.TRX_LOCK_INFO T3 ON T1.C_MAIN_REF = T3.C_MAIN_REF AND T1.C_UNIT_CODE = T3.C_UNIT_CODE WHERE   T1.C_BK_GROUP_ID = 'CSBANK'  AND (( T1.C_UNIT_CODE = 'C011741'  AND  T1.C_PRODUCT_ID IN ('FHS0YffwVNuA','P19080800000','P19080800001','P19080800002','epF3a6u4ZGAt') )) AND (T2.C_NEXT_FUNC_ID IN (SELECT C_FUNC_ID FROM CEUSER.SEC_OP_FUNC WHERE C_USER_ID = 'C011741CPM1' AND C_GRP_CODE = 'C011741' AND C_UNIT_CODE = T1.C_UNIT_CODE) OR T2.C_NEXT_FUNC_ID IN (SELECT C_FUNC_ID FROM CEUSER.SEC_OP_FUNC WHERE C_GRP_CODE = 'C011741' AND C_USER_ID IN (SELECT C_ROLE_ID FROM CEUSER.SEC_USER_ROLE WHERE C_USER_ID = 'C011741CPM1' AND C_GRP_CODE = 'C011741') AND C_UNIT_CODE = T1.C_UNIT_CODE)) AND (T1.C_TRX_STATUS = 'R' OR T1.C2A_STATUS IN ('Rejected by bank', 'Discrepancy notification', 'Document received') AND T1.C_TRX_STATUS = 'M' OR T1.C2A_STATUS IN ('Amendment(Detrimental)_fully authorized', 'Document discrepancy_fully authorized') AND T1.C_TRX_STATUS = 'A') AND T1.C_TRX_ID NOT IN (SELECT C_TRX_ID FROM CETRX.TRX_USER_DISMISS WHERE C_USER_ID = 'C011741CPM1' AND C_GRP_CODE = 'C011741') AND (T1.C_MODULE = 'IMLC' OR T1.C_MODULE = 'EXLC' OR T1.C_MODULE = 'FAEF' OR T1.C_MODULE = 'FADA' OR T1.C_MODULE = 'TSUM' OR T1.C_MODULE = 'ABLF' OR T1.C_MODULE = 'UPLD') ORDER BY T1.D_SYS_OP_DATE DESC, T1.T_SYS_OP_TIME DESC)

 [end]

[start] [DEBUG] [2026-06-25 12:07:11.285] [C011741_C011741CPM1] 
Action target is :Party [end]

[start] [DEBUG] [2026-06-25 12:07:11.287] [C011741_C011741CPM1] 
Action type is :catalog [end]

[start] [DEBUG] [2026-06-25 12:07:11.291] [C011741_C011741CPM1] 
Action target is :Clause [end]

[start] [DEBUG] [2026-06-25 12:07:11.291] [C011741_C011741CPM1] 
Action type is :catalog [end]

[start] [DEBUG] [2026-06-25 12:07:11.295] [C011741_C011741CPM1] 
Action target is :AccountMaintain [end]

[start] [DEBUG] [2026-06-25 12:07:11.295] [C011741_C011741CPM1] 
Action type is :catalog [end]

[start] [DEBUG] [2026-06-25 12:07:11.303] [C011741_C011741CPM1] 
The request URI is : /BL6CEWeb/v1/openapi/widget/favourites/inquire [end]

[start] [DEBUG] [2026-06-25 12:07:11.305] [C011741_C011741CPM1] 
The URI is :/BL6CEWeb/v1/openapi/widget/favourites/inquire [end]

[start] [DEBUG] [2026-06-25 12:07:11.305] [C011741_C011741CPM1] 
The session refresh token in session is : null [end]

[start] [DEBUG] [2026-06-25 12:07:11.309] [C011741_C011741CPM1] 
Action target is :EmailGroup [end]

[start] [DEBUG] [2026-06-25 12:07:11.309] [C011741_C011741CPM1] 
Action type is :catalog [end]

[start] [DEBUG] [2026-06-25 12:07:11.313] [C011741_C011741CPM1] 
Action target is :F05030701115 [end]

[start] [DEBUG] [2026-06-25 12:07:11.315] [C011741_C011741CPM1] 
Action type is :function [end]

[start] [DEBUG] [2026-06-25 12:07:11.317] [C011741_C011741CPM1] 
Action target is :Label [end]

[start] [DEBUG] [2026-06-25 12:07:11.319] [C011741_C011741CPM1] 
Action type is :catalog [end]

[start] [DEBUG] [2026-06-25 12:07:11.331] [C011741_C011741CPM1] 
====request content is: 
    Request Type: Temp
Component : DBHelper
Session Context is: 
com.cs.core.utility.SessionContext@54a515ce
Request Info Type : com.cs.core.dao.exec.SQLDao
Request Info Content is: 
[01]SELECT C_INACTIVE FROM CEUSER.SEC_USER_INFO WHERE C_USER_ID = 'C011741CPM1' AND C_UNIT_CODE = 'C011741' 

 [end]

[start] [DEBUG] [2026-06-25 12:07:11.333] [C011741_C011741CPM1] 
====request content is: 
    Request Type: Temp
Component : DBHelper
Session Context is: 
com.cs.core.utility.SessionContext@bf6b647c
Request Info Type : com.cs.core.dao.exec.SQLDao
Request Info Content is: 
[01]SELECT C_FUNC_ID,T_OP_TIME FROM CETRX.TRX_FAVOR_FUNC  WHERE  C_UNIT_CODE = 'C011741'  AND  C_USER_ID = 'C011741CPM1'  ORDER BY  T_OP_TIME DESC 

 [end]

[start] [DEBUG] [2026-06-25 12:07:11.347] [C011741_C011741CPM1] 
The request URI is : /BL6CEWeb/v1/openapi/reports/list [end]

[start] [DEBUG] [2026-06-25 12:07:11.347] [C011741_C011741CPM1] 
The URI is :/BL6CEWeb/v1/openapi/reports/list [end]

[start] [DEBUG] [2026-06-25 12:07:11.349] [C011741_C011741CPM1] 
The session refresh token in session is : null [end]

[start] [DEBUG] [2026-06-25 12:07:11.354] [C011741_C011741CPM1] 
Access the endPoint '/reports/list'.
The request body is :{"data":{"type":"Pinned"}} [end]

[start] [DEBUG] [2026-06-25 12:07:11.356] [C011741_C011741CPM1] 
====request content is: 
    Request Type: Temp
Component : DBHelper
Session Context is: 
com.cs.core.utility.SessionContext@54a515ce
Request Info Type : com.cs.core.dao.exec.SQLDao
Request Info Content is: 
[01]SELECT A.C_REPORT_ID,A.C_GRP_CODE,A.C_USER_ID,A.T_PIN_DATE,B.C_SOURCE_REPORT,B.C_REPORT_NAME,B.T_UPDATE_DATE,C.C_USER_DESC FROM CETRX.TRX_USER_REPORT_PIN A LEFT JOIN CETRX.TRX_USER_REPORT B ON A.C_REPORT_ID = B.C_REPORT_ID  LEFT JOIN CEUSER.SEC_USER_INFO C ON A.C_GRP_CODE = C.C_UNIT_CODE AND A.C_USER_ID = C.C_USER_ID  WHERE  A.C_GRP_CODE = 'C011741'  AND  A.C_USER_ID = 'C011741CPM1'  ORDER BY B.T_UPDATE_DATE DESC

 [end]

[start] [DEBUG] [2026-06-25 12:07:11.362] [C011741_C011741CPM1] 
====request content is: 
    Request Type: Temp
Component : DBHelper
Session Context is: 
com.cs.core.utility.SessionContext@45dca6d7
Request Info Type : com.cs.core.dao.exec.SQLDao
Request Info Content is: 
[01]SELECT C_INACTIVE FROM CEUSER.SEC_USER_INFO WHERE C_USER_ID = 'C011741CPM1' AND C_UNIT_CODE = 'C011741' 

 [end]

[start] [DEBUG] [2026-06-25 12:07:11.370] [C011741_C011741CPM1] 
The request URI is : /BL6CEWeb/v1/openapi/calendar-event/event-list [end]

[start] [DEBUG] [2026-06-25 12:07:11.374] [C011741_C011741CPM1] 
The URI is :/BL6CEWeb/v1/openapi/calendar-event/event-list [end]

[start] [DEBUG] [2026-06-25 12:07:11.376] [C011741_C011741CPM1] 
The session refresh token in session is : null [end]

[start] [ERROR] [2026-06-25 12:07:11.404] [C011741_C011741CPM1] 
{{W}}[000334]Access is not allowed. Please contact the product support team. [end]

[start] [ERROR] [2026-06-25 12:07:11.409] [C011741_C011741CPM1] 
{{W}}[000334]Access is not allowed. Please contact the product support team. [end]

[start] [ERROR] [2026-06-25 12:07:11.415] [C011741_C011741CPM1] 
{{W}}[000334]Access is not allowed. Please contact the product support team. [end]

[start] [DEBUG] [2026-06-25 12:07:11.418] [C011741_C011741CPM1] 
====request content is: 
    Request Type: Temp
Component : DBHelper
Session Context is: 
com.cs.core.utility.SessionContext@45dca6d7
Request Info Type : com.cs.core.dao.exec.SQLDao
Request Info Content is: 
[01]SELECT FA_DOC_DUE_DT AS GROUP_DATE, COUNT(*) AS ASCOUNT FROM (SELECT C_PRODUCT_ID, C_MAIN_REF, C_CUST_ID, C_TRX_REF, I_EVENT_TIMES, C_BK_GROUP_ID, C_UNIT_CODE, FA_SEL_NM, FA_BUYER_NM, FA_DOC_CCY, FA_DOC_AMT, AUTH_AMT, AUTH_CCY, PARENT_MAIN_REF, FA_DOC_DT, FA_DOC_DUE_DT, CURRNT_STATUS, C_TRX_STATUS, D_CREA_DATE, D_RELE_DATE, C_FUNC_ID, C_EVENT_NAME, C_EVENT_STATUS, C_NOW_EVENT, C_LOCKED_FLAG, C_LOCKED_OP, C_RELE_BY FROM CETRX.FAEF_EM_INV WHERE   C_BK_GROUP_ID = 'CSBANK'  AND (( C_UNIT_CODE = 'C011741'  AND  C_PRODUCT_ID = 'P19080800001' )) AND C_TRX_STATUS IN ('P', 'A', 'T', 'R', 'M') AND FA_DOC_DUE_DT >= TO_DATE('2026-01-01', 'YYYY-MM-DD') AND FA_DOC_DUE_DT <= TO_DATE('2026-12-31', 'YYYY-MM-DD') ) TEMP_TABLE GROUP BY FA_DOC_DUE_DT

 [end]

[start] [DEBUG] [2026-06-25 12:07:11.440] [C011741_C011741CPM1] 
====request content is: 
    Request Type: Temp
Component : DBHelper
Session Context is: 
com.cs.core.utility.SessionContext@506f0bee
Request Info Type : com.cs.core.dao.exec.SQLDao
Request Info Content is: 
[01]SELECT C_FUNC_ID,C_MODULE FROM CETRX.TRX_ACT_LOG WHERE C_FUNC_ID IS NOT NULL AND C_UNIT_CODE = 'C011741' AND C_USER_ID = 'C011741CPM1' AND D_SYS_OP_DATE BETWEEN TO_DATE('2026-05-26','yyyy-MM-dd') AND TO_DATE('2026-06-25','yyyy-MM-dd') ORDER BY D_SYS_OP_DATE DESC,T_SYS_OP_TIME DESC

 [end]

[start] [DEBUG] [2026-06-25 12:07:11.509] [C011741_C011741CPM1] 
The Catalog Object SQL is :SELECT T1.C_BK_GROUP_ID, T1.C_MAIN_REF, T1.C_TRX_REF, T1.C_UNIT_CODE, T1.PARENT_MAIN_REF, T1.C_TRX_STATUS, T1.CURRNT_STATUS, (CASE WHEN T1.C_MODULE = 'FADA' OR T1.C_MODULE = 'FAEF' THEN T1.C_TRX_STATUS ELSE T1.C2A_STATUS END) C2A_STATUS, T1.I_EVENT_TIMES, T1.C_MODULE, T1.C_FUNC_ID, T1.C_PRODUCT_ID, T1.C_TRX_ID, T3.C_LOCKED_FLAG, T3.C_LOCKED_OP, T3.C_USER_DESC, T1.D_SYS_OP_DATE, T1.T_SYS_OP_TIME, T1.C2A_CCY, T1.C2A_AMOUNT, T1.C2A_COUNTERPARTY FROM CETRX.TRX_INBOX T1 LEFT JOIN CETRX.TRX_LOCK_INFO T3 ON T1.C_MAIN_REF = T3.C_MAIN_REF AND T1.C_UNIT_CODE = T3.C_UNIT_CODE WHERE (T1.C_TRX_STATUS IN ('P', 'T', 'A', 'S') AND (T1.C_MODULE = 'IMLC' OR T1.C_MODULE = 'EXLC' OR T1.C_MODULE = 'FAEF' OR T1.C_MODULE = 'FADA' OR T1.C_MODULE = 'ABLF') AND T1.C2A_STATUS NOT IN ('Discrepancies rejected_fully authorized') OR T1.C_TRX_STATUS = 'M' AND (T1.C_MODULE = 'IMLC' AND T1.C2A_STATUS NOT IN ('Issued', 'Amended', 'Beneficiary rejected', 'Settled') OR T1.C_MODULE = 'EXCO' AND T1.CURRNT_STATUS NOT IN ('Payment Advice') OR T1.C_MODULE = 'EXLC' AND T1.CURRNT_STATUS NOT IN ('Settled', 'Advise Received', 'Amendment Received', 'Docment Received') OR T1.C_MODULE = 'FAEF' AND T1.CURRNT_STATUS NOT IN ('Settled', 'Advise Received') OR T1.C_MODULE = 'FADA' AND T1.CURRNT_STATUS NOT IN ('Settled', 'Advise Received') OR T1.C_MODULE = 'ABLF' AND T1.CURRNT_STATUS NOT IN ('Settled', 'Advise Received'))) AND T1.C_TRX_ID NOT IN (SELECT C_TRX_ID FROM CETRX.TRX_USER_DISMISS WHERE C_USER_ID = ? AND C_GRP_CODE = ?) AND (T1.C_MODULE = 'IMLC' OR T1.C_MODULE = 'EXLC' OR T1.C_MODULE = 'FAEF' OR T1.C_MODULE = 'FADA' OR T1.C_MODULE = 'ABLF') ORDER BY T1.D_SYS_OP_DATE DESC, T1.T_SYS_OP_TIME DESC [end]

[start] [DEBUG] [2026-06-25 12:07:11.513] [C011741_C011741CPM1] 
====request content is: 
    Request Type: Temp
Component : DBHelper
Session Context is: 
com.cs.core.utility.SessionContext@1840db4e
Request Info Type : com.cs.core.dao.exec.SQLDao
Request Info Content is: 
[01]SELECT COUNT(*) FROM CETRX.TRX_INBOX T1 LEFT JOIN CETRX.TRX_LOCK_INFO T3 ON T1.C_MAIN_REF = T3.C_MAIN_REF AND T1.C_UNIT_CODE = T3.C_UNIT_CODE WHERE   T1.C_BK_GROUP_ID = 'CSBANK'  AND (( T1.C_UNIT_CODE = 'C011741'  AND  T1.C_PRODUCT_ID IN ('FHS0YffwVNuA','P19080800000','P19080800001','P19080800002','epF3a6u4ZGAt') )) AND (T1.C_TRX_STATUS IN ('P', 'T', 'A', 'S') AND (T1.C_MODULE = 'IMLC' OR T1.C_MODULE = 'EXLC' OR T1.C_MODULE = 'FAEF' OR T1.C_MODULE = 'FADA' OR T1.C_MODULE = 'ABLF') AND T1.C2A_STATUS NOT IN ('Discrepancies rejected_fully authorized') OR T1.C_TRX_STATUS = 'M' AND (T1.C_MODULE = 'IMLC' AND T1.C2A_STATUS NOT IN ('Issued', 'Amended', 'Beneficiary rejected', 'Settled') OR T1.C_MODULE = 'EXCO' AND T1.CURRNT_STATUS NOT IN ('Payment Advice') OR T1.C_MODULE = 'EXLC' AND T1.CURRNT_STATUS NOT IN ('Settled', 'Advise Received', 'Amendment Received', 'Docment Received') OR T1.C_MODULE = 'FAEF' AND T1.CURRNT_STATUS NOT IN ('Settled', 'Advise Received') OR T1.C_MODULE = 'FADA' AND T1.CURRNT_STATUS NOT IN ('Settled', 'Advise Received') OR T1.C_MODULE = 'ABLF' AND T1.CURRNT_STATUS NOT IN ('Settled', 'Advise Received'))) AND T1.C_TRX_ID NOT IN (SELECT C_TRX_ID FROM CETRX.TRX_USER_DISMISS WHERE C_USER_ID = 'C011741CPM1' AND C_GRP_CODE = 'C011741') AND (T1.C_MODULE = 'IMLC' OR T1.C_MODULE = 'EXLC' OR T1.C_MODULE = 'FAEF' OR T1.C_MODULE = 'FADA' OR T1.C_MODULE = 'ABLF')

 [end]

[start] [DEBUG] [2026-06-25 12:07:11.539] [C011741_C011741CPM1] 
The Catalog Object SQL is :SELECT T1.C_BK_GROUP_ID, T1.C_MAIN_REF, T1.C_TRX_REF, T1.C_UNIT_CODE, T1.PARENT_MAIN_REF, T1.C_TRX_STATUS, T1.CURRNT_STATUS, (CASE WHEN T1.C_MODULE = 'FADA' OR T1.C_MODULE = 'FAEF' THEN T1.C_TRX_STATUS ELSE T1.C2A_STATUS END) C2A_STATUS, T1.I_EVENT_TIMES, T1.C_MODULE, T1.C_FUNC_ID, T1.C_PRODUCT_ID, T1.C_TRX_ID, T3.C_LOCKED_FLAG, T3.C_LOCKED_OP, T3.C_USER_DESC, T1.D_SYS_OP_DATE, T1.T_SYS_OP_TIME, T1.C2A_CCY, T1.C2A_AMOUNT, T1.C2A_COUNTERPARTY FROM CETRX.TRX_INBOX T1 LEFT JOIN CETRX.TRX_LOCK_INFO T3 ON T1.C_MAIN_REF = T3.C_MAIN_REF AND T1.C_UNIT_CODE = T3.C_UNIT_CODE WHERE (T1.C2A_STATUS IN ('Issued', 'Amended', 'Beneficiary rejected', 'Discrepancies rejected_fully authorized', 'Settled') AND T1.C_MODULE = 'IMLC' OR T1.CURRNT_STATUS IN ('Issued', 'Amended', 'Detrimental Amendment', 'Beneficiary Consent', 'Beneficiary Rejected', 'Document Presentation', 'Document Presentation', 'Settlement', 'Settled') AND T1.C_MODULE = 'EXCO' OR T1.C2A_STATUS IN ('Settled', 'Amendment_fully authorized', '') AND T1.C_MODULE = 'EXLC' OR T1.C_FUNC_ID IN ('F05030700899', 'F05030700901', 'F05030700908') AND T1.C2A_STATUS = 'Fully authorized' AND T1.C_MODULE = 'EXLC' OR T1.C_MODULE = 'FADA' OR T1.C_MODULE = 'FAEF') AND T1.C_TRX_STATUS IN ('M', 'A', 'S') AND T1.C_TRX_ID NOT IN (SELECT C_TRX_ID FROM CETRX.TRX_USER_DISMISS WHERE C_USER_ID = ? AND C_GRP_CODE = ?) AND (T1.C_MODULE = 'IMLC' OR T1.C_MODULE = 'EXLC' OR T1.C_MODULE = 'FADA' OR T1.C_MODULE = 'FAEF') ORDER BY T1.D_SYS_OP_DATE DESC, T1.T_SYS_OP_TIME DESC, T1.PARENT_MAIN_REF DESC [end]

[start] [DEBUG] [2026-06-25 12:07:11.541] [C011741_C011741CPM1] 
====request content is: 
    Request Type: Temp
Component : DBHelper
Session Context is: 
com.cs.core.utility.SessionContext@1840db4e
Request Info Type : com.cs.core.dao.exec.SQLDao
Request Info Content is: 
[01]SELECT COUNT(*) FROM CETRX.TRX_INBOX T1 LEFT JOIN CETRX.TRX_LOCK_INFO T3 ON T1.C_MAIN_REF = T3.C_MAIN_REF AND T1.C_UNIT_CODE = T3.C_UNIT_CODE WHERE   T1.C_BK_GROUP_ID = 'CSBANK'  AND (( T1.C_UNIT_CODE = 'C011741'  AND  T1.C_PRODUCT_ID IN ('FHS0YffwVNuA','P19080800000','P19080800001','P19080800002','epF3a6u4ZGAt') )) AND (T1.C2A_STATUS IN ('Issued', 'Amended', 'Beneficiary rejected', 'Discrepancies rejected_fully authorized', 'Settled') AND T1.C_MODULE = 'IMLC' OR T1.CURRNT_STATUS IN ('Issued', 'Amended', 'Detrimental Amendment', 'Beneficiary Consent', 'Beneficiary Rejected', 'Document Presentation', 'Document Presentation', 'Settlement', 'Settled') AND T1.C_MODULE = 'EXCO' OR T1.C2A_STATUS IN ('Settled', 'Amendment_fully authorized', '') AND T1.C_MODULE = 'EXLC' OR T1.C_FUNC_ID IN ('F05030700899', 'F05030700901', 'F05030700908') AND T1.C2A_STATUS = 'Fully authorized' AND T1.C_MODULE = 'EXLC' OR T1.C_MODULE = 'FADA' OR T1.C_MODULE = 'FAEF') AND T1.C_TRX_STATUS IN ('M', 'A', 'S') AND T1.C_TRX_ID NOT IN (SELECT C_TRX_ID FROM CETRX.TRX_USER_DISMISS WHERE C_USER_ID = 'C011741CPM1' AND C_GRP_CODE = 'C011741') AND (T1.C_MODULE = 'IMLC' OR T1.C_MODULE = 'EXLC' OR T1.C_MODULE = 'FADA' OR T1.C_MODULE = 'FAEF')

 [end]

[start] [DEBUG] [2026-06-25 12:07:11.600] [C011741_C011741CPM1] 
The Catalog Object SQL is :SELECT DISTINCT T1.C_BK_GROUP_ID, T1.C_MAIN_REF, T1.C_TRX_REF, T1.C_UNIT_CODE, T1.PARENT_MAIN_REF, T1.C_TRX_STATUS, T1.I_EVENT_TIMES, T1.C_MODULE, T1.C_FUNC_ID, T1.C_PRODUCT_ID, T1.C_TRX_ID, T3.C_LOCKED_FLAG, T3.C_LOCKED_OP, T3.C_USER_DESC, T1.D_SYS_OP_DATE, T1.T_SYS_OP_TIME, T1.C2A_CCY, T1.C2A_AMOUNT, T1.C2A_COUNTERPARTY FROM CETRX.TRX_INBOX T1 LEFT JOIN CETRX.TRX_NEXT_FUNC T2 ON T1.C_PRODUCT_ID = T2.C_PRODUCT_ID AND T1.C_TRX_STATUS = T2.C_TRX_STATUS LEFT JOIN CETRX.TRX_LOCK_INFO T3 ON T1.C_MAIN_REF = T3.C_MAIN_REF AND T1.C_UNIT_CODE = T3.C_UNIT_CODE WHERE (T2.C_NEXT_FUNC_ID IN (SELECT C_FUNC_ID FROM CEUSER.SEC_OP_FUNC WHERE C_USER_ID = ? AND C_GRP_CODE = ? AND C_UNIT_CODE = T1.C_UNIT_CODE) OR T2.C_NEXT_FUNC_ID IN (SELECT C_FUNC_ID FROM CEUSER.SEC_OP_FUNC WHERE C_GRP_CODE = ? AND C_USER_ID IN (SELECT C_ROLE_ID FROM CEUSER.SEC_USER_ROLE WHERE C_USER_ID = ? AND C_GRP_CODE = ?) AND C_UNIT_CODE = T1.C_UNIT_CODE)) AND T1.C_TRX_STATUS = 'Z' AND T1.C_TRX_ID NOT IN (SELECT C_TRX_ID FROM CETRX.TRX_USER_DISMISS WHERE C_USER_ID = ? AND C_GRP_CODE = ?) AND (T1.C_MODULE = 'IMLC' OR T1.C_MODULE = 'EXLC' OR T1.C_MODULE = 'FAEF' OR T1.C_MODULE = 'FADA' OR T1.C_MODULE = 'ABLF') ORDER BY T1.D_SYS_OP_DATE DESC, T1.T_SYS_OP_TIME DESC [end]

[start] [DEBUG] [2026-06-25 12:07:11.602] [C011741_C011741CPM1] 
====request content is: 
    Request Type: Temp
Component : DBHelper
Session Context is: 
com.cs.core.utility.SessionContext@1840db4e
Request Info Type : com.cs.core.dao.exec.SQLDao
Request Info Content is: 
[01]SELECT COUNT(*) FROM (SELECT DISTINCT T1.C_BK_GROUP_ID, T1.C_MAIN_REF, T1.C_TRX_REF, T1.C_UNIT_CODE, T1.PARENT_MAIN_REF, T1.C_TRX_STATUS, T1.I_EVENT_TIMES, T1.C_MODULE, T1.C_FUNC_ID, T1.C_PRODUCT_ID, T1.C_TRX_ID, T3.C_LOCKED_FLAG, T3.C_LOCKED_OP, T3.C_USER_DESC, T1.D_SYS_OP_DATE, T1.T_SYS_OP_TIME, T1.C2A_CCY, T1.C2A_AMOUNT, T1.C2A_COUNTERPARTY FROM CETRX.TRX_INBOX T1 LEFT JOIN CETRX.TRX_NEXT_FUNC T2 ON T1.C_PRODUCT_ID = T2.C_PRODUCT_ID AND T1.C_TRX_STATUS = T2.C_TRX_STATUS LEFT JOIN CETRX.TRX_LOCK_INFO T3 ON T1.C_MAIN_REF = T3.C_MAIN_REF AND T1.C_UNIT_CODE = T3.C_UNIT_CODE WHERE   T1.C_BK_GROUP_ID = 'CSBANK'  AND (( T1.C_UNIT_CODE = 'C011741'  AND  T1.C_PRODUCT_ID IN ('FHS0YffwVNuA','P19080800000','P19080800001','P19080800002','epF3a6u4ZGAt') )) AND (T2.C_NEXT_FUNC_ID IN (SELECT C_FUNC_ID FROM CEUSER.SEC_OP_FUNC WHERE C_USER_ID = 'C011741CPM1' AND C_GRP_CODE = 'C011741' AND C_UNIT_CODE = T1.C_UNIT_CODE) OR T2.C_NEXT_FUNC_ID IN (SELECT C_FUNC_ID FROM CEUSER.SEC_OP_FUNC WHERE C_GRP_CODE = 'C011741' AND C_USER_ID IN (SELECT C_ROLE_ID FROM CEUSER.SEC_USER_ROLE WHERE C_USER_ID = 'C011741CPM1' AND C_GRP_CODE = 'C011741') AND C_UNIT_CODE = T1.C_UNIT_CODE)) AND T1.C_TRX_STATUS = 'Z' AND T1.C_TRX_ID NOT IN (SELECT C_TRX_ID FROM CETRX.TRX_USER_DISMISS WHERE C_USER_ID = 'C011741CPM1' AND C_GRP_CODE = 'C011741') AND (T1.C_MODULE = 'IMLC' OR T1.C_MODULE = 'EXLC' OR T1.C_MODULE = 'FAEF' OR T1.C_MODULE = 'FADA' OR T1.C_MODULE = 'ABLF') ORDER BY T1.D_SYS_OP_DATE DESC, T1.T_SYS_OP_TIME DESC)

 [end]

[start] [DEBUG] [2026-06-25 12:07:11.832] [C011741_C011741CPM1] 
====request content is: 
    Request Type: Temp
Component : DBHelper
Session Context is: 
com.cs.core.utility.SessionContext@e5a7eef9
Request Info Type : com.cs.core.dao.exec.SQLDao
Request Info Content is: 
[01]SELECT C_INACTIVE FROM CEUSER.SEC_USER_INFO WHERE C_USER_ID = 'C011741CPM1' AND C_UNIT_CODE = 'C011741' 

 [end]

[start] [DEBUG] [2026-06-25 12:07:11.836] [C011741_C011741CPM1] 
The request URI is : /BL6CEWeb/v1/openapi/catalog/combo/meta [end]

[start] [DEBUG] [2026-06-25 12:07:11.836] [C011741_C011741CPM1] 
The URI is :/BL6CEWeb/v1/openapi/catalog/combo/meta [end]

[start] [DEBUG] [2026-06-25 12:07:11.838] [C011741_C011741CPM1] 
The session refresh token in session is : null [end]

[start] [DEBUG] [2026-06-25 12:07:11.840] [C011741_C011741CPM1] 
====request content is: 
    Request Type: Temp
Component : DBHelper
Session Context is: 
com.cs.core.utility.SessionContext@e5a7eef9
Request Info Type : com.cs.core.dao.exec.SQLDao
Request Info Content is: 
[01]SELECT C_CRITERIA_DATA,C_TMPL_NAME,C_IS_DEFAULT FROM CETRX.STD_SEARCH_CRITERIA  WHERE  C_UNIT_CODE = 'C011741'  AND  C_USER_ID = 'C011741CPM1'  AND  C_CATA_ID = 'C2A_InProgress_Maker'  AND  C_BK_GROUP_ID = 'CSBANK'  AND  I_CRITERIA_TYPE = 4 

 [end]

[start] [DEBUG] [2026-06-25 12:07:11.843] [C011741_C011741CPM1] 
The option type "distinctRecord" is only used to show the dropdown list not for format [end]

[start] [ERROR] [2026-06-25 12:07:11.845] [C011741_C011741CPM1] 
Can not find product ID  in parameter products.xml [end]

[start] [ERROR] [2026-06-25 12:07:11.845] [C011741_C011741CPM1] 
Can not find product ID  in parameter products.xml [end]

[start] [ERROR] [2026-06-25 12:07:11.847] [C011741_C011741CPM1] 
Can not find product ID  in parameter products.xml [end]

[start] [ERROR] [2026-06-25 12:07:11.849] [C011741_C011741CPM1] 
Can not find product ID  in parameter products.xml [end]

[start] [ERROR] [2026-06-25 12:07:11.849] [C011741_C011741CPM1] 
Can not find product ID  in parameter products.xml [end]

[start] [ERROR] [2026-06-25 12:07:11.851] [C011741_C011741CPM1] 
Can not find product ID  in parameter products.xml [end]

[start] [ERROR] [2026-06-25 12:07:11.851] [C011741_C011741CPM1] 
Can not find product ID  in parameter products.xml [end]

[start] [ERROR] [2026-06-25 12:07:11.853] [C011741_C011741CPM1] 
Can not find product ID  in parameter products.xml [end]

[start] [ERROR] [2026-06-25 12:07:11.853] [C011741_C011741CPM1] 
Can not find product ID  in parameter products.xml [end]

[start] [ERROR] [2026-06-25 12:07:11.855] [C011741_C011741CPM1] 
Can not find product ID  in parameter products.xml [end]

[start] [ERROR] [2026-06-25 12:07:11.855] [C011741_C011741CPM1] 
Can not find product ID  in parameter products.xml [end]

[start] [ERROR] [2026-06-25 12:07:11.857] [C011741_C011741CPM1] 
Can not find product ID  in parameter products.xml [end]

[start] [ERROR] [2026-06-25 12:07:11.859] [C011741_C011741CPM1] 
Can not find product ID  in parameter products.xml [end]

[start] [ERROR] [2026-06-25 12:07:11.861] [C011741_C011741CPM1] 
Can not find product ID  in parameter products.xml [end]

[start] [ERROR] [2026-06-25 12:07:11.861] [C011741_C011741CPM1] 
Can not find product ID  in parameter products.xml [end]

[start] [ERROR] [2026-06-25 12:07:11.863] [C011741_C011741CPM1] 
Can not find product ID  in parameter products.xml [end]

[start] [ERROR] [2026-06-25 12:07:11.863] [C011741_C011741CPM1] 
Can not find product ID  in parameter products.xml [end]

[start] [ERROR] [2026-06-25 12:07:11.865] [C011741_C011741CPM1] 
Can not find product ID  in parameter products.xml [end]

[start] [ERROR] [2026-06-25 12:07:11.865] [C011741_C011741CPM1] 
Can not find product ID  in parameter products.xml [end]

[start] [ERROR] [2026-06-25 12:07:11.867] [C011741_C011741CPM1] 
Can not find product ID  in parameter products.xml [end]

[start] [ERROR] [2026-06-25 12:07:11.869] [C011741_C011741CPM1] 
Can not find product ID  in parameter products.xml [end]

[start] [ERROR] [2026-06-25 12:07:11.869] [C011741_C011741CPM1] 
Can not find product ID  in parameter products.xml [end]

[start] [ERROR] [2026-06-25 12:07:11.871] [C011741_C011741CPM1] 
Can not find product ID  in parameter products.xml [end]

[start] [ERROR] [2026-06-25 12:07:11.871] [C011741_C011741CPM1] 
Can not find product ID  in parameter products.xml [end]

[start] [ERROR] [2026-06-25 12:07:11.873] [C011741_C011741CPM1] 
Can not find product ID  in parameter products.xml [end]

[start] [ERROR] [2026-06-25 12:07:11.873] [C011741_C011741CPM1] 
Can not find product ID  in parameter products.xml [end]

[start] [ERROR] [2026-06-25 12:07:11.875] [C011741_C011741CPM1] 
Can not find product ID  in parameter products.xml [end]

[start] [ERROR] [2026-06-25 12:07:11.875] [C011741_C011741CPM1] 
Can not find product ID  in parameter products.xml [end]

[start] [ERROR] [2026-06-25 12:07:11.877] [C011741_C011741CPM1] 
Can not find product ID  in parameter products.xml [end]

[start] [ERROR] [2026-06-25 12:07:11.877] [C011741_C011741CPM1] 
Can not find product ID  in parameter products.xml [end]

[start] [ERROR] [2026-06-25 12:07:11.881] [C011741_C011741CPM1] 
Can not find product ID  in parameter products.xml [end]

[start] [ERROR] [2026-06-25 12:07:11.881] [C011741_C011741CPM1] 
Can not find product ID  in parameter products.xml [end]

[start] [ERROR] [2026-06-25 12:07:11.883] [C011741_C011741CPM1] 
Can not find product ID  in parameter products.xml [end]

[start] [ERROR] [2026-06-25 12:07:11.883] [C011741_C011741CPM1] 
Can not find product ID  in parameter products.xml [end]

[start] [ERROR] [2026-06-25 12:07:11.885] [C011741_C011741CPM1] 
Can not find product ID  in parameter products.xml [end]

[start] [ERROR] [2026-06-25 12:07:11.887] [C011741_C011741CPM1] 
Can not find product ID  in parameter products.xml [end]

[start] [ERROR] [2026-06-25 12:07:11.887] [C011741_C011741CPM1] 
Can not find product ID  in parameter products.xml [end]

[start] [ERROR] [2026-06-25 12:07:11.889] [C011741_C011741CPM1] 
Can not find product ID  in parameter products.xml [end]

[start] [ERROR] [2026-06-25 12:07:11.891] [C011741_C011741CPM1] 
Can not find product ID  in parameter products.xml [end]

[start] [ERROR] [2026-06-25 12:07:11.893] [C011741_C011741CPM1] 
Can not find product ID  in parameter products.xml [end]

[start] [DEBUG] [2026-06-25 12:07:11.897] [C011741_C011741CPM1] 
The option type "distinctRecord" is only used to show the dropdown list not for format [end]

[start] [DEBUG] [2026-06-25 12:07:11.903] [C011741_C011741CPM1] 
The option type "distinctRecord" is only used to show the dropdown list not for format [end]

[start] [DEBUG] [2026-06-25 12:07:11.903] [C011741_C011741CPM1] 
====request content is: 
    Request Type: Temp
Component : DBHelper
Session Context is: 
com.cs.core.utility.SessionContext@e5a7eef9
Request Info Type : com.cs.core.dao.exec.SQLDao
Request Info Content is: 
[01]SELECT C_UNIT_CODE,C_UNIT_NAME FROM CEUSER.SEC_BUSINESS_UNIT WHERE C_UNIT_CODE = 'C011741' 

 [end]

[start] [DEBUG] [2026-06-25 12:07:13.361] [C011741_C011741CPM1] 
====request content is: 
    Request Type: Temp
Component : DBHelper
Session Context is: 
com.cs.core.utility.SessionContext@1016e7fb
Request Info Type : com.cs.core.dao.exec.SQLDao
Request Info Content is: 
[01]SELECT C_INACTIVE FROM CEUSER.SEC_USER_INFO WHERE C_USER_ID = 'C011741CPM1' AND C_UNIT_CODE = 'C011741' 

 [end]

[start] [DEBUG] [2026-06-25 12:07:13.366] [C011741_C011741CPM1] 
The request URI is : /BL6CEWeb/v1/openapi/catalog/combo/data [end]

[start] [DEBUG] [2026-06-25 12:07:13.366] [C011741_C011741CPM1] 
The URI is :/BL6CEWeb/v1/openapi/catalog/combo/data [end]

[start] [DEBUG] [2026-06-25 12:07:13.368] [C011741_C011741CPM1] 
The session refresh token in session is : null [end]

[start] [DEBUG] [2026-06-25 12:07:13.370] [C011741_C011741CPM1] 
The Catalog Object SQL is :SELECT T1.C_BK_GROUP_ID, T1.C_MAIN_REF, T1.C_TRX_REF, T1.C_UNIT_CODE, T1.PARENT_MAIN_REF, T1.C_TRX_STATUS, T1.CURRNT_STATUS, (CASE WHEN T1.C_MODULE = 'FADA' OR T1.C_MODULE = 'FAEF' THEN T1.C_TRX_STATUS ELSE T1.C2A_STATUS END) C2A_STATUS, T1.I_EVENT_TIMES, T1.C_MODULE, T1.C_FUNC_ID, T1.C_PRODUCT_ID, T1.C_TRX_ID, T3.C_LOCKED_FLAG, T3.C_LOCKED_OP, T3.C_USER_DESC, T1.D_SYS_OP_DATE, T1.T_SYS_OP_TIME, T1.C2A_CCY, T1.C2A_AMOUNT, T1.C2A_COUNTERPARTY FROM CETRX.TRX_INBOX T1 LEFT JOIN CETRX.TRX_LOCK_INFO T3 ON T1.C_MAIN_REF = T3.C_MAIN_REF AND T1.C_UNIT_CODE = T3.C_UNIT_CODE WHERE (T1.C_TRX_STATUS IN ('P', 'T', 'A', 'S') AND (T1.C_MODULE = 'IMLC' OR T1.C_MODULE = 'EXLC' OR T1.C_MODULE = 'FAEF' OR T1.C_MODULE = 'FADA' OR T1.C_MODULE = 'ABLF') AND T1.C2A_STATUS NOT IN ('Discrepancies rejected_fully authorized') OR T1.C_TRX_STATUS = 'M' AND (T1.C_MODULE = 'IMLC' AND T1.C2A_STATUS NOT IN ('Issued', 'Amended', 'Beneficiary rejected', 'Settled') OR T1.C_MODULE = 'EXCO' AND T1.CURRNT_STATUS NOT IN ('Payment Advice') OR T1.C_MODULE = 'EXLC' AND T1.CURRNT_STATUS NOT IN ('Settled', 'Advise Received', 'Amendment Received', 'Docment Received') OR T1.C_MODULE = 'FAEF' AND T1.CURRNT_STATUS NOT IN ('Settled', 'Advise Received') OR T1.C_MODULE = 'FADA' AND T1.CURRNT_STATUS NOT IN ('Settled', 'Advise Received') OR T1.C_MODULE = 'ABLF' AND T1.CURRNT_STATUS NOT IN ('Settled', 'Advise Received'))) AND T1.C_TRX_ID NOT IN (SELECT C_TRX_ID FROM CETRX.TRX_USER_DISMISS WHERE C_USER_ID = ? AND C_GRP_CODE = ?) AND (T1.C_MODULE = 'IMLC' OR T1.C_MODULE = 'EXLC' OR T1.C_MODULE = 'FAEF' OR T1.C_MODULE = 'FADA' OR T1.C_MODULE = 'ABLF') ORDER BY T1.D_SYS_OP_DATE DESC, T1.T_SYS_OP_TIME DESC [end]

[start] [DEBUG] [2026-06-25 12:07:13.372] [C011741_C011741CPM1] 
====request content is: 
    Request Type: Temp
Component : DBHelper
Session Context is: 
com.cs.core.utility.SessionContext@1016e7fb
Request Info Type : com.cs.core.dao.exec.SQLDao
Request Info Content is: 
[01]SELECT T1.C_BK_GROUP_ID, T1.C_MAIN_REF, T1.C_TRX_REF, T1.C_UNIT_CODE, T1.PARENT_MAIN_REF, T1.C_TRX_STATUS, T1.CURRNT_STATUS, (CASE WHEN T1.C_MODULE = 'FADA' OR T1.C_MODULE = 'FAEF' THEN T1.C_TRX_STATUS ELSE T1.C2A_STATUS END) C2A_STATUS, T1.I_EVENT_TIMES, T1.C_MODULE, T1.C_FUNC_ID, T1.C_PRODUCT_ID, T1.C_TRX_ID, T3.C_LOCKED_FLAG, T3.C_LOCKED_OP, T3.C_USER_DESC, T1.D_SYS_OP_DATE, T1.T_SYS_OP_TIME, T1.C2A_CCY, T1.C2A_AMOUNT, T1.C2A_COUNTERPARTY FROM CETRX.TRX_INBOX T1 LEFT JOIN CETRX.TRX_LOCK_INFO T3 ON T1.C_MAIN_REF = T3.C_MAIN_REF AND T1.C_UNIT_CODE = T3.C_UNIT_CODE WHERE   T1.C_BK_GROUP_ID = 'CSBANK'  AND (( T1.C_UNIT_CODE = 'C011741'  AND  T1.C_PRODUCT_ID IN ('FHS0YffwVNuA','P19080800000','P19080800001','P19080800002','epF3a6u4ZGAt') )) AND (T1.C_TRX_STATUS IN ('P', 'T', 'A', 'S') AND (T1.C_MODULE = 'IMLC' OR T1.C_MODULE = 'EXLC' OR T1.C_MODULE = 'FAEF' OR T1.C_MODULE = 'FADA' OR T1.C_MODULE = 'ABLF') AND T1.C2A_STATUS NOT IN ('Discrepancies rejected_fully authorized') OR T1.C_TRX_STATUS = 'M' AND (T1.C_MODULE = 'IMLC' AND T1.C2A_STATUS NOT IN ('Issued', 'Amended', 'Beneficiary rejected', 'Settled') OR T1.C_MODULE = 'EXCO' AND T1.CURRNT_STATUS NOT IN ('Payment Advice') OR T1.C_MODULE = 'EXLC' AND T1.CURRNT_STATUS NOT IN ('Settled', 'Advise Received', 'Amendment Received', 'Docment Received') OR T1.C_MODULE = 'FAEF' AND T1.CURRNT_STATUS NOT IN ('Settled', 'Advise Received') OR T1.C_MODULE = 'FADA' AND T1.CURRNT_STATUS NOT IN ('Settled', 'Advise Received') OR T1.C_MODULE = 'ABLF' AND T1.CURRNT_STATUS NOT IN ('Settled', 'Advise Received'))) AND T1.C_TRX_ID NOT IN (SELECT C_TRX_ID FROM CETRX.TRX_USER_DISMISS WHERE C_USER_ID = 'C011741CPM1' AND C_GRP_CODE = 'C011741') AND (T1.C_MODULE = 'IMLC' OR T1.C_MODULE = 'EXLC' OR T1.C_MODULE = 'FAEF' OR T1.C_MODULE = 'FADA' OR T1.C_MODULE = 'ABLF') ORDER BY T1.D_SYS_OP_DATE DESC, T1.T_SYS_OP_TIME DESC

 [end]

[start] [ERROR] [2026-06-25 12:07:13.479] [C011741_C011741CPM1] 
Can not find product ID  in parameter products.xml [end]

[start] [ERROR] [2026-06-25 12:07:13.481] [C011741_C011741CPM1] 
Can not find product ID  in parameter products.xml [end]

[start] [ERROR] [2026-06-25 12:07:13.481] [C011741_C011741CPM1] 
Can not find product ID  in parameter products.xml [end]

[start] [ERROR] [2026-06-25 12:07:13.483] [C011741_C011741CPM1] 
Can not find product ID  in parameter products.xml [end]

[start] [ERROR] [2026-06-25 12:07:13.483] [C011741_C011741CPM1] 
Can not find product ID  in parameter products.xml [end]

[start] [ERROR] [2026-06-25 12:07:13.485] [C011741_C011741CPM1] 
Can not find product ID  in parameter products.xml [end]

[start] [ERROR] [2026-06-25 12:07:13.485] [C011741_C011741CPM1] 
Can not find product ID  in parameter products.xml [end]

[start] [ERROR] [2026-06-25 12:07:13.487] [C011741_C011741CPM1] 
Can not find product ID  in parameter products.xml [end]

[start] [ERROR] [2026-06-25 12:07:13.487] [C011741_C011741CPM1] 
Can not find product ID  in parameter products.xml [end]

[start] [ERROR] [2026-06-25 12:07:13.489] [C011741_C011741CPM1] 
Can not find product ID  in parameter products.xml [end]

[start] [ERROR] [2026-06-25 12:07:13.489] [C011741_C011741CPM1] 
Can not find product ID  in parameter products.xml [end]

[start] [ERROR] [2026-06-25 12:07:13.491] [C011741_C011741CPM1] 
Can not find product ID  in parameter products.xml [end]

[start] [ERROR] [2026-06-25 12:07:13.493] [C011741_C011741CPM1] 
Can not find product ID  in parameter products.xml [end]

[start] [ERROR] [2026-06-25 12:07:13.493] [C011741_C011741CPM1] 
Can not find product ID  in parameter products.xml [end]

[start] [ERROR] [2026-06-25 12:07:13.495] [C011741_C011741CPM1] 
Can not find product ID  in parameter products.xml [end]

[start] [ERROR] [2026-06-25 12:07:13.497] [C011741_C011741CPM1] 
Can not find product ID  in parameter products.xml [end]

[start] [ERROR] [2026-06-25 12:07:13.497] [C011741_C011741CPM1] 
Can not find product ID  in parameter products.xml [end]

[start] [ERROR] [2026-06-25 12:07:13.499] [C011741_C011741CPM1] 
Can not find product ID  in parameter products.xml [end]

[start] [ERROR] [2026-06-25 12:07:13.499] [C011741_C011741CPM1] 
Can not find product ID  in parameter products.xml [end]

[start] [ERROR] [2026-06-25 12:07:13.501] [C011741_C011741CPM1] 
Can not find product ID  in parameter products.xml [end]

[start] [ERROR] [2026-06-25 12:07:13.501] [C011741_C011741CPM1] 
Can not find product ID  in parameter products.xml [end]

[start] [ERROR] [2026-06-25 12:07:13.503] [C011741_C011741CPM1] 
Can not find product ID  in parameter products.xml [end]

[start] [ERROR] [2026-06-25 12:07:13.503] [C011741_C011741CPM1] 
Can not find product ID  in parameter products.xml [end]

[start] [ERROR] [2026-06-25 12:07:13.505] [C011741_C011741CPM1] 
Can not find product ID  in parameter products.xml [end]

[start] [ERROR] [2026-06-25 12:07:13.507] [C011741_C011741CPM1] 
Can not find product ID  in parameter products.xml [end]

[start] [ERROR] [2026-06-25 12:07:13.509] [C011741_C011741CPM1] 
Can not find product ID  in parameter products.xml [end]

[start] [ERROR] [2026-06-25 12:07:13.509] [C011741_C011741CPM1] 
Can not find product ID  in parameter products.xml [end]

[start] [ERROR] [2026-06-25 12:07:13.511] [C011741_C011741CPM1] 
Can not find product ID  in parameter products.xml [end]

[start] [ERROR] [2026-06-25 12:07:13.511] [C011741_C011741CPM1] 
Can not find product ID  in parameter products.xml [end]

[start] [ERROR] [2026-06-25 12:07:13.513] [C011741_C011741CPM1] 
Can not find product ID  in parameter products.xml [end]

[start] [ERROR] [2026-06-25 12:07:13.515] [C011741_C011741CPM1] 
Can not find product ID  in parameter products.xml [end]

[start] [ERROR] [2026-06-25 12:07:13.515] [C011741_C011741CPM1] 
Can not find product ID  in parameter products.xml [end]

[start] [ERROR] [2026-06-25 12:07:13.517] [C011741_C011741CPM1] 
Can not find product ID  in parameter products.xml [end]

[start] [ERROR] [2026-06-25 12:07:13.519] [C011741_C011741CPM1] 
Can not find product ID  in parameter products.xml [end]

[start] [ERROR] [2026-06-25 12:07:13.519] [C011741_C011741CPM1] 
Can not find product ID  in parameter products.xml [end]

[start] [ERROR] [2026-06-25 12:07:13.521] [C011741_C011741CPM1] 
Can not find product ID  in parameter products.xml [end]

[start] [ERROR] [2026-06-25 12:07:13.523] [C011741_C011741CPM1] 
Can not find product ID  in parameter products.xml [end]

[start] [ERROR] [2026-06-25 12:07:13.523] [C011741_C011741CPM1] 
Can not find product ID  in parameter products.xml [end]

[start] [ERROR] [2026-06-25 12:07:13.525] [C011741_C011741CPM1] 
Can not find product ID  in parameter products.xml [end]

[start] [ERROR] [2026-06-25 12:07:13.527] [C011741_C011741CPM1] 
Can not find product ID  in parameter products.xml [end]

[start] [DEBUG] [2026-06-25 12:07:13.529] [C011741_C011741CPM1] 
====request content is: 
    Request Type: Temp
Component : DBHelper
Session Context is: 
com.cs.core.utility.SessionContext@1016e7fb
Request Info Type : com.cs.core.dao.exec.SQLDao
Request Info Content is: 
[01]SELECT C_UNIT_CODE,C_UNIT_NAME FROM CEUSER.SEC_BUSINESS_UNIT WHERE C_UNIT_CODE = 'C011741' 

 [end]

[start] [DEBUG] [2026-06-25 12:07:13.535] [C011741_C011741CPM1] 
====request content is: 
    Request Type: Temp
Component : DBHelper
Session Context is: 
com.cs.core.utility.SessionContext@1016e7fb
Request Info Type : com.cs.core.dao.exec.SQLDao
Request Info Content is: 
[01]SELECT C_CRITERIA_DATA,C_TMPL_NAME,C_IS_DEFAULT FROM CETRX.STD_SEARCH_CRITERIA  WHERE  C_UNIT_CODE = 'C011741'  AND  C_USER_ID = 'C011741CPM1'  AND  C_CATA_ID = 'C2A_InProgress_Maker'  AND  C_BK_GROUP_ID = 'CSBANK'  AND  I_CRITERIA_TYPE = 4 

 [end]

[start] [DEBUG] [2026-06-25 12:07:13.701] [C011741_C011741CPM1] 
The request URI is : /BL6CEWeb/servlets/WSSActionRouting [end]

[start] [DEBUG] [2026-06-25 12:07:13.703] [C011741_C011741CPM1] 
The URI is :/BL6CEWeb/servlets/WSSActionRouting [end]

[start] [DEBUG] [2026-06-25 12:07:13.703] [C011741_C011741CPM1] 
The session refresh token in session is : null [end]

[start] [DEBUG] [2026-06-25 12:07:13.705] [C011741_C011741CPM1] 
====request content is: 
    Request Type: Temp
Component : DBHelper
Session Context is: 
com.cs.core.utility.SessionContext@76e04cd8
Request Info Type : com.cs.core.dao.exec.SQLDao
Request Info Content is: 
[01]SELECT C_INACTIVE FROM CEUSER.SEC_USER_INFO WHERE C_USER_ID = 'C011741CPM1' AND C_UNIT_CODE = 'C011741' 

 [end]

[start] [DEBUG] [2026-06-25 12:07:13.709] [C011741_C011741CPM1] 
====request content is: 
    Request Type: Temp
Component : DBHelper
Session Context is: 
com.cs.core.utility.SessionContext@76e04cd8
Request Info Type : com.cs.core.dao.exec.SQLDao
Request Info Content is: 
[01]SELECT C_IS_INFORM FROM CEUSER.SEC_LOGIN_SESSION WHERE C_SESSION_ID = 'mxO7IQWlJwaoXw-wkDanWhT' 

 [end]

[start] [DEBUG] [2026-06-25 12:07:13.713] [C011741_C011741CPM1] 
The request C_ACTION_ID is : F05030701194 [end]

[start] [DEBUG] [2026-06-25 12:07:13.715] [C011741_C011741CPM1] 
Submit Datas are : {CSRFTOKEN=[8EhzA182848h979E0F09VKufwA0BE1BHBGn0B5I19EvFRDD1tW85E770bQ24C9Wk, 8EhzA182848h979E0F09VKufwA0BE1BHBGn0B5I19EvFRDD1tW85E770bQ24C9Wk], ACTION_FROM=MENU, NO_MAPPING=T, REFRESH_TOKEN=[20, 19], C_IP_ADDRESS=10.3.1.80, TrxSessionId=, C_ACTION_ID=F05030701194, IS_FUNC_START=T} [end]

[start] [DEBUG] [2026-06-25 12:07:13.717] [C011741_C011741CPM1] 
Action id : F05030701194 in the parameter system-secu-actions.xml not find [end]

[start] [DEBUG] [2026-06-25 12:07:13.719] [C011741_C011741CPM1] 
==go to servlet: /servlets/WSTrxManager [end]

[start] [DEBUG] [2026-06-25 12:07:13.719] [C011741_C011741CPM1] 
====request content is: 
    Request Type: Temp
Component : DBHelper
Session Context is: 
com.cs.core.utility.SessionContext@9428df94
Request Info Type : com.cs.core.dao.exec.SQLDao
Request Info Content is: 
[01]SELECT C_INACTIVE FROM CEUSER.SEC_USER_INFO WHERE C_USER_ID = 'C011741CPM1' AND C_UNIT_CODE = 'C011741' 

 [end]

[start] [DEBUG] [2026-06-25 12:07:13.723] [C011741_C011741CPM1] 
====request content is: 
    Request Type: Temp
Component : DBHelper
Session Context is: 
com.cs.core.utility.SessionContext@9428df94
Request Info Type : com.cs.core.dao.exec.SQLDao
Request Info Content is: 
[01]SELECT C_IS_INFORM FROM CEUSER.SEC_LOGIN_SESSION WHERE C_SESSION_ID = 'mxO7IQWlJwaoXw-wkDanWhT' 

 [end]

[start] [DEBUG] [2026-06-25 12:07:13.727] [C011741_C011741CPM1] 

------------------ Session ID : mxO7IQWlJwaoXw-wkDanWhT --------------------
 [end]

[start] [DEBUG] [2026-06-25 12:07:13.727] [C011741_C011741CPM1] 

------------------ Session ID : mxO7IQWlJwaoXw-wkDanWhT --------------------
 [end]

[start] [DEBUG] [2026-06-25 12:07:13.729] [C011741_C011741CPM1] 

------------------ Session ID : mxO7IQWlJwaoXw-wkDanWhT --------------------
 [end]

[start] [DEBUG] [2026-06-25 12:07:13.731] [C011741_C011741CPM1] 

------------------ Session ID : mxO7IQWlJwaoXw-wkDanWhT --------------------

{Remove session attribute::::::C_PASSWORD}
 [end]

[start] [DEBUG] [2026-06-25 12:07:13.731] [C011741_C011741CPM1] 

------------------ Session ID : mxO7IQWlJwaoXw-wkDanWhT --------------------
 [end]

[start] [DEBUG] [2026-06-25 12:07:13.733] [C011741_C011741CPM1] 

------------------ Session ID : mxO7IQWlJwaoXw-wkDanWhT --------------------
 [end]

[start] [DEBUG] [2026-06-25 12:07:13.733] [C011741_C011741CPM1] 

------------------ Session ID : mxO7IQWlJwaoXw-wkDanWhT --------------------
 [end]

[start] [DEBUG] [2026-06-25 12:07:13.735] [C011741_C011741CPM1] 

------------------ Session ID : mxO7IQWlJwaoXw-wkDanWhT --------------------

{Remove session attribute::::::C_USER_ID}
 [end]

[start] [DEBUG] [2026-06-25 12:07:13.737] [C011741_C011741CPM1] 

------------------ Session ID : mxO7IQWlJwaoXw-wkDanWhT --------------------
 [end]

[start] [DEBUG] [2026-06-25 12:07:13.737] [C011741_C011741CPM1] 

------------------ Session ID : mxO7IQWlJwaoXw-wkDanWhT --------------------
 [end]

[start] [DEBUG] [2026-06-25 12:07:13.739] [C011741_C011741CPM1] 

------------------ Session ID : mxO7IQWlJwaoXw-wkDanWhT --------------------
 [end]

[start] [DEBUG] [2026-06-25 12:07:13.741] [C011741_C011741CPM1] 

------------------ Session ID : mxO7IQWlJwaoXw-wkDanWhT --------------------

{Remove session attribute::::::C_BUSINESS_UNIT}
 [end]

[start] [DEBUG] [2026-06-25 12:07:13.741] [C011741_C011741CPM1] 

------------------ Session ID : mxO7IQWlJwaoXw-wkDanWhT --------------------
 [end]

[start] [DEBUG] [2026-06-25 12:07:13.743] [C011741_C011741CPM1] 

------------------ Session ID : mxO7IQWlJwaoXw-wkDanWhT --------------------
 [end]

[start] [DEBUG] [2026-06-25 12:07:13.743] [C011741_C011741CPM1] 

------------------ Session ID : mxO7IQWlJwaoXw-wkDanWhT --------------------
 [end]

[start] [DEBUG] [2026-06-25 12:07:13.744] [C011741_C011741CPM1] 

------------------ Session ID : mxO7IQWlJwaoXw-wkDanWhT --------------------
 [end]

[start] [DEBUG] [2026-06-25 12:07:13.746] [C011741_C011741CPM1] 
====request content is: 
    Request Type: Temp
Component : DBHelper
Session Context is: 
com.cs.core.utility.SessionContext@9428df94
Request Info Type : com.cs.core.dao.exec.SQLDao
Request Info Content is: 
[01]SELECT to_char(systimestamp, 'yyyy-mm-dd hh24:mi:ssxff') AS sysDT FROM dual

 [end]

[start] [DEBUG] [2026-06-25 12:07:13.751] [C011741_C011741CPM1] 
The currnt date find from DB is : 2026-06-25 12:07:13.746000 [end]

[start] [DEBUG] [2026-06-25 12:07:13.751] [C011741_C011741CPM1] 

------------------ Session ID : mxO7IQWlJwaoXw-wkDanWhT --------------------

{com.ibm.websphere.servlet.uri_non_decoded,/BL6CEWeb/servlets/WSSActionRouting}

{CHECKED_REFRESH,T}

{javax.servlet.forward.context_path,/BL6CEWeb}

{javax.servlet.forward.servlet_path,/servlets/WSSActionRouting}

{com.ibm.servlet.engine.webapp.dispatch_type,forward}

{javax.servlet.forward.request_uri,/BL6CEWeb/servlets/WSSActionRouting}

{JSESSIONID,}

{TrxSessionId,8A828497019EFDD19E3702D1}

{com.ibm.servlet.engine.webapp.dispatch_nested,true}

{javax.servlet.forward.query_string, 
FUNC_ID=F05030701194
_TRX_STATUS=PARALLEL
CSRFTOKEN=8EhzA182848h979E0F09VKufwA0BE1BHBGn0B5I19EvFRDD1tW85E770bQ24C9Wk
C_ACTION_ID=F05030701194
IS_FUNC_START=T
ACTION_FROM=MENU
REFRESH_TOKEN=20
TrxSessionId=
NO_MAPPING=T
}
 [end]

[start] [DEBUG] [2026-06-25 12:07:13.753] [C011741_C011741CPM1] 
=========Sub Action wrapper request===========
TrxSessionId:8A828497019EFDD19E3702D1
Parameters:
CSRFTOKEN=8EhzA182848h979E0F09VKufwA0BE1BHBGn0B5I19EvFRDD1tW85E770bQ24C9Wk
C_ACTION_ID=F05030701194
ACTION_FROM=MENU
REFRESH_TOKEN=20
NO_MAPPING=T
CATA_CURR=1
CATA_TYPE=cata
TITLE_NAME=View SBR ME
TRAN_TYPE=CATA_ITEM
ITEM_ID=Inquire
CATA_NUM=1
_ACT_TYPE=CATA_PDT_FUNC
TrxSessionId=8A828497019EFDD19E3702D1
PRODUCT_ID=P19080800000
PRODUCT_NAME=Scf Programer Maintenance
_TRX_STATUS=CE_CATAMANAGER
IS_FUNC_START=T
GRP_NAME=CSBANK
FUN_NAME=View SBR ME
RESERVE_PARENT=T
TRAN_NAME=Inquire
FUNC_ID=F05030701194
SEL_TYPE=
 [end]

[start] [DEBUG] [2026-06-25 12:07:13.755] [C011741_C011741CPM1] 
== go to screen: ../servlets/WSTrxManager [end]

[start] [DEBUG] [2026-06-25 12:07:13.757] [C011741_C011741CPM1] 
====request content is: 
    Request Type: Temp
Component : DBHelper
Session Context is: 
com.cs.core.utility.SessionContext@ea7a458c
Request Info Type : com.cs.core.dao.exec.SQLDao
Request Info Content is: 
[01]SELECT C_INACTIVE FROM CEUSER.SEC_USER_INFO WHERE C_USER_ID = 'C011741CPM1' AND C_UNIT_CODE = 'C011741' 

 [end]

[start] [DEBUG] [2026-06-25 12:07:13.759] [C011741_C011741CPM1] 
====request content is: 
    Request Type: Temp
Component : DBHelper
Session Context is: 
com.cs.core.utility.SessionContext@ea7a458c
Request Info Type : com.cs.core.dao.exec.SQLDao
Request Info Content is: 
[01]SELECT C_IS_INFORM FROM CEUSER.SEC_LOGIN_SESSION WHERE C_SESSION_ID = 'mxO7IQWlJwaoXw-wkDanWhT' 

 [end]

[start] [DEBUG] [2026-06-25 12:07:13.762] [C011741_C011741CPM1] 

------------------ Session ID : mxO7IQWlJwaoXw-wkDanWhT --------------------
 [end]

[start] [DEBUG] [2026-06-25 12:07:13.764] [C011741_C011741CPM1] 

------------------ Session ID : mxO7IQWlJwaoXw-wkDanWhT --------------------
 [end]

[start] [DEBUG] [2026-06-25 12:07:13.764] [C011741_C011741CPM1] 

------------------ Session ID : mxO7IQWlJwaoXw-wkDanWhT --------------------
 [end]

[start] [DEBUG] [2026-06-25 12:07:13.766] [C011741_C011741CPM1] 

------------------ Session ID : mxO7IQWlJwaoXw-wkDanWhT --------------------
 [end]

[start] [DEBUG] [2026-06-25 12:07:13.766] [C011741_C011741CPM1] 

------------------ Session ID : mxO7IQWlJwaoXw-wkDanWhT --------------------
 [end]

[start] [DEBUG] [2026-06-25 12:07:13.768] [C011741_C011741CPM1] 

------------------ Session ID : mxO7IQWlJwaoXw-wkDanWhT --------------------
 [end]

[start] [DEBUG] [2026-06-25 12:07:13.770] [C011741_C011741CPM1] 

------------------ Session ID : mxO7IQWlJwaoXw-wkDanWhT --------------------
 [end]

[start] [DEBUG] [2026-06-25 12:07:13.770] [C011741_C011741CPM1] 

------------------ Session ID : mxO7IQWlJwaoXw-wkDanWhT --------------------
 [end]

[start] [DEBUG] [2026-06-25 12:07:13.772] [C011741_C011741CPM1] 

------------------ Session ID : mxO7IQWlJwaoXw-wkDanWhT --------------------
 [end]

[start] [DEBUG] [2026-06-25 12:07:13.774] [C011741_C011741CPM1] 

------------------ Session ID : mxO7IQWlJwaoXw-wkDanWhT --------------------
 [end]

[start] [DEBUG] [2026-06-25 12:07:13.774] [C011741_C011741CPM1] 

------------------ Session ID : mxO7IQWlJwaoXw-wkDanWhT --------------------
 [end]

[start] [DEBUG] [2026-06-25 12:07:13.776] [C011741_C011741CPM1] 

------------------ Session ID : mxO7IQWlJwaoXw-wkDanWhT --------------------
 [end]

[start] [DEBUG] [2026-06-25 12:07:13.776] [C011741_C011741CPM1] 

------------------ Session ID : mxO7IQWlJwaoXw-wkDanWhT --------------------
 [end]

[start] [DEBUG] [2026-06-25 12:07:13.778] [C011741_C011741CPM1] 
====request content is: 
    Request Type: Temp
Component : DBHelper
Session Context is: 
com.cs.core.utility.SessionContext@ea7a458c
Request Info Type : com.cs.core.dao.exec.SQLDao
Request Info Content is: 
[01]SELECT to_char(systimestamp, 'yyyy-mm-dd hh24:mi:ssxff') AS sysDT FROM dual

 [end]

[start] [DEBUG] [2026-06-25 12:07:13.782] [C011741_C011741CPM1] 
The currnt date find from DB is : 2026-06-25 12:07:13.780000 [end]

[start] [DEBUG] [2026-06-25 12:07:13.784] [C011741_C011741CPM1] 

------------------ Session ID : mxO7IQWlJwaoXw-wkDanWhT --------------------

{com.ibm.websphere.servlet.uri_non_decoded,/BL6CEWeb/servlets/WSSActionRouting}

{CHECKED_REFRESH,T}

{javax.servlet.forward.context_path,/BL6CEWeb}

{javax.servlet.forward.servlet_path,/servlets/WSSActionRouting}

{com.ibm.servlet.engine.webapp.dispatch_type,forward}

{javax.servlet.forward.request_uri,/BL6CEWeb/servlets/WSSActionRouting}

{JSESSIONID,}

{TrxSessionId,8A828497019EFDD19E5B02D2}

{com.ibm.servlet.engine.webapp.dispatch_nested,true}

{javax.servlet.forward.query_string, 
CSRFTOKEN=8EhzA182848h979E0F09VKufwA0BE1BHBGn0B5I19EvFRDD1tW85E770bQ24C9Wk
C_ACTION_ID=F05030701194
ACTION_FROM=MENU
REFRESH_TOKEN=20
NO_MAPPING=T
CATA_CURR=1
CATA_TYPE=cata
TITLE_NAME=View SBR ME
TRAN_TYPE=CATA_ITEM
ITEM_ID=Inquire
CATA_NUM=1
_ACT_TYPE=CATA_PDT_FUNC
TrxSessionId=8A828497019EFDD19E3702D1
PRODUCT_ID=P19080800000
PRODUCT_NAME=Scf Programer Maintenance
_TRX_STATUS=CE_CATAMANAGER
IS_FUNC_START=T
GRP_NAME=CSBANK
FUN_NAME=View SBR ME
RESERVE_PARENT=T
TRAN_NAME=Inquire
FUNC_ID=F05030701194
SEL_TYPE=
}
 [end]

[start] [DEBUG] [2026-06-25 12:07:13.786] [C011741_C011741CPM1] 
====request content is: 
    Request Type: Temp
Component : DBHelper
Session Context is: 
com.cs.core.utility.SessionContext@ea7a458c
Request Info Type : com.cs.core.dao.exec.SQLDao
Request Info Content is: 
[01]INSERT INTO CETRX.TRX_ACT_LOG (C_LOG_ID,C_BK_GROUP_ID,C_CNTY_CODE,C_UNIT_CODE,C_USER_ID,C_IP_ADDRESS,C_FUNC_ID,C_MODULE,C_LOG_INFO,D_CREA_DATE,T_CREA_TIME,D_SYS_OP_DATE,T_SYS_OP_TIME,C_BUSI_KEY) VALUES ('8A8284979EF901BB019EFDD19E7802D3','CSBANK','US','C011741','C011741CPM1','10.3.1.80','F05030701194','FADA',C011741/C011741CPM1 prepares to process function F05030701194 View SBR ME,'2026-06-25','08:07:13','2026-06-25','08:07:13','C011741;C011741CPM1')

 [end]

[start] [DEBUG] [2026-06-25 12:07:13.794] [C011741_C011741CPM1] 
====request content is: 
    Request Type: Temp
Component : DBHelper
Session Context is: 
com.cs.core.utility.SessionContext@ea7a458c
Request Info Type : com.cs.core.dao.exec.SQLDao
Request Info Content is: 
[01]SELECT C_TMPL_NAME,C_CRITERIA_DATA FROM CETRX.STD_SEARCH_CRITERIA  WHERE  C_UNIT_CODE = 'C011741'  AND  C_USER_ID = 'C011741CPM1'  AND  C_CATA_ID = 'P19080800000_Inquire'  AND  C_BK_GROUP_ID = 'CSBANK'  AND  I_CRITERIA_TYPE = 4  AND  C_IS_DEFAULT = 'Y' 

 [end]

[start] [DEBUG] [2026-06-25 12:07:13.798] [C011741_C011741CPM1] 
====request content is: 
    Request Type: Temp
Component : DBHelper
Session Context is: 
com.cs.core.utility.SessionContext@ea7a458c
Request Info Type : com.cs.core.dao.exec.SQLDao
Request Info Content is: 
[01]SELECT C_PRODUCT_ID,C_MAIN_REF,C_TRX_REF,I_EVENT_TIMES,C_BK_GROUP_ID,C_UNIT_CODE,C_TRX_STATUS,FA_SBR_REF,FA_BUSI_TYPE,FA_BUYER_NM,FA_SEL_NM,FA_SBR_CCY,CURRNT_STATUS FROM CETRX.FADA_EM_BSR WHERE  1=1   AND   1=1   AND   1=1   AND   1=1  AND CURRNT_STATUS = 'Received SBR'   AND   C_BK_GROUP_ID = 'CSBANK'  AND  C_UNIT_CODE = 'C011741'  ORDER BY C_MAIN_REF

 [end]

[start] [DEBUG] [2026-06-25 12:07:14.028] [C011741_C011741CPM1] 
====request content is: 
    Request Type: Temp
Component : DBHelper
Session Context is: 
com.cs.core.utility.SessionContext@ea7a458c
Request Info Type : com.cs.core.dao.exec.SQLDao
Request Info Content is: 
[01]SELECT C_TMPL_NAME,C_CRITERIA_DATA FROM CETRX.STD_SEARCH_CRITERIA  WHERE  C_UNIT_CODE = 'C011741'  AND  C_USER_ID = 'C011741CPM1'  AND  C_CATA_ID = 'P19080800000_Inquire'  AND  C_BK_GROUP_ID = 'CSBANK'  AND  I_CRITERIA_TYPE = 4  AND  C_IS_DEFAULT = 'Y' 

 [end]

[start] [DEBUG] [2026-06-25 12:07:14.038] [C011741_C011741CPM1] 
== go to screen: ../Templates/SYS_Template.jsp [end]

[start] [DEBUG] [2026-06-25 12:07:14.058] [C011741_C011741CPM1] 
=== Template Include JSP File:../Default/CATA/SYS_MultiCatalog.jsp [end]

[start] [DEBUG] [2026-06-25 12:07:14.065] [C011741_C011741CPM1] 
====request content is: 
    Request Type: Temp
Component : DBHelper
Session Context is: 
com.cs.core.utility.SessionContext@ea7a458c
Request Info Type : com.cs.core.dao.exec.SQLDao
Request Info Content is: 
[01]SELECT C_CRITERIA_DATA FROM CETRX.STD_SEARCH_CRITERIA WHERE C_UNIT_CODE = 'C011741' AND C_USER_ID = 'C011741CPM1' AND C_CATA_ID = 'C19082600000' AND I_CRITERIA_TYPE = 4 AND C_IS_DEFAULT = 'Y' 

 [end]

[start] [DEBUG] [2026-06-25 12:07:14.077] [C011741_C011741CPM1] 
 (root)(Map)
   |
   +- ViewImage = View Image(String)
   |
   +- itemType = Inquire(String)
   |
   +- Excel = Excel(String)
   |
   +- Cancel = Cancel(String)
   |
   +- EditMyView = Edit My View(String)
   |
   +- viewBtnDesc = View(String)
   |
   +- _ACT_TYPE = CATA_PDT_FUNC(String)
   |
   +- buttonList(List)
   |   |
   |   +- item0(Map)
   |       |
   |       +- name = VIEW(String)
   |       |
   |       +- id = Inquire(String)
   |
   +- View = View(String)
 [end]

[start] [DEBUG] [2026-06-25 12:07:14.222] [C011741_C011741CPM1] 
====request content is: 
    Request Type: Temp
Component : DBHelper
Session Context is: 
com.cs.core.utility.SessionContext@4b4d79f0
Request Info Type : com.cs.core.dao.exec.SQLDao
Request Info Content is: 
[01]SELECT C_INACTIVE FROM CEUSER.SEC_USER_INFO WHERE C_USER_ID = 'C011741CPM1' AND C_UNIT_CODE = 'C011741' 

 [end]

[start] [DEBUG] [2026-06-25 12:07:14.226] [C011741_C011741CPM1] 
The request URI is : /BL6CEWeb/v1/openapi/notice/item/count [end]

[start] [DEBUG] [2026-06-25 12:07:14.227] [C011741_C011741CPM1] 
The URI is :/BL6CEWeb/v1/openapi/notice/item/count [end]

[start] [DEBUG] [2026-06-25 12:07:14.229] [C011741_C011741CPM1] 
The session refresh token in session is : null [end]

[start] [DEBUG] [2026-06-25 12:07:14.232] [C011741_C011741CPM1] 
====request content is: 
    Request Type: Temp
Component : DBHelper
Session Context is: 
com.cs.core.utility.SessionContext@4b4d79f0
Request Info Type : com.cs.core.dao.exec.SQLDao
Request Info Content is: 
[01]SELECT COUNT(*) AS RECCOUNT FROM CETRX.STD_NOTIFICATION  WHERE C_NOTI_ID IN ( SELECT C_NOTI_ID FROM CETRX.STD_NOTIFICATION_STATUS  WHERE  C_READ_STATUS = 'F'  AND  C_USER_ID = 'C011741CPM1'  AND  C_UNIT_CODE = 'C011741'  )

 [end]

[start] [DEBUG] [2026-06-25 12:07:14.434] [C011741_C011741CPM1] 
The request URI is : /BL6CEWeb/SYS_JS/SYS_ErrHandle.js [end]

[start] [DEBUG] [2026-06-25 12:07:14.434] [C011741_C011741CPM1] 
The URI is :/BL6CEWeb/SYS_JS/SYS_ErrHandle.js [end]

[start] [DEBUG] [2026-06-25 12:07:14.436] [C011741_C011741CPM1] 
The session refresh token in session is : null [end]

[start] [DEBUG] [2026-06-25 12:07:15.721] [C011741_C011741CPM1] 
====request content is: 
    Request Type: Temp
Component : DBHelper
Session Context is: 
com.cs.core.utility.SessionContext@151058cd
Request Info Type : com.cs.core.dao.exec.SQLDao
Request Info Content is: 
[01]SELECT C_INACTIVE FROM CEUSER.SEC_USER_INFO WHERE C_USER_ID = 'C011741CPM1' AND C_UNIT_CODE = 'C011741' 

 [end]

[start] [DEBUG] [2026-06-25 12:07:15.725] [C011741_C011741CPM1] 
The request URI is : /BL6CEWeb/v1/openapi/user/fap/action [end]

[start] [DEBUG] [2026-06-25 12:07:15.727] [C011741_C011741CPM1] 
The URI is :/BL6CEWeb/v1/openapi/user/fap/action [end]

[start] [DEBUG] [2026-06-25 12:07:15.729] [C011741_C011741CPM1] 
The session refresh token in session is : 1782374833780 [end]

[start] [DEBUG] [2026-06-25 12:07:15.729] [C011741_C011741CPM1] 
====request content is: 
    Request Type: Temp
Component : DBHelper
Session Context is: 
com.cs.core.utility.SessionContext@e87f320f
Request Info Type : com.cs.core.dao.exec.SQLDao
Request Info Content is: 
[01]SELECT C_INACTIVE FROM CEUSER.SEC_USER_INFO WHERE C_USER_ID = 'C011741CPM1' AND C_UNIT_CODE = 'C011741' 

 [end]

[start] [DEBUG] [2026-06-25 12:07:15.729] [C011741_C011741CPM1] 
The parameter AjaxPost in request is : null [end]

[start] [DEBUG] [2026-06-25 12:07:15.731] [C011741_C011741CPM1] 
The servlet is must check refresh :false [end]

[start] [DEBUG] [2026-06-25 12:07:15.731] [C011741_C011741CPM1] 
The parameter _TRX_STATUS in request is : null [end]

[start] [DEBUG] [2026-06-25 12:07:15.733] [C011741_C011741CPM1] 
The request is special status : 1 [end]

[start] [DEBUG] [2026-06-25 12:07:15.733] [C011741_C011741CPM1] 
The request URI is : /BL6CEWeb/v1/openapi/mlg/component [end]

[start] [DEBUG] [2026-06-25 12:07:15.733] [C011741_C011741CPM1] 
The request need to check refresh token : false [end]

[start] [DEBUG] [2026-06-25 12:07:15.733] [C011741_C011741CPM1] 
The URI is :/BL6CEWeb/v1/openapi/mlg/component [end]

[start] [DEBUG] [2026-06-25 12:07:15.735] [C011741_C011741CPM1] 
The session refresh token in session is : 1782374833780 [end]

[start] [DEBUG] [2026-06-25 12:07:15.735] [C011741_C011741CPM1] 
The parameter AjaxPost in request is : null [end]

[start] [DEBUG] [2026-06-25 12:07:15.737] [C011741_C011741CPM1] 
====request content is: 
    Request Type: Temp
Component : DBHelper
Session Context is: 
com.cs.core.utility.SessionContext@151058cd
Request Info Type : com.cs.core.dao.exec.SQLDao
Request Info Content is: 
[01]SELECT * FROM CEUSER.SEC_BUSINESS_UNIT WHERE C_UNIT_CODE = 'C011741' 

 [end]

[start] [DEBUG] [2026-06-25 12:07:15.737] [C011741_C011741CPM1] 
The servlet is must check refresh :false [end]

[start] [DEBUG] [2026-06-25 12:07:15.737] [C011741_C011741CPM1] 
The parameter _TRX_STATUS in request is : null [end]

[start] [DEBUG] [2026-06-25 12:07:15.739] [C011741_C011741CPM1] 
The request is special status : 1 [end]

[start] [DEBUG] [2026-06-25 12:07:15.739] [C011741_C011741CPM1] 
The request need to check refresh token : false [end]

[start] [DEBUG] [2026-06-25 12:07:15.808] [C011741_C011741CPM1] 
====request content is: 
    Request Type: Temp
Component : DBHelper
Session Context is: 
com.cs.core.utility.SessionContext@76772ce8
Request Info Type : com.cs.core.dao.exec.SQLDao
Request Info Content is: 
[01]SELECT C_INACTIVE FROM CEUSER.SEC_USER_INFO WHERE C_USER_ID = 'C011741CPM1' AND C_UNIT_CODE = 'C011741' 

 [end]

[start] [DEBUG] [2026-06-25 12:07:15.812] [C011741_C011741CPM1] 
The request URI is : /BL6CEWeb/v1/openapi/mainmenu [end]

[start] [DEBUG] [2026-06-25 12:07:15.816] [C011741_C011741CPM1] 
The URI is :/BL6CEWeb/v1/openapi/mainmenu [end]

[start] [DEBUG] [2026-06-25 12:07:15.816] [C011741_C011741CPM1] 
The session refresh token in session is : 1782374833780 [end]

[start] [DEBUG] [2026-06-25 12:07:15.818] [C011741_C011741CPM1] 
The parameter AjaxPost in request is : null [end]

[start] [DEBUG] [2026-06-25 12:07:15.818] [C011741_C011741CPM1] 
The servlet is must check refresh :false [end]

[start] [DEBUG] [2026-06-25 12:07:15.820] [C011741_C011741CPM1] 
The parameter _TRX_STATUS in request is : null [end]

[start] [DEBUG] [2026-06-25 12:07:15.820] [C011741_C011741CPM1] 
The request is special status : 1 [end]

[start] [DEBUG] [2026-06-25 12:07:15.830] [C011741_C011741CPM1] 
====request content is: 
    Request Type: Temp
Component : DBHelper
Session Context is: 
com.cs.core.utility.SessionContext@151058cd
Request Info Type : com.cs.core.dao.exec.SQLDao
Request Info Content is: 
[01]SELECT C_AUTH_RULE FROM CEUSER.SEC_USER_INFO WHERE C_BK_GROUP_ID = 'CSBANK' AND C_UNIT_CODE = 'C011741' AND C_USER_ID = 'C011741CPM1' 

 [end]

[start] [DEBUG] [2026-06-25 12:07:15.858] [C011741_C011741CPM1] 
The request need to check refresh token : false [end]

[start] [DEBUG] [2026-06-25 12:07:15.872] [C011741_C011741CPM1] 
The request URI is : /BL6CEWeb/widgets/pagebuilder [end]

[start] [DEBUG] [2026-06-25 12:07:15.872] [C011741_C011741CPM1] 
The URI is :/BL6CEWeb/widgets/pagebuilder [end]

[start] [DEBUG] [2026-06-25 12:07:15.874] [C011741_C011741CPM1] 
The session refresh token in session is : 1782374833780 [end]

[start] [DEBUG] [2026-06-25 12:07:15.876] [C011741_C011741CPM1] 
The parameter AjaxPost in request is : null [end]

[start] [DEBUG] [2026-06-25 12:07:15.876] [C011741_C011741CPM1] 
The servlet is must check refresh :false [end]

[start] [DEBUG] [2026-06-25 12:07:15.878] [C011741_C011741CPM1] 
The parameter _TRX_STATUS in request is : null [end]

[start] [DEBUG] [2026-06-25 12:07:15.901] [C011741_C011741CPM1] 
The request is special status : 1 [end]

[start] [DEBUG] [2026-06-25 12:07:15.901] [C011741_C011741CPM1] 
The request need to check refresh token : false [end]

[start] [DEBUG] [2026-06-25 12:07:15.908] [C011741_C011741CPM1] 
====request content is: 
    Request Type: Temp
Component : DBHelper
Session Context is: 
com.cs.core.utility.SessionContext@151058cd
Request Info Type : com.cs.core.dao.exec.SQLDao
Request Info Content is: 
[01]SELECT C_AUTH_RULE FROM CEUSER.SEC_BUSINESS_UNIT WHERE C_BK_GROUP_ID = 'CSBANK' AND C_UNIT_CODE = 'C011741' 

 [end]

[start] [DEBUG] [2026-06-25 12:07:15.909] [C011741_C011741CPM1] 
Action target is :F05030701228 [end]

[start] [DEBUG] [2026-06-25 12:07:15.910] [C011741_C011741CPM1] 
Action type is :function [end]

[start] [DEBUG] [2026-06-25 12:07:15.941] [C011741_C011741CPM1] 
Action target is :Party [end]

[start] [DEBUG] [2026-06-25 12:07:15.943] [C011741_C011741CPM1] 
Action type is :catalog [end]

[start] [DEBUG] [2026-06-25 12:07:15.945] [C011741_C011741CPM1] 
Action target is :Clause [end]

[start] [DEBUG] [2026-06-25 12:07:15.947] [C011741_C011741CPM1] 
Action type is :catalog [end]

[start] [DEBUG] [2026-06-25 12:07:15.949] [C011741_C011741CPM1] 
Action target is :AccountMaintain [end]

[start] [DEBUG] [2026-06-25 12:07:15.951] [C011741_C011741CPM1] 
Action type is :catalog [end]

[start] [DEBUG] [2026-06-25 12:07:15.953] [C011741_C011741CPM1] 
Action target is :EmailGroup [end]

[start] [DEBUG] [2026-06-25 12:07:15.953] [C011741_C011741CPM1] 
Action type is :catalog [end]

[start] [DEBUG] [2026-06-25 12:07:15.957] [C011741_C011741CPM1] 
Action target is :F05030701115 [end]

[start] [DEBUG] [2026-06-25 12:07:15.959] [C011741_C011741CPM1] 
Action type is :function [end]

[start] [DEBUG] [2026-06-25 12:07:15.961] [C011741_C011741CPM1] 
Action target is :Label [end]

[start] [DEBUG] [2026-06-25 12:07:15.963] [C011741_C011741CPM1] 
Action type is :catalog [end]

[start] [DEBUG] [2026-06-25 12:07:16.129] [C011741_C011741CPM1] 
====request content is: 
    Request Type: Temp
Component : DBHelper
Session Context is: 
com.cs.core.utility.SessionContext@2daf8b13
Request Info Type : com.cs.core.dao.exec.SQLDao
Request Info Content is: 
[01]SELECT C_INACTIVE FROM CEUSER.SEC_USER_INFO WHERE C_USER_ID = 'C011741CPM1' AND C_UNIT_CODE = 'C011741' 

 [end]

[start] [DEBUG] [2026-06-25 12:07:16.129] [C011741_C011741CPM1] 
The request URI is : /BL6CEWeb/widgets/framework/plugins/Plugins.js [end]

[start] [DEBUG] [2026-06-25 12:07:16.131] [C011741_C011741CPM1] 
The URI is :/BL6CEWeb/widgets/framework/plugins/Plugins.js [end]

[start] [DEBUG] [2026-06-25 12:07:16.134] [C011741_C011741CPM1] 
The request URI is : /BL6CEWeb/v1/openapi/mlg/component [end]

[start] [DEBUG] [2026-06-25 12:07:16.135] [C011741_C011741CPM1] 
The URI is :/BL6CEWeb/v1/openapi/mlg/component [end]

[start] [DEBUG] [2026-06-25 12:07:16.136] [C011741_C011741CPM1] 
The session refresh token in session is : 1782374833780 [end]

[start] [DEBUG] [2026-06-25 12:07:16.138] [C011741_C011741CPM1] 
The parameter AjaxPost in request is : null [end]

[start] [DEBUG] [2026-06-25 12:07:16.139] [C011741_C011741CPM1] 
The servlet is must check refresh :false [end]

[start] [DEBUG] [2026-06-25 12:07:16.139] [C011741_C011741CPM1] 
The parameter _TRX_STATUS in request is : null [end]

[start] [DEBUG] [2026-06-25 12:07:16.141] [C011741_C011741CPM1] 
The request is special status : 1 [end]

[start] [DEBUG] [2026-06-25 12:07:16.143] [C011741_C011741CPM1] 
The request need to check refresh token : false [end]

[start] [DEBUG] [2026-06-25 12:07:16.177] [C011741_C011741CPM1] 
The session refresh token in session is : null [end]

[start] [DEBUG] [2026-06-25 12:07:24.783] [C011741_C011741CPM1] 
The request URI is : /BL6CEWeb/logout.do [end]

[start] [DEBUG] [2026-06-25 12:07:24.785] [C011741_C011741CPM1] 
The URI is :/BL6CEWeb/logout.do [end]

[start] [DEBUG] [2026-06-25 12:07:24.785] [C011741_C011741CPM1] 
The session refresh token in session is : null [end]

[start] [DEBUG] [2026-06-25 12:07:24.787] [C011741_C011741CPM1] 
====request content is: 
    Request Type: Temp
Component : DBHelper
Session Context is: 
com.cs.core.utility.SessionContext@ab11b18d
Request Info Type : com.cs.core.dao.exec.SQLDao
Request Info Content is: 
[01]SELECT C_INACTIVE FROM CEUSER.SEC_USER_INFO WHERE C_USER_ID = 'C011741CPM1' AND C_UNIT_CODE = 'C011741' 

 [end]

[start] [DEBUG] [2026-06-25 12:07:24.792] [C011741_C011741CPM1] 
====request content is: 
    Request Type: Temp
Component : DBHelper
Session Context is: 
com.cs.core.utility.SessionContext@ab11b18d
Request Info Type : com.cs.core.dao.exec.SQLDao
Request Info Content is: 
[01]SELECT C_IS_INFORM FROM CEUSER.SEC_LOGIN_SESSION WHERE C_SESSION_ID = 'mxO7IQWlJwaoXw-wkDanWhT' 

 [end]

[start] [DEBUG] [2026-06-25 12:07:24.797] [C011741_C011741CPM1] 

------------------ Session ID : mxO7IQWlJwaoXw-wkDanWhT --------------------

{com.ibm.websphere.servlet.uri_non_decoded,/BL6CEWeb/logout.do}

{CHECKED_REFRESH,T}

{JSESSIONID,}

{TrxSessionId,8A828497019EFDD1C97302D4}

{javax.servlet.forward.query_string, 
LOGIN_NAME=
FUN_DESC=
PRODUCT_NAME=
_TRX_STATUS=LOGOFF_UNLOCKED
SEL_TYPE=
ITEM_NAME=
IMG_INQ_TYPE=
TRAN_NAME=
CATA_PAGE_SIZE=
UNIT_CODE=
SUB_CATA_ID=
INI_ITEM_ID=
PRODUCT_ID=
CATA_NUM=
CATA_CURR=
_ACT_TYPE=
ExcelType=
ID=
CURR_OPER=
DoType=
PREV_TRAN_NAME=
TITLE_NAME=
EXCELTYPE=
FUN_NAME=
_EVENT_TITLE=
FUNC_ID=
GRP_NAME=
CATA_TYPE=
CE_SELECT_CATAFIELD=
ITEM_ID=
REFRESH_TOKEN=22
CSRFTOKEN=8EhzA182848h979E0F09VKufwA0BE1BHBGn0B5I19EvFRDD1tW85E770bQ24C9Wk
SAVED=
SELECTEDFIELDS=
TRAN_TYPE=
CURR_DATE=
TRXL_TYPE=
}
 [end]

[start] [DEBUG] [2026-06-25 12:07:24.801] [C011741_C011741CPM1] 
==========Watching important CE session data [starting......]
==========Current class name is [com.cs.ceweb.servlets.WSSCELogout], cdoe line number is [78].
==========CE session user information:
userId(C_USER_ID)=C011741CPM1,
userDesc(C_USER_DESC)=C011741CPM1,
userType(I_USER_TYPE)=2,
multiLogin(I_MULTI_LOGIN)=true,
deftUnitCode(C_DFLT_UNIT_CODE)=C011741,
authLevel(I_AUTH_LEVEL)=1,
langVal(C_LANG_VAL)=null,
secType(I_SEC_TYPE)=-1,
tempProtect(C_TMPL_PROTECT)=F,
C_TIMEZONE_ID=null
C_UNIT_CODE=C011741
C_CNTY_CODE=US
C_LANG_NAME=null
C_CHANGE_PSW=F
C_LOGIN_RULE=null
C_AUTH_SET=null
C_PRIVATE_MAIL=henry.chen@chinasystems.com
C_BK_GROUP_ID=CSBANK

==========CE session business group information:
unitCode(C_UNIT_CODE)=C011741,
unitName(C_UNIT_NAME)=C011741nm,
bkGrpId(C_BK_GROUP_ID)=CSBANK,
cntyCode(C_CNTY_CODE)=US,
subCnty(C_SUB_CNTY)=US,
bank(C_IS_BANK)=F,
secType(I_SEC_TYPE)=3
tempProtect(C_TMPL_PROTECT)=F,
C_LANG_NAME=null
I_UNIT_TYPE=1
C_HAVE_AUTH=T
C_LANG_VAL=null
C_BANK_UNIT=null
C_BANK_CODE=null
dualCtrl(C_DUAL_CTRL)=T,
custFmt=decFormat(C_DEC_FORMAT)=.,
intFormat(C_INT_FORMAT)=,,
intFmtLen(I_INT_FMT_LEN)=3,
dateFormat(C_DATE_FORM)=yyyy-mm-dd,
,

==========CE session system information:
system information is a null object.
==========Watching important CE session data [end......]
 [end]

[start] [DEBUG] [2026-06-25 12:07:24.803] [C011741_C011741CPM1] 
====request content is: 
    Request Type: Temp
Component : DBHelper
Session Context is: 
com.cs.core.utility.SessionContext@ab11b18d
Request Info Type : com.cs.core.dao.exec.SQLDao
Request Info Content is: 
[01]INSERT INTO CETRX.TRX_ACT_LOG (C_LOG_ID,C_BK_GROUP_ID,C_CNTY_CODE,C_GRP_CODE,C_UNIT_CODE,C_USER_ID,C_IP_ADDRESS,C_FUNC_ID,D_CREA_DATE,T_CREA_TIME,D_SYS_OP_DATE,T_SYS_OP_TIME,D_SYS_TRT_DATE,T_SYS_TRT_TIME,C_BUSI_KEY) VALUES ('8A8284979EF901BB019EFDD1C98102D5','CSBANK','US','C011741','C011741','C011741CPM1','10.3.1.80','LogOut','2026-06-25','08:07:24','2026-06-25','08:07:24','2026-06-25','08:07:24','C011741;C011741CPM1')

 [end]

[start] [DEBUG] [2026-06-25 12:07:24.812] [C011741_C011741CPM1] 
====request content is: 
    Request Type: Temp
Component : DBHelper
Session Context is: 
com.cs.core.utility.SessionContext@f12cea49
Request Info Type : com.cs.core.dao.exec.SQLDao
Request Info Content is: 
[01]DELETE FROM CEUSER.SEC_LOGIN_SESSION WHERE C_BK_GROUP_ID = 'CSBANK' AND C_USER_ID = 'C011741CPM1' AND C_UNIT_CODE = 'C011741' AND C_SESSION_ID = 'mxO7IQWlJwaoXw-wkDanWhT' 

 [end]

[start] [DEBUG] [2026-06-25 12:07:24.849] [C011741_C011741CPM1] 
== go to screen: /SYS_index.htm [end]

[start] [DEBUG] [2026-06-25 12:07:25.043] [C011741_C011741CPM1] 
The request URI is : /BL6CEWeb/SYS_JS/jQuery/jquery.min.js [end]

[start] [DEBUG] [2026-06-25 12:07:25.043] [C011741_C011741CPM1] 
The request URI is : /BL6CEWeb/JS/rsaencrypt/jsencrypt.min.js [end]

[start] [DEBUG] [2026-06-25 12:07:25.045] [C011741_C011741CPM1] 
The session refresh token in session is : null [end]

[start] [DEBUG] [2026-06-25 12:07:25.045] [C011741_C011741CPM1] 
The session refresh token in session is : null [end]

[start] [DEBUG] [2026-06-25 12:07:25.052] [C011741_C011741CPM1] 
The request URI is : /BL6CEWeb/JS/rsaencrypt/Publickey.js [end]

[start] [DEBUG] [2026-06-25 12:07:25.054] [C011741_C011741CPM1] 
The session refresh token in session is : null [end]

[start] [DEBUG] [2026-06-25 12:07:26.423] [C011741_C011741CPM1] 
The request URI is : /BL6CEWeb/screen/SECindex.htm [end]

[start] [DEBUG] [2026-06-25 12:07:26.423] [C011741_C011741CPM1] 
The session refresh token in session is : null [end]

[start] [DEBUG] [2026-06-25 12:09:47.993] [C011741_C011741CPM1] 
The request URI is : /BL6CEWeb/widgets/framework/plugins/Plugins.js [end]

[start] [DEBUG] [2026-06-25 12:09:47.994] [C011741_C011741CPM1] 
The URI is :/BL6CEWeb/widgets/framework/plugins/Plugins.js [end]

[start] [DEBUG] [2026-06-25 12:09:47.996] [C011741_C011741CPM1] 
The session refresh token in session is : null [end]

[start] [DEBUG] [2026-06-25 12:09:49.415] [C011741_C011741CPM1] 
The request URI is : /BL6CEWeb/servlets/WSSActionRouting [end]

[start] [DEBUG] [2026-06-25 12:09:49.417] [C011741_C011741CPM1] 
The URI is :/BL6CEWeb/servlets/WSSActionRouting [end]

[start] [DEBUG] [2026-06-25 12:09:49.419] [C011741_C011741CPM1] 
The session refresh token in session is : 1782374987040 [end]

[start] [DEBUG] [2026-06-25 12:09:49.419] [C011741_C011741CPM1] 
The parameter AjaxPost in request is : null [end]

[start] [DEBUG] [2026-06-25 12:09:49.421] [C011741_C011741CPM1] 
The servlet is must check refresh :false [end]

[start] [DEBUG] [2026-06-25 12:09:49.424] [C011741_C011741CPM1] 
The parameter _TRX_STATUS in request is :  [end]

[start] [DEBUG] [2026-06-25 12:09:49.424] [C011741_C011741CPM1] 
The request is special status : 0 [end]

[start] [DEBUG] [2026-06-25 12:09:49.426] [C011741_C011741CPM1] 
The request is special uri : 0 [end]

[start] [DEBUG] [2026-06-25 12:09:49.427] [C011741_C011741CPM1] 
The request is special servlet : 0 [end]

[start] [DEBUG] [2026-06-25 12:09:49.429] [C011741_C011741CPM1] 
The request need to check refresh token : true [end]

[start] [DEBUG] [2026-06-25 12:09:49.429] [C011741_C011741CPM1] 
request refreshToken:1782374987043 [end]

[start] [DEBUG] [2026-06-25 12:09:49.431] [C011741_C011741CPM1] 
The request is refresh : false [end]

[start] [DEBUG] [2026-06-25 12:09:49.433] [C011741_C011741CPM1] 
====request content is: 
    Request Type: Temp
Component : DBHelper
Session Context is: 
com.cs.core.utility.SessionContext@506f0bee
Request Info Type : com.cs.core.dao.exec.SQLDao
Request Info Content is: 
[01]SELECT to_char(systimestamp, 'yyyy-mm-dd hh24:mi:ssxff') AS sysDT FROM dual

 [end]

[start] [DEBUG] [2026-06-25 12:09:49.436] [C011741_C011741CPM1] 
The currnt date find from DB is : 2026-06-25 12:09:49.433000 [end]

[start] [DEBUG] [2026-06-25 12:09:49.436] [C011741_C011741CPM1] 
Change refresh token in the session : 1782374989433 [end]

[start] [DEBUG] [2026-06-25 12:09:49.872] [C011741_C011741CPM1] 
The request URI is : /BL6CEWeb/widgets/pagebuilder [end]

[start] [DEBUG] [2026-06-25 12:09:49.874] [C011741_C011741CPM1] 
The URI is :/BL6CEWeb/widgets/pagebuilder [end]

[start] [DEBUG] [2026-06-25 12:09:49.876] [C011741_C011741CPM1] 
The session refresh token in session is : null [end]
