
[start] [INFO] [2026-06-23 08:58:25.093] [C008089_C008089MCM1] 
---------------------Begin 2026-06-23 08:58:25 086    CREATE_BU:C008089    CREATE_BY:C008089MCM1 ---------------------
[01]  DELETE FROM CEUSER.SEC_LOGIN_SESSION WHERE C_USER_ID = 'C008089MCM1' AND C_UNIT_CODE = 'C008089' AND C_BK_GROUP_ID = 'CSBANK' AND C_SESSION_ID = '6LrhONa3wwS9lc8KMY2JVXb' 
[02]  UPDATE CEUSER.SEC_LOGIN_SESSION SET C_IS_INFORM = 'T' WHERE C_USER_ID = 'C008089MCM1' AND C_UNIT_CODE = 'C008089' AND C_BK_GROUP_ID = 'CSBANK' 
[03]  INSERT INTO CEUSER.SEC_LOGIN_SESSION (C_BK_GROUP_ID,C_UNIT_CODE,C_USER_ID,C_SESSION_ID,C_IS_INFORM) VALUES ('CSBANK','C008089','C008089MCM1','6LrhONa3wwS9lc8KMY2JVXb','F')
---------------------- End 2026-06-23 08:58:25 092 ------------------------
 [end]

[start] [INFO] [2026-06-23 08:58:25.100] [C008089_C008089MCM1] 
---------------------Begin 2026-06-23 08:58:25 097    CREATE_BU:C008089    CREATE_BY:C008089MCM1 ---------------------
[01]  INSERT INTO CETRX.TRX_ACT_LOG (C_LOG_ID,C_BK_GROUP_ID,C_CNTY_CODE,C_GRP_CODE,C_UNIT_CODE,C_USER_ID,C_IP_ADDRESS,C_FUNC_ID,D_CREA_DATE,T_CREA_TIME,D_SYS_OP_DATE,T_SYS_OP_TIME,D_SYS_TRT_DATE,T_SYS_TRT_TIME,C_BUSI_KEY) VALUES ('8A8284979EEEF9EB019EF2D809C80297','CSBANK','US','C008089','C008089','C008089MCM1','10.3.1.55','Login',TO_DATE('2026-06-23','YYYY-MM-DD'),TO_DATE('04:58:25','HH24:MI:SS'),TO_DATE('2026-06-23','YYYY-MM-DD'),TO_DATE('04:58:25','HH24:MI:SS'),TO_DATE('2026-06-23','YYYY-MM-DD'),TO_DATE('04:58:25','HH24:MI:SS'),'C008089;C008089MCM1')
---------------------- End 2026-06-23 08:58:25 099 ------------------------
 [end]

[start] [INFO] [2026-06-23 08:58:25.801] [C008089_C008089MCM1] 
---------------------Begin 2026-06-23 08:58:25 798    CREATE_BU:C008089    CREATE_BY:C008089MCM1 ---------------------
[01]  SELECT C_INACTIVE FROM CEUSER.SEC_USER_INFO WHERE C_USER_ID = 'C008089MCM1' AND C_UNIT_CODE = 'C008089' 
---------------------- End 2026-06-23 08:58:25 800 ------------------------
 [end]

[start] [INFO] [2026-06-23 08:58:25.804] [C008089_C008089MCM1] 
---------------------Begin 2026-06-23 08:58:25 802    CREATE_BU:C008089    CREATE_BY:C008089MCM1 ---------------------
[01]  SELECT C_IS_INFORM FROM CEUSER.SEC_LOGIN_SESSION WHERE C_SESSION_ID = '6LrhONa3wwS9lc8KMY2JVXb' 
---------------------- End 2026-06-23 08:58:25 803 ------------------------
 [end]

[start] [INFO] [2026-06-23 08:58:25.991] [C008089_C008089MCM1] 
---------------------Begin 2026-06-23 08:58:25 988    CREATE_BU:C008089    CREATE_BY:C008089MCM1 ---------------------
[01]  SELECT C_INACTIVE FROM CEUSER.SEC_USER_INFO WHERE C_USER_ID = 'C008089MCM1' AND C_UNIT_CODE = 'C008089' 
---------------------- End 2026-06-23 08:58:25 989 ------------------------
 [end]

[start] [INFO] [2026-06-23 08:58:26.174] [C008089_C008089MCM1] 
---------------------Begin 2026-06-23 08:58:26 172    CREATE_BU:C008089    CREATE_BY:C008089MCM1 ---------------------
[01]  SELECT C_INACTIVE FROM CEUSER.SEC_USER_INFO WHERE C_USER_ID = 'C008089MCM1' AND C_UNIT_CODE = 'C008089' 
---------------------- End 2026-06-23 08:58:26 173 ------------------------
 [end]

[start] [INFO] [2026-06-23 08:58:26.179] [C008089_C008089MCM1] 
---------------------Begin 2026-06-23 08:58:26 175    CREATE_BU:C008089    CREATE_BY:C008089MCM1 ---------------------
[01]  SELECT C_INACTIVE FROM CEUSER.SEC_USER_INFO WHERE C_USER_ID = 'C008089MCM1' AND C_UNIT_CODE = 'C008089' 
---------------------- End 2026-06-23 08:58:26 178 ------------------------
 [end]

[start] [INFO] [2026-06-23 08:58:26.185] [C008089_C008089MCM1] 
---------------------Begin 2026-06-23 08:58:26 183    CREATE_BU:C008089    CREATE_BY:C008089MCM1 ---------------------
[01]  SELECT COUNT(*) AS RECCOUNT FROM CETRX.STD_NOTIFICATION  WHERE C_NOTI_ID IN ( SELECT C_NOTI_ID FROM CETRX.STD_NOTIFICATION_STATUS  WHERE  C_READ_STATUS = 'F'  AND  C_USER_ID = 'C008089MCM1'  AND  C_UNIT_CODE = 'C008089'  )
---------------------- End 2026-06-23 08:58:26 185 ------------------------
 [end]

[start] [INFO] [2026-06-23 08:58:26.191] [C008089_C008089MCM1] 
---------------------Begin 2026-06-23 08:58:26 188    CREATE_BU:C008089    CREATE_BY:C008089MCM1 ---------------------
[01]  SELECT C_FUNC_ID,T_OP_TIME FROM CETRX.TRX_FAVOR_FUNC  WHERE  C_UNIT_CODE = 'C008089'  AND  C_USER_ID = 'C008089MCM1'  ORDER BY  T_OP_TIME DESC 
---------------------- End 2026-06-23 08:58:26 189 ------------------------
 [end]

[start] [INFO] [2026-06-23 08:58:26.192] [C008089_C008089MCM1] 
---------------------Begin 2026-06-23 08:58:26 190    CREATE_BU:C008089    CREATE_BY:C008089MCM1 ---------------------
[01]  SELECT C_INACTIVE FROM CEUSER.SEC_USER_INFO WHERE C_USER_ID = 'C008089MCM1' AND C_UNIT_CODE = 'C008089' 
---------------------- End 2026-06-23 08:58:26 191 ------------------------
 [end]

[start] [INFO] [2026-06-23 08:58:26.337] [C008089_C008089MCM1] 
---------------------Begin 2026-06-23 08:58:26 334    CREATE_BU:C008089    CREATE_BY:C008089MCM1 ---------------------
[01]  SELECT C_INACTIVE FROM CEUSER.SEC_USER_INFO WHERE C_USER_ID = 'C008089MCM1' AND C_UNIT_CODE = 'C008089' 
---------------------- End 2026-06-23 08:58:26 336 ------------------------
 [end]

[start] [INFO] [2026-06-23 08:58:26.337] [C008089_C008089MCM1] 
---------------------Begin 2026-06-23 08:58:26 335    CREATE_BU:C008089    CREATE_BY:C008089MCM1 ---------------------
[01]  SELECT C_INACTIVE FROM CEUSER.SEC_USER_INFO WHERE C_USER_ID = 'C008089MCM1' AND C_UNIT_CODE = 'C008089' 
---------------------- End 2026-06-23 08:58:26 336 ------------------------
 [end]

[start] [INFO] [2026-06-23 08:58:26.346] [C008089_C008089MCM1] 
---------------------Begin 2026-06-23 08:58:26 343    CREATE_BU:C008089    CREATE_BY:C008089MCM1 ---------------------
[01]  SELECT * FROM CEUSER.SEC_BUSINESS_UNIT WHERE C_UNIT_CODE = 'C008089' 
---------------------- End 2026-06-23 08:58:26 345 ------------------------
 [end]

[start] [INFO] [2026-06-23 08:58:26.350] [C008089_C008089MCM1] 
---------------------Begin 2026-06-23 08:58:26 348    CREATE_BU:C008089    CREATE_BY:C008089MCM1 ---------------------
[01]  SELECT C_INACTIVE FROM CEUSER.SEC_USER_INFO WHERE C_USER_ID = 'C008089MCM1' AND C_UNIT_CODE = 'C008089' 
---------------------- End 2026-06-23 08:58:26 349 ------------------------
 [end]

[start] [INFO] [2026-06-23 08:58:26.359] [C008089_C008089MCM1] 
---------------------Begin 2026-06-23 08:58:26 358    CREATE_BU:C008089    CREATE_BY:C008089MCM1 ---------------------
[01]  SELECT C_INACTIVE FROM CEUSER.SEC_USER_INFO WHERE C_USER_ID = 'C008089MCM1' AND C_UNIT_CODE = 'C008089' 
---------------------- End 2026-06-23 08:58:26 358 ------------------------
 [end]

[start] [INFO] [2026-06-23 08:58:26.384] [C008089_C008089MCM1] 
---------------------Begin 2026-06-23 08:58:26 381    CREATE_BU:C008089    CREATE_BY:C008089MCM1 ---------------------
[01]  SELECT DISTINCT C_WIDGET_NAME FROM CEUSER.SEC_WIDGETS_V2_LIST  WHERE  C_IS_ACTIVE = 'Y'  AND  C_ROLE_NAME IN ('MAKER')  ORDER BY  C_WIDGET_NAME 
---------------------- End 2026-06-23 08:58:26 383 ------------------------
 [end]

[start] [INFO] [2026-06-23 08:58:26.387] [C008089_C008089MCM1] 
---------------------Begin 2026-06-23 08:58:26 367    CREATE_BU:C008089    CREATE_BY:C008089MCM1 ---------------------
[01]  SELECT DISTINCT C_WIDGET_NAME FROM CEUSER.SEC_WIDGETS_V2_LIST  WHERE  C_IS_ACTIVE = 'Y'  AND  C_ROLE_NAME IN ('MAKER')  ORDER BY  C_WIDGET_NAME 
---------------------- End 2026-06-23 08:58:26 386 ------------------------
 [end]

[start] [INFO] [2026-06-23 08:58:26.429] [C008089_C008089MCM1] 
---------------------Begin 2026-06-23 08:58:26 385    CREATE_BU:C008089    CREATE_BY:C008089MCM1 ---------------------
[01]  SELECT TAB.C_TAB_ID,TAB.C_TAB_NAME,TAB.I_TAB_SEQUENCE FROM CEUSER.SEC_WIDGETS_V2_TABS TAB LEFT JOIN CEUSER.SEC_WIDGETS_V2_LAYOUT LYT ON (TAB.C_TAB_ID = LYT.C_TAB_ID AND  TAB.C_UNIT_CODE = LYT.C_UNIT_CODE AND TAB.C_USER_ID = LYT.C_USER_ID )    WHERE  TAB.C_UNIT_CODE = 'C008089'  AND  TAB.C_USER_ID = 'C008089MCM1'  AND  LYT.C_PAGE_NAME = 'default'  ORDER BY  TAB.I_TAB_SEQUENCE ASC 
---------------------- End 2026-06-23 08:58:26 428 ------------------------
 [end]

[start] [INFO] [2026-06-23 08:58:26.455] [C008089_C008089MCM1] 
---------------------Begin 2026-06-23 08:58:26 452    CREATE_BU:C008089    CREATE_BY:C008089MCM1 ---------------------
[01]  SELECT C_AUTH_RULE FROM CEUSER.SEC_USER_INFO WHERE C_BK_GROUP_ID = 'CSBANK' AND C_UNIT_CODE = 'C008089' AND C_USER_ID = 'C008089MCM1' 
---------------------- End 2026-06-23 08:58:26 453 ------------------------
 [end]

[start] [INFO] [2026-06-23 08:58:26.459] [C008089_C008089MCM1] 
---------------------Begin 2026-06-23 08:58:26 456    CREATE_BU:C008089    CREATE_BY:C008089MCM1 ---------------------
[01]  SELECT C_AUTH_RULE FROM CEUSER.SEC_BUSINESS_UNIT WHERE C_BK_GROUP_ID = 'CSBANK' AND C_UNIT_CODE = 'C008089' 
---------------------- End 2026-06-23 08:58:26 457 ------------------------
 [end]

[start] [INFO] [2026-06-23 08:58:26.465] [C008089_C008089MCM1] 
---------------------Begin 2026-06-23 08:58:26 449    CREATE_BU:C008089    CREATE_BY:C008089MCM1 ---------------------
[01]  SELECT C_LAYOUT_INFO FROM CEUSER.SEC_WIDGETS_V2_LAYOUT  WHERE  C_UNIT_CODE = 'C008089'  AND  C_USER_ID = 'C008089MCM1'  AND  C_PAGE_NAME = 'default' 
---------------------- End 2026-06-23 08:58:26 463 ------------------------
 [end]

[start] [INFO] [2026-06-23 08:58:26.488] [C008089_C008089MCM1] 
---------------------Begin 2026-06-23 08:58:26 471    CREATE_BU:C008089    CREATE_BY:C008089MCM1 ---------------------
[01]  SELECT TAB.C_TAB_ID,TAB.C_TAB_NAME,TAB.I_TAB_SEQUENCE,LYT.C_LAYOUT_INFO FROM CEUSER.SEC_WIDGETS_V2_TABS TAB LEFT JOIN CEUSER.SEC_WIDGETS_V2_LAYOUT LYT ON (TAB.C_TAB_ID = LYT.C_TAB_ID AND  TAB.C_UNIT_CODE = LYT.C_UNIT_CODE AND TAB.C_USER_ID = LYT.C_USER_ID )    WHERE  TAB.C_UNIT_CODE = 'C008089'  AND  TAB.C_USER_ID = 'C008089MCM1'  AND  LYT.C_PAGE_NAME = 'default'  ORDER BY  TAB.I_TAB_SEQUENCE ASC 
---------------------- End 2026-06-23 08:58:26 486 ------------------------
 [end]

[start] [INFO] [2026-06-23 08:58:26.508] [C008089_C008089MCM1] 
---------------------Begin 2026-06-23 08:58:26 494    CREATE_BU:C008089    CREATE_BY:C008089MCM1 ---------------------
[01]  SELECT C_INST_CONFIG FROM CEUSER.SEC_WIDGETS_V2_INST_CONFIG  WHERE  C_INST_ID = '8A8284979EEDAF24019EEDDCD2340097'  AND  C_UNIT_CODE = 'C008089'  AND  C_USER_ID = 'C008089MCM1' 
---------------------- End 2026-06-23 08:58:26 507 ------------------------
 [end]

[start] [INFO] [2026-06-23 08:58:26.513] [C008089_C008089MCM1] 
---------------------Begin 2026-06-23 08:58:26 511    CREATE_BU:C008089    CREATE_BY:C008089MCM1 ---------------------
[01]  SELECT C_INST_CONFIG FROM CEUSER.SEC_WIDGETS_V2_INST_CONFIG  WHERE  C_INST_ID = '8A8284979EEDAF24019EEDDCD2340097'  AND  C_UNIT_CODE = 'C008089'  AND  C_USER_ID = 'C008089MCM1' 
---------------------- End 2026-06-23 08:58:26 512 ------------------------
 [end]

[start] [INFO] [2026-06-23 08:58:26.519] [C008089_C008089MCM1] 
---------------------Begin 2026-06-23 08:58:26 517    CREATE_BU:C008089    CREATE_BY:C008089MCM1 ---------------------
[01]  SELECT C_INST_CONFIG FROM CEUSER.SEC_WIDGETS_V2_INST_CONFIG  WHERE  C_INST_ID = '8A8284979EEDAF24019EEDDCD2490099'  AND  C_UNIT_CODE = 'C008089'  AND  C_USER_ID = 'C008089MCM1' 
---------------------- End 2026-06-23 08:58:26 518 ------------------------
 [end]

[start] [INFO] [2026-06-23 08:58:26.523] [C008089_C008089MCM1] 
---------------------Begin 2026-06-23 08:58:26 521    CREATE_BU:C008089    CREATE_BY:C008089MCM1 ---------------------
[01]  SELECT C_INST_CONFIG FROM CEUSER.SEC_WIDGETS_V2_INST_CONFIG  WHERE  C_INST_ID = '8A8284979EEDAF24019EEDDCD2490099'  AND  C_UNIT_CODE = 'C008089'  AND  C_USER_ID = 'C008089MCM1' 
---------------------- End 2026-06-23 08:58:26 522 ------------------------
 [end]

[start] [INFO] [2026-06-23 08:58:26.529] [C008089_C008089MCM1] 
---------------------Begin 2026-06-23 08:58:26 527    CREATE_BU:C008089    CREATE_BY:C008089MCM1 ---------------------
[01]  SELECT C_INST_CONFIG FROM CEUSER.SEC_WIDGETS_V2_INST_CONFIG  WHERE  C_INST_ID = '8A8284979EEDAF24019EEDDCD260009A'  AND  C_UNIT_CODE = 'C008089'  AND  C_USER_ID = 'C008089MCM1' 
---------------------- End 2026-06-23 08:58:26 528 ------------------------
 [end]

[start] [INFO] [2026-06-23 08:58:26.533] [C008089_C008089MCM1] 
---------------------Begin 2026-06-23 08:58:26 531    CREATE_BU:C008089    CREATE_BY:C008089MCM1 ---------------------
[01]  SELECT C_INST_CONFIG FROM CEUSER.SEC_WIDGETS_V2_INST_CONFIG  WHERE  C_INST_ID = '8A8284979EEDAF24019EEDDCD260009A'  AND  C_UNIT_CODE = 'C008089'  AND  C_USER_ID = 'C008089MCM1' 
---------------------- End 2026-06-23 08:58:26 532 ------------------------
 [end]

[start] [INFO] [2026-06-23 08:58:26.538] [C008089_C008089MCM1] 
---------------------Begin 2026-06-23 08:58:26 536    CREATE_BU:C008089    CREATE_BY:C008089MCM1 ---------------------
[01]  SELECT C_INST_CONFIG FROM CEUSER.SEC_WIDGETS_V2_INST_CONFIG  WHERE  C_INST_ID = '8A8284979EEDAF24019EEDDCD23F0098'  AND  C_UNIT_CODE = 'C008089'  AND  C_USER_ID = 'C008089MCM1' 
---------------------- End 2026-06-23 08:58:26 537 ------------------------
 [end]

[start] [INFO] [2026-06-23 08:58:26.542] [C008089_C008089MCM1] 
---------------------Begin 2026-06-23 08:58:26 541    CREATE_BU:C008089    CREATE_BY:C008089MCM1 ---------------------
[01]  SELECT C_INST_CONFIG FROM CEUSER.SEC_WIDGETS_V2_INST_CONFIG  WHERE  C_INST_ID = '8A8284979EEDAF24019EEDDCD23F0098'  AND  C_UNIT_CODE = 'C008089'  AND  C_USER_ID = 'C008089MCM1' 
---------------------- End 2026-06-23 08:58:26 541 ------------------------
 [end]

[start] [INFO] [2026-06-23 08:58:26.711] [C008089_C008089MCM1] 
---------------------Begin 2026-06-23 08:58:26 708    CREATE_BU:C008089    CREATE_BY:C008089MCM1 ---------------------
[01]  SELECT C_INACTIVE FROM CEUSER.SEC_USER_INFO WHERE C_USER_ID = 'C008089MCM1' AND C_UNIT_CODE = 'C008089' 
---------------------- End 2026-06-23 08:58:26 709 ------------------------
 [end]

[start] [INFO] [2026-06-23 08:58:26.711] [C008089_C008089MCM1] 
---------------------Begin 2026-06-23 08:58:26 708    CREATE_BU:C008089    CREATE_BY:C008089MCM1 ---------------------
[01]  SELECT C_INACTIVE FROM CEUSER.SEC_USER_INFO WHERE C_USER_ID = 'C008089MCM1' AND C_UNIT_CODE = 'C008089' 
---------------------- End 2026-06-23 08:58:26 709 ------------------------
 [end]

[start] [INFO] [2026-06-23 08:58:26.726] [C008089_C008089MCM1] 
---------------------Begin 2026-06-23 08:58:26 724    CREATE_BU:C008089    CREATE_BY:C008089MCM1 ---------------------
[01]  SELECT C_INACTIVE FROM CEUSER.SEC_USER_INFO WHERE C_USER_ID = 'C008089MCM1' AND C_UNIT_CODE = 'C008089' 
---------------------- End 2026-06-23 08:58:26 725 ------------------------
 [end]

[start] [INFO] [2026-06-23 08:58:26.729] [C008089_C008089MCM1] 
---------------------Begin 2026-06-23 08:58:26 723    CREATE_BU:C008089    CREATE_BY:C008089MCM1 ---------------------
[01]  [Id=C2A_ForYou]  SELECT COUNT(*) FROM (SELECT DISTINCT T1.C_BK_GROUP_ID, T1.C_MAIN_REF, T1.C_TRX_REF, T1.C_UNIT_CODE, T1.PARENT_MAIN_REF, T1.C_TRX_STATUS, T1.CURRNT_STATUS, T1.C2A_STATUS, T1.I_EVENT_TIMES, T1.C_MODULE, T1.C_FUNC_ID, T1.C_PRODUCT_ID, T1.C_TRX_ID, T3.C_LOCKED_FLAG, T3.C_LOCKED_OP, T3.C_USER_DESC, T1.D_SYS_OP_DATE, T1.T_SYS_OP_TIME, T1.C2A_CCY, T1.C2A_AMOUNT, T1.C2A_COUNTERPARTY FROM CETRX.TRX_INBOX T1 LEFT JOIN CETRX.TRX_NEXT_FUNC T2 ON T1.C_PRODUCT_ID = T2.C_PRODUCT_ID AND T1.C2A_STATUS = T2.C2A_STATUS AND T1.C_TRX_STATUS = T2.C_TRX_STATUS LEFT JOIN CETRX.TRX_LOCK_INFO T3 ON T1.C_MAIN_REF = T3.C_MAIN_REF AND T1.C_UNIT_CODE = T3.C_UNIT_CODE WHERE   T1.C_BK_GROUP_ID = 'CSBANK'  AND (( T1.C_UNIT_CODE = 'C008089'  AND  T1.C_PRODUCT_ID IN ('FHS0YffwVNuA','P19080800000','P19080800001','P19080800002','P20030600000','epF3a6u4ZGAt') )) AND (T2.C_NEXT_FUNC_ID IN (SELECT C_FUNC_ID FROM CEUSER.SEC_OP_FUNC WHERE C_USER_ID = 'C008089MCM1' AND C_GRP_CODE = 'C008089' AND C_UNIT_CODE = T1.C_UNIT_CODE) OR T2.C_NEXT_FUNC_ID IN (SELECT C_FUNC_ID FROM CEUSER.SEC_OP_FUNC WHERE C_GRP_CODE = 'C008089' AND C_USER_ID IN (SELECT C_ROLE_ID FROM CEUSER.SEC_USER_ROLE WHERE C_USER_ID = 'C008089MCM1' AND C_GRP_CODE = 'C008089') AND C_UNIT_CODE = T1.C_UNIT_CODE)) AND (T1.C_TRX_STATUS = 'R' OR T1.C2A_STATUS IN ('Rejected by bank', 'Discrepancy notification', 'Document received') AND T1.C_TRX_STATUS = 'M' OR T1.C2A_STATUS IN ('Amendment(Detrimental)_fully authorized', 'Document discrepancy_fully authorized') AND T1.C_TRX_STATUS = 'A') AND T1.C_TRX_ID NOT IN (SELECT C_TRX_ID FROM CETRX.TRX_USER_DISMISS WHERE C_USER_ID = 'C008089MCM1' AND C_GRP_CODE = 'C008089') AND (T1.C_MODULE = 'IMLC' OR T1.C_MODULE = 'EXLC' OR T1.C_MODULE = 'FAEF' OR T1.C_MODULE = 'FADA' OR T1.C_MODULE = 'TSUM' OR T1.C_MODULE = 'ABLF' OR T1.C_MODULE = 'UPLD') ORDER BY T1.D_SYS_OP_DATE DESC, T1.T_SYS_OP_TIME DESC)
---------------------- End 2026-06-23 08:58:26 727 ------------------------
 [end]

[start] [INFO] [2026-06-23 08:58:26.742] [C008089_C008089MCM1] 
---------------------Begin 2026-06-23 08:58:26 739    CREATE_BU:C008089    CREATE_BY:C008089MCM1 ---------------------
[01]  SELECT C_INACTIVE FROM CEUSER.SEC_USER_INFO WHERE C_USER_ID = 'C008089MCM1' AND C_UNIT_CODE = 'C008089' 
---------------------- End 2026-06-23 08:58:26 740 ------------------------
 [end]

[start] [INFO] [2026-06-23 08:58:26.755] [C008089_C008089MCM1] 
---------------------Begin 2026-06-23 08:58:26 733    CREATE_BU:C008089    CREATE_BY:C008089MCM1 ---------------------
[01]  [Id=C2A_InProgress_Maker]  SELECT COUNT(*) FROM CETRX.TRX_INBOX T1 LEFT JOIN CETRX.TRX_LOCK_INFO T3 ON T1.C_MAIN_REF = T3.C_MAIN_REF AND T1.C_UNIT_CODE = T3.C_UNIT_CODE WHERE   T1.C_BK_GROUP_ID = 'CSBANK'  AND (( T1.C_UNIT_CODE = 'C008089'  AND  T1.C_PRODUCT_ID IN ('FHS0YffwVNuA','P19080800000','P19080800001','P19080800002','P20030600000','epF3a6u4ZGAt') )) AND (T1.C_TRX_STATUS IN ('P', 'T', 'A', 'S') AND (T1.C_MODULE = 'IMLC' OR T1.C_MODULE = 'EXLC' OR T1.C_MODULE = 'FAEF' OR T1.C_MODULE = 'FADA' OR T1.C_MODULE = 'ABLF') AND T1.C2A_STATUS NOT IN ('Discrepancies rejected_fully authorized') OR T1.C_TRX_STATUS = 'M' AND (T1.C_MODULE = 'IMLC' AND T1.C2A_STATUS NOT IN ('Issued', 'Amended', 'Beneficiary rejected', 'Settled') OR T1.C_MODULE = 'EXCO' AND T1.CURRNT_STATUS NOT IN ('Payment Advice') OR T1.C_MODULE = 'EXLC' AND T1.CURRNT_STATUS NOT IN ('Settled', 'Advise Received', 'Amendment Received', 'Docment Received') OR T1.C_MODULE = 'FAEF' AND T1.CURRNT_STATUS NOT IN ('Settled', 'Advise Received') OR T1.C_MODULE = 'FADA' AND T1.CURRNT_STATUS NOT IN ('Settled', 'Advise Received') OR T1.C_MODULE = 'ABLF' AND T1.CURRNT_STATUS NOT IN ('Settled', 'Advise Received'))) AND T1.C_TRX_ID NOT IN (SELECT C_TRX_ID FROM CETRX.TRX_USER_DISMISS WHERE C_USER_ID = 'C008089MCM1' AND C_GRP_CODE = 'C008089') AND (T1.C_MODULE = 'IMLC' OR T1.C_MODULE = 'EXLC' OR T1.C_MODULE = 'FAEF' OR T1.C_MODULE = 'FADA' OR T1.C_MODULE = 'ABLF')
---------------------- End 2026-06-23 08:58:26 753 ------------------------
 [end]

[start] [INFO] [2026-06-23 08:58:26.767] [C008089_C008089MCM1] 
---------------------Begin 2026-06-23 08:58:26 761    CREATE_BU:C008089    CREATE_BY:C008089MCM1 ---------------------
[01]  [Id=C2A_Closed]  SELECT COUNT(*) FROM CETRX.TRX_INBOX T1 LEFT JOIN CETRX.TRX_LOCK_INFO T3 ON T1.C_MAIN_REF = T3.C_MAIN_REF AND T1.C_UNIT_CODE = T3.C_UNIT_CODE WHERE   T1.C_BK_GROUP_ID = 'CSBANK'  AND (( T1.C_UNIT_CODE = 'C008089'  AND  T1.C_PRODUCT_ID IN ('FHS0YffwVNuA','P19080800000','P19080800001','P19080800002','P20030600000','epF3a6u4ZGAt') )) AND (T1.C2A_STATUS IN ('Issued', 'Amended', 'Beneficiary rejected', 'Discrepancies rejected_fully authorized', 'Settled') AND T1.C_MODULE = 'IMLC' OR T1.CURRNT_STATUS IN ('Issued', 'Amended', 'Detrimental Amendment', 'Beneficiary Consent', 'Beneficiary Rejected', 'Document Presentation', 'Document Presentation', 'Settlement', 'Settled') AND T1.C_MODULE = 'EXCO' OR T1.C2A_STATUS IN ('Settled', 'Amendment_fully authorized', '') AND T1.C_MODULE = 'EXLC' OR T1.C_FUNC_ID IN ('F05030700899', 'F05030700901', 'F05030700908') AND T1.C2A_STATUS = 'Fully authorized' AND T1.C_MODULE = 'EXLC' OR T1.C_MODULE = 'FADA' OR T1.C_MODULE = 'FAEF') AND T1.C_TRX_STATUS IN ('M', 'A', 'S') AND T1.C_TRX_ID NOT IN (SELECT C_TRX_ID FROM CETRX.TRX_USER_DISMISS WHERE C_USER_ID = 'C008089MCM1' AND C_GRP_CODE = 'C008089') AND (T1.C_MODULE = 'IMLC' OR T1.C_MODULE = 'EXLC' OR T1.C_MODULE = 'FADA' OR T1.C_MODULE = 'FAEF')
---------------------- End 2026-06-23 08:58:26 766 ------------------------
 [end]

[start] [INFO] [2026-06-23 08:58:26.778] [C008089_C008089MCM1] 
---------------------Begin 2026-06-23 08:58:26 772    CREATE_BU:C008089    CREATE_BY:C008089MCM1 ---------------------
[01]  [Id=C2A_Drafts]  SELECT COUNT(*) FROM (SELECT DISTINCT T1.C_BK_GROUP_ID, T1.C_MAIN_REF, T1.C_TRX_REF, T1.C_UNIT_CODE, T1.PARENT_MAIN_REF, T1.C_TRX_STATUS, T1.I_EVENT_TIMES, T1.C_MODULE, T1.C_FUNC_ID, T1.C_PRODUCT_ID, T1.C_TRX_ID, T3.C_LOCKED_FLAG, T3.C_LOCKED_OP, T3.C_USER_DESC, T1.D_SYS_OP_DATE, T1.T_SYS_OP_TIME, T1.C2A_CCY, T1.C2A_AMOUNT, T1.C2A_COUNTERPARTY FROM CETRX.TRX_INBOX T1 LEFT JOIN CETRX.TRX_NEXT_FUNC T2 ON T1.C_PRODUCT_ID = T2.C_PRODUCT_ID AND T1.C_TRX_STATUS = T2.C_TRX_STATUS LEFT JOIN CETRX.TRX_LOCK_INFO T3 ON T1.C_MAIN_REF = T3.C_MAIN_REF AND T1.C_UNIT_CODE = T3.C_UNIT_CODE WHERE   T1.C_BK_GROUP_ID = 'CSBANK'  AND (( T1.C_UNIT_CODE = 'C008089'  AND  T1.C_PRODUCT_ID IN ('FHS0YffwVNuA','P19080800000','P19080800001','P19080800002','P20030600000','epF3a6u4ZGAt') )) AND (T2.C_NEXT_FUNC_ID IN (SELECT C_FUNC_ID FROM CEUSER.SEC_OP_FUNC WHERE C_USER_ID = 'C008089MCM1' AND C_GRP_CODE = 'C008089' AND C_UNIT_CODE = T1.C_UNIT_CODE) OR T2.C_NEXT_FUNC_ID IN (SELECT C_FUNC_ID FROM CEUSER.SEC_OP_FUNC WHERE C_GRP_CODE = 'C008089' AND C_USER_ID IN (SELECT C_ROLE_ID FROM CEUSER.SEC_USER_ROLE WHERE C_USER_ID = 'C008089MCM1' AND C_GRP_CODE = 'C008089') AND C_UNIT_CODE = T1.C_UNIT_CODE)) AND T1.C_TRX_STATUS = 'Z' AND T1.C_TRX_ID NOT IN (SELECT C_TRX_ID FROM CETRX.TRX_USER_DISMISS WHERE C_USER_ID = 'C008089MCM1' AND C_GRP_CODE = 'C008089') AND (T1.C_MODULE = 'IMLC' OR T1.C_MODULE = 'EXLC' OR T1.C_MODULE = 'FAEF' OR T1.C_MODULE = 'FADA' OR T1.C_MODULE = 'ABLF') ORDER BY T1.D_SYS_OP_DATE DESC, T1.T_SYS_OP_TIME DESC)
---------------------- End 2026-06-23 08:58:26 777 ------------------------
 [end]

[start] [INFO] [2026-06-23 08:58:26.785] [C008089_C008089MCM1] 
---------------------Begin 2026-06-23 08:58:26 783    CREATE_BU:C008089    CREATE_BY:C008089MCM1 ---------------------
[01]  SELECT C_INACTIVE FROM CEUSER.SEC_USER_INFO WHERE C_USER_ID = 'C008089MCM1' AND C_UNIT_CODE = 'C008089' 
---------------------- End 2026-06-23 08:58:26 784 ------------------------
 [end]

[start] [INFO] [2026-06-23 08:58:26.818] [C008089_C008089MCM1] 
---------------------Begin 2026-06-23 08:58:26 815    CREATE_BU:C008089    CREATE_BY:C008089MCM1 ---------------------
[01]  SELECT C_INACTIVE FROM CEUSER.SEC_USER_INFO WHERE C_USER_ID = 'C008089MCM1' AND C_UNIT_CODE = 'C008089' 
---------------------- End 2026-06-23 08:58:26 817 ------------------------
 [end]

[start] [INFO] [2026-06-23 08:58:26.840] [C008089_C008089MCM1] 
---------------------Begin 2026-06-23 08:58:26 837    CREATE_BU:C008089    CREATE_BY:C008089MCM1 ---------------------
[01]  SELECT A.C_REPORT_ID,A.C_GRP_CODE,A.C_USER_ID,A.T_PIN_DATE,B.C_SOURCE_REPORT,B.C_REPORT_NAME,B.T_UPDATE_DATE,C.C_USER_DESC FROM CETRX.TRX_USER_REPORT_PIN A LEFT JOIN CETRX.TRX_USER_REPORT B ON A.C_REPORT_ID = B.C_REPORT_ID  LEFT JOIN CEUSER.SEC_USER_INFO C ON A.C_GRP_CODE = C.C_UNIT_CODE AND A.C_USER_ID = C.C_USER_ID  WHERE  A.C_GRP_CODE = 'C008089'  AND  A.C_USER_ID = 'C008089MCM1'  ORDER BY B.T_UPDATE_DATE DESC
---------------------- End 2026-06-23 08:58:26 839 ------------------------
 [end]

[start] [INFO] [2026-06-23 08:58:26.866] [C008089_C008089MCM1] 
---------------------Begin 2026-06-23 08:58:26 863    CREATE_BU:C008089    CREATE_BY:C008089MCM1 ---------------------
[01]  SELECT C_INACTIVE FROM CEUSER.SEC_USER_INFO WHERE C_USER_ID = 'C008089MCM1' AND C_UNIT_CODE = 'C008089' 
---------------------- End 2026-06-23 08:58:26 864 ------------------------
 [end]

[start] [INFO] [2026-06-23 08:58:26.866] [C008089_C008089MCM1] 
---------------------Begin 2026-06-23 08:58:26 847    CREATE_BU:C008089    CREATE_BY:C008089MCM1 ---------------------
[01]  SELECT C_IS_ACTIVE FROM CEUSER.SEC_WIDGETS_V2_LIST  WHERE  C_WIDGET_NAME = 'ShortcutMenu'  AND  C_ROLE_NAME IN ('MAKER') 
---------------------- End 2026-06-23 08:58:26 865 ------------------------
 [end]

[start] [INFO] [2026-06-23 08:58:26.935] [C008089_C008089MCM1] 
---------------------Begin 2026-06-23 08:58:26 933    CREATE_BU:C008089    CREATE_BY:C008089MCM1 ---------------------
[01]  SELECT C_INACTIVE FROM CEUSER.SEC_USER_INFO WHERE C_USER_ID = 'C008089MCM1' AND C_UNIT_CODE = 'C008089' 
---------------------- End 2026-06-23 08:58:26 934 ------------------------
 [end]

[start] [INFO] [2026-06-23 08:58:26.940] [C008089_C008089MCM1] 
---------------------Begin 2026-06-23 08:58:26 757    CREATE_BU:C008089    CREATE_BY:C008089MCM1 ---------------------
[01]  SELECT C_FUNC_ID,T_OP_TIME FROM CETRX.TRX_FAVOR_FUNC  WHERE  C_UNIT_CODE = 'C008089'  AND  C_USER_ID = 'C008089MCM1'  ORDER BY  T_OP_TIME DESC 
---------------------- End 2026-06-23 08:58:26 939 ------------------------
 [end]

[start] [INFO] [2026-06-23 08:58:26.947] [C008089_C008089MCM1] 
---------------------Begin 2026-06-23 08:58:26 944    CREATE_BU:C008089    CREATE_BY:C008089MCM1 ---------------------
[01]  SELECT C_CRITERIA_DATA,C_TMPL_NAME,C_IS_DEFAULT FROM CETRX.STD_SEARCH_CRITERIA  WHERE  C_UNIT_CODE = 'C008089'  AND  C_USER_ID = 'C008089MCM1'  AND  C_CATA_ID = 'C2A_InProgress_Maker'  AND  C_BK_GROUP_ID = 'CSBANK'  AND  I_CRITERIA_TYPE = 4 
---------------------- End 2026-06-23 08:58:26 946 ------------------------
 [end]

[start] [INFO] [2026-06-23 08:58:27.003] [C008089_C008089MCM1] 
---------------------Begin 2026-06-23 08:58:26 868    CREATE_BU:C008089    CREATE_BY:C008089MCM1 ---------------------
[01]  SELECT C_FUNC_ID,C_MODULE FROM CETRX.TRX_ACT_LOG WHERE C_FUNC_ID IS NOT NULL AND C_UNIT_CODE = 'C008089' AND C_USER_ID = 'C008089MCM1' AND D_SYS_OP_DATE BETWEEN TO_DATE('2026-05-24','yyyy-MM-dd') AND TO_DATE('2026-06-23','yyyy-MM-dd') ORDER BY D_SYS_OP_DATE DESC,T_SYS_OP_TIME DESC
---------------------- End 2026-06-23 08:58:27 002 ------------------------
 [end]

[start] [INFO] [2026-06-23 08:58:27.020] [C008089_C008089MCM1] 
---------------------Begin 2026-06-23 08:58:27 014    CREATE_BU:C008089    CREATE_BY:C008089MCM1 ---------------------
[01]  SELECT C_UNIT_CODE,C_UNIT_NAME FROM CEUSER.SEC_BUSINESS_UNIT WHERE C_UNIT_CODE = 'C008089' 
---------------------- End 2026-06-23 08:58:27 019 ------------------------
 [end]

[start] [INFO] [2026-06-23 08:58:27.082] [C008089_C008089MCM1] 
---------------------Begin 2026-06-23 08:58:26 914    CREATE_BU:C008089    CREATE_BY:C008089MCM1 ---------------------
[01]  SELECT FA_DOC_DUE_DT AS GROUP_DATE, COUNT(*) AS ASCOUNT FROM (SELECT C_PRODUCT_ID, C_MAIN_REF, C_CUST_ID, C_TRX_REF, I_EVENT_TIMES, C_BK_GROUP_ID, C_UNIT_CODE, FA_SEL_NM, FA_BUYER_NM, FA_DOC_CCY, FA_DOC_AMT, AUTH_AMT, AUTH_CCY, PARENT_MAIN_REF, FA_DOC_DT, FA_DOC_DUE_DT, CURRNT_STATUS, C_TRX_STATUS, D_CREA_DATE, D_RELE_DATE, C_FUNC_ID, C_EVENT_NAME, C_EVENT_STATUS, C_NOW_EVENT, C_LOCKED_FLAG, C_LOCKED_OP, C_RELE_BY FROM CETRX.FAEF_EM_INV WHERE   C_BK_GROUP_ID = 'CSBANK'  AND (( C_UNIT_CODE = 'C008089'  AND  C_PRODUCT_ID = 'P19080800001' )) AND C_TRX_STATUS IN ('P', 'A', 'T', 'R', 'M') AND FA_DOC_DUE_DT >= TO_DATE('2026-01-01', 'YYYY-MM-DD') AND FA_DOC_DUE_DT <= TO_DATE('2026-12-31', 'YYYY-MM-DD') ) TEMP_TABLE GROUP BY FA_DOC_DUE_DT
---------------------- End 2026-06-23 08:58:27 080 ------------------------
 [end]

[start] [INFO] [2026-06-23 08:58:27.325] [C008089_C008089MCM1] 
---------------------Begin 2026-06-23 08:58:27 321    CREATE_BU:C008089    CREATE_BY:C008089MCM1 ---------------------
[01]  SELECT C_INACTIVE FROM CEUSER.SEC_USER_INFO WHERE C_USER_ID = 'C008089MCM1' AND C_UNIT_CODE = 'C008089' 
---------------------- End 2026-06-23 08:58:27 323 ------------------------
 [end]

[start] [INFO] [2026-06-23 08:58:27.343] [C008089_C008089MCM1] 
---------------------Begin 2026-06-23 08:58:27 336    CREATE_BU:C008089    CREATE_BY:C008089MCM1 ---------------------
[01]  [Id=C2A_InProgress_Maker]  SELECT T1.C_BK_GROUP_ID, T1.C_MAIN_REF, T1.C_TRX_REF, T1.C_UNIT_CODE, T1.PARENT_MAIN_REF, T1.C_TRX_STATUS, T1.CURRNT_STATUS, (CASE WHEN T1.C_MODULE = 'FADA' OR T1.C_MODULE = 'FAEF' THEN T1.C_TRX_STATUS ELSE T1.C2A_STATUS END) C2A_STATUS, T1.I_EVENT_TIMES, T1.C_MODULE, T1.C_FUNC_ID, T1.C_PRODUCT_ID, T1.C_TRX_ID, T3.C_LOCKED_FLAG, T3.C_LOCKED_OP, T3.C_USER_DESC, T1.D_SYS_OP_DATE, T1.T_SYS_OP_TIME, T1.C2A_CCY, T1.C2A_AMOUNT, T1.C2A_COUNTERPARTY FROM CETRX.TRX_INBOX T1 LEFT JOIN CETRX.TRX_LOCK_INFO T3 ON T1.C_MAIN_REF = T3.C_MAIN_REF AND T1.C_UNIT_CODE = T3.C_UNIT_CODE WHERE   T1.C_BK_GROUP_ID = 'CSBANK'  AND (( T1.C_UNIT_CODE = 'C008089'  AND  T1.C_PRODUCT_ID IN ('FHS0YffwVNuA','P19080800000','P19080800001','P19080800002','P20030600000','epF3a6u4ZGAt') )) AND (T1.C_TRX_STATUS IN ('P', 'T', 'A', 'S') AND (T1.C_MODULE = 'IMLC' OR T1.C_MODULE = 'EXLC' OR T1.C_MODULE = 'FAEF' OR T1.C_MODULE = 'FADA' OR T1.C_MODULE = 'ABLF') AND T1.C2A_STATUS NOT IN ('Discrepancies rejected_fully authorized') OR T1.C_TRX_STATUS = 'M' AND (T1.C_MODULE = 'IMLC' AND T1.C2A_STATUS NOT IN ('Issued', 'Amended', 'Beneficiary rejected', 'Settled') OR T1.C_MODULE = 'EXCO' AND T1.CURRNT_STATUS NOT IN ('Payment Advice') OR T1.C_MODULE = 'EXLC' AND T1.CURRNT_STATUS NOT IN ('Settled', 'Advise Received', 'Amendment Received', 'Docment Received') OR T1.C_MODULE = 'FAEF' AND T1.CURRNT_STATUS NOT IN ('Settled', 'Advise Received') OR T1.C_MODULE = 'FADA' AND T1.CURRNT_STATUS NOT IN ('Settled', 'Advise Received') OR T1.C_MODULE = 'ABLF' AND T1.CURRNT_STATUS NOT IN ('Settled', 'Advise Received'))) AND T1.C_TRX_ID NOT IN (SELECT C_TRX_ID FROM CETRX.TRX_USER_DISMISS WHERE C_USER_ID = 'C008089MCM1' AND C_GRP_CODE = 'C008089') AND (T1.C_MODULE = 'IMLC' OR T1.C_MODULE = 'EXLC' OR T1.C_MODULE = 'FAEF' OR T1.C_MODULE = 'FADA' OR T1.C_MODULE = 'ABLF') ORDER BY T1.D_SYS_OP_DATE DESC, T1.T_SYS_OP_TIME DESC
---------------------- End 2026-06-23 08:58:27 342 ------------------------
 [end]

[start] [INFO] [2026-06-23 08:58:27.386] [C008089_C008089MCM1] 
---------------------Begin 2026-06-23 08:58:27 384    CREATE_BU:C008089    CREATE_BY:C008089MCM1 ---------------------
[01]  SELECT C_UNIT_CODE,C_UNIT_NAME FROM CEUSER.SEC_BUSINESS_UNIT WHERE C_UNIT_CODE = 'C008089' 
---------------------- End 2026-06-23 08:58:27 385 ------------------------
 [end]

[start] [INFO] [2026-06-23 08:58:27.394] [C008089_C008089MCM1] 
---------------------Begin 2026-06-23 08:58:27 392    CREATE_BU:C008089    CREATE_BY:C008089MCM1 ---------------------
[01]  SELECT C_CRITERIA_DATA,C_TMPL_NAME,C_IS_DEFAULT FROM CETRX.STD_SEARCH_CRITERIA  WHERE  C_UNIT_CODE = 'C008089'  AND  C_USER_ID = 'C008089MCM1'  AND  C_CATA_ID = 'C2A_InProgress_Maker'  AND  C_BK_GROUP_ID = 'CSBANK'  AND  I_CRITERIA_TYPE = 4 
---------------------- End 2026-06-23 08:58:27 393 ------------------------
 [end]

[start] [INFO] [2026-06-23 08:58:31.794] [C008089_C008089MCM1] 
---------------------Begin 2026-06-23 08:58:31 789    CREATE_BU:C008089    CREATE_BY:C008089MCM1 ---------------------
[01]  SELECT C_INACTIVE FROM CEUSER.SEC_USER_INFO WHERE C_USER_ID = 'C008089MCM1' AND C_UNIT_CODE = 'C008089' 
---------------------- End 2026-06-23 08:58:31 792 ------------------------
 [end]

[start] [INFO] [2026-06-23 08:58:31.801] [C008089_C008089MCM1] 
---------------------Begin 2026-06-23 08:58:31 798    CREATE_BU:C008089    CREATE_BY:C008089MCM1 ---------------------
[01]  SELECT C_IS_INFORM FROM CEUSER.SEC_LOGIN_SESSION WHERE C_SESSION_ID = '6LrhONa3wwS9lc8KMY2JVXb' 
---------------------- End 2026-06-23 08:58:31 800 ------------------------
 [end]

[start] [INFO] [2026-06-23 08:58:31.814] [C008089_C008089MCM1] 
---------------------Begin 2026-06-23 08:58:31 811    CREATE_BU:C008089    CREATE_BY:C008089MCM1 ---------------------
[01]  SELECT C_INACTIVE FROM CEUSER.SEC_USER_INFO WHERE C_USER_ID = 'C008089MCM1' AND C_UNIT_CODE = 'C008089' 
---------------------- End 2026-06-23 08:58:31 812 ------------------------
 [end]

[start] [INFO] [2026-06-23 08:58:31.818] [C008089_C008089MCM1] 
---------------------Begin 2026-06-23 08:58:31 815    CREATE_BU:C008089    CREATE_BY:C008089MCM1 ---------------------
[01]  SELECT C_IS_INFORM FROM CEUSER.SEC_LOGIN_SESSION WHERE C_SESSION_ID = '6LrhONa3wwS9lc8KMY2JVXb' 
---------------------- End 2026-06-23 08:58:31 816 ------------------------
 [end]

[start] [INFO] [2026-06-23 08:58:31.844] [C008089_C008089MCM1] 
---------------------Begin 2026-06-23 08:58:31 842    CREATE_BU:C008089    CREATE_BY:C008089MCM1 ---------------------
[01]  SELECT to_char(systimestamp, 'yyyy-mm-dd hh24:mi:ssxff') AS sysDT FROM dual
---------------------- End 2026-06-23 08:58:31 843 ------------------------
 [end]

[start] [INFO] [2026-06-23 08:58:31.854] [C008089_C008089MCM1] 
---------------------Begin 2026-06-23 08:58:31 852    CREATE_BU:C008089    CREATE_BY:C008089MCM1 ---------------------
[01]  SELECT C_INACTIVE FROM CEUSER.SEC_USER_INFO WHERE C_USER_ID = 'C008089MCM1' AND C_UNIT_CODE = 'C008089' 
---------------------- End 2026-06-23 08:58:31 853 ------------------------
 [end]

[start] [INFO] [2026-06-23 08:58:31.857] [C008089_C008089MCM1] 
---------------------Begin 2026-06-23 08:58:31 855    CREATE_BU:C008089    CREATE_BY:C008089MCM1 ---------------------
[01]  SELECT C_IS_INFORM FROM CEUSER.SEC_LOGIN_SESSION WHERE C_SESSION_ID = '6LrhONa3wwS9lc8KMY2JVXb' 
---------------------- End 2026-06-23 08:58:31 856 ------------------------
 [end]

[start] [INFO] [2026-06-23 08:58:31.878] [C008089_C008089MCM1] 
---------------------Begin 2026-06-23 08:58:31 876    CREATE_BU:C008089    CREATE_BY:C008089MCM1 ---------------------
[01]  SELECT to_char(systimestamp, 'yyyy-mm-dd hh24:mi:ssxff') AS sysDT FROM dual
---------------------- End 2026-06-23 08:58:31 877 ------------------------
 [end]

[start] [INFO] [2026-06-23 08:58:31.888] [C008089_C008089MCM1] 
---------------------Begin 2026-06-23 08:58:31 884    CREATE_BU:C008089    CREATE_BY:C008089MCM1 ---------------------
[01]  INSERT INTO CETRX.TRX_ACT_LOG (C_LOG_ID,C_BK_GROUP_ID,C_CNTY_CODE,C_UNIT_CODE,C_USER_ID,C_IP_ADDRESS,C_FUNC_ID,C_MODULE,C_LOG_INFO,D_CREA_DATE,T_CREA_TIME,D_SYS_OP_DATE,T_SYS_OP_TIME,C_BUSI_KEY) VALUES ('8A8284979EEEF9EB019EF2D8244B02A0','CSBANK','US','C008089','C008089MCM1','10.3.1.55','F05030701225','UPLD',C008089/C008089MCM1 prepares to process function F05030701225 View Upload Files,TO_DATE('2026-06-23','YYYY-MM-DD'),TO_DATE('04:58:31','HH24:MI:SS'),TO_DATE('2026-06-23','YYYY-MM-DD'),TO_DATE('04:58:31','HH24:MI:SS'),'C008089;C008089MCM1')
---------------------- End 2026-06-23 08:58:31 886 ------------------------
 [end]

[start] [INFO] [2026-06-23 08:58:31.940] [C008089_C008089MCM1] 
---------------------Begin 2026-06-23 08:58:31 938    CREATE_BU:C008089    CREATE_BY:C008089MCM1 ---------------------
[01]  SELECT C_TMPL_NAME,C_CRITERIA_DATA FROM CETRX.STD_SEARCH_CRITERIA  WHERE  C_UNIT_CODE = 'C008089'  AND  C_USER_ID = 'C008089MCM1'  AND  C_CATA_ID = 'C20030500000'  AND  C_BK_GROUP_ID = 'CSBANK'  AND  I_CRITERIA_TYPE = 4  AND  C_IS_DEFAULT = 'Y' 
---------------------- End 2026-06-23 08:58:31 939 ------------------------
 [end]

[start] [INFO] [2026-06-23 08:58:31.945] [C008089_C008089MCM1] 
---------------------Begin 2026-06-23 08:58:31 942    CREATE_BU:C008089    CREATE_BY:C008089MCM1 ---------------------
[01]  SELECT C_FILE_INDEX,C_FILE_NAME,C_FILE_STATUS,D_CREA_DATE,C_CREATED_BY FROM CETRX.TRX_FILE_UPLOAD WHERE ( 1=1   AND   1=1   AND  ( 1=1   AND   1=1 ) AND C_CREATED_BY = 'C008089MCM1')   AND   C_BK_GROUP_ID = 'CSBANK'  ORDER BY C_FILE_INDEX
---------------------- End 2026-06-23 08:58:31 944 ------------------------
 [end]

[start] [INFO] [2026-06-23 08:58:31.957] [C008089_C008089MCM1] 
---------------------Begin 2026-06-23 08:58:31 955    CREATE_BU:C008089    CREATE_BY:C008089MCM1 ---------------------
[01]  SELECT C_TMPL_NAME,C_CRITERIA_DATA FROM CETRX.STD_SEARCH_CRITERIA  WHERE  C_UNIT_CODE = 'C008089'  AND  C_USER_ID = 'C008089MCM1'  AND  C_CATA_ID = 'C20030500000'  AND  C_BK_GROUP_ID = 'CSBANK'  AND  I_CRITERIA_TYPE = 4  AND  C_IS_DEFAULT = 'Y' 
---------------------- End 2026-06-23 08:58:31 956 ------------------------
 [end]

[start] [INFO] [2026-06-23 08:58:32.248] [C008089_C008089MCM1] 
---------------------Begin 2026-06-23 08:58:32 244    CREATE_BU:C008089    CREATE_BY:C008089MCM1 ---------------------
[01]  SELECT C_CRITERIA_DATA FROM CETRX.STD_SEARCH_CRITERIA WHERE C_UNIT_CODE = 'C008089' AND C_USER_ID = 'C008089MCM1' AND C_CATA_ID = 'C20030500000' AND I_CRITERIA_TYPE = 4 AND C_IS_DEFAULT = 'Y' 
---------------------- End 2026-06-23 08:58:32 246 ------------------------
 [end]

[start] [INFO] [2026-06-23 08:58:32.255] [C008089_C008089MCM1] 
---------------------Begin 2026-06-23 08:58:32 253    CREATE_BU:C008089    CREATE_BY:C008089MCM1 ---------------------
[01]  SELECT C_INACTIVE FROM CEUSER.SEC_USER_INFO WHERE C_USER_ID = 'C008089MCM1' AND C_UNIT_CODE = 'C008089' 
---------------------- End 2026-06-23 08:58:32 254 ------------------------
 [end]

[start] [INFO] [2026-06-23 08:58:32.272] [C008089_C008089MCM1] 
---------------------Begin 2026-06-23 08:58:32 267    CREATE_BU:C008089    CREATE_BY:C008089MCM1 ---------------------
[01]  SELECT COUNT(*) AS RECCOUNT FROM CETRX.STD_NOTIFICATION  WHERE C_NOTI_ID IN ( SELECT C_NOTI_ID FROM CETRX.STD_NOTIFICATION_STATUS  WHERE  C_READ_STATUS = 'F'  AND  C_USER_ID = 'C008089MCM1'  AND  C_UNIT_CODE = 'C008089'  )
---------------------- End 2026-06-23 08:58:32 271 ------------------------
 [end]

[start] [INFO] [2026-06-23 08:58:32.548] [C008089_C008089MCM1] 
---------------------Begin 2026-06-23 08:58:32 544    CREATE_BU:C008089    CREATE_BY:C008089MCM1 ---------------------
[01]  SELECT C_INACTIVE FROM CEUSER.SEC_USER_INFO WHERE C_USER_ID = 'C008089MCM1' AND C_UNIT_CODE = 'C008089' 
---------------------- End 2026-06-23 08:58:32 546 ------------------------
 [end]

[start] [INFO] [2026-06-23 08:58:32.578] [C008089_C008089MCM1] 
---------------------Begin 2026-06-23 08:58:32 574    CREATE_BU:C008089    CREATE_BY:C008089MCM1 ---------------------
[01]  SELECT C_INACTIVE FROM CEUSER.SEC_USER_INFO WHERE C_USER_ID = 'C008089MCM1' AND C_UNIT_CODE = 'C008089' 
---------------------- End 2026-06-23 08:58:32 576 ------------------------
 [end]

[start] [INFO] [2026-06-23 08:58:32.578] [C008089_C008089MCM1] 
---------------------Begin 2026-06-23 08:58:32 575    CREATE_BU:C008089    CREATE_BY:C008089MCM1 ---------------------
[01]  SELECT C_INACTIVE FROM CEUSER.SEC_USER_INFO WHERE C_USER_ID = 'C008089MCM1' AND C_UNIT_CODE = 'C008089' 
---------------------- End 2026-06-23 08:58:32 576 ------------------------
 [end]

[start] [INFO] [2026-06-23 08:58:32.599] [C008089_C008089MCM1] 
---------------------Begin 2026-06-23 08:58:32 596    CREATE_BU:C008089    CREATE_BY:C008089MCM1 ---------------------
[01]  SELECT * FROM CEUSER.SEC_BUSINESS_UNIT WHERE C_UNIT_CODE = 'C008089' 
---------------------- End 2026-06-23 08:58:32 597 ------------------------
 [end]

[start] [INFO] [2026-06-23 08:58:32.681] [C008089_C008089MCM1] 
---------------------Begin 2026-06-23 08:58:32 678    CREATE_BU:C008089    CREATE_BY:C008089MCM1 ---------------------
[01]  SELECT C_AUTH_RULE FROM CEUSER.SEC_USER_INFO WHERE C_BK_GROUP_ID = 'CSBANK' AND C_UNIT_CODE = 'C008089' AND C_USER_ID = 'C008089MCM1' 
---------------------- End 2026-06-23 08:58:32 680 ------------------------
 [end]

[start] [INFO] [2026-06-23 08:58:32.684] [C008089_C008089MCM1] 
---------------------Begin 2026-06-23 08:58:32 682    CREATE_BU:C008089    CREATE_BY:C008089MCM1 ---------------------
[01]  SELECT C_AUTH_RULE FROM CEUSER.SEC_BUSINESS_UNIT WHERE C_BK_GROUP_ID = 'CSBANK' AND C_UNIT_CODE = 'C008089' 
---------------------- End 2026-06-23 08:58:32 683 ------------------------
 [end]

[start] [INFO] [2026-06-23 08:58:34.669] [C008089_C008089MCM1] 
---------------------Begin 2026-06-23 08:58:34 665    CREATE_BU:C008089    CREATE_BY:C008089MCM1 ---------------------
[01]  SELECT C_INACTIVE FROM CEUSER.SEC_USER_INFO WHERE C_USER_ID = 'C008089MCM1' AND C_UNIT_CODE = 'C008089' 
---------------------- End 2026-06-23 08:58:34 667 ------------------------
 [end]

[start] [INFO] [2026-06-23 08:58:42.829] [C008089_C008089MCM1] 
---------------------Begin 2026-06-23 08:58:42 826    CREATE_BU:C008089    CREATE_BY:C008089MCM1 ---------------------
[01]  SELECT C_INACTIVE FROM CEUSER.SEC_USER_INFO WHERE C_USER_ID = 'C008089MCM1' AND C_UNIT_CODE = 'C008089' 
---------------------- End 2026-06-23 08:58:42 828 ------------------------
 [end]

[start] [INFO] [2026-06-23 08:58:42.843] [C008089_C008089MCM1] 
---------------------Begin 2026-06-23 08:58:42 831    CREATE_BU:C008089    CREATE_BY:C008089MCM1 ---------------------
[01]  SELECT C_IS_INFORM FROM CEUSER.SEC_LOGIN_SESSION WHERE C_SESSION_ID = '6LrhONa3wwS9lc8KMY2JVXb' 
---------------------- End 2026-06-23 08:58:42 832 ------------------------
 [end]

[start] [INFO] [2026-06-23 08:58:43.039] [C008089_C008089MCM1] 
---------------------Begin 2026-06-23 08:58:43 014    CREATE_BU:C008089    CREATE_BY:C008089MCM1 ---------------------
[01]  SELECT * FROM CEUSER.SEC_BUSINESS_UNIT WHERE C_UNIT_CODE = 'C008089' 
[02]  SELECT * FROM CEUSER.SEC_USER_INFO WHERE C_UNIT_CODE = 'C008089' AND C_USER_ID = 'C008089MCM1' 
---------------------- End 2026-06-23 08:58:43 038 ------------------------
 [end]

[start] [INFO] [2026-06-23 08:58:43.092] [C008089_C008089MCM1] 
---------------------Begin 2026-06-23 08:58:43 086    CREATE_BU:C008089    CREATE_BY:C008089MCM1 ---------------------
[01]  SELECT C_BK_GROUP_ID,C_CNTY_CODE FROM CEUSER.SEC_BUSINESS_UNIT WHERE C_UNIT_CODE = 'C008089' 
---------------------- End 2026-06-23 08:58:43 091 ------------------------
 [end]

[start] [INFO] [2026-06-23 08:58:43.133] [C008089_C008089MCM1] 
---------------------Begin 2026-06-23 08:58:43 130    CREATE_BU:C008089    CREATE_BY:C008089MCM1 ---------------------
[01]  [Id=USER_INFO]  SELECT I_LOGON_RETRIES,C_BK_GROUP_ID,C_CNTY_CODE,C_PASSWORD,C_USER_ID,C_UNIT_CODE,C_INACTIVE,I_EXPIRY_TYPE,EXPIRY_DATE ,EFFECTIVE_DATE ,I_USER_TYPE,C_CHANGE_PSW,D_PSW_DATE,C_CHANGE_MAIL FROM CEUSER.SEC_USER_INFO WHERE C_USER_ID = 'C008089MCM1' AND C_UNIT_CODE = 'C008089' 
[02]  [Id=SUCCESS_INFO]  SELECT C_UNIT_CODE,C_USER_ID,T_LAST_LOGIN_TIME,T_CURR_LOGIN_TIME FROM CEUSER.SEC_LOGIN_SUCCEED_INFO WHERE C_USER_ID = 'C008089MCM1' AND C_UNIT_CODE = 'C008089' 
---------------------- End 2026-06-23 08:58:43 132 ------------------------
 [end]

[start] [INFO] [2026-06-23 08:58:43.173] [C008089_C008089MCM1] 
---------------------Begin 2026-06-23 08:58:43 170    CREATE_BU:C008089    CREATE_BY:C008089MCM1 ---------------------
[01]  SELECT * FROM CEUSER.SEC_BUSINESS_UNIT WHERE C_UNIT_CODE = 'C008089' 
---------------------- End 2026-06-23 08:58:43 172 ------------------------
 [end]

[start] [INFO] [2026-06-23 08:58:43.536] [C008089_C008089MCM1] 
---------------------Begin 2026-06-23 08:58:43 532    CREATE_BU:C008089    CREATE_BY:C008089MCM1    TRX_BU:C008089 ---------------------
[01]  SELECT C_MSG_SET,C_BUSINESS_KEY,C_FILE_INDEX,C_FILE_POSITION,C_MSG_STATUS,C_SUB_FILE_INDEX,C_FAIL_REASON FROM CETRX.TRX_SUB_FILES WHERE C_FILE_INDEX = '8A8284979EEEF9EB019EEF0C7967003C'  AND   C_BK_GROUP_ID = 'CSBANK'  AND  C_UNIT_CODE = 'C008089' 
---------------------- End 2026-06-23 08:58:43 535 ------------------------
 [end]

[start] [INFO] [2026-06-23 08:58:51.268] [C008089_C008089MCM1] 
---------------------Begin 2026-06-23 08:58:51 265    CREATE_BU:C008089    CREATE_BY:C008089MCM1 ---------------------
[01]  SELECT C_INACTIVE FROM CEUSER.SEC_USER_INFO WHERE C_USER_ID = 'C008089MCM1' AND C_UNIT_CODE = 'C008089' 
---------------------- End 2026-06-23 08:58:51 266 ------------------------
 [end]

[start] [INFO] [2026-06-23 08:58:51.273] [C008089_C008089MCM1] 
---------------------Begin 2026-06-23 08:58:51 270    CREATE_BU:C008089    CREATE_BY:C008089MCM1 ---------------------
[01]  SELECT C_IS_INFORM FROM CEUSER.SEC_LOGIN_SESSION WHERE C_SESSION_ID = '6LrhONa3wwS9lc8KMY2JVXb' 
---------------------- End 2026-06-23 08:58:51 271 ------------------------
 [end]

[start] [INFO] [2026-06-23 08:58:51.291] [C008089_C008089MCM1] 
---------------------Begin 2026-06-23 08:58:51 287    CREATE_BU:C008089    CREATE_BY:C008089MCM1 ---------------------
[01]  SELECT * FROM CEUSER.SEC_BUSINESS_UNIT WHERE C_UNIT_CODE = 'C008089' 
[02]  SELECT * FROM CEUSER.SEC_USER_INFO WHERE C_UNIT_CODE = 'C008089' AND C_USER_ID = 'C008089MCM1' 
---------------------- End 2026-06-23 08:58:51 289 ------------------------
 [end]

[start] [INFO] [2026-06-23 08:58:51.301] [C008089_C008089MCM1] 
---------------------Begin 2026-06-23 08:58:51 299    CREATE_BU:C008089    CREATE_BY:C008089MCM1 ---------------------
[01]  SELECT C_BK_GROUP_ID,C_CNTY_CODE FROM CEUSER.SEC_BUSINESS_UNIT WHERE C_UNIT_CODE = 'C008089' 
---------------------- End 2026-06-23 08:58:51 300 ------------------------
 [end]

[start] [INFO] [2026-06-23 08:58:51.310] [C008089_C008089MCM1] 
---------------------Begin 2026-06-23 08:58:51 308    CREATE_BU:C008089    CREATE_BY:C008089MCM1 ---------------------
[01]  [Id=USER_INFO]  SELECT I_LOGON_RETRIES,C_BK_GROUP_ID,C_CNTY_CODE,C_PASSWORD,C_USER_ID,C_UNIT_CODE,C_INACTIVE,I_EXPIRY_TYPE,EXPIRY_DATE ,EFFECTIVE_DATE ,I_USER_TYPE,C_CHANGE_PSW,D_PSW_DATE,C_CHANGE_MAIL FROM CEUSER.SEC_USER_INFO WHERE C_USER_ID = 'C008089MCM1' AND C_UNIT_CODE = 'C008089' 
[02]  [Id=SUCCESS_INFO]  SELECT C_UNIT_CODE,C_USER_ID,T_LAST_LOGIN_TIME,T_CURR_LOGIN_TIME FROM CEUSER.SEC_LOGIN_SUCCEED_INFO WHERE C_USER_ID = 'C008089MCM1' AND C_UNIT_CODE = 'C008089' 
---------------------- End 2026-06-23 08:58:51 309 ------------------------
 [end]

[start] [INFO] [2026-06-23 08:58:51.340] [C008089_C008089MCM1] 
---------------------Begin 2026-06-23 08:58:51 338    CREATE_BU:C008089    CREATE_BY:C008089MCM1 ---------------------
[01]  SELECT * FROM CEUSER.SEC_BUSINESS_UNIT WHERE C_UNIT_CODE = 'C008089' 
---------------------- End 2026-06-23 08:58:51 339 ------------------------
 [end]

[start] [INFO] [2026-06-23 08:58:51.356] [C008089_C008089MCM1] 
---------------------Begin 2026-06-23 08:58:51 353    CREATE_BU:C008089    CREATE_BY:C008089MCM1    TRX_BU:C008089 ---------------------
[01]  SELECT C_MSG_SET,C_BUSINESS_KEY,C_FILE_INDEX,C_FILE_POSITION,C_MSG_STATUS,C_SUB_FILE_INDEX,C_FAIL_REASON FROM CETRX.TRX_SUB_FILES WHERE C_FILE_INDEX = '8A8284979EEDAF24019EEDE5C38600B8'  AND   C_BK_GROUP_ID = 'CSBANK'  AND  C_UNIT_CODE = 'C008089' 
---------------------- End 2026-06-23 08:58:51 355 ------------------------
 [end]

[start] [INFO] [2026-06-23 08:58:56.051] [C008089_C008089MCM1] 
---------------------Begin 2026-06-23 08:58:56 048    CREATE_BU:C008089    CREATE_BY:C008089MCM1 ---------------------
[01]  SELECT C_INACTIVE FROM CEUSER.SEC_USER_INFO WHERE C_USER_ID = 'C008089MCM1' AND C_UNIT_CODE = 'C008089' 
---------------------- End 2026-06-23 08:58:56 050 ------------------------
 [end]

[start] [INFO] [2026-06-23 08:58:56.054] [C008089_C008089MCM1] 
---------------------Begin 2026-06-23 08:58:56 052    CREATE_BU:C008089    CREATE_BY:C008089MCM1 ---------------------
[01]  SELECT C_IS_INFORM FROM CEUSER.SEC_LOGIN_SESSION WHERE C_SESSION_ID = '6LrhONa3wwS9lc8KMY2JVXb' 
---------------------- End 2026-06-23 08:58:56 053 ------------------------
 [end]

[start] [INFO] [2026-06-23 08:58:56.071] [C008089_C008089MCM1] 
---------------------Begin 2026-06-23 08:58:56 068    CREATE_BU:C008089    CREATE_BY:C008089MCM1 ---------------------
[01]  SELECT * FROM CEUSER.SEC_BUSINESS_UNIT WHERE C_UNIT_CODE = 'C008089' 
[02]  SELECT * FROM CEUSER.SEC_USER_INFO WHERE C_UNIT_CODE = 'C008089' AND C_USER_ID = 'C008089MCM1' 
---------------------- End 2026-06-23 08:58:56 070 ------------------------
 [end]

[start] [INFO] [2026-06-23 08:58:56.082] [C008089_C008089MCM1] 
---------------------Begin 2026-06-23 08:58:56 081    CREATE_BU:C008089    CREATE_BY:C008089MCM1 ---------------------
[01]  SELECT C_BK_GROUP_ID,C_CNTY_CODE FROM CEUSER.SEC_BUSINESS_UNIT WHERE C_UNIT_CODE = 'C008089' 
---------------------- End 2026-06-23 08:58:56 081 ------------------------
 [end]

[start] [INFO] [2026-06-23 08:58:56.093] [C008089_C008089MCM1] 
---------------------Begin 2026-06-23 08:58:56 090    CREATE_BU:C008089    CREATE_BY:C008089MCM1 ---------------------
[01]  [Id=USER_INFO]  SELECT I_LOGON_RETRIES,C_BK_GROUP_ID,C_CNTY_CODE,C_PASSWORD,C_USER_ID,C_UNIT_CODE,C_INACTIVE,I_EXPIRY_TYPE,EXPIRY_DATE ,EFFECTIVE_DATE ,I_USER_TYPE,C_CHANGE_PSW,D_PSW_DATE,C_CHANGE_MAIL FROM CEUSER.SEC_USER_INFO WHERE C_USER_ID = 'C008089MCM1' AND C_UNIT_CODE = 'C008089' 
[02]  [Id=SUCCESS_INFO]  SELECT C_UNIT_CODE,C_USER_ID,T_LAST_LOGIN_TIME,T_CURR_LOGIN_TIME FROM CEUSER.SEC_LOGIN_SUCCEED_INFO WHERE C_USER_ID = 'C008089MCM1' AND C_UNIT_CODE = 'C008089' 
---------------------- End 2026-06-23 08:58:56 092 ------------------------
 [end]

[start] [INFO] [2026-06-23 08:58:56.124] [C008089_C008089MCM1] 
---------------------Begin 2026-06-23 08:58:56 122    CREATE_BU:C008089    CREATE_BY:C008089MCM1 ---------------------
[01]  SELECT * FROM CEUSER.SEC_BUSINESS_UNIT WHERE C_UNIT_CODE = 'C008089' 
---------------------- End 2026-06-23 08:58:56 123 ------------------------
 [end]

[start] [INFO] [2026-06-23 08:58:56.138] [C008089_C008089MCM1] 
---------------------Begin 2026-06-23 08:58:56 135    CREATE_BU:C008089    CREATE_BY:C008089MCM1    TRX_BU:C008089 ---------------------
[01]  SELECT C_MSG_SET,C_BUSINESS_KEY,C_FILE_INDEX,C_FILE_POSITION,C_MSG_STATUS,C_SUB_FILE_INDEX,C_FAIL_REASON FROM CETRX.TRX_SUB_FILES WHERE C_FILE_INDEX = '8A8284979EEDAF24019EEDF7C79900D8'  AND   C_BK_GROUP_ID = 'CSBANK'  AND  C_UNIT_CODE = 'C008089' 
---------------------- End 2026-06-23 08:58:56 137 ------------------------
 [end]

[start] [INFO] [2026-06-23 09:05:06.413] [C008089_C008089MCM1] 
---------------------Begin 2026-06-23 09:05:06 408    CREATE_BU:C008089    CREATE_BY:C008089MCM1 ---------------------
[01]  SELECT C_INACTIVE FROM CEUSER.SEC_USER_INFO WHERE C_USER_ID = 'C008089MCM1' AND C_UNIT_CODE = 'C008089' 
---------------------- End 2026-06-23 09:05:06 410 ------------------------
 [end]

[start] [INFO] [2026-06-23 09:05:06.430] [C008089_C008089MCM1] 
---------------------Begin 2026-06-23 09:05:06 426    CREATE_BU:C008089    CREATE_BY:C008089MCM1 ---------------------
[01]  SELECT COUNT(*) AS RECCOUNT FROM CETRX.STD_NOTIFICATION  WHERE C_NOTI_ID IN ( SELECT C_NOTI_ID FROM CETRX.STD_NOTIFICATION_STATUS  WHERE  C_READ_STATUS = 'F'  AND  C_USER_ID = 'C008089MCM1'  AND  C_UNIT_CODE = 'C008089'  )
---------------------- End 2026-06-23 09:05:06 428 ------------------------
 [end]

[start] [INFO] [2026-06-23 09:05:06.571] [C008089_C008089MCM1] 
---------------------Begin 2026-06-23 09:05:06 562    CREATE_BU:C008089    CREATE_BY:C008089MCM1 ---------------------
[01]  SELECT C_INACTIVE FROM CEUSER.SEC_USER_INFO WHERE C_USER_ID = 'C008089MCM1' AND C_UNIT_CODE = 'C008089' 
---------------------- End 2026-06-23 09:05:06 565 ------------------------
 [end]

[start] [INFO] [2026-06-23 09:05:06.581] [C008089_C008089MCM1] 
---------------------Begin 2026-06-23 09:05:06 577    CREATE_BU:C008089    CREATE_BY:C008089MCM1 ---------------------
[01]  SELECT C_INACTIVE FROM CEUSER.SEC_USER_INFO WHERE C_USER_ID = 'C008089MCM1' AND C_UNIT_CODE = 'C008089' 
---------------------- End 2026-06-23 09:05:06 579 ------------------------
 [end]

[start] [INFO] [2026-06-23 09:05:06.588] [C008089_C008089MCM1] 
---------------------Begin 2026-06-23 09:05:06 585    CREATE_BU:C008089    CREATE_BY:C008089MCM1 ---------------------
[01]  SELECT C_INACTIVE FROM CEUSER.SEC_USER_INFO WHERE C_USER_ID = 'C008089MCM1' AND C_UNIT_CODE = 'C008089' 
---------------------- End 2026-06-23 09:05:06 587 ------------------------
 [end]

[start] [INFO] [2026-06-23 09:05:06.596] [C008089_C008089MCM1] 
---------------------Begin 2026-06-23 09:05:06 592    CREATE_BU:C008089    CREATE_BY:C008089MCM1 ---------------------
[01]  SELECT A.C_REPORT_ID,A.C_GRP_CODE,A.C_USER_ID,A.T_PIN_DATE,B.C_SOURCE_REPORT,B.C_REPORT_NAME,B.T_UPDATE_DATE,C.C_USER_DESC FROM CETRX.TRX_USER_REPORT_PIN A LEFT JOIN CETRX.TRX_USER_REPORT B ON A.C_REPORT_ID = B.C_REPORT_ID  LEFT JOIN CEUSER.SEC_USER_INFO C ON A.C_GRP_CODE = C.C_UNIT_CODE AND A.C_USER_ID = C.C_USER_ID  WHERE  A.C_GRP_CODE = 'C008089'  AND  A.C_USER_ID = 'C008089MCM1'  ORDER BY B.T_UPDATE_DATE DESC
---------------------- End 2026-06-23 09:05:06 593 ------------------------
 [end]

[start] [INFO] [2026-06-23 09:05:06.615] [C008089_C008089MCM1] 
---------------------Begin 2026-06-23 09:05:06 609    CREATE_BU:C008089    CREATE_BY:C008089MCM1 ---------------------
[01]  [Id=C2A_ForYou]  SELECT COUNT(*) FROM (SELECT DISTINCT T1.C_BK_GROUP_ID, T1.C_MAIN_REF, T1.C_TRX_REF, T1.C_UNIT_CODE, T1.PARENT_MAIN_REF, T1.C_TRX_STATUS, T1.CURRNT_STATUS, T1.C2A_STATUS, T1.I_EVENT_TIMES, T1.C_MODULE, T1.C_FUNC_ID, T1.C_PRODUCT_ID, T1.C_TRX_ID, T3.C_LOCKED_FLAG, T3.C_LOCKED_OP, T3.C_USER_DESC, T1.D_SYS_OP_DATE, T1.T_SYS_OP_TIME, T1.C2A_CCY, T1.C2A_AMOUNT, T1.C2A_COUNTERPARTY FROM CETRX.TRX_INBOX T1 LEFT JOIN CETRX.TRX_NEXT_FUNC T2 ON T1.C_PRODUCT_ID = T2.C_PRODUCT_ID AND T1.C2A_STATUS = T2.C2A_STATUS AND T1.C_TRX_STATUS = T2.C_TRX_STATUS LEFT JOIN CETRX.TRX_LOCK_INFO T3 ON T1.C_MAIN_REF = T3.C_MAIN_REF AND T1.C_UNIT_CODE = T3.C_UNIT_CODE WHERE   T1.C_BK_GROUP_ID = 'CSBANK'  AND (( T1.C_UNIT_CODE = 'C008089'  AND  T1.C_PRODUCT_ID IN ('FHS0YffwVNuA','P19080800000','P19080800001','P19080800002','P20030600000','epF3a6u4ZGAt') )) AND (T2.C_NEXT_FUNC_ID IN (SELECT C_FUNC_ID FROM CEUSER.SEC_OP_FUNC WHERE C_USER_ID = 'C008089MCM1' AND C_GRP_CODE = 'C008089' AND C_UNIT_CODE = T1.C_UNIT_CODE) OR T2.C_NEXT_FUNC_ID IN (SELECT C_FUNC_ID FROM CEUSER.SEC_OP_FUNC WHERE C_GRP_CODE = 'C008089' AND C_USER_ID IN (SELECT C_ROLE_ID FROM CEUSER.SEC_USER_ROLE WHERE C_USER_ID = 'C008089MCM1' AND C_GRP_CODE = 'C008089') AND C_UNIT_CODE = T1.C_UNIT_CODE)) AND (T1.C_TRX_STATUS = 'R' OR T1.C2A_STATUS IN ('Rejected by bank', 'Discrepancy notification', 'Document received') AND T1.C_TRX_STATUS = 'M' OR T1.C2A_STATUS IN ('Amendment(Detrimental)_fully authorized', 'Document discrepancy_fully authorized') AND T1.C_TRX_STATUS = 'A') AND T1.C_TRX_ID NOT IN (SELECT C_TRX_ID FROM CETRX.TRX_USER_DISMISS WHERE C_USER_ID = 'C008089MCM1' AND C_GRP_CODE = 'C008089') AND (T1.C_MODULE = 'IMLC' OR T1.C_MODULE = 'EXLC' OR T1.C_MODULE = 'FAEF' OR T1.C_MODULE = 'FADA' OR T1.C_MODULE = 'TSUM' OR T1.C_MODULE = 'ABLF' OR T1.C_MODULE = 'UPLD') ORDER BY T1.D_SYS_OP_DATE DESC, T1.T_SYS_OP_TIME DESC)
---------------------- End 2026-06-23 09:05:06 614 ------------------------
 [end]

[start] [INFO] [2026-06-23 09:05:06.627] [C008089_C008089MCM1] 
---------------------Begin 2026-06-23 09:05:06 620    CREATE_BU:C008089    CREATE_BY:C008089MCM1 ---------------------
[01]  [Id=C2A_InProgress_Maker]  SELECT COUNT(*) FROM CETRX.TRX_INBOX T1 LEFT JOIN CETRX.TRX_LOCK_INFO T3 ON T1.C_MAIN_REF = T3.C_MAIN_REF AND T1.C_UNIT_CODE = T3.C_UNIT_CODE WHERE   T1.C_BK_GROUP_ID = 'CSBANK'  AND (( T1.C_UNIT_CODE = 'C008089'  AND  T1.C_PRODUCT_ID IN ('FHS0YffwVNuA','P19080800000','P19080800001','P19080800002','P20030600000','epF3a6u4ZGAt') )) AND (T1.C_TRX_STATUS IN ('P', 'T', 'A', 'S') AND (T1.C_MODULE = 'IMLC' OR T1.C_MODULE = 'EXLC' OR T1.C_MODULE = 'FAEF' OR T1.C_MODULE = 'FADA' OR T1.C_MODULE = 'ABLF') AND T1.C2A_STATUS NOT IN ('Discrepancies rejected_fully authorized') OR T1.C_TRX_STATUS = 'M' AND (T1.C_MODULE = 'IMLC' AND T1.C2A_STATUS NOT IN ('Issued', 'Amended', 'Beneficiary rejected', 'Settled') OR T1.C_MODULE = 'EXCO' AND T1.CURRNT_STATUS NOT IN ('Payment Advice') OR T1.C_MODULE = 'EXLC' AND T1.CURRNT_STATUS NOT IN ('Settled', 'Advise Received', 'Amendment Received', 'Docment Received') OR T1.C_MODULE = 'FAEF' AND T1.CURRNT_STATUS NOT IN ('Settled', 'Advise Received') OR T1.C_MODULE = 'FADA' AND T1.CURRNT_STATUS NOT IN ('Settled', 'Advise Received') OR T1.C_MODULE = 'ABLF' AND T1.CURRNT_STATUS NOT IN ('Settled', 'Advise Received'))) AND T1.C_TRX_ID NOT IN (SELECT C_TRX_ID FROM CETRX.TRX_USER_DISMISS WHERE C_USER_ID = 'C008089MCM1' AND C_GRP_CODE = 'C008089') AND (T1.C_MODULE = 'IMLC' OR T1.C_MODULE = 'EXLC' OR T1.C_MODULE = 'FAEF' OR T1.C_MODULE = 'FADA' OR T1.C_MODULE = 'ABLF')
---------------------- End 2026-06-23 09:05:06 625 ------------------------
 [end]

[start] [INFO] [2026-06-23 09:05:06.637] [C008089_C008089MCM1] 
---------------------Begin 2026-06-23 09:05:06 631    CREATE_BU:C008089    CREATE_BY:C008089MCM1 ---------------------
[01]  [Id=C2A_Closed]  SELECT COUNT(*) FROM CETRX.TRX_INBOX T1 LEFT JOIN CETRX.TRX_LOCK_INFO T3 ON T1.C_MAIN_REF = T3.C_MAIN_REF AND T1.C_UNIT_CODE = T3.C_UNIT_CODE WHERE   T1.C_BK_GROUP_ID = 'CSBANK'  AND (( T1.C_UNIT_CODE = 'C008089'  AND  T1.C_PRODUCT_ID IN ('FHS0YffwVNuA','P19080800000','P19080800001','P19080800002','P20030600000','epF3a6u4ZGAt') )) AND (T1.C2A_STATUS IN ('Issued', 'Amended', 'Beneficiary rejected', 'Discrepancies rejected_fully authorized', 'Settled') AND T1.C_MODULE = 'IMLC' OR T1.CURRNT_STATUS IN ('Issued', 'Amended', 'Detrimental Amendment', 'Beneficiary Consent', 'Beneficiary Rejected', 'Document Presentation', 'Document Presentation', 'Settlement', 'Settled') AND T1.C_MODULE = 'EXCO' OR T1.C2A_STATUS IN ('Settled', 'Amendment_fully authorized', '') AND T1.C_MODULE = 'EXLC' OR T1.C_FUNC_ID IN ('F05030700899', 'F05030700901', 'F05030700908') AND T1.C2A_STATUS = 'Fully authorized' AND T1.C_MODULE = 'EXLC' OR T1.C_MODULE = 'FADA' OR T1.C_MODULE = 'FAEF') AND T1.C_TRX_STATUS IN ('M', 'A', 'S') AND T1.C_TRX_ID NOT IN (SELECT C_TRX_ID FROM CETRX.TRX_USER_DISMISS WHERE C_USER_ID = 'C008089MCM1' AND C_GRP_CODE = 'C008089') AND (T1.C_MODULE = 'IMLC' OR T1.C_MODULE = 'EXLC' OR T1.C_MODULE = 'FADA' OR T1.C_MODULE = 'FAEF')
---------------------- End 2026-06-23 09:05:06 635 ------------------------
 [end]

[start] [INFO] [2026-06-23 09:05:06.647] [C008089_C008089MCM1] 
---------------------Begin 2026-06-23 09:05:06 641    CREATE_BU:C008089    CREATE_BY:C008089MCM1 ---------------------
[01]  [Id=C2A_Drafts]  SELECT COUNT(*) FROM (SELECT DISTINCT T1.C_BK_GROUP_ID, T1.C_MAIN_REF, T1.C_TRX_REF, T1.C_UNIT_CODE, T1.PARENT_MAIN_REF, T1.C_TRX_STATUS, T1.I_EVENT_TIMES, T1.C_MODULE, T1.C_FUNC_ID, T1.C_PRODUCT_ID, T1.C_TRX_ID, T3.C_LOCKED_FLAG, T3.C_LOCKED_OP, T3.C_USER_DESC, T1.D_SYS_OP_DATE, T1.T_SYS_OP_TIME, T1.C2A_CCY, T1.C2A_AMOUNT, T1.C2A_COUNTERPARTY FROM CETRX.TRX_INBOX T1 LEFT JOIN CETRX.TRX_NEXT_FUNC T2 ON T1.C_PRODUCT_ID = T2.C_PRODUCT_ID AND T1.C_TRX_STATUS = T2.C_TRX_STATUS LEFT JOIN CETRX.TRX_LOCK_INFO T3 ON T1.C_MAIN_REF = T3.C_MAIN_REF AND T1.C_UNIT_CODE = T3.C_UNIT_CODE WHERE   T1.C_BK_GROUP_ID = 'CSBANK'  AND (( T1.C_UNIT_CODE = 'C008089'  AND  T1.C_PRODUCT_ID IN ('FHS0YffwVNuA','P19080800000','P19080800001','P19080800002','P20030600000','epF3a6u4ZGAt') )) AND (T2.C_NEXT_FUNC_ID IN (SELECT C_FUNC_ID FROM CEUSER.SEC_OP_FUNC WHERE C_USER_ID = 'C008089MCM1' AND C_GRP_CODE = 'C008089' AND C_UNIT_CODE = T1.C_UNIT_CODE) OR T2.C_NEXT_FUNC_ID IN (SELECT C_FUNC_ID FROM CEUSER.SEC_OP_FUNC WHERE C_GRP_CODE = 'C008089' AND C_USER_ID IN (SELECT C_ROLE_ID FROM CEUSER.SEC_USER_ROLE WHERE C_USER_ID = 'C008089MCM1' AND C_GRP_CODE = 'C008089') AND C_UNIT_CODE = T1.C_UNIT_CODE)) AND T1.C_TRX_STATUS = 'Z' AND T1.C_TRX_ID NOT IN (SELECT C_TRX_ID FROM CETRX.TRX_USER_DISMISS WHERE C_USER_ID = 'C008089MCM1' AND C_GRP_CODE = 'C008089') AND (T1.C_MODULE = 'IMLC' OR T1.C_MODULE = 'EXLC' OR T1.C_MODULE = 'FAEF' OR T1.C_MODULE = 'FADA' OR T1.C_MODULE = 'ABLF') ORDER BY T1.D_SYS_OP_DATE DESC, T1.T_SYS_OP_TIME DESC)
---------------------- End 2026-06-23 09:05:06 645 ------------------------
 [end]

[start] [INFO] [2026-06-23 09:05:06.812] [C008089_C008089MCM1] 
---------------------Begin 2026-06-23 09:05:06 810    CREATE_BU:C008089    CREATE_BY:C008089MCM1 ---------------------
[01]  SELECT C_INACTIVE FROM CEUSER.SEC_USER_INFO WHERE C_USER_ID = 'C008089MCM1' AND C_UNIT_CODE = 'C008089' 
---------------------- End 2026-06-23 09:05:06 811 ------------------------
 [end]

[start] [INFO] [2026-06-23 09:05:06.832] [C008089_C008089MCM1] 
---------------------Begin 2026-06-23 09:05:06 823    CREATE_BU:C008089    CREATE_BY:C008089MCM1 ---------------------
[01]  [Id=C2A_InProgress_Maker]  SELECT T1.C_BK_GROUP_ID, T1.C_MAIN_REF, T1.C_TRX_REF, T1.C_UNIT_CODE, T1.PARENT_MAIN_REF, T1.C_TRX_STATUS, T1.CURRNT_STATUS, (CASE WHEN T1.C_MODULE = 'FADA' OR T1.C_MODULE = 'FAEF' THEN T1.C_TRX_STATUS ELSE T1.C2A_STATUS END) C2A_STATUS, T1.I_EVENT_TIMES, T1.C_MODULE, T1.C_FUNC_ID, T1.C_PRODUCT_ID, T1.C_TRX_ID, T3.C_LOCKED_FLAG, T3.C_LOCKED_OP, T3.C_USER_DESC, T1.D_SYS_OP_DATE, T1.T_SYS_OP_TIME, T1.C2A_CCY, T1.C2A_AMOUNT, T1.C2A_COUNTERPARTY FROM CETRX.TRX_INBOX T1 LEFT JOIN CETRX.TRX_LOCK_INFO T3 ON T1.C_MAIN_REF = T3.C_MAIN_REF AND T1.C_UNIT_CODE = T3.C_UNIT_CODE WHERE   T1.C_BK_GROUP_ID = 'CSBANK'  AND (( T1.C_UNIT_CODE = 'C008089'  AND  T1.C_PRODUCT_ID IN ('FHS0YffwVNuA','P19080800000','P19080800001','P19080800002','P20030600000','epF3a6u4ZGAt') )) AND (T1.C_TRX_STATUS IN ('P', 'T', 'A', 'S') AND (T1.C_MODULE = 'IMLC' OR T1.C_MODULE = 'EXLC' OR T1.C_MODULE = 'FAEF' OR T1.C_MODULE = 'FADA' OR T1.C_MODULE = 'ABLF') AND T1.C2A_STATUS NOT IN ('Discrepancies rejected_fully authorized') OR T1.C_TRX_STATUS = 'M' AND (T1.C_MODULE = 'IMLC' AND T1.C2A_STATUS NOT IN ('Issued', 'Amended', 'Beneficiary rejected', 'Settled') OR T1.C_MODULE = 'EXCO' AND T1.CURRNT_STATUS NOT IN ('Payment Advice') OR T1.C_MODULE = 'EXLC' AND T1.CURRNT_STATUS NOT IN ('Settled', 'Advise Received', 'Amendment Received', 'Docment Received') OR T1.C_MODULE = 'FAEF' AND T1.CURRNT_STATUS NOT IN ('Settled', 'Advise Received') OR T1.C_MODULE = 'FADA' AND T1.CURRNT_STATUS NOT IN ('Settled', 'Advise Received') OR T1.C_MODULE = 'ABLF' AND T1.CURRNT_STATUS NOT IN ('Settled', 'Advise Received'))) AND T1.C_TRX_ID NOT IN (SELECT C_TRX_ID FROM CETRX.TRX_USER_DISMISS WHERE C_USER_ID = 'C008089MCM1' AND C_GRP_CODE = 'C008089') AND (T1.C_MODULE = 'IMLC' OR T1.C_MODULE = 'EXLC' OR T1.C_MODULE = 'FAEF' OR T1.C_MODULE = 'FADA' OR T1.C_MODULE = 'ABLF') ORDER BY T1.D_SYS_OP_DATE DESC, T1.T_SYS_OP_TIME DESC
---------------------- End 2026-06-23 09:05:06 831 ------------------------
 [end]

[start] [INFO] [2026-06-23 09:05:06.883] [C008089_C008089MCM1] 
---------------------Begin 2026-06-23 09:05:06 881    CREATE_BU:C008089    CREATE_BY:C008089MCM1 ---------------------
[01]  SELECT C_UNIT_CODE,C_UNIT_NAME FROM CEUSER.SEC_BUSINESS_UNIT WHERE C_UNIT_CODE = 'C008089' 
---------------------- End 2026-06-23 09:05:06 882 ------------------------
 [end]

[start] [INFO] [2026-06-23 09:05:06.893] [C008089_C008089MCM1] 
---------------------Begin 2026-06-23 09:05:06 890    CREATE_BU:C008089    CREATE_BY:C008089MCM1 ---------------------
[01]  SELECT C_CRITERIA_DATA,C_TMPL_NAME,C_IS_DEFAULT FROM CETRX.STD_SEARCH_CRITERIA  WHERE  C_UNIT_CODE = 'C008089'  AND  C_USER_ID = 'C008089MCM1'  AND  C_CATA_ID = 'C2A_InProgress_Maker'  AND  C_BK_GROUP_ID = 'CSBANK'  AND  I_CRITERIA_TYPE = 4 
---------------------- End 2026-06-23 09:05:06 891 ------------------------
 [end]

[start] [INFO] [2026-06-23 09:05:08.386] [C008089_C008089MCM1] 
---------------------Begin 2026-06-23 09:05:08 383    CREATE_BU:C008089    CREATE_BY:C008089MCM1 ---------------------
[01]  SELECT C_INACTIVE FROM CEUSER.SEC_USER_INFO WHERE C_USER_ID = 'C008089MCM1' AND C_UNIT_CODE = 'C008089' 
---------------------- End 2026-06-23 09:05:08 384 ------------------------
 [end]

[start] [INFO] [2026-06-23 09:05:08.389] [C008089_C008089MCM1] 
---------------------Begin 2026-06-23 09:05:08 387    CREATE_BU:C008089    CREATE_BY:C008089MCM1 ---------------------
[01]  SELECT C_IS_INFORM FROM CEUSER.SEC_LOGIN_SESSION WHERE C_SESSION_ID = '6LrhONa3wwS9lc8KMY2JVXb' 
---------------------- End 2026-06-23 09:05:08 388 ------------------------
 [end]

[start] [INFO] [2026-06-23 09:05:08.400] [C008089_C008089MCM1] 
---------------------Begin 2026-06-23 09:05:08 396    CREATE_BU:C008089    CREATE_BY:C008089MCM1 ---------------------
[01]  INSERT INTO CETRX.TRX_ACT_LOG (C_LOG_ID,C_BK_GROUP_ID,C_CNTY_CODE,C_GRP_CODE,C_UNIT_CODE,C_USER_ID,C_IP_ADDRESS,C_FUNC_ID,D_CREA_DATE,T_CREA_TIME,D_SYS_OP_DATE,T_SYS_OP_TIME,D_SYS_TRT_DATE,T_SYS_TRT_TIME,C_BUSI_KEY) VALUES ('8A8284979EEEF9EB019EF2DE312A02A5','CSBANK','US','C008089','C008089','C008089MCM1','10.3.1.55','LogOut',TO_DATE('2026-06-23','YYYY-MM-DD'),TO_DATE('05:05:08','HH24:MI:SS'),TO_DATE('2026-06-23','YYYY-MM-DD'),TO_DATE('05:05:08','HH24:MI:SS'),TO_DATE('2026-06-23','YYYY-MM-DD'),TO_DATE('05:05:08','HH24:MI:SS'),'C008089;C008089MCM1')
---------------------- End 2026-06-23 09:05:08 399 ------------------------
 [end]

[start] [INFO] [2026-06-23 09:05:08.413] [C008089_C008089MCM1] 
---------------------Begin 2026-06-23 09:05:08 403    CREATE_BU:C008089    CREATE_BY:C008089MCM1 ---------------------
[01]  DELETE FROM CEUSER.SEC_LOGIN_SESSION WHERE C_BK_GROUP_ID = 'CSBANK' AND C_USER_ID = 'C008089MCM1' AND C_UNIT_CODE = 'C008089' AND C_SESSION_ID = '6LrhONa3wwS9lc8KMY2JVXb' 
---------------------- End 2026-06-23 09:05:08 412 ------------------------
 [end]
