
[start] [DEBUG] [2026-07-14 12:10:47.054] [C007755_C007755MCM1] 
browserLanguage :en [end]

[start] [DEBUG] [2026-07-14 12:10:47.060] [C007755_C007755MCM1] 
acceptLanguage :en-US,en;q=0.9 [end]

[start] [DEBUG] [2026-07-14 12:10:47.061] [C007755_C007755MCM1] 
defaultLanguage :null [end]

[start] [DEBUG] [2026-07-14 12:10:47.064] [C007755_C007755MCM1] 
====request content is: 
    Request Type: Temp
Component : DBHelper
Session Context is: 
com.cs.core.utility.SessionContext@715c963f
Request Info Type : com.cs.core.dao.exec.SQLDao
Request Info Content is: 
[01]DELETE FROM CEUSER.SEC_LOGIN_SESSION WHERE C_USER_ID = 'C007755MCM1' AND C_UNIT_CODE = 'C007755' AND C_BK_GROUP_ID = 'CSBANK' AND C_SESSION_ID = 'Xt3rQx_3CBPe3pdlDkfc3kA' 
[02]UPDATE CEUSER.SEC_LOGIN_SESSION SET C_IS_INFORM = 'T' WHERE C_USER_ID = 'C007755MCM1' AND C_UNIT_CODE = 'C007755' AND C_BK_GROUP_ID = 'CSBANK' 
[03]INSERT INTO CEUSER.SEC_LOGIN_SESSION (C_BK_GROUP_ID,C_UNIT_CODE,C_USER_ID,C_SESSION_ID,C_IS_INFORM) VALUES ('CSBANK','C007755','C007755MCM1','Xt3rQx_3CBPe3pdlDkfc3kA','F')

 [end]

[start] [DEBUG] [2026-07-14 12:10:47.086] [C007755_C007755MCM1] 

------------------ Session ID : Xt3rQx_3CBPe3pdlDkfc3kA --------------------

{SS_USER_INFO,userId(C_USER_ID)=C007755MCM1,
userDesc(C_USER_DESC)=C007755MCM1,
userType(I_USER_TYPE)=2,
multiLogin(I_MULTI_LOGIN)=true,
deftUnitCode(C_DFLT_UNIT_CODE)=C007755,
authLevel(I_AUTH_LEVEL)=1,
langVal(C_LANG_VAL)=null,
secType(I_SEC_TYPE)=-1,
tempProtect(C_TMPL_PROTECT)=F,
C_TIMEZONE_ID=null
C_UNIT_CODE=C007755
C_CNTY_CODE=US
C_LANG_NAME=null
C_CHANGE_PSW=F
C_LOGIN_RULE=null
C_AUTH_SET=null
C_PRIVATE_MAIL=rainie.chen@chinasystems.com
C_BK_GROUP_ID=CSBANK
}

{USER_NORMAL_LOGON,Y}

{C_USER_ID,C007755MCM1}

{SS_LOG_INFO,com.cs.core.pojo.buinfo.LogSessionInfo@45ff2367}

{SS_CLIENT_INFO,ssoWay(SSO_WAY)=null
ip=10.3.1.30
loginURL=SYS_index.htm
no any attribute}

{SS_FAP_INFO,C007755=
<ci name=C007755>
    <pdt id = FHS0YffwVNuA    authlevel=1>
        <E3o1b6pUPjix/>
        <jnIqGfgOGyM4/>
        <vvdXYVdtu5PO/>
        <yPHXuSVapk8S/>
    </pdt>
    <pdt id = P19080800000    authlevel=1>
        <F05030701189/>
        <F05030701194/>
    </pdt>
    <pdt id = P19080800001    authlevel=1>
        <Fsr5rNiaoOOv/>
        <RhjyIdDgmogc/>
        <YoCV1ozbR97y/>
        <clR0uTsZ0ppf/>
        <eY3rhG3DHWUg/>
        <hhxIhYm59FlX/>
        <lQCbD5Oy9DdC/>
        <oSjl8ADUkzf1/>
        <pE4zoqzrtPMU/>
        <paOx9RzWfE7J/>
        <wBRcPvagnKpt/>
    </pdt>
    <pdt id = P19080800002    authlevel=1>
        <E1eKNgSp5mMA/>
        <F05030701218/>
        <F05030701219/>
        <F05030701222/>
        <Ivyj1dfdlHz8/>
        <bLA4AbFaEARt/>
        <xS38ls1GFYMx/>
    </pdt>
    <pdt id = P20030600000    authlevel=1>
        <F05030701223/>
        <F05030701225/>
    </pdt>
    <pdt id = epF3a6u4ZGAt    authlevel=1>
        <H41mNZC5cwS0/>
        <NRL143n3f1Fb/>
        <O9VURSxMR3jx/>
        <ObwHTXVfZqhv/>
        <RYUNlokSJwnS/>
        <YLhR0dUYVujx/>
        <i6NK4m6dOBhG/>
        <tgFrsDBwNjju/>
    </pdt>
</ci>
}

{C_BUSINESS_UNIT,C007755}

{SS_GRP_INFO,unitCode(C_UNIT_CODE)=C007755,
unitName(C_UNIT_NAME)=C007755NM,
bkGrpId(C_BK_GROUP_ID)=CSBANK,
cntyCode(C_CNTY_CODE)=US,
subCnty(C_SUB_CNTY)=US,
bank(C_IS_BANK)=F,
secType(I_SEC_TYPE)=3
tempProtect(C_TMPL_PROTECT)=F,
C_LANG_NAME=null
I_UNIT_TYPE=1
C_HAVE_AUTH=T
C_LANG_VAL=null
C_BANK_UNIT=null
C_BANK_CODE=null
dualCtrl(C_DUAL_CTRL)=T,
custFmt=decFormat(C_DEC_FORMAT)=.,
intFormat(C_INT_FORMAT)=,,
intFmtLen(I_INT_FMT_LEN)=3,
dateFormat(C_DATE_FORM)=yyyy-MM-dd,
,
}

{isFirstChangeMail,false}

{GLOBAL_REFRESH_TOKEN,1784016646999}

{CSRFKEY,[I@56653f5a}

{inActiveComps,[]}

{SS_TREE_ARRAY,[[Ljava.lang.String;@4c25ee3e}

{CSRFTOKEN,8A8284979F5F9E71019F5FADB353008F}
 [end]

[start] [DEBUG] [2026-07-14 12:10:47.086] [C007755_C007755MCM1] 
====request content is: 
    Request Type: Temp
Component : DBHelper
Session Context is: 
com.cs.core.utility.SessionContext@715c963f
Request Info Type : com.cs.core.dao.exec.SQLDao
Request Info Content is: 
[01]INSERT INTO CETRX.TRX_ACT_LOG (C_LOG_ID,C_BK_GROUP_ID,C_CNTY_CODE,C_GRP_CODE,C_UNIT_CODE,C_USER_ID,C_IP_ADDRESS,C_FUNC_ID,D_CREA_DATE,T_CREA_TIME,D_SYS_OP_DATE,T_SYS_OP_TIME,D_SYS_TRT_DATE,T_SYS_TRT_TIME,C_BUSI_KEY) VALUES ('8A8284979F5F9E71019F5FADB3AE0090','CSBANK','US','C007755','C007755','C007755MCM1','10.3.1.30','Login','2026-07-14','08:10:47','2026-07-14','08:10:47','2026-07-14','08:10:47','C007755;C007755MCM1')

 [end]

[start] [DEBUG] [2026-07-14 12:10:47.181] [C007755_C007755MCM1] 
The request URI is : /BL6CEWeb/servlets/CELoginAuthorizationManager [end]

[start] [DEBUG] [2026-07-14 12:10:47.183] [C007755_C007755MCM1] 
The URI is :/BL6CEWeb/servlets/CELoginAuthorizationManager [end]

[start] [DEBUG] [2026-07-14 12:10:47.185] [C007755_C007755MCM1] 
The session refresh token in session is : null [end]

[start] [DEBUG] [2026-07-14 12:10:47.310] [C007755_C007755MCM1] 
The request URI is : /BL6CEWeb/SYS_JS/SYS_ErrHandle.js [end]

[start] [DEBUG] [2026-07-14 12:10:47.312] [C007755_C007755MCM1] 
The URI is :/BL6CEWeb/SYS_JS/SYS_ErrHandle.js [end]

[start] [DEBUG] [2026-07-14 12:10:47.312] [C007755_C007755MCM1] 
The session refresh token in session is : null [end]

[start] [DEBUG] [2026-07-14 12:10:47.407] [C007755_C007755MCM1] 
The request URI is : /BL6CEWeb/servlets/WSTrxManager [end]

[start] [DEBUG] [2026-07-14 12:10:47.409] [C007755_C007755MCM1] 
The URI is :/BL6CEWeb/servlets/WSTrxManager [end]

[start] [DEBUG] [2026-07-14 12:10:47.411] [C007755_C007755MCM1] 
The session refresh token in session is : null [end]

[start] [DEBUG] [2026-07-14 12:10:47.411] [C007755_C007755MCM1] 
====request content is: 
    Request Type: Temp
Component : DBHelper
Session Context is: 
com.cs.core.utility.SessionContext@36f4047f
Request Info Type : com.cs.core.dao.exec.SQLDao
Request Info Content is: 
[01]SELECT C_INACTIVE FROM CEUSER.SEC_USER_INFO WHERE C_USER_ID = 'C007755MCM1' AND C_UNIT_CODE = 'C007755' 

 [end]

[start] [DEBUG] [2026-07-14 12:10:47.417] [C007755_C007755MCM1] 
====request content is: 
    Request Type: Temp
Component : DBHelper
Session Context is: 
com.cs.core.utility.SessionContext@36f4047f
Request Info Type : com.cs.core.dao.exec.SQLDao
Request Info Content is: 
[01]SELECT C_IS_INFORM FROM CEUSER.SEC_LOGIN_SESSION WHERE C_SESSION_ID = 'Xt3rQx_3CBPe3pdlDkfc3kA' 

 [end]

[start] [DEBUG] [2026-07-14 12:10:47.419] [C007755_C007755MCM1] 

------------------ Session ID : Xt3rQx_3CBPe3pdlDkfc3kA --------------------

{com.ibm.websphere.servlet.uri_non_decoded,/BL6CEWeb/servlets/WSTrxManager}

{CHECKED_REFRESH,T}

{JSESSIONID,}

{javax.servlet.forward.query_string, 
CSRFTOKEN=g8A82X84ZV9G79DFO5Fi9SPEOtL71XZQW0x19F5eFvTCXAD5B35g30qE0r8JrgFB
_TRX_STATUS=SESSION_LIFE_CYCLE
MOTION_TYPE=INIT
REFRESH_TOKEN=1
AjaxPost=T
}
 [end]

[start] [DEBUG] [2026-07-14 12:10:47.445] [C007755_C007755MCM1] 
The request URI is : /BL6CEWeb/SPA/assets/app.config.json [end]

[start] [DEBUG] [2026-07-14 12:10:47.447] [C007755_C007755MCM1] 
The URI is :/BL6CEWeb/SPA/assets/app.config.json [end]

[start] [DEBUG] [2026-07-14 12:10:47.448] [C007755_C007755MCM1] 
The session refresh token in session is : null [end]

[start] [DEBUG] [2026-07-14 12:10:47.454] [C007755_C007755MCM1] 
====request content is: 
    Request Type: Temp
Component : DBHelper
Session Context is: 
com.cs.core.utility.SessionContext@dc29a453
Request Info Type : com.cs.core.dao.exec.SQLDao
Request Info Content is: 
[01]SELECT C_INACTIVE FROM CEUSER.SEC_USER_INFO WHERE C_USER_ID = 'C007755MCM1' AND C_UNIT_CODE = 'C007755' 

 [end]

[start] [DEBUG] [2026-07-14 12:10:47.459] [C007755_C007755MCM1] 
The request URI is : /BL6CEWeb/v1/openapi/mlg/component [end]

[start] [DEBUG] [2026-07-14 12:10:47.461] [C007755_C007755MCM1] 
The URI is :/BL6CEWeb/v1/openapi/mlg/component [end]

[start] [DEBUG] [2026-07-14 12:10:47.461] [C007755_C007755MCM1] 
The session refresh token in session is : null [end]

[start] [DEBUG] [2026-07-14 12:10:47.562] [C007755_C007755MCM1] 
====request content is: 
    Request Type: Temp
Component : DBHelper
Session Context is: 
com.cs.core.utility.SessionContext@5e0fd604
Request Info Type : com.cs.core.dao.exec.SQLDao
Request Info Content is: 
[01]SELECT C_INACTIVE FROM CEUSER.SEC_USER_INFO WHERE C_USER_ID = 'C007755MCM1' AND C_UNIT_CODE = 'C007755' 

 [end]

[start] [DEBUG] [2026-07-14 12:10:47.569] [C007755_C007755MCM1] 
The request URI is : /BL6CEWeb/v1/openapi/notice/item/count [end]

[start] [DEBUG] [2026-07-14 12:10:47.571] [C007755_C007755MCM1] 
====request content is: 
    Request Type: Temp
Component : DBHelper
Session Context is: 
com.cs.core.utility.SessionContext@a97e0ea0
Request Info Type : com.cs.core.dao.exec.SQLDao
Request Info Content is: 
[01]SELECT C_INACTIVE FROM CEUSER.SEC_USER_INFO WHERE C_USER_ID = 'C007755MCM1' AND C_UNIT_CODE = 'C007755' 

 [end]

[start] [DEBUG] [2026-07-14 12:10:47.573] [C007755_C007755MCM1] 
The URI is :/BL6CEWeb/v1/openapi/notice/item/count [end]

[start] [DEBUG] [2026-07-14 12:10:47.575] [C007755_C007755MCM1] 
The session refresh token in session is : null [end]

[start] [DEBUG] [2026-07-14 12:10:47.577] [C007755_C007755MCM1] 
The request URI is : /BL6CEWeb/v1/openapi/user/roles [end]

[start] [DEBUG] [2026-07-14 12:10:47.577] [C007755_C007755MCM1] 
The URI is :/BL6CEWeb/v1/openapi/user/roles [end]

[start] [DEBUG] [2026-07-14 12:10:47.579] [C007755_C007755MCM1] 
The session refresh token in session is : null [end]

[start] [DEBUG] [2026-07-14 12:10:47.579] [C007755_C007755MCM1] 
====request content is: 
    Request Type: Temp
Component : DBHelper
Session Context is: 
com.cs.core.utility.SessionContext@58c730d1
Request Info Type : com.cs.core.dao.exec.SQLDao
Request Info Content is: 
[01]SELECT C_INACTIVE FROM CEUSER.SEC_USER_INFO WHERE C_USER_ID = 'C007755MCM1' AND C_UNIT_CODE = 'C007755' 

 [end]

[start] [DEBUG] [2026-07-14 12:10:47.587] [C007755_C007755MCM1] 
The request URI is : /BL6CEWeb/v1/openapi/services [end]

[start] [DEBUG] [2026-07-14 12:10:47.589] [C007755_C007755MCM1] 
The URI is :/BL6CEWeb/v1/openapi/services [end]

[start] [DEBUG] [2026-07-14 12:10:47.591] [C007755_C007755MCM1] 
The session refresh token in session is : null [end]

[start] [DEBUG] [2026-07-14 12:10:47.601] [C007755_C007755MCM1] 
====request content is: 
    Request Type: Temp
Component : DBHelper
Session Context is: 
com.cs.core.utility.SessionContext@58c730d1
Request Info Type : com.cs.core.dao.exec.SQLDao
Request Info Content is: 
[01]SELECT C_FUNC_ID,T_OP_TIME FROM CETRX.TRX_FAVOR_FUNC  WHERE  C_UNIT_CODE = 'C007755'  AND  C_USER_ID = 'C007755MCM1'  ORDER BY  T_OP_TIME DESC 

 [end]

[start] [DEBUG] [2026-07-14 12:10:47.688] [C007755_C007755MCM1] 
====request content is: 
    Request Type: Temp
Component : DBHelper
Session Context is: 
com.cs.core.utility.SessionContext@5e0fd604
Request Info Type : com.cs.core.dao.exec.SQLDao
Request Info Content is: 
[01]SELECT COUNT(*) AS RECCOUNT FROM CETRX.STD_NOTIFICATION  WHERE C_NOTI_ID IN ( SELECT C_NOTI_ID FROM CETRX.STD_NOTIFICATION_STATUS  WHERE  C_READ_STATUS = 'F'  AND  C_USER_ID = 'C007755MCM1'  AND  C_UNIT_CODE = 'C007755'  )

 [end]

[start] [DEBUG] [2026-07-14 12:10:47.740] [C007755_C007755MCM1] 
====request content is: 
    Request Type: Temp
Component : DBHelper
Session Context is: 
com.cs.core.utility.SessionContext@828b6fa0
Request Info Type : com.cs.core.dao.exec.SQLDao
Request Info Content is: 
[01]SELECT C_INACTIVE FROM CEUSER.SEC_USER_INFO WHERE C_USER_ID = 'C007755MCM1' AND C_UNIT_CODE = 'C007755' 

 [end]

[start] [DEBUG] [2026-07-14 12:10:47.748] [C007755_C007755MCM1] 
The request URI is : /BL6CEWeb/v1/openapi/user/fap/action [end]

[start] [DEBUG] [2026-07-14 12:10:47.749] [C007755_C007755MCM1] 
The URI is :/BL6CEWeb/v1/openapi/user/fap/action [end]

[start] [DEBUG] [2026-07-14 12:10:47.750] [C007755_C007755MCM1] 
The session refresh token in session is : null [end]

[start] [DEBUG] [2026-07-14 12:10:47.825] [C007755_C007755MCM1] 
====request content is: 
    Request Type: Temp
Component : DBHelper
Session Context is: 
com.cs.core.utility.SessionContext@828b6fa0
Request Info Type : com.cs.core.dao.exec.SQLDao
Request Info Content is: 
[01]SELECT * FROM CEUSER.SEC_BUSINESS_UNIT WHERE C_UNIT_CODE = 'C007755' 

 [end]

[start] [DEBUG] [2026-07-14 12:10:47.840] [C007755_C007755MCM1] 
====request content is: 
    Request Type: Temp
Component : DBHelper
Session Context is: 
com.cs.core.utility.SessionContext@f008d17e
Request Info Type : com.cs.core.dao.exec.SQLDao
Request Info Content is: 
[01]SELECT C_INACTIVE FROM CEUSER.SEC_USER_INFO WHERE C_USER_ID = 'C007755MCM1' AND C_UNIT_CODE = 'C007755' 

 [end]

[start] [DEBUG] [2026-07-14 12:10:47.850] [C007755_C007755MCM1] 
The request URI is : /BL6CEWeb/v1/openapi/notification/bell [end]

[start] [DEBUG] [2026-07-14 12:10:47.851] [C007755_C007755MCM1] 
The URI is :/BL6CEWeb/v1/openapi/notification/bell [end]

[start] [DEBUG] [2026-07-14 12:10:47.853] [C007755_C007755MCM1] 
====request content is: 
    Request Type: Temp
Component : DBHelper
Session Context is: 
com.cs.core.utility.SessionContext@4d0e554d
Request Info Type : com.cs.core.dao.exec.SQLDao
Request Info Content is: 
[01]SELECT C_INACTIVE FROM CEUSER.SEC_USER_INFO WHERE C_USER_ID = 'C007755MCM1' AND C_UNIT_CODE = 'C007755' 

 [end]

[start] [DEBUG] [2026-07-14 12:10:47.853] [C007755_C007755MCM1] 
The session refresh token in session is : null [end]

[start] [DEBUG] [2026-07-14 12:10:47.859] [C007755_C007755MCM1] 
The request URI is : /BL6CEWeb/v1/openapi/widget/list [end]

[start] [DEBUG] [2026-07-14 12:10:47.861] [C007755_C007755MCM1] 
The URI is :/BL6CEWeb/v1/openapi/widget/list [end]

[start] [DEBUG] [2026-07-14 12:10:47.862] [C007755_C007755MCM1] 
The session refresh token in session is : null [end]

[start] [DEBUG] [2026-07-14 12:10:47.869] [C007755_C007755MCM1] 
====request content is: 
    Request Type: Temp
Component : DBHelper
Session Context is: 
com.cs.core.utility.SessionContext@f1aeda20
Request Info Type : com.cs.core.dao.exec.SQLDao
Request Info Content is: 
[01]SELECT C_INACTIVE FROM CEUSER.SEC_USER_INFO WHERE C_USER_ID = 'C007755MCM1' AND C_UNIT_CODE = 'C007755' 

 [end]

[start] [DEBUG] [2026-07-14 12:10:47.875] [C007755_C007755MCM1] 
The request URI is : /BL6CEWeb/v1/openapi/widget/page/load [end]

[start] [DEBUG] [2026-07-14 12:10:47.876] [C007755_C007755MCM1] 
The URI is :/BL6CEWeb/v1/openapi/widget/page/load [end]

[start] [DEBUG] [2026-07-14 12:10:47.877] [C007755_C007755MCM1] 
The session refresh token in session is : null [end]

[start] [DEBUG] [2026-07-14 12:10:47.959] [C007755_C007755MCM1] 
====request content is: 
    Request Type: Temp
Component : DBHelper
Session Context is: 
com.cs.core.utility.SessionContext@828b6fa0
Request Info Type : com.cs.core.dao.exec.SQLDao
Request Info Content is: 
[01]SELECT C_AUTH_RULE FROM CEUSER.SEC_USER_INFO WHERE C_BK_GROUP_ID = 'CSBANK' AND C_UNIT_CODE = 'C007755' AND C_USER_ID = 'C007755MCM1' 

 [end]

[start] [DEBUG] [2026-07-14 12:10:47.967] [C007755_C007755MCM1] 
====request content is: 
    Request Type: Temp
Component : DBHelper
Session Context is: 
com.cs.core.utility.SessionContext@828b6fa0
Request Info Type : com.cs.core.dao.exec.SQLDao
Request Info Content is: 
[01]SELECT C_AUTH_RULE FROM CEUSER.SEC_BUSINESS_UNIT WHERE C_BK_GROUP_ID = 'CSBANK' AND C_UNIT_CODE = 'C007755' 

 [end]

[start] [DEBUG] [2026-07-14 12:10:47.990] [C007755_C007755MCM1] 
====request content is: 
    Request Type: Temp
Component : DBHelper
Session Context is: 
com.cs.core.utility.SessionContext@4d0e554d
Request Info Type : com.cs.core.dao.exec.SQLDao
Request Info Content is: 
[01]SELECT DISTINCT C_WIDGET_NAME FROM CEUSER.SEC_WIDGETS_V2_LIST  WHERE  C_IS_ACTIVE = 'Y'  AND  C_ROLE_NAME IN ('MAKER')  ORDER BY  C_WIDGET_NAME 

 [end]

[start] [DEBUG] [2026-07-14 12:10:48.029] [C007755_C007755MCM1] 
====request content is: 
    Request Type: Temp
Component : DBHelper
Session Context is: 
com.cs.core.utility.SessionContext@f1aeda20
Request Info Type : com.cs.core.dao.exec.SQLDao
Request Info Content is: 
[01]SELECT DISTINCT C_WIDGET_NAME FROM CEUSER.SEC_WIDGETS_V2_LIST  WHERE  C_IS_ACTIVE = 'Y'  AND  C_ROLE_NAME IN ('MAKER')  ORDER BY  C_WIDGET_NAME 

 [end]

[start] [DEBUG] [2026-07-14 12:10:48.040] [C007755_C007755MCM1] 
====request content is: 
    Request Type: Temp
Component : DBHelper
Session Context is: 
com.cs.core.utility.SessionContext@f1aeda20
Request Info Type : com.cs.core.dao.exec.SQLDao
Request Info Content is: 
[01]SELECT TAB.C_TAB_ID,TAB.C_TAB_NAME,TAB.I_TAB_SEQUENCE FROM CEUSER.SEC_WIDGETS_V2_TABS TAB LEFT JOIN CEUSER.SEC_WIDGETS_V2_LAYOUT LYT ON (TAB.C_TAB_ID = LYT.C_TAB_ID AND  TAB.C_UNIT_CODE = LYT.C_UNIT_CODE AND TAB.C_USER_ID = LYT.C_USER_ID )    WHERE  TAB.C_UNIT_CODE = 'C007755'  AND  TAB.C_USER_ID = 'C007755MCM1'  AND  LYT.C_PAGE_NAME = 'default'  ORDER BY  TAB.I_TAB_SEQUENCE ASC 

 [end]

[start] [DEBUG] [2026-07-14 12:10:48.056] [C007755_C007755MCM1] 
Start to check whether user role is changed. [end]

[start] [DEBUG] [2026-07-14 12:10:48.152] [C007755_C007755MCM1] 
====request content is: 
    Request Type: Temp
Component : DBHelper
Session Context is: 
com.cs.core.utility.SessionContext@f1aeda20
Request Info Type : com.cs.core.dao.exec.SQLDao
Request Info Content is: 
[01]SELECT C_LAYOUT_INFO FROM CEUSER.SEC_WIDGETS_V2_LAYOUT  WHERE  C_UNIT_CODE = 'C007755'  AND  C_USER_ID = 'C007755MCM1'  AND  C_PAGE_NAME = 'default' 

 [end]

[start] [DEBUG] [2026-07-14 12:10:48.181] [C007755_C007755MCM1] 
Check whether user role is changed end. Result is: false [end]

[start] [DEBUG] [2026-07-14 12:10:48.183] [C007755_C007755MCM1] 
====request content is: 
    Request Type: Temp
Component : DBHelper
Session Context is: 
com.cs.core.utility.SessionContext@f1aeda20
Request Info Type : com.cs.core.dao.exec.SQLDao
Request Info Content is: 
[01]SELECT TAB.C_TAB_ID,TAB.C_TAB_NAME,TAB.I_TAB_SEQUENCE,LYT.C_LAYOUT_INFO FROM CEUSER.SEC_WIDGETS_V2_TABS TAB LEFT JOIN CEUSER.SEC_WIDGETS_V2_LAYOUT LYT ON (TAB.C_TAB_ID = LYT.C_TAB_ID AND  TAB.C_UNIT_CODE = LYT.C_UNIT_CODE AND TAB.C_USER_ID = LYT.C_USER_ID )    WHERE  TAB.C_UNIT_CODE = 'C007755'  AND  TAB.C_USER_ID = 'C007755MCM1'  AND  LYT.C_PAGE_NAME = 'default'  ORDER BY  TAB.I_TAB_SEQUENCE ASC 

 [end]

[start] [DEBUG] [2026-07-14 12:10:48.195] [C007755_C007755MCM1] 
====request content is: 
    Request Type: Temp
Component : DBHelper
Session Context is: 
com.cs.core.utility.SessionContext@f1aeda20
Request Info Type : com.cs.core.dao.exec.SQLDao
Request Info Content is: 
[01]SELECT C_INST_CONFIG FROM CEUSER.SEC_WIDGETS_V2_INST_CONFIG  WHERE  C_INST_ID = '8A8284979F4ACCAA019F572FCE7C07F0'  AND  C_UNIT_CODE = 'C007755'  AND  C_USER_ID = 'C007755MCM1' 

 [end]

[start] [DEBUG] [2026-07-14 12:10:48.203] [C007755_C007755MCM1] 
====request content is: 
    Request Type: Temp
Component : DBHelper
Session Context is: 
com.cs.core.utility.SessionContext@f1aeda20
Request Info Type : com.cs.core.dao.exec.SQLDao
Request Info Content is: 
[01]SELECT C_INST_CONFIG FROM CEUSER.SEC_WIDGETS_V2_INST_CONFIG  WHERE  C_INST_ID = '8A8284979F4ACCAA019F572FCE7C07F0'  AND  C_UNIT_CODE = 'C007755'  AND  C_USER_ID = 'C007755MCM1' 

 [end]

[start] [DEBUG] [2026-07-14 12:10:48.215] [C007755_C007755MCM1] 
====request content is: 
    Request Type: Temp
Component : DBHelper
Session Context is: 
com.cs.core.utility.SessionContext@f1aeda20
Request Info Type : com.cs.core.dao.exec.SQLDao
Request Info Content is: 
[01]SELECT C_INST_CONFIG FROM CEUSER.SEC_WIDGETS_V2_INST_CONFIG  WHERE  C_INST_ID = '8A8284979F4ACCAA019F572FCE8207F2'  AND  C_UNIT_CODE = 'C007755'  AND  C_USER_ID = 'C007755MCM1' 

 [end]

[start] [DEBUG] [2026-07-14 12:10:48.219] [C007755_C007755MCM1] 
====request content is: 
    Request Type: Temp
Component : DBHelper
Session Context is: 
com.cs.core.utility.SessionContext@f1aeda20
Request Info Type : com.cs.core.dao.exec.SQLDao
Request Info Content is: 
[01]SELECT C_INST_CONFIG FROM CEUSER.SEC_WIDGETS_V2_INST_CONFIG  WHERE  C_INST_ID = '8A8284979F4ACCAA019F572FCE8207F2'  AND  C_UNIT_CODE = 'C007755'  AND  C_USER_ID = 'C007755MCM1' 

 [end]

[start] [DEBUG] [2026-07-14 12:10:48.233] [C007755_C007755MCM1] 
====request content is: 
    Request Type: Temp
Component : DBHelper
Session Context is: 
com.cs.core.utility.SessionContext@f1aeda20
Request Info Type : com.cs.core.dao.exec.SQLDao
Request Info Content is: 
[01]SELECT C_INST_CONFIG FROM CEUSER.SEC_WIDGETS_V2_INST_CONFIG  WHERE  C_INST_ID = '8A8284979F4ACCAA019F572FCE8507F3'  AND  C_UNIT_CODE = 'C007755'  AND  C_USER_ID = 'C007755MCM1' 

 [end]

[start] [DEBUG] [2026-07-14 12:10:48.242] [C007755_C007755MCM1] 
====request content is: 
    Request Type: Temp
Component : DBHelper
Session Context is: 
com.cs.core.utility.SessionContext@f1aeda20
Request Info Type : com.cs.core.dao.exec.SQLDao
Request Info Content is: 
[01]SELECT C_INST_CONFIG FROM CEUSER.SEC_WIDGETS_V2_INST_CONFIG  WHERE  C_INST_ID = '8A8284979F4ACCAA019F572FCE8507F3'  AND  C_UNIT_CODE = 'C007755'  AND  C_USER_ID = 'C007755MCM1' 

 [end]

[start] [DEBUG] [2026-07-14 12:10:48.258] [C007755_C007755MCM1] 
====request content is: 
    Request Type: Temp
Component : DBHelper
Session Context is: 
com.cs.core.utility.SessionContext@f1aeda20
Request Info Type : com.cs.core.dao.exec.SQLDao
Request Info Content is: 
[01]SELECT C_INST_CONFIG FROM CEUSER.SEC_WIDGETS_V2_INST_CONFIG  WHERE  C_INST_ID = '8A8284979F4ACCAA019F572FCE7F07F1'  AND  C_UNIT_CODE = 'C007755'  AND  C_USER_ID = 'C007755MCM1' 

 [end]

[start] [DEBUG] [2026-07-14 12:10:48.266] [C007755_C007755MCM1] 
====request content is: 
    Request Type: Temp
Component : DBHelper
Session Context is: 
com.cs.core.utility.SessionContext@f1aeda20
Request Info Type : com.cs.core.dao.exec.SQLDao
Request Info Content is: 
[01]SELECT C_INST_CONFIG FROM CEUSER.SEC_WIDGETS_V2_INST_CONFIG  WHERE  C_INST_ID = '8A8284979F4ACCAA019F572FCE7F07F1'  AND  C_UNIT_CODE = 'C007755'  AND  C_USER_ID = 'C007755MCM1' 

 [end]

[start] [DEBUG] [2026-07-14 12:10:48.389] [C007755_C007755MCM1] 
====request content is: 
    Request Type: Temp
Component : DBHelper
Session Context is: 
com.cs.core.utility.SessionContext@2a04b4b7
Request Info Type : com.cs.core.dao.exec.SQLDao
Request Info Content is: 
[01]SELECT C_INACTIVE FROM CEUSER.SEC_USER_INFO WHERE C_USER_ID = 'C007755MCM1' AND C_UNIT_CODE = 'C007755' 

 [end]

[start] [DEBUG] [2026-07-14 12:10:48.389] [C007755_C007755MCM1] 
====request content is: 
    Request Type: Temp
Component : DBHelper
Session Context is: 
com.cs.core.utility.SessionContext@8d2bd8c7
Request Info Type : com.cs.core.dao.exec.SQLDao
Request Info Content is: 
[01]SELECT C_INACTIVE FROM CEUSER.SEC_USER_INFO WHERE C_USER_ID = 'C007755MCM1' AND C_UNIT_CODE = 'C007755' 

 [end]

[start] [DEBUG] [2026-07-14 12:10:48.395] [C007755_C007755MCM1] 
The request URI is : /BL6CEWeb/v1/openapi/ctaction/count [end]

[start] [DEBUG] [2026-07-14 12:10:48.397] [C007755_C007755MCM1] 
The URI is :/BL6CEWeb/v1/openapi/ctaction/count [end]

[start] [DEBUG] [2026-07-14 12:10:48.397] [C007755_C007755MCM1] 
The session refresh token in session is : null [end]

[start] [DEBUG] [2026-07-14 12:10:48.406] [C007755_C007755MCM1] 
The Catalog Object SQL is :SELECT DISTINCT T1.C_BK_GROUP_ID, T1.C_MAIN_REF, T1.C_TRX_REF, T1.C_UNIT_CODE, T1.PARENT_MAIN_REF, T1.C_TRX_STATUS, T1.CURRNT_STATUS, T1.C2A_STATUS, T1.I_EVENT_TIMES, T1.C_MODULE, T1.C_FUNC_ID, T1.C_PRODUCT_ID, T1.C_TRX_ID, T3.C_LOCKED_FLAG, T3.C_LOCKED_OP, T3.C_USER_DESC, T1.D_SYS_OP_DATE, T1.T_SYS_OP_TIME, T1.C2A_CCY, T1.C2A_AMOUNT, T1.C2A_COUNTERPARTY FROM CETRX.TRX_INBOX T1 LEFT JOIN CETRX.TRX_NEXT_FUNC T2 ON T1.C_PRODUCT_ID = T2.C_PRODUCT_ID AND T1.C2A_STATUS = T2.C2A_STATUS AND T1.C_TRX_STATUS = T2.C_TRX_STATUS LEFT JOIN CETRX.TRX_LOCK_INFO T3 ON T1.C_MAIN_REF = T3.C_MAIN_REF AND T1.C_UNIT_CODE = T3.C_UNIT_CODE WHERE (T2.C_NEXT_FUNC_ID IN (SELECT C_FUNC_ID FROM CEUSER.SEC_OP_FUNC WHERE C_USER_ID = ? AND C_GRP_CODE = ? AND C_UNIT_CODE = T1.C_UNIT_CODE) OR T2.C_NEXT_FUNC_ID IN (SELECT C_FUNC_ID FROM CEUSER.SEC_OP_FUNC WHERE C_GRP_CODE = ? AND C_USER_ID IN (SELECT C_ROLE_ID FROM CEUSER.SEC_USER_ROLE WHERE C_USER_ID = ? AND C_GRP_CODE = ?) AND C_UNIT_CODE = T1.C_UNIT_CODE)) AND (T1.C_TRX_STATUS = 'R' OR T1.C2A_STATUS IN ('Rejected by bank', 'Discrepancy notification', 'Document received') AND T1.C_TRX_STATUS = 'M' OR T1.C2A_STATUS IN ('Amendment(Detrimental)_fully authorized', 'Document discrepancy_fully authorized') AND T1.C_TRX_STATUS = 'A') AND T1.C_TRX_ID NOT IN (SELECT C_TRX_ID FROM CETRX.TRX_USER_DISMISS WHERE C_USER_ID = ? AND C_GRP_CODE = ?) AND (T1.C_MODULE = 'IMLC' OR T1.C_MODULE = 'EXLC' OR T1.C_MODULE = 'FAEF' OR T1.C_MODULE = 'FADA' OR T1.C_MODULE = 'TSUM' OR T1.C_MODULE = 'ABLF' OR T1.C_MODULE = 'UPLD') ORDER BY T1.D_SYS_OP_DATE DESC, T1.T_SYS_OP_TIME DESC [end]

[start] [DEBUG] [2026-07-14 12:10:48.416] [C007755_C007755MCM1] 
====request content is: 
    Request Type: Temp
Component : DBHelper
Session Context is: 
com.cs.core.utility.SessionContext@2a04b4b7
Request Info Type : com.cs.core.dao.exec.SQLDao
Request Info Content is: 
[01]SELECT COUNT(*) FROM (SELECT DISTINCT T1.C_BK_GROUP_ID, T1.C_MAIN_REF, T1.C_TRX_REF, T1.C_UNIT_CODE, T1.PARENT_MAIN_REF, T1.C_TRX_STATUS, T1.CURRNT_STATUS, T1.C2A_STATUS, T1.I_EVENT_TIMES, T1.C_MODULE, T1.C_FUNC_ID, T1.C_PRODUCT_ID, T1.C_TRX_ID, T3.C_LOCKED_FLAG, T3.C_LOCKED_OP, T3.C_USER_DESC, T1.D_SYS_OP_DATE, T1.T_SYS_OP_TIME, T1.C2A_CCY, T1.C2A_AMOUNT, T1.C2A_COUNTERPARTY FROM CETRX.TRX_INBOX T1 LEFT JOIN CETRX.TRX_NEXT_FUNC T2 ON T1.C_PRODUCT_ID = T2.C_PRODUCT_ID AND T1.C2A_STATUS = T2.C2A_STATUS AND T1.C_TRX_STATUS = T2.C_TRX_STATUS LEFT JOIN CETRX.TRX_LOCK_INFO T3 ON T1.C_MAIN_REF = T3.C_MAIN_REF AND T1.C_UNIT_CODE = T3.C_UNIT_CODE WHERE   T1.C_BK_GROUP_ID = 'CSBANK'  AND (( T1.C_UNIT_CODE = 'C007755'  AND  T1.C_PRODUCT_ID IN ('FHS0YffwVNuA','P19080800000','P19080800001','P19080800002','P20030600000','epF3a6u4ZGAt') )) AND (T2.C_NEXT_FUNC_ID IN (SELECT C_FUNC_ID FROM CEUSER.SEC_OP_FUNC WHERE C_USER_ID = 'C007755MCM1' AND C_GRP_CODE = 'C007755' AND C_UNIT_CODE = T1.C_UNIT_CODE) OR T2.C_NEXT_FUNC_ID IN (SELECT C_FUNC_ID FROM CEUSER.SEC_OP_FUNC WHERE C_GRP_CODE = 'C007755' AND C_USER_ID IN (SELECT C_ROLE_ID FROM CEUSER.SEC_USER_ROLE WHERE C_USER_ID = 'C007755MCM1' AND C_GRP_CODE = 'C007755') AND C_UNIT_CODE = T1.C_UNIT_CODE)) AND (T1.C_TRX_STATUS = 'R' OR T1.C2A_STATUS IN ('Rejected by bank', 'Discrepancy notification', 'Document received') AND T1.C_TRX_STATUS = 'M' OR T1.C2A_STATUS IN ('Amendment(Detrimental)_fully authorized', 'Document discrepancy_fully authorized') AND T1.C_TRX_STATUS = 'A') AND T1.C_TRX_ID NOT IN (SELECT C_TRX_ID FROM CETRX.TRX_USER_DISMISS WHERE C_USER_ID = 'C007755MCM1' AND C_GRP_CODE = 'C007755') AND (T1.C_MODULE = 'IMLC' OR T1.C_MODULE = 'EXLC' OR T1.C_MODULE = 'FAEF' OR T1.C_MODULE = 'FADA' OR T1.C_MODULE = 'TSUM' OR T1.C_MODULE = 'ABLF' OR T1.C_MODULE = 'UPLD') ORDER BY T1.D_SYS_OP_DATE DESC, T1.T_SYS_OP_TIME DESC)

 [end]

[start] [DEBUG] [2026-07-14 12:10:48.419] [C007755_C007755MCM1] 
The request URI is : /BL6CEWeb/v1/openapi/user/roles [end]

[start] [DEBUG] [2026-07-14 12:10:48.419] [C007755_C007755MCM1] 
The URI is :/BL6CEWeb/v1/openapi/user/roles [end]

[start] [DEBUG] [2026-07-14 12:10:48.421] [C007755_C007755MCM1] 
The session refresh token in session is : null [end]

[start] [DEBUG] [2026-07-14 12:10:48.424] [C007755_C007755MCM1] 
====request content is: 
    Request Type: Temp
Component : DBHelper
Session Context is: 
com.cs.core.utility.SessionContext@24820ec1
Request Info Type : com.cs.core.dao.exec.SQLDao
Request Info Content is: 
[01]SELECT C_INACTIVE FROM CEUSER.SEC_USER_INFO WHERE C_USER_ID = 'C007755MCM1' AND C_UNIT_CODE = 'C007755' 

 [end]

[start] [DEBUG] [2026-07-14 12:10:48.429] [C007755_C007755MCM1] 
The request URI is : /BL6CEWeb/v1/openapi/mainmenu [end]

[start] [DEBUG] [2026-07-14 12:10:48.431] [C007755_C007755MCM1] 
The URI is :/BL6CEWeb/v1/openapi/mainmenu [end]

[start] [DEBUG] [2026-07-14 12:10:48.431] [C007755_C007755MCM1] 
The session refresh token in session is : null [end]

[start] [DEBUG] [2026-07-14 12:10:48.453] [C007755_C007755MCM1] 
The Catalog Object SQL is :SELECT T1.C_BK_GROUP_ID, T1.C_MAIN_REF, T1.C_TRX_REF, T1.C_UNIT_CODE, T1.PARENT_MAIN_REF, T1.C_TRX_STATUS, T1.CURRNT_STATUS, (CASE WHEN T1.C_MODULE = 'FADA' OR T1.C_MODULE = 'FAEF' THEN T1.C_TRX_STATUS ELSE T1.C2A_STATUS END) C2A_STATUS, T1.I_EVENT_TIMES, T1.C_MODULE, T1.C_FUNC_ID, T1.C_PRODUCT_ID, T1.C_TRX_ID, T3.C_LOCKED_FLAG, T3.C_LOCKED_OP, T3.C_USER_DESC, T1.D_SYS_OP_DATE, T1.T_SYS_OP_TIME, T1.C2A_CCY, T1.C2A_AMOUNT, T1.C2A_COUNTERPARTY FROM CETRX.TRX_INBOX T1 LEFT JOIN CETRX.TRX_LOCK_INFO T3 ON T1.C_MAIN_REF = T3.C_MAIN_REF AND T1.C_UNIT_CODE = T3.C_UNIT_CODE WHERE (T1.C_TRX_STATUS IN ('P', 'T', 'A', 'S') AND (T1.C_MODULE = 'IMLC' OR T1.C_MODULE = 'EXLC' OR T1.C_MODULE = 'FAEF' OR T1.C_MODULE = 'FADA' OR T1.C_MODULE = 'ABLF') AND T1.C2A_STATUS NOT IN ('Discrepancies rejected_fully authorized') OR T1.C_TRX_STATUS = 'M' AND (T1.C_MODULE = 'IMLC' AND T1.C2A_STATUS NOT IN ('Issued', 'Amended', 'Beneficiary rejected', 'Settled') OR T1.C_MODULE = 'EXCO' AND T1.CURRNT_STATUS NOT IN ('Payment Advice') OR T1.C_MODULE = 'EXLC' AND T1.CURRNT_STATUS NOT IN ('Settled', 'Advise Received', 'Amendment Received', 'Docment Received') OR T1.C_MODULE = 'FAEF' AND T1.CURRNT_STATUS NOT IN ('Settled', 'Advise Received') OR T1.C_MODULE = 'FADA' AND T1.CURRNT_STATUS NOT IN ('Settled', 'Advise Received') OR T1.C_MODULE = 'ABLF' AND T1.CURRNT_STATUS NOT IN ('Settled', 'Advise Received'))) AND T1.C_TRX_ID NOT IN (SELECT C_TRX_ID FROM CETRX.TRX_USER_DISMISS WHERE C_USER_ID = ? AND C_GRP_CODE = ?) AND (T1.C_MODULE = 'IMLC' OR T1.C_MODULE = 'EXLC' OR T1.C_MODULE = 'FAEF' OR T1.C_MODULE = 'FADA' OR T1.C_MODULE = 'ABLF') ORDER BY T1.D_SYS_OP_DATE DESC, T1.T_SYS_OP_TIME DESC [end]

[start] [DEBUG] [2026-07-14 12:10:48.476] [C007755_C007755MCM1] 
Action target is :F05030701228 [end]

[start] [DEBUG] [2026-07-14 12:10:48.478] [C007755_C007755MCM1] 
Action type is :function [end]

[start] [DEBUG] [2026-07-14 12:10:48.488] [C007755_C007755MCM1] 
Action target is :Party [end]

[start] [DEBUG] [2026-07-14 12:10:48.490] [C007755_C007755MCM1] 
Action type is :catalog [end]

[start] [DEBUG] [2026-07-14 12:10:48.492] [C007755_C007755MCM1] 
Action target is :Clause [end]

[start] [DEBUG] [2026-07-14 12:10:48.494] [C007755_C007755MCM1] 
Action type is :catalog [end]

[start] [DEBUG] [2026-07-14 12:10:48.502] [C007755_C007755MCM1] 
====request content is: 
    Request Type: Temp
Component : DBHelper
Session Context is: 
com.cs.core.utility.SessionContext@2a04b4b7
Request Info Type : com.cs.core.dao.exec.SQLDao
Request Info Content is: 
[01]SELECT COUNT(*) FROM CETRX.TRX_INBOX T1 LEFT JOIN CETRX.TRX_LOCK_INFO T3 ON T1.C_MAIN_REF = T3.C_MAIN_REF AND T1.C_UNIT_CODE = T3.C_UNIT_CODE WHERE   T1.C_BK_GROUP_ID = 'CSBANK'  AND (( T1.C_UNIT_CODE = 'C007755'  AND  T1.C_PRODUCT_ID IN ('FHS0YffwVNuA','P19080800000','P19080800001','P19080800002','P20030600000','epF3a6u4ZGAt') )) AND (T1.C_TRX_STATUS IN ('P', 'T', 'A', 'S') AND (T1.C_MODULE = 'IMLC' OR T1.C_MODULE = 'EXLC' OR T1.C_MODULE = 'FAEF' OR T1.C_MODULE = 'FADA' OR T1.C_MODULE = 'ABLF') AND T1.C2A_STATUS NOT IN ('Discrepancies rejected_fully authorized') OR T1.C_TRX_STATUS = 'M' AND (T1.C_MODULE = 'IMLC' AND T1.C2A_STATUS NOT IN ('Issued', 'Amended', 'Beneficiary rejected', 'Settled') OR T1.C_MODULE = 'EXCO' AND T1.CURRNT_STATUS NOT IN ('Payment Advice') OR T1.C_MODULE = 'EXLC' AND T1.CURRNT_STATUS NOT IN ('Settled', 'Advise Received', 'Amendment Received', 'Docment Received') OR T1.C_MODULE = 'FAEF' AND T1.CURRNT_STATUS NOT IN ('Settled', 'Advise Received') OR T1.C_MODULE = 'FADA' AND T1.CURRNT_STATUS NOT IN ('Settled', 'Advise Received') OR T1.C_MODULE = 'ABLF' AND T1.CURRNT_STATUS NOT IN ('Settled', 'Advise Received'))) AND T1.C_TRX_ID NOT IN (SELECT C_TRX_ID FROM CETRX.TRX_USER_DISMISS WHERE C_USER_ID = 'C007755MCM1' AND C_GRP_CODE = 'C007755') AND (T1.C_MODULE = 'IMLC' OR T1.C_MODULE = 'EXLC' OR T1.C_MODULE = 'FAEF' OR T1.C_MODULE = 'FADA' OR T1.C_MODULE = 'ABLF')

 [end]

[start] [DEBUG] [2026-07-14 12:10:48.498] [C007755_C007755MCM1] 
Action target is :AccountMaintain [end]

[start] [DEBUG] [2026-07-14 12:10:48.561] [C007755_C007755MCM1] 
Action type is :catalog [end]

[start] [DEBUG] [2026-07-14 12:10:48.589] [C007755_C007755MCM1] 
Action target is :EmailGroup [end]

[start] [DEBUG] [2026-07-14 12:10:48.589] [C007755_C007755MCM1] 
Action type is :catalog [end]

[start] [DEBUG] [2026-07-14 12:10:48.593] [C007755_C007755MCM1] 
Action target is :F05030701115 [end]

[start] [DEBUG] [2026-07-14 12:10:48.595] [C007755_C007755MCM1] 
Action type is :function [end]

[start] [DEBUG] [2026-07-14 12:10:48.601] [C007755_C007755MCM1] 
Action target is :Label [end]

[start] [DEBUG] [2026-07-14 12:10:48.602] [C007755_C007755MCM1] 
Action type is :catalog [end]

[start] [DEBUG] [2026-07-14 12:10:48.673] [C007755_C007755MCM1] 
The Catalog Object SQL is :SELECT T1.C_BK_GROUP_ID, T1.C_MAIN_REF, T1.C_TRX_REF, T1.C_UNIT_CODE, T1.PARENT_MAIN_REF, T1.C_TRX_STATUS, T1.CURRNT_STATUS, (CASE WHEN T1.C_MODULE = 'FADA' OR T1.C_MODULE = 'FAEF' THEN T1.C_TRX_STATUS ELSE T1.C2A_STATUS END) C2A_STATUS, T1.I_EVENT_TIMES, T1.C_MODULE, T1.C_FUNC_ID, T1.C_PRODUCT_ID, T1.C_TRX_ID, T3.C_LOCKED_FLAG, T3.C_LOCKED_OP, T3.C_USER_DESC, T1.D_SYS_OP_DATE, T1.T_SYS_OP_TIME, T1.C2A_CCY, T1.C2A_AMOUNT, T1.C2A_COUNTERPARTY FROM CETRX.TRX_INBOX T1 LEFT JOIN CETRX.TRX_LOCK_INFO T3 ON T1.C_MAIN_REF = T3.C_MAIN_REF AND T1.C_UNIT_CODE = T3.C_UNIT_CODE WHERE (T1.C2A_STATUS IN ('Issued', 'Amended', 'Beneficiary rejected', 'Discrepancies rejected_fully authorized', 'Settled') AND T1.C_MODULE = 'IMLC' OR T1.CURRNT_STATUS IN ('Issued', 'Amended', 'Detrimental Amendment', 'Beneficiary Consent', 'Beneficiary Rejected', 'Document Presentation', 'Document Presentation', 'Settlement', 'Settled') AND T1.C_MODULE = 'EXCO' OR T1.C2A_STATUS IN ('Settled', 'Amendment_fully authorized', '') AND T1.C_MODULE = 'EXLC' OR T1.C_FUNC_ID IN ('F05030700899', 'F05030700901', 'F05030700908') AND T1.C2A_STATUS = 'Fully authorized' AND T1.C_MODULE = 'EXLC' OR T1.C_MODULE = 'FADA' OR T1.C_MODULE = 'FAEF') AND T1.C_TRX_STATUS IN ('M', 'A', 'S') AND T1.C_TRX_ID NOT IN (SELECT C_TRX_ID FROM CETRX.TRX_USER_DISMISS WHERE C_USER_ID = ? AND C_GRP_CODE = ?) AND (T1.C_MODULE = 'IMLC' OR T1.C_MODULE = 'EXLC' OR T1.C_MODULE = 'FADA' OR T1.C_MODULE = 'FAEF') ORDER BY T1.D_SYS_OP_DATE DESC, T1.T_SYS_OP_TIME DESC, T1.PARENT_MAIN_REF DESC [end]

[start] [DEBUG] [2026-07-14 12:10:48.678] [C007755_C007755MCM1] 
====request content is: 
    Request Type: Temp
Component : DBHelper
Session Context is: 
com.cs.core.utility.SessionContext@2a04b4b7
Request Info Type : com.cs.core.dao.exec.SQLDao
Request Info Content is: 
[01]SELECT COUNT(*) FROM CETRX.TRX_INBOX T1 LEFT JOIN CETRX.TRX_LOCK_INFO T3 ON T1.C_MAIN_REF = T3.C_MAIN_REF AND T1.C_UNIT_CODE = T3.C_UNIT_CODE WHERE   T1.C_BK_GROUP_ID = 'CSBANK'  AND (( T1.C_UNIT_CODE = 'C007755'  AND  T1.C_PRODUCT_ID IN ('FHS0YffwVNuA','P19080800000','P19080800001','P19080800002','P20030600000','epF3a6u4ZGAt') )) AND (T1.C2A_STATUS IN ('Issued', 'Amended', 'Beneficiary rejected', 'Discrepancies rejected_fully authorized', 'Settled') AND T1.C_MODULE = 'IMLC' OR T1.CURRNT_STATUS IN ('Issued', 'Amended', 'Detrimental Amendment', 'Beneficiary Consent', 'Beneficiary Rejected', 'Document Presentation', 'Document Presentation', 'Settlement', 'Settled') AND T1.C_MODULE = 'EXCO' OR T1.C2A_STATUS IN ('Settled', 'Amendment_fully authorized', '') AND T1.C_MODULE = 'EXLC' OR T1.C_FUNC_ID IN ('F05030700899', 'F05030700901', 'F05030700908') AND T1.C2A_STATUS = 'Fully authorized' AND T1.C_MODULE = 'EXLC' OR T1.C_MODULE = 'FADA' OR T1.C_MODULE = 'FAEF') AND T1.C_TRX_STATUS IN ('M', 'A', 'S') AND T1.C_TRX_ID NOT IN (SELECT C_TRX_ID FROM CETRX.TRX_USER_DISMISS WHERE C_USER_ID = 'C007755MCM1' AND C_GRP_CODE = 'C007755') AND (T1.C_MODULE = 'IMLC' OR T1.C_MODULE = 'EXLC' OR T1.C_MODULE = 'FADA' OR T1.C_MODULE = 'FAEF')

 [end]

[start] [DEBUG] [2026-07-14 12:10:48.689] [C007755_C007755MCM1] 
The Catalog Object SQL is :SELECT DISTINCT T1.C_BK_GROUP_ID, T1.C_MAIN_REF, T1.C_TRX_REF, T1.C_UNIT_CODE, T1.PARENT_MAIN_REF, T1.C_TRX_STATUS, T1.I_EVENT_TIMES, T1.C_MODULE, T1.C_FUNC_ID, T1.C_PRODUCT_ID, T1.C_TRX_ID, T3.C_LOCKED_FLAG, T3.C_LOCKED_OP, T3.C_USER_DESC, T1.D_SYS_OP_DATE, T1.T_SYS_OP_TIME, T1.C2A_CCY, T1.C2A_AMOUNT, T1.C2A_COUNTERPARTY FROM CETRX.TRX_INBOX T1 LEFT JOIN CETRX.TRX_NEXT_FUNC T2 ON T1.C_PRODUCT_ID = T2.C_PRODUCT_ID AND T1.C_TRX_STATUS = T2.C_TRX_STATUS LEFT JOIN CETRX.TRX_LOCK_INFO T3 ON T1.C_MAIN_REF = T3.C_MAIN_REF AND T1.C_UNIT_CODE = T3.C_UNIT_CODE WHERE (T2.C_NEXT_FUNC_ID IN (SELECT C_FUNC_ID FROM CEUSER.SEC_OP_FUNC WHERE C_USER_ID = ? AND C_GRP_CODE = ? AND C_UNIT_CODE = T1.C_UNIT_CODE) OR T2.C_NEXT_FUNC_ID IN (SELECT C_FUNC_ID FROM CEUSER.SEC_OP_FUNC WHERE C_GRP_CODE = ? AND C_USER_ID IN (SELECT C_ROLE_ID FROM CEUSER.SEC_USER_ROLE WHERE C_USER_ID = ? AND C_GRP_CODE = ?) AND C_UNIT_CODE = T1.C_UNIT_CODE)) AND T1.C_TRX_STATUS = 'Z' AND T1.C_TRX_ID NOT IN (SELECT C_TRX_ID FROM CETRX.TRX_USER_DISMISS WHERE C_USER_ID = ? AND C_GRP_CODE = ?) AND (T1.C_MODULE = 'IMLC' OR T1.C_MODULE = 'EXLC' OR T1.C_MODULE = 'FAEF' OR T1.C_MODULE = 'FADA' OR T1.C_MODULE = 'ABLF') ORDER BY T1.D_SYS_OP_DATE DESC, T1.T_SYS_OP_TIME DESC [end]

[start] [DEBUG] [2026-07-14 12:10:48.695] [C007755_C007755MCM1] 
====request content is: 
    Request Type: Temp
Component : DBHelper
Session Context is: 
com.cs.core.utility.SessionContext@2a04b4b7
Request Info Type : com.cs.core.dao.exec.SQLDao
Request Info Content is: 
[01]SELECT COUNT(*) FROM (SELECT DISTINCT T1.C_BK_GROUP_ID, T1.C_MAIN_REF, T1.C_TRX_REF, T1.C_UNIT_CODE, T1.PARENT_MAIN_REF, T1.C_TRX_STATUS, T1.I_EVENT_TIMES, T1.C_MODULE, T1.C_FUNC_ID, T1.C_PRODUCT_ID, T1.C_TRX_ID, T3.C_LOCKED_FLAG, T3.C_LOCKED_OP, T3.C_USER_DESC, T1.D_SYS_OP_DATE, T1.T_SYS_OP_TIME, T1.C2A_CCY, T1.C2A_AMOUNT, T1.C2A_COUNTERPARTY FROM CETRX.TRX_INBOX T1 LEFT JOIN CETRX.TRX_NEXT_FUNC T2 ON T1.C_PRODUCT_ID = T2.C_PRODUCT_ID AND T1.C_TRX_STATUS = T2.C_TRX_STATUS LEFT JOIN CETRX.TRX_LOCK_INFO T3 ON T1.C_MAIN_REF = T3.C_MAIN_REF AND T1.C_UNIT_CODE = T3.C_UNIT_CODE WHERE   T1.C_BK_GROUP_ID = 'CSBANK'  AND (( T1.C_UNIT_CODE = 'C007755'  AND  T1.C_PRODUCT_ID IN ('FHS0YffwVNuA','P19080800000','P19080800001','P19080800002','P20030600000','epF3a6u4ZGAt') )) AND (T2.C_NEXT_FUNC_ID IN (SELECT C_FUNC_ID FROM CEUSER.SEC_OP_FUNC WHERE C_USER_ID = 'C007755MCM1' AND C_GRP_CODE = 'C007755' AND C_UNIT_CODE = T1.C_UNIT_CODE) OR T2.C_NEXT_FUNC_ID IN (SELECT C_FUNC_ID FROM CEUSER.SEC_OP_FUNC WHERE C_GRP_CODE = 'C007755' AND C_USER_ID IN (SELECT C_ROLE_ID FROM CEUSER.SEC_USER_ROLE WHERE C_USER_ID = 'C007755MCM1' AND C_GRP_CODE = 'C007755') AND C_UNIT_CODE = T1.C_UNIT_CODE)) AND T1.C_TRX_STATUS = 'Z' AND T1.C_TRX_ID NOT IN (SELECT C_TRX_ID FROM CETRX.TRX_USER_DISMISS WHERE C_USER_ID = 'C007755MCM1' AND C_GRP_CODE = 'C007755') AND (T1.C_MODULE = 'IMLC' OR T1.C_MODULE = 'EXLC' OR T1.C_MODULE = 'FAEF' OR T1.C_MODULE = 'FADA' OR T1.C_MODULE = 'ABLF') ORDER BY T1.D_SYS_OP_DATE DESC, T1.T_SYS_OP_TIME DESC)

 [end]

[start] [DEBUG] [2026-07-14 12:10:48.701] [C007755_C007755MCM1] 
====request content is: 
    Request Type: Temp
Component : DBHelper
Session Context is: 
com.cs.core.utility.SessionContext@c6198cd
Request Info Type : com.cs.core.dao.exec.SQLDao
Request Info Content is: 
[01]SELECT C_INACTIVE FROM CEUSER.SEC_USER_INFO WHERE C_USER_ID = 'C007755MCM1' AND C_UNIT_CODE = 'C007755' 

 [end]

[start] [DEBUG] [2026-07-14 12:10:48.707] [C007755_C007755MCM1] 
The request URI is : /BL6CEWeb/v1/openapi/widget/recentfunctions/view [end]

[start] [DEBUG] [2026-07-14 12:10:48.711] [C007755_C007755MCM1] 
The URI is :/BL6CEWeb/v1/openapi/widget/recentfunctions/view [end]

[start] [DEBUG] [2026-07-14 12:10:48.713] [C007755_C007755MCM1] 
The session refresh token in session is : null [end]

[start] [DEBUG] [2026-07-14 12:10:48.728] [C007755_C007755MCM1] 
====request content is: 
    Request Type: Temp
Component : DBHelper
Session Context is: 
com.cs.core.utility.SessionContext@c6198cd
Request Info Type : com.cs.core.dao.exec.SQLDao
Request Info Content is: 
[01]SELECT C_IS_ACTIVE FROM CEUSER.SEC_WIDGETS_V2_LIST  WHERE  C_WIDGET_NAME = 'ShortcutMenu'  AND  C_ROLE_NAME IN ('MAKER') 

 [end]

[start] [DEBUG] [2026-07-14 12:10:48.728] [C007755_C007755MCM1] 
====request content is: 
    Request Type: Temp
Component : DBHelper
Session Context is: 
com.cs.core.utility.SessionContext@5ed82eac
Request Info Type : com.cs.core.dao.exec.SQLDao
Request Info Content is: 
[01]SELECT C_INACTIVE FROM CEUSER.SEC_USER_INFO WHERE C_USER_ID = 'C007755MCM1' AND C_UNIT_CODE = 'C007755' 

 [end]

[start] [DEBUG] [2026-07-14 12:10:48.735] [C007755_C007755MCM1] 
====request content is: 
    Request Type: Temp
Component : DBHelper
Session Context is: 
com.cs.core.utility.SessionContext@c6198cd
Request Info Type : com.cs.core.dao.exec.SQLDao
Request Info Content is: 
[01]SELECT C_FUNC_ID,C_MODULE FROM CETRX.TRX_ACT_LOG WHERE C_FUNC_ID IS NOT NULL AND C_UNIT_CODE = 'C007755' AND C_USER_ID = 'C007755MCM1' AND D_SYS_OP_DATE BETWEEN TO_DATE('2026-06-14','yyyy-MM-dd') AND TO_DATE('2026-07-14','yyyy-MM-dd') ORDER BY D_SYS_OP_DATE DESC,T_SYS_OP_TIME DESC

 [end]

[start] [DEBUG] [2026-07-14 12:10:48.763] [C007755_C007755MCM1] 
====request content is: 
    Request Type: Temp
Component : DBHelper
Session Context is: 
com.cs.core.utility.SessionContext@aeb811a7
Request Info Type : com.cs.core.dao.exec.SQLDao
Request Info Content is: 
[01]SELECT C_INACTIVE FROM CEUSER.SEC_USER_INFO WHERE C_USER_ID = 'C007755MCM1' AND C_UNIT_CODE = 'C007755' 

 [end]

[start] [DEBUG] [2026-07-14 12:10:48.773] [C007755_C007755MCM1] 
The request URI is : /BL6CEWeb/v1/openapi/widget/favourites/inquire [end]

[start] [DEBUG] [2026-07-14 12:10:48.775] [C007755_C007755MCM1] 
The URI is :/BL6CEWeb/v1/openapi/widget/favourites/inquire [end]

[start] [DEBUG] [2026-07-14 12:10:48.775] [C007755_C007755MCM1] 
The session refresh token in session is : null [end]

[start] [DEBUG] [2026-07-14 12:10:48.782] [C007755_C007755MCM1] 
====request content is: 
    Request Type: Temp
Component : DBHelper
Session Context is: 
com.cs.core.utility.SessionContext@5ed82eac
Request Info Type : com.cs.core.dao.exec.SQLDao
Request Info Content is: 
[01]SELECT C_FUNC_ID,T_OP_TIME FROM CETRX.TRX_FAVOR_FUNC  WHERE  C_UNIT_CODE = 'C007755'  AND  C_USER_ID = 'C007755MCM1'  ORDER BY  T_OP_TIME DESC 

 [end]

[start] [DEBUG] [2026-07-14 12:10:48.804] [C007755_C007755MCM1] 
====request content is: 
    Request Type: Temp
Component : DBHelper
Session Context is: 
com.cs.core.utility.SessionContext@2391d23a
Request Info Type : com.cs.core.dao.exec.SQLDao
Request Info Content is: 
[01]SELECT C_INACTIVE FROM CEUSER.SEC_USER_INFO WHERE C_USER_ID = 'C007755MCM1' AND C_UNIT_CODE = 'C007755' 

 [end]

[start] [DEBUG] [2026-07-14 12:10:48.812] [C007755_C007755MCM1] 
The request URI is : /BL6CEWeb/v1/openapi/reports/list [end]

[start] [DEBUG] [2026-07-14 12:10:48.814] [C007755_C007755MCM1] 
The URI is :/BL6CEWeb/v1/openapi/reports/list [end]

[start] [DEBUG] [2026-07-14 12:10:48.818] [C007755_C007755MCM1] 
The session refresh token in session is : null [end]

[start] [DEBUG] [2026-07-14 12:10:48.824] [C007755_C007755MCM1] 
Access the endPoint '/reports/list'.
The request body is :{"data":{"type":"Pinned"}} [end]

[start] [DEBUG] [2026-07-14 12:10:48.826] [C007755_C007755MCM1] 
====request content is: 
    Request Type: Temp
Component : DBHelper
Session Context is: 
com.cs.core.utility.SessionContext@aeb811a7
Request Info Type : com.cs.core.dao.exec.SQLDao
Request Info Content is: 
[01]SELECT A.C_REPORT_ID,A.C_GRP_CODE,A.C_USER_ID,A.T_PIN_DATE,B.C_SOURCE_REPORT,B.C_REPORT_NAME,B.T_UPDATE_DATE,C.C_USER_DESC FROM CETRX.TRX_USER_REPORT_PIN A LEFT JOIN CETRX.TRX_USER_REPORT B ON A.C_REPORT_ID = B.C_REPORT_ID  LEFT JOIN CEUSER.SEC_USER_INFO C ON A.C_GRP_CODE = C.C_UNIT_CODE AND A.C_USER_ID = C.C_USER_ID  WHERE  A.C_GRP_CODE = 'C007755'  AND  A.C_USER_ID = 'C007755MCM1'  ORDER BY B.T_UPDATE_DATE DESC

 [end]

[start] [DEBUG] [2026-07-14 12:10:48.844] [C007755_C007755MCM1] 
====request content is: 
    Request Type: Temp
Component : DBHelper
Session Context is: 
com.cs.core.utility.SessionContext@9df8ee9f
Request Info Type : com.cs.core.dao.exec.SQLDao
Request Info Content is: 
[01]SELECT C_INACTIVE FROM CEUSER.SEC_USER_INFO WHERE C_USER_ID = 'C007755MCM1' AND C_UNIT_CODE = 'C007755' 

 [end]

[start] [DEBUG] [2026-07-14 12:10:48.857] [C007755_C007755MCM1] 
The request URI is : /BL6CEWeb/v1/openapi/calendar-event/event-list [end]

[start] [DEBUG] [2026-07-14 12:10:48.858] [C007755_C007755MCM1] 
The URI is :/BL6CEWeb/v1/openapi/calendar-event/event-list [end]

[start] [DEBUG] [2026-07-14 12:10:48.859] [C007755_C007755MCM1] 
The session refresh token in session is : null [end]

[start] [ERROR] [2026-07-14 12:10:48.870] [C007755_C007755MCM1] 
{{W}}[000334]Access is not allowed. Please contact the product support team. [end]

[start] [ERROR] [2026-07-14 12:10:48.875] [C007755_C007755MCM1] 
{{W}}[000334]Access is not allowed. Please contact the product support team. [end]

[start] [ERROR] [2026-07-14 12:10:48.882] [C007755_C007755MCM1] 
{{W}}[000334]Access is not allowed. Please contact the product support team. [end]

[start] [DEBUG] [2026-07-14 12:10:48.884] [C007755_C007755MCM1] 
====request content is: 
    Request Type: Temp
Component : DBHelper
Session Context is: 
com.cs.core.utility.SessionContext@2391d23a
Request Info Type : com.cs.core.dao.exec.SQLDao
Request Info Content is: 
[01]SELECT FA_DOC_DUE_DT AS GROUP_DATE, COUNT(*) AS ASCOUNT FROM (SELECT C_PRODUCT_ID, C_MAIN_REF, C_CUST_ID, C_TRX_REF, I_EVENT_TIMES, C_BK_GROUP_ID, C_UNIT_CODE, FA_SEL_NM, FA_BUYER_NM, FA_DOC_CCY, FA_DOC_AMT, AUTH_AMT, AUTH_CCY, PARENT_MAIN_REF, FA_DOC_DT, FA_DOC_DUE_DT, CURRNT_STATUS, C_TRX_STATUS, D_CREA_DATE, D_RELE_DATE, C_FUNC_ID, C_EVENT_NAME, C_EVENT_STATUS, C_NOW_EVENT, C_LOCKED_FLAG, C_LOCKED_OP, C_RELE_BY FROM CETRX.FAEF_EM_INV WHERE   C_BK_GROUP_ID = 'CSBANK'  AND (( C_UNIT_CODE = 'C007755'  AND  C_PRODUCT_ID = 'P19080800001' )) AND C_TRX_STATUS IN ('P', 'A', 'T', 'R', 'M') AND FA_DOC_DUE_DT >= TO_DATE('2026-01-01', 'YYYY-MM-DD') AND FA_DOC_DUE_DT <= TO_DATE('2026-12-31', 'YYYY-MM-DD') ) TEMP_TABLE GROUP BY FA_DOC_DUE_DT

 [end]

[start] [DEBUG] [2026-07-14 12:10:48.890] [C007755_C007755MCM1] 
The request URI is : /BL6CEWeb/v1/openapi/catalog/combo/meta [end]

[start] [DEBUG] [2026-07-14 12:10:48.891] [C007755_C007755MCM1] 
The URI is :/BL6CEWeb/v1/openapi/catalog/combo/meta [end]

[start] [DEBUG] [2026-07-14 12:10:48.899] [C007755_C007755MCM1] 
The session refresh token in session is : null [end]

[start] [DEBUG] [2026-07-14 12:10:48.917] [C007755_C007755MCM1] 
====request content is: 
    Request Type: Temp
Component : DBHelper
Session Context is: 
com.cs.core.utility.SessionContext@9df8ee9f
Request Info Type : com.cs.core.dao.exec.SQLDao
Request Info Content is: 
[01]SELECT C_CRITERIA_DATA,C_TMPL_NAME,C_IS_DEFAULT FROM CETRX.STD_SEARCH_CRITERIA  WHERE  C_UNIT_CODE = 'C007755'  AND  C_USER_ID = 'C007755MCM1'  AND  C_CATA_ID = 'C2A_InProgress_Maker'  AND  C_BK_GROUP_ID = 'CSBANK'  AND  I_CRITERIA_TYPE = 4 

 [end]

[start] [DEBUG] [2026-07-14 12:10:48.925] [C007755_C007755MCM1] 
The option type "distinctRecord" is only used to show the dropdown list not for format [end]

[start] [ERROR] [2026-07-14 12:10:48.927] [C007755_C007755MCM1] 
Can not find product ID  in parameter products.xml [end]

[start] [ERROR] [2026-07-14 12:10:48.927] [C007755_C007755MCM1] 
Can not find product ID  in parameter products.xml [end]

[start] [ERROR] [2026-07-14 12:10:48.929] [C007755_C007755MCM1] 
Can not find product ID  in parameter products.xml [end]

[start] [ERROR] [2026-07-14 12:10:48.929] [C007755_C007755MCM1] 
Can not find product ID  in parameter products.xml [end]

[start] [ERROR] [2026-07-14 12:10:48.931] [C007755_C007755MCM1] 
Can not find product ID  in parameter products.xml [end]

[start] [ERROR] [2026-07-14 12:10:48.932] [C007755_C007755MCM1] 
Can not find product ID  in parameter products.xml [end]

[start] [ERROR] [2026-07-14 12:10:48.933] [C007755_C007755MCM1] 
Can not find product ID  in parameter products.xml [end]

[start] [ERROR] [2026-07-14 12:10:48.935] [C007755_C007755MCM1] 
Can not find product ID  in parameter products.xml [end]

[start] [ERROR] [2026-07-14 12:10:48.935] [C007755_C007755MCM1] 
Can not find product ID  in parameter products.xml [end]

[start] [ERROR] [2026-07-14 12:10:48.953] [C007755_C007755MCM1] 
Can not find product ID  in parameter products.xml [end]

[start] [ERROR] [2026-07-14 12:10:48.955] [C007755_C007755MCM1] 
Can not find product ID  in parameter products.xml [end]

[start] [ERROR] [2026-07-14 12:10:48.957] [C007755_C007755MCM1] 
Can not find product ID  in parameter products.xml [end]

[start] [ERROR] [2026-07-14 12:10:48.959] [C007755_C007755MCM1] 
Can not find product ID  in parameter products.xml [end]

[start] [ERROR] [2026-07-14 12:10:48.959] [C007755_C007755MCM1] 
Can not find product ID  in parameter products.xml [end]

[start] [ERROR] [2026-07-14 12:10:48.961] [C007755_C007755MCM1] 
Can not find product ID  in parameter products.xml [end]

[start] [ERROR] [2026-07-14 12:10:48.961] [C007755_C007755MCM1] 
Can not find product ID  in parameter products.xml [end]

[start] [ERROR] [2026-07-14 12:10:48.963] [C007755_C007755MCM1] 
Can not find product ID  in parameter products.xml [end]

[start] [ERROR] [2026-07-14 12:10:48.963] [C007755_C007755MCM1] 
Can not find product ID  in parameter products.xml [end]

[start] [ERROR] [2026-07-14 12:10:48.965] [C007755_C007755MCM1] 
Can not find product ID  in parameter products.xml [end]

[start] [ERROR] [2026-07-14 12:10:48.967] [C007755_C007755MCM1] 
Can not find product ID  in parameter products.xml [end]

[start] [ERROR] [2026-07-14 12:10:48.969] [C007755_C007755MCM1] 
Can not find product ID  in parameter products.xml [end]

[start] [ERROR] [2026-07-14 12:10:48.969] [C007755_C007755MCM1] 
Can not find product ID  in parameter products.xml [end]

[start] [ERROR] [2026-07-14 12:10:48.971] [C007755_C007755MCM1] 
Can not find product ID  in parameter products.xml [end]

[start] [ERROR] [2026-07-14 12:10:48.974] [C007755_C007755MCM1] 
Can not find product ID  in parameter products.xml [end]

[start] [ERROR] [2026-07-14 12:10:48.974] [C007755_C007755MCM1] 
Can not find product ID  in parameter products.xml [end]

[start] [ERROR] [2026-07-14 12:10:48.976] [C007755_C007755MCM1] 
Can not find product ID  in parameter products.xml [end]

[start] [ERROR] [2026-07-14 12:10:48.978] [C007755_C007755MCM1] 
Can not find product ID  in parameter products.xml [end]

[start] [ERROR] [2026-07-14 12:10:48.978] [C007755_C007755MCM1] 
Can not find product ID  in parameter products.xml [end]

[start] [ERROR] [2026-07-14 12:10:48.980] [C007755_C007755MCM1] 
Can not find product ID  in parameter products.xml [end]

[start] [ERROR] [2026-07-14 12:10:48.980] [C007755_C007755MCM1] 
Can not find product ID  in parameter products.xml [end]

[start] [ERROR] [2026-07-14 12:10:48.983] [C007755_C007755MCM1] 
Can not find product ID  in parameter products.xml [end]

[start] [ERROR] [2026-07-14 12:10:48.984] [C007755_C007755MCM1] 
Can not find product ID  in parameter products.xml [end]

[start] [ERROR] [2026-07-14 12:10:48.985] [C007755_C007755MCM1] 
Can not find product ID  in parameter products.xml [end]

[start] [ERROR] [2026-07-14 12:10:48.987] [C007755_C007755MCM1] 
Can not find product ID  in parameter products.xml [end]

[start] [ERROR] [2026-07-14 12:10:48.988] [C007755_C007755MCM1] 
Can not find product ID  in parameter products.xml [end]

[start] [ERROR] [2026-07-14 12:10:48.990] [C007755_C007755MCM1] 
Can not find product ID  in parameter products.xml [end]

[start] [ERROR] [2026-07-14 12:10:48.990] [C007755_C007755MCM1] 
Can not find product ID  in parameter products.xml [end]

[start] [ERROR] [2026-07-14 12:10:48.992] [C007755_C007755MCM1] 
Can not find product ID  in parameter products.xml [end]

[start] [ERROR] [2026-07-14 12:10:48.994] [C007755_C007755MCM1] 
Can not find product ID  in parameter products.xml [end]

[start] [ERROR] [2026-07-14 12:10:48.994] [C007755_C007755MCM1] 
Can not find product ID  in parameter products.xml [end]

[start] [DEBUG] [2026-07-14 12:10:48.996] [C007755_C007755MCM1] 
The option type "distinctRecord" is only used to show the dropdown list not for format [end]

[start] [DEBUG] [2026-07-14 12:10:48.998] [C007755_C007755MCM1] 
The option type "distinctRecord" is only used to show the dropdown list not for format [end]

[start] [DEBUG] [2026-07-14 12:10:49.000] [C007755_C007755MCM1] 
====request content is: 
    Request Type: Temp
Component : DBHelper
Session Context is: 
com.cs.core.utility.SessionContext@9df8ee9f
Request Info Type : com.cs.core.dao.exec.SQLDao
Request Info Content is: 
[01]SELECT C_UNIT_CODE,C_UNIT_NAME FROM CEUSER.SEC_BUSINESS_UNIT WHERE C_UNIT_CODE = 'C007755' 

 [end]

[start] [DEBUG] [2026-07-14 12:10:49.131] [C007755_C007755MCM1] 
====request content is: 
    Request Type: Temp
Component : DBHelper
Session Context is: 
com.cs.core.utility.SessionContext@4d1e064f
Request Info Type : com.cs.core.dao.exec.SQLDao
Request Info Content is: 
[01]SELECT C_INACTIVE FROM CEUSER.SEC_USER_INFO WHERE C_USER_ID = 'C007755MCM1' AND C_UNIT_CODE = 'C007755' 

 [end]

[start] [DEBUG] [2026-07-14 12:10:49.139] [C007755_C007755MCM1] 
The request URI is : /BL6CEWeb/v1/openapi/catalog/combo/data [end]

[start] [DEBUG] [2026-07-14 12:10:49.140] [C007755_C007755MCM1] 
The URI is :/BL6CEWeb/v1/openapi/catalog/combo/data [end]

[start] [DEBUG] [2026-07-14 12:10:49.141] [C007755_C007755MCM1] 
The session refresh token in session is : null [end]

[start] [DEBUG] [2026-07-14 12:10:49.147] [C007755_C007755MCM1] 
The Catalog Object SQL is :SELECT T1.C_BK_GROUP_ID, T1.C_MAIN_REF, T1.C_TRX_REF, T1.C_UNIT_CODE, T1.PARENT_MAIN_REF, T1.C_TRX_STATUS, T1.CURRNT_STATUS, (CASE WHEN T1.C_MODULE = 'FADA' OR T1.C_MODULE = 'FAEF' THEN T1.C_TRX_STATUS ELSE T1.C2A_STATUS END) C2A_STATUS, T1.I_EVENT_TIMES, T1.C_MODULE, T1.C_FUNC_ID, T1.C_PRODUCT_ID, T1.C_TRX_ID, T3.C_LOCKED_FLAG, T3.C_LOCKED_OP, T3.C_USER_DESC, T1.D_SYS_OP_DATE, T1.T_SYS_OP_TIME, T1.C2A_CCY, T1.C2A_AMOUNT, T1.C2A_COUNTERPARTY FROM CETRX.TRX_INBOX T1 LEFT JOIN CETRX.TRX_LOCK_INFO T3 ON T1.C_MAIN_REF = T3.C_MAIN_REF AND T1.C_UNIT_CODE = T3.C_UNIT_CODE WHERE (T1.C_TRX_STATUS IN ('P', 'T', 'A', 'S') AND (T1.C_MODULE = 'IMLC' OR T1.C_MODULE = 'EXLC' OR T1.C_MODULE = 'FAEF' OR T1.C_MODULE = 'FADA' OR T1.C_MODULE = 'ABLF') AND T1.C2A_STATUS NOT IN ('Discrepancies rejected_fully authorized') OR T1.C_TRX_STATUS = 'M' AND (T1.C_MODULE = 'IMLC' AND T1.C2A_STATUS NOT IN ('Issued', 'Amended', 'Beneficiary rejected', 'Settled') OR T1.C_MODULE = 'EXCO' AND T1.CURRNT_STATUS NOT IN ('Payment Advice') OR T1.C_MODULE = 'EXLC' AND T1.CURRNT_STATUS NOT IN ('Settled', 'Advise Received', 'Amendment Received', 'Docment Received') OR T1.C_MODULE = 'FAEF' AND T1.CURRNT_STATUS NOT IN ('Settled', 'Advise Received') OR T1.C_MODULE = 'FADA' AND T1.CURRNT_STATUS NOT IN ('Settled', 'Advise Received') OR T1.C_MODULE = 'ABLF' AND T1.CURRNT_STATUS NOT IN ('Settled', 'Advise Received'))) AND T1.C_TRX_ID NOT IN (SELECT C_TRX_ID FROM CETRX.TRX_USER_DISMISS WHERE C_USER_ID = ? AND C_GRP_CODE = ?) AND (T1.C_MODULE = 'IMLC' OR T1.C_MODULE = 'EXLC' OR T1.C_MODULE = 'FAEF' OR T1.C_MODULE = 'FADA' OR T1.C_MODULE = 'ABLF') ORDER BY T1.D_SYS_OP_DATE DESC, T1.T_SYS_OP_TIME DESC [end]

[start] [DEBUG] [2026-07-14 12:10:49.149] [C007755_C007755MCM1] 
====request content is: 
    Request Type: Temp
Component : DBHelper
Session Context is: 
com.cs.core.utility.SessionContext@4d1e064f
Request Info Type : com.cs.core.dao.exec.SQLDao
Request Info Content is: 
[01]SELECT T1.C_BK_GROUP_ID, T1.C_MAIN_REF, T1.C_TRX_REF, T1.C_UNIT_CODE, T1.PARENT_MAIN_REF, T1.C_TRX_STATUS, T1.CURRNT_STATUS, (CASE WHEN T1.C_MODULE = 'FADA' OR T1.C_MODULE = 'FAEF' THEN T1.C_TRX_STATUS ELSE T1.C2A_STATUS END) C2A_STATUS, T1.I_EVENT_TIMES, T1.C_MODULE, T1.C_FUNC_ID, T1.C_PRODUCT_ID, T1.C_TRX_ID, T3.C_LOCKED_FLAG, T3.C_LOCKED_OP, T3.C_USER_DESC, T1.D_SYS_OP_DATE, T1.T_SYS_OP_TIME, T1.C2A_CCY, T1.C2A_AMOUNT, T1.C2A_COUNTERPARTY FROM CETRX.TRX_INBOX T1 LEFT JOIN CETRX.TRX_LOCK_INFO T3 ON T1.C_MAIN_REF = T3.C_MAIN_REF AND T1.C_UNIT_CODE = T3.C_UNIT_CODE WHERE   T1.C_BK_GROUP_ID = 'CSBANK'  AND (( T1.C_UNIT_CODE = 'C007755'  AND  T1.C_PRODUCT_ID IN ('FHS0YffwVNuA','P19080800000','P19080800001','P19080800002','P20030600000','epF3a6u4ZGAt') )) AND (T1.C_TRX_STATUS IN ('P', 'T', 'A', 'S') AND (T1.C_MODULE = 'IMLC' OR T1.C_MODULE = 'EXLC' OR T1.C_MODULE = 'FAEF' OR T1.C_MODULE = 'FADA' OR T1.C_MODULE = 'ABLF') AND T1.C2A_STATUS NOT IN ('Discrepancies rejected_fully authorized') OR T1.C_TRX_STATUS = 'M' AND (T1.C_MODULE = 'IMLC' AND T1.C2A_STATUS NOT IN ('Issued', 'Amended', 'Beneficiary rejected', 'Settled') OR T1.C_MODULE = 'EXCO' AND T1.CURRNT_STATUS NOT IN ('Payment Advice') OR T1.C_MODULE = 'EXLC' AND T1.CURRNT_STATUS NOT IN ('Settled', 'Advise Received', 'Amendment Received', 'Docment Received') OR T1.C_MODULE = 'FAEF' AND T1.CURRNT_STATUS NOT IN ('Settled', 'Advise Received') OR T1.C_MODULE = 'FADA' AND T1.CURRNT_STATUS NOT IN ('Settled', 'Advise Received') OR T1.C_MODULE = 'ABLF' AND T1.CURRNT_STATUS NOT IN ('Settled', 'Advise Received'))) AND T1.C_TRX_ID NOT IN (SELECT C_TRX_ID FROM CETRX.TRX_USER_DISMISS WHERE C_USER_ID = 'C007755MCM1' AND C_GRP_CODE = 'C007755') AND (T1.C_MODULE = 'IMLC' OR T1.C_MODULE = 'EXLC' OR T1.C_MODULE = 'FAEF' OR T1.C_MODULE = 'FADA' OR T1.C_MODULE = 'ABLF') ORDER BY T1.D_SYS_OP_DATE DESC, T1.T_SYS_OP_TIME DESC

 [end]

[start] [ERROR] [2026-07-14 12:10:49.165] [C007755_C007755MCM1] 
Can not find product ID  in parameter products.xml [end]

[start] [ERROR] [2026-07-14 12:10:49.167] [C007755_C007755MCM1] 
Can not find product ID  in parameter products.xml [end]

[start] [ERROR] [2026-07-14 12:10:49.167] [C007755_C007755MCM1] 
Can not find product ID  in parameter products.xml [end]

[start] [ERROR] [2026-07-14 12:10:49.169] [C007755_C007755MCM1] 
Can not find product ID  in parameter products.xml [end]

[start] [ERROR] [2026-07-14 12:10:49.171] [C007755_C007755MCM1] 
Can not find product ID  in parameter products.xml [end]

[start] [ERROR] [2026-07-14 12:10:49.171] [C007755_C007755MCM1] 
Can not find product ID  in parameter products.xml [end]

[start] [ERROR] [2026-07-14 12:10:49.173] [C007755_C007755MCM1] 
Can not find product ID  in parameter products.xml [end]

[start] [ERROR] [2026-07-14 12:10:49.173] [C007755_C007755MCM1] 
Can not find product ID  in parameter products.xml [end]

[start] [ERROR] [2026-07-14 12:10:49.175] [C007755_C007755MCM1] 
Can not find product ID  in parameter products.xml [end]

[start] [ERROR] [2026-07-14 12:10:49.175] [C007755_C007755MCM1] 
Can not find product ID  in parameter products.xml [end]

[start] [ERROR] [2026-07-14 12:10:49.177] [C007755_C007755MCM1] 
Can not find product ID  in parameter products.xml [end]

[start] [ERROR] [2026-07-14 12:10:49.179] [C007755_C007755MCM1] 
Can not find product ID  in parameter products.xml [end]

[start] [ERROR] [2026-07-14 12:10:49.179] [C007755_C007755MCM1] 
Can not find product ID  in parameter products.xml [end]

[start] [ERROR] [2026-07-14 12:10:49.181] [C007755_C007755MCM1] 
Can not find product ID  in parameter products.xml [end]

[start] [ERROR] [2026-07-14 12:10:49.181] [C007755_C007755MCM1] 
Can not find product ID  in parameter products.xml [end]

[start] [ERROR] [2026-07-14 12:10:49.183] [C007755_C007755MCM1] 
Can not find product ID  in parameter products.xml [end]

[start] [ERROR] [2026-07-14 12:10:49.185] [C007755_C007755MCM1] 
Can not find product ID  in parameter products.xml [end]

[start] [ERROR] [2026-07-14 12:10:49.185] [C007755_C007755MCM1] 
Can not find product ID  in parameter products.xml [end]

[start] [ERROR] [2026-07-14 12:10:49.187] [C007755_C007755MCM1] 
Can not find product ID  in parameter products.xml [end]

[start] [ERROR] [2026-07-14 12:10:49.187] [C007755_C007755MCM1] 
Can not find product ID  in parameter products.xml [end]

[start] [ERROR] [2026-07-14 12:10:49.189] [C007755_C007755MCM1] 
Can not find product ID  in parameter products.xml [end]

[start] [ERROR] [2026-07-14 12:10:49.193] [C007755_C007755MCM1] 
Can not find product ID  in parameter products.xml [end]

[start] [ERROR] [2026-07-14 12:10:49.193] [C007755_C007755MCM1] 
Can not find product ID  in parameter products.xml [end]

[start] [ERROR] [2026-07-14 12:10:49.195] [C007755_C007755MCM1] 
Can not find product ID  in parameter products.xml [end]

[start] [ERROR] [2026-07-14 12:10:49.197] [C007755_C007755MCM1] 
Can not find product ID  in parameter products.xml [end]

[start] [ERROR] [2026-07-14 12:10:49.197] [C007755_C007755MCM1] 
Can not find product ID  in parameter products.xml [end]

[start] [ERROR] [2026-07-14 12:10:49.199] [C007755_C007755MCM1] 
Can not find product ID  in parameter products.xml [end]

[start] [ERROR] [2026-07-14 12:10:49.201] [C007755_C007755MCM1] 
Can not find product ID  in parameter products.xml [end]

[start] [ERROR] [2026-07-14 12:10:49.201] [C007755_C007755MCM1] 
Can not find product ID  in parameter products.xml [end]

[start] [ERROR] [2026-07-14 12:10:49.203] [C007755_C007755MCM1] 
Can not find product ID  in parameter products.xml [end]

[start] [ERROR] [2026-07-14 12:10:49.203] [C007755_C007755MCM1] 
Can not find product ID  in parameter products.xml [end]

[start] [ERROR] [2026-07-14 12:10:49.215] [C007755_C007755MCM1] 
Can not find product ID  in parameter products.xml [end]

[start] [ERROR] [2026-07-14 12:10:49.217] [C007755_C007755MCM1] 
Can not find product ID  in parameter products.xml [end]

[start] [ERROR] [2026-07-14 12:10:49.219] [C007755_C007755MCM1] 
Can not find product ID  in parameter products.xml [end]

[start] [ERROR] [2026-07-14 12:10:49.221] [C007755_C007755MCM1] 
Can not find product ID  in parameter products.xml [end]

[start] [ERROR] [2026-07-14 12:10:49.223] [C007755_C007755MCM1] 
Can not find product ID  in parameter products.xml [end]

[start] [ERROR] [2026-07-14 12:10:49.224] [C007755_C007755MCM1] 
Can not find product ID  in parameter products.xml [end]

[start] [ERROR] [2026-07-14 12:10:49.226] [C007755_C007755MCM1] 
Can not find product ID  in parameter products.xml [end]

[start] [ERROR] [2026-07-14 12:10:49.228] [C007755_C007755MCM1] 
Can not find product ID  in parameter products.xml [end]

[start] [ERROR] [2026-07-14 12:10:49.228] [C007755_C007755MCM1] 
Can not find product ID  in parameter products.xml [end]

[start] [DEBUG] [2026-07-14 12:10:49.233] [C007755_C007755MCM1] 
====request content is: 
    Request Type: Temp
Component : DBHelper
Session Context is: 
com.cs.core.utility.SessionContext@4d1e064f
Request Info Type : com.cs.core.dao.exec.SQLDao
Request Info Content is: 
[01]SELECT C_UNIT_CODE,C_UNIT_NAME FROM CEUSER.SEC_BUSINESS_UNIT WHERE C_UNIT_CODE = 'C007755' 

 [end]

[start] [DEBUG] [2026-07-14 12:10:49.260] [C007755_C007755MCM1] 
====request content is: 
    Request Type: Temp
Component : DBHelper
Session Context is: 
com.cs.core.utility.SessionContext@4d1e064f
Request Info Type : com.cs.core.dao.exec.SQLDao
Request Info Content is: 
[01]SELECT C_CRITERIA_DATA,C_TMPL_NAME,C_IS_DEFAULT FROM CETRX.STD_SEARCH_CRITERIA  WHERE  C_UNIT_CODE = 'C007755'  AND  C_USER_ID = 'C007755MCM1'  AND  C_CATA_ID = 'C2A_InProgress_Maker'  AND  C_BK_GROUP_ID = 'CSBANK'  AND  I_CRITERIA_TYPE = 4 

 [end]

[start] [DEBUG] [2026-07-14 12:10:51.262] [C007755_C007755MCM1] 
The request URI is : /BL6CEWeb/servlets/WSSActionRouting [end]

[start] [DEBUG] [2026-07-14 12:10:51.264] [C007755_C007755MCM1] 
The URI is :/BL6CEWeb/servlets/WSSActionRouting [end]

[start] [DEBUG] [2026-07-14 12:10:51.265] [C007755_C007755MCM1] 
The session refresh token in session is : null [end]

[start] [DEBUG] [2026-07-14 12:10:51.267] [C007755_C007755MCM1] 
====request content is: 
    Request Type: Temp
Component : DBHelper
Session Context is: 
com.cs.core.utility.SessionContext@ae802615
Request Info Type : com.cs.core.dao.exec.SQLDao
Request Info Content is: 
[01]SELECT C_INACTIVE FROM CEUSER.SEC_USER_INFO WHERE C_USER_ID = 'C007755MCM1' AND C_UNIT_CODE = 'C007755' 

 [end]

[start] [DEBUG] [2026-07-14 12:10:51.275] [C007755_C007755MCM1] 
====request content is: 
    Request Type: Temp
Component : DBHelper
Session Context is: 
com.cs.core.utility.SessionContext@ae802615
Request Info Type : com.cs.core.dao.exec.SQLDao
Request Info Content is: 
[01]SELECT C_IS_INFORM FROM CEUSER.SEC_LOGIN_SESSION WHERE C_SESSION_ID = 'Xt3rQx_3CBPe3pdlDkfc3kA' 

 [end]

[start] [DEBUG] [2026-07-14 12:10:51.281] [C007755_C007755MCM1] 
The request C_ACTION_ID is : F05030701225 [end]

[start] [DEBUG] [2026-07-14 12:10:51.289] [C007755_C007755MCM1] 
Submit Datas are : {CSRFTOKEN=[g8A82X84ZV9G79DFO5Fi9SPEOtL71XZQW0x19F5eFvTCXAD5B35g30qE0r8JrgFB, g8A82X84ZV9G79DFO5Fi9SPEOtL71XZQW0x19F5eFvTCXAD5B35g30qE0r8JrgFB], ACTION_FROM=MENU, NO_MAPPING=T, REFRESH_TOKEN=[20, 19], C_IP_ADDRESS=10.3.1.30, TrxSessionId=, C_ACTION_ID=F05030701225, IS_FUNC_START=T} [end]

[start] [DEBUG] [2026-07-14 12:10:51.290] [C007755_C007755MCM1] 
Action id : F05030701225 in the parameter system-secu-actions.xml not find [end]

[start] [DEBUG] [2026-07-14 12:10:51.291] [C007755_C007755MCM1] 
==go to servlet: /servlets/WSTrxManager [end]

[start] [DEBUG] [2026-07-14 12:10:51.295] [C007755_C007755MCM1] 
====request content is: 
    Request Type: Temp
Component : DBHelper
Session Context is: 
com.cs.core.utility.SessionContext@7371ec2d
Request Info Type : com.cs.core.dao.exec.SQLDao
Request Info Content is: 
[01]SELECT C_INACTIVE FROM CEUSER.SEC_USER_INFO WHERE C_USER_ID = 'C007755MCM1' AND C_UNIT_CODE = 'C007755' 

 [end]

[start] [DEBUG] [2026-07-14 12:10:51.301] [C007755_C007755MCM1] 
====request content is: 
    Request Type: Temp
Component : DBHelper
Session Context is: 
com.cs.core.utility.SessionContext@7371ec2d
Request Info Type : com.cs.core.dao.exec.SQLDao
Request Info Content is: 
[01]SELECT C_IS_INFORM FROM CEUSER.SEC_LOGIN_SESSION WHERE C_SESSION_ID = 'Xt3rQx_3CBPe3pdlDkfc3kA' 

 [end]

[start] [DEBUG] [2026-07-14 12:10:51.306] [C007755_C007755MCM1] 

------------------ Session ID : Xt3rQx_3CBPe3pdlDkfc3kA --------------------
 [end]

[start] [DEBUG] [2026-07-14 12:10:51.306] [C007755_C007755MCM1] 

------------------ Session ID : Xt3rQx_3CBPe3pdlDkfc3kA --------------------
 [end]

[start] [DEBUG] [2026-07-14 12:10:51.309] [C007755_C007755MCM1] 

------------------ Session ID : Xt3rQx_3CBPe3pdlDkfc3kA --------------------
 [end]

[start] [DEBUG] [2026-07-14 12:10:51.309] [C007755_C007755MCM1] 

------------------ Session ID : Xt3rQx_3CBPe3pdlDkfc3kA --------------------

{Remove session attribute::::::C_PASSWORD}
 [end]

[start] [DEBUG] [2026-07-14 12:10:51.311] [C007755_C007755MCM1] 

------------------ Session ID : Xt3rQx_3CBPe3pdlDkfc3kA --------------------
 [end]

[start] [DEBUG] [2026-07-14 12:10:51.312] [C007755_C007755MCM1] 

------------------ Session ID : Xt3rQx_3CBPe3pdlDkfc3kA --------------------
 [end]

[start] [DEBUG] [2026-07-14 12:10:51.313] [C007755_C007755MCM1] 

------------------ Session ID : Xt3rQx_3CBPe3pdlDkfc3kA --------------------
 [end]

[start] [DEBUG] [2026-07-14 12:10:51.323] [C007755_C007755MCM1] 

------------------ Session ID : Xt3rQx_3CBPe3pdlDkfc3kA --------------------

{Remove session attribute::::::C_USER_ID}
 [end]

[start] [DEBUG] [2026-07-14 12:10:51.325] [C007755_C007755MCM1] 

------------------ Session ID : Xt3rQx_3CBPe3pdlDkfc3kA --------------------
 [end]

[start] [DEBUG] [2026-07-14 12:10:51.327] [C007755_C007755MCM1] 

------------------ Session ID : Xt3rQx_3CBPe3pdlDkfc3kA --------------------
 [end]

[start] [DEBUG] [2026-07-14 12:10:51.327] [C007755_C007755MCM1] 

------------------ Session ID : Xt3rQx_3CBPe3pdlDkfc3kA --------------------
 [end]

[start] [DEBUG] [2026-07-14 12:10:51.329] [C007755_C007755MCM1] 

------------------ Session ID : Xt3rQx_3CBPe3pdlDkfc3kA --------------------

{Remove session attribute::::::C_BUSINESS_UNIT}
 [end]

[start] [DEBUG] [2026-07-14 12:10:51.329] [C007755_C007755MCM1] 

------------------ Session ID : Xt3rQx_3CBPe3pdlDkfc3kA --------------------
 [end]

[start] [DEBUG] [2026-07-14 12:10:51.331] [C007755_C007755MCM1] 

------------------ Session ID : Xt3rQx_3CBPe3pdlDkfc3kA --------------------
 [end]

[start] [DEBUG] [2026-07-14 12:10:51.331] [C007755_C007755MCM1] 

------------------ Session ID : Xt3rQx_3CBPe3pdlDkfc3kA --------------------
 [end]

[start] [DEBUG] [2026-07-14 12:10:51.333] [C007755_C007755MCM1] 

------------------ Session ID : Xt3rQx_3CBPe3pdlDkfc3kA --------------------
 [end]

[start] [DEBUG] [2026-07-14 12:10:51.335] [C007755_C007755MCM1] 
====request content is: 
    Request Type: Temp
Component : DBHelper
Session Context is: 
com.cs.core.utility.SessionContext@7371ec2d
Request Info Type : com.cs.core.dao.exec.SQLDao
Request Info Content is: 
[01]SELECT to_char(systimestamp, 'yyyy-mm-dd hh24:mi:ssxff') AS sysDT FROM dual

 [end]

[start] [DEBUG] [2026-07-14 12:10:51.363] [C007755_C007755MCM1] 
The currnt date find from DB is : 2026-07-14 12:10:51.338000 [end]

[start] [DEBUG] [2026-07-14 12:10:51.365] [C007755_C007755MCM1] 

------------------ Session ID : Xt3rQx_3CBPe3pdlDkfc3kA --------------------

{com.ibm.websphere.servlet.uri_non_decoded,/BL6CEWeb/servlets/WSSActionRouting}

{CHECKED_REFRESH,T}

{javax.servlet.forward.context_path,/BL6CEWeb}

{javax.servlet.forward.servlet_path,/servlets/WSSActionRouting}

{com.ibm.servlet.engine.webapp.dispatch_type,forward}

{javax.servlet.forward.request_uri,/BL6CEWeb/servlets/WSSActionRouting}

{JSESSIONID,}

{TrxSessionId,8A828497019F5FADC41D0097}

{com.ibm.servlet.engine.webapp.dispatch_nested,true}

{javax.servlet.forward.query_string, 
FUNC_ID=F05030701225
_TRX_STATUS=PARALLEL
CSRFTOKEN=g8A82X84ZV9G79DFO5Fi9SPEOtL71XZQW0x19F5eFvTCXAD5B35g30qE0r8JrgFB
C_ACTION_ID=F05030701225
IS_FUNC_START=T
ACTION_FROM=MENU
REFRESH_TOKEN=20
TrxSessionId=
NO_MAPPING=T
}
 [end]

[start] [DEBUG] [2026-07-14 12:10:51.369] [C007755_C007755MCM1] 
=========Sub Action wrapper request===========
TrxSessionId:8A828497019F5FADC41D0097
Parameters:
CSRFTOKEN=g8A82X84ZV9G79DFO5Fi9SPEOtL71XZQW0x19F5eFvTCXAD5B35g30qE0r8JrgFB
C_ACTION_ID=F05030701225
ACTION_FROM=MENU
REFRESH_TOKEN=20
NO_MAPPING=T
CATA_CURR=1
CATA_TYPE=cata
TITLE_NAME=View Upload Files
TRAN_TYPE=CATA_ITEM
ITEM_ID=Inquire
CATA_NUM=1
_ACT_TYPE=CATA_SECU
TrxSessionId=8A828497019F5FADC41D0097
PRODUCT_ID=P20030600000
PRODUCT_NAME=Upload Files
_TRX_STATUS=CE_CATAMANAGER
IS_FUNC_START=T
GRP_NAME=CSBANK
FUN_NAME=View Upload Files
RESERVE_PARENT=T
TRAN_NAME=Inquire
FUNC_ID=F05030701225
SEL_TYPE=
 [end]

[start] [DEBUG] [2026-07-14 12:10:51.369] [C007755_C007755MCM1] 
== go to screen: ../servlets/WSTrxManager [end]

[start] [DEBUG] [2026-07-14 12:10:51.374] [C007755_C007755MCM1] 
====request content is: 
    Request Type: Temp
Component : DBHelper
Session Context is: 
com.cs.core.utility.SessionContext@4579ab30
Request Info Type : com.cs.core.dao.exec.SQLDao
Request Info Content is: 
[01]SELECT C_INACTIVE FROM CEUSER.SEC_USER_INFO WHERE C_USER_ID = 'C007755MCM1' AND C_UNIT_CODE = 'C007755' 

 [end]

[start] [DEBUG] [2026-07-14 12:10:51.382] [C007755_C007755MCM1] 
====request content is: 
    Request Type: Temp
Component : DBHelper
Session Context is: 
com.cs.core.utility.SessionContext@4579ab30
Request Info Type : com.cs.core.dao.exec.SQLDao
Request Info Content is: 
[01]SELECT C_IS_INFORM FROM CEUSER.SEC_LOGIN_SESSION WHERE C_SESSION_ID = 'Xt3rQx_3CBPe3pdlDkfc3kA' 

 [end]

[start] [DEBUG] [2026-07-14 12:10:51.388] [C007755_C007755MCM1] 

------------------ Session ID : Xt3rQx_3CBPe3pdlDkfc3kA --------------------
 [end]

[start] [DEBUG] [2026-07-14 12:10:51.389] [C007755_C007755MCM1] 

------------------ Session ID : Xt3rQx_3CBPe3pdlDkfc3kA --------------------
 [end]

[start] [DEBUG] [2026-07-14 12:10:51.390] [C007755_C007755MCM1] 

------------------ Session ID : Xt3rQx_3CBPe3pdlDkfc3kA --------------------
 [end]

[start] [DEBUG] [2026-07-14 12:10:51.391] [C007755_C007755MCM1] 

------------------ Session ID : Xt3rQx_3CBPe3pdlDkfc3kA --------------------
 [end]

[start] [DEBUG] [2026-07-14 12:10:51.392] [C007755_C007755MCM1] 

------------------ Session ID : Xt3rQx_3CBPe3pdlDkfc3kA --------------------
 [end]

[start] [DEBUG] [2026-07-14 12:10:51.393] [C007755_C007755MCM1] 

------------------ Session ID : Xt3rQx_3CBPe3pdlDkfc3kA --------------------
 [end]

[start] [DEBUG] [2026-07-14 12:10:51.394] [C007755_C007755MCM1] 

------------------ Session ID : Xt3rQx_3CBPe3pdlDkfc3kA --------------------
 [end]

[start] [DEBUG] [2026-07-14 12:10:51.395] [C007755_C007755MCM1] 

------------------ Session ID : Xt3rQx_3CBPe3pdlDkfc3kA --------------------
 [end]

[start] [DEBUG] [2026-07-14 12:10:51.397] [C007755_C007755MCM1] 

------------------ Session ID : Xt3rQx_3CBPe3pdlDkfc3kA --------------------
 [end]

[start] [DEBUG] [2026-07-14 12:10:51.398] [C007755_C007755MCM1] 

------------------ Session ID : Xt3rQx_3CBPe3pdlDkfc3kA --------------------
 [end]

[start] [DEBUG] [2026-07-14 12:10:51.398] [C007755_C007755MCM1] 

------------------ Session ID : Xt3rQx_3CBPe3pdlDkfc3kA --------------------
 [end]

[start] [DEBUG] [2026-07-14 12:10:51.400] [C007755_C007755MCM1] 

------------------ Session ID : Xt3rQx_3CBPe3pdlDkfc3kA --------------------
 [end]

[start] [DEBUG] [2026-07-14 12:10:51.400] [C007755_C007755MCM1] 

------------------ Session ID : Xt3rQx_3CBPe3pdlDkfc3kA --------------------
 [end]

[start] [DEBUG] [2026-07-14 12:10:51.404] [C007755_C007755MCM1] 
====request content is: 
    Request Type: Temp
Component : DBHelper
Session Context is: 
com.cs.core.utility.SessionContext@4579ab30
Request Info Type : com.cs.core.dao.exec.SQLDao
Request Info Content is: 
[01]SELECT to_char(systimestamp, 'yyyy-mm-dd hh24:mi:ssxff') AS sysDT FROM dual

 [end]

[start] [DEBUG] [2026-07-14 12:10:51.412] [C007755_C007755MCM1] 
The currnt date find from DB is : 2026-07-14 12:10:51.406000 [end]

[start] [DEBUG] [2026-07-14 12:10:51.414] [C007755_C007755MCM1] 

------------------ Session ID : Xt3rQx_3CBPe3pdlDkfc3kA --------------------

{com.ibm.websphere.servlet.uri_non_decoded,/BL6CEWeb/servlets/WSSActionRouting}

{CHECKED_REFRESH,T}

{javax.servlet.forward.context_path,/BL6CEWeb}

{javax.servlet.forward.servlet_path,/servlets/WSSActionRouting}

{com.ibm.servlet.engine.webapp.dispatch_type,forward}

{javax.servlet.forward.request_uri,/BL6CEWeb/servlets/WSSActionRouting}

{JSESSIONID,}

{TrxSessionId,8A828497019F5FADC46B0098}

{com.ibm.servlet.engine.webapp.dispatch_nested,true}

{javax.servlet.forward.query_string, 
CSRFTOKEN=g8A82X84ZV9G79DFO5Fi9SPEOtL71XZQW0x19F5eFvTCXAD5B35g30qE0r8JrgFB
C_ACTION_ID=F05030701225
ACTION_FROM=MENU
REFRESH_TOKEN=20
NO_MAPPING=T
CATA_CURR=1
CATA_TYPE=cata
TITLE_NAME=View Upload Files
TRAN_TYPE=CATA_ITEM
ITEM_ID=Inquire
CATA_NUM=1
_ACT_TYPE=CATA_SECU
TrxSessionId=8A828497019F5FADC41D0097
PRODUCT_ID=P20030600000
PRODUCT_NAME=Upload Files
_TRX_STATUS=CE_CATAMANAGER
IS_FUNC_START=T
GRP_NAME=CSBANK
FUN_NAME=View Upload Files
RESERVE_PARENT=T
TRAN_NAME=Inquire
FUNC_ID=F05030701225
SEL_TYPE=
}
 [end]

[start] [DEBUG] [2026-07-14 12:10:51.420] [C007755_C007755MCM1] 
====request content is: 
    Request Type: Temp
Component : DBHelper
Session Context is: 
com.cs.core.utility.SessionContext@4579ab30
Request Info Type : com.cs.core.dao.exec.SQLDao
Request Info Content is: 
[01]INSERT INTO CETRX.TRX_ACT_LOG (C_LOG_ID,C_BK_GROUP_ID,C_CNTY_CODE,C_UNIT_CODE,C_USER_ID,C_IP_ADDRESS,C_FUNC_ID,C_MODULE,C_LOG_INFO,D_CREA_DATE,T_CREA_TIME,D_SYS_OP_DATE,T_SYS_OP_TIME,C_BUSI_KEY) VALUES ('8A8284979F5F9E71019F5FADC49A0099','CSBANK','US','C007755','C007755MCM1','10.3.1.30','F05030701225','UPLD',C007755/C007755MCM1 prepares to process function F05030701225 View Upload Files,'2026-07-14','08:10:51','2026-07-14','08:10:51','C007755;C007755MCM1')

 [end]

[start] [DEBUG] [2026-07-14 12:10:51.453] [C007755_C007755MCM1] 
====request content is: 
    Request Type: Temp
Component : DBHelper
Session Context is: 
com.cs.core.utility.SessionContext@4579ab30
Request Info Type : com.cs.core.dao.exec.SQLDao
Request Info Content is: 
[01]SELECT C_TMPL_NAME,C_CRITERIA_DATA FROM CETRX.STD_SEARCH_CRITERIA  WHERE  C_UNIT_CODE = 'C007755'  AND  C_USER_ID = 'C007755MCM1'  AND  C_CATA_ID = 'C20030500000'  AND  C_BK_GROUP_ID = 'CSBANK'  AND  I_CRITERIA_TYPE = 4  AND  C_IS_DEFAULT = 'Y' 

 [end]

[start] [DEBUG] [2026-07-14 12:10:51.457] [C007755_C007755MCM1] 
====request content is: 
    Request Type: Temp
Component : DBHelper
Session Context is: 
com.cs.core.utility.SessionContext@4579ab30
Request Info Type : com.cs.core.dao.exec.SQLDao
Request Info Content is: 
[01]SELECT C_FILE_INDEX,C_FILE_NAME,C_FILE_STATUS,D_CREA_DATE,C_CREATED_BY FROM CETRX.TRX_FILE_UPLOAD WHERE ( 1=1   AND   1=1   AND  ( 1=1   AND   1=1 ) AND C_CREATED_BY = 'C007755MCM1')   AND   C_BK_GROUP_ID = 'CSBANK'  ORDER BY C_FILE_INDEX

 [end]

[start] [DEBUG] [2026-07-14 12:10:51.465] [C007755_C007755MCM1] 
====request content is: 
    Request Type: Temp
Component : DBHelper
Session Context is: 
com.cs.core.utility.SessionContext@4579ab30
Request Info Type : com.cs.core.dao.exec.SQLDao
Request Info Content is: 
[01]SELECT C_TMPL_NAME,C_CRITERIA_DATA FROM CETRX.STD_SEARCH_CRITERIA  WHERE  C_UNIT_CODE = 'C007755'  AND  C_USER_ID = 'C007755MCM1'  AND  C_CATA_ID = 'C20030500000'  AND  C_BK_GROUP_ID = 'CSBANK'  AND  I_CRITERIA_TYPE = 4  AND  C_IS_DEFAULT = 'Y' 

 [end]

[start] [DEBUG] [2026-07-14 12:10:51.476] [C007755_C007755MCM1] 
== go to screen: ../Templates/SYS_Template.jsp [end]

[start] [DEBUG] [2026-07-14 12:10:51.500] [C007755_C007755MCM1] 
=== Template Include JSP File:../Default/CATA/SYS_UPLDCatalog.jsp [end]

[start] [DEBUG] [2026-07-14 12:10:51.515] [C007755_C007755MCM1] 
====request content is: 
    Request Type: Temp
Component : DBHelper
Session Context is: 
com.cs.core.utility.SessionContext@4579ab30
Request Info Type : com.cs.core.dao.exec.SQLDao
Request Info Content is: 
[01]SELECT C_CRITERIA_DATA FROM CETRX.STD_SEARCH_CRITERIA WHERE C_UNIT_CODE = 'C007755' AND C_USER_ID = 'C007755MCM1' AND C_CATA_ID = 'C20030500000' AND I_CRITERIA_TYPE = 4 AND C_IS_DEFAULT = 'Y' 

 [end]

[start] [DEBUG] [2026-07-14 12:10:51.526] [C007755_C007755MCM1] 
 (root)(Map)
   |
   +- Cancel = Cancel(String)
   |
   +- _ACT_TYPE = CATA_SECU(String)
   |
   +- mlgItem = VIEW(String)
   |
   +- itemInfo = Inquire(String)
 [end]

[start] [DEBUG] [2026-07-14 12:10:51.600] [C007755_C007755MCM1] 
The request URI is : /BL6CEWeb/SYS_JS/SYS_ErrHandle.js [end]

[start] [DEBUG] [2026-07-14 12:10:51.601] [C007755_C007755MCM1] 
The URI is :/BL6CEWeb/SYS_JS/SYS_ErrHandle.js [end]

[start] [DEBUG] [2026-07-14 12:10:51.602] [C007755_C007755MCM1] 
The session refresh token in session is : null [end]

[start] [DEBUG] [2026-07-14 12:10:51.734] [C007755_C007755MCM1] 
====request content is: 
    Request Type: Temp
Component : DBHelper
Session Context is: 
com.cs.core.utility.SessionContext@22a32079
Request Info Type : com.cs.core.dao.exec.SQLDao
Request Info Content is: 
[01]SELECT C_INACTIVE FROM CEUSER.SEC_USER_INFO WHERE C_USER_ID = 'C007755MCM1' AND C_UNIT_CODE = 'C007755' 

 [end]

[start] [DEBUG] [2026-07-14 12:10:51.741] [C007755_C007755MCM1] 
The request URI is : /BL6CEWeb/v1/openapi/mlg/component [end]

[start] [DEBUG] [2026-07-14 12:10:51.742] [C007755_C007755MCM1] 
The URI is :/BL6CEWeb/v1/openapi/mlg/component [end]

[start] [DEBUG] [2026-07-14 12:10:51.743] [C007755_C007755MCM1] 
The session refresh token in session is : 1784016651406 [end]

[start] [DEBUG] [2026-07-14 12:10:51.745] [C007755_C007755MCM1] 
The parameter AjaxPost in request is : null [end]

[start] [DEBUG] [2026-07-14 12:10:51.746] [C007755_C007755MCM1] 
The servlet is must check refresh :false [end]

[start] [DEBUG] [2026-07-14 12:10:51.746] [C007755_C007755MCM1] 
The parameter _TRX_STATUS in request is : null [end]

[start] [DEBUG] [2026-07-14 12:10:51.748] [C007755_C007755MCM1] 
The request is special status : 1 [end]

[start] [DEBUG] [2026-07-14 12:10:51.768] [C007755_C007755MCM1] 
The request need to check refresh token : false [end]

[start] [DEBUG] [2026-07-14 12:10:51.768] [C007755_C007755MCM1] 
====request content is: 
    Request Type: Temp
Component : DBHelper
Session Context is: 
com.cs.core.utility.SessionContext@31b4ab0
Request Info Type : com.cs.core.dao.exec.SQLDao
Request Info Content is: 
[01]SELECT C_INACTIVE FROM CEUSER.SEC_USER_INFO WHERE C_USER_ID = 'C007755MCM1' AND C_UNIT_CODE = 'C007755' 

 [end]

[start] [DEBUG] [2026-07-14 12:10:51.778] [C007755_C007755MCM1] 
The request URI is : /BL6CEWeb/v1/openapi/user/fap/action [end]

[start] [DEBUG] [2026-07-14 12:10:51.780] [C007755_C007755MCM1] 
====request content is: 
    Request Type: Temp
Component : DBHelper
Session Context is: 
com.cs.core.utility.SessionContext@4b2b60e2
Request Info Type : com.cs.core.dao.exec.SQLDao
Request Info Content is: 
[01]SELECT C_INACTIVE FROM CEUSER.SEC_USER_INFO WHERE C_USER_ID = 'C007755MCM1' AND C_UNIT_CODE = 'C007755' 

 [end]

[start] [DEBUG] [2026-07-14 12:10:51.780] [C007755_C007755MCM1] 
The URI is :/BL6CEWeb/v1/openapi/user/fap/action [end]

[start] [DEBUG] [2026-07-14 12:10:51.780] [C007755_C007755MCM1] 
The session refresh token in session is : 1784016651406 [end]

[start] [DEBUG] [2026-07-14 12:10:51.782] [C007755_C007755MCM1] 
The parameter AjaxPost in request is : null [end]

[start] [DEBUG] [2026-07-14 12:10:51.788] [C007755_C007755MCM1] 
The request URI is : /BL6CEWeb/v1/openapi/mainmenu [end]

[start] [DEBUG] [2026-07-14 12:10:51.789] [C007755_C007755MCM1] 
The URI is :/BL6CEWeb/v1/openapi/mainmenu [end]

[start] [DEBUG] [2026-07-14 12:10:51.790] [C007755_C007755MCM1] 
The servlet is must check refresh :false [end]

[start] [DEBUG] [2026-07-14 12:10:51.791] [C007755_C007755MCM1] 
The session refresh token in session is : 1784016651406 [end]

[start] [DEBUG] [2026-07-14 12:10:51.791] [C007755_C007755MCM1] 
The parameter _TRX_STATUS in request is : null [end]

[start] [DEBUG] [2026-07-14 12:10:51.792] [C007755_C007755MCM1] 
The parameter AjaxPost in request is : null [end]

[start] [DEBUG] [2026-07-14 12:10:51.793] [C007755_C007755MCM1] 
The request is special status : 1 [end]

[start] [DEBUG] [2026-07-14 12:10:51.794] [C007755_C007755MCM1] 
The servlet is must check refresh :false [end]

[start] [DEBUG] [2026-07-14 12:10:51.795] [C007755_C007755MCM1] 
The request need to check refresh token : false [end]

[start] [DEBUG] [2026-07-14 12:10:51.795] [C007755_C007755MCM1] 
The parameter _TRX_STATUS in request is : null [end]

[start] [DEBUG] [2026-07-14 12:10:51.796] [C007755_C007755MCM1] 
The request is special status : 1 [end]

[start] [DEBUG] [2026-07-14 12:10:51.798] [C007755_C007755MCM1] 
The request need to check refresh token : false [end]

[start] [DEBUG] [2026-07-14 12:10:51.800] [C007755_C007755MCM1] 
====request content is: 
    Request Type: Temp
Component : DBHelper
Session Context is: 
com.cs.core.utility.SessionContext@31b4ab0
Request Info Type : com.cs.core.dao.exec.SQLDao
Request Info Content is: 
[01]SELECT * FROM CEUSER.SEC_BUSINESS_UNIT WHERE C_UNIT_CODE = 'C007755' 

 [end]

[start] [DEBUG] [2026-07-14 12:10:51.811] [C007755_C007755MCM1] 
The request URI is : /BL6CEWeb/widgets/pagebuilder [end]

[start] [DEBUG] [2026-07-14 12:10:51.813] [C007755_C007755MCM1] 
The URI is :/BL6CEWeb/widgets/pagebuilder [end]

[start] [DEBUG] [2026-07-14 12:10:51.813] [C007755_C007755MCM1] 
The session refresh token in session is : 1784016651406 [end]

[start] [DEBUG] [2026-07-14 12:10:51.819] [C007755_C007755MCM1] 
The parameter AjaxPost in request is : null [end]

[start] [DEBUG] [2026-07-14 12:10:51.819] [C007755_C007755MCM1] 
The servlet is must check refresh :false [end]

[start] [DEBUG] [2026-07-14 12:10:51.821] [C007755_C007755MCM1] 
The parameter _TRX_STATUS in request is : null [end]

[start] [DEBUG] [2026-07-14 12:10:51.823] [C007755_C007755MCM1] 
The request is special status : 1 [end]

[start] [DEBUG] [2026-07-14 12:10:51.825] [C007755_C007755MCM1] 
The request need to check refresh token : false [end]

[start] [DEBUG] [2026-07-14 12:10:51.839] [C007755_C007755MCM1] 
Action target is :F05030701228 [end]

[start] [DEBUG] [2026-07-14 12:10:51.841] [C007755_C007755MCM1] 
Action type is :function [end]

[start] [DEBUG] [2026-07-14 12:10:51.883] [C007755_C007755MCM1] 
Action target is :Party [end]

[start] [DEBUG] [2026-07-14 12:10:51.884] [C007755_C007755MCM1] 
Action type is :catalog [end]

[start] [DEBUG] [2026-07-14 12:10:51.920] [C007755_C007755MCM1] 
====request content is: 
    Request Type: Temp
Component : DBHelper
Session Context is: 
com.cs.core.utility.SessionContext@31b4ab0
Request Info Type : com.cs.core.dao.exec.SQLDao
Request Info Content is: 
[01]SELECT C_AUTH_RULE FROM CEUSER.SEC_USER_INFO WHERE C_BK_GROUP_ID = 'CSBANK' AND C_UNIT_CODE = 'C007755' AND C_USER_ID = 'C007755MCM1' 

 [end]

[start] [DEBUG] [2026-07-14 12:10:51.922] [C007755_C007755MCM1] 
Action target is :Clause [end]

[start] [DEBUG] [2026-07-14 12:10:51.922] [C007755_C007755MCM1] 
Action type is :catalog [end]

[start] [DEBUG] [2026-07-14 12:10:51.925] [C007755_C007755MCM1] 
Action target is :AccountMaintain [end]

[start] [DEBUG] [2026-07-14 12:10:51.926] [C007755_C007755MCM1] 
====request content is: 
    Request Type: Temp
Component : DBHelper
Session Context is: 
com.cs.core.utility.SessionContext@31b4ab0
Request Info Type : com.cs.core.dao.exec.SQLDao
Request Info Content is: 
[01]SELECT C_AUTH_RULE FROM CEUSER.SEC_BUSINESS_UNIT WHERE C_BK_GROUP_ID = 'CSBANK' AND C_UNIT_CODE = 'C007755' 

 [end]

[start] [DEBUG] [2026-07-14 12:10:51.927] [C007755_C007755MCM1] 
Action type is :catalog [end]

[start] [DEBUG] [2026-07-14 12:10:51.929] [C007755_C007755MCM1] 
Action target is :EmailGroup [end]

[start] [DEBUG] [2026-07-14 12:10:51.930] [C007755_C007755MCM1] 
Action type is :catalog [end]

[start] [DEBUG] [2026-07-14 12:10:51.934] [C007755_C007755MCM1] 
Action target is :F05030701115 [end]

[start] [DEBUG] [2026-07-14 12:10:51.936] [C007755_C007755MCM1] 
Action type is :function [end]

[start] [DEBUG] [2026-07-14 12:10:51.938] [C007755_C007755MCM1] 
Action target is :Label [end]

[start] [DEBUG] [2026-07-14 12:10:51.940] [C007755_C007755MCM1] 
Action type is :catalog [end]

[start] [DEBUG] [2026-07-14 12:10:51.969] [C007755_C007755MCM1] 
The request URI is : /BL6CEWeb/widgets/framework/plugins/Plugins.js [end]

[start] [DEBUG] [2026-07-14 12:10:51.969] [C007755_C007755MCM1] 
The URI is :/BL6CEWeb/widgets/framework/plugins/Plugins.js [end]

[start] [DEBUG] [2026-07-14 12:10:51.971] [C007755_C007755MCM1] 
The session refresh token in session is : null [end]

[start] [DEBUG] [2026-07-14 12:10:51.979] [C007755_C007755MCM1] 
====request content is: 
    Request Type: Temp
Component : DBHelper
Session Context is: 
com.cs.core.utility.SessionContext@262cf2
Request Info Type : com.cs.core.dao.exec.SQLDao
Request Info Content is: 
[01]SELECT C_INACTIVE FROM CEUSER.SEC_USER_INFO WHERE C_USER_ID = 'C007755MCM1' AND C_UNIT_CODE = 'C007755' 

 [end]

[start] [DEBUG] [2026-07-14 12:10:51.987] [C007755_C007755MCM1] 
The request URI is : /BL6CEWeb/v1/openapi/mlg/component [end]

[start] [DEBUG] [2026-07-14 12:10:51.989] [C007755_C007755MCM1] 
The URI is :/BL6CEWeb/v1/openapi/mlg/component [end]

[start] [DEBUG] [2026-07-14 12:10:51.989] [C007755_C007755MCM1] 
The session refresh token in session is : 1784016651406 [end]

[start] [DEBUG] [2026-07-14 12:10:51.991] [C007755_C007755MCM1] 
The parameter AjaxPost in request is : null [end]

[start] [DEBUG] [2026-07-14 12:10:51.991] [C007755_C007755MCM1] 
The servlet is must check refresh :false [end]

[start] [DEBUG] [2026-07-14 12:10:51.993] [C007755_C007755MCM1] 
The parameter _TRX_STATUS in request is : null [end]

[start] [DEBUG] [2026-07-14 12:10:51.993] [C007755_C007755MCM1] 
The request is special status : 1 [end]

[start] [DEBUG] [2026-07-14 12:10:51.995] [C007755_C007755MCM1] 
The request need to check refresh token : false [end]

[start] [DEBUG] [2026-07-14 12:10:51.987] [C007755_C007755MCM1] 
====request content is: 
    Request Type: Temp
Component : DBHelper
Session Context is: 
com.cs.core.utility.SessionContext@48bf882b
Request Info Type : com.cs.core.dao.exec.SQLDao
Request Info Content is: 
[01]SELECT C_INACTIVE FROM CEUSER.SEC_USER_INFO WHERE C_USER_ID = 'C007755MCM1' AND C_UNIT_CODE = 'C007755' 

 [end]

[start] [DEBUG] [2026-07-14 12:10:52.009] [C007755_C007755MCM1] 
The request URI is : /BL6CEWeb/v1/openapi/notice/item/count [end]

[start] [DEBUG] [2026-07-14 12:10:52.010] [C007755_C007755MCM1] 
The URI is :/BL6CEWeb/v1/openapi/notice/item/count [end]

[start] [DEBUG] [2026-07-14 12:10:52.012] [C007755_C007755MCM1] 
The session refresh token in session is : null [end]

[start] [DEBUG] [2026-07-14 12:10:52.017] [C007755_C007755MCM1] 
====request content is: 
    Request Type: Temp
Component : DBHelper
Session Context is: 
com.cs.core.utility.SessionContext@48bf882b
Request Info Type : com.cs.core.dao.exec.SQLDao
Request Info Content is: 
[01]SELECT COUNT(*) AS RECCOUNT FROM CETRX.STD_NOTIFICATION  WHERE C_NOTI_ID IN ( SELECT C_NOTI_ID FROM CETRX.STD_NOTIFICATION_STATUS  WHERE  C_READ_STATUS = 'F'  AND  C_USER_ID = 'C007755MCM1'  AND  C_UNIT_CODE = 'C007755'  )

 [end]

[start] [DEBUG] [2026-07-14 12:10:54.952] [C007755_C007755MCM1] 
The request URI is : /BL6CEWeb/logout.do [end]

[start] [DEBUG] [2026-07-14 12:10:54.954] [C007755_C007755MCM1] 
The URI is :/BL6CEWeb/logout.do [end]

[start] [DEBUG] [2026-07-14 12:10:54.956] [C007755_C007755MCM1] 
The session refresh token in session is : null [end]

[start] [DEBUG] [2026-07-14 12:10:54.958] [C007755_C007755MCM1] 
====request content is: 
    Request Type: Temp
Component : DBHelper
Session Context is: 
com.cs.core.utility.SessionContext@ed42986b
Request Info Type : com.cs.core.dao.exec.SQLDao
Request Info Content is: 
[01]SELECT C_INACTIVE FROM CEUSER.SEC_USER_INFO WHERE C_USER_ID = 'C007755MCM1' AND C_UNIT_CODE = 'C007755' 

 [end]

[start] [DEBUG] [2026-07-14 12:10:54.963] [C007755_C007755MCM1] 
====request content is: 
    Request Type: Temp
Component : DBHelper
Session Context is: 
com.cs.core.utility.SessionContext@ed42986b
Request Info Type : com.cs.core.dao.exec.SQLDao
Request Info Content is: 
[01]SELECT C_IS_INFORM FROM CEUSER.SEC_LOGIN_SESSION WHERE C_SESSION_ID = 'Xt3rQx_3CBPe3pdlDkfc3kA' 

 [end]

[start] [DEBUG] [2026-07-14 12:10:54.967] [C007755_C007755MCM1] 

------------------ Session ID : Xt3rQx_3CBPe3pdlDkfc3kA --------------------

{com.ibm.websphere.servlet.uri_non_decoded,/BL6CEWeb/logout.do}

{CHECKED_REFRESH,T}

{JSESSIONID,}

{TrxSessionId,8A828497019F5FADD26C009A}

{javax.servlet.forward.query_string, 
LOGIN_NAME=
FUN_DESC=
PRODUCT_NAME=
_TRX_STATUS=LOGOFF_UNLOCKED
SEL_TYPE=
ITEM_NAME=
IMG_INQ_TYPE=
TRAN_NAME=
CATA_PAGE_SIZE=
UNIT_CODE=
SUB_CATA_ID=
INI_ITEM_ID=
PRODUCT_ID=
CATA_NUM=
CATA_CURR=
_ACT_TYPE=
ExcelType=
ID=
CURR_OPER=
DoType=
PREV_TRAN_NAME=
TITLE_NAME=
EXCELTYPE=
FUN_NAME=
_EVENT_TITLE=
FUNC_ID=
GRP_NAME=
CATA_TYPE=
CE_SELECT_CATAFIELD=
ITEM_ID=
REFRESH_TOKEN=22
CSRFTOKEN=g8A82X84ZV9G79DFO5Fi9SPEOtL71XZQW0x19F5eFvTCXAD5B35g30qE0r8JrgFB
SAVED=
SELECTEDFIELDS=
TRAN_TYPE=
CURR_DATE=
TRXL_TYPE=
}
 [end]

[start] [DEBUG] [2026-07-14 12:10:54.975] [C007755_C007755MCM1] 
==========Watching important CE session data [starting......]
==========Current class name is [com.cs.ceweb.servlets.WSSCELogout], cdoe line number is [78].
==========CE session user information:
userId(C_USER_ID)=C007755MCM1,
userDesc(C_USER_DESC)=C007755MCM1,
userType(I_USER_TYPE)=2,
multiLogin(I_MULTI_LOGIN)=true,
deftUnitCode(C_DFLT_UNIT_CODE)=C007755,
authLevel(I_AUTH_LEVEL)=1,
langVal(C_LANG_VAL)=null,
secType(I_SEC_TYPE)=-1,
tempProtect(C_TMPL_PROTECT)=F,
C_TIMEZONE_ID=null
C_UNIT_CODE=C007755
C_CNTY_CODE=US
C_LANG_NAME=null
C_CHANGE_PSW=F
C_LOGIN_RULE=null
C_AUTH_SET=null
C_PRIVATE_MAIL=rainie.chen@chinasystems.com
C_BK_GROUP_ID=CSBANK

==========CE session business group information:
unitCode(C_UNIT_CODE)=C007755,
unitName(C_UNIT_NAME)=C007755NM,
bkGrpId(C_BK_GROUP_ID)=CSBANK,
cntyCode(C_CNTY_CODE)=US,
subCnty(C_SUB_CNTY)=US,
bank(C_IS_BANK)=F,
secType(I_SEC_TYPE)=3
tempProtect(C_TMPL_PROTECT)=F,
C_LANG_NAME=null
I_UNIT_TYPE=1
C_HAVE_AUTH=T
C_LANG_VAL=null
C_BANK_UNIT=null
C_BANK_CODE=null
dualCtrl(C_DUAL_CTRL)=T,
custFmt=decFormat(C_DEC_FORMAT)=.,
intFormat(C_INT_FORMAT)=,,
intFmtLen(I_INT_FMT_LEN)=3,
dateFormat(C_DATE_FORM)=yyyy-MM-dd,
,

==========CE session system information:
system information is a null object.
==========Watching important CE session data [end......]
 [end]

[start] [DEBUG] [2026-07-14 12:10:54.978] [C007755_C007755MCM1] 
====request content is: 
    Request Type: Temp
Component : DBHelper
Session Context is: 
com.cs.core.utility.SessionContext@ed42986b
Request Info Type : com.cs.core.dao.exec.SQLDao
Request Info Content is: 
[01]INSERT INTO CETRX.TRX_ACT_LOG (C_LOG_ID,C_BK_GROUP_ID,C_CNTY_CODE,C_GRP_CODE,C_UNIT_CODE,C_USER_ID,C_IP_ADDRESS,C_FUNC_ID,D_CREA_DATE,T_CREA_TIME,D_SYS_OP_DATE,T_SYS_OP_TIME,D_SYS_TRT_DATE,T_SYS_TRT_TIME,C_BUSI_KEY) VALUES ('8A8284979F5F9E71019F5FADD27F009B','CSBANK','US','C007755','C007755','C007755MCM1','10.3.1.30','LogOut','2026-07-14','08:10:54','2026-07-14','08:10:54','2026-07-14','08:10:54','C007755;C007755MCM1')

 [end]

[start] [DEBUG] [2026-07-14 12:10:54.990] [C007755_C007755MCM1] 
====request content is: 
    Request Type: Temp
Component : DBHelper
Session Context is: 
com.cs.core.utility.SessionContext@f0e50289
Request Info Type : com.cs.core.dao.exec.SQLDao
Request Info Content is: 
[01]DELETE FROM CEUSER.SEC_LOGIN_SESSION WHERE C_BK_GROUP_ID = 'CSBANK' AND C_USER_ID = 'C007755MCM1' AND C_UNIT_CODE = 'C007755' AND C_SESSION_ID = 'Xt3rQx_3CBPe3pdlDkfc3kA' 

 [end]

[start] [DEBUG] [2026-07-14 12:10:54.997] [C007755_C007755MCM1] 
== go to screen: /SYS_index.htm [end]

[start] [DEBUG] [2026-07-14 12:10:55.103] [C007755_C007755MCM1] 
The request URI is : /BL6CEWeb/JS/rsaencrypt/jsencrypt.min.js [end]

[start] [DEBUG] [2026-07-14 12:10:55.105] [C007755_C007755MCM1] 
The session refresh token in session is : null [end]

[start] [DEBUG] [2026-07-14 12:10:55.112] [C007755_C007755MCM1] 
The request URI is : /BL6CEWeb/JS/rsaencrypt/Publickey.js [end]

[start] [DEBUG] [2026-07-14 12:10:55.112] [C007755_C007755MCM1] 
The session refresh token in session is : null [end]

[start] [DEBUG] [2026-07-14 12:10:55.118] [C007755_C007755MCM1] 
The request URI is : /BL6CEWeb/SYS_JS/jQuery/jquery.min.js [end]

[start] [DEBUG] [2026-07-14 12:10:55.118] [C007755_C007755MCM1] 
The session refresh token in session is : null [end]

[start] [DEBUG] [2026-07-14 12:11:09.477] [C007755_C007755MCM1] 
The request URI is : /BL6CEWeb/counterparty.html [end]

[start] [DEBUG] [2026-07-14 12:11:09.477] [C007755_C007755MCM1] 
The session refresh token in session is : null [end]

[start] [DEBUG] [2026-07-14 12:11:09.859] [C007755_C007755MCM1] 
The request URI is : /BL6CEWeb/getPrefillData [end]

[start] [DEBUG] [2026-07-14 12:11:09.861] [C007755_C007755MCM1] 
The session refresh token in session is : null [end]

[start] [DEBUG] [2026-07-14 12:11:15.517] [C007755_C007755MCM1] 
The request URI is : /BL6CEWeb/screen/SECindex.htm [end]

[start] [DEBUG] [2026-07-14 12:11:15.518] [C007755_C007755MCM1] 
The session refresh token in session is : null [end]

[start] [DEBUG] [2026-07-14 12:11:16.294] [C007755_C007755MCM1] 
The request URI is : /BL6CEWeb/SPA/assets/app.config.json [end]

[start] [DEBUG] [2026-07-14 12:11:16.297] [C007755_C007755MCM1] 
The URI is :/BL6CEWeb/SPA/assets/app.config.json [end]

[start] [DEBUG] [2026-07-14 12:11:16.297] [C007755_C007755MCM1] 
The session refresh token in session is : null [end]
