
[start] [DEBUG] [2026-07-05 20:03:03.602] [SELLER_SChecker] 
browserLanguage :en [end]

[start] [DEBUG] [2026-07-05 20:03:03.606] [SELLER_SChecker] 
acceptLanguage :en-US,en;q=0.9 [end]

[start] [DEBUG] [2026-07-05 20:03:03.607] [SELLER_SChecker] 
defaultLanguage :null [end]

[start] [DEBUG] [2026-07-05 20:03:03.612] [SELLER_SChecker] 
====request content is: 
    Request Type: Temp
Component : DBHelper
Session Context is: 
com.cs.core.utility.SessionContext@a395213f
Request Info Type : com.cs.core.dao.exec.SQLDao
Request Info Content is: 
[01]DELETE FROM CEUSER.SEC_LOGIN_SESSION WHERE C_USER_ID = 'SChecker' AND C_UNIT_CODE = 'SELLER' AND C_BK_GROUP_ID = 'CSBANK' AND C_SESSION_ID = 'Iw6mrtZ5TSS2YzFima0HkrG' 
[02]UPDATE CEUSER.SEC_LOGIN_SESSION SET C_IS_INFORM = 'T' WHERE C_USER_ID = 'SChecker' AND C_UNIT_CODE = 'SELLER' AND C_BK_GROUP_ID = 'CSBANK' 
[03]INSERT INTO CEUSER.SEC_LOGIN_SESSION (C_BK_GROUP_ID,C_UNIT_CODE,C_USER_ID,C_SESSION_ID,C_IS_INFORM) VALUES ('CSBANK','SELLER','SChecker','Iw6mrtZ5TSS2YzFima0HkrG','F')

 [end]

[start] [DEBUG] [2026-07-05 20:03:03.692] [SELLER_SChecker] 

------------------ Session ID : Iw6mrtZ5TSS2YzFima0HkrG --------------------

{SS_USER_INFO,userId(C_USER_ID)=SChecker,
userDesc(C_USER_DESC)=SChecker,
userType(I_USER_TYPE)=2,
multiLogin(I_MULTI_LOGIN)=true,
deftUnitCode(C_DFLT_UNIT_CODE)=SELLER,
authLevel(I_AUTH_LEVEL)=1,
langVal(C_LANG_VAL)=null,
secType(I_SEC_TYPE)=-1,
tempProtect(C_TMPL_PROTECT)=F,
C_TIMEZONE_ID=null
C_UNIT_CODE=SELLER
C_CNTY_CODE=US
C_LANG_NAME=null
C_CHANGE_PSW=F
C_LOGIN_RULE=null
C_AUTH_SET=null
C_PRIVATE_MAIL=jessie.wan@chinasystems.com
C_BK_GROUP_ID=CSBANK
}

{USER_NORMAL_LOGON,Y}

{C_USER_ID,SChecker}

{SS_LOG_INFO,com.cs.core.pojo.buinfo.LogSessionInfo@9e994aa6}

{SS_CLIENT_INFO,ssoWay(SSO_WAY)=null
ip=10.3.1.40
loginURL=SYS_index.htm
no any attribute}

{SS_FAP_INFO,SELLER=
<ci name=SELLER>
    <pdt id = P08071500003    authlevel=1>
        <F05030700911/>
        <F05030700912/>
        <F05030700913/>
    </pdt>
</ci>
}

{C_BUSINESS_UNIT,SELLER}

{SS_GRP_INFO,unitCode(C_UNIT_CODE)=SELLER,
unitName(C_UNIT_NAME)=SELLER,
bkGrpId(C_BK_GROUP_ID)=CSBANK,
cntyCode(C_CNTY_CODE)=US,
subCnty(C_SUB_CNTY)=US,
bank(C_IS_BANK)=F,
secType(I_SEC_TYPE)=3
tempProtect(C_TMPL_PROTECT)=F,
C_LANG_NAME=null
I_UNIT_TYPE=1
C_HAVE_AUTH=T
C_LANG_VAL=null
C_BANK_UNIT=null
C_BANK_CODE=null
dualCtrl(C_DUAL_CTRL)=T,
custFmt=decFormat(C_DEC_FORMAT)=.,
intFormat(C_INT_FORMAT)=,,
intFmtLen(I_INT_FMT_LEN)=3,
dateFormat(C_DATE_FORM)=yyyy-MM-dd,
,
}

{isFirstChangeMail,false}

{GLOBAL_REFRESH_TOKEN,1783267383553}

{CSRFKEY,[I@9645c7ee}

{inActiveComps,[]}

{SS_TREE_ARRAY,[[Ljava.lang.String;@a941e782}

{CSRFTOKEN,8A8284979F2871C3019F3304D8FC016B}
 [end]

[start] [DEBUG] [2026-07-05 20:03:03.694] [SELLER_SChecker] 
====request content is: 
    Request Type: Temp
Component : DBHelper
Session Context is: 
com.cs.core.utility.SessionContext@a395213f
Request Info Type : com.cs.core.dao.exec.SQLDao
Request Info Content is: 
[01]INSERT INTO CETRX.TRX_ACT_LOG (C_LOG_ID,C_BK_GROUP_ID,C_CNTY_CODE,C_GRP_CODE,C_UNIT_CODE,C_USER_ID,C_IP_ADDRESS,C_FUNC_ID,D_CREA_DATE,T_CREA_TIME,D_SYS_OP_DATE,T_SYS_OP_TIME,D_SYS_TRT_DATE,T_SYS_TRT_TIME,C_BUSI_KEY) VALUES ('8A8284979F2871C3019F3304D98C016C','CSBANK','US','SELLER','SELLER','SChecker','10.3.1.40','Login','2026-07-05','16:03:03','2026-07-05','16:03:03','2026-07-05','16:03:03','SELLER;SChecker')

 [end]

[start] [DEBUG] [2026-07-05 20:03:03.761] [SELLER_SChecker] 
The request URI is : /BL6CEWeb/servlets/CELoginAuthorizationManager [end]

[start] [DEBUG] [2026-07-05 20:03:03.763] [SELLER_SChecker] 
The URI is :/BL6CEWeb/servlets/CELoginAuthorizationManager [end]

[start] [DEBUG] [2026-07-05 20:03:03.764] [SELLER_SChecker] 
The session refresh token in session is : null [end]

[start] [DEBUG] [2026-07-05 20:03:03.873] [SELLER_SChecker] 
The request URI is : /BL6CEWeb/SYS_JS/SYS_ErrHandle.js [end]

[start] [DEBUG] [2026-07-05 20:03:03.875] [SELLER_SChecker] 
The URI is :/BL6CEWeb/SYS_JS/SYS_ErrHandle.js [end]

[start] [DEBUG] [2026-07-05 20:03:03.876] [SELLER_SChecker] 
The session refresh token in session is : null [end]

[start] [DEBUG] [2026-07-05 20:03:03.930] [SELLER_SChecker] 
The request URI is : /BL6CEWeb/servlets/WSTrxManager [end]

[start] [DEBUG] [2026-07-05 20:03:03.931] [SELLER_SChecker] 
The URI is :/BL6CEWeb/servlets/WSTrxManager [end]

[start] [DEBUG] [2026-07-05 20:03:03.933] [SELLER_SChecker] 
The session refresh token in session is : null [end]

[start] [DEBUG] [2026-07-05 20:03:03.935] [SELLER_SChecker] 
====request content is: 
    Request Type: Temp
Component : DBHelper
Session Context is: 
com.cs.core.utility.SessionContext@b457d881
Request Info Type : com.cs.core.dao.exec.SQLDao
Request Info Content is: 
[01]SELECT C_INACTIVE FROM CEUSER.SEC_USER_INFO WHERE C_USER_ID = 'SChecker' AND C_UNIT_CODE = 'SELLER' 

 [end]

[start] [DEBUG] [2026-07-05 20:03:03.976] [SELLER_SChecker] 
====request content is: 
    Request Type: Temp
Component : DBHelper
Session Context is: 
com.cs.core.utility.SessionContext@b457d881
Request Info Type : com.cs.core.dao.exec.SQLDao
Request Info Content is: 
[01]SELECT C_IS_INFORM FROM CEUSER.SEC_LOGIN_SESSION WHERE C_SESSION_ID = 'Iw6mrtZ5TSS2YzFima0HkrG' 

 [end]

[start] [DEBUG] [2026-07-05 20:03:03.979] [SELLER_SChecker] 
====request content is: 
    Request Type: Temp
Component : DBHelper
Session Context is: 
com.cs.core.utility.SessionContext@8cffa1ec
Request Info Type : com.cs.core.dao.exec.SQLDao
Request Info Content is: 
[01]SELECT C_INACTIVE FROM CEUSER.SEC_USER_INFO WHERE C_USER_ID = 'SChecker' AND C_UNIT_CODE = 'SELLER' 

 [end]

[start] [DEBUG] [2026-07-05 20:03:03.984] [SELLER_SChecker] 
The request URI is : /BL6CEWeb/v1/openapi/mlg/component [end]

[start] [DEBUG] [2026-07-05 20:03:03.985] [SELLER_SChecker] 
The URI is :/BL6CEWeb/v1/openapi/mlg/component [end]

[start] [DEBUG] [2026-07-05 20:03:03.987] [SELLER_SChecker] 
The session refresh token in session is : null [end]

[start] [DEBUG] [2026-07-05 20:03:04.021] [SELLER_SChecker] 

------------------ Session ID : Iw6mrtZ5TSS2YzFima0HkrG --------------------

{com.ibm.websphere.servlet.uri_non_decoded,/BL6CEWeb/servlets/WSTrxManager}

{CHECKED_REFRESH,T}

{JSESSIONID,}

{javax.servlet.forward.query_string, 
CSRFTOKEN=8KAVItF8zFS2804Da9SS679KF2z871C3JO0aA1KsY9F33U04Ds8fOgFiyC016Bhx
_TRX_STATUS=SESSION_LIFE_CYCLE
MOTION_TYPE=INIT
REFRESH_TOKEN=1
AjaxPost=T
}
 [end]

[start] [DEBUG] [2026-07-05 20:03:04.066] [SELLER_SChecker] 
====request content is: 
    Request Type: Temp
Component : DBHelper
Session Context is: 
com.cs.core.utility.SessionContext@2dd0b631
Request Info Type : com.cs.core.dao.exec.SQLDao
Request Info Content is: 
[01]SELECT C_INACTIVE FROM CEUSER.SEC_USER_INFO WHERE C_USER_ID = 'SChecker' AND C_UNIT_CODE = 'SELLER' 

 [end]

[start] [DEBUG] [2026-07-05 20:03:04.072] [SELLER_SChecker] 
The request URI is : /BL6CEWeb/v1/openapi/notice/item/count [end]

[start] [DEBUG] [2026-07-05 20:03:04.073] [SELLER_SChecker] 
The URI is :/BL6CEWeb/v1/openapi/notice/item/count [end]

[start] [DEBUG] [2026-07-05 20:03:04.074] [SELLER_SChecker] 
The session refresh token in session is : null [end]

[start] [DEBUG] [2026-07-05 20:03:04.080] [SELLER_SChecker] 
====request content is: 
    Request Type: Temp
Component : DBHelper
Session Context is: 
com.cs.core.utility.SessionContext@2dd0b631
Request Info Type : com.cs.core.dao.exec.SQLDao
Request Info Content is: 
[01]SELECT COUNT(*) AS RECCOUNT FROM CETRX.STD_NOTIFICATION  WHERE C_NOTI_ID IN ( SELECT C_NOTI_ID FROM CETRX.STD_NOTIFICATION_STATUS  WHERE  C_READ_STATUS = 'F'  AND  C_USER_ID = 'SChecker'  AND  C_UNIT_CODE = 'SELLER'  )

 [end]

[start] [DEBUG] [2026-07-05 20:03:04.090] [SELLER_SChecker] 
====request content is: 
    Request Type: Temp
Component : DBHelper
Session Context is: 
com.cs.core.utility.SessionContext@f49f0a86
Request Info Type : com.cs.core.dao.exec.SQLDao
Request Info Content is: 
[01]SELECT C_INACTIVE FROM CEUSER.SEC_USER_INFO WHERE C_USER_ID = 'SChecker' AND C_UNIT_CODE = 'SELLER' 

 [end]

[start] [DEBUG] [2026-07-05 20:03:04.094] [SELLER_SChecker] 
The request URI is : /BL6CEWeb/v1/openapi/user/roles [end]

[start] [DEBUG] [2026-07-05 20:03:04.096] [SELLER_SChecker] 
The URI is :/BL6CEWeb/v1/openapi/user/roles [end]

[start] [DEBUG] [2026-07-05 20:03:04.097] [SELLER_SChecker] 
The session refresh token in session is : null [end]

[start] [DEBUG] [2026-07-05 20:03:04.112] [SELLER_SChecker] 
====request content is: 
    Request Type: Temp
Component : DBHelper
Session Context is: 
com.cs.core.utility.SessionContext@fbd6de4a
Request Info Type : com.cs.core.dao.exec.SQLDao
Request Info Content is: 
[01]SELECT C_INACTIVE FROM CEUSER.SEC_USER_INFO WHERE C_USER_ID = 'SChecker' AND C_UNIT_CODE = 'SELLER' 

 [end]

[start] [DEBUG] [2026-07-05 20:03:04.137] [SELLER_SChecker] 
====request content is: 
    Request Type: Temp
Component : DBHelper
Session Context is: 
com.cs.core.utility.SessionContext@cf193b9d
Request Info Type : com.cs.core.dao.exec.SQLDao
Request Info Content is: 
[01]SELECT C_INACTIVE FROM CEUSER.SEC_USER_INFO WHERE C_USER_ID = 'SChecker' AND C_UNIT_CODE = 'SELLER' 

 [end]

[start] [DEBUG] [2026-07-05 20:03:04.145] [SELLER_SChecker] 
The request URI is : /BL6CEWeb/v1/openapi/user/fap/action [end]

[start] [DEBUG] [2026-07-05 20:03:04.147] [SELLER_SChecker] 
The URI is :/BL6CEWeb/v1/openapi/user/fap/action [end]

[start] [DEBUG] [2026-07-05 20:03:04.148] [SELLER_SChecker] 
The session refresh token in session is : null [end]

[start] [DEBUG] [2026-07-05 20:03:04.153] [SELLER_SChecker] 
====request content is: 
    Request Type: Temp
Component : DBHelper
Session Context is: 
com.cs.core.utility.SessionContext@cf193b9d
Request Info Type : com.cs.core.dao.exec.SQLDao
Request Info Content is: 
[01]SELECT * FROM CEUSER.SEC_BUSINESS_UNIT WHERE C_UNIT_CODE = 'SELLER' 

 [end]

[start] [DEBUG] [2026-07-05 20:03:04.166] [SELLER_SChecker] 
====request content is: 
    Request Type: Temp
Component : DBHelper
Session Context is: 
com.cs.core.utility.SessionContext@cf193b9d
Request Info Type : com.cs.core.dao.exec.SQLDao
Request Info Content is: 
[01]SELECT C_AUTH_RULE FROM CEUSER.SEC_USER_INFO WHERE C_BK_GROUP_ID = 'CSBANK' AND C_UNIT_CODE = 'SELLER' AND C_USER_ID = 'SChecker' 

 [end]

[start] [DEBUG] [2026-07-05 20:03:04.208] [SELLER_SChecker] 
====request content is: 
    Request Type: Temp
Component : DBHelper
Session Context is: 
com.cs.core.utility.SessionContext@cf193b9d
Request Info Type : com.cs.core.dao.exec.SQLDao
Request Info Content is: 
[01]SELECT C_AUTH_RULE FROM CEUSER.SEC_BUSINESS_UNIT WHERE C_BK_GROUP_ID = 'CSBANK' AND C_UNIT_CODE = 'SELLER' 

 [end]

[start] [DEBUG] [2026-07-05 20:03:04.211] [SELLER_SChecker] 
The request URI is : /BL6CEWeb/v1/openapi/services [end]

[start] [DEBUG] [2026-07-05 20:03:04.213] [SELLER_SChecker] 
The URI is :/BL6CEWeb/v1/openapi/services [end]

[start] [DEBUG] [2026-07-05 20:03:04.215] [SELLER_SChecker] 
The session refresh token in session is : null [end]

[start] [DEBUG] [2026-07-05 20:03:04.262] [SELLER_SChecker] 
====request content is: 
    Request Type: Temp
Component : DBHelper
Session Context is: 
com.cs.core.utility.SessionContext@7d09bbba
Request Info Type : com.cs.core.dao.exec.SQLDao
Request Info Content is: 
[01]SELECT C_INACTIVE FROM CEUSER.SEC_USER_INFO WHERE C_USER_ID = 'SChecker' AND C_UNIT_CODE = 'SELLER' 

 [end]

[start] [DEBUG] [2026-07-05 20:03:04.268] [SELLER_SChecker] 
The request URI is : /BL6CEWeb/v1/openapi/notification/bell [end]

[start] [DEBUG] [2026-07-05 20:03:04.270] [SELLER_SChecker] 
The URI is :/BL6CEWeb/v1/openapi/notification/bell [end]

[start] [DEBUG] [2026-07-05 20:03:04.271] [SELLER_SChecker] 
The session refresh token in session is : null [end]

[start] [DEBUG] [2026-07-05 20:03:04.356] [SELLER_SChecker] 
====request content is: 
    Request Type: Temp
Component : DBHelper
Session Context is: 
com.cs.core.utility.SessionContext@e4adce7f
Request Info Type : com.cs.core.dao.exec.SQLDao
Request Info Content is: 
[01]SELECT C_INACTIVE FROM CEUSER.SEC_USER_INFO WHERE C_USER_ID = 'SChecker' AND C_UNIT_CODE = 'SELLER' 

 [end]

[start] [DEBUG] [2026-07-05 20:03:04.358] [SELLER_SChecker] 
====request content is: 
    Request Type: Temp
Component : DBHelper
Session Context is: 
com.cs.core.utility.SessionContext@fbd6de4a
Request Info Type : com.cs.core.dao.exec.SQLDao
Request Info Content is: 
[01]SELECT C_FUNC_ID,T_OP_TIME FROM CETRX.TRX_FAVOR_FUNC  WHERE  C_UNIT_CODE = 'SELLER'  AND  C_USER_ID = 'SChecker'  ORDER BY  T_OP_TIME DESC 

 [end]

[start] [DEBUG] [2026-07-05 20:03:04.362] [SELLER_SChecker] 
The request URI is : /BL6CEWeb/v1/openapi/widget/page/load [end]

[start] [DEBUG] [2026-07-05 20:03:04.364] [SELLER_SChecker] 
The URI is :/BL6CEWeb/v1/openapi/widget/page/load [end]

[start] [DEBUG] [2026-07-05 20:03:04.366] [SELLER_SChecker] 
The session refresh token in session is : null [end]

[start] [DEBUG] [2026-07-05 20:03:04.372] [SELLER_SChecker] 
====request content is: 
    Request Type: Temp
Component : DBHelper
Session Context is: 
com.cs.core.utility.SessionContext@e4adce7f
Request Info Type : com.cs.core.dao.exec.SQLDao
Request Info Content is: 
[01]SELECT DISTINCT C_WIDGET_NAME FROM CEUSER.SEC_WIDGETS_V2_LIST  WHERE  C_IS_ACTIVE = 'Y'  AND  C_ROLE_NAME IN ('MAKER','CHECKER')  ORDER BY  C_WIDGET_NAME 

 [end]

[start] [DEBUG] [2026-07-05 20:03:04.378] [SELLER_SChecker] 
====request content is: 
    Request Type: Temp
Component : DBHelper
Session Context is: 
com.cs.core.utility.SessionContext@e4adce7f
Request Info Type : com.cs.core.dao.exec.SQLDao
Request Info Content is: 
[01]SELECT TAB.C_TAB_ID,TAB.C_TAB_NAME,TAB.I_TAB_SEQUENCE FROM CEUSER.SEC_WIDGETS_V2_TABS TAB LEFT JOIN CEUSER.SEC_WIDGETS_V2_LAYOUT LYT ON (TAB.C_TAB_ID = LYT.C_TAB_ID AND  TAB.C_UNIT_CODE = LYT.C_UNIT_CODE AND TAB.C_USER_ID = LYT.C_USER_ID )    WHERE  TAB.C_UNIT_CODE = 'SELLER'  AND  TAB.C_USER_ID = 'SChecker'  AND  LYT.C_PAGE_NAME = 'default'  ORDER BY  TAB.I_TAB_SEQUENCE ASC 

 [end]

[start] [DEBUG] [2026-07-05 20:03:04.384] [SELLER_SChecker] 
Start to check whether user role is changed. [end]

[start] [DEBUG] [2026-07-05 20:03:04.431] [SELLER_SChecker] 
====request content is: 
    Request Type: Temp
Component : DBHelper
Session Context is: 
com.cs.core.utility.SessionContext@3fd08435
Request Info Type : com.cs.core.dao.exec.SQLDao
Request Info Content is: 
[01]SELECT C_INACTIVE FROM CEUSER.SEC_USER_INFO WHERE C_USER_ID = 'SChecker' AND C_UNIT_CODE = 'SELLER' 

 [end]

[start] [DEBUG] [2026-07-05 20:03:04.436] [SELLER_SChecker] 
The request URI is : /BL6CEWeb/v1/openapi/widget/list [end]

[start] [DEBUG] [2026-07-05 20:03:04.437] [SELLER_SChecker] 
The URI is :/BL6CEWeb/v1/openapi/widget/list [end]

[start] [DEBUG] [2026-07-05 20:03:04.439] [SELLER_SChecker] 
The session refresh token in session is : null [end]

[start] [DEBUG] [2026-07-05 20:03:04.450] [SELLER_SChecker] 
====request content is: 
    Request Type: Temp
Component : DBHelper
Session Context is: 
com.cs.core.utility.SessionContext@3fd08435
Request Info Type : com.cs.core.dao.exec.SQLDao
Request Info Content is: 
[01]SELECT DISTINCT C_WIDGET_NAME FROM CEUSER.SEC_WIDGETS_V2_LIST  WHERE  C_IS_ACTIVE = 'Y'  AND  C_ROLE_NAME IN ('MAKER','CHECKER')  ORDER BY  C_WIDGET_NAME 

 [end]

[start] [DEBUG] [2026-07-05 20:03:04.529] [SELLER_SChecker] 
====request content is: 
    Request Type: Temp
Component : DBHelper
Session Context is: 
com.cs.core.utility.SessionContext@e4adce7f
Request Info Type : com.cs.core.dao.exec.SQLDao
Request Info Content is: 
[01]SELECT C_LAYOUT_INFO FROM CEUSER.SEC_WIDGETS_V2_LAYOUT  WHERE  C_UNIT_CODE = 'SELLER'  AND  C_USER_ID = 'SChecker'  AND  C_PAGE_NAME = 'default' 

 [end]

[start] [DEBUG] [2026-07-05 20:03:04.558] [SELLER_SChecker] 
Check whether user role is changed end. Result is: false [end]

[start] [DEBUG] [2026-07-05 20:03:04.560] [SELLER_SChecker] 
====request content is: 
    Request Type: Temp
Component : DBHelper
Session Context is: 
com.cs.core.utility.SessionContext@e4adce7f
Request Info Type : com.cs.core.dao.exec.SQLDao
Request Info Content is: 
[01]SELECT TAB.C_TAB_ID,TAB.C_TAB_NAME,TAB.I_TAB_SEQUENCE,LYT.C_LAYOUT_INFO FROM CEUSER.SEC_WIDGETS_V2_TABS TAB LEFT JOIN CEUSER.SEC_WIDGETS_V2_LAYOUT LYT ON (TAB.C_TAB_ID = LYT.C_TAB_ID AND  TAB.C_UNIT_CODE = LYT.C_UNIT_CODE AND TAB.C_USER_ID = LYT.C_USER_ID )    WHERE  TAB.C_UNIT_CODE = 'SELLER'  AND  TAB.C_USER_ID = 'SChecker'  AND  LYT.C_PAGE_NAME = 'default'  ORDER BY  TAB.I_TAB_SEQUENCE ASC 

 [end]

[start] [DEBUG] [2026-07-05 20:03:04.571] [SELLER_SChecker] 
====request content is: 
    Request Type: Temp
Component : DBHelper
Session Context is: 
com.cs.core.utility.SessionContext@e4adce7f
Request Info Type : com.cs.core.dao.exec.SQLDao
Request Info Content is: 
[01]SELECT C_INST_CONFIG FROM CEUSER.SEC_WIDGETS_V2_INST_CONFIG  WHERE  C_INST_ID = '2C928083973EA19601973EA1AD100018'  AND  C_UNIT_CODE = 'SELLER'  AND  C_USER_ID = 'SChecker' 

 [end]

[start] [DEBUG] [2026-07-05 20:03:04.689] [SELLER_SChecker] 
====request content is: 
    Request Type: Temp
Component : DBHelper
Session Context is: 
com.cs.core.utility.SessionContext@e4adce7f
Request Info Type : com.cs.core.dao.exec.SQLDao
Request Info Content is: 
[01]SELECT C_INST_CONFIG FROM CEUSER.SEC_WIDGETS_V2_INST_CONFIG  WHERE  C_INST_ID = '2C928083973EA19601973EA1AD100018'  AND  C_UNIT_CODE = 'SELLER'  AND  C_USER_ID = 'SChecker' 

 [end]

[start] [DEBUG] [2026-07-05 20:03:04.698] [SELLER_SChecker] 
====request content is: 
    Request Type: Temp
Component : DBHelper
Session Context is: 
com.cs.core.utility.SessionContext@e4adce7f
Request Info Type : com.cs.core.dao.exec.SQLDao
Request Info Content is: 
[01]SELECT C_INST_CONFIG FROM CEUSER.SEC_WIDGETS_V2_INST_CONFIG  WHERE  C_INST_ID = '2C928083973EA19601973EA1AD14001B'  AND  C_UNIT_CODE = 'SELLER'  AND  C_USER_ID = 'SChecker' 

 [end]

[start] [DEBUG] [2026-07-05 20:03:04.705] [SELLER_SChecker] 
====request content is: 
    Request Type: Temp
Component : DBHelper
Session Context is: 
com.cs.core.utility.SessionContext@e4adce7f
Request Info Type : com.cs.core.dao.exec.SQLDao
Request Info Content is: 
[01]SELECT C_INST_CONFIG FROM CEUSER.SEC_WIDGETS_V2_INST_CONFIG  WHERE  C_INST_ID = '2C928083973EA19601973EA1AD14001B'  AND  C_UNIT_CODE = 'SELLER'  AND  C_USER_ID = 'SChecker' 

 [end]

[start] [DEBUG] [2026-07-05 20:03:04.714] [SELLER_SChecker] 
====request content is: 
    Request Type: Temp
Component : DBHelper
Session Context is: 
com.cs.core.utility.SessionContext@e4adce7f
Request Info Type : com.cs.core.dao.exec.SQLDao
Request Info Content is: 
[01]SELECT C_INST_CONFIG FROM CEUSER.SEC_WIDGETS_V2_INST_CONFIG  WHERE  C_INST_ID = '2C928083973EA19601973EA1AD110019'  AND  C_UNIT_CODE = 'SELLER'  AND  C_USER_ID = 'SChecker' 

 [end]

[start] [DEBUG] [2026-07-05 20:03:04.721] [SELLER_SChecker] 
====request content is: 
    Request Type: Temp
Component : DBHelper
Session Context is: 
com.cs.core.utility.SessionContext@e4adce7f
Request Info Type : com.cs.core.dao.exec.SQLDao
Request Info Content is: 
[01]SELECT C_INST_CONFIG FROM CEUSER.SEC_WIDGETS_V2_INST_CONFIG  WHERE  C_INST_ID = '2C928083973EA19601973EA1AD110019'  AND  C_UNIT_CODE = 'SELLER'  AND  C_USER_ID = 'SChecker' 

 [end]

[start] [DEBUG] [2026-07-05 20:03:04.729] [SELLER_SChecker] 
====request content is: 
    Request Type: Temp
Component : DBHelper
Session Context is: 
com.cs.core.utility.SessionContext@e4adce7f
Request Info Type : com.cs.core.dao.exec.SQLDao
Request Info Content is: 
[01]SELECT C_INST_CONFIG FROM CEUSER.SEC_WIDGETS_V2_INST_CONFIG  WHERE  C_INST_ID = '2C928083973EA19601973EA1AD17001C'  AND  C_UNIT_CODE = 'SELLER'  AND  C_USER_ID = 'SChecker' 

 [end]

[start] [DEBUG] [2026-07-05 20:03:04.736] [SELLER_SChecker] 
====request content is: 
    Request Type: Temp
Component : DBHelper
Session Context is: 
com.cs.core.utility.SessionContext@e4adce7f
Request Info Type : com.cs.core.dao.exec.SQLDao
Request Info Content is: 
[01]SELECT C_INST_CONFIG FROM CEUSER.SEC_WIDGETS_V2_INST_CONFIG  WHERE  C_INST_ID = '2C928083973EA19601973EA1AD17001C'  AND  C_UNIT_CODE = 'SELLER'  AND  C_USER_ID = 'SChecker' 

 [end]

[start] [DEBUG] [2026-07-05 20:03:04.744] [SELLER_SChecker] 
====request content is: 
    Request Type: Temp
Component : DBHelper
Session Context is: 
com.cs.core.utility.SessionContext@e4adce7f
Request Info Type : com.cs.core.dao.exec.SQLDao
Request Info Content is: 
[01]SELECT C_INST_CONFIG FROM CEUSER.SEC_WIDGETS_V2_INST_CONFIG  WHERE  C_INST_ID = '2C928083973EA19601973EA1AD13001A'  AND  C_UNIT_CODE = 'SELLER'  AND  C_USER_ID = 'SChecker' 

 [end]

[start] [DEBUG] [2026-07-05 20:03:04.750] [SELLER_SChecker] 
====request content is: 
    Request Type: Temp
Component : DBHelper
Session Context is: 
com.cs.core.utility.SessionContext@e4adce7f
Request Info Type : com.cs.core.dao.exec.SQLDao
Request Info Content is: 
[01]SELECT C_INST_CONFIG FROM CEUSER.SEC_WIDGETS_V2_INST_CONFIG  WHERE  C_INST_ID = '2C928083973EA19601973EA1AD13001A'  AND  C_UNIT_CODE = 'SELLER'  AND  C_USER_ID = 'SChecker' 

 [end]

[start] [DEBUG] [2026-07-05 20:03:04.806] [SELLER_SChecker] 
====request content is: 
    Request Type: Temp
Component : DBHelper
Session Context is: 
com.cs.core.utility.SessionContext@4a7b0897
Request Info Type : com.cs.core.dao.exec.SQLDao
Request Info Content is: 
[01]SELECT C_INACTIVE FROM CEUSER.SEC_USER_INFO WHERE C_USER_ID = 'SChecker' AND C_UNIT_CODE = 'SELLER' 

 [end]

[start] [DEBUG] [2026-07-05 20:03:04.811] [SELLER_SChecker] 
The request URI is : /BL6CEWeb/v1/openapi/user/roles [end]

[start] [DEBUG] [2026-07-05 20:03:04.813] [SELLER_SChecker] 
The URI is :/BL6CEWeb/v1/openapi/user/roles [end]

[start] [DEBUG] [2026-07-05 20:03:04.814] [SELLER_SChecker] 
The session refresh token in session is : null [end]

[start] [DEBUG] [2026-07-05 20:03:04.816] [SELLER_SChecker] 
====request content is: 
    Request Type: Temp
Component : DBHelper
Session Context is: 
com.cs.core.utility.SessionContext@b91e512a
Request Info Type : com.cs.core.dao.exec.SQLDao
Request Info Content is: 
[01]SELECT C_INACTIVE FROM CEUSER.SEC_USER_INFO WHERE C_USER_ID = 'SChecker' AND C_UNIT_CODE = 'SELLER' 

 [end]

[start] [DEBUG] [2026-07-05 20:03:04.822] [SELLER_SChecker] 
The request URI is : /BL6CEWeb/v1/openapi/mainmenu [end]

[start] [DEBUG] [2026-07-05 20:03:04.823] [SELLER_SChecker] 
The URI is :/BL6CEWeb/v1/openapi/mainmenu [end]

[start] [DEBUG] [2026-07-05 20:03:04.824] [SELLER_SChecker] 
The session refresh token in session is : null [end]

[start] [DEBUG] [2026-07-05 20:03:04.853] [SELLER_SChecker] 
Action target is :F05030701228 [end]

[start] [DEBUG] [2026-07-05 20:03:04.854] [SELLER_SChecker] 
Action type is :function [end]

[start] [DEBUG] [2026-07-05 20:03:04.860] [SELLER_SChecker] 
====request content is: 
    Request Type: Temp
Component : DBHelper
Session Context is: 
com.cs.core.utility.SessionContext@f058866c
Request Info Type : com.cs.core.dao.exec.SQLDao
Request Info Content is: 
[01]SELECT C_INACTIVE FROM CEUSER.SEC_USER_INFO WHERE C_USER_ID = 'SChecker' AND C_UNIT_CODE = 'SELLER' 

 [end]

[start] [DEBUG] [2026-07-05 20:03:04.862] [SELLER_SChecker] 
Action target is :Party [end]

[start] [DEBUG] [2026-07-05 20:03:04.863] [SELLER_SChecker] 
Action type is :catalog [end]

[start] [DEBUG] [2026-07-05 20:03:04.904] [SELLER_SChecker] 
The request URI is : /BL6CEWeb/v1/openapi/widget/favourites/inquire [end]

[start] [DEBUG] [2026-07-05 20:03:04.905] [SELLER_SChecker] 
The URI is :/BL6CEWeb/v1/openapi/widget/favourites/inquire [end]

[start] [DEBUG] [2026-07-05 20:03:04.906] [SELLER_SChecker] 
The session refresh token in session is : null [end]

[start] [DEBUG] [2026-07-05 20:03:04.949] [SELLER_SChecker] 
====request content is: 
    Request Type: Temp
Component : DBHelper
Session Context is: 
com.cs.core.utility.SessionContext@f058866c
Request Info Type : com.cs.core.dao.exec.SQLDao
Request Info Content is: 
[01]SELECT C_FUNC_ID,T_OP_TIME FROM CETRX.TRX_FAVOR_FUNC  WHERE  C_UNIT_CODE = 'SELLER'  AND  C_USER_ID = 'SChecker'  ORDER BY  T_OP_TIME DESC 

 [end]

[start] [DEBUG] [2026-07-05 20:03:04.954] [SELLER_SChecker] 
Action target is :Clause [end]

[start] [DEBUG] [2026-07-05 20:03:04.955] [SELLER_SChecker] 
====request content is: 
    Request Type: Temp
Component : DBHelper
Session Context is: 
com.cs.core.utility.SessionContext@40b3f204
Request Info Type : com.cs.core.dao.exec.SQLDao
Request Info Content is: 
[01]SELECT C_INACTIVE FROM CEUSER.SEC_USER_INFO WHERE C_USER_ID = 'SChecker' AND C_UNIT_CODE = 'SELLER' 

 [end]

[start] [DEBUG] [2026-07-05 20:03:04.955] [SELLER_SChecker] 
Action type is :catalog [end]

[start] [DEBUG] [2026-07-05 20:03:04.959] [SELLER_SChecker] 
The request URI is : /BL6CEWeb/v1/openapi/widget/recentfunctions/view [end]

[start] [DEBUG] [2026-07-05 20:03:04.961] [SELLER_SChecker] 
The URI is :/BL6CEWeb/v1/openapi/widget/recentfunctions/view [end]

[start] [DEBUG] [2026-07-05 20:03:04.962] [SELLER_SChecker] 
The session refresh token in session is : null [end]

[start] [DEBUG] [2026-07-05 20:03:04.963] [SELLER_SChecker] 
Action target is :AccountMaintain [end]

[start] [DEBUG] [2026-07-05 20:03:04.964] [SELLER_SChecker] 
Action type is :catalog [end]

[start] [DEBUG] [2026-07-05 20:03:04.967] [SELLER_SChecker] 
====request content is: 
    Request Type: Temp
Component : DBHelper
Session Context is: 
com.cs.core.utility.SessionContext@40b3f204
Request Info Type : com.cs.core.dao.exec.SQLDao
Request Info Content is: 
[01]SELECT C_IS_ACTIVE FROM CEUSER.SEC_WIDGETS_V2_LIST  WHERE  C_WIDGET_NAME = 'ShortcutMenu'  AND  C_ROLE_NAME IN ('MAKER','CHECKER') 

 [end]

[start] [DEBUG] [2026-07-05 20:03:04.973] [SELLER_SChecker] 
====request content is: 
    Request Type: Temp
Component : DBHelper
Session Context is: 
com.cs.core.utility.SessionContext@40b3f204
Request Info Type : com.cs.core.dao.exec.SQLDao
Request Info Content is: 
[01]SELECT C_FUNC_ID,C_MODULE FROM CETRX.TRX_ACT_LOG WHERE C_FUNC_ID IS NOT NULL AND C_UNIT_CODE = 'SELLER' AND C_USER_ID = 'SChecker' AND D_SYS_OP_DATE BETWEEN TO_DATE('2026-06-05','yyyy-MM-dd') AND TO_DATE('2026-07-05','yyyy-MM-dd') ORDER BY D_SYS_OP_DATE DESC,T_SYS_OP_TIME DESC

 [end]

[start] [DEBUG] [2026-07-05 20:03:04.979] [SELLER_SChecker] 
====request content is: 
    Request Type: Temp
Component : DBHelper
Session Context is: 
com.cs.core.utility.SessionContext@5aa95831
Request Info Type : com.cs.core.dao.exec.SQLDao
Request Info Content is: 
[01]SELECT C_INACTIVE FROM CEUSER.SEC_USER_INFO WHERE C_USER_ID = 'SChecker' AND C_UNIT_CODE = 'SELLER' 

 [end]

[start] [DEBUG] [2026-07-05 20:03:04.983] [SELLER_SChecker] 
The request URI is : /BL6CEWeb/v1/openapi/ctaction/count [end]

[start] [DEBUG] [2026-07-05 20:03:04.984] [SELLER_SChecker] 
The URI is :/BL6CEWeb/v1/openapi/ctaction/count [end]

[start] [DEBUG] [2026-07-05 20:03:04.985] [SELLER_SChecker] 
The session refresh token in session is : null [end]

[start] [DEBUG] [2026-07-05 20:03:04.990] [SELLER_SChecker] 
The Catalog Object SQL is :SELECT DISTINCT T1.C_BK_GROUP_ID, T1.C_MAIN_REF, T1.C_TRX_REF, T1.C_UNIT_CODE, T1.PARENT_MAIN_REF, T1.C_TRX_STATUS, T1.CURRNT_STATUS, T1.C2A_STATUS, T1.I_EVENT_TIMES, T1.C_MODULE, T1.C_FUNC_ID, T1.C_PRODUCT_ID, T1.C_TRX_ID, T3.C_LOCKED_FLAG, T3.C_LOCKED_OP, T3.C_USER_DESC, T1.D_SYS_OP_DATE, T1.T_SYS_OP_TIME, T1.C2A_CCY, T1.C2A_AMOUNT, T1.C2A_COUNTERPARTY FROM CETRX.TRX_INBOX T1 LEFT JOIN CETRX.TRX_NEXT_FUNC T2 ON T1.C_PRODUCT_ID = T2.C_PRODUCT_ID AND T1.C2A_STATUS = T2.C2A_STATUS AND T1.C_TRX_STATUS = T2.C_TRX_STATUS LEFT JOIN CETRX.TRX_LOCK_INFO T3 ON T1.C_MAIN_REF = T3.C_MAIN_REF AND T1.C_UNIT_CODE = T3.C_UNIT_CODE WHERE (T2.C_NEXT_FUNC_ID IN (SELECT C_FUNC_ID FROM CEUSER.SEC_OP_FUNC WHERE C_USER_ID = ? AND C_GRP_CODE = ? AND C_UNIT_CODE = T1.C_UNIT_CODE) OR T2.C_NEXT_FUNC_ID IN (SELECT C_FUNC_ID FROM CEUSER.SEC_OP_FUNC WHERE C_GRP_CODE = ? AND C_USER_ID IN (SELECT C_ROLE_ID FROM CEUSER.SEC_USER_ROLE WHERE C_USER_ID = ? AND C_GRP_CODE = ?) AND C_UNIT_CODE = T1.C_UNIT_CODE)) AND (T1.C_TRX_STATUS = 'R' OR T1.C2A_STATUS IN ('Rejected by bank', 'Discrepancy notification', 'Document received') AND T1.C_TRX_STATUS = 'M' OR T1.C2A_STATUS IN ('Amendment(Detrimental)_fully authorized', 'Document discrepancy_fully authorized') AND T1.C_TRX_STATUS = 'A') AND T1.C_TRX_ID NOT IN (SELECT C_TRX_ID FROM CETRX.TRX_USER_DISMISS WHERE C_USER_ID = ? AND C_GRP_CODE = ?) AND (T1.C_MODULE = 'IMLC' OR T1.C_MODULE = 'EXLC' OR T1.C_MODULE = 'FAEF' OR T1.C_MODULE = 'FADA' OR T1.C_MODULE = 'TSUM' OR T1.C_MODULE = 'ABLF' OR T1.C_MODULE = 'UPLD') ORDER BY T1.D_SYS_OP_DATE DESC, T1.T_SYS_OP_TIME DESC [end]

[start] [DEBUG] [2026-07-05 20:03:05.009] [SELLER_SChecker] 
====request content is: 
    Request Type: Temp
Component : DBHelper
Session Context is: 
com.cs.core.utility.SessionContext@5aa95831
Request Info Type : com.cs.core.dao.exec.SQLDao
Request Info Content is: 
[01]SELECT COUNT(*) FROM (SELECT DISTINCT T1.C_BK_GROUP_ID, T1.C_MAIN_REF, T1.C_TRX_REF, T1.C_UNIT_CODE, T1.PARENT_MAIN_REF, T1.C_TRX_STATUS, T1.CURRNT_STATUS, T1.C2A_STATUS, T1.I_EVENT_TIMES, T1.C_MODULE, T1.C_FUNC_ID, T1.C_PRODUCT_ID, T1.C_TRX_ID, T3.C_LOCKED_FLAG, T3.C_LOCKED_OP, T3.C_USER_DESC, T1.D_SYS_OP_DATE, T1.T_SYS_OP_TIME, T1.C2A_CCY, T1.C2A_AMOUNT, T1.C2A_COUNTERPARTY FROM CETRX.TRX_INBOX T1 LEFT JOIN CETRX.TRX_NEXT_FUNC T2 ON T1.C_PRODUCT_ID = T2.C_PRODUCT_ID AND T1.C2A_STATUS = T2.C2A_STATUS AND T1.C_TRX_STATUS = T2.C_TRX_STATUS LEFT JOIN CETRX.TRX_LOCK_INFO T3 ON T1.C_MAIN_REF = T3.C_MAIN_REF AND T1.C_UNIT_CODE = T3.C_UNIT_CODE WHERE   T1.C_BK_GROUP_ID = 'CSBANK'  AND (( T1.C_UNIT_CODE = 'SELLER'  AND  T1.C_PRODUCT_ID = 'P08071500003' )) AND (T2.C_NEXT_FUNC_ID IN (SELECT C_FUNC_ID FROM CEUSER.SEC_OP_FUNC WHERE C_USER_ID = 'SChecker' AND C_GRP_CODE = 'SELLER' AND C_UNIT_CODE = T1.C_UNIT_CODE) OR T2.C_NEXT_FUNC_ID IN (SELECT C_FUNC_ID FROM CEUSER.SEC_OP_FUNC WHERE C_GRP_CODE = 'SELLER' AND C_USER_ID IN (SELECT C_ROLE_ID FROM CEUSER.SEC_USER_ROLE WHERE C_USER_ID = 'SChecker' AND C_GRP_CODE = 'SELLER') AND C_UNIT_CODE = T1.C_UNIT_CODE)) AND (T1.C_TRX_STATUS = 'R' OR T1.C2A_STATUS IN ('Rejected by bank', 'Discrepancy notification', 'Document received') AND T1.C_TRX_STATUS = 'M' OR T1.C2A_STATUS IN ('Amendment(Detrimental)_fully authorized', 'Document discrepancy_fully authorized') AND T1.C_TRX_STATUS = 'A') AND T1.C_TRX_ID NOT IN (SELECT C_TRX_ID FROM CETRX.TRX_USER_DISMISS WHERE C_USER_ID = 'SChecker' AND C_GRP_CODE = 'SELLER') AND (T1.C_MODULE = 'IMLC' OR T1.C_MODULE = 'EXLC' OR T1.C_MODULE = 'FAEF' OR T1.C_MODULE = 'FADA' OR T1.C_MODULE = 'TSUM' OR T1.C_MODULE = 'ABLF' OR T1.C_MODULE = 'UPLD') ORDER BY T1.D_SYS_OP_DATE DESC, T1.T_SYS_OP_TIME DESC)

 [end]

[start] [DEBUG] [2026-07-05 20:03:05.021] [SELLER_SChecker] 
The Catalog Object SQL is :SELECT T1.C_BK_GROUP_ID, T1.C_MAIN_REF, T1.C_TRX_REF, T1.C_UNIT_CODE, T1.PARENT_MAIN_REF, T1.C_TRX_STATUS, T1.CURRNT_STATUS, T1.C2A_STATUS, T1.I_EVENT_TIMES, T1.C_MODULE, T1.C_FUNC_ID, T1.C_PRODUCT_ID, T1.C_TRX_ID, T3.C_LOCKED_FLAG, T3.C_LOCKED_OP, T3.C_USER_DESC, T1.D_SYS_OP_DATE, T1.T_SYS_OP_TIME, T1.C2A_CCY, T1.C2A_AMOUNT, T1.C2A_COUNTERPARTY FROM CETRX.TRX_INBOX T1 LEFT JOIN CETRX.TRX_LOCK_INFO T3 ON T1.C_MAIN_REF = T3.C_MAIN_REF AND T1.C_UNIT_CODE = T3.C_UNIT_CODE WHERE (T1.C_TRX_STATUS IN ('P', 'T', 'A', 'S', 'R') AND (T1.C_MODULE = 'IMLC' OR T1.C_MODULE = 'EXLC' OR T1.C_MODULE = 'FAEF' OR T1.C_MODULE = 'FADA' OR T1.C_MODULE = 'ABLF') AND T1.C2A_STATUS NOT IN ('Discrepancies rejected_fully authorized') OR T1.C_TRX_STATUS = 'M' AND (T1.C_MODULE = 'IMLC' AND T1.C2A_STATUS NOT IN ('Issued', 'Amended', 'Beneficiary rejected', 'Settled') OR T1.C_MODULE = 'EXCO' AND T1.CURRNT_STATUS NOT IN ('Payment Advice') OR T1.C_MODULE = 'EXLC' AND T1.CURRNT_STATUS NOT IN ('Settled', 'Advise Received', 'Amendment Received', 'Docment Received') OR T1.C_MODULE = 'FAEF' AND T1.CURRNT_STATUS NOT IN ('Settled', 'Advise Received') OR T1.C_MODULE = 'FADA' AND T1.CURRNT_STATUS NOT IN ('Settled', 'Advise Received') OR T1.C_MODULE = 'ABLF' AND T1.CURRNT_STATUS NOT IN ('Settled', 'Advise Received'))) AND T1.C_TRX_ID NOT IN (SELECT C_TRX_ID FROM CETRX.TRX_USER_DISMISS WHERE C_USER_ID = ? AND C_GRP_CODE = ?) AND (T1.C_MODULE = 'IMLC' OR T1.C_MODULE = 'EXLC' OR T1.C_MODULE = 'FAEF' OR T1.C_MODULE = 'FADA' OR T1.C_MODULE = 'ABLF') ORDER BY T1.D_SYS_OP_DATE DESC, T1.T_SYS_OP_TIME DESC [end]

[start] [DEBUG] [2026-07-05 20:03:05.024] [SELLER_SChecker] 
====request content is: 
    Request Type: Temp
Component : DBHelper
Session Context is: 
com.cs.core.utility.SessionContext@5aa95831
Request Info Type : com.cs.core.dao.exec.SQLDao
Request Info Content is: 
[01]SELECT COUNT(*) FROM CETRX.TRX_INBOX T1 LEFT JOIN CETRX.TRX_LOCK_INFO T3 ON T1.C_MAIN_REF = T3.C_MAIN_REF AND T1.C_UNIT_CODE = T3.C_UNIT_CODE WHERE   T1.C_BK_GROUP_ID = 'CSBANK'  AND (( T1.C_UNIT_CODE = 'SELLER'  AND  T1.C_PRODUCT_ID = 'P08071500003' )) AND (T1.C_TRX_STATUS IN ('P', 'T', 'A', 'S', 'R') AND (T1.C_MODULE = 'IMLC' OR T1.C_MODULE = 'EXLC' OR T1.C_MODULE = 'FAEF' OR T1.C_MODULE = 'FADA' OR T1.C_MODULE = 'ABLF') AND T1.C2A_STATUS NOT IN ('Discrepancies rejected_fully authorized') OR T1.C_TRX_STATUS = 'M' AND (T1.C_MODULE = 'IMLC' AND T1.C2A_STATUS NOT IN ('Issued', 'Amended', 'Beneficiary rejected', 'Settled') OR T1.C_MODULE = 'EXCO' AND T1.CURRNT_STATUS NOT IN ('Payment Advice') OR T1.C_MODULE = 'EXLC' AND T1.CURRNT_STATUS NOT IN ('Settled', 'Advise Received', 'Amendment Received', 'Docment Received') OR T1.C_MODULE = 'FAEF' AND T1.CURRNT_STATUS NOT IN ('Settled', 'Advise Received') OR T1.C_MODULE = 'FADA' AND T1.CURRNT_STATUS NOT IN ('Settled', 'Advise Received') OR T1.C_MODULE = 'ABLF' AND T1.CURRNT_STATUS NOT IN ('Settled', 'Advise Received'))) AND T1.C_TRX_ID NOT IN (SELECT C_TRX_ID FROM CETRX.TRX_USER_DISMISS WHERE C_USER_ID = 'SChecker' AND C_GRP_CODE = 'SELLER') AND (T1.C_MODULE = 'IMLC' OR T1.C_MODULE = 'EXLC' OR T1.C_MODULE = 'FAEF' OR T1.C_MODULE = 'FADA' OR T1.C_MODULE = 'ABLF')

 [end]

[start] [DEBUG] [2026-07-05 20:03:05.025] [SELLER_SChecker] 
Action target is :EmailGroup [end]

[start] [DEBUG] [2026-07-05 20:03:05.026] [SELLER_SChecker] 
Action type is :catalog [end]

[start] [DEBUG] [2026-07-05 20:03:05.030] [SELLER_SChecker] 
Action target is :F05030701115 [end]

[start] [DEBUG] [2026-07-05 20:03:05.031] [SELLER_SChecker] 
Action type is :function [end]

[start] [DEBUG] [2026-07-05 20:03:05.033] [SELLER_SChecker] 
Action target is :Label [end]

[start] [DEBUG] [2026-07-05 20:03:05.034] [SELLER_SChecker] 
Action type is :catalog [end]

[start] [DEBUG] [2026-07-05 20:03:05.102] [SELLER_SChecker] 
====request content is: 
    Request Type: Temp
Component : DBHelper
Session Context is: 
com.cs.core.utility.SessionContext@806d3811
Request Info Type : com.cs.core.dao.exec.SQLDao
Request Info Content is: 
[01]SELECT C_INACTIVE FROM CEUSER.SEC_USER_INFO WHERE C_USER_ID = 'SChecker' AND C_UNIT_CODE = 'SELLER' 

 [end]

[start] [DEBUG] [2026-07-05 20:03:05.108] [SELLER_SChecker] 
The request URI is : /BL6CEWeb/v1/openapi/calendar-event/event-list [end]

[start] [DEBUG] [2026-07-05 20:03:05.109] [SELLER_SChecker] 
The URI is :/BL6CEWeb/v1/openapi/calendar-event/event-list [end]

[start] [DEBUG] [2026-07-05 20:03:05.110] [SELLER_SChecker] 
The session refresh token in session is : null [end]

[start] [ERROR] [2026-07-05 20:03:05.120] [SELLER_SChecker] 
{{W}}[000334]Access is not allowed. Please contact the product support team. [end]

[start] [ERROR] [2026-07-05 20:03:05.125] [SELLER_SChecker] 
{{W}}[000334]Access is not allowed. Please contact the product support team. [end]

[start] [DEBUG] [2026-07-05 20:03:05.126] [SELLER_SChecker] 
====request content is: 
    Request Type: Temp
Component : DBHelper
Session Context is: 
com.cs.core.utility.SessionContext@806d3811
Request Info Type : com.cs.core.dao.exec.SQLDao
Request Info Content is: 
[01]SELECT EXPIRY_DT AS GROUP_DATE, COUNT(*) AS ASCOUNT FROM (SELECT C_PRODUCT_ID, C_MAIN_REF, C_TRX_REF, I_EVENT_TIMES, C_BK_GROUP_ID, C_UNIT_CODE, ADV_NO, APPL_NM, BENE_NM, PARENT_MAIN_REF, LC_CCY, LC_AMT, ISSUE_DT, EXPIRY_DT, CURRNT_STATUS, C_TRX_STATUS, D_CREA_DATE FROM CETRX.EXLC_EM_ADV WHERE   C_BK_GROUP_ID = 'CSBANK'  AND (( C_UNIT_CODE = 'SELLER'  AND  C_PRODUCT_ID = 'P08071500003' )) AND C_TRX_STATUS IN ('P', 'A', 'T', 'R', 'M') AND EXPIRY_DT >= TO_DATE('2026-01-01', 'YYYY-MM-DD') AND EXPIRY_DT <= TO_DATE('2026-12-31', 'YYYY-MM-DD') ) TEMP_TABLE GROUP BY EXPIRY_DT

 [end]

[start] [ERROR] [2026-07-05 20:03:05.135] [SELLER_SChecker] 
{{W}}[000334]Access is not allowed. Please contact the product support team. [end]

[start] [DEBUG] [2026-07-05 20:03:05.153] [SELLER_SChecker] 
====request content is: 
    Request Type: Temp
Component : DBHelper
Session Context is: 
com.cs.core.utility.SessionContext@d3a42d6
Request Info Type : com.cs.core.dao.exec.SQLDao
Request Info Content is: 
[01]SELECT C_INACTIVE FROM CEUSER.SEC_USER_INFO WHERE C_USER_ID = 'SChecker' AND C_UNIT_CODE = 'SELLER' 

 [end]

[start] [DEBUG] [2026-07-05 20:03:05.159] [SELLER_SChecker] 
The request URI is : /BL6CEWeb/v1/openapi/reports/list [end]

[start] [DEBUG] [2026-07-05 20:03:05.160] [SELLER_SChecker] 
The URI is :/BL6CEWeb/v1/openapi/reports/list [end]

[start] [DEBUG] [2026-07-05 20:03:05.162] [SELLER_SChecker] 
The session refresh token in session is : null [end]

[start] [DEBUG] [2026-07-05 20:03:05.168] [SELLER_SChecker] 
Access the endPoint '/reports/list'.
The request body is :{"data":{"type":"Pinned"}} [end]

[start] [DEBUG] [2026-07-05 20:03:05.170] [SELLER_SChecker] 
====request content is: 
    Request Type: Temp
Component : DBHelper
Session Context is: 
com.cs.core.utility.SessionContext@d3a42d6
Request Info Type : com.cs.core.dao.exec.SQLDao
Request Info Content is: 
[01]SELECT A.C_REPORT_ID,A.C_GRP_CODE,A.C_USER_ID,A.T_PIN_DATE,B.C_SOURCE_REPORT,B.C_REPORT_NAME,B.T_UPDATE_DATE,C.C_USER_DESC FROM CETRX.TRX_USER_REPORT_PIN A LEFT JOIN CETRX.TRX_USER_REPORT B ON A.C_REPORT_ID = B.C_REPORT_ID  LEFT JOIN CEUSER.SEC_USER_INFO C ON A.C_GRP_CODE = C.C_UNIT_CODE AND A.C_USER_ID = C.C_USER_ID  WHERE  A.C_GRP_CODE = 'SELLER'  AND  A.C_USER_ID = 'SChecker'  ORDER BY B.T_UPDATE_DATE DESC

 [end]

[start] [DEBUG] [2026-07-05 20:03:05.181] [SELLER_SChecker] 
====request content is: 
    Request Type: Temp
Component : DBHelper
Session Context is: 
com.cs.core.utility.SessionContext@44c6bda
Request Info Type : com.cs.core.dao.exec.SQLDao
Request Info Content is: 
[01]SELECT C_INACTIVE FROM CEUSER.SEC_USER_INFO WHERE C_USER_ID = 'SChecker' AND C_UNIT_CODE = 'SELLER' 

 [end]

[start] [DEBUG] [2026-07-05 20:03:05.184] [SELLER_SChecker] 
The Catalog Object SQL is :SELECT T1.C_BK_GROUP_ID, T1.C_MAIN_REF, T1.C_TRX_REF, T1.C_UNIT_CODE, T1.PARENT_MAIN_REF, T1.C_TRX_STATUS, T1.CURRNT_STATUS, (CASE WHEN T1.C_MODULE = 'FADA' OR T1.C_MODULE = 'FAEF' THEN T1.C_TRX_STATUS ELSE T1.C2A_STATUS END) C2A_STATUS, T1.I_EVENT_TIMES, T1.C_MODULE, T1.C_FUNC_ID, T1.C_PRODUCT_ID, T1.C_TRX_ID, T3.C_LOCKED_FLAG, T3.C_LOCKED_OP, T3.C_USER_DESC, T1.D_SYS_OP_DATE, T1.T_SYS_OP_TIME, T1.C2A_CCY, T1.C2A_AMOUNT, T1.C2A_COUNTERPARTY FROM CETRX.TRX_INBOX T1 LEFT JOIN CETRX.TRX_LOCK_INFO T3 ON T1.C_MAIN_REF = T3.C_MAIN_REF AND T1.C_UNIT_CODE = T3.C_UNIT_CODE WHERE (T1.C2A_STATUS IN ('Issued', 'Amended', 'Beneficiary rejected', 'Discrepancies rejected_fully authorized', 'Settled') AND T1.C_MODULE = 'IMLC' OR T1.CURRNT_STATUS IN ('Issued', 'Amended', 'Detrimental Amendment', 'Beneficiary Consent', 'Beneficiary Rejected', 'Document Presentation', 'Document Presentation', 'Settlement', 'Settled') AND T1.C_MODULE = 'EXCO' OR T1.C2A_STATUS IN ('Settled', 'Amendment_fully authorized', '') AND T1.C_MODULE = 'EXLC' OR T1.C_FUNC_ID IN ('F05030700899', 'F05030700901', 'F05030700908') AND T1.C2A_STATUS = 'Fully authorized' AND T1.C_MODULE = 'EXLC' OR T1.C_MODULE = 'FADA' OR T1.C_MODULE = 'FAEF') AND T1.C_TRX_STATUS IN ('M', 'A', 'S') AND T1.C_TRX_ID NOT IN (SELECT C_TRX_ID FROM CETRX.TRX_USER_DISMISS WHERE C_USER_ID = ? AND C_GRP_CODE = ?) AND (T1.C_MODULE = 'IMLC' OR T1.C_MODULE = 'EXLC' OR T1.C_MODULE = 'FADA' OR T1.C_MODULE = 'FAEF') ORDER BY T1.D_SYS_OP_DATE DESC, T1.T_SYS_OP_TIME DESC, T1.PARENT_MAIN_REF DESC [end]

[start] [DEBUG] [2026-07-05 20:03:05.187] [SELLER_SChecker] 
====request content is: 
    Request Type: Temp
Component : DBHelper
Session Context is: 
com.cs.core.utility.SessionContext@5aa95831
Request Info Type : com.cs.core.dao.exec.SQLDao
Request Info Content is: 
[01]SELECT COUNT(*) FROM CETRX.TRX_INBOX T1 LEFT JOIN CETRX.TRX_LOCK_INFO T3 ON T1.C_MAIN_REF = T3.C_MAIN_REF AND T1.C_UNIT_CODE = T3.C_UNIT_CODE WHERE   T1.C_BK_GROUP_ID = 'CSBANK'  AND (( T1.C_UNIT_CODE = 'SELLER'  AND  T1.C_PRODUCT_ID = 'P08071500003' )) AND (T1.C2A_STATUS IN ('Issued', 'Amended', 'Beneficiary rejected', 'Discrepancies rejected_fully authorized', 'Settled') AND T1.C_MODULE = 'IMLC' OR T1.CURRNT_STATUS IN ('Issued', 'Amended', 'Detrimental Amendment', 'Beneficiary Consent', 'Beneficiary Rejected', 'Document Presentation', 'Document Presentation', 'Settlement', 'Settled') AND T1.C_MODULE = 'EXCO' OR T1.C2A_STATUS IN ('Settled', 'Amendment_fully authorized', '') AND T1.C_MODULE = 'EXLC' OR T1.C_FUNC_ID IN ('F05030700899', 'F05030700901', 'F05030700908') AND T1.C2A_STATUS = 'Fully authorized' AND T1.C_MODULE = 'EXLC' OR T1.C_MODULE = 'FADA' OR T1.C_MODULE = 'FAEF') AND T1.C_TRX_STATUS IN ('M', 'A', 'S') AND T1.C_TRX_ID NOT IN (SELECT C_TRX_ID FROM CETRX.TRX_USER_DISMISS WHERE C_USER_ID = 'SChecker' AND C_GRP_CODE = 'SELLER') AND (T1.C_MODULE = 'IMLC' OR T1.C_MODULE = 'EXLC' OR T1.C_MODULE = 'FADA' OR T1.C_MODULE = 'FAEF')

 [end]

[start] [DEBUG] [2026-07-05 20:03:05.187] [SELLER_SChecker] 
The request URI is : /BL6CEWeb/v1/openapi/catalog/combo/meta [end]

[start] [DEBUG] [2026-07-05 20:03:05.188] [SELLER_SChecker] 
The URI is :/BL6CEWeb/v1/openapi/catalog/combo/meta [end]

[start] [DEBUG] [2026-07-05 20:03:05.189] [SELLER_SChecker] 
The session refresh token in session is : null [end]

[start] [DEBUG] [2026-07-05 20:03:05.195] [SELLER_SChecker] 
The Catalog Object SQL is :SELECT DISTINCT T1.C_BK_GROUP_ID, T1.C_MAIN_REF, T1.C_TRX_REF, T1.C_UNIT_CODE, T1.PARENT_MAIN_REF, T1.C_TRX_STATUS, T1.I_EVENT_TIMES, T1.C_MODULE, T1.C_FUNC_ID, T1.C_PRODUCT_ID, T1.C_TRX_ID, T3.C_LOCKED_FLAG, T3.C_LOCKED_OP, T3.C_USER_DESC, T1.D_SYS_OP_DATE, T1.T_SYS_OP_TIME, T1.C2A_CCY, T1.C2A_AMOUNT, T1.C2A_COUNTERPARTY FROM CETRX.TRX_INBOX T1 LEFT JOIN CETRX.TRX_NEXT_FUNC T2 ON T1.C_PRODUCT_ID = T2.C_PRODUCT_ID AND T1.C_TRX_STATUS = T2.C_TRX_STATUS LEFT JOIN CETRX.TRX_LOCK_INFO T3 ON T1.C_MAIN_REF = T3.C_MAIN_REF AND T1.C_UNIT_CODE = T3.C_UNIT_CODE WHERE (T2.C_NEXT_FUNC_ID IN (SELECT C_FUNC_ID FROM CEUSER.SEC_OP_FUNC WHERE C_USER_ID = ? AND C_GRP_CODE = ? AND C_UNIT_CODE = T1.C_UNIT_CODE) OR T2.C_NEXT_FUNC_ID IN (SELECT C_FUNC_ID FROM CEUSER.SEC_OP_FUNC WHERE C_GRP_CODE = ? AND C_USER_ID IN (SELECT C_ROLE_ID FROM CEUSER.SEC_USER_ROLE WHERE C_USER_ID = ? AND C_GRP_CODE = ?) AND C_UNIT_CODE = T1.C_UNIT_CODE)) AND T1.C_TRX_STATUS = 'Z' AND T1.C_TRX_ID NOT IN (SELECT C_TRX_ID FROM CETRX.TRX_USER_DISMISS WHERE C_USER_ID = ? AND C_GRP_CODE = ?) AND (T1.C_MODULE = 'IMLC' OR T1.C_MODULE = 'EXLC' OR T1.C_MODULE = 'FAEF' OR T1.C_MODULE = 'FADA' OR T1.C_MODULE = 'ABLF') ORDER BY T1.D_SYS_OP_DATE DESC, T1.T_SYS_OP_TIME DESC [end]

[start] [DEBUG] [2026-07-05 20:03:05.198] [SELLER_SChecker] 
====request content is: 
    Request Type: Temp
Component : DBHelper
Session Context is: 
com.cs.core.utility.SessionContext@5aa95831
Request Info Type : com.cs.core.dao.exec.SQLDao
Request Info Content is: 
[01]SELECT COUNT(*) FROM (SELECT DISTINCT T1.C_BK_GROUP_ID, T1.C_MAIN_REF, T1.C_TRX_REF, T1.C_UNIT_CODE, T1.PARENT_MAIN_REF, T1.C_TRX_STATUS, T1.I_EVENT_TIMES, T1.C_MODULE, T1.C_FUNC_ID, T1.C_PRODUCT_ID, T1.C_TRX_ID, T3.C_LOCKED_FLAG, T3.C_LOCKED_OP, T3.C_USER_DESC, T1.D_SYS_OP_DATE, T1.T_SYS_OP_TIME, T1.C2A_CCY, T1.C2A_AMOUNT, T1.C2A_COUNTERPARTY FROM CETRX.TRX_INBOX T1 LEFT JOIN CETRX.TRX_NEXT_FUNC T2 ON T1.C_PRODUCT_ID = T2.C_PRODUCT_ID AND T1.C_TRX_STATUS = T2.C_TRX_STATUS LEFT JOIN CETRX.TRX_LOCK_INFO T3 ON T1.C_MAIN_REF = T3.C_MAIN_REF AND T1.C_UNIT_CODE = T3.C_UNIT_CODE WHERE   T1.C_BK_GROUP_ID = 'CSBANK'  AND (( T1.C_UNIT_CODE = 'SELLER'  AND  T1.C_PRODUCT_ID = 'P08071500003' )) AND (T2.C_NEXT_FUNC_ID IN (SELECT C_FUNC_ID FROM CEUSER.SEC_OP_FUNC WHERE C_USER_ID = 'SChecker' AND C_GRP_CODE = 'SELLER' AND C_UNIT_CODE = T1.C_UNIT_CODE) OR T2.C_NEXT_FUNC_ID IN (SELECT C_FUNC_ID FROM CEUSER.SEC_OP_FUNC WHERE C_GRP_CODE = 'SELLER' AND C_USER_ID IN (SELECT C_ROLE_ID FROM CEUSER.SEC_USER_ROLE WHERE C_USER_ID = 'SChecker' AND C_GRP_CODE = 'SELLER') AND C_UNIT_CODE = T1.C_UNIT_CODE)) AND T1.C_TRX_STATUS = 'Z' AND T1.C_TRX_ID NOT IN (SELECT C_TRX_ID FROM CETRX.TRX_USER_DISMISS WHERE C_USER_ID = 'SChecker' AND C_GRP_CODE = 'SELLER') AND (T1.C_MODULE = 'IMLC' OR T1.C_MODULE = 'EXLC' OR T1.C_MODULE = 'FAEF' OR T1.C_MODULE = 'FADA' OR T1.C_MODULE = 'ABLF') ORDER BY T1.D_SYS_OP_DATE DESC, T1.T_SYS_OP_TIME DESC)

 [end]

[start] [DEBUG] [2026-07-05 20:03:05.195] [SELLER_SChecker] 
====request content is: 
    Request Type: Temp
Component : DBHelper
Session Context is: 
com.cs.core.utility.SessionContext@44c6bda
Request Info Type : com.cs.core.dao.exec.SQLDao
Request Info Content is: 
[01]SELECT C_CRITERIA_DATA,C_TMPL_NAME,C_IS_DEFAULT FROM CETRX.STD_SEARCH_CRITERIA  WHERE  C_UNIT_CODE = 'SELLER'  AND  C_USER_ID = 'SChecker'  AND  C_CATA_ID = 'C2A_PendingApproval'  AND  C_BK_GROUP_ID = 'CSBANK'  AND  I_CRITERIA_TYPE = 4 

 [end]

[start] [DEBUG] [2026-07-05 20:03:05.215] [SELLER_SChecker] 
The option type "distinctRecord" is only used to show the dropdown list not for format [end]

[start] [ERROR] [2026-07-05 20:03:05.216] [SELLER_SChecker] 
Can not find product ID  in parameter products.xml [end]

[start] [ERROR] [2026-07-05 20:03:05.217] [SELLER_SChecker] 
Can not find product ID  in parameter products.xml [end]

[start] [ERROR] [2026-07-05 20:03:05.218] [SELLER_SChecker] 
Can not find product ID  in parameter products.xml [end]

[start] [ERROR] [2026-07-05 20:03:05.220] [SELLER_SChecker] 
Can not find product ID  in parameter products.xml [end]

[start] [ERROR] [2026-07-05 20:03:05.222] [SELLER_SChecker] 
Can not find product ID  in parameter products.xml [end]

[start] [ERROR] [2026-07-05 20:03:05.223] [SELLER_SChecker] 
Can not find product ID  in parameter products.xml [end]

[start] [ERROR] [2026-07-05 20:03:05.224] [SELLER_SChecker] 
Can not find product ID  in parameter products.xml [end]

[start] [ERROR] [2026-07-05 20:03:05.225] [SELLER_SChecker] 
Can not find product ID  in parameter products.xml [end]

[start] [ERROR] [2026-07-05 20:03:05.226] [SELLER_SChecker] 
Can not find product ID  in parameter products.xml [end]

[start] [ERROR] [2026-07-05 20:03:05.227] [SELLER_SChecker] 
Can not find product ID  in parameter products.xml [end]

[start] [ERROR] [2026-07-05 20:03:05.229] [SELLER_SChecker] 
Can not find product ID  in parameter products.xml [end]

[start] [ERROR] [2026-07-05 20:03:05.230] [SELLER_SChecker] 
Can not find product ID  in parameter products.xml [end]

[start] [ERROR] [2026-07-05 20:03:05.232] [SELLER_SChecker] 
Can not find product ID  in parameter products.xml [end]

[start] [ERROR] [2026-07-05 20:03:05.233] [SELLER_SChecker] 
Can not find product ID  in parameter products.xml [end]

[start] [DEBUG] [2026-07-05 20:03:05.253] [SELLER_SChecker] 
====request content is: 
    Request Type: Temp
Component : DBHelper
Session Context is: 
com.cs.core.utility.SessionContext@db72e891
Request Info Type : com.cs.core.dao.exec.SQLDao
Request Info Content is: 
[01]SELECT C_INACTIVE FROM CEUSER.SEC_USER_INFO WHERE C_USER_ID = 'SChecker' AND C_UNIT_CODE = 'SELLER' 

 [end]

[start] [DEBUG] [2026-07-05 20:03:05.257] [SELLER_SChecker] 
The request URI is : /BL6CEWeb/v1/openapi/catalog/combo/meta [end]

[start] [DEBUG] [2026-07-05 20:03:05.258] [SELLER_SChecker] 
The URI is :/BL6CEWeb/v1/openapi/catalog/combo/meta [end]

[start] [DEBUG] [2026-07-05 20:03:05.260] [SELLER_SChecker] 
The session refresh token in session is : null [end]

[start] [DEBUG] [2026-07-05 20:03:05.266] [SELLER_SChecker] 
====request content is: 
    Request Type: Temp
Component : DBHelper
Session Context is: 
com.cs.core.utility.SessionContext@db72e891
Request Info Type : com.cs.core.dao.exec.SQLDao
Request Info Content is: 
[01]SELECT C_CRITERIA_DATA,C_TMPL_NAME,C_IS_DEFAULT FROM CETRX.STD_SEARCH_CRITERIA  WHERE  C_UNIT_CODE = 'SELLER'  AND  C_USER_ID = 'SChecker'  AND  C_CATA_ID = 'C2A_InProgress_Both'  AND  C_BK_GROUP_ID = 'CSBANK'  AND  I_CRITERIA_TYPE = 4 

 [end]

[start] [DEBUG] [2026-07-05 20:03:05.271] [SELLER_SChecker] 
The option type "distinctRecord" is only used to show the dropdown list not for format [end]

[start] [ERROR] [2026-07-05 20:03:05.272] [SELLER_SChecker] 
Can not find product ID  in parameter products.xml [end]

[start] [ERROR] [2026-07-05 20:03:05.273] [SELLER_SChecker] 
Can not find product ID  in parameter products.xml [end]

[start] [ERROR] [2026-07-05 20:03:05.274] [SELLER_SChecker] 
Can not find product ID  in parameter products.xml [end]

[start] [ERROR] [2026-07-05 20:03:05.275] [SELLER_SChecker] 
Can not find product ID  in parameter products.xml [end]

[start] [ERROR] [2026-07-05 20:03:05.276] [SELLER_SChecker] 
Can not find product ID  in parameter products.xml [end]

[start] [ERROR] [2026-07-05 20:03:05.277] [SELLER_SChecker] 
Can not find product ID  in parameter products.xml [end]

[start] [ERROR] [2026-07-05 20:03:05.278] [SELLER_SChecker] 
Can not find product ID  in parameter products.xml [end]

[start] [ERROR] [2026-07-05 20:03:05.279] [SELLER_SChecker] 
Can not find product ID  in parameter products.xml [end]

[start] [ERROR] [2026-07-05 20:03:05.300] [SELLER_SChecker] 
Can not find product ID  in parameter products.xml [end]

[start] [ERROR] [2026-07-05 20:03:05.300] [SELLER_SChecker] 
Can not find product ID  in parameter products.xml [end]

[start] [ERROR] [2026-07-05 20:03:05.301] [SELLER_SChecker] 
Can not find product ID  in parameter products.xml [end]

[start] [ERROR] [2026-07-05 20:03:05.303] [SELLER_SChecker] 
Can not find product ID  in parameter products.xml [end]

[start] [ERROR] [2026-07-05 20:03:05.304] [SELLER_SChecker] 
Can not find product ID  in parameter products.xml [end]

[start] [ERROR] [2026-07-05 20:03:05.306] [SELLER_SChecker] 
Can not find product ID  in parameter products.xml [end]

[start] [ERROR] [2026-07-05 20:03:05.307] [SELLER_SChecker] 
Can not find product ID  in parameter products.xml [end]

[start] [ERROR] [2026-07-05 20:03:05.308] [SELLER_SChecker] 
Can not find product ID  in parameter products.xml [end]

[start] [ERROR] [2026-07-05 20:03:05.309] [SELLER_SChecker] 
Can not find product ID  in parameter products.xml [end]

[start] [ERROR] [2026-07-05 20:03:05.310] [SELLER_SChecker] 
Can not find product ID  in parameter products.xml [end]

[start] [ERROR] [2026-07-05 20:03:05.311] [SELLER_SChecker] 
Can not find product ID  in parameter products.xml [end]

[start] [ERROR] [2026-07-05 20:03:05.313] [SELLER_SChecker] 
Can not find product ID  in parameter products.xml [end]

[start] [ERROR] [2026-07-05 20:03:05.314] [SELLER_SChecker] 
Can not find product ID  in parameter products.xml [end]

[start] [ERROR] [2026-07-05 20:03:05.315] [SELLER_SChecker] 
Can not find product ID  in parameter products.xml [end]

[start] [ERROR] [2026-07-05 20:03:05.316] [SELLER_SChecker] 
Can not find product ID  in parameter products.xml [end]

[start] [ERROR] [2026-07-05 20:03:05.318] [SELLER_SChecker] 
Can not find product ID  in parameter products.xml [end]

[start] [ERROR] [2026-07-05 20:03:05.319] [SELLER_SChecker] 
Can not find product ID  in parameter products.xml [end]

[start] [ERROR] [2026-07-05 20:03:05.320] [SELLER_SChecker] 
Can not find product ID  in parameter products.xml [end]

[start] [ERROR] [2026-07-05 20:03:05.322] [SELLER_SChecker] 
Can not find product ID  in parameter products.xml [end]

[start] [ERROR] [2026-07-05 20:03:05.323] [SELLER_SChecker] 
Can not find product ID  in parameter products.xml [end]

[start] [ERROR] [2026-07-05 20:03:05.324] [SELLER_SChecker] 
Can not find product ID  in parameter products.xml [end]

[start] [ERROR] [2026-07-05 20:03:05.325] [SELLER_SChecker] 
Can not find product ID  in parameter products.xml [end]

[start] [ERROR] [2026-07-05 20:03:05.326] [SELLER_SChecker] 
Can not find product ID  in parameter products.xml [end]

[start] [ERROR] [2026-07-05 20:03:05.327] [SELLER_SChecker] 
Can not find product ID  in parameter products.xml [end]

[start] [ERROR] [2026-07-05 20:03:05.329] [SELLER_SChecker] 
Can not find product ID  in parameter products.xml [end]

[start] [ERROR] [2026-07-05 20:03:05.330] [SELLER_SChecker] 
Can not find product ID  in parameter products.xml [end]

[start] [ERROR] [2026-07-05 20:03:05.331] [SELLER_SChecker] 
Can not find product ID  in parameter products.xml [end]

[start] [ERROR] [2026-07-05 20:03:05.335] [SELLER_SChecker] 
Can not find product ID  in parameter products.xml [end]

[start] [ERROR] [2026-07-05 20:03:05.336] [SELLER_SChecker] 
Can not find product ID  in parameter products.xml [end]

[start] [ERROR] [2026-07-05 20:03:05.337] [SELLER_SChecker] 
Can not find product ID  in parameter products.xml [end]

[start] [ERROR] [2026-07-05 20:03:05.338] [SELLER_SChecker] 
Can not find product ID  in parameter products.xml [end]

[start] [ERROR] [2026-07-05 20:03:05.339] [SELLER_SChecker] 
Can not find product ID  in parameter products.xml [end]

[start] [ERROR] [2026-07-05 20:03:05.340] [SELLER_SChecker] 
Can not find product ID  in parameter products.xml [end]

[start] [ERROR] [2026-07-05 20:03:05.341] [SELLER_SChecker] 
Can not find product ID  in parameter products.xml [end]

[start] [ERROR] [2026-07-05 20:03:05.342] [SELLER_SChecker] 
Can not find product ID  in parameter products.xml [end]

[start] [ERROR] [2026-07-05 20:03:05.343] [SELLER_SChecker] 
Can not find product ID  in parameter products.xml [end]

[start] [ERROR] [2026-07-05 20:03:05.344] [SELLER_SChecker] 
Can not find product ID  in parameter products.xml [end]

[start] [ERROR] [2026-07-05 20:03:05.346] [SELLER_SChecker] 
Can not find product ID  in parameter products.xml [end]

[start] [ERROR] [2026-07-05 20:03:05.347] [SELLER_SChecker] 
Can not find product ID  in parameter products.xml [end]

[start] [ERROR] [2026-07-05 20:03:05.348] [SELLER_SChecker] 
Can not find product ID  in parameter products.xml [end]

[start] [ERROR] [2026-07-05 20:03:05.349] [SELLER_SChecker] 
Can not find product ID  in parameter products.xml [end]

[start] [ERROR] [2026-07-05 20:03:05.350] [SELLER_SChecker] 
Can not find product ID  in parameter products.xml [end]

[start] [ERROR] [2026-07-05 20:03:05.351] [SELLER_SChecker] 
Can not find product ID  in parameter products.xml [end]

[start] [ERROR] [2026-07-05 20:03:05.352] [SELLER_SChecker] 
Can not find product ID  in parameter products.xml [end]

[start] [ERROR] [2026-07-05 20:03:05.353] [SELLER_SChecker] 
Can not find product ID  in parameter products.xml [end]

[start] [ERROR] [2026-07-05 20:03:05.354] [SELLER_SChecker] 
Can not find product ID  in parameter products.xml [end]

[start] [ERROR] [2026-07-05 20:03:05.355] [SELLER_SChecker] 
Can not find product ID  in parameter products.xml [end]

[start] [ERROR] [2026-07-05 20:03:05.357] [SELLER_SChecker] 
Can not find product ID  in parameter products.xml [end]

[start] [ERROR] [2026-07-05 20:03:05.358] [SELLER_SChecker] 
Can not find product ID  in parameter products.xml [end]

[start] [ERROR] [2026-07-05 20:03:05.359] [SELLER_SChecker] 
Can not find product ID  in parameter products.xml [end]

[start] [ERROR] [2026-07-05 20:03:05.360] [SELLER_SChecker] 
Can not find product ID  in parameter products.xml [end]

[start] [ERROR] [2026-07-05 20:03:05.362] [SELLER_SChecker] 
Can not find product ID  in parameter products.xml [end]

[start] [ERROR] [2026-07-05 20:03:05.363] [SELLER_SChecker] 
Can not find product ID  in parameter products.xml [end]

[start] [ERROR] [2026-07-05 20:03:05.391] [SELLER_SChecker] 
Can not find product ID  in parameter products.xml [end]

[start] [ERROR] [2026-07-05 20:03:05.392] [SELLER_SChecker] 
Can not find product ID  in parameter products.xml [end]

[start] [ERROR] [2026-07-05 20:03:05.393] [SELLER_SChecker] 
Can not find product ID  in parameter products.xml [end]

[start] [ERROR] [2026-07-05 20:03:05.394] [SELLER_SChecker] 
Can not find product ID  in parameter products.xml [end]

[start] [ERROR] [2026-07-05 20:03:05.397] [SELLER_SChecker] 
Can not find product ID  in parameter products.xml [end]

[start] [DEBUG] [2026-07-05 20:03:05.399] [SELLER_SChecker] 
The option type "distinctRecord" is only used to show the dropdown list not for format [end]

[start] [DEBUG] [2026-07-05 20:03:05.401] [SELLER_SChecker] 
The option type "distinctRecord" is only used to show the dropdown list not for format [end]

[start] [DEBUG] [2026-07-05 20:03:05.401] [SELLER_SChecker] 
The option type "distinctRecord" is only used to show the dropdown list not for format [end]

[start] [DEBUG] [2026-07-05 20:03:05.402] [SELLER_SChecker] 
====request content is: 
    Request Type: Temp
Component : DBHelper
Session Context is: 
com.cs.core.utility.SessionContext@db72e891
Request Info Type : com.cs.core.dao.exec.SQLDao
Request Info Content is: 
[01]SELECT C_UNIT_CODE,C_UNIT_NAME FROM CEUSER.SEC_BUSINESS_UNIT WHERE C_UNIT_CODE = 'SELLER' 

 [end]

[start] [DEBUG] [2026-07-05 20:03:05.402] [SELLER_SChecker] 
====request content is: 
    Request Type: Temp
Component : DBHelper
Session Context is: 
com.cs.core.utility.SessionContext@44c6bda
Request Info Type : com.cs.core.dao.exec.SQLDao
Request Info Content is: 
[01]SELECT C_UNIT_CODE,C_UNIT_NAME FROM CEUSER.SEC_BUSINESS_UNIT WHERE C_UNIT_CODE = 'SELLER' 

 [end]

[start] [DEBUG] [2026-07-05 20:03:05.538] [SELLER_SChecker] 
====request content is: 
    Request Type: Temp
Component : DBHelper
Session Context is: 
com.cs.core.utility.SessionContext@6e4ee635
Request Info Type : com.cs.core.dao.exec.SQLDao
Request Info Content is: 
[01]SELECT C_INACTIVE FROM CEUSER.SEC_USER_INFO WHERE C_USER_ID = 'SChecker' AND C_UNIT_CODE = 'SELLER' 

 [end]

[start] [DEBUG] [2026-07-05 20:03:05.544] [SELLER_SChecker] 
====request content is: 
    Request Type: Temp
Component : DBHelper
Session Context is: 
com.cs.core.utility.SessionContext@9a89b037
Request Info Type : com.cs.core.dao.exec.SQLDao
Request Info Content is: 
[01]SELECT C_INACTIVE FROM CEUSER.SEC_USER_INFO WHERE C_USER_ID = 'SChecker' AND C_UNIT_CODE = 'SELLER' 

 [end]

[start] [DEBUG] [2026-07-05 20:03:05.549] [SELLER_SChecker] 
The request URI is : /BL6CEWeb/v1/openapi/catalog/combo/data [end]

[start] [DEBUG] [2026-07-05 20:03:05.551] [SELLER_SChecker] 
The URI is :/BL6CEWeb/v1/openapi/catalog/combo/data [end]

[start] [DEBUG] [2026-07-05 20:03:05.553] [SELLER_SChecker] 
The session refresh token in session is : null [end]

[start] [DEBUG] [2026-07-05 20:03:05.558] [SELLER_SChecker] 
The Catalog Object SQL is :SELECT T1.C_BK_GROUP_ID, T1.C_MAIN_REF, T1.C_TRX_REF, T1.C_UNIT_CODE, T1.PARENT_MAIN_REF, T1.C_TRX_STATUS, T1.CURRNT_STATUS, T1.I_EVENT_TIMES, T1.C_MODULE, T1.C_FUNC_ID, T1.C_PRODUCT_ID, T1.C_TRX_ID, T1.C_CREATED_BY, T3.C_LOCKED_FLAG, T3.C_LOCKED_OP, T3.C_USER_DESC, T1.D_SYS_OP_DATE, T1.T_SYS_OP_TIME, T1.C2A_CCY, T1.C2A_AMOUNT, T1.C2A_COUNTERPARTY FROM CETRX.TRX_INBOX T1 LEFT JOIN CETRX.TRX_LOCK_INFO T3 ON T1.C_MAIN_REF = T3.C_MAIN_REF AND T1.C_UNIT_CODE = T3.C_UNIT_CODE WHERE T1.C_TRX_STATUS IN ('P', 'T') AND (T1.C_MODULE = 'IMLC' OR T1.C_MODULE = 'EXLC' OR T1.C_MODULE = 'FAEF' OR T1.C_MODULE = 'FADA' OR T1.C_MODULE = 'ABLF') ORDER BY T1.D_SYS_OP_DATE DESC, T1.T_SYS_OP_TIME DESC [end]

[start] [DEBUG] [2026-07-05 20:03:05.560] [SELLER_SChecker] 
====request content is: 
    Request Type: Temp
Component : DBHelper
Session Context is: 
com.cs.core.utility.SessionContext@6e4ee635
Request Info Type : com.cs.core.dao.exec.SQLDao
Request Info Content is: 
[01]SELECT C_AUTH_RULE FROM CEUSER.SEC_USER_INFO WHERE C_BK_GROUP_ID = 'CSBANK' AND C_UNIT_CODE = 'SELLER' AND C_USER_ID = 'SChecker' 

 [end]

[start] [DEBUG] [2026-07-05 20:03:05.564] [SELLER_SChecker] 
The request URI is : /BL6CEWeb/v1/openapi/catalog/combo/data [end]

[start] [DEBUG] [2026-07-05 20:03:05.566] [SELLER_SChecker] 
The URI is :/BL6CEWeb/v1/openapi/catalog/combo/data [end]

[start] [DEBUG] [2026-07-05 20:03:05.567] [SELLER_SChecker] 
The session refresh token in session is : null [end]

[start] [DEBUG] [2026-07-05 20:03:05.572] [SELLER_SChecker] 
The Catalog Object SQL is :SELECT T1.C_BK_GROUP_ID, T1.C_MAIN_REF, T1.C_TRX_REF, T1.C_UNIT_CODE, T1.PARENT_MAIN_REF, T1.C_TRX_STATUS, T1.CURRNT_STATUS, T1.C2A_STATUS, T1.I_EVENT_TIMES, T1.C_MODULE, T1.C_FUNC_ID, T1.C_PRODUCT_ID, T1.C_TRX_ID, T3.C_LOCKED_FLAG, T3.C_LOCKED_OP, T3.C_USER_DESC, T1.D_SYS_OP_DATE, T1.T_SYS_OP_TIME, T1.C2A_CCY, T1.C2A_AMOUNT, T1.C2A_COUNTERPARTY FROM CETRX.TRX_INBOX T1 LEFT JOIN CETRX.TRX_LOCK_INFO T3 ON T1.C_MAIN_REF = T3.C_MAIN_REF AND T1.C_UNIT_CODE = T3.C_UNIT_CODE WHERE (T1.C_TRX_STATUS IN ('P', 'T', 'A', 'S', 'R') AND (T1.C_MODULE = 'IMLC' OR T1.C_MODULE = 'EXLC' OR T1.C_MODULE = 'FAEF' OR T1.C_MODULE = 'FADA' OR T1.C_MODULE = 'ABLF') AND T1.C2A_STATUS NOT IN ('Discrepancies rejected_fully authorized') OR T1.C_TRX_STATUS = 'M' AND (T1.C_MODULE = 'IMLC' AND T1.C2A_STATUS NOT IN ('Issued', 'Amended', 'Beneficiary rejected', 'Settled') OR T1.C_MODULE = 'EXCO' AND T1.CURRNT_STATUS NOT IN ('Payment Advice') OR T1.C_MODULE = 'EXLC' AND T1.CURRNT_STATUS NOT IN ('Settled', 'Advise Received', 'Amendment Received', 'Docment Received') OR T1.C_MODULE = 'FAEF' AND T1.CURRNT_STATUS NOT IN ('Settled', 'Advise Received') OR T1.C_MODULE = 'FADA' AND T1.CURRNT_STATUS NOT IN ('Settled', 'Advise Received') OR T1.C_MODULE = 'ABLF' AND T1.CURRNT_STATUS NOT IN ('Settled', 'Advise Received'))) AND T1.C_TRX_ID NOT IN (SELECT C_TRX_ID FROM CETRX.TRX_USER_DISMISS WHERE C_USER_ID = ? AND C_GRP_CODE = ?) AND (T1.C_MODULE = 'IMLC' OR T1.C_MODULE = 'EXLC' OR T1.C_MODULE = 'FAEF' OR T1.C_MODULE = 'FADA' OR T1.C_MODULE = 'ABLF') ORDER BY T1.D_SYS_OP_DATE DESC, T1.T_SYS_OP_TIME DESC [end]

[start] [DEBUG] [2026-07-05 20:03:05.574] [SELLER_SChecker] 
====request content is: 
    Request Type: Temp
Component : DBHelper
Session Context is: 
com.cs.core.utility.SessionContext@9a89b037
Request Info Type : com.cs.core.dao.exec.SQLDao
Request Info Content is: 
[01]SELECT T1.C_BK_GROUP_ID, T1.C_MAIN_REF, T1.C_TRX_REF, T1.C_UNIT_CODE, T1.PARENT_MAIN_REF, T1.C_TRX_STATUS, T1.CURRNT_STATUS, T1.C2A_STATUS, T1.I_EVENT_TIMES, T1.C_MODULE, T1.C_FUNC_ID, T1.C_PRODUCT_ID, T1.C_TRX_ID, T3.C_LOCKED_FLAG, T3.C_LOCKED_OP, T3.C_USER_DESC, T1.D_SYS_OP_DATE, T1.T_SYS_OP_TIME, T1.C2A_CCY, T1.C2A_AMOUNT, T1.C2A_COUNTERPARTY FROM CETRX.TRX_INBOX T1 LEFT JOIN CETRX.TRX_LOCK_INFO T3 ON T1.C_MAIN_REF = T3.C_MAIN_REF AND T1.C_UNIT_CODE = T3.C_UNIT_CODE WHERE   T1.C_BK_GROUP_ID = 'CSBANK'  AND (( T1.C_UNIT_CODE = 'SELLER'  AND  T1.C_PRODUCT_ID = 'P08071500003' )) AND (T1.C_TRX_STATUS IN ('P', 'T', 'A', 'S', 'R') AND (T1.C_MODULE = 'IMLC' OR T1.C_MODULE = 'EXLC' OR T1.C_MODULE = 'FAEF' OR T1.C_MODULE = 'FADA' OR T1.C_MODULE = 'ABLF') AND T1.C2A_STATUS NOT IN ('Discrepancies rejected_fully authorized') OR T1.C_TRX_STATUS = 'M' AND (T1.C_MODULE = 'IMLC' AND T1.C2A_STATUS NOT IN ('Issued', 'Amended', 'Beneficiary rejected', 'Settled') OR T1.C_MODULE = 'EXCO' AND T1.CURRNT_STATUS NOT IN ('Payment Advice') OR T1.C_MODULE = 'EXLC' AND T1.CURRNT_STATUS NOT IN ('Settled', 'Advise Received', 'Amendment Received', 'Docment Received') OR T1.C_MODULE = 'FAEF' AND T1.CURRNT_STATUS NOT IN ('Settled', 'Advise Received') OR T1.C_MODULE = 'FADA' AND T1.CURRNT_STATUS NOT IN ('Settled', 'Advise Received') OR T1.C_MODULE = 'ABLF' AND T1.CURRNT_STATUS NOT IN ('Settled', 'Advise Received'))) AND T1.C_TRX_ID NOT IN (SELECT C_TRX_ID FROM CETRX.TRX_USER_DISMISS WHERE C_USER_ID = 'SChecker' AND C_GRP_CODE = 'SELLER') AND (T1.C_MODULE = 'IMLC' OR T1.C_MODULE = 'EXLC' OR T1.C_MODULE = 'FAEF' OR T1.C_MODULE = 'FADA' OR T1.C_MODULE = 'ABLF') ORDER BY T1.D_SYS_OP_DATE DESC, T1.T_SYS_OP_TIME DESC

 [end]

[start] [DEBUG] [2026-07-05 20:03:05.580] [SELLER_SChecker] 
====request content is: 
    Request Type: Temp
Component : DBHelper
Session Context is: 
com.cs.core.utility.SessionContext@6e4ee635
Request Info Type : com.cs.core.dao.exec.SQLDao
Request Info Content is: 
[01]SELECT C_AUTH_RULE FROM CEUSER.SEC_BUSINESS_UNIT WHERE C_BK_GROUP_ID = 'CSBANK' AND C_UNIT_CODE = 'SELLER' 

 [end]

[start] [DEBUG] [2026-07-05 20:03:05.620] [SELLER_SChecker] 
====request content is: 
    Request Type: Temp
Component : DBHelper
Session Context is: 
com.cs.core.utility.SessionContext@6e4ee635
Request Info Type : com.cs.core.dao.exec.SQLDao
Request Info Content is: 
[01]SELECT T1.C_BK_GROUP_ID, T1.C_MAIN_REF, T1.C_TRX_REF, T1.C_UNIT_CODE, T1.PARENT_MAIN_REF, T1.C_TRX_STATUS, T1.CURRNT_STATUS, T1.I_EVENT_TIMES, T1.C_MODULE, T1.C_FUNC_ID, T1.C_PRODUCT_ID, T1.C_TRX_ID, T1.C_CREATED_BY, T3.C_LOCKED_FLAG, T3.C_LOCKED_OP, T3.C_USER_DESC, T1.D_SYS_OP_DATE, T1.T_SYS_OP_TIME, T1.C2A_CCY, T1.C2A_AMOUNT, T1.C2A_COUNTERPARTY FROM CETRX.TRX_INBOX T1 LEFT JOIN CETRX.TRX_LOCK_INFO T3 ON T1.C_MAIN_REF = T3.C_MAIN_REF AND T1.C_UNIT_CODE = T3.C_UNIT_CODE WHERE   T1.C_BK_GROUP_ID = 'CSBANK'  AND  T1.C_UNIT_CODE = 'SELLER'  AND  T1.C_PRODUCT_ID = 'P08071500003'   AND  T1.C_BK_GROUP_ID = 'CSBANK'  AND (T1.C_TRX_STATUS<>'R' AND T1.C_TRX_STATUS<>'A' OR T1.C_TRX_STATUS IS NULL) AND T1.C_TRX_ID NOT IN (SELECT C_TRX_ID FROM CETRX.TRX_AUTH_LIST WHERE  C_GRP_CODE = 'SELLER'  AND  C_USER_ID = 'SChecker'  AND  C_UNIT_CODE = 'SELLER' ) AND T1.C_TRX_ID IN (SELECT C_TRX_ID FROM CETRX.TRX_MATRIX_LIST WHERE  C_UNIT_CODE = 'SELLER'  AND ( (  I_AUTH_LEVEL = 1  AND  C_PRODUCT_ID = 'P08071500003' ))) AND (( T1.C_UNIT_CODE = 'SELLER'  AND  T1.C_PRODUCT_ID = 'P08071500003' )) AND T1.C_TRX_STATUS IN ('P', 'T') AND (T1.C_MODULE = 'IMLC' OR T1.C_MODULE = 'EXLC' OR T1.C_MODULE = 'FAEF' OR T1.C_MODULE = 'FADA' OR T1.C_MODULE = 'ABLF') ORDER BY T1.D_SYS_OP_DATE DESC, T1.T_SYS_OP_TIME DESC

 [end]

[start] [ERROR] [2026-07-05 20:03:05.729] [SELLER_SChecker] 
Can not find product ID  in parameter products.xml [end]

[start] [ERROR] [2026-07-05 20:03:05.730] [SELLER_SChecker] 
Can not find product ID  in parameter products.xml [end]

[start] [ERROR] [2026-07-05 20:03:05.731] [SELLER_SChecker] 
Can not find product ID  in parameter products.xml [end]

[start] [ERROR] [2026-07-05 20:03:05.732] [SELLER_SChecker] 
Can not find product ID  in parameter products.xml [end]

[start] [ERROR] [2026-07-05 20:03:05.734] [SELLER_SChecker] 
Can not find product ID  in parameter products.xml [end]

[start] [ERROR] [2026-07-05 20:03:05.735] [SELLER_SChecker] 
Can not find product ID  in parameter products.xml [end]

[start] [ERROR] [2026-07-05 20:03:05.736] [SELLER_SChecker] 
Can not find product ID  in parameter products.xml [end]

[start] [ERROR] [2026-07-05 20:03:05.737] [SELLER_SChecker] 
Can not find product ID  in parameter products.xml [end]

[start] [ERROR] [2026-07-05 20:03:05.738] [SELLER_SChecker] 
Can not find product ID  in parameter products.xml [end]

[start] [ERROR] [2026-07-05 20:03:05.740] [SELLER_SChecker] 
Can not find product ID  in parameter products.xml [end]

[start] [ERROR] [2026-07-05 20:03:05.741] [SELLER_SChecker] 
Can not find product ID  in parameter products.xml [end]

[start] [ERROR] [2026-07-05 20:03:05.743] [SELLER_SChecker] 
Can not find product ID  in parameter products.xml [end]

[start] [ERROR] [2026-07-05 20:03:05.744] [SELLER_SChecker] 
Can not find product ID  in parameter products.xml [end]

[start] [ERROR] [2026-07-05 20:03:05.745] [SELLER_SChecker] 
Can not find product ID  in parameter products.xml [end]

[start] [ERROR] [2026-07-05 20:03:05.747] [SELLER_SChecker] 
Can not find product ID  in parameter products.xml [end]

[start] [ERROR] [2026-07-05 20:03:05.748] [SELLER_SChecker] 
Can not find product ID  in parameter products.xml [end]

[start] [ERROR] [2026-07-05 20:03:05.749] [SELLER_SChecker] 
Can not find product ID  in parameter products.xml [end]

[start] [ERROR] [2026-07-05 20:03:05.750] [SELLER_SChecker] 
Can not find product ID  in parameter products.xml [end]

[start] [ERROR] [2026-07-05 20:03:05.752] [SELLER_SChecker] 
Can not find product ID  in parameter products.xml [end]

[start] [ERROR] [2026-07-05 20:03:05.753] [SELLER_SChecker] 
Can not find product ID  in parameter products.xml [end]

[start] [ERROR] [2026-07-05 20:03:05.754] [SELLER_SChecker] 
Can not find product ID  in parameter products.xml [end]

[start] [ERROR] [2026-07-05 20:03:05.756] [SELLER_SChecker] 
Can not find product ID  in parameter products.xml [end]

[start] [ERROR] [2026-07-05 20:03:05.757] [SELLER_SChecker] 
Can not find product ID  in parameter products.xml [end]

[start] [ERROR] [2026-07-05 20:03:05.757] [SELLER_SChecker] 
Can not find product ID  in parameter products.xml [end]

[start] [ERROR] [2026-07-05 20:03:05.759] [SELLER_SChecker] 
Can not find product ID  in parameter products.xml [end]

[start] [ERROR] [2026-07-05 20:03:05.760] [SELLER_SChecker] 
Can not find product ID  in parameter products.xml [end]

[start] [ERROR] [2026-07-05 20:03:05.761] [SELLER_SChecker] 
Can not find product ID  in parameter products.xml [end]

[start] [ERROR] [2026-07-05 20:03:05.763] [SELLER_SChecker] 
Can not find product ID  in parameter products.xml [end]

[start] [ERROR] [2026-07-05 20:03:05.764] [SELLER_SChecker] 
Can not find product ID  in parameter products.xml [end]

[start] [ERROR] [2026-07-05 20:03:05.765] [SELLER_SChecker] 
Can not find product ID  in parameter products.xml [end]

[start] [ERROR] [2026-07-05 20:03:05.767] [SELLER_SChecker] 
Can not find product ID  in parameter products.xml [end]

[start] [ERROR] [2026-07-05 20:03:05.768] [SELLER_SChecker] 
Can not find product ID  in parameter products.xml [end]

[start] [ERROR] [2026-07-05 20:03:05.769] [SELLER_SChecker] 
Can not find product ID  in parameter products.xml [end]

[start] [ERROR] [2026-07-05 20:03:05.771] [SELLER_SChecker] 
Can not find product ID  in parameter products.xml [end]

[start] [ERROR] [2026-07-05 20:03:05.772] [SELLER_SChecker] 
Can not find product ID  in parameter products.xml [end]

[start] [ERROR] [2026-07-05 20:03:05.774] [SELLER_SChecker] 
Can not find product ID  in parameter products.xml [end]

[start] [ERROR] [2026-07-05 20:03:05.775] [SELLER_SChecker] 
Can not find product ID  in parameter products.xml [end]

[start] [ERROR] [2026-07-05 20:03:05.776] [SELLER_SChecker] 
Can not find product ID  in parameter products.xml [end]

[start] [ERROR] [2026-07-05 20:03:05.778] [SELLER_SChecker] 
Can not find product ID  in parameter products.xml [end]

[start] [ERROR] [2026-07-05 20:03:05.779] [SELLER_SChecker] 
Can not find product ID  in parameter products.xml [end]

[start] [DEBUG] [2026-07-05 20:03:05.782] [SELLER_SChecker] 
====request content is: 
    Request Type: Temp
Component : DBHelper
Session Context is: 
com.cs.core.utility.SessionContext@9a89b037
Request Info Type : com.cs.core.dao.exec.SQLDao
Request Info Content is: 
[01]SELECT C_UNIT_CODE,C_UNIT_NAME FROM CEUSER.SEC_BUSINESS_UNIT WHERE C_UNIT_CODE = 'SELLER' 

 [end]

[start] [DEBUG] [2026-07-05 20:03:05.800] [SELLER_SChecker] 
====request content is: 
    Request Type: Temp
Component : DBHelper
Session Context is: 
com.cs.core.utility.SessionContext@9a89b037
Request Info Type : com.cs.core.dao.exec.SQLDao
Request Info Content is: 
[01]SELECT C_CRITERIA_DATA,C_TMPL_NAME,C_IS_DEFAULT FROM CETRX.STD_SEARCH_CRITERIA  WHERE  C_UNIT_CODE = 'SELLER'  AND  C_USER_ID = 'SChecker'  AND  C_CATA_ID = 'C2A_InProgress_Both'  AND  C_BK_GROUP_ID = 'CSBANK'  AND  I_CRITERIA_TYPE = 4 

 [end]

[start] [ERROR] [2026-07-05 20:03:05.927] [SELLER_SChecker] 
Can not find product ID  in parameter products.xml [end]

[start] [ERROR] [2026-07-05 20:03:05.929] [SELLER_SChecker] 
Can not find product ID  in parameter products.xml [end]

[start] [ERROR] [2026-07-05 20:03:05.930] [SELLER_SChecker] 
Can not find product ID  in parameter products.xml [end]

[start] [ERROR] [2026-07-05 20:03:05.931] [SELLER_SChecker] 
Can not find product ID  in parameter products.xml [end]

[start] [ERROR] [2026-07-05 20:03:05.933] [SELLER_SChecker] 
Can not find product ID  in parameter products.xml [end]

[start] [ERROR] [2026-07-05 20:03:05.934] [SELLER_SChecker] 
Can not find product ID  in parameter products.xml [end]

[start] [ERROR] [2026-07-05 20:03:05.935] [SELLER_SChecker] 
Can not find product ID  in parameter products.xml [end]

[start] [ERROR] [2026-07-05 20:03:05.936] [SELLER_SChecker] 
Can not find product ID  in parameter products.xml [end]

[start] [ERROR] [2026-07-05 20:03:05.938] [SELLER_SChecker] 
Can not find product ID  in parameter products.xml [end]

[start] [ERROR] [2026-07-05 20:03:05.939] [SELLER_SChecker] 
Can not find product ID  in parameter products.xml [end]

[start] [ERROR] [2026-07-05 20:03:05.940] [SELLER_SChecker] 
Can not find product ID  in parameter products.xml [end]

[start] [ERROR] [2026-07-05 20:03:05.942] [SELLER_SChecker] 
Can not find product ID  in parameter products.xml [end]

[start] [ERROR] [2026-07-05 20:03:05.943] [SELLER_SChecker] 
Can not find product ID  in parameter products.xml [end]

[start] [ERROR] [2026-07-05 20:03:05.945] [SELLER_SChecker] 
Can not find product ID  in parameter products.xml [end]

[start] [ERROR] [2026-07-05 20:03:05.946] [SELLER_SChecker] 
Can not find product ID  in parameter products.xml [end]

[start] [ERROR] [2026-07-05 20:03:05.947] [SELLER_SChecker] 
Can not find product ID  in parameter products.xml [end]

[start] [ERROR] [2026-07-05 20:03:05.948] [SELLER_SChecker] 
Can not find product ID  in parameter products.xml [end]

[start] [ERROR] [2026-07-05 20:03:05.950] [SELLER_SChecker] 
Can not find product ID  in parameter products.xml [end]

[start] [ERROR] [2026-07-05 20:03:05.951] [SELLER_SChecker] 
Can not find product ID  in parameter products.xml [end]

[start] [ERROR] [2026-07-05 20:03:05.952] [SELLER_SChecker] 
Can not find product ID  in parameter products.xml [end]

[start] [ERROR] [2026-07-05 20:03:05.954] [SELLER_SChecker] 
Can not find product ID  in parameter products.xml [end]

[start] [ERROR] [2026-07-05 20:03:05.955] [SELLER_SChecker] 
Can not find product ID  in parameter products.xml [end]

[start] [ERROR] [2026-07-05 20:03:05.956] [SELLER_SChecker] 
Can not find product ID  in parameter products.xml [end]

[start] [ERROR] [2026-07-05 20:03:05.958] [SELLER_SChecker] 
Can not find product ID  in parameter products.xml [end]

[start] [ERROR] [2026-07-05 20:03:05.959] [SELLER_SChecker] 
Can not find product ID  in parameter products.xml [end]

[start] [ERROR] [2026-07-05 20:03:05.961] [SELLER_SChecker] 
Can not find product ID  in parameter products.xml [end]

[start] [ERROR] [2026-07-05 20:03:05.962] [SELLER_SChecker] 
Can not find product ID  in parameter products.xml [end]

[start] [ERROR] [2026-07-05 20:03:05.964] [SELLER_SChecker] 
Can not find product ID  in parameter products.xml [end]

[start] [ERROR] [2026-07-05 20:03:05.965] [SELLER_SChecker] 
Can not find product ID  in parameter products.xml [end]

[start] [ERROR] [2026-07-05 20:03:05.967] [SELLER_SChecker] 
Can not find product ID  in parameter products.xml [end]

[start] [ERROR] [2026-07-05 20:03:05.968] [SELLER_SChecker] 
Can not find product ID  in parameter products.xml [end]

[start] [ERROR] [2026-07-05 20:03:05.969] [SELLER_SChecker] 
Can not find product ID  in parameter products.xml [end]

[start] [ERROR] [2026-07-05 20:03:05.971] [SELLER_SChecker] 
Can not find product ID  in parameter products.xml [end]

[start] [ERROR] [2026-07-05 20:03:05.973] [SELLER_SChecker] 
Can not find product ID  in parameter products.xml [end]

[start] [ERROR] [2026-07-05 20:03:05.975] [SELLER_SChecker] 
Can not find product ID  in parameter products.xml [end]

[start] [ERROR] [2026-07-05 20:03:05.977] [SELLER_SChecker] 
Can not find product ID  in parameter products.xml [end]

[start] [ERROR] [2026-07-05 20:03:05.978] [SELLER_SChecker] 
Can not find product ID  in parameter products.xml [end]

[start] [ERROR] [2026-07-05 20:03:05.980] [SELLER_SChecker] 
Can not find product ID  in parameter products.xml [end]

[start] [ERROR] [2026-07-05 20:03:05.981] [SELLER_SChecker] 
Can not find product ID  in parameter products.xml [end]

[start] [ERROR] [2026-07-05 20:03:05.983] [SELLER_SChecker] 
Can not find product ID  in parameter products.xml [end]

[start] [DEBUG] [2026-07-05 20:03:06.024] [SELLER_SChecker] 
====request content is: 
    Request Type: Temp
Component : DBHelper
Session Context is: 
com.cs.core.utility.SessionContext@6e4ee635
Request Info Type : com.cs.core.dao.exec.SQLDao
Request Info Content is: 
[01]SELECT C_UNIT_CODE,C_UNIT_NAME FROM CEUSER.SEC_BUSINESS_UNIT WHERE C_UNIT_CODE = 'SELLER' 

 [end]

[start] [DEBUG] [2026-07-05 20:03:06.042] [SELLER_SChecker] 
====request content is: 
    Request Type: Temp
Component : DBHelper
Session Context is: 
com.cs.core.utility.SessionContext@6e4ee635
Request Info Type : com.cs.core.dao.exec.SQLDao
Request Info Content is: 
[01]SELECT C_CRITERIA_DATA,C_TMPL_NAME,C_IS_DEFAULT FROM CETRX.STD_SEARCH_CRITERIA  WHERE  C_UNIT_CODE = 'SELLER'  AND  C_USER_ID = 'SChecker'  AND  C_CATA_ID = 'C2A_PendingApproval'  AND  C_BK_GROUP_ID = 'CSBANK'  AND  I_CRITERIA_TYPE = 4 

 [end]

[start] [DEBUG] [2026-07-05 20:03:13.218] [SELLER_SChecker] 
The request URI is : /BL6CEWeb/logout.do [end]

[start] [DEBUG] [2026-07-05 20:03:13.220] [SELLER_SChecker] 
The URI is :/BL6CEWeb/logout.do [end]

[start] [DEBUG] [2026-07-05 20:03:13.221] [SELLER_SChecker] 
The session refresh token in session is : null [end]

[start] [DEBUG] [2026-07-05 20:03:13.223] [SELLER_SChecker] 
====request content is: 
    Request Type: Temp
Component : DBHelper
Session Context is: 
com.cs.core.utility.SessionContext@7a62b858
Request Info Type : com.cs.core.dao.exec.SQLDao
Request Info Content is: 
[01]SELECT C_INACTIVE FROM CEUSER.SEC_USER_INFO WHERE C_USER_ID = 'SChecker' AND C_UNIT_CODE = 'SELLER' 

 [end]

[start] [DEBUG] [2026-07-05 20:03:13.227] [SELLER_SChecker] 
====request content is: 
    Request Type: Temp
Component : DBHelper
Session Context is: 
com.cs.core.utility.SessionContext@7a62b858
Request Info Type : com.cs.core.dao.exec.SQLDao
Request Info Content is: 
[01]SELECT C_IS_INFORM FROM CEUSER.SEC_LOGIN_SESSION WHERE C_SESSION_ID = 'Iw6mrtZ5TSS2YzFima0HkrG' 

 [end]

[start] [DEBUG] [2026-07-05 20:03:13.232] [SELLER_SChecker] 

------------------ Session ID : Iw6mrtZ5TSS2YzFima0HkrG --------------------

{com.ibm.websphere.servlet.uri_non_decoded,/BL6CEWeb/logout.do}

{CHECKED_REFRESH,T}

{JSESSIONID,}

{TrxSessionId,8A828497019F3304FEC50173}

{javax.servlet.forward.query_string, 
LOGIN_NAME=
FUN_DESC=null
PRODUCT_NAME=
_TRX_STATUS=LOGOFF_UNLOCKED
SEL_TYPE=
ITEM_NAME=
IMG_INQ_TYPE=
TRAN_NAME=
CATA_PAGE_SIZE=
UNIT_CODE=
SUB_CATA_ID=
INI_ITEM_ID=
PRODUCT_ID=
CATA_NUM=
CATA_CURR=
_ACT_TYPE=
ExcelType=
ID=
CURR_OPER=
DoType=
PREV_TRAN_NAME=
TITLE_NAME=
EXCELTYPE=
FUN_NAME=
_EVENT_TITLE=
FUNC_ID=
GRP_NAME=
CATA_TYPE=
CE_SELECT_CATAFIELD=
ITEM_ID=
REFRESH_TOKEN=21
CSRFTOKEN=8KAVItF8zFS2804Da9SS679KF2z871C3JO0aA1KsY9F33U04Ds8fOgFiyC016Bhx
SAVED=
SELECTEDFIELDS=
TRAN_TYPE=
CURR_DATE=
TRXL_TYPE=
}
 [end]

[start] [DEBUG] [2026-07-05 20:03:13.236] [SELLER_SChecker] 
==========Watching important CE session data [starting......]
==========Current class name is [com.cs.ceweb.servlets.WSSCELogout], cdoe line number is [78].
==========CE session user information:
userId(C_USER_ID)=SChecker,
userDesc(C_USER_DESC)=SChecker,
userType(I_USER_TYPE)=2,
multiLogin(I_MULTI_LOGIN)=true,
deftUnitCode(C_DFLT_UNIT_CODE)=SELLER,
authLevel(I_AUTH_LEVEL)=1,
langVal(C_LANG_VAL)=null,
secType(I_SEC_TYPE)=-1,
tempProtect(C_TMPL_PROTECT)=F,
C_TIMEZONE_ID=null
C_UNIT_CODE=SELLER
C_CNTY_CODE=US
C_LANG_NAME=null
C_CHANGE_PSW=F
C_LOGIN_RULE=null
C_AUTH_SET=null
C_PRIVATE_MAIL=jessie.wan@chinasystems.com
C_BK_GROUP_ID=CSBANK

==========CE session business group information:
unitCode(C_UNIT_CODE)=SELLER,
unitName(C_UNIT_NAME)=SELLER,
bkGrpId(C_BK_GROUP_ID)=CSBANK,
cntyCode(C_CNTY_CODE)=US,
subCnty(C_SUB_CNTY)=US,
bank(C_IS_BANK)=F,
secType(I_SEC_TYPE)=3
tempProtect(C_TMPL_PROTECT)=F,
C_LANG_NAME=null
I_UNIT_TYPE=1
C_HAVE_AUTH=T
C_LANG_VAL=null
C_BANK_UNIT=null
C_BANK_CODE=null
dualCtrl(C_DUAL_CTRL)=T,
custFmt=decFormat(C_DEC_FORMAT)=.,
intFormat(C_INT_FORMAT)=,,
intFmtLen(I_INT_FMT_LEN)=3,
dateFormat(C_DATE_FORM)=yyyy-MM-dd,
,

==========CE session system information:
system information is a null object.
==========Watching important CE session data [end......]
 [end]

[start] [DEBUG] [2026-07-05 20:03:13.238] [SELLER_SChecker] 
====request content is: 
    Request Type: Temp
Component : DBHelper
Session Context is: 
com.cs.core.utility.SessionContext@7a62b858
Request Info Type : com.cs.core.dao.exec.SQLDao
Request Info Content is: 
[01]INSERT INTO CETRX.TRX_ACT_LOG (C_LOG_ID,C_BK_GROUP_ID,C_CNTY_CODE,C_GRP_CODE,C_UNIT_CODE,C_USER_ID,C_IP_ADDRESS,C_FUNC_ID,D_CREA_DATE,T_CREA_TIME,D_SYS_OP_DATE,T_SYS_OP_TIME,D_SYS_TRT_DATE,T_SYS_TRT_TIME,C_BUSI_KEY) VALUES ('8A8284979F2871C3019F3304FED40174','CSBANK','US','SELLER','SELLER','SChecker','10.3.1.40','LogOut','2026-07-05','16:03:13','2026-07-05','16:03:13','2026-07-05','16:03:13','SELLER;SChecker')

 [end]

[start] [DEBUG] [2026-07-05 20:03:13.273] [SELLER_SChecker] 
====request content is: 
    Request Type: Temp
Component : DBHelper
Session Context is: 
com.cs.core.utility.SessionContext@93efe834
Request Info Type : com.cs.core.dao.exec.SQLDao
Request Info Content is: 
[01]DELETE FROM CEUSER.SEC_LOGIN_SESSION WHERE C_BK_GROUP_ID = 'CSBANK' AND C_USER_ID = 'SChecker' AND C_UNIT_CODE = 'SELLER' AND C_SESSION_ID = 'Iw6mrtZ5TSS2YzFima0HkrG' 

 [end]

[start] [DEBUG] [2026-07-05 20:03:13.295] [SELLER_SChecker] 
== go to screen: /SYS_index.htm [end]

[start] [DEBUG] [2026-07-05 20:03:13.358] [SELLER_SChecker] 
The request URI is : /BL6CEWeb/SYS_JS/jQuery/jquery.min.js [end]

[start] [DEBUG] [2026-07-05 20:03:13.359] [SELLER_SChecker] 
The request URI is : /BL6CEWeb/JS/rsaencrypt/Publickey.js [end]

[start] [DEBUG] [2026-07-05 20:03:13.359] [SELLER_SChecker] 
The session refresh token in session is : null [end]

[start] [DEBUG] [2026-07-05 20:03:13.360] [SELLER_SChecker] 
The session refresh token in session is : null [end]

[start] [DEBUG] [2026-07-05 20:03:13.364] [SELLER_SChecker] 
The request URI is : /BL6CEWeb/JS/rsaencrypt/jsencrypt.min.js [end]

[start] [DEBUG] [2026-07-05 20:03:13.365] [SELLER_SChecker] 
The session refresh token in session is : null [end]

[start] [DEBUG] [2026-07-05 20:03:14.787] [SELLER_SChecker] 
The request URI is : /BL6CEWeb/screen/SECindex.htm [end]

[start] [DEBUG] [2026-07-05 20:03:14.788] [SELLER_SChecker] 
The session refresh token in session is : null [end]
