
[start] [DEBUG] [2026-07-05 20:03:15.001] [BUYER_JEOP1] 
browserLanguage :en [end]

[start] [DEBUG] [2026-07-05 20:03:15.004] [BUYER_JEOP1] 
acceptLanguage :en-US,en;q=0.9 [end]

[start] [DEBUG] [2026-07-05 20:03:15.005] [BUYER_JEOP1] 
defaultLanguage :CNS [end]

[start] [DEBUG] [2026-07-05 20:03:15.012] [BUYER_JEOP1] 
====request content is: 
    Request Type: Temp
Component : DBHelper
Session Context is: 
com.cs.core.utility.SessionContext@2d656014
Request Info Type : com.cs.core.dao.exec.SQLDao
Request Info Content is: 
[01]DELETE FROM CEUSER.SEC_LOGIN_SESSION WHERE C_USER_ID = 'JEOP1' AND C_UNIT_CODE = 'BUYER' AND C_BK_GROUP_ID = 'CSBANK' AND C_SESSION_ID = 'Q518xbEJoR1fW5yyignc2lm' 
[02]UPDATE CEUSER.SEC_LOGIN_SESSION SET C_IS_INFORM = 'T' WHERE C_USER_ID = 'JEOP1' AND C_UNIT_CODE = 'BUYER' AND C_BK_GROUP_ID = 'CSBANK' 
[03]INSERT INTO CEUSER.SEC_LOGIN_SESSION (C_BK_GROUP_ID,C_UNIT_CODE,C_USER_ID,C_SESSION_ID,C_IS_INFORM) VALUES ('CSBANK','BUYER','JEOP1','Q518xbEJoR1fW5yyignc2lm','F')

 [end]

[start] [DEBUG] [2026-07-05 20:03:15.060] [BUYER_JEOP1] 

------------------ Session ID : Q518xbEJoR1fW5yyignc2lm --------------------

{SS_USER_INFO,userId(C_USER_ID)=JEOP1,
userDesc(C_USER_DESC)=JEOP1,
userType(I_USER_TYPE)=2,
multiLogin(I_MULTI_LOGIN)=true,
deftUnitCode(C_DFLT_UNIT_CODE)=BUYER,
authLevel(I_AUTH_LEVEL)=1,
langVal(C_LANG_VAL)=CNS,
secType(I_SEC_TYPE)=-1,
tempProtect(C_TMPL_PROTECT)=F,
C_TIMEZONE_ID=null
C_UNIT_CODE=BUYER
C_CNTY_CODE=US
C_LANG_NAME=null
C_CHANGE_PSW=F
C_LOGIN_RULE=null
C_AUTH_SET=T
C_PRIVATE_MAIL=jessie.wan@chinasystems.com
C_BK_GROUP_ID=CSBANK
}

{USER_NORMAL_LOGON,Y}

{C_USER_ID,JEOP1}

{SS_LOG_INFO,com.cs.core.pojo.buinfo.LogSessionInfo@f9fb2411}

{SS_CLIENT_INFO,ssoWay(SSO_WAY)=null
ip=10.3.1.40
loginURL=SYS_index.htm
no any attribute}

{SS_FAP_INFO,BUYER=
<ci name=BUYER>
    <pdt id = P05122400001    authlevel=1>
        <F05030700265/>
        <F05030700312/>
        <F05030700313/>
        <F05030700314/>
        <F05030700648/>
        <F05030700684/>
    </pdt>
    <pdt id = P06022700000    authlevel=1>
        <F05030700584/>
        <F05030700585/>
        <F05030700586/>
        <F05030700587/>
        <F05030700649/>
        <F05030700710/>
    </pdt>
    <pdt id = P08071500000    authlevel=1>
        <F05030700829/>
        <F05030700854/>
        <F05030700856/>
        <F05030700867/>
        <F05030700870/>
        <F05030700871/>
        <F05030700872/>
        <F05030700873/>
        <F05030700874/>
        <F05030700890/>
        <F05030700940/>
        <F05030700950/>
        <F05030700980/>
    </pdt>
    <pdt id = P08071500001    authlevel=1>
        <F05030700831/>
        <F05030700832/>
        <F05030700833/>
        <F05030700834/>
        <F05030700849/>
        <F05030700850/>
        <F05030700851/>
        <F05030700891/>
        <F05030700953/>
        <F05030700983/>
    </pdt>
    <pdt id = P08071500002    authlevel=1>
        <F05030700823/>
        <F05030700824/>
        <F05030700825/>
        <F05030700826/>
        <F05030700827/>
        <F05030700828/>
        <F05030700845/>
        <F05030700888/>
        <F05030700889/>
        <F05030700955/>
        <F05030700985/>
    </pdt>
    <pdt id = P08080600000    authlevel=1>
        <F03010200000/>
        <F03010200001/>
        <F03010200002/>
        <F04032900003/>
        <F04110300000/>
    </pdt>
    <pdt id = P08091000000    authlevel=1>
        <F05030700932/>
        <F05030700933/>
        <F05030700934/>
        <F05030700936/>
        <F05030700937/>
    </pdt>
</ci>
}

{C_BUSINESS_UNIT,BUYER}

{SS_GRP_INFO,unitCode(C_UNIT_CODE)=BUYER,
unitName(C_UNIT_NAME)=BUYER NAME,
bkGrpId(C_BK_GROUP_ID)=CSBANK,
cntyCode(C_CNTY_CODE)=US,
subCnty(C_SUB_CNTY)=US,
bank(C_IS_BANK)=F,
secType(I_SEC_TYPE)=3
tempProtect(C_TMPL_PROTECT)=F,
C_LANG_NAME=null
I_UNIT_TYPE=1
C_HAVE_AUTH=T
C_LANG_VAL=null
C_BANK_UNIT=null
C_BANK_CODE=null
dualCtrl(C_DUAL_CTRL)=T,
custFmt=decFormat(C_DEC_FORMAT)=.,
intFormat(C_INT_FORMAT)=,,
intFmtLen(I_INT_FMT_LEN)=3,
dateFormat(C_DATE_FORM)=yyyy-MM-dd,
,
}

{isFirstChangeMail,false}

{GLOBAL_REFRESH_TOKEN,1783267394892}

{CSRFKEY,[I@53f7cd62}

{inActiveComps,[]}

{SS_TREE_ARRAY,[[Ljava.lang.String;@74b1b4ec}

{CSRFTOKEN,8A8284979F2871C3019F330505490175}
 [end]

[start] [DEBUG] [2026-07-05 20:03:15.062] [BUYER_JEOP1] 
====request content is: 
    Request Type: Temp
Component : DBHelper
Session Context is: 
com.cs.core.utility.SessionContext@2d656014
Request Info Type : com.cs.core.dao.exec.SQLDao
Request Info Content is: 
[01]INSERT INTO CETRX.TRX_ACT_LOG (C_LOG_ID,C_BK_GROUP_ID,C_CNTY_CODE,C_GRP_CODE,C_UNIT_CODE,C_USER_ID,C_IP_ADDRESS,C_FUNC_ID,D_CREA_DATE,T_CREA_TIME,D_SYS_OP_DATE,T_SYS_OP_TIME,D_SYS_TRT_DATE,T_SYS_TRT_TIME,C_BUSI_KEY) VALUES ('8A8284979F2871C3019F330505F40176','CSBANK','US','BUYER','BUYER','JEOP1','10.3.1.40','Login','2026-07-05','16:03:15','2026-07-05','16:03:15','2026-07-05','16:03:15','BUYER;JEOP1')

 [end]

[start] [DEBUG] [2026-07-05 20:03:15.232] [BUYER_JEOP1] 
The request URI is : /BL6CEWeb/servlets/CELoginAuthorizationManager [end]

[start] [DEBUG] [2026-07-05 20:03:15.234] [BUYER_JEOP1] 
The URI is :/BL6CEWeb/servlets/CELoginAuthorizationManager [end]

[start] [DEBUG] [2026-07-05 20:03:15.235] [BUYER_JEOP1] 
The session refresh token in session is : null [end]

[start] [DEBUG] [2026-07-05 20:03:15.366] [BUYER_JEOP1] 
The request URI is : /BL6CEWeb/SYS_JS/SYS_ErrHandle.js [end]

[start] [DEBUG] [2026-07-05 20:03:15.367] [BUYER_JEOP1] 
The URI is :/BL6CEWeb/SYS_JS/SYS_ErrHandle.js [end]

[start] [DEBUG] [2026-07-05 20:03:15.368] [BUYER_JEOP1] 
The session refresh token in session is : null [end]

[start] [DEBUG] [2026-07-05 20:03:15.402] [BUYER_JEOP1] 
The request URI is : /BL6CEWeb/servlets/WSTrxManager [end]

[start] [DEBUG] [2026-07-05 20:03:15.403] [BUYER_JEOP1] 
The URI is :/BL6CEWeb/servlets/WSTrxManager [end]

[start] [DEBUG] [2026-07-05 20:03:15.404] [BUYER_JEOP1] 
The session refresh token in session is : null [end]

[start] [DEBUG] [2026-07-05 20:03:15.406] [BUYER_JEOP1] 
====request content is: 
    Request Type: Temp
Component : DBHelper
Session Context is: 
com.cs.core.utility.SessionContext@3cc4b74f
Request Info Type : com.cs.core.dao.exec.SQLDao
Request Info Content is: 
[01]SELECT C_INACTIVE FROM CEUSER.SEC_USER_INFO WHERE C_USER_ID = 'JEOP1' AND C_UNIT_CODE = 'BUYER' 

 [end]

[start] [DEBUG] [2026-07-05 20:03:15.410] [BUYER_JEOP1] 
====request content is: 
    Request Type: Temp
Component : DBHelper
Session Context is: 
com.cs.core.utility.SessionContext@3cc4b74f
Request Info Type : com.cs.core.dao.exec.SQLDao
Request Info Content is: 
[01]SELECT C_IS_INFORM FROM CEUSER.SEC_LOGIN_SESSION WHERE C_SESSION_ID = 'Q518xbEJoR1fW5yyignc2lm' 

 [end]

[start] [DEBUG] [2026-07-05 20:03:15.415] [BUYER_JEOP1] 

------------------ Session ID : Q518xbEJoR1fW5yyignc2lm --------------------

{com.ibm.websphere.servlet.uri_non_decoded,/BL6CEWeb/servlets/WSTrxManager}

{CHECKED_REFRESH,T}

{JSESSIONID,}

{javax.servlet.forward.query_string, 
CSRFTOKEN=8VAI8nd284979HHFCi2871CT3Kn0Q19F330t50HErx54pi9017AdMLc5NULJkND1
_TRX_STATUS=SESSION_LIFE_CYCLE
MOTION_TYPE=INIT
REFRESH_TOKEN=1
AjaxPost=T
}
 [end]

[start] [DEBUG] [2026-07-05 20:03:15.445] [BUYER_JEOP1] 
====request content is: 
    Request Type: Temp
Component : DBHelper
Session Context is: 
com.cs.core.utility.SessionContext@96bbbc3b
Request Info Type : com.cs.core.dao.exec.SQLDao
Request Info Content is: 
[01]SELECT C_INACTIVE FROM CEUSER.SEC_USER_INFO WHERE C_USER_ID = 'JEOP1' AND C_UNIT_CODE = 'BUYER' 

 [end]

[start] [DEBUG] [2026-07-05 20:03:15.449] [BUYER_JEOP1] 
The request URI is : /BL6CEWeb/v1/openapi/mlg/component [end]

[start] [DEBUG] [2026-07-05 20:03:15.451] [BUYER_JEOP1] 
The URI is :/BL6CEWeb/v1/openapi/mlg/component [end]

[start] [DEBUG] [2026-07-05 20:03:15.452] [BUYER_JEOP1] 
The session refresh token in session is : null [end]

[start] [DEBUG] [2026-07-05 20:03:15.460] [BUYER_JEOP1] 
The request URI is : /BL6CEWeb/SPA/assets/app.config.json [end]

[start] [DEBUG] [2026-07-05 20:03:15.461] [BUYER_JEOP1] 
The URI is :/BL6CEWeb/SPA/assets/app.config.json [end]

[start] [DEBUG] [2026-07-05 20:03:15.462] [BUYER_JEOP1] 
The session refresh token in session is : null [end]

[start] [DEBUG] [2026-07-05 20:03:15.497] [BUYER_JEOP1] 
====request content is: 
    Request Type: Temp
Component : DBHelper
Session Context is: 
com.cs.core.utility.SessionContext@8411a79c
Request Info Type : com.cs.core.dao.exec.SQLDao
Request Info Content is: 
[01]SELECT C_INACTIVE FROM CEUSER.SEC_USER_INFO WHERE C_USER_ID = 'JEOP1' AND C_UNIT_CODE = 'BUYER' 

 [end]

[start] [DEBUG] [2026-07-05 20:03:15.501] [BUYER_JEOP1] 
The request URI is : /BL6CEWeb/v1/openapi/notice/item/count [end]

[start] [DEBUG] [2026-07-05 20:03:15.502] [BUYER_JEOP1] 
The URI is :/BL6CEWeb/v1/openapi/notice/item/count [end]

[start] [DEBUG] [2026-07-05 20:03:15.503] [BUYER_JEOP1] 
The session refresh token in session is : null [end]

[start] [DEBUG] [2026-07-05 20:03:15.506] [BUYER_JEOP1] 
====request content is: 
    Request Type: Temp
Component : DBHelper
Session Context is: 
com.cs.core.utility.SessionContext@acf4de0
Request Info Type : com.cs.core.dao.exec.SQLDao
Request Info Content is: 
[01]SELECT C_INACTIVE FROM CEUSER.SEC_USER_INFO WHERE C_USER_ID = 'JEOP1' AND C_UNIT_CODE = 'BUYER' 

 [end]

[start] [DEBUG] [2026-07-05 20:03:15.517] [BUYER_JEOP1] 
====request content is: 
    Request Type: Temp
Component : DBHelper
Session Context is: 
com.cs.core.utility.SessionContext@8411a79c
Request Info Type : com.cs.core.dao.exec.SQLDao
Request Info Content is: 
[01]SELECT COUNT(*) AS RECCOUNT FROM CETRX.STD_NOTIFICATION  WHERE C_NOTI_ID IN ( SELECT C_NOTI_ID FROM CETRX.STD_NOTIFICATION_STATUS  WHERE  C_READ_STATUS = 'F'  AND  C_USER_ID = 'JEOP1'  AND  C_UNIT_CODE = 'BUYER'  )

 [end]

[start] [DEBUG] [2026-07-05 20:03:15.518] [BUYER_JEOP1] 
The request URI is : /BL6CEWeb/v1/openapi/services [end]

[start] [DEBUG] [2026-07-05 20:03:15.519] [BUYER_JEOP1] 
The URI is :/BL6CEWeb/v1/openapi/services [end]

[start] [DEBUG] [2026-07-05 20:03:15.520] [BUYER_JEOP1] 
The session refresh token in session is : null [end]

[start] [DEBUG] [2026-07-05 20:03:15.526] [BUYER_JEOP1] 
====request content is: 
    Request Type: Temp
Component : DBHelper
Session Context is: 
com.cs.core.utility.SessionContext@acf4de0
Request Info Type : com.cs.core.dao.exec.SQLDao
Request Info Content is: 
[01]SELECT C_FUNC_ID,T_OP_TIME FROM CETRX.TRX_FAVOR_FUNC  WHERE  C_UNIT_CODE = 'BUYER'  AND  C_USER_ID = 'JEOP1'  ORDER BY  T_OP_TIME DESC 

 [end]

[start] [DEBUG] [2026-07-05 20:03:15.544] [BUYER_JEOP1] 
====request content is: 
    Request Type: Temp
Component : DBHelper
Session Context is: 
com.cs.core.utility.SessionContext@69b5f477
Request Info Type : com.cs.core.dao.exec.SQLDao
Request Info Content is: 
[01]SELECT C_INACTIVE FROM CEUSER.SEC_USER_INFO WHERE C_USER_ID = 'JEOP1' AND C_UNIT_CODE = 'BUYER' 

 [end]

[start] [DEBUG] [2026-07-05 20:03:15.548] [BUYER_JEOP1] 
The request URI is : /BL6CEWeb/v1/openapi/user/roles [end]

[start] [DEBUG] [2026-07-05 20:03:15.550] [BUYER_JEOP1] 
The URI is :/BL6CEWeb/v1/openapi/user/roles [end]

[start] [DEBUG] [2026-07-05 20:03:15.551] [BUYER_JEOP1] 
The session refresh token in session is : null [end]

[start] [DEBUG] [2026-07-05 20:03:15.584] [BUYER_JEOP1] 
====request content is: 
    Request Type: Temp
Component : DBHelper
Session Context is: 
com.cs.core.utility.SessionContext@9fdee9bd
Request Info Type : com.cs.core.dao.exec.SQLDao
Request Info Content is: 
[01]SELECT C_INACTIVE FROM CEUSER.SEC_USER_INFO WHERE C_USER_ID = 'JEOP1' AND C_UNIT_CODE = 'BUYER' 

 [end]

[start] [DEBUG] [2026-07-05 20:03:15.588] [BUYER_JEOP1] 
====request content is: 
    Request Type: Temp
Component : DBHelper
Session Context is: 
com.cs.core.utility.SessionContext@41aec750
Request Info Type : com.cs.core.dao.exec.SQLDao
Request Info Content is: 
[01]SELECT C_INACTIVE FROM CEUSER.SEC_USER_INFO WHERE C_USER_ID = 'JEOP1' AND C_UNIT_CODE = 'BUYER' 

 [end]

[start] [DEBUG] [2026-07-05 20:03:15.589] [BUYER_JEOP1] 
The request URI is : /BL6CEWeb/v1/openapi/user/fap/action [end]

[start] [DEBUG] [2026-07-05 20:03:15.590] [BUYER_JEOP1] 
The URI is :/BL6CEWeb/v1/openapi/user/fap/action [end]

[start] [DEBUG] [2026-07-05 20:03:15.591] [BUYER_JEOP1] 
The session refresh token in session is : null [end]

[start] [DEBUG] [2026-07-05 20:03:15.593] [BUYER_JEOP1] 
The request URI is : /BL6CEWeb/v1/openapi/notification/bell [end]

[start] [DEBUG] [2026-07-05 20:03:15.595] [BUYER_JEOP1] 
====request content is: 
    Request Type: Temp
Component : DBHelper
Session Context is: 
com.cs.core.utility.SessionContext@9fdee9bd
Request Info Type : com.cs.core.dao.exec.SQLDao
Request Info Content is: 
[01]SELECT * FROM CEUSER.SEC_BUSINESS_UNIT WHERE C_UNIT_CODE = 'BUYER' 

 [end]

[start] [DEBUG] [2026-07-05 20:03:15.595] [BUYER_JEOP1] 
The URI is :/BL6CEWeb/v1/openapi/notification/bell [end]

[start] [DEBUG] [2026-07-05 20:03:15.596] [BUYER_JEOP1] 
The session refresh token in session is : null [end]

[start] [DEBUG] [2026-07-05 20:03:15.628] [BUYER_JEOP1] 
====request content is: 
    Request Type: Temp
Component : DBHelper
Session Context is: 
com.cs.core.utility.SessionContext@41aec750
Request Info Type : com.cs.core.dao.exec.SQLDao
Request Info Content is: 
[01]SELECT C_AUTH_RULE FROM CEUSER.SEC_USER_INFO WHERE C_BK_GROUP_ID = 'CSBANK' AND C_UNIT_CODE = 'BUYER' AND C_USER_ID = 'JEOP1' 

 [end]

[start] [DEBUG] [2026-07-05 20:03:15.633] [BUYER_JEOP1] 
====request content is: 
    Request Type: Temp
Component : DBHelper
Session Context is: 
com.cs.core.utility.SessionContext@41aec750
Request Info Type : com.cs.core.dao.exec.SQLDao
Request Info Content is: 
[01]SELECT C_AUTH_RULE FROM CEUSER.SEC_BUSINESS_UNIT WHERE C_BK_GROUP_ID = 'CSBANK' AND C_UNIT_CODE = 'BUYER' 

 [end]

[start] [DEBUG] [2026-07-05 20:03:15.641] [BUYER_JEOP1] 
====request content is: 
    Request Type: Temp
Component : DBHelper
Session Context is: 
com.cs.core.utility.SessionContext@41aec750
Request Info Type : com.cs.core.dao.exec.SQLDao
Request Info Content is: 
[01]SELECT COUNT(*) FROM CETRX.STT_CLAUSE WHERE C_BK_GROUP_ID = 'CSBANK' AND C_UNIT_CODE = 'BUYER' AND C_TRX_STATUS NOT IN ('R', 'F', 'Z')

 [end]

[start] [DEBUG] [2026-07-05 20:03:15.653] [BUYER_JEOP1] 
====request content is: 
    Request Type: Temp
Component : DBHelper
Session Context is: 
com.cs.core.utility.SessionContext@cabc91c4
Request Info Type : com.cs.core.dao.exec.SQLDao
Request Info Content is: 
[01]SELECT C_INACTIVE FROM CEUSER.SEC_USER_INFO WHERE C_USER_ID = 'JEOP1' AND C_UNIT_CODE = 'BUYER' 

 [end]

[start] [DEBUG] [2026-07-05 20:03:15.655] [BUYER_JEOP1] 
====request content is: 
    Request Type: Temp
Component : DBHelper
Session Context is: 
com.cs.core.utility.SessionContext@12acf10f
Request Info Type : com.cs.core.dao.exec.SQLDao
Request Info Content is: 
[01]SELECT C_INACTIVE FROM CEUSER.SEC_USER_INFO WHERE C_USER_ID = 'JEOP1' AND C_UNIT_CODE = 'BUYER' 

 [end]

[start] [DEBUG] [2026-07-05 20:03:15.659] [BUYER_JEOP1] 
The request URI is : /BL6CEWeb/v1/openapi/widget/list [end]

[start] [DEBUG] [2026-07-05 20:03:15.661] [BUYER_JEOP1] 
The URI is :/BL6CEWeb/v1/openapi/widget/list [end]

[start] [DEBUG] [2026-07-05 20:03:15.662] [BUYER_JEOP1] 
The session refresh token in session is : null [end]

[start] [DEBUG] [2026-07-05 20:03:15.747] [BUYER_JEOP1] 
The request URI is : /BL6CEWeb/v1/openapi/widget/page/load [end]

[start] [DEBUG] [2026-07-05 20:03:15.749] [BUYER_JEOP1] 
The URI is :/BL6CEWeb/v1/openapi/widget/page/load [end]

[start] [DEBUG] [2026-07-05 20:03:15.750] [BUYER_JEOP1] 
The session refresh token in session is : null [end]

[start] [DEBUG] [2026-07-05 20:03:15.847] [BUYER_JEOP1] 
====request content is: 
    Request Type: Temp
Component : DBHelper
Session Context is: 
com.cs.core.utility.SessionContext@9fdee9bd
Request Info Type : com.cs.core.dao.exec.SQLDao
Request Info Content is: 
[01]SELECT C_AUTH_RULE FROM CEUSER.SEC_USER_INFO WHERE C_BK_GROUP_ID = 'CSBANK' AND C_UNIT_CODE = 'BUYER' AND C_USER_ID = 'JEOP1' 

 [end]

[start] [DEBUG] [2026-07-05 20:03:15.852] [BUYER_JEOP1] 
====request content is: 
    Request Type: Temp
Component : DBHelper
Session Context is: 
com.cs.core.utility.SessionContext@9fdee9bd
Request Info Type : com.cs.core.dao.exec.SQLDao
Request Info Content is: 
[01]SELECT C_AUTH_RULE FROM CEUSER.SEC_BUSINESS_UNIT WHERE C_BK_GROUP_ID = 'CSBANK' AND C_UNIT_CODE = 'BUYER' 

 [end]

[start] [DEBUG] [2026-07-05 20:03:15.854] [BUYER_JEOP1] 
====request content is: 
    Request Type: Temp
Component : DBHelper
Session Context is: 
com.cs.core.utility.SessionContext@cabc91c4
Request Info Type : com.cs.core.dao.exec.SQLDao
Request Info Content is: 
[01]SELECT DISTINCT C_WIDGET_NAME FROM CEUSER.SEC_WIDGETS_V2_LIST  WHERE  C_IS_ACTIVE = 'Y'  AND  C_ROLE_NAME IN ('MAKER','CHECKER')  ORDER BY  C_WIDGET_NAME 

 [end]

[start] [DEBUG] [2026-07-05 20:03:15.859] [BUYER_JEOP1] 
====request content is: 
    Request Type: Temp
Component : DBHelper
Session Context is: 
com.cs.core.utility.SessionContext@cabc91c4
Request Info Type : com.cs.core.dao.exec.SQLDao
Request Info Content is: 
[01]SELECT TAB.C_TAB_ID,TAB.C_TAB_NAME,TAB.I_TAB_SEQUENCE FROM CEUSER.SEC_WIDGETS_V2_TABS TAB LEFT JOIN CEUSER.SEC_WIDGETS_V2_LAYOUT LYT ON (TAB.C_TAB_ID = LYT.C_TAB_ID AND  TAB.C_UNIT_CODE = LYT.C_UNIT_CODE AND TAB.C_USER_ID = LYT.C_USER_ID )    WHERE  TAB.C_UNIT_CODE = 'BUYER'  AND  TAB.C_USER_ID = 'JEOP1'  AND  LYT.C_PAGE_NAME = 'default'  ORDER BY  TAB.I_TAB_SEQUENCE ASC 

 [end]

[start] [DEBUG] [2026-07-05 20:03:15.860] [BUYER_JEOP1] 
====request content is: 
    Request Type: Temp
Component : DBHelper
Session Context is: 
com.cs.core.utility.SessionContext@41aec750
Request Info Type : com.cs.core.dao.exec.SQLDao
Request Info Content is: 
[01]SELECT C_AUTH_RULE FROM CEUSER.SEC_USER_INFO WHERE C_BK_GROUP_ID = 'CSBANK' AND C_UNIT_CODE = 'BUYER' AND C_USER_ID = 'JEOP1' 

 [end]

[start] [DEBUG] [2026-07-05 20:03:15.864] [BUYER_JEOP1] 
Start to check whether user role is changed. [end]

[start] [DEBUG] [2026-07-05 20:03:15.865] [BUYER_JEOP1] 
====request content is: 
    Request Type: Temp
Component : DBHelper
Session Context is: 
com.cs.core.utility.SessionContext@41aec750
Request Info Type : com.cs.core.dao.exec.SQLDao
Request Info Content is: 
[01]SELECT C_AUTH_RULE FROM CEUSER.SEC_BUSINESS_UNIT WHERE C_BK_GROUP_ID = 'CSBANK' AND C_UNIT_CODE = 'BUYER' 

 [end]

[start] [DEBUG] [2026-07-05 20:03:15.884] [BUYER_JEOP1] 
====request content is: 
    Request Type: Temp
Component : DBHelper
Session Context is: 
com.cs.core.utility.SessionContext@41aec750
Request Info Type : com.cs.core.dao.exec.SQLDao
Request Info Content is: 
[01]SELECT COUNT(*) FROM CETRX.TRX_INBOX WHERE C_TRX_STATUS IN ('P', 'Z') AND C_BK_GROUP_ID = 'CSBANK' AND (C_TRX_STATUS <> 'R' AND C_TRX_STATUS <> 'A' OR C_TRX_STATUS IS NULL) AND C_PRODUCT_ID = 'P08091000000' AND C_UNIT_CODE = 'BUYER'

 [end]

[start] [DEBUG] [2026-07-05 20:03:15.911] [BUYER_JEOP1] 
====request content is: 
    Request Type: Temp
Component : DBHelper
Session Context is: 
com.cs.core.utility.SessionContext@cabc91c4
Request Info Type : com.cs.core.dao.exec.SQLDao
Request Info Content is: 
[01]SELECT C_LAYOUT_INFO FROM CEUSER.SEC_WIDGETS_V2_LAYOUT  WHERE  C_UNIT_CODE = 'BUYER'  AND  C_USER_ID = 'JEOP1'  AND  C_PAGE_NAME = 'default' 

 [end]

[start] [DEBUG] [2026-07-05 20:03:15.945] [BUYER_JEOP1] 
====request content is: 
    Request Type: Temp
Component : DBHelper
Session Context is: 
com.cs.core.utility.SessionContext@12acf10f
Request Info Type : com.cs.core.dao.exec.SQLDao
Request Info Content is: 
[01]SELECT DISTINCT C_WIDGET_NAME FROM CEUSER.SEC_WIDGETS_V2_LIST  WHERE  C_IS_ACTIVE = 'Y'  AND  C_ROLE_NAME IN ('MAKER','CHECKER')  ORDER BY  C_WIDGET_NAME 

 [end]

[start] [DEBUG] [2026-07-05 20:03:15.987] [BUYER_JEOP1] 
====request content is: 
    Request Type: Temp
Component : DBHelper
Session Context is: 
com.cs.core.utility.SessionContext@41aec750
Request Info Type : com.cs.core.dao.exec.SQLDao
Request Info Content is: 
[01]SELECT COUNT(*) FROM CETRX.STT_CLAUSE WHERE C_TRX_STATUS = 'F' AND C_BK_GROUP_ID = 'CSBANK' AND C_UNIT_CODE = 'BUYER'

 [end]

[start] [DEBUG] [2026-07-05 20:03:16.006] [BUYER_JEOP1] 
Check whether user role is changed end. Result is: false [end]

[start] [DEBUG] [2026-07-05 20:03:16.008] [BUYER_JEOP1] 
====request content is: 
    Request Type: Temp
Component : DBHelper
Session Context is: 
com.cs.core.utility.SessionContext@cabc91c4
Request Info Type : com.cs.core.dao.exec.SQLDao
Request Info Content is: 
[01]SELECT TAB.C_TAB_ID,TAB.C_TAB_NAME,TAB.I_TAB_SEQUENCE,LYT.C_LAYOUT_INFO FROM CEUSER.SEC_WIDGETS_V2_TABS TAB LEFT JOIN CEUSER.SEC_WIDGETS_V2_LAYOUT LYT ON (TAB.C_TAB_ID = LYT.C_TAB_ID AND  TAB.C_UNIT_CODE = LYT.C_UNIT_CODE AND TAB.C_USER_ID = LYT.C_USER_ID )    WHERE  TAB.C_UNIT_CODE = 'BUYER'  AND  TAB.C_USER_ID = 'JEOP1'  AND  LYT.C_PAGE_NAME = 'default'  ORDER BY  TAB.I_TAB_SEQUENCE ASC 

 [end]

[start] [DEBUG] [2026-07-05 20:03:16.069] [BUYER_JEOP1] 
====request content is: 
    Request Type: Temp
Component : DBHelper
Session Context is: 
com.cs.core.utility.SessionContext@cabc91c4
Request Info Type : com.cs.core.dao.exec.SQLDao
Request Info Content is: 
[01]SELECT C_INST_CONFIG FROM CEUSER.SEC_WIDGETS_V2_INST_CONFIG  WHERE  C_INST_ID = '2C92808496D29E530196D2B42EA3002C'  AND  C_UNIT_CODE = 'BUYER'  AND  C_USER_ID = 'JEOP1' 

 [end]

[start] [DEBUG] [2026-07-05 20:03:16.117] [BUYER_JEOP1] 
====request content is: 
    Request Type: Temp
Component : DBHelper
Session Context is: 
com.cs.core.utility.SessionContext@cabc91c4
Request Info Type : com.cs.core.dao.exec.SQLDao
Request Info Content is: 
[01]SELECT C_INST_CONFIG FROM CEUSER.SEC_WIDGETS_V2_INST_CONFIG  WHERE  C_INST_ID = '2C92808496D29E530196D2B42EA3002C'  AND  C_UNIT_CODE = 'BUYER'  AND  C_USER_ID = 'JEOP1' 

 [end]

[start] [DEBUG] [2026-07-05 20:03:16.139] [BUYER_JEOP1] 
====request content is: 
    Request Type: Temp
Component : DBHelper
Session Context is: 
com.cs.core.utility.SessionContext@cabc91c4
Request Info Type : com.cs.core.dao.exec.SQLDao
Request Info Content is: 
[01]SELECT C_INST_CONFIG FROM CEUSER.SEC_WIDGETS_V2_INST_CONFIG  WHERE  C_INST_ID = '2C92808496D29E530196D2B42EA8002F'  AND  C_UNIT_CODE = 'BUYER'  AND  C_USER_ID = 'JEOP1' 

 [end]

[start] [DEBUG] [2026-07-05 20:03:16.148] [BUYER_JEOP1] 
====request content is: 
    Request Type: Temp
Component : DBHelper
Session Context is: 
com.cs.core.utility.SessionContext@cabc91c4
Request Info Type : com.cs.core.dao.exec.SQLDao
Request Info Content is: 
[01]SELECT C_INST_CONFIG FROM CEUSER.SEC_WIDGETS_V2_INST_CONFIG  WHERE  C_INST_ID = '2C92808496D29E530196D2B42EA8002F'  AND  C_UNIT_CODE = 'BUYER'  AND  C_USER_ID = 'JEOP1' 

 [end]

[start] [DEBUG] [2026-07-05 20:03:16.157] [BUYER_JEOP1] 
====request content is: 
    Request Type: Temp
Component : DBHelper
Session Context is: 
com.cs.core.utility.SessionContext@cabc91c4
Request Info Type : com.cs.core.dao.exec.SQLDao
Request Info Content is: 
[01]SELECT C_INST_CONFIG FROM CEUSER.SEC_WIDGETS_V2_INST_CONFIG  WHERE  C_INST_ID = '2C92808496D29E530196D2B42EA6002D'  AND  C_UNIT_CODE = 'BUYER'  AND  C_USER_ID = 'JEOP1' 

 [end]

[start] [DEBUG] [2026-07-05 20:03:16.165] [BUYER_JEOP1] 
====request content is: 
    Request Type: Temp
Component : DBHelper
Session Context is: 
com.cs.core.utility.SessionContext@cabc91c4
Request Info Type : com.cs.core.dao.exec.SQLDao
Request Info Content is: 
[01]SELECT C_INST_CONFIG FROM CEUSER.SEC_WIDGETS_V2_INST_CONFIG  WHERE  C_INST_ID = '2C92808496D29E530196D2B42EA6002D'  AND  C_UNIT_CODE = 'BUYER'  AND  C_USER_ID = 'JEOP1' 

 [end]

[start] [DEBUG] [2026-07-05 20:03:16.174] [BUYER_JEOP1] 
====request content is: 
    Request Type: Temp
Component : DBHelper
Session Context is: 
com.cs.core.utility.SessionContext@cabc91c4
Request Info Type : com.cs.core.dao.exec.SQLDao
Request Info Content is: 
[01]SELECT C_INST_CONFIG FROM CEUSER.SEC_WIDGETS_V2_INST_CONFIG  WHERE  C_INST_ID = '2C92808496D29E530196D2B42EAB0030'  AND  C_UNIT_CODE = 'BUYER'  AND  C_USER_ID = 'JEOP1' 

 [end]

[start] [DEBUG] [2026-07-05 20:03:16.181] [BUYER_JEOP1] 
====request content is: 
    Request Type: Temp
Component : DBHelper
Session Context is: 
com.cs.core.utility.SessionContext@cabc91c4
Request Info Type : com.cs.core.dao.exec.SQLDao
Request Info Content is: 
[01]SELECT C_INST_CONFIG FROM CEUSER.SEC_WIDGETS_V2_INST_CONFIG  WHERE  C_INST_ID = '2C92808496D29E530196D2B42EAB0030'  AND  C_UNIT_CODE = 'BUYER'  AND  C_USER_ID = 'JEOP1' 

 [end]

[start] [DEBUG] [2026-07-05 20:03:16.189] [BUYER_JEOP1] 
====request content is: 
    Request Type: Temp
Component : DBHelper
Session Context is: 
com.cs.core.utility.SessionContext@cabc91c4
Request Info Type : com.cs.core.dao.exec.SQLDao
Request Info Content is: 
[01]SELECT C_INST_CONFIG FROM CEUSER.SEC_WIDGETS_V2_INST_CONFIG  WHERE  C_INST_ID = '2C92808496D29E530196D2B42EA7002E'  AND  C_UNIT_CODE = 'BUYER'  AND  C_USER_ID = 'JEOP1' 

 [end]

[start] [DEBUG] [2026-07-05 20:03:16.196] [BUYER_JEOP1] 
====request content is: 
    Request Type: Temp
Component : DBHelper
Session Context is: 
com.cs.core.utility.SessionContext@cabc91c4
Request Info Type : com.cs.core.dao.exec.SQLDao
Request Info Content is: 
[01]SELECT C_INST_CONFIG FROM CEUSER.SEC_WIDGETS_V2_INST_CONFIG  WHERE  C_INST_ID = '2C92808496D29E530196D2B42EA7002E'  AND  C_UNIT_CODE = 'BUYER'  AND  C_USER_ID = 'JEOP1' 

 [end]

[start] [DEBUG] [2026-07-05 20:03:16.211] [BUYER_JEOP1] 
====request content is: 
    Request Type: Temp
Component : DBHelper
Session Context is: 
com.cs.core.utility.SessionContext@41aec750
Request Info Type : com.cs.core.dao.exec.SQLDao
Request Info Content is: 
[01]SELECT COUNT(*) FROM CETRX.TRX_INBOX WHERE C_TRX_STATUS = 'R' AND C_TRX_STATUS IN ('P', 'R', 'Z') AND CURRNT_STATUS IN ('New Message from Customer', 'Reply from Customer', 'Follow from Customer', 'Intent to Pay') AND C_BK_GROUP_ID = 'CSBANK' AND C_PRODUCT_ID = 'P08091000000' AND C_UNIT_CODE = 'BUYER'

 [end]

[start] [DEBUG] [2026-07-05 20:03:16.276] [BUYER_JEOP1] 
====request content is: 
    Request Type: Temp
Component : DBHelper
Session Context is: 
com.cs.core.utility.SessionContext@c70024d1
Request Info Type : com.cs.core.dao.exec.SQLDao
Request Info Content is: 
[01]SELECT C_INACTIVE FROM CEUSER.SEC_USER_INFO WHERE C_USER_ID = 'JEOP1' AND C_UNIT_CODE = 'BUYER' 

 [end]

[start] [DEBUG] [2026-07-05 20:03:16.282] [BUYER_JEOP1] 
The request URI is : /BL6CEWeb/v1/openapi/user/roles [end]

[start] [DEBUG] [2026-07-05 20:03:16.283] [BUYER_JEOP1] 
The URI is :/BL6CEWeb/v1/openapi/user/roles [end]

[start] [DEBUG] [2026-07-05 20:03:16.284] [BUYER_JEOP1] 
The session refresh token in session is : null [end]

[start] [DEBUG] [2026-07-05 20:03:16.296] [BUYER_JEOP1] 
====request content is: 
    Request Type: Temp
Component : DBHelper
Session Context is: 
com.cs.core.utility.SessionContext@ba0f9a15
Request Info Type : com.cs.core.dao.exec.SQLDao
Request Info Content is: 
[01]SELECT C_INACTIVE FROM CEUSER.SEC_USER_INFO WHERE C_USER_ID = 'JEOP1' AND C_UNIT_CODE = 'BUYER' 

 [end]

[start] [DEBUG] [2026-07-05 20:03:16.301] [BUYER_JEOP1] 
The request URI is : /BL6CEWeb/v1/openapi/mainmenu [end]

[start] [DEBUG] [2026-07-05 20:03:16.303] [BUYER_JEOP1] 
The URI is :/BL6CEWeb/v1/openapi/mainmenu [end]

[start] [DEBUG] [2026-07-05 20:03:16.304] [BUYER_JEOP1] 
The session refresh token in session is : null [end]

[start] [DEBUG] [2026-07-05 20:03:16.338] [BUYER_JEOP1] 
Action target is :F05030701228 [end]

[start] [DEBUG] [2026-07-05 20:03:16.339] [BUYER_JEOP1] 
Action type is :function [end]

[start] [DEBUG] [2026-07-05 20:03:16.393] [BUYER_JEOP1] 
====request content is: 
    Request Type: Temp
Component : DBHelper
Session Context is: 
com.cs.core.utility.SessionContext@34e142c4
Request Info Type : com.cs.core.dao.exec.SQLDao
Request Info Content is: 
[01]SELECT C_INACTIVE FROM CEUSER.SEC_USER_INFO WHERE C_USER_ID = 'JEOP1' AND C_UNIT_CODE = 'BUYER' 

 [end]

[start] [DEBUG] [2026-07-05 20:03:16.398] [BUYER_JEOP1] 
The request URI is : /BL6CEWeb/v1/openapi/widget/favourites/inquire [end]

[start] [DEBUG] [2026-07-05 20:03:16.401] [BUYER_JEOP1] 
The URI is :/BL6CEWeb/v1/openapi/widget/favourites/inquire [end]

[start] [DEBUG] [2026-07-05 20:03:16.402] [BUYER_JEOP1] 
The session refresh token in session is : null [end]

[start] [DEBUG] [2026-07-05 20:03:16.407] [BUYER_JEOP1] 
====request content is: 
    Request Type: Temp
Component : DBHelper
Session Context is: 
com.cs.core.utility.SessionContext@34e142c4
Request Info Type : com.cs.core.dao.exec.SQLDao
Request Info Content is: 
[01]SELECT C_FUNC_ID,T_OP_TIME FROM CETRX.TRX_FAVOR_FUNC  WHERE  C_UNIT_CODE = 'BUYER'  AND  C_USER_ID = 'JEOP1'  ORDER BY  T_OP_TIME DESC 

 [end]

[start] [DEBUG] [2026-07-05 20:03:16.443] [BUYER_JEOP1] 
Action target is :Party [end]

[start] [DEBUG] [2026-07-05 20:03:16.444] [BUYER_JEOP1] 
Action type is :catalog [end]

[start] [DEBUG] [2026-07-05 20:03:16.448] [BUYER_JEOP1] 
Action target is :Clause [end]

[start] [DEBUG] [2026-07-05 20:03:16.449] [BUYER_JEOP1] 
Action type is :catalog [end]

[start] [DEBUG] [2026-07-05 20:03:16.453] [BUYER_JEOP1] 
Action target is :AccountMaintain [end]

[start] [DEBUG] [2026-07-05 20:03:16.454] [BUYER_JEOP1] 
Action type is :catalog [end]

[start] [DEBUG] [2026-07-05 20:03:16.459] [BUYER_JEOP1] 
Action target is :EmailGroup [end]

[start] [DEBUG] [2026-07-05 20:03:16.460] [BUYER_JEOP1] 
Action type is :catalog [end]

[start] [DEBUG] [2026-07-05 20:03:16.464] [BUYER_JEOP1] 
Action target is :F05030701115 [end]

[start] [DEBUG] [2026-07-05 20:03:16.465] [BUYER_JEOP1] 
Action type is :function [end]

[start] [DEBUG] [2026-07-05 20:03:16.467] [BUYER_JEOP1] 
Action target is :Label [end]

[start] [DEBUG] [2026-07-05 20:03:16.552] [BUYER_JEOP1] 
Action type is :catalog [end]

[start] [DEBUG] [2026-07-05 20:03:16.564] [BUYER_JEOP1] 
====request content is: 
    Request Type: Temp
Component : DBHelper
Session Context is: 
com.cs.core.utility.SessionContext@3ed0b48f
Request Info Type : com.cs.core.dao.exec.SQLDao
Request Info Content is: 
[01]SELECT C_INACTIVE FROM CEUSER.SEC_USER_INFO WHERE C_USER_ID = 'JEOP1' AND C_UNIT_CODE = 'BUYER' 

 [end]

[start] [DEBUG] [2026-07-05 20:03:16.568] [BUYER_JEOP1] 
The request URI is : /BL6CEWeb/v1/openapi/ctaction/count [end]

[start] [DEBUG] [2026-07-05 20:03:16.569] [BUYER_JEOP1] 
The URI is :/BL6CEWeb/v1/openapi/ctaction/count [end]

[start] [DEBUG] [2026-07-05 20:03:16.570] [BUYER_JEOP1] 
The session refresh token in session is : null [end]

[start] [DEBUG] [2026-07-05 20:03:16.574] [BUYER_JEOP1] 
The Catalog Object SQL is :SELECT DISTINCT T1.C_BK_GROUP_ID, T1.C_MAIN_REF, T1.C_TRX_REF, T1.C_UNIT_CODE, T1.PARENT_MAIN_REF, T1.C_TRX_STATUS, T1.CURRNT_STATUS, T1.C2A_STATUS, T1.I_EVENT_TIMES, T1.C_MODULE, T1.C_FUNC_ID, T1.C_PRODUCT_ID, T1.C_TRX_ID, T3.C_LOCKED_FLAG, T3.C_LOCKED_OP, T3.C_USER_DESC, T1.D_SYS_OP_DATE, T1.T_SYS_OP_TIME, T1.C2A_CCY, T1.C2A_AMOUNT, T1.C2A_COUNTERPARTY FROM CETRX.TRX_INBOX T1 LEFT JOIN CETRX.TRX_NEXT_FUNC T2 ON T1.C_PRODUCT_ID = T2.C_PRODUCT_ID AND T1.C2A_STATUS = T2.C2A_STATUS AND T1.C_TRX_STATUS = T2.C_TRX_STATUS LEFT JOIN CETRX.TRX_LOCK_INFO T3 ON T1.C_MAIN_REF = T3.C_MAIN_REF AND T1.C_UNIT_CODE = T3.C_UNIT_CODE WHERE (T2.C_NEXT_FUNC_ID IN (SELECT C_FUNC_ID FROM CEUSER.SEC_OP_FUNC WHERE C_USER_ID = ? AND C_GRP_CODE = ? AND C_UNIT_CODE = T1.C_UNIT_CODE) OR T2.C_NEXT_FUNC_ID IN (SELECT C_FUNC_ID FROM CEUSER.SEC_OP_FUNC WHERE C_GRP_CODE = ? AND C_USER_ID IN (SELECT C_ROLE_ID FROM CEUSER.SEC_USER_ROLE WHERE C_USER_ID = ? AND C_GRP_CODE = ?) AND C_UNIT_CODE = T1.C_UNIT_CODE)) AND (T1.C_TRX_STATUS = 'R' OR T1.C2A_STATUS IN ('Rejected by bank', 'Discrepancy notification', 'Document received') AND T1.C_TRX_STATUS = 'M' OR T1.C2A_STATUS IN ('Amendment(Detrimental)_fully authorized', 'Document discrepancy_fully authorized') AND T1.C_TRX_STATUS = 'A') AND T1.C_TRX_ID NOT IN (SELECT C_TRX_ID FROM CETRX.TRX_USER_DISMISS WHERE C_USER_ID = ? AND C_GRP_CODE = ?) AND (T1.C_MODULE = 'IMLC' OR T1.C_MODULE = 'EXLC' OR T1.C_MODULE = 'FAEF' OR T1.C_MODULE = 'FADA' OR T1.C_MODULE = 'TSUM' OR T1.C_MODULE = 'ABLF' OR T1.C_MODULE = 'UPLD') ORDER BY T1.D_SYS_OP_DATE DESC, T1.T_SYS_OP_TIME DESC [end]

[start] [DEBUG] [2026-07-05 20:03:16.577] [BUYER_JEOP1] 
====request content is: 
    Request Type: Temp
Component : DBHelper
Session Context is: 
com.cs.core.utility.SessionContext@3ed0b48f
Request Info Type : com.cs.core.dao.exec.SQLDao
Request Info Content is: 
[01]SELECT COUNT(*) FROM (SELECT DISTINCT T1.C_BK_GROUP_ID, T1.C_MAIN_REF, T1.C_TRX_REF, T1.C_UNIT_CODE, T1.PARENT_MAIN_REF, T1.C_TRX_STATUS, T1.CURRNT_STATUS, T1.C2A_STATUS, T1.I_EVENT_TIMES, T1.C_MODULE, T1.C_FUNC_ID, T1.C_PRODUCT_ID, T1.C_TRX_ID, T3.C_LOCKED_FLAG, T3.C_LOCKED_OP, T3.C_USER_DESC, T1.D_SYS_OP_DATE, T1.T_SYS_OP_TIME, T1.C2A_CCY, T1.C2A_AMOUNT, T1.C2A_COUNTERPARTY FROM CETRX.TRX_INBOX T1 LEFT JOIN CETRX.TRX_NEXT_FUNC T2 ON T1.C_PRODUCT_ID = T2.C_PRODUCT_ID AND T1.C2A_STATUS = T2.C2A_STATUS AND T1.C_TRX_STATUS = T2.C_TRX_STATUS LEFT JOIN CETRX.TRX_LOCK_INFO T3 ON T1.C_MAIN_REF = T3.C_MAIN_REF AND T1.C_UNIT_CODE = T3.C_UNIT_CODE WHERE   T1.C_BK_GROUP_ID = 'CSBANK'  AND (( T1.C_UNIT_CODE = 'BUYER'  AND  T1.C_PRODUCT_ID IN ('P05122400001','P06022700000','P08071500000','P08071500001','P08071500002','P08080600000','P08091000000') )) AND (T2.C_NEXT_FUNC_ID IN (SELECT C_FUNC_ID FROM CEUSER.SEC_OP_FUNC WHERE C_USER_ID = 'JEOP1' AND C_GRP_CODE = 'BUYER' AND C_UNIT_CODE = T1.C_UNIT_CODE) OR T2.C_NEXT_FUNC_ID IN (SELECT C_FUNC_ID FROM CEUSER.SEC_OP_FUNC WHERE C_GRP_CODE = 'BUYER' AND C_USER_ID IN (SELECT C_ROLE_ID FROM CEUSER.SEC_USER_ROLE WHERE C_USER_ID = 'JEOP1' AND C_GRP_CODE = 'BUYER') AND C_UNIT_CODE = T1.C_UNIT_CODE)) AND (T1.C_TRX_STATUS = 'R' OR T1.C2A_STATUS IN ('Rejected by bank', 'Discrepancy notification', 'Document received') AND T1.C_TRX_STATUS = 'M' OR T1.C2A_STATUS IN ('Amendment(Detrimental)_fully authorized', 'Document discrepancy_fully authorized') AND T1.C_TRX_STATUS = 'A') AND T1.C_TRX_ID NOT IN (SELECT C_TRX_ID FROM CETRX.TRX_USER_DISMISS WHERE C_USER_ID = 'JEOP1' AND C_GRP_CODE = 'BUYER') AND (T1.C_MODULE = 'IMLC' OR T1.C_MODULE = 'EXLC' OR T1.C_MODULE = 'FAEF' OR T1.C_MODULE = 'FADA' OR T1.C_MODULE = 'TSUM' OR T1.C_MODULE = 'ABLF' OR T1.C_MODULE = 'UPLD') ORDER BY T1.D_SYS_OP_DATE DESC, T1.T_SYS_OP_TIME DESC)

 [end]

[start] [DEBUG] [2026-07-05 20:03:16.596] [BUYER_JEOP1] 
====request content is: 
    Request Type: Temp
Component : DBHelper
Session Context is: 
com.cs.core.utility.SessionContext@3fa7eca
Request Info Type : com.cs.core.dao.exec.SQLDao
Request Info Content is: 
[01]SELECT C_INACTIVE FROM CEUSER.SEC_USER_INFO WHERE C_USER_ID = 'JEOP1' AND C_UNIT_CODE = 'BUYER' 

 [end]

[start] [DEBUG] [2026-07-05 20:03:16.602] [BUYER_JEOP1] 
The request URI is : /BL6CEWeb/v1/openapi/widget/recentfunctions/view [end]

[start] [DEBUG] [2026-07-05 20:03:16.603] [BUYER_JEOP1] 
The URI is :/BL6CEWeb/v1/openapi/widget/recentfunctions/view [end]

[start] [DEBUG] [2026-07-05 20:03:16.604] [BUYER_JEOP1] 
The session refresh token in session is : null [end]

[start] [DEBUG] [2026-07-05 20:03:16.611] [BUYER_JEOP1] 
====request content is: 
    Request Type: Temp
Component : DBHelper
Session Context is: 
com.cs.core.utility.SessionContext@3fa7eca
Request Info Type : com.cs.core.dao.exec.SQLDao
Request Info Content is: 
[01]SELECT C_IS_ACTIVE FROM CEUSER.SEC_WIDGETS_V2_LIST  WHERE  C_WIDGET_NAME = 'ShortcutMenu'  AND  C_ROLE_NAME IN ('MAKER','CHECKER') 

 [end]

[start] [DEBUG] [2026-07-05 20:03:16.617] [BUYER_JEOP1] 
====request content is: 
    Request Type: Temp
Component : DBHelper
Session Context is: 
com.cs.core.utility.SessionContext@3fa7eca
Request Info Type : com.cs.core.dao.exec.SQLDao
Request Info Content is: 
[01]SELECT C_FUNC_ID,C_MODULE FROM CETRX.TRX_ACT_LOG WHERE C_FUNC_ID IS NOT NULL AND C_UNIT_CODE = 'BUYER' AND C_USER_ID = 'JEOP1' AND D_SYS_OP_DATE BETWEEN TO_DATE('2026-06-05','yyyy-MM-dd') AND TO_DATE('2026-07-05','yyyy-MM-dd') ORDER BY D_SYS_OP_DATE DESC,T_SYS_OP_TIME DESC

 [end]

[start] [DEBUG] [2026-07-05 20:03:16.621] [BUYER_JEOP1] 
====request content is: 
    Request Type: Temp
Component : DBHelper
Session Context is: 
com.cs.core.utility.SessionContext@f5bb0375
Request Info Type : com.cs.core.dao.exec.SQLDao
Request Info Content is: 
[01]SELECT C_INACTIVE FROM CEUSER.SEC_USER_INFO WHERE C_USER_ID = 'JEOP1' AND C_UNIT_CODE = 'BUYER' 

 [end]

[start] [DEBUG] [2026-07-05 20:03:16.625] [BUYER_JEOP1] 
The request URI is : /BL6CEWeb/v1/openapi/reports/list [end]

[start] [DEBUG] [2026-07-05 20:03:16.627] [BUYER_JEOP1] 
The URI is :/BL6CEWeb/v1/openapi/reports/list [end]

[start] [DEBUG] [2026-07-05 20:03:16.628] [BUYER_JEOP1] 
The session refresh token in session is : null [end]

[start] [DEBUG] [2026-07-05 20:03:16.633] [BUYER_JEOP1] 
Access the endPoint '/reports/list'.
The request body is :{"data":{"type":"Pinned"}} [end]

[start] [DEBUG] [2026-07-05 20:03:16.635] [BUYER_JEOP1] 
====request content is: 
    Request Type: Temp
Component : DBHelper
Session Context is: 
com.cs.core.utility.SessionContext@f5bb0375
Request Info Type : com.cs.core.dao.exec.SQLDao
Request Info Content is: 
[01]SELECT A.C_REPORT_ID,A.C_GRP_CODE,A.C_USER_ID,A.T_PIN_DATE,B.C_SOURCE_REPORT,B.C_REPORT_NAME,B.T_UPDATE_DATE,C.C_USER_DESC FROM CETRX.TRX_USER_REPORT_PIN A LEFT JOIN CETRX.TRX_USER_REPORT B ON A.C_REPORT_ID = B.C_REPORT_ID  LEFT JOIN CEUSER.SEC_USER_INFO C ON A.C_GRP_CODE = C.C_UNIT_CODE AND A.C_USER_ID = C.C_USER_ID  WHERE  A.C_GRP_CODE = 'BUYER'  AND  A.C_USER_ID = 'JEOP1'  ORDER BY B.T_UPDATE_DATE DESC

 [end]

[start] [DEBUG] [2026-07-05 20:03:16.651] [BUYER_JEOP1] 
====request content is: 
    Request Type: Temp
Component : DBHelper
Session Context is: 
com.cs.core.utility.SessionContext@41806cb
Request Info Type : com.cs.core.dao.exec.SQLDao
Request Info Content is: 
[01]SELECT C_INACTIVE FROM CEUSER.SEC_USER_INFO WHERE C_USER_ID = 'JEOP1' AND C_UNIT_CODE = 'BUYER' 

 [end]

[start] [DEBUG] [2026-07-05 20:03:16.684] [BUYER_JEOP1] 
The Catalog Object SQL is :SELECT T1.C_BK_GROUP_ID, T1.C_MAIN_REF, T1.C_TRX_REF, T1.C_UNIT_CODE, T1.PARENT_MAIN_REF, T1.C_TRX_STATUS, T1.CURRNT_STATUS, T1.C2A_STATUS, T1.I_EVENT_TIMES, T1.C_MODULE, T1.C_FUNC_ID, T1.C_PRODUCT_ID, T1.C_TRX_ID, T3.C_LOCKED_FLAG, T3.C_LOCKED_OP, T3.C_USER_DESC, T1.D_SYS_OP_DATE, T1.T_SYS_OP_TIME, T1.C2A_CCY, T1.C2A_AMOUNT, T1.C2A_COUNTERPARTY FROM CETRX.TRX_INBOX T1 LEFT JOIN CETRX.TRX_LOCK_INFO T3 ON T1.C_MAIN_REF = T3.C_MAIN_REF AND T1.C_UNIT_CODE = T3.C_UNIT_CODE WHERE (T1.C_TRX_STATUS IN ('P', 'T', 'A', 'S', 'R') AND (T1.C_MODULE = 'IMLC' OR T1.C_MODULE = 'EXLC' OR T1.C_MODULE = 'FAEF' OR T1.C_MODULE = 'FADA' OR T1.C_MODULE = 'ABLF') AND T1.C2A_STATUS NOT IN ('Discrepancies rejected_fully authorized') OR T1.C_TRX_STATUS = 'M' AND (T1.C_MODULE = 'IMLC' AND T1.C2A_STATUS NOT IN ('Issued', 'Amended', 'Beneficiary rejected', 'Settled') OR T1.C_MODULE = 'EXCO' AND T1.CURRNT_STATUS NOT IN ('Payment Advice') OR T1.C_MODULE = 'EXLC' AND T1.CURRNT_STATUS NOT IN ('Settled', 'Advise Received', 'Amendment Received', 'Docment Received') OR T1.C_MODULE = 'FAEF' AND T1.CURRNT_STATUS NOT IN ('Settled', 'Advise Received') OR T1.C_MODULE = 'FADA' AND T1.CURRNT_STATUS NOT IN ('Settled', 'Advise Received') OR T1.C_MODULE = 'ABLF' AND T1.CURRNT_STATUS NOT IN ('Settled', 'Advise Received'))) AND T1.C_TRX_ID NOT IN (SELECT C_TRX_ID FROM CETRX.TRX_USER_DISMISS WHERE C_USER_ID = ? AND C_GRP_CODE = ?) AND (T1.C_MODULE = 'IMLC' OR T1.C_MODULE = 'EXLC' OR T1.C_MODULE = 'FAEF' OR T1.C_MODULE = 'FADA' OR T1.C_MODULE = 'ABLF') ORDER BY T1.D_SYS_OP_DATE DESC, T1.T_SYS_OP_TIME DESC [end]

[start] [DEBUG] [2026-07-05 20:03:16.688] [BUYER_JEOP1] 
====request content is: 
    Request Type: Temp
Component : DBHelper
Session Context is: 
com.cs.core.utility.SessionContext@3ed0b48f
Request Info Type : com.cs.core.dao.exec.SQLDao
Request Info Content is: 
[01]SELECT COUNT(*) FROM CETRX.TRX_INBOX T1 LEFT JOIN CETRX.TRX_LOCK_INFO T3 ON T1.C_MAIN_REF = T3.C_MAIN_REF AND T1.C_UNIT_CODE = T3.C_UNIT_CODE WHERE   T1.C_BK_GROUP_ID = 'CSBANK'  AND (( T1.C_UNIT_CODE = 'BUYER'  AND  T1.C_PRODUCT_ID IN ('P05122400001','P06022700000','P08071500000','P08071500001','P08071500002','P08080600000','P08091000000') )) AND (T1.C_TRX_STATUS IN ('P', 'T', 'A', 'S', 'R') AND (T1.C_MODULE = 'IMLC' OR T1.C_MODULE = 'EXLC' OR T1.C_MODULE = 'FAEF' OR T1.C_MODULE = 'FADA' OR T1.C_MODULE = 'ABLF') AND T1.C2A_STATUS NOT IN ('Discrepancies rejected_fully authorized') OR T1.C_TRX_STATUS = 'M' AND (T1.C_MODULE = 'IMLC' AND T1.C2A_STATUS NOT IN ('Issued', 'Amended', 'Beneficiary rejected', 'Settled') OR T1.C_MODULE = 'EXCO' AND T1.CURRNT_STATUS NOT IN ('Payment Advice') OR T1.C_MODULE = 'EXLC' AND T1.CURRNT_STATUS NOT IN ('Settled', 'Advise Received', 'Amendment Received', 'Docment Received') OR T1.C_MODULE = 'FAEF' AND T1.CURRNT_STATUS NOT IN ('Settled', 'Advise Received') OR T1.C_MODULE = 'FADA' AND T1.CURRNT_STATUS NOT IN ('Settled', 'Advise Received') OR T1.C_MODULE = 'ABLF' AND T1.CURRNT_STATUS NOT IN ('Settled', 'Advise Received'))) AND T1.C_TRX_ID NOT IN (SELECT C_TRX_ID FROM CETRX.TRX_USER_DISMISS WHERE C_USER_ID = 'JEOP1' AND C_GRP_CODE = 'BUYER') AND (T1.C_MODULE = 'IMLC' OR T1.C_MODULE = 'EXLC' OR T1.C_MODULE = 'FAEF' OR T1.C_MODULE = 'FADA' OR T1.C_MODULE = 'ABLF')

 [end]

[start] [DEBUG] [2026-07-05 20:03:16.699] [BUYER_JEOP1] 
The Catalog Object SQL is :SELECT T1.C_BK_GROUP_ID, T1.C_MAIN_REF, T1.C_TRX_REF, T1.C_UNIT_CODE, T1.PARENT_MAIN_REF, T1.C_TRX_STATUS, T1.CURRNT_STATUS, (CASE WHEN T1.C_MODULE = 'FADA' OR T1.C_MODULE = 'FAEF' THEN T1.C_TRX_STATUS ELSE T1.C2A_STATUS END) C2A_STATUS, T1.I_EVENT_TIMES, T1.C_MODULE, T1.C_FUNC_ID, T1.C_PRODUCT_ID, T1.C_TRX_ID, T3.C_LOCKED_FLAG, T3.C_LOCKED_OP, T3.C_USER_DESC, T1.D_SYS_OP_DATE, T1.T_SYS_OP_TIME, T1.C2A_CCY, T1.C2A_AMOUNT, T1.C2A_COUNTERPARTY FROM CETRX.TRX_INBOX T1 LEFT JOIN CETRX.TRX_LOCK_INFO T3 ON T1.C_MAIN_REF = T3.C_MAIN_REF AND T1.C_UNIT_CODE = T3.C_UNIT_CODE WHERE (T1.C2A_STATUS IN ('Issued', 'Amended', 'Beneficiary rejected', 'Discrepancies rejected_fully authorized', 'Settled') AND T1.C_MODULE = 'IMLC' OR T1.CURRNT_STATUS IN ('Issued', 'Amended', 'Detrimental Amendment', 'Beneficiary Consent', 'Beneficiary Rejected', 'Document Presentation', 'Document Presentation', 'Settlement', 'Settled') AND T1.C_MODULE = 'EXCO' OR T1.C2A_STATUS IN ('Settled', 'Amendment_fully authorized', '') AND T1.C_MODULE = 'EXLC' OR T1.C_FUNC_ID IN ('F05030700899', 'F05030700901', 'F05030700908') AND T1.C2A_STATUS = 'Fully authorized' AND T1.C_MODULE = 'EXLC' OR T1.C_MODULE = 'FADA' OR T1.C_MODULE = 'FAEF') AND T1.C_TRX_STATUS IN ('M', 'A', 'S') AND T1.C_TRX_ID NOT IN (SELECT C_TRX_ID FROM CETRX.TRX_USER_DISMISS WHERE C_USER_ID = ? AND C_GRP_CODE = ?) AND (T1.C_MODULE = 'IMLC' OR T1.C_MODULE = 'EXLC' OR T1.C_MODULE = 'FADA' OR T1.C_MODULE = 'FAEF') ORDER BY T1.D_SYS_OP_DATE DESC, T1.T_SYS_OP_TIME DESC, T1.PARENT_MAIN_REF DESC [end]

[start] [DEBUG] [2026-07-05 20:03:16.701] [BUYER_JEOP1] 
====request content is: 
    Request Type: Temp
Component : DBHelper
Session Context is: 
com.cs.core.utility.SessionContext@3ed0b48f
Request Info Type : com.cs.core.dao.exec.SQLDao
Request Info Content is: 
[01]SELECT COUNT(*) FROM CETRX.TRX_INBOX T1 LEFT JOIN CETRX.TRX_LOCK_INFO T3 ON T1.C_MAIN_REF = T3.C_MAIN_REF AND T1.C_UNIT_CODE = T3.C_UNIT_CODE WHERE   T1.C_BK_GROUP_ID = 'CSBANK'  AND (( T1.C_UNIT_CODE = 'BUYER'  AND  T1.C_PRODUCT_ID IN ('P05122400001','P06022700000','P08071500000','P08071500001','P08071500002','P08080600000','P08091000000') )) AND (T1.C2A_STATUS IN ('Issued', 'Amended', 'Beneficiary rejected', 'Discrepancies rejected_fully authorized', 'Settled') AND T1.C_MODULE = 'IMLC' OR T1.CURRNT_STATUS IN ('Issued', 'Amended', 'Detrimental Amendment', 'Beneficiary Consent', 'Beneficiary Rejected', 'Document Presentation', 'Document Presentation', 'Settlement', 'Settled') AND T1.C_MODULE = 'EXCO' OR T1.C2A_STATUS IN ('Settled', 'Amendment_fully authorized', '') AND T1.C_MODULE = 'EXLC' OR T1.C_FUNC_ID IN ('F05030700899', 'F05030700901', 'F05030700908') AND T1.C2A_STATUS = 'Fully authorized' AND T1.C_MODULE = 'EXLC' OR T1.C_MODULE = 'FADA' OR T1.C_MODULE = 'FAEF') AND T1.C_TRX_STATUS IN ('M', 'A', 'S') AND T1.C_TRX_ID NOT IN (SELECT C_TRX_ID FROM CETRX.TRX_USER_DISMISS WHERE C_USER_ID = 'JEOP1' AND C_GRP_CODE = 'BUYER') AND (T1.C_MODULE = 'IMLC' OR T1.C_MODULE = 'EXLC' OR T1.C_MODULE = 'FADA' OR T1.C_MODULE = 'FAEF')

 [end]

[start] [DEBUG] [2026-07-05 20:03:16.711] [BUYER_JEOP1] 
The Catalog Object SQL is :SELECT DISTINCT T1.C_BK_GROUP_ID, T1.C_MAIN_REF, T1.C_TRX_REF, T1.C_UNIT_CODE, T1.PARENT_MAIN_REF, T1.C_TRX_STATUS, T1.I_EVENT_TIMES, T1.C_MODULE, T1.C_FUNC_ID, T1.C_PRODUCT_ID, T1.C_TRX_ID, T3.C_LOCKED_FLAG, T3.C_LOCKED_OP, T3.C_USER_DESC, T1.D_SYS_OP_DATE, T1.T_SYS_OP_TIME, T1.C2A_CCY, T1.C2A_AMOUNT, T1.C2A_COUNTERPARTY FROM CETRX.TRX_INBOX T1 LEFT JOIN CETRX.TRX_NEXT_FUNC T2 ON T1.C_PRODUCT_ID = T2.C_PRODUCT_ID AND T1.C_TRX_STATUS = T2.C_TRX_STATUS LEFT JOIN CETRX.TRX_LOCK_INFO T3 ON T1.C_MAIN_REF = T3.C_MAIN_REF AND T1.C_UNIT_CODE = T3.C_UNIT_CODE WHERE (T2.C_NEXT_FUNC_ID IN (SELECT C_FUNC_ID FROM CEUSER.SEC_OP_FUNC WHERE C_USER_ID = ? AND C_GRP_CODE = ? AND C_UNIT_CODE = T1.C_UNIT_CODE) OR T2.C_NEXT_FUNC_ID IN (SELECT C_FUNC_ID FROM CEUSER.SEC_OP_FUNC WHERE C_GRP_CODE = ? AND C_USER_ID IN (SELECT C_ROLE_ID FROM CEUSER.SEC_USER_ROLE WHERE C_USER_ID = ? AND C_GRP_CODE = ?) AND C_UNIT_CODE = T1.C_UNIT_CODE)) AND T1.C_TRX_STATUS = 'Z' AND T1.C_TRX_ID NOT IN (SELECT C_TRX_ID FROM CETRX.TRX_USER_DISMISS WHERE C_USER_ID = ? AND C_GRP_CODE = ?) AND (T1.C_MODULE = 'IMLC' OR T1.C_MODULE = 'EXLC' OR T1.C_MODULE = 'FAEF' OR T1.C_MODULE = 'FADA' OR T1.C_MODULE = 'ABLF') ORDER BY T1.D_SYS_OP_DATE DESC, T1.T_SYS_OP_TIME DESC [end]

[start] [DEBUG] [2026-07-05 20:03:16.714] [BUYER_JEOP1] 
====request content is: 
    Request Type: Temp
Component : DBHelper
Session Context is: 
com.cs.core.utility.SessionContext@3ed0b48f
Request Info Type : com.cs.core.dao.exec.SQLDao
Request Info Content is: 
[01]SELECT COUNT(*) FROM (SELECT DISTINCT T1.C_BK_GROUP_ID, T1.C_MAIN_REF, T1.C_TRX_REF, T1.C_UNIT_CODE, T1.PARENT_MAIN_REF, T1.C_TRX_STATUS, T1.I_EVENT_TIMES, T1.C_MODULE, T1.C_FUNC_ID, T1.C_PRODUCT_ID, T1.C_TRX_ID, T3.C_LOCKED_FLAG, T3.C_LOCKED_OP, T3.C_USER_DESC, T1.D_SYS_OP_DATE, T1.T_SYS_OP_TIME, T1.C2A_CCY, T1.C2A_AMOUNT, T1.C2A_COUNTERPARTY FROM CETRX.TRX_INBOX T1 LEFT JOIN CETRX.TRX_NEXT_FUNC T2 ON T1.C_PRODUCT_ID = T2.C_PRODUCT_ID AND T1.C_TRX_STATUS = T2.C_TRX_STATUS LEFT JOIN CETRX.TRX_LOCK_INFO T3 ON T1.C_MAIN_REF = T3.C_MAIN_REF AND T1.C_UNIT_CODE = T3.C_UNIT_CODE WHERE   T1.C_BK_GROUP_ID = 'CSBANK'  AND (( T1.C_UNIT_CODE = 'BUYER'  AND  T1.C_PRODUCT_ID IN ('P05122400001','P06022700000','P08071500000','P08071500001','P08071500002','P08080600000','P08091000000') )) AND (T2.C_NEXT_FUNC_ID IN (SELECT C_FUNC_ID FROM CEUSER.SEC_OP_FUNC WHERE C_USER_ID = 'JEOP1' AND C_GRP_CODE = 'BUYER' AND C_UNIT_CODE = T1.C_UNIT_CODE) OR T2.C_NEXT_FUNC_ID IN (SELECT C_FUNC_ID FROM CEUSER.SEC_OP_FUNC WHERE C_GRP_CODE = 'BUYER' AND C_USER_ID IN (SELECT C_ROLE_ID FROM CEUSER.SEC_USER_ROLE WHERE C_USER_ID = 'JEOP1' AND C_GRP_CODE = 'BUYER') AND C_UNIT_CODE = T1.C_UNIT_CODE)) AND T1.C_TRX_STATUS = 'Z' AND T1.C_TRX_ID NOT IN (SELECT C_TRX_ID FROM CETRX.TRX_USER_DISMISS WHERE C_USER_ID = 'JEOP1' AND C_GRP_CODE = 'BUYER') AND (T1.C_MODULE = 'IMLC' OR T1.C_MODULE = 'EXLC' OR T1.C_MODULE = 'FAEF' OR T1.C_MODULE = 'FADA' OR T1.C_MODULE = 'ABLF') ORDER BY T1.D_SYS_OP_DATE DESC, T1.T_SYS_OP_TIME DESC)

 [end]

[start] [DEBUG] [2026-07-05 20:03:16.892] [BUYER_JEOP1] 
====request content is: 
    Request Type: Temp
Component : DBHelper
Session Context is: 
com.cs.core.utility.SessionContext@b165bdc6
Request Info Type : com.cs.core.dao.exec.SQLDao
Request Info Content is: 
[01]SELECT C_INACTIVE FROM CEUSER.SEC_USER_INFO WHERE C_USER_ID = 'JEOP1' AND C_UNIT_CODE = 'BUYER' 

 [end]

[start] [DEBUG] [2026-07-05 20:03:16.897] [BUYER_JEOP1] 
The request URI is : /BL6CEWeb/v1/openapi/catalog/combo/meta [end]

[start] [DEBUG] [2026-07-05 20:03:16.899] [BUYER_JEOP1] 
The URI is :/BL6CEWeb/v1/openapi/catalog/combo/meta [end]

[start] [DEBUG] [2026-07-05 20:03:16.900] [BUYER_JEOP1] 
The session refresh token in session is : null [end]

[start] [DEBUG] [2026-07-05 20:03:16.907] [BUYER_JEOP1] 
====request content is: 
    Request Type: Temp
Component : DBHelper
Session Context is: 
com.cs.core.utility.SessionContext@b165bdc6
Request Info Type : com.cs.core.dao.exec.SQLDao
Request Info Content is: 
[01]SELECT C_CRITERIA_DATA,C_TMPL_NAME,C_IS_DEFAULT FROM CETRX.STD_SEARCH_CRITERIA  WHERE  C_UNIT_CODE = 'BUYER'  AND  C_USER_ID = 'JEOP1'  AND  C_CATA_ID = 'C2A_ForYou'  AND  C_BK_GROUP_ID = 'CSBANK'  AND  I_CRITERIA_TYPE = 4 

 [end]

[start] [DEBUG] [2026-07-05 20:03:16.913] [BUYER_JEOP1] 
The option type "distinctRecord" is only used to show the dropdown list not for format [end]

[start] [ERROR] [2026-07-05 20:03:16.915] [BUYER_JEOP1] 
Can not find product ID  in parameter products.xml [end]

[start] [ERROR] [2026-07-05 20:03:16.917] [BUYER_JEOP1] 
Can not find product ID  in parameter products.xml [end]

[start] [ERROR] [2026-07-05 20:03:16.918] [BUYER_JEOP1] 
Can not find product ID  in parameter products.xml [end]

[start] [ERROR] [2026-07-05 20:03:16.919] [BUYER_JEOP1] 
Can not find product ID  in parameter products.xml [end]

[start] [ERROR] [2026-07-05 20:03:16.920] [BUYER_JEOP1] 
Can not find product ID  in parameter products.xml [end]

[start] [ERROR] [2026-07-05 20:03:16.921] [BUYER_JEOP1] 
Can not find product ID  in parameter products.xml [end]

[start] [DEBUG] [2026-07-05 20:03:16.923] [BUYER_JEOP1] 
The request URI is : /BL6CEWeb/v1/openapi/calendar-event/event-list [end]

[start] [DEBUG] [2026-07-05 20:03:16.924] [BUYER_JEOP1] 
The URI is :/BL6CEWeb/v1/openapi/calendar-event/event-list [end]

[start] [DEBUG] [2026-07-05 20:03:16.926] [BUYER_JEOP1] 
The session refresh token in session is : null [end]

[start] [DEBUG] [2026-07-05 20:03:16.932] [BUYER_JEOP1] 
====request content is: 
    Request Type: Temp
Component : DBHelper
Session Context is: 
com.cs.core.utility.SessionContext@41806cb
Request Info Type : com.cs.core.dao.exec.SQLDao
Request Info Content is: 
[01]SELECT EXPIRY_DT AS GROUP_DATE, COUNT(*) AS ASCOUNT FROM (SELECT C_PRODUCT_ID, C_MAIN_REF, C_TRX_REF, I_EVENT_TIMES, C_BK_GROUP_ID, C_UNIT_CODE, CUST_NO, LC_NO, APPL_NM, BENE_NM, PARENT_MAIN_REF, LC_CCY, LC_AMT, LC_BALA, ISSUE_DT, EXPIRY_DT, CURRNT_STATUS, C_TRX_STATUS, D_CREA_DATE FROM CETRX.IMLC_EM_ISSUE WHERE   C_BK_GROUP_ID = 'CSBANK'  AND (( C_UNIT_CODE = 'BUYER'  AND  C_PRODUCT_ID = 'P08071500000' )) AND C_TRX_STATUS IN ('P', 'A', 'T', 'R', 'M') AND EXPIRY_DT >= TO_DATE('2026-01-01', 'YYYY-MM-DD') AND EXPIRY_DT <= TO_DATE('2026-12-31', 'YYYY-MM-DD') ) TEMP_TABLE GROUP BY EXPIRY_DT

 [end]

[start] [DEBUG] [2026-07-05 20:03:16.944] [BUYER_JEOP1] 
====request content is: 
    Request Type: Temp
Component : DBHelper
Session Context is: 
com.cs.core.utility.SessionContext@448fd4b7
Request Info Type : com.cs.core.dao.exec.SQLDao
Request Info Content is: 
[01]SELECT C_INACTIVE FROM CEUSER.SEC_USER_INFO WHERE C_USER_ID = 'JEOP1' AND C_UNIT_CODE = 'BUYER' 

 [end]

[start] [DEBUG] [2026-07-05 20:03:16.950] [BUYER_JEOP1] 
The request URI is : /BL6CEWeb/v1/openapi/catalog/combo/meta [end]

[start] [DEBUG] [2026-07-05 20:03:16.951] [BUYER_JEOP1] 
The URI is :/BL6CEWeb/v1/openapi/catalog/combo/meta [end]

[start] [DEBUG] [2026-07-05 20:03:16.953] [BUYER_JEOP1] 
The session refresh token in session is : null [end]

[start] [DEBUG] [2026-07-05 20:03:16.958] [BUYER_JEOP1] 
====request content is: 
    Request Type: Temp
Component : DBHelper
Session Context is: 
com.cs.core.utility.SessionContext@448fd4b7
Request Info Type : com.cs.core.dao.exec.SQLDao
Request Info Content is: 
[01]SELECT C_CRITERIA_DATA,C_TMPL_NAME,C_IS_DEFAULT FROM CETRX.STD_SEARCH_CRITERIA  WHERE  C_UNIT_CODE = 'BUYER'  AND  C_USER_ID = 'JEOP1'  AND  C_CATA_ID = 'C2A_PendingApproval'  AND  C_BK_GROUP_ID = 'CSBANK'  AND  I_CRITERIA_TYPE = 4 

 [end]

[start] [DEBUG] [2026-07-05 20:03:16.963] [BUYER_JEOP1] 
The option type "distinctRecord" is only used to show the dropdown list not for format [end]

[start] [ERROR] [2026-07-05 20:03:16.965] [BUYER_JEOP1] 
Can not find product ID  in parameter products.xml [end]

[start] [ERROR] [2026-07-05 20:03:16.966] [BUYER_JEOP1] 
Can not find product ID  in parameter products.xml [end]

[start] [ERROR] [2026-07-05 20:03:16.967] [BUYER_JEOP1] 
Can not find product ID  in parameter products.xml [end]

[start] [ERROR] [2026-07-05 20:03:16.968] [BUYER_JEOP1] 
Can not find product ID  in parameter products.xml [end]

[start] [ERROR] [2026-07-05 20:03:16.969] [BUYER_JEOP1] 
Can not find product ID  in parameter products.xml [end]

[start] [ERROR] [2026-07-05 20:03:16.970] [BUYER_JEOP1] 
Can not find product ID  in parameter products.xml [end]

[start] [ERROR] [2026-07-05 20:03:16.971] [BUYER_JEOP1] 
Can not find product ID  in parameter products.xml [end]

[start] [ERROR] [2026-07-05 20:03:16.972] [BUYER_JEOP1] 
Can not find product ID  in parameter products.xml [end]

[start] [ERROR] [2026-07-05 20:03:16.973] [BUYER_JEOP1] 
Can not find product ID  in parameter products.xml [end]

[start] [ERROR] [2026-07-05 20:03:16.975] [BUYER_JEOP1] 
Can not find product ID  in parameter products.xml [end]

[start] [ERROR] [2026-07-05 20:03:16.976] [BUYER_JEOP1] 
Can not find product ID  in parameter products.xml [end]

[start] [ERROR] [2026-07-05 20:03:17.025] [BUYER_JEOP1] 
Can not find product ID  in parameter products.xml [end]

[start] [ERROR] [2026-07-05 20:03:17.027] [BUYER_JEOP1] 
Can not find product ID  in parameter products.xml [end]

[start] [ERROR] [2026-07-05 20:03:17.028] [BUYER_JEOP1] 
Can not find product ID  in parameter products.xml [end]

[start] [ERROR] [2026-07-05 20:03:17.029] [BUYER_JEOP1] 
Can not find product ID  in parameter products.xml [end]

[start] [ERROR] [2026-07-05 20:03:17.030] [BUYER_JEOP1] 
Can not find product ID  in parameter products.xml [end]

[start] [ERROR] [2026-07-05 20:03:17.031] [BUYER_JEOP1] 
Can not find product ID  in parameter products.xml [end]

[start] [DEBUG] [2026-07-05 20:03:17.057] [BUYER_JEOP1] 
====request content is: 
    Request Type: Temp
Component : DBHelper
Session Context is: 
com.cs.core.utility.SessionContext@41806cb
Request Info Type : com.cs.core.dao.exec.SQLDao
Request Info Content is: 
[01]SELECT DUE_DT AS GROUP_DATE, COUNT(*) AS ASCOUNT FROM (SELECT C_PRODUCT_ID, C_MAIN_REF, C_TRX_REF, I_EVENT_TIMES, C_BK_GROUP_ID, C_UNIT_CODE, PARENT_MAIN_REF, APPL_NM, CUST_NO, LC_NO, DRAW_NO, NO_OF_DRAW, BENE_NM, PRES_CCY, PRES_AMT, DUE_DT, CURRNT_STATUS, C_TRX_STATUS FROM CETRX.IMLC_EM_NEGO WHERE   C_BK_GROUP_ID = 'CSBANK'  AND (( C_UNIT_CODE = 'BUYER'  AND  C_PRODUCT_ID = 'P08071500000' )) AND C_TRX_STATUS IN ('P', 'A', 'T', 'R', 'M') AND DUE_DT >= TO_DATE('2026-01-01', 'YYYY-MM-DD') AND DUE_DT <= TO_DATE('2026-12-31', 'YYYY-MM-DD') ) TEMP_TABLE GROUP BY DUE_DT

 [end]

[start] [ERROR] [2026-07-05 20:03:17.076] [BUYER_JEOP1] 
Can not find product ID  in parameter products.xml [end]

[start] [ERROR] [2026-07-05 20:03:17.079] [BUYER_JEOP1] 
Can not find product ID  in parameter products.xml [end]

[start] [ERROR] [2026-07-05 20:03:17.080] [BUYER_JEOP1] 
Can not find product ID  in parameter products.xml [end]

[start] [ERROR] [2026-07-05 20:03:17.081] [BUYER_JEOP1] 
Can not find product ID  in parameter products.xml [end]

[start] [ERROR] [2026-07-05 20:03:17.082] [BUYER_JEOP1] 
Can not find product ID  in parameter products.xml [end]

[start] [ERROR] [2026-07-05 20:03:17.084] [BUYER_JEOP1] 
Can not find product ID  in parameter products.xml [end]

[start] [ERROR] [2026-07-05 20:03:17.085] [BUYER_JEOP1] 
Can not find product ID  in parameter products.xml [end]

[start] [ERROR] [2026-07-05 20:03:17.086] [BUYER_JEOP1] 
Can not find product ID  in parameter products.xml [end]

[start] [ERROR] [2026-07-05 20:03:17.087] [BUYER_JEOP1] 
Can not find product ID  in parameter products.xml [end]

[start] [ERROR] [2026-07-05 20:03:17.089] [BUYER_JEOP1] 
Can not find product ID  in parameter products.xml [end]

[start] [ERROR] [2026-07-05 20:03:17.090] [BUYER_JEOP1] 
Can not find product ID  in parameter products.xml [end]

[start] [ERROR] [2026-07-05 20:03:17.092] [BUYER_JEOP1] 
Can not find product ID  in parameter products.xml [end]

[start] [ERROR] [2026-07-05 20:03:17.093] [BUYER_JEOP1] 
Can not find product ID  in parameter products.xml [end]

[start] [ERROR] [2026-07-05 20:03:17.094] [BUYER_JEOP1] 
Can not find product ID  in parameter products.xml [end]

[start] [ERROR] [2026-07-05 20:03:17.095] [BUYER_JEOP1] 
Can not find product ID  in parameter products.xml [end]

[start] [ERROR] [2026-07-05 20:03:17.096] [BUYER_JEOP1] 
Can not find product ID  in parameter products.xml [end]

[start] [ERROR] [2026-07-05 20:03:17.097] [BUYER_JEOP1] 
Can not find product ID  in parameter products.xml [end]

[start] [ERROR] [2026-07-05 20:03:17.099] [BUYER_JEOP1] 
Can not find product ID  in parameter products.xml [end]

[start] [ERROR] [2026-07-05 20:03:17.100] [BUYER_JEOP1] 
Can not find product ID  in parameter products.xml [end]

[start] [ERROR] [2026-07-05 20:03:17.102] [BUYER_JEOP1] 
Can not find product ID  in parameter products.xml [end]

[start] [ERROR] [2026-07-05 20:03:17.103] [BUYER_JEOP1] 
Can not find product ID  in parameter products.xml [end]

[start] [ERROR] [2026-07-05 20:03:17.104] [BUYER_JEOP1] 
Can not find product ID  in parameter products.xml [end]

[start] [ERROR] [2026-07-05 20:03:17.115] [BUYER_JEOP1] 
{{W}}[000334]?????? ?????????? [end]

[start] [ERROR] [2026-07-05 20:03:17.120] [BUYER_JEOP1] 
{{W}}[000334]?????? ?????????? [end]

[start] [ERROR] [2026-07-05 20:03:17.140] [BUYER_JEOP1] 
Can not find product ID  in parameter products.xml [end]

[start] [ERROR] [2026-07-05 20:03:17.141] [BUYER_JEOP1] 
Can not find product ID  in parameter products.xml [end]

[start] [ERROR] [2026-07-05 20:03:17.142] [BUYER_JEOP1] 
Can not find product ID  in parameter products.xml [end]

[start] [ERROR] [2026-07-05 20:03:17.144] [BUYER_JEOP1] 
Can not find product ID  in parameter products.xml [end]

[start] [ERROR] [2026-07-05 20:03:17.146] [BUYER_JEOP1] 
Can not find product ID  in parameter products.xml [end]

[start] [ERROR] [2026-07-05 20:03:17.147] [BUYER_JEOP1] 
Can not find product ID  in parameter products.xml [end]

[start] [ERROR] [2026-07-05 20:03:17.148] [BUYER_JEOP1] 
Can not find product ID  in parameter products.xml [end]

[start] [ERROR] [2026-07-05 20:03:17.149] [BUYER_JEOP1] 
Can not find product ID  in parameter products.xml [end]

[start] [ERROR] [2026-07-05 20:03:17.150] [BUYER_JEOP1] 
Can not find product ID  in parameter products.xml [end]

[start] [ERROR] [2026-07-05 20:03:17.151] [BUYER_JEOP1] 
Can not find product ID  in parameter products.xml [end]

[start] [ERROR] [2026-07-05 20:03:17.181] [BUYER_JEOP1] 
Can not find product ID  in parameter products.xml [end]

[start] [ERROR] [2026-07-05 20:03:17.183] [BUYER_JEOP1] 
Can not find product ID  in parameter products.xml [end]

[start] [ERROR] [2026-07-05 20:03:17.184] [BUYER_JEOP1] 
Can not find product ID  in parameter products.xml [end]

[start] [ERROR] [2026-07-05 20:03:17.185] [BUYER_JEOP1] 
Can not find product ID  in parameter products.xml [end]

[start] [ERROR] [2026-07-05 20:03:17.186] [BUYER_JEOP1] 
Can not find product ID  in parameter products.xml [end]

[start] [ERROR] [2026-07-05 20:03:17.187] [BUYER_JEOP1] 
Can not find product ID  in parameter products.xml [end]

[start] [ERROR] [2026-07-05 20:03:17.188] [BUYER_JEOP1] 
Can not find product ID  in parameter products.xml [end]

[start] [ERROR] [2026-07-05 20:03:17.190] [BUYER_JEOP1] 
Can not find product ID  in parameter products.xml [end]

[start] [ERROR] [2026-07-05 20:03:17.191] [BUYER_JEOP1] 
Can not find product ID  in parameter products.xml [end]

[start] [ERROR] [2026-07-05 20:03:17.192] [BUYER_JEOP1] 
Can not find product ID  in parameter products.xml [end]

[start] [ERROR] [2026-07-05 20:03:17.193] [BUYER_JEOP1] 
Can not find product ID  in parameter products.xml [end]

[start] [ERROR] [2026-07-05 20:03:17.194] [BUYER_JEOP1] 
Can not find product ID  in parameter products.xml [end]

[start] [ERROR] [2026-07-05 20:03:17.196] [BUYER_JEOP1] 
Can not find product ID  in parameter products.xml [end]

[start] [ERROR] [2026-07-05 20:03:17.197] [BUYER_JEOP1] 
Can not find product ID  in parameter products.xml [end]

[start] [ERROR] [2026-07-05 20:03:17.198] [BUYER_JEOP1] 
Can not find product ID  in parameter products.xml [end]

[start] [ERROR] [2026-07-05 20:03:17.200] [BUYER_JEOP1] 
Can not find product ID  in parameter products.xml [end]

[start] [ERROR] [2026-07-05 20:03:17.200] [BUYER_JEOP1] 
Can not find product ID  in parameter products.xml [end]

[start] [ERROR] [2026-07-05 20:03:17.201] [BUYER_JEOP1] 
Can not find product ID  in parameter products.xml [end]

[start] [ERROR] [2026-07-05 20:03:17.203] [BUYER_JEOP1] 
Can not find product ID  in parameter products.xml [end]

[start] [DEBUG] [2026-07-05 20:03:17.204] [BUYER_JEOP1] 
The option type "distinctRecord" is only used to show the dropdown list not for format [end]

[start] [DEBUG] [2026-07-05 20:03:17.206] [BUYER_JEOP1] 
====request content is: 
    Request Type: Temp
Component : DBHelper
Session Context is: 
com.cs.core.utility.SessionContext@448fd4b7
Request Info Type : com.cs.core.dao.exec.SQLDao
Request Info Content is: 
[01]SELECT C_UNIT_CODE,C_UNIT_NAME FROM CEUSER.SEC_BUSINESS_UNIT WHERE C_UNIT_CODE = 'BUYER' 

 [end]

[start] [ERROR] [2026-07-05 20:03:17.241] [BUYER_JEOP1] 
Can not find product ID  in parameter products.xml [end]

[start] [ERROR] [2026-07-05 20:03:17.242] [BUYER_JEOP1] 
Can not find product ID  in parameter products.xml [end]

[start] [ERROR] [2026-07-05 20:03:17.243] [BUYER_JEOP1] 
Can not find product ID  in parameter products.xml [end]

[start] [ERROR] [2026-07-05 20:03:17.244] [BUYER_JEOP1] 
Can not find product ID  in parameter products.xml [end]

[start] [ERROR] [2026-07-05 20:03:17.245] [BUYER_JEOP1] 
Can not find product ID  in parameter products.xml [end]

[start] [ERROR] [2026-07-05 20:03:17.247] [BUYER_JEOP1] 
Can not find product ID  in parameter products.xml [end]

[start] [DEBUG] [2026-07-05 20:03:17.249] [BUYER_JEOP1] 
The option type "distinctRecord" is only used to show the dropdown list not for format [end]

[start] [DEBUG] [2026-07-05 20:03:17.250] [BUYER_JEOP1] 
The option type "distinctRecord" is only used to show the dropdown list not for format [end]

[start] [DEBUG] [2026-07-05 20:03:17.251] [BUYER_JEOP1] 
====request content is: 
    Request Type: Temp
Component : DBHelper
Session Context is: 
com.cs.core.utility.SessionContext@b165bdc6
Request Info Type : com.cs.core.dao.exec.SQLDao
Request Info Content is: 
[01]SELECT C_UNIT_CODE,C_UNIT_NAME FROM CEUSER.SEC_BUSINESS_UNIT WHERE C_UNIT_CODE = 'BUYER' 

 [end]

[start] [DEBUG] [2026-07-05 20:03:17.274] [BUYER_JEOP1] 
====request content is: 
    Request Type: Temp
Component : DBHelper
Session Context is: 
com.cs.core.utility.SessionContext@2429692d
Request Info Type : com.cs.core.dao.exec.SQLDao
Request Info Content is: 
[01]SELECT C_INACTIVE FROM CEUSER.SEC_USER_INFO WHERE C_USER_ID = 'JEOP1' AND C_UNIT_CODE = 'BUYER' 

 [end]

[start] [DEBUG] [2026-07-05 20:03:17.279] [BUYER_JEOP1] 
The request URI is : /BL6CEWeb/v1/openapi/catalog/combo/data [end]

[start] [DEBUG] [2026-07-05 20:03:17.281] [BUYER_JEOP1] 
The URI is :/BL6CEWeb/v1/openapi/catalog/combo/data [end]

[start] [DEBUG] [2026-07-05 20:03:17.282] [BUYER_JEOP1] 
The session refresh token in session is : null [end]

[start] [DEBUG] [2026-07-05 20:03:17.287] [BUYER_JEOP1] 
The Catalog Object SQL is :SELECT T1.C_BK_GROUP_ID, T1.C_MAIN_REF, T1.C_TRX_REF, T1.C_UNIT_CODE, T1.PARENT_MAIN_REF, T1.C_TRX_STATUS, T1.CURRNT_STATUS, T1.I_EVENT_TIMES, T1.C_MODULE, T1.C_FUNC_ID, T1.C_PRODUCT_ID, T1.C_TRX_ID, T1.C_CREATED_BY, T3.C_LOCKED_FLAG, T3.C_LOCKED_OP, T3.C_USER_DESC, T1.D_SYS_OP_DATE, T1.T_SYS_OP_TIME, T1.C2A_CCY, T1.C2A_AMOUNT, T1.C2A_COUNTERPARTY FROM CETRX.TRX_INBOX T1 LEFT JOIN CETRX.TRX_LOCK_INFO T3 ON T1.C_MAIN_REF = T3.C_MAIN_REF AND T1.C_UNIT_CODE = T3.C_UNIT_CODE WHERE T1.C_TRX_STATUS IN ('P', 'T') AND (T1.C_MODULE = 'IMLC' OR T1.C_MODULE = 'EXLC' OR T1.C_MODULE = 'FAEF' OR T1.C_MODULE = 'FADA' OR T1.C_MODULE = 'ABLF') ORDER BY T1.D_SYS_OP_DATE DESC, T1.T_SYS_OP_TIME DESC [end]

[start] [DEBUG] [2026-07-05 20:03:17.290] [BUYER_JEOP1] 
====request content is: 
    Request Type: Temp
Component : DBHelper
Session Context is: 
com.cs.core.utility.SessionContext@2429692d
Request Info Type : com.cs.core.dao.exec.SQLDao
Request Info Content is: 
[01]SELECT C_AUTH_RULE FROM CEUSER.SEC_USER_INFO WHERE C_BK_GROUP_ID = 'CSBANK' AND C_UNIT_CODE = 'BUYER' AND C_USER_ID = 'JEOP1' 

 [end]

[start] [DEBUG] [2026-07-05 20:03:17.294] [BUYER_JEOP1] 
====request content is: 
    Request Type: Temp
Component : DBHelper
Session Context is: 
com.cs.core.utility.SessionContext@2429692d
Request Info Type : com.cs.core.dao.exec.SQLDao
Request Info Content is: 
[01]SELECT C_AUTH_RULE FROM CEUSER.SEC_BUSINESS_UNIT WHERE C_BK_GROUP_ID = 'CSBANK' AND C_UNIT_CODE = 'BUYER' 

 [end]

[start] [DEBUG] [2026-07-05 20:03:17.300] [BUYER_JEOP1] 
====request content is: 
    Request Type: Temp
Component : DBHelper
Session Context is: 
com.cs.core.utility.SessionContext@2429692d
Request Info Type : com.cs.core.dao.exec.SQLDao
Request Info Content is: 
[01]SELECT T1.C_BK_GROUP_ID, T1.C_MAIN_REF, T1.C_TRX_REF, T1.C_UNIT_CODE, T1.PARENT_MAIN_REF, T1.C_TRX_STATUS, T1.CURRNT_STATUS, T1.I_EVENT_TIMES, T1.C_MODULE, T1.C_FUNC_ID, T1.C_PRODUCT_ID, T1.C_TRX_ID, T1.C_CREATED_BY, T3.C_LOCKED_FLAG, T3.C_LOCKED_OP, T3.C_USER_DESC, T1.D_SYS_OP_DATE, T1.T_SYS_OP_TIME, T1.C2A_CCY, T1.C2A_AMOUNT, T1.C2A_COUNTERPARTY FROM CETRX.TRX_INBOX T1 LEFT JOIN CETRX.TRX_LOCK_INFO T3 ON T1.C_MAIN_REF = T3.C_MAIN_REF AND T1.C_UNIT_CODE = T3.C_UNIT_CODE WHERE   T1.C_BK_GROUP_ID = 'CSBANK'  AND  T1.C_UNIT_CODE = 'BUYER'  AND T1.C_PRODUCT_ID IN('P05122400001','P06022700000','P08071500000','P08071500001','P08071500002','P08080600000','P08091000000') AND  T1.C_BK_GROUP_ID = 'CSBANK'  AND (T1.C_TRX_STATUS<>'R' AND T1.C_TRX_STATUS<>'A' OR T1.C_TRX_STATUS IS NULL) AND T1.C_TRX_ID NOT IN (SELECT C_TRX_ID FROM CETRX.TRX_AUTH_LIST WHERE  C_GRP_CODE = 'BUYER'  AND  C_USER_ID = 'JEOP1'  AND  C_UNIT_CODE = 'BUYER' ) AND T1.C_TRX_ID IN (SELECT C_TRX_ID FROM CETRX.TRX_MATRIX_LIST WHERE  C_UNIT_CODE = 'BUYER'  AND ( (  I_AUTH_LEVEL = 1  AND C_PRODUCT_ID IN('P05122400001','P06022700000','P08071500000','P08071500001','P08071500002','P08080600000','P08091000000')))) AND (( T1.C_UNIT_CODE = 'BUYER'  AND  T1.C_PRODUCT_ID IN ('P05122400001','P06022700000','P08071500000','P08071500001','P08071500002','P08080600000','P08091000000') )) AND T1.C_TRX_STATUS IN ('P', 'T') AND (T1.C_MODULE = 'IMLC' OR T1.C_MODULE = 'EXLC' OR T1.C_MODULE = 'FAEF' OR T1.C_MODULE = 'FADA' OR T1.C_MODULE = 'ABLF') ORDER BY T1.D_SYS_OP_DATE DESC, T1.T_SYS_OP_TIME DESC

 [end]

[start] [DEBUG] [2026-07-05 20:03:17.318] [BUYER_JEOP1] 
====request content is: 
    Request Type: Temp
Component : DBHelper
Session Context is: 
com.cs.core.utility.SessionContext@58b0c7bc
Request Info Type : com.cs.core.dao.exec.SQLDao
Request Info Content is: 
[01]SELECT C_INACTIVE FROM CEUSER.SEC_USER_INFO WHERE C_USER_ID = 'JEOP1' AND C_UNIT_CODE = 'BUYER' 

 [end]

[start] [DEBUG] [2026-07-05 20:03:17.322] [BUYER_JEOP1] 
The request URI is : /BL6CEWeb/v1/openapi/catalog/combo/data [end]

[start] [DEBUG] [2026-07-05 20:03:17.324] [BUYER_JEOP1] 
The URI is :/BL6CEWeb/v1/openapi/catalog/combo/data [end]

[start] [ERROR] [2026-07-05 20:03:17.324] [BUYER_JEOP1] 
Can not find product ID  in parameter products.xml [end]

[start] [DEBUG] [2026-07-05 20:03:17.325] [BUYER_JEOP1] 
The session refresh token in session is : null [end]

[start] [ERROR] [2026-07-05 20:03:17.325] [BUYER_JEOP1] 
Can not find product ID  in parameter products.xml [end]

[start] [ERROR] [2026-07-05 20:03:17.326] [BUYER_JEOP1] 
Can not find product ID  in parameter products.xml [end]

[start] [ERROR] [2026-07-05 20:03:17.327] [BUYER_JEOP1] 
Can not find product ID  in parameter products.xml [end]

[start] [ERROR] [2026-07-05 20:03:17.329] [BUYER_JEOP1] 
Can not find product ID  in parameter products.xml [end]

[start] [ERROR] [2026-07-05 20:03:17.330] [BUYER_JEOP1] 
Can not find product ID  in parameter products.xml [end]

[start] [ERROR] [2026-07-05 20:03:17.331] [BUYER_JEOP1] 
Can not find product ID  in parameter products.xml [end]

[start] [ERROR] [2026-07-05 20:03:17.332] [BUYER_JEOP1] 
Can not find product ID  in parameter products.xml [end]

[start] [ERROR] [2026-07-05 20:03:17.334] [BUYER_JEOP1] 
Can not find product ID  in parameter products.xml [end]

[start] [ERROR] [2026-07-05 20:03:17.335] [BUYER_JEOP1] 
Can not find product ID  in parameter products.xml [end]

[start] [ERROR] [2026-07-05 20:03:17.336] [BUYER_JEOP1] 
Can not find product ID  in parameter products.xml [end]

[start] [ERROR] [2026-07-05 20:03:17.338] [BUYER_JEOP1] 
Can not find product ID  in parameter products.xml [end]

[start] [ERROR] [2026-07-05 20:03:17.339] [BUYER_JEOP1] 
Can not find product ID  in parameter products.xml [end]

[start] [ERROR] [2026-07-05 20:03:17.340] [BUYER_JEOP1] 
Can not find product ID  in parameter products.xml [end]

[start] [ERROR] [2026-07-05 20:03:17.342] [BUYER_JEOP1] 
Can not find product ID  in parameter products.xml [end]

[start] [ERROR] [2026-07-05 20:03:17.343] [BUYER_JEOP1] 
Can not find product ID  in parameter products.xml [end]

[start] [ERROR] [2026-07-05 20:03:17.344] [BUYER_JEOP1] 
Can not find product ID  in parameter products.xml [end]

[start] [ERROR] [2026-07-05 20:03:17.345] [BUYER_JEOP1] 
Can not find product ID  in parameter products.xml [end]

[start] [ERROR] [2026-07-05 20:03:17.346] [BUYER_JEOP1] 
Can not find product ID  in parameter products.xml [end]

[start] [ERROR] [2026-07-05 20:03:17.348] [BUYER_JEOP1] 
Can not find product ID  in parameter products.xml [end]

[start] [ERROR] [2026-07-05 20:03:17.349] [BUYER_JEOP1] 
Can not find product ID  in parameter products.xml [end]

[start] [ERROR] [2026-07-05 20:03:17.350] [BUYER_JEOP1] 
Can not find product ID  in parameter products.xml [end]

[start] [ERROR] [2026-07-05 20:03:17.351] [BUYER_JEOP1] 
Can not find product ID  in parameter products.xml [end]

[start] [ERROR] [2026-07-05 20:03:17.352] [BUYER_JEOP1] 
Can not find product ID  in parameter products.xml [end]

[start] [ERROR] [2026-07-05 20:03:17.354] [BUYER_JEOP1] 
Can not find product ID  in parameter products.xml [end]

[start] [ERROR] [2026-07-05 20:03:17.354] [BUYER_JEOP1] 
Can not find product ID  in parameter products.xml [end]

[start] [ERROR] [2026-07-05 20:03:17.355] [BUYER_JEOP1] 
Can not find product ID  in parameter products.xml [end]

[start] [ERROR] [2026-07-05 20:03:17.357] [BUYER_JEOP1] 
Can not find product ID  in parameter products.xml [end]

[start] [ERROR] [2026-07-05 20:03:17.358] [BUYER_JEOP1] 
Can not find product ID  in parameter products.xml [end]

[start] [ERROR] [2026-07-05 20:03:17.359] [BUYER_JEOP1] 
Can not find product ID  in parameter products.xml [end]

[start] [ERROR] [2026-07-05 20:03:17.360] [BUYER_JEOP1] 
Can not find product ID  in parameter products.xml [end]

[start] [ERROR] [2026-07-05 20:03:17.361] [BUYER_JEOP1] 
Can not find product ID  in parameter products.xml [end]

[start] [ERROR] [2026-07-05 20:03:17.362] [BUYER_JEOP1] 
Can not find product ID  in parameter products.xml [end]

[start] [ERROR] [2026-07-05 20:03:17.364] [BUYER_JEOP1] 
Can not find product ID  in parameter products.xml [end]

[start] [ERROR] [2026-07-05 20:03:17.365] [BUYER_JEOP1] 
Can not find product ID  in parameter products.xml [end]

[start] [ERROR] [2026-07-05 20:03:17.366] [BUYER_JEOP1] 
Can not find product ID  in parameter products.xml [end]

[start] [ERROR] [2026-07-05 20:03:17.368] [BUYER_JEOP1] 
Can not find product ID  in parameter products.xml [end]

[start] [ERROR] [2026-07-05 20:03:17.369] [BUYER_JEOP1] 
Can not find product ID  in parameter products.xml [end]

[start] [ERROR] [2026-07-05 20:03:17.370] [BUYER_JEOP1] 
Can not find product ID  in parameter products.xml [end]

[start] [ERROR] [2026-07-05 20:03:17.371] [BUYER_JEOP1] 
Can not find product ID  in parameter products.xml [end]

[start] [DEBUG] [2026-07-05 20:03:17.374] [BUYER_JEOP1] 
====request content is: 
    Request Type: Temp
Component : DBHelper
Session Context is: 
com.cs.core.utility.SessionContext@2429692d
Request Info Type : com.cs.core.dao.exec.SQLDao
Request Info Content is: 
[01]SELECT C_UNIT_CODE,C_UNIT_NAME FROM CEUSER.SEC_BUSINESS_UNIT WHERE C_UNIT_CODE = 'BUYER' 

 [end]

[start] [DEBUG] [2026-07-05 20:03:17.397] [BUYER_JEOP1] 
====request content is: 
    Request Type: Temp
Component : DBHelper
Session Context is: 
com.cs.core.utility.SessionContext@2429692d
Request Info Type : com.cs.core.dao.exec.SQLDao
Request Info Content is: 
[01]SELECT C_CRITERIA_DATA,C_TMPL_NAME,C_IS_DEFAULT FROM CETRX.STD_SEARCH_CRITERIA  WHERE  C_UNIT_CODE = 'BUYER'  AND  C_USER_ID = 'JEOP1'  AND  C_CATA_ID = 'C2A_PendingApproval'  AND  C_BK_GROUP_ID = 'CSBANK'  AND  I_CRITERIA_TYPE = 4 

 [end]

[start] [DEBUG] [2026-07-05 20:03:17.400] [BUYER_JEOP1] 
The Catalog Object SQL is :SELECT DISTINCT T1.C_BK_GROUP_ID, T1.C_MAIN_REF, T1.C_TRX_REF, T1.C_UNIT_CODE, T1.PARENT_MAIN_REF, T1.C_TRX_STATUS, T1.CURRNT_STATUS, T1.C2A_STATUS, T1.I_EVENT_TIMES, T1.C_MODULE, T1.C_FUNC_ID, T1.C_PRODUCT_ID, T1.C_TRX_ID, T3.C_LOCKED_FLAG, T3.C_LOCKED_OP, T3.C_USER_DESC, T1.D_SYS_OP_DATE, T1.T_SYS_OP_TIME, T1.C2A_CCY, T1.C2A_AMOUNT, T1.C2A_COUNTERPARTY FROM CETRX.TRX_INBOX T1 LEFT JOIN CETRX.TRX_NEXT_FUNC T2 ON T1.C_PRODUCT_ID = T2.C_PRODUCT_ID AND T1.C2A_STATUS = T2.C2A_STATUS AND T1.C_TRX_STATUS = T2.C_TRX_STATUS LEFT JOIN CETRX.TRX_LOCK_INFO T3 ON T1.C_MAIN_REF = T3.C_MAIN_REF AND T1.C_UNIT_CODE = T3.C_UNIT_CODE WHERE (T2.C_NEXT_FUNC_ID IN (SELECT C_FUNC_ID FROM CEUSER.SEC_OP_FUNC WHERE C_USER_ID = ? AND C_GRP_CODE = ? AND C_UNIT_CODE = T1.C_UNIT_CODE) OR T2.C_NEXT_FUNC_ID IN (SELECT C_FUNC_ID FROM CEUSER.SEC_OP_FUNC WHERE C_GRP_CODE = ? AND C_USER_ID IN (SELECT C_ROLE_ID FROM CEUSER.SEC_USER_ROLE WHERE C_USER_ID = ? AND C_GRP_CODE = ?) AND C_UNIT_CODE = T1.C_UNIT_CODE)) AND (T1.C_TRX_STATUS = 'R' OR T1.C2A_STATUS IN ('Rejected by bank', 'Discrepancy notification', 'Document received') AND T1.C_TRX_STATUS = 'M' OR T1.C2A_STATUS IN ('Amendment(Detrimental)_fully authorized', 'Document discrepancy_fully authorized') AND T1.C_TRX_STATUS = 'A') AND T1.C_TRX_ID NOT IN (SELECT C_TRX_ID FROM CETRX.TRX_USER_DISMISS WHERE C_USER_ID = ? AND C_GRP_CODE = ?) AND (T1.C_MODULE = 'IMLC' OR T1.C_MODULE = 'EXLC' OR T1.C_MODULE = 'FAEF' OR T1.C_MODULE = 'FADA' OR T1.C_MODULE = 'TSUM' OR T1.C_MODULE = 'ABLF' OR T1.C_MODULE = 'UPLD') ORDER BY T1.D_SYS_OP_DATE DESC, T1.T_SYS_OP_TIME DESC [end]

[start] [DEBUG] [2026-07-05 20:03:17.403] [BUYER_JEOP1] 
====request content is: 
    Request Type: Temp
Component : DBHelper
Session Context is: 
com.cs.core.utility.SessionContext@58b0c7bc
Request Info Type : com.cs.core.dao.exec.SQLDao
Request Info Content is: 
[01]SELECT DISTINCT T1.C_BK_GROUP_ID, T1.C_MAIN_REF, T1.C_TRX_REF, T1.C_UNIT_CODE, T1.PARENT_MAIN_REF, T1.C_TRX_STATUS, T1.CURRNT_STATUS, T1.C2A_STATUS, T1.I_EVENT_TIMES, T1.C_MODULE, T1.C_FUNC_ID, T1.C_PRODUCT_ID, T1.C_TRX_ID, T3.C_LOCKED_FLAG, T3.C_LOCKED_OP, T3.C_USER_DESC, T1.D_SYS_OP_DATE, T1.T_SYS_OP_TIME, T1.C2A_CCY, T1.C2A_AMOUNT, T1.C2A_COUNTERPARTY FROM CETRX.TRX_INBOX T1 LEFT JOIN CETRX.TRX_NEXT_FUNC T2 ON T1.C_PRODUCT_ID = T2.C_PRODUCT_ID AND T1.C2A_STATUS = T2.C2A_STATUS AND T1.C_TRX_STATUS = T2.C_TRX_STATUS LEFT JOIN CETRX.TRX_LOCK_INFO T3 ON T1.C_MAIN_REF = T3.C_MAIN_REF AND T1.C_UNIT_CODE = T3.C_UNIT_CODE WHERE   T1.C_BK_GROUP_ID = 'CSBANK'  AND (( T1.C_UNIT_CODE = 'BUYER'  AND  T1.C_PRODUCT_ID IN ('P05122400001','P06022700000','P08071500000','P08071500001','P08071500002','P08080600000','P08091000000') )) AND (T2.C_NEXT_FUNC_ID IN (SELECT C_FUNC_ID FROM CEUSER.SEC_OP_FUNC WHERE C_USER_ID = 'JEOP1' AND C_GRP_CODE = 'BUYER' AND C_UNIT_CODE = T1.C_UNIT_CODE) OR T2.C_NEXT_FUNC_ID IN (SELECT C_FUNC_ID FROM CEUSER.SEC_OP_FUNC WHERE C_GRP_CODE = 'BUYER' AND C_USER_ID IN (SELECT C_ROLE_ID FROM CEUSER.SEC_USER_ROLE WHERE C_USER_ID = 'JEOP1' AND C_GRP_CODE = 'BUYER') AND C_UNIT_CODE = T1.C_UNIT_CODE)) AND (T1.C_TRX_STATUS = 'R' OR T1.C2A_STATUS IN ('Rejected by bank', 'Discrepancy notification', 'Document received') AND T1.C_TRX_STATUS = 'M' OR T1.C2A_STATUS IN ('Amendment(Detrimental)_fully authorized', 'Document discrepancy_fully authorized') AND T1.C_TRX_STATUS = 'A') AND T1.C_TRX_ID NOT IN (SELECT C_TRX_ID FROM CETRX.TRX_USER_DISMISS WHERE C_USER_ID = 'JEOP1' AND C_GRP_CODE = 'BUYER') AND (T1.C_MODULE = 'IMLC' OR T1.C_MODULE = 'EXLC' OR T1.C_MODULE = 'FAEF' OR T1.C_MODULE = 'FADA' OR T1.C_MODULE = 'TSUM' OR T1.C_MODULE = 'ABLF' OR T1.C_MODULE = 'UPLD') ORDER BY T1.D_SYS_OP_DATE DESC, T1.T_SYS_OP_TIME DESC

 [end]

[start] [ERROR] [2026-07-05 20:03:17.428] [BUYER_JEOP1] 
Can not find product ID  in parameter products.xml [end]

[start] [ERROR] [2026-07-05 20:03:17.429] [BUYER_JEOP1] 
Can not find product ID  in parameter products.xml [end]

[start] [ERROR] [2026-07-05 20:03:17.430] [BUYER_JEOP1] 
Can not find product ID  in parameter products.xml [end]

[start] [ERROR] [2026-07-05 20:03:17.431] [BUYER_JEOP1] 
Can not find product ID  in parameter products.xml [end]

[start] [ERROR] [2026-07-05 20:03:17.432] [BUYER_JEOP1] 
Can not find product ID  in parameter products.xml [end]

[start] [ERROR] [2026-07-05 20:03:17.433] [BUYER_JEOP1] 
Can not find product ID  in parameter products.xml [end]

[start] [ERROR] [2026-07-05 20:03:17.434] [BUYER_JEOP1] 
Can not find product ID  in parameter products.xml [end]

[start] [ERROR] [2026-07-05 20:03:17.436] [BUYER_JEOP1] 
Can not find product ID  in parameter products.xml [end]

[start] [ERROR] [2026-07-05 20:03:17.437] [BUYER_JEOP1] 
Can not find product ID  in parameter products.xml [end]

[start] [ERROR] [2026-07-05 20:03:17.438] [BUYER_JEOP1] 
Can not find product ID  in parameter products.xml [end]

[start] [ERROR] [2026-07-05 20:03:17.439] [BUYER_JEOP1] 
Can not find product ID  in parameter products.xml [end]

[start] [ERROR] [2026-07-05 20:03:17.441] [BUYER_JEOP1] 
Can not find product ID  in parameter products.xml [end]

[start] [ERROR] [2026-07-05 20:03:17.442] [BUYER_JEOP1] 
Can not find product ID  in parameter products.xml [end]

[start] [ERROR] [2026-07-05 20:03:17.443] [BUYER_JEOP1] 
Can not find product ID  in parameter products.xml [end]

[start] [ERROR] [2026-07-05 20:03:17.444] [BUYER_JEOP1] 
Can not find product ID  in parameter products.xml [end]

[start] [ERROR] [2026-07-05 20:03:17.445] [BUYER_JEOP1] 
Can not find product ID  in parameter products.xml [end]

[start] [ERROR] [2026-07-05 20:03:17.446] [BUYER_JEOP1] 
Can not find product ID  in parameter products.xml [end]

[start] [ERROR] [2026-07-05 20:03:17.447] [BUYER_JEOP1] 
Can not find product ID  in parameter products.xml [end]

[start] [ERROR] [2026-07-05 20:03:17.449] [BUYER_JEOP1] 
Can not find product ID  in parameter products.xml [end]

[start] [ERROR] [2026-07-05 20:03:17.450] [BUYER_JEOP1] 
Can not find product ID  in parameter products.xml [end]

[start] [ERROR] [2026-07-05 20:03:17.451] [BUYER_JEOP1] 
Can not find product ID  in parameter products.xml [end]

[start] [ERROR] [2026-07-05 20:03:17.452] [BUYER_JEOP1] 
Can not find product ID  in parameter products.xml [end]

[start] [ERROR] [2026-07-05 20:03:17.453] [BUYER_JEOP1] 
Can not find product ID  in parameter products.xml [end]

[start] [ERROR] [2026-07-05 20:03:17.454] [BUYER_JEOP1] 
Can not find product ID  in parameter products.xml [end]

[start] [ERROR] [2026-07-05 20:03:17.455] [BUYER_JEOP1] 
Can not find product ID  in parameter products.xml [end]

[start] [ERROR] [2026-07-05 20:03:17.457] [BUYER_JEOP1] 
Can not find product ID  in parameter products.xml [end]

[start] [ERROR] [2026-07-05 20:03:17.458] [BUYER_JEOP1] 
Can not find product ID  in parameter products.xml [end]

[start] [ERROR] [2026-07-05 20:03:17.459] [BUYER_JEOP1] 
Can not find product ID  in parameter products.xml [end]

[start] [ERROR] [2026-07-05 20:03:17.462] [BUYER_JEOP1] 
Can not find product ID  in parameter products.xml [end]

[start] [ERROR] [2026-07-05 20:03:17.463] [BUYER_JEOP1] 
Can not find product ID  in parameter products.xml [end]

[start] [ERROR] [2026-07-05 20:03:17.464] [BUYER_JEOP1] 
Can not find product ID  in parameter products.xml [end]

[start] [ERROR] [2026-07-05 20:03:17.465] [BUYER_JEOP1] 
Can not find product ID  in parameter products.xml [end]

[start] [ERROR] [2026-07-05 20:03:17.467] [BUYER_JEOP1] 
Can not find product ID  in parameter products.xml [end]

[start] [ERROR] [2026-07-05 20:03:17.468] [BUYER_JEOP1] 
Can not find product ID  in parameter products.xml [end]

[start] [ERROR] [2026-07-05 20:03:17.470] [BUYER_JEOP1] 
Can not find product ID  in parameter products.xml [end]

[start] [ERROR] [2026-07-05 20:03:17.471] [BUYER_JEOP1] 
Can not find product ID  in parameter products.xml [end]

[start] [ERROR] [2026-07-05 20:03:17.472] [BUYER_JEOP1] 
Can not find product ID  in parameter products.xml [end]

[start] [ERROR] [2026-07-05 20:03:17.473] [BUYER_JEOP1] 
Can not find product ID  in parameter products.xml [end]

[start] [ERROR] [2026-07-05 20:03:17.475] [BUYER_JEOP1] 
Can not find product ID  in parameter products.xml [end]

[start] [ERROR] [2026-07-05 20:03:17.476] [BUYER_JEOP1] 
Can not find product ID  in parameter products.xml [end]

[start] [DEBUG] [2026-07-05 20:03:17.478] [BUYER_JEOP1] 
====request content is: 
    Request Type: Temp
Component : DBHelper
Session Context is: 
com.cs.core.utility.SessionContext@58b0c7bc
Request Info Type : com.cs.core.dao.exec.SQLDao
Request Info Content is: 
[01]SELECT C_UNIT_CODE,C_UNIT_NAME FROM CEUSER.SEC_BUSINESS_UNIT WHERE C_UNIT_CODE = 'BUYER' 

 [end]

[start] [DEBUG] [2026-07-05 20:03:17.492] [BUYER_JEOP1] 
====request content is: 
    Request Type: Temp
Component : DBHelper
Session Context is: 
com.cs.core.utility.SessionContext@58b0c7bc
Request Info Type : com.cs.core.dao.exec.SQLDao
Request Info Content is: 
[01]SELECT C_CRITERIA_DATA,C_TMPL_NAME,C_IS_DEFAULT FROM CETRX.STD_SEARCH_CRITERIA  WHERE  C_UNIT_CODE = 'BUYER'  AND  C_USER_ID = 'JEOP1'  AND  C_CATA_ID = 'C2A_ForYou'  AND  C_BK_GROUP_ID = 'CSBANK'  AND  I_CRITERIA_TYPE = 4 

 [end]

[start] [DEBUG] [2026-07-05 20:03:18.382] [BUYER_JEOP1] 
The request URI is : /BL6CEWeb/logout.do [end]

[start] [DEBUG] [2026-07-05 20:03:18.384] [BUYER_JEOP1] 
The URI is :/BL6CEWeb/logout.do [end]

[start] [DEBUG] [2026-07-05 20:03:18.385] [BUYER_JEOP1] 
The session refresh token in session is : null [end]

[start] [DEBUG] [2026-07-05 20:03:18.386] [BUYER_JEOP1] 
====request content is: 
    Request Type: Temp
Component : DBHelper
Session Context is: 
com.cs.core.utility.SessionContext@5eef0152
Request Info Type : com.cs.core.dao.exec.SQLDao
Request Info Content is: 
[01]SELECT C_INACTIVE FROM CEUSER.SEC_USER_INFO WHERE C_USER_ID = 'JEOP1' AND C_UNIT_CODE = 'BUYER' 

 [end]

[start] [DEBUG] [2026-07-05 20:03:18.390] [BUYER_JEOP1] 
====request content is: 
    Request Type: Temp
Component : DBHelper
Session Context is: 
com.cs.core.utility.SessionContext@5eef0152
Request Info Type : com.cs.core.dao.exec.SQLDao
Request Info Content is: 
[01]SELECT C_IS_INFORM FROM CEUSER.SEC_LOGIN_SESSION WHERE C_SESSION_ID = 'Q518xbEJoR1fW5yyignc2lm' 

 [end]

[start] [DEBUG] [2026-07-05 20:03:18.395] [BUYER_JEOP1] 

------------------ Session ID : Q518xbEJoR1fW5yyignc2lm --------------------

{com.ibm.websphere.servlet.uri_non_decoded,/BL6CEWeb/logout.do}

{CHECKED_REFRESH,T}

{JSESSIONID,}

{TrxSessionId,8A828497019F330512F1017D}

{javax.servlet.forward.query_string, 
LOGIN_NAME=
FUN_DESC=null
PRODUCT_NAME=
_TRX_STATUS=LOGOFF_UNLOCKED
SEL_TYPE=
ITEM_NAME=
IMG_INQ_TYPE=
TRAN_NAME=
CATA_PAGE_SIZE=
UNIT_CODE=
SUB_CATA_ID=
INI_ITEM_ID=
PRODUCT_ID=
CATA_NUM=
CATA_CURR=
_ACT_TYPE=
ExcelType=
ID=
CURR_OPER=
DoType=
PREV_TRAN_NAME=
TITLE_NAME=
EXCELTYPE=
FUN_NAME=
_EVENT_TITLE=
FUNC_ID=
GRP_NAME=
CATA_TYPE=
CE_SELECT_CATAFIELD=
ITEM_ID=
REFRESH_TOKEN=21
CSRFTOKEN=8VAI8nd284979HHFCi2871CT3Kn0Q19F330t50HErx54pi9017AdMLc5NULJkND1
SAVED=
SELECTEDFIELDS=
TRAN_TYPE=
CURR_DATE=
TRXL_TYPE=
}
 [end]

[start] [DEBUG] [2026-07-05 20:03:18.397] [BUYER_JEOP1] 
==========Watching important CE session data [starting......]
==========Current class name is [com.cs.ceweb.servlets.WSSCELogout], cdoe line number is [78].
==========CE session user information:
userId(C_USER_ID)=JEOP1,
userDesc(C_USER_DESC)=JEOP1,
userType(I_USER_TYPE)=2,
multiLogin(I_MULTI_LOGIN)=true,
deftUnitCode(C_DFLT_UNIT_CODE)=BUYER,
authLevel(I_AUTH_LEVEL)=1,
langVal(C_LANG_VAL)=CNS,
secType(I_SEC_TYPE)=-1,
tempProtect(C_TMPL_PROTECT)=F,
C_TIMEZONE_ID=null
C_UNIT_CODE=BUYER
C_CNTY_CODE=US
C_LANG_NAME=null
C_CHANGE_PSW=F
C_LOGIN_RULE=null
C_AUTH_SET=T
C_PRIVATE_MAIL=jessie.wan@chinasystems.com
C_BK_GROUP_ID=CSBANK

==========CE session business group information:
unitCode(C_UNIT_CODE)=BUYER,
unitName(C_UNIT_NAME)=BUYER NAME,
bkGrpId(C_BK_GROUP_ID)=CSBANK,
cntyCode(C_CNTY_CODE)=US,
subCnty(C_SUB_CNTY)=US,
bank(C_IS_BANK)=F,
secType(I_SEC_TYPE)=3
tempProtect(C_TMPL_PROTECT)=F,
C_LANG_NAME=null
I_UNIT_TYPE=1
C_HAVE_AUTH=T
C_LANG_VAL=null
C_BANK_UNIT=null
C_BANK_CODE=null
dualCtrl(C_DUAL_CTRL)=T,
custFmt=decFormat(C_DEC_FORMAT)=.,
intFormat(C_INT_FORMAT)=,,
intFmtLen(I_INT_FMT_LEN)=3,
dateFormat(C_DATE_FORM)=yyyy-MM-dd,
,

==========CE session system information:
system information is a null object.
==========Watching important CE session data [end......]
 [end]

[start] [DEBUG] [2026-07-05 20:03:18.399] [BUYER_JEOP1] 
====request content is: 
    Request Type: Temp
Component : DBHelper
Session Context is: 
com.cs.core.utility.SessionContext@5eef0152
Request Info Type : com.cs.core.dao.exec.SQLDao
Request Info Content is: 
[01]INSERT INTO CETRX.TRX_ACT_LOG (C_LOG_ID,C_BK_GROUP_ID,C_CNTY_CODE,C_GRP_CODE,C_UNIT_CODE,C_USER_ID,C_IP_ADDRESS,C_FUNC_ID,D_CREA_DATE,T_CREA_TIME,D_SYS_OP_DATE,T_SYS_OP_TIME,D_SYS_TRT_DATE,T_SYS_TRT_TIME,C_BUSI_KEY) VALUES ('8A8284979F2871C3019F330512FD017E','CSBANK','US','BUYER','BUYER','JEOP1','10.3.1.40','LogOut','2026-07-05','16:03:18','2026-07-05','16:03:18','2026-07-05','16:03:18','BUYER;JEOP1')

 [end]

[start] [DEBUG] [2026-07-05 20:03:18.418] [BUYER_JEOP1] 
====request content is: 
    Request Type: Temp
Component : DBHelper
Session Context is: 
com.cs.core.utility.SessionContext@820d24ee
Request Info Type : com.cs.core.dao.exec.SQLDao
Request Info Content is: 
[01]DELETE FROM CEUSER.SEC_LOGIN_SESSION WHERE C_BK_GROUP_ID = 'CSBANK' AND C_USER_ID = 'JEOP1' AND C_UNIT_CODE = 'BUYER' AND C_SESSION_ID = 'Q518xbEJoR1fW5yyignc2lm' 

 [end]

[start] [DEBUG] [2026-07-05 20:03:18.426] [BUYER_JEOP1] 
== go to screen: /SYS_index.htm [end]

[start] [DEBUG] [2026-07-05 20:03:18.472] [BUYER_JEOP1] 
The request URI is : /BL6CEWeb/SYS_JS/jQuery/jquery.min.js [end]

[start] [DEBUG] [2026-07-05 20:03:18.472] [BUYER_JEOP1] 
The request URI is : /BL6CEWeb/JS/rsaencrypt/jsencrypt.min.js [end]

[start] [DEBUG] [2026-07-05 20:03:18.473] [BUYER_JEOP1] 
The session refresh token in session is : null [end]

[start] [DEBUG] [2026-07-05 20:03:18.474] [BUYER_JEOP1] 
The session refresh token in session is : null [end]

[start] [DEBUG] [2026-07-05 20:03:18.478] [BUYER_JEOP1] 
The request URI is : /BL6CEWeb/JS/rsaencrypt/Publickey.js [end]

[start] [DEBUG] [2026-07-05 20:03:18.479] [BUYER_JEOP1] 
The session refresh token in session is : null [end]

[start] [DEBUG] [2026-07-05 20:03:25.944] [BUYER_JEOP1] 
The request URI is : /BL6CEWeb/screen/SECindex.htm [end]

[start] [DEBUG] [2026-07-05 20:03:25.945] [BUYER_JEOP1] 
The session refresh token in session is : null [end]
