
[start] [INFO] [2026-07-05 20:01:48.654] [C013133_C013133MCM1] 
---------------------Begin 2026-07-05 20:01:48 622    CREATE_BU:C013133    CREATE_BY:C013133MCM1 ---------------------
[01]  DELETE FROM CEUSER.SEC_LOGIN_SESSION WHERE C_USER_ID = 'C013133MCM1' AND C_UNIT_CODE = 'C013133' AND C_BK_GROUP_ID = 'CSBANK' AND C_SESSION_ID = '9_0_L1gEBHIqU5HhWSeEEEt' 
[02]  UPDATE CEUSER.SEC_LOGIN_SESSION SET C_IS_INFORM = 'T' WHERE C_USER_ID = 'C013133MCM1' AND C_UNIT_CODE = 'C013133' AND C_BK_GROUP_ID = 'CSBANK' 
[03]  INSERT INTO CEUSER.SEC_LOGIN_SESSION (C_BK_GROUP_ID,C_UNIT_CODE,C_USER_ID,C_SESSION_ID,C_IS_INFORM) VALUES ('CSBANK','C013133','C013133MCM1','9_0_L1gEBHIqU5HhWSeEEEt','F')
---------------------- End 2026-07-05 20:01:48 653 ------------------------
 [end]

[start] [INFO] [2026-07-05 20:01:48.916] [C013133_C013133MCM1] 
---------------------Begin 2026-07-05 20:01:48 663    CREATE_BU:C013133    CREATE_BY:C013133MCM1 ---------------------
[01]  INSERT INTO CETRX.TRX_ACT_LOG (C_LOG_ID,C_BK_GROUP_ID,C_CNTY_CODE,C_GRP_CODE,C_UNIT_CODE,C_USER_ID,C_IP_ADDRESS,C_FUNC_ID,D_CREA_DATE,T_CREA_TIME,D_SYS_OP_DATE,T_SYS_OP_TIME,D_SYS_TRT_DATE,T_SYS_TRT_TIME,C_BUSI_KEY) VALUES ('8A8284979F2871C3019F3303B475014C','CSBANK','US','C013133','C013133','C013133MCM1','10.3.1.40','Login',TO_DATE('2026-07-05','YYYY-MM-DD'),TO_DATE('16:01:48','HH24:MI:SS'),TO_DATE('2026-07-05','YYYY-MM-DD'),TO_DATE('16:01:48','HH24:MI:SS'),TO_DATE('2026-07-05','YYYY-MM-DD'),TO_DATE('16:01:48','HH24:MI:SS'),'C013133;C013133MCM1')
---------------------- End 2026-07-05 20:01:48 913 ------------------------
 [end]

[start] [INFO] [2026-07-05 20:01:49.285] [C013133_C013133MCM1] 
---------------------Begin 2026-07-05 20:01:49 282    CREATE_BU:C013133    CREATE_BY:C013133MCM1 ---------------------
[01]  SELECT C_INACTIVE FROM CEUSER.SEC_USER_INFO WHERE C_USER_ID = 'C013133MCM1' AND C_UNIT_CODE = 'C013133' 
---------------------- End 2026-07-05 20:01:49 284 ------------------------
 [end]

[start] [INFO] [2026-07-05 20:01:49.289] [C013133_C013133MCM1] 
---------------------Begin 2026-07-05 20:01:49 287    CREATE_BU:C013133    CREATE_BY:C013133MCM1 ---------------------
[01]  SELECT C_IS_INFORM FROM CEUSER.SEC_LOGIN_SESSION WHERE C_SESSION_ID = '9_0_L1gEBHIqU5HhWSeEEEt' 
---------------------- End 2026-07-05 20:01:49 288 ------------------------
 [end]

[start] [INFO] [2026-07-05 20:01:49.405] [C013133_C013133MCM1] 
---------------------Begin 2026-07-05 20:01:49 400    CREATE_BU:C013133    CREATE_BY:C013133MCM1 ---------------------
[01]  SELECT C_INACTIVE FROM CEUSER.SEC_USER_INFO WHERE C_USER_ID = 'C013133MCM1' AND C_UNIT_CODE = 'C013133' 
---------------------- End 2026-07-05 20:01:49 404 ------------------------
 [end]

[start] [INFO] [2026-07-05 20:01:49.463] [C013133_C013133MCM1] 
---------------------Begin 2026-07-05 20:01:49 458    CREATE_BU:C013133    CREATE_BY:C013133MCM1 ---------------------
[01]  SELECT C_INACTIVE FROM CEUSER.SEC_USER_INFO WHERE C_USER_ID = 'C013133MCM1' AND C_UNIT_CODE = 'C013133' 
---------------------- End 2026-07-05 20:01:49 462 ------------------------
 [end]

[start] [INFO] [2026-07-05 20:01:49.487] [C013133_C013133MCM1] 
---------------------Begin 2026-07-05 20:01:49 475    CREATE_BU:C013133    CREATE_BY:C013133MCM1 ---------------------
[01]  SELECT COUNT(*) AS RECCOUNT FROM CETRX.STD_NOTIFICATION  WHERE C_NOTI_ID IN ( SELECT C_NOTI_ID FROM CETRX.STD_NOTIFICATION_STATUS  WHERE  C_READ_STATUS = 'F'  AND  C_USER_ID = 'C013133MCM1'  AND  C_UNIT_CODE = 'C013133'  )
---------------------- End 2026-07-05 20:01:49 486 ------------------------
 [end]

[start] [INFO] [2026-07-05 20:01:49.494] [C013133_C013133MCM1] 
---------------------Begin 2026-07-05 20:01:49 482    CREATE_BU:C013133    CREATE_BY:C013133MCM1 ---------------------
[01]  SELECT C_INACTIVE FROM CEUSER.SEC_USER_INFO WHERE C_USER_ID = 'C013133MCM1' AND C_UNIT_CODE = 'C013133' 
---------------------- End 2026-07-05 20:01:49 493 ------------------------
 [end]

[start] [INFO] [2026-07-05 20:01:49.518] [C013133_C013133MCM1] 
---------------------Begin 2026-07-05 20:01:49 513    CREATE_BU:C013133    CREATE_BY:C013133MCM1 ---------------------
[01]  SELECT C_INACTIVE FROM CEUSER.SEC_USER_INFO WHERE C_USER_ID = 'C013133MCM1' AND C_UNIT_CODE = 'C013133' 
---------------------- End 2026-07-05 20:01:49 516 ------------------------
 [end]

[start] [INFO] [2026-07-05 20:01:49.528] [C013133_C013133MCM1] 
---------------------Begin 2026-07-05 20:01:49 524    CREATE_BU:C013133    CREATE_BY:C013133MCM1 ---------------------
[01]  SELECT C_INACTIVE FROM CEUSER.SEC_USER_INFO WHERE C_USER_ID = 'C013133MCM1' AND C_UNIT_CODE = 'C013133' 
---------------------- End 2026-07-05 20:01:49 527 ------------------------
 [end]

[start] [INFO] [2026-07-05 20:01:49.535] [C013133_C013133MCM1] 
---------------------Begin 2026-07-05 20:01:49 530    CREATE_BU:C013133    CREATE_BY:C013133MCM1 ---------------------
[01]  SELECT C_FUNC_ID,T_OP_TIME FROM CETRX.TRX_FAVOR_FUNC  WHERE  C_UNIT_CODE = 'C013133'  AND  C_USER_ID = 'C013133MCM1'  ORDER BY  T_OP_TIME DESC 
---------------------- End 2026-07-05 20:01:49 533 ------------------------
 [end]

[start] [INFO] [2026-07-05 20:01:49.599] [C013133_C013133MCM1] 
---------------------Begin 2026-07-05 20:01:49 593    CREATE_BU:C013133    CREATE_BY:C013133MCM1 ---------------------
[01]  SELECT * FROM CEUSER.SEC_BUSINESS_UNIT WHERE C_UNIT_CODE = 'C013133' 
---------------------- End 2026-07-05 20:01:49 598 ------------------------
 [end]

[start] [INFO] [2026-07-05 20:01:49.608] [C013133_C013133MCM1] 
---------------------Begin 2026-07-05 20:01:49 604    CREATE_BU:C013133    CREATE_BY:C013133MCM1 ---------------------
[01]  SELECT C_INACTIVE FROM CEUSER.SEC_USER_INFO WHERE C_USER_ID = 'C013133MCM1' AND C_UNIT_CODE = 'C013133' 
---------------------- End 2026-07-05 20:01:49 607 ------------------------
 [end]

[start] [INFO] [2026-07-05 20:01:49.623] [C013133_C013133MCM1] 
---------------------Begin 2026-07-05 20:01:49 619    CREATE_BU:C013133    CREATE_BY:C013133MCM1 ---------------------
[01]  SELECT DISTINCT C_WIDGET_NAME FROM CEUSER.SEC_WIDGETS_V2_LIST  WHERE  C_IS_ACTIVE = 'Y'  AND  C_ROLE_NAME IN ('MAKER','CHECKER')  ORDER BY  C_WIDGET_NAME 
---------------------- End 2026-07-05 20:01:49 622 ------------------------
 [end]

[start] [INFO] [2026-07-05 20:01:49.806] [C013133_C013133MCM1] 
---------------------Begin 2026-07-05 20:01:49 802    CREATE_BU:C013133    CREATE_BY:C013133MCM1 ---------------------
[01]  SELECT C_INACTIVE FROM CEUSER.SEC_USER_INFO WHERE C_USER_ID = 'C013133MCM1' AND C_UNIT_CODE = 'C013133' 
---------------------- End 2026-07-05 20:01:49 804 ------------------------
 [end]

[start] [INFO] [2026-07-05 20:01:49.997] [C013133_C013133MCM1] 
---------------------Begin 2026-07-05 20:01:49 624    CREATE_BU:C013133    CREATE_BY:C013133MCM1 ---------------------
[01]  SELECT C_INACTIVE FROM CEUSER.SEC_USER_INFO WHERE C_USER_ID = 'C013133MCM1' AND C_UNIT_CODE = 'C013133' 
---------------------- End 2026-07-05 20:01:49 995 ------------------------
 [end]

[start] [INFO] [2026-07-05 20:01:50.172] [C013133_C013133MCM1] 
---------------------Begin 2026-07-05 20:01:50 167    CREATE_BU:C013133    CREATE_BY:C013133MCM1 ---------------------
[01]  SELECT C_AUTH_RULE FROM CEUSER.SEC_USER_INFO WHERE C_BK_GROUP_ID = 'CSBANK' AND C_UNIT_CODE = 'C013133' AND C_USER_ID = 'C013133MCM1' 
---------------------- End 2026-07-05 20:01:50 171 ------------------------
 [end]

[start] [INFO] [2026-07-05 20:01:50.174] [C013133_C013133MCM1] 
---------------------Begin 2026-07-05 20:01:50 171    CREATE_BU:C013133    CREATE_BY:C013133MCM1 ---------------------
[01]  SELECT DISTINCT C_WIDGET_NAME FROM CEUSER.SEC_WIDGETS_V2_LIST  WHERE  C_IS_ACTIVE = 'Y'  AND  C_ROLE_NAME IN ('MAKER','CHECKER')  ORDER BY  C_WIDGET_NAME 
---------------------- End 2026-07-05 20:01:50 173 ------------------------
 [end]

[start] [INFO] [2026-07-05 20:01:50.177] [C013133_C013133MCM1] 
---------------------Begin 2026-07-05 20:01:50 173    CREATE_BU:C013133    CREATE_BY:C013133MCM1 ---------------------
[01]  SELECT C_AUTH_RULE FROM CEUSER.SEC_BUSINESS_UNIT WHERE C_BK_GROUP_ID = 'CSBANK' AND C_UNIT_CODE = 'C013133' 
---------------------- End 2026-07-05 20:01:50 175 ------------------------
 [end]

[start] [INFO] [2026-07-05 20:01:50.221] [C013133_C013133MCM1] 
---------------------Begin 2026-07-05 20:01:50 176    CREATE_BU:C013133    CREATE_BY:C013133MCM1 ---------------------
[01]  SELECT TAB.C_TAB_ID,TAB.C_TAB_NAME,TAB.I_TAB_SEQUENCE FROM CEUSER.SEC_WIDGETS_V2_TABS TAB LEFT JOIN CEUSER.SEC_WIDGETS_V2_LAYOUT LYT ON (TAB.C_TAB_ID = LYT.C_TAB_ID AND  TAB.C_UNIT_CODE = LYT.C_UNIT_CODE AND TAB.C_USER_ID = LYT.C_USER_ID )    WHERE  TAB.C_UNIT_CODE = 'C013133'  AND  TAB.C_USER_ID = 'C013133MCM1'  AND  LYT.C_PAGE_NAME = 'default'  ORDER BY  TAB.I_TAB_SEQUENCE ASC 
---------------------- End 2026-07-05 20:01:50 220 ------------------------
 [end]

[start] [INFO] [2026-07-05 20:01:50.296] [C013133_C013133MCM1] 
---------------------Begin 2026-07-05 20:01:50 277    CREATE_BU:C013133    CREATE_BY:C013133MCM1 ---------------------
[01]  SELECT C_LAYOUT_INFO FROM CEUSER.SEC_WIDGETS_V2_LAYOUT  WHERE  C_UNIT_CODE = 'C013133'  AND  C_USER_ID = 'C013133MCM1'  AND  C_PAGE_NAME = 'default' 
---------------------- End 2026-07-05 20:01:50 295 ------------------------
 [end]

[start] [INFO] [2026-07-05 20:01:50.320] [C013133_C013133MCM1] 
---------------------Begin 2026-07-05 20:01:50 310    CREATE_BU:C013133    CREATE_BY:C013133MCM1 ---------------------
[01]  SELECT TAB.C_TAB_ID,TAB.C_TAB_NAME,TAB.I_TAB_SEQUENCE,LYT.C_LAYOUT_INFO FROM CEUSER.SEC_WIDGETS_V2_TABS TAB LEFT JOIN CEUSER.SEC_WIDGETS_V2_LAYOUT LYT ON (TAB.C_TAB_ID = LYT.C_TAB_ID AND  TAB.C_UNIT_CODE = LYT.C_UNIT_CODE AND TAB.C_USER_ID = LYT.C_USER_ID )    WHERE  TAB.C_UNIT_CODE = 'C013133'  AND  TAB.C_USER_ID = 'C013133MCM1'  AND  LYT.C_PAGE_NAME = 'default'  ORDER BY  TAB.I_TAB_SEQUENCE ASC 
---------------------- End 2026-07-05 20:01:50 318 ------------------------
 [end]

[start] [INFO] [2026-07-05 20:01:50.336] [C013133_C013133MCM1] 
---------------------Begin 2026-07-05 20:01:50 326    CREATE_BU:C013133    CREATE_BY:C013133MCM1 ---------------------
[01]  SELECT C_INST_CONFIG FROM CEUSER.SEC_WIDGETS_V2_INST_CONFIG  WHERE  C_INST_ID = '8A8284979ED08B07019ED1298A170188'  AND  C_UNIT_CODE = 'C013133'  AND  C_USER_ID = 'C013133MCM1' 
---------------------- End 2026-07-05 20:01:50 334 ------------------------
 [end]

[start] [INFO] [2026-07-05 20:01:50.344] [C013133_C013133MCM1] 
---------------------Begin 2026-07-05 20:01:50 341    CREATE_BU:C013133    CREATE_BY:C013133MCM1 ---------------------
[01]  SELECT C_INST_CONFIG FROM CEUSER.SEC_WIDGETS_V2_INST_CONFIG  WHERE  C_INST_ID = '8A8284979ED08B07019ED1298A170188'  AND  C_UNIT_CODE = 'C013133'  AND  C_USER_ID = 'C013133MCM1' 
---------------------- End 2026-07-05 20:01:50 343 ------------------------
 [end]

[start] [INFO] [2026-07-05 20:01:50.356] [C013133_C013133MCM1] 
---------------------Begin 2026-07-05 20:01:50 352    CREATE_BU:C013133    CREATE_BY:C013133MCM1 ---------------------
[01]  SELECT C_INST_CONFIG FROM CEUSER.SEC_WIDGETS_V2_INST_CONFIG  WHERE  C_INST_ID = '8A8284979ED08B07019ED1298A31018B'  AND  C_UNIT_CODE = 'C013133'  AND  C_USER_ID = 'C013133MCM1' 
---------------------- End 2026-07-05 20:01:50 355 ------------------------
 [end]

[start] [INFO] [2026-07-05 20:01:50.363] [C013133_C013133MCM1] 
---------------------Begin 2026-07-05 20:01:50 360    CREATE_BU:C013133    CREATE_BY:C013133MCM1 ---------------------
[01]  SELECT C_INST_CONFIG FROM CEUSER.SEC_WIDGETS_V2_INST_CONFIG  WHERE  C_INST_ID = '8A8284979ED08B07019ED1298A31018B'  AND  C_UNIT_CODE = 'C013133'  AND  C_USER_ID = 'C013133MCM1' 
---------------------- End 2026-07-05 20:01:50 362 ------------------------
 [end]

[start] [INFO] [2026-07-05 20:01:50.370] [C013133_C013133MCM1] 
---------------------Begin 2026-07-05 20:01:50 368    CREATE_BU:C013133    CREATE_BY:C013133MCM1 ---------------------
[01]  SELECT C_INST_CONFIG FROM CEUSER.SEC_WIDGETS_V2_INST_CONFIG  WHERE  C_INST_ID = '8A8284979ED08B07019ED1298A200189'  AND  C_UNIT_CODE = 'C013133'  AND  C_USER_ID = 'C013133MCM1' 
---------------------- End 2026-07-05 20:01:50 369 ------------------------
 [end]

[start] [INFO] [2026-07-05 20:01:50.377] [C013133_C013133MCM1] 
---------------------Begin 2026-07-05 20:01:50 374    CREATE_BU:C013133    CREATE_BY:C013133MCM1 ---------------------
[01]  SELECT C_INST_CONFIG FROM CEUSER.SEC_WIDGETS_V2_INST_CONFIG  WHERE  C_INST_ID = '8A8284979ED08B07019ED1298A200189'  AND  C_UNIT_CODE = 'C013133'  AND  C_USER_ID = 'C013133MCM1' 
---------------------- End 2026-07-05 20:01:50 376 ------------------------
 [end]

[start] [INFO] [2026-07-05 20:01:50.386] [C013133_C013133MCM1] 
---------------------Begin 2026-07-05 20:01:50 384    CREATE_BU:C013133    CREATE_BY:C013133MCM1 ---------------------
[01]  SELECT C_INST_CONFIG FROM CEUSER.SEC_WIDGETS_V2_INST_CONFIG  WHERE  C_INST_ID = '8A8284979ED08B07019ED1298A39018C'  AND  C_UNIT_CODE = 'C013133'  AND  C_USER_ID = 'C013133MCM1' 
---------------------- End 2026-07-05 20:01:50 385 ------------------------
 [end]

[start] [INFO] [2026-07-05 20:01:50.391] [C013133_C013133MCM1] 
---------------------Begin 2026-07-05 20:01:50 389    CREATE_BU:C013133    CREATE_BY:C013133MCM1 ---------------------
[01]  SELECT C_INST_CONFIG FROM CEUSER.SEC_WIDGETS_V2_INST_CONFIG  WHERE  C_INST_ID = '8A8284979ED08B07019ED1298A39018C'  AND  C_UNIT_CODE = 'C013133'  AND  C_USER_ID = 'C013133MCM1' 
---------------------- End 2026-07-05 20:01:50 390 ------------------------
 [end]

[start] [INFO] [2026-07-05 20:01:50.400] [C013133_C013133MCM1] 
---------------------Begin 2026-07-05 20:01:50 396    CREATE_BU:C013133    CREATE_BY:C013133MCM1 ---------------------
[01]  SELECT C_INST_CONFIG FROM CEUSER.SEC_WIDGETS_V2_INST_CONFIG  WHERE  C_INST_ID = '8A8284979ED08B07019ED1298A28018A'  AND  C_UNIT_CODE = 'C013133'  AND  C_USER_ID = 'C013133MCM1' 
---------------------- End 2026-07-05 20:01:50 399 ------------------------
 [end]

[start] [INFO] [2026-07-05 20:01:50.407] [C013133_C013133MCM1] 
---------------------Begin 2026-07-05 20:01:50 403    CREATE_BU:C013133    CREATE_BY:C013133MCM1 ---------------------
[01]  SELECT C_INST_CONFIG FROM CEUSER.SEC_WIDGETS_V2_INST_CONFIG  WHERE  C_INST_ID = '8A8284979ED08B07019ED1298A28018A'  AND  C_UNIT_CODE = 'C013133'  AND  C_USER_ID = 'C013133MCM1' 
---------------------- End 2026-07-05 20:01:50 406 ------------------------
 [end]

[start] [INFO] [2026-07-05 20:01:50.592] [C013133_C013133MCM1] 
---------------------Begin 2026-07-05 20:01:50 589    CREATE_BU:C013133    CREATE_BY:C013133MCM1 ---------------------
[01]  SELECT C_INACTIVE FROM CEUSER.SEC_USER_INFO WHERE C_USER_ID = 'C013133MCM1' AND C_UNIT_CODE = 'C013133' 
---------------------- End 2026-07-05 20:01:50 590 ------------------------
 [end]

[start] [INFO] [2026-07-05 20:01:50.602] [C013133_C013133MCM1] 
---------------------Begin 2026-07-05 20:01:50 598    CREATE_BU:C013133    CREATE_BY:C013133MCM1 ---------------------
[01]  SELECT C_INACTIVE FROM CEUSER.SEC_USER_INFO WHERE C_USER_ID = 'C013133MCM1' AND C_UNIT_CODE = 'C013133' 
---------------------- End 2026-07-05 20:01:50 600 ------------------------
 [end]

[start] [INFO] [2026-07-05 20:01:50.669] [C013133_C013133MCM1] 
---------------------Begin 2026-07-05 20:01:50 665    CREATE_BU:C013133    CREATE_BY:C013133MCM1 ---------------------
[01]  SELECT C_INACTIVE FROM CEUSER.SEC_USER_INFO WHERE C_USER_ID = 'C013133MCM1' AND C_UNIT_CODE = 'C013133' 
---------------------- End 2026-07-05 20:01:50 668 ------------------------
 [end]

[start] [INFO] [2026-07-05 20:01:50.671] [C013133_C013133MCM1] 
---------------------Begin 2026-07-05 20:01:50 667    CREATE_BU:C013133    CREATE_BY:C013133MCM1 ---------------------
[01]  SELECT C_INACTIVE FROM CEUSER.SEC_USER_INFO WHERE C_USER_ID = 'C013133MCM1' AND C_UNIT_CODE = 'C013133' 
---------------------- End 2026-07-05 20:01:50 669 ------------------------
 [end]

[start] [INFO] [2026-07-05 20:01:50.683] [C013133_C013133MCM1] 
---------------------Begin 2026-07-05 20:01:50 680    CREATE_BU:C013133    CREATE_BY:C013133MCM1 ---------------------
[01]  SELECT C_FUNC_ID,T_OP_TIME FROM CETRX.TRX_FAVOR_FUNC  WHERE  C_UNIT_CODE = 'C013133'  AND  C_USER_ID = 'C013133MCM1'  ORDER BY  T_OP_TIME DESC 
---------------------- End 2026-07-05 20:01:50 682 ------------------------
 [end]

[start] [INFO] [2026-07-05 20:01:50.731] [C013133_C013133MCM1] 
---------------------Begin 2026-07-05 20:01:50 727    CREATE_BU:C013133    CREATE_BY:C013133MCM1 ---------------------
[01]  SELECT A.C_REPORT_ID,A.C_GRP_CODE,A.C_USER_ID,A.T_PIN_DATE,B.C_SOURCE_REPORT,B.C_REPORT_NAME,B.T_UPDATE_DATE,C.C_USER_DESC FROM CETRX.TRX_USER_REPORT_PIN A LEFT JOIN CETRX.TRX_USER_REPORT B ON A.C_REPORT_ID = B.C_REPORT_ID  LEFT JOIN CEUSER.SEC_USER_INFO C ON A.C_GRP_CODE = C.C_UNIT_CODE AND A.C_USER_ID = C.C_USER_ID  WHERE  A.C_GRP_CODE = 'C013133'  AND  A.C_USER_ID = 'C013133MCM1'  ORDER BY B.T_UPDATE_DATE DESC
---------------------- End 2026-07-05 20:01:50 730 ------------------------
 [end]

[start] [INFO] [2026-07-05 20:01:50.832] [C013133_C013133MCM1] 
---------------------Begin 2026-07-05 20:01:50 825    CREATE_BU:C013133    CREATE_BY:C013133MCM1 ---------------------
[01]  SELECT C_INACTIVE FROM CEUSER.SEC_USER_INFO WHERE C_USER_ID = 'C013133MCM1' AND C_UNIT_CODE = 'C013133' 
---------------------- End 2026-07-05 20:01:50 828 ------------------------
 [end]

[start] [INFO] [2026-07-05 20:01:50.841] [C013133_C013133MCM1] 
---------------------Begin 2026-07-05 20:01:50 826    CREATE_BU:C013133    CREATE_BY:C013133MCM1 ---------------------
[01]  SELECT C_INACTIVE FROM CEUSER.SEC_USER_INFO WHERE C_USER_ID = 'C013133MCM1' AND C_UNIT_CODE = 'C013133' 
---------------------- End 2026-07-05 20:01:50 828 ------------------------
 [end]

[start] [INFO] [2026-07-05 20:01:51.081] [C013133_C013133MCM1] 
---------------------Begin 2026-07-05 20:01:50 831    CREATE_BU:C013133    CREATE_BY:C013133MCM1 ---------------------
[01]  SELECT C_INACTIVE FROM CEUSER.SEC_USER_INFO WHERE C_USER_ID = 'C013133MCM1' AND C_UNIT_CODE = 'C013133' 
---------------------- End 2026-07-05 20:01:51 079 ------------------------
 [end]

[start] [INFO] [2026-07-05 20:01:51.097] [C013133_C013133MCM1] 
---------------------Begin 2026-07-05 20:01:51 093    CREATE_BU:C013133    CREATE_BY:C013133MCM1 ---------------------
[01]  SELECT C_IS_ACTIVE FROM CEUSER.SEC_WIDGETS_V2_LIST  WHERE  C_WIDGET_NAME = 'ShortcutMenu'  AND  C_ROLE_NAME IN ('MAKER','CHECKER') 
---------------------- End 2026-07-05 20:01:51 096 ------------------------
 [end]

[start] [INFO] [2026-07-05 20:01:51.135] [C013133_C013133MCM1] 
---------------------Begin 2026-07-05 20:01:51 131    CREATE_BU:C013133    CREATE_BY:C013133MCM1 ---------------------
[01]  SELECT C_INACTIVE FROM CEUSER.SEC_USER_INFO WHERE C_USER_ID = 'C013133MCM1' AND C_UNIT_CODE = 'C013133' 
---------------------- End 2026-07-05 20:01:51 134 ------------------------
 [end]

[start] [INFO] [2026-07-05 20:01:51.383] [C013133_C013133MCM1] 
---------------------Begin 2026-07-05 20:01:51 031    CREATE_BU:C013133    CREATE_BY:C013133MCM1 ---------------------
[01]  SELECT FA_DOC_DUE_DT AS GROUP_DATE, COUNT(*) AS ASCOUNT FROM (SELECT C_PRODUCT_ID, C_MAIN_REF, C_CUST_ID, C_TRX_REF, I_EVENT_TIMES, C_BK_GROUP_ID, C_UNIT_CODE, FA_SEL_NM, FA_BUYER_NM, FA_DOC_CCY, FA_DOC_AMT, AUTH_AMT, AUTH_CCY, PARENT_MAIN_REF, FA_DOC_DT, FA_DOC_DUE_DT, CURRNT_STATUS, C_TRX_STATUS, D_CREA_DATE, D_RELE_DATE, C_FUNC_ID, C_EVENT_NAME, C_EVENT_STATUS, C_NOW_EVENT, C_LOCKED_FLAG, C_LOCKED_OP, C_RELE_BY FROM CETRX.FAEF_EM_INV WHERE   C_BK_GROUP_ID = 'CSBANK'  AND (( C_UNIT_CODE = 'C013133'  AND  C_PRODUCT_ID = 'P19080800001' )) AND C_TRX_STATUS IN ('P', 'A', 'T', 'R', 'M') AND FA_DOC_DUE_DT >= TO_DATE('2026-01-01', 'YYYY-MM-DD') AND FA_DOC_DUE_DT <= TO_DATE('2026-12-31', 'YYYY-MM-DD') ) TEMP_TABLE GROUP BY FA_DOC_DUE_DT
---------------------- End 2026-07-05 20:01:51 381 ------------------------
 [end]

[start] [INFO] [2026-07-05 20:01:51.422] [C013133_C013133MCM1] 
---------------------Begin 2026-07-05 20:01:50 946    CREATE_BU:C013133    CREATE_BY:C013133MCM1 ---------------------
[01]  [Id=C2A_ForYou]  SELECT COUNT(*) FROM (SELECT DISTINCT T1.C_BK_GROUP_ID, T1.C_MAIN_REF, T1.C_TRX_REF, T1.C_UNIT_CODE, T1.PARENT_MAIN_REF, T1.C_TRX_STATUS, T1.CURRNT_STATUS, T1.C2A_STATUS, T1.I_EVENT_TIMES, T1.C_MODULE, T1.C_FUNC_ID, T1.C_PRODUCT_ID, T1.C_TRX_ID, T3.C_LOCKED_FLAG, T3.C_LOCKED_OP, T3.C_USER_DESC, T1.D_SYS_OP_DATE, T1.T_SYS_OP_TIME, T1.C2A_CCY, T1.C2A_AMOUNT, T1.C2A_COUNTERPARTY FROM CETRX.TRX_INBOX T1 LEFT JOIN CETRX.TRX_NEXT_FUNC T2 ON T1.C_PRODUCT_ID = T2.C_PRODUCT_ID AND T1.C2A_STATUS = T2.C2A_STATUS AND T1.C_TRX_STATUS = T2.C_TRX_STATUS LEFT JOIN CETRX.TRX_LOCK_INFO T3 ON T1.C_MAIN_REF = T3.C_MAIN_REF AND T1.C_UNIT_CODE = T3.C_UNIT_CODE WHERE   T1.C_BK_GROUP_ID = 'CSBANK'  AND (( T1.C_UNIT_CODE = 'C013133'  AND  T1.C_PRODUCT_ID IN ('FHS0YffwVNuA','P06022700000','P08010300000','P08111800000','P13101500000','P13111900000','P14042500000','P14042500001','P16062000000','P16062300000','P19080800000','P19080800001','P19080800002','P20030600000','P20030600001','epF3a6u4ZGAt') )) AND (T2.C_NEXT_FUNC_ID IN (SELECT C_FUNC_ID FROM CEUSER.SEC_OP_FUNC WHERE C_USER_ID = 'C013133MCM1' AND C_GRP_CODE = 'C013133' AND C_UNIT_CODE = T1.C_UNIT_CODE) OR T2.C_NEXT_FUNC_ID IN (SELECT C_FUNC_ID FROM CEUSER.SEC_OP_FUNC WHERE C_GRP_CODE = 'C013133' AND C_USER_ID IN (SELECT C_ROLE_ID FROM CEUSER.SEC_USER_ROLE WHERE C_USER_ID = 'C013133MCM1' AND C_GRP_CODE = 'C013133') AND C_UNIT_CODE = T1.C_UNIT_CODE)) AND (T1.C_TRX_STATUS = 'R' OR T1.C2A_STATUS IN ('Rejected by bank', 'Discrepancy notification', 'Document received') AND T1.C_TRX_STATUS = 'M' OR T1.C2A_STATUS IN ('Amendment(Detrimental)_fully authorized', 'Document discrepancy_fully authorized') AND T1.C_TRX_STATUS = 'A') AND T1.C_TRX_ID NOT IN (SELECT C_TRX_ID FROM CETRX.TRX_USER_DISMISS WHERE C_USER_ID = 'C013133MCM1' AND C_GRP_CODE = 'C013133') AND (T1.C_MODULE = 'IMLC' OR T1.C_MODULE = 'EXLC' OR T1.C_MODULE = 'FAEF' OR T1.C_MODULE = 'FADA' OR T1.C_MODULE = 'TSUM' OR T1.C_MODULE = 'ABLF' OR T1.C_MODULE = 'UPLD') ORDER BY T1.D_SYS_OP_DATE DESC, T1.T_SYS_OP_TIME DESC)
---------------------- End 2026-07-05 20:01:51 420 ------------------------
 [end]

[start] [INFO] [2026-07-05 20:01:51.520] [C013133_C013133MCM1] 
---------------------Begin 2026-07-05 20:01:51 427    CREATE_BU:C013133    CREATE_BY:C013133MCM1 ---------------------
[01]  [Id=C2A_InProgress_Both]  SELECT COUNT(*) FROM CETRX.TRX_INBOX T1 LEFT JOIN CETRX.TRX_LOCK_INFO T3 ON T1.C_MAIN_REF = T3.C_MAIN_REF AND T1.C_UNIT_CODE = T3.C_UNIT_CODE WHERE   T1.C_BK_GROUP_ID = 'CSBANK'  AND (( T1.C_UNIT_CODE = 'C013133'  AND  T1.C_PRODUCT_ID IN ('FHS0YffwVNuA','P06022700000','P08010300000','P08111800000','P13101500000','P13111900000','P14042500000','P14042500001','P16062000000','P16062300000','P19080800000','P19080800001','P19080800002','P20030600000','P20030600001','epF3a6u4ZGAt') )) AND (T1.C_TRX_STATUS IN ('P', 'T', 'A', 'S', 'R') AND (T1.C_MODULE = 'IMLC' OR T1.C_MODULE = 'EXLC' OR T1.C_MODULE = 'FAEF' OR T1.C_MODULE = 'FADA' OR T1.C_MODULE = 'ABLF') AND T1.C2A_STATUS NOT IN ('Discrepancies rejected_fully authorized') OR T1.C_TRX_STATUS = 'M' AND (T1.C_MODULE = 'IMLC' AND T1.C2A_STATUS NOT IN ('Issued', 'Amended', 'Beneficiary rejected', 'Settled') OR T1.C_MODULE = 'EXCO' AND T1.CURRNT_STATUS NOT IN ('Payment Advice') OR T1.C_MODULE = 'EXLC' AND T1.CURRNT_STATUS NOT IN ('Settled', 'Advise Received', 'Amendment Received', 'Docment Received') OR T1.C_MODULE = 'FAEF' AND T1.CURRNT_STATUS NOT IN ('Settled', 'Advise Received') OR T1.C_MODULE = 'FADA' AND T1.CURRNT_STATUS NOT IN ('Settled', 'Advise Received') OR T1.C_MODULE = 'ABLF' AND T1.CURRNT_STATUS NOT IN ('Settled', 'Advise Received'))) AND T1.C_TRX_ID NOT IN (SELECT C_TRX_ID FROM CETRX.TRX_USER_DISMISS WHERE C_USER_ID = 'C013133MCM1' AND C_GRP_CODE = 'C013133') AND (T1.C_MODULE = 'IMLC' OR T1.C_MODULE = 'EXLC' OR T1.C_MODULE = 'FAEF' OR T1.C_MODULE = 'FADA' OR T1.C_MODULE = 'ABLF')
---------------------- End 2026-07-05 20:01:51 518 ------------------------
 [end]

[start] [INFO] [2026-07-05 20:01:51.688] [C013133_C013133MCM1] 
---------------------Begin 2026-07-05 20:01:51 527    CREATE_BU:C013133    CREATE_BY:C013133MCM1 ---------------------
[01]  [Id=C2A_Closed]  SELECT COUNT(*) FROM CETRX.TRX_INBOX T1 LEFT JOIN CETRX.TRX_LOCK_INFO T3 ON T1.C_MAIN_REF = T3.C_MAIN_REF AND T1.C_UNIT_CODE = T3.C_UNIT_CODE WHERE   T1.C_BK_GROUP_ID = 'CSBANK'  AND (( T1.C_UNIT_CODE = 'C013133'  AND  T1.C_PRODUCT_ID IN ('FHS0YffwVNuA','P06022700000','P08010300000','P08111800000','P13101500000','P13111900000','P14042500000','P14042500001','P16062000000','P16062300000','P19080800000','P19080800001','P19080800002','P20030600000','P20030600001','epF3a6u4ZGAt') )) AND (T1.C2A_STATUS IN ('Issued', 'Amended', 'Beneficiary rejected', 'Discrepancies rejected_fully authorized', 'Settled') AND T1.C_MODULE = 'IMLC' OR T1.CURRNT_STATUS IN ('Issued', 'Amended', 'Detrimental Amendment', 'Beneficiary Consent', 'Beneficiary Rejected', 'Document Presentation', 'Document Presentation', 'Settlement', 'Settled') AND T1.C_MODULE = 'EXCO' OR T1.C2A_STATUS IN ('Settled', 'Amendment_fully authorized', '') AND T1.C_MODULE = 'EXLC' OR T1.C_FUNC_ID IN ('F05030700899', 'F05030700901', 'F05030700908') AND T1.C2A_STATUS = 'Fully authorized' AND T1.C_MODULE = 'EXLC' OR T1.C_MODULE = 'FADA' OR T1.C_MODULE = 'FAEF') AND T1.C_TRX_STATUS IN ('M', 'A', 'S') AND T1.C_TRX_ID NOT IN (SELECT C_TRX_ID FROM CETRX.TRX_USER_DISMISS WHERE C_USER_ID = 'C013133MCM1' AND C_GRP_CODE = 'C013133') AND (T1.C_MODULE = 'IMLC' OR T1.C_MODULE = 'EXLC' OR T1.C_MODULE = 'FADA' OR T1.C_MODULE = 'FAEF')
---------------------- End 2026-07-05 20:01:51 686 ------------------------
 [end]

[start] [INFO] [2026-07-05 20:01:51.832] [C013133_C013133MCM1] 
---------------------Begin 2026-07-05 20:01:51 099    CREATE_BU:C013133    CREATE_BY:C013133MCM1 ---------------------
[01]  SELECT C_FUNC_ID,C_MODULE FROM CETRX.TRX_ACT_LOG WHERE C_FUNC_ID IS NOT NULL AND C_UNIT_CODE = 'C013133' AND C_USER_ID = 'C013133MCM1' AND D_SYS_OP_DATE BETWEEN TO_DATE('2026-06-05','yyyy-MM-dd') AND TO_DATE('2026-07-05','yyyy-MM-dd') ORDER BY D_SYS_OP_DATE DESC,T_SYS_OP_TIME DESC
---------------------- End 2026-07-05 20:01:51 831 ------------------------
 [end]

[start] [INFO] [2026-07-05 20:01:51.930] [C013133_C013133MCM1] 
---------------------Begin 2026-07-05 20:01:51 146    CREATE_BU:C013133    CREATE_BY:C013133MCM1 ---------------------
[01]  SELECT C_CRITERIA_DATA,C_TMPL_NAME,C_IS_DEFAULT FROM CETRX.STD_SEARCH_CRITERIA  WHERE  C_UNIT_CODE = 'C013133'  AND  C_USER_ID = 'C013133MCM1'  AND  C_CATA_ID = 'C2A_PendingApproval'  AND  C_BK_GROUP_ID = 'CSBANK'  AND  I_CRITERIA_TYPE = 4 
---------------------- End 2026-07-05 20:01:51 928 ------------------------
 [end]

[start] [INFO] [2026-07-05 20:01:52.144] [C013133_C013133MCM1] 
---------------------Begin 2026-07-05 20:01:51 693    CREATE_BU:C013133    CREATE_BY:C013133MCM1 ---------------------
[01]  [Id=C2A_Drafts]  SELECT COUNT(*) FROM (SELECT DISTINCT T1.C_BK_GROUP_ID, T1.C_MAIN_REF, T1.C_TRX_REF, T1.C_UNIT_CODE, T1.PARENT_MAIN_REF, T1.C_TRX_STATUS, T1.I_EVENT_TIMES, T1.C_MODULE, T1.C_FUNC_ID, T1.C_PRODUCT_ID, T1.C_TRX_ID, T3.C_LOCKED_FLAG, T3.C_LOCKED_OP, T3.C_USER_DESC, T1.D_SYS_OP_DATE, T1.T_SYS_OP_TIME, T1.C2A_CCY, T1.C2A_AMOUNT, T1.C2A_COUNTERPARTY FROM CETRX.TRX_INBOX T1 LEFT JOIN CETRX.TRX_NEXT_FUNC T2 ON T1.C_PRODUCT_ID = T2.C_PRODUCT_ID AND T1.C_TRX_STATUS = T2.C_TRX_STATUS LEFT JOIN CETRX.TRX_LOCK_INFO T3 ON T1.C_MAIN_REF = T3.C_MAIN_REF AND T1.C_UNIT_CODE = T3.C_UNIT_CODE WHERE   T1.C_BK_GROUP_ID = 'CSBANK'  AND (( T1.C_UNIT_CODE = 'C013133'  AND  T1.C_PRODUCT_ID IN ('FHS0YffwVNuA','P06022700000','P08010300000','P08111800000','P13101500000','P13111900000','P14042500000','P14042500001','P16062000000','P16062300000','P19080800000','P19080800001','P19080800002','P20030600000','P20030600001','epF3a6u4ZGAt') )) AND (T2.C_NEXT_FUNC_ID IN (SELECT C_FUNC_ID FROM CEUSER.SEC_OP_FUNC WHERE C_USER_ID = 'C013133MCM1' AND C_GRP_CODE = 'C013133' AND C_UNIT_CODE = T1.C_UNIT_CODE) OR T2.C_NEXT_FUNC_ID IN (SELECT C_FUNC_ID FROM CEUSER.SEC_OP_FUNC WHERE C_GRP_CODE = 'C013133' AND C_USER_ID IN (SELECT C_ROLE_ID FROM CEUSER.SEC_USER_ROLE WHERE C_USER_ID = 'C013133MCM1' AND C_GRP_CODE = 'C013133') AND C_UNIT_CODE = T1.C_UNIT_CODE)) AND T1.C_TRX_STATUS = 'Z' AND T1.C_TRX_ID NOT IN (SELECT C_TRX_ID FROM CETRX.TRX_USER_DISMISS WHERE C_USER_ID = 'C013133MCM1' AND C_GRP_CODE = 'C013133') AND (T1.C_MODULE = 'IMLC' OR T1.C_MODULE = 'EXLC' OR T1.C_MODULE = 'FAEF' OR T1.C_MODULE = 'FADA' OR T1.C_MODULE = 'ABLF') ORDER BY T1.D_SYS_OP_DATE DESC, T1.T_SYS_OP_TIME DESC)
---------------------- End 2026-07-05 20:01:52 143 ------------------------
 [end]

[start] [INFO] [2026-07-05 20:01:52.210] [C013133_C013133MCM1] 
---------------------Begin 2026-07-05 20:01:52 206    CREATE_BU:C013133    CREATE_BY:C013133MCM1 ---------------------
[01]  SELECT C_INACTIVE FROM CEUSER.SEC_USER_INFO WHERE C_USER_ID = 'C013133MCM1' AND C_UNIT_CODE = 'C013133' 
---------------------- End 2026-07-05 20:01:52 209 ------------------------
 [end]

[start] [INFO] [2026-07-05 20:01:52.232] [C013133_C013133MCM1] 
---------------------Begin 2026-07-05 20:01:52 228    CREATE_BU:C013133    CREATE_BY:C013133MCM1 ---------------------
[01]  SELECT C_CRITERIA_DATA,C_TMPL_NAME,C_IS_DEFAULT FROM CETRX.STD_SEARCH_CRITERIA  WHERE  C_UNIT_CODE = 'C013133'  AND  C_USER_ID = 'C013133MCM1'  AND  C_CATA_ID = 'C2A_InProgress_Both'  AND  C_BK_GROUP_ID = 'CSBANK'  AND  I_CRITERIA_TYPE = 4 
---------------------- End 2026-07-05 20:01:52 231 ------------------------
 [end]

[start] [INFO] [2026-07-05 20:01:52.493] [C013133_C013133MCM1] 
---------------------Begin 2026-07-05 20:01:52 488    CREATE_BU:C013133    CREATE_BY:C013133MCM1 ---------------------
[01]  SELECT C_UNIT_CODE,C_UNIT_NAME FROM CEUSER.SEC_BUSINESS_UNIT WHERE C_UNIT_CODE = 'C013133' 
---------------------- End 2026-07-05 20:01:52 491 ------------------------
 [end]

[start] [INFO] [2026-07-05 20:01:52.544] [C013133_C013133MCM1] 
---------------------Begin 2026-07-05 20:01:52 540    CREATE_BU:C013133    CREATE_BY:C013133MCM1 ---------------------
[01]  SELECT C_UNIT_CODE,C_UNIT_NAME FROM CEUSER.SEC_BUSINESS_UNIT WHERE C_UNIT_CODE = 'C013133' 
---------------------- End 2026-07-05 20:01:52 543 ------------------------
 [end]

[start] [INFO] [2026-07-05 20:01:52.720] [C013133_C013133MCM1] 
---------------------Begin 2026-07-05 20:01:52 717    CREATE_BU:C013133    CREATE_BY:C013133MCM1 ---------------------
[01]  SELECT C_INACTIVE FROM CEUSER.SEC_USER_INFO WHERE C_USER_ID = 'C013133MCM1' AND C_UNIT_CODE = 'C013133' 
---------------------- End 2026-07-05 20:01:52 719 ------------------------
 [end]

[start] [INFO] [2026-07-05 20:01:52.746] [C013133_C013133MCM1] 
---------------------Begin 2026-07-05 20:01:52 743    CREATE_BU:C013133    CREATE_BY:C013133MCM1 ---------------------
[01]  SELECT C_INACTIVE FROM CEUSER.SEC_USER_INFO WHERE C_USER_ID = 'C013133MCM1' AND C_UNIT_CODE = 'C013133' 
---------------------- End 2026-07-05 20:01:52 745 ------------------------
 [end]

[start] [INFO] [2026-07-05 20:01:52.765] [C013133_C013133MCM1] 
---------------------Begin 2026-07-05 20:01:52 761    CREATE_BU:C013133    CREATE_BY:C013133MCM1 ---------------------
[01]  SELECT C_AUTH_RULE FROM CEUSER.SEC_USER_INFO WHERE C_BK_GROUP_ID = 'CSBANK' AND C_UNIT_CODE = 'C013133' AND C_USER_ID = 'C013133MCM1' 
---------------------- End 2026-07-05 20:01:52 764 ------------------------
 [end]

[start] [INFO] [2026-07-05 20:01:52.769] [C013133_C013133MCM1] 
---------------------Begin 2026-07-05 20:01:52 766    CREATE_BU:C013133    CREATE_BY:C013133MCM1 ---------------------
[01]  SELECT C_AUTH_RULE FROM CEUSER.SEC_BUSINESS_UNIT WHERE C_BK_GROUP_ID = 'CSBANK' AND C_UNIT_CODE = 'C013133' 
---------------------- End 2026-07-05 20:01:52 768 ------------------------
 [end]

[start] [INFO] [2026-07-05 20:01:52.849] [C013133_C013133MCM1] 
---------------------Begin 2026-07-05 20:01:52 731    CREATE_BU:C013133    CREATE_BY:C013133MCM1 ---------------------
[01]  [Id=C2A_InProgress_Both]  SELECT T1.C_BK_GROUP_ID, T1.C_MAIN_REF, T1.C_TRX_REF, T1.C_UNIT_CODE, T1.PARENT_MAIN_REF, T1.C_TRX_STATUS, T1.CURRNT_STATUS, T1.C2A_STATUS, T1.I_EVENT_TIMES, T1.C_MODULE, T1.C_FUNC_ID, T1.C_PRODUCT_ID, T1.C_TRX_ID, T3.C_LOCKED_FLAG, T3.C_LOCKED_OP, T3.C_USER_DESC, T1.D_SYS_OP_DATE, T1.T_SYS_OP_TIME, T1.C2A_CCY, T1.C2A_AMOUNT, T1.C2A_COUNTERPARTY FROM CETRX.TRX_INBOX T1 LEFT JOIN CETRX.TRX_LOCK_INFO T3 ON T1.C_MAIN_REF = T3.C_MAIN_REF AND T1.C_UNIT_CODE = T3.C_UNIT_CODE WHERE   T1.C_BK_GROUP_ID = 'CSBANK'  AND (( T1.C_UNIT_CODE = 'C013133'  AND  T1.C_PRODUCT_ID IN ('FHS0YffwVNuA','P06022700000','P08010300000','P08111800000','P13101500000','P13111900000','P14042500000','P14042500001','P16062000000','P16062300000','P19080800000','P19080800001','P19080800002','P20030600000','P20030600001','epF3a6u4ZGAt') )) AND (T1.C_TRX_STATUS IN ('P', 'T', 'A', 'S', 'R') AND (T1.C_MODULE = 'IMLC' OR T1.C_MODULE = 'EXLC' OR T1.C_MODULE = 'FAEF' OR T1.C_MODULE = 'FADA' OR T1.C_MODULE = 'ABLF') AND T1.C2A_STATUS NOT IN ('Discrepancies rejected_fully authorized') OR T1.C_TRX_STATUS = 'M' AND (T1.C_MODULE = 'IMLC' AND T1.C2A_STATUS NOT IN ('Issued', 'Amended', 'Beneficiary rejected', 'Settled') OR T1.C_MODULE = 'EXCO' AND T1.CURRNT_STATUS NOT IN ('Payment Advice') OR T1.C_MODULE = 'EXLC' AND T1.CURRNT_STATUS NOT IN ('Settled', 'Advise Received', 'Amendment Received', 'Docment Received') OR T1.C_MODULE = 'FAEF' AND T1.CURRNT_STATUS NOT IN ('Settled', 'Advise Received') OR T1.C_MODULE = 'FADA' AND T1.CURRNT_STATUS NOT IN ('Settled', 'Advise Received') OR T1.C_MODULE = 'ABLF' AND T1.CURRNT_STATUS NOT IN ('Settled', 'Advise Received'))) AND T1.C_TRX_ID NOT IN (SELECT C_TRX_ID FROM CETRX.TRX_USER_DISMISS WHERE C_USER_ID = 'C013133MCM1' AND C_GRP_CODE = 'C013133') AND (T1.C_MODULE = 'IMLC' OR T1.C_MODULE = 'EXLC' OR T1.C_MODULE = 'FAEF' OR T1.C_MODULE = 'FADA' OR T1.C_MODULE = 'ABLF') ORDER BY T1.D_SYS_OP_DATE DESC, T1.T_SYS_OP_TIME DESC
---------------------- End 2026-07-05 20:01:52 847 ------------------------
 [end]

[start] [INFO] [2026-07-05 20:01:52.907] [C013133_C013133MCM1] 
---------------------Begin 2026-07-05 20:01:52 903    CREATE_BU:C013133    CREATE_BY:C013133MCM1 ---------------------
[01]  SELECT C_UNIT_CODE,C_UNIT_NAME FROM CEUSER.SEC_BUSINESS_UNIT WHERE C_UNIT_CODE = 'C013133' 
---------------------- End 2026-07-05 20:01:52 906 ------------------------
 [end]

[start] [INFO] [2026-07-05 20:01:52.922] [C013133_C013133MCM1] 
---------------------Begin 2026-07-05 20:01:52 917    CREATE_BU:C013133    CREATE_BY:C013133MCM1 ---------------------
[01]  SELECT C_CRITERIA_DATA,C_TMPL_NAME,C_IS_DEFAULT FROM CETRX.STD_SEARCH_CRITERIA  WHERE  C_UNIT_CODE = 'C013133'  AND  C_USER_ID = 'C013133MCM1'  AND  C_CATA_ID = 'C2A_InProgress_Both'  AND  C_BK_GROUP_ID = 'CSBANK'  AND  I_CRITERIA_TYPE = 4 
---------------------- End 2026-07-05 20:01:52 921 ------------------------
 [end]

[start] [INFO] [2026-07-05 20:01:53.098] [C013133_C013133MCM1] 
---------------------Begin 2026-07-05 20:01:52 774    CREATE_BU:C013133    CREATE_BY:C013133MCM1 ---------------------
[01]  [Id=C2A_PendingApproval]  SELECT T1.C_BK_GROUP_ID, T1.C_MAIN_REF, T1.C_TRX_REF, T1.C_UNIT_CODE, T1.PARENT_MAIN_REF, T1.C_TRX_STATUS, T1.CURRNT_STATUS, T1.I_EVENT_TIMES, T1.C_MODULE, T1.C_FUNC_ID, T1.C_PRODUCT_ID, T1.C_TRX_ID, T1.C_CREATED_BY, T3.C_LOCKED_FLAG, T3.C_LOCKED_OP, T3.C_USER_DESC, T1.D_SYS_OP_DATE, T1.T_SYS_OP_TIME, T1.C2A_CCY, T1.C2A_AMOUNT, T1.C2A_COUNTERPARTY FROM CETRX.TRX_INBOX T1 LEFT JOIN CETRX.TRX_LOCK_INFO T3 ON T1.C_MAIN_REF = T3.C_MAIN_REF AND T1.C_UNIT_CODE = T3.C_UNIT_CODE WHERE   T1.C_BK_GROUP_ID = 'CSBANK'  AND  T1.C_UNIT_CODE = 'C013133'  AND T1.C_PRODUCT_ID IN('P06022700000','P13101500000','P13111900000','P14042500001','P19080800000') AND  T1.C_BK_GROUP_ID = 'CSBANK'  AND (T1.C_TRX_STATUS<>'R' AND T1.C_TRX_STATUS<>'A' OR T1.C_TRX_STATUS IS NULL) AND T1.C_TRX_ID NOT IN (SELECT C_TRX_ID FROM CETRX.TRX_AUTH_LIST WHERE  C_GRP_CODE = 'C013133'  AND  C_USER_ID = 'C013133MCM1'  AND  C_UNIT_CODE = 'C013133' ) AND T1.C_TRX_ID IN (SELECT C_TRX_ID FROM CETRX.TRX_MATRIX_LIST WHERE  C_UNIT_CODE = 'C013133'  AND ( (  I_AUTH_LEVEL = 1  AND C_PRODUCT_ID IN('P06022700000','P13101500000','P13111900000','P14042500001','P19080800000')))) AND (( T1.C_UNIT_CODE = 'C013133'  AND  T1.C_PRODUCT_ID IN ('FHS0YffwVNuA','P06022700000','P08010300000','P08111800000','P13101500000','P13111900000','P14042500000','P14042500001','P16062000000','P16062300000','P19080800000','P19080800001','P19080800002','P20030600000','P20030600001','epF3a6u4ZGAt') )) AND T1.C_TRX_STATUS IN ('P', 'T') AND (T1.C_MODULE = 'IMLC' OR T1.C_MODULE = 'EXLC' OR T1.C_MODULE = 'FAEF' OR T1.C_MODULE = 'FADA' OR T1.C_MODULE = 'ABLF') ORDER BY T1.D_SYS_OP_DATE DESC, T1.T_SYS_OP_TIME DESC
---------------------- End 2026-07-05 20:01:53 096 ------------------------
 [end]

[start] [INFO] [2026-07-05 20:01:53.261] [C013133_C013133MCM1] 
---------------------Begin 2026-07-05 20:01:53 212    CREATE_BU:C013133    CREATE_BY:C013133MCM1 ---------------------
[01]  SELECT C_UNIT_CODE,C_UNIT_NAME FROM CEUSER.SEC_BUSINESS_UNIT WHERE C_UNIT_CODE = 'C013133' 
---------------------- End 2026-07-05 20:01:53 259 ------------------------
 [end]

[start] [INFO] [2026-07-05 20:01:53.267] [C013133_C013133MCM1] 
---------------------Begin 2026-07-05 20:01:53 263    CREATE_BU:C013133    CREATE_BY:C013133MCM1 ---------------------
[01]  SELECT C_CRITERIA_DATA,C_TMPL_NAME,C_IS_DEFAULT FROM CETRX.STD_SEARCH_CRITERIA  WHERE  C_UNIT_CODE = 'C013133'  AND  C_USER_ID = 'C013133MCM1'  AND  C_CATA_ID = 'C2A_PendingApproval'  AND  C_BK_GROUP_ID = 'CSBANK'  AND  I_CRITERIA_TYPE = 4 
---------------------- End 2026-07-05 20:01:53 265 ------------------------
 [end]

[start] [INFO] [2026-07-05 20:02:07.063] [C013133_C013133MCM1] 
---------------------Begin 2026-07-05 20:02:07 060    CREATE_BU:C013133    CREATE_BY:C013133MCM1 ---------------------
[01]  SELECT C_INACTIVE FROM CEUSER.SEC_USER_INFO WHERE C_USER_ID = 'C013133MCM1' AND C_UNIT_CODE = 'C013133' 
---------------------- End 2026-07-05 20:02:07 062 ------------------------
 [end]

[start] [INFO] [2026-07-05 20:02:07.090] [C013133_C013133MCM1] 
---------------------Begin 2026-07-05 20:02:07 087    CREATE_BU:C013133    CREATE_BY:C013133MCM1 ---------------------
[01]  SELECT FA_DOC_DUE_DT AS GROUP_DATE, COUNT(*) AS ASCOUNT FROM (SELECT C_PRODUCT_ID, C_MAIN_REF, C_CUST_ID, C_TRX_REF, I_EVENT_TIMES, C_BK_GROUP_ID, C_UNIT_CODE, FA_SEL_NM, FA_BUYER_NM, FA_DOC_CCY, FA_DOC_AMT, AUTH_AMT, AUTH_CCY, PARENT_MAIN_REF, FA_DOC_DT, FA_DOC_DUE_DT, CURRNT_STATUS, C_TRX_STATUS, D_CREA_DATE, D_RELE_DATE, C_FUNC_ID, C_EVENT_NAME, C_EVENT_STATUS, C_NOW_EVENT, C_LOCKED_FLAG, C_LOCKED_OP, C_RELE_BY FROM CETRX.FAEF_EM_INV WHERE   C_BK_GROUP_ID = 'CSBANK'  AND (( C_UNIT_CODE = 'C013133'  AND  C_PRODUCT_ID = 'P19080800001' )) AND C_TRX_STATUS IN ('P', 'A', 'T', 'R', 'M') AND FA_DOC_DUE_DT >= TO_DATE('2026-01-01', 'YYYY-MM-DD') AND FA_DOC_DUE_DT <= TO_DATE('2026-12-31', 'YYYY-MM-DD') ) TEMP_TABLE GROUP BY FA_DOC_DUE_DT
---------------------- End 2026-07-05 20:02:07 089 ------------------------
 [end]

[start] [INFO] [2026-07-05 20:02:09.966] [C013133_C013133MCM1] 
---------------------Begin 2026-07-05 20:02:09 962    CREATE_BU:C013133    CREATE_BY:C013133MCM1 ---------------------
[01]  SELECT C_INACTIVE FROM CEUSER.SEC_USER_INFO WHERE C_USER_ID = 'C013133MCM1' AND C_UNIT_CODE = 'C013133' 
---------------------- End 2026-07-05 20:02:09 965 ------------------------
 [end]

[start] [INFO] [2026-07-05 20:02:09.982] [C013133_C013133MCM1] 
---------------------Begin 2026-07-05 20:02:09 977    CREATE_BU:C013133    CREATE_BY:C013133MCM1 ---------------------
[01]  SELECT DISTINCT C_WIDGET_NAME FROM CEUSER.SEC_WIDGETS_V2_LIST  WHERE  C_IS_ACTIVE = 'Y'  AND  C_ROLE_NAME IN ('MAKER','CHECKER')  ORDER BY  C_WIDGET_NAME 
---------------------- End 2026-07-05 20:02:09 981 ------------------------
 [end]

[start] [INFO] [2026-07-05 20:02:09.988] [C013133_C013133MCM1] 
---------------------Begin 2026-07-05 20:02:09 984    CREATE_BU:C013133    CREATE_BY:C013133MCM1 ---------------------
[01]  SELECT TAB.C_TAB_ID,TAB.C_TAB_NAME,TAB.I_TAB_SEQUENCE FROM CEUSER.SEC_WIDGETS_V2_TABS TAB LEFT JOIN CEUSER.SEC_WIDGETS_V2_LAYOUT LYT ON (TAB.C_TAB_ID = LYT.C_TAB_ID AND  TAB.C_UNIT_CODE = LYT.C_UNIT_CODE AND TAB.C_USER_ID = LYT.C_USER_ID )    WHERE  TAB.C_UNIT_CODE = 'C013133'  AND  TAB.C_USER_ID = 'C013133MCM1'  AND  LYT.C_PAGE_NAME = 'default'  ORDER BY  TAB.I_TAB_SEQUENCE ASC 
---------------------- End 2026-07-05 20:02:09 987 ------------------------
 [end]

[start] [INFO] [2026-07-05 20:02:10.082] [C013133_C013133MCM1] 
---------------------Begin 2026-07-05 20:02:10 041    CREATE_BU:C013133    CREATE_BY:C013133MCM1 ---------------------
[01]  SELECT C_INACTIVE FROM CEUSER.SEC_USER_INFO WHERE C_USER_ID = 'C013133MCM1' AND C_UNIT_CODE = 'C013133' 
---------------------- End 2026-07-05 20:02:10 044 ------------------------
 [end]

[start] [INFO] [2026-07-05 20:02:10.094] [C013133_C013133MCM1] 
---------------------Begin 2026-07-05 20:02:10 090    CREATE_BU:C013133    CREATE_BY:C013133MCM1 ---------------------
[01]  SELECT C_INACTIVE FROM CEUSER.SEC_USER_INFO WHERE C_USER_ID = 'C013133MCM1' AND C_UNIT_CODE = 'C013133' 
---------------------- End 2026-07-05 20:02:10 092 ------------------------
 [end]

[start] [INFO] [2026-07-05 20:02:10.104] [C013133_C013133MCM1] 
---------------------Begin 2026-07-05 20:02:10 101    CREATE_BU:C013133    CREATE_BY:C013133MCM1 ---------------------
[01]  SELECT DISTINCT C_WIDGET_NAME FROM CEUSER.SEC_WIDGETS_V2_LIST  WHERE  C_IS_ACTIVE = 'Y'  AND  C_ROLE_NAME IN ('MAKER','CHECKER')  ORDER BY  C_WIDGET_NAME 
---------------------- End 2026-07-05 20:02:10 103 ------------------------
 [end]

[start] [INFO] [2026-07-05 20:02:10.189] [C013133_C013133MCM1] 
---------------------Begin 2026-07-05 20:02:10 077    CREATE_BU:C013133    CREATE_BY:C013133MCM1 ---------------------
[01]  SELECT C_LAYOUT_INFO FROM CEUSER.SEC_WIDGETS_V2_LAYOUT  WHERE  C_UNIT_CODE = 'C013133'  AND  C_USER_ID = 'C013133MCM1'  AND  C_PAGE_NAME = 'default' 
---------------------- End 2026-07-05 20:02:10 188 ------------------------
 [end]

[start] [INFO] [2026-07-05 20:02:10.269] [C013133_C013133MCM1] 
---------------------Begin 2026-07-05 20:02:10 207    CREATE_BU:C013133    CREATE_BY:C013133MCM1 ---------------------
[01]  SELECT TAB.C_TAB_ID,TAB.C_TAB_NAME,TAB.I_TAB_SEQUENCE,LYT.C_LAYOUT_INFO FROM CEUSER.SEC_WIDGETS_V2_TABS TAB LEFT JOIN CEUSER.SEC_WIDGETS_V2_LAYOUT LYT ON (TAB.C_TAB_ID = LYT.C_TAB_ID AND  TAB.C_UNIT_CODE = LYT.C_UNIT_CODE AND TAB.C_USER_ID = LYT.C_USER_ID )    WHERE  TAB.C_UNIT_CODE = 'C013133'  AND  TAB.C_USER_ID = 'C013133MCM1'  AND  LYT.C_PAGE_NAME = 'default'  ORDER BY  TAB.I_TAB_SEQUENCE ASC 
---------------------- End 2026-07-05 20:02:10 267 ------------------------
 [end]

[start] [INFO] [2026-07-05 20:02:10.283] [C013133_C013133MCM1] 
---------------------Begin 2026-07-05 20:02:10 278    CREATE_BU:C013133    CREATE_BY:C013133MCM1 ---------------------
[01]  SELECT C_INST_CONFIG FROM CEUSER.SEC_WIDGETS_V2_INST_CONFIG  WHERE  C_INST_ID = '8A8284979ED08B07019ED1298A170188'  AND  C_UNIT_CODE = 'C013133'  AND  C_USER_ID = 'C013133MCM1' 
---------------------- End 2026-07-05 20:02:10 282 ------------------------
 [end]

[start] [INFO] [2026-07-05 20:02:10.293] [C013133_C013133MCM1] 
---------------------Begin 2026-07-05 20:02:10 288    CREATE_BU:C013133    CREATE_BY:C013133MCM1 ---------------------
[01]  SELECT C_INST_CONFIG FROM CEUSER.SEC_WIDGETS_V2_INST_CONFIG  WHERE  C_INST_ID = '8A8284979ED08B07019ED1298A170188'  AND  C_UNIT_CODE = 'C013133'  AND  C_USER_ID = 'C013133MCM1' 
---------------------- End 2026-07-05 20:02:10 292 ------------------------
 [end]

[start] [INFO] [2026-07-05 20:02:10.335] [C013133_C013133MCM1] 
---------------------Begin 2026-07-05 20:02:10 300    CREATE_BU:C013133    CREATE_BY:C013133MCM1 ---------------------
[01]  SELECT C_INST_CONFIG FROM CEUSER.SEC_WIDGETS_V2_INST_CONFIG  WHERE  C_INST_ID = '8A8284979ED08B07019ED1298A31018B'  AND  C_UNIT_CODE = 'C013133'  AND  C_USER_ID = 'C013133MCM1' 
---------------------- End 2026-07-05 20:02:10 333 ------------------------
 [end]

[start] [INFO] [2026-07-05 20:02:10.341] [C013133_C013133MCM1] 
---------------------Begin 2026-07-05 20:02:10 338    CREATE_BU:C013133    CREATE_BY:C013133MCM1 ---------------------
[01]  SELECT C_INST_CONFIG FROM CEUSER.SEC_WIDGETS_V2_INST_CONFIG  WHERE  C_INST_ID = '8A8284979ED08B07019ED1298A31018B'  AND  C_UNIT_CODE = 'C013133'  AND  C_USER_ID = 'C013133MCM1' 
---------------------- End 2026-07-05 20:02:10 340 ------------------------
 [end]

[start] [INFO] [2026-07-05 20:02:10.350] [C013133_C013133MCM1] 
---------------------Begin 2026-07-05 20:02:10 348    CREATE_BU:C013133    CREATE_BY:C013133MCM1 ---------------------
[01]  SELECT C_INST_CONFIG FROM CEUSER.SEC_WIDGETS_V2_INST_CONFIG  WHERE  C_INST_ID = '8A8284979ED08B07019ED1298A200189'  AND  C_UNIT_CODE = 'C013133'  AND  C_USER_ID = 'C013133MCM1' 
---------------------- End 2026-07-05 20:02:10 349 ------------------------
 [end]

[start] [INFO] [2026-07-05 20:02:10.356] [C013133_C013133MCM1] 
---------------------Begin 2026-07-05 20:02:10 354    CREATE_BU:C013133    CREATE_BY:C013133MCM1 ---------------------
[01]  SELECT C_INST_CONFIG FROM CEUSER.SEC_WIDGETS_V2_INST_CONFIG  WHERE  C_INST_ID = '8A8284979ED08B07019ED1298A200189'  AND  C_UNIT_CODE = 'C013133'  AND  C_USER_ID = 'C013133MCM1' 
---------------------- End 2026-07-05 20:02:10 355 ------------------------
 [end]

[start] [INFO] [2026-07-05 20:02:10.366] [C013133_C013133MCM1] 
---------------------Begin 2026-07-05 20:02:10 362    CREATE_BU:C013133    CREATE_BY:C013133MCM1 ---------------------
[01]  SELECT C_INST_CONFIG FROM CEUSER.SEC_WIDGETS_V2_INST_CONFIG  WHERE  C_INST_ID = '8A8284979ED08B07019ED1298A39018C'  AND  C_UNIT_CODE = 'C013133'  AND  C_USER_ID = 'C013133MCM1' 
---------------------- End 2026-07-05 20:02:10 365 ------------------------
 [end]

[start] [INFO] [2026-07-05 20:02:10.373] [C013133_C013133MCM1] 
---------------------Begin 2026-07-05 20:02:10 370    CREATE_BU:C013133    CREATE_BY:C013133MCM1 ---------------------
[01]  SELECT C_INST_CONFIG FROM CEUSER.SEC_WIDGETS_V2_INST_CONFIG  WHERE  C_INST_ID = '8A8284979ED08B07019ED1298A39018C'  AND  C_UNIT_CODE = 'C013133'  AND  C_USER_ID = 'C013133MCM1' 
---------------------- End 2026-07-05 20:02:10 372 ------------------------
 [end]

[start] [INFO] [2026-07-05 20:02:10.385] [C013133_C013133MCM1] 
---------------------Begin 2026-07-05 20:02:10 381    CREATE_BU:C013133    CREATE_BY:C013133MCM1 ---------------------
[01]  SELECT C_INST_CONFIG FROM CEUSER.SEC_WIDGETS_V2_INST_CONFIG  WHERE  C_INST_ID = '8A8284979ED08B07019ED1298A28018A'  AND  C_UNIT_CODE = 'C013133'  AND  C_USER_ID = 'C013133MCM1' 
---------------------- End 2026-07-05 20:02:10 384 ------------------------
 [end]

[start] [INFO] [2026-07-05 20:02:10.450] [C013133_C013133MCM1] 
---------------------Begin 2026-07-05 20:02:10 397    CREATE_BU:C013133    CREATE_BY:C013133MCM1 ---------------------
[01]  SELECT C_INST_CONFIG FROM CEUSER.SEC_WIDGETS_V2_INST_CONFIG  WHERE  C_INST_ID = '8A8284979ED08B07019ED1298A28018A'  AND  C_UNIT_CODE = 'C013133'  AND  C_USER_ID = 'C013133MCM1' 
---------------------- End 2026-07-05 20:02:10 449 ------------------------
 [end]

[start] [INFO] [2026-07-05 20:02:10.644] [C013133_C013133MCM1] 
---------------------Begin 2026-07-05 20:02:10 636    CREATE_BU:C013133    CREATE_BY:C013133MCM1 ---------------------
[01]  SELECT C_INACTIVE FROM CEUSER.SEC_USER_INFO WHERE C_USER_ID = 'C013133MCM1' AND C_UNIT_CODE = 'C013133' 
---------------------- End 2026-07-05 20:02:10 641 ------------------------
 [end]

[start] [INFO] [2026-07-05 20:02:10.645] [C013133_C013133MCM1] 
---------------------Begin 2026-07-05 20:02:10 639    CREATE_BU:C013133    CREATE_BY:C013133MCM1 ---------------------
[01]  SELECT C_INACTIVE FROM CEUSER.SEC_USER_INFO WHERE C_USER_ID = 'C013133MCM1' AND C_UNIT_CODE = 'C013133' 
---------------------- End 2026-07-05 20:02:10 643 ------------------------
 [end]

[start] [INFO] [2026-07-05 20:02:10.713] [C013133_C013133MCM1] 
---------------------Begin 2026-07-05 20:02:10 709    CREATE_BU:C013133    CREATE_BY:C013133MCM1 ---------------------
[01]  SELECT C_INACTIVE FROM CEUSER.SEC_USER_INFO WHERE C_USER_ID = 'C013133MCM1' AND C_UNIT_CODE = 'C013133' 
---------------------- End 2026-07-05 20:02:10 712 ------------------------
 [end]

[start] [INFO] [2026-07-05 20:02:10.713] [C013133_C013133MCM1] 
---------------------Begin 2026-07-05 20:02:10 710    CREATE_BU:C013133    CREATE_BY:C013133MCM1 ---------------------
[01]  SELECT C_INACTIVE FROM CEUSER.SEC_USER_INFO WHERE C_USER_ID = 'C013133MCM1' AND C_UNIT_CODE = 'C013133' 
---------------------- End 2026-07-05 20:02:10 712 ------------------------
 [end]

[start] [INFO] [2026-07-05 20:02:10.717] [C013133_C013133MCM1] 
---------------------Begin 2026-07-05 20:02:10 715    CREATE_BU:C013133    CREATE_BY:C013133MCM1 ---------------------
[01]  SELECT C_INACTIVE FROM CEUSER.SEC_USER_INFO WHERE C_USER_ID = 'C013133MCM1' AND C_UNIT_CODE = 'C013133' 
---------------------- End 2026-07-05 20:02:10 716 ------------------------
 [end]

[start] [INFO] [2026-07-05 20:02:10.735] [C013133_C013133MCM1] 
---------------------Begin 2026-07-05 20:02:10 728    CREATE_BU:C013133    CREATE_BY:C013133MCM1 ---------------------
[01]  [Id=C2A_ForYou]  SELECT COUNT(*) FROM (SELECT DISTINCT T1.C_BK_GROUP_ID, T1.C_MAIN_REF, T1.C_TRX_REF, T1.C_UNIT_CODE, T1.PARENT_MAIN_REF, T1.C_TRX_STATUS, T1.CURRNT_STATUS, T1.C2A_STATUS, T1.I_EVENT_TIMES, T1.C_MODULE, T1.C_FUNC_ID, T1.C_PRODUCT_ID, T1.C_TRX_ID, T3.C_LOCKED_FLAG, T3.C_LOCKED_OP, T3.C_USER_DESC, T1.D_SYS_OP_DATE, T1.T_SYS_OP_TIME, T1.C2A_CCY, T1.C2A_AMOUNT, T1.C2A_COUNTERPARTY FROM CETRX.TRX_INBOX T1 LEFT JOIN CETRX.TRX_NEXT_FUNC T2 ON T1.C_PRODUCT_ID = T2.C_PRODUCT_ID AND T1.C2A_STATUS = T2.C2A_STATUS AND T1.C_TRX_STATUS = T2.C_TRX_STATUS LEFT JOIN CETRX.TRX_LOCK_INFO T3 ON T1.C_MAIN_REF = T3.C_MAIN_REF AND T1.C_UNIT_CODE = T3.C_UNIT_CODE WHERE   T1.C_BK_GROUP_ID = 'CSBANK'  AND (( T1.C_UNIT_CODE = 'C013133'  AND  T1.C_PRODUCT_ID IN ('FHS0YffwVNuA','P06022700000','P08010300000','P08111800000','P13101500000','P13111900000','P14042500000','P14042500001','P16062000000','P16062300000','P19080800000','P19080800001','P19080800002','P20030600000','P20030600001','epF3a6u4ZGAt') )) AND (T2.C_NEXT_FUNC_ID IN (SELECT C_FUNC_ID FROM CEUSER.SEC_OP_FUNC WHERE C_USER_ID = 'C013133MCM1' AND C_GRP_CODE = 'C013133' AND C_UNIT_CODE = T1.C_UNIT_CODE) OR T2.C_NEXT_FUNC_ID IN (SELECT C_FUNC_ID FROM CEUSER.SEC_OP_FUNC WHERE C_GRP_CODE = 'C013133' AND C_USER_ID IN (SELECT C_ROLE_ID FROM CEUSER.SEC_USER_ROLE WHERE C_USER_ID = 'C013133MCM1' AND C_GRP_CODE = 'C013133') AND C_UNIT_CODE = T1.C_UNIT_CODE)) AND (T1.C_TRX_STATUS = 'R' OR T1.C2A_STATUS IN ('Rejected by bank', 'Discrepancy notification', 'Document received') AND T1.C_TRX_STATUS = 'M' OR T1.C2A_STATUS IN ('Amendment(Detrimental)_fully authorized', 'Document discrepancy_fully authorized') AND T1.C_TRX_STATUS = 'A') AND T1.C_TRX_ID NOT IN (SELECT C_TRX_ID FROM CETRX.TRX_USER_DISMISS WHERE C_USER_ID = 'C013133MCM1' AND C_GRP_CODE = 'C013133') AND (T1.C_MODULE = 'IMLC' OR T1.C_MODULE = 'EXLC' OR T1.C_MODULE = 'FAEF' OR T1.C_MODULE = 'FADA' OR T1.C_MODULE = 'TSUM' OR T1.C_MODULE = 'ABLF' OR T1.C_MODULE = 'UPLD') ORDER BY T1.D_SYS_OP_DATE DESC, T1.T_SYS_OP_TIME DESC)
---------------------- End 2026-07-05 20:02:10 733 ------------------------
 [end]

[start] [INFO] [2026-07-05 20:02:10.747] [C013133_C013133MCM1] 
---------------------Begin 2026-07-05 20:02:10 740    CREATE_BU:C013133    CREATE_BY:C013133MCM1 ---------------------
[01]  [Id=C2A_InProgress_Both]  SELECT COUNT(*) FROM CETRX.TRX_INBOX T1 LEFT JOIN CETRX.TRX_LOCK_INFO T3 ON T1.C_MAIN_REF = T3.C_MAIN_REF AND T1.C_UNIT_CODE = T3.C_UNIT_CODE WHERE   T1.C_BK_GROUP_ID = 'CSBANK'  AND (( T1.C_UNIT_CODE = 'C013133'  AND  T1.C_PRODUCT_ID IN ('FHS0YffwVNuA','P06022700000','P08010300000','P08111800000','P13101500000','P13111900000','P14042500000','P14042500001','P16062000000','P16062300000','P19080800000','P19080800001','P19080800002','P20030600000','P20030600001','epF3a6u4ZGAt') )) AND (T1.C_TRX_STATUS IN ('P', 'T', 'A', 'S', 'R') AND (T1.C_MODULE = 'IMLC' OR T1.C_MODULE = 'EXLC' OR T1.C_MODULE = 'FAEF' OR T1.C_MODULE = 'FADA' OR T1.C_MODULE = 'ABLF') AND T1.C2A_STATUS NOT IN ('Discrepancies rejected_fully authorized') OR T1.C_TRX_STATUS = 'M' AND (T1.C_MODULE = 'IMLC' AND T1.C2A_STATUS NOT IN ('Issued', 'Amended', 'Beneficiary rejected', 'Settled') OR T1.C_MODULE = 'EXCO' AND T1.CURRNT_STATUS NOT IN ('Payment Advice') OR T1.C_MODULE = 'EXLC' AND T1.CURRNT_STATUS NOT IN ('Settled', 'Advise Received', 'Amendment Received', 'Docment Received') OR T1.C_MODULE = 'FAEF' AND T1.CURRNT_STATUS NOT IN ('Settled', 'Advise Received') OR T1.C_MODULE = 'FADA' AND T1.CURRNT_STATUS NOT IN ('Settled', 'Advise Received') OR T1.C_MODULE = 'ABLF' AND T1.CURRNT_STATUS NOT IN ('Settled', 'Advise Received'))) AND T1.C_TRX_ID NOT IN (SELECT C_TRX_ID FROM CETRX.TRX_USER_DISMISS WHERE C_USER_ID = 'C013133MCM1' AND C_GRP_CODE = 'C013133') AND (T1.C_MODULE = 'IMLC' OR T1.C_MODULE = 'EXLC' OR T1.C_MODULE = 'FAEF' OR T1.C_MODULE = 'FADA' OR T1.C_MODULE = 'ABLF')
---------------------- End 2026-07-05 20:02:10 746 ------------------------
 [end]

[start] [INFO] [2026-07-05 20:02:10.753] [C013133_C013133MCM1] 
---------------------Begin 2026-07-05 20:02:10 749    CREATE_BU:C013133    CREATE_BY:C013133MCM1 ---------------------
[01]  SELECT A.C_REPORT_ID,A.C_GRP_CODE,A.C_USER_ID,A.T_PIN_DATE,B.C_SOURCE_REPORT,B.C_REPORT_NAME,B.T_UPDATE_DATE,C.C_USER_DESC FROM CETRX.TRX_USER_REPORT_PIN A LEFT JOIN CETRX.TRX_USER_REPORT B ON A.C_REPORT_ID = B.C_REPORT_ID  LEFT JOIN CEUSER.SEC_USER_INFO C ON A.C_GRP_CODE = C.C_UNIT_CODE AND A.C_USER_ID = C.C_USER_ID  WHERE  A.C_GRP_CODE = 'C013133'  AND  A.C_USER_ID = 'C013133MCM1'  ORDER BY B.T_UPDATE_DATE DESC
---------------------- End 2026-07-05 20:02:10 752 ------------------------
 [end]

[start] [INFO] [2026-07-05 20:02:10.758] [C013133_C013133MCM1] 
---------------------Begin 2026-07-05 20:02:10 752    CREATE_BU:C013133    CREATE_BY:C013133MCM1 ---------------------
[01]  [Id=C2A_Closed]  SELECT COUNT(*) FROM CETRX.TRX_INBOX T1 LEFT JOIN CETRX.TRX_LOCK_INFO T3 ON T1.C_MAIN_REF = T3.C_MAIN_REF AND T1.C_UNIT_CODE = T3.C_UNIT_CODE WHERE   T1.C_BK_GROUP_ID = 'CSBANK'  AND (( T1.C_UNIT_CODE = 'C013133'  AND  T1.C_PRODUCT_ID IN ('FHS0YffwVNuA','P06022700000','P08010300000','P08111800000','P13101500000','P13111900000','P14042500000','P14042500001','P16062000000','P16062300000','P19080800000','P19080800001','P19080800002','P20030600000','P20030600001','epF3a6u4ZGAt') )) AND (T1.C2A_STATUS IN ('Issued', 'Amended', 'Beneficiary rejected', 'Discrepancies rejected_fully authorized', 'Settled') AND T1.C_MODULE = 'IMLC' OR T1.CURRNT_STATUS IN ('Issued', 'Amended', 'Detrimental Amendment', 'Beneficiary Consent', 'Beneficiary Rejected', 'Document Presentation', 'Document Presentation', 'Settlement', 'Settled') AND T1.C_MODULE = 'EXCO' OR T1.C2A_STATUS IN ('Settled', 'Amendment_fully authorized', '') AND T1.C_MODULE = 'EXLC' OR T1.C_FUNC_ID IN ('F05030700899', 'F05030700901', 'F05030700908') AND T1.C2A_STATUS = 'Fully authorized' AND T1.C_MODULE = 'EXLC' OR T1.C_MODULE = 'FADA' OR T1.C_MODULE = 'FAEF') AND T1.C_TRX_STATUS IN ('M', 'A', 'S') AND T1.C_TRX_ID NOT IN (SELECT C_TRX_ID FROM CETRX.TRX_USER_DISMISS WHERE C_USER_ID = 'C013133MCM1' AND C_GRP_CODE = 'C013133') AND (T1.C_MODULE = 'IMLC' OR T1.C_MODULE = 'EXLC' OR T1.C_MODULE = 'FADA' OR T1.C_MODULE = 'FAEF')
---------------------- End 2026-07-05 20:02:10 757 ------------------------
 [end]

[start] [INFO] [2026-07-05 20:02:10.771] [C013133_C013133MCM1] 
---------------------Begin 2026-07-05 20:02:10 763    CREATE_BU:C013133    CREATE_BY:C013133MCM1 ---------------------
[01]  [Id=C2A_Drafts]  SELECT COUNT(*) FROM (SELECT DISTINCT T1.C_BK_GROUP_ID, T1.C_MAIN_REF, T1.C_TRX_REF, T1.C_UNIT_CODE, T1.PARENT_MAIN_REF, T1.C_TRX_STATUS, T1.I_EVENT_TIMES, T1.C_MODULE, T1.C_FUNC_ID, T1.C_PRODUCT_ID, T1.C_TRX_ID, T3.C_LOCKED_FLAG, T3.C_LOCKED_OP, T3.C_USER_DESC, T1.D_SYS_OP_DATE, T1.T_SYS_OP_TIME, T1.C2A_CCY, T1.C2A_AMOUNT, T1.C2A_COUNTERPARTY FROM CETRX.TRX_INBOX T1 LEFT JOIN CETRX.TRX_NEXT_FUNC T2 ON T1.C_PRODUCT_ID = T2.C_PRODUCT_ID AND T1.C_TRX_STATUS = T2.C_TRX_STATUS LEFT JOIN CETRX.TRX_LOCK_INFO T3 ON T1.C_MAIN_REF = T3.C_MAIN_REF AND T1.C_UNIT_CODE = T3.C_UNIT_CODE WHERE   T1.C_BK_GROUP_ID = 'CSBANK'  AND (( T1.C_UNIT_CODE = 'C013133'  AND  T1.C_PRODUCT_ID IN ('FHS0YffwVNuA','P06022700000','P08010300000','P08111800000','P13101500000','P13111900000','P14042500000','P14042500001','P16062000000','P16062300000','P19080800000','P19080800001','P19080800002','P20030600000','P20030600001','epF3a6u4ZGAt') )) AND (T2.C_NEXT_FUNC_ID IN (SELECT C_FUNC_ID FROM CEUSER.SEC_OP_FUNC WHERE C_USER_ID = 'C013133MCM1' AND C_GRP_CODE = 'C013133' AND C_UNIT_CODE = T1.C_UNIT_CODE) OR T2.C_NEXT_FUNC_ID IN (SELECT C_FUNC_ID FROM CEUSER.SEC_OP_FUNC WHERE C_GRP_CODE = 'C013133' AND C_USER_ID IN (SELECT C_ROLE_ID FROM CEUSER.SEC_USER_ROLE WHERE C_USER_ID = 'C013133MCM1' AND C_GRP_CODE = 'C013133') AND C_UNIT_CODE = T1.C_UNIT_CODE)) AND T1.C_TRX_STATUS = 'Z' AND T1.C_TRX_ID NOT IN (SELECT C_TRX_ID FROM CETRX.TRX_USER_DISMISS WHERE C_USER_ID = 'C013133MCM1' AND C_GRP_CODE = 'C013133') AND (T1.C_MODULE = 'IMLC' OR T1.C_MODULE = 'EXLC' OR T1.C_MODULE = 'FAEF' OR T1.C_MODULE = 'FADA' OR T1.C_MODULE = 'ABLF') ORDER BY T1.D_SYS_OP_DATE DESC, T1.T_SYS_OP_TIME DESC)
---------------------- End 2026-07-05 20:02:10 769 ------------------------
 [end]

[start] [INFO] [2026-07-05 20:02:10.826] [C013133_C013133MCM1] 
---------------------Begin 2026-07-05 20:02:10 821    CREATE_BU:C013133    CREATE_BY:C013133MCM1 ---------------------
[01]  SELECT C_INACTIVE FROM CEUSER.SEC_USER_INFO WHERE C_USER_ID = 'C013133MCM1' AND C_UNIT_CODE = 'C013133' 
---------------------- End 2026-07-05 20:02:10 825 ------------------------
 [end]

[start] [INFO] [2026-07-05 20:02:10.838] [C013133_C013133MCM1] 
---------------------Begin 2026-07-05 20:02:10 834    CREATE_BU:C013133    CREATE_BY:C013133MCM1 ---------------------
[01]  SELECT C_FUNC_ID,T_OP_TIME FROM CETRX.TRX_FAVOR_FUNC  WHERE  C_UNIT_CODE = 'C013133'  AND  C_USER_ID = 'C013133MCM1'  ORDER BY  T_OP_TIME DESC 
---------------------- End 2026-07-05 20:02:10 837 ------------------------
 [end]

[start] [INFO] [2026-07-05 20:02:10.858] [C013133_C013133MCM1] 
---------------------Begin 2026-07-05 20:02:10 854    CREATE_BU:C013133    CREATE_BY:C013133MCM1 ---------------------
[01]  SELECT C_IS_ACTIVE FROM CEUSER.SEC_WIDGETS_V2_LIST  WHERE  C_WIDGET_NAME = 'ShortcutMenu'  AND  C_ROLE_NAME IN ('MAKER','CHECKER') 
---------------------- End 2026-07-05 20:02:10 857 ------------------------
 [end]

[start] [INFO] [2026-07-05 20:02:10.905] [C013133_C013133MCM1] 
---------------------Begin 2026-07-05 20:02:10 860    CREATE_BU:C013133    CREATE_BY:C013133MCM1 ---------------------
[01]  SELECT C_FUNC_ID,C_MODULE FROM CETRX.TRX_ACT_LOG WHERE C_FUNC_ID IS NOT NULL AND C_UNIT_CODE = 'C013133' AND C_USER_ID = 'C013133MCM1' AND D_SYS_OP_DATE BETWEEN TO_DATE('2026-06-05','yyyy-MM-dd') AND TO_DATE('2026-07-05','yyyy-MM-dd') ORDER BY D_SYS_OP_DATE DESC,T_SYS_OP_TIME DESC
---------------------- End 2026-07-05 20:02:10 903 ------------------------
 [end]

[start] [INFO] [2026-07-05 20:02:10.957] [C013133_C013133MCM1] 
---------------------Begin 2026-07-05 20:02:10 953    CREATE_BU:C013133    CREATE_BY:C013133MCM1 ---------------------
[01]  SELECT C_INACTIVE FROM CEUSER.SEC_USER_INFO WHERE C_USER_ID = 'C013133MCM1' AND C_UNIT_CODE = 'C013133' 
---------------------- End 2026-07-05 20:02:10 956 ------------------------
 [end]

[start] [INFO] [2026-07-05 20:02:10.993] [C013133_C013133MCM1] 
---------------------Begin 2026-07-05 20:02:10 990    CREATE_BU:C013133    CREATE_BY:C013133MCM1 ---------------------
[01]  SELECT C_INACTIVE FROM CEUSER.SEC_USER_INFO WHERE C_USER_ID = 'C013133MCM1' AND C_UNIT_CODE = 'C013133' 
---------------------- End 2026-07-05 20:02:10 992 ------------------------
 [end]

[start] [INFO] [2026-07-05 20:02:11.007] [C013133_C013133MCM1] 
---------------------Begin 2026-07-05 20:02:11 003    CREATE_BU:C013133    CREATE_BY:C013133MCM1 ---------------------
[01]  SELECT C_CRITERIA_DATA,C_TMPL_NAME,C_IS_DEFAULT FROM CETRX.STD_SEARCH_CRITERIA  WHERE  C_UNIT_CODE = 'C013133'  AND  C_USER_ID = 'C013133MCM1'  AND  C_CATA_ID = 'C2A_PendingApproval'  AND  C_BK_GROUP_ID = 'CSBANK'  AND  I_CRITERIA_TYPE = 4 
---------------------- End 2026-07-05 20:02:11 006 ------------------------
 [end]

[start] [INFO] [2026-07-05 20:02:11.036] [C013133_C013133MCM1] 
---------------------Begin 2026-07-05 20:02:11 033    CREATE_BU:C013133    CREATE_BY:C013133MCM1 ---------------------
[01]  SELECT FA_DOC_DUE_DT AS GROUP_DATE, COUNT(*) AS ASCOUNT FROM (SELECT C_PRODUCT_ID, C_MAIN_REF, C_CUST_ID, C_TRX_REF, I_EVENT_TIMES, C_BK_GROUP_ID, C_UNIT_CODE, FA_SEL_NM, FA_BUYER_NM, FA_DOC_CCY, FA_DOC_AMT, AUTH_AMT, AUTH_CCY, PARENT_MAIN_REF, FA_DOC_DT, FA_DOC_DUE_DT, CURRNT_STATUS, C_TRX_STATUS, D_CREA_DATE, D_RELE_DATE, C_FUNC_ID, C_EVENT_NAME, C_EVENT_STATUS, C_NOW_EVENT, C_LOCKED_FLAG, C_LOCKED_OP, C_RELE_BY FROM CETRX.FAEF_EM_INV WHERE   C_BK_GROUP_ID = 'CSBANK'  AND (( C_UNIT_CODE = 'C013133'  AND  C_PRODUCT_ID = 'P19080800001' )) AND C_TRX_STATUS IN ('P', 'A', 'T', 'R', 'M') AND FA_DOC_DUE_DT >= TO_DATE('2026-01-01', 'YYYY-MM-DD') AND FA_DOC_DUE_DT <= TO_DATE('2026-12-31', 'YYYY-MM-DD') ) TEMP_TABLE GROUP BY FA_DOC_DUE_DT
---------------------- End 2026-07-05 20:02:11 035 ------------------------
 [end]

[start] [INFO] [2026-07-05 20:02:11.097] [C013133_C013133MCM1] 
---------------------Begin 2026-07-05 20:02:11 093    CREATE_BU:C013133    CREATE_BY:C013133MCM1 ---------------------
[01]  SELECT C_INACTIVE FROM CEUSER.SEC_USER_INFO WHERE C_USER_ID = 'C013133MCM1' AND C_UNIT_CODE = 'C013133' 
---------------------- End 2026-07-05 20:02:11 096 ------------------------
 [end]

[start] [INFO] [2026-07-05 20:02:11.106] [C013133_C013133MCM1] 
---------------------Begin 2026-07-05 20:02:11 103    CREATE_BU:C013133    CREATE_BY:C013133MCM1 ---------------------
[01]  SELECT C_UNIT_CODE,C_UNIT_NAME FROM CEUSER.SEC_BUSINESS_UNIT WHERE C_UNIT_CODE = 'C013133' 
---------------------- End 2026-07-05 20:02:11 105 ------------------------
 [end]

[start] [INFO] [2026-07-05 20:02:11.114] [C013133_C013133MCM1] 
---------------------Begin 2026-07-05 20:02:11 108    CREATE_BU:C013133    CREATE_BY:C013133MCM1 ---------------------
[01]  SELECT C_CRITERIA_DATA,C_TMPL_NAME,C_IS_DEFAULT FROM CETRX.STD_SEARCH_CRITERIA  WHERE  C_UNIT_CODE = 'C013133'  AND  C_USER_ID = 'C013133MCM1'  AND  C_CATA_ID = 'C2A_InProgress_Both'  AND  C_BK_GROUP_ID = 'CSBANK'  AND  I_CRITERIA_TYPE = 4 
---------------------- End 2026-07-05 20:02:11 112 ------------------------
 [end]

[start] [INFO] [2026-07-05 20:02:11.268] [C013133_C013133MCM1] 
---------------------Begin 2026-07-05 20:02:11 228    CREATE_BU:C013133    CREATE_BY:C013133MCM1 ---------------------
[01]  SELECT C_UNIT_CODE,C_UNIT_NAME FROM CEUSER.SEC_BUSINESS_UNIT WHERE C_UNIT_CODE = 'C013133' 
---------------------- End 2026-07-05 20:02:11 267 ------------------------
 [end]

[start] [INFO] [2026-07-05 20:02:11.283] [C013133_C013133MCM1] 
---------------------Begin 2026-07-05 20:02:11 279    CREATE_BU:C013133    CREATE_BY:C013133MCM1 ---------------------
[01]  SELECT C_INACTIVE FROM CEUSER.SEC_USER_INFO WHERE C_USER_ID = 'C013133MCM1' AND C_UNIT_CODE = 'C013133' 
---------------------- End 2026-07-05 20:02:11 282 ------------------------
 [end]

[start] [INFO] [2026-07-05 20:02:11.300] [C013133_C013133MCM1] 
---------------------Begin 2026-07-05 20:02:11 297    CREATE_BU:C013133    CREATE_BY:C013133MCM1 ---------------------
[01]  SELECT C_AUTH_RULE FROM CEUSER.SEC_USER_INFO WHERE C_BK_GROUP_ID = 'CSBANK' AND C_UNIT_CODE = 'C013133' AND C_USER_ID = 'C013133MCM1' 
---------------------- End 2026-07-05 20:02:11 299 ------------------------
 [end]

[start] [INFO] [2026-07-05 20:02:11.304] [C013133_C013133MCM1] 
---------------------Begin 2026-07-05 20:02:11 302    CREATE_BU:C013133    CREATE_BY:C013133MCM1 ---------------------
[01]  SELECT C_AUTH_RULE FROM CEUSER.SEC_BUSINESS_UNIT WHERE C_BK_GROUP_ID = 'CSBANK' AND C_UNIT_CODE = 'C013133' 
---------------------- End 2026-07-05 20:02:11 303 ------------------------
 [end]

[start] [INFO] [2026-07-05 20:02:11.317] [C013133_C013133MCM1] 
---------------------Begin 2026-07-05 20:02:11 307    CREATE_BU:C013133    CREATE_BY:C013133MCM1 ---------------------
[01]  [Id=C2A_PendingApproval]  SELECT T1.C_BK_GROUP_ID, T1.C_MAIN_REF, T1.C_TRX_REF, T1.C_UNIT_CODE, T1.PARENT_MAIN_REF, T1.C_TRX_STATUS, T1.CURRNT_STATUS, T1.I_EVENT_TIMES, T1.C_MODULE, T1.C_FUNC_ID, T1.C_PRODUCT_ID, T1.C_TRX_ID, T1.C_CREATED_BY, T3.C_LOCKED_FLAG, T3.C_LOCKED_OP, T3.C_USER_DESC, T1.D_SYS_OP_DATE, T1.T_SYS_OP_TIME, T1.C2A_CCY, T1.C2A_AMOUNT, T1.C2A_COUNTERPARTY FROM CETRX.TRX_INBOX T1 LEFT JOIN CETRX.TRX_LOCK_INFO T3 ON T1.C_MAIN_REF = T3.C_MAIN_REF AND T1.C_UNIT_CODE = T3.C_UNIT_CODE WHERE   T1.C_BK_GROUP_ID = 'CSBANK'  AND  T1.C_UNIT_CODE = 'C013133'  AND T1.C_PRODUCT_ID IN('P06022700000','P13101500000','P13111900000','P14042500001','P19080800000') AND  T1.C_BK_GROUP_ID = 'CSBANK'  AND (T1.C_TRX_STATUS<>'R' AND T1.C_TRX_STATUS<>'A' OR T1.C_TRX_STATUS IS NULL) AND T1.C_TRX_ID NOT IN (SELECT C_TRX_ID FROM CETRX.TRX_AUTH_LIST WHERE  C_GRP_CODE = 'C013133'  AND  C_USER_ID = 'C013133MCM1'  AND  C_UNIT_CODE = 'C013133' ) AND T1.C_TRX_ID IN (SELECT C_TRX_ID FROM CETRX.TRX_MATRIX_LIST WHERE  C_UNIT_CODE = 'C013133'  AND ( (  I_AUTH_LEVEL = 1  AND C_PRODUCT_ID IN('P06022700000','P13101500000','P13111900000','P14042500001','P19080800000')))) AND (( T1.C_UNIT_CODE = 'C013133'  AND  T1.C_PRODUCT_ID IN ('FHS0YffwVNuA','P06022700000','P08010300000','P08111800000','P13101500000','P13111900000','P14042500000','P14042500001','P16062000000','P16062300000','P19080800000','P19080800001','P19080800002','P20030600000','P20030600001','epF3a6u4ZGAt') )) AND T1.C_TRX_STATUS IN ('P', 'T') AND (T1.C_MODULE = 'IMLC' OR T1.C_MODULE = 'EXLC' OR T1.C_MODULE = 'FAEF' OR T1.C_MODULE = 'FADA' OR T1.C_MODULE = 'ABLF') ORDER BY T1.D_SYS_OP_DATE DESC, T1.T_SYS_OP_TIME DESC
---------------------- End 2026-07-05 20:02:11 316 ------------------------
 [end]

[start] [INFO] [2026-07-05 20:02:11.332] [C013133_C013133MCM1] 
---------------------Begin 2026-07-05 20:02:11 330    CREATE_BU:C013133    CREATE_BY:C013133MCM1 ---------------------
[01]  SELECT C_INACTIVE FROM CEUSER.SEC_USER_INFO WHERE C_USER_ID = 'C013133MCM1' AND C_UNIT_CODE = 'C013133' 
---------------------- End 2026-07-05 20:02:11 331 ------------------------
 [end]

[start] [INFO] [2026-07-05 20:02:11.358] [C013133_C013133MCM1] 
---------------------Begin 2026-07-05 20:02:11 344    CREATE_BU:C013133    CREATE_BY:C013133MCM1 ---------------------
[01]  [Id=C2A_InProgress_Both]  SELECT T1.C_BK_GROUP_ID, T1.C_MAIN_REF, T1.C_TRX_REF, T1.C_UNIT_CODE, T1.PARENT_MAIN_REF, T1.C_TRX_STATUS, T1.CURRNT_STATUS, T1.C2A_STATUS, T1.I_EVENT_TIMES, T1.C_MODULE, T1.C_FUNC_ID, T1.C_PRODUCT_ID, T1.C_TRX_ID, T3.C_LOCKED_FLAG, T3.C_LOCKED_OP, T3.C_USER_DESC, T1.D_SYS_OP_DATE, T1.T_SYS_OP_TIME, T1.C2A_CCY, T1.C2A_AMOUNT, T1.C2A_COUNTERPARTY FROM CETRX.TRX_INBOX T1 LEFT JOIN CETRX.TRX_LOCK_INFO T3 ON T1.C_MAIN_REF = T3.C_MAIN_REF AND T1.C_UNIT_CODE = T3.C_UNIT_CODE WHERE   T1.C_BK_GROUP_ID = 'CSBANK'  AND (( T1.C_UNIT_CODE = 'C013133'  AND  T1.C_PRODUCT_ID IN ('FHS0YffwVNuA','P06022700000','P08010300000','P08111800000','P13101500000','P13111900000','P14042500000','P14042500001','P16062000000','P16062300000','P19080800000','P19080800001','P19080800002','P20030600000','P20030600001','epF3a6u4ZGAt') )) AND (T1.C_TRX_STATUS IN ('P', 'T', 'A', 'S', 'R') AND (T1.C_MODULE = 'IMLC' OR T1.C_MODULE = 'EXLC' OR T1.C_MODULE = 'FAEF' OR T1.C_MODULE = 'FADA' OR T1.C_MODULE = 'ABLF') AND T1.C2A_STATUS NOT IN ('Discrepancies rejected_fully authorized') OR T1.C_TRX_STATUS = 'M' AND (T1.C_MODULE = 'IMLC' AND T1.C2A_STATUS NOT IN ('Issued', 'Amended', 'Beneficiary rejected', 'Settled') OR T1.C_MODULE = 'EXCO' AND T1.CURRNT_STATUS NOT IN ('Payment Advice') OR T1.C_MODULE = 'EXLC' AND T1.CURRNT_STATUS NOT IN ('Settled', 'Advise Received', 'Amendment Received', 'Docment Received') OR T1.C_MODULE = 'FAEF' AND T1.CURRNT_STATUS NOT IN ('Settled', 'Advise Received') OR T1.C_MODULE = 'FADA' AND T1.CURRNT_STATUS NOT IN ('Settled', 'Advise Received') OR T1.C_MODULE = 'ABLF' AND T1.CURRNT_STATUS NOT IN ('Settled', 'Advise Received'))) AND T1.C_TRX_ID NOT IN (SELECT C_TRX_ID FROM CETRX.TRX_USER_DISMISS WHERE C_USER_ID = 'C013133MCM1' AND C_GRP_CODE = 'C013133') AND (T1.C_MODULE = 'IMLC' OR T1.C_MODULE = 'EXLC' OR T1.C_MODULE = 'FAEF' OR T1.C_MODULE = 'FADA' OR T1.C_MODULE = 'ABLF') ORDER BY T1.D_SYS_OP_DATE DESC, T1.T_SYS_OP_TIME DESC
---------------------- End 2026-07-05 20:02:11 357 ------------------------
 [end]

[start] [INFO] [2026-07-05 20:02:11.446] [C013133_C013133MCM1] 
---------------------Begin 2026-07-05 20:02:11 442    CREATE_BU:C013133    CREATE_BY:C013133MCM1 ---------------------
[01]  SELECT C_UNIT_CODE,C_UNIT_NAME FROM CEUSER.SEC_BUSINESS_UNIT WHERE C_UNIT_CODE = 'C013133' 
---------------------- End 2026-07-05 20:02:11 445 ------------------------
 [end]

[start] [INFO] [2026-07-05 20:02:11.451] [C013133_C013133MCM1] 
---------------------Begin 2026-07-05 20:02:11 448    CREATE_BU:C013133    CREATE_BY:C013133MCM1 ---------------------
[01]  SELECT C_CRITERIA_DATA,C_TMPL_NAME,C_IS_DEFAULT FROM CETRX.STD_SEARCH_CRITERIA  WHERE  C_UNIT_CODE = 'C013133'  AND  C_USER_ID = 'C013133MCM1'  AND  C_CATA_ID = 'C2A_PendingApproval'  AND  C_BK_GROUP_ID = 'CSBANK'  AND  I_CRITERIA_TYPE = 4 
---------------------- End 2026-07-05 20:02:11 450 ------------------------
 [end]

[start] [INFO] [2026-07-05 20:02:11.463] [C013133_C013133MCM1] 
---------------------Begin 2026-07-05 20:02:11 459    CREATE_BU:C013133    CREATE_BY:C013133MCM1 ---------------------
[01]  SELECT C_UNIT_CODE,C_UNIT_NAME FROM CEUSER.SEC_BUSINESS_UNIT WHERE C_UNIT_CODE = 'C013133' 
---------------------- End 2026-07-05 20:02:11 462 ------------------------
 [end]

[start] [INFO] [2026-07-05 20:02:11.481] [C013133_C013133MCM1] 
---------------------Begin 2026-07-05 20:02:11 477    CREATE_BU:C013133    CREATE_BY:C013133MCM1 ---------------------
[01]  SELECT C_CRITERIA_DATA,C_TMPL_NAME,C_IS_DEFAULT FROM CETRX.STD_SEARCH_CRITERIA  WHERE  C_UNIT_CODE = 'C013133'  AND  C_USER_ID = 'C013133MCM1'  AND  C_CATA_ID = 'C2A_InProgress_Both'  AND  C_BK_GROUP_ID = 'CSBANK'  AND  I_CRITERIA_TYPE = 4 
---------------------- End 2026-07-05 20:02:11 480 ------------------------
 [end]

[start] [INFO] [2026-07-05 20:02:21.680] [C013133_C013133MCM1] 
---------------------Begin 2026-07-05 20:02:21 677    CREATE_BU:C013133    CREATE_BY:C013133MCM1 ---------------------
[01]  SELECT C_INACTIVE FROM CEUSER.SEC_USER_INFO WHERE C_USER_ID = 'C013133MCM1' AND C_UNIT_CODE = 'C013133' 
---------------------- End 2026-07-05 20:02:21 679 ------------------------
 [end]

[start] [INFO] [2026-07-05 20:02:21.684] [C013133_C013133MCM1] 
---------------------Begin 2026-07-05 20:02:21 681    CREATE_BU:C013133    CREATE_BY:C013133MCM1 ---------------------
[01]  SELECT C_IS_INFORM FROM CEUSER.SEC_LOGIN_SESSION WHERE C_SESSION_ID = '9_0_L1gEBHIqU5HhWSeEEEt' 
---------------------- End 2026-07-05 20:02:21 683 ------------------------
 [end]

[start] [INFO] [2026-07-05 20:02:21.702] [C013133_C013133MCM1] 
---------------------Begin 2026-07-05 20:02:21 690    CREATE_BU:C013133    CREATE_BY:C013133MCM1 ---------------------
[01]  INSERT INTO CETRX.TRX_ACT_LOG (C_LOG_ID,C_BK_GROUP_ID,C_CNTY_CODE,C_GRP_CODE,C_UNIT_CODE,C_USER_ID,C_IP_ADDRESS,C_FUNC_ID,D_CREA_DATE,T_CREA_TIME,D_SYS_OP_DATE,T_SYS_OP_TIME,D_SYS_TRT_DATE,T_SYS_TRT_TIME,C_BUSI_KEY) VALUES ('8A8284979F2871C3019F33043578015A','CSBANK','US','C013133','C013133','C013133MCM1','10.3.1.40','LogOut',TO_DATE('2026-07-05','YYYY-MM-DD'),TO_DATE('16:02:21','HH24:MI:SS'),TO_DATE('2026-07-05','YYYY-MM-DD'),TO_DATE('16:02:21','HH24:MI:SS'),TO_DATE('2026-07-05','YYYY-MM-DD'),TO_DATE('16:02:21','HH24:MI:SS'),'C013133;C013133MCM1')
---------------------- End 2026-07-05 20:02:21 701 ------------------------
 [end]

[start] [INFO] [2026-07-05 20:02:21.727] [C013133_C013133MCM1] 
---------------------Begin 2026-07-05 20:02:21 706    CREATE_BU:C013133    CREATE_BY:C013133MCM1 ---------------------
[01]  DELETE FROM CEUSER.SEC_LOGIN_SESSION WHERE C_BK_GROUP_ID = 'CSBANK' AND C_USER_ID = 'C013133MCM1' AND C_UNIT_CODE = 'C013133' AND C_SESSION_ID = '9_0_L1gEBHIqU5HhWSeEEEt' 
---------------------- End 2026-07-05 20:02:21 725 ------------------------
 [end]
