
[start] [DEBUG] [2026-07-05 16:25:50.370] [CSOFFICE_superofficer] 
browserLanguage :en [end]

[start] [DEBUG] [2026-07-05 16:25:50.373] [CSOFFICE_superofficer] 
acceptLanguage :en-US,en;q=0.9 [end]

[start] [DEBUG] [2026-07-05 16:25:50.374] [CSOFFICE_superofficer] 
defaultLanguage :null [end]

[start] [DEBUG] [2026-07-05 16:25:50.383] [CSOFFICE_superofficer] 
====request content is: 
    Request Type: Temp
Component : DBHelper
Session Context is: 
com.cs.core.utility.SessionContext@15710547
Request Info Type : com.cs.core.dao.exec.SQLDao
Request Info Content is: 
[01]DELETE FROM CEUSER.SEC_LOGIN_SESSION WHERE C_USER_ID = 'superofficer' AND C_UNIT_CODE = 'CSOFFICE' AND C_BK_GROUP_ID = 'CSBANK' AND C_SESSION_ID = '9qZI74l72Sox-PAHqHkWbVJ' 
[02]UPDATE CEUSER.SEC_LOGIN_SESSION SET C_IS_INFORM = 'T' WHERE C_USER_ID = 'superofficer' AND C_UNIT_CODE = 'CSOFFICE' AND C_BK_GROUP_ID = 'CSBANK' 
[03]INSERT INTO CEUSER.SEC_LOGIN_SESSION (C_BK_GROUP_ID,C_UNIT_CODE,C_USER_ID,C_SESSION_ID,C_IS_INFORM) VALUES ('CSBANK','CSOFFICE','superofficer','9qZI74l72Sox-PAHqHkWbVJ','F')

 [end]

[start] [DEBUG] [2026-07-05 16:25:50.482] [CSOFFICE_superofficer] 

------------------ Session ID : 9qZI74l72Sox-PAHqHkWbVJ --------------------

{SS_USER_INFO,userId(C_USER_ID)=superofficer,
userDesc(C_USER_DESC)=The Super Officer,
userType(I_USER_TYPE)=0,
multiLogin(I_MULTI_LOGIN)=true,
deftUnitCode(C_DFLT_UNIT_CODE)=null,
authLevel(I_AUTH_LEVEL)=1,
langVal(C_LANG_VAL)=null,
secType(I_SEC_TYPE)=-1,
tempProtect(C_TMPL_PROTECT)=null,
C_TIMEZONE_ID=null
C_UNIT_CODE=CSOFFICE
C_CNTY_CODE=US
C_LANG_NAME=null
C_CHANGE_PSW=F
C_LOGIN_RULE=null
C_AUTH_SET=null
C_PRIVATE_MAIL=susie.dong@chinasystems.com
C_BK_GROUP_ID=CSBANK
}

{USER_NORMAL_LOGON,Y}

{C_USER_ID,superofficer}

{SS_LOG_INFO,com.cs.core.pojo.buinfo.LogSessionInfo@9dca58eb}

{SS_CLIENT_INFO,ssoWay(SSO_WAY)=null
ip=10.3.1.40
loginURL=SYS_index.htm
no any attribute}

{SS_FAP_INFO,C_OWN_FUNC=
    <pdt id = P05101000000    authlevel=-1>
        <F05030700130/>
        <F05030700133/>
        <F05030700132/>
        <F05030700201/>
        <F05030700202/>
        <F05030700716/>
        <KCLIqjp4LXdY/>
    </pdt>
    <pdt id = P05101100005    authlevel=-1>
        <F05030700205/>
        <F05030700218/>
        <F05030700220/>
        <F05030700223/>
        <F05030700219/>
        <F05030700717/>
    </pdt>
    <pdt id = P05101900000    authlevel=-1>
        <F05030700249/>
        <F05030700250/>
        <F05030700251/>
        <F05030700252/>
        <F05030700253/>
        <F05030700718/>
    </pdt>
    <pdt id = P05101100004    authlevel=-1>
        <F05030700203/>
        <F05030700204/>
        <F05030700213/>
        <F05030700214/>
        <F05030700211/>
        <F05030700719/>
    </pdt>
    <pdt id = P05101000006    authlevel=-1>
        <F05030700190/>
        <F05030700191/>
        <F05030700192/>
        <F05030700193/>
        <F05030700194/>
        <F05030700715/>
    </pdt>
    <pdt id = P05101300001    authlevel=-1>
        <F05030700239/>
        <F05030700243/>
        <F05030700762/>
        <F05030700761/>
        <F05030700241/>
        <F05030700245/>
        <F05030700247/>
        <F05030700713/>
    </pdt>
    <pdt id = P10072000001    authlevel=-1>
        <F05030700957/>
        <F05030700959/>
        <F05030700964/>
        <F05030700966/>
        <F05030700965/>
        <F05030700967/>
    </pdt>
    <pdt id = G05100500000    authlevel=-1>
        <F05030700206/>
        <F05030700212/>
        <F05030700215/>
        <F05030700216/>
        <F05030700217/>
        <F05030700714/>
    </pdt>
    <pdt id = P10072000002    authlevel=-1>
        <F05030700974/>
        <F05030700975/>
        <F05030700976/>
        <F05030700977/>
        <F05030700978/>
        <F05030700979/>
    </pdt>
    <pdt id = P05101000001    authlevel=-1>
        <F02121800000/>
        <F02121800001/>
        <F05030700759/>
        <F05030700760/>
        <F05030700207/>
        <F05030700210/>
        <F05030700209/>
        <F05030700721/>
    </pdt>
    <pdt id = P10072000000    authlevel=-1>
        <F05030700956/>
        <F05030700958/>
        <F05030700960/>
        <F05030700961/>
        <F05030700962/>
        <F05030700963/>
    </pdt>
    <pdt id = P05101100006    authlevel=-1>
        <F05030700208/>
        <F05030700221/>
        <F05030700222/>
        <F05030700224/>
        <F05030700225/>
        <F05030700723/>
    </pdt>
    <pdt id = P10072000003    authlevel=-1>
        <F05030700968/>
        <F05030700969/>
        <F05030700970/>
        <F05030700971/>
        <F05030700972/>
        <F05030700973/>
    </pdt>
    <pdt id = P06031300000    authlevel=-1>
        <F05030700553/>
        <F05030700554/>
        <F05030700555/>
        <F05030700556/>
        <F05030700557/>
        <F05030700722/>
    </pdt>
    <pdt id = P05122400007    authlevel=-1>
        <F05030700348/>
        <F05030700350/>
        <F05030700352/>
        <F05030700351/>
        <F05030700720/>
    </pdt>
    <pdt id = P06011400000    authlevel=-1>
        <F05030700571/>
        <KY79znjo3qro/>
        <hf5AVFIELwuG/>
        <r2eu4sB1OqRZ/>
    </pdt>
    <pdt id = P07032600000    authlevel=-1>
        <F05030700712/>
        <F05030700452/>
    </pdt>
    <pdt id = P05101300000    authlevel=-1>
        <F05030700238/>
        <F05030700242/>
        <F05030700763/>
        <F05030700764/>
        <F05030700240/>
        <F05030700244/>
        <F05030700246/>
        <F05030700724/>
    </pdt>
    <pdt id = P07111600000    authlevel=-1>
        <F05030700754/>
    </pdt>
    <pdt id = P08080400000    authlevel=-1>
        <F05030700875/>
        <F05030700876/>
        <F05030700878/>
        <F05030700880/>
        <F05030700877/>
        <F05030700879/>
    </pdt>
    <pdt id = P18090500000    authlevel=-1>
        <F05030701180/>
        <F05030701183/>
        <F05030701181/>
        <F05030701182/>
    </pdt>
    <pdt id = P14061300001    authlevel=-1>
        <F05030701105/>
        <F05030701107/>
        <F05030701106/>
        <F05030701108/>
        <F05030701109/>
        <F05030701110/>
    </pdt>
    <pdt id = P14061300000    authlevel=-1>
        <F05030701099/>
        <F05030701101/>
        <F05030701100/>
        <F05030701102/>
        <F05030701103/>
        <F05030701104/>
    </pdt>
    <pdt id = SvqYMHcpCxkj    authlevel=-1>
        <DaykLMeFCqzU/>
    </pdt>
C_TRX_FUNC=
    <pdt id = P08071500000    authlevel=-1>
        <F05030700829/>
        <F05030700940/>
        <F05030700874/>
        <F05030700868/>
        <F05030700867/>
        <F05030700860/>
        <F05030700871/>
        <F05030700859/>
        <F05030700861/>
        <F05030700870/>
        <F05030700856/>
        <F05030700854/>
        <F05030700872/>
        <F05030700890/>
        <F05030700857/>
        <F05030700862/>
        <F05030700864/>
        <F05030700866/>
        <F05030700869/>
        <F05030700873/>
        <F05030700950/>
        <F05030700980/>
    </pdt>
    <pdt id = P08071500003    authlevel=-1>
        <F05030700931/>
        <F05030700899/>
        <F05030700903/>
        <F05030700900/>
        <F05030700901/>
        <F05030700904/>
        <F05030700905/>
        <F05030700919/>
        <F05030700907/>
        <F05030700908/>
        <F05030700909/>
        <F05030700910/>
        <F05030700912/>
        <F05030700911/>
        <F05030700913/>
        <F05030700952/>
        <F05030700982/>
    </pdt>
    <pdt id = P08071500001    authlevel=-1>
        <F05030700836/>
        <F05030700831/>
        <F05030700837/>
        <F05030700832/>
        <F05030700838/>
        <F05030700833/>
        <F05030700894/>
        <F05030700834/>
        <F05030700846/>
        <F05030700849/>
        <F05030700850/>
        <F05030700851/>
        <F05030700891/>
        <F05030700953/>
        <F05030700983/>
    </pdt>
    <pdt id = P08071500004    authlevel=-1>
        <F05030700895/>
        <F05030700896/>
        <F05030700898/>
        <F05030700925/>
        <F05030700926/>
        <F05030700929/>
        <F05030700930/>
        <F05030700927/>
        <F05030700902/>
        <F05030700951/>
        <F05030700981/>
        <F05030700928/>
    </pdt>
    <pdt id = P08071500002    authlevel=-1>
        <F05030700826/>
        <F05030700827/>
        <F05030700828/>
        <F05030700845/>
        <F05030700888/>
        <F05030700823/>
        <F05030700824/>
        <F05030700889/>
        <F05030700825/>
        <F05030700839/>
        <F05030700840/>
        <F05030700841/>
        <F05030700842/>
        <F05030700892/>
        <F05030700893/>
        <F05030700843/>
        <F05030700844/>
        <F05030700955/>
        <F05030700985/>
    </pdt>
    <pdt id = P08071500005    authlevel=-1>
        <F05030700918/>
        <F05030700920/>
        <F05030700914/>
        <F05030700916/>
        <F05030700915/>
        <F05030700917/>
        <F05030700921/>
        <F05030700922/>
        <F05030700923/>
        <F05030700924/>
        <F05030700954/>
        <F05030700984/>
    </pdt>
    <pdt id = P08091000000    authlevel=-1>
        <F05030700932/>
        <F05030700933/>
        <F05030701043/>
        <F05030700934/>
        <F05030700936/>
        <F05030700937/>
        <F05030700939/>
        <F05030701044/>
        <F05030701045/>
    </pdt>
    <pdt id = P13101500000    authlevel=-1>
        <F05030700995/>
        <F05030701019/>
        <F05030701042/>
        <F05030701039/>
        <F05030700987/>
        <F05030700990/>
        <F05030700992/>
        <F05030701033/>
        <F05030700988/>
        <F05030700997/>
        <F05030700996/>
        <F05030700998/>
        <F05030700989/>
        <F05030700991/>
        <F05030701022/>
        <F05030701034/>
        <F05030701024/>
        <F05030700993/>
        <F05030701028/>
        <F05030701029/>
        <F05030701030/>
        <F05030701031/>
        <F05030701032/>
        <F05030701035/>
        <F05030701036/>
        <F05030701037/>
        <F05030701046/>
    </pdt>
    <pdt id = P13111900000    authlevel=-1>
        <F05030701006/>
        <F05030701010/>
        <F05030701011/>
        <F05030701008/>
        <F05030701038/>
        <F05030701015/>
        <F05030701014/>
        <F05030701017/>
        <F05030701018/>
        <F05030701016/>
        <F05030701013/>
        <F05030701007/>
        <F05030701005/>
        <F05030701012/>
        <F05030701025/>
        <F05030701021/>
        <F05030701020/>
        <F05030701027/>
        <F05030701026/>
    </pdt>
    <pdt id = P14042500000    authlevel=-1>
        <F05030701053/>
        <F05030701049/>
        <F05030701054/>
        <F05030701050/>
        <F05030701095/>
        <F05030701093/>
        <F05030701094/>
        <F05030701184/>
        <F05030701185/>
    </pdt>
    <pdt id = P14042500001    authlevel=-1>
        <F05030701134/>
        <F05030701123/>
        <F05030701140/>
        <F05030701139/>
        <F05030701096/>
        <F05030701121/>
        <F05030701122/>
        <F05030701125/>
        <F05030701126/>
        <F05030701120/>
        <F05030701128/>
        <F05030701080/>
        <F05030701136/>
        <F05030701089/>
        <F05030701082/>
        <F05030701129/>
        <F05030701084/>
        <F05030701083/>
        <F05030701070/>
        <F05030701133/>
        <F05030701137/>
        <F05030701071/>
        <F05030701067/>
        <F05030701076/>
        <F05030701073/>
        <F05030701072/>
        <F05030701077/>
        <F05030701130/>
        <F05030701090/>
        <F05030701088/>
        <F05030701065/>
        <F05030701066/>
        <F05030701116/>
        <F05030701135/>
        <F05030701124/>
        <F05030701119/>
        <F05030701097/>
        <F05030701131/>
        <F05030701142/>
        <F05030701141/>
        <F05030701138/>
    </pdt>
    <pdt id = P06022700000    authlevel=-1>
        <F05030700584/>
        <F05030700586/>
        <F05030700587/>
        <F05030700710/>
        <F05030700585/>
        <F05030700649/>
    </pdt>
    <pdt id = P05122400001    authlevel=-1>
        <F05030700265/>
        <F05030700312/>
        <F05030700314/>
        <F05030700684/>
        <F05030700313/>
        <F05030700648/>
    </pdt>
    <pdt id = P08080600000    authlevel=-1>
        <F03010200000/>
        <F03010200001/>
        <F04032900003/>
        <F03010200002/>
        <F04110300000/>
        <F05030700887/>
    </pdt>
    <pdt id = P08010300000    authlevel=-1>
        <F05030700820/>
        <F05030700821/>
        <F05030700822/>
    </pdt>
    <pdt id = P08111800000    authlevel=-1>
        <F05030700941/>
        <F05030700942/>
        <F05030700949/>
    </pdt>
    <pdt id = P08111700000    authlevel=-1>
        <F05030700943/>
        <F05030700944/>
        <F05030700946/>
        <F05030700947/>
        <F05030700945/>
        <F05030700948/>
    </pdt>
    <pdt id = P19080800001    authlevel=-1>
        <F05030701203/>
        <F05030701204/>
        <F05030701205/>
        <F05030701206/>
        <F05030701214/>
        <F05030701207/>
        <F05030701208/>
        <F05030701211/>
        <F05030701209/>
        <F05030701210/>
        <F05030701212/>
        <F05030701213/>
        <F05030701216/>
        <Ld48auY2Mnfs/>
        <pE4zoqzrtPMU/>
        <oSjl8ADUkzf1/>
        <lQCbD5Oy9DdC/>
        <YoCV1ozbR97y/>
        <RhjyIdDgmogc/>
        <hhxIhYm59FlX/>
        <wBRcPvagnKpt/>
        <paOx9RzWfE7J/>
        <eY3rhG3DHWUg/>
        <mtTzVJ0ZKW1o/>
        <clR0uTsZ0ppf/>
        <F05030701091/>
        <DfSHk2hIHu9d/>
        <Fsr5rNiaoOOv/>
        <vTDpdkDxPtRJ/>
        <OilzQaLGDf1e/>
    </pdt>
    <pdt id = P19080800000    authlevel=-1>
        <F05030701186/>
        <F05030701188/>
        <F05030701189/>
        <F05030701190/>
        <F05030701191/>
        <F05030701187/>
        <F05030701193/>
        <F05030701192/>
        <F05030701196/>
        <F05030701195/>
        <F05030701200/>
        <F05030701198/>
        <F05030701201/>
        <F05030701199/>
        <F05030701202/>
        <F05030701197/>
        <F05030701194/>
        <VsU3gB7gkmNM/>
        <NgmV7nD3xhI1/>
        <qSHCYUn96gNz/>
        <I1NJhPbpPpES/>
    </pdt>
    <pdt id = P16062300000    authlevel=-1>
        <F05030701162/>
        <F05030701165/>
    </pdt>
    <pdt id = P16062000000    authlevel=-1>
        <F05030701159/>
        <F05030701157/>
        <F05030701158/>
        <F05030701160/>
        <F05030701161/>
        <F05030701163/>
        <F05030701164/>
        <F05030701166/>
    </pdt>
    <pdt id = P17050800000    authlevel=-1>
        <F05030701171/>
        <F05030701169/>
        <F05030701177/>
        <F05030701167/>
        <F05030701179/>
        <F05030701176/>
        <F05030701170/>
    </pdt>
    <pdt id = P16032200000    authlevel=-1>
        <F05030701143/>
        <F05030701144/>
        <F05030701146/>
        <F05030701145/>
        <F05030701148/>
        <F05030701149/>
        <F05030701150/>
        <F05030701151/>
        <F05030701152/>
        <zlg6kh3Tq5zH/>
        <pURj9m2fNtKp/>
    </pdt>
    <pdt id = P14061700000    authlevel=-1>
        <F05030701098/>
        <F05030701111/>
        <F05030701112/>
        <F05030701113/>
        <F05030701114/>
    </pdt>
    <pdt id = P14061700001    authlevel=-1>
        <F05030701115/>
    </pdt>
    <pdt id = P19080800002    authlevel=-1>
        <F05030701064/>
        <F05030701218/>
        <F05030701219/>
        <F05030701220/>
        <F05030701221/>
        <F05030701222/>
        <Ivyj1dfdlHz8/>
        <xS38ls1GFYMx/>
        <E1eKNgSp5mMA/>
        <bLA4AbFaEARt/>
    </pdt>
    <pdt id = P20030600000    authlevel=-1>
        <F05030701223/>
        <F05030701225/>
        <F05030701226/>
        <F05030701224/>
    </pdt>
    <pdt id = P20030600001    authlevel=-1>
        <F05030701228/>
        <F05030701227/>
        <Xzv0UO0P17BA/>
    </pdt>
    <pdt id = epF3a6u4ZGAt    authlevel=-1>
        <C7kxzbNjdC8g/>
        <a3alzVbMdKai/>
        <OsGbB5jtlbFo/>
        <QrpePAvpju87/>
        <i6NK4m6dOBhG/>
        <H41mNZC5cwS0/>
        <tgFrsDBwNjju/>
        <O9VURSxMR3jx/>
        <RYUNlokSJwnS/>
        <ObwHTXVfZqhv/>
        <YLhR0dUYVujx/>
        <zUFalu6tHCV2/>
        <qSPGiZTjfIlh/>
        <NRL143n3f1Fb/>
    </pdt>
    <pdt id = ZQEYUuG1r7l0    authlevel=-1>
        <TOeNsMLgPIfU/>
        <qp6AS6Xc0j1O/>
        <XdgatBU6z2Qy/>
        <HJAITSff6oXf/>
        <Kw7c4LFBTXGO/>
    </pdt>
    <pdt id = CBv7UTV9COqi    authlevel=-1>
        <F05030701052/>
        <F05030701092/>
        <F05030701048/>
        <F05030701058/>
        <F05030701078/>
        <F05030701059/>
        <F05030701132/>
        <F05030701079/>
        <F05030701060/>
        <F05030701051/>
        <F05030701118/>
        <F05030701057/>
        <F05030701055/>
        <F05030701056/>
    </pdt>
    <pdt id = yv1BTj7inUEc    authlevel=-1>
        <T6hQORRHHEDN/>
        <DK7SMevCzFx6/>
        <F05030701087/>
        <F05030701086/>
        <ZcKZf0dVCSmt/>
        <pVKoCWSQXbrv/>
    </pdt>
    <pdt id = FHS0YffwVNuA    authlevel=-1>
        <jnIqGfgOGyM4/>
        <E3o1b6pUPjix/>
        <uGm26febau5w/>
        <yPHXuSVapk8S/>
        <vvdXYVdtu5PO/>
    </pdt>
    <pdt id = K0OwQj6clvXY    authlevel=-1>
        <SvdkOKOjdjtw/>
        <rS98gcK8wv2d/>
        <PtHkAkEPO11z/>
    </pdt>
C_SEC_FUNC=
    <pdt id = P05101000000    authlevel=-1>
        <F05030700130/>
        <F05030700133/>
        <F05030700132/>
        <F05030700201/>
        <F05030700202/>
        <F05030700716/>
        <KCLIqjp4LXdY/>
    </pdt>
    <pdt id = P05101100005    authlevel=-1>
        <F05030700205/>
        <F05030700218/>
        <F05030700220/>
        <F05030700223/>
        <F05030700219/>
        <F05030700717/>
    </pdt>
    <pdt id = P05101900000    authlevel=-1>
        <F05030700249/>
        <F05030700250/>
        <F05030700251/>
        <F05030700252/>
        <F05030700253/>
        <F05030700718/>
    </pdt>
    <pdt id = P05101100004    authlevel=-1>
        <F05030700203/>
        <F05030700204/>
        <F05030700213/>
        <F05030700214/>
        <F05030700211/>
        <F05030700719/>
    </pdt>
    <pdt id = P05101000006    authlevel=-1>
        <F05030700190/>
        <F05030700191/>
        <F05030700192/>
        <F05030700193/>
        <F05030700194/>
        <F05030700715/>
    </pdt>
    <pdt id = P05101300001    authlevel=-1>
        <F05030700239/>
        <F05030700243/>
        <F05030700762/>
        <F05030700761/>
        <F05030700241/>
        <F05030700245/>
        <F05030700247/>
        <F05030700713/>
    </pdt>
    <pdt id = P10072000001    authlevel=-1>
        <F05030700957/>
        <F05030700959/>
        <F05030700964/>
        <F05030700966/>
        <F05030700965/>
        <F05030700967/>
    </pdt>
    <pdt id = G05100500000    authlevel=-1>
        <F05030700206/>
        <F05030700212/>
        <F05030700215/>
        <F05030700216/>
        <F05030700217/>
        <F05030700714/>
    </pdt>
    <pdt id = P10072000002    authlevel=-1>
        <F05030700974/>
        <F05030700975/>
        <F05030700976/>
        <F05030700977/>
        <F05030700978/>
        <F05030700979/>
    </pdt>
    <pdt id = P05101000001    authlevel=-1>
        <F02121800000/>
        <F02121800001/>
        <F05030700759/>
        <F05030700760/>
        <F05030700207/>
        <F05030700210/>
        <F05030700209/>
        <F05030700721/>
    </pdt>
    <pdt id = P10072000000    authlevel=-1>
        <F05030700956/>
        <F05030700958/>
        <F05030700960/>
        <F05030700961/>
        <F05030700962/>
        <F05030700963/>
    </pdt>
    <pdt id = P05101100006    authlevel=-1>
        <F05030700208/>
        <F05030700221/>
        <F05030700222/>
        <F05030700224/>
        <F05030700225/>
        <F05030700723/>
    </pdt>
    <pdt id = P10072000003    authlevel=-1>
        <F05030700968/>
        <F05030700969/>
        <F05030700970/>
        <F05030700971/>
        <F05030700972/>
        <F05030700973/>
    </pdt>
    <pdt id = P06031300000    authlevel=-1>
        <F05030700553/>
        <F05030700554/>
        <F05030700555/>
        <F05030700556/>
        <F05030700557/>
        <F05030700722/>
    </pdt>
    <pdt id = P05122400007    authlevel=-1>
        <F05030700348/>
        <F05030700350/>
        <F05030700352/>
        <F05030700351/>
        <F05030700720/>
    </pdt>
    <pdt id = P06011400000    authlevel=-1>
        <F05030700571/>
        <KY79znjo3qro/>
        <hf5AVFIELwuG/>
        <r2eu4sB1OqRZ/>
    </pdt>
    <pdt id = P07032600000    authlevel=-1>
        <F05030700712/>
        <F05030700452/>
    </pdt>
    <pdt id = P05101300000    authlevel=-1>
        <F05030700238/>
        <F05030700242/>
        <F05030700763/>
        <F05030700764/>
        <F05030700240/>
        <F05030700244/>
        <F05030700246/>
        <F05030700724/>
    </pdt>
    <pdt id = P07111600000    authlevel=-1>
        <F05030700754/>
    </pdt>
    <pdt id = P08080400000    authlevel=-1>
        <F05030700875/>
        <F05030700876/>
        <F05030700878/>
        <F05030700880/>
        <F05030700877/>
        <F05030700879/>
    </pdt>
    <pdt id = P18090500000    authlevel=-1>
        <F05030701180/>
        <F05030701183/>
        <F05030701181/>
        <F05030701182/>
    </pdt>
    <pdt id = P14061300001    authlevel=-1>
        <F05030701105/>
        <F05030701107/>
        <F05030701106/>
        <F05030701108/>
        <F05030701109/>
        <F05030701110/>
    </pdt>
    <pdt id = P14061300000    authlevel=-1>
        <F05030701099/>
        <F05030701101/>
        <F05030701100/>
        <F05030701102/>
        <F05030701103/>
        <F05030701104/>
    </pdt>
    <pdt id = SvqYMHcpCxkj    authlevel=-1>
        <DaykLMeFCqzU/>
    </pdt>
REG_CNT_CD=
com.cs.core.pojo.fap.Regional@ac2a603C_BANK_CODE=
}

{C_BUSINESS_UNIT,CSOFFICE}

{SS_GRP_INFO,unitCode(C_UNIT_CODE)=CSOFFICE,
unitName(C_UNIT_NAME)=CSOFFICE,
bkGrpId(C_BK_GROUP_ID)=CSBANK,
cntyCode(C_CNTY_CODE)=US,
subCnty(C_SUB_CNTY)=null,
bank(C_IS_BANK)=T,
secType(I_SEC_TYPE)=1
tempProtect(C_TMPL_PROTECT)=null,
C_LANG_NAME=null
I_UNIT_TYPE=0
C_HAVE_AUTH=T
C_LANG_VAL=null
C_BANK_UNIT=null
C_BANK_CODE=null
dualCtrl(C_DUAL_CTRL)=T,
custFmt=decFormat(C_DEC_FORMAT)=.,
intFormat(C_INT_FORMAT)=,,
intFmtLen(I_INT_FMT_LEN)=3,
dateFormat(C_DATE_FORM)=dd/MM/yyyy,
,
}

{isFirstChangeMail,false}

{GLOBAL_REFRESH_TOKEN,1783254350260}

{CSRFKEY,[I@ee3e2d37}

{SS_TREE_ARRAY,[[Ljava.lang.String;@1cf76f73}

{CSRFTOKEN,8A8284979F2871C3019F323DF9330100}
 [end]

[start] [DEBUG] [2026-07-05 16:25:50.506] [CSOFFICE_superofficer] 
====request content is: 
    Request Type: Temp
Component : DBHelper
Session Context is: 
com.cs.core.utility.SessionContext@15710547
Request Info Type : com.cs.core.dao.exec.SQLDao
Request Info Content is: 
[01]INSERT INTO CETRX.TRX_ACT_LOG (C_LOG_ID,C_BK_GROUP_ID,C_CNTY_CODE,C_GRP_CODE,C_UNIT_CODE,C_USER_ID,C_IP_ADDRESS,C_FUNC_ID,D_CREA_DATE,T_CREA_TIME,D_SYS_OP_DATE,T_SYS_OP_TIME,D_SYS_TRT_DATE,T_SYS_TRT_TIME,C_BUSI_KEY) VALUES ('8A8284979F2871C3019F323DFA980101','CSBANK','US','CSOFFICE','CSOFFICE','superofficer','10.3.1.40','Login','2026-07-05','12:25:50','2026-07-05','12:25:50','2026-07-05','12:25:50','CSOFFICE;superofficer')

 [end]

[start] [DEBUG] [2026-07-05 16:25:50.802] [CSOFFICE_superofficer] 
The request URI is : /BL6CEWeb/servlets/CELoginAuthorizationManager [end]

[start] [DEBUG] [2026-07-05 16:25:50.810] [CSOFFICE_superofficer] 
The URI is :/BL6CEWeb/servlets/CELoginAuthorizationManager [end]

[start] [DEBUG] [2026-07-05 16:25:50.829] [CSOFFICE_superofficer] 
The session refresh token in session is : null [end]

[start] [DEBUG] [2026-07-05 16:25:50.966] [CSOFFICE_superofficer] 
====request content is: 
    Request Type: Temp
Component : DBHelper
Session Context is: 
com.cs.core.utility.SessionContext@bce320a9
Request Info Type : com.cs.core.dao.exec.SQLDao
Request Info Content is: 
[01]SELECT T_LAST_LOGIN_TIME FROM CEUSER.SEC_LOGIN_FAILURE_INFO WHERE C_UNIT_CODE = 'CSOFFICE' AND C_USER_ID = 'superofficer' 

 [end]

[start] [DEBUG] [2026-07-05 16:25:51.063] [CSOFFICE_superofficer] 
=== Template Include JSP File:../screen/SYS_security_menu.jsp [end]

[start] [DEBUG] [2026-07-05 16:25:51.078] [CSOFFICE_superofficer] 
====request content is: 
    Request Type: Temp
Component : DBHelper
Session Context is: 
com.cs.core.utility.SessionContext@bce320a9
Request Info Type : com.cs.core.dao.exec.SQLDao
Request Info Content is: 
[01]SELECT T_LAST_LOGIN_TIME FROM CEUSER.SEC_LOGIN_SUCCEED_INFO WHERE C_UNIT_CODE = 'CSOFFICE' AND C_USER_ID = 'superofficer' 

 [end]

[start] [DEBUG] [2026-07-05 16:25:51.238] [CSOFFICE_superofficer] 
The request URI is : /BL6CEWeb/Plugins/jQueryUI/jquery-ui.min.css [end]

[start] [DEBUG] [2026-07-05 16:25:51.243] [CSOFFICE_superofficer] 
The URI is :/BL6CEWeb/Plugins/jQueryUI/jquery-ui.min.css [end]

[start] [DEBUG] [2026-07-05 16:25:51.251] [CSOFFICE_superofficer] 
The session refresh token in session is : null [end]

[start] [DEBUG] [2026-07-05 16:25:51.475] [CSOFFICE_superofficer] 
The request URI is : /BL6CEWeb/theme/DataType.css [end]

[start] [DEBUG] [2026-07-05 16:25:51.482] [CSOFFICE_superofficer] 
The URI is :/BL6CEWeb/theme/DataType.css [end]

[start] [DEBUG] [2026-07-05 16:25:51.504] [CSOFFICE_superofficer] 
The session refresh token in session is : null [end]

[start] [DEBUG] [2026-07-05 16:25:51.733] [CSOFFICE_superofficer] 
The request URI is : /BL6CEWeb/theme/Standard-customize.css [end]

[start] [DEBUG] [2026-07-05 16:25:51.739] [CSOFFICE_superofficer] 
The URI is :/BL6CEWeb/theme/Standard-customize.css [end]

[start] [DEBUG] [2026-07-05 16:25:51.744] [CSOFFICE_superofficer] 
The session refresh token in session is : null [end]

[start] [DEBUG] [2026-07-05 16:25:51.808] [CSOFFICE_superofficer] 
The request URI is : /BL6CEWeb/SYS_JS/SYS_ActionFunc_CAL.js [end]

[start] [DEBUG] [2026-07-05 16:25:51.809] [CSOFFICE_superofficer] 
The URI is :/BL6CEWeb/SYS_JS/SYS_ActionFunc_CAL.js [end]

[start] [DEBUG] [2026-07-05 16:25:51.810] [CSOFFICE_superofficer] 
The session refresh token in session is : null [end]

[start] [DEBUG] [2026-07-05 16:25:53.646] [CSOFFICE_superofficer] 
The request URI is : /BL6CEWeb/WebComponents/custom-elements.js [end]

[start] [DEBUG] [2026-07-05 16:25:53.647] [CSOFFICE_superofficer] 
The URI is :/BL6CEWeb/WebComponents/custom-elements.js [end]

[start] [DEBUG] [2026-07-05 16:25:53.648] [CSOFFICE_superofficer] 
The session refresh token in session is : null [end]

[start] [DEBUG] [2026-07-05 16:25:55.353] [CSOFFICE_superofficer] 
====request content is: 
    Request Type: Temp
Component : DBHelper
Session Context is: 
com.cs.core.utility.SessionContext@307ea347
Request Info Type : com.cs.core.dao.exec.SQLDao
Request Info Content is: 
[01]SELECT C_INACTIVE FROM CEUSER.SEC_USER_INFO WHERE C_USER_ID = 'superofficer' AND C_UNIT_CODE = 'CSOFFICE' 

 [end]

[start] [DEBUG] [2026-07-05 16:25:55.379] [CSOFFICE_superofficer] 
====request content is: 
    Request Type: Temp
Component : DBHelper
Session Context is: 
com.cs.core.utility.SessionContext@49ddfa39
Request Info Type : com.cs.core.dao.exec.SQLDao
Request Info Content is: 
[01]SELECT C_INACTIVE FROM CEUSER.SEC_USER_INFO WHERE C_USER_ID = 'superofficer' AND C_UNIT_CODE = 'CSOFFICE' 

 [end]

[start] [DEBUG] [2026-07-05 16:25:55.455] [CSOFFICE_superofficer] 
====request content is: 
    Request Type: Temp
Component : DBHelper
Session Context is: 
com.cs.core.utility.SessionContext@69d9fedd
Request Info Type : com.cs.core.dao.exec.SQLDao
Request Info Content is: 
[01]SELECT C_INACTIVE FROM CEUSER.SEC_USER_INFO WHERE C_USER_ID = 'superofficer' AND C_UNIT_CODE = 'CSOFFICE' 

 [end]

[start] [DEBUG] [2026-07-05 16:25:55.456] [CSOFFICE_superofficer] 
The request URI is : /BL6CEWeb/v1/openapi/mlg/component [end]

[start] [DEBUG] [2026-07-05 16:25:55.457] [CSOFFICE_superofficer] 
The URI is :/BL6CEWeb/v1/openapi/mlg/component [end]

[start] [DEBUG] [2026-07-05 16:25:55.458] [CSOFFICE_superofficer] 
The session refresh token in session is : null [end]

[start] [DEBUG] [2026-07-05 16:25:55.475] [CSOFFICE_superofficer] 
The request URI is : /BL6CEWeb/v1/openapi/user/fap/action [end]

[start] [DEBUG] [2026-07-05 16:25:55.477] [CSOFFICE_superofficer] 
The URI is :/BL6CEWeb/v1/openapi/user/fap/action [end]

[start] [DEBUG] [2026-07-05 16:25:55.478] [CSOFFICE_superofficer] 
The session refresh token in session is : null [end]

[start] [DEBUG] [2026-07-05 16:25:55.482] [CSOFFICE_superofficer] 
====request content is: 
    Request Type: Temp
Component : DBHelper
Session Context is: 
com.cs.core.utility.SessionContext@49ddfa39
Request Info Type : com.cs.core.dao.exec.SQLDao
Request Info Content is: 
[01]SELECT * FROM CEUSER.SEC_BUSINESS_UNIT WHERE C_UNIT_CODE = 'CSOFFICE' 

 [end]

[start] [DEBUG] [2026-07-05 16:25:55.529] [CSOFFICE_superofficer] 
The request URI is : /BL6CEWeb/Images/CSlogo.gif [end]

[start] [DEBUG] [2026-07-05 16:25:55.530] [CSOFFICE_superofficer] 
The URI is :/BL6CEWeb/Images/CSlogo.gif [end]

[start] [DEBUG] [2026-07-05 16:25:55.531] [CSOFFICE_superofficer] 
The session refresh token in session is : null [end]

[start] [DEBUG] [2026-07-05 16:25:55.633] [CSOFFICE_superofficer] 
The request URI is : /BL6CEWeb/fonts/IBM_Plex_Sans/IBMPlexSans-Regular.ttf [end]

[start] [DEBUG] [2026-07-05 16:25:55.636] [CSOFFICE_superofficer] 
The URI is :/BL6CEWeb/fonts/IBM_Plex_Sans/IBMPlexSans-Regular.ttf [end]

[start] [DEBUG] [2026-07-05 16:25:55.639] [CSOFFICE_superofficer] 
The session refresh token in session is : null [end]

[start] [DEBUG] [2026-07-05 16:25:55.668] [CSOFFICE_superofficer] 
The request URI is : /BL6CEWeb/v1/openapi/mainmenu [end]

[start] [DEBUG] [2026-07-05 16:25:55.670] [CSOFFICE_superofficer] 
The URI is :/BL6CEWeb/v1/openapi/mainmenu [end]

[start] [DEBUG] [2026-07-05 16:25:55.673] [CSOFFICE_superofficer] 
The session refresh token in session is : null [end]

[start] [DEBUG] [2026-07-05 16:25:55.773] [CSOFFICE_superofficer] 
The request URI is : /BL6CEWeb/Plugins/jQueryUI/images/ui-icons_444444_256x240.png [end]

[start] [DEBUG] [2026-07-05 16:25:55.774] [CSOFFICE_superofficer] 
The URI is :/BL6CEWeb/Plugins/jQueryUI/images/ui-icons_444444_256x240.png [end]

[start] [DEBUG] [2026-07-05 16:25:55.775] [CSOFFICE_superofficer] 
The session refresh token in session is : null [end]

[start] [DEBUG] [2026-07-05 16:25:55.783] [CSOFFICE_superofficer] 
Action target is :UnitMaintain [end]

[start] [DEBUG] [2026-07-05 16:25:55.785] [CSOFFICE_superofficer] 
Action type is :catalog [end]

[start] [DEBUG] [2026-07-05 16:25:55.788] [CSOFFICE_superofficer] 
Action target is :UserMaintain [end]

[start] [DEBUG] [2026-07-05 16:25:55.789] [CSOFFICE_superofficer] 
Action type is :catalog [end]

[start] [DEBUG] [2026-07-05 16:25:55.821] [CSOFFICE_superofficer] 
Action target is :BankMaintain [end]

[start] [DEBUG] [2026-07-05 16:25:55.822] [CSOFFICE_superofficer] 
Action type is :catalog [end]

[start] [DEBUG] [2026-07-05 16:25:55.825] [CSOFFICE_superofficer] 
Action target is :HolidayMaintain [end]

[start] [DEBUG] [2026-07-05 16:25:55.826] [CSOFFICE_superofficer] 
Action type is :catalog [end]

[start] [DEBUG] [2026-07-05 16:25:55.829] [CSOFFICE_superofficer] 
Action target is :WeekendMaintain [end]

[start] [DEBUG] [2026-07-05 16:25:55.830] [CSOFFICE_superofficer] 
Action type is :catalog [end]

[start] [DEBUG] [2026-07-05 16:25:55.848] [CSOFFICE_superofficer] 
Action target is :DaykLMeFCqzU [end]

[start] [DEBUG] [2026-07-05 16:25:55.849] [CSOFFICE_superofficer] 
Action type is :function [end]

[start] [DEBUG] [2026-07-05 16:25:55.908] [CSOFFICE_superofficer] 
Action target is :F05030700754 [end]

[start] [DEBUG] [2026-07-05 16:25:55.909] [CSOFFICE_superofficer] 
Action type is :function [end]

[start] [DEBUG] [2026-07-05 16:25:55.912] [CSOFFICE_superofficer] 
Action target is :iBLqaLNEdVhq [end]

[start] [DEBUG] [2026-07-05 16:25:55.913] [CSOFFICE_superofficer] 
Action type is :function [end]

[start] [DEBUG] [2026-07-05 16:25:55.920] [CSOFFICE_superofficer] 
The request URI is : /BL6CEWeb/servlets/WSTrxManager [end]

[start] [DEBUG] [2026-07-05 16:25:55.921] [CSOFFICE_superofficer] 
The URI is :/BL6CEWeb/servlets/WSTrxManager [end]

[start] [DEBUG] [2026-07-05 16:25:55.923] [CSOFFICE_superofficer] 
The session refresh token in session is : 1783254350260 [end]

[start] [DEBUG] [2026-07-05 16:25:55.924] [CSOFFICE_superofficer] 
The parameter AjaxPost in request is : T [end]

[start] [DEBUG] [2026-07-05 16:25:55.925] [CSOFFICE_superofficer] 
The request need to check refresh token : false [end]

[start] [DEBUG] [2026-07-05 16:25:55.927] [CSOFFICE_superofficer] 
====request content is: 
    Request Type: Temp
Component : DBHelper
Session Context is: 
com.cs.core.utility.SessionContext@721d1686
Request Info Type : com.cs.core.dao.exec.SQLDao
Request Info Content is: 
[01]SELECT C_INACTIVE FROM CEUSER.SEC_USER_INFO WHERE C_USER_ID = 'superofficer' AND C_UNIT_CODE = 'CSOFFICE' 

 [end]

[start] [DEBUG] [2026-07-05 16:25:55.934] [CSOFFICE_superofficer] 
====request content is: 
    Request Type: Temp
Component : DBHelper
Session Context is: 
com.cs.core.utility.SessionContext@721d1686
Request Info Type : com.cs.core.dao.exec.SQLDao
Request Info Content is: 
[01]SELECT C_IS_INFORM FROM CEUSER.SEC_LOGIN_SESSION WHERE C_SESSION_ID = '9qZI74l72Sox-PAHqHkWbVJ' 

 [end]

[start] [DEBUG] [2026-07-05 16:25:55.942] [CSOFFICE_superofficer] 

------------------ Session ID : 9qZI74l72Sox-PAHqHkWbVJ --------------------

{com.ibm.websphere.servlet.uri_non_decoded,/BL6CEWeb/servlets/WSTrxManager}

{CHECKED_REFRESH,T}

{JSESSIONID,}

{javax.servlet.forward.query_string, 
CSRFTOKEN=8jA8Y284dd9XZ79qFZ28LZG7TUv1C3NffK0N1T9F34J23MFFkDrF933SiK0I1L00
_TRX_STATUS=SESSION_LIFE_CYCLE
ISUSE_GLOBAL_REFRESH_TOKEN=T
MOTION_TYPE=INIT
REFRESH_TOKEN=1783254350262
TrxSessionId=
AjaxPost=T
}
 [end]

[start] [DEBUG] [2026-07-05 16:25:55.976] [CSOFFICE_superofficer] 
The request URI is : /BL6CEWeb/SPA/assets/img/iconset.svg [end]

[start] [DEBUG] [2026-07-05 16:25:55.977] [CSOFFICE_superofficer] 
The URI is :/BL6CEWeb/SPA/assets/img/iconset.svg [end]

[start] [DEBUG] [2026-07-05 16:25:55.978] [CSOFFICE_superofficer] 
The session refresh token in session is : null [end]

[start] [DEBUG] [2026-07-05 16:25:56.017] [CSOFFICE_superofficer] 
The request URI is : /BL6CEWeb/widgets/framework/plugins/Plugins.js [end]

[start] [DEBUG] [2026-07-05 16:25:56.018] [CSOFFICE_superofficer] 
The URI is :/BL6CEWeb/widgets/framework/plugins/Plugins.js [end]

[start] [DEBUG] [2026-07-05 16:25:56.019] [CSOFFICE_superofficer] 
The session refresh token in session is : null [end]

[start] [DEBUG] [2026-07-05 16:25:56.151] [CSOFFICE_superofficer] 
====request content is: 
    Request Type: Temp
Component : DBHelper
Session Context is: 
com.cs.core.utility.SessionContext@49ddfa39
Request Info Type : com.cs.core.dao.exec.SQLDao
Request Info Content is: 
[01]SELECT C_AUTH_RULE FROM CEUSER.SEC_USER_INFO WHERE C_BK_GROUP_ID = 'CSBANK' AND C_UNIT_CODE = 'CSOFFICE' AND C_USER_ID = 'superofficer' 

 [end]

[start] [DEBUG] [2026-07-05 16:25:56.243] [CSOFFICE_superofficer] 
====request content is: 
    Request Type: Temp
Component : DBHelper
Session Context is: 
com.cs.core.utility.SessionContext@49ddfa39
Request Info Type : com.cs.core.dao.exec.SQLDao
Request Info Content is: 
[01]SELECT C_AUTH_RULE FROM CEUSER.SEC_BUSINESS_UNIT WHERE C_BK_GROUP_ID = 'CSBANK' AND C_UNIT_CODE = 'CSOFFICE' 

 [end]

[start] [DEBUG] [2026-07-05 16:25:56.268] [CSOFFICE_superofficer] 
The request URI is : /BL6CEWeb/theme/default/widgets/plugin/plugins.css [end]

[start] [DEBUG] [2026-07-05 16:25:56.269] [CSOFFICE_superofficer] 
The URI is :/BL6CEWeb/theme/default/widgets/plugin/plugins.css [end]

[start] [DEBUG] [2026-07-05 16:25:56.270] [CSOFFICE_superofficer] 
The session refresh token in session is : null [end]

[start] [DEBUG] [2026-07-05 16:25:56.319] [CSOFFICE_superofficer] 
The request URI is : /BL6CEWeb/theme/default/widgets/plugin/list.css [end]

[start] [DEBUG] [2026-07-05 16:25:56.320] [CSOFFICE_superofficer] 
The URI is :/BL6CEWeb/theme/default/widgets/plugin/list.css [end]

[start] [DEBUG] [2026-07-05 16:25:56.321] [CSOFFICE_superofficer] 
The session refresh token in session is : null [end]

[start] [DEBUG] [2026-07-05 16:25:56.342] [CSOFFICE_superofficer] 
The request URI is : /BL6CEWeb/theme/default/widgets/plugin/icon.css [end]

[start] [DEBUG] [2026-07-05 16:25:56.343] [CSOFFICE_superofficer] 
The URI is :/BL6CEWeb/theme/default/widgets/plugin/icon.css [end]

[start] [DEBUG] [2026-07-05 16:25:56.343] [CSOFFICE_superofficer] 
The session refresh token in session is : null [end]

[start] [DEBUG] [2026-07-05 16:25:56.366] [CSOFFICE_superofficer] 
The request URI is : /BL6CEWeb/theme/default/widgets/plugin/dialog.css [end]

[start] [DEBUG] [2026-07-05 16:25:56.367] [CSOFFICE_superofficer] 
The URI is :/BL6CEWeb/theme/default/widgets/plugin/dialog.css [end]

[start] [DEBUG] [2026-07-05 16:25:56.368] [CSOFFICE_superofficer] 
The session refresh token in session is : null [end]

[start] [DEBUG] [2026-07-05 16:25:56.386] [CSOFFICE_superofficer] 
The request URI is : /BL6CEWeb/theme/default/widgets/plugin/messagebar.css [end]

[start] [DEBUG] [2026-07-05 16:25:56.388] [CSOFFICE_superofficer] 
The URI is :/BL6CEWeb/theme/default/widgets/plugin/messagebar.css [end]

[start] [DEBUG] [2026-07-05 16:25:56.389] [CSOFFICE_superofficer] 
The session refresh token in session is : null [end]

[start] [DEBUG] [2026-07-05 16:25:56.414] [CSOFFICE_superofficer] 
The request URI is : /BL6CEWeb/theme/default/widgets/plugin/button.css [end]

[start] [DEBUG] [2026-07-05 16:25:56.415] [CSOFFICE_superofficer] 
The URI is :/BL6CEWeb/theme/default/widgets/plugin/button.css [end]

[start] [DEBUG] [2026-07-05 16:25:56.416] [CSOFFICE_superofficer] 
The session refresh token in session is : null [end]

[start] [DEBUG] [2026-07-05 16:25:58.183] [CSOFFICE_superofficer] 
The request URI is : /BL6CEWeb/logout.do [end]

[start] [DEBUG] [2026-07-05 16:25:58.186] [CSOFFICE_superofficer] 
The URI is :/BL6CEWeb/logout.do [end]

[start] [DEBUG] [2026-07-05 16:25:58.189] [CSOFFICE_superofficer] 
The session refresh token in session is : 1783254350260 [end]

[start] [DEBUG] [2026-07-05 16:25:58.190] [CSOFFICE_superofficer] 
The parameter AjaxPost in request is : null [end]

[start] [DEBUG] [2026-07-05 16:25:58.191] [CSOFFICE_superofficer] 
The servlet is must check refresh :false [end]

[start] [DEBUG] [2026-07-05 16:25:58.192] [CSOFFICE_superofficer] 
The parameter _TRX_STATUS in request is : LOGOFF_UNLOCKED [end]

[start] [DEBUG] [2026-07-05 16:25:58.193] [CSOFFICE_superofficer] 
The request is special status : 0 [end]

[start] [DEBUG] [2026-07-05 16:25:58.195] [CSOFFICE_superofficer] 
The request is special uri : 0 [end]

[start] [DEBUG] [2026-07-05 16:25:58.196] [CSOFFICE_superofficer] 
The request is special servlet : 0 [end]

[start] [DEBUG] [2026-07-05 16:25:58.197] [CSOFFICE_superofficer] 
The request need to check refresh token : true [end]

[start] [DEBUG] [2026-07-05 16:25:58.198] [CSOFFICE_superofficer] 
request refreshToken:1783254350263 [end]

[start] [DEBUG] [2026-07-05 16:25:58.199] [CSOFFICE_superofficer] 
The request is refresh : false [end]

[start] [DEBUG] [2026-07-05 16:25:58.201] [CSOFFICE_superofficer] 
====request content is: 
    Request Type: Temp
Component : DBHelper
Session Context is: 
com.cs.core.utility.SessionContext@d439d75
Request Info Type : com.cs.core.dao.exec.SQLDao
Request Info Content is: 
[01]SELECT to_char(systimestamp, 'yyyy-mm-dd hh24:mi:ssxff') AS sysDT FROM dual

 [end]

[start] [DEBUG] [2026-07-05 16:25:58.208] [CSOFFICE_superofficer] 
The currnt date find from DB is : 2026-07-05 16:25:58.204000 [end]

[start] [DEBUG] [2026-07-05 16:25:58.209] [CSOFFICE_superofficer] 
Change refresh token in the session : 1783254358204 [end]

[start] [DEBUG] [2026-07-05 16:25:58.211] [CSOFFICE_superofficer] 
====request content is: 
    Request Type: Temp
Component : DBHelper
Session Context is: 
com.cs.core.utility.SessionContext@30f9adc8
Request Info Type : com.cs.core.dao.exec.SQLDao
Request Info Content is: 
[01]SELECT C_INACTIVE FROM CEUSER.SEC_USER_INFO WHERE C_USER_ID = 'superofficer' AND C_UNIT_CODE = 'CSOFFICE' 

 [end]

[start] [DEBUG] [2026-07-05 16:25:58.217] [CSOFFICE_superofficer] 
====request content is: 
    Request Type: Temp
Component : DBHelper
Session Context is: 
com.cs.core.utility.SessionContext@30f9adc8
Request Info Type : com.cs.core.dao.exec.SQLDao
Request Info Content is: 
[01]SELECT C_IS_INFORM FROM CEUSER.SEC_LOGIN_SESSION WHERE C_SESSION_ID = '9qZI74l72Sox-PAHqHkWbVJ' 

 [end]

[start] [DEBUG] [2026-07-05 16:25:58.226] [CSOFFICE_superofficer] 

------------------ Session ID : 9qZI74l72Sox-PAHqHkWbVJ --------------------

{com.ibm.websphere.servlet.uri_non_decoded,/BL6CEWeb/logout.do}

{CHECKED_REFRESH,T}

{JSESSIONID,}

{TrxSessionId,8A828497019F323E18C20102}

{javax.servlet.forward.query_string, 
TrxSessionId=
LOGIN_NAME=
FUN_DESC=null
PRODUCT_NAME=
_TRX_STATUS=LOGOFF_UNLOCKED
ISUSE_GLOBAL_REFRESH_TOKEN=T
SEL_TYPE=
ITEM_NAME=
IMG_INQ_TYPE=
TRAN_NAME=
CATA_PAGE_SIZE=
UNIT_CODE=
SUB_CATA_ID=
INI_ITEM_ID=
PRODUCT_ID=
CATA_NUM=
CATA_CURR=
_ACT_TYPE=
ExcelType=
ID=
CURR_OPER=
DoType=
PREV_TRAN_NAME=
TITLE_NAME=
EXCELTYPE=
FUN_NAME=
_EVENT_TITLE=
FUNC_ID=
GRP_NAME=
CATA_TYPE=
CE_SELECT_CATAFIELD=
ITEM_ID=
REFRESH_TOKEN=1783254350263
CSRFTOKEN=8jA8Y284dd9XZ79qFZ28LZG7TUv1C3NffK0N1T9F34J23MFFkDrF933SiK0I1L00
SAVED=
OP2_VAL=
SELECTEDFIELDS=
TRAN_TYPE=
CURR_DATE=
TRXL_TYPE=
}
 [end]

[start] [DEBUG] [2026-07-05 16:25:58.228] [CSOFFICE_superofficer] 
==========Watching important CE session data [starting......]
==========Current class name is [com.cs.ceweb.servlets.WSSCELogout], cdoe line number is [78].
==========CE session user information:
userId(C_USER_ID)=superofficer,
userDesc(C_USER_DESC)=The Super Officer,
userType(I_USER_TYPE)=0,
multiLogin(I_MULTI_LOGIN)=true,
deftUnitCode(C_DFLT_UNIT_CODE)=null,
authLevel(I_AUTH_LEVEL)=1,
langVal(C_LANG_VAL)=null,
secType(I_SEC_TYPE)=-1,
tempProtect(C_TMPL_PROTECT)=null,
C_TIMEZONE_ID=null
C_UNIT_CODE=CSOFFICE
C_CNTY_CODE=US
C_LANG_NAME=null
C_CHANGE_PSW=F
C_LOGIN_RULE=null
C_AUTH_SET=null
C_PRIVATE_MAIL=susie.dong@chinasystems.com
C_BK_GROUP_ID=CSBANK

==========CE session business group information:
unitCode(C_UNIT_CODE)=CSOFFICE,
unitName(C_UNIT_NAME)=CSOFFICE,
bkGrpId(C_BK_GROUP_ID)=CSBANK,
cntyCode(C_CNTY_CODE)=US,
subCnty(C_SUB_CNTY)=null,
bank(C_IS_BANK)=T,
secType(I_SEC_TYPE)=1
tempProtect(C_TMPL_PROTECT)=null,
C_LANG_NAME=null
I_UNIT_TYPE=0
C_HAVE_AUTH=T
C_LANG_VAL=null
C_BANK_UNIT=null
C_BANK_CODE=null
dualCtrl(C_DUAL_CTRL)=T,
custFmt=decFormat(C_DEC_FORMAT)=.,
intFormat(C_INT_FORMAT)=,,
intFmtLen(I_INT_FMT_LEN)=3,
dateFormat(C_DATE_FORM)=dd/MM/yyyy,
,

==========CE session system information:
system information is a null object.
==========Watching important CE session data [end......]
 [end]

[start] [DEBUG] [2026-07-05 16:25:58.230] [CSOFFICE_superofficer] 
====request content is: 
    Request Type: Temp
Component : DBHelper
Session Context is: 
com.cs.core.utility.SessionContext@30f9adc8
Request Info Type : com.cs.core.dao.exec.SQLDao
Request Info Content is: 
[01]INSERT INTO CETRX.TRX_ACT_LOG (C_LOG_ID,C_BK_GROUP_ID,C_CNTY_CODE,C_GRP_CODE,C_UNIT_CODE,C_USER_ID,C_IP_ADDRESS,C_FUNC_ID,D_CREA_DATE,T_CREA_TIME,D_SYS_OP_DATE,T_SYS_OP_TIME,D_SYS_TRT_DATE,T_SYS_TRT_TIME,C_BUSI_KEY) VALUES ('8A8284979F2871C3019F323E18D40103','CSBANK','US','CSOFFICE','CSOFFICE','superofficer','10.3.1.40','LogOut','2026-07-05','12:25:58','2026-07-05','12:25:58','2026-07-05','12:25:58','CSOFFICE;superofficer')

 [end]

[start] [DEBUG] [2026-07-05 16:25:58.245] [CSOFFICE_superofficer] 
====request content is: 
    Request Type: Temp
Component : DBHelper
Session Context is: 
com.cs.core.utility.SessionContext@46de65ec
Request Info Type : com.cs.core.dao.exec.SQLDao
Request Info Content is: 
[01]DELETE FROM CEUSER.SEC_LOGIN_SESSION WHERE C_BK_GROUP_ID = 'CSBANK' AND C_USER_ID = 'superofficer' AND C_UNIT_CODE = 'CSOFFICE' AND C_SESSION_ID = '9qZI74l72Sox-PAHqHkWbVJ' 

 [end]

[start] [DEBUG] [2026-07-05 16:25:58.267] [CSOFFICE_superofficer] 
== go to screen: /SYS_index.htm [end]

[start] [DEBUG] [2026-07-05 16:25:58.303] [CSOFFICE_superofficer] 
The request URI is : /BL6CEWeb/SYS_JS/jQuery/jquery.min.js [end]

[start] [DEBUG] [2026-07-05 16:25:58.304] [CSOFFICE_superofficer] 
The session refresh token in session is : null [end]

[start] [DEBUG] [2026-07-05 16:25:58.309] [CSOFFICE_superofficer] 
The request URI is : /BL6CEWeb/JS/rsaencrypt/jsencrypt.min.js [end]

[start] [DEBUG] [2026-07-05 16:25:58.310] [CSOFFICE_superofficer] 
The session refresh token in session is : null [end]

[start] [DEBUG] [2026-07-05 16:25:58.303] [CSOFFICE_superofficer] 
The request URI is : /BL6CEWeb/JS/rsaencrypt/Publickey.js [end]

[start] [DEBUG] [2026-07-05 16:25:58.314] [CSOFFICE_superofficer] 
The session refresh token in session is : null [end]

[start] [DEBUG] [2026-07-05 16:26:07.778] [CSOFFICE_superofficer] 
The request URI is : /BL6CEWeb/screen/SECindex.htm [end]

[start] [DEBUG] [2026-07-05 16:26:07.779] [CSOFFICE_superofficer] 
The session refresh token in session is : null [end]

[start] [DEBUG] [2026-07-05 16:26:08.413] [CSOFFICE_superofficer] 
The request URI is : /BL6CEWeb/JS/UploadImage_Function.js [end]

[start] [DEBUG] [2026-07-05 16:26:08.414] [CSOFFICE_superofficer] 
The URI is :/BL6CEWeb/JS/UploadImage_Function.js [end]

[start] [DEBUG] [2026-07-05 16:26:08.415] [CSOFFICE_superofficer] 
The session refresh token in session is : null [end]

[start] [DEBUG] [2026-07-05 16:26:08.527] [CSOFFICE_superofficer] 
The request URI is : /BL6CEWeb/SPA/main.js [end]

[start] [DEBUG] [2026-07-05 16:26:08.528] [CSOFFICE_superofficer] 
The URI is :/BL6CEWeb/SPA/main.js [end]

[start] [DEBUG] [2026-07-05 16:26:08.529] [CSOFFICE_superofficer] 
The session refresh token in session is : null [end]

[start] [DEBUG] [2026-07-05 16:26:08.847] [CSOFFICE_superofficer] 
The request URI is : /BL6CEWeb/fonts/IBM_Plex_Sans/IBMPlexSans-Regular.ttf [end]

[start] [DEBUG] [2026-07-05 16:26:08.849] [CSOFFICE_superofficer] 
The URI is :/BL6CEWeb/fonts/IBM_Plex_Sans/IBMPlexSans-Regular.ttf [end]

[start] [DEBUG] [2026-07-05 16:26:08.850] [CSOFFICE_superofficer] 
The session refresh token in session is : null [end]
