
[start] [INFO] [2026-07-05 20:02:43.374] [SELLER_SMaker] 
---------------------Begin 2026-07-05 20:02:43 331    CREATE_BU:SELLER    CREATE_BY:SMaker ---------------------
[01]  DELETE FROM CEUSER.SEC_LOGIN_SESSION WHERE C_USER_ID = 'SMaker' AND C_UNIT_CODE = 'SELLER' AND C_BK_GROUP_ID = 'CSBANK' AND C_SESSION_ID = 'pma4dCaGg38uAyw3k7JONqb' 
[02]  UPDATE CEUSER.SEC_LOGIN_SESSION SET C_IS_INFORM = 'T' WHERE C_USER_ID = 'SMaker' AND C_UNIT_CODE = 'SELLER' AND C_BK_GROUP_ID = 'CSBANK' 
[03]  INSERT INTO CEUSER.SEC_LOGIN_SESSION (C_BK_GROUP_ID,C_UNIT_CODE,C_USER_ID,C_SESSION_ID,C_IS_INFORM) VALUES ('CSBANK','SELLER','SMaker','pma4dCaGg38uAyw3k7JONqb','F')
---------------------- End 2026-07-05 20:02:43 373 ------------------------
 [end]

[start] [INFO] [2026-07-05 20:02:43.393] [SELLER_SMaker] 
---------------------Begin 2026-07-05 20:02:43 384    CREATE_BU:SELLER    CREATE_BY:SMaker ---------------------
[01]  INSERT INTO CETRX.TRX_ACT_LOG (C_LOG_ID,C_BK_GROUP_ID,C_CNTY_CODE,C_GRP_CODE,C_UNIT_CODE,C_USER_ID,C_IP_ADDRESS,C_FUNC_ID,D_CREA_DATE,T_CREA_TIME,D_SYS_OP_DATE,T_SYS_OP_TIME,D_SYS_TRT_DATE,T_SYS_TRT_TIME,C_BUSI_KEY) VALUES ('8A8284979F2871C3019F33048A36015E','CSBANK','US','SELLER','SELLER','SMaker','10.3.1.40','Login',TO_DATE('2026-07-05','YYYY-MM-DD'),TO_DATE('16:02:43','HH24:MI:SS'),TO_DATE('2026-07-05','YYYY-MM-DD'),TO_DATE('16:02:43','HH24:MI:SS'),TO_DATE('2026-07-05','YYYY-MM-DD'),TO_DATE('16:02:43','HH24:MI:SS'),'SELLER;SMaker')
---------------------- End 2026-07-05 20:02:43 391 ------------------------
 [end]

[start] [INFO] [2026-07-05 20:02:43.632] [SELLER_SMaker] 
---------------------Begin 2026-07-05 20:02:43 629    CREATE_BU:SELLER    CREATE_BY:SMaker ---------------------
[01]  SELECT C_INACTIVE FROM CEUSER.SEC_USER_INFO WHERE C_USER_ID = 'SMaker' AND C_UNIT_CODE = 'SELLER' 
---------------------- End 2026-07-05 20:02:43 631 ------------------------
 [end]

[start] [INFO] [2026-07-05 20:02:43.636] [SELLER_SMaker] 
---------------------Begin 2026-07-05 20:02:43 633    CREATE_BU:SELLER    CREATE_BY:SMaker ---------------------
[01]  SELECT C_IS_INFORM FROM CEUSER.SEC_LOGIN_SESSION WHERE C_SESSION_ID = 'pma4dCaGg38uAyw3k7JONqb' 
---------------------- End 2026-07-05 20:02:43 635 ------------------------
 [end]

[start] [INFO] [2026-07-05 20:02:43.671] [SELLER_SMaker] 
---------------------Begin 2026-07-05 20:02:43 667    CREATE_BU:SELLER    CREATE_BY:SMaker ---------------------
[01]  SELECT C_INACTIVE FROM CEUSER.SEC_USER_INFO WHERE C_USER_ID = 'SMaker' AND C_UNIT_CODE = 'SELLER' 
---------------------- End 2026-07-05 20:02:43 670 ------------------------
 [end]

[start] [INFO] [2026-07-05 20:02:43.711] [SELLER_SMaker] 
---------------------Begin 2026-07-05 20:02:43 707    CREATE_BU:SELLER    CREATE_BY:SMaker ---------------------
[01]  SELECT C_INACTIVE FROM CEUSER.SEC_USER_INFO WHERE C_USER_ID = 'SMaker' AND C_UNIT_CODE = 'SELLER' 
---------------------- End 2026-07-05 20:02:43 710 ------------------------
 [end]

[start] [INFO] [2026-07-05 20:02:43.720] [SELLER_SMaker] 
---------------------Begin 2026-07-05 20:02:43 717    CREATE_BU:SELLER    CREATE_BY:SMaker ---------------------
[01]  SELECT C_INACTIVE FROM CEUSER.SEC_USER_INFO WHERE C_USER_ID = 'SMaker' AND C_UNIT_CODE = 'SELLER' 
---------------------- End 2026-07-05 20:02:43 719 ------------------------
 [end]

[start] [INFO] [2026-07-05 20:02:43.732] [SELLER_SMaker] 
---------------------Begin 2026-07-05 20:02:43 724    CREATE_BU:SELLER    CREATE_BY:SMaker ---------------------
[01]  SELECT C_INACTIVE FROM CEUSER.SEC_USER_INFO WHERE C_USER_ID = 'SMaker' AND C_UNIT_CODE = 'SELLER' 
---------------------- End 2026-07-05 20:02:43 726 ------------------------
 [end]

[start] [INFO] [2026-07-05 20:02:43.733] [SELLER_SMaker] 
---------------------Begin 2026-07-05 20:02:43 720    CREATE_BU:SELLER    CREATE_BY:SMaker ---------------------
[01]  SELECT COUNT(*) AS RECCOUNT FROM CETRX.STD_NOTIFICATION  WHERE C_NOTI_ID IN ( SELECT C_NOTI_ID FROM CETRX.STD_NOTIFICATION_STATUS  WHERE  C_READ_STATUS = 'F'  AND  C_USER_ID = 'SMaker'  AND  C_UNIT_CODE = 'SELLER'  )
---------------------- End 2026-07-05 20:02:43 730 ------------------------
 [end]

[start] [INFO] [2026-07-05 20:02:43.732] [SELLER_SMaker] 
---------------------Begin 2026-07-05 20:02:43 729    CREATE_BU:SELLER    CREATE_BY:SMaker ---------------------
[01]  SELECT C_FUNC_ID,T_OP_TIME FROM CETRX.TRX_FAVOR_FUNC  WHERE  C_UNIT_CODE = 'SELLER'  AND  C_USER_ID = 'SMaker'  ORDER BY  T_OP_TIME DESC 
---------------------- End 2026-07-05 20:02:43 731 ------------------------
 [end]

[start] [INFO] [2026-07-05 20:02:43.750] [SELLER_SMaker] 
---------------------Begin 2026-07-05 20:02:43 747    CREATE_BU:SELLER    CREATE_BY:SMaker ---------------------
[01]  SELECT C_INACTIVE FROM CEUSER.SEC_USER_INFO WHERE C_USER_ID = 'SMaker' AND C_UNIT_CODE = 'SELLER' 
---------------------- End 2026-07-05 20:02:43 749 ------------------------
 [end]

[start] [INFO] [2026-07-05 20:02:43.750] [SELLER_SMaker] 
---------------------Begin 2026-07-05 20:02:43 747    CREATE_BU:SELLER    CREATE_BY:SMaker ---------------------
[01]  SELECT C_INACTIVE FROM CEUSER.SEC_USER_INFO WHERE C_USER_ID = 'SMaker' AND C_UNIT_CODE = 'SELLER' 
---------------------- End 2026-07-05 20:02:43 749 ------------------------
 [end]

[start] [INFO] [2026-07-05 20:02:43.761] [SELLER_SMaker] 
---------------------Begin 2026-07-05 20:02:43 758    CREATE_BU:SELLER    CREATE_BY:SMaker ---------------------
[01]  SELECT * FROM CEUSER.SEC_BUSINESS_UNIT WHERE C_UNIT_CODE = 'SELLER' 
---------------------- End 2026-07-05 20:02:43 760 ------------------------
 [end]

[start] [INFO] [2026-07-05 20:02:43.781] [SELLER_SMaker] 
---------------------Begin 2026-07-05 20:02:43 778    CREATE_BU:SELLER    CREATE_BY:SMaker ---------------------
[01]  SELECT C_AUTH_RULE FROM CEUSER.SEC_USER_INFO WHERE C_BK_GROUP_ID = 'CSBANK' AND C_UNIT_CODE = 'SELLER' AND C_USER_ID = 'SMaker' 
---------------------- End 2026-07-05 20:02:43 780 ------------------------
 [end]

[start] [INFO] [2026-07-05 20:02:43.785] [SELLER_SMaker] 
---------------------Begin 2026-07-05 20:02:43 782    CREATE_BU:SELLER    CREATE_BY:SMaker ---------------------
[01]  SELECT C_AUTH_RULE FROM CEUSER.SEC_BUSINESS_UNIT WHERE C_BK_GROUP_ID = 'CSBANK' AND C_UNIT_CODE = 'SELLER' 
---------------------- End 2026-07-05 20:02:43 784 ------------------------
 [end]

[start] [INFO] [2026-07-05 20:02:43.867] [SELLER_SMaker] 
---------------------Begin 2026-07-05 20:02:43 861    CREATE_BU:SELLER    CREATE_BY:SMaker ---------------------
[01]  SELECT C_INACTIVE FROM CEUSER.SEC_USER_INFO WHERE C_USER_ID = 'SMaker' AND C_UNIT_CODE = 'SELLER' 
---------------------- End 2026-07-05 20:02:43 866 ------------------------
 [end]

[start] [INFO] [2026-07-05 20:02:43.881] [SELLER_SMaker] 
---------------------Begin 2026-07-05 20:02:43 877    CREATE_BU:SELLER    CREATE_BY:SMaker ---------------------
[01]  SELECT DISTINCT C_WIDGET_NAME FROM CEUSER.SEC_WIDGETS_V2_LIST  WHERE  C_IS_ACTIVE = 'Y'  AND  C_ROLE_NAME IN ('MAKER')  ORDER BY  C_WIDGET_NAME 
---------------------- End 2026-07-05 20:02:43 880 ------------------------
 [end]

[start] [INFO] [2026-07-05 20:02:43.901] [SELLER_SMaker] 
---------------------Begin 2026-07-05 20:02:43 897    CREATE_BU:SELLER    CREATE_BY:SMaker ---------------------
[01]  SELECT C_INACTIVE FROM CEUSER.SEC_USER_INFO WHERE C_USER_ID = 'SMaker' AND C_UNIT_CODE = 'SELLER' 
---------------------- End 2026-07-05 20:02:43 900 ------------------------
 [end]

[start] [INFO] [2026-07-05 20:02:43.916] [SELLER_SMaker] 
---------------------Begin 2026-07-05 20:02:43 912    CREATE_BU:SELLER    CREATE_BY:SMaker ---------------------
[01]  SELECT DISTINCT C_WIDGET_NAME FROM CEUSER.SEC_WIDGETS_V2_LIST  WHERE  C_IS_ACTIVE = 'Y'  AND  C_ROLE_NAME IN ('MAKER')  ORDER BY  C_WIDGET_NAME 
---------------------- End 2026-07-05 20:02:43 915 ------------------------
 [end]

[start] [INFO] [2026-07-05 20:02:43.921] [SELLER_SMaker] 
---------------------Begin 2026-07-05 20:02:43 918    CREATE_BU:SELLER    CREATE_BY:SMaker ---------------------
[01]  SELECT TAB.C_TAB_ID,TAB.C_TAB_NAME,TAB.I_TAB_SEQUENCE FROM CEUSER.SEC_WIDGETS_V2_TABS TAB LEFT JOIN CEUSER.SEC_WIDGETS_V2_LAYOUT LYT ON (TAB.C_TAB_ID = LYT.C_TAB_ID AND  TAB.C_UNIT_CODE = LYT.C_UNIT_CODE AND TAB.C_USER_ID = LYT.C_USER_ID )    WHERE  TAB.C_UNIT_CODE = 'SELLER'  AND  TAB.C_USER_ID = 'SMaker'  AND  LYT.C_PAGE_NAME = 'default'  ORDER BY  TAB.I_TAB_SEQUENCE ASC 
---------------------- End 2026-07-05 20:02:43 920 ------------------------
 [end]

[start] [INFO] [2026-07-05 20:02:43.964] [SELLER_SMaker] 
---------------------Begin 2026-07-05 20:02:43 962    CREATE_BU:SELLER    CREATE_BY:SMaker ---------------------
[01]  SELECT C_LAYOUT_INFO FROM CEUSER.SEC_WIDGETS_V2_LAYOUT  WHERE  C_UNIT_CODE = 'SELLER'  AND  C_USER_ID = 'SMaker'  AND  C_PAGE_NAME = 'default' 
---------------------- End 2026-07-05 20:02:43 963 ------------------------
 [end]

[start] [INFO] [2026-07-05 20:02:43.977] [SELLER_SMaker] 
---------------------Begin 2026-07-05 20:02:43 972    CREATE_BU:SELLER    CREATE_BY:SMaker ---------------------
[01]  SELECT TAB.C_TAB_ID,TAB.C_TAB_NAME,TAB.I_TAB_SEQUENCE,LYT.C_LAYOUT_INFO FROM CEUSER.SEC_WIDGETS_V2_TABS TAB LEFT JOIN CEUSER.SEC_WIDGETS_V2_LAYOUT LYT ON (TAB.C_TAB_ID = LYT.C_TAB_ID AND  TAB.C_UNIT_CODE = LYT.C_UNIT_CODE AND TAB.C_USER_ID = LYT.C_USER_ID )    WHERE  TAB.C_UNIT_CODE = 'SELLER'  AND  TAB.C_USER_ID = 'SMaker'  AND  LYT.C_PAGE_NAME = 'default'  ORDER BY  TAB.I_TAB_SEQUENCE ASC 
---------------------- End 2026-07-05 20:02:43 976 ------------------------
 [end]

[start] [INFO] [2026-07-05 20:02:43.990] [SELLER_SMaker] 
---------------------Begin 2026-07-05 20:02:43 981    CREATE_BU:SELLER    CREATE_BY:SMaker ---------------------
[01]  SELECT C_INST_CONFIG FROM CEUSER.SEC_WIDGETS_V2_INST_CONFIG  WHERE  C_INST_ID = '2C928083973EA19601973EA1A0610009'  AND  C_UNIT_CODE = 'SELLER'  AND  C_USER_ID = 'SMaker' 
---------------------- End 2026-07-05 20:02:43 989 ------------------------
 [end]

[start] [INFO] [2026-07-05 20:02:43.997] [SELLER_SMaker] 
---------------------Begin 2026-07-05 20:02:43 994    CREATE_BU:SELLER    CREATE_BY:SMaker ---------------------
[01]  SELECT C_INST_CONFIG FROM CEUSER.SEC_WIDGETS_V2_INST_CONFIG  WHERE  C_INST_ID = '2C928083973EA19601973EA1A0610009'  AND  C_UNIT_CODE = 'SELLER'  AND  C_USER_ID = 'SMaker' 
---------------------- End 2026-07-05 20:02:43 996 ------------------------
 [end]

[start] [INFO] [2026-07-05 20:02:44.005] [SELLER_SMaker] 
---------------------Begin 2026-07-05 20:02:44 002    CREATE_BU:SELLER    CREATE_BY:SMaker ---------------------
[01]  SELECT C_INST_CONFIG FROM CEUSER.SEC_WIDGETS_V2_INST_CONFIG  WHERE  C_INST_ID = '2C928083973EA19601973EA1A070000B'  AND  C_UNIT_CODE = 'SELLER'  AND  C_USER_ID = 'SMaker' 
---------------------- End 2026-07-05 20:02:44 004 ------------------------
 [end]

[start] [INFO] [2026-07-05 20:02:44.011] [SELLER_SMaker] 
---------------------Begin 2026-07-05 20:02:44 009    CREATE_BU:SELLER    CREATE_BY:SMaker ---------------------
[01]  SELECT C_INST_CONFIG FROM CEUSER.SEC_WIDGETS_V2_INST_CONFIG  WHERE  C_INST_ID = '2C928083973EA19601973EA1A070000B'  AND  C_UNIT_CODE = 'SELLER'  AND  C_USER_ID = 'SMaker' 
---------------------- End 2026-07-05 20:02:44 010 ------------------------
 [end]

[start] [INFO] [2026-07-05 20:02:44.018] [SELLER_SMaker] 
---------------------Begin 2026-07-05 20:02:44 016    CREATE_BU:SELLER    CREATE_BY:SMaker ---------------------
[01]  SELECT C_INST_CONFIG FROM CEUSER.SEC_WIDGETS_V2_INST_CONFIG  WHERE  C_INST_ID = '2C928083973EA19601973EA1A077000C'  AND  C_UNIT_CODE = 'SELLER'  AND  C_USER_ID = 'SMaker' 
---------------------- End 2026-07-05 20:02:44 017 ------------------------
 [end]

[start] [INFO] [2026-07-05 20:02:44.023] [SELLER_SMaker] 
---------------------Begin 2026-07-05 20:02:44 021    CREATE_BU:SELLER    CREATE_BY:SMaker ---------------------
[01]  SELECT C_INST_CONFIG FROM CEUSER.SEC_WIDGETS_V2_INST_CONFIG  WHERE  C_INST_ID = '2C928083973EA19601973EA1A077000C'  AND  C_UNIT_CODE = 'SELLER'  AND  C_USER_ID = 'SMaker' 
---------------------- End 2026-07-05 20:02:44 022 ------------------------
 [end]

[start] [INFO] [2026-07-05 20:02:44.029] [SELLER_SMaker] 
---------------------Begin 2026-07-05 20:02:44 026    CREATE_BU:SELLER    CREATE_BY:SMaker ---------------------
[01]  SELECT C_INST_CONFIG FROM CEUSER.SEC_WIDGETS_V2_INST_CONFIG  WHERE  C_INST_ID = '2C928083973EA19601973EA1A06A000A'  AND  C_UNIT_CODE = 'SELLER'  AND  C_USER_ID = 'SMaker' 
---------------------- End 2026-07-05 20:02:44 028 ------------------------
 [end]

[start] [INFO] [2026-07-05 20:02:44.036] [SELLER_SMaker] 
---------------------Begin 2026-07-05 20:02:44 033    CREATE_BU:SELLER    CREATE_BY:SMaker ---------------------
[01]  SELECT C_INST_CONFIG FROM CEUSER.SEC_WIDGETS_V2_INST_CONFIG  WHERE  C_INST_ID = '2C928083973EA19601973EA1A06A000A'  AND  C_UNIT_CODE = 'SELLER'  AND  C_USER_ID = 'SMaker' 
---------------------- End 2026-07-05 20:02:44 035 ------------------------
 [end]

[start] [INFO] [2026-07-05 20:02:44.119] [SELLER_SMaker] 
---------------------Begin 2026-07-05 20:02:44 114    CREATE_BU:SELLER    CREATE_BY:SMaker ---------------------
[01]  SELECT C_INACTIVE FROM CEUSER.SEC_USER_INFO WHERE C_USER_ID = 'SMaker' AND C_UNIT_CODE = 'SELLER' 
---------------------- End 2026-07-05 20:02:44 118 ------------------------
 [end]

[start] [INFO] [2026-07-05 20:02:44.122] [SELLER_SMaker] 
---------------------Begin 2026-07-05 20:02:44 115    CREATE_BU:SELLER    CREATE_BY:SMaker ---------------------
[01]  SELECT C_INACTIVE FROM CEUSER.SEC_USER_INFO WHERE C_USER_ID = 'SMaker' AND C_UNIT_CODE = 'SELLER' 
---------------------- End 2026-07-05 20:02:44 121 ------------------------
 [end]

[start] [INFO] [2026-07-05 20:02:44.164] [SELLER_SMaker] 
---------------------Begin 2026-07-05 20:02:44 138    CREATE_BU:SELLER    CREATE_BY:SMaker ---------------------
[01]  SELECT C_INACTIVE FROM CEUSER.SEC_USER_INFO WHERE C_USER_ID = 'SMaker' AND C_UNIT_CODE = 'SELLER' 
---------------------- End 2026-07-05 20:02:44 161 ------------------------
 [end]

[start] [INFO] [2026-07-05 20:02:44.221] [SELLER_SMaker] 
---------------------Begin 2026-07-05 20:02:44 216    CREATE_BU:SELLER    CREATE_BY:SMaker ---------------------
[01]  SELECT C_INACTIVE FROM CEUSER.SEC_USER_INFO WHERE C_USER_ID = 'SMaker' AND C_UNIT_CODE = 'SELLER' 
---------------------- End 2026-07-05 20:02:44 220 ------------------------
 [end]

[start] [INFO] [2026-07-05 20:02:44.235] [SELLER_SMaker] 
---------------------Begin 2026-07-05 20:02:44 229    CREATE_BU:SELLER    CREATE_BY:SMaker ---------------------
[01]  SELECT C_INACTIVE FROM CEUSER.SEC_USER_INFO WHERE C_USER_ID = 'SMaker' AND C_UNIT_CODE = 'SELLER' 
---------------------- End 2026-07-05 20:02:44 234 ------------------------
 [end]

[start] [INFO] [2026-07-05 20:02:44.249] [SELLER_SMaker] 
---------------------Begin 2026-07-05 20:02:44 245    CREATE_BU:SELLER    CREATE_BY:SMaker ---------------------
[01]  SELECT C_FUNC_ID,T_OP_TIME FROM CETRX.TRX_FAVOR_FUNC  WHERE  C_UNIT_CODE = 'SELLER'  AND  C_USER_ID = 'SMaker'  ORDER BY  T_OP_TIME DESC 
---------------------- End 2026-07-05 20:02:44 248 ------------------------
 [end]

[start] [INFO] [2026-07-05 20:02:44.295] [SELLER_SMaker] 
---------------------Begin 2026-07-05 20:02:44 290    CREATE_BU:SELLER    CREATE_BY:SMaker ---------------------
[01]  SELECT C_IS_ACTIVE FROM CEUSER.SEC_WIDGETS_V2_LIST  WHERE  C_WIDGET_NAME = 'ShortcutMenu'  AND  C_ROLE_NAME IN ('MAKER') 
---------------------- End 2026-07-05 20:02:44 294 ------------------------
 [end]

[start] [INFO] [2026-07-05 20:02:44.299] [SELLER_SMaker] 
---------------------Begin 2026-07-05 20:02:44 296    CREATE_BU:SELLER    CREATE_BY:SMaker ---------------------
[01]  SELECT C_INACTIVE FROM CEUSER.SEC_USER_INFO WHERE C_USER_ID = 'SMaker' AND C_UNIT_CODE = 'SELLER' 
---------------------- End 2026-07-05 20:02:44 298 ------------------------
 [end]

[start] [INFO] [2026-07-05 20:02:44.314] [SELLER_SMaker] 
---------------------Begin 2026-07-05 20:02:44 311    CREATE_BU:SELLER    CREATE_BY:SMaker ---------------------
[01]  SELECT A.C_REPORT_ID,A.C_GRP_CODE,A.C_USER_ID,A.T_PIN_DATE,B.C_SOURCE_REPORT,B.C_REPORT_NAME,B.T_UPDATE_DATE,C.C_USER_DESC FROM CETRX.TRX_USER_REPORT_PIN A LEFT JOIN CETRX.TRX_USER_REPORT B ON A.C_REPORT_ID = B.C_REPORT_ID  LEFT JOIN CEUSER.SEC_USER_INFO C ON A.C_GRP_CODE = C.C_UNIT_CODE AND A.C_USER_ID = C.C_USER_ID  WHERE  A.C_GRP_CODE = 'SELLER'  AND  A.C_USER_ID = 'SMaker'  ORDER BY B.T_UPDATE_DATE DESC
---------------------- End 2026-07-05 20:02:44 313 ------------------------
 [end]

[start] [INFO] [2026-07-05 20:02:44.341] [SELLER_SMaker] 
---------------------Begin 2026-07-05 20:02:44 297    CREATE_BU:SELLER    CREATE_BY:SMaker ---------------------
[01]  SELECT C_FUNC_ID,C_MODULE FROM CETRX.TRX_ACT_LOG WHERE C_FUNC_ID IS NOT NULL AND C_UNIT_CODE = 'SELLER' AND C_USER_ID = 'SMaker' AND D_SYS_OP_DATE BETWEEN TO_DATE('2026-06-05','yyyy-MM-dd') AND TO_DATE('2026-07-05','yyyy-MM-dd') ORDER BY D_SYS_OP_DATE DESC,T_SYS_OP_TIME DESC
---------------------- End 2026-07-05 20:02:44 340 ------------------------
 [end]

[start] [INFO] [2026-07-05 20:02:44.425] [SELLER_SMaker] 
---------------------Begin 2026-07-05 20:02:44 420    CREATE_BU:SELLER    CREATE_BY:SMaker ---------------------
[01]  SELECT C_INACTIVE FROM CEUSER.SEC_USER_INFO WHERE C_USER_ID = 'SMaker' AND C_UNIT_CODE = 'SELLER' 
---------------------- End 2026-07-05 20:02:44 424 ------------------------
 [end]

[start] [INFO] [2026-07-05 20:02:44.453] [SELLER_SMaker] 
---------------------Begin 2026-07-05 20:02:44 448    CREATE_BU:SELLER    CREATE_BY:SMaker ---------------------
[01]  SELECT EXPIRY_DT AS GROUP_DATE, COUNT(*) AS ASCOUNT FROM (SELECT C_PRODUCT_ID, C_MAIN_REF, C_TRX_REF, I_EVENT_TIMES, C_BK_GROUP_ID, C_UNIT_CODE, ADV_NO, APPL_NM, BENE_NM, PARENT_MAIN_REF, LC_CCY, LC_AMT, ISSUE_DT, EXPIRY_DT, CURRNT_STATUS, C_TRX_STATUS, D_CREA_DATE FROM CETRX.EXLC_EM_ADV WHERE   C_BK_GROUP_ID = 'CSBANK'  AND (( C_UNIT_CODE = 'SELLER'  AND  C_PRODUCT_ID = 'P08071500003' )) AND C_TRX_STATUS IN ('P', 'A', 'T', 'R', 'M') AND EXPIRY_DT >= TO_DATE('2026-01-01', 'YYYY-MM-DD') AND EXPIRY_DT <= TO_DATE('2026-12-31', 'YYYY-MM-DD') ) TEMP_TABLE GROUP BY EXPIRY_DT
---------------------- End 2026-07-05 20:02:44 452 ------------------------
 [end]

[start] [INFO] [2026-07-05 20:02:44.534] [SELLER_SMaker] 
---------------------Begin 2026-07-05 20:02:44 134    CREATE_BU:SELLER    CREATE_BY:SMaker ---------------------
[01]  [Id=C2A_ForYou]  SELECT COUNT(*) FROM (SELECT DISTINCT T1.C_BK_GROUP_ID, T1.C_MAIN_REF, T1.C_TRX_REF, T1.C_UNIT_CODE, T1.PARENT_MAIN_REF, T1.C_TRX_STATUS, T1.CURRNT_STATUS, T1.C2A_STATUS, T1.I_EVENT_TIMES, T1.C_MODULE, T1.C_FUNC_ID, T1.C_PRODUCT_ID, T1.C_TRX_ID, T3.C_LOCKED_FLAG, T3.C_LOCKED_OP, T3.C_USER_DESC, T1.D_SYS_OP_DATE, T1.T_SYS_OP_TIME, T1.C2A_CCY, T1.C2A_AMOUNT, T1.C2A_COUNTERPARTY FROM CETRX.TRX_INBOX T1 LEFT JOIN CETRX.TRX_NEXT_FUNC T2 ON T1.C_PRODUCT_ID = T2.C_PRODUCT_ID AND T1.C2A_STATUS = T2.C2A_STATUS AND T1.C_TRX_STATUS = T2.C_TRX_STATUS LEFT JOIN CETRX.TRX_LOCK_INFO T3 ON T1.C_MAIN_REF = T3.C_MAIN_REF AND T1.C_UNIT_CODE = T3.C_UNIT_CODE WHERE   T1.C_BK_GROUP_ID = 'CSBANK'  AND (( T1.C_UNIT_CODE = 'SELLER'  AND  T1.C_PRODUCT_ID = 'P08071500003' )) AND (T2.C_NEXT_FUNC_ID IN (SELECT C_FUNC_ID FROM CEUSER.SEC_OP_FUNC WHERE C_USER_ID = 'SMaker' AND C_GRP_CODE = 'SELLER' AND C_UNIT_CODE = T1.C_UNIT_CODE) OR T2.C_NEXT_FUNC_ID IN (SELECT C_FUNC_ID FROM CEUSER.SEC_OP_FUNC WHERE C_GRP_CODE = 'SELLER' AND C_USER_ID IN (SELECT C_ROLE_ID FROM CEUSER.SEC_USER_ROLE WHERE C_USER_ID = 'SMaker' AND C_GRP_CODE = 'SELLER') AND C_UNIT_CODE = T1.C_UNIT_CODE)) AND (T1.C_TRX_STATUS = 'R' OR T1.C2A_STATUS IN ('Rejected by bank', 'Discrepancy notification', 'Document received') AND T1.C_TRX_STATUS = 'M' OR T1.C2A_STATUS IN ('Amendment(Detrimental)_fully authorized', 'Document discrepancy_fully authorized') AND T1.C_TRX_STATUS = 'A') AND T1.C_TRX_ID NOT IN (SELECT C_TRX_ID FROM CETRX.TRX_USER_DISMISS WHERE C_USER_ID = 'SMaker' AND C_GRP_CODE = 'SELLER') AND (T1.C_MODULE = 'IMLC' OR T1.C_MODULE = 'EXLC' OR T1.C_MODULE = 'FAEF' OR T1.C_MODULE = 'FADA' OR T1.C_MODULE = 'TSUM' OR T1.C_MODULE = 'ABLF' OR T1.C_MODULE = 'UPLD') ORDER BY T1.D_SYS_OP_DATE DESC, T1.T_SYS_OP_TIME DESC)
---------------------- End 2026-07-05 20:02:44 532 ------------------------
 [end]

[start] [INFO] [2026-07-05 20:02:44.594] [SELLER_SMaker] 
---------------------Begin 2026-07-05 20:02:44 538    CREATE_BU:SELLER    CREATE_BY:SMaker ---------------------
[01]  [Id=C2A_InProgress_Maker]  SELECT COUNT(*) FROM CETRX.TRX_INBOX T1 LEFT JOIN CETRX.TRX_LOCK_INFO T3 ON T1.C_MAIN_REF = T3.C_MAIN_REF AND T1.C_UNIT_CODE = T3.C_UNIT_CODE WHERE   T1.C_BK_GROUP_ID = 'CSBANK'  AND (( T1.C_UNIT_CODE = 'SELLER'  AND  T1.C_PRODUCT_ID = 'P08071500003' )) AND (T1.C_TRX_STATUS IN ('P', 'T', 'A', 'S') AND (T1.C_MODULE = 'IMLC' OR T1.C_MODULE = 'EXLC' OR T1.C_MODULE = 'FAEF' OR T1.C_MODULE = 'FADA' OR T1.C_MODULE = 'ABLF') AND T1.C2A_STATUS NOT IN ('Discrepancies rejected_fully authorized') OR T1.C_TRX_STATUS = 'M' AND (T1.C_MODULE = 'IMLC' AND T1.C2A_STATUS NOT IN ('Issued', 'Amended', 'Beneficiary rejected', 'Settled') OR T1.C_MODULE = 'EXCO' AND T1.CURRNT_STATUS NOT IN ('Payment Advice') OR T1.C_MODULE = 'EXLC' AND T1.CURRNT_STATUS NOT IN ('Settled', 'Advise Received', 'Amendment Received', 'Docment Received') OR T1.C_MODULE = 'FAEF' AND T1.CURRNT_STATUS NOT IN ('Settled', 'Advise Received') OR T1.C_MODULE = 'FADA' AND T1.CURRNT_STATUS NOT IN ('Settled', 'Advise Received') OR T1.C_MODULE = 'ABLF' AND T1.CURRNT_STATUS NOT IN ('Settled', 'Advise Received'))) AND T1.C_TRX_ID NOT IN (SELECT C_TRX_ID FROM CETRX.TRX_USER_DISMISS WHERE C_USER_ID = 'SMaker' AND C_GRP_CODE = 'SELLER') AND (T1.C_MODULE = 'IMLC' OR T1.C_MODULE = 'EXLC' OR T1.C_MODULE = 'FAEF' OR T1.C_MODULE = 'FADA' OR T1.C_MODULE = 'ABLF')
---------------------- End 2026-07-05 20:02:44 592 ------------------------
 [end]

[start] [INFO] [2026-07-05 20:02:44.643] [SELLER_SMaker] 
---------------------Begin 2026-07-05 20:02:44 604    CREATE_BU:SELLER    CREATE_BY:SMaker ---------------------
[01]  [Id=C2A_Closed]  SELECT COUNT(*) FROM CETRX.TRX_INBOX T1 LEFT JOIN CETRX.TRX_LOCK_INFO T3 ON T1.C_MAIN_REF = T3.C_MAIN_REF AND T1.C_UNIT_CODE = T3.C_UNIT_CODE WHERE   T1.C_BK_GROUP_ID = 'CSBANK'  AND (( T1.C_UNIT_CODE = 'SELLER'  AND  T1.C_PRODUCT_ID = 'P08071500003' )) AND (T1.C2A_STATUS IN ('Issued', 'Amended', 'Beneficiary rejected', 'Discrepancies rejected_fully authorized', 'Settled') AND T1.C_MODULE = 'IMLC' OR T1.CURRNT_STATUS IN ('Issued', 'Amended', 'Detrimental Amendment', 'Beneficiary Consent', 'Beneficiary Rejected', 'Document Presentation', 'Document Presentation', 'Settlement', 'Settled') AND T1.C_MODULE = 'EXCO' OR T1.C2A_STATUS IN ('Settled', 'Amendment_fully authorized', '') AND T1.C_MODULE = 'EXLC' OR T1.C_FUNC_ID IN ('F05030700899', 'F05030700901', 'F05030700908') AND T1.C2A_STATUS = 'Fully authorized' AND T1.C_MODULE = 'EXLC' OR T1.C_MODULE = 'FADA' OR T1.C_MODULE = 'FAEF') AND T1.C_TRX_STATUS IN ('M', 'A', 'S') AND T1.C_TRX_ID NOT IN (SELECT C_TRX_ID FROM CETRX.TRX_USER_DISMISS WHERE C_USER_ID = 'SMaker' AND C_GRP_CODE = 'SELLER') AND (T1.C_MODULE = 'IMLC' OR T1.C_MODULE = 'EXLC' OR T1.C_MODULE = 'FADA' OR T1.C_MODULE = 'FAEF')
---------------------- End 2026-07-05 20:02:44 641 ------------------------
 [end]

[start] [INFO] [2026-07-05 20:02:44.914] [SELLER_SMaker] 
---------------------Begin 2026-07-05 20:02:44 647    CREATE_BU:SELLER    CREATE_BY:SMaker ---------------------
[01]  [Id=C2A_Drafts]  SELECT COUNT(*) FROM (SELECT DISTINCT T1.C_BK_GROUP_ID, T1.C_MAIN_REF, T1.C_TRX_REF, T1.C_UNIT_CODE, T1.PARENT_MAIN_REF, T1.C_TRX_STATUS, T1.I_EVENT_TIMES, T1.C_MODULE, T1.C_FUNC_ID, T1.C_PRODUCT_ID, T1.C_TRX_ID, T3.C_LOCKED_FLAG, T3.C_LOCKED_OP, T3.C_USER_DESC, T1.D_SYS_OP_DATE, T1.T_SYS_OP_TIME, T1.C2A_CCY, T1.C2A_AMOUNT, T1.C2A_COUNTERPARTY FROM CETRX.TRX_INBOX T1 LEFT JOIN CETRX.TRX_NEXT_FUNC T2 ON T1.C_PRODUCT_ID = T2.C_PRODUCT_ID AND T1.C_TRX_STATUS = T2.C_TRX_STATUS LEFT JOIN CETRX.TRX_LOCK_INFO T3 ON T1.C_MAIN_REF = T3.C_MAIN_REF AND T1.C_UNIT_CODE = T3.C_UNIT_CODE WHERE   T1.C_BK_GROUP_ID = 'CSBANK'  AND (( T1.C_UNIT_CODE = 'SELLER'  AND  T1.C_PRODUCT_ID = 'P08071500003' )) AND (T2.C_NEXT_FUNC_ID IN (SELECT C_FUNC_ID FROM CEUSER.SEC_OP_FUNC WHERE C_USER_ID = 'SMaker' AND C_GRP_CODE = 'SELLER' AND C_UNIT_CODE = T1.C_UNIT_CODE) OR T2.C_NEXT_FUNC_ID IN (SELECT C_FUNC_ID FROM CEUSER.SEC_OP_FUNC WHERE C_GRP_CODE = 'SELLER' AND C_USER_ID IN (SELECT C_ROLE_ID FROM CEUSER.SEC_USER_ROLE WHERE C_USER_ID = 'SMaker' AND C_GRP_CODE = 'SELLER') AND C_UNIT_CODE = T1.C_UNIT_CODE)) AND T1.C_TRX_STATUS = 'Z' AND T1.C_TRX_ID NOT IN (SELECT C_TRX_ID FROM CETRX.TRX_USER_DISMISS WHERE C_USER_ID = 'SMaker' AND C_GRP_CODE = 'SELLER') AND (T1.C_MODULE = 'IMLC' OR T1.C_MODULE = 'EXLC' OR T1.C_MODULE = 'FAEF' OR T1.C_MODULE = 'FADA' OR T1.C_MODULE = 'ABLF') ORDER BY T1.D_SYS_OP_DATE DESC, T1.T_SYS_OP_TIME DESC)
---------------------- End 2026-07-05 20:02:44 913 ------------------------
 [end]

[start] [INFO] [2026-07-05 20:02:45.033] [SELLER_SMaker] 
---------------------Begin 2026-07-05 20:02:45 030    CREATE_BU:SELLER    CREATE_BY:SMaker ---------------------
[01]  SELECT C_INACTIVE FROM CEUSER.SEC_USER_INFO WHERE C_USER_ID = 'SMaker' AND C_UNIT_CODE = 'SELLER' 
---------------------- End 2026-07-05 20:02:45 032 ------------------------
 [end]

[start] [INFO] [2026-07-05 20:02:45.046] [SELLER_SMaker] 
---------------------Begin 2026-07-05 20:02:45 043    CREATE_BU:SELLER    CREATE_BY:SMaker ---------------------
[01]  SELECT C_CRITERIA_DATA,C_TMPL_NAME,C_IS_DEFAULT FROM CETRX.STD_SEARCH_CRITERIA  WHERE  C_UNIT_CODE = 'SELLER'  AND  C_USER_ID = 'SMaker'  AND  C_CATA_ID = 'C2A_ForYou'  AND  C_BK_GROUP_ID = 'CSBANK'  AND  I_CRITERIA_TYPE = 4 
---------------------- End 2026-07-05 20:02:45 045 ------------------------
 [end]

[start] [INFO] [2026-07-05 20:02:45.115] [SELLER_SMaker] 
---------------------Begin 2026-07-05 20:02:45 112    CREATE_BU:SELLER    CREATE_BY:SMaker ---------------------
[01]  SELECT C_UNIT_CODE,C_UNIT_NAME FROM CEUSER.SEC_BUSINESS_UNIT WHERE C_UNIT_CODE = 'SELLER' 
---------------------- End 2026-07-05 20:02:45 114 ------------------------
 [end]

[start] [INFO] [2026-07-05 20:02:45.168] [SELLER_SMaker] 
---------------------Begin 2026-07-05 20:02:45 165    CREATE_BU:SELLER    CREATE_BY:SMaker ---------------------
[01]  SELECT C_INACTIVE FROM CEUSER.SEC_USER_INFO WHERE C_USER_ID = 'SMaker' AND C_UNIT_CODE = 'SELLER' 
---------------------- End 2026-07-05 20:02:45 167 ------------------------
 [end]

[start] [INFO] [2026-07-05 20:02:45.410] [SELLER_SMaker] 
---------------------Begin 2026-07-05 20:02:45 178    CREATE_BU:SELLER    CREATE_BY:SMaker ---------------------
[01]  [Id=C2A_ForYou]  SELECT DISTINCT T1.C_BK_GROUP_ID, T1.C_MAIN_REF, T1.C_TRX_REF, T1.C_UNIT_CODE, T1.PARENT_MAIN_REF, T1.C_TRX_STATUS, T1.CURRNT_STATUS, T1.C2A_STATUS, T1.I_EVENT_TIMES, T1.C_MODULE, T1.C_FUNC_ID, T1.C_PRODUCT_ID, T1.C_TRX_ID, T3.C_LOCKED_FLAG, T3.C_LOCKED_OP, T3.C_USER_DESC, T1.D_SYS_OP_DATE, T1.T_SYS_OP_TIME, T1.C2A_CCY, T1.C2A_AMOUNT, T1.C2A_COUNTERPARTY FROM CETRX.TRX_INBOX T1 LEFT JOIN CETRX.TRX_NEXT_FUNC T2 ON T1.C_PRODUCT_ID = T2.C_PRODUCT_ID AND T1.C2A_STATUS = T2.C2A_STATUS AND T1.C_TRX_STATUS = T2.C_TRX_STATUS LEFT JOIN CETRX.TRX_LOCK_INFO T3 ON T1.C_MAIN_REF = T3.C_MAIN_REF AND T1.C_UNIT_CODE = T3.C_UNIT_CODE WHERE   T1.C_BK_GROUP_ID = 'CSBANK'  AND (( T1.C_UNIT_CODE = 'SELLER'  AND  T1.C_PRODUCT_ID = 'P08071500003' )) AND (T2.C_NEXT_FUNC_ID IN (SELECT C_FUNC_ID FROM CEUSER.SEC_OP_FUNC WHERE C_USER_ID = 'SMaker' AND C_GRP_CODE = 'SELLER' AND C_UNIT_CODE = T1.C_UNIT_CODE) OR T2.C_NEXT_FUNC_ID IN (SELECT C_FUNC_ID FROM CEUSER.SEC_OP_FUNC WHERE C_GRP_CODE = 'SELLER' AND C_USER_ID IN (SELECT C_ROLE_ID FROM CEUSER.SEC_USER_ROLE WHERE C_USER_ID = 'SMaker' AND C_GRP_CODE = 'SELLER') AND C_UNIT_CODE = T1.C_UNIT_CODE)) AND (T1.C_TRX_STATUS = 'R' OR T1.C2A_STATUS IN ('Rejected by bank', 'Discrepancy notification', 'Document received') AND T1.C_TRX_STATUS = 'M' OR T1.C2A_STATUS IN ('Amendment(Detrimental)_fully authorized', 'Document discrepancy_fully authorized') AND T1.C_TRX_STATUS = 'A') AND T1.C_TRX_ID NOT IN (SELECT C_TRX_ID FROM CETRX.TRX_USER_DISMISS WHERE C_USER_ID = 'SMaker' AND C_GRP_CODE = 'SELLER') AND (T1.C_MODULE = 'IMLC' OR T1.C_MODULE = 'EXLC' OR T1.C_MODULE = 'FAEF' OR T1.C_MODULE = 'FADA' OR T1.C_MODULE = 'TSUM' OR T1.C_MODULE = 'ABLF' OR T1.C_MODULE = 'UPLD') ORDER BY T1.D_SYS_OP_DATE DESC, T1.T_SYS_OP_TIME DESC
---------------------- End 2026-07-05 20:02:45 408 ------------------------
 [end]

[start] [INFO] [2026-07-05 20:02:45.469] [SELLER_SMaker] 
---------------------Begin 2026-07-05 20:02:45 466    CREATE_BU:SELLER    CREATE_BY:SMaker ---------------------
[01]  SELECT C_UNIT_CODE,C_UNIT_NAME FROM CEUSER.SEC_BUSINESS_UNIT WHERE C_UNIT_CODE = 'SELLER' 
---------------------- End 2026-07-05 20:02:45 468 ------------------------
 [end]

[start] [INFO] [2026-07-05 20:02:45.483] [SELLER_SMaker] 
---------------------Begin 2026-07-05 20:02:45 479    CREATE_BU:SELLER    CREATE_BY:SMaker ---------------------
[01]  SELECT C_CRITERIA_DATA,C_TMPL_NAME,C_IS_DEFAULT FROM CETRX.STD_SEARCH_CRITERIA  WHERE  C_UNIT_CODE = 'SELLER'  AND  C_USER_ID = 'SMaker'  AND  C_CATA_ID = 'C2A_ForYou'  AND  C_BK_GROUP_ID = 'CSBANK'  AND  I_CRITERIA_TYPE = 4 
---------------------- End 2026-07-05 20:02:45 481 ------------------------
 [end]

[start] [INFO] [2026-07-05 20:02:50.013] [SELLER_SMaker] 
---------------------Begin 2026-07-05 20:02:50 004    CREATE_BU:SELLER    CREATE_BY:SMaker ---------------------
[01]  SELECT C_INACTIVE FROM CEUSER.SEC_USER_INFO WHERE C_USER_ID = 'SMaker' AND C_UNIT_CODE = 'SELLER' 
---------------------- End 2026-07-05 20:02:50 012 ------------------------
 [end]

[start] [INFO] [2026-07-05 20:02:50.014] [SELLER_SMaker] 
---------------------Begin 2026-07-05 20:02:50 009    CREATE_BU:SELLER    CREATE_BY:SMaker ---------------------
[01]  SELECT C_INACTIVE FROM CEUSER.SEC_USER_INFO WHERE C_USER_ID = 'SMaker' AND C_UNIT_CODE = 'SELLER' 
---------------------- End 2026-07-05 20:02:50 013 ------------------------
 [end]

[start] [INFO] [2026-07-05 20:02:50.026] [SELLER_SMaker] 
---------------------Begin 2026-07-05 20:02:50 023    CREATE_BU:SELLER    CREATE_BY:SMaker ---------------------
[01]  SELECT DISTINCT C_WIDGET_NAME FROM CEUSER.SEC_WIDGETS_V2_LIST  WHERE  C_IS_ACTIVE = 'Y'  AND  C_ROLE_NAME IN ('MAKER')  ORDER BY  C_WIDGET_NAME 
---------------------- End 2026-07-05 20:02:50 024 ------------------------
 [end]

[start] [INFO] [2026-07-05 20:02:50.026] [SELLER_SMaker] 
---------------------Begin 2026-07-05 20:02:50 022    CREATE_BU:SELLER    CREATE_BY:SMaker ---------------------
[01]  SELECT DISTINCT C_WIDGET_NAME FROM CEUSER.SEC_WIDGETS_V2_LIST  WHERE  C_IS_ACTIVE = 'Y'  AND  C_ROLE_NAME IN ('MAKER')  ORDER BY  C_WIDGET_NAME 
---------------------- End 2026-07-05 20:02:50 025 ------------------------
 [end]

[start] [INFO] [2026-07-05 20:02:50.055] [SELLER_SMaker] 
---------------------Begin 2026-07-05 20:02:50 027    CREATE_BU:SELLER    CREATE_BY:SMaker ---------------------
[01]  SELECT TAB.C_TAB_ID,TAB.C_TAB_NAME,TAB.I_TAB_SEQUENCE FROM CEUSER.SEC_WIDGETS_V2_TABS TAB LEFT JOIN CEUSER.SEC_WIDGETS_V2_LAYOUT LYT ON (TAB.C_TAB_ID = LYT.C_TAB_ID AND  TAB.C_UNIT_CODE = LYT.C_UNIT_CODE AND TAB.C_USER_ID = LYT.C_USER_ID )    WHERE  TAB.C_UNIT_CODE = 'SELLER'  AND  TAB.C_USER_ID = 'SMaker'  AND  LYT.C_PAGE_NAME = 'analytics'  ORDER BY  TAB.I_TAB_SEQUENCE ASC 
---------------------- End 2026-07-05 20:02:50 054 ------------------------
 [end]

[start] [INFO] [2026-07-05 20:02:50.113] [SELLER_SMaker] 
---------------------Begin 2026-07-05 20:02:50 057    CREATE_BU:SELLER    CREATE_BY:SMaker ---------------------
[01]  SELECT TAB.C_TAB_ID,TAB.C_TAB_NAME,TAB.I_TAB_SEQUENCE,LYT.C_LAYOUT_INFO FROM CEUSER.SEC_WIDGETS_V2_TABS TAB LEFT JOIN CEUSER.SEC_WIDGETS_V2_LAYOUT LYT ON (TAB.C_TAB_ID = LYT.C_TAB_ID AND  TAB.C_UNIT_CODE = LYT.C_UNIT_CODE AND TAB.C_USER_ID = LYT.C_USER_ID )    WHERE  TAB.C_UNIT_CODE = 'SELLER'  AND  TAB.C_USER_ID = 'SMaker'  AND  LYT.C_PAGE_NAME = 'analytics'  ORDER BY  TAB.I_TAB_SEQUENCE ASC 
---------------------- End 2026-07-05 20:02:50 112 ------------------------
 [end]

[start] [INFO] [2026-07-05 20:02:52.143] [SELLER_SMaker] 
---------------------Begin 2026-07-05 20:02:52 139    CREATE_BU:SELLER    CREATE_BY:SMaker ---------------------
[01]  SELECT C_INACTIVE FROM CEUSER.SEC_USER_INFO WHERE C_USER_ID = 'SMaker' AND C_UNIT_CODE = 'SELLER' 
---------------------- End 2026-07-05 20:02:52 142 ------------------------
 [end]

[start] [INFO] [2026-07-05 20:02:52.210] [SELLER_SMaker] 
---------------------Begin 2026-07-05 20:02:52 206    CREATE_BU:SELLER    CREATE_BY:SMaker ---------------------
[01]  SELECT C_INACTIVE FROM CEUSER.SEC_USER_INFO WHERE C_USER_ID = 'SMaker' AND C_UNIT_CODE = 'SELLER' 
---------------------- End 2026-07-05 20:02:52 209 ------------------------
 [end]

[start] [INFO] [2026-07-05 20:02:52.223] [SELLER_SMaker] 
---------------------Begin 2026-07-05 20:02:52 220    CREATE_BU:SELLER    CREATE_BY:SMaker ---------------------
[01]  SELECT C_CRITERIA_DATA,C_TMPL_NAME,C_IS_DEFAULT FROM CETRX.STD_SEARCH_CRITERIA  WHERE  C_UNIT_CODE = 'SELLER'  AND  C_USER_ID = 'SMaker'  AND  C_CATA_ID = 'Requests_EXLC'  AND  C_BK_GROUP_ID = 'CSBANK'  AND  I_CRITERIA_TYPE = 4 
---------------------- End 2026-07-05 20:02:52 222 ------------------------
 [end]

[start] [INFO] [2026-07-05 20:02:52.231] [SELLER_SMaker] 
---------------------Begin 2026-07-05 20:02:52 228    CREATE_BU:SELLER    CREATE_BY:SMaker ---------------------
[01]  SELECT C_UNIT_CODE,C_UNIT_NAME FROM CEUSER.SEC_BUSINESS_UNIT WHERE C_UNIT_CODE = 'SELLER' 
---------------------- End 2026-07-05 20:02:52 229 ------------------------
 [end]

[start] [INFO] [2026-07-05 20:02:52.277] [SELLER_SMaker] 
---------------------Begin 2026-07-05 20:02:52 274    CREATE_BU:SELLER    CREATE_BY:SMaker ---------------------
[01]  SELECT C_INACTIVE FROM CEUSER.SEC_USER_INFO WHERE C_USER_ID = 'SMaker' AND C_UNIT_CODE = 'SELLER' 
---------------------- End 2026-07-05 20:02:52 275 ------------------------
 [end]

[start] [INFO] [2026-07-05 20:02:52.295] [SELLER_SMaker] 
---------------------Begin 2026-07-05 20:02:52 289    CREATE_BU:SELLER    CREATE_BY:SMaker ---------------------
[01]  [Id=Requests_EXLC]  SELECT C_PRODUCT_ID, C_MAIN_REF, C_TRX_REF, I_EVENT_TIMES, C_BK_GROUP_ID, C_UNIT_CODE, ADV_NO, APPL_NM, BENE_NM, PARENT_MAIN_REF, LC_CCY, LC_AMT, ISSUE_DT, EXPIRY_DT, CURRNT_STATUS, C_TRX_STATUS, D_CREA_DATE FROM CETRX.EXLC_EM_ADV WHERE   C_BK_GROUP_ID = 'CSBANK'  AND (( C_UNIT_CODE = 'SELLER'  AND  C_PRODUCT_ID = 'P08071500003' )) AND C_TRX_STATUS IN ('P', 'A', 'T', 'R', 'M') ORDER BY ADV_NO
---------------------- End 2026-07-05 20:02:52 294 ------------------------
 [end]

[start] [INFO] [2026-07-05 20:02:52.299] [SELLER_SMaker] 
---------------------Begin 2026-07-05 20:02:52 296    CREATE_BU:SELLER    CREATE_BY:SMaker ---------------------
[01]  SELECT C_UNIT_CODE,C_UNIT_NAME FROM CEUSER.SEC_BUSINESS_UNIT WHERE C_UNIT_CODE = 'SELLER' 
---------------------- End 2026-07-05 20:02:52 298 ------------------------
 [end]

[start] [INFO] [2026-07-05 20:02:52.319] [SELLER_SMaker] 
---------------------Begin 2026-07-05 20:02:52 315    CREATE_BU:SELLER    CREATE_BY:SMaker ---------------------
[01]  SELECT C_CRITERIA_DATA,C_TMPL_NAME,C_IS_DEFAULT FROM CETRX.STD_SEARCH_CRITERIA  WHERE  C_UNIT_CODE = 'SELLER'  AND  C_USER_ID = 'SMaker'  AND  C_CATA_ID = 'Requests_EXLC'  AND  C_BK_GROUP_ID = 'CSBANK'  AND  I_CRITERIA_TYPE = 4 
---------------------- End 2026-07-05 20:02:52 316 ------------------------
 [end]

[start] [INFO] [2026-07-05 20:02:54.914] [SELLER_SMaker] 
---------------------Begin 2026-07-05 20:02:54 909    CREATE_BU:SELLER    CREATE_BY:SMaker ---------------------
[01]  SELECT C_INACTIVE FROM CEUSER.SEC_USER_INFO WHERE C_USER_ID = 'SMaker' AND C_UNIT_CODE = 'SELLER' 
---------------------- End 2026-07-05 20:02:54 913 ------------------------
 [end]

[start] [INFO] [2026-07-05 20:02:54.921] [SELLER_SMaker] 
---------------------Begin 2026-07-05 20:02:54 914    CREATE_BU:SELLER    CREATE_BY:SMaker ---------------------
[01]  SELECT C_INACTIVE FROM CEUSER.SEC_USER_INFO WHERE C_USER_ID = 'SMaker' AND C_UNIT_CODE = 'SELLER' 
---------------------- End 2026-07-05 20:02:54 919 ------------------------
 [end]

[start] [INFO] [2026-07-05 20:02:54.934] [SELLER_SMaker] 
---------------------Begin 2026-07-05 20:02:54 930    CREATE_BU:SELLER    CREATE_BY:SMaker ---------------------
[01]  SELECT DISTINCT C_WIDGET_NAME FROM CEUSER.SEC_WIDGETS_V2_LIST  WHERE  C_IS_ACTIVE = 'Y'  AND  C_ROLE_NAME IN ('MAKER')  ORDER BY  C_WIDGET_NAME 
---------------------- End 2026-07-05 20:02:54 932 ------------------------
 [end]

[start] [INFO] [2026-07-05 20:02:54.962] [SELLER_SMaker] 
---------------------Begin 2026-07-05 20:02:54 910    CREATE_BU:SELLER    CREATE_BY:SMaker ---------------------
[01]  SELECT C_INACTIVE FROM CEUSER.SEC_USER_INFO WHERE C_USER_ID = 'SMaker' AND C_UNIT_CODE = 'SELLER' 
---------------------- End 2026-07-05 20:02:54 960 ------------------------
 [end]

[start] [INFO] [2026-07-05 20:02:54.975] [SELLER_SMaker] 
---------------------Begin 2026-07-05 20:02:54 972    CREATE_BU:SELLER    CREATE_BY:SMaker ---------------------
[01]  SELECT DISTINCT C_WIDGET_NAME FROM CEUSER.SEC_WIDGETS_V2_LIST  WHERE  C_IS_ACTIVE = 'Y'  AND  C_ROLE_NAME IN ('MAKER')  ORDER BY  C_WIDGET_NAME 
---------------------- End 2026-07-05 20:02:54 973 ------------------------
 [end]

[start] [INFO] [2026-07-05 20:02:54.980] [SELLER_SMaker] 
---------------------Begin 2026-07-05 20:02:54 977    CREATE_BU:SELLER    CREATE_BY:SMaker ---------------------
[01]  SELECT TAB.C_TAB_ID,TAB.C_TAB_NAME,TAB.I_TAB_SEQUENCE FROM CEUSER.SEC_WIDGETS_V2_TABS TAB LEFT JOIN CEUSER.SEC_WIDGETS_V2_LAYOUT LYT ON (TAB.C_TAB_ID = LYT.C_TAB_ID AND  TAB.C_UNIT_CODE = LYT.C_UNIT_CODE AND TAB.C_USER_ID = LYT.C_USER_ID )    WHERE  TAB.C_UNIT_CODE = 'SELLER'  AND  TAB.C_USER_ID = 'SMaker'  AND  LYT.C_PAGE_NAME = 'default'  ORDER BY  TAB.I_TAB_SEQUENCE ASC 
---------------------- End 2026-07-05 20:02:54 979 ------------------------
 [end]

[start] [INFO] [2026-07-05 20:02:55.035] [SELLER_SMaker] 
---------------------Begin 2026-07-05 20:02:55 019    CREATE_BU:SELLER    CREATE_BY:SMaker ---------------------
[01]  SELECT C_LAYOUT_INFO FROM CEUSER.SEC_WIDGETS_V2_LAYOUT  WHERE  C_UNIT_CODE = 'SELLER'  AND  C_USER_ID = 'SMaker'  AND  C_PAGE_NAME = 'default' 
---------------------- End 2026-07-05 20:02:55 034 ------------------------
 [end]

[start] [INFO] [2026-07-05 20:02:55.074] [SELLER_SMaker] 
---------------------Begin 2026-07-05 20:02:55 044    CREATE_BU:SELLER    CREATE_BY:SMaker ---------------------
[01]  SELECT TAB.C_TAB_ID,TAB.C_TAB_NAME,TAB.I_TAB_SEQUENCE,LYT.C_LAYOUT_INFO FROM CEUSER.SEC_WIDGETS_V2_TABS TAB LEFT JOIN CEUSER.SEC_WIDGETS_V2_LAYOUT LYT ON (TAB.C_TAB_ID = LYT.C_TAB_ID AND  TAB.C_UNIT_CODE = LYT.C_UNIT_CODE AND TAB.C_USER_ID = LYT.C_USER_ID )    WHERE  TAB.C_UNIT_CODE = 'SELLER'  AND  TAB.C_USER_ID = 'SMaker'  AND  LYT.C_PAGE_NAME = 'default'  ORDER BY  TAB.I_TAB_SEQUENCE ASC 
---------------------- End 2026-07-05 20:02:55 073 ------------------------
 [end]

[start] [INFO] [2026-07-05 20:02:55.082] [SELLER_SMaker] 
---------------------Begin 2026-07-05 20:02:55 079    CREATE_BU:SELLER    CREATE_BY:SMaker ---------------------
[01]  SELECT C_INST_CONFIG FROM CEUSER.SEC_WIDGETS_V2_INST_CONFIG  WHERE  C_INST_ID = '2C928083973EA19601973EA1A0610009'  AND  C_UNIT_CODE = 'SELLER'  AND  C_USER_ID = 'SMaker' 
---------------------- End 2026-07-05 20:02:55 080 ------------------------
 [end]

[start] [INFO] [2026-07-05 20:02:55.087] [SELLER_SMaker] 
---------------------Begin 2026-07-05 20:02:55 085    CREATE_BU:SELLER    CREATE_BY:SMaker ---------------------
[01]  SELECT C_INST_CONFIG FROM CEUSER.SEC_WIDGETS_V2_INST_CONFIG  WHERE  C_INST_ID = '2C928083973EA19601973EA1A0610009'  AND  C_UNIT_CODE = 'SELLER'  AND  C_USER_ID = 'SMaker' 
---------------------- End 2026-07-05 20:02:55 086 ------------------------
 [end]

[start] [INFO] [2026-07-05 20:02:55.093] [SELLER_SMaker] 
---------------------Begin 2026-07-05 20:02:55 091    CREATE_BU:SELLER    CREATE_BY:SMaker ---------------------
[01]  SELECT C_INST_CONFIG FROM CEUSER.SEC_WIDGETS_V2_INST_CONFIG  WHERE  C_INST_ID = '2C928083973EA19601973EA1A070000B'  AND  C_UNIT_CODE = 'SELLER'  AND  C_USER_ID = 'SMaker' 
---------------------- End 2026-07-05 20:02:55 092 ------------------------
 [end]

[start] [INFO] [2026-07-05 20:02:55.098] [SELLER_SMaker] 
---------------------Begin 2026-07-05 20:02:55 095    CREATE_BU:SELLER    CREATE_BY:SMaker ---------------------
[01]  SELECT C_INST_CONFIG FROM CEUSER.SEC_WIDGETS_V2_INST_CONFIG  WHERE  C_INST_ID = '2C928083973EA19601973EA1A070000B'  AND  C_UNIT_CODE = 'SELLER'  AND  C_USER_ID = 'SMaker' 
---------------------- End 2026-07-05 20:02:55 097 ------------------------
 [end]

[start] [INFO] [2026-07-05 20:02:55.106] [SELLER_SMaker] 
---------------------Begin 2026-07-05 20:02:55 102    CREATE_BU:SELLER    CREATE_BY:SMaker ---------------------
[01]  SELECT C_INST_CONFIG FROM CEUSER.SEC_WIDGETS_V2_INST_CONFIG  WHERE  C_INST_ID = '2C928083973EA19601973EA1A077000C'  AND  C_UNIT_CODE = 'SELLER'  AND  C_USER_ID = 'SMaker' 
---------------------- End 2026-07-05 20:02:55 105 ------------------------
 [end]

[start] [INFO] [2026-07-05 20:02:55.112] [SELLER_SMaker] 
---------------------Begin 2026-07-05 20:02:55 110    CREATE_BU:SELLER    CREATE_BY:SMaker ---------------------
[01]  SELECT C_INST_CONFIG FROM CEUSER.SEC_WIDGETS_V2_INST_CONFIG  WHERE  C_INST_ID = '2C928083973EA19601973EA1A077000C'  AND  C_UNIT_CODE = 'SELLER'  AND  C_USER_ID = 'SMaker' 
---------------------- End 2026-07-05 20:02:55 111 ------------------------
 [end]

[start] [INFO] [2026-07-05 20:02:55.119] [SELLER_SMaker] 
---------------------Begin 2026-07-05 20:02:55 116    CREATE_BU:SELLER    CREATE_BY:SMaker ---------------------
[01]  SELECT C_INST_CONFIG FROM CEUSER.SEC_WIDGETS_V2_INST_CONFIG  WHERE  C_INST_ID = '2C928083973EA19601973EA1A06A000A'  AND  C_UNIT_CODE = 'SELLER'  AND  C_USER_ID = 'SMaker' 
---------------------- End 2026-07-05 20:02:55 118 ------------------------
 [end]

[start] [INFO] [2026-07-05 20:02:55.123] [SELLER_SMaker] 
---------------------Begin 2026-07-05 20:02:55 121    CREATE_BU:SELLER    CREATE_BY:SMaker ---------------------
[01]  SELECT C_INST_CONFIG FROM CEUSER.SEC_WIDGETS_V2_INST_CONFIG  WHERE  C_INST_ID = '2C928083973EA19601973EA1A06A000A'  AND  C_UNIT_CODE = 'SELLER'  AND  C_USER_ID = 'SMaker' 
---------------------- End 2026-07-05 20:02:55 122 ------------------------
 [end]

[start] [INFO] [2026-07-05 20:02:55.171] [SELLER_SMaker] 
---------------------Begin 2026-07-05 20:02:55 166    CREATE_BU:SELLER    CREATE_BY:SMaker ---------------------
[01]  SELECT C_INACTIVE FROM CEUSER.SEC_USER_INFO WHERE C_USER_ID = 'SMaker' AND C_UNIT_CODE = 'SELLER' 
---------------------- End 2026-07-05 20:02:55 170 ------------------------
 [end]

[start] [INFO] [2026-07-05 20:02:55.173] [SELLER_SMaker] 
---------------------Begin 2026-07-05 20:02:55 169    CREATE_BU:SELLER    CREATE_BY:SMaker ---------------------
[01]  SELECT C_INACTIVE FROM CEUSER.SEC_USER_INFO WHERE C_USER_ID = 'SMaker' AND C_UNIT_CODE = 'SELLER' 
---------------------- End 2026-07-05 20:02:55 172 ------------------------
 [end]

[start] [INFO] [2026-07-05 20:02:55.184] [SELLER_SMaker] 
---------------------Begin 2026-07-05 20:02:55 181    CREATE_BU:SELLER    CREATE_BY:SMaker ---------------------
[01]  SELECT C_INACTIVE FROM CEUSER.SEC_USER_INFO WHERE C_USER_ID = 'SMaker' AND C_UNIT_CODE = 'SELLER' 
---------------------- End 2026-07-05 20:02:55 183 ------------------------
 [end]

[start] [INFO] [2026-07-05 20:02:55.283] [SELLER_SMaker] 
---------------------Begin 2026-07-05 20:02:55 280    CREATE_BU:SELLER    CREATE_BY:SMaker ---------------------
[01]  SELECT C_INACTIVE FROM CEUSER.SEC_USER_INFO WHERE C_USER_ID = 'SMaker' AND C_UNIT_CODE = 'SELLER' 
---------------------- End 2026-07-05 20:02:55 282 ------------------------
 [end]

[start] [INFO] [2026-07-05 20:02:55.291] [SELLER_SMaker] 
---------------------Begin 2026-07-05 20:02:55 282    CREATE_BU:SELLER    CREATE_BY:SMaker ---------------------
[01]  [Id=C2A_ForYou]  SELECT COUNT(*) FROM (SELECT DISTINCT T1.C_BK_GROUP_ID, T1.C_MAIN_REF, T1.C_TRX_REF, T1.C_UNIT_CODE, T1.PARENT_MAIN_REF, T1.C_TRX_STATUS, T1.CURRNT_STATUS, T1.C2A_STATUS, T1.I_EVENT_TIMES, T1.C_MODULE, T1.C_FUNC_ID, T1.C_PRODUCT_ID, T1.C_TRX_ID, T3.C_LOCKED_FLAG, T3.C_LOCKED_OP, T3.C_USER_DESC, T1.D_SYS_OP_DATE, T1.T_SYS_OP_TIME, T1.C2A_CCY, T1.C2A_AMOUNT, T1.C2A_COUNTERPARTY FROM CETRX.TRX_INBOX T1 LEFT JOIN CETRX.TRX_NEXT_FUNC T2 ON T1.C_PRODUCT_ID = T2.C_PRODUCT_ID AND T1.C2A_STATUS = T2.C2A_STATUS AND T1.C_TRX_STATUS = T2.C_TRX_STATUS LEFT JOIN CETRX.TRX_LOCK_INFO T3 ON T1.C_MAIN_REF = T3.C_MAIN_REF AND T1.C_UNIT_CODE = T3.C_UNIT_CODE WHERE   T1.C_BK_GROUP_ID = 'CSBANK'  AND (( T1.C_UNIT_CODE = 'SELLER'  AND  T1.C_PRODUCT_ID = 'P08071500003' )) AND (T2.C_NEXT_FUNC_ID IN (SELECT C_FUNC_ID FROM CEUSER.SEC_OP_FUNC WHERE C_USER_ID = 'SMaker' AND C_GRP_CODE = 'SELLER' AND C_UNIT_CODE = T1.C_UNIT_CODE) OR T2.C_NEXT_FUNC_ID IN (SELECT C_FUNC_ID FROM CEUSER.SEC_OP_FUNC WHERE C_GRP_CODE = 'SELLER' AND C_USER_ID IN (SELECT C_ROLE_ID FROM CEUSER.SEC_USER_ROLE WHERE C_USER_ID = 'SMaker' AND C_GRP_CODE = 'SELLER') AND C_UNIT_CODE = T1.C_UNIT_CODE)) AND (T1.C_TRX_STATUS = 'R' OR T1.C2A_STATUS IN ('Rejected by bank', 'Discrepancy notification', 'Document received') AND T1.C_TRX_STATUS = 'M' OR T1.C2A_STATUS IN ('Amendment(Detrimental)_fully authorized', 'Document discrepancy_fully authorized') AND T1.C_TRX_STATUS = 'A') AND T1.C_TRX_ID NOT IN (SELECT C_TRX_ID FROM CETRX.TRX_USER_DISMISS WHERE C_USER_ID = 'SMaker' AND C_GRP_CODE = 'SELLER') AND (T1.C_MODULE = 'IMLC' OR T1.C_MODULE = 'EXLC' OR T1.C_MODULE = 'FAEF' OR T1.C_MODULE = 'FADA' OR T1.C_MODULE = 'TSUM' OR T1.C_MODULE = 'ABLF' OR T1.C_MODULE = 'UPLD') ORDER BY T1.D_SYS_OP_DATE DESC, T1.T_SYS_OP_TIME DESC)
---------------------- End 2026-07-05 20:02:55 290 ------------------------
 [end]

[start] [INFO] [2026-07-05 20:02:55.296] [SELLER_SMaker] 
---------------------Begin 2026-07-05 20:02:55 293    CREATE_BU:SELLER    CREATE_BY:SMaker ---------------------
[01]  SELECT C_FUNC_ID,T_OP_TIME FROM CETRX.TRX_FAVOR_FUNC  WHERE  C_UNIT_CODE = 'SELLER'  AND  C_USER_ID = 'SMaker'  ORDER BY  T_OP_TIME DESC 
---------------------- End 2026-07-05 20:02:55 295 ------------------------
 [end]

[start] [INFO] [2026-07-05 20:02:55.303] [SELLER_SMaker] 
---------------------Begin 2026-07-05 20:02:55 296    CREATE_BU:SELLER    CREATE_BY:SMaker ---------------------
[01]  [Id=C2A_InProgress_Maker]  SELECT COUNT(*) FROM CETRX.TRX_INBOX T1 LEFT JOIN CETRX.TRX_LOCK_INFO T3 ON T1.C_MAIN_REF = T3.C_MAIN_REF AND T1.C_UNIT_CODE = T3.C_UNIT_CODE WHERE   T1.C_BK_GROUP_ID = 'CSBANK'  AND (( T1.C_UNIT_CODE = 'SELLER'  AND  T1.C_PRODUCT_ID = 'P08071500003' )) AND (T1.C_TRX_STATUS IN ('P', 'T', 'A', 'S') AND (T1.C_MODULE = 'IMLC' OR T1.C_MODULE = 'EXLC' OR T1.C_MODULE = 'FAEF' OR T1.C_MODULE = 'FADA' OR T1.C_MODULE = 'ABLF') AND T1.C2A_STATUS NOT IN ('Discrepancies rejected_fully authorized') OR T1.C_TRX_STATUS = 'M' AND (T1.C_MODULE = 'IMLC' AND T1.C2A_STATUS NOT IN ('Issued', 'Amended', 'Beneficiary rejected', 'Settled') OR T1.C_MODULE = 'EXCO' AND T1.CURRNT_STATUS NOT IN ('Payment Advice') OR T1.C_MODULE = 'EXLC' AND T1.CURRNT_STATUS NOT IN ('Settled', 'Advise Received', 'Amendment Received', 'Docment Received') OR T1.C_MODULE = 'FAEF' AND T1.CURRNT_STATUS NOT IN ('Settled', 'Advise Received') OR T1.C_MODULE = 'FADA' AND T1.CURRNT_STATUS NOT IN ('Settled', 'Advise Received') OR T1.C_MODULE = 'ABLF' AND T1.CURRNT_STATUS NOT IN ('Settled', 'Advise Received'))) AND T1.C_TRX_ID NOT IN (SELECT C_TRX_ID FROM CETRX.TRX_USER_DISMISS WHERE C_USER_ID = 'SMaker' AND C_GRP_CODE = 'SELLER') AND (T1.C_MODULE = 'IMLC' OR T1.C_MODULE = 'EXLC' OR T1.C_MODULE = 'FAEF' OR T1.C_MODULE = 'FADA' OR T1.C_MODULE = 'ABLF')
---------------------- End 2026-07-05 20:02:55 301 ------------------------
 [end]

[start] [INFO] [2026-07-05 20:02:55.306] [SELLER_SMaker] 
---------------------Begin 2026-07-05 20:02:55 303    CREATE_BU:SELLER    CREATE_BY:SMaker ---------------------
[01]  SELECT C_INACTIVE FROM CEUSER.SEC_USER_INFO WHERE C_USER_ID = 'SMaker' AND C_UNIT_CODE = 'SELLER' 
---------------------- End 2026-07-05 20:02:55 305 ------------------------
 [end]

[start] [INFO] [2026-07-05 20:02:55.315] [SELLER_SMaker] 
---------------------Begin 2026-07-05 20:02:55 308    CREATE_BU:SELLER    CREATE_BY:SMaker ---------------------
[01]  [Id=C2A_Closed]  SELECT COUNT(*) FROM CETRX.TRX_INBOX T1 LEFT JOIN CETRX.TRX_LOCK_INFO T3 ON T1.C_MAIN_REF = T3.C_MAIN_REF AND T1.C_UNIT_CODE = T3.C_UNIT_CODE WHERE   T1.C_BK_GROUP_ID = 'CSBANK'  AND (( T1.C_UNIT_CODE = 'SELLER'  AND  T1.C_PRODUCT_ID = 'P08071500003' )) AND (T1.C2A_STATUS IN ('Issued', 'Amended', 'Beneficiary rejected', 'Discrepancies rejected_fully authorized', 'Settled') AND T1.C_MODULE = 'IMLC' OR T1.CURRNT_STATUS IN ('Issued', 'Amended', 'Detrimental Amendment', 'Beneficiary Consent', 'Beneficiary Rejected', 'Document Presentation', 'Document Presentation', 'Settlement', 'Settled') AND T1.C_MODULE = 'EXCO' OR T1.C2A_STATUS IN ('Settled', 'Amendment_fully authorized', '') AND T1.C_MODULE = 'EXLC' OR T1.C_FUNC_ID IN ('F05030700899', 'F05030700901', 'F05030700908') AND T1.C2A_STATUS = 'Fully authorized' AND T1.C_MODULE = 'EXLC' OR T1.C_MODULE = 'FADA' OR T1.C_MODULE = 'FAEF') AND T1.C_TRX_STATUS IN ('M', 'A', 'S') AND T1.C_TRX_ID NOT IN (SELECT C_TRX_ID FROM CETRX.TRX_USER_DISMISS WHERE C_USER_ID = 'SMaker' AND C_GRP_CODE = 'SELLER') AND (T1.C_MODULE = 'IMLC' OR T1.C_MODULE = 'EXLC' OR T1.C_MODULE = 'FADA' OR T1.C_MODULE = 'FAEF')
---------------------- End 2026-07-05 20:02:55 314 ------------------------
 [end]

[start] [INFO] [2026-07-05 20:02:55.323] [SELLER_SMaker] 
---------------------Begin 2026-07-05 20:02:55 319    CREATE_BU:SELLER    CREATE_BY:SMaker ---------------------
[01]  SELECT C_IS_ACTIVE FROM CEUSER.SEC_WIDGETS_V2_LIST  WHERE  C_WIDGET_NAME = 'ShortcutMenu'  AND  C_ROLE_NAME IN ('MAKER') 
---------------------- End 2026-07-05 20:02:55 322 ------------------------
 [end]

[start] [INFO] [2026-07-05 20:02:55.326] [SELLER_SMaker] 
---------------------Begin 2026-07-05 20:02:55 320    CREATE_BU:SELLER    CREATE_BY:SMaker ---------------------
[01]  [Id=C2A_Drafts]  SELECT COUNT(*) FROM (SELECT DISTINCT T1.C_BK_GROUP_ID, T1.C_MAIN_REF, T1.C_TRX_REF, T1.C_UNIT_CODE, T1.PARENT_MAIN_REF, T1.C_TRX_STATUS, T1.I_EVENT_TIMES, T1.C_MODULE, T1.C_FUNC_ID, T1.C_PRODUCT_ID, T1.C_TRX_ID, T3.C_LOCKED_FLAG, T3.C_LOCKED_OP, T3.C_USER_DESC, T1.D_SYS_OP_DATE, T1.T_SYS_OP_TIME, T1.C2A_CCY, T1.C2A_AMOUNT, T1.C2A_COUNTERPARTY FROM CETRX.TRX_INBOX T1 LEFT JOIN CETRX.TRX_NEXT_FUNC T2 ON T1.C_PRODUCT_ID = T2.C_PRODUCT_ID AND T1.C_TRX_STATUS = T2.C_TRX_STATUS LEFT JOIN CETRX.TRX_LOCK_INFO T3 ON T1.C_MAIN_REF = T3.C_MAIN_REF AND T1.C_UNIT_CODE = T3.C_UNIT_CODE WHERE   T1.C_BK_GROUP_ID = 'CSBANK'  AND (( T1.C_UNIT_CODE = 'SELLER'  AND  T1.C_PRODUCT_ID = 'P08071500003' )) AND (T2.C_NEXT_FUNC_ID IN (SELECT C_FUNC_ID FROM CEUSER.SEC_OP_FUNC WHERE C_USER_ID = 'SMaker' AND C_GRP_CODE = 'SELLER' AND C_UNIT_CODE = T1.C_UNIT_CODE) OR T2.C_NEXT_FUNC_ID IN (SELECT C_FUNC_ID FROM CEUSER.SEC_OP_FUNC WHERE C_GRP_CODE = 'SELLER' AND C_USER_ID IN (SELECT C_ROLE_ID FROM CEUSER.SEC_USER_ROLE WHERE C_USER_ID = 'SMaker' AND C_GRP_CODE = 'SELLER') AND C_UNIT_CODE = T1.C_UNIT_CODE)) AND T1.C_TRX_STATUS = 'Z' AND T1.C_TRX_ID NOT IN (SELECT C_TRX_ID FROM CETRX.TRX_USER_DISMISS WHERE C_USER_ID = 'SMaker' AND C_GRP_CODE = 'SELLER') AND (T1.C_MODULE = 'IMLC' OR T1.C_MODULE = 'EXLC' OR T1.C_MODULE = 'FAEF' OR T1.C_MODULE = 'FADA' OR T1.C_MODULE = 'ABLF') ORDER BY T1.D_SYS_OP_DATE DESC, T1.T_SYS_OP_TIME DESC)
---------------------- End 2026-07-05 20:02:55 325 ------------------------
 [end]

[start] [INFO] [2026-07-05 20:02:55.337] [SELLER_SMaker] 
---------------------Begin 2026-07-05 20:02:55 334    CREATE_BU:SELLER    CREATE_BY:SMaker ---------------------
[01]  SELECT C_INACTIVE FROM CEUSER.SEC_USER_INFO WHERE C_USER_ID = 'SMaker' AND C_UNIT_CODE = 'SELLER' 
---------------------- End 2026-07-05 20:02:55 336 ------------------------
 [end]

[start] [INFO] [2026-07-05 20:02:55.363] [SELLER_SMaker] 
---------------------Begin 2026-07-05 20:02:55 358    CREATE_BU:SELLER    CREATE_BY:SMaker ---------------------
[01]  SELECT EXPIRY_DT AS GROUP_DATE, COUNT(*) AS ASCOUNT FROM (SELECT C_PRODUCT_ID, C_MAIN_REF, C_TRX_REF, I_EVENT_TIMES, C_BK_GROUP_ID, C_UNIT_CODE, ADV_NO, APPL_NM, BENE_NM, PARENT_MAIN_REF, LC_CCY, LC_AMT, ISSUE_DT, EXPIRY_DT, CURRNT_STATUS, C_TRX_STATUS, D_CREA_DATE FROM CETRX.EXLC_EM_ADV WHERE   C_BK_GROUP_ID = 'CSBANK'  AND (( C_UNIT_CODE = 'SELLER'  AND  C_PRODUCT_ID = 'P08071500003' )) AND C_TRX_STATUS IN ('P', 'A', 'T', 'R', 'M') AND EXPIRY_DT >= TO_DATE('2026-01-01', 'YYYY-MM-DD') AND EXPIRY_DT <= TO_DATE('2026-12-31', 'YYYY-MM-DD') ) TEMP_TABLE GROUP BY EXPIRY_DT
---------------------- End 2026-07-05 20:02:55 362 ------------------------
 [end]

[start] [INFO] [2026-07-05 20:02:55.364] [SELLER_SMaker] 
---------------------Begin 2026-07-05 20:02:55 325    CREATE_BU:SELLER    CREATE_BY:SMaker ---------------------
[01]  SELECT C_FUNC_ID,C_MODULE FROM CETRX.TRX_ACT_LOG WHERE C_FUNC_ID IS NOT NULL AND C_UNIT_CODE = 'SELLER' AND C_USER_ID = 'SMaker' AND D_SYS_OP_DATE BETWEEN TO_DATE('2026-06-05','yyyy-MM-dd') AND TO_DATE('2026-07-05','yyyy-MM-dd') ORDER BY D_SYS_OP_DATE DESC,T_SYS_OP_TIME DESC
---------------------- End 2026-07-05 20:02:55 363 ------------------------
 [end]

[start] [INFO] [2026-07-05 20:02:55.409] [SELLER_SMaker] 
---------------------Begin 2026-07-05 20:02:55 402    CREATE_BU:SELLER    CREATE_BY:SMaker ---------------------
[01]  SELECT C_INACTIVE FROM CEUSER.SEC_USER_INFO WHERE C_USER_ID = 'SMaker' AND C_UNIT_CODE = 'SELLER' 
---------------------- End 2026-07-05 20:02:55 405 ------------------------
 [end]

[start] [INFO] [2026-07-05 20:02:55.417] [SELLER_SMaker] 
---------------------Begin 2026-07-05 20:02:55 414    CREATE_BU:SELLER    CREATE_BY:SMaker ---------------------
[01]  SELECT C_INACTIVE FROM CEUSER.SEC_USER_INFO WHERE C_USER_ID = 'SMaker' AND C_UNIT_CODE = 'SELLER' 
---------------------- End 2026-07-05 20:02:55 416 ------------------------
 [end]

[start] [INFO] [2026-07-05 20:02:55.428] [SELLER_SMaker] 
---------------------Begin 2026-07-05 20:02:55 424    CREATE_BU:SELLER    CREATE_BY:SMaker ---------------------
[01]  SELECT A.C_REPORT_ID,A.C_GRP_CODE,A.C_USER_ID,A.T_PIN_DATE,B.C_SOURCE_REPORT,B.C_REPORT_NAME,B.T_UPDATE_DATE,C.C_USER_DESC FROM CETRX.TRX_USER_REPORT_PIN A LEFT JOIN CETRX.TRX_USER_REPORT B ON A.C_REPORT_ID = B.C_REPORT_ID  LEFT JOIN CEUSER.SEC_USER_INFO C ON A.C_GRP_CODE = C.C_UNIT_CODE AND A.C_USER_ID = C.C_USER_ID  WHERE  A.C_GRP_CODE = 'SELLER'  AND  A.C_USER_ID = 'SMaker'  ORDER BY B.T_UPDATE_DATE DESC
---------------------- End 2026-07-05 20:02:55 427 ------------------------
 [end]

[start] [INFO] [2026-07-05 20:02:55.432] [SELLER_SMaker] 
---------------------Begin 2026-07-05 20:02:55 429    CREATE_BU:SELLER    CREATE_BY:SMaker ---------------------
[01]  SELECT C_CRITERIA_DATA,C_TMPL_NAME,C_IS_DEFAULT FROM CETRX.STD_SEARCH_CRITERIA  WHERE  C_UNIT_CODE = 'SELLER'  AND  C_USER_ID = 'SMaker'  AND  C_CATA_ID = 'C2A_ForYou'  AND  C_BK_GROUP_ID = 'CSBANK'  AND  I_CRITERIA_TYPE = 4 
---------------------- End 2026-07-05 20:02:55 431 ------------------------
 [end]

[start] [INFO] [2026-07-05 20:02:55.499] [SELLER_SMaker] 
---------------------Begin 2026-07-05 20:02:55 495    CREATE_BU:SELLER    CREATE_BY:SMaker ---------------------
[01]  SELECT C_UNIT_CODE,C_UNIT_NAME FROM CEUSER.SEC_BUSINESS_UNIT WHERE C_UNIT_CODE = 'SELLER' 
---------------------- End 2026-07-05 20:02:55 498 ------------------------
 [end]

[start] [INFO] [2026-07-05 20:02:55.543] [SELLER_SMaker] 
---------------------Begin 2026-07-05 20:02:55 540    CREATE_BU:SELLER    CREATE_BY:SMaker ---------------------
[01]  SELECT C_INACTIVE FROM CEUSER.SEC_USER_INFO WHERE C_USER_ID = 'SMaker' AND C_UNIT_CODE = 'SELLER' 
---------------------- End 2026-07-05 20:02:55 542 ------------------------
 [end]

[start] [INFO] [2026-07-05 20:02:55.571] [SELLER_SMaker] 
---------------------Begin 2026-07-05 20:02:55 554    CREATE_BU:SELLER    CREATE_BY:SMaker ---------------------
[01]  [Id=C2A_ForYou]  SELECT DISTINCT T1.C_BK_GROUP_ID, T1.C_MAIN_REF, T1.C_TRX_REF, T1.C_UNIT_CODE, T1.PARENT_MAIN_REF, T1.C_TRX_STATUS, T1.CURRNT_STATUS, T1.C2A_STATUS, T1.I_EVENT_TIMES, T1.C_MODULE, T1.C_FUNC_ID, T1.C_PRODUCT_ID, T1.C_TRX_ID, T3.C_LOCKED_FLAG, T3.C_LOCKED_OP, T3.C_USER_DESC, T1.D_SYS_OP_DATE, T1.T_SYS_OP_TIME, T1.C2A_CCY, T1.C2A_AMOUNT, T1.C2A_COUNTERPARTY FROM CETRX.TRX_INBOX T1 LEFT JOIN CETRX.TRX_NEXT_FUNC T2 ON T1.C_PRODUCT_ID = T2.C_PRODUCT_ID AND T1.C2A_STATUS = T2.C2A_STATUS AND T1.C_TRX_STATUS = T2.C_TRX_STATUS LEFT JOIN CETRX.TRX_LOCK_INFO T3 ON T1.C_MAIN_REF = T3.C_MAIN_REF AND T1.C_UNIT_CODE = T3.C_UNIT_CODE WHERE   T1.C_BK_GROUP_ID = 'CSBANK'  AND (( T1.C_UNIT_CODE = 'SELLER'  AND  T1.C_PRODUCT_ID = 'P08071500003' )) AND (T2.C_NEXT_FUNC_ID IN (SELECT C_FUNC_ID FROM CEUSER.SEC_OP_FUNC WHERE C_USER_ID = 'SMaker' AND C_GRP_CODE = 'SELLER' AND C_UNIT_CODE = T1.C_UNIT_CODE) OR T2.C_NEXT_FUNC_ID IN (SELECT C_FUNC_ID FROM CEUSER.SEC_OP_FUNC WHERE C_GRP_CODE = 'SELLER' AND C_USER_ID IN (SELECT C_ROLE_ID FROM CEUSER.SEC_USER_ROLE WHERE C_USER_ID = 'SMaker' AND C_GRP_CODE = 'SELLER') AND C_UNIT_CODE = T1.C_UNIT_CODE)) AND (T1.C_TRX_STATUS = 'R' OR T1.C2A_STATUS IN ('Rejected by bank', 'Discrepancy notification', 'Document received') AND T1.C_TRX_STATUS = 'M' OR T1.C2A_STATUS IN ('Amendment(Detrimental)_fully authorized', 'Document discrepancy_fully authorized') AND T1.C_TRX_STATUS = 'A') AND T1.C_TRX_ID NOT IN (SELECT C_TRX_ID FROM CETRX.TRX_USER_DISMISS WHERE C_USER_ID = 'SMaker' AND C_GRP_CODE = 'SELLER') AND (T1.C_MODULE = 'IMLC' OR T1.C_MODULE = 'EXLC' OR T1.C_MODULE = 'FAEF' OR T1.C_MODULE = 'FADA' OR T1.C_MODULE = 'TSUM' OR T1.C_MODULE = 'ABLF' OR T1.C_MODULE = 'UPLD') ORDER BY T1.D_SYS_OP_DATE DESC, T1.T_SYS_OP_TIME DESC
---------------------- End 2026-07-05 20:02:55 569 ------------------------
 [end]

[start] [INFO] [2026-07-05 20:02:55.652] [SELLER_SMaker] 
---------------------Begin 2026-07-05 20:02:55 648    CREATE_BU:SELLER    CREATE_BY:SMaker ---------------------
[01]  SELECT C_UNIT_CODE,C_UNIT_NAME FROM CEUSER.SEC_BUSINESS_UNIT WHERE C_UNIT_CODE = 'SELLER' 
---------------------- End 2026-07-05 20:02:55 650 ------------------------
 [end]

[start] [INFO] [2026-07-05 20:02:55.674] [SELLER_SMaker] 
---------------------Begin 2026-07-05 20:02:55 669    CREATE_BU:SELLER    CREATE_BY:SMaker ---------------------
[01]  SELECT C_CRITERIA_DATA,C_TMPL_NAME,C_IS_DEFAULT FROM CETRX.STD_SEARCH_CRITERIA  WHERE  C_UNIT_CODE = 'SELLER'  AND  C_USER_ID = 'SMaker'  AND  C_CATA_ID = 'C2A_ForYou'  AND  C_BK_GROUP_ID = 'CSBANK'  AND  I_CRITERIA_TYPE = 4 
---------------------- End 2026-07-05 20:02:55 672 ------------------------
 [end]

[start] [INFO] [2026-07-05 20:02:59.893] [SELLER_SMaker] 
---------------------Begin 2026-07-05 20:02:59 891    CREATE_BU:SELLER    CREATE_BY:SMaker ---------------------
[01]  SELECT C_INACTIVE FROM CEUSER.SEC_USER_INFO WHERE C_USER_ID = 'SMaker' AND C_UNIT_CODE = 'SELLER' 
---------------------- End 2026-07-05 20:02:59 892 ------------------------
 [end]

[start] [INFO] [2026-07-05 20:02:59.897] [SELLER_SMaker] 
---------------------Begin 2026-07-05 20:02:59 895    CREATE_BU:SELLER    CREATE_BY:SMaker ---------------------
[01]  SELECT C_IS_INFORM FROM CEUSER.SEC_LOGIN_SESSION WHERE C_SESSION_ID = 'pma4dCaGg38uAyw3k7JONqb' 
---------------------- End 2026-07-05 20:02:59 896 ------------------------
 [end]

[start] [INFO] [2026-07-05 20:02:59.909] [SELLER_SMaker] 
---------------------Begin 2026-07-05 20:02:59 903    CREATE_BU:SELLER    CREATE_BY:SMaker ---------------------
[01]  INSERT INTO CETRX.TRX_ACT_LOG (C_LOG_ID,C_BK_GROUP_ID,C_CNTY_CODE,C_GRP_CODE,C_UNIT_CODE,C_USER_ID,C_IP_ADDRESS,C_FUNC_ID,D_CREA_DATE,T_CREA_TIME,D_SYS_OP_DATE,T_SYS_OP_TIME,D_SYS_TRT_DATE,T_SYS_TRT_TIME,C_BUSI_KEY) VALUES ('8A8284979F2871C3019F3304CABD016A','CSBANK','US','SELLER','SELLER','SMaker','10.3.1.40','LogOut',TO_DATE('2026-07-05','YYYY-MM-DD'),TO_DATE('16:02:59','HH24:MI:SS'),TO_DATE('2026-07-05','YYYY-MM-DD'),TO_DATE('16:02:59','HH24:MI:SS'),TO_DATE('2026-07-05','YYYY-MM-DD'),TO_DATE('16:02:59','HH24:MI:SS'),'SELLER;SMaker')
---------------------- End 2026-07-05 20:02:59 907 ------------------------
 [end]

[start] [INFO] [2026-07-05 20:02:59.925] [SELLER_SMaker] 
---------------------Begin 2026-07-05 20:02:59 910    CREATE_BU:SELLER    CREATE_BY:SMaker ---------------------
[01]  DELETE FROM CEUSER.SEC_LOGIN_SESSION WHERE C_BK_GROUP_ID = 'CSBANK' AND C_USER_ID = 'SMaker' AND C_UNIT_CODE = 'SELLER' AND C_SESSION_ID = 'pma4dCaGg38uAyw3k7JONqb' 
---------------------- End 2026-07-05 20:02:59 924 ------------------------
 [end]
