
[start] [INFO] [2026-07-05 20:03:03.687] [SELLER_SChecker] 
---------------------Begin 2026-07-05 20:03:03 613    CREATE_BU:SELLER    CREATE_BY:SChecker ---------------------
[01]  DELETE FROM CEUSER.SEC_LOGIN_SESSION WHERE C_USER_ID = 'SChecker' AND C_UNIT_CODE = 'SELLER' AND C_BK_GROUP_ID = 'CSBANK' AND C_SESSION_ID = 'Iw6mrtZ5TSS2YzFima0HkrG' 
[02]  UPDATE CEUSER.SEC_LOGIN_SESSION SET C_IS_INFORM = 'T' WHERE C_USER_ID = 'SChecker' AND C_UNIT_CODE = 'SELLER' AND C_BK_GROUP_ID = 'CSBANK' 
[03]  INSERT INTO CEUSER.SEC_LOGIN_SESSION (C_BK_GROUP_ID,C_UNIT_CODE,C_USER_ID,C_SESSION_ID,C_IS_INFORM) VALUES ('CSBANK','SELLER','SChecker','Iw6mrtZ5TSS2YzFima0HkrG','F')
---------------------- End 2026-07-05 20:03:03 684 ------------------------
 [end]

[start] [INFO] [2026-07-05 20:03:03.726] [SELLER_SChecker] 
---------------------Begin 2026-07-05 20:03:03 694    CREATE_BU:SELLER    CREATE_BY:SChecker ---------------------
[01]  INSERT INTO CETRX.TRX_ACT_LOG (C_LOG_ID,C_BK_GROUP_ID,C_CNTY_CODE,C_GRP_CODE,C_UNIT_CODE,C_USER_ID,C_IP_ADDRESS,C_FUNC_ID,D_CREA_DATE,T_CREA_TIME,D_SYS_OP_DATE,T_SYS_OP_TIME,D_SYS_TRT_DATE,T_SYS_TRT_TIME,C_BUSI_KEY) VALUES ('8A8284979F2871C3019F3304D98C016C','CSBANK','US','SELLER','SELLER','SChecker','10.3.1.40','Login',TO_DATE('2026-07-05','YYYY-MM-DD'),TO_DATE('16:03:03','HH24:MI:SS'),TO_DATE('2026-07-05','YYYY-MM-DD'),TO_DATE('16:03:03','HH24:MI:SS'),TO_DATE('2026-07-05','YYYY-MM-DD'),TO_DATE('16:03:03','HH24:MI:SS'),'SELLER;SChecker')
---------------------- End 2026-07-05 20:03:03 725 ------------------------
 [end]

[start] [INFO] [2026-07-05 20:03:03.939] [SELLER_SChecker] 
---------------------Begin 2026-07-05 20:03:03 935    CREATE_BU:SELLER    CREATE_BY:SChecker ---------------------
[01]  SELECT C_INACTIVE FROM CEUSER.SEC_USER_INFO WHERE C_USER_ID = 'SChecker' AND C_UNIT_CODE = 'SELLER' 
---------------------- End 2026-07-05 20:03:03 938 ------------------------
 [end]

[start] [INFO] [2026-07-05 20:03:03.980] [SELLER_SChecker] 
---------------------Begin 2026-07-05 20:03:03 977    CREATE_BU:SELLER    CREATE_BY:SChecker ---------------------
[01]  SELECT C_IS_INFORM FROM CEUSER.SEC_LOGIN_SESSION WHERE C_SESSION_ID = 'Iw6mrtZ5TSS2YzFima0HkrG' 
---------------------- End 2026-07-05 20:03:03 979 ------------------------
 [end]

[start] [INFO] [2026-07-05 20:03:03.982] [SELLER_SChecker] 
---------------------Begin 2026-07-05 20:03:03 979    CREATE_BU:SELLER    CREATE_BY:SChecker ---------------------
[01]  SELECT C_INACTIVE FROM CEUSER.SEC_USER_INFO WHERE C_USER_ID = 'SChecker' AND C_UNIT_CODE = 'SELLER' 
---------------------- End 2026-07-05 20:03:03 981 ------------------------
 [end]

[start] [INFO] [2026-07-05 20:03:04.070] [SELLER_SChecker] 
---------------------Begin 2026-07-05 20:03:04 066    CREATE_BU:SELLER    CREATE_BY:SChecker ---------------------
[01]  SELECT C_INACTIVE FROM CEUSER.SEC_USER_INFO WHERE C_USER_ID = 'SChecker' AND C_UNIT_CODE = 'SELLER' 
---------------------- End 2026-07-05 20:03:04 069 ------------------------
 [end]

[start] [INFO] [2026-07-05 20:03:04.083] [SELLER_SChecker] 
---------------------Begin 2026-07-05 20:03:04 080    CREATE_BU:SELLER    CREATE_BY:SChecker ---------------------
[01]  SELECT COUNT(*) AS RECCOUNT FROM CETRX.STD_NOTIFICATION  WHERE C_NOTI_ID IN ( SELECT C_NOTI_ID FROM CETRX.STD_NOTIFICATION_STATUS  WHERE  C_READ_STATUS = 'F'  AND  C_USER_ID = 'SChecker'  AND  C_UNIT_CODE = 'SELLER'  )
---------------------- End 2026-07-05 20:03:04 082 ------------------------
 [end]

[start] [INFO] [2026-07-05 20:03:04.093] [SELLER_SChecker] 
---------------------Begin 2026-07-05 20:03:04 090    CREATE_BU:SELLER    CREATE_BY:SChecker ---------------------
[01]  SELECT C_INACTIVE FROM CEUSER.SEC_USER_INFO WHERE C_USER_ID = 'SChecker' AND C_UNIT_CODE = 'SELLER' 
---------------------- End 2026-07-05 20:03:04 092 ------------------------
 [end]

[start] [INFO] [2026-07-05 20:03:04.119] [SELLER_SChecker] 
---------------------Begin 2026-07-05 20:03:04 113    CREATE_BU:SELLER    CREATE_BY:SChecker ---------------------
[01]  SELECT C_INACTIVE FROM CEUSER.SEC_USER_INFO WHERE C_USER_ID = 'SChecker' AND C_UNIT_CODE = 'SELLER' 
---------------------- End 2026-07-05 20:03:04 117 ------------------------
 [end]

[start] [INFO] [2026-07-05 20:03:04.141] [SELLER_SChecker] 
---------------------Begin 2026-07-05 20:03:04 137    CREATE_BU:SELLER    CREATE_BY:SChecker ---------------------
[01]  SELECT C_INACTIVE FROM CEUSER.SEC_USER_INFO WHERE C_USER_ID = 'SChecker' AND C_UNIT_CODE = 'SELLER' 
---------------------- End 2026-07-05 20:03:04 140 ------------------------
 [end]

[start] [INFO] [2026-07-05 20:03:04.158] [SELLER_SChecker] 
---------------------Begin 2026-07-05 20:03:04 153    CREATE_BU:SELLER    CREATE_BY:SChecker ---------------------
[01]  SELECT * FROM CEUSER.SEC_BUSINESS_UNIT WHERE C_UNIT_CODE = 'SELLER' 
---------------------- End 2026-07-05 20:03:04 157 ------------------------
 [end]

[start] [INFO] [2026-07-05 20:03:04.170] [SELLER_SChecker] 
---------------------Begin 2026-07-05 20:03:04 166    CREATE_BU:SELLER    CREATE_BY:SChecker ---------------------
[01]  SELECT C_AUTH_RULE FROM CEUSER.SEC_USER_INFO WHERE C_BK_GROUP_ID = 'CSBANK' AND C_UNIT_CODE = 'SELLER' AND C_USER_ID = 'SChecker' 
---------------------- End 2026-07-05 20:03:04 169 ------------------------
 [end]

[start] [INFO] [2026-07-05 20:03:04.214] [SELLER_SChecker] 
---------------------Begin 2026-07-05 20:03:04 209    CREATE_BU:SELLER    CREATE_BY:SChecker ---------------------
[01]  SELECT C_AUTH_RULE FROM CEUSER.SEC_BUSINESS_UNIT WHERE C_BK_GROUP_ID = 'CSBANK' AND C_UNIT_CODE = 'SELLER' 
---------------------- End 2026-07-05 20:03:04 212 ------------------------
 [end]

[start] [INFO] [2026-07-05 20:03:04.266] [SELLER_SChecker] 
---------------------Begin 2026-07-05 20:03:04 262    CREATE_BU:SELLER    CREATE_BY:SChecker ---------------------
[01]  SELECT C_INACTIVE FROM CEUSER.SEC_USER_INFO WHERE C_USER_ID = 'SChecker' AND C_UNIT_CODE = 'SELLER' 
---------------------- End 2026-07-05 20:03:04 265 ------------------------
 [end]

[start] [INFO] [2026-07-05 20:03:04.360] [SELLER_SChecker] 
---------------------Begin 2026-07-05 20:03:04 356    CREATE_BU:SELLER    CREATE_BY:SChecker ---------------------
[01]  SELECT C_INACTIVE FROM CEUSER.SEC_USER_INFO WHERE C_USER_ID = 'SChecker' AND C_UNIT_CODE = 'SELLER' 
---------------------- End 2026-07-05 20:03:04 359 ------------------------
 [end]

[start] [INFO] [2026-07-05 20:03:04.362] [SELLER_SChecker] 
---------------------Begin 2026-07-05 20:03:04 359    CREATE_BU:SELLER    CREATE_BY:SChecker ---------------------
[01]  SELECT C_FUNC_ID,T_OP_TIME FROM CETRX.TRX_FAVOR_FUNC  WHERE  C_UNIT_CODE = 'SELLER'  AND  C_USER_ID = 'SChecker'  ORDER BY  T_OP_TIME DESC 
---------------------- End 2026-07-05 20:03:04 361 ------------------------
 [end]

[start] [INFO] [2026-07-05 20:03:04.376] [SELLER_SChecker] 
---------------------Begin 2026-07-05 20:03:04 372    CREATE_BU:SELLER    CREATE_BY:SChecker ---------------------
[01]  SELECT DISTINCT C_WIDGET_NAME FROM CEUSER.SEC_WIDGETS_V2_LIST  WHERE  C_IS_ACTIVE = 'Y'  AND  C_ROLE_NAME IN ('MAKER','CHECKER')  ORDER BY  C_WIDGET_NAME 
---------------------- End 2026-07-05 20:03:04 375 ------------------------
 [end]

[start] [INFO] [2026-07-05 20:03:04.382] [SELLER_SChecker] 
---------------------Begin 2026-07-05 20:03:04 378    CREATE_BU:SELLER    CREATE_BY:SChecker ---------------------
[01]  SELECT TAB.C_TAB_ID,TAB.C_TAB_NAME,TAB.I_TAB_SEQUENCE FROM CEUSER.SEC_WIDGETS_V2_TABS TAB LEFT JOIN CEUSER.SEC_WIDGETS_V2_LAYOUT LYT ON (TAB.C_TAB_ID = LYT.C_TAB_ID AND  TAB.C_UNIT_CODE = LYT.C_UNIT_CODE AND TAB.C_USER_ID = LYT.C_USER_ID )    WHERE  TAB.C_UNIT_CODE = 'SELLER'  AND  TAB.C_USER_ID = 'SChecker'  AND  LYT.C_PAGE_NAME = 'default'  ORDER BY  TAB.I_TAB_SEQUENCE ASC 
---------------------- End 2026-07-05 20:03:04 381 ------------------------
 [end]

[start] [INFO] [2026-07-05 20:03:04.434] [SELLER_SChecker] 
---------------------Begin 2026-07-05 20:03:04 431    CREATE_BU:SELLER    CREATE_BY:SChecker ---------------------
[01]  SELECT C_INACTIVE FROM CEUSER.SEC_USER_INFO WHERE C_USER_ID = 'SChecker' AND C_UNIT_CODE = 'SELLER' 
---------------------- End 2026-07-05 20:03:04 433 ------------------------
 [end]

[start] [INFO] [2026-07-05 20:03:04.455] [SELLER_SChecker] 
---------------------Begin 2026-07-05 20:03:04 451    CREATE_BU:SELLER    CREATE_BY:SChecker ---------------------
[01]  SELECT DISTINCT C_WIDGET_NAME FROM CEUSER.SEC_WIDGETS_V2_LIST  WHERE  C_IS_ACTIVE = 'Y'  AND  C_ROLE_NAME IN ('MAKER','CHECKER')  ORDER BY  C_WIDGET_NAME 
---------------------- End 2026-07-05 20:03:04 454 ------------------------
 [end]

[start] [INFO] [2026-07-05 20:03:04.535] [SELLER_SChecker] 
---------------------Begin 2026-07-05 20:03:04 530    CREATE_BU:SELLER    CREATE_BY:SChecker ---------------------
[01]  SELECT C_LAYOUT_INFO FROM CEUSER.SEC_WIDGETS_V2_LAYOUT  WHERE  C_UNIT_CODE = 'SELLER'  AND  C_USER_ID = 'SChecker'  AND  C_PAGE_NAME = 'default' 
---------------------- End 2026-07-05 20:03:04 534 ------------------------
 [end]

[start] [INFO] [2026-07-05 20:03:04.565] [SELLER_SChecker] 
---------------------Begin 2026-07-05 20:03:04 560    CREATE_BU:SELLER    CREATE_BY:SChecker ---------------------
[01]  SELECT TAB.C_TAB_ID,TAB.C_TAB_NAME,TAB.I_TAB_SEQUENCE,LYT.C_LAYOUT_INFO FROM CEUSER.SEC_WIDGETS_V2_TABS TAB LEFT JOIN CEUSER.SEC_WIDGETS_V2_LAYOUT LYT ON (TAB.C_TAB_ID = LYT.C_TAB_ID AND  TAB.C_UNIT_CODE = LYT.C_UNIT_CODE AND TAB.C_USER_ID = LYT.C_USER_ID )    WHERE  TAB.C_UNIT_CODE = 'SELLER'  AND  TAB.C_USER_ID = 'SChecker'  AND  LYT.C_PAGE_NAME = 'default'  ORDER BY  TAB.I_TAB_SEQUENCE ASC 
---------------------- End 2026-07-05 20:03:04 564 ------------------------
 [end]

[start] [INFO] [2026-07-05 20:03:04.685] [SELLER_SChecker] 
---------------------Begin 2026-07-05 20:03:04 571    CREATE_BU:SELLER    CREATE_BY:SChecker ---------------------
[01]  SELECT C_INST_CONFIG FROM CEUSER.SEC_WIDGETS_V2_INST_CONFIG  WHERE  C_INST_ID = '2C928083973EA19601973EA1AD100018'  AND  C_UNIT_CODE = 'SELLER'  AND  C_USER_ID = 'SChecker' 
---------------------- End 2026-07-05 20:03:04 683 ------------------------
 [end]

[start] [INFO] [2026-07-05 20:03:04.693] [SELLER_SChecker] 
---------------------Begin 2026-07-05 20:03:04 689    CREATE_BU:SELLER    CREATE_BY:SChecker ---------------------
[01]  SELECT C_INST_CONFIG FROM CEUSER.SEC_WIDGETS_V2_INST_CONFIG  WHERE  C_INST_ID = '2C928083973EA19601973EA1AD100018'  AND  C_UNIT_CODE = 'SELLER'  AND  C_USER_ID = 'SChecker' 
---------------------- End 2026-07-05 20:03:04 691 ------------------------
 [end]

[start] [INFO] [2026-07-05 20:03:04.702] [SELLER_SChecker] 
---------------------Begin 2026-07-05 20:03:04 699    CREATE_BU:SELLER    CREATE_BY:SChecker ---------------------
[01]  SELECT C_INST_CONFIG FROM CEUSER.SEC_WIDGETS_V2_INST_CONFIG  WHERE  C_INST_ID = '2C928083973EA19601973EA1AD14001B'  AND  C_UNIT_CODE = 'SELLER'  AND  C_USER_ID = 'SChecker' 
---------------------- End 2026-07-05 20:03:04 701 ------------------------
 [end]

[start] [INFO] [2026-07-05 20:03:04.709] [SELLER_SChecker] 
---------------------Begin 2026-07-05 20:03:04 705    CREATE_BU:SELLER    CREATE_BY:SChecker ---------------------
[01]  SELECT C_INST_CONFIG FROM CEUSER.SEC_WIDGETS_V2_INST_CONFIG  WHERE  C_INST_ID = '2C928083973EA19601973EA1AD14001B'  AND  C_UNIT_CODE = 'SELLER'  AND  C_USER_ID = 'SChecker' 
---------------------- End 2026-07-05 20:03:04 707 ------------------------
 [end]

[start] [INFO] [2026-07-05 20:03:04.717] [SELLER_SChecker] 
---------------------Begin 2026-07-05 20:03:04 714    CREATE_BU:SELLER    CREATE_BY:SChecker ---------------------
[01]  SELECT C_INST_CONFIG FROM CEUSER.SEC_WIDGETS_V2_INST_CONFIG  WHERE  C_INST_ID = '2C928083973EA19601973EA1AD110019'  AND  C_UNIT_CODE = 'SELLER'  AND  C_USER_ID = 'SChecker' 
---------------------- End 2026-07-05 20:03:04 716 ------------------------
 [end]

[start] [INFO] [2026-07-05 20:03:04.724] [SELLER_SChecker] 
---------------------Begin 2026-07-05 20:03:04 721    CREATE_BU:SELLER    CREATE_BY:SChecker ---------------------
[01]  SELECT C_INST_CONFIG FROM CEUSER.SEC_WIDGETS_V2_INST_CONFIG  WHERE  C_INST_ID = '2C928083973EA19601973EA1AD110019'  AND  C_UNIT_CODE = 'SELLER'  AND  C_USER_ID = 'SChecker' 
---------------------- End 2026-07-05 20:03:04 723 ------------------------
 [end]

[start] [INFO] [2026-07-05 20:03:04.732] [SELLER_SChecker] 
---------------------Begin 2026-07-05 20:03:04 729    CREATE_BU:SELLER    CREATE_BY:SChecker ---------------------
[01]  SELECT C_INST_CONFIG FROM CEUSER.SEC_WIDGETS_V2_INST_CONFIG  WHERE  C_INST_ID = '2C928083973EA19601973EA1AD17001C'  AND  C_UNIT_CODE = 'SELLER'  AND  C_USER_ID = 'SChecker' 
---------------------- End 2026-07-05 20:03:04 731 ------------------------
 [end]

[start] [INFO] [2026-07-05 20:03:04.739] [SELLER_SChecker] 
---------------------Begin 2026-07-05 20:03:04 736    CREATE_BU:SELLER    CREATE_BY:SChecker ---------------------
[01]  SELECT C_INST_CONFIG FROM CEUSER.SEC_WIDGETS_V2_INST_CONFIG  WHERE  C_INST_ID = '2C928083973EA19601973EA1AD17001C'  AND  C_UNIT_CODE = 'SELLER'  AND  C_USER_ID = 'SChecker' 
---------------------- End 2026-07-05 20:03:04 738 ------------------------
 [end]

[start] [INFO] [2026-07-05 20:03:04.746] [SELLER_SChecker] 
---------------------Begin 2026-07-05 20:03:04 744    CREATE_BU:SELLER    CREATE_BY:SChecker ---------------------
[01]  SELECT C_INST_CONFIG FROM CEUSER.SEC_WIDGETS_V2_INST_CONFIG  WHERE  C_INST_ID = '2C928083973EA19601973EA1AD13001A'  AND  C_UNIT_CODE = 'SELLER'  AND  C_USER_ID = 'SChecker' 
---------------------- End 2026-07-05 20:03:04 745 ------------------------
 [end]

[start] [INFO] [2026-07-05 20:03:04.752] [SELLER_SChecker] 
---------------------Begin 2026-07-05 20:03:04 750    CREATE_BU:SELLER    CREATE_BY:SChecker ---------------------
[01]  SELECT C_INST_CONFIG FROM CEUSER.SEC_WIDGETS_V2_INST_CONFIG  WHERE  C_INST_ID = '2C928083973EA19601973EA1AD13001A'  AND  C_UNIT_CODE = 'SELLER'  AND  C_USER_ID = 'SChecker' 
---------------------- End 2026-07-05 20:03:04 751 ------------------------
 [end]

[start] [INFO] [2026-07-05 20:03:04.810] [SELLER_SChecker] 
---------------------Begin 2026-07-05 20:03:04 806    CREATE_BU:SELLER    CREATE_BY:SChecker ---------------------
[01]  SELECT C_INACTIVE FROM CEUSER.SEC_USER_INFO WHERE C_USER_ID = 'SChecker' AND C_UNIT_CODE = 'SELLER' 
---------------------- End 2026-07-05 20:03:04 808 ------------------------
 [end]

[start] [INFO] [2026-07-05 20:03:04.820] [SELLER_SChecker] 
---------------------Begin 2026-07-05 20:03:04 817    CREATE_BU:SELLER    CREATE_BY:SChecker ---------------------
[01]  SELECT C_INACTIVE FROM CEUSER.SEC_USER_INFO WHERE C_USER_ID = 'SChecker' AND C_UNIT_CODE = 'SELLER' 
---------------------- End 2026-07-05 20:03:04 819 ------------------------
 [end]

[start] [INFO] [2026-07-05 20:03:04.902] [SELLER_SChecker] 
---------------------Begin 2026-07-05 20:03:04 860    CREATE_BU:SELLER    CREATE_BY:SChecker ---------------------
[01]  SELECT C_INACTIVE FROM CEUSER.SEC_USER_INFO WHERE C_USER_ID = 'SChecker' AND C_UNIT_CODE = 'SELLER' 
---------------------- End 2026-07-05 20:03:04 900 ------------------------
 [end]

[start] [INFO] [2026-07-05 20:03:04.957] [SELLER_SChecker] 
---------------------Begin 2026-07-05 20:03:04 949    CREATE_BU:SELLER    CREATE_BY:SChecker ---------------------
[01]  SELECT C_FUNC_ID,T_OP_TIME FROM CETRX.TRX_FAVOR_FUNC  WHERE  C_UNIT_CODE = 'SELLER'  AND  C_USER_ID = 'SChecker'  ORDER BY  T_OP_TIME DESC 
---------------------- End 2026-07-05 20:03:04 953 ------------------------
 [end]

[start] [INFO] [2026-07-05 20:03:04.958] [SELLER_SChecker] 
---------------------Begin 2026-07-05 20:03:04 955    CREATE_BU:SELLER    CREATE_BY:SChecker ---------------------
[01]  SELECT C_INACTIVE FROM CEUSER.SEC_USER_INFO WHERE C_USER_ID = 'SChecker' AND C_UNIT_CODE = 'SELLER' 
---------------------- End 2026-07-05 20:03:04 957 ------------------------
 [end]

[start] [INFO] [2026-07-05 20:03:04.971] [SELLER_SChecker] 
---------------------Begin 2026-07-05 20:03:04 967    CREATE_BU:SELLER    CREATE_BY:SChecker ---------------------
[01]  SELECT C_IS_ACTIVE FROM CEUSER.SEC_WIDGETS_V2_LIST  WHERE  C_WIDGET_NAME = 'ShortcutMenu'  AND  C_ROLE_NAME IN ('MAKER','CHECKER') 
---------------------- End 2026-07-05 20:03:04 970 ------------------------
 [end]

[start] [INFO] [2026-07-05 20:03:04.981] [SELLER_SChecker] 
---------------------Begin 2026-07-05 20:03:04 979    CREATE_BU:SELLER    CREATE_BY:SChecker ---------------------
[01]  SELECT C_INACTIVE FROM CEUSER.SEC_USER_INFO WHERE C_USER_ID = 'SChecker' AND C_UNIT_CODE = 'SELLER' 
---------------------- End 2026-07-05 20:03:04 980 ------------------------
 [end]

[start] [INFO] [2026-07-05 20:03:05.019] [SELLER_SChecker] 
---------------------Begin 2026-07-05 20:03:05 010    CREATE_BU:SELLER    CREATE_BY:SChecker ---------------------
[01]  [Id=C2A_ForYou]  SELECT COUNT(*) FROM (SELECT DISTINCT T1.C_BK_GROUP_ID, T1.C_MAIN_REF, T1.C_TRX_REF, T1.C_UNIT_CODE, T1.PARENT_MAIN_REF, T1.C_TRX_STATUS, T1.CURRNT_STATUS, T1.C2A_STATUS, T1.I_EVENT_TIMES, T1.C_MODULE, T1.C_FUNC_ID, T1.C_PRODUCT_ID, T1.C_TRX_ID, T3.C_LOCKED_FLAG, T3.C_LOCKED_OP, T3.C_USER_DESC, T1.D_SYS_OP_DATE, T1.T_SYS_OP_TIME, T1.C2A_CCY, T1.C2A_AMOUNT, T1.C2A_COUNTERPARTY FROM CETRX.TRX_INBOX T1 LEFT JOIN CETRX.TRX_NEXT_FUNC T2 ON T1.C_PRODUCT_ID = T2.C_PRODUCT_ID AND T1.C2A_STATUS = T2.C2A_STATUS AND T1.C_TRX_STATUS = T2.C_TRX_STATUS LEFT JOIN CETRX.TRX_LOCK_INFO T3 ON T1.C_MAIN_REF = T3.C_MAIN_REF AND T1.C_UNIT_CODE = T3.C_UNIT_CODE WHERE   T1.C_BK_GROUP_ID = 'CSBANK'  AND (( T1.C_UNIT_CODE = 'SELLER'  AND  T1.C_PRODUCT_ID = 'P08071500003' )) AND (T2.C_NEXT_FUNC_ID IN (SELECT C_FUNC_ID FROM CEUSER.SEC_OP_FUNC WHERE C_USER_ID = 'SChecker' AND C_GRP_CODE = 'SELLER' AND C_UNIT_CODE = T1.C_UNIT_CODE) OR T2.C_NEXT_FUNC_ID IN (SELECT C_FUNC_ID FROM CEUSER.SEC_OP_FUNC WHERE C_GRP_CODE = 'SELLER' AND C_USER_ID IN (SELECT C_ROLE_ID FROM CEUSER.SEC_USER_ROLE WHERE C_USER_ID = 'SChecker' AND C_GRP_CODE = 'SELLER') AND C_UNIT_CODE = T1.C_UNIT_CODE)) AND (T1.C_TRX_STATUS = 'R' OR T1.C2A_STATUS IN ('Rejected by bank', 'Discrepancy notification', 'Document received') AND T1.C_TRX_STATUS = 'M' OR T1.C2A_STATUS IN ('Amendment(Detrimental)_fully authorized', 'Document discrepancy_fully authorized') AND T1.C_TRX_STATUS = 'A') AND T1.C_TRX_ID NOT IN (SELECT C_TRX_ID FROM CETRX.TRX_USER_DISMISS WHERE C_USER_ID = 'SChecker' AND C_GRP_CODE = 'SELLER') AND (T1.C_MODULE = 'IMLC' OR T1.C_MODULE = 'EXLC' OR T1.C_MODULE = 'FAEF' OR T1.C_MODULE = 'FADA' OR T1.C_MODULE = 'TSUM' OR T1.C_MODULE = 'ABLF' OR T1.C_MODULE = 'UPLD') ORDER BY T1.D_SYS_OP_DATE DESC, T1.T_SYS_OP_TIME DESC)
---------------------- End 2026-07-05 20:03:05 018 ------------------------
 [end]

[start] [INFO] [2026-07-05 20:03:05.021] [SELLER_SChecker] 
---------------------Begin 2026-07-05 20:03:04 973    CREATE_BU:SELLER    CREATE_BY:SChecker ---------------------
[01]  SELECT C_FUNC_ID,C_MODULE FROM CETRX.TRX_ACT_LOG WHERE C_FUNC_ID IS NOT NULL AND C_UNIT_CODE = 'SELLER' AND C_USER_ID = 'SChecker' AND D_SYS_OP_DATE BETWEEN TO_DATE('2026-06-05','yyyy-MM-dd') AND TO_DATE('2026-07-05','yyyy-MM-dd') ORDER BY D_SYS_OP_DATE DESC,T_SYS_OP_TIME DESC
---------------------- End 2026-07-05 20:03:05 020 ------------------------
 [end]

[start] [INFO] [2026-07-05 20:03:05.106] [SELLER_SChecker] 
---------------------Begin 2026-07-05 20:03:05 102    CREATE_BU:SELLER    CREATE_BY:SChecker ---------------------
[01]  SELECT C_INACTIVE FROM CEUSER.SEC_USER_INFO WHERE C_USER_ID = 'SChecker' AND C_UNIT_CODE = 'SELLER' 
---------------------- End 2026-07-05 20:03:05 105 ------------------------
 [end]

[start] [INFO] [2026-07-05 20:03:05.130] [SELLER_SChecker] 
---------------------Begin 2026-07-05 20:03:05 126    CREATE_BU:SELLER    CREATE_BY:SChecker ---------------------
[01]  SELECT EXPIRY_DT AS GROUP_DATE, COUNT(*) AS ASCOUNT FROM (SELECT C_PRODUCT_ID, C_MAIN_REF, C_TRX_REF, I_EVENT_TIMES, C_BK_GROUP_ID, C_UNIT_CODE, ADV_NO, APPL_NM, BENE_NM, PARENT_MAIN_REF, LC_CCY, LC_AMT, ISSUE_DT, EXPIRY_DT, CURRNT_STATUS, C_TRX_STATUS, D_CREA_DATE FROM CETRX.EXLC_EM_ADV WHERE   C_BK_GROUP_ID = 'CSBANK'  AND (( C_UNIT_CODE = 'SELLER'  AND  C_PRODUCT_ID = 'P08071500003' )) AND C_TRX_STATUS IN ('P', 'A', 'T', 'R', 'M') AND EXPIRY_DT >= TO_DATE('2026-01-01', 'YYYY-MM-DD') AND EXPIRY_DT <= TO_DATE('2026-12-31', 'YYYY-MM-DD') ) TEMP_TABLE GROUP BY EXPIRY_DT
---------------------- End 2026-07-05 20:03:05 128 ------------------------
 [end]

[start] [INFO] [2026-07-05 20:03:05.157] [SELLER_SChecker] 
---------------------Begin 2026-07-05 20:03:05 153    CREATE_BU:SELLER    CREATE_BY:SChecker ---------------------
[01]  SELECT C_INACTIVE FROM CEUSER.SEC_USER_INFO WHERE C_USER_ID = 'SChecker' AND C_UNIT_CODE = 'SELLER' 
---------------------- End 2026-07-05 20:03:05 156 ------------------------
 [end]

[start] [INFO] [2026-07-05 20:03:05.173] [SELLER_SChecker] 
---------------------Begin 2026-07-05 20:03:05 170    CREATE_BU:SELLER    CREATE_BY:SChecker ---------------------
[01]  SELECT A.C_REPORT_ID,A.C_GRP_CODE,A.C_USER_ID,A.T_PIN_DATE,B.C_SOURCE_REPORT,B.C_REPORT_NAME,B.T_UPDATE_DATE,C.C_USER_DESC FROM CETRX.TRX_USER_REPORT_PIN A LEFT JOIN CETRX.TRX_USER_REPORT B ON A.C_REPORT_ID = B.C_REPORT_ID  LEFT JOIN CEUSER.SEC_USER_INFO C ON A.C_GRP_CODE = C.C_UNIT_CODE AND A.C_USER_ID = C.C_USER_ID  WHERE  A.C_GRP_CODE = 'SELLER'  AND  A.C_USER_ID = 'SChecker'  ORDER BY B.T_UPDATE_DATE DESC
---------------------- End 2026-07-05 20:03:05 172 ------------------------
 [end]

[start] [INFO] [2026-07-05 20:03:05.182] [SELLER_SChecker] 
---------------------Begin 2026-07-05 20:03:05 024    CREATE_BU:SELLER    CREATE_BY:SChecker ---------------------
[01]  [Id=C2A_InProgress_Both]  SELECT COUNT(*) FROM CETRX.TRX_INBOX T1 LEFT JOIN CETRX.TRX_LOCK_INFO T3 ON T1.C_MAIN_REF = T3.C_MAIN_REF AND T1.C_UNIT_CODE = T3.C_UNIT_CODE WHERE   T1.C_BK_GROUP_ID = 'CSBANK'  AND (( T1.C_UNIT_CODE = 'SELLER'  AND  T1.C_PRODUCT_ID = 'P08071500003' )) AND (T1.C_TRX_STATUS IN ('P', 'T', 'A', 'S', 'R') AND (T1.C_MODULE = 'IMLC' OR T1.C_MODULE = 'EXLC' OR T1.C_MODULE = 'FAEF' OR T1.C_MODULE = 'FADA' OR T1.C_MODULE = 'ABLF') AND T1.C2A_STATUS NOT IN ('Discrepancies rejected_fully authorized') OR T1.C_TRX_STATUS = 'M' AND (T1.C_MODULE = 'IMLC' AND T1.C2A_STATUS NOT IN ('Issued', 'Amended', 'Beneficiary rejected', 'Settled') OR T1.C_MODULE = 'EXCO' AND T1.CURRNT_STATUS NOT IN ('Payment Advice') OR T1.C_MODULE = 'EXLC' AND T1.CURRNT_STATUS NOT IN ('Settled', 'Advise Received', 'Amendment Received', 'Docment Received') OR T1.C_MODULE = 'FAEF' AND T1.CURRNT_STATUS NOT IN ('Settled', 'Advise Received') OR T1.C_MODULE = 'FADA' AND T1.CURRNT_STATUS NOT IN ('Settled', 'Advise Received') OR T1.C_MODULE = 'ABLF' AND T1.CURRNT_STATUS NOT IN ('Settled', 'Advise Received'))) AND T1.C_TRX_ID NOT IN (SELECT C_TRX_ID FROM CETRX.TRX_USER_DISMISS WHERE C_USER_ID = 'SChecker' AND C_GRP_CODE = 'SELLER') AND (T1.C_MODULE = 'IMLC' OR T1.C_MODULE = 'EXLC' OR T1.C_MODULE = 'FAEF' OR T1.C_MODULE = 'FADA' OR T1.C_MODULE = 'ABLF')
---------------------- End 2026-07-05 20:03:05 181 ------------------------
 [end]

[start] [INFO] [2026-07-05 20:03:05.185] [SELLER_SChecker] 
---------------------Begin 2026-07-05 20:03:05 181    CREATE_BU:SELLER    CREATE_BY:SChecker ---------------------
[01]  SELECT C_INACTIVE FROM CEUSER.SEC_USER_INFO WHERE C_USER_ID = 'SChecker' AND C_UNIT_CODE = 'SELLER' 
---------------------- End 2026-07-05 20:03:05 184 ------------------------
 [end]

[start] [INFO] [2026-07-05 20:03:05.194] [SELLER_SChecker] 
---------------------Begin 2026-07-05 20:03:05 187    CREATE_BU:SELLER    CREATE_BY:SChecker ---------------------
[01]  [Id=C2A_Closed]  SELECT COUNT(*) FROM CETRX.TRX_INBOX T1 LEFT JOIN CETRX.TRX_LOCK_INFO T3 ON T1.C_MAIN_REF = T3.C_MAIN_REF AND T1.C_UNIT_CODE = T3.C_UNIT_CODE WHERE   T1.C_BK_GROUP_ID = 'CSBANK'  AND (( T1.C_UNIT_CODE = 'SELLER'  AND  T1.C_PRODUCT_ID = 'P08071500003' )) AND (T1.C2A_STATUS IN ('Issued', 'Amended', 'Beneficiary rejected', 'Discrepancies rejected_fully authorized', 'Settled') AND T1.C_MODULE = 'IMLC' OR T1.CURRNT_STATUS IN ('Issued', 'Amended', 'Detrimental Amendment', 'Beneficiary Consent', 'Beneficiary Rejected', 'Document Presentation', 'Document Presentation', 'Settlement', 'Settled') AND T1.C_MODULE = 'EXCO' OR T1.C2A_STATUS IN ('Settled', 'Amendment_fully authorized', '') AND T1.C_MODULE = 'EXLC' OR T1.C_FUNC_ID IN ('F05030700899', 'F05030700901', 'F05030700908') AND T1.C2A_STATUS = 'Fully authorized' AND T1.C_MODULE = 'EXLC' OR T1.C_MODULE = 'FADA' OR T1.C_MODULE = 'FAEF') AND T1.C_TRX_STATUS IN ('M', 'A', 'S') AND T1.C_TRX_ID NOT IN (SELECT C_TRX_ID FROM CETRX.TRX_USER_DISMISS WHERE C_USER_ID = 'SChecker' AND C_GRP_CODE = 'SELLER') AND (T1.C_MODULE = 'IMLC' OR T1.C_MODULE = 'EXLC' OR T1.C_MODULE = 'FADA' OR T1.C_MODULE = 'FAEF')
---------------------- End 2026-07-05 20:03:05 193 ------------------------
 [end]

[start] [INFO] [2026-07-05 20:03:05.205] [SELLER_SChecker] 
---------------------Begin 2026-07-05 20:03:05 199    CREATE_BU:SELLER    CREATE_BY:SChecker ---------------------
[01]  [Id=C2A_Drafts]  SELECT COUNT(*) FROM (SELECT DISTINCT T1.C_BK_GROUP_ID, T1.C_MAIN_REF, T1.C_TRX_REF, T1.C_UNIT_CODE, T1.PARENT_MAIN_REF, T1.C_TRX_STATUS, T1.I_EVENT_TIMES, T1.C_MODULE, T1.C_FUNC_ID, T1.C_PRODUCT_ID, T1.C_TRX_ID, T3.C_LOCKED_FLAG, T3.C_LOCKED_OP, T3.C_USER_DESC, T1.D_SYS_OP_DATE, T1.T_SYS_OP_TIME, T1.C2A_CCY, T1.C2A_AMOUNT, T1.C2A_COUNTERPARTY FROM CETRX.TRX_INBOX T1 LEFT JOIN CETRX.TRX_NEXT_FUNC T2 ON T1.C_PRODUCT_ID = T2.C_PRODUCT_ID AND T1.C_TRX_STATUS = T2.C_TRX_STATUS LEFT JOIN CETRX.TRX_LOCK_INFO T3 ON T1.C_MAIN_REF = T3.C_MAIN_REF AND T1.C_UNIT_CODE = T3.C_UNIT_CODE WHERE   T1.C_BK_GROUP_ID = 'CSBANK'  AND (( T1.C_UNIT_CODE = 'SELLER'  AND  T1.C_PRODUCT_ID = 'P08071500003' )) AND (T2.C_NEXT_FUNC_ID IN (SELECT C_FUNC_ID FROM CEUSER.SEC_OP_FUNC WHERE C_USER_ID = 'SChecker' AND C_GRP_CODE = 'SELLER' AND C_UNIT_CODE = T1.C_UNIT_CODE) OR T2.C_NEXT_FUNC_ID IN (SELECT C_FUNC_ID FROM CEUSER.SEC_OP_FUNC WHERE C_GRP_CODE = 'SELLER' AND C_USER_ID IN (SELECT C_ROLE_ID FROM CEUSER.SEC_USER_ROLE WHERE C_USER_ID = 'SChecker' AND C_GRP_CODE = 'SELLER') AND C_UNIT_CODE = T1.C_UNIT_CODE)) AND T1.C_TRX_STATUS = 'Z' AND T1.C_TRX_ID NOT IN (SELECT C_TRX_ID FROM CETRX.TRX_USER_DISMISS WHERE C_USER_ID = 'SChecker' AND C_GRP_CODE = 'SELLER') AND (T1.C_MODULE = 'IMLC' OR T1.C_MODULE = 'EXLC' OR T1.C_MODULE = 'FAEF' OR T1.C_MODULE = 'FADA' OR T1.C_MODULE = 'ABLF') ORDER BY T1.D_SYS_OP_DATE DESC, T1.T_SYS_OP_TIME DESC)
---------------------- End 2026-07-05 20:03:05 204 ------------------------
 [end]

[start] [INFO] [2026-07-05 20:03:05.214] [SELLER_SChecker] 
---------------------Begin 2026-07-05 20:03:05 211    CREATE_BU:SELLER    CREATE_BY:SChecker ---------------------
[01]  SELECT C_CRITERIA_DATA,C_TMPL_NAME,C_IS_DEFAULT FROM CETRX.STD_SEARCH_CRITERIA  WHERE  C_UNIT_CODE = 'SELLER'  AND  C_USER_ID = 'SChecker'  AND  C_CATA_ID = 'C2A_PendingApproval'  AND  C_BK_GROUP_ID = 'CSBANK'  AND  I_CRITERIA_TYPE = 4 
---------------------- End 2026-07-05 20:03:05 213 ------------------------
 [end]

[start] [INFO] [2026-07-05 20:03:05.256] [SELLER_SChecker] 
---------------------Begin 2026-07-05 20:03:05 253    CREATE_BU:SELLER    CREATE_BY:SChecker ---------------------
[01]  SELECT C_INACTIVE FROM CEUSER.SEC_USER_INFO WHERE C_USER_ID = 'SChecker' AND C_UNIT_CODE = 'SELLER' 
---------------------- End 2026-07-05 20:03:05 255 ------------------------
 [end]

[start] [INFO] [2026-07-05 20:03:05.269] [SELLER_SChecker] 
---------------------Begin 2026-07-05 20:03:05 266    CREATE_BU:SELLER    CREATE_BY:SChecker ---------------------
[01]  SELECT C_CRITERIA_DATA,C_TMPL_NAME,C_IS_DEFAULT FROM CETRX.STD_SEARCH_CRITERIA  WHERE  C_UNIT_CODE = 'SELLER'  AND  C_USER_ID = 'SChecker'  AND  C_CATA_ID = 'C2A_InProgress_Both'  AND  C_BK_GROUP_ID = 'CSBANK'  AND  I_CRITERIA_TYPE = 4 
---------------------- End 2026-07-05 20:03:05 268 ------------------------
 [end]

[start] [INFO] [2026-07-05 20:03:05.406] [SELLER_SChecker] 
---------------------Begin 2026-07-05 20:03:05 402    CREATE_BU:SELLER    CREATE_BY:SChecker ---------------------
[01]  SELECT C_UNIT_CODE,C_UNIT_NAME FROM CEUSER.SEC_BUSINESS_UNIT WHERE C_UNIT_CODE = 'SELLER' 
---------------------- End 2026-07-05 20:03:05 405 ------------------------
 [end]

[start] [INFO] [2026-07-05 20:03:05.469] [SELLER_SChecker] 
---------------------Begin 2026-07-05 20:03:05 403    CREATE_BU:SELLER    CREATE_BY:SChecker ---------------------
[01]  SELECT C_UNIT_CODE,C_UNIT_NAME FROM CEUSER.SEC_BUSINESS_UNIT WHERE C_UNIT_CODE = 'SELLER' 
---------------------- End 2026-07-05 20:03:05 467 ------------------------
 [end]

[start] [INFO] [2026-07-05 20:03:05.548] [SELLER_SChecker] 
---------------------Begin 2026-07-05 20:03:05 538    CREATE_BU:SELLER    CREATE_BY:SChecker ---------------------
[01]  SELECT C_INACTIVE FROM CEUSER.SEC_USER_INFO WHERE C_USER_ID = 'SChecker' AND C_UNIT_CODE = 'SELLER' 
---------------------- End 2026-07-05 20:03:05 546 ------------------------
 [end]

[start] [INFO] [2026-07-05 20:03:05.563] [SELLER_SChecker] 
---------------------Begin 2026-07-05 20:03:05 544    CREATE_BU:SELLER    CREATE_BY:SChecker ---------------------
[01]  SELECT C_INACTIVE FROM CEUSER.SEC_USER_INFO WHERE C_USER_ID = 'SChecker' AND C_UNIT_CODE = 'SELLER' 
---------------------- End 2026-07-05 20:03:05 561 ------------------------
 [end]

[start] [INFO] [2026-07-05 20:03:05.578] [SELLER_SChecker] 
---------------------Begin 2026-07-05 20:03:05 560    CREATE_BU:SELLER    CREATE_BY:SChecker ---------------------
[01]  SELECT C_AUTH_RULE FROM CEUSER.SEC_USER_INFO WHERE C_BK_GROUP_ID = 'CSBANK' AND C_UNIT_CODE = 'SELLER' AND C_USER_ID = 'SChecker' 
---------------------- End 2026-07-05 20:03:05 577 ------------------------
 [end]

[start] [INFO] [2026-07-05 20:03:05.617] [SELLER_SChecker] 
---------------------Begin 2026-07-05 20:03:05 580    CREATE_BU:SELLER    CREATE_BY:SChecker ---------------------
[01]  SELECT C_AUTH_RULE FROM CEUSER.SEC_BUSINESS_UNIT WHERE C_BK_GROUP_ID = 'CSBANK' AND C_UNIT_CODE = 'SELLER' 
---------------------- End 2026-07-05 20:03:05 615 ------------------------
 [end]

[start] [INFO] [2026-07-05 20:03:05.727] [SELLER_SChecker] 
---------------------Begin 2026-07-05 20:03:05 575    CREATE_BU:SELLER    CREATE_BY:SChecker ---------------------
[01]  [Id=C2A_InProgress_Both]  SELECT T1.C_BK_GROUP_ID, T1.C_MAIN_REF, T1.C_TRX_REF, T1.C_UNIT_CODE, T1.PARENT_MAIN_REF, T1.C_TRX_STATUS, T1.CURRNT_STATUS, T1.C2A_STATUS, T1.I_EVENT_TIMES, T1.C_MODULE, T1.C_FUNC_ID, T1.C_PRODUCT_ID, T1.C_TRX_ID, T3.C_LOCKED_FLAG, T3.C_LOCKED_OP, T3.C_USER_DESC, T1.D_SYS_OP_DATE, T1.T_SYS_OP_TIME, T1.C2A_CCY, T1.C2A_AMOUNT, T1.C2A_COUNTERPARTY FROM CETRX.TRX_INBOX T1 LEFT JOIN CETRX.TRX_LOCK_INFO T3 ON T1.C_MAIN_REF = T3.C_MAIN_REF AND T1.C_UNIT_CODE = T3.C_UNIT_CODE WHERE   T1.C_BK_GROUP_ID = 'CSBANK'  AND (( T1.C_UNIT_CODE = 'SELLER'  AND  T1.C_PRODUCT_ID = 'P08071500003' )) AND (T1.C_TRX_STATUS IN ('P', 'T', 'A', 'S', 'R') AND (T1.C_MODULE = 'IMLC' OR T1.C_MODULE = 'EXLC' OR T1.C_MODULE = 'FAEF' OR T1.C_MODULE = 'FADA' OR T1.C_MODULE = 'ABLF') AND T1.C2A_STATUS NOT IN ('Discrepancies rejected_fully authorized') OR T1.C_TRX_STATUS = 'M' AND (T1.C_MODULE = 'IMLC' AND T1.C2A_STATUS NOT IN ('Issued', 'Amended', 'Beneficiary rejected', 'Settled') OR T1.C_MODULE = 'EXCO' AND T1.CURRNT_STATUS NOT IN ('Payment Advice') OR T1.C_MODULE = 'EXLC' AND T1.CURRNT_STATUS NOT IN ('Settled', 'Advise Received', 'Amendment Received', 'Docment Received') OR T1.C_MODULE = 'FAEF' AND T1.CURRNT_STATUS NOT IN ('Settled', 'Advise Received') OR T1.C_MODULE = 'FADA' AND T1.CURRNT_STATUS NOT IN ('Settled', 'Advise Received') OR T1.C_MODULE = 'ABLF' AND T1.CURRNT_STATUS NOT IN ('Settled', 'Advise Received'))) AND T1.C_TRX_ID NOT IN (SELECT C_TRX_ID FROM CETRX.TRX_USER_DISMISS WHERE C_USER_ID = 'SChecker' AND C_GRP_CODE = 'SELLER') AND (T1.C_MODULE = 'IMLC' OR T1.C_MODULE = 'EXLC' OR T1.C_MODULE = 'FAEF' OR T1.C_MODULE = 'FADA' OR T1.C_MODULE = 'ABLF') ORDER BY T1.D_SYS_OP_DATE DESC, T1.T_SYS_OP_TIME DESC
---------------------- End 2026-07-05 20:03:05 725 ------------------------
 [end]

[start] [INFO] [2026-07-05 20:03:05.785] [SELLER_SChecker] 
---------------------Begin 2026-07-05 20:03:05 782    CREATE_BU:SELLER    CREATE_BY:SChecker ---------------------
[01]  SELECT C_UNIT_CODE,C_UNIT_NAME FROM CEUSER.SEC_BUSINESS_UNIT WHERE C_UNIT_CODE = 'SELLER' 
---------------------- End 2026-07-05 20:03:05 784 ------------------------
 [end]

[start] [INFO] [2026-07-05 20:03:05.804] [SELLER_SChecker] 
---------------------Begin 2026-07-05 20:03:05 800    CREATE_BU:SELLER    CREATE_BY:SChecker ---------------------
[01]  SELECT C_CRITERIA_DATA,C_TMPL_NAME,C_IS_DEFAULT FROM CETRX.STD_SEARCH_CRITERIA  WHERE  C_UNIT_CODE = 'SELLER'  AND  C_USER_ID = 'SChecker'  AND  C_CATA_ID = 'C2A_InProgress_Both'  AND  C_BK_GROUP_ID = 'CSBANK'  AND  I_CRITERIA_TYPE = 4 
---------------------- End 2026-07-05 20:03:05 803 ------------------------
 [end]

[start] [INFO] [2026-07-05 20:03:05.925] [SELLER_SChecker] 
---------------------Begin 2026-07-05 20:03:05 620    CREATE_BU:SELLER    CREATE_BY:SChecker ---------------------
[01]  [Id=C2A_PendingApproval]  SELECT T1.C_BK_GROUP_ID, T1.C_MAIN_REF, T1.C_TRX_REF, T1.C_UNIT_CODE, T1.PARENT_MAIN_REF, T1.C_TRX_STATUS, T1.CURRNT_STATUS, T1.I_EVENT_TIMES, T1.C_MODULE, T1.C_FUNC_ID, T1.C_PRODUCT_ID, T1.C_TRX_ID, T1.C_CREATED_BY, T3.C_LOCKED_FLAG, T3.C_LOCKED_OP, T3.C_USER_DESC, T1.D_SYS_OP_DATE, T1.T_SYS_OP_TIME, T1.C2A_CCY, T1.C2A_AMOUNT, T1.C2A_COUNTERPARTY FROM CETRX.TRX_INBOX T1 LEFT JOIN CETRX.TRX_LOCK_INFO T3 ON T1.C_MAIN_REF = T3.C_MAIN_REF AND T1.C_UNIT_CODE = T3.C_UNIT_CODE WHERE   T1.C_BK_GROUP_ID = 'CSBANK'  AND  T1.C_UNIT_CODE = 'SELLER'  AND  T1.C_PRODUCT_ID = 'P08071500003'   AND  T1.C_BK_GROUP_ID = 'CSBANK'  AND (T1.C_TRX_STATUS<>'R' AND T1.C_TRX_STATUS<>'A' OR T1.C_TRX_STATUS IS NULL) AND T1.C_TRX_ID NOT IN (SELECT C_TRX_ID FROM CETRX.TRX_AUTH_LIST WHERE  C_GRP_CODE = 'SELLER'  AND  C_USER_ID = 'SChecker'  AND  C_UNIT_CODE = 'SELLER' ) AND T1.C_TRX_ID IN (SELECT C_TRX_ID FROM CETRX.TRX_MATRIX_LIST WHERE  C_UNIT_CODE = 'SELLER'  AND ( (  I_AUTH_LEVEL = 1  AND  C_PRODUCT_ID = 'P08071500003' ))) AND (( T1.C_UNIT_CODE = 'SELLER'  AND  T1.C_PRODUCT_ID = 'P08071500003' )) AND T1.C_TRX_STATUS IN ('P', 'T') AND (T1.C_MODULE = 'IMLC' OR T1.C_MODULE = 'EXLC' OR T1.C_MODULE = 'FAEF' OR T1.C_MODULE = 'FADA' OR T1.C_MODULE = 'ABLF') ORDER BY T1.D_SYS_OP_DATE DESC, T1.T_SYS_OP_TIME DESC
---------------------- End 2026-07-05 20:03:05 923 ------------------------
 [end]

[start] [INFO] [2026-07-05 20:03:06.028] [SELLER_SChecker] 
---------------------Begin 2026-07-05 20:03:06 024    CREATE_BU:SELLER    CREATE_BY:SChecker ---------------------
[01]  SELECT C_UNIT_CODE,C_UNIT_NAME FROM CEUSER.SEC_BUSINESS_UNIT WHERE C_UNIT_CODE = 'SELLER' 
---------------------- End 2026-07-05 20:03:06 026 ------------------------
 [end]

[start] [INFO] [2026-07-05 20:03:06.046] [SELLER_SChecker] 
---------------------Begin 2026-07-05 20:03:06 042    CREATE_BU:SELLER    CREATE_BY:SChecker ---------------------
[01]  SELECT C_CRITERIA_DATA,C_TMPL_NAME,C_IS_DEFAULT FROM CETRX.STD_SEARCH_CRITERIA  WHERE  C_UNIT_CODE = 'SELLER'  AND  C_USER_ID = 'SChecker'  AND  C_CATA_ID = 'C2A_PendingApproval'  AND  C_BK_GROUP_ID = 'CSBANK'  AND  I_CRITERIA_TYPE = 4 
---------------------- End 2026-07-05 20:03:06 044 ------------------------
 [end]

[start] [INFO] [2026-07-05 20:03:13.226] [SELLER_SChecker] 
---------------------Begin 2026-07-05 20:03:13 223    CREATE_BU:SELLER    CREATE_BY:SChecker ---------------------
[01]  SELECT C_INACTIVE FROM CEUSER.SEC_USER_INFO WHERE C_USER_ID = 'SChecker' AND C_UNIT_CODE = 'SELLER' 
---------------------- End 2026-07-05 20:03:13 225 ------------------------
 [end]

[start] [INFO] [2026-07-05 20:03:13.230] [SELLER_SChecker] 
---------------------Begin 2026-07-05 20:03:13 227    CREATE_BU:SELLER    CREATE_BY:SChecker ---------------------
[01]  SELECT C_IS_INFORM FROM CEUSER.SEC_LOGIN_SESSION WHERE C_SESSION_ID = 'Iw6mrtZ5TSS2YzFima0HkrG' 
---------------------- End 2026-07-05 20:03:13 229 ------------------------
 [end]

[start] [INFO] [2026-07-05 20:03:13.272] [SELLER_SChecker] 
---------------------Begin 2026-07-05 20:03:13 239    CREATE_BU:SELLER    CREATE_BY:SChecker ---------------------
[01]  INSERT INTO CETRX.TRX_ACT_LOG (C_LOG_ID,C_BK_GROUP_ID,C_CNTY_CODE,C_GRP_CODE,C_UNIT_CODE,C_USER_ID,C_IP_ADDRESS,C_FUNC_ID,D_CREA_DATE,T_CREA_TIME,D_SYS_OP_DATE,T_SYS_OP_TIME,D_SYS_TRT_DATE,T_SYS_TRT_TIME,C_BUSI_KEY) VALUES ('8A8284979F2871C3019F3304FED40174','CSBANK','US','SELLER','SELLER','SChecker','10.3.1.40','LogOut',TO_DATE('2026-07-05','YYYY-MM-DD'),TO_DATE('16:03:13','HH24:MI:SS'),TO_DATE('2026-07-05','YYYY-MM-DD'),TO_DATE('16:03:13','HH24:MI:SS'),TO_DATE('2026-07-05','YYYY-MM-DD'),TO_DATE('16:03:13','HH24:MI:SS'),'SELLER;SChecker')
---------------------- End 2026-07-05 20:03:13 270 ------------------------
 [end]

[start] [INFO] [2026-07-05 20:03:13.294] [SELLER_SChecker] 
---------------------Begin 2026-07-05 20:03:13 273    CREATE_BU:SELLER    CREATE_BY:SChecker ---------------------
[01]  DELETE FROM CEUSER.SEC_LOGIN_SESSION WHERE C_BK_GROUP_ID = 'CSBANK' AND C_USER_ID = 'SChecker' AND C_UNIT_CODE = 'SELLER' AND C_SESSION_ID = 'Iw6mrtZ5TSS2YzFima0HkrG' 
---------------------- End 2026-07-05 20:03:13 293 ------------------------
 [end]
