
[start] [DEBUG] [2026-07-05 18:20:24.006] [C011143_C011143MCM1] 
browserLanguage :en [end]

[start] [DEBUG] [2026-07-05 18:20:24.017] [C011143_C011143MCM1] 
acceptLanguage :en-US,en;q=0.9 [end]

[start] [DEBUG] [2026-07-05 18:20:24.018] [C011143_C011143MCM1] 
defaultLanguage :null [end]

[start] [DEBUG] [2026-07-05 18:20:24.042] [C011143_C011143MCM1] 
====request content is: 
    Request Type: Temp
Component : DBHelper
Session Context is: 
com.cs.core.utility.SessionContext@de3c502b
Request Info Type : com.cs.core.dao.exec.SQLDao
Request Info Content is: 
[01]DELETE FROM CEUSER.SEC_LOGIN_SESSION WHERE C_USER_ID = 'C011143MCM1' AND C_UNIT_CODE = 'C011143' AND C_BK_GROUP_ID = 'CSBANK' AND C_SESSION_ID = '_2Ur99UXgpKgm3GfbaUglBS' 
[02]UPDATE CEUSER.SEC_LOGIN_SESSION SET C_IS_INFORM = 'T' WHERE C_USER_ID = 'C011143MCM1' AND C_UNIT_CODE = 'C011143' AND C_BK_GROUP_ID = 'CSBANK' 
[03]INSERT INTO CEUSER.SEC_LOGIN_SESSION (C_BK_GROUP_ID,C_UNIT_CODE,C_USER_ID,C_SESSION_ID,C_IS_INFORM) VALUES ('CSBANK','C011143','C011143MCM1','_2Ur99UXgpKgm3GfbaUglBS','F')

 [end]

[start] [DEBUG] [2026-07-05 18:20:24.058] [C011143_C011143MCM1] 

------------------ Session ID : _2Ur99UXgpKgm3GfbaUglBS --------------------

{SS_USER_INFO,userId(C_USER_ID)=C011143MCM1,
userDesc(C_USER_DESC)=C011143MCM1,
userType(I_USER_TYPE)=2,
multiLogin(I_MULTI_LOGIN)=true,
deftUnitCode(C_DFLT_UNIT_CODE)=C011143,
authLevel(I_AUTH_LEVEL)=1,
langVal(C_LANG_VAL)=null,
secType(I_SEC_TYPE)=-1,
tempProtect(C_TMPL_PROTECT)=F,
C_TIMEZONE_ID=null
C_UNIT_CODE=C011143
C_CNTY_CODE=US
C_LANG_NAME=null
C_CHANGE_PSW=F
C_LOGIN_RULE=null
C_AUTH_SET=null
C_PRIVATE_MAIL=henry.chen@chinasystems.com
C_BK_GROUP_ID=CSBANK
}

{USER_NORMAL_LOGON,Y}

{C_USER_ID,C011143MCM1}

{SS_LOG_INFO,com.cs.core.pojo.buinfo.LogSessionInfo@d0673c8f}

{SS_CLIENT_INFO,ssoWay(SSO_WAY)=null
ip=10.3.1.43
loginURL=SYS_index.htm
no any attribute}

{SS_FAP_INFO,C011143=
<ci name=C011143>
    <pdt id = FHS0YffwVNuA    authlevel=1>
        <E3o1b6pUPjix/>
        <jnIqGfgOGyM4/>
        <vvdXYVdtu5PO/>
        <yPHXuSVapk8S/>
    </pdt>
    <pdt id = P19080800000    authlevel=1>
        <F05030701189/>
        <F05030701194/>
    </pdt>
    <pdt id = P19080800001    authlevel=1>
        <Fsr5rNiaoOOv/>
        <RhjyIdDgmogc/>
        <YoCV1ozbR97y/>
        <clR0uTsZ0ppf/>
        <eY3rhG3DHWUg/>
        <hhxIhYm59FlX/>
        <lQCbD5Oy9DdC/>
        <oSjl8ADUkzf1/>
        <pE4zoqzrtPMU/>
        <paOx9RzWfE7J/>
        <wBRcPvagnKpt/>
    </pdt>
    <pdt id = P19080800002    authlevel=1>
        <E1eKNgSp5mMA/>
        <F05030701218/>
        <F05030701219/>
        <F05030701222/>
        <Ivyj1dfdlHz8/>
        <bLA4AbFaEARt/>
        <xS38ls1GFYMx/>
    </pdt>
    <pdt id = P20030600000    authlevel=1>
        <F05030701223/>
        <F05030701225/>
    </pdt>
    <pdt id = epF3a6u4ZGAt    authlevel=1>
        <H41mNZC5cwS0/>
        <NRL143n3f1Fb/>
        <O9VURSxMR3jx/>
        <ObwHTXVfZqhv/>
        <RYUNlokSJwnS/>
        <YLhR0dUYVujx/>
        <i6NK4m6dOBhG/>
        <tgFrsDBwNjju/>
    </pdt>
</ci>
}

{C_BUSINESS_UNIT,C011143}

{SS_GRP_INFO,unitCode(C_UNIT_CODE)=C011143,
unitName(C_UNIT_NAME)=C011143nm,
bkGrpId(C_BK_GROUP_ID)=CSBANK,
cntyCode(C_CNTY_CODE)=US,
subCnty(C_SUB_CNTY)=US,
bank(C_IS_BANK)=F,
secType(I_SEC_TYPE)=3
tempProtect(C_TMPL_PROTECT)=F,
C_LANG_NAME=null
I_UNIT_TYPE=1
C_HAVE_AUTH=T
C_LANG_VAL=null
C_BANK_UNIT=null
C_BANK_CODE=null
dualCtrl(C_DUAL_CTRL)=T,
custFmt=decFormat(C_DEC_FORMAT)=.,
intFormat(C_INT_FORMAT)=,,
intFmtLen(I_INT_FMT_LEN)=3,
dateFormat(C_DATE_FORM)=yyyy-mm-dd,
,
}

{isFirstChangeMail,false}

{GLOBAL_REFRESH_TOKEN,1783261223949}

{CSRFKEY,[I@15fd029b}

{inActiveComps,[]}

{SS_TREE_ARRAY,[[Ljava.lang.String;@3b52688}

{CSRFTOKEN,8A8284979F2871C3019F32A6DB9E0117}
 [end]

[start] [DEBUG] [2026-07-05 18:20:24.060] [C011143_C011143MCM1] 
====request content is: 
    Request Type: Temp
Component : DBHelper
Session Context is: 
com.cs.core.utility.SessionContext@de3c502b
Request Info Type : com.cs.core.dao.exec.SQLDao
Request Info Content is: 
[01]INSERT INTO CETRX.TRX_ACT_LOG (C_LOG_ID,C_BK_GROUP_ID,C_CNTY_CODE,C_GRP_CODE,C_UNIT_CODE,C_USER_ID,C_IP_ADDRESS,C_FUNC_ID,D_CREA_DATE,T_CREA_TIME,D_SYS_OP_DATE,T_SYS_OP_TIME,D_SYS_TRT_DATE,T_SYS_TRT_TIME,C_BUSI_KEY) VALUES ('8A8284979F2871C3019F32A6DC7A0118','CSBANK','US','C011143','C011143','C011143MCM1','10.3.1.43','Login','2026-07-05','14:20:24','2026-07-05','14:20:24','2026-07-05','14:20:24','C011143;C011143MCM1')

 [end]

[start] [DEBUG] [2026-07-05 18:20:24.256] [C011143_C011143MCM1] 
The request URI is : /BL6CEWeb/servlets/CELoginAuthorizationManager [end]

[start] [DEBUG] [2026-07-05 18:20:24.258] [C011143_C011143MCM1] 
The URI is :/BL6CEWeb/servlets/CELoginAuthorizationManager [end]

[start] [DEBUG] [2026-07-05 18:20:24.260] [C011143_C011143MCM1] 
The session refresh token in session is : null [end]

[start] [DEBUG] [2026-07-05 18:20:24.486] [C011143_C011143MCM1] 
The request URI is : /BL6CEWeb/JS/UploadImage_Function.js [end]

[start] [DEBUG] [2026-07-05 18:20:24.488] [C011143_C011143MCM1] 
The URI is :/BL6CEWeb/JS/UploadImage_Function.js [end]

[start] [DEBUG] [2026-07-05 18:20:24.489] [C011143_C011143MCM1] 
The session refresh token in session is : null [end]

[start] [DEBUG] [2026-07-05 18:20:24.589] [C011143_C011143MCM1] 
The request URI is : /BL6CEWeb/SYS_JS/SYS_ErrHandle.js [end]

[start] [DEBUG] [2026-07-05 18:20:24.590] [C011143_C011143MCM1] 
The URI is :/BL6CEWeb/SYS_JS/SYS_ErrHandle.js [end]

[start] [DEBUG] [2026-07-05 18:20:24.591] [C011143_C011143MCM1] 
The session refresh token in session is : null [end]

[start] [DEBUG] [2026-07-05 18:20:24.718] [C011143_C011143MCM1] 
The request URI is : /BL6CEWeb/fonts/IBM_Plex_Sans/IBMPlexSans-Regular.ttf [end]

[start] [DEBUG] [2026-07-05 18:20:24.720] [C011143_C011143MCM1] 
The URI is :/BL6CEWeb/fonts/IBM_Plex_Sans/IBMPlexSans-Regular.ttf [end]

[start] [DEBUG] [2026-07-05 18:20:24.721] [C011143_C011143MCM1] 
The session refresh token in session is : null [end]

[start] [DEBUG] [2026-07-05 18:20:24.734] [C011143_C011143MCM1] 
====request content is: 
    Request Type: Temp
Component : DBHelper
Session Context is: 
com.cs.core.utility.SessionContext@736e6989
Request Info Type : com.cs.core.dao.exec.SQLDao
Request Info Content is: 
[01]SELECT C_INACTIVE FROM CEUSER.SEC_USER_INFO WHERE C_USER_ID = 'C011143MCM1' AND C_UNIT_CODE = 'C011143' 

 [end]

[start] [DEBUG] [2026-07-05 18:20:24.742] [C011143_C011143MCM1] 
====request content is: 
    Request Type: Temp
Component : DBHelper
Session Context is: 
com.cs.core.utility.SessionContext@736e6989
Request Info Type : com.cs.core.dao.exec.SQLDao
Request Info Content is: 
[01]SELECT C_IS_INFORM FROM CEUSER.SEC_LOGIN_SESSION WHERE C_SESSION_ID = '_2Ur99UXgpKgm3GfbaUglBS' 

 [end]

[start] [DEBUG] [2026-07-05 18:20:24.748] [C011143_C011143MCM1] 

------------------ Session ID : _2Ur99UXgpKgm3GfbaUglBS --------------------

{com.ibm.websphere.servlet.uri_non_decoded,/BL6CEWeb/servlets/WSTrxManager}

{CHECKED_REFRESH,T}

{JSESSIONID,}

{javax.servlet.forward.query_string, 
CSRFTOKEN=8SawmA8d28s497S9FQSb287qEeJ1iO8u9Cs3H5bx01WT9F32AU6DB9IKE0lq7117
_TRX_STATUS=SESSION_LIFE_CYCLE
MOTION_TYPE=INIT
REFRESH_TOKEN=1
AjaxPost=T
}
 [end]

[start] [DEBUG] [2026-07-05 18:20:24.778] [C011143_C011143MCM1] 
The request URI is : /BL6CEWeb/SPA/assets/app.config.json [end]

[start] [DEBUG] [2026-07-05 18:20:24.780] [C011143_C011143MCM1] 
The URI is :/BL6CEWeb/SPA/assets/app.config.json [end]

[start] [DEBUG] [2026-07-05 18:20:24.782] [C011143_C011143MCM1] 
The session refresh token in session is : null [end]

[start] [DEBUG] [2026-07-05 18:20:24.847] [C011143_C011143MCM1] 
====request content is: 
    Request Type: Temp
Component : DBHelper
Session Context is: 
com.cs.core.utility.SessionContext@22bedcc8
Request Info Type : com.cs.core.dao.exec.SQLDao
Request Info Content is: 
[01]SELECT C_INACTIVE FROM CEUSER.SEC_USER_INFO WHERE C_USER_ID = 'C011143MCM1' AND C_UNIT_CODE = 'C011143' 

 [end]

[start] [DEBUG] [2026-07-05 18:20:24.854] [C011143_C011143MCM1] 
The request URI is : /BL6CEWeb/v1/openapi/mlg/component [end]

[start] [DEBUG] [2026-07-05 18:20:24.856] [C011143_C011143MCM1] 
The URI is :/BL6CEWeb/v1/openapi/mlg/component [end]

[start] [DEBUG] [2026-07-05 18:20:24.857] [C011143_C011143MCM1] 
The session refresh token in session is : null [end]

[start] [DEBUG] [2026-07-05 18:20:24.967] [C011143_C011143MCM1] 
====request content is: 
    Request Type: Temp
Component : DBHelper
Session Context is: 
com.cs.core.utility.SessionContext@3401f2af
Request Info Type : com.cs.core.dao.exec.SQLDao
Request Info Content is: 
[01]SELECT C_INACTIVE FROM CEUSER.SEC_USER_INFO WHERE C_USER_ID = 'C011143MCM1' AND C_UNIT_CODE = 'C011143' 

 [end]

[start] [DEBUG] [2026-07-05 18:20:24.972] [C011143_C011143MCM1] 
The request URI is : /BL6CEWeb/v1/openapi/notice/item/count [end]

[start] [DEBUG] [2026-07-05 18:20:24.974] [C011143_C011143MCM1] 
The URI is :/BL6CEWeb/v1/openapi/notice/item/count [end]

[start] [DEBUG] [2026-07-05 18:20:24.975] [C011143_C011143MCM1] 
The session refresh token in session is : null [end]

[start] [DEBUG] [2026-07-05 18:20:24.977] [C011143_C011143MCM1] 
====request content is: 
    Request Type: Temp
Component : DBHelper
Session Context is: 
com.cs.core.utility.SessionContext@72a70e57
Request Info Type : com.cs.core.dao.exec.SQLDao
Request Info Content is: 
[01]SELECT C_INACTIVE FROM CEUSER.SEC_USER_INFO WHERE C_USER_ID = 'C011143MCM1' AND C_UNIT_CODE = 'C011143' 

 [end]

[start] [DEBUG] [2026-07-05 18:20:24.981] [C011143_C011143MCM1] 
====request content is: 
    Request Type: Temp
Component : DBHelper
Session Context is: 
com.cs.core.utility.SessionContext@3401f2af
Request Info Type : com.cs.core.dao.exec.SQLDao
Request Info Content is: 
[01]SELECT COUNT(*) AS RECCOUNT FROM CETRX.STD_NOTIFICATION  WHERE C_NOTI_ID IN ( SELECT C_NOTI_ID FROM CETRX.STD_NOTIFICATION_STATUS  WHERE  C_READ_STATUS = 'F'  AND  C_USER_ID = 'C011143MCM1'  AND  C_UNIT_CODE = 'C011143'  )

 [end]

[start] [DEBUG] [2026-07-05 18:20:24.984] [C011143_C011143MCM1] 
The request URI is : /BL6CEWeb/v1/openapi/user/roles [end]

[start] [DEBUG] [2026-07-05 18:20:24.985] [C011143_C011143MCM1] 
The URI is :/BL6CEWeb/v1/openapi/user/roles [end]

[start] [DEBUG] [2026-07-05 18:20:24.986] [C011143_C011143MCM1] 
The session refresh token in session is : null [end]

[start] [DEBUG] [2026-07-05 18:20:25.002] [C011143_C011143MCM1] 
====request content is: 
    Request Type: Temp
Component : DBHelper
Session Context is: 
com.cs.core.utility.SessionContext@31e3af00
Request Info Type : com.cs.core.dao.exec.SQLDao
Request Info Content is: 
[01]SELECT C_INACTIVE FROM CEUSER.SEC_USER_INFO WHERE C_USER_ID = 'C011143MCM1' AND C_UNIT_CODE = 'C011143' 

 [end]

[start] [DEBUG] [2026-07-05 18:20:25.006] [C011143_C011143MCM1] 
The request URI is : /BL6CEWeb/v1/openapi/services [end]

[start] [DEBUG] [2026-07-05 18:20:25.008] [C011143_C011143MCM1] 
The URI is :/BL6CEWeb/v1/openapi/services [end]

[start] [DEBUG] [2026-07-05 18:20:25.009] [C011143_C011143MCM1] 
The session refresh token in session is : null [end]

[start] [DEBUG] [2026-07-05 18:20:25.013] [C011143_C011143MCM1] 
====request content is: 
    Request Type: Temp
Component : DBHelper
Session Context is: 
com.cs.core.utility.SessionContext@31e3af00
Request Info Type : com.cs.core.dao.exec.SQLDao
Request Info Content is: 
[01]SELECT C_FUNC_ID,T_OP_TIME FROM CETRX.TRX_FAVOR_FUNC  WHERE  C_UNIT_CODE = 'C011143'  AND  C_USER_ID = 'C011143MCM1'  ORDER BY  T_OP_TIME DESC 

 [end]

[start] [DEBUG] [2026-07-05 18:20:25.108] [C011143_C011143MCM1] 
====request content is: 
    Request Type: Temp
Component : DBHelper
Session Context is: 
com.cs.core.utility.SessionContext@f9c0140c
Request Info Type : com.cs.core.dao.exec.SQLDao
Request Info Content is: 
[01]SELECT C_INACTIVE FROM CEUSER.SEC_USER_INFO WHERE C_USER_ID = 'C011143MCM1' AND C_UNIT_CODE = 'C011143' 

 [end]

[start] [DEBUG] [2026-07-05 18:20:25.115] [C011143_C011143MCM1] 
The request URI is : /BL6CEWeb/v1/openapi/user/fap/action [end]

[start] [DEBUG] [2026-07-05 18:20:25.117] [C011143_C011143MCM1] 
The URI is :/BL6CEWeb/v1/openapi/user/fap/action [end]

[start] [DEBUG] [2026-07-05 18:20:25.118] [C011143_C011143MCM1] 
The session refresh token in session is : null [end]

[start] [DEBUG] [2026-07-05 18:20:25.124] [C011143_C011143MCM1] 
====request content is: 
    Request Type: Temp
Component : DBHelper
Session Context is: 
com.cs.core.utility.SessionContext@f9c0140c
Request Info Type : com.cs.core.dao.exec.SQLDao
Request Info Content is: 
[01]SELECT * FROM CEUSER.SEC_BUSINESS_UNIT WHERE C_UNIT_CODE = 'C011143' 

 [end]

[start] [DEBUG] [2026-07-05 18:20:25.126] [C011143_C011143MCM1] 
====request content is: 
    Request Type: Temp
Component : DBHelper
Session Context is: 
com.cs.core.utility.SessionContext@c512014d
Request Info Type : com.cs.core.dao.exec.SQLDao
Request Info Content is: 
[01]SELECT C_INACTIVE FROM CEUSER.SEC_USER_INFO WHERE C_USER_ID = 'C011143MCM1' AND C_UNIT_CODE = 'C011143' 

 [end]

[start] [DEBUG] [2026-07-05 18:20:25.177] [C011143_C011143MCM1] 
====request content is: 
    Request Type: Temp
Component : DBHelper
Session Context is: 
com.cs.core.utility.SessionContext@65bf4f59
Request Info Type : com.cs.core.dao.exec.SQLDao
Request Info Content is: 
[01]SELECT C_INACTIVE FROM CEUSER.SEC_USER_INFO WHERE C_USER_ID = 'C011143MCM1' AND C_UNIT_CODE = 'C011143' 

 [end]

[start] [DEBUG] [2026-07-05 18:20:25.181] [C011143_C011143MCM1] 
====request content is: 
    Request Type: Temp
Component : DBHelper
Session Context is: 
com.cs.core.utility.SessionContext@4e0969d8
Request Info Type : com.cs.core.dao.exec.SQLDao
Request Info Content is: 
[01]SELECT C_INACTIVE FROM CEUSER.SEC_USER_INFO WHERE C_USER_ID = 'C011143MCM1' AND C_UNIT_CODE = 'C011143' 

 [end]

[start] [DEBUG] [2026-07-05 18:20:25.183] [C011143_C011143MCM1] 
The request URI is : /BL6CEWeb/v1/openapi/widget/page/load [end]

[start] [DEBUG] [2026-07-05 18:20:25.184] [C011143_C011143MCM1] 
The URI is :/BL6CEWeb/v1/openapi/widget/page/load [end]

[start] [DEBUG] [2026-07-05 18:20:25.186] [C011143_C011143MCM1] 
The session refresh token in session is : null [end]

[start] [DEBUG] [2026-07-05 18:20:25.233] [C011143_C011143MCM1] 
====request content is: 
    Request Type: Temp
Component : DBHelper
Session Context is: 
com.cs.core.utility.SessionContext@65bf4f59
Request Info Type : com.cs.core.dao.exec.SQLDao
Request Info Content is: 
[01]SELECT DISTINCT C_WIDGET_NAME FROM CEUSER.SEC_WIDGETS_V2_LIST  WHERE  C_IS_ACTIVE = 'Y'  AND  C_ROLE_NAME IN ('MAKER')  ORDER BY  C_WIDGET_NAME 

 [end]

[start] [DEBUG] [2026-07-05 18:20:25.315] [C011143_C011143MCM1] 
====request content is: 
    Request Type: Temp
Component : DBHelper
Session Context is: 
com.cs.core.utility.SessionContext@65bf4f59
Request Info Type : com.cs.core.dao.exec.SQLDao
Request Info Content is: 
[01]SELECT TAB.C_TAB_ID,TAB.C_TAB_NAME,TAB.I_TAB_SEQUENCE FROM CEUSER.SEC_WIDGETS_V2_TABS TAB LEFT JOIN CEUSER.SEC_WIDGETS_V2_LAYOUT LYT ON (TAB.C_TAB_ID = LYT.C_TAB_ID AND  TAB.C_UNIT_CODE = LYT.C_UNIT_CODE AND TAB.C_USER_ID = LYT.C_USER_ID )    WHERE  TAB.C_UNIT_CODE = 'C011143'  AND  TAB.C_USER_ID = 'C011143MCM1'  AND  LYT.C_PAGE_NAME = 'default'  ORDER BY  TAB.I_TAB_SEQUENCE ASC 

 [end]

[start] [DEBUG] [2026-07-05 18:20:25.346] [C011143_C011143MCM1] 
====request content is: 
    Request Type: Temp
Component : DBHelper
Session Context is: 
com.cs.core.utility.SessionContext@f9c0140c
Request Info Type : com.cs.core.dao.exec.SQLDao
Request Info Content is: 
[01]SELECT C_AUTH_RULE FROM CEUSER.SEC_USER_INFO WHERE C_BK_GROUP_ID = 'CSBANK' AND C_UNIT_CODE = 'C011143' AND C_USER_ID = 'C011143MCM1' 

 [end]

[start] [DEBUG] [2026-07-05 18:20:25.397] [C011143_C011143MCM1] 
====request content is: 
    Request Type: Temp
Component : DBHelper
Session Context is: 
com.cs.core.utility.SessionContext@f9c0140c
Request Info Type : com.cs.core.dao.exec.SQLDao
Request Info Content is: 
[01]SELECT C_AUTH_RULE FROM CEUSER.SEC_BUSINESS_UNIT WHERE C_BK_GROUP_ID = 'CSBANK' AND C_UNIT_CODE = 'C011143' 

 [end]

[start] [DEBUG] [2026-07-05 18:20:25.435] [C011143_C011143MCM1] 
The request URI is : /BL6CEWeb/v1/openapi/notification/bell [end]

[start] [DEBUG] [2026-07-05 18:20:25.437] [C011143_C011143MCM1] 
The URI is :/BL6CEWeb/v1/openapi/notification/bell [end]

[start] [DEBUG] [2026-07-05 18:20:25.438] [C011143_C011143MCM1] 
The session refresh token in session is : null [end]

[start] [DEBUG] [2026-07-05 18:20:25.439] [C011143_C011143MCM1] 
Start to check whether user role is changed. [end]

[start] [DEBUG] [2026-07-05 18:20:25.484] [C011143_C011143MCM1] 
The request URI is : /BL6CEWeb/v1/openapi/widget/list [end]

[start] [DEBUG] [2026-07-05 18:20:25.485] [C011143_C011143MCM1] 
The URI is :/BL6CEWeb/v1/openapi/widget/list [end]

[start] [DEBUG] [2026-07-05 18:20:25.487] [C011143_C011143MCM1] 
The session refresh token in session is : null [end]

[start] [DEBUG] [2026-07-05 18:20:25.496] [C011143_C011143MCM1] 
====request content is: 
    Request Type: Temp
Component : DBHelper
Session Context is: 
com.cs.core.utility.SessionContext@4e0969d8
Request Info Type : com.cs.core.dao.exec.SQLDao
Request Info Content is: 
[01]SELECT DISTINCT C_WIDGET_NAME FROM CEUSER.SEC_WIDGETS_V2_LIST  WHERE  C_IS_ACTIVE = 'Y'  AND  C_ROLE_NAME IN ('MAKER')  ORDER BY  C_WIDGET_NAME 

 [end]

[start] [DEBUG] [2026-07-05 18:20:25.520] [C011143_C011143MCM1] 
====request content is: 
    Request Type: Temp
Component : DBHelper
Session Context is: 
com.cs.core.utility.SessionContext@65bf4f59
Request Info Type : com.cs.core.dao.exec.SQLDao
Request Info Content is: 
[01]SELECT C_LAYOUT_INFO FROM CEUSER.SEC_WIDGETS_V2_LAYOUT  WHERE  C_UNIT_CODE = 'C011143'  AND  C_USER_ID = 'C011143MCM1'  AND  C_PAGE_NAME = 'default' 

 [end]

[start] [DEBUG] [2026-07-05 18:20:25.584] [C011143_C011143MCM1] 
Check whether user role is changed end. Result is: false [end]

[start] [DEBUG] [2026-07-05 18:20:25.586] [C011143_C011143MCM1] 
====request content is: 
    Request Type: Temp
Component : DBHelper
Session Context is: 
com.cs.core.utility.SessionContext@65bf4f59
Request Info Type : com.cs.core.dao.exec.SQLDao
Request Info Content is: 
[01]SELECT TAB.C_TAB_ID,TAB.C_TAB_NAME,TAB.I_TAB_SEQUENCE,LYT.C_LAYOUT_INFO FROM CEUSER.SEC_WIDGETS_V2_TABS TAB LEFT JOIN CEUSER.SEC_WIDGETS_V2_LAYOUT LYT ON (TAB.C_TAB_ID = LYT.C_TAB_ID AND  TAB.C_UNIT_CODE = LYT.C_UNIT_CODE AND TAB.C_USER_ID = LYT.C_USER_ID )    WHERE  TAB.C_UNIT_CODE = 'C011143'  AND  TAB.C_USER_ID = 'C011143MCM1'  AND  LYT.C_PAGE_NAME = 'default'  ORDER BY  TAB.I_TAB_SEQUENCE ASC 

 [end]

[start] [DEBUG] [2026-07-05 18:20:25.613] [C011143_C011143MCM1] 
====request content is: 
    Request Type: Temp
Component : DBHelper
Session Context is: 
com.cs.core.utility.SessionContext@65bf4f59
Request Info Type : com.cs.core.dao.exec.SQLDao
Request Info Content is: 
[01]SELECT C_INST_CONFIG FROM CEUSER.SEC_WIDGETS_V2_INST_CONFIG  WHERE  C_INST_ID = '8A8284979EF901BB019EFE43C0D303C1'  AND  C_UNIT_CODE = 'C011143'  AND  C_USER_ID = 'C011143MCM1' 

 [end]

[start] [DEBUG] [2026-07-05 18:20:25.640] [C011143_C011143MCM1] 
====request content is: 
    Request Type: Temp
Component : DBHelper
Session Context is: 
com.cs.core.utility.SessionContext@65bf4f59
Request Info Type : com.cs.core.dao.exec.SQLDao
Request Info Content is: 
[01]SELECT C_INST_CONFIG FROM CEUSER.SEC_WIDGETS_V2_INST_CONFIG  WHERE  C_INST_ID = '8A8284979EF901BB019EFE43C0D303C1'  AND  C_UNIT_CODE = 'C011143'  AND  C_USER_ID = 'C011143MCM1' 

 [end]

[start] [DEBUG] [2026-07-05 18:20:25.655] [C011143_C011143MCM1] 
====request content is: 
    Request Type: Temp
Component : DBHelper
Session Context is: 
com.cs.core.utility.SessionContext@65bf4f59
Request Info Type : com.cs.core.dao.exec.SQLDao
Request Info Content is: 
[01]SELECT C_INST_CONFIG FROM CEUSER.SEC_WIDGETS_V2_INST_CONFIG  WHERE  C_INST_ID = '8A8284979EF901BB019EFE43C0E403C3'  AND  C_UNIT_CODE = 'C011143'  AND  C_USER_ID = 'C011143MCM1' 

 [end]

[start] [DEBUG] [2026-07-05 18:20:25.667] [C011143_C011143MCM1] 
====request content is: 
    Request Type: Temp
Component : DBHelper
Session Context is: 
com.cs.core.utility.SessionContext@65bf4f59
Request Info Type : com.cs.core.dao.exec.SQLDao
Request Info Content is: 
[01]SELECT C_INST_CONFIG FROM CEUSER.SEC_WIDGETS_V2_INST_CONFIG  WHERE  C_INST_ID = '8A8284979EF901BB019EFE43C0E403C3'  AND  C_UNIT_CODE = 'C011143'  AND  C_USER_ID = 'C011143MCM1' 

 [end]

[start] [DEBUG] [2026-07-05 18:20:25.749] [C011143_C011143MCM1] 
====request content is: 
    Request Type: Temp
Component : DBHelper
Session Context is: 
com.cs.core.utility.SessionContext@65bf4f59
Request Info Type : com.cs.core.dao.exec.SQLDao
Request Info Content is: 
[01]SELECT C_INST_CONFIG FROM CEUSER.SEC_WIDGETS_V2_INST_CONFIG  WHERE  C_INST_ID = '8A8284979EF901BB019EFE43C11B03C4'  AND  C_UNIT_CODE = 'C011143'  AND  C_USER_ID = 'C011143MCM1' 

 [end]

[start] [DEBUG] [2026-07-05 18:20:25.791] [C011143_C011143MCM1] 
====request content is: 
    Request Type: Temp
Component : DBHelper
Session Context is: 
com.cs.core.utility.SessionContext@65bf4f59
Request Info Type : com.cs.core.dao.exec.SQLDao
Request Info Content is: 
[01]SELECT C_INST_CONFIG FROM CEUSER.SEC_WIDGETS_V2_INST_CONFIG  WHERE  C_INST_ID = '8A8284979EF901BB019EFE43C11B03C4'  AND  C_UNIT_CODE = 'C011143'  AND  C_USER_ID = 'C011143MCM1' 

 [end]

[start] [DEBUG] [2026-07-05 18:20:25.803] [C011143_C011143MCM1] 
====request content is: 
    Request Type: Temp
Component : DBHelper
Session Context is: 
com.cs.core.utility.SessionContext@65bf4f59
Request Info Type : com.cs.core.dao.exec.SQLDao
Request Info Content is: 
[01]SELECT C_INST_CONFIG FROM CEUSER.SEC_WIDGETS_V2_INST_CONFIG  WHERE  C_INST_ID = '8A8284979EF901BB019EFE43C0DC03C2'  AND  C_UNIT_CODE = 'C011143'  AND  C_USER_ID = 'C011143MCM1' 

 [end]

[start] [DEBUG] [2026-07-05 18:20:25.809] [C011143_C011143MCM1] 
====request content is: 
    Request Type: Temp
Component : DBHelper
Session Context is: 
com.cs.core.utility.SessionContext@65bf4f59
Request Info Type : com.cs.core.dao.exec.SQLDao
Request Info Content is: 
[01]SELECT C_INST_CONFIG FROM CEUSER.SEC_WIDGETS_V2_INST_CONFIG  WHERE  C_INST_ID = '8A8284979EF901BB019EFE43C0DC03C2'  AND  C_UNIT_CODE = 'C011143'  AND  C_USER_ID = 'C011143MCM1' 

 [end]

[start] [DEBUG] [2026-07-05 18:20:25.927] [C011143_C011143MCM1] 
====request content is: 
    Request Type: Temp
Component : DBHelper
Session Context is: 
com.cs.core.utility.SessionContext@fa88a1a6
Request Info Type : com.cs.core.dao.exec.SQLDao
Request Info Content is: 
[01]SELECT C_INACTIVE FROM CEUSER.SEC_USER_INFO WHERE C_USER_ID = 'C011143MCM1' AND C_UNIT_CODE = 'C011143' 

 [end]

[start] [DEBUG] [2026-07-05 18:20:25.933] [C011143_C011143MCM1] 
The request URI is : /BL6CEWeb/v1/openapi/user/roles [end]

[start] [DEBUG] [2026-07-05 18:20:25.935] [C011143_C011143MCM1] 
The URI is :/BL6CEWeb/v1/openapi/user/roles [end]

[start] [DEBUG] [2026-07-05 18:20:25.936] [C011143_C011143MCM1] 
====request content is: 
    Request Type: Temp
Component : DBHelper
Session Context is: 
com.cs.core.utility.SessionContext@8bfb6a45
Request Info Type : com.cs.core.dao.exec.SQLDao
Request Info Content is: 
[01]SELECT C_INACTIVE FROM CEUSER.SEC_USER_INFO WHERE C_USER_ID = 'C011143MCM1' AND C_UNIT_CODE = 'C011143' 

 [end]

[start] [DEBUG] [2026-07-05 18:20:25.936] [C011143_C011143MCM1] 
The session refresh token in session is : null [end]

[start] [DEBUG] [2026-07-05 18:20:25.944] [C011143_C011143MCM1] 
The request URI is : /BL6CEWeb/v1/openapi/ctaction/count [end]

[start] [DEBUG] [2026-07-05 18:20:25.946] [C011143_C011143MCM1] 
The URI is :/BL6CEWeb/v1/openapi/ctaction/count [end]

[start] [DEBUG] [2026-07-05 18:20:25.947] [C011143_C011143MCM1] 
The session refresh token in session is : null [end]

[start] [DEBUG] [2026-07-05 18:20:25.956] [C011143_C011143MCM1] 
====request content is: 
    Request Type: Temp
Component : DBHelper
Session Context is: 
com.cs.core.utility.SessionContext@21f7953c
Request Info Type : com.cs.core.dao.exec.SQLDao
Request Info Content is: 
[01]SELECT C_INACTIVE FROM CEUSER.SEC_USER_INFO WHERE C_USER_ID = 'C011143MCM1' AND C_UNIT_CODE = 'C011143' 

 [end]

[start] [DEBUG] [2026-07-05 18:20:25.963] [C011143_C011143MCM1] 
The request URI is : /BL6CEWeb/v1/openapi/mainmenu [end]

[start] [DEBUG] [2026-07-05 18:20:25.964] [C011143_C011143MCM1] 
The URI is :/BL6CEWeb/v1/openapi/mainmenu [end]

[start] [DEBUG] [2026-07-05 18:20:25.966] [C011143_C011143MCM1] 
The session refresh token in session is : null [end]

[start] [DEBUG] [2026-07-05 18:20:26.031] [C011143_C011143MCM1] 
The Catalog Object SQL is :SELECT DISTINCT T1.C_BK_GROUP_ID, T1.C_MAIN_REF, T1.C_TRX_REF, T1.C_UNIT_CODE, T1.PARENT_MAIN_REF, T1.C_TRX_STATUS, T1.CURRNT_STATUS, T1.C2A_STATUS, T1.I_EVENT_TIMES, T1.C_MODULE, T1.C_FUNC_ID, T1.C_PRODUCT_ID, T1.C_TRX_ID, T3.C_LOCKED_FLAG, T3.C_LOCKED_OP, T3.C_USER_DESC, T1.D_SYS_OP_DATE, T1.T_SYS_OP_TIME, T1.C2A_CCY, T1.C2A_AMOUNT, T1.C2A_COUNTERPARTY FROM CETRX.TRX_INBOX T1 LEFT JOIN CETRX.TRX_NEXT_FUNC T2 ON T1.C_PRODUCT_ID = T2.C_PRODUCT_ID AND T1.C2A_STATUS = T2.C2A_STATUS AND T1.C_TRX_STATUS = T2.C_TRX_STATUS LEFT JOIN CETRX.TRX_LOCK_INFO T3 ON T1.C_MAIN_REF = T3.C_MAIN_REF AND T1.C_UNIT_CODE = T3.C_UNIT_CODE WHERE (T2.C_NEXT_FUNC_ID IN (SELECT C_FUNC_ID FROM CEUSER.SEC_OP_FUNC WHERE C_USER_ID = ? AND C_GRP_CODE = ? AND C_UNIT_CODE = T1.C_UNIT_CODE) OR T2.C_NEXT_FUNC_ID IN (SELECT C_FUNC_ID FROM CEUSER.SEC_OP_FUNC WHERE C_GRP_CODE = ? AND C_USER_ID IN (SELECT C_ROLE_ID FROM CEUSER.SEC_USER_ROLE WHERE C_USER_ID = ? AND C_GRP_CODE = ?) AND C_UNIT_CODE = T1.C_UNIT_CODE)) AND (T1.C_TRX_STATUS = 'R' OR T1.C2A_STATUS IN ('Rejected by bank', 'Discrepancy notification', 'Document received') AND T1.C_TRX_STATUS = 'M' OR T1.C2A_STATUS IN ('Amendment(Detrimental)_fully authorized', 'Document discrepancy_fully authorized') AND T1.C_TRX_STATUS = 'A') AND T1.C_TRX_ID NOT IN (SELECT C_TRX_ID FROM CETRX.TRX_USER_DISMISS WHERE C_USER_ID = ? AND C_GRP_CODE = ?) AND (T1.C_MODULE = 'IMLC' OR T1.C_MODULE = 'EXLC' OR T1.C_MODULE = 'FAEF' OR T1.C_MODULE = 'FADA' OR T1.C_MODULE = 'TSUM' OR T1.C_MODULE = 'ABLF' OR T1.C_MODULE = 'UPLD') ORDER BY T1.D_SYS_OP_DATE DESC, T1.T_SYS_OP_TIME DESC [end]

[start] [DEBUG] [2026-07-05 18:20:26.036] [C011143_C011143MCM1] 
====request content is: 
    Request Type: Temp
Component : DBHelper
Session Context is: 
com.cs.core.utility.SessionContext@8bfb6a45
Request Info Type : com.cs.core.dao.exec.SQLDao
Request Info Content is: 
[01]SELECT COUNT(*) FROM (SELECT DISTINCT T1.C_BK_GROUP_ID, T1.C_MAIN_REF, T1.C_TRX_REF, T1.C_UNIT_CODE, T1.PARENT_MAIN_REF, T1.C_TRX_STATUS, T1.CURRNT_STATUS, T1.C2A_STATUS, T1.I_EVENT_TIMES, T1.C_MODULE, T1.C_FUNC_ID, T1.C_PRODUCT_ID, T1.C_TRX_ID, T3.C_LOCKED_FLAG, T3.C_LOCKED_OP, T3.C_USER_DESC, T1.D_SYS_OP_DATE, T1.T_SYS_OP_TIME, T1.C2A_CCY, T1.C2A_AMOUNT, T1.C2A_COUNTERPARTY FROM CETRX.TRX_INBOX T1 LEFT JOIN CETRX.TRX_NEXT_FUNC T2 ON T1.C_PRODUCT_ID = T2.C_PRODUCT_ID AND T1.C2A_STATUS = T2.C2A_STATUS AND T1.C_TRX_STATUS = T2.C_TRX_STATUS LEFT JOIN CETRX.TRX_LOCK_INFO T3 ON T1.C_MAIN_REF = T3.C_MAIN_REF AND T1.C_UNIT_CODE = T3.C_UNIT_CODE WHERE   T1.C_BK_GROUP_ID = 'CSBANK'  AND (( T1.C_UNIT_CODE = 'C011143'  AND  T1.C_PRODUCT_ID IN ('FHS0YffwVNuA','P19080800000','P19080800001','P19080800002','P20030600000','epF3a6u4ZGAt') )) AND (T2.C_NEXT_FUNC_ID IN (SELECT C_FUNC_ID FROM CEUSER.SEC_OP_FUNC WHERE C_USER_ID = 'C011143MCM1' AND C_GRP_CODE = 'C011143' AND C_UNIT_CODE = T1.C_UNIT_CODE) OR T2.C_NEXT_FUNC_ID IN (SELECT C_FUNC_ID FROM CEUSER.SEC_OP_FUNC WHERE C_GRP_CODE = 'C011143' AND C_USER_ID IN (SELECT C_ROLE_ID FROM CEUSER.SEC_USER_ROLE WHERE C_USER_ID = 'C011143MCM1' AND C_GRP_CODE = 'C011143') AND C_UNIT_CODE = T1.C_UNIT_CODE)) AND (T1.C_TRX_STATUS = 'R' OR T1.C2A_STATUS IN ('Rejected by bank', 'Discrepancy notification', 'Document received') AND T1.C_TRX_STATUS = 'M' OR T1.C2A_STATUS IN ('Amendment(Detrimental)_fully authorized', 'Document discrepancy_fully authorized') AND T1.C_TRX_STATUS = 'A') AND T1.C_TRX_ID NOT IN (SELECT C_TRX_ID FROM CETRX.TRX_USER_DISMISS WHERE C_USER_ID = 'C011143MCM1' AND C_GRP_CODE = 'C011143') AND (T1.C_MODULE = 'IMLC' OR T1.C_MODULE = 'EXLC' OR T1.C_MODULE = 'FAEF' OR T1.C_MODULE = 'FADA' OR T1.C_MODULE = 'TSUM' OR T1.C_MODULE = 'ABLF' OR T1.C_MODULE = 'UPLD') ORDER BY T1.D_SYS_OP_DATE DESC, T1.T_SYS_OP_TIME DESC)

 [end]

[start] [DEBUG] [2026-07-05 18:20:26.070] [C011143_C011143MCM1] 
Action target is :F05030701228 [end]

[start] [DEBUG] [2026-07-05 18:20:26.072] [C011143_C011143MCM1] 
Action type is :function [end]

[start] [DEBUG] [2026-07-05 18:20:26.108] [C011143_C011143MCM1] 
====request content is: 
    Request Type: Temp
Component : DBHelper
Session Context is: 
com.cs.core.utility.SessionContext@c9d0709a
Request Info Type : com.cs.core.dao.exec.SQLDao
Request Info Content is: 
[01]SELECT C_INACTIVE FROM CEUSER.SEC_USER_INFO WHERE C_USER_ID = 'C011143MCM1' AND C_UNIT_CODE = 'C011143' 

 [end]

[start] [DEBUG] [2026-07-05 18:20:26.116] [C011143_C011143MCM1] 
The request URI is : /BL6CEWeb/v1/openapi/widget/favourites/inquire [end]

[start] [DEBUG] [2026-07-05 18:20:26.117] [C011143_C011143MCM1] 
The URI is :/BL6CEWeb/v1/openapi/widget/favourites/inquire [end]

[start] [DEBUG] [2026-07-05 18:20:26.119] [C011143_C011143MCM1] 
The session refresh token in session is : null [end]

[start] [DEBUG] [2026-07-05 18:20:26.126] [C011143_C011143MCM1] 
====request content is: 
    Request Type: Temp
Component : DBHelper
Session Context is: 
com.cs.core.utility.SessionContext@c9d0709a
Request Info Type : com.cs.core.dao.exec.SQLDao
Request Info Content is: 
[01]SELECT C_FUNC_ID,T_OP_TIME FROM CETRX.TRX_FAVOR_FUNC  WHERE  C_UNIT_CODE = 'C011143'  AND  C_USER_ID = 'C011143MCM1'  ORDER BY  T_OP_TIME DESC 

 [end]

[start] [DEBUG] [2026-07-05 18:20:26.142] [C011143_C011143MCM1] 
====request content is: 
    Request Type: Temp
Component : DBHelper
Session Context is: 
com.cs.core.utility.SessionContext@9736c84
Request Info Type : com.cs.core.dao.exec.SQLDao
Request Info Content is: 
[01]SELECT C_INACTIVE FROM CEUSER.SEC_USER_INFO WHERE C_USER_ID = 'C011143MCM1' AND C_UNIT_CODE = 'C011143' 

 [end]

[start] [DEBUG] [2026-07-05 18:20:26.150] [C011143_C011143MCM1] 
The request URI is : /BL6CEWeb/v1/openapi/widget/recentfunctions/view [end]

[start] [DEBUG] [2026-07-05 18:20:26.152] [C011143_C011143MCM1] 
The URI is :/BL6CEWeb/v1/openapi/widget/recentfunctions/view [end]

[start] [DEBUG] [2026-07-05 18:20:26.153] [C011143_C011143MCM1] 
The session refresh token in session is : null [end]

[start] [DEBUG] [2026-07-05 18:20:26.163] [C011143_C011143MCM1] 
Action target is :Party [end]

[start] [DEBUG] [2026-07-05 18:20:26.165] [C011143_C011143MCM1] 
Action type is :catalog [end]

[start] [DEBUG] [2026-07-05 18:20:26.168] [C011143_C011143MCM1] 
Action target is :Clause [end]

[start] [DEBUG] [2026-07-05 18:20:26.169] [C011143_C011143MCM1] 
Action type is :catalog [end]

[start] [DEBUG] [2026-07-05 18:20:26.173] [C011143_C011143MCM1] 
Action target is :AccountMaintain [end]

[start] [DEBUG] [2026-07-05 18:20:26.174] [C011143_C011143MCM1] 
Action type is :catalog [end]

[start] [DEBUG] [2026-07-05 18:20:26.178] [C011143_C011143MCM1] 
Action target is :EmailGroup [end]

[start] [DEBUG] [2026-07-05 18:20:26.179] [C011143_C011143MCM1] 
Action type is :catalog [end]

[start] [DEBUG] [2026-07-05 18:20:26.200] [C011143_C011143MCM1] 
Action target is :F05030701115 [end]

[start] [DEBUG] [2026-07-05 18:20:26.201] [C011143_C011143MCM1] 
Action type is :function [end]

[start] [DEBUG] [2026-07-05 18:20:26.205] [C011143_C011143MCM1] 
Action target is :Label [end]

[start] [DEBUG] [2026-07-05 18:20:26.206] [C011143_C011143MCM1] 
Action type is :catalog [end]

[start] [DEBUG] [2026-07-05 18:20:26.220] [C011143_C011143MCM1] 
====request content is: 
    Request Type: Temp
Component : DBHelper
Session Context is: 
com.cs.core.utility.SessionContext@cde1d342
Request Info Type : com.cs.core.dao.exec.SQLDao
Request Info Content is: 
[01]SELECT C_INACTIVE FROM CEUSER.SEC_USER_INFO WHERE C_USER_ID = 'C011143MCM1' AND C_UNIT_CODE = 'C011143' 

 [end]

[start] [DEBUG] [2026-07-05 18:20:26.227] [C011143_C011143MCM1] 
The request URI is : /BL6CEWeb/v1/openapi/reports/list [end]

[start] [DEBUG] [2026-07-05 18:20:26.229] [C011143_C011143MCM1] 
The URI is :/BL6CEWeb/v1/openapi/reports/list [end]

[start] [DEBUG] [2026-07-05 18:20:26.230] [C011143_C011143MCM1] 
The session refresh token in session is : null [end]

[start] [DEBUG] [2026-07-05 18:20:26.233] [C011143_C011143MCM1] 
====request content is: 
    Request Type: Temp
Component : DBHelper
Session Context is: 
com.cs.core.utility.SessionContext@9736c84
Request Info Type : com.cs.core.dao.exec.SQLDao
Request Info Content is: 
[01]SELECT C_IS_ACTIVE FROM CEUSER.SEC_WIDGETS_V2_LIST  WHERE  C_WIDGET_NAME = 'ShortcutMenu'  AND  C_ROLE_NAME IN ('MAKER') 

 [end]

[start] [DEBUG] [2026-07-05 18:20:26.279] [C011143_C011143MCM1] 
Access the endPoint '/reports/list'.
The request body is :{"data":{"type":"Pinned"}} [end]

[start] [DEBUG] [2026-07-05 18:20:26.280] [C011143_C011143MCM1] 
====request content is: 
    Request Type: Temp
Component : DBHelper
Session Context is: 
com.cs.core.utility.SessionContext@cde1d342
Request Info Type : com.cs.core.dao.exec.SQLDao
Request Info Content is: 
[01]SELECT A.C_REPORT_ID,A.C_GRP_CODE,A.C_USER_ID,A.T_PIN_DATE,B.C_SOURCE_REPORT,B.C_REPORT_NAME,B.T_UPDATE_DATE,C.C_USER_DESC FROM CETRX.TRX_USER_REPORT_PIN A LEFT JOIN CETRX.TRX_USER_REPORT B ON A.C_REPORT_ID = B.C_REPORT_ID  LEFT JOIN CEUSER.SEC_USER_INFO C ON A.C_GRP_CODE = C.C_UNIT_CODE AND A.C_USER_ID = C.C_USER_ID  WHERE  A.C_GRP_CODE = 'C011143'  AND  A.C_USER_ID = 'C011143MCM1'  ORDER BY B.T_UPDATE_DATE DESC

 [end]

[start] [DEBUG] [2026-07-05 18:20:26.304] [C011143_C011143MCM1] 
====request content is: 
    Request Type: Temp
Component : DBHelper
Session Context is: 
com.cs.core.utility.SessionContext@9736c84
Request Info Type : com.cs.core.dao.exec.SQLDao
Request Info Content is: 
[01]SELECT C_FUNC_ID,C_MODULE FROM CETRX.TRX_ACT_LOG WHERE C_FUNC_ID IS NOT NULL AND C_UNIT_CODE = 'C011143' AND C_USER_ID = 'C011143MCM1' AND D_SYS_OP_DATE BETWEEN TO_DATE('2026-06-05','yyyy-MM-dd') AND TO_DATE('2026-07-05','yyyy-MM-dd') ORDER BY D_SYS_OP_DATE DESC,T_SYS_OP_TIME DESC

 [end]

[start] [DEBUG] [2026-07-05 18:20:26.337] [C011143_C011143MCM1] 
====request content is: 
    Request Type: Temp
Component : DBHelper
Session Context is: 
com.cs.core.utility.SessionContext@ee735a4
Request Info Type : com.cs.core.dao.exec.SQLDao
Request Info Content is: 
[01]SELECT C_INACTIVE FROM CEUSER.SEC_USER_INFO WHERE C_USER_ID = 'C011143MCM1' AND C_UNIT_CODE = 'C011143' 

 [end]

[start] [DEBUG] [2026-07-05 18:20:26.343] [C011143_C011143MCM1] 
The request URI is : /BL6CEWeb/v1/openapi/calendar-event/event-list [end]

[start] [DEBUG] [2026-07-05 18:20:26.345] [C011143_C011143MCM1] 
The URI is :/BL6CEWeb/v1/openapi/calendar-event/event-list [end]

[start] [DEBUG] [2026-07-05 18:20:26.346] [C011143_C011143MCM1] 
The session refresh token in session is : null [end]

[start] [ERROR] [2026-07-05 18:20:26.357] [C011143_C011143MCM1] 
{{W}}[000334]Access is not allowed. Please contact the product support team. [end]

[start] [ERROR] [2026-07-05 18:20:26.363] [C011143_C011143MCM1] 
{{W}}[000334]Access is not allowed. Please contact the product support team. [end]

[start] [ERROR] [2026-07-05 18:20:26.368] [C011143_C011143MCM1] 
{{W}}[000334]Access is not allowed. Please contact the product support team. [end]

[start] [DEBUG] [2026-07-05 18:20:26.370] [C011143_C011143MCM1] 
====request content is: 
    Request Type: Temp
Component : DBHelper
Session Context is: 
com.cs.core.utility.SessionContext@ee735a4
Request Info Type : com.cs.core.dao.exec.SQLDao
Request Info Content is: 
[01]SELECT FA_DOC_DUE_DT AS GROUP_DATE, COUNT(*) AS ASCOUNT FROM (SELECT C_PRODUCT_ID, C_MAIN_REF, C_CUST_ID, C_TRX_REF, I_EVENT_TIMES, C_BK_GROUP_ID, C_UNIT_CODE, FA_SEL_NM, FA_BUYER_NM, FA_DOC_CCY, FA_DOC_AMT, AUTH_AMT, AUTH_CCY, PARENT_MAIN_REF, FA_DOC_DT, FA_DOC_DUE_DT, CURRNT_STATUS, C_TRX_STATUS, D_CREA_DATE, D_RELE_DATE, C_FUNC_ID, C_EVENT_NAME, C_EVENT_STATUS, C_NOW_EVENT, C_LOCKED_FLAG, C_LOCKED_OP, C_RELE_BY FROM CETRX.FAEF_EM_INV WHERE   C_BK_GROUP_ID = 'CSBANK'  AND (( C_UNIT_CODE = 'C011143'  AND  C_PRODUCT_ID = 'P19080800001' )) AND C_TRX_STATUS IN ('P', 'A', 'T', 'R', 'M') AND FA_DOC_DUE_DT >= TO_DATE('2026-01-01', 'YYYY-MM-DD') AND FA_DOC_DUE_DT <= TO_DATE('2026-12-31', 'YYYY-MM-DD') ) TEMP_TABLE GROUP BY FA_DOC_DUE_DT

 [end]

[start] [DEBUG] [2026-07-05 18:20:26.501] [C011143_C011143MCM1] 
The Catalog Object SQL is :SELECT T1.C_BK_GROUP_ID, T1.C_MAIN_REF, T1.C_TRX_REF, T1.C_UNIT_CODE, T1.PARENT_MAIN_REF, T1.C_TRX_STATUS, T1.CURRNT_STATUS, (CASE WHEN T1.C_MODULE = 'FADA' OR T1.C_MODULE = 'FAEF' THEN T1.C_TRX_STATUS ELSE T1.C2A_STATUS END) C2A_STATUS, T1.I_EVENT_TIMES, T1.C_MODULE, T1.C_FUNC_ID, T1.C_PRODUCT_ID, T1.C_TRX_ID, T3.C_LOCKED_FLAG, T3.C_LOCKED_OP, T3.C_USER_DESC, T1.D_SYS_OP_DATE, T1.T_SYS_OP_TIME, T1.C2A_CCY, T1.C2A_AMOUNT, T1.C2A_COUNTERPARTY FROM CETRX.TRX_INBOX T1 LEFT JOIN CETRX.TRX_LOCK_INFO T3 ON T1.C_MAIN_REF = T3.C_MAIN_REF AND T1.C_UNIT_CODE = T3.C_UNIT_CODE WHERE (T1.C_TRX_STATUS IN ('P', 'T', 'A', 'S') AND (T1.C_MODULE = 'IMLC' OR T1.C_MODULE = 'EXLC' OR T1.C_MODULE = 'FAEF' OR T1.C_MODULE = 'FADA' OR T1.C_MODULE = 'ABLF') AND T1.C2A_STATUS NOT IN ('Discrepancies rejected_fully authorized') OR T1.C_TRX_STATUS = 'M' AND (T1.C_MODULE = 'IMLC' AND T1.C2A_STATUS NOT IN ('Issued', 'Amended', 'Beneficiary rejected', 'Settled') OR T1.C_MODULE = 'EXCO' AND T1.CURRNT_STATUS NOT IN ('Payment Advice') OR T1.C_MODULE = 'EXLC' AND T1.CURRNT_STATUS NOT IN ('Settled', 'Advise Received', 'Amendment Received', 'Docment Received') OR T1.C_MODULE = 'FAEF' AND T1.CURRNT_STATUS NOT IN ('Settled', 'Advise Received') OR T1.C_MODULE = 'FADA' AND T1.CURRNT_STATUS NOT IN ('Settled', 'Advise Received') OR T1.C_MODULE = 'ABLF' AND T1.CURRNT_STATUS NOT IN ('Settled', 'Advise Received'))) AND T1.C_TRX_ID NOT IN (SELECT C_TRX_ID FROM CETRX.TRX_USER_DISMISS WHERE C_USER_ID = ? AND C_GRP_CODE = ?) AND (T1.C_MODULE = 'IMLC' OR T1.C_MODULE = 'EXLC' OR T1.C_MODULE = 'FAEF' OR T1.C_MODULE = 'FADA' OR T1.C_MODULE = 'ABLF') ORDER BY T1.D_SYS_OP_DATE DESC, T1.T_SYS_OP_TIME DESC [end]

[start] [DEBUG] [2026-07-05 18:20:26.505] [C011143_C011143MCM1] 
====request content is: 
    Request Type: Temp
Component : DBHelper
Session Context is: 
com.cs.core.utility.SessionContext@8bfb6a45
Request Info Type : com.cs.core.dao.exec.SQLDao
Request Info Content is: 
[01]SELECT COUNT(*) FROM CETRX.TRX_INBOX T1 LEFT JOIN CETRX.TRX_LOCK_INFO T3 ON T1.C_MAIN_REF = T3.C_MAIN_REF AND T1.C_UNIT_CODE = T3.C_UNIT_CODE WHERE   T1.C_BK_GROUP_ID = 'CSBANK'  AND (( T1.C_UNIT_CODE = 'C011143'  AND  T1.C_PRODUCT_ID IN ('FHS0YffwVNuA','P19080800000','P19080800001','P19080800002','P20030600000','epF3a6u4ZGAt') )) AND (T1.C_TRX_STATUS IN ('P', 'T', 'A', 'S') AND (T1.C_MODULE = 'IMLC' OR T1.C_MODULE = 'EXLC' OR T1.C_MODULE = 'FAEF' OR T1.C_MODULE = 'FADA' OR T1.C_MODULE = 'ABLF') AND T1.C2A_STATUS NOT IN ('Discrepancies rejected_fully authorized') OR T1.C_TRX_STATUS = 'M' AND (T1.C_MODULE = 'IMLC' AND T1.C2A_STATUS NOT IN ('Issued', 'Amended', 'Beneficiary rejected', 'Settled') OR T1.C_MODULE = 'EXCO' AND T1.CURRNT_STATUS NOT IN ('Payment Advice') OR T1.C_MODULE = 'EXLC' AND T1.CURRNT_STATUS NOT IN ('Settled', 'Advise Received', 'Amendment Received', 'Docment Received') OR T1.C_MODULE = 'FAEF' AND T1.CURRNT_STATUS NOT IN ('Settled', 'Advise Received') OR T1.C_MODULE = 'FADA' AND T1.CURRNT_STATUS NOT IN ('Settled', 'Advise Received') OR T1.C_MODULE = 'ABLF' AND T1.CURRNT_STATUS NOT IN ('Settled', 'Advise Received'))) AND T1.C_TRX_ID NOT IN (SELECT C_TRX_ID FROM CETRX.TRX_USER_DISMISS WHERE C_USER_ID = 'C011143MCM1' AND C_GRP_CODE = 'C011143') AND (T1.C_MODULE = 'IMLC' OR T1.C_MODULE = 'EXLC' OR T1.C_MODULE = 'FAEF' OR T1.C_MODULE = 'FADA' OR T1.C_MODULE = 'ABLF')

 [end]

[start] [DEBUG] [2026-07-05 18:20:26.775] [C011143_C011143MCM1] 
The Catalog Object SQL is :SELECT T1.C_BK_GROUP_ID, T1.C_MAIN_REF, T1.C_TRX_REF, T1.C_UNIT_CODE, T1.PARENT_MAIN_REF, T1.C_TRX_STATUS, T1.CURRNT_STATUS, (CASE WHEN T1.C_MODULE = 'FADA' OR T1.C_MODULE = 'FAEF' THEN T1.C_TRX_STATUS ELSE T1.C2A_STATUS END) C2A_STATUS, T1.I_EVENT_TIMES, T1.C_MODULE, T1.C_FUNC_ID, T1.C_PRODUCT_ID, T1.C_TRX_ID, T3.C_LOCKED_FLAG, T3.C_LOCKED_OP, T3.C_USER_DESC, T1.D_SYS_OP_DATE, T1.T_SYS_OP_TIME, T1.C2A_CCY, T1.C2A_AMOUNT, T1.C2A_COUNTERPARTY FROM CETRX.TRX_INBOX T1 LEFT JOIN CETRX.TRX_LOCK_INFO T3 ON T1.C_MAIN_REF = T3.C_MAIN_REF AND T1.C_UNIT_CODE = T3.C_UNIT_CODE WHERE (T1.C2A_STATUS IN ('Issued', 'Amended', 'Beneficiary rejected', 'Discrepancies rejected_fully authorized', 'Settled') AND T1.C_MODULE = 'IMLC' OR T1.CURRNT_STATUS IN ('Issued', 'Amended', 'Detrimental Amendment', 'Beneficiary Consent', 'Beneficiary Rejected', 'Document Presentation', 'Document Presentation', 'Settlement', 'Settled') AND T1.C_MODULE = 'EXCO' OR T1.C2A_STATUS IN ('Settled', 'Amendment_fully authorized', '') AND T1.C_MODULE = 'EXLC' OR T1.C_FUNC_ID IN ('F05030700899', 'F05030700901', 'F05030700908') AND T1.C2A_STATUS = 'Fully authorized' AND T1.C_MODULE = 'EXLC' OR T1.C_MODULE = 'FADA' OR T1.C_MODULE = 'FAEF') AND T1.C_TRX_STATUS IN ('M', 'A', 'S') AND T1.C_TRX_ID NOT IN (SELECT C_TRX_ID FROM CETRX.TRX_USER_DISMISS WHERE C_USER_ID = ? AND C_GRP_CODE = ?) AND (T1.C_MODULE = 'IMLC' OR T1.C_MODULE = 'EXLC' OR T1.C_MODULE = 'FADA' OR T1.C_MODULE = 'FAEF') ORDER BY T1.D_SYS_OP_DATE DESC, T1.T_SYS_OP_TIME DESC, T1.PARENT_MAIN_REF DESC [end]

[start] [DEBUG] [2026-07-05 18:20:26.779] [C011143_C011143MCM1] 
====request content is: 
    Request Type: Temp
Component : DBHelper
Session Context is: 
com.cs.core.utility.SessionContext@8bfb6a45
Request Info Type : com.cs.core.dao.exec.SQLDao
Request Info Content is: 
[01]SELECT COUNT(*) FROM CETRX.TRX_INBOX T1 LEFT JOIN CETRX.TRX_LOCK_INFO T3 ON T1.C_MAIN_REF = T3.C_MAIN_REF AND T1.C_UNIT_CODE = T3.C_UNIT_CODE WHERE   T1.C_BK_GROUP_ID = 'CSBANK'  AND (( T1.C_UNIT_CODE = 'C011143'  AND  T1.C_PRODUCT_ID IN ('FHS0YffwVNuA','P19080800000','P19080800001','P19080800002','P20030600000','epF3a6u4ZGAt') )) AND (T1.C2A_STATUS IN ('Issued', 'Amended', 'Beneficiary rejected', 'Discrepancies rejected_fully authorized', 'Settled') AND T1.C_MODULE = 'IMLC' OR T1.CURRNT_STATUS IN ('Issued', 'Amended', 'Detrimental Amendment', 'Beneficiary Consent', 'Beneficiary Rejected', 'Document Presentation', 'Document Presentation', 'Settlement', 'Settled') AND T1.C_MODULE = 'EXCO' OR T1.C2A_STATUS IN ('Settled', 'Amendment_fully authorized', '') AND T1.C_MODULE = 'EXLC' OR T1.C_FUNC_ID IN ('F05030700899', 'F05030700901', 'F05030700908') AND T1.C2A_STATUS = 'Fully authorized' AND T1.C_MODULE = 'EXLC' OR T1.C_MODULE = 'FADA' OR T1.C_MODULE = 'FAEF') AND T1.C_TRX_STATUS IN ('M', 'A', 'S') AND T1.C_TRX_ID NOT IN (SELECT C_TRX_ID FROM CETRX.TRX_USER_DISMISS WHERE C_USER_ID = 'C011143MCM1' AND C_GRP_CODE = 'C011143') AND (T1.C_MODULE = 'IMLC' OR T1.C_MODULE = 'EXLC' OR T1.C_MODULE = 'FADA' OR T1.C_MODULE = 'FAEF')

 [end]

[start] [DEBUG] [2026-07-05 18:20:26.921] [C011143_C011143MCM1] 
The Catalog Object SQL is :SELECT DISTINCT T1.C_BK_GROUP_ID, T1.C_MAIN_REF, T1.C_TRX_REF, T1.C_UNIT_CODE, T1.PARENT_MAIN_REF, T1.C_TRX_STATUS, T1.I_EVENT_TIMES, T1.C_MODULE, T1.C_FUNC_ID, T1.C_PRODUCT_ID, T1.C_TRX_ID, T3.C_LOCKED_FLAG, T3.C_LOCKED_OP, T3.C_USER_DESC, T1.D_SYS_OP_DATE, T1.T_SYS_OP_TIME, T1.C2A_CCY, T1.C2A_AMOUNT, T1.C2A_COUNTERPARTY FROM CETRX.TRX_INBOX T1 LEFT JOIN CETRX.TRX_NEXT_FUNC T2 ON T1.C_PRODUCT_ID = T2.C_PRODUCT_ID AND T1.C_TRX_STATUS = T2.C_TRX_STATUS LEFT JOIN CETRX.TRX_LOCK_INFO T3 ON T1.C_MAIN_REF = T3.C_MAIN_REF AND T1.C_UNIT_CODE = T3.C_UNIT_CODE WHERE (T2.C_NEXT_FUNC_ID IN (SELECT C_FUNC_ID FROM CEUSER.SEC_OP_FUNC WHERE C_USER_ID = ? AND C_GRP_CODE = ? AND C_UNIT_CODE = T1.C_UNIT_CODE) OR T2.C_NEXT_FUNC_ID IN (SELECT C_FUNC_ID FROM CEUSER.SEC_OP_FUNC WHERE C_GRP_CODE = ? AND C_USER_ID IN (SELECT C_ROLE_ID FROM CEUSER.SEC_USER_ROLE WHERE C_USER_ID = ? AND C_GRP_CODE = ?) AND C_UNIT_CODE = T1.C_UNIT_CODE)) AND T1.C_TRX_STATUS = 'Z' AND T1.C_TRX_ID NOT IN (SELECT C_TRX_ID FROM CETRX.TRX_USER_DISMISS WHERE C_USER_ID = ? AND C_GRP_CODE = ?) AND (T1.C_MODULE = 'IMLC' OR T1.C_MODULE = 'EXLC' OR T1.C_MODULE = 'FAEF' OR T1.C_MODULE = 'FADA' OR T1.C_MODULE = 'ABLF') ORDER BY T1.D_SYS_OP_DATE DESC, T1.T_SYS_OP_TIME DESC [end]

[start] [DEBUG] [2026-07-05 18:20:26.982] [C011143_C011143MCM1] 
====request content is: 
    Request Type: Temp
Component : DBHelper
Session Context is: 
com.cs.core.utility.SessionContext@8bfb6a45
Request Info Type : com.cs.core.dao.exec.SQLDao
Request Info Content is: 
[01]SELECT COUNT(*) FROM (SELECT DISTINCT T1.C_BK_GROUP_ID, T1.C_MAIN_REF, T1.C_TRX_REF, T1.C_UNIT_CODE, T1.PARENT_MAIN_REF, T1.C_TRX_STATUS, T1.I_EVENT_TIMES, T1.C_MODULE, T1.C_FUNC_ID, T1.C_PRODUCT_ID, T1.C_TRX_ID, T3.C_LOCKED_FLAG, T3.C_LOCKED_OP, T3.C_USER_DESC, T1.D_SYS_OP_DATE, T1.T_SYS_OP_TIME, T1.C2A_CCY, T1.C2A_AMOUNT, T1.C2A_COUNTERPARTY FROM CETRX.TRX_INBOX T1 LEFT JOIN CETRX.TRX_NEXT_FUNC T2 ON T1.C_PRODUCT_ID = T2.C_PRODUCT_ID AND T1.C_TRX_STATUS = T2.C_TRX_STATUS LEFT JOIN CETRX.TRX_LOCK_INFO T3 ON T1.C_MAIN_REF = T3.C_MAIN_REF AND T1.C_UNIT_CODE = T3.C_UNIT_CODE WHERE   T1.C_BK_GROUP_ID = 'CSBANK'  AND (( T1.C_UNIT_CODE = 'C011143'  AND  T1.C_PRODUCT_ID IN ('FHS0YffwVNuA','P19080800000','P19080800001','P19080800002','P20030600000','epF3a6u4ZGAt') )) AND (T2.C_NEXT_FUNC_ID IN (SELECT C_FUNC_ID FROM CEUSER.SEC_OP_FUNC WHERE C_USER_ID = 'C011143MCM1' AND C_GRP_CODE = 'C011143' AND C_UNIT_CODE = T1.C_UNIT_CODE) OR T2.C_NEXT_FUNC_ID IN (SELECT C_FUNC_ID FROM CEUSER.SEC_OP_FUNC WHERE C_GRP_CODE = 'C011143' AND C_USER_ID IN (SELECT C_ROLE_ID FROM CEUSER.SEC_USER_ROLE WHERE C_USER_ID = 'C011143MCM1' AND C_GRP_CODE = 'C011143') AND C_UNIT_CODE = T1.C_UNIT_CODE)) AND T1.C_TRX_STATUS = 'Z' AND T1.C_TRX_ID NOT IN (SELECT C_TRX_ID FROM CETRX.TRX_USER_DISMISS WHERE C_USER_ID = 'C011143MCM1' AND C_GRP_CODE = 'C011143') AND (T1.C_MODULE = 'IMLC' OR T1.C_MODULE = 'EXLC' OR T1.C_MODULE = 'FAEF' OR T1.C_MODULE = 'FADA' OR T1.C_MODULE = 'ABLF') ORDER BY T1.D_SYS_OP_DATE DESC, T1.T_SYS_OP_TIME DESC)

 [end]

[start] [DEBUG] [2026-07-05 18:20:27.326] [C011143_C011143MCM1] 
====request content is: 
    Request Type: Temp
Component : DBHelper
Session Context is: 
com.cs.core.utility.SessionContext@361e2bbd
Request Info Type : com.cs.core.dao.exec.SQLDao
Request Info Content is: 
[01]SELECT C_INACTIVE FROM CEUSER.SEC_USER_INFO WHERE C_USER_ID = 'C011143MCM1' AND C_UNIT_CODE = 'C011143' 

 [end]

[start] [DEBUG] [2026-07-05 18:20:27.332] [C011143_C011143MCM1] 
The request URI is : /BL6CEWeb/v1/openapi/catalog/combo/meta [end]

[start] [DEBUG] [2026-07-05 18:20:27.334] [C011143_C011143MCM1] 
The URI is :/BL6CEWeb/v1/openapi/catalog/combo/meta [end]

[start] [DEBUG] [2026-07-05 18:20:27.336] [C011143_C011143MCM1] 
The session refresh token in session is : null [end]

[start] [DEBUG] [2026-07-05 18:20:27.341] [C011143_C011143MCM1] 
====request content is: 
    Request Type: Temp
Component : DBHelper
Session Context is: 
com.cs.core.utility.SessionContext@361e2bbd
Request Info Type : com.cs.core.dao.exec.SQLDao
Request Info Content is: 
[01]SELECT C_CRITERIA_DATA,C_TMPL_NAME,C_IS_DEFAULT FROM CETRX.STD_SEARCH_CRITERIA  WHERE  C_UNIT_CODE = 'C011143'  AND  C_USER_ID = 'C011143MCM1'  AND  C_CATA_ID = 'C2A_InProgress_Maker'  AND  C_BK_GROUP_ID = 'CSBANK'  AND  I_CRITERIA_TYPE = 4 

 [end]

[start] [DEBUG] [2026-07-05 18:20:27.358] [C011143_C011143MCM1] 
The option type "distinctRecord" is only used to show the dropdown list not for format [end]

[start] [ERROR] [2026-07-05 18:20:27.360] [C011143_C011143MCM1] 
Can not find product ID  in parameter products.xml [end]

[start] [ERROR] [2026-07-05 18:20:27.361] [C011143_C011143MCM1] 
Can not find product ID  in parameter products.xml [end]

[start] [ERROR] [2026-07-05 18:20:27.362] [C011143_C011143MCM1] 
Can not find product ID  in parameter products.xml [end]

[start] [ERROR] [2026-07-05 18:20:27.363] [C011143_C011143MCM1] 
Can not find product ID  in parameter products.xml [end]

[start] [ERROR] [2026-07-05 18:20:27.365] [C011143_C011143MCM1] 
Can not find product ID  in parameter products.xml [end]

[start] [ERROR] [2026-07-05 18:20:27.366] [C011143_C011143MCM1] 
Can not find product ID  in parameter products.xml [end]

[start] [ERROR] [2026-07-05 18:20:27.367] [C011143_C011143MCM1] 
Can not find product ID  in parameter products.xml [end]

[start] [ERROR] [2026-07-05 18:20:27.368] [C011143_C011143MCM1] 
Can not find product ID  in parameter products.xml [end]

[start] [ERROR] [2026-07-05 18:20:27.369] [C011143_C011143MCM1] 
Can not find product ID  in parameter products.xml [end]

[start] [ERROR] [2026-07-05 18:20:27.371] [C011143_C011143MCM1] 
Can not find product ID  in parameter products.xml [end]

[start] [ERROR] [2026-07-05 18:20:27.372] [C011143_C011143MCM1] 
Can not find product ID  in parameter products.xml [end]

[start] [ERROR] [2026-07-05 18:20:27.375] [C011143_C011143MCM1] 
Can not find product ID  in parameter products.xml [end]

[start] [ERROR] [2026-07-05 18:20:27.376] [C011143_C011143MCM1] 
Can not find product ID  in parameter products.xml [end]

[start] [ERROR] [2026-07-05 18:20:27.378] [C011143_C011143MCM1] 
Can not find product ID  in parameter products.xml [end]

[start] [ERROR] [2026-07-05 18:20:27.379] [C011143_C011143MCM1] 
Can not find product ID  in parameter products.xml [end]

[start] [ERROR] [2026-07-05 18:20:27.381] [C011143_C011143MCM1] 
Can not find product ID  in parameter products.xml [end]

[start] [ERROR] [2026-07-05 18:20:27.381] [C011143_C011143MCM1] 
Can not find product ID  in parameter products.xml [end]

[start] [ERROR] [2026-07-05 18:20:27.383] [C011143_C011143MCM1] 
Can not find product ID  in parameter products.xml [end]

[start] [ERROR] [2026-07-05 18:20:27.384] [C011143_C011143MCM1] 
Can not find product ID  in parameter products.xml [end]

[start] [ERROR] [2026-07-05 18:20:27.385] [C011143_C011143MCM1] 
Can not find product ID  in parameter products.xml [end]

[start] [ERROR] [2026-07-05 18:20:27.386] [C011143_C011143MCM1] 
Can not find product ID  in parameter products.xml [end]

[start] [ERROR] [2026-07-05 18:20:27.388] [C011143_C011143MCM1] 
Can not find product ID  in parameter products.xml [end]

[start] [ERROR] [2026-07-05 18:20:27.389] [C011143_C011143MCM1] 
Can not find product ID  in parameter products.xml [end]

[start] [ERROR] [2026-07-05 18:20:27.390] [C011143_C011143MCM1] 
Can not find product ID  in parameter products.xml [end]

[start] [ERROR] [2026-07-05 18:20:27.392] [C011143_C011143MCM1] 
Can not find product ID  in parameter products.xml [end]

[start] [ERROR] [2026-07-05 18:20:27.393] [C011143_C011143MCM1] 
Can not find product ID  in parameter products.xml [end]

[start] [ERROR] [2026-07-05 18:20:27.394] [C011143_C011143MCM1] 
Can not find product ID  in parameter products.xml [end]

[start] [ERROR] [2026-07-05 18:20:27.396] [C011143_C011143MCM1] 
Can not find product ID  in parameter products.xml [end]

[start] [ERROR] [2026-07-05 18:20:27.397] [C011143_C011143MCM1] 
Can not find product ID  in parameter products.xml [end]

[start] [ERROR] [2026-07-05 18:20:27.398] [C011143_C011143MCM1] 
Can not find product ID  in parameter products.xml [end]

[start] [ERROR] [2026-07-05 18:20:27.399] [C011143_C011143MCM1] 
Can not find product ID  in parameter products.xml [end]

[start] [ERROR] [2026-07-05 18:20:27.401] [C011143_C011143MCM1] 
Can not find product ID  in parameter products.xml [end]

[start] [ERROR] [2026-07-05 18:20:27.402] [C011143_C011143MCM1] 
Can not find product ID  in parameter products.xml [end]

[start] [ERROR] [2026-07-05 18:20:27.403] [C011143_C011143MCM1] 
Can not find product ID  in parameter products.xml [end]

[start] [ERROR] [2026-07-05 18:20:27.426] [C011143_C011143MCM1] 
Can not find product ID  in parameter products.xml [end]

[start] [ERROR] [2026-07-05 18:20:27.428] [C011143_C011143MCM1] 
Can not find product ID  in parameter products.xml [end]

[start] [ERROR] [2026-07-05 18:20:27.430] [C011143_C011143MCM1] 
Can not find product ID  in parameter products.xml [end]

[start] [ERROR] [2026-07-05 18:20:27.431] [C011143_C011143MCM1] 
Can not find product ID  in parameter products.xml [end]

[start] [ERROR] [2026-07-05 18:20:27.432] [C011143_C011143MCM1] 
Can not find product ID  in parameter products.xml [end]

[start] [ERROR] [2026-07-05 18:20:27.433] [C011143_C011143MCM1] 
Can not find product ID  in parameter products.xml [end]

[start] [DEBUG] [2026-07-05 18:20:27.436] [C011143_C011143MCM1] 
The option type "distinctRecord" is only used to show the dropdown list not for format [end]

[start] [DEBUG] [2026-07-05 18:20:27.437] [C011143_C011143MCM1] 
The option type "distinctRecord" is only used to show the dropdown list not for format [end]

[start] [DEBUG] [2026-07-05 18:20:27.438] [C011143_C011143MCM1] 
====request content is: 
    Request Type: Temp
Component : DBHelper
Session Context is: 
com.cs.core.utility.SessionContext@361e2bbd
Request Info Type : com.cs.core.dao.exec.SQLDao
Request Info Content is: 
[01]SELECT C_UNIT_CODE,C_UNIT_NAME FROM CEUSER.SEC_BUSINESS_UNIT WHERE C_UNIT_CODE = 'C011143' 

 [end]

[start] [DEBUG] [2026-07-05 18:20:27.707] [C011143_C011143MCM1] 
====request content is: 
    Request Type: Temp
Component : DBHelper
Session Context is: 
com.cs.core.utility.SessionContext@f8622544
Request Info Type : com.cs.core.dao.exec.SQLDao
Request Info Content is: 
[01]SELECT C_INACTIVE FROM CEUSER.SEC_USER_INFO WHERE C_USER_ID = 'C011143MCM1' AND C_UNIT_CODE = 'C011143' 

 [end]

[start] [DEBUG] [2026-07-05 18:20:27.716] [C011143_C011143MCM1] 
The request URI is : /BL6CEWeb/v1/openapi/catalog/combo/data [end]

[start] [DEBUG] [2026-07-05 18:20:27.718] [C011143_C011143MCM1] 
The URI is :/BL6CEWeb/v1/openapi/catalog/combo/data [end]

[start] [DEBUG] [2026-07-05 18:20:27.719] [C011143_C011143MCM1] 
The session refresh token in session is : null [end]

[start] [DEBUG] [2026-07-05 18:20:27.726] [C011143_C011143MCM1] 
The Catalog Object SQL is :SELECT T1.C_BK_GROUP_ID, T1.C_MAIN_REF, T1.C_TRX_REF, T1.C_UNIT_CODE, T1.PARENT_MAIN_REF, T1.C_TRX_STATUS, T1.CURRNT_STATUS, (CASE WHEN T1.C_MODULE = 'FADA' OR T1.C_MODULE = 'FAEF' THEN T1.C_TRX_STATUS ELSE T1.C2A_STATUS END) C2A_STATUS, T1.I_EVENT_TIMES, T1.C_MODULE, T1.C_FUNC_ID, T1.C_PRODUCT_ID, T1.C_TRX_ID, T3.C_LOCKED_FLAG, T3.C_LOCKED_OP, T3.C_USER_DESC, T1.D_SYS_OP_DATE, T1.T_SYS_OP_TIME, T1.C2A_CCY, T1.C2A_AMOUNT, T1.C2A_COUNTERPARTY FROM CETRX.TRX_INBOX T1 LEFT JOIN CETRX.TRX_LOCK_INFO T3 ON T1.C_MAIN_REF = T3.C_MAIN_REF AND T1.C_UNIT_CODE = T3.C_UNIT_CODE WHERE (T1.C_TRX_STATUS IN ('P', 'T', 'A', 'S') AND (T1.C_MODULE = 'IMLC' OR T1.C_MODULE = 'EXLC' OR T1.C_MODULE = 'FAEF' OR T1.C_MODULE = 'FADA' OR T1.C_MODULE = 'ABLF') AND T1.C2A_STATUS NOT IN ('Discrepancies rejected_fully authorized') OR T1.C_TRX_STATUS = 'M' AND (T1.C_MODULE = 'IMLC' AND T1.C2A_STATUS NOT IN ('Issued', 'Amended', 'Beneficiary rejected', 'Settled') OR T1.C_MODULE = 'EXCO' AND T1.CURRNT_STATUS NOT IN ('Payment Advice') OR T1.C_MODULE = 'EXLC' AND T1.CURRNT_STATUS NOT IN ('Settled', 'Advise Received', 'Amendment Received', 'Docment Received') OR T1.C_MODULE = 'FAEF' AND T1.CURRNT_STATUS NOT IN ('Settled', 'Advise Received') OR T1.C_MODULE = 'FADA' AND T1.CURRNT_STATUS NOT IN ('Settled', 'Advise Received') OR T1.C_MODULE = 'ABLF' AND T1.CURRNT_STATUS NOT IN ('Settled', 'Advise Received'))) AND T1.C_TRX_ID NOT IN (SELECT C_TRX_ID FROM CETRX.TRX_USER_DISMISS WHERE C_USER_ID = ? AND C_GRP_CODE = ?) AND (T1.C_MODULE = 'IMLC' OR T1.C_MODULE = 'EXLC' OR T1.C_MODULE = 'FAEF' OR T1.C_MODULE = 'FADA' OR T1.C_MODULE = 'ABLF') ORDER BY T1.D_SYS_OP_DATE DESC, T1.T_SYS_OP_TIME DESC [end]

[start] [DEBUG] [2026-07-05 18:20:27.729] [C011143_C011143MCM1] 
====request content is: 
    Request Type: Temp
Component : DBHelper
Session Context is: 
com.cs.core.utility.SessionContext@f8622544
Request Info Type : com.cs.core.dao.exec.SQLDao
Request Info Content is: 
[01]SELECT T1.C_BK_GROUP_ID, T1.C_MAIN_REF, T1.C_TRX_REF, T1.C_UNIT_CODE, T1.PARENT_MAIN_REF, T1.C_TRX_STATUS, T1.CURRNT_STATUS, (CASE WHEN T1.C_MODULE = 'FADA' OR T1.C_MODULE = 'FAEF' THEN T1.C_TRX_STATUS ELSE T1.C2A_STATUS END) C2A_STATUS, T1.I_EVENT_TIMES, T1.C_MODULE, T1.C_FUNC_ID, T1.C_PRODUCT_ID, T1.C_TRX_ID, T3.C_LOCKED_FLAG, T3.C_LOCKED_OP, T3.C_USER_DESC, T1.D_SYS_OP_DATE, T1.T_SYS_OP_TIME, T1.C2A_CCY, T1.C2A_AMOUNT, T1.C2A_COUNTERPARTY FROM CETRX.TRX_INBOX T1 LEFT JOIN CETRX.TRX_LOCK_INFO T3 ON T1.C_MAIN_REF = T3.C_MAIN_REF AND T1.C_UNIT_CODE = T3.C_UNIT_CODE WHERE   T1.C_BK_GROUP_ID = 'CSBANK'  AND (( T1.C_UNIT_CODE = 'C011143'  AND  T1.C_PRODUCT_ID IN ('FHS0YffwVNuA','P19080800000','P19080800001','P19080800002','P20030600000','epF3a6u4ZGAt') )) AND (T1.C_TRX_STATUS IN ('P', 'T', 'A', 'S') AND (T1.C_MODULE = 'IMLC' OR T1.C_MODULE = 'EXLC' OR T1.C_MODULE = 'FAEF' OR T1.C_MODULE = 'FADA' OR T1.C_MODULE = 'ABLF') AND T1.C2A_STATUS NOT IN ('Discrepancies rejected_fully authorized') OR T1.C_TRX_STATUS = 'M' AND (T1.C_MODULE = 'IMLC' AND T1.C2A_STATUS NOT IN ('Issued', 'Amended', 'Beneficiary rejected', 'Settled') OR T1.C_MODULE = 'EXCO' AND T1.CURRNT_STATUS NOT IN ('Payment Advice') OR T1.C_MODULE = 'EXLC' AND T1.CURRNT_STATUS NOT IN ('Settled', 'Advise Received', 'Amendment Received', 'Docment Received') OR T1.C_MODULE = 'FAEF' AND T1.CURRNT_STATUS NOT IN ('Settled', 'Advise Received') OR T1.C_MODULE = 'FADA' AND T1.CURRNT_STATUS NOT IN ('Settled', 'Advise Received') OR T1.C_MODULE = 'ABLF' AND T1.CURRNT_STATUS NOT IN ('Settled', 'Advise Received'))) AND T1.C_TRX_ID NOT IN (SELECT C_TRX_ID FROM CETRX.TRX_USER_DISMISS WHERE C_USER_ID = 'C011143MCM1' AND C_GRP_CODE = 'C011143') AND (T1.C_MODULE = 'IMLC' OR T1.C_MODULE = 'EXLC' OR T1.C_MODULE = 'FAEF' OR T1.C_MODULE = 'FADA' OR T1.C_MODULE = 'ABLF') ORDER BY T1.D_SYS_OP_DATE DESC, T1.T_SYS_OP_TIME DESC

 [end]

[start] [ERROR] [2026-07-05 18:20:27.816] [C011143_C011143MCM1] 
Can not find product ID  in parameter products.xml [end]

[start] [ERROR] [2026-07-05 18:20:27.817] [C011143_C011143MCM1] 
Can not find product ID  in parameter products.xml [end]

[start] [ERROR] [2026-07-05 18:20:27.818] [C011143_C011143MCM1] 
Can not find product ID  in parameter products.xml [end]

[start] [ERROR] [2026-07-05 18:20:27.819] [C011143_C011143MCM1] 
Can not find product ID  in parameter products.xml [end]

[start] [ERROR] [2026-07-05 18:20:27.821] [C011143_C011143MCM1] 
Can not find product ID  in parameter products.xml [end]

[start] [ERROR] [2026-07-05 18:20:27.822] [C011143_C011143MCM1] 
Can not find product ID  in parameter products.xml [end]

[start] [ERROR] [2026-07-05 18:20:27.823] [C011143_C011143MCM1] 
Can not find product ID  in parameter products.xml [end]

[start] [ERROR] [2026-07-05 18:20:27.824] [C011143_C011143MCM1] 
Can not find product ID  in parameter products.xml [end]

[start] [ERROR] [2026-07-05 18:20:27.825] [C011143_C011143MCM1] 
Can not find product ID  in parameter products.xml [end]

[start] [ERROR] [2026-07-05 18:20:27.827] [C011143_C011143MCM1] 
Can not find product ID  in parameter products.xml [end]

[start] [ERROR] [2026-07-05 18:20:27.828] [C011143_C011143MCM1] 
Can not find product ID  in parameter products.xml [end]

[start] [ERROR] [2026-07-05 18:20:27.830] [C011143_C011143MCM1] 
Can not find product ID  in parameter products.xml [end]

[start] [ERROR] [2026-07-05 18:20:27.831] [C011143_C011143MCM1] 
Can not find product ID  in parameter products.xml [end]

[start] [ERROR] [2026-07-05 18:20:27.832] [C011143_C011143MCM1] 
Can not find product ID  in parameter products.xml [end]

[start] [ERROR] [2026-07-05 18:20:27.834] [C011143_C011143MCM1] 
Can not find product ID  in parameter products.xml [end]

[start] [ERROR] [2026-07-05 18:20:27.835] [C011143_C011143MCM1] 
Can not find product ID  in parameter products.xml [end]

[start] [ERROR] [2026-07-05 18:20:27.836] [C011143_C011143MCM1] 
Can not find product ID  in parameter products.xml [end]

[start] [ERROR] [2026-07-05 18:20:27.837] [C011143_C011143MCM1] 
Can not find product ID  in parameter products.xml [end]

[start] [ERROR] [2026-07-05 18:20:27.838] [C011143_C011143MCM1] 
Can not find product ID  in parameter products.xml [end]

[start] [ERROR] [2026-07-05 18:20:27.840] [C011143_C011143MCM1] 
Can not find product ID  in parameter products.xml [end]

[start] [ERROR] [2026-07-05 18:20:27.841] [C011143_C011143MCM1] 
Can not find product ID  in parameter products.xml [end]

[start] [ERROR] [2026-07-05 18:20:27.842] [C011143_C011143MCM1] 
Can not find product ID  in parameter products.xml [end]

[start] [ERROR] [2026-07-05 18:20:27.844] [C011143_C011143MCM1] 
Can not find product ID  in parameter products.xml [end]

[start] [ERROR] [2026-07-05 18:20:27.845] [C011143_C011143MCM1] 
Can not find product ID  in parameter products.xml [end]

[start] [ERROR] [2026-07-05 18:20:27.846] [C011143_C011143MCM1] 
Can not find product ID  in parameter products.xml [end]

[start] [ERROR] [2026-07-05 18:20:27.847] [C011143_C011143MCM1] 
Can not find product ID  in parameter products.xml [end]

[start] [ERROR] [2026-07-05 18:20:27.848] [C011143_C011143MCM1] 
Can not find product ID  in parameter products.xml [end]

[start] [ERROR] [2026-07-05 18:20:27.850] [C011143_C011143MCM1] 
Can not find product ID  in parameter products.xml [end]

[start] [ERROR] [2026-07-05 18:20:27.851] [C011143_C011143MCM1] 
Can not find product ID  in parameter products.xml [end]

[start] [ERROR] [2026-07-05 18:20:27.852] [C011143_C011143MCM1] 
Can not find product ID  in parameter products.xml [end]

[start] [ERROR] [2026-07-05 18:20:27.853] [C011143_C011143MCM1] 
Can not find product ID  in parameter products.xml [end]

[start] [ERROR] [2026-07-05 18:20:27.855] [C011143_C011143MCM1] 
Can not find product ID  in parameter products.xml [end]

[start] [ERROR] [2026-07-05 18:20:27.856] [C011143_C011143MCM1] 
Can not find product ID  in parameter products.xml [end]

[start] [ERROR] [2026-07-05 18:20:27.857] [C011143_C011143MCM1] 
Can not find product ID  in parameter products.xml [end]

[start] [ERROR] [2026-07-05 18:20:27.859] [C011143_C011143MCM1] 
Can not find product ID  in parameter products.xml [end]

[start] [ERROR] [2026-07-05 18:20:27.860] [C011143_C011143MCM1] 
Can not find product ID  in parameter products.xml [end]

[start] [ERROR] [2026-07-05 18:20:27.861] [C011143_C011143MCM1] 
Can not find product ID  in parameter products.xml [end]

[start] [ERROR] [2026-07-05 18:20:27.863] [C011143_C011143MCM1] 
Can not find product ID  in parameter products.xml [end]

[start] [ERROR] [2026-07-05 18:20:27.865] [C011143_C011143MCM1] 
Can not find product ID  in parameter products.xml [end]

[start] [ERROR] [2026-07-05 18:20:27.866] [C011143_C011143MCM1] 
Can not find product ID  in parameter products.xml [end]

[start] [DEBUG] [2026-07-05 18:20:27.869] [C011143_C011143MCM1] 
====request content is: 
    Request Type: Temp
Component : DBHelper
Session Context is: 
com.cs.core.utility.SessionContext@f8622544
Request Info Type : com.cs.core.dao.exec.SQLDao
Request Info Content is: 
[01]SELECT C_UNIT_CODE,C_UNIT_NAME FROM CEUSER.SEC_BUSINESS_UNIT WHERE C_UNIT_CODE = 'C011143' 

 [end]

[start] [DEBUG] [2026-07-05 18:20:27.888] [C011143_C011143MCM1] 
====request content is: 
    Request Type: Temp
Component : DBHelper
Session Context is: 
com.cs.core.utility.SessionContext@f8622544
Request Info Type : com.cs.core.dao.exec.SQLDao
Request Info Content is: 
[01]SELECT C_CRITERIA_DATA,C_TMPL_NAME,C_IS_DEFAULT FROM CETRX.STD_SEARCH_CRITERIA  WHERE  C_UNIT_CODE = 'C011143'  AND  C_USER_ID = 'C011143MCM1'  AND  C_CATA_ID = 'C2A_InProgress_Maker'  AND  C_BK_GROUP_ID = 'CSBANK'  AND  I_CRITERIA_TYPE = 4 

 [end]

[start] [DEBUG] [2026-07-05 18:20:44.999] [C011143_C011143MCM1] 
The request URI is : /BL6CEWeb/logout.do [end]

[start] [DEBUG] [2026-07-05 18:20:45.000] [C011143_C011143MCM1] 
The URI is :/BL6CEWeb/logout.do [end]

[start] [DEBUG] [2026-07-05 18:20:45.002] [C011143_C011143MCM1] 
The session refresh token in session is : null [end]

[start] [DEBUG] [2026-07-05 18:20:45.004] [C011143_C011143MCM1] 
====request content is: 
    Request Type: Temp
Component : DBHelper
Session Context is: 
com.cs.core.utility.SessionContext@b576400b
Request Info Type : com.cs.core.dao.exec.SQLDao
Request Info Content is: 
[01]SELECT C_INACTIVE FROM CEUSER.SEC_USER_INFO WHERE C_USER_ID = 'C011143MCM1' AND C_UNIT_CODE = 'C011143' 

 [end]

[start] [DEBUG] [2026-07-05 18:20:45.009] [C011143_C011143MCM1] 
====request content is: 
    Request Type: Temp
Component : DBHelper
Session Context is: 
com.cs.core.utility.SessionContext@b576400b
Request Info Type : com.cs.core.dao.exec.SQLDao
Request Info Content is: 
[01]SELECT C_IS_INFORM FROM CEUSER.SEC_LOGIN_SESSION WHERE C_SESSION_ID = '_2Ur99UXgpKgm3GfbaUglBS' 

 [end]

[start] [DEBUG] [2026-07-05 18:20:45.015] [C011143_C011143MCM1] 

------------------ Session ID : _2Ur99UXgpKgm3GfbaUglBS --------------------

{com.ibm.websphere.servlet.uri_non_decoded,/BL6CEWeb/logout.do}

{CHECKED_REFRESH,T}

{JSESSIONID,}

{TrxSessionId,8A828497019F32A72E4A011E}

{javax.servlet.forward.query_string, 
LOGIN_NAME=
FUN_DESC=null
PRODUCT_NAME=
_TRX_STATUS=LOGOFF_UNLOCKED
SEL_TYPE=
ITEM_NAME=
IMG_INQ_TYPE=
TRAN_NAME=
CATA_PAGE_SIZE=
UNIT_CODE=
SUB_CATA_ID=
INI_ITEM_ID=
PRODUCT_ID=
CATA_NUM=
CATA_CURR=
_ACT_TYPE=
ExcelType=
ID=
CURR_OPER=
DoType=
PREV_TRAN_NAME=
TITLE_NAME=
EXCELTYPE=
FUN_NAME=
_EVENT_TITLE=
FUNC_ID=
GRP_NAME=
CATA_TYPE=
CE_SELECT_CATAFIELD=
ITEM_ID=
REFRESH_TOKEN=19
CSRFTOKEN=8SawmA8d28s497S9FQSb287qEeJ1iO8u9Cs3H5bx01WT9F32AU6DB9IKE0lq7117
SAVED=
SELECTEDFIELDS=
TRAN_TYPE=
CURR_DATE=
TRXL_TYPE=
}
 [end]

[start] [DEBUG] [2026-07-05 18:20:45.018] [C011143_C011143MCM1] 
==========Watching important CE session data [starting......]
==========Current class name is [com.cs.ceweb.servlets.WSSCELogout], cdoe line number is [78].
==========CE session user information:
userId(C_USER_ID)=C011143MCM1,
userDesc(C_USER_DESC)=C011143MCM1,
userType(I_USER_TYPE)=2,
multiLogin(I_MULTI_LOGIN)=true,
deftUnitCode(C_DFLT_UNIT_CODE)=C011143,
authLevel(I_AUTH_LEVEL)=1,
langVal(C_LANG_VAL)=null,
secType(I_SEC_TYPE)=-1,
tempProtect(C_TMPL_PROTECT)=F,
C_TIMEZONE_ID=null
C_UNIT_CODE=C011143
C_CNTY_CODE=US
C_LANG_NAME=null
C_CHANGE_PSW=F
C_LOGIN_RULE=null
C_AUTH_SET=null
C_PRIVATE_MAIL=henry.chen@chinasystems.com
C_BK_GROUP_ID=CSBANK

==========CE session business group information:
unitCode(C_UNIT_CODE)=C011143,
unitName(C_UNIT_NAME)=C011143nm,
bkGrpId(C_BK_GROUP_ID)=CSBANK,
cntyCode(C_CNTY_CODE)=US,
subCnty(C_SUB_CNTY)=US,
bank(C_IS_BANK)=F,
secType(I_SEC_TYPE)=3
tempProtect(C_TMPL_PROTECT)=F,
C_LANG_NAME=null
I_UNIT_TYPE=1
C_HAVE_AUTH=T
C_LANG_VAL=null
C_BANK_UNIT=null
C_BANK_CODE=null
dualCtrl(C_DUAL_CTRL)=T,
custFmt=decFormat(C_DEC_FORMAT)=.,
intFormat(C_INT_FORMAT)=,,
intFmtLen(I_INT_FMT_LEN)=3,
dateFormat(C_DATE_FORM)=yyyy-mm-dd,
,

==========CE session system information:
system information is a null object.
==========Watching important CE session data [end......]
 [end]

[start] [DEBUG] [2026-07-05 18:20:45.021] [C011143_C011143MCM1] 
====request content is: 
    Request Type: Temp
Component : DBHelper
Session Context is: 
com.cs.core.utility.SessionContext@b576400b
Request Info Type : com.cs.core.dao.exec.SQLDao
Request Info Content is: 
[01]INSERT INTO CETRX.TRX_ACT_LOG (C_LOG_ID,C_BK_GROUP_ID,C_CNTY_CODE,C_GRP_CODE,C_UNIT_CODE,C_USER_ID,C_IP_ADDRESS,C_FUNC_ID,D_CREA_DATE,T_CREA_TIME,D_SYS_OP_DATE,T_SYS_OP_TIME,D_SYS_TRT_DATE,T_SYS_TRT_TIME,C_BUSI_KEY) VALUES ('8A8284979F2871C3019F32A72E5A011F','CSBANK','US','C011143','C011143','C011143MCM1','10.3.1.43','LogOut','2026-07-05','14:20:45','2026-07-05','14:20:45','2026-07-05','14:20:45','C011143;C011143MCM1')

 [end]

[start] [DEBUG] [2026-07-05 18:20:45.049] [C011143_C011143MCM1] 
====request content is: 
    Request Type: Temp
Component : DBHelper
Session Context is: 
com.cs.core.utility.SessionContext@5727ae76
Request Info Type : com.cs.core.dao.exec.SQLDao
Request Info Content is: 
[01]DELETE FROM CEUSER.SEC_LOGIN_SESSION WHERE C_BK_GROUP_ID = 'CSBANK' AND C_USER_ID = 'C011143MCM1' AND C_UNIT_CODE = 'C011143' AND C_SESSION_ID = '_2Ur99UXgpKgm3GfbaUglBS' 

 [end]

[start] [DEBUG] [2026-07-05 18:20:45.056] [C011143_C011143MCM1] 
== go to screen: /SYS_index.htm [end]

[start] [DEBUG] [2026-07-05 18:20:45.178] [C011143_C011143MCM1] 
The request URI is : /BL6CEWeb/JS/rsaencrypt/jsencrypt.min.js [end]

[start] [DEBUG] [2026-07-05 18:20:45.179] [C011143_C011143MCM1] 
The session refresh token in session is : null [end]

[start] [DEBUG] [2026-07-05 18:20:45.185] [C011143_C011143MCM1] 
The request URI is : /BL6CEWeb/SYS_JS/jQuery/jquery.min.js [end]

[start] [DEBUG] [2026-07-05 18:20:45.186] [C011143_C011143MCM1] 
The request URI is : /BL6CEWeb/JS/rsaencrypt/Publickey.js [end]

[start] [DEBUG] [2026-07-05 18:20:45.186] [C011143_C011143MCM1] 
The session refresh token in session is : null [end]

[start] [DEBUG] [2026-07-05 18:20:45.187] [C011143_C011143MCM1] 
The session refresh token in session is : null [end]

[start] [DEBUG] [2026-07-05 18:20:49.908] [C011143_C011143MCM1] 
The request URI is : /BL6CEWeb/screen/SECindex.htm [end]

[start] [DEBUG] [2026-07-05 18:20:49.909] [C011143_C011143MCM1] 
The session refresh token in session is : null [end]

[start] [DEBUG] [2026-07-05 18:21:01.264] [C011143_C011143MCM1] 
The request URI is : /BL6CEWeb/fonts/IBM_Plex_Sans/IBMPlexSans-Regular.ttf [end]

[start] [DEBUG] [2026-07-05 18:21:01.265] [C011143_C011143MCM1] 
The URI is :/BL6CEWeb/fonts/IBM_Plex_Sans/IBMPlexSans-Regular.ttf [end]

[start] [DEBUG] [2026-07-05 18:21:01.266] [C011143_C011143MCM1] 
The session refresh token in session is : null [end]

[start] [DEBUG] [2026-07-05 18:29:04.351] [C011143_C011143MCM1] 
The request URI is : /BL6CEWeb/SYS_JS/Ext/MessageBox.js [end]

[start] [DEBUG] [2026-07-05 18:29:04.368] [C011143_C011143MCM1] 
The URI is :/BL6CEWeb/SYS_JS/Ext/MessageBox.js [end]

[start] [DEBUG] [2026-07-05 18:29:04.370] [C011143_C011143MCM1] 
The session refresh token in session is : null [end]

[start] [DEBUG] [2026-07-05 18:29:04.520] [C011143_C011143MCM1] 
The request URI is : /BL6CEWeb/JS/FADA_ReqAmdAgremntME_Function.js [end]

[start] [DEBUG] [2026-07-05 18:29:04.521] [C011143_C011143MCM1] 
The URI is :/BL6CEWeb/JS/FADA_ReqAmdAgremntME_Function.js [end]

[start] [DEBUG] [2026-07-05 18:29:04.523] [C011143_C011143MCM1] 
The session refresh token in session is : null [end]

[start] [DEBUG] [2026-07-05 18:29:05.632] [C011143_C011143MCM1] 
The request URI is : /BL6CEWeb/SYS_JS/DO/XMLUtil.js [end]

[start] [DEBUG] [2026-07-05 18:29:05.633] [C011143_C011143MCM1] 
The URI is :/BL6CEWeb/SYS_JS/DO/XMLUtil.js [end]

[start] [DEBUG] [2026-07-05 18:29:05.634] [C011143_C011143MCM1] 
The session refresh token in session is : null [end]

[start] [DEBUG] [2026-07-05 18:29:05.747] [C011143_C011143MCM1] 
The request URI is : /BL6CEWeb/SYS_JS/DO/DoPanelForSimple.js [end]

[start] [DEBUG] [2026-07-05 18:29:05.748] [C011143_C011143MCM1] 
The URI is :/BL6CEWeb/SYS_JS/DO/DoPanelForSimple.js [end]

[start] [DEBUG] [2026-07-05 18:29:05.749] [C011143_C011143MCM1] 
The session refresh token in session is : null [end]

[start] [DEBUG] [2026-07-05 18:29:05.954] [C011143_C011143MCM1] 
The request URI is : /BL6CEWeb/SYS_JS/DO/DoUnit.js [end]

[start] [DEBUG] [2026-07-05 18:29:05.955] [C011143_C011143MCM1] 
The URI is :/BL6CEWeb/SYS_JS/DO/DoUnit.js [end]

[start] [DEBUG] [2026-07-05 18:29:05.956] [C011143_C011143MCM1] 
The session refresh token in session is : null [end]
