
[start] [INFO] [2026-07-05 20:03:15.055] [BUYER_JEOP1] 
---------------------Begin 2026-07-05 20:03:15 012    CREATE_BU:BUYER    CREATE_BY:JEOP1 ---------------------
[01]  DELETE FROM CEUSER.SEC_LOGIN_SESSION WHERE C_USER_ID = 'JEOP1' AND C_UNIT_CODE = 'BUYER' AND C_BK_GROUP_ID = 'CSBANK' AND C_SESSION_ID = 'Q518xbEJoR1fW5yyignc2lm' 
[02]  UPDATE CEUSER.SEC_LOGIN_SESSION SET C_IS_INFORM = 'T' WHERE C_USER_ID = 'JEOP1' AND C_UNIT_CODE = 'BUYER' AND C_BK_GROUP_ID = 'CSBANK' 
[03]  INSERT INTO CEUSER.SEC_LOGIN_SESSION (C_BK_GROUP_ID,C_UNIT_CODE,C_USER_ID,C_SESSION_ID,C_IS_INFORM) VALUES ('CSBANK','BUYER','JEOP1','Q518xbEJoR1fW5yyignc2lm','F')
---------------------- End 2026-07-05 20:03:15 053 ------------------------
 [end]

[start] [INFO] [2026-07-05 20:03:15.103] [BUYER_JEOP1] 
---------------------Begin 2026-07-05 20:03:15 063    CREATE_BU:BUYER    CREATE_BY:JEOP1 ---------------------
[01]  INSERT INTO CETRX.TRX_ACT_LOG (C_LOG_ID,C_BK_GROUP_ID,C_CNTY_CODE,C_GRP_CODE,C_UNIT_CODE,C_USER_ID,C_IP_ADDRESS,C_FUNC_ID,D_CREA_DATE,T_CREA_TIME,D_SYS_OP_DATE,T_SYS_OP_TIME,D_SYS_TRT_DATE,T_SYS_TRT_TIME,C_BUSI_KEY) VALUES ('8A8284979F2871C3019F330505F40176','CSBANK','US','BUYER','BUYER','JEOP1','10.3.1.40','Login',TO_DATE('2026-07-05','YYYY-MM-DD'),TO_DATE('16:03:15','HH24:MI:SS'),TO_DATE('2026-07-05','YYYY-MM-DD'),TO_DATE('16:03:15','HH24:MI:SS'),TO_DATE('2026-07-05','YYYY-MM-DD'),TO_DATE('16:03:15','HH24:MI:SS'),'BUYER;JEOP1')
---------------------- End 2026-07-05 20:03:15 101 ------------------------
 [end]

[start] [INFO] [2026-07-05 20:03:15.408] [BUYER_JEOP1] 
---------------------Begin 2026-07-05 20:03:15 406    CREATE_BU:BUYER    CREATE_BY:JEOP1 ---------------------
[01]  SELECT C_INACTIVE FROM CEUSER.SEC_USER_INFO WHERE C_USER_ID = 'JEOP1' AND C_UNIT_CODE = 'BUYER' 
---------------------- End 2026-07-05 20:03:15 407 ------------------------
 [end]

[start] [INFO] [2026-07-05 20:03:15.413] [BUYER_JEOP1] 
---------------------Begin 2026-07-05 20:03:15 410    CREATE_BU:BUYER    CREATE_BY:JEOP1 ---------------------
[01]  SELECT C_IS_INFORM FROM CEUSER.SEC_LOGIN_SESSION WHERE C_SESSION_ID = 'Q518xbEJoR1fW5yyignc2lm' 
---------------------- End 2026-07-05 20:03:15 412 ------------------------
 [end]

[start] [INFO] [2026-07-05 20:03:15.448] [BUYER_JEOP1] 
---------------------Begin 2026-07-05 20:03:15 445    CREATE_BU:BUYER    CREATE_BY:JEOP1 ---------------------
[01]  SELECT C_INACTIVE FROM CEUSER.SEC_USER_INFO WHERE C_USER_ID = 'JEOP1' AND C_UNIT_CODE = 'BUYER' 
---------------------- End 2026-07-05 20:03:15 447 ------------------------
 [end]

[start] [INFO] [2026-07-05 20:03:15.499] [BUYER_JEOP1] 
---------------------Begin 2026-07-05 20:03:15 497    CREATE_BU:BUYER    CREATE_BY:JEOP1 ---------------------
[01]  SELECT C_INACTIVE FROM CEUSER.SEC_USER_INFO WHERE C_USER_ID = 'JEOP1' AND C_UNIT_CODE = 'BUYER' 
---------------------- End 2026-07-05 20:03:15 498 ------------------------
 [end]

[start] [INFO] [2026-07-05 20:03:15.516] [BUYER_JEOP1] 
---------------------Begin 2026-07-05 20:03:15 506    CREATE_BU:BUYER    CREATE_BY:JEOP1 ---------------------
[01]  SELECT C_INACTIVE FROM CEUSER.SEC_USER_INFO WHERE C_USER_ID = 'JEOP1' AND C_UNIT_CODE = 'BUYER' 
---------------------- End 2026-07-05 20:03:15 508 ------------------------
 [end]

[start] [INFO] [2026-07-05 20:03:15.530] [BUYER_JEOP1] 
---------------------Begin 2026-07-05 20:03:15 526    CREATE_BU:BUYER    CREATE_BY:JEOP1 ---------------------
[01]  SELECT C_FUNC_ID,T_OP_TIME FROM CETRX.TRX_FAVOR_FUNC  WHERE  C_UNIT_CODE = 'BUYER'  AND  C_USER_ID = 'JEOP1'  ORDER BY  T_OP_TIME DESC 
---------------------- End 2026-07-05 20:03:15 528 ------------------------
 [end]

[start] [INFO] [2026-07-05 20:03:15.537] [BUYER_JEOP1] 
---------------------Begin 2026-07-05 20:03:15 517    CREATE_BU:BUYER    CREATE_BY:JEOP1 ---------------------
[01]  SELECT COUNT(*) AS RECCOUNT FROM CETRX.STD_NOTIFICATION  WHERE C_NOTI_ID IN ( SELECT C_NOTI_ID FROM CETRX.STD_NOTIFICATION_STATUS  WHERE  C_READ_STATUS = 'F'  AND  C_USER_ID = 'JEOP1'  AND  C_UNIT_CODE = 'BUYER'  )
---------------------- End 2026-07-05 20:03:15 535 ------------------------
 [end]

[start] [INFO] [2026-07-05 20:03:15.547] [BUYER_JEOP1] 
---------------------Begin 2026-07-05 20:03:15 544    CREATE_BU:BUYER    CREATE_BY:JEOP1 ---------------------
[01]  SELECT C_INACTIVE FROM CEUSER.SEC_USER_INFO WHERE C_USER_ID = 'JEOP1' AND C_UNIT_CODE = 'BUYER' 
---------------------- End 2026-07-05 20:03:15 546 ------------------------
 [end]

[start] [INFO] [2026-07-05 20:03:15.587] [BUYER_JEOP1] 
---------------------Begin 2026-07-05 20:03:15 584    CREATE_BU:BUYER    CREATE_BY:JEOP1 ---------------------
[01]  SELECT C_INACTIVE FROM CEUSER.SEC_USER_INFO WHERE C_USER_ID = 'JEOP1' AND C_UNIT_CODE = 'BUYER' 
---------------------- End 2026-07-05 20:03:15 586 ------------------------
 [end]

[start] [INFO] [2026-07-05 20:03:15.591] [BUYER_JEOP1] 
---------------------Begin 2026-07-05 20:03:15 588    CREATE_BU:BUYER    CREATE_BY:JEOP1 ---------------------
[01]  SELECT C_INACTIVE FROM CEUSER.SEC_USER_INFO WHERE C_USER_ID = 'JEOP1' AND C_UNIT_CODE = 'BUYER' 
---------------------- End 2026-07-05 20:03:15 590 ------------------------
 [end]

[start] [INFO] [2026-07-05 20:03:15.602] [BUYER_JEOP1] 
---------------------Begin 2026-07-05 20:03:15 595    CREATE_BU:BUYER    CREATE_BY:JEOP1 ---------------------
[01]  SELECT * FROM CEUSER.SEC_BUSINESS_UNIT WHERE C_UNIT_CODE = 'BUYER' 
---------------------- End 2026-07-05 20:03:15 598 ------------------------
 [end]

[start] [INFO] [2026-07-05 20:03:15.632] [BUYER_JEOP1] 
---------------------Begin 2026-07-05 20:03:15 628    CREATE_BU:BUYER    CREATE_BY:JEOP1 ---------------------
[01]  SELECT C_AUTH_RULE FROM CEUSER.SEC_USER_INFO WHERE C_BK_GROUP_ID = 'CSBANK' AND C_UNIT_CODE = 'BUYER' AND C_USER_ID = 'JEOP1' 
---------------------- End 2026-07-05 20:03:15 631 ------------------------
 [end]

[start] [INFO] [2026-07-05 20:03:15.636] [BUYER_JEOP1] 
---------------------Begin 2026-07-05 20:03:15 633    CREATE_BU:BUYER    CREATE_BY:JEOP1 ---------------------
[01]  SELECT C_AUTH_RULE FROM CEUSER.SEC_BUSINESS_UNIT WHERE C_BK_GROUP_ID = 'CSBANK' AND C_UNIT_CODE = 'BUYER' 
---------------------- End 2026-07-05 20:03:15 635 ------------------------
 [end]

[start] [INFO] [2026-07-05 20:03:15.656] [BUYER_JEOP1] 
---------------------Begin 2026-07-05 20:03:15 653    CREATE_BU:BUYER    CREATE_BY:JEOP1 ---------------------
[01]  SELECT C_INACTIVE FROM CEUSER.SEC_USER_INFO WHERE C_USER_ID = 'JEOP1' AND C_UNIT_CODE = 'BUYER' 
---------------------- End 2026-07-05 20:03:15 655 ------------------------
 [end]

[start] [INFO] [2026-07-05 20:03:15.658] [BUYER_JEOP1] 
---------------------Begin 2026-07-05 20:03:15 655    CREATE_BU:BUYER    CREATE_BY:JEOP1 ---------------------
[01]  SELECT C_INACTIVE FROM CEUSER.SEC_USER_INFO WHERE C_USER_ID = 'JEOP1' AND C_UNIT_CODE = 'BUYER' 
---------------------- End 2026-07-05 20:03:15 657 ------------------------
 [end]

[start] [INFO] [2026-07-05 20:03:15.756] [BUYER_JEOP1] 
---------------------Begin 2026-07-05 20:03:15 641    CREATE_BU:BUYER    CREATE_BY:JEOP1 ---------------------
[01]  SELECT COUNT(*) FROM CETRX.STT_CLAUSE WHERE C_BK_GROUP_ID = 'CSBANK' AND C_UNIT_CODE = 'BUYER' AND C_TRX_STATUS NOT IN ('R', 'F', 'Z')
---------------------- End 2026-07-05 20:03:15 755 ------------------------
 [end]

[start] [INFO] [2026-07-05 20:03:15.851] [BUYER_JEOP1] 
---------------------Begin 2026-07-05 20:03:15 847    CREATE_BU:BUYER    CREATE_BY:JEOP1 ---------------------
[01]  SELECT C_AUTH_RULE FROM CEUSER.SEC_USER_INFO WHERE C_BK_GROUP_ID = 'CSBANK' AND C_UNIT_CODE = 'BUYER' AND C_USER_ID = 'JEOP1' 
---------------------- End 2026-07-05 20:03:15 850 ------------------------
 [end]

[start] [INFO] [2026-07-05 20:03:15.856] [BUYER_JEOP1] 
---------------------Begin 2026-07-05 20:03:15 852    CREATE_BU:BUYER    CREATE_BY:JEOP1 ---------------------
[01]  SELECT C_AUTH_RULE FROM CEUSER.SEC_BUSINESS_UNIT WHERE C_BK_GROUP_ID = 'CSBANK' AND C_UNIT_CODE = 'BUYER' 
---------------------- End 2026-07-05 20:03:15 855 ------------------------
 [end]

[start] [INFO] [2026-07-05 20:03:15.858] [BUYER_JEOP1] 
---------------------Begin 2026-07-05 20:03:15 854    CREATE_BU:BUYER    CREATE_BY:JEOP1 ---------------------
[01]  SELECT DISTINCT C_WIDGET_NAME FROM CEUSER.SEC_WIDGETS_V2_LIST  WHERE  C_IS_ACTIVE = 'Y'  AND  C_ROLE_NAME IN ('MAKER','CHECKER')  ORDER BY  C_WIDGET_NAME 
---------------------- End 2026-07-05 20:03:15 856 ------------------------
 [end]

[start] [INFO] [2026-07-05 20:03:15.862] [BUYER_JEOP1] 
---------------------Begin 2026-07-05 20:03:15 859    CREATE_BU:BUYER    CREATE_BY:JEOP1 ---------------------
[01]  SELECT TAB.C_TAB_ID,TAB.C_TAB_NAME,TAB.I_TAB_SEQUENCE FROM CEUSER.SEC_WIDGETS_V2_TABS TAB LEFT JOIN CEUSER.SEC_WIDGETS_V2_LAYOUT LYT ON (TAB.C_TAB_ID = LYT.C_TAB_ID AND  TAB.C_UNIT_CODE = LYT.C_UNIT_CODE AND TAB.C_USER_ID = LYT.C_USER_ID )    WHERE  TAB.C_UNIT_CODE = 'BUYER'  AND  TAB.C_USER_ID = 'JEOP1'  AND  LYT.C_PAGE_NAME = 'default'  ORDER BY  TAB.I_TAB_SEQUENCE ASC 
---------------------- End 2026-07-05 20:03:15 861 ------------------------
 [end]

[start] [INFO] [2026-07-05 20:03:15.863] [BUYER_JEOP1] 
---------------------Begin 2026-07-05 20:03:15 860    CREATE_BU:BUYER    CREATE_BY:JEOP1 ---------------------
[01]  SELECT C_AUTH_RULE FROM CEUSER.SEC_USER_INFO WHERE C_BK_GROUP_ID = 'CSBANK' AND C_UNIT_CODE = 'BUYER' AND C_USER_ID = 'JEOP1' 
---------------------- End 2026-07-05 20:03:15 862 ------------------------
 [end]

[start] [INFO] [2026-07-05 20:03:15.878] [BUYER_JEOP1] 
---------------------Begin 2026-07-05 20:03:15 865    CREATE_BU:BUYER    CREATE_BY:JEOP1 ---------------------
[01]  SELECT C_AUTH_RULE FROM CEUSER.SEC_BUSINESS_UNIT WHERE C_BK_GROUP_ID = 'CSBANK' AND C_UNIT_CODE = 'BUYER' 
---------------------- End 2026-07-05 20:03:15 866 ------------------------
 [end]

[start] [INFO] [2026-07-05 20:03:15.905] [BUYER_JEOP1] 
---------------------Begin 2026-07-05 20:03:15 884    CREATE_BU:BUYER    CREATE_BY:JEOP1 ---------------------
[01]  SELECT COUNT(*) FROM CETRX.TRX_INBOX WHERE C_TRX_STATUS IN ('P', 'Z') AND C_BK_GROUP_ID = 'CSBANK' AND (C_TRX_STATUS <> 'R' AND C_TRX_STATUS <> 'A' OR C_TRX_STATUS IS NULL) AND C_PRODUCT_ID = 'P08091000000' AND C_UNIT_CODE = 'BUYER'
---------------------- End 2026-07-05 20:03:15 903 ------------------------
 [end]

[start] [INFO] [2026-07-05 20:03:15.916] [BUYER_JEOP1] 
---------------------Begin 2026-07-05 20:03:15 911    CREATE_BU:BUYER    CREATE_BY:JEOP1 ---------------------
[01]  SELECT C_LAYOUT_INFO FROM CEUSER.SEC_WIDGETS_V2_LAYOUT  WHERE  C_UNIT_CODE = 'BUYER'  AND  C_USER_ID = 'JEOP1'  AND  C_PAGE_NAME = 'default' 
---------------------- End 2026-07-05 20:03:15 915 ------------------------
 [end]

[start] [INFO] [2026-07-05 20:03:15.949] [BUYER_JEOP1] 
---------------------Begin 2026-07-05 20:03:15 945    CREATE_BU:BUYER    CREATE_BY:JEOP1 ---------------------
[01]  SELECT DISTINCT C_WIDGET_NAME FROM CEUSER.SEC_WIDGETS_V2_LIST  WHERE  C_IS_ACTIVE = 'Y'  AND  C_ROLE_NAME IN ('MAKER','CHECKER')  ORDER BY  C_WIDGET_NAME 
---------------------- End 2026-07-05 20:03:15 948 ------------------------
 [end]

[start] [INFO] [2026-07-05 20:03:16.061] [BUYER_JEOP1] 
---------------------Begin 2026-07-05 20:03:16 008    CREATE_BU:BUYER    CREATE_BY:JEOP1 ---------------------
[01]  SELECT TAB.C_TAB_ID,TAB.C_TAB_NAME,TAB.I_TAB_SEQUENCE,LYT.C_LAYOUT_INFO FROM CEUSER.SEC_WIDGETS_V2_TABS TAB LEFT JOIN CEUSER.SEC_WIDGETS_V2_LAYOUT LYT ON (TAB.C_TAB_ID = LYT.C_TAB_ID AND  TAB.C_UNIT_CODE = LYT.C_UNIT_CODE AND TAB.C_USER_ID = LYT.C_USER_ID )    WHERE  TAB.C_UNIT_CODE = 'BUYER'  AND  TAB.C_USER_ID = 'JEOP1'  AND  LYT.C_PAGE_NAME = 'default'  ORDER BY  TAB.I_TAB_SEQUENCE ASC 
---------------------- End 2026-07-05 20:03:16 060 ------------------------
 [end]

[start] [INFO] [2026-07-05 20:03:16.073] [BUYER_JEOP1] 
---------------------Begin 2026-07-05 20:03:16 069    CREATE_BU:BUYER    CREATE_BY:JEOP1 ---------------------
[01]  SELECT C_INST_CONFIG FROM CEUSER.SEC_WIDGETS_V2_INST_CONFIG  WHERE  C_INST_ID = '2C92808496D29E530196D2B42EA3002C'  AND  C_UNIT_CODE = 'BUYER'  AND  C_USER_ID = 'JEOP1' 
---------------------- End 2026-07-05 20:03:16 072 ------------------------
 [end]

[start] [INFO] [2026-07-05 20:03:16.121] [BUYER_JEOP1] 
---------------------Begin 2026-07-05 20:03:16 117    CREATE_BU:BUYER    CREATE_BY:JEOP1 ---------------------
[01]  SELECT C_INST_CONFIG FROM CEUSER.SEC_WIDGETS_V2_INST_CONFIG  WHERE  C_INST_ID = '2C92808496D29E530196D2B42EA3002C'  AND  C_UNIT_CODE = 'BUYER'  AND  C_USER_ID = 'JEOP1' 
---------------------- End 2026-07-05 20:03:16 120 ------------------------
 [end]

[start] [INFO] [2026-07-05 20:03:16.143] [BUYER_JEOP1] 
---------------------Begin 2026-07-05 20:03:16 139    CREATE_BU:BUYER    CREATE_BY:JEOP1 ---------------------
[01]  SELECT C_INST_CONFIG FROM CEUSER.SEC_WIDGETS_V2_INST_CONFIG  WHERE  C_INST_ID = '2C92808496D29E530196D2B42EA8002F'  AND  C_UNIT_CODE = 'BUYER'  AND  C_USER_ID = 'JEOP1' 
---------------------- End 2026-07-05 20:03:16 142 ------------------------
 [end]

[start] [INFO] [2026-07-05 20:03:16.151] [BUYER_JEOP1] 
---------------------Begin 2026-07-05 20:03:16 148    CREATE_BU:BUYER    CREATE_BY:JEOP1 ---------------------
[01]  SELECT C_INST_CONFIG FROM CEUSER.SEC_WIDGETS_V2_INST_CONFIG  WHERE  C_INST_ID = '2C92808496D29E530196D2B42EA8002F'  AND  C_UNIT_CODE = 'BUYER'  AND  C_USER_ID = 'JEOP1' 
---------------------- End 2026-07-05 20:03:16 150 ------------------------
 [end]

[start] [INFO] [2026-07-05 20:03:16.160] [BUYER_JEOP1] 
---------------------Begin 2026-07-05 20:03:16 157    CREATE_BU:BUYER    CREATE_BY:JEOP1 ---------------------
[01]  SELECT C_INST_CONFIG FROM CEUSER.SEC_WIDGETS_V2_INST_CONFIG  WHERE  C_INST_ID = '2C92808496D29E530196D2B42EA6002D'  AND  C_UNIT_CODE = 'BUYER'  AND  C_USER_ID = 'JEOP1' 
---------------------- End 2026-07-05 20:03:16 159 ------------------------
 [end]

[start] [INFO] [2026-07-05 20:03:16.168] [BUYER_JEOP1] 
---------------------Begin 2026-07-05 20:03:16 165    CREATE_BU:BUYER    CREATE_BY:JEOP1 ---------------------
[01]  SELECT C_INST_CONFIG FROM CEUSER.SEC_WIDGETS_V2_INST_CONFIG  WHERE  C_INST_ID = '2C92808496D29E530196D2B42EA6002D'  AND  C_UNIT_CODE = 'BUYER'  AND  C_USER_ID = 'JEOP1' 
---------------------- End 2026-07-05 20:03:16 167 ------------------------
 [end]

[start] [INFO] [2026-07-05 20:03:16.177] [BUYER_JEOP1] 
---------------------Begin 2026-07-05 20:03:16 174    CREATE_BU:BUYER    CREATE_BY:JEOP1 ---------------------
[01]  SELECT C_INST_CONFIG FROM CEUSER.SEC_WIDGETS_V2_INST_CONFIG  WHERE  C_INST_ID = '2C92808496D29E530196D2B42EAB0030'  AND  C_UNIT_CODE = 'BUYER'  AND  C_USER_ID = 'JEOP1' 
---------------------- End 2026-07-05 20:03:16 176 ------------------------
 [end]

[start] [INFO] [2026-07-05 20:03:16.184] [BUYER_JEOP1] 
---------------------Begin 2026-07-05 20:03:16 181    CREATE_BU:BUYER    CREATE_BY:JEOP1 ---------------------
[01]  SELECT C_INST_CONFIG FROM CEUSER.SEC_WIDGETS_V2_INST_CONFIG  WHERE  C_INST_ID = '2C92808496D29E530196D2B42EAB0030'  AND  C_UNIT_CODE = 'BUYER'  AND  C_USER_ID = 'JEOP1' 
---------------------- End 2026-07-05 20:03:16 183 ------------------------
 [end]

[start] [INFO] [2026-07-05 20:03:16.188] [BUYER_JEOP1] 
---------------------Begin 2026-07-05 20:03:15 988    CREATE_BU:BUYER    CREATE_BY:JEOP1 ---------------------
[01]  SELECT COUNT(*) FROM CETRX.STT_CLAUSE WHERE C_TRX_STATUS = 'F' AND C_BK_GROUP_ID = 'CSBANK' AND C_UNIT_CODE = 'BUYER'
---------------------- End 2026-07-05 20:03:16 187 ------------------------
 [end]

[start] [INFO] [2026-07-05 20:03:16.193] [BUYER_JEOP1] 
---------------------Begin 2026-07-05 20:03:16 190    CREATE_BU:BUYER    CREATE_BY:JEOP1 ---------------------
[01]  SELECT C_INST_CONFIG FROM CEUSER.SEC_WIDGETS_V2_INST_CONFIG  WHERE  C_INST_ID = '2C92808496D29E530196D2B42EA7002E'  AND  C_UNIT_CODE = 'BUYER'  AND  C_USER_ID = 'JEOP1' 
---------------------- End 2026-07-05 20:03:16 192 ------------------------
 [end]

[start] [INFO] [2026-07-05 20:03:16.199] [BUYER_JEOP1] 
---------------------Begin 2026-07-05 20:03:16 196    CREATE_BU:BUYER    CREATE_BY:JEOP1 ---------------------
[01]  SELECT C_INST_CONFIG FROM CEUSER.SEC_WIDGETS_V2_INST_CONFIG  WHERE  C_INST_ID = '2C92808496D29E530196D2B42EA7002E'  AND  C_UNIT_CODE = 'BUYER'  AND  C_USER_ID = 'JEOP1' 
---------------------- End 2026-07-05 20:03:16 198 ------------------------
 [end]

[start] [INFO] [2026-07-05 20:03:16.231] [BUYER_JEOP1] 
---------------------Begin 2026-07-05 20:03:16 211    CREATE_BU:BUYER    CREATE_BY:JEOP1 ---------------------
[01]  SELECT COUNT(*) FROM CETRX.TRX_INBOX WHERE C_TRX_STATUS = 'R' AND C_TRX_STATUS IN ('P', 'R', 'Z') AND CURRNT_STATUS IN ('New Message from Customer', 'Reply from Customer', 'Follow from Customer', 'Intent to Pay') AND C_BK_GROUP_ID = 'CSBANK' AND C_PRODUCT_ID = 'P08091000000' AND C_UNIT_CODE = 'BUYER'
---------------------- End 2026-07-05 20:03:16 230 ------------------------
 [end]

[start] [INFO] [2026-07-05 20:03:16.280] [BUYER_JEOP1] 
---------------------Begin 2026-07-05 20:03:16 276    CREATE_BU:BUYER    CREATE_BY:JEOP1 ---------------------
[01]  SELECT C_INACTIVE FROM CEUSER.SEC_USER_INFO WHERE C_USER_ID = 'JEOP1' AND C_UNIT_CODE = 'BUYER' 
---------------------- End 2026-07-05 20:03:16 279 ------------------------
 [end]

[start] [INFO] [2026-07-05 20:03:16.300] [BUYER_JEOP1] 
---------------------Begin 2026-07-05 20:03:16 296    CREATE_BU:BUYER    CREATE_BY:JEOP1 ---------------------
[01]  SELECT C_INACTIVE FROM CEUSER.SEC_USER_INFO WHERE C_USER_ID = 'JEOP1' AND C_UNIT_CODE = 'BUYER' 
---------------------- End 2026-07-05 20:03:16 299 ------------------------
 [end]

[start] [INFO] [2026-07-05 20:03:16.397] [BUYER_JEOP1] 
---------------------Begin 2026-07-05 20:03:16 393    CREATE_BU:BUYER    CREATE_BY:JEOP1 ---------------------
[01]  SELECT C_INACTIVE FROM CEUSER.SEC_USER_INFO WHERE C_USER_ID = 'JEOP1' AND C_UNIT_CODE = 'BUYER' 
---------------------- End 2026-07-05 20:03:16 396 ------------------------
 [end]

[start] [INFO] [2026-07-05 20:03:16.411] [BUYER_JEOP1] 
---------------------Begin 2026-07-05 20:03:16 407    CREATE_BU:BUYER    CREATE_BY:JEOP1 ---------------------
[01]  SELECT C_FUNC_ID,T_OP_TIME FROM CETRX.TRX_FAVOR_FUNC  WHERE  C_UNIT_CODE = 'BUYER'  AND  C_USER_ID = 'JEOP1'  ORDER BY  T_OP_TIME DESC 
---------------------- End 2026-07-05 20:03:16 409 ------------------------
 [end]

[start] [INFO] [2026-07-05 20:03:16.567] [BUYER_JEOP1] 
---------------------Begin 2026-07-05 20:03:16 564    CREATE_BU:BUYER    CREATE_BY:JEOP1 ---------------------
[01]  SELECT C_INACTIVE FROM CEUSER.SEC_USER_INFO WHERE C_USER_ID = 'JEOP1' AND C_UNIT_CODE = 'BUYER' 
---------------------- End 2026-07-05 20:03:16 566 ------------------------
 [end]

[start] [INFO] [2026-07-05 20:03:16.600] [BUYER_JEOP1] 
---------------------Begin 2026-07-05 20:03:16 596    CREATE_BU:BUYER    CREATE_BY:JEOP1 ---------------------
[01]  SELECT C_INACTIVE FROM CEUSER.SEC_USER_INFO WHERE C_USER_ID = 'JEOP1' AND C_UNIT_CODE = 'BUYER' 
---------------------- End 2026-07-05 20:03:16 599 ------------------------
 [end]

[start] [INFO] [2026-07-05 20:03:16.615] [BUYER_JEOP1] 
---------------------Begin 2026-07-05 20:03:16 611    CREATE_BU:BUYER    CREATE_BY:JEOP1 ---------------------
[01]  SELECT C_IS_ACTIVE FROM CEUSER.SEC_WIDGETS_V2_LIST  WHERE  C_WIDGET_NAME = 'ShortcutMenu'  AND  C_ROLE_NAME IN ('MAKER','CHECKER') 
---------------------- End 2026-07-05 20:03:16 614 ------------------------
 [end]

[start] [INFO] [2026-07-05 20:03:16.624] [BUYER_JEOP1] 
---------------------Begin 2026-07-05 20:03:16 621    CREATE_BU:BUYER    CREATE_BY:JEOP1 ---------------------
[01]  SELECT C_INACTIVE FROM CEUSER.SEC_USER_INFO WHERE C_USER_ID = 'JEOP1' AND C_UNIT_CODE = 'BUYER' 
---------------------- End 2026-07-05 20:03:16 623 ------------------------
 [end]

[start] [INFO] [2026-07-05 20:03:16.638] [BUYER_JEOP1] 
---------------------Begin 2026-07-05 20:03:16 635    CREATE_BU:BUYER    CREATE_BY:JEOP1 ---------------------
[01]  SELECT A.C_REPORT_ID,A.C_GRP_CODE,A.C_USER_ID,A.T_PIN_DATE,B.C_SOURCE_REPORT,B.C_REPORT_NAME,B.T_UPDATE_DATE,C.C_USER_DESC FROM CETRX.TRX_USER_REPORT_PIN A LEFT JOIN CETRX.TRX_USER_REPORT B ON A.C_REPORT_ID = B.C_REPORT_ID  LEFT JOIN CEUSER.SEC_USER_INFO C ON A.C_GRP_CODE = C.C_UNIT_CODE AND A.C_USER_ID = C.C_USER_ID  WHERE  A.C_GRP_CODE = 'BUYER'  AND  A.C_USER_ID = 'JEOP1'  ORDER BY B.T_UPDATE_DATE DESC
---------------------- End 2026-07-05 20:03:16 637 ------------------------
 [end]

[start] [INFO] [2026-07-05 20:03:16.657] [BUYER_JEOP1] 
---------------------Begin 2026-07-05 20:03:16 617    CREATE_BU:BUYER    CREATE_BY:JEOP1 ---------------------
[01]  SELECT C_FUNC_ID,C_MODULE FROM CETRX.TRX_ACT_LOG WHERE C_FUNC_ID IS NOT NULL AND C_UNIT_CODE = 'BUYER' AND C_USER_ID = 'JEOP1' AND D_SYS_OP_DATE BETWEEN TO_DATE('2026-06-05','yyyy-MM-dd') AND TO_DATE('2026-07-05','yyyy-MM-dd') ORDER BY D_SYS_OP_DATE DESC,T_SYS_OP_TIME DESC
---------------------- End 2026-07-05 20:03:16 656 ------------------------
 [end]

[start] [INFO] [2026-07-05 20:03:16.683] [BUYER_JEOP1] 
---------------------Begin 2026-07-05 20:03:16 577    CREATE_BU:BUYER    CREATE_BY:JEOP1 ---------------------
[01]  [Id=C2A_ForYou]  SELECT COUNT(*) FROM (SELECT DISTINCT T1.C_BK_GROUP_ID, T1.C_MAIN_REF, T1.C_TRX_REF, T1.C_UNIT_CODE, T1.PARENT_MAIN_REF, T1.C_TRX_STATUS, T1.CURRNT_STATUS, T1.C2A_STATUS, T1.I_EVENT_TIMES, T1.C_MODULE, T1.C_FUNC_ID, T1.C_PRODUCT_ID, T1.C_TRX_ID, T3.C_LOCKED_FLAG, T3.C_LOCKED_OP, T3.C_USER_DESC, T1.D_SYS_OP_DATE, T1.T_SYS_OP_TIME, T1.C2A_CCY, T1.C2A_AMOUNT, T1.C2A_COUNTERPARTY FROM CETRX.TRX_INBOX T1 LEFT JOIN CETRX.TRX_NEXT_FUNC T2 ON T1.C_PRODUCT_ID = T2.C_PRODUCT_ID AND T1.C2A_STATUS = T2.C2A_STATUS AND T1.C_TRX_STATUS = T2.C_TRX_STATUS LEFT JOIN CETRX.TRX_LOCK_INFO T3 ON T1.C_MAIN_REF = T3.C_MAIN_REF AND T1.C_UNIT_CODE = T3.C_UNIT_CODE WHERE   T1.C_BK_GROUP_ID = 'CSBANK'  AND (( T1.C_UNIT_CODE = 'BUYER'  AND  T1.C_PRODUCT_ID IN ('P05122400001','P06022700000','P08071500000','P08071500001','P08071500002','P08080600000','P08091000000') )) AND (T2.C_NEXT_FUNC_ID IN (SELECT C_FUNC_ID FROM CEUSER.SEC_OP_FUNC WHERE C_USER_ID = 'JEOP1' AND C_GRP_CODE = 'BUYER' AND C_UNIT_CODE = T1.C_UNIT_CODE) OR T2.C_NEXT_FUNC_ID IN (SELECT C_FUNC_ID FROM CEUSER.SEC_OP_FUNC WHERE C_GRP_CODE = 'BUYER' AND C_USER_ID IN (SELECT C_ROLE_ID FROM CEUSER.SEC_USER_ROLE WHERE C_USER_ID = 'JEOP1' AND C_GRP_CODE = 'BUYER') AND C_UNIT_CODE = T1.C_UNIT_CODE)) AND (T1.C_TRX_STATUS = 'R' OR T1.C2A_STATUS IN ('Rejected by bank', 'Discrepancy notification', 'Document received') AND T1.C_TRX_STATUS = 'M' OR T1.C2A_STATUS IN ('Amendment(Detrimental)_fully authorized', 'Document discrepancy_fully authorized') AND T1.C_TRX_STATUS = 'A') AND T1.C_TRX_ID NOT IN (SELECT C_TRX_ID FROM CETRX.TRX_USER_DISMISS WHERE C_USER_ID = 'JEOP1' AND C_GRP_CODE = 'BUYER') AND (T1.C_MODULE = 'IMLC' OR T1.C_MODULE = 'EXLC' OR T1.C_MODULE = 'FAEF' OR T1.C_MODULE = 'FADA' OR T1.C_MODULE = 'TSUM' OR T1.C_MODULE = 'ABLF' OR T1.C_MODULE = 'UPLD') ORDER BY T1.D_SYS_OP_DATE DESC, T1.T_SYS_OP_TIME DESC)
---------------------- End 2026-07-05 20:03:16 681 ------------------------
 [end]

[start] [INFO] [2026-07-05 20:03:16.697] [BUYER_JEOP1] 
---------------------Begin 2026-07-05 20:03:16 688    CREATE_BU:BUYER    CREATE_BY:JEOP1 ---------------------
[01]  [Id=C2A_InProgress_Both]  SELECT COUNT(*) FROM CETRX.TRX_INBOX T1 LEFT JOIN CETRX.TRX_LOCK_INFO T3 ON T1.C_MAIN_REF = T3.C_MAIN_REF AND T1.C_UNIT_CODE = T3.C_UNIT_CODE WHERE   T1.C_BK_GROUP_ID = 'CSBANK'  AND (( T1.C_UNIT_CODE = 'BUYER'  AND  T1.C_PRODUCT_ID IN ('P05122400001','P06022700000','P08071500000','P08071500001','P08071500002','P08080600000','P08091000000') )) AND (T1.C_TRX_STATUS IN ('P', 'T', 'A', 'S', 'R') AND (T1.C_MODULE = 'IMLC' OR T1.C_MODULE = 'EXLC' OR T1.C_MODULE = 'FAEF' OR T1.C_MODULE = 'FADA' OR T1.C_MODULE = 'ABLF') AND T1.C2A_STATUS NOT IN ('Discrepancies rejected_fully authorized') OR T1.C_TRX_STATUS = 'M' AND (T1.C_MODULE = 'IMLC' AND T1.C2A_STATUS NOT IN ('Issued', 'Amended', 'Beneficiary rejected', 'Settled') OR T1.C_MODULE = 'EXCO' AND T1.CURRNT_STATUS NOT IN ('Payment Advice') OR T1.C_MODULE = 'EXLC' AND T1.CURRNT_STATUS NOT IN ('Settled', 'Advise Received', 'Amendment Received', 'Docment Received') OR T1.C_MODULE = 'FAEF' AND T1.CURRNT_STATUS NOT IN ('Settled', 'Advise Received') OR T1.C_MODULE = 'FADA' AND T1.CURRNT_STATUS NOT IN ('Settled', 'Advise Received') OR T1.C_MODULE = 'ABLF' AND T1.CURRNT_STATUS NOT IN ('Settled', 'Advise Received'))) AND T1.C_TRX_ID NOT IN (SELECT C_TRX_ID FROM CETRX.TRX_USER_DISMISS WHERE C_USER_ID = 'JEOP1' AND C_GRP_CODE = 'BUYER') AND (T1.C_MODULE = 'IMLC' OR T1.C_MODULE = 'EXLC' OR T1.C_MODULE = 'FAEF' OR T1.C_MODULE = 'FADA' OR T1.C_MODULE = 'ABLF')
---------------------- End 2026-07-05 20:03:16 696 ------------------------
 [end]

[start] [INFO] [2026-07-05 20:03:16.710] [BUYER_JEOP1] 
---------------------Begin 2026-07-05 20:03:16 702    CREATE_BU:BUYER    CREATE_BY:JEOP1 ---------------------
[01]  [Id=C2A_Closed]  SELECT COUNT(*) FROM CETRX.TRX_INBOX T1 LEFT JOIN CETRX.TRX_LOCK_INFO T3 ON T1.C_MAIN_REF = T3.C_MAIN_REF AND T1.C_UNIT_CODE = T3.C_UNIT_CODE WHERE   T1.C_BK_GROUP_ID = 'CSBANK'  AND (( T1.C_UNIT_CODE = 'BUYER'  AND  T1.C_PRODUCT_ID IN ('P05122400001','P06022700000','P08071500000','P08071500001','P08071500002','P08080600000','P08091000000') )) AND (T1.C2A_STATUS IN ('Issued', 'Amended', 'Beneficiary rejected', 'Discrepancies rejected_fully authorized', 'Settled') AND T1.C_MODULE = 'IMLC' OR T1.CURRNT_STATUS IN ('Issued', 'Amended', 'Detrimental Amendment', 'Beneficiary Consent', 'Beneficiary Rejected', 'Document Presentation', 'Document Presentation', 'Settlement', 'Settled') AND T1.C_MODULE = 'EXCO' OR T1.C2A_STATUS IN ('Settled', 'Amendment_fully authorized', '') AND T1.C_MODULE = 'EXLC' OR T1.C_FUNC_ID IN ('F05030700899', 'F05030700901', 'F05030700908') AND T1.C2A_STATUS = 'Fully authorized' AND T1.C_MODULE = 'EXLC' OR T1.C_MODULE = 'FADA' OR T1.C_MODULE = 'FAEF') AND T1.C_TRX_STATUS IN ('M', 'A', 'S') AND T1.C_TRX_ID NOT IN (SELECT C_TRX_ID FROM CETRX.TRX_USER_DISMISS WHERE C_USER_ID = 'JEOP1' AND C_GRP_CODE = 'BUYER') AND (T1.C_MODULE = 'IMLC' OR T1.C_MODULE = 'EXLC' OR T1.C_MODULE = 'FADA' OR T1.C_MODULE = 'FAEF')
---------------------- End 2026-07-05 20:03:16 709 ------------------------
 [end]

[start] [INFO] [2026-07-05 20:03:16.743] [BUYER_JEOP1] 
---------------------Begin 2026-07-05 20:03:16 714    CREATE_BU:BUYER    CREATE_BY:JEOP1 ---------------------
[01]  [Id=C2A_Drafts]  SELECT COUNT(*) FROM (SELECT DISTINCT T1.C_BK_GROUP_ID, T1.C_MAIN_REF, T1.C_TRX_REF, T1.C_UNIT_CODE, T1.PARENT_MAIN_REF, T1.C_TRX_STATUS, T1.I_EVENT_TIMES, T1.C_MODULE, T1.C_FUNC_ID, T1.C_PRODUCT_ID, T1.C_TRX_ID, T3.C_LOCKED_FLAG, T3.C_LOCKED_OP, T3.C_USER_DESC, T1.D_SYS_OP_DATE, T1.T_SYS_OP_TIME, T1.C2A_CCY, T1.C2A_AMOUNT, T1.C2A_COUNTERPARTY FROM CETRX.TRX_INBOX T1 LEFT JOIN CETRX.TRX_NEXT_FUNC T2 ON T1.C_PRODUCT_ID = T2.C_PRODUCT_ID AND T1.C_TRX_STATUS = T2.C_TRX_STATUS LEFT JOIN CETRX.TRX_LOCK_INFO T3 ON T1.C_MAIN_REF = T3.C_MAIN_REF AND T1.C_UNIT_CODE = T3.C_UNIT_CODE WHERE   T1.C_BK_GROUP_ID = 'CSBANK'  AND (( T1.C_UNIT_CODE = 'BUYER'  AND  T1.C_PRODUCT_ID IN ('P05122400001','P06022700000','P08071500000','P08071500001','P08071500002','P08080600000','P08091000000') )) AND (T2.C_NEXT_FUNC_ID IN (SELECT C_FUNC_ID FROM CEUSER.SEC_OP_FUNC WHERE C_USER_ID = 'JEOP1' AND C_GRP_CODE = 'BUYER' AND C_UNIT_CODE = T1.C_UNIT_CODE) OR T2.C_NEXT_FUNC_ID IN (SELECT C_FUNC_ID FROM CEUSER.SEC_OP_FUNC WHERE C_GRP_CODE = 'BUYER' AND C_USER_ID IN (SELECT C_ROLE_ID FROM CEUSER.SEC_USER_ROLE WHERE C_USER_ID = 'JEOP1' AND C_GRP_CODE = 'BUYER') AND C_UNIT_CODE = T1.C_UNIT_CODE)) AND T1.C_TRX_STATUS = 'Z' AND T1.C_TRX_ID NOT IN (SELECT C_TRX_ID FROM CETRX.TRX_USER_DISMISS WHERE C_USER_ID = 'JEOP1' AND C_GRP_CODE = 'BUYER') AND (T1.C_MODULE = 'IMLC' OR T1.C_MODULE = 'EXLC' OR T1.C_MODULE = 'FAEF' OR T1.C_MODULE = 'FADA' OR T1.C_MODULE = 'ABLF') ORDER BY T1.D_SYS_OP_DATE DESC, T1.T_SYS_OP_TIME DESC)
---------------------- End 2026-07-05 20:03:16 742 ------------------------
 [end]

[start] [INFO] [2026-07-05 20:03:16.896] [BUYER_JEOP1] 
---------------------Begin 2026-07-05 20:03:16 892    CREATE_BU:BUYER    CREATE_BY:JEOP1 ---------------------
[01]  SELECT C_INACTIVE FROM CEUSER.SEC_USER_INFO WHERE C_USER_ID = 'JEOP1' AND C_UNIT_CODE = 'BUYER' 
---------------------- End 2026-07-05 20:03:16 894 ------------------------
 [end]

[start] [INFO] [2026-07-05 20:03:16.912] [BUYER_JEOP1] 
---------------------Begin 2026-07-05 20:03:16 907    CREATE_BU:BUYER    CREATE_BY:JEOP1 ---------------------
[01]  SELECT C_CRITERIA_DATA,C_TMPL_NAME,C_IS_DEFAULT FROM CETRX.STD_SEARCH_CRITERIA  WHERE  C_UNIT_CODE = 'BUYER'  AND  C_USER_ID = 'JEOP1'  AND  C_CATA_ID = 'C2A_ForYou'  AND  C_BK_GROUP_ID = 'CSBANK'  AND  I_CRITERIA_TYPE = 4 
---------------------- End 2026-07-05 20:03:16 910 ------------------------
 [end]

[start] [INFO] [2026-07-05 20:03:16.655] [BUYER_JEOP1] 
---------------------Begin 2026-07-05 20:03:16 651    CREATE_BU:BUYER    CREATE_BY:JEOP1 ---------------------
[01]  SELECT C_INACTIVE FROM CEUSER.SEC_USER_INFO WHERE C_USER_ID = 'JEOP1' AND C_UNIT_CODE = 'BUYER' 
---------------------- End 2026-07-05 20:03:16 654 ------------------------
 [end]

[start] [INFO] [2026-07-05 20:03:16.948] [BUYER_JEOP1] 
---------------------Begin 2026-07-05 20:03:16 944    CREATE_BU:BUYER    CREATE_BY:JEOP1 ---------------------
[01]  SELECT C_INACTIVE FROM CEUSER.SEC_USER_INFO WHERE C_USER_ID = 'JEOP1' AND C_UNIT_CODE = 'BUYER' 
---------------------- End 2026-07-05 20:03:16 946 ------------------------
 [end]

[start] [INFO] [2026-07-05 20:03:16.962] [BUYER_JEOP1] 
---------------------Begin 2026-07-05 20:03:16 958    CREATE_BU:BUYER    CREATE_BY:JEOP1 ---------------------
[01]  SELECT C_CRITERIA_DATA,C_TMPL_NAME,C_IS_DEFAULT FROM CETRX.STD_SEARCH_CRITERIA  WHERE  C_UNIT_CODE = 'BUYER'  AND  C_USER_ID = 'JEOP1'  AND  C_CATA_ID = 'C2A_PendingApproval'  AND  C_BK_GROUP_ID = 'CSBANK'  AND  I_CRITERIA_TYPE = 4 
---------------------- End 2026-07-05 20:03:16 961 ------------------------
 [end]

[start] [INFO] [2026-07-05 20:03:17.054] [BUYER_JEOP1] 
---------------------Begin 2026-07-05 20:03:16 932    CREATE_BU:BUYER    CREATE_BY:JEOP1 ---------------------
[01]  SELECT EXPIRY_DT AS GROUP_DATE, COUNT(*) AS ASCOUNT FROM (SELECT C_PRODUCT_ID, C_MAIN_REF, C_TRX_REF, I_EVENT_TIMES, C_BK_GROUP_ID, C_UNIT_CODE, CUST_NO, LC_NO, APPL_NM, BENE_NM, PARENT_MAIN_REF, LC_CCY, LC_AMT, LC_BALA, ISSUE_DT, EXPIRY_DT, CURRNT_STATUS, C_TRX_STATUS, D_CREA_DATE FROM CETRX.IMLC_EM_ISSUE WHERE   C_BK_GROUP_ID = 'CSBANK'  AND (( C_UNIT_CODE = 'BUYER'  AND  C_PRODUCT_ID = 'P08071500000' )) AND C_TRX_STATUS IN ('P', 'A', 'T', 'R', 'M') AND EXPIRY_DT >= TO_DATE('2026-01-01', 'YYYY-MM-DD') AND EXPIRY_DT <= TO_DATE('2026-12-31', 'YYYY-MM-DD') ) TEMP_TABLE GROUP BY EXPIRY_DT
---------------------- End 2026-07-05 20:03:17 052 ------------------------
 [end]

[start] [INFO] [2026-07-05 20:03:17.109] [BUYER_JEOP1] 
---------------------Begin 2026-07-05 20:03:17 057    CREATE_BU:BUYER    CREATE_BY:JEOP1 ---------------------
[01]  SELECT DUE_DT AS GROUP_DATE, COUNT(*) AS ASCOUNT FROM (SELECT C_PRODUCT_ID, C_MAIN_REF, C_TRX_REF, I_EVENT_TIMES, C_BK_GROUP_ID, C_UNIT_CODE, PARENT_MAIN_REF, APPL_NM, CUST_NO, LC_NO, DRAW_NO, NO_OF_DRAW, BENE_NM, PRES_CCY, PRES_AMT, DUE_DT, CURRNT_STATUS, C_TRX_STATUS FROM CETRX.IMLC_EM_NEGO WHERE   C_BK_GROUP_ID = 'CSBANK'  AND (( C_UNIT_CODE = 'BUYER'  AND  C_PRODUCT_ID = 'P08071500000' )) AND C_TRX_STATUS IN ('P', 'A', 'T', 'R', 'M') AND DUE_DT >= TO_DATE('2026-01-01', 'YYYY-MM-DD') AND DUE_DT <= TO_DATE('2026-12-31', 'YYYY-MM-DD') ) TEMP_TABLE GROUP BY DUE_DT
---------------------- End 2026-07-05 20:03:17 108 ------------------------
 [end]

[start] [INFO] [2026-07-05 20:03:17.211] [BUYER_JEOP1] 
---------------------Begin 2026-07-05 20:03:17 206    CREATE_BU:BUYER    CREATE_BY:JEOP1 ---------------------
[01]  SELECT C_UNIT_CODE,C_UNIT_NAME FROM CEUSER.SEC_BUSINESS_UNIT WHERE C_UNIT_CODE = 'BUYER' 
---------------------- End 2026-07-05 20:03:17 210 ------------------------
 [end]

[start] [INFO] [2026-07-05 20:03:17.257] [BUYER_JEOP1] 
---------------------Begin 2026-07-05 20:03:17 251    CREATE_BU:BUYER    CREATE_BY:JEOP1 ---------------------
[01]  SELECT C_UNIT_CODE,C_UNIT_NAME FROM CEUSER.SEC_BUSINESS_UNIT WHERE C_UNIT_CODE = 'BUYER' 
---------------------- End 2026-07-05 20:03:17 255 ------------------------
 [end]

[start] [INFO] [2026-07-05 20:03:17.277] [BUYER_JEOP1] 
---------------------Begin 2026-07-05 20:03:17 274    CREATE_BU:BUYER    CREATE_BY:JEOP1 ---------------------
[01]  SELECT C_INACTIVE FROM CEUSER.SEC_USER_INFO WHERE C_USER_ID = 'JEOP1' AND C_UNIT_CODE = 'BUYER' 
---------------------- End 2026-07-05 20:03:17 276 ------------------------
 [end]

[start] [INFO] [2026-07-05 20:03:17.293] [BUYER_JEOP1] 
---------------------Begin 2026-07-05 20:03:17 290    CREATE_BU:BUYER    CREATE_BY:JEOP1 ---------------------
[01]  SELECT C_AUTH_RULE FROM CEUSER.SEC_USER_INFO WHERE C_BK_GROUP_ID = 'CSBANK' AND C_UNIT_CODE = 'BUYER' AND C_USER_ID = 'JEOP1' 
---------------------- End 2026-07-05 20:03:17 292 ------------------------
 [end]

[start] [INFO] [2026-07-05 20:03:17.297] [BUYER_JEOP1] 
---------------------Begin 2026-07-05 20:03:17 294    CREATE_BU:BUYER    CREATE_BY:JEOP1 ---------------------
[01]  SELECT C_AUTH_RULE FROM CEUSER.SEC_BUSINESS_UNIT WHERE C_BK_GROUP_ID = 'CSBANK' AND C_UNIT_CODE = 'BUYER' 
---------------------- End 2026-07-05 20:03:17 295 ------------------------
 [end]

[start] [INFO] [2026-07-05 20:03:17.321] [BUYER_JEOP1] 
---------------------Begin 2026-07-05 20:03:17 318    CREATE_BU:BUYER    CREATE_BY:JEOP1 ---------------------
[01]  SELECT C_INACTIVE FROM CEUSER.SEC_USER_INFO WHERE C_USER_ID = 'JEOP1' AND C_UNIT_CODE = 'BUYER' 
---------------------- End 2026-07-05 20:03:17 320 ------------------------
 [end]

[start] [INFO] [2026-07-05 20:03:17.322] [BUYER_JEOP1] 
---------------------Begin 2026-07-05 20:03:17 300    CREATE_BU:BUYER    CREATE_BY:JEOP1 ---------------------
[01]  [Id=C2A_PendingApproval]  SELECT T1.C_BK_GROUP_ID, T1.C_MAIN_REF, T1.C_TRX_REF, T1.C_UNIT_CODE, T1.PARENT_MAIN_REF, T1.C_TRX_STATUS, T1.CURRNT_STATUS, T1.I_EVENT_TIMES, T1.C_MODULE, T1.C_FUNC_ID, T1.C_PRODUCT_ID, T1.C_TRX_ID, T1.C_CREATED_BY, T3.C_LOCKED_FLAG, T3.C_LOCKED_OP, T3.C_USER_DESC, T1.D_SYS_OP_DATE, T1.T_SYS_OP_TIME, T1.C2A_CCY, T1.C2A_AMOUNT, T1.C2A_COUNTERPARTY FROM CETRX.TRX_INBOX T1 LEFT JOIN CETRX.TRX_LOCK_INFO T3 ON T1.C_MAIN_REF = T3.C_MAIN_REF AND T1.C_UNIT_CODE = T3.C_UNIT_CODE WHERE   T1.C_BK_GROUP_ID = 'CSBANK'  AND  T1.C_UNIT_CODE = 'BUYER'  AND T1.C_PRODUCT_ID IN('P05122400001','P06022700000','P08071500000','P08071500001','P08071500002','P08080600000','P08091000000') AND  T1.C_BK_GROUP_ID = 'CSBANK'  AND (T1.C_TRX_STATUS<>'R' AND T1.C_TRX_STATUS<>'A' OR T1.C_TRX_STATUS IS NULL) AND T1.C_TRX_ID NOT IN (SELECT C_TRX_ID FROM CETRX.TRX_AUTH_LIST WHERE  C_GRP_CODE = 'BUYER'  AND  C_USER_ID = 'JEOP1'  AND  C_UNIT_CODE = 'BUYER' ) AND T1.C_TRX_ID IN (SELECT C_TRX_ID FROM CETRX.TRX_MATRIX_LIST WHERE  C_UNIT_CODE = 'BUYER'  AND ( (  I_AUTH_LEVEL = 1  AND C_PRODUCT_ID IN('P05122400001','P06022700000','P08071500000','P08071500001','P08071500002','P08080600000','P08091000000')))) AND (( T1.C_UNIT_CODE = 'BUYER'  AND  T1.C_PRODUCT_ID IN ('P05122400001','P06022700000','P08071500000','P08071500001','P08071500002','P08080600000','P08091000000') )) AND T1.C_TRX_STATUS IN ('P', 'T') AND (T1.C_MODULE = 'IMLC' OR T1.C_MODULE = 'EXLC' OR T1.C_MODULE = 'FAEF' OR T1.C_MODULE = 'FADA' OR T1.C_MODULE = 'ABLF') ORDER BY T1.D_SYS_OP_DATE DESC, T1.T_SYS_OP_TIME DESC
---------------------- End 2026-07-05 20:03:17 321 ------------------------
 [end]

[start] [INFO] [2026-07-05 20:03:17.377] [BUYER_JEOP1] 
---------------------Begin 2026-07-05 20:03:17 374    CREATE_BU:BUYER    CREATE_BY:JEOP1 ---------------------
[01]  SELECT C_UNIT_CODE,C_UNIT_NAME FROM CEUSER.SEC_BUSINESS_UNIT WHERE C_UNIT_CODE = 'BUYER' 
---------------------- End 2026-07-05 20:03:17 376 ------------------------
 [end]

[start] [INFO] [2026-07-05 20:03:17.400] [BUYER_JEOP1] 
---------------------Begin 2026-07-05 20:03:17 397    CREATE_BU:BUYER    CREATE_BY:JEOP1 ---------------------
[01]  SELECT C_CRITERIA_DATA,C_TMPL_NAME,C_IS_DEFAULT FROM CETRX.STD_SEARCH_CRITERIA  WHERE  C_UNIT_CODE = 'BUYER'  AND  C_USER_ID = 'JEOP1'  AND  C_CATA_ID = 'C2A_PendingApproval'  AND  C_BK_GROUP_ID = 'CSBANK'  AND  I_CRITERIA_TYPE = 4 
---------------------- End 2026-07-05 20:03:17 399 ------------------------
 [end]

[start] [INFO] [2026-07-05 20:03:17.425] [BUYER_JEOP1] 
---------------------Begin 2026-07-05 20:03:17 403    CREATE_BU:BUYER    CREATE_BY:JEOP1 ---------------------
[01]  [Id=C2A_ForYou]  SELECT DISTINCT T1.C_BK_GROUP_ID, T1.C_MAIN_REF, T1.C_TRX_REF, T1.C_UNIT_CODE, T1.PARENT_MAIN_REF, T1.C_TRX_STATUS, T1.CURRNT_STATUS, T1.C2A_STATUS, T1.I_EVENT_TIMES, T1.C_MODULE, T1.C_FUNC_ID, T1.C_PRODUCT_ID, T1.C_TRX_ID, T3.C_LOCKED_FLAG, T3.C_LOCKED_OP, T3.C_USER_DESC, T1.D_SYS_OP_DATE, T1.T_SYS_OP_TIME, T1.C2A_CCY, T1.C2A_AMOUNT, T1.C2A_COUNTERPARTY FROM CETRX.TRX_INBOX T1 LEFT JOIN CETRX.TRX_NEXT_FUNC T2 ON T1.C_PRODUCT_ID = T2.C_PRODUCT_ID AND T1.C2A_STATUS = T2.C2A_STATUS AND T1.C_TRX_STATUS = T2.C_TRX_STATUS LEFT JOIN CETRX.TRX_LOCK_INFO T3 ON T1.C_MAIN_REF = T3.C_MAIN_REF AND T1.C_UNIT_CODE = T3.C_UNIT_CODE WHERE   T1.C_BK_GROUP_ID = 'CSBANK'  AND (( T1.C_UNIT_CODE = 'BUYER'  AND  T1.C_PRODUCT_ID IN ('P05122400001','P06022700000','P08071500000','P08071500001','P08071500002','P08080600000','P08091000000') )) AND (T2.C_NEXT_FUNC_ID IN (SELECT C_FUNC_ID FROM CEUSER.SEC_OP_FUNC WHERE C_USER_ID = 'JEOP1' AND C_GRP_CODE = 'BUYER' AND C_UNIT_CODE = T1.C_UNIT_CODE) OR T2.C_NEXT_FUNC_ID IN (SELECT C_FUNC_ID FROM CEUSER.SEC_OP_FUNC WHERE C_GRP_CODE = 'BUYER' AND C_USER_ID IN (SELECT C_ROLE_ID FROM CEUSER.SEC_USER_ROLE WHERE C_USER_ID = 'JEOP1' AND C_GRP_CODE = 'BUYER') AND C_UNIT_CODE = T1.C_UNIT_CODE)) AND (T1.C_TRX_STATUS = 'R' OR T1.C2A_STATUS IN ('Rejected by bank', 'Discrepancy notification', 'Document received') AND T1.C_TRX_STATUS = 'M' OR T1.C2A_STATUS IN ('Amendment(Detrimental)_fully authorized', 'Document discrepancy_fully authorized') AND T1.C_TRX_STATUS = 'A') AND T1.C_TRX_ID NOT IN (SELECT C_TRX_ID FROM CETRX.TRX_USER_DISMISS WHERE C_USER_ID = 'JEOP1' AND C_GRP_CODE = 'BUYER') AND (T1.C_MODULE = 'IMLC' OR T1.C_MODULE = 'EXLC' OR T1.C_MODULE = 'FAEF' OR T1.C_MODULE = 'FADA' OR T1.C_MODULE = 'TSUM' OR T1.C_MODULE = 'ABLF' OR T1.C_MODULE = 'UPLD') ORDER BY T1.D_SYS_OP_DATE DESC, T1.T_SYS_OP_TIME DESC
---------------------- End 2026-07-05 20:03:17 424 ------------------------
 [end]

[start] [INFO] [2026-07-05 20:03:17.481] [BUYER_JEOP1] 
---------------------Begin 2026-07-05 20:03:17 478    CREATE_BU:BUYER    CREATE_BY:JEOP1 ---------------------
[01]  SELECT C_UNIT_CODE,C_UNIT_NAME FROM CEUSER.SEC_BUSINESS_UNIT WHERE C_UNIT_CODE = 'BUYER' 
---------------------- End 2026-07-05 20:03:17 479 ------------------------
 [end]

[start] [INFO] [2026-07-05 20:03:17.495] [BUYER_JEOP1] 
---------------------Begin 2026-07-05 20:03:17 492    CREATE_BU:BUYER    CREATE_BY:JEOP1 ---------------------
[01]  SELECT C_CRITERIA_DATA,C_TMPL_NAME,C_IS_DEFAULT FROM CETRX.STD_SEARCH_CRITERIA  WHERE  C_UNIT_CODE = 'BUYER'  AND  C_USER_ID = 'JEOP1'  AND  C_CATA_ID = 'C2A_ForYou'  AND  C_BK_GROUP_ID = 'CSBANK'  AND  I_CRITERIA_TYPE = 4 
---------------------- End 2026-07-05 20:03:17 494 ------------------------
 [end]

[start] [INFO] [2026-07-05 20:03:18.389] [BUYER_JEOP1] 
---------------------Begin 2026-07-05 20:03:18 386    CREATE_BU:BUYER    CREATE_BY:JEOP1 ---------------------
[01]  SELECT C_INACTIVE FROM CEUSER.SEC_USER_INFO WHERE C_USER_ID = 'JEOP1' AND C_UNIT_CODE = 'BUYER' 
---------------------- End 2026-07-05 20:03:18 388 ------------------------
 [end]

[start] [INFO] [2026-07-05 20:03:18.393] [BUYER_JEOP1] 
---------------------Begin 2026-07-05 20:03:18 390    CREATE_BU:BUYER    CREATE_BY:JEOP1 ---------------------
[01]  SELECT C_IS_INFORM FROM CEUSER.SEC_LOGIN_SESSION WHERE C_SESSION_ID = 'Q518xbEJoR1fW5yyignc2lm' 
---------------------- End 2026-07-05 20:03:18 392 ------------------------
 [end]

[start] [INFO] [2026-07-05 20:03:18.415] [BUYER_JEOP1] 
---------------------Begin 2026-07-05 20:03:18 399    CREATE_BU:BUYER    CREATE_BY:JEOP1 ---------------------
[01]  INSERT INTO CETRX.TRX_ACT_LOG (C_LOG_ID,C_BK_GROUP_ID,C_CNTY_CODE,C_GRP_CODE,C_UNIT_CODE,C_USER_ID,C_IP_ADDRESS,C_FUNC_ID,D_CREA_DATE,T_CREA_TIME,D_SYS_OP_DATE,T_SYS_OP_TIME,D_SYS_TRT_DATE,T_SYS_TRT_TIME,C_BUSI_KEY) VALUES ('8A8284979F2871C3019F330512FD017E','CSBANK','US','BUYER','BUYER','JEOP1','10.3.1.40','LogOut',TO_DATE('2026-07-05','YYYY-MM-DD'),TO_DATE('16:03:18','HH24:MI:SS'),TO_DATE('2026-07-05','YYYY-MM-DD'),TO_DATE('16:03:18','HH24:MI:SS'),TO_DATE('2026-07-05','YYYY-MM-DD'),TO_DATE('16:03:18','HH24:MI:SS'),'BUYER;JEOP1')
---------------------- End 2026-07-05 20:03:18 414 ------------------------
 [end]

[start] [INFO] [2026-07-05 20:03:18.425] [BUYER_JEOP1] 
---------------------Begin 2026-07-05 20:03:18 418    CREATE_BU:BUYER    CREATE_BY:JEOP1 ---------------------
[01]  DELETE FROM CEUSER.SEC_LOGIN_SESSION WHERE C_BK_GROUP_ID = 'CSBANK' AND C_USER_ID = 'JEOP1' AND C_UNIT_CODE = 'BUYER' AND C_SESSION_ID = 'Q518xbEJoR1fW5yyignc2lm' 
---------------------- End 2026-07-05 20:03:18 424 ------------------------
 [end]
