
[start] [DEBUG] [2026-07-05 18:34:34.768] [CSBANK_CSBANK] 
====request content is: 
    Request Type: TrxPost
Component : TrxManagerMaster
Session Context is: 
com.cs.core.utility.SessionContext@f78d5961
Request Info Type : com.cs.core.pojo.bo.FuncData
Request Info Content is: 
screenData:::{FA_CNTR_DOC_NO=null, CURRNT_STATUS=Received Anchor Customer, FA_EF_HAN_CHG_AMT=null, COUNTER_EMAIL=null, FA_COUNTER_ROLE=null, FA_LOAN_IRATE_TYPE=null, MAX_DEC_PERC=null, FA_CUST_ID=C007360, FA_ANCHOR_CCY=USD, FA_BUYER_NM=null, FA_TTL_LOAN_BAL=null, FA_MAX_FIN_AMT=null, FA_SEL_NM=C007360NM, VAL_REL_FLG=null, FA_TRX_DT=2026-07-05, FA_TTL_PO_AMT=null, FA_MAX_LOAN_PERC=null, FA_AGM_CCY=null, FA_REQ_BUYER_APR_FLG=null, CUST_EMAIL=rainie.chen@chinasystems.com, CUST_IND=null, FA_ANCHOR_ID=C007360, FA_ANCHOR_ACC=null, POOL_INV_MIN_PERIOD=null, FA_LMT_VAL_DT=null, FA_CUST_REG_NO=C007360REG, FA_REBATE_RATE=null, FA_TTL_ADJ_BAL=null, FA_LMT_CCY=null, POOL_INV_MAX_PERIOD=null, CHG_FREQ_CD=null, FA_DD_CHG_SHA=null, FA_BUSI_TYPE=POF, FA_CUST_NM=C007360NM, CUST_TYPE=T1, FA_REBATE_ACCOUNT=null, PO_AVAL_FOR_FUNDING=null, XBOR_RT=null, FSBC_REF=null, REJECT_REASON=, MSG_TYPE=SCF.001.AGR, COUNTER_TYPE=null, FA_MIN_FIN_AMT=null, FA_COUNTER_REG_NO=null, FA_COUNTER_ID=null, INV_FIN_MODE=, C_MAIN_REF=SCFUS2606920, FA_CONTRACT_REF=SCFUS2606920, FA_DD_CHG_FIX=null, FA_FIN_INFO=null, PARENT_MAIN_REF=SCFUS2606920, FA_IRT_SPREAD=null, FA_AGM_DUE_DT=null, FA_DD_CHG_TP=null, GRACE_DAYS=null, FA_CUT_OFF_DAYS=null, FA_AUTO_FIN=null, FA_COUNTER_ACC=null, FA_AUTO_DEBIT=null, MAX_INC_PERC=null, FA_LMT_AMT=null, FA_ANCHOR_AMT=null, ERROR_MSG=null, FA_ANCHOR_ROLE=SELLER, C_STP_CODE_IN='20260705183429378976794720378295', FA_COUNTER_NM=null, FA_SBR_CCY=null, CHG_PAID_BY=null, PO_MAX_LOAN_PERC=null, COMEFROM=STP, FA_OVD_IRT_SPREAD=null, AMT_AVAL_FOR_FUNDING=null, FA_SBR_REF=null, FA_EF_COMM_RT=null, FA_TTL_PO_LOAN_BAL=null, RECORDS=null, POOL_INV_MIN_AMT=null, FA_LMT_DUE_DT=null, FA_PMT_TERMS=, C_CUST_ID=TEMP, FA_AGM_VAL_DT=null, FA_ANCHOR_NM=C007360NM, FA_ACK_FLG=null, POOL_INV_MAX_AMT=null}
catalogData:::null
realOriginalData:::null

 [end]

[start] [DEBUG] [2026-07-05 18:34:34.898] [CSBANK_CSBANK] 
Do not upload or modify the image at this step. [end]

[start] [DEBUG] [2026-07-05 18:34:34.971] [CSBANK_CSBANK] 
Start to deal field 'C2A_CCY' mapping value. [end]

[start] [DEBUG] [2026-07-05 18:34:34.973] [CSBANK_CSBANK] 
The field :'C2A_CCY' do not has the module 'FADA' level setting. [end]

[start] [DEBUG] [2026-07-05 18:34:34.974] [CSBANK_CSBANK] 
Start to deal field 'C2A_AMOUNT' mapping value. [end]

[start] [DEBUG] [2026-07-05 18:34:34.975] [CSBANK_CSBANK] 
The field :'C2A_AMOUNT' do not has the module 'FADA' level setting. [end]

[start] [DEBUG] [2026-07-05 18:34:34.976] [CSBANK_CSBANK] 
Start to deal field 'C2A_COUNTERPARTY' mapping value. [end]

[start] [DEBUG] [2026-07-05 18:34:34.978] [CSBANK_CSBANK] 
The field :'C2A_COUNTERPARTY' do not has the module 'FADA' level setting. [end]

[start] [DEBUG] [2026-07-05 18:34:50.216] [CSBANK_CSBANK] 
The request URI is : /BL6CEWeb/counterparty.html [end]

[start] [DEBUG] [2026-07-05 18:34:50.217] [CSBANK_CSBANK] 
The session refresh token in session is : null [end]

[start] [DEBUG] [2026-07-05 18:34:52.006] [CSBANK_CSBANK] 
The request URI is : /BL6CEWeb/getPrefillData [end]

[start] [DEBUG] [2026-07-05 18:34:52.007] [CSBANK_CSBANK] 
The session refresh token in session is : null [end]

[start] [DEBUG] [2026-07-05 18:44:13.489] [CSBANK_CSBANK] 
The request URI is : /BL6CEWeb/counterparty.html [end]

[start] [DEBUG] [2026-07-05 18:44:13.490] [CSBANK_CSBANK] 
The session refresh token in session is : null [end]

[start] [DEBUG] [2026-07-05 18:44:14.517] [CSBANK_CSBANK] 
The request URI is : /BL6CEWeb/getPrefillData [end]

[start] [DEBUG] [2026-07-05 18:44:14.518] [CSBANK_CSBANK] 
The session refresh token in session is : null [end]

[start] [DEBUG] [2026-07-05 18:44:49.029] [CSBANK_CSBANK] 
The request URI is : /BL6CEWeb/servlets/CounterpartyInit [end]

[start] [DEBUG] [2026-07-05 18:44:49.030] [CSBANK_CSBANK] 
The session refresh token in session is : null [end]

[start] [DEBUG] [2026-07-05 18:44:49.033] [CSBANK_CSBANK] 
value sample is ... C_MAIN_REF:C2607005415;C_MAIN_REF_API:C2607005415;FA_CONTRACT_REF:SCFUS2606920;C_MAIN_REF:C2607005415;EXIST_CUST:No;CIF_ID:;CUST_NM:HARINI;CUST_EMAIL:sruthikdhaya28@gmail.com;CUST_MOB:9445523511;CUST_ADDR:;CUST_CONT_PRSN1:HARINI;CUST_MOB1:9678685463;CUST_EMAIL1:harini@gmail.com;CUST_CONT_PRSN2:;CUST_MOB2:;CUST_EMAIL2:;BUS_REG_NO:7869775878;VAT_NO:5875864799;IND_TYPE:technology;BANK_NM:SBI;ACC_NO:997767889;ACC_HLDR_NM:HARINI;IFSC_CODE:SBIN0009876;BRANCH_ADDR:;PAY_MTHD:check;CCY:USD; [end]

[start] [DEBUG] [2026-07-05 18:44:49.033] [CSBANK_CSBANK] 
ATTACHMENTS JSON = [] [end]

[start] [DEBUG] [2026-07-05 18:44:49.035] [CSBANK_CSBANK] 
ATTACHMENTS JSON = [] [end]

[start] [DEBUG] [2026-07-05 18:44:49.036] [CSBANK_CSBANK] 
AGGR_NO           = SCFUS2606920 [end]

[start] [DEBUG] [2026-07-05 18:44:49.037] [CSBANK_CSBANK] 
CIF_ID            =  [end]

[start] [DEBUG] [2026-07-05 18:44:49.038] [CSBANK_CSBANK] 
CUST_NM           = HARINI [end]

[start] [DEBUG] [2026-07-05 18:44:49.039] [CSBANK_CSBANK] 
CUST_CONT_PRSN    = null [end]

[start] [DEBUG] [2026-07-05 18:44:49.040] [CSBANK_CSBANK] 
CUST_EMAIL        = sruthikdhaya28@gmail.com [end]

[start] [DEBUG] [2026-07-05 18:44:49.041] [CSBANK_CSBANK] 
CUST_MOB          = 9445523511 [end]

[start] [DEBUG] [2026-07-05 18:44:49.042] [CSBANK_CSBANK] 
CUST_ADDR         =  [end]

[start] [DEBUG] [2026-07-05 18:44:49.043] [CSBANK_CSBANK] 
BUS_REG_NO        = 7869775878 [end]

[start] [DEBUG] [2026-07-05 18:44:49.045] [CSBANK_CSBANK] 
VAT_NO            = 5875864799 [end]

[start] [DEBUG] [2026-07-05 18:44:49.046] [CSBANK_CSBANK] 
IND_TYPE          = technology [end]

[start] [DEBUG] [2026-07-05 18:44:49.047] [CSBANK_CSBANK] 
BANK_NM           = SBI [end]

[start] [DEBUG] [2026-07-05 18:44:49.048] [CSBANK_CSBANK] 
ACC_NO            = 997767889 [end]

[start] [DEBUG] [2026-07-05 18:44:49.050] [CSBANK_CSBANK] 
ACC_HLDR_NM       = HARINI [end]

[start] [DEBUG] [2026-07-05 18:44:49.051] [CSBANK_CSBANK] 
IFSC_CODE         = SBIN0009876 [end]

[start] [DEBUG] [2026-07-05 18:44:49.052] [CSBANK_CSBANK] 
BRANCH_ADDR       =  [end]

[start] [DEBUG] [2026-07-05 18:44:49.053] [CSBANK_CSBANK] 
PAY_MTHD          = check [end]

[start] [DEBUG] [2026-07-05 18:44:49.054] [CSBANK_CSBANK] 
CCY               = USD [end]

[start] [DEBUG] [2026-07-05 18:44:49.055] [CSBANK_CSBANK] 
EXIST_CUST        = No [end]

[start] [DEBUG] [2026-07-05 18:44:49.056] [CSBANK_CSBANK] 
FINAL C_MAIN_REF FROM UI === C2607005415 [end]

[start] [DEBUG] [2026-07-05 18:44:49.057] [CSBANK_CSBANK] 
TOTAL ATTACHMENTS = 0 [end]

[start] [DEBUG] [2026-07-05 18:44:49.059] [CSBANK_CSBANK] 
USING ORIGINAL ATTACHMENTS FROM UI [end]

[start] [DEBUG] [2026-07-05 18:44:49.060] [CSBANK_CSBANK] 
TOTAL ATTACHMENTS = 0 [end]

[start] [DEBUG] [2026-07-05 18:44:49.061] [CSBANK_CSBANK] 
TOTAL ATTACHMENTS = 0 [end]

[start] [DEBUG] [2026-07-05 18:44:49.062] [CSBANK_CSBANK] 
FINAL ATTACHMENTS JSON =  [end]

[start] [DEBUG] [2026-07-05 18:44:49.063] [CSBANK_CSBANK] 
[] [end]

[start] [DEBUG] [2026-07-05 18:44:49.068] [CSBANK_CSBANK] 
EXISTING UPDATE [end]

[start] [DEBUG] [2026-07-05 18:44:49.070] [CSBANK_CSBANK] 
====request content is: 
    Request Type: Temp
Component : DBHelper
Session Context is: 
com.cs.core.utility.SessionContext@f78d5961
Request Info Type : com.cs.core.dao.exec.SQLDao
Request Info Content is: 
[01]UPDATE CETRX.COUNTERPARTY_DATA SET CUST_NM = 'HARINI',CUST_EMAIL = 'sruthikdhaya28@gmail.com',CUST_MOB = '9445523511',CUST_ADDR = '',BUS_REG_NO = '7869775878',VAT_NO = '5875864799',IND_TYPE = 'technology',BANK_NM = 'SBI',ACC_NO = '997767889',ACC_HLDR_NM = 'HARINI',IFSC_CODE = 'SBIN0009876',BRANCH_ADDR = '',PAY_MTHD = 'check',CCY = 'USD',AGGR_NO = 'SCFUS2606920',REJECT_REASON = '',ATTACHMENTS = [] WHERE C_MAIN_REF = 'C2607005415'

 [end]

[start] [DEBUG] [2026-07-05 18:44:49.089] [CSBANK_CSBANK] 
UPDATED ROWS = 1 [end]

[start] [DEBUG] [2026-07-05 18:44:49.090] [CSBANK_CSBANK] 
FINAL PAYLOAD ATTACHMENT COUNT = 0 [end]

[start] [DEBUG] [2026-07-05 18:44:49.091] [CSBANK_CSBANK] 
FINAL PAYLOAD TO EE: {"cUnitCode":"CSBANK","attachments":[],"busRegNo":"7869775878","aggrNo":"SCFUS2606920","attachment":[],"cModule":"SCF","cEventName":"N","accountNo":"997767889","ccy":"USD","faBuyerContMail":"sruthikdhaya28@gmail.com","custEmail2":"","custEmail1":"harini@gmail.com","cifId":"","cMainRef":"C2607005415","cTrxRef":"C2607005415","custNm":"HARINI","faBuyerNm":"HARINI","vatNo":"5875864799","payMthd":"check","custContPrsn1":"HARINI","faBuyerContTel":"9445523511","existCus":"No","indType":"technology","custMob1":"9678685463","custContPrsn2":"","custMob2":"","faContractRef":"SCFUS2606920","faSelNm":"SBI","cEventStatus":"N"} [end]

[start] [DEBUG] [2026-07-05 18:44:49.092] [CSBANK_CSBANK] 
FINAL PAYLOAD TO EE: {"cUnitCode":"CSBANK","attachments":[],"busRegNo":"7869775878","aggrNo":"SCFUS2606920","attachment":[],"cModule":"SCF","cEventName":"N","accountNo":"997767889","ccy":"USD","faBuyerContMail":"sruthikdhaya28@gmail.com","custEmail2":"","custEmail1":"harini@gmail.com","cifId":"","cMainRef":"C2607005415","cTrxRef":"C2607005415","custNm":"HARINI","faBuyerNm":"HARINI","vatNo":"5875864799","payMthd":"check","custContPrsn1":"HARINI","faBuyerContTel":"9445523511","existCus":"No","indType":"technology","custMob1":"9678685463","custContPrsn2":"","custMob2":"","faContractRef":"SCFUS2606920","faSelNm":"SBI","cEventStatus":"N"} [end]

[start] [DEBUG] [2026-07-05 18:44:49.094] [CSBANK_CSBANK] 
TOTAL ATTACHMENTS SENT TO EE = 0 [end]

[start] [DEBUG] [2026-07-05 18:44:49.225] [CSBANK_CSBANK] 
Counterparty data pushed successfully to EE [end]

[start] [DEBUG] [2026-07-05 19:12:46.633] [CSBANK_CSBANK] 
The request URI is : /BL6CEWeb/logout.do [end]

[start] [DEBUG] [2026-07-05 19:12:46.634] [CSBANK_CSBANK] 
The session refresh token in session is : null [end]

[start] [DEBUG] [2026-07-05 19:12:46.637] [CSBANK_CSBANK] 
== go to screen: /screen/SYS_LogOff.jsp?LOGIN_URL_TYPE=SYS_index.htm [end]
