
[start] [INFO] [2026-07-05 18:20:24.050] [C011143_C011143MCM1] 
---------------------Begin 2026-07-05 18:20:24 042    CREATE_BU:C011143    CREATE_BY:C011143MCM1 ---------------------
[01]  DELETE FROM CEUSER.SEC_LOGIN_SESSION WHERE C_USER_ID = 'C011143MCM1' AND C_UNIT_CODE = 'C011143' AND C_BK_GROUP_ID = 'CSBANK' AND C_SESSION_ID = '_2Ur99UXgpKgm3GfbaUglBS' 
[02]  UPDATE CEUSER.SEC_LOGIN_SESSION SET C_IS_INFORM = 'T' WHERE C_USER_ID = 'C011143MCM1' AND C_UNIT_CODE = 'C011143' AND C_BK_GROUP_ID = 'CSBANK' 
[03]  INSERT INTO CEUSER.SEC_LOGIN_SESSION (C_BK_GROUP_ID,C_UNIT_CODE,C_USER_ID,C_SESSION_ID,C_IS_INFORM) VALUES ('CSBANK','C011143','C011143MCM1','_2Ur99UXgpKgm3GfbaUglBS','F')
---------------------- End 2026-07-05 18:20:24 048 ------------------------
 [end]

[start] [INFO] [2026-07-05 18:20:24.159] [C011143_C011143MCM1] 
---------------------Begin 2026-07-05 18:20:24 060    CREATE_BU:C011143    CREATE_BY:C011143MCM1 ---------------------
[01]  INSERT INTO CETRX.TRX_ACT_LOG (C_LOG_ID,C_BK_GROUP_ID,C_CNTY_CODE,C_GRP_CODE,C_UNIT_CODE,C_USER_ID,C_IP_ADDRESS,C_FUNC_ID,D_CREA_DATE,T_CREA_TIME,D_SYS_OP_DATE,T_SYS_OP_TIME,D_SYS_TRT_DATE,T_SYS_TRT_TIME,C_BUSI_KEY) VALUES ('8A8284979F2871C3019F32A6DC7A0118','CSBANK','US','C011143','C011143','C011143MCM1','10.3.1.43','Login',TO_DATE('2026-07-05','YYYY-MM-DD'),TO_DATE('14:20:24','HH24:MI:SS'),TO_DATE('2026-07-05','YYYY-MM-DD'),TO_DATE('14:20:24','HH24:MI:SS'),TO_DATE('2026-07-05','YYYY-MM-DD'),TO_DATE('14:20:24','HH24:MI:SS'),'C011143;C011143MCM1')
---------------------- End 2026-07-05 18:20:24 157 ------------------------
 [end]

[start] [INFO] [2026-07-05 18:20:24.739] [C011143_C011143MCM1] 
---------------------Begin 2026-07-05 18:20:24 734    CREATE_BU:C011143    CREATE_BY:C011143MCM1 ---------------------
[01]  SELECT C_INACTIVE FROM CEUSER.SEC_USER_INFO WHERE C_USER_ID = 'C011143MCM1' AND C_UNIT_CODE = 'C011143' 
---------------------- End 2026-07-05 18:20:24 738 ------------------------
 [end]

[start] [INFO] [2026-07-05 18:20:24.746] [C011143_C011143MCM1] 
---------------------Begin 2026-07-05 18:20:24 742    CREATE_BU:C011143    CREATE_BY:C011143MCM1 ---------------------
[01]  SELECT C_IS_INFORM FROM CEUSER.SEC_LOGIN_SESSION WHERE C_SESSION_ID = '_2Ur99UXgpKgm3GfbaUglBS' 
---------------------- End 2026-07-05 18:20:24 745 ------------------------
 [end]

[start] [INFO] [2026-07-05 18:20:24.852] [C011143_C011143MCM1] 
---------------------Begin 2026-07-05 18:20:24 847    CREATE_BU:C011143    CREATE_BY:C011143MCM1 ---------------------
[01]  SELECT C_INACTIVE FROM CEUSER.SEC_USER_INFO WHERE C_USER_ID = 'C011143MCM1' AND C_UNIT_CODE = 'C011143' 
---------------------- End 2026-07-05 18:20:24 851 ------------------------
 [end]

[start] [INFO] [2026-07-05 18:20:24.970] [C011143_C011143MCM1] 
---------------------Begin 2026-07-05 18:20:24 967    CREATE_BU:C011143    CREATE_BY:C011143MCM1 ---------------------
[01]  SELECT C_INACTIVE FROM CEUSER.SEC_USER_INFO WHERE C_USER_ID = 'C011143MCM1' AND C_UNIT_CODE = 'C011143' 
---------------------- End 2026-07-05 18:20:24 969 ------------------------
 [end]

[start] [INFO] [2026-07-05 18:20:24.982] [C011143_C011143MCM1] 
---------------------Begin 2026-07-05 18:20:24 977    CREATE_BU:C011143    CREATE_BY:C011143MCM1 ---------------------
[01]  SELECT C_INACTIVE FROM CEUSER.SEC_USER_INFO WHERE C_USER_ID = 'C011143MCM1' AND C_UNIT_CODE = 'C011143' 
---------------------- End 2026-07-05 18:20:24 981 ------------------------
 [end]

[start] [INFO] [2026-07-05 18:20:25.005] [C011143_C011143MCM1] 
---------------------Begin 2026-07-05 18:20:25 002    CREATE_BU:C011143    CREATE_BY:C011143MCM1 ---------------------
[01]  SELECT C_INACTIVE FROM CEUSER.SEC_USER_INFO WHERE C_USER_ID = 'C011143MCM1' AND C_UNIT_CODE = 'C011143' 
---------------------- End 2026-07-05 18:20:25 004 ------------------------
 [end]

[start] [INFO] [2026-07-05 18:20:25.024] [C011143_C011143MCM1] 
---------------------Begin 2026-07-05 18:20:24 982    CREATE_BU:C011143    CREATE_BY:C011143MCM1 ---------------------
[01]  SELECT COUNT(*) AS RECCOUNT FROM CETRX.STD_NOTIFICATION  WHERE C_NOTI_ID IN ( SELECT C_NOTI_ID FROM CETRX.STD_NOTIFICATION_STATUS  WHERE  C_READ_STATUS = 'F'  AND  C_USER_ID = 'C011143MCM1'  AND  C_UNIT_CODE = 'C011143'  )
---------------------- End 2026-07-05 18:20:25 023 ------------------------
 [end]

[start] [INFO] [2026-07-05 18:20:25.113] [C011143_C011143MCM1] 
---------------------Begin 2026-07-05 18:20:25 109    CREATE_BU:C011143    CREATE_BY:C011143MCM1 ---------------------
[01]  SELECT C_INACTIVE FROM CEUSER.SEC_USER_INFO WHERE C_USER_ID = 'C011143MCM1' AND C_UNIT_CODE = 'C011143' 
---------------------- End 2026-07-05 18:20:25 112 ------------------------
 [end]

[start] [INFO] [2026-07-05 18:20:25.129] [C011143_C011143MCM1] 
---------------------Begin 2026-07-05 18:20:25 124    CREATE_BU:C011143    CREATE_BY:C011143MCM1 ---------------------
[01]  SELECT * FROM CEUSER.SEC_BUSINESS_UNIT WHERE C_UNIT_CODE = 'C011143' 
---------------------- End 2026-07-05 18:20:25 128 ------------------------
 [end]

[start] [INFO] [2026-07-05 18:20:25.148] [C011143_C011143MCM1] 
---------------------Begin 2026-07-05 18:20:25 013    CREATE_BU:C011143    CREATE_BY:C011143MCM1 ---------------------
[01]  SELECT C_FUNC_ID,T_OP_TIME FROM CETRX.TRX_FAVOR_FUNC  WHERE  C_UNIT_CODE = 'C011143'  AND  C_USER_ID = 'C011143MCM1'  ORDER BY  T_OP_TIME DESC 
---------------------- End 2026-07-05 18:20:25 147 ------------------------
 [end]

[start] [INFO] [2026-07-05 18:20:25.181] [C011143_C011143MCM1] 
---------------------Begin 2026-07-05 18:20:25 177    CREATE_BU:C011143    CREATE_BY:C011143MCM1 ---------------------
[01]  SELECT C_INACTIVE FROM CEUSER.SEC_USER_INFO WHERE C_USER_ID = 'C011143MCM1' AND C_UNIT_CODE = 'C011143' 
---------------------- End 2026-07-05 18:20:25 180 ------------------------
 [end]

[start] [INFO] [2026-07-05 18:20:25.309] [C011143_C011143MCM1] 
---------------------Begin 2026-07-05 18:20:25 233    CREATE_BU:C011143    CREATE_BY:C011143MCM1 ---------------------
[01]  SELECT DISTINCT C_WIDGET_NAME FROM CEUSER.SEC_WIDGETS_V2_LIST  WHERE  C_IS_ACTIVE = 'Y'  AND  C_ROLE_NAME IN ('MAKER')  ORDER BY  C_WIDGET_NAME 
---------------------- End 2026-07-05 18:20:25 302 ------------------------
 [end]

[start] [INFO] [2026-07-05 18:20:25.358] [C011143_C011143MCM1] 
---------------------Begin 2026-07-05 18:20:25 346    CREATE_BU:C011143    CREATE_BY:C011143MCM1 ---------------------
[01]  SELECT C_AUTH_RULE FROM CEUSER.SEC_USER_INFO WHERE C_BK_GROUP_ID = 'CSBANK' AND C_UNIT_CODE = 'C011143' AND C_USER_ID = 'C011143MCM1' 
---------------------- End 2026-07-05 18:20:25 356 ------------------------
 [end]

[start] [INFO] [2026-07-05 18:20:25.402] [C011143_C011143MCM1] 
---------------------Begin 2026-07-05 18:20:25 398    CREATE_BU:C011143    CREATE_BY:C011143MCM1 ---------------------
[01]  SELECT C_AUTH_RULE FROM CEUSER.SEC_BUSINESS_UNIT WHERE C_BK_GROUP_ID = 'CSBANK' AND C_UNIT_CODE = 'C011143' 
---------------------- End 2026-07-05 18:20:25 401 ------------------------
 [end]

[start] [INFO] [2026-07-05 18:20:25.432] [C011143_C011143MCM1] 
---------------------Begin 2026-07-05 18:20:25 126    CREATE_BU:C011143    CREATE_BY:C011143MCM1 ---------------------
[01]  SELECT C_INACTIVE FROM CEUSER.SEC_USER_INFO WHERE C_USER_ID = 'C011143MCM1' AND C_UNIT_CODE = 'C011143' 
---------------------- End 2026-07-05 18:20:25 430 ------------------------
 [end]

[start] [INFO] [2026-07-05 18:20:25.438] [C011143_C011143MCM1] 
---------------------Begin 2026-07-05 18:20:25 315    CREATE_BU:C011143    CREATE_BY:C011143MCM1 ---------------------
[01]  SELECT TAB.C_TAB_ID,TAB.C_TAB_NAME,TAB.I_TAB_SEQUENCE FROM CEUSER.SEC_WIDGETS_V2_TABS TAB LEFT JOIN CEUSER.SEC_WIDGETS_V2_LAYOUT LYT ON (TAB.C_TAB_ID = LYT.C_TAB_ID AND  TAB.C_UNIT_CODE = LYT.C_UNIT_CODE AND TAB.C_USER_ID = LYT.C_USER_ID )    WHERE  TAB.C_UNIT_CODE = 'C011143'  AND  TAB.C_USER_ID = 'C011143MCM1'  AND  LYT.C_PAGE_NAME = 'default'  ORDER BY  TAB.I_TAB_SEQUENCE ASC 
---------------------- End 2026-07-05 18:20:25 384 ------------------------
 [end]

[start] [INFO] [2026-07-05 18:20:25.482] [C011143_C011143MCM1] 
---------------------Begin 2026-07-05 18:20:25 181    CREATE_BU:C011143    CREATE_BY:C011143MCM1 ---------------------
[01]  SELECT C_INACTIVE FROM CEUSER.SEC_USER_INFO WHERE C_USER_ID = 'C011143MCM1' AND C_UNIT_CODE = 'C011143' 
---------------------- End 2026-07-05 18:20:25 481 ------------------------
 [end]

[start] [INFO] [2026-07-05 18:20:25.501] [C011143_C011143MCM1] 
---------------------Begin 2026-07-05 18:20:25 496    CREATE_BU:C011143    CREATE_BY:C011143MCM1 ---------------------
[01]  SELECT DISTINCT C_WIDGET_NAME FROM CEUSER.SEC_WIDGETS_V2_LIST  WHERE  C_IS_ACTIVE = 'Y'  AND  C_ROLE_NAME IN ('MAKER')  ORDER BY  C_WIDGET_NAME 
---------------------- End 2026-07-05 18:20:25 500 ------------------------
 [end]

[start] [INFO] [2026-07-05 18:20:25.528] [C011143_C011143MCM1] 
---------------------Begin 2026-07-05 18:20:25 521    CREATE_BU:C011143    CREATE_BY:C011143MCM1 ---------------------
[01]  SELECT C_LAYOUT_INFO FROM CEUSER.SEC_WIDGETS_V2_LAYOUT  WHERE  C_UNIT_CODE = 'C011143'  AND  C_USER_ID = 'C011143MCM1'  AND  C_PAGE_NAME = 'default' 
---------------------- End 2026-07-05 18:20:25 526 ------------------------
 [end]

[start] [INFO] [2026-07-05 18:20:25.603] [C011143_C011143MCM1] 
---------------------Begin 2026-07-05 18:20:25 586    CREATE_BU:C011143    CREATE_BY:C011143MCM1 ---------------------
[01]  SELECT TAB.C_TAB_ID,TAB.C_TAB_NAME,TAB.I_TAB_SEQUENCE,LYT.C_LAYOUT_INFO FROM CEUSER.SEC_WIDGETS_V2_TABS TAB LEFT JOIN CEUSER.SEC_WIDGETS_V2_LAYOUT LYT ON (TAB.C_TAB_ID = LYT.C_TAB_ID AND  TAB.C_UNIT_CODE = LYT.C_UNIT_CODE AND TAB.C_USER_ID = LYT.C_USER_ID )    WHERE  TAB.C_UNIT_CODE = 'C011143'  AND  TAB.C_USER_ID = 'C011143MCM1'  AND  LYT.C_PAGE_NAME = 'default'  ORDER BY  TAB.I_TAB_SEQUENCE ASC 
---------------------- End 2026-07-05 18:20:25 601 ------------------------
 [end]

[start] [INFO] [2026-07-05 18:20:25.635] [C011143_C011143MCM1] 
---------------------Begin 2026-07-05 18:20:25 613    CREATE_BU:C011143    CREATE_BY:C011143MCM1 ---------------------
[01]  SELECT C_INST_CONFIG FROM CEUSER.SEC_WIDGETS_V2_INST_CONFIG  WHERE  C_INST_ID = '8A8284979EF901BB019EFE43C0D303C1'  AND  C_UNIT_CODE = 'C011143'  AND  C_USER_ID = 'C011143MCM1' 
---------------------- End 2026-07-05 18:20:25 633 ------------------------
 [end]

[start] [INFO] [2026-07-05 18:20:25.645] [C011143_C011143MCM1] 
---------------------Begin 2026-07-05 18:20:25 640    CREATE_BU:C011143    CREATE_BY:C011143MCM1 ---------------------
[01]  SELECT C_INST_CONFIG FROM CEUSER.SEC_WIDGETS_V2_INST_CONFIG  WHERE  C_INST_ID = '8A8284979EF901BB019EFE43C0D303C1'  AND  C_UNIT_CODE = 'C011143'  AND  C_USER_ID = 'C011143MCM1' 
---------------------- End 2026-07-05 18:20:25 644 ------------------------
 [end]

[start] [INFO] [2026-07-05 18:20:25.661] [C011143_C011143MCM1] 
---------------------Begin 2026-07-05 18:20:25 656    CREATE_BU:C011143    CREATE_BY:C011143MCM1 ---------------------
[01]  SELECT C_INST_CONFIG FROM CEUSER.SEC_WIDGETS_V2_INST_CONFIG  WHERE  C_INST_ID = '8A8284979EF901BB019EFE43C0E403C3'  AND  C_UNIT_CODE = 'C011143'  AND  C_USER_ID = 'C011143MCM1' 
---------------------- End 2026-07-05 18:20:25 660 ------------------------
 [end]

[start] [INFO] [2026-07-05 18:20:25.741] [C011143_C011143MCM1] 
---------------------Begin 2026-07-05 18:20:25 667    CREATE_BU:C011143    CREATE_BY:C011143MCM1 ---------------------
[01]  SELECT C_INST_CONFIG FROM CEUSER.SEC_WIDGETS_V2_INST_CONFIG  WHERE  C_INST_ID = '8A8284979EF901BB019EFE43C0E403C3'  AND  C_UNIT_CODE = 'C011143'  AND  C_USER_ID = 'C011143MCM1' 
---------------------- End 2026-07-05 18:20:25 740 ------------------------
 [end]

[start] [INFO] [2026-07-05 18:20:25.787] [C011143_C011143MCM1] 
---------------------Begin 2026-07-05 18:20:25 749    CREATE_BU:C011143    CREATE_BY:C011143MCM1 ---------------------
[01]  SELECT C_INST_CONFIG FROM CEUSER.SEC_WIDGETS_V2_INST_CONFIG  WHERE  C_INST_ID = '8A8284979EF901BB019EFE43C11B03C4'  AND  C_UNIT_CODE = 'C011143'  AND  C_USER_ID = 'C011143MCM1' 
---------------------- End 2026-07-05 18:20:25 785 ------------------------
 [end]

[start] [INFO] [2026-07-05 18:20:25.795] [C011143_C011143MCM1] 
---------------------Begin 2026-07-05 18:20:25 791    CREATE_BU:C011143    CREATE_BY:C011143MCM1 ---------------------
[01]  SELECT C_INST_CONFIG FROM CEUSER.SEC_WIDGETS_V2_INST_CONFIG  WHERE  C_INST_ID = '8A8284979EF901BB019EFE43C11B03C4'  AND  C_UNIT_CODE = 'C011143'  AND  C_USER_ID = 'C011143MCM1' 
---------------------- End 2026-07-05 18:20:25 794 ------------------------
 [end]

[start] [INFO] [2026-07-05 18:20:25.806] [C011143_C011143MCM1] 
---------------------Begin 2026-07-05 18:20:25 803    CREATE_BU:C011143    CREATE_BY:C011143MCM1 ---------------------
[01]  SELECT C_INST_CONFIG FROM CEUSER.SEC_WIDGETS_V2_INST_CONFIG  WHERE  C_INST_ID = '8A8284979EF901BB019EFE43C0DC03C2'  AND  C_UNIT_CODE = 'C011143'  AND  C_USER_ID = 'C011143MCM1' 
---------------------- End 2026-07-05 18:20:25 805 ------------------------
 [end]

[start] [INFO] [2026-07-05 18:20:25.812] [C011143_C011143MCM1] 
---------------------Begin 2026-07-05 18:20:25 809    CREATE_BU:C011143    CREATE_BY:C011143MCM1 ---------------------
[01]  SELECT C_INST_CONFIG FROM CEUSER.SEC_WIDGETS_V2_INST_CONFIG  WHERE  C_INST_ID = '8A8284979EF901BB019EFE43C0DC03C2'  AND  C_UNIT_CODE = 'C011143'  AND  C_USER_ID = 'C011143MCM1' 
---------------------- End 2026-07-05 18:20:25 810 ------------------------
 [end]

[start] [INFO] [2026-07-05 18:20:25.931] [C011143_C011143MCM1] 
---------------------Begin 2026-07-05 18:20:25 928    CREATE_BU:C011143    CREATE_BY:C011143MCM1 ---------------------
[01]  SELECT C_INACTIVE FROM CEUSER.SEC_USER_INFO WHERE C_USER_ID = 'C011143MCM1' AND C_UNIT_CODE = 'C011143' 
---------------------- End 2026-07-05 18:20:25 929 ------------------------
 [end]

[start] [INFO] [2026-07-05 18:20:25.941] [C011143_C011143MCM1] 
---------------------Begin 2026-07-05 18:20:25 936    CREATE_BU:C011143    CREATE_BY:C011143MCM1 ---------------------
[01]  SELECT C_INACTIVE FROM CEUSER.SEC_USER_INFO WHERE C_USER_ID = 'C011143MCM1' AND C_UNIT_CODE = 'C011143' 
---------------------- End 2026-07-05 18:20:25 939 ------------------------
 [end]

[start] [INFO] [2026-07-05 18:20:25.961] [C011143_C011143MCM1] 
---------------------Begin 2026-07-05 18:20:25 956    CREATE_BU:C011143    CREATE_BY:C011143MCM1 ---------------------
[01]  SELECT C_INACTIVE FROM CEUSER.SEC_USER_INFO WHERE C_USER_ID = 'C011143MCM1' AND C_UNIT_CODE = 'C011143' 
---------------------- End 2026-07-05 18:20:25 959 ------------------------
 [end]

[start] [INFO] [2026-07-05 18:20:26.114] [C011143_C011143MCM1] 
---------------------Begin 2026-07-05 18:20:26 108    CREATE_BU:C011143    CREATE_BY:C011143MCM1 ---------------------
[01]  SELECT C_INACTIVE FROM CEUSER.SEC_USER_INFO WHERE C_USER_ID = 'C011143MCM1' AND C_UNIT_CODE = 'C011143' 
---------------------- End 2026-07-05 18:20:26 112 ------------------------
 [end]

[start] [INFO] [2026-07-05 18:20:26.132] [C011143_C011143MCM1] 
---------------------Begin 2026-07-05 18:20:26 126    CREATE_BU:C011143    CREATE_BY:C011143MCM1 ---------------------
[01]  SELECT C_FUNC_ID,T_OP_TIME FROM CETRX.TRX_FAVOR_FUNC  WHERE  C_UNIT_CODE = 'C011143'  AND  C_USER_ID = 'C011143MCM1'  ORDER BY  T_OP_TIME DESC 
---------------------- End 2026-07-05 18:20:26 130 ------------------------
 [end]

[start] [INFO] [2026-07-05 18:20:26.148] [C011143_C011143MCM1] 
---------------------Begin 2026-07-05 18:20:26 143    CREATE_BU:C011143    CREATE_BY:C011143MCM1 ---------------------
[01]  SELECT C_INACTIVE FROM CEUSER.SEC_USER_INFO WHERE C_USER_ID = 'C011143MCM1' AND C_UNIT_CODE = 'C011143' 
---------------------- End 2026-07-05 18:20:26 146 ------------------------
 [end]

[start] [INFO] [2026-07-05 18:20:26.225] [C011143_C011143MCM1] 
---------------------Begin 2026-07-05 18:20:26 221    CREATE_BU:C011143    CREATE_BY:C011143MCM1 ---------------------
[01]  SELECT C_INACTIVE FROM CEUSER.SEC_USER_INFO WHERE C_USER_ID = 'C011143MCM1' AND C_UNIT_CODE = 'C011143' 
---------------------- End 2026-07-05 18:20:26 224 ------------------------
 [end]

[start] [INFO] [2026-07-05 18:20:26.301] [C011143_C011143MCM1] 
---------------------Begin 2026-07-05 18:20:26 233    CREATE_BU:C011143    CREATE_BY:C011143MCM1 ---------------------
[01]  SELECT C_IS_ACTIVE FROM CEUSER.SEC_WIDGETS_V2_LIST  WHERE  C_WIDGET_NAME = 'ShortcutMenu'  AND  C_ROLE_NAME IN ('MAKER') 
---------------------- End 2026-07-05 18:20:26 300 ------------------------
 [end]

[start] [INFO] [2026-07-05 18:20:26.342] [C011143_C011143MCM1] 
---------------------Begin 2026-07-05 18:20:26 337    CREATE_BU:C011143    CREATE_BY:C011143MCM1 ---------------------
[01]  SELECT C_INACTIVE FROM CEUSER.SEC_USER_INFO WHERE C_USER_ID = 'C011143MCM1' AND C_UNIT_CODE = 'C011143' 
---------------------- End 2026-07-05 18:20:26 340 ------------------------
 [end]

[start] [INFO] [2026-07-05 18:20:26.382] [C011143_C011143MCM1] 
---------------------Begin 2026-07-05 18:20:26 282    CREATE_BU:C011143    CREATE_BY:C011143MCM1 ---------------------
[01]  SELECT A.C_REPORT_ID,A.C_GRP_CODE,A.C_USER_ID,A.T_PIN_DATE,B.C_SOURCE_REPORT,B.C_REPORT_NAME,B.T_UPDATE_DATE,C.C_USER_DESC FROM CETRX.TRX_USER_REPORT_PIN A LEFT JOIN CETRX.TRX_USER_REPORT B ON A.C_REPORT_ID = B.C_REPORT_ID  LEFT JOIN CEUSER.SEC_USER_INFO C ON A.C_GRP_CODE = C.C_UNIT_CODE AND A.C_USER_ID = C.C_USER_ID  WHERE  A.C_GRP_CODE = 'C011143'  AND  A.C_USER_ID = 'C011143MCM1'  ORDER BY B.T_UPDATE_DATE DESC
---------------------- End 2026-07-05 18:20:26 381 ------------------------
 [end]

[start] [INFO] [2026-07-05 18:20:26.453] [C011143_C011143MCM1] 
---------------------Begin 2026-07-05 18:20:26 037    CREATE_BU:C011143    CREATE_BY:C011143MCM1 ---------------------
[01]  [Id=C2A_ForYou]  SELECT COUNT(*) FROM (SELECT DISTINCT T1.C_BK_GROUP_ID, T1.C_MAIN_REF, T1.C_TRX_REF, T1.C_UNIT_CODE, T1.PARENT_MAIN_REF, T1.C_TRX_STATUS, T1.CURRNT_STATUS, T1.C2A_STATUS, T1.I_EVENT_TIMES, T1.C_MODULE, T1.C_FUNC_ID, T1.C_PRODUCT_ID, T1.C_TRX_ID, T3.C_LOCKED_FLAG, T3.C_LOCKED_OP, T3.C_USER_DESC, T1.D_SYS_OP_DATE, T1.T_SYS_OP_TIME, T1.C2A_CCY, T1.C2A_AMOUNT, T1.C2A_COUNTERPARTY FROM CETRX.TRX_INBOX T1 LEFT JOIN CETRX.TRX_NEXT_FUNC T2 ON T1.C_PRODUCT_ID = T2.C_PRODUCT_ID AND T1.C2A_STATUS = T2.C2A_STATUS AND T1.C_TRX_STATUS = T2.C_TRX_STATUS LEFT JOIN CETRX.TRX_LOCK_INFO T3 ON T1.C_MAIN_REF = T3.C_MAIN_REF AND T1.C_UNIT_CODE = T3.C_UNIT_CODE WHERE   T1.C_BK_GROUP_ID = 'CSBANK'  AND (( T1.C_UNIT_CODE = 'C011143'  AND  T1.C_PRODUCT_ID IN ('FHS0YffwVNuA','P19080800000','P19080800001','P19080800002','P20030600000','epF3a6u4ZGAt') )) AND (T2.C_NEXT_FUNC_ID IN (SELECT C_FUNC_ID FROM CEUSER.SEC_OP_FUNC WHERE C_USER_ID = 'C011143MCM1' AND C_GRP_CODE = 'C011143' AND C_UNIT_CODE = T1.C_UNIT_CODE) OR T2.C_NEXT_FUNC_ID IN (SELECT C_FUNC_ID FROM CEUSER.SEC_OP_FUNC WHERE C_GRP_CODE = 'C011143' AND C_USER_ID IN (SELECT C_ROLE_ID FROM CEUSER.SEC_USER_ROLE WHERE C_USER_ID = 'C011143MCM1' AND C_GRP_CODE = 'C011143') AND C_UNIT_CODE = T1.C_UNIT_CODE)) AND (T1.C_TRX_STATUS = 'R' OR T1.C2A_STATUS IN ('Rejected by bank', 'Discrepancy notification', 'Document received') AND T1.C_TRX_STATUS = 'M' OR T1.C2A_STATUS IN ('Amendment(Detrimental)_fully authorized', 'Document discrepancy_fully authorized') AND T1.C_TRX_STATUS = 'A') AND T1.C_TRX_ID NOT IN (SELECT C_TRX_ID FROM CETRX.TRX_USER_DISMISS WHERE C_USER_ID = 'C011143MCM1' AND C_GRP_CODE = 'C011143') AND (T1.C_MODULE = 'IMLC' OR T1.C_MODULE = 'EXLC' OR T1.C_MODULE = 'FAEF' OR T1.C_MODULE = 'FADA' OR T1.C_MODULE = 'TSUM' OR T1.C_MODULE = 'ABLF' OR T1.C_MODULE = 'UPLD') ORDER BY T1.D_SYS_OP_DATE DESC, T1.T_SYS_OP_TIME DESC)
---------------------- End 2026-07-05 18:20:26 451 ------------------------
 [end]

[start] [INFO] [2026-07-05 18:20:26.772] [C011143_C011143MCM1] 
---------------------Begin 2026-07-05 18:20:26 506    CREATE_BU:C011143    CREATE_BY:C011143MCM1 ---------------------
[01]  [Id=C2A_InProgress_Maker]  SELECT COUNT(*) FROM CETRX.TRX_INBOX T1 LEFT JOIN CETRX.TRX_LOCK_INFO T3 ON T1.C_MAIN_REF = T3.C_MAIN_REF AND T1.C_UNIT_CODE = T3.C_UNIT_CODE WHERE   T1.C_BK_GROUP_ID = 'CSBANK'  AND (( T1.C_UNIT_CODE = 'C011143'  AND  T1.C_PRODUCT_ID IN ('FHS0YffwVNuA','P19080800000','P19080800001','P19080800002','P20030600000','epF3a6u4ZGAt') )) AND (T1.C_TRX_STATUS IN ('P', 'T', 'A', 'S') AND (T1.C_MODULE = 'IMLC' OR T1.C_MODULE = 'EXLC' OR T1.C_MODULE = 'FAEF' OR T1.C_MODULE = 'FADA' OR T1.C_MODULE = 'ABLF') AND T1.C2A_STATUS NOT IN ('Discrepancies rejected_fully authorized') OR T1.C_TRX_STATUS = 'M' AND (T1.C_MODULE = 'IMLC' AND T1.C2A_STATUS NOT IN ('Issued', 'Amended', 'Beneficiary rejected', 'Settled') OR T1.C_MODULE = 'EXCO' AND T1.CURRNT_STATUS NOT IN ('Payment Advice') OR T1.C_MODULE = 'EXLC' AND T1.CURRNT_STATUS NOT IN ('Settled', 'Advise Received', 'Amendment Received', 'Docment Received') OR T1.C_MODULE = 'FAEF' AND T1.CURRNT_STATUS NOT IN ('Settled', 'Advise Received') OR T1.C_MODULE = 'FADA' AND T1.CURRNT_STATUS NOT IN ('Settled', 'Advise Received') OR T1.C_MODULE = 'ABLF' AND T1.CURRNT_STATUS NOT IN ('Settled', 'Advise Received'))) AND T1.C_TRX_ID NOT IN (SELECT C_TRX_ID FROM CETRX.TRX_USER_DISMISS WHERE C_USER_ID = 'C011143MCM1' AND C_GRP_CODE = 'C011143') AND (T1.C_MODULE = 'IMLC' OR T1.C_MODULE = 'EXLC' OR T1.C_MODULE = 'FAEF' OR T1.C_MODULE = 'FADA' OR T1.C_MODULE = 'ABLF')
---------------------- End 2026-07-05 18:20:26 771 ------------------------
 [end]

[start] [INFO] [2026-07-05 18:20:26.804] [C011143_C011143MCM1] 
---------------------Begin 2026-07-05 18:20:26 304    CREATE_BU:C011143    CREATE_BY:C011143MCM1 ---------------------
[01]  SELECT C_FUNC_ID,C_MODULE FROM CETRX.TRX_ACT_LOG WHERE C_FUNC_ID IS NOT NULL AND C_UNIT_CODE = 'C011143' AND C_USER_ID = 'C011143MCM1' AND D_SYS_OP_DATE BETWEEN TO_DATE('2026-06-05','yyyy-MM-dd') AND TO_DATE('2026-07-05','yyyy-MM-dd') ORDER BY D_SYS_OP_DATE DESC,T_SYS_OP_TIME DESC
---------------------- End 2026-07-05 18:20:26 802 ------------------------
 [end]

[start] [INFO] [2026-07-05 18:20:26.918] [C011143_C011143MCM1] 
---------------------Begin 2026-07-05 18:20:26 779    CREATE_BU:C011143    CREATE_BY:C011143MCM1 ---------------------
[01]  [Id=C2A_Closed]  SELECT COUNT(*) FROM CETRX.TRX_INBOX T1 LEFT JOIN CETRX.TRX_LOCK_INFO T3 ON T1.C_MAIN_REF = T3.C_MAIN_REF AND T1.C_UNIT_CODE = T3.C_UNIT_CODE WHERE   T1.C_BK_GROUP_ID = 'CSBANK'  AND (( T1.C_UNIT_CODE = 'C011143'  AND  T1.C_PRODUCT_ID IN ('FHS0YffwVNuA','P19080800000','P19080800001','P19080800002','P20030600000','epF3a6u4ZGAt') )) AND (T1.C2A_STATUS IN ('Issued', 'Amended', 'Beneficiary rejected', 'Discrepancies rejected_fully authorized', 'Settled') AND T1.C_MODULE = 'IMLC' OR T1.CURRNT_STATUS IN ('Issued', 'Amended', 'Detrimental Amendment', 'Beneficiary Consent', 'Beneficiary Rejected', 'Document Presentation', 'Document Presentation', 'Settlement', 'Settled') AND T1.C_MODULE = 'EXCO' OR T1.C2A_STATUS IN ('Settled', 'Amendment_fully authorized', '') AND T1.C_MODULE = 'EXLC' OR T1.C_FUNC_ID IN ('F05030700899', 'F05030700901', 'F05030700908') AND T1.C2A_STATUS = 'Fully authorized' AND T1.C_MODULE = 'EXLC' OR T1.C_MODULE = 'FADA' OR T1.C_MODULE = 'FAEF') AND T1.C_TRX_STATUS IN ('M', 'A', 'S') AND T1.C_TRX_ID NOT IN (SELECT C_TRX_ID FROM CETRX.TRX_USER_DISMISS WHERE C_USER_ID = 'C011143MCM1' AND C_GRP_CODE = 'C011143') AND (T1.C_MODULE = 'IMLC' OR T1.C_MODULE = 'EXLC' OR T1.C_MODULE = 'FADA' OR T1.C_MODULE = 'FAEF')
---------------------- End 2026-07-05 18:20:26 916 ------------------------
 [end]

[start] [INFO] [2026-07-05 18:20:26.983] [C011143_C011143MCM1] 
---------------------Begin 2026-07-05 18:20:26 370    CREATE_BU:C011143    CREATE_BY:C011143MCM1 ---------------------
[01]  SELECT FA_DOC_DUE_DT AS GROUP_DATE, COUNT(*) AS ASCOUNT FROM (SELECT C_PRODUCT_ID, C_MAIN_REF, C_CUST_ID, C_TRX_REF, I_EVENT_TIMES, C_BK_GROUP_ID, C_UNIT_CODE, FA_SEL_NM, FA_BUYER_NM, FA_DOC_CCY, FA_DOC_AMT, AUTH_AMT, AUTH_CCY, PARENT_MAIN_REF, FA_DOC_DT, FA_DOC_DUE_DT, CURRNT_STATUS, C_TRX_STATUS, D_CREA_DATE, D_RELE_DATE, C_FUNC_ID, C_EVENT_NAME, C_EVENT_STATUS, C_NOW_EVENT, C_LOCKED_FLAG, C_LOCKED_OP, C_RELE_BY FROM CETRX.FAEF_EM_INV WHERE   C_BK_GROUP_ID = 'CSBANK'  AND (( C_UNIT_CODE = 'C011143'  AND  C_PRODUCT_ID = 'P19080800001' )) AND C_TRX_STATUS IN ('P', 'A', 'T', 'R', 'M') AND FA_DOC_DUE_DT >= TO_DATE('2026-01-01', 'YYYY-MM-DD') AND FA_DOC_DUE_DT <= TO_DATE('2026-12-31', 'YYYY-MM-DD') ) TEMP_TABLE GROUP BY FA_DOC_DUE_DT
---------------------- End 2026-07-05 18:20:26 981 ------------------------
 [end]

[start] [INFO] [2026-07-05 18:20:27.217] [C011143_C011143MCM1] 
---------------------Begin 2026-07-05 18:20:26 982    CREATE_BU:C011143    CREATE_BY:C011143MCM1 ---------------------
[01]  [Id=C2A_Drafts]  SELECT COUNT(*) FROM (SELECT DISTINCT T1.C_BK_GROUP_ID, T1.C_MAIN_REF, T1.C_TRX_REF, T1.C_UNIT_CODE, T1.PARENT_MAIN_REF, T1.C_TRX_STATUS, T1.I_EVENT_TIMES, T1.C_MODULE, T1.C_FUNC_ID, T1.C_PRODUCT_ID, T1.C_TRX_ID, T3.C_LOCKED_FLAG, T3.C_LOCKED_OP, T3.C_USER_DESC, T1.D_SYS_OP_DATE, T1.T_SYS_OP_TIME, T1.C2A_CCY, T1.C2A_AMOUNT, T1.C2A_COUNTERPARTY FROM CETRX.TRX_INBOX T1 LEFT JOIN CETRX.TRX_NEXT_FUNC T2 ON T1.C_PRODUCT_ID = T2.C_PRODUCT_ID AND T1.C_TRX_STATUS = T2.C_TRX_STATUS LEFT JOIN CETRX.TRX_LOCK_INFO T3 ON T1.C_MAIN_REF = T3.C_MAIN_REF AND T1.C_UNIT_CODE = T3.C_UNIT_CODE WHERE   T1.C_BK_GROUP_ID = 'CSBANK'  AND (( T1.C_UNIT_CODE = 'C011143'  AND  T1.C_PRODUCT_ID IN ('FHS0YffwVNuA','P19080800000','P19080800001','P19080800002','P20030600000','epF3a6u4ZGAt') )) AND (T2.C_NEXT_FUNC_ID IN (SELECT C_FUNC_ID FROM CEUSER.SEC_OP_FUNC WHERE C_USER_ID = 'C011143MCM1' AND C_GRP_CODE = 'C011143' AND C_UNIT_CODE = T1.C_UNIT_CODE) OR T2.C_NEXT_FUNC_ID IN (SELECT C_FUNC_ID FROM CEUSER.SEC_OP_FUNC WHERE C_GRP_CODE = 'C011143' AND C_USER_ID IN (SELECT C_ROLE_ID FROM CEUSER.SEC_USER_ROLE WHERE C_USER_ID = 'C011143MCM1' AND C_GRP_CODE = 'C011143') AND C_UNIT_CODE = T1.C_UNIT_CODE)) AND T1.C_TRX_STATUS = 'Z' AND T1.C_TRX_ID NOT IN (SELECT C_TRX_ID FROM CETRX.TRX_USER_DISMISS WHERE C_USER_ID = 'C011143MCM1' AND C_GRP_CODE = 'C011143') AND (T1.C_MODULE = 'IMLC' OR T1.C_MODULE = 'EXLC' OR T1.C_MODULE = 'FAEF' OR T1.C_MODULE = 'FADA' OR T1.C_MODULE = 'ABLF') ORDER BY T1.D_SYS_OP_DATE DESC, T1.T_SYS_OP_TIME DESC)
---------------------- End 2026-07-05 18:20:27 216 ------------------------
 [end]

[start] [INFO] [2026-07-05 18:20:27.331] [C011143_C011143MCM1] 
---------------------Begin 2026-07-05 18:20:27 326    CREATE_BU:C011143    CREATE_BY:C011143MCM1 ---------------------
[01]  SELECT C_INACTIVE FROM CEUSER.SEC_USER_INFO WHERE C_USER_ID = 'C011143MCM1' AND C_UNIT_CODE = 'C011143' 
---------------------- End 2026-07-05 18:20:27 329 ------------------------
 [end]

[start] [INFO] [2026-07-05 18:20:27.357] [C011143_C011143MCM1] 
---------------------Begin 2026-07-05 18:20:27 341    CREATE_BU:C011143    CREATE_BY:C011143MCM1 ---------------------
[01]  SELECT C_CRITERIA_DATA,C_TMPL_NAME,C_IS_DEFAULT FROM CETRX.STD_SEARCH_CRITERIA  WHERE  C_UNIT_CODE = 'C011143'  AND  C_USER_ID = 'C011143MCM1'  AND  C_CATA_ID = 'C2A_InProgress_Maker'  AND  C_BK_GROUP_ID = 'CSBANK'  AND  I_CRITERIA_TYPE = 4 
---------------------- End 2026-07-05 18:20:27 355 ------------------------
 [end]

[start] [INFO] [2026-07-05 18:20:27.441] [C011143_C011143MCM1] 
---------------------Begin 2026-07-05 18:20:27 438    CREATE_BU:C011143    CREATE_BY:C011143MCM1 ---------------------
[01]  SELECT C_UNIT_CODE,C_UNIT_NAME FROM CEUSER.SEC_BUSINESS_UNIT WHERE C_UNIT_CODE = 'C011143' 
---------------------- End 2026-07-05 18:20:27 440 ------------------------
 [end]

[start] [INFO] [2026-07-05 18:20:27.714] [C011143_C011143MCM1] 
---------------------Begin 2026-07-05 18:20:27 707    CREATE_BU:C011143    CREATE_BY:C011143MCM1 ---------------------
[01]  SELECT C_INACTIVE FROM CEUSER.SEC_USER_INFO WHERE C_USER_ID = 'C011143MCM1' AND C_UNIT_CODE = 'C011143' 
---------------------- End 2026-07-05 18:20:27 712 ------------------------
 [end]

[start] [INFO] [2026-07-05 18:20:27.814] [C011143_C011143MCM1] 
---------------------Begin 2026-07-05 18:20:27 729    CREATE_BU:C011143    CREATE_BY:C011143MCM1 ---------------------
[01]  [Id=C2A_InProgress_Maker]  SELECT T1.C_BK_GROUP_ID, T1.C_MAIN_REF, T1.C_TRX_REF, T1.C_UNIT_CODE, T1.PARENT_MAIN_REF, T1.C_TRX_STATUS, T1.CURRNT_STATUS, (CASE WHEN T1.C_MODULE = 'FADA' OR T1.C_MODULE = 'FAEF' THEN T1.C_TRX_STATUS ELSE T1.C2A_STATUS END) C2A_STATUS, T1.I_EVENT_TIMES, T1.C_MODULE, T1.C_FUNC_ID, T1.C_PRODUCT_ID, T1.C_TRX_ID, T3.C_LOCKED_FLAG, T3.C_LOCKED_OP, T3.C_USER_DESC, T1.D_SYS_OP_DATE, T1.T_SYS_OP_TIME, T1.C2A_CCY, T1.C2A_AMOUNT, T1.C2A_COUNTERPARTY FROM CETRX.TRX_INBOX T1 LEFT JOIN CETRX.TRX_LOCK_INFO T3 ON T1.C_MAIN_REF = T3.C_MAIN_REF AND T1.C_UNIT_CODE = T3.C_UNIT_CODE WHERE   T1.C_BK_GROUP_ID = 'CSBANK'  AND (( T1.C_UNIT_CODE = 'C011143'  AND  T1.C_PRODUCT_ID IN ('FHS0YffwVNuA','P19080800000','P19080800001','P19080800002','P20030600000','epF3a6u4ZGAt') )) AND (T1.C_TRX_STATUS IN ('P', 'T', 'A', 'S') AND (T1.C_MODULE = 'IMLC' OR T1.C_MODULE = 'EXLC' OR T1.C_MODULE = 'FAEF' OR T1.C_MODULE = 'FADA' OR T1.C_MODULE = 'ABLF') AND T1.C2A_STATUS NOT IN ('Discrepancies rejected_fully authorized') OR T1.C_TRX_STATUS = 'M' AND (T1.C_MODULE = 'IMLC' AND T1.C2A_STATUS NOT IN ('Issued', 'Amended', 'Beneficiary rejected', 'Settled') OR T1.C_MODULE = 'EXCO' AND T1.CURRNT_STATUS NOT IN ('Payment Advice') OR T1.C_MODULE = 'EXLC' AND T1.CURRNT_STATUS NOT IN ('Settled', 'Advise Received', 'Amendment Received', 'Docment Received') OR T1.C_MODULE = 'FAEF' AND T1.CURRNT_STATUS NOT IN ('Settled', 'Advise Received') OR T1.C_MODULE = 'FADA' AND T1.CURRNT_STATUS NOT IN ('Settled', 'Advise Received') OR T1.C_MODULE = 'ABLF' AND T1.CURRNT_STATUS NOT IN ('Settled', 'Advise Received'))) AND T1.C_TRX_ID NOT IN (SELECT C_TRX_ID FROM CETRX.TRX_USER_DISMISS WHERE C_USER_ID = 'C011143MCM1' AND C_GRP_CODE = 'C011143') AND (T1.C_MODULE = 'IMLC' OR T1.C_MODULE = 'EXLC' OR T1.C_MODULE = 'FAEF' OR T1.C_MODULE = 'FADA' OR T1.C_MODULE = 'ABLF') ORDER BY T1.D_SYS_OP_DATE DESC, T1.T_SYS_OP_TIME DESC
---------------------- End 2026-07-05 18:20:27 812 ------------------------
 [end]

[start] [INFO] [2026-07-05 18:20:27.872] [C011143_C011143MCM1] 
---------------------Begin 2026-07-05 18:20:27 869    CREATE_BU:C011143    CREATE_BY:C011143MCM1 ---------------------
[01]  SELECT C_UNIT_CODE,C_UNIT_NAME FROM CEUSER.SEC_BUSINESS_UNIT WHERE C_UNIT_CODE = 'C011143' 
---------------------- End 2026-07-05 18:20:27 871 ------------------------
 [end]

[start] [INFO] [2026-07-05 18:20:27.894] [C011143_C011143MCM1] 
---------------------Begin 2026-07-05 18:20:27 888    CREATE_BU:C011143    CREATE_BY:C011143MCM1 ---------------------
[01]  SELECT C_CRITERIA_DATA,C_TMPL_NAME,C_IS_DEFAULT FROM CETRX.STD_SEARCH_CRITERIA  WHERE  C_UNIT_CODE = 'C011143'  AND  C_USER_ID = 'C011143MCM1'  AND  C_CATA_ID = 'C2A_InProgress_Maker'  AND  C_BK_GROUP_ID = 'CSBANK'  AND  I_CRITERIA_TYPE = 4 
---------------------- End 2026-07-05 18:20:27 892 ------------------------
 [end]

[start] [INFO] [2026-07-05 18:20:45.007] [C011143_C011143MCM1] 
---------------------Begin 2026-07-05 18:20:45 004    CREATE_BU:C011143    CREATE_BY:C011143MCM1 ---------------------
[01]  SELECT C_INACTIVE FROM CEUSER.SEC_USER_INFO WHERE C_USER_ID = 'C011143MCM1' AND C_UNIT_CODE = 'C011143' 
---------------------- End 2026-07-05 18:20:45 006 ------------------------
 [end]

[start] [INFO] [2026-07-05 18:20:45.013] [C011143_C011143MCM1] 
---------------------Begin 2026-07-05 18:20:45 009    CREATE_BU:C011143    CREATE_BY:C011143MCM1 ---------------------
[01]  SELECT C_IS_INFORM FROM CEUSER.SEC_LOGIN_SESSION WHERE C_SESSION_ID = '_2Ur99UXgpKgm3GfbaUglBS' 
---------------------- End 2026-07-05 18:20:45 012 ------------------------
 [end]

[start] [INFO] [2026-07-05 18:20:45.046] [C011143_C011143MCM1] 
---------------------Begin 2026-07-05 18:20:45 021    CREATE_BU:C011143    CREATE_BY:C011143MCM1 ---------------------
[01]  INSERT INTO CETRX.TRX_ACT_LOG (C_LOG_ID,C_BK_GROUP_ID,C_CNTY_CODE,C_GRP_CODE,C_UNIT_CODE,C_USER_ID,C_IP_ADDRESS,C_FUNC_ID,D_CREA_DATE,T_CREA_TIME,D_SYS_OP_DATE,T_SYS_OP_TIME,D_SYS_TRT_DATE,T_SYS_TRT_TIME,C_BUSI_KEY) VALUES ('8A8284979F2871C3019F32A72E5A011F','CSBANK','US','C011143','C011143','C011143MCM1','10.3.1.43','LogOut',TO_DATE('2026-07-05','YYYY-MM-DD'),TO_DATE('14:20:45','HH24:MI:SS'),TO_DATE('2026-07-05','YYYY-MM-DD'),TO_DATE('14:20:45','HH24:MI:SS'),TO_DATE('2026-07-05','YYYY-MM-DD'),TO_DATE('14:20:45','HH24:MI:SS'),'C011143;C011143MCM1')
---------------------- End 2026-07-05 18:20:45 044 ------------------------
 [end]

[start] [INFO] [2026-07-05 18:20:45.054] [C011143_C011143MCM1] 
---------------------Begin 2026-07-05 18:20:45 049    CREATE_BU:C011143    CREATE_BY:C011143MCM1 ---------------------
[01]  DELETE FROM CEUSER.SEC_LOGIN_SESSION WHERE C_BK_GROUP_ID = 'CSBANK' AND C_USER_ID = 'C011143MCM1' AND C_UNIT_CODE = 'C011143' AND C_SESSION_ID = '_2Ur99UXgpKgm3GfbaUglBS' 
---------------------- End 2026-07-05 18:20:45 053 ------------------------
 [end]
