--2025-09-03 01:40:28:346 -  response body: <?xml version="1.0" encoding="UTF-8" standalone="yes"?><CMP014><RtrMmb><MsgHdr><MsgId>1756863628317</MsgId><CreDtTm>2025-09-03T01:40:28.317</CreDtTm><ReqTp><Enqry>0000</Enqry></ReqTp><CntyCd fld="SYS_BANK_COUNTRY">US</CntyCd></MsgHdr><RptOrErr></RptOrErr><MsgRtn><CMP014>
    <RtrMmb>
        <MsgHdr>
            <MsgId>1756863628317</MsgId>
            <CreDtTm>2025-09-03T01:40:28.317</CreDtTm>
            <ReqTp>
                <Enqry>0000</Enqry>
            </ReqTp>
            <CntyCd fld="SYS_BANK_COUNTRY">US</CntyCd>
        </MsgHdr>
        <RptOrErr/>
    </RtrMmb>
</CMP014></MsgRtn></RtrMmb></CMP014>
--2025-09-03 03:26:40:400 -  response body: <?xml version="1.0" encoding="UTF-8" standalone="yes"?><CMP014><RtrMmb><MsgHdr><MsgId>1756870000387</MsgId><CreDtTm>2025-09-03T03:26:40.387</CreDtTm><ReqTp><Enqry>0000</Enqry></ReqTp><CntyCd fld="SYS_BANK_COUNTRY">US</CntyCd></MsgHdr><RptOrErr></RptOrErr><MsgRtn><CMP014>
    <RtrMmb>
        <MsgHdr>
            <MsgId>1756870000387</MsgId>
            <CreDtTm>2025-09-03T03:26:40.387</CreDtTm>
            <ReqTp>
                <Enqry>0000</Enqry>
            </ReqTp>
            <CntyCd fld="SYS_BANK_COUNTRY">US</CntyCd>
        </MsgHdr>
        <RptOrErr/>
    </RtrMmb>
</CMP014></MsgRtn></RtrMmb></CMP014>
