--2025-10-15 00:51:16:378 -  response body: <?xml version="1.0" encoding="UTF-8" standalone="yes"?><CMP014><RtrMmb><MsgHdr><MsgId>1760489476261</MsgId><CreDtTm>2025-10-15T00:51:16.261</CreDtTm><ReqTp><Enqry>0000</Enqry></ReqTp><CntyCd fld="SYS_BANK_COUNTRY">US</CntyCd></MsgHdr><RptOrErr></RptOrErr><MsgRtn><CMP014>
    <RtrMmb>
        <MsgHdr>
            <MsgId>1760489476261</MsgId>
            <CreDtTm>2025-10-15T00:51:16.261</CreDtTm>
            <ReqTp>
                <Enqry>0000</Enqry>
            </ReqTp>
            <CntyCd fld="SYS_BANK_COUNTRY">US</CntyCd>
        </MsgHdr>
        <RptOrErr/>
    </RtrMmb>
</CMP014></MsgRtn></RtrMmb></CMP014>
--2025-10-15 01:24:10:126 -  response body: <?xml version="1.0" encoding="UTF-8" standalone="yes"?><CMP014><RtrMmb><MsgHdr><MsgId>1760491450116</MsgId><CreDtTm>2025-10-15T01:24:10.116</CreDtTm><ReqTp><Enqry>0000</Enqry></ReqTp><CntyCd fld="SYS_BANK_COUNTRY">US</CntyCd></MsgHdr><RptOrErr></RptOrErr><MsgRtn><CMP014>
    <RtrMmb>
        <MsgHdr>
            <MsgId>1760491450116</MsgId>
            <CreDtTm>2025-10-15T01:24:10.116</CreDtTm>
            <ReqTp>
                <Enqry>0000</Enqry>
            </ReqTp>
            <CntyCd fld="SYS_BANK_COUNTRY">US</CntyCd>
        </MsgHdr>
        <RptOrErr/>
    </RtrMmb>
</CMP014></MsgRtn></RtrMmb></CMP014>
--2025-10-15 01:34:24:107 -  response body: <?xml version="1.0" encoding="UTF-8" standalone="yes"?><CMP014><RtrMmb><MsgHdr><MsgId>1760492064077</MsgId><CreDtTm>2025-10-15T01:34:24.077</CreDtTm><ReqTp><Enqry>0000</Enqry></ReqTp><CntyCd fld="SYS_BANK_COUNTRY">US</CntyCd></MsgHdr><RptOrErr></RptOrErr><MsgRtn><CMP014>
    <RtrMmb>
        <MsgHdr>
            <MsgId>1760492064077</MsgId>
            <CreDtTm>2025-10-15T01:34:24.077</CreDtTm>
            <ReqTp>
                <Enqry>0000</Enqry>
            </ReqTp>
            <CntyCd fld="SYS_BANK_COUNTRY">US</CntyCd>
        </MsgHdr>
        <RptOrErr/>
    </RtrMmb>
</CMP014></MsgRtn></RtrMmb></CMP014>
--2025-10-15 01:55:57:890 -  response body: <?xml version="1.0" encoding="UTF-8" standalone="yes"?><CMP014><RtrMmb><MsgHdr><MsgId>1760493357881</MsgId><CreDtTm>2025-10-15T01:55:57.881</CreDtTm><ReqTp><Enqry>0000</Enqry></ReqTp><CntyCd fld="SYS_BANK_COUNTRY">US</CntyCd></MsgHdr><RptOrErr></RptOrErr><MsgRtn><CMP014>
    <RtrMmb>
        <MsgHdr>
            <MsgId>1760493357881</MsgId>
            <CreDtTm>2025-10-15T01:55:57.881</CreDtTm>
            <ReqTp>
                <Enqry>0000</Enqry>
            </ReqTp>
            <CntyCd fld="SYS_BANK_COUNTRY">US</CntyCd>
        </MsgHdr>
        <RptOrErr/>
    </RtrMmb>
</CMP014></MsgRtn></RtrMmb></CMP014>
--2025-10-15 02:47:24:925 -  response body: <?xml version="1.0" encoding="UTF-8" standalone="yes"?><CMP014><RtrMmb><MsgHdr><MsgId>1760496444917</MsgId><CreDtTm>2025-10-15T02:47:24.917</CreDtTm><ReqTp><Enqry>0000</Enqry></ReqTp><CntyCd fld="SYS_BANK_COUNTRY">US</CntyCd></MsgHdr><RptOrErr></RptOrErr><MsgRtn><CMP014>
    <RtrMmb>
        <MsgHdr>
            <MsgId>1760496444917</MsgId>
            <CreDtTm>2025-10-15T02:47:24.917</CreDtTm>
            <ReqTp>
                <Enqry>0000</Enqry>
            </ReqTp>
            <CntyCd fld="SYS_BANK_COUNTRY">US</CntyCd>
        </MsgHdr>
        <RptOrErr/>
    </RtrMmb>
</CMP014></MsgRtn></RtrMmb></CMP014>
--2025-10-15 03:20:32:427 -  response body: <?xml version="1.0" encoding="UTF-8" standalone="yes"?><CMP014><RtrMmb><MsgHdr><MsgId>1760498432417</MsgId><CreDtTm>2025-10-15T03:20:32.417</CreDtTm><ReqTp><Enqry>0000</Enqry></ReqTp><CntyCd fld="SYS_BANK_COUNTRY">US</CntyCd></MsgHdr><RptOrErr></RptOrErr><MsgRtn><CMP014>
    <RtrMmb>
        <MsgHdr>
            <MsgId>1760498432417</MsgId>
            <CreDtTm>2025-10-15T03:20:32.417</CreDtTm>
            <ReqTp>
                <Enqry>0000</Enqry>
            </ReqTp>
            <CntyCd fld="SYS_BANK_COUNTRY">US</CntyCd>
        </MsgHdr>
        <RptOrErr/>
    </RtrMmb>
</CMP014></MsgRtn></RtrMmb></CMP014>
--2025-10-15 07:24:42:599 -  response body: <?xml version="1.0" encoding="UTF-8" standalone="yes"?><CMP014><RtrMmb><MsgHdr><MsgId>1760513082589</MsgId><CreDtTm>2025-10-15T07:24:42.589</CreDtTm><ReqTp><Enqry>0000</Enqry></ReqTp><CntyCd fld="SYS_BANK_COUNTRY">US</CntyCd></MsgHdr><RptOrErr></RptOrErr><MsgRtn><CMP014>
    <RtrMmb>
        <MsgHdr>
            <MsgId>1760513082589</MsgId>
            <CreDtTm>2025-10-15T07:24:42.589</CreDtTm>
            <ReqTp>
                <Enqry>0000</Enqry>
            </ReqTp>
            <CntyCd fld="SYS_BANK_COUNTRY">US</CntyCd>
        </MsgHdr>
        <RptOrErr/>
    </RtrMmb>
</CMP014></MsgRtn></RtrMmb></CMP014>
--2025-10-15 07:40:39:916 -  response body: <?xml version="1.0" encoding="UTF-8" standalone="yes"?><CMP014><RtrMmb><MsgHdr><MsgId>1760514039905</MsgId><CreDtTm>2025-10-15T07:40:39.905</CreDtTm><ReqTp><Enqry>0000</Enqry></ReqTp><CntyCd fld="SYS_BANK_COUNTRY">US</CntyCd></MsgHdr><RptOrErr></RptOrErr><MsgRtn><CMP014>
    <RtrMmb>
        <MsgHdr>
            <MsgId>1760514039905</MsgId>
            <CreDtTm>2025-10-15T07:40:39.905</CreDtTm>
            <ReqTp>
                <Enqry>0000</Enqry>
            </ReqTp>
            <CntyCd fld="SYS_BANK_COUNTRY">US</CntyCd>
        </MsgHdr>
        <RptOrErr/>
    </RtrMmb>
</CMP014></MsgRtn></RtrMmb></CMP014>
--2025-10-16 01:26:56:175 -  response body: <?xml version="1.0" encoding="UTF-8" standalone="yes"?><CMP014><RtrMmb><MsgHdr><MsgId>1760578016111</MsgId><CreDtTm>2025-10-16T01:26:56.111</CreDtTm><ReqTp><Enqry>0000</Enqry></ReqTp><CntyCd fld="SYS_BANK_COUNTRY">US</CntyCd></MsgHdr><RptOrErr></RptOrErr><MsgRtn><CMP014>
    <RtrMmb>
        <MsgHdr>
            <MsgId>1760578016111</MsgId>
            <CreDtTm>2025-10-16T01:26:56.111</CreDtTm>
            <ReqTp>
                <Enqry>0000</Enqry>
            </ReqTp>
            <CntyCd fld="SYS_BANK_COUNTRY">US</CntyCd>
        </MsgHdr>
        <RptOrErr/>
    </RtrMmb>
</CMP014></MsgRtn></RtrMmb></CMP014>
--2025-10-16 02:52:52:019 -  response body: <?xml version="1.0" encoding="UTF-8" standalone="yes"?><CMP014><RtrMmb><MsgHdr><MsgId>1760583171992</MsgId><CreDtTm>2025-10-16T02:52:51.992</CreDtTm><ReqTp><Enqry>0000</Enqry></ReqTp><CntyCd fld="SYS_BANK_COUNTRY">US</CntyCd></MsgHdr><RptOrErr></RptOrErr><MsgRtn><CMP014>
    <RtrMmb>
        <MsgHdr>
            <MsgId>1760583171992</MsgId>
            <CreDtTm>2025-10-16T02:52:51.992</CreDtTm>
            <ReqTp>
                <Enqry>0000</Enqry>
            </ReqTp>
            <CntyCd fld="SYS_BANK_COUNTRY">US</CntyCd>
        </MsgHdr>
        <RptOrErr/>
    </RtrMmb>
</CMP014></MsgRtn></RtrMmb></CMP014>
--2025-10-16 06:40:51:116 -  response body: <?xml version="1.0" encoding="UTF-8" standalone="yes"?><CMP014><RtrMmb><MsgHdr><MsgId>1760596851074</MsgId><CreDtTm>2025-10-16T06:40:51.074</CreDtTm><ReqTp><Enqry>0000</Enqry></ReqTp><CntyCd fld="SYS_BANK_COUNTRY">US</CntyCd></MsgHdr><RptOrErr></RptOrErr><MsgRtn><CMP014>
    <RtrMmb>
        <MsgHdr>
            <MsgId>1760596851074</MsgId>
            <CreDtTm>2025-10-16T06:40:51.074</CreDtTm>
            <ReqTp>
                <Enqry>0000</Enqry>
            </ReqTp>
            <CntyCd fld="SYS_BANK_COUNTRY">US</CntyCd>
        </MsgHdr>
        <RptOrErr/>
    </RtrMmb>
</CMP014></MsgRtn></RtrMmb></CMP014>
