--2025-09-15 03:14:07:227 -  response body: <?xml version="1.0" encoding="UTF-8" standalone="yes"?><CMP014><RtrMmb><MsgHdr><MsgId>1757906047146</MsgId><CreDtTm>2025-09-15T03:14:07.146</CreDtTm><ReqTp><Enqry>0000</Enqry></ReqTp><CntyCd fld="SYS_BANK_COUNTRY">US</CntyCd></MsgHdr><RptOrErr></RptOrErr><MsgRtn><CMP014>
    <RtrMmb>
        <MsgHdr>
            <MsgId>1757906047146</MsgId>
            <CreDtTm>2025-09-15T03:14:07.146</CreDtTm>
            <ReqTp>
                <Enqry>0000</Enqry>
            </ReqTp>
            <CntyCd fld="SYS_BANK_COUNTRY">US</CntyCd>
        </MsgHdr>
        <RptOrErr/>
    </RtrMmb>
</CMP014></MsgRtn></RtrMmb></CMP014>
--2025-09-15 03:19:01:519 -  response body: <?xml version="1.0" encoding="UTF-8" standalone="yes"?><CMP014><RtrMmb><MsgHdr><MsgId>1757906341509</MsgId><CreDtTm>2025-09-15T03:19:01.509</CreDtTm><ReqTp><Enqry>0000</Enqry></ReqTp><CntyCd fld="SYS_BANK_COUNTRY">US</CntyCd></MsgHdr><RptOrErr></RptOrErr><MsgRtn><CMP014>
    <RtrMmb>
        <MsgHdr>
            <MsgId>1757906341509</MsgId>
            <CreDtTm>2025-09-15T03:19:01.509</CreDtTm>
            <ReqTp>
                <Enqry>0000</Enqry>
            </ReqTp>
            <CntyCd fld="SYS_BANK_COUNTRY">US</CntyCd>
        </MsgHdr>
        <RptOrErr/>
    </RtrMmb>
</CMP014></MsgRtn></RtrMmb></CMP014>
--2025-09-15 07:28:42:496 -  response body: <?xml version="1.0" encoding="UTF-8" standalone="yes"?><CMP014><RtrMmb><MsgHdr><MsgId>1757921322483</MsgId><CreDtTm>2025-09-15T07:28:42.483</CreDtTm><ReqTp><Enqry>0000</Enqry></ReqTp><CntyCd fld="SYS_BANK_COUNTRY">US</CntyCd></MsgHdr><RptOrErr></RptOrErr><MsgRtn><CMP014>
    <RtrMmb>
        <MsgHdr>
            <MsgId>1757921322483</MsgId>
            <CreDtTm>2025-09-15T07:28:42.483</CreDtTm>
            <ReqTp>
                <Enqry>0000</Enqry>
            </ReqTp>
            <CntyCd fld="SYS_BANK_COUNTRY">US</CntyCd>
        </MsgHdr>
        <RptOrErr/>
    </RtrMmb>
</CMP014></MsgRtn></RtrMmb></CMP014>
--2025-09-15 07:33:16:991 -  response body: <?xml version="1.0" encoding="UTF-8" standalone="yes"?><CMP014><RtrMmb><MsgHdr><MsgId>1757921596918</MsgId><CreDtTm>2025-09-15T07:33:16.918</CreDtTm><ReqTp><Enqry>0000</Enqry></ReqTp><CntyCd fld="SYS_BANK_COUNTRY">US</CntyCd></MsgHdr><RptOrErr></RptOrErr><MsgRtn><CMP014>
    <RtrMmb>
        <MsgHdr>
            <MsgId>1757921596918</MsgId>
            <CreDtTm>2025-09-15T07:33:16.918</CreDtTm>
            <ReqTp>
                <Enqry>0000</Enqry>
            </ReqTp>
            <CntyCd fld="SYS_BANK_COUNTRY">US</CntyCd>
        </MsgHdr>
        <RptOrErr/>
    </RtrMmb>
</CMP014></MsgRtn></RtrMmb></CMP014>
--2025-09-15 07:37:04:685 -  response body: <?xml version="1.0" encoding="UTF-8" standalone="yes"?><CMP014><RtrMmb><MsgHdr><MsgId>1757921824675</MsgId><CreDtTm>2025-09-15T07:37:04.675</CreDtTm><ReqTp><Enqry>0000</Enqry></ReqTp><CntyCd fld="SYS_BANK_COUNTRY">US</CntyCd></MsgHdr><RptOrErr></RptOrErr><MsgRtn><CMP014>
    <RtrMmb>
        <MsgHdr>
            <MsgId>1757921824675</MsgId>
            <CreDtTm>2025-09-15T07:37:04.675</CreDtTm>
            <ReqTp>
                <Enqry>0000</Enqry>
            </ReqTp>
            <CntyCd fld="SYS_BANK_COUNTRY">US</CntyCd>
        </MsgHdr>
        <RptOrErr/>
    </RtrMmb>
</CMP014></MsgRtn></RtrMmb></CMP014>
--2025-09-16 00:47:27:526 -  response body: <?xml version="1.0" encoding="UTF-8" standalone="yes"?><CMP014><RtrMmb><MsgHdr><MsgId>1757983647388</MsgId><CreDtTm>2025-09-16T00:47:27.388</CreDtTm><ReqTp><Enqry>0000</Enqry></ReqTp><CntyCd fld="SYS_BANK_COUNTRY">US</CntyCd></MsgHdr><RptOrErr></RptOrErr><MsgRtn><CMP014>
    <RtrMmb>
        <MsgHdr>
            <MsgId>1757983647388</MsgId>
            <CreDtTm>2025-09-16T00:47:27.388</CreDtTm>
            <ReqTp>
                <Enqry>0000</Enqry>
            </ReqTp>
            <CntyCd fld="SYS_BANK_COUNTRY">US</CntyCd>
        </MsgHdr>
        <RptOrErr/>
    </RtrMmb>
</CMP014></MsgRtn></RtrMmb></CMP014>
--2025-09-16 00:49:51:469 -  response body: <?xml version="1.0" encoding="UTF-8" standalone="yes"?><CMP014><RtrMmb><MsgHdr><MsgId>1757983791436</MsgId><CreDtTm>2025-09-16T00:49:51.436</CreDtTm><ReqTp><Enqry>0000</Enqry></ReqTp><CntyCd fld="SYS_BANK_COUNTRY">US</CntyCd></MsgHdr><RptOrErr></RptOrErr><MsgRtn><CMP014>
    <RtrMmb>
        <MsgHdr>
            <MsgId>1757983791436</MsgId>
            <CreDtTm>2025-09-16T00:49:51.436</CreDtTm>
            <ReqTp>
                <Enqry>0000</Enqry>
            </ReqTp>
            <CntyCd fld="SYS_BANK_COUNTRY">US</CntyCd>
        </MsgHdr>
        <RptOrErr/>
    </RtrMmb>
</CMP014></MsgRtn></RtrMmb></CMP014>
--2025-09-16 00:54:11:243 -  response body: <?xml version="1.0" encoding="UTF-8" standalone="yes"?><CMP014><RtrMmb><MsgHdr><MsgId>1757984051234</MsgId><CreDtTm>2025-09-16T00:54:11.234</CreDtTm><ReqTp><Enqry>0000</Enqry></ReqTp><CntyCd fld="SYS_BANK_COUNTRY">US</CntyCd></MsgHdr><RptOrErr></RptOrErr><MsgRtn><CMP014>
    <RtrMmb>
        <MsgHdr>
            <MsgId>1757984051234</MsgId>
            <CreDtTm>2025-09-16T00:54:11.234</CreDtTm>
            <ReqTp>
                <Enqry>0000</Enqry>
            </ReqTp>
            <CntyCd fld="SYS_BANK_COUNTRY">US</CntyCd>
        </MsgHdr>
        <RptOrErr/>
    </RtrMmb>
</CMP014></MsgRtn></RtrMmb></CMP014>
--2025-09-16 01:42:10:725 -  response body: <?xml version="1.0" encoding="UTF-8" standalone="yes"?><CMP014><RtrMmb><MsgHdr><MsgId>1757986930714</MsgId><CreDtTm>2025-09-16T01:42:10.714</CreDtTm><ReqTp><Enqry>0000</Enqry></ReqTp><CntyCd fld="SYS_BANK_COUNTRY">US</CntyCd></MsgHdr><RptOrErr></RptOrErr><MsgRtn><CMP014>
    <RtrMmb>
        <MsgHdr>
            <MsgId>1757986930714</MsgId>
            <CreDtTm>2025-09-16T01:42:10.714</CreDtTm>
            <ReqTp>
                <Enqry>0000</Enqry>
            </ReqTp>
            <CntyCd fld="SYS_BANK_COUNTRY">US</CntyCd>
        </MsgHdr>
        <RptOrErr/>
    </RtrMmb>
</CMP014></MsgRtn></RtrMmb></CMP014>
--2025-09-16 01:45:35:070 -  response body: <?xml version="1.0" encoding="UTF-8" standalone="yes"?><CMP014><RtrMmb><MsgHdr><MsgId>1757987135059</MsgId><CreDtTm>2025-09-16T01:45:35.059</CreDtTm><ReqTp><Enqry>0000</Enqry></ReqTp><CntyCd fld="SYS_BANK_COUNTRY">US</CntyCd></MsgHdr><RptOrErr></RptOrErr><MsgRtn><CMP014>
    <RtrMmb>
        <MsgHdr>
            <MsgId>1757987135059</MsgId>
            <CreDtTm>2025-09-16T01:45:35.059</CreDtTm>
            <ReqTp>
                <Enqry>0000</Enqry>
            </ReqTp>
            <CntyCd fld="SYS_BANK_COUNTRY">US</CntyCd>
        </MsgHdr>
        <RptOrErr/>
    </RtrMmb>
</CMP014></MsgRtn></RtrMmb></CMP014>
--2025-09-16 01:48:54:185 -  response body: <?xml version="1.0" encoding="UTF-8" standalone="yes"?><CMP014><RtrMmb><MsgHdr><MsgId>1757987334175</MsgId><CreDtTm>2025-09-16T01:48:54.175</CreDtTm><ReqTp><Enqry>0000</Enqry></ReqTp><CntyCd fld="SYS_BANK_COUNTRY">US</CntyCd></MsgHdr><RptOrErr></RptOrErr><MsgRtn><CMP014>
    <RtrMmb>
        <MsgHdr>
            <MsgId>1757987334175</MsgId>
            <CreDtTm>2025-09-16T01:48:54.175</CreDtTm>
            <ReqTp>
                <Enqry>0000</Enqry>
            </ReqTp>
            <CntyCd fld="SYS_BANK_COUNTRY">US</CntyCd>
        </MsgHdr>
        <RptOrErr/>
    </RtrMmb>
</CMP014></MsgRtn></RtrMmb></CMP014>
--2025-09-16 01:49:57:932 -  response body: <?xml version="1.0" encoding="UTF-8" standalone="yes"?><CMP014><RtrMmb><MsgHdr><MsgId>1757987397922</MsgId><CreDtTm>2025-09-16T01:49:57.922</CreDtTm><ReqTp><Enqry>0000</Enqry></ReqTp><CntyCd fld="SYS_BANK_COUNTRY">US</CntyCd></MsgHdr><RptOrErr></RptOrErr><MsgRtn><CMP014>
    <RtrMmb>
        <MsgHdr>
            <MsgId>1757987397922</MsgId>
            <CreDtTm>2025-09-16T01:49:57.922</CreDtTm>
            <ReqTp>
                <Enqry>0000</Enqry>
            </ReqTp>
            <CntyCd fld="SYS_BANK_COUNTRY">US</CntyCd>
        </MsgHdr>
        <RptOrErr/>
    </RtrMmb>
</CMP014></MsgRtn></RtrMmb></CMP014>
--2025-09-16 01:50:12:784 -  response body: <?xml version="1.0" encoding="UTF-8" standalone="yes"?><CMP014><RtrMmb><MsgHdr><MsgId>1757987412774</MsgId><CreDtTm>2025-09-16T01:50:12.774</CreDtTm><ReqTp><Enqry>0000</Enqry></ReqTp><CntyCd fld="SYS_BANK_COUNTRY">US</CntyCd></MsgHdr><RptOrErr></RptOrErr><MsgRtn><CMP014>
    <RtrMmb>
        <MsgHdr>
            <MsgId>1757987412774</MsgId>
            <CreDtTm>2025-09-16T01:50:12.774</CreDtTm>
            <ReqTp>
                <Enqry>0000</Enqry>
            </ReqTp>
            <CntyCd fld="SYS_BANK_COUNTRY">US</CntyCd>
        </MsgHdr>
        <RptOrErr/>
    </RtrMmb>
</CMP014></MsgRtn></RtrMmb></CMP014>
--2025-09-16 01:50:51:273 -  response body: <?xml version="1.0" encoding="UTF-8" standalone="yes"?><CMP014><RtrMmb><MsgHdr><MsgId>1757987451263</MsgId><CreDtTm>2025-09-16T01:50:51.263</CreDtTm><ReqTp><Enqry>0000</Enqry></ReqTp><CntyCd fld="SYS_BANK_COUNTRY">US</CntyCd></MsgHdr><RptOrErr></RptOrErr><MsgRtn><CMP014>
    <RtrMmb>
        <MsgHdr>
            <MsgId>1757987451263</MsgId>
            <CreDtTm>2025-09-16T01:50:51.263</CreDtTm>
            <ReqTp>
                <Enqry>0000</Enqry>
            </ReqTp>
            <CntyCd fld="SYS_BANK_COUNTRY">US</CntyCd>
        </MsgHdr>
        <RptOrErr/>
    </RtrMmb>
</CMP014></MsgRtn></RtrMmb></CMP014>
--2025-09-16 01:53:51:733 -  response body: <?xml version="1.0" encoding="UTF-8" standalone="yes"?><CMP014><RtrMmb><MsgHdr><MsgId>1757987631723</MsgId><CreDtTm>2025-09-16T01:53:51.723</CreDtTm><ReqTp><Enqry>0000</Enqry></ReqTp><CntyCd fld="SYS_BANK_COUNTRY">US</CntyCd></MsgHdr><RptOrErr></RptOrErr><MsgRtn><CMP014>
    <RtrMmb>
        <MsgHdr>
            <MsgId>1757987631723</MsgId>
            <CreDtTm>2025-09-16T01:53:51.723</CreDtTm>
            <ReqTp>
                <Enqry>0000</Enqry>
            </ReqTp>
            <CntyCd fld="SYS_BANK_COUNTRY">US</CntyCd>
        </MsgHdr>
        <RptOrErr/>
    </RtrMmb>
</CMP014></MsgRtn></RtrMmb></CMP014>
--2025-09-16 03:50:04:489 -  response body: <?xml version="1.0" encoding="UTF-8" standalone="yes"?><CMP014><RtrMmb><MsgHdr><MsgId>1757994604474</MsgId><CreDtTm>2025-09-16T03:50:04.474</CreDtTm><ReqTp><Enqry>0000</Enqry></ReqTp><CntyCd fld="SYS_BANK_COUNTRY">US</CntyCd></MsgHdr><RptOrErr></RptOrErr><MsgRtn><CMP014>
    <RtrMmb>
        <MsgHdr>
            <MsgId>1757994604474</MsgId>
            <CreDtTm>2025-09-16T03:50:04.474</CreDtTm>
            <ReqTp>
                <Enqry>0000</Enqry>
            </ReqTp>
            <CntyCd fld="SYS_BANK_COUNTRY">US</CntyCd>
        </MsgHdr>
        <RptOrErr/>
    </RtrMmb>
</CMP014></MsgRtn></RtrMmb></CMP014>
--2025-09-16 04:00:51:828 -  response body: <?xml version="1.0" encoding="UTF-8" standalone="yes"?><CMP014><RtrMmb><MsgHdr><MsgId>1757995251815</MsgId><CreDtTm>2025-09-16T04:00:51.815</CreDtTm><ReqTp><Enqry>0000</Enqry></ReqTp><CntyCd fld="SYS_BANK_COUNTRY">US</CntyCd></MsgHdr><RptOrErr></RptOrErr><MsgRtn><CMP014>
    <RtrMmb>
        <MsgHdr>
            <MsgId>1757995251815</MsgId>
            <CreDtTm>2025-09-16T04:00:51.815</CreDtTm>
            <ReqTp>
                <Enqry>0000</Enqry>
            </ReqTp>
            <CntyCd fld="SYS_BANK_COUNTRY">US</CntyCd>
        </MsgHdr>
        <RptOrErr/>
    </RtrMmb>
</CMP014></MsgRtn></RtrMmb></CMP014>
--2025-09-16 05:08:30:145 -  response body: <?xml version="1.0" encoding="UTF-8" standalone="yes"?><CMP014><RtrMmb><MsgHdr><MsgId>1757999310136</MsgId><CreDtTm>2025-09-16T05:08:30.136</CreDtTm><ReqTp><Enqry>0000</Enqry></ReqTp><CntyCd fld="SYS_BANK_COUNTRY">US</CntyCd></MsgHdr><RptOrErr></RptOrErr><MsgRtn><CMP014>
    <RtrMmb>
        <MsgHdr>
            <MsgId>1757999310136</MsgId>
            <CreDtTm>2025-09-16T05:08:30.136</CreDtTm>
            <ReqTp>
                <Enqry>0000</Enqry>
            </ReqTp>
            <CntyCd fld="SYS_BANK_COUNTRY">US</CntyCd>
        </MsgHdr>
        <RptOrErr/>
    </RtrMmb>
</CMP014></MsgRtn></RtrMmb></CMP014>
--2025-09-16 05:09:13:879 -  response body: <?xml version="1.0" encoding="UTF-8" standalone="yes"?><CMP014><RtrMmb><MsgHdr><MsgId>1757999353867</MsgId><CreDtTm>2025-09-16T05:09:13.868</CreDtTm><ReqTp><Enqry>0000</Enqry></ReqTp><CntyCd fld="SYS_BANK_COUNTRY">US</CntyCd></MsgHdr><RptOrErr></RptOrErr><MsgRtn><CMP014>
    <RtrMmb>
        <MsgHdr>
            <MsgId>1757999353867</MsgId>
            <CreDtTm>2025-09-16T05:09:13.868</CreDtTm>
            <ReqTp>
                <Enqry>0000</Enqry>
            </ReqTp>
            <CntyCd fld="SYS_BANK_COUNTRY">US</CntyCd>
        </MsgHdr>
        <RptOrErr/>
    </RtrMmb>
</CMP014></MsgRtn></RtrMmb></CMP014>
--2025-09-16 05:11:20:289 -  response body: <?xml version="1.0" encoding="UTF-8" standalone="yes"?><CMP014><RtrMmb><MsgHdr><MsgId>1757999480277</MsgId><CreDtTm>2025-09-16T05:11:20.277</CreDtTm><ReqTp><Enqry>0000</Enqry></ReqTp><CntyCd fld="SYS_BANK_COUNTRY">US</CntyCd></MsgHdr><RptOrErr></RptOrErr><MsgRtn><CMP014>
    <RtrMmb>
        <MsgHdr>
            <MsgId>1757999480277</MsgId>
            <CreDtTm>2025-09-16T05:11:20.277</CreDtTm>
            <ReqTp>
                <Enqry>0000</Enqry>
            </ReqTp>
            <CntyCd fld="SYS_BANK_COUNTRY">US</CntyCd>
        </MsgHdr>
        <RptOrErr/>
    </RtrMmb>
</CMP014></MsgRtn></RtrMmb></CMP014>
--2025-09-16 06:30:17:779 -  response body: <?xml version="1.0" encoding="UTF-8" standalone="yes"?><CMP014><RtrMmb><MsgHdr><MsgId>1758004217770</MsgId><CreDtTm>2025-09-16T06:30:17.770</CreDtTm><ReqTp><Enqry>0000</Enqry></ReqTp><CntyCd fld="SYS_BANK_COUNTRY">US</CntyCd></MsgHdr><RptOrErr></RptOrErr><MsgRtn><CMP014>
    <RtrMmb>
        <MsgHdr>
            <MsgId>1758004217770</MsgId>
            <CreDtTm>2025-09-16T06:30:17.770</CreDtTm>
            <ReqTp>
                <Enqry>0000</Enqry>
            </ReqTp>
            <CntyCd fld="SYS_BANK_COUNTRY">US</CntyCd>
        </MsgHdr>
        <RptOrErr/>
    </RtrMmb>
</CMP014></MsgRtn></RtrMmb></CMP014>
--2025-09-16 06:31:14:100 -  response body: <?xml version="1.0" encoding="UTF-8" standalone="yes"?><CMP014><RtrMmb><MsgHdr><MsgId>1758004274087</MsgId><CreDtTm>2025-09-16T06:31:14.087</CreDtTm><ReqTp><Enqry>0000</Enqry></ReqTp><CntyCd fld="SYS_BANK_COUNTRY">US</CntyCd></MsgHdr><RptOrErr></RptOrErr><MsgRtn><CMP014>
    <RtrMmb>
        <MsgHdr>
            <MsgId>1758004274087</MsgId>
            <CreDtTm>2025-09-16T06:31:14.087</CreDtTm>
            <ReqTp>
                <Enqry>0000</Enqry>
            </ReqTp>
            <CntyCd fld="SYS_BANK_COUNTRY">US</CntyCd>
        </MsgHdr>
        <RptOrErr/>
    </RtrMmb>
</CMP014></MsgRtn></RtrMmb></CMP014>
--2025-09-16 06:36:01:161 -  response body: <?xml version="1.0" encoding="UTF-8" standalone="yes"?><CMP014><RtrMmb><MsgHdr><MsgId>1758004561151</MsgId><CreDtTm>2025-09-16T06:36:01.151</CreDtTm><ReqTp><Enqry>0000</Enqry></ReqTp><CntyCd fld="SYS_BANK_COUNTRY">US</CntyCd></MsgHdr><RptOrErr></RptOrErr><MsgRtn><CMP014>
    <RtrMmb>
        <MsgHdr>
            <MsgId>1758004561151</MsgId>
            <CreDtTm>2025-09-16T06:36:01.151</CreDtTm>
            <ReqTp>
                <Enqry>0000</Enqry>
            </ReqTp>
            <CntyCd fld="SYS_BANK_COUNTRY">US</CntyCd>
        </MsgHdr>
        <RptOrErr/>
    </RtrMmb>
</CMP014></MsgRtn></RtrMmb></CMP014>
--2025-09-16 06:42:13:222 -  response body: <?xml version="1.0" encoding="UTF-8" standalone="yes"?><CMP014><RtrMmb><MsgHdr><MsgId>1758004933212</MsgId><CreDtTm>2025-09-16T06:42:13.212</CreDtTm><ReqTp><Enqry>0000</Enqry></ReqTp><CntyCd fld="SYS_BANK_COUNTRY">US</CntyCd></MsgHdr><RptOrErr></RptOrErr><MsgRtn><CMP014>
    <RtrMmb>
        <MsgHdr>
            <MsgId>1758004933212</MsgId>
            <CreDtTm>2025-09-16T06:42:13.212</CreDtTm>
            <ReqTp>
                <Enqry>0000</Enqry>
            </ReqTp>
            <CntyCd fld="SYS_BANK_COUNTRY">US</CntyCd>
        </MsgHdr>
        <RptOrErr/>
    </RtrMmb>
</CMP014></MsgRtn></RtrMmb></CMP014>
--2025-09-16 06:44:45:070 -  response body: <?xml version="1.0" encoding="UTF-8" standalone="yes"?><CMP014><RtrMmb><MsgHdr><MsgId>1758005085060</MsgId><CreDtTm>2025-09-16T06:44:45.060</CreDtTm><ReqTp><Enqry>0000</Enqry></ReqTp><CntyCd fld="SYS_BANK_COUNTRY">US</CntyCd></MsgHdr><RptOrErr></RptOrErr><MsgRtn><CMP014>
    <RtrMmb>
        <MsgHdr>
            <MsgId>1758005085060</MsgId>
            <CreDtTm>2025-09-16T06:44:45.060</CreDtTm>
            <ReqTp>
                <Enqry>0000</Enqry>
            </ReqTp>
            <CntyCd fld="SYS_BANK_COUNTRY">US</CntyCd>
        </MsgHdr>
        <RptOrErr/>
    </RtrMmb>
</CMP014></MsgRtn></RtrMmb></CMP014>
--2025-09-16 06:58:04:137 -  response body: <?xml version="1.0" encoding="UTF-8" standalone="yes"?><CMP014><RtrMmb><MsgHdr><MsgId>1758005884096</MsgId><CreDtTm>2025-09-16T06:58:04.096</CreDtTm><ReqTp><Enqry>0000</Enqry></ReqTp><CntyCd fld="SYS_BANK_COUNTRY">US</CntyCd></MsgHdr><RptOrErr></RptOrErr><MsgRtn><CMP014>
    <RtrMmb>
        <MsgHdr>
            <MsgId>1758005884096</MsgId>
            <CreDtTm>2025-09-16T06:58:04.096</CreDtTm>
            <ReqTp>
                <Enqry>0000</Enqry>
            </ReqTp>
            <CntyCd fld="SYS_BANK_COUNTRY">US</CntyCd>
        </MsgHdr>
        <RptOrErr/>
    </RtrMmb>
</CMP014></MsgRtn></RtrMmb></CMP014>
--2025-09-16 07:01:05:387 -  response body: <?xml version="1.0" encoding="UTF-8" standalone="yes"?><CMP014><RtrMmb><MsgHdr><MsgId>1758006065378</MsgId><CreDtTm>2025-09-16T07:01:05.378</CreDtTm><ReqTp><Enqry>0000</Enqry></ReqTp><CntyCd fld="SYS_BANK_COUNTRY">US</CntyCd></MsgHdr><RptOrErr></RptOrErr><MsgRtn><CMP014>
    <RtrMmb>
        <MsgHdr>
            <MsgId>1758006065378</MsgId>
            <CreDtTm>2025-09-16T07:01:05.378</CreDtTm>
            <ReqTp>
                <Enqry>0000</Enqry>
            </ReqTp>
            <CntyCd fld="SYS_BANK_COUNTRY">US</CntyCd>
        </MsgHdr>
        <RptOrErr/>
    </RtrMmb>
</CMP014></MsgRtn></RtrMmb></CMP014>
--2025-09-16 07:20:38:911 -  response body: <?xml version="1.0" encoding="UTF-8" standalone="yes"?><CMP014><RtrMmb><MsgHdr><MsgId>1758007238897</MsgId><CreDtTm>2025-09-16T07:20:38.897</CreDtTm><ReqTp><Enqry>0000</Enqry></ReqTp><CntyCd fld="SYS_BANK_COUNTRY">US</CntyCd></MsgHdr><RptOrErr></RptOrErr><MsgRtn><CMP014>
    <RtrMmb>
        <MsgHdr>
            <MsgId>1758007238897</MsgId>
            <CreDtTm>2025-09-16T07:20:38.897</CreDtTm>
            <ReqTp>
                <Enqry>0000</Enqry>
            </ReqTp>
            <CntyCd fld="SYS_BANK_COUNTRY">US</CntyCd>
        </MsgHdr>
        <RptOrErr/>
    </RtrMmb>
</CMP014></MsgRtn></RtrMmb></CMP014>
