--2025-08-11 01:59:44:127 -  response body: <?xml version="1.0" encoding="UTF-8" standalone="yes"?><CMP014><RtrMmb><MsgHdr><MsgId>1754877584024</MsgId><CreDtTm>2025-08-11T01:59:44.024</CreDtTm><ReqTp><Enqry>0000</Enqry></ReqTp><CntyCd fld="SYS_BANK_COUNTRY">US</CntyCd></MsgHdr><RptOrErr></RptOrErr><MsgRtn><CMP014>
    <RtrMmb>
        <MsgHdr>
            <MsgId>1754877584024</MsgId>
            <CreDtTm>2025-08-11T01:59:44.024</CreDtTm>
            <ReqTp>
                <Enqry>0000</Enqry>
            </ReqTp>
            <CntyCd fld="SYS_BANK_COUNTRY">US</CntyCd>
        </MsgHdr>
        <RptOrErr/>
    </RtrMmb>
</CMP014></MsgRtn></RtrMmb></CMP014>
--2025-08-11 02:01:13:899 -  response body: <?xml version="1.0" encoding="UTF-8" standalone="yes"?><CMP014><RtrMmb><MsgHdr><MsgId>1754877673878</MsgId><CreDtTm>2025-08-11T02:01:13.878</CreDtTm><ReqTp><Enqry>0000</Enqry></ReqTp><CntyCd fld="SYS_BANK_COUNTRY">US</CntyCd></MsgHdr><RptOrErr></RptOrErr><MsgRtn><CMP014>
    <RtrMmb>
        <MsgHdr>
            <MsgId>1754877673878</MsgId>
            <CreDtTm>2025-08-11T02:01:13.878</CreDtTm>
            <ReqTp>
                <Enqry>0000</Enqry>
            </ReqTp>
            <CntyCd fld="SYS_BANK_COUNTRY">US</CntyCd>
        </MsgHdr>
        <RptOrErr/>
    </RtrMmb>
</CMP014></MsgRtn></RtrMmb></CMP014>
--2025-08-11 02:01:41:851 -  response body: <?xml version="1.0" encoding="UTF-8" standalone="yes"?><CMP014><RtrMmb><MsgHdr><MsgId>1754877701836</MsgId><CreDtTm>2025-08-11T02:01:41.836</CreDtTm><ReqTp><Enqry>0000</Enqry></ReqTp><CntyCd fld="SYS_BANK_COUNTRY">US</CntyCd></MsgHdr><RptOrErr></RptOrErr><MsgRtn><CMP014>
    <RtrMmb>
        <MsgHdr>
            <MsgId>1754877701836</MsgId>
            <CreDtTm>2025-08-11T02:01:41.836</CreDtTm>
            <ReqTp>
                <Enqry>0000</Enqry>
            </ReqTp>
            <CntyCd fld="SYS_BANK_COUNTRY">US</CntyCd>
        </MsgHdr>
        <RptOrErr/>
    </RtrMmb>
</CMP014></MsgRtn></RtrMmb></CMP014>
--2025-08-11 02:02:11:193 -  response body: <?xml version="1.0" encoding="UTF-8" standalone="yes"?><CMP014><RtrMmb><MsgHdr><MsgId>1754877731174</MsgId><CreDtTm>2025-08-11T02:02:11.174</CreDtTm><ReqTp><Enqry>0000</Enqry></ReqTp><CntyCd fld="SYS_BANK_COUNTRY">US</CntyCd></MsgHdr><RptOrErr></RptOrErr><MsgRtn><CMP014>
    <RtrMmb>
        <MsgHdr>
            <MsgId>1754877731174</MsgId>
            <CreDtTm>2025-08-11T02:02:11.174</CreDtTm>
            <ReqTp>
                <Enqry>0000</Enqry>
            </ReqTp>
            <CntyCd fld="SYS_BANK_COUNTRY">US</CntyCd>
        </MsgHdr>
        <RptOrErr/>
    </RtrMmb>
</CMP014></MsgRtn></RtrMmb></CMP014>
--2025-08-11 02:11:08:188 -  response body: <?xml version="1.0" encoding="UTF-8" standalone="yes"?><CMP014><RtrMmb><MsgHdr><MsgId>1754878268173</MsgId><CreDtTm>2025-08-11T02:11:08.173</CreDtTm><ReqTp><Enqry>0000</Enqry></ReqTp><CntyCd fld="SYS_BANK_COUNTRY">US</CntyCd></MsgHdr><RptOrErr></RptOrErr><MsgRtn><CMP014>
    <RtrMmb>
        <MsgHdr>
            <MsgId>1754878268173</MsgId>
            <CreDtTm>2025-08-11T02:11:08.173</CreDtTm>
            <ReqTp>
                <Enqry>0000</Enqry>
            </ReqTp>
            <CntyCd fld="SYS_BANK_COUNTRY">US</CntyCd>
        </MsgHdr>
        <RptOrErr/>
    </RtrMmb>
</CMP014></MsgRtn></RtrMmb></CMP014>
--2025-08-11 02:26:58:620 -  response body: <?xml version="1.0" encoding="UTF-8" standalone="yes"?><CMP014><RtrMmb><MsgHdr><MsgId>1754879218592</MsgId><CreDtTm>2025-08-11T02:26:58.592</CreDtTm><ReqTp><Enqry>0001</Enqry></ReqTp><CntyCd fld="SYS_BANK_COUNTRY">US</CntyCd></MsgHdr><RptOrErr><Rpt><MmbId>000001</MmbId><MmbOrErr><BizErr><Err><Cd/><Prtry>EmailAdr</Prtry></Err></BizErr></MmbOrErr></Rpt></RptOrErr><MsgRtn><CMP014>
    <RtrMmb>
        <MsgHdr>
            <MsgId>1754879218592</MsgId>
            <CreDtTm>2025-08-11T02:26:58.592</CreDtTm>
            <ReqTp>
                <Enqry>0001</Enqry>
            </ReqTp>
            <CntyCd fld="SYS_BANK_COUNTRY">US</CntyCd>
        </MsgHdr>
        <RptOrErr>
            <Rpt>
                <MmbId>000001</MmbId>
                <MmbOrErr>
                    <BizErr>
                        <Err>
                            <Cd/>
                            <Prtry>EmailAdr</Prtry>
                        </Err>
                    </BizErr>
                </MmbOrErr>
            </Rpt>
        </RptOrErr>
    </RtrMmb>
</CMP014></MsgRtn></RtrMmb></CMP014>
--2025-08-11 02:27:38:039 -  response body: <?xml version="1.0" encoding="UTF-8" standalone="yes"?><CMP014><RtrMmb><MsgHdr><MsgId>1754879258027</MsgId><CreDtTm>2025-08-11T02:27:38.027</CreDtTm><ReqTp><Enqry>0001</Enqry></ReqTp><CntyCd fld="SYS_BANK_COUNTRY">US</CntyCd></MsgHdr><RptOrErr><Rpt><MmbId>000001</MmbId><MmbOrErr><BizErr><Err><Cd/><Prtry>EmailAdr</Prtry></Err></BizErr></MmbOrErr></Rpt></RptOrErr><MsgRtn><CMP014>
    <RtrMmb>
        <MsgHdr>
            <MsgId>1754879258027</MsgId>
            <CreDtTm>2025-08-11T02:27:38.027</CreDtTm>
            <ReqTp>
                <Enqry>0001</Enqry>
            </ReqTp>
            <CntyCd fld="SYS_BANK_COUNTRY">US</CntyCd>
        </MsgHdr>
        <RptOrErr>
            <Rpt>
                <MmbId>000001</MmbId>
                <MmbOrErr>
                    <BizErr>
                        <Err>
                            <Cd/>
                            <Prtry>EmailAdr</Prtry>
                        </Err>
                    </BizErr>
                </MmbOrErr>
            </Rpt>
        </RptOrErr>
    </RtrMmb>
</CMP014></MsgRtn></RtrMmb></CMP014>
--2025-08-11 02:28:49:743 -  response body: <?xml version="1.0" encoding="UTF-8" standalone="yes"?><CMP014><RtrMmb><MsgHdr><MsgId>1754879329728</MsgId><CreDtTm>2025-08-11T02:28:49.728</CreDtTm><ReqTp><Enqry>0001</Enqry></ReqTp><CntyCd fld="SYS_BANK_COUNTRY">US</CntyCd></MsgHdr><RptOrErr><Rpt><MmbId>000001</MmbId><MmbOrErr><BizErr><Err><Cd/><Prtry>EmailAdr</Prtry></Err></BizErr></MmbOrErr></Rpt></RptOrErr><MsgRtn><CMP014>
    <RtrMmb>
        <MsgHdr>
            <MsgId>1754879329728</MsgId>
            <CreDtTm>2025-08-11T02:28:49.728</CreDtTm>
            <ReqTp>
                <Enqry>0001</Enqry>
            </ReqTp>
            <CntyCd fld="SYS_BANK_COUNTRY">US</CntyCd>
        </MsgHdr>
        <RptOrErr>
            <Rpt>
                <MmbId>000001</MmbId>
                <MmbOrErr>
                    <BizErr>
                        <Err>
                            <Cd/>
                            <Prtry>EmailAdr</Prtry>
                        </Err>
                    </BizErr>
                </MmbOrErr>
            </Rpt>
        </RptOrErr>
    </RtrMmb>
</CMP014></MsgRtn></RtrMmb></CMP014>
--2025-08-11 02:32:58:480 -  response body: <?xml version="1.0" encoding="UTF-8" standalone="yes"?><CMP014><RtrMmb><MsgHdr><MsgId>1754879578469</MsgId><CreDtTm>2025-08-11T02:32:58.469</CreDtTm><ReqTp><Enqry>0001</Enqry></ReqTp><CntyCd fld="SYS_BANK_COUNTRY">US</CntyCd></MsgHdr><RptOrErr><Rpt><MmbId>000001</MmbId><MmbOrErr><BizErr><Err><Cd/><Prtry>EmailAdr</Prtry></Err></BizErr></MmbOrErr></Rpt></RptOrErr><MsgRtn><CMP014>
    <RtrMmb>
        <MsgHdr>
            <MsgId>1754879578469</MsgId>
            <CreDtTm>2025-08-11T02:32:58.469</CreDtTm>
            <ReqTp>
                <Enqry>0001</Enqry>
            </ReqTp>
            <CntyCd fld="SYS_BANK_COUNTRY">US</CntyCd>
        </MsgHdr>
        <RptOrErr>
            <Rpt>
                <MmbId>000001</MmbId>
                <MmbOrErr>
                    <BizErr>
                        <Err>
                            <Cd/>
                            <Prtry>EmailAdr</Prtry>
                        </Err>
                    </BizErr>
                </MmbOrErr>
            </Rpt>
        </RptOrErr>
    </RtrMmb>
</CMP014></MsgRtn></RtrMmb></CMP014>
--2025-08-11 02:38:22:913 -  response body: <?xml version="1.0" encoding="UTF-8" standalone="yes"?><CMP014><RtrMmb><MsgHdr><MsgId>1754879902899</MsgId><CreDtTm>2025-08-11T02:38:22.899</CreDtTm><ReqTp><Enqry>0001</Enqry></ReqTp><CntyCd fld="SYS_BANK_COUNTRY">US</CntyCd></MsgHdr><RptOrErr><Rpt><MmbId>000001</MmbId><MmbOrErr><BizErr><Err><Cd/><Prtry>Nm,EmailAdr</Prtry></Err></BizErr></MmbOrErr></Rpt></RptOrErr><MsgRtn><CMP014>
    <RtrMmb>
        <MsgHdr>
            <MsgId>1754879902899</MsgId>
            <CreDtTm>2025-08-11T02:38:22.899</CreDtTm>
            <ReqTp>
                <Enqry>0001</Enqry>
            </ReqTp>
            <CntyCd fld="SYS_BANK_COUNTRY">US</CntyCd>
        </MsgHdr>
        <RptOrErr>
            <Rpt>
                <MmbId>000001</MmbId>
                <MmbOrErr>
                    <BizErr>
                        <Err>
                            <Cd/>
                            <Prtry>Nm,EmailAdr</Prtry>
                        </Err>
                    </BizErr>
                </MmbOrErr>
            </Rpt>
        </RptOrErr>
    </RtrMmb>
</CMP014></MsgRtn></RtrMmb></CMP014>
--2025-08-11 02:40:05:407 -  response body: <?xml version="1.0" encoding="UTF-8" standalone="yes"?><CMP014><RtrMmb><MsgHdr><MsgId>1754880005395</MsgId><CreDtTm>2025-08-11T02:40:05.395</CreDtTm><ReqTp><Enqry>0001</Enqry></ReqTp><CntyCd fld="SYS_BANK_COUNTRY">US</CntyCd></MsgHdr><RptOrErr><Rpt><MmbId>000001</MmbId><MmbOrErr><BizErr><Err><Cd/><Prtry>Nm,EmailAdr</Prtry></Err></BizErr></MmbOrErr></Rpt></RptOrErr><MsgRtn><CMP014>
    <RtrMmb>
        <MsgHdr>
            <MsgId>1754880005395</MsgId>
            <CreDtTm>2025-08-11T02:40:05.395</CreDtTm>
            <ReqTp>
                <Enqry>0001</Enqry>
            </ReqTp>
            <CntyCd fld="SYS_BANK_COUNTRY">US</CntyCd>
        </MsgHdr>
        <RptOrErr>
            <Rpt>
                <MmbId>000001</MmbId>
                <MmbOrErr>
                    <BizErr>
                        <Err>
                            <Cd/>
                            <Prtry>Nm,EmailAdr</Prtry>
                        </Err>
                    </BizErr>
                </MmbOrErr>
            </Rpt>
        </RptOrErr>
    </RtrMmb>
</CMP014></MsgRtn></RtrMmb></CMP014>
--2025-08-11 02:44:52:076 -  response body: <?xml version="1.0" encoding="UTF-8" standalone="yes"?><CMP014><RtrMmb><MsgHdr><MsgId>1754880292064</MsgId><CreDtTm>2025-08-11T02:44:52.064</CreDtTm><ReqTp><Enqry>0000</Enqry></ReqTp><CntyCd fld="SYS_BANK_COUNTRY">US</CntyCd></MsgHdr><RptOrErr></RptOrErr><MsgRtn><CMP014>
    <RtrMmb>
        <MsgHdr>
            <MsgId>1754880292064</MsgId>
            <CreDtTm>2025-08-11T02:44:52.064</CreDtTm>
            <ReqTp>
                <Enqry>0000</Enqry>
            </ReqTp>
            <CntyCd fld="SYS_BANK_COUNTRY">US</CntyCd>
        </MsgHdr>
        <RptOrErr/>
    </RtrMmb>
</CMP014></MsgRtn></RtrMmb></CMP014>
--2025-08-11 02:53:11:489 -  response body: <?xml version="1.0" encoding="UTF-8" standalone="yes"?><CMP014><RtrMmb><MsgHdr><MsgId>1754880791478</MsgId><CreDtTm>2025-08-11T02:53:11.478</CreDtTm><ReqTp><Enqry>0000</Enqry></ReqTp><CntyCd fld="SYS_BANK_COUNTRY">US</CntyCd></MsgHdr><RptOrErr></RptOrErr><MsgRtn><CMP014>
    <RtrMmb>
        <MsgHdr>
            <MsgId>1754880791478</MsgId>
            <CreDtTm>2025-08-11T02:53:11.478</CreDtTm>
            <ReqTp>
                <Enqry>0000</Enqry>
            </ReqTp>
            <CntyCd fld="SYS_BANK_COUNTRY">US</CntyCd>
        </MsgHdr>
        <RptOrErr/>
    </RtrMmb>
</CMP014></MsgRtn></RtrMmb></CMP014>
--2025-08-11 03:34:49:780 -  response body: <?xml version="1.0" encoding="UTF-8" standalone="yes"?><CMP014><RtrMmb><MsgHdr><MsgId>1754883289764</MsgId><CreDtTm>2025-08-11T03:34:49.764</CreDtTm><ReqTp><Enqry>0000</Enqry></ReqTp><CntyCd fld="SYS_BANK_COUNTRY">US</CntyCd></MsgHdr><RptOrErr></RptOrErr><MsgRtn><CMP014>
    <RtrMmb>
        <MsgHdr>
            <MsgId>1754883289764</MsgId>
            <CreDtTm>2025-08-11T03:34:49.764</CreDtTm>
            <ReqTp>
                <Enqry>0000</Enqry>
            </ReqTp>
            <CntyCd fld="SYS_BANK_COUNTRY">US</CntyCd>
        </MsgHdr>
        <RptOrErr/>
    </RtrMmb>
</CMP014></MsgRtn></RtrMmb></CMP014>
--2025-08-11 03:41:44:486 -  response body: <?xml version="1.0" encoding="UTF-8" standalone="yes"?><CMP014><RtrMmb><MsgHdr><MsgId>1754883704474</MsgId><CreDtTm>2025-08-11T03:41:44.474</CreDtTm><ReqTp><Enqry>0000</Enqry></ReqTp><CntyCd fld="SYS_BANK_COUNTRY">US</CntyCd></MsgHdr><RptOrErr></RptOrErr><MsgRtn><CMP014>
    <RtrMmb>
        <MsgHdr>
            <MsgId>1754883704474</MsgId>
            <CreDtTm>2025-08-11T03:41:44.474</CreDtTm>
            <ReqTp>
                <Enqry>0000</Enqry>
            </ReqTp>
            <CntyCd fld="SYS_BANK_COUNTRY">US</CntyCd>
        </MsgHdr>
        <RptOrErr/>
    </RtrMmb>
</CMP014></MsgRtn></RtrMmb></CMP014>
--2025-08-11 03:52:57:275 -  response body: <?xml version="1.0" encoding="UTF-8" standalone="yes"?><CMP014><RtrMmb><MsgHdr><MsgId>1754884377263</MsgId><CreDtTm>2025-08-11T03:52:57.263</CreDtTm><ReqTp><Enqry>0000</Enqry></ReqTp><CntyCd fld="SYS_BANK_COUNTRY">US</CntyCd></MsgHdr><RptOrErr></RptOrErr><MsgRtn><CMP014>
    <RtrMmb>
        <MsgHdr>
            <MsgId>1754884377263</MsgId>
            <CreDtTm>2025-08-11T03:52:57.263</CreDtTm>
            <ReqTp>
                <Enqry>0000</Enqry>
            </ReqTp>
            <CntyCd fld="SYS_BANK_COUNTRY">US</CntyCd>
        </MsgHdr>
        <RptOrErr/>
    </RtrMmb>
</CMP014></MsgRtn></RtrMmb></CMP014>
--2025-08-11 05:09:02:763 -  response body: <?xml version="1.0" encoding="UTF-8" standalone="yes"?><CMP014><RtrMmb><MsgHdr><MsgId>1754888942752</MsgId><CreDtTm>2025-08-11T05:09:02.752</CreDtTm><ReqTp><Enqry>0000</Enqry></ReqTp><CntyCd fld="SYS_BANK_COUNTRY">US</CntyCd></MsgHdr><RptOrErr></RptOrErr><MsgRtn><CMP014>
    <RtrMmb>
        <MsgHdr>
            <MsgId>1754888942752</MsgId>
            <CreDtTm>2025-08-11T05:09:02.752</CreDtTm>
            <ReqTp>
                <Enqry>0000</Enqry>
            </ReqTp>
            <CntyCd fld="SYS_BANK_COUNTRY">US</CntyCd>
        </MsgHdr>
        <RptOrErr/>
    </RtrMmb>
</CMP014></MsgRtn></RtrMmb></CMP014>
