--2025-07-17 04:26:59:080 -  response body: <?xml version="1.0" encoding="UTF-8" standalone="yes"?><CMP014><RtrMmb><MsgHdr><MsgId>1752726419031</MsgId><CreDtTm>2025-07-17T04:26:59.031</CreDtTm><ReqTp><Enqry>0000</Enqry></ReqTp><CntyCd fld="SYS_BANK_COUNTRY">US</CntyCd></MsgHdr><RptOrErr></RptOrErr><MsgRtn><CMP014>
    <RtrMmb>
        <MsgHdr>
            <MsgId>1752726419031</MsgId>
            <CreDtTm>2025-07-17T04:26:59.031</CreDtTm>
            <ReqTp>
                <Enqry>0000</Enqry>
            </ReqTp>
            <CntyCd fld="SYS_BANK_COUNTRY">US</CntyCd>
        </MsgHdr>
        <RptOrErr/>
    </RtrMmb>
</CMP014></MsgRtn></RtrMmb></CMP014>
--2025-07-17 04:27:39:361 -  response body: <?xml version="1.0" encoding="UTF-8" standalone="yes"?><CMP014><RtrMmb><MsgHdr><MsgId>1752726459348</MsgId><CreDtTm>2025-07-17T04:27:39.348</CreDtTm><ReqTp><Enqry>0000</Enqry></ReqTp><CntyCd fld="SYS_BANK_COUNTRY">US</CntyCd></MsgHdr><RptOrErr></RptOrErr><MsgRtn><CMP014>
    <RtrMmb>
        <MsgHdr>
            <MsgId>1752726459348</MsgId>
            <CreDtTm>2025-07-17T04:27:39.348</CreDtTm>
            <ReqTp>
                <Enqry>0000</Enqry>
            </ReqTp>
            <CntyCd fld="SYS_BANK_COUNTRY">US</CntyCd>
        </MsgHdr>
        <RptOrErr/>
    </RtrMmb>
</CMP014></MsgRtn></RtrMmb></CMP014>
--2025-07-17 08:12:07:975 -  response body: <?xml version="1.0" encoding="UTF-8" standalone="yes"?><CMP014><RtrMmb><MsgHdr><MsgId>1752739927961</MsgId><CreDtTm>2025-07-17T08:12:07.961</CreDtTm><ReqTp><Enqry>0000</Enqry></ReqTp><CntyCd fld="SYS_BANK_COUNTRY">US</CntyCd></MsgHdr><RptOrErr></RptOrErr><MsgRtn><CMP014>
    <RtrMmb>
        <MsgHdr>
            <MsgId>1752739927961</MsgId>
            <CreDtTm>2025-07-17T08:12:07.961</CreDtTm>
            <ReqTp>
                <Enqry>0000</Enqry>
            </ReqTp>
            <CntyCd fld="SYS_BANK_COUNTRY">US</CntyCd>
        </MsgHdr>
        <RptOrErr/>
    </RtrMmb>
</CMP014></MsgRtn></RtrMmb></CMP014>
--2025-07-17 09:11:19:296 -  response body: <?xml version="1.0" encoding="UTF-8" standalone="yes"?><CMP014><RtrMmb><MsgHdr><MsgId>1752743479283</MsgId><CreDtTm>2025-07-17T09:11:19.283</CreDtTm><ReqTp><Enqry>0000</Enqry></ReqTp><CntyCd fld="SYS_BANK_COUNTRY">US</CntyCd></MsgHdr><RptOrErr></RptOrErr><MsgRtn><CMP014>
    <RtrMmb>
        <MsgHdr>
            <MsgId>1752743479283</MsgId>
            <CreDtTm>2025-07-17T09:11:19.283</CreDtTm>
            <ReqTp>
                <Enqry>0000</Enqry>
            </ReqTp>
            <CntyCd fld="SYS_BANK_COUNTRY">US</CntyCd>
        </MsgHdr>
        <RptOrErr/>
    </RtrMmb>
</CMP014></MsgRtn></RtrMmb></CMP014>
--2025-07-17 09:14:56:180 -  response body: <?xml version="1.0" encoding="UTF-8" standalone="yes"?><CMP014><RtrMmb><MsgHdr><MsgId>1752743696168</MsgId><CreDtTm>2025-07-17T09:14:56.168</CreDtTm><ReqTp><Enqry>0000</Enqry></ReqTp><CntyCd fld="SYS_BANK_COUNTRY">US</CntyCd></MsgHdr><RptOrErr></RptOrErr><MsgRtn><CMP014>
    <RtrMmb>
        <MsgHdr>
            <MsgId>1752743696168</MsgId>
            <CreDtTm>2025-07-17T09:14:56.168</CreDtTm>
            <ReqTp>
                <Enqry>0000</Enqry>
            </ReqTp>
            <CntyCd fld="SYS_BANK_COUNTRY">US</CntyCd>
        </MsgHdr>
        <RptOrErr/>
    </RtrMmb>
</CMP014></MsgRtn></RtrMmb></CMP014>
--2025-07-17 09:17:14:933 -  response body: <?xml version="1.0" encoding="UTF-8" standalone="yes"?><CMP014><RtrMmb><MsgHdr><MsgId>1752743834919</MsgId><CreDtTm>2025-07-17T09:17:14.919</CreDtTm><ReqTp><Enqry>0000</Enqry></ReqTp><CntyCd fld="SYS_BANK_COUNTRY">US</CntyCd></MsgHdr><RptOrErr></RptOrErr><MsgRtn><CMP014>
    <RtrMmb>
        <MsgHdr>
            <MsgId>1752743834919</MsgId>
            <CreDtTm>2025-07-17T09:17:14.919</CreDtTm>
            <ReqTp>
                <Enqry>0000</Enqry>
            </ReqTp>
            <CntyCd fld="SYS_BANK_COUNTRY">US</CntyCd>
        </MsgHdr>
        <RptOrErr/>
    </RtrMmb>
</CMP014></MsgRtn></RtrMmb></CMP014>
--2025-07-17 09:25:05:556 -  response body: <?xml version="1.0" encoding="UTF-8" standalone="yes"?><CMP014><RtrMmb><MsgHdr><MsgId>1752744305545</MsgId><CreDtTm>2025-07-17T09:25:05.545</CreDtTm><ReqTp><Enqry>0000</Enqry></ReqTp><CntyCd fld="SYS_BANK_COUNTRY">US</CntyCd></MsgHdr><RptOrErr></RptOrErr><MsgRtn><CMP014>
    <RtrMmb>
        <MsgHdr>
            <MsgId>1752744305545</MsgId>
            <CreDtTm>2025-07-17T09:25:05.545</CreDtTm>
            <ReqTp>
                <Enqry>0000</Enqry>
            </ReqTp>
            <CntyCd fld="SYS_BANK_COUNTRY">US</CntyCd>
        </MsgHdr>
        <RptOrErr/>
    </RtrMmb>
</CMP014></MsgRtn></RtrMmb></CMP014>
--2025-07-17 09:32:09:345 -  response body: <?xml version="1.0" encoding="UTF-8" standalone="yes"?><CMP014><RtrMmb><MsgHdr><MsgId>1752744729233</MsgId><CreDtTm>2025-07-17T09:32:09.233</CreDtTm><ReqTp><Enqry>0000</Enqry></ReqTp><CntyCd fld="SYS_BANK_COUNTRY">US</CntyCd></MsgHdr><RptOrErr></RptOrErr><MsgRtn><CMP014>
    <RtrMmb>
        <MsgHdr>
            <MsgId>1752744729233</MsgId>
            <CreDtTm>2025-07-17T09:32:09.233</CreDtTm>
            <ReqTp>
                <Enqry>0000</Enqry>
            </ReqTp>
            <CntyCd fld="SYS_BANK_COUNTRY">US</CntyCd>
        </MsgHdr>
        <RptOrErr/>
    </RtrMmb>
</CMP014></MsgRtn></RtrMmb></CMP014>
--2025-07-17 09:40:08:088 -  response body: <?xml version="1.0" encoding="UTF-8" standalone="yes"?><CMP014><RtrMmb><MsgHdr><MsgId>1752745208075</MsgId><CreDtTm>2025-07-17T09:40:08.075</CreDtTm><ReqTp><Enqry>0000</Enqry></ReqTp><CntyCd fld="SYS_BANK_COUNTRY">US</CntyCd></MsgHdr><RptOrErr></RptOrErr><MsgRtn><CMP014>
    <RtrMmb>
        <MsgHdr>
            <MsgId>1752745208075</MsgId>
            <CreDtTm>2025-07-17T09:40:08.075</CreDtTm>
            <ReqTp>
                <Enqry>0000</Enqry>
            </ReqTp>
            <CntyCd fld="SYS_BANK_COUNTRY">US</CntyCd>
        </MsgHdr>
        <RptOrErr/>
    </RtrMmb>
</CMP014></MsgRtn></RtrMmb></CMP014>
--2025-07-17 09:47:47:934 -  response body: <?xml version="1.0" encoding="UTF-8" standalone="yes"?><CMP014><RtrMmb><MsgHdr><MsgId>1752745667919</MsgId><CreDtTm>2025-07-17T09:47:47.919</CreDtTm><ReqTp><Enqry>0000</Enqry></ReqTp><CntyCd fld="SYS_BANK_COUNTRY">US</CntyCd></MsgHdr><RptOrErr></RptOrErr><MsgRtn><CMP014>
    <RtrMmb>
        <MsgHdr>
            <MsgId>1752745667919</MsgId>
            <CreDtTm>2025-07-17T09:47:47.919</CreDtTm>
            <ReqTp>
                <Enqry>0000</Enqry>
            </ReqTp>
            <CntyCd fld="SYS_BANK_COUNTRY">US</CntyCd>
        </MsgHdr>
        <RptOrErr/>
    </RtrMmb>
</CMP014></MsgRtn></RtrMmb></CMP014>
--2025-07-17 10:25:46:133 -  response body: <?xml version="1.0" encoding="UTF-8" standalone="yes"?><CMP014><RtrMmb><MsgHdr><MsgId>1752747946102</MsgId><CreDtTm>2025-07-17T10:25:46.102</CreDtTm><ReqTp><Enqry>0001</Enqry></ReqTp><CntyCd fld="SYS_BANK_COUNTRY">US</CntyCd></MsgHdr><RptOrErr><Rpt><MmbId>000001</MmbId><MmbOrErr><BizErr><Err><Cd/><Prtry>EmailAdr</Prtry></Err></BizErr></MmbOrErr></Rpt></RptOrErr><MsgRtn><CMP014>
    <RtrMmb>
        <MsgHdr>
            <MsgId>1752747946102</MsgId>
            <CreDtTm>2025-07-17T10:25:46.102</CreDtTm>
            <ReqTp>
                <Enqry>0001</Enqry>
            </ReqTp>
            <CntyCd fld="SYS_BANK_COUNTRY">US</CntyCd>
        </MsgHdr>
        <RptOrErr>
            <Rpt>
                <MmbId>000001</MmbId>
                <MmbOrErr>
                    <BizErr>
                        <Err>
                            <Cd/>
                            <Prtry>EmailAdr</Prtry>
                        </Err>
                    </BizErr>
                </MmbOrErr>
            </Rpt>
        </RptOrErr>
    </RtrMmb>
</CMP014></MsgRtn></RtrMmb></CMP014>
--2025-07-17 10:27:16:979 -  response body: Can not find filter record for decision with request id Request Message ID  8955ec614dba47dfa739
--2025-07-17 10:29:46:470 -  response body: processed
--2025-07-18 01:12:34:068 -  response body: <?xml version="1.0" encoding="UTF-8" standalone="yes"?><CMP014><RtrMmb><MsgHdr><MsgId>1752801154020</MsgId><CreDtTm>2025-07-18T01:12:34.020</CreDtTm><ReqTp><Enqry>0000</Enqry></ReqTp><CntyCd fld="SYS_BANK_COUNTRY">US</CntyCd></MsgHdr><RptOrErr></RptOrErr><MsgRtn><CMP014>
    <RtrMmb>
        <MsgHdr>
            <MsgId>1752801154020</MsgId>
            <CreDtTm>2025-07-18T01:12:34.020</CreDtTm>
            <ReqTp>
                <Enqry>0000</Enqry>
            </ReqTp>
            <CntyCd fld="SYS_BANK_COUNTRY">US</CntyCd>
        </MsgHdr>
        <RptOrErr/>
    </RtrMmb>
</CMP014></MsgRtn></RtrMmb></CMP014>
--2025-07-18 01:18:27:253 -  response body: <?xml version="1.0" encoding="UTF-8" standalone="yes"?><CMP014><RtrMmb><MsgHdr><MsgId>1752801507242</MsgId><CreDtTm>2025-07-18T01:18:27.242</CreDtTm><ReqTp><Enqry>0000</Enqry></ReqTp><CntyCd fld="SYS_BANK_COUNTRY">US</CntyCd></MsgHdr><RptOrErr></RptOrErr><MsgRtn><CMP014>
    <RtrMmb>
        <MsgHdr>
            <MsgId>1752801507242</MsgId>
            <CreDtTm>2025-07-18T01:18:27.242</CreDtTm>
            <ReqTp>
                <Enqry>0000</Enqry>
            </ReqTp>
            <CntyCd fld="SYS_BANK_COUNTRY">US</CntyCd>
        </MsgHdr>
        <RptOrErr/>
    </RtrMmb>
</CMP014></MsgRtn></RtrMmb></CMP014>
--2025-07-18 03:22:04:266 -  response body: <?xml version="1.0" encoding="UTF-8" standalone="yes"?><CMP014><RtrMmb><MsgHdr><MsgId>1752808924255</MsgId><CreDtTm>2025-07-18T03:22:04.255</CreDtTm><ReqTp><Enqry>0000</Enqry></ReqTp><CntyCd fld="SYS_BANK_COUNTRY">US</CntyCd></MsgHdr><RptOrErr></RptOrErr><MsgRtn><CMP014>
    <RtrMmb>
        <MsgHdr>
            <MsgId>1752808924255</MsgId>
            <CreDtTm>2025-07-18T03:22:04.255</CreDtTm>
            <ReqTp>
                <Enqry>0000</Enqry>
            </ReqTp>
            <CntyCd fld="SYS_BANK_COUNTRY">US</CntyCd>
        </MsgHdr>
        <RptOrErr/>
    </RtrMmb>
</CMP014></MsgRtn></RtrMmb></CMP014>
--2025-07-18 05:36:03:077 -  response body: <?xml version="1.0" encoding="UTF-8" standalone="yes"?><CMP014><RtrMmb><MsgHdr><MsgId>1752816963061</MsgId><CreDtTm>2025-07-18T05:36:03.061</CreDtTm><ReqTp><Enqry>0000</Enqry></ReqTp><CntyCd fld="SYS_BANK_COUNTRY">US</CntyCd></MsgHdr><RptOrErr></RptOrErr><MsgRtn><CMP014>
    <RtrMmb>
        <MsgHdr>
            <MsgId>1752816963061</MsgId>
            <CreDtTm>2025-07-18T05:36:03.061</CreDtTm>
            <ReqTp>
                <Enqry>0000</Enqry>
            </ReqTp>
            <CntyCd fld="SYS_BANK_COUNTRY">US</CntyCd>
        </MsgHdr>
        <RptOrErr/>
    </RtrMmb>
</CMP014></MsgRtn></RtrMmb></CMP014>
--2025-07-18 05:40:51:947 -  response body: <?xml version="1.0" encoding="UTF-8" standalone="yes"?><CMP014><RtrMmb><MsgHdr><MsgId>1752817251936</MsgId><CreDtTm>2025-07-18T05:40:51.936</CreDtTm><ReqTp><Enqry>0000</Enqry></ReqTp><CntyCd fld="SYS_BANK_COUNTRY">US</CntyCd></MsgHdr><RptOrErr></RptOrErr><MsgRtn><CMP014>
    <RtrMmb>
        <MsgHdr>
            <MsgId>1752817251936</MsgId>
            <CreDtTm>2025-07-18T05:40:51.936</CreDtTm>
            <ReqTp>
                <Enqry>0000</Enqry>
            </ReqTp>
            <CntyCd fld="SYS_BANK_COUNTRY">US</CntyCd>
        </MsgHdr>
        <RptOrErr/>
    </RtrMmb>
</CMP014></MsgRtn></RtrMmb></CMP014>
--2025-07-18 05:41:35:877 -  response body: <?xml version="1.0" encoding="UTF-8" standalone="yes"?><CMP014><RtrMmb><MsgHdr><MsgId>1752817295869</MsgId><CreDtTm>2025-07-18T05:41:35.869</CreDtTm><ReqTp><Enqry>0000</Enqry></ReqTp><CntyCd fld="SYS_BANK_COUNTRY">US</CntyCd></MsgHdr><RptOrErr></RptOrErr><MsgRtn><CMP014>
    <RtrMmb>
        <MsgHdr>
            <MsgId>1752817295869</MsgId>
            <CreDtTm>2025-07-18T05:41:35.869</CreDtTm>
            <ReqTp>
                <Enqry>0000</Enqry>
            </ReqTp>
            <CntyCd fld="SYS_BANK_COUNTRY">US</CntyCd>
        </MsgHdr>
        <RptOrErr/>
    </RtrMmb>
</CMP014></MsgRtn></RtrMmb></CMP014>
--2025-07-18 05:49:03:576 -  response body: <?xml version="1.0" encoding="UTF-8" standalone="yes"?><CMP014><RtrMmb><MsgHdr><MsgId>1752817743562</MsgId><CreDtTm>2025-07-18T05:49:03.562</CreDtTm><ReqTp><Enqry>0000</Enqry></ReqTp><CntyCd fld="SYS_BANK_COUNTRY">US</CntyCd></MsgHdr><RptOrErr></RptOrErr><MsgRtn><CMP014>
    <RtrMmb>
        <MsgHdr>
            <MsgId>1752817743562</MsgId>
            <CreDtTm>2025-07-18T05:49:03.562</CreDtTm>
            <ReqTp>
                <Enqry>0000</Enqry>
            </ReqTp>
            <CntyCd fld="SYS_BANK_COUNTRY">US</CntyCd>
        </MsgHdr>
        <RptOrErr/>
    </RtrMmb>
</CMP014></MsgRtn></RtrMmb></CMP014>
--2025-07-18 05:50:30:103 -  response body: <?xml version="1.0" encoding="UTF-8" standalone="yes"?><CMP014><RtrMmb><MsgHdr><MsgId>1752817830091</MsgId><CreDtTm>2025-07-18T05:50:30.091</CreDtTm><ReqTp><Enqry>0000</Enqry></ReqTp><CntyCd fld="SYS_BANK_COUNTRY">US</CntyCd></MsgHdr><RptOrErr></RptOrErr><MsgRtn><CMP014>
    <RtrMmb>
        <MsgHdr>
            <MsgId>1752817830091</MsgId>
            <CreDtTm>2025-07-18T05:50:30.091</CreDtTm>
            <ReqTp>
                <Enqry>0000</Enqry>
            </ReqTp>
            <CntyCd fld="SYS_BANK_COUNTRY">US</CntyCd>
        </MsgHdr>
        <RptOrErr/>
    </RtrMmb>
</CMP014></MsgRtn></RtrMmb></CMP014>
--2025-07-18 05:57:22:238 -  response body: <?xml version="1.0" encoding="UTF-8" standalone="yes"?><CMP014><RtrMmb><MsgHdr><MsgId>1752818242227</MsgId><CreDtTm>2025-07-18T05:57:22.227</CreDtTm><ReqTp><Enqry>0000</Enqry></ReqTp><CntyCd fld="SYS_BANK_COUNTRY">US</CntyCd></MsgHdr><RptOrErr></RptOrErr><MsgRtn><CMP014>
    <RtrMmb>
        <MsgHdr>
            <MsgId>1752818242227</MsgId>
            <CreDtTm>2025-07-18T05:57:22.227</CreDtTm>
            <ReqTp>
                <Enqry>0000</Enqry>
            </ReqTp>
            <CntyCd fld="SYS_BANK_COUNTRY">US</CntyCd>
        </MsgHdr>
        <RptOrErr/>
    </RtrMmb>
</CMP014></MsgRtn></RtrMmb></CMP014>
--2025-07-18 09:49:41:578 -  response body: <?xml version="1.0" encoding="UTF-8" standalone="yes"?><CMP014><RtrMmb><MsgHdr><MsgId>1752832181557</MsgId><CreDtTm>2025-07-18T09:49:41.557</CreDtTm><ReqTp><Enqry>0000</Enqry></ReqTp><CntyCd fld="SYS_BANK_COUNTRY">US</CntyCd></MsgHdr><RptOrErr></RptOrErr><MsgRtn><CMP014>
    <RtrMmb>
        <MsgHdr>
            <MsgId>1752832181557</MsgId>
            <CreDtTm>2025-07-18T09:49:41.557</CreDtTm>
            <ReqTp>
                <Enqry>0000</Enqry>
            </ReqTp>
            <CntyCd fld="SYS_BANK_COUNTRY">US</CntyCd>
        </MsgHdr>
        <RptOrErr/>
    </RtrMmb>
</CMP014></MsgRtn></RtrMmb></CMP014>
--2025-07-21 01:42:15:285 -  response body: <?xml version="1.0" encoding="UTF-8" standalone="yes"?><CMP014><RtrMmb><MsgHdr><MsgId>1753062135212</MsgId><CreDtTm>2025-07-21T01:42:15.212</CreDtTm><ReqTp><Enqry>0000</Enqry></ReqTp><CntyCd fld="SYS_BANK_COUNTRY">US</CntyCd></MsgHdr><RptOrErr></RptOrErr><MsgRtn><CMP014>
    <RtrMmb>
        <MsgHdr>
            <MsgId>1753062135212</MsgId>
            <CreDtTm>2025-07-21T01:42:15.212</CreDtTm>
            <ReqTp>
                <Enqry>0000</Enqry>
            </ReqTp>
            <CntyCd fld="SYS_BANK_COUNTRY">US</CntyCd>
        </MsgHdr>
        <RptOrErr/>
    </RtrMmb>
</CMP014></MsgRtn></RtrMmb></CMP014>
--2025-07-21 02:50:38:630 -  response body: <?xml version="1.0" encoding="UTF-8" standalone="yes"?><CMP014><RtrMmb><MsgHdr><MsgId>1753066238619</MsgId><CreDtTm>2025-07-21T02:50:38.619</CreDtTm><ReqTp><Enqry>0000</Enqry></ReqTp><CntyCd fld="SYS_BANK_COUNTRY">US</CntyCd></MsgHdr><RptOrErr></RptOrErr><MsgRtn><CMP014>
    <RtrMmb>
        <MsgHdr>
            <MsgId>1753066238619</MsgId>
            <CreDtTm>2025-07-21T02:50:38.619</CreDtTm>
            <ReqTp>
                <Enqry>0000</Enqry>
            </ReqTp>
            <CntyCd fld="SYS_BANK_COUNTRY">US</CntyCd>
        </MsgHdr>
        <RptOrErr/>
    </RtrMmb>
</CMP014></MsgRtn></RtrMmb></CMP014>
