
[start] [INFO] [2026-07-12 21:01:15.057] [C010897_C010897MCM1] 
---------------------Begin 2026-07-12 21:01:15 053    CREATE_BU:C010897    CREATE_BY:C010897MCM1 ---------------------
[01]  DELETE FROM CEUSER.SEC_LOGIN_SESSION WHERE C_USER_ID = 'C010897MCM1' AND C_UNIT_CODE = 'C010897' AND C_BK_GROUP_ID = 'CSBANK' AND C_SESSION_ID = 'X3O_ji3UPRVhteGi0WSPfb9' 
[02]  UPDATE CEUSER.SEC_LOGIN_SESSION SET C_IS_INFORM = 'T' WHERE C_USER_ID = 'C010897MCM1' AND C_UNIT_CODE = 'C010897' AND C_BK_GROUP_ID = 'CSBANK' 
[03]  INSERT INTO CEUSER.SEC_LOGIN_SESSION (C_BK_GROUP_ID,C_UNIT_CODE,C_USER_ID,C_SESSION_ID,C_IS_INFORM) VALUES ('CSBANK','C010897','C010897MCM1','X3O_ji3UPRVhteGi0WSPfb9','F')
---------------------- End 2026-07-12 21:01:15 056 ------------------------
 [end]

[start] [INFO] [2026-07-12 21:01:15.065] [C010897_C010897MCM1] 
---------------------Begin 2026-07-12 21:01:15 063    CREATE_BU:C010897    CREATE_BY:C010897MCM1 ---------------------
[01]  INSERT INTO CETRX.TRX_ACT_LOG (C_LOG_ID,C_BK_GROUP_ID,C_CNTY_CODE,C_GRP_CODE,C_UNIT_CODE,C_USER_ID,C_IP_ADDRESS,C_FUNC_ID,D_CREA_DATE,T_CREA_TIME,D_SYS_OP_DATE,T_SYS_OP_TIME,D_SYS_TRT_DATE,T_SYS_TRT_TIME,C_BUSI_KEY) VALUES ('8A8284979F4ACCAA019F5746A3B50881','CSBANK','US','C010897','C010897','C010897MCM1','10.3.1.53','Login',TO_DATE('2026-07-12','YYYY-MM-DD'),TO_DATE('17:01:15','HH24:MI:SS'),TO_DATE('2026-07-12','YYYY-MM-DD'),TO_DATE('17:01:15','HH24:MI:SS'),TO_DATE('2026-07-12','YYYY-MM-DD'),TO_DATE('17:01:15','HH24:MI:SS'),'C010897;C010897MCM1')
---------------------- End 2026-07-12 21:01:15 064 ------------------------
 [end]

[start] [INFO] [2026-07-12 21:01:15.839] [C010897_C010897MCM1] 
---------------------Begin 2026-07-12 21:01:15 836    CREATE_BU:C010897    CREATE_BY:C010897MCM1 ---------------------
[01]  SELECT C_INACTIVE FROM CEUSER.SEC_USER_INFO WHERE C_USER_ID = 'C010897MCM1' AND C_UNIT_CODE = 'C010897' 
---------------------- End 2026-07-12 21:01:15 837 ------------------------
 [end]

[start] [INFO] [2026-07-12 21:01:15.843] [C010897_C010897MCM1] 
---------------------Begin 2026-07-12 21:01:15 840    CREATE_BU:C010897    CREATE_BY:C010897MCM1 ---------------------
[01]  SELECT C_IS_INFORM FROM CEUSER.SEC_LOGIN_SESSION WHERE C_SESSION_ID = 'X3O_ji3UPRVhteGi0WSPfb9' 
---------------------- End 2026-07-12 21:01:15 841 ------------------------
 [end]

[start] [INFO] [2026-07-12 21:01:15.912] [C010897_C010897MCM1] 
---------------------Begin 2026-07-12 21:01:15 910    CREATE_BU:C010897    CREATE_BY:C010897MCM1 ---------------------
[01]  SELECT C_INACTIVE FROM CEUSER.SEC_USER_INFO WHERE C_USER_ID = 'C010897MCM1' AND C_UNIT_CODE = 'C010897' 
---------------------- End 2026-07-12 21:01:15 911 ------------------------
 [end]

[start] [INFO] [2026-07-12 21:01:16.055] [C010897_C010897MCM1] 
---------------------Begin 2026-07-12 21:01:16 053    CREATE_BU:C010897    CREATE_BY:C010897MCM1 ---------------------
[01]  SELECT C_INACTIVE FROM CEUSER.SEC_USER_INFO WHERE C_USER_ID = 'C010897MCM1' AND C_UNIT_CODE = 'C010897' 
---------------------- End 2026-07-12 21:01:16 054 ------------------------
 [end]

[start] [INFO] [2026-07-12 21:01:16.062] [C010897_C010897MCM1] 
---------------------Begin 2026-07-12 21:01:16 060    CREATE_BU:C010897    CREATE_BY:C010897MCM1 ---------------------
[01]  SELECT COUNT(*) AS RECCOUNT FROM CETRX.STD_NOTIFICATION  WHERE C_NOTI_ID IN ( SELECT C_NOTI_ID FROM CETRX.STD_NOTIFICATION_STATUS  WHERE  C_READ_STATUS = 'F'  AND  C_USER_ID = 'C010897MCM1'  AND  C_UNIT_CODE = 'C010897'  )
---------------------- End 2026-07-12 21:01:16 061 ------------------------
 [end]

[start] [INFO] [2026-07-12 21:01:16.074] [C010897_C010897MCM1] 
---------------------Begin 2026-07-12 21:01:16 071    CREATE_BU:C010897    CREATE_BY:C010897MCM1 ---------------------
[01]  SELECT C_INACTIVE FROM CEUSER.SEC_USER_INFO WHERE C_USER_ID = 'C010897MCM1' AND C_UNIT_CODE = 'C010897' 
---------------------- End 2026-07-12 21:01:16 072 ------------------------
 [end]

[start] [INFO] [2026-07-12 21:01:16.074] [C010897_C010897MCM1] 
---------------------Begin 2026-07-12 21:01:16 072    CREATE_BU:C010897    CREATE_BY:C010897MCM1 ---------------------
[01]  SELECT C_INACTIVE FROM CEUSER.SEC_USER_INFO WHERE C_USER_ID = 'C010897MCM1' AND C_UNIT_CODE = 'C010897' 
---------------------- End 2026-07-12 21:01:16 073 ------------------------
 [end]

[start] [INFO] [2026-07-12 21:01:16.084] [C010897_C010897MCM1] 
---------------------Begin 2026-07-12 21:01:16 082    CREATE_BU:C010897    CREATE_BY:C010897MCM1 ---------------------
[01]  SELECT C_FUNC_ID,T_OP_TIME FROM CETRX.TRX_FAVOR_FUNC  WHERE  C_UNIT_CODE = 'C010897'  AND  C_USER_ID = 'C010897MCM1'  ORDER BY  T_OP_TIME DESC 
---------------------- End 2026-07-12 21:01:16 083 ------------------------
 [end]

[start] [INFO] [2026-07-12 21:01:16.175] [C010897_C010897MCM1] 
---------------------Begin 2026-07-12 21:01:16 172    CREATE_BU:C010897    CREATE_BY:C010897MCM1 ---------------------
[01]  SELECT C_INACTIVE FROM CEUSER.SEC_USER_INFO WHERE C_USER_ID = 'C010897MCM1' AND C_UNIT_CODE = 'C010897' 
---------------------- End 2026-07-12 21:01:16 173 ------------------------
 [end]

[start] [INFO] [2026-07-12 21:01:16.188] [C010897_C010897MCM1] 
---------------------Begin 2026-07-12 21:01:16 184    CREATE_BU:C010897    CREATE_BY:C010897MCM1 ---------------------
[01]  SELECT * FROM CEUSER.SEC_BUSINESS_UNIT WHERE C_UNIT_CODE = 'C010897' 
---------------------- End 2026-07-12 21:01:16 186 ------------------------
 [end]

[start] [INFO] [2026-07-12 21:01:16.206] [C010897_C010897MCM1] 
---------------------Begin 2026-07-12 21:01:16 202    CREATE_BU:C010897    CREATE_BY:C010897MCM1 ---------------------
[01]  SELECT C_INACTIVE FROM CEUSER.SEC_USER_INFO WHERE C_USER_ID = 'C010897MCM1' AND C_UNIT_CODE = 'C010897' 
---------------------- End 2026-07-12 21:01:16 203 ------------------------
 [end]

[start] [INFO] [2026-07-12 21:01:16.214] [C010897_C010897MCM1] 
---------------------Begin 2026-07-12 21:01:16 212    CREATE_BU:C010897    CREATE_BY:C010897MCM1 ---------------------
[01]  SELECT C_INACTIVE FROM CEUSER.SEC_USER_INFO WHERE C_USER_ID = 'C010897MCM1' AND C_UNIT_CODE = 'C010897' 
---------------------- End 2026-07-12 21:01:16 213 ------------------------
 [end]

[start] [INFO] [2026-07-12 21:01:16.224] [C010897_C010897MCM1] 
---------------------Begin 2026-07-12 21:01:16 222    CREATE_BU:C010897    CREATE_BY:C010897MCM1 ---------------------
[01]  SELECT C_INACTIVE FROM CEUSER.SEC_USER_INFO WHERE C_USER_ID = 'C010897MCM1' AND C_UNIT_CODE = 'C010897' 
---------------------- End 2026-07-12 21:01:16 223 ------------------------
 [end]

[start] [INFO] [2026-07-12 21:01:16.226] [C010897_C010897MCM1] 
---------------------Begin 2026-07-12 21:01:16 224    CREATE_BU:C010897    CREATE_BY:C010897MCM1 ---------------------
[01]  SELECT DISTINCT C_WIDGET_NAME FROM CEUSER.SEC_WIDGETS_V2_LIST  WHERE  C_IS_ACTIVE = 'Y'  AND  C_ROLE_NAME IN ('MAKER')  ORDER BY  C_WIDGET_NAME 
---------------------- End 2026-07-12 21:01:16 225 ------------------------
 [end]

[start] [INFO] [2026-07-12 21:01:16.230] [C010897_C010897MCM1] 
---------------------Begin 2026-07-12 21:01:16 227    CREATE_BU:C010897    CREATE_BY:C010897MCM1 ---------------------
[01]  SELECT TAB.C_TAB_ID,TAB.C_TAB_NAME,TAB.I_TAB_SEQUENCE FROM CEUSER.SEC_WIDGETS_V2_TABS TAB LEFT JOIN CEUSER.SEC_WIDGETS_V2_LAYOUT LYT ON (TAB.C_TAB_ID = LYT.C_TAB_ID AND  TAB.C_UNIT_CODE = LYT.C_UNIT_CODE AND TAB.C_USER_ID = LYT.C_USER_ID )    WHERE  TAB.C_UNIT_CODE = 'C010897'  AND  TAB.C_USER_ID = 'C010897MCM1'  AND  LYT.C_PAGE_NAME = 'default'  ORDER BY  TAB.I_TAB_SEQUENCE ASC 
---------------------- End 2026-07-12 21:01:16 228 ------------------------
 [end]

[start] [INFO] [2026-07-12 21:01:16.232] [C010897_C010897MCM1] 
---------------------Begin 2026-07-12 21:01:16 230    CREATE_BU:C010897    CREATE_BY:C010897MCM1 ---------------------
[01]  SELECT DISTINCT C_WIDGET_NAME FROM CEUSER.SEC_WIDGETS_V2_LIST  WHERE  C_IS_ACTIVE = 'Y'  AND  C_ROLE_NAME IN ('MAKER')  ORDER BY  C_WIDGET_NAME 
---------------------- End 2026-07-12 21:01:16 231 ------------------------
 [end]

[start] [INFO] [2026-07-12 21:01:16.247] [C010897_C010897MCM1] 
---------------------Begin 2026-07-12 21:01:16 245    CREATE_BU:C010897    CREATE_BY:C010897MCM1 ---------------------
[01]  SELECT C_AUTH_RULE FROM CEUSER.SEC_USER_INFO WHERE C_BK_GROUP_ID = 'CSBANK' AND C_UNIT_CODE = 'C010897' AND C_USER_ID = 'C010897MCM1' 
---------------------- End 2026-07-12 21:01:16 246 ------------------------
 [end]

[start] [INFO] [2026-07-12 21:01:16.251] [C010897_C010897MCM1] 
---------------------Begin 2026-07-12 21:01:16 248    CREATE_BU:C010897    CREATE_BY:C010897MCM1 ---------------------
[01]  SELECT C_AUTH_RULE FROM CEUSER.SEC_BUSINESS_UNIT WHERE C_BK_GROUP_ID = 'CSBANK' AND C_UNIT_CODE = 'C010897' 
---------------------- End 2026-07-12 21:01:16 250 ------------------------
 [end]

[start] [INFO] [2026-07-12 21:01:16.253] [C010897_C010897MCM1] 
---------------------Begin 2026-07-12 21:01:16 251    CREATE_BU:C010897    CREATE_BY:C010897MCM1 ---------------------
[01]  SELECT C_LAYOUT_INFO FROM CEUSER.SEC_WIDGETS_V2_LAYOUT  WHERE  C_UNIT_CODE = 'C010897'  AND  C_USER_ID = 'C010897MCM1'  AND  C_PAGE_NAME = 'default' 
---------------------- End 2026-07-12 21:01:16 252 ------------------------
 [end]

[start] [INFO] [2026-07-12 21:01:16.257] [C010897_C010897MCM1] 
---------------------Begin 2026-07-12 21:01:16 256    CREATE_BU:C010897    CREATE_BY:C010897MCM1 ---------------------
[01]  SELECT TAB.C_TAB_ID,TAB.C_TAB_NAME,TAB.I_TAB_SEQUENCE,LYT.C_LAYOUT_INFO FROM CEUSER.SEC_WIDGETS_V2_TABS TAB LEFT JOIN CEUSER.SEC_WIDGETS_V2_LAYOUT LYT ON (TAB.C_TAB_ID = LYT.C_TAB_ID AND  TAB.C_UNIT_CODE = LYT.C_UNIT_CODE AND TAB.C_USER_ID = LYT.C_USER_ID )    WHERE  TAB.C_UNIT_CODE = 'C010897'  AND  TAB.C_USER_ID = 'C010897MCM1'  AND  LYT.C_PAGE_NAME = 'default'  ORDER BY  TAB.I_TAB_SEQUENCE ASC 
---------------------- End 2026-07-12 21:01:16 257 ------------------------
 [end]

[start] [INFO] [2026-07-12 21:01:16.268] [C010897_C010897MCM1] 
---------------------Begin 2026-07-12 21:01:16 259    CREATE_BU:C010897    CREATE_BY:C010897MCM1 ---------------------
[01]  SELECT C_INST_CONFIG FROM CEUSER.SEC_WIDGETS_V2_INST_CONFIG  WHERE  C_INST_ID = '8A8284979F4A3FB0019F4A54EA120068'  AND  C_UNIT_CODE = 'C010897'  AND  C_USER_ID = 'C010897MCM1' 
---------------------- End 2026-07-12 21:01:16 267 ------------------------
 [end]

[start] [INFO] [2026-07-12 21:01:16.271] [C010897_C010897MCM1] 
---------------------Begin 2026-07-12 21:01:16 269    CREATE_BU:C010897    CREATE_BY:C010897MCM1 ---------------------
[01]  SELECT C_INST_CONFIG FROM CEUSER.SEC_WIDGETS_V2_INST_CONFIG  WHERE  C_INST_ID = '8A8284979F4A3FB0019F4A54EA120068'  AND  C_UNIT_CODE = 'C010897'  AND  C_USER_ID = 'C010897MCM1' 
---------------------- End 2026-07-12 21:01:16 270 ------------------------
 [end]

[start] [INFO] [2026-07-12 21:01:16.274] [C010897_C010897MCM1] 
---------------------Begin 2026-07-12 21:01:16 272    CREATE_BU:C010897    CREATE_BY:C010897MCM1 ---------------------
[01]  SELECT C_INST_CONFIG FROM CEUSER.SEC_WIDGETS_V2_INST_CONFIG  WHERE  C_INST_ID = '8A8284979F4A3FB0019F4A54EA1B006A'  AND  C_UNIT_CODE = 'C010897'  AND  C_USER_ID = 'C010897MCM1' 
---------------------- End 2026-07-12 21:01:16 273 ------------------------
 [end]

[start] [INFO] [2026-07-12 21:01:16.277] [C010897_C010897MCM1] 
---------------------Begin 2026-07-12 21:01:16 275    CREATE_BU:C010897    CREATE_BY:C010897MCM1 ---------------------
[01]  SELECT C_INST_CONFIG FROM CEUSER.SEC_WIDGETS_V2_INST_CONFIG  WHERE  C_INST_ID = '8A8284979F4A3FB0019F4A54EA1B006A'  AND  C_UNIT_CODE = 'C010897'  AND  C_USER_ID = 'C010897MCM1' 
---------------------- End 2026-07-12 21:01:16 276 ------------------------
 [end]

[start] [INFO] [2026-07-12 21:01:16.281] [C010897_C010897MCM1] 
---------------------Begin 2026-07-12 21:01:16 279    CREATE_BU:C010897    CREATE_BY:C010897MCM1 ---------------------
[01]  SELECT C_INST_CONFIG FROM CEUSER.SEC_WIDGETS_V2_INST_CONFIG  WHERE  C_INST_ID = '8A8284979F4A3FB0019F4A54EA20006B'  AND  C_UNIT_CODE = 'C010897'  AND  C_USER_ID = 'C010897MCM1' 
---------------------- End 2026-07-12 21:01:16 279 ------------------------
 [end]

[start] [INFO] [2026-07-12 21:01:16.284] [C010897_C010897MCM1] 
---------------------Begin 2026-07-12 21:01:16 282    CREATE_BU:C010897    CREATE_BY:C010897MCM1 ---------------------
[01]  SELECT C_INST_CONFIG FROM CEUSER.SEC_WIDGETS_V2_INST_CONFIG  WHERE  C_INST_ID = '8A8284979F4A3FB0019F4A54EA20006B'  AND  C_UNIT_CODE = 'C010897'  AND  C_USER_ID = 'C010897MCM1' 
---------------------- End 2026-07-12 21:01:16 282 ------------------------
 [end]

[start] [INFO] [2026-07-12 21:01:16.291] [C010897_C010897MCM1] 
---------------------Begin 2026-07-12 21:01:16 287    CREATE_BU:C010897    CREATE_BY:C010897MCM1 ---------------------
[01]  SELECT C_INST_CONFIG FROM CEUSER.SEC_WIDGETS_V2_INST_CONFIG  WHERE  C_INST_ID = '8A8284979F4A3FB0019F4A54EA170069'  AND  C_UNIT_CODE = 'C010897'  AND  C_USER_ID = 'C010897MCM1' 
---------------------- End 2026-07-12 21:01:16 291 ------------------------
 [end]

[start] [INFO] [2026-07-12 21:01:16.294] [C010897_C010897MCM1] 
---------------------Begin 2026-07-12 21:01:16 293    CREATE_BU:C010897    CREATE_BY:C010897MCM1 ---------------------
[01]  SELECT C_INST_CONFIG FROM CEUSER.SEC_WIDGETS_V2_INST_CONFIG  WHERE  C_INST_ID = '8A8284979F4A3FB0019F4A54EA170069'  AND  C_UNIT_CODE = 'C010897'  AND  C_USER_ID = 'C010897MCM1' 
---------------------- End 2026-07-12 21:01:16 293 ------------------------
 [end]

[start] [INFO] [2026-07-12 21:01:16.557] [C010897_C010897MCM1] 
---------------------Begin 2026-07-12 21:01:16 553    CREATE_BU:C010897    CREATE_BY:C010897MCM1 ---------------------
[01]  SELECT C_INACTIVE FROM CEUSER.SEC_USER_INFO WHERE C_USER_ID = 'C010897MCM1' AND C_UNIT_CODE = 'C010897' 
---------------------- End 2026-07-12 21:01:16 555 ------------------------
 [end]

[start] [INFO] [2026-07-12 21:01:16.557] [C010897_C010897MCM1] 
---------------------Begin 2026-07-12 21:01:16 553    CREATE_BU:C010897    CREATE_BY:C010897MCM1 ---------------------
[01]  SELECT C_INACTIVE FROM CEUSER.SEC_USER_INFO WHERE C_USER_ID = 'C010897MCM1' AND C_UNIT_CODE = 'C010897' 
---------------------- End 2026-07-12 21:01:16 555 ------------------------
 [end]

[start] [INFO] [2026-07-12 21:01:16.568] [C010897_C010897MCM1] 
---------------------Begin 2026-07-12 21:01:16 564    CREATE_BU:C010897    CREATE_BY:C010897MCM1 ---------------------
[01]  SELECT C_INACTIVE FROM CEUSER.SEC_USER_INFO WHERE C_USER_ID = 'C010897MCM1' AND C_UNIT_CODE = 'C010897' 
---------------------- End 2026-07-12 21:01:16 566 ------------------------
 [end]

[start] [INFO] [2026-07-12 21:01:16.585] [C010897_C010897MCM1] 
---------------------Begin 2026-07-12 21:01:16 579    CREATE_BU:C010897    CREATE_BY:C010897MCM1 ---------------------
[01]  [Id=C2A_ForYou]  SELECT COUNT(*) FROM (SELECT DISTINCT T1.C_BK_GROUP_ID, T1.C_MAIN_REF, T1.C_TRX_REF, T1.C_UNIT_CODE, T1.PARENT_MAIN_REF, T1.C_TRX_STATUS, T1.CURRNT_STATUS, T1.C2A_STATUS, T1.I_EVENT_TIMES, T1.C_MODULE, T1.C_FUNC_ID, T1.C_PRODUCT_ID, T1.C_TRX_ID, T3.C_LOCKED_FLAG, T3.C_LOCKED_OP, T3.C_USER_DESC, T1.D_SYS_OP_DATE, T1.T_SYS_OP_TIME, T1.C2A_CCY, T1.C2A_AMOUNT, T1.C2A_COUNTERPARTY FROM CETRX.TRX_INBOX T1 LEFT JOIN CETRX.TRX_NEXT_FUNC T2 ON T1.C_PRODUCT_ID = T2.C_PRODUCT_ID AND T1.C2A_STATUS = T2.C2A_STATUS AND T1.C_TRX_STATUS = T2.C_TRX_STATUS LEFT JOIN CETRX.TRX_LOCK_INFO T3 ON T1.C_MAIN_REF = T3.C_MAIN_REF AND T1.C_UNIT_CODE = T3.C_UNIT_CODE WHERE   T1.C_BK_GROUP_ID = 'CSBANK'  AND (( T1.C_UNIT_CODE = 'C010897'  AND  T1.C_PRODUCT_ID IN ('FHS0YffwVNuA','P19080800000','P19080800001','P19080800002','P20030600000','epF3a6u4ZGAt') )) AND (T2.C_NEXT_FUNC_ID IN (SELECT C_FUNC_ID FROM CEUSER.SEC_OP_FUNC WHERE C_USER_ID = 'C010897MCM1' AND C_GRP_CODE = 'C010897' AND C_UNIT_CODE = T1.C_UNIT_CODE) OR T2.C_NEXT_FUNC_ID IN (SELECT C_FUNC_ID FROM CEUSER.SEC_OP_FUNC WHERE C_GRP_CODE = 'C010897' AND C_USER_ID IN (SELECT C_ROLE_ID FROM CEUSER.SEC_USER_ROLE WHERE C_USER_ID = 'C010897MCM1' AND C_GRP_CODE = 'C010897') AND C_UNIT_CODE = T1.C_UNIT_CODE)) AND (T1.C_TRX_STATUS = 'R' OR T1.C2A_STATUS IN ('Rejected by bank', 'Discrepancy notification', 'Document received') AND T1.C_TRX_STATUS = 'M' OR T1.C2A_STATUS IN ('Amendment(Detrimental)_fully authorized', 'Document discrepancy_fully authorized') AND T1.C_TRX_STATUS = 'A') AND T1.C_TRX_ID NOT IN (SELECT C_TRX_ID FROM CETRX.TRX_USER_DISMISS WHERE C_USER_ID = 'C010897MCM1' AND C_GRP_CODE = 'C010897') AND (T1.C_MODULE = 'IMLC' OR T1.C_MODULE = 'EXLC' OR T1.C_MODULE = 'FAEF' OR T1.C_MODULE = 'FADA' OR T1.C_MODULE = 'TSUM' OR T1.C_MODULE = 'ABLF' OR T1.C_MODULE = 'UPLD') ORDER BY T1.D_SYS_OP_DATE DESC, T1.T_SYS_OP_TIME DESC)
---------------------- End 2026-07-12 21:01:16 584 ------------------------
 [end]

[start] [INFO] [2026-07-12 21:01:16.595] [C010897_C010897MCM1] 
---------------------Begin 2026-07-12 21:01:16 593    CREATE_BU:C010897    CREATE_BY:C010897MCM1 ---------------------
[01]  SELECT C_INACTIVE FROM CEUSER.SEC_USER_INFO WHERE C_USER_ID = 'C010897MCM1' AND C_UNIT_CODE = 'C010897' 
---------------------- End 2026-07-12 21:01:16 594 ------------------------
 [end]

[start] [INFO] [2026-07-12 21:01:16.603] [C010897_C010897MCM1] 
---------------------Begin 2026-07-12 21:01:16 601    CREATE_BU:C010897    CREATE_BY:C010897MCM1 ---------------------
[01]  SELECT * FROM CEUSER.SEC_BUSINESS_UNIT WHERE C_UNIT_CODE = 'C010897' 
---------------------- End 2026-07-12 21:01:16 602 ------------------------
 [end]

[start] [INFO] [2026-07-12 21:01:16.612] [C010897_C010897MCM1] 
---------------------Begin 2026-07-12 21:01:16 606    CREATE_BU:C010897    CREATE_BY:C010897MCM1 ---------------------
[01]  [Id=C2A_InProgress_Maker]  SELECT COUNT(*) FROM CETRX.TRX_INBOX T1 LEFT JOIN CETRX.TRX_LOCK_INFO T3 ON T1.C_MAIN_REF = T3.C_MAIN_REF AND T1.C_UNIT_CODE = T3.C_UNIT_CODE WHERE   T1.C_BK_GROUP_ID = 'CSBANK'  AND (( T1.C_UNIT_CODE = 'C010897'  AND  T1.C_PRODUCT_ID IN ('FHS0YffwVNuA','P19080800000','P19080800001','P19080800002','P20030600000','epF3a6u4ZGAt') )) AND (T1.C_TRX_STATUS IN ('P', 'T', 'A', 'S') AND (T1.C_MODULE = 'IMLC' OR T1.C_MODULE = 'EXLC' OR T1.C_MODULE = 'FAEF' OR T1.C_MODULE = 'FADA' OR T1.C_MODULE = 'ABLF') AND T1.C2A_STATUS NOT IN ('Discrepancies rejected_fully authorized') OR T1.C_TRX_STATUS = 'M' AND (T1.C_MODULE = 'IMLC' AND T1.C2A_STATUS NOT IN ('Issued', 'Amended', 'Beneficiary rejected', 'Settled') OR T1.C_MODULE = 'EXCO' AND T1.CURRNT_STATUS NOT IN ('Payment Advice') OR T1.C_MODULE = 'EXLC' AND T1.CURRNT_STATUS NOT IN ('Settled', 'Advise Received', 'Amendment Received', 'Docment Received') OR T1.C_MODULE = 'FAEF' AND T1.CURRNT_STATUS NOT IN ('Settled', 'Advise Received') OR T1.C_MODULE = 'FADA' AND T1.CURRNT_STATUS NOT IN ('Settled', 'Advise Received') OR T1.C_MODULE = 'ABLF' AND T1.CURRNT_STATUS NOT IN ('Settled', 'Advise Received'))) AND T1.C_TRX_ID NOT IN (SELECT C_TRX_ID FROM CETRX.TRX_USER_DISMISS WHERE C_USER_ID = 'C010897MCM1' AND C_GRP_CODE = 'C010897') AND (T1.C_MODULE = 'IMLC' OR T1.C_MODULE = 'EXLC' OR T1.C_MODULE = 'FAEF' OR T1.C_MODULE = 'FADA' OR T1.C_MODULE = 'ABLF')
---------------------- End 2026-07-12 21:01:16 611 ------------------------
 [end]

[start] [INFO] [2026-07-12 21:01:16.617] [C010897_C010897MCM1] 
---------------------Begin 2026-07-12 21:01:16 615    CREATE_BU:C010897    CREATE_BY:C010897MCM1 ---------------------
[01]  SELECT C_INACTIVE FROM CEUSER.SEC_USER_INFO WHERE C_USER_ID = 'C010897MCM1' AND C_UNIT_CODE = 'C010897' 
---------------------- End 2026-07-12 21:01:16 616 ------------------------
 [end]

[start] [INFO] [2026-07-12 21:01:16.629] [C010897_C010897MCM1] 
---------------------Begin 2026-07-12 21:01:16 627    CREATE_BU:C010897    CREATE_BY:C010897MCM1 ---------------------
[01]  SELECT C_INACTIVE FROM CEUSER.SEC_USER_INFO WHERE C_USER_ID = 'C010897MCM1' AND C_UNIT_CODE = 'C010897' 
---------------------- End 2026-07-12 21:01:16 628 ------------------------
 [end]

[start] [INFO] [2026-07-12 21:01:16.630] [C010897_C010897MCM1] 
---------------------Begin 2026-07-12 21:01:16 628    CREATE_BU:C010897    CREATE_BY:C010897MCM1 ---------------------
[01]  SELECT C_IS_ACTIVE FROM CEUSER.SEC_WIDGETS_V2_LIST  WHERE  C_WIDGET_NAME = 'ShortcutMenu'  AND  C_ROLE_NAME IN ('MAKER') 
---------------------- End 2026-07-12 21:01:16 629 ------------------------
 [end]

[start] [INFO] [2026-07-12 21:01:16.637] [C010897_C010897MCM1] 
---------------------Begin 2026-07-12 21:01:16 635    CREATE_BU:C010897    CREATE_BY:C010897MCM1 ---------------------
[01]  SELECT C_FUNC_ID,T_OP_TIME FROM CETRX.TRX_FAVOR_FUNC  WHERE  C_UNIT_CODE = 'C010897'  AND  C_USER_ID = 'C010897MCM1'  ORDER BY  T_OP_TIME DESC 
---------------------- End 2026-07-12 21:01:16 636 ------------------------
 [end]

[start] [INFO] [2026-07-12 21:01:16.647] [C010897_C010897MCM1] 
---------------------Begin 2026-07-12 21:01:16 641    CREATE_BU:C010897    CREATE_BY:C010897MCM1 ---------------------
[01]  [Id=C2A_Closed]  SELECT COUNT(*) FROM CETRX.TRX_INBOX T1 LEFT JOIN CETRX.TRX_LOCK_INFO T3 ON T1.C_MAIN_REF = T3.C_MAIN_REF AND T1.C_UNIT_CODE = T3.C_UNIT_CODE WHERE   T1.C_BK_GROUP_ID = 'CSBANK'  AND (( T1.C_UNIT_CODE = 'C010897'  AND  T1.C_PRODUCT_ID IN ('FHS0YffwVNuA','P19080800000','P19080800001','P19080800002','P20030600000','epF3a6u4ZGAt') )) AND (T1.C2A_STATUS IN ('Issued', 'Amended', 'Beneficiary rejected', 'Discrepancies rejected_fully authorized', 'Settled') AND T1.C_MODULE = 'IMLC' OR T1.CURRNT_STATUS IN ('Issued', 'Amended', 'Detrimental Amendment', 'Beneficiary Consent', 'Beneficiary Rejected', 'Document Presentation', 'Document Presentation', 'Settlement', 'Settled') AND T1.C_MODULE = 'EXCO' OR T1.C2A_STATUS IN ('Settled', 'Amendment_fully authorized', '') AND T1.C_MODULE = 'EXLC' OR T1.C_FUNC_ID IN ('F05030700899', 'F05030700901', 'F05030700908') AND T1.C2A_STATUS = 'Fully authorized' AND T1.C_MODULE = 'EXLC' OR T1.C_MODULE = 'FADA' OR T1.C_MODULE = 'FAEF') AND T1.C_TRX_STATUS IN ('M', 'A', 'S') AND T1.C_TRX_ID NOT IN (SELECT C_TRX_ID FROM CETRX.TRX_USER_DISMISS WHERE C_USER_ID = 'C010897MCM1' AND C_GRP_CODE = 'C010897') AND (T1.C_MODULE = 'IMLC' OR T1.C_MODULE = 'EXLC' OR T1.C_MODULE = 'FADA' OR T1.C_MODULE = 'FAEF')
---------------------- End 2026-07-12 21:01:16 646 ------------------------
 [end]

[start] [INFO] [2026-07-12 21:01:16.655] [C010897_C010897MCM1] 
---------------------Begin 2026-07-12 21:01:16 650    CREATE_BU:C010897    CREATE_BY:C010897MCM1 ---------------------
[01]  [Id=C2A_Drafts]  SELECT COUNT(*) FROM (SELECT DISTINCT T1.C_BK_GROUP_ID, T1.C_MAIN_REF, T1.C_TRX_REF, T1.C_UNIT_CODE, T1.PARENT_MAIN_REF, T1.C_TRX_STATUS, T1.I_EVENT_TIMES, T1.C_MODULE, T1.C_FUNC_ID, T1.C_PRODUCT_ID, T1.C_TRX_ID, T3.C_LOCKED_FLAG, T3.C_LOCKED_OP, T3.C_USER_DESC, T1.D_SYS_OP_DATE, T1.T_SYS_OP_TIME, T1.C2A_CCY, T1.C2A_AMOUNT, T1.C2A_COUNTERPARTY FROM CETRX.TRX_INBOX T1 LEFT JOIN CETRX.TRX_NEXT_FUNC T2 ON T1.C_PRODUCT_ID = T2.C_PRODUCT_ID AND T1.C_TRX_STATUS = T2.C_TRX_STATUS LEFT JOIN CETRX.TRX_LOCK_INFO T3 ON T1.C_MAIN_REF = T3.C_MAIN_REF AND T1.C_UNIT_CODE = T3.C_UNIT_CODE WHERE   T1.C_BK_GROUP_ID = 'CSBANK'  AND (( T1.C_UNIT_CODE = 'C010897'  AND  T1.C_PRODUCT_ID IN ('FHS0YffwVNuA','P19080800000','P19080800001','P19080800002','P20030600000','epF3a6u4ZGAt') )) AND (T2.C_NEXT_FUNC_ID IN (SELECT C_FUNC_ID FROM CEUSER.SEC_OP_FUNC WHERE C_USER_ID = 'C010897MCM1' AND C_GRP_CODE = 'C010897' AND C_UNIT_CODE = T1.C_UNIT_CODE) OR T2.C_NEXT_FUNC_ID IN (SELECT C_FUNC_ID FROM CEUSER.SEC_OP_FUNC WHERE C_GRP_CODE = 'C010897' AND C_USER_ID IN (SELECT C_ROLE_ID FROM CEUSER.SEC_USER_ROLE WHERE C_USER_ID = 'C010897MCM1' AND C_GRP_CODE = 'C010897') AND C_UNIT_CODE = T1.C_UNIT_CODE)) AND T1.C_TRX_STATUS = 'Z' AND T1.C_TRX_ID NOT IN (SELECT C_TRX_ID FROM CETRX.TRX_USER_DISMISS WHERE C_USER_ID = 'C010897MCM1' AND C_GRP_CODE = 'C010897') AND (T1.C_MODULE = 'IMLC' OR T1.C_MODULE = 'EXLC' OR T1.C_MODULE = 'FAEF' OR T1.C_MODULE = 'FADA' OR T1.C_MODULE = 'ABLF') ORDER BY T1.D_SYS_OP_DATE DESC, T1.T_SYS_OP_TIME DESC)
---------------------- End 2026-07-12 21:01:16 654 ------------------------
 [end]

[start] [INFO] [2026-07-12 21:01:16.670] [C010897_C010897MCM1] 
---------------------Begin 2026-07-12 21:01:16 631    CREATE_BU:C010897    CREATE_BY:C010897MCM1 ---------------------
[01]  SELECT C_FUNC_ID,C_MODULE FROM CETRX.TRX_ACT_LOG WHERE C_FUNC_ID IS NOT NULL AND C_UNIT_CODE = 'C010897' AND C_USER_ID = 'C010897MCM1' AND D_SYS_OP_DATE BETWEEN TO_DATE('2026-06-12','yyyy-MM-dd') AND TO_DATE('2026-07-12','yyyy-MM-dd') ORDER BY D_SYS_OP_DATE DESC,T_SYS_OP_TIME DESC
---------------------- End 2026-07-12 21:01:16 669 ------------------------
 [end]

[start] [INFO] [2026-07-12 21:01:16.706] [C010897_C010897MCM1] 
---------------------Begin 2026-07-12 21:01:16 696    CREATE_BU:C010897    CREATE_BY:C010897MCM1 ---------------------
[01]  SELECT C_AUTH_RULE FROM CEUSER.SEC_USER_INFO WHERE C_BK_GROUP_ID = 'CSBANK' AND C_UNIT_CODE = 'C010897' AND C_USER_ID = 'C010897MCM1' 
---------------------- End 2026-07-12 21:01:16 705 ------------------------
 [end]

[start] [INFO] [2026-07-12 21:01:16.709] [C010897_C010897MCM1] 
---------------------Begin 2026-07-12 21:01:16 707    CREATE_BU:C010897    CREATE_BY:C010897MCM1 ---------------------
[01]  SELECT C_AUTH_RULE FROM CEUSER.SEC_BUSINESS_UNIT WHERE C_BK_GROUP_ID = 'CSBANK' AND C_UNIT_CODE = 'C010897' 
---------------------- End 2026-07-12 21:01:16 708 ------------------------
 [end]

[start] [INFO] [2026-07-12 21:01:16.813] [C010897_C010897MCM1] 
---------------------Begin 2026-07-12 21:01:16 811    CREATE_BU:C010897    CREATE_BY:C010897MCM1 ---------------------
[01]  SELECT C_INACTIVE FROM CEUSER.SEC_USER_INFO WHERE C_USER_ID = 'C010897MCM1' AND C_UNIT_CODE = 'C010897' 
---------------------- End 2026-07-12 21:01:16 812 ------------------------
 [end]

[start] [INFO] [2026-07-12 21:01:16.821] [C010897_C010897MCM1] 
---------------------Begin 2026-07-12 21:01:16 819    CREATE_BU:C010897    CREATE_BY:C010897MCM1 ---------------------
[01]  SELECT A.C_REPORT_ID,A.C_GRP_CODE,A.C_USER_ID,A.T_PIN_DATE,B.C_SOURCE_REPORT,B.C_REPORT_NAME,B.T_UPDATE_DATE,C.C_USER_DESC FROM CETRX.TRX_USER_REPORT_PIN A LEFT JOIN CETRX.TRX_USER_REPORT B ON A.C_REPORT_ID = B.C_REPORT_ID  LEFT JOIN CEUSER.SEC_USER_INFO C ON A.C_GRP_CODE = C.C_UNIT_CODE AND A.C_USER_ID = C.C_USER_ID  WHERE  A.C_GRP_CODE = 'C010897'  AND  A.C_USER_ID = 'C010897MCM1'  ORDER BY B.T_UPDATE_DATE DESC
---------------------- End 2026-07-12 21:01:16 820 ------------------------
 [end]

[start] [INFO] [2026-07-12 21:01:16.823] [C010897_C010897MCM1] 
---------------------Begin 2026-07-12 21:01:16 821    CREATE_BU:C010897    CREATE_BY:C010897MCM1 ---------------------
[01]  SELECT C_INACTIVE FROM CEUSER.SEC_USER_INFO WHERE C_USER_ID = 'C010897MCM1' AND C_UNIT_CODE = 'C010897' 
---------------------- End 2026-07-12 21:01:16 822 ------------------------
 [end]

[start] [INFO] [2026-07-12 21:01:16.843] [C010897_C010897MCM1] 
---------------------Begin 2026-07-12 21:01:16 840    CREATE_BU:C010897    CREATE_BY:C010897MCM1 ---------------------
[01]  SELECT FA_DOC_DUE_DT AS GROUP_DATE, COUNT(*) AS ASCOUNT FROM (SELECT C_PRODUCT_ID, C_MAIN_REF, C_CUST_ID, C_TRX_REF, I_EVENT_TIMES, C_BK_GROUP_ID, C_UNIT_CODE, FA_SEL_NM, FA_BUYER_NM, FA_DOC_CCY, FA_DOC_AMT, AUTH_AMT, AUTH_CCY, PARENT_MAIN_REF, FA_DOC_DT, FA_DOC_DUE_DT, CURRNT_STATUS, C_TRX_STATUS, D_CREA_DATE, D_RELE_DATE, C_FUNC_ID, C_EVENT_NAME, C_EVENT_STATUS, C_NOW_EVENT, C_LOCKED_FLAG, C_LOCKED_OP, C_RELE_BY FROM CETRX.FAEF_EM_INV WHERE   C_BK_GROUP_ID = 'CSBANK'  AND (( C_UNIT_CODE = 'C010897'  AND  C_PRODUCT_ID = 'P19080800001' )) AND C_TRX_STATUS IN ('P', 'A', 'T', 'R', 'M') AND FA_DOC_DUE_DT >= TO_DATE('2026-01-01', 'YYYY-MM-DD') AND FA_DOC_DUE_DT <= TO_DATE('2026-12-31', 'YYYY-MM-DD') ) TEMP_TABLE GROUP BY FA_DOC_DUE_DT
---------------------- End 2026-07-12 21:01:16 842 ------------------------
 [end]

[start] [INFO] [2026-07-12 21:01:16.853] [C010897_C010897MCM1] 
---------------------Begin 2026-07-12 21:01:16 851    CREATE_BU:C010897    CREATE_BY:C010897MCM1 ---------------------
[01]  SELECT C_INACTIVE FROM CEUSER.SEC_USER_INFO WHERE C_USER_ID = 'C010897MCM1' AND C_UNIT_CODE = 'C010897' 
---------------------- End 2026-07-12 21:01:16 852 ------------------------
 [end]

[start] [INFO] [2026-07-12 21:01:16.861] [C010897_C010897MCM1] 
---------------------Begin 2026-07-12 21:01:16 859    CREATE_BU:C010897    CREATE_BY:C010897MCM1 ---------------------
[01]  SELECT C_CRITERIA_DATA,C_TMPL_NAME,C_IS_DEFAULT FROM CETRX.STD_SEARCH_CRITERIA  WHERE  C_UNIT_CODE = 'C010897'  AND  C_USER_ID = 'C010897MCM1'  AND  C_CATA_ID = 'C2A_InProgress_Maker'  AND  C_BK_GROUP_ID = 'CSBANK'  AND  I_CRITERIA_TYPE = 4 
---------------------- End 2026-07-12 21:01:16 860 ------------------------
 [end]

[start] [INFO] [2026-07-12 21:01:16.904] [C010897_C010897MCM1] 
---------------------Begin 2026-07-12 21:01:16 901    CREATE_BU:C010897    CREATE_BY:C010897MCM1 ---------------------
[01]  SELECT C_UNIT_CODE,C_UNIT_NAME FROM CEUSER.SEC_BUSINESS_UNIT WHERE C_UNIT_CODE = 'C010897' 
---------------------- End 2026-07-12 21:01:16 902 ------------------------
 [end]

[start] [INFO] [2026-07-12 21:01:17.267] [C010897_C010897MCM1] 
---------------------Begin 2026-07-12 21:01:17 263    CREATE_BU:C010897    CREATE_BY:C010897MCM1 ---------------------
[01]  SELECT C_INACTIVE FROM CEUSER.SEC_USER_INFO WHERE C_USER_ID = 'C010897MCM1' AND C_UNIT_CODE = 'C010897' 
---------------------- End 2026-07-12 21:01:17 265 ------------------------
 [end]

[start] [INFO] [2026-07-12 21:01:17.281] [C010897_C010897MCM1] 
---------------------Begin 2026-07-12 21:01:17 273    CREATE_BU:C010897    CREATE_BY:C010897MCM1 ---------------------
[01]  [Id=C2A_InProgress_Maker]  SELECT T1.C_BK_GROUP_ID, T1.C_MAIN_REF, T1.C_TRX_REF, T1.C_UNIT_CODE, T1.PARENT_MAIN_REF, T1.C_TRX_STATUS, T1.CURRNT_STATUS, (CASE WHEN T1.C_MODULE = 'FADA' OR T1.C_MODULE = 'FAEF' THEN T1.C_TRX_STATUS ELSE T1.C2A_STATUS END) C2A_STATUS, T1.I_EVENT_TIMES, T1.C_MODULE, T1.C_FUNC_ID, T1.C_PRODUCT_ID, T1.C_TRX_ID, T3.C_LOCKED_FLAG, T3.C_LOCKED_OP, T3.C_USER_DESC, T1.D_SYS_OP_DATE, T1.T_SYS_OP_TIME, T1.C2A_CCY, T1.C2A_AMOUNT, T1.C2A_COUNTERPARTY FROM CETRX.TRX_INBOX T1 LEFT JOIN CETRX.TRX_LOCK_INFO T3 ON T1.C_MAIN_REF = T3.C_MAIN_REF AND T1.C_UNIT_CODE = T3.C_UNIT_CODE WHERE   T1.C_BK_GROUP_ID = 'CSBANK'  AND (( T1.C_UNIT_CODE = 'C010897'  AND  T1.C_PRODUCT_ID IN ('FHS0YffwVNuA','P19080800000','P19080800001','P19080800002','P20030600000','epF3a6u4ZGAt') )) AND (T1.C_TRX_STATUS IN ('P', 'T', 'A', 'S') AND (T1.C_MODULE = 'IMLC' OR T1.C_MODULE = 'EXLC' OR T1.C_MODULE = 'FAEF' OR T1.C_MODULE = 'FADA' OR T1.C_MODULE = 'ABLF') AND T1.C2A_STATUS NOT IN ('Discrepancies rejected_fully authorized') OR T1.C_TRX_STATUS = 'M' AND (T1.C_MODULE = 'IMLC' AND T1.C2A_STATUS NOT IN ('Issued', 'Amended', 'Beneficiary rejected', 'Settled') OR T1.C_MODULE = 'EXCO' AND T1.CURRNT_STATUS NOT IN ('Payment Advice') OR T1.C_MODULE = 'EXLC' AND T1.CURRNT_STATUS NOT IN ('Settled', 'Advise Received', 'Amendment Received', 'Docment Received') OR T1.C_MODULE = 'FAEF' AND T1.CURRNT_STATUS NOT IN ('Settled', 'Advise Received') OR T1.C_MODULE = 'FADA' AND T1.CURRNT_STATUS NOT IN ('Settled', 'Advise Received') OR T1.C_MODULE = 'ABLF' AND T1.CURRNT_STATUS NOT IN ('Settled', 'Advise Received'))) AND T1.C_TRX_ID NOT IN (SELECT C_TRX_ID FROM CETRX.TRX_USER_DISMISS WHERE C_USER_ID = 'C010897MCM1' AND C_GRP_CODE = 'C010897') AND (T1.C_MODULE = 'IMLC' OR T1.C_MODULE = 'EXLC' OR T1.C_MODULE = 'FAEF' OR T1.C_MODULE = 'FADA' OR T1.C_MODULE = 'ABLF') ORDER BY T1.D_SYS_OP_DATE DESC, T1.T_SYS_OP_TIME DESC
---------------------- End 2026-07-12 21:01:17 280 ------------------------
 [end]

[start] [INFO] [2026-07-12 21:01:17.320] [C010897_C010897MCM1] 
---------------------Begin 2026-07-12 21:01:17 318    CREATE_BU:C010897    CREATE_BY:C010897MCM1 ---------------------
[01]  SELECT C_UNIT_CODE,C_UNIT_NAME FROM CEUSER.SEC_BUSINESS_UNIT WHERE C_UNIT_CODE = 'C010897' 
---------------------- End 2026-07-12 21:01:17 319 ------------------------
 [end]

[start] [INFO] [2026-07-12 21:01:17.327] [C010897_C010897MCM1] 
---------------------Begin 2026-07-12 21:01:17 325    CREATE_BU:C010897    CREATE_BY:C010897MCM1 ---------------------
[01]  SELECT C_CRITERIA_DATA,C_TMPL_NAME,C_IS_DEFAULT FROM CETRX.STD_SEARCH_CRITERIA  WHERE  C_UNIT_CODE = 'C010897'  AND  C_USER_ID = 'C010897MCM1'  AND  C_CATA_ID = 'C2A_InProgress_Maker'  AND  C_BK_GROUP_ID = 'CSBANK'  AND  I_CRITERIA_TYPE = 4 
---------------------- End 2026-07-12 21:01:17 326 ------------------------
 [end]

[start] [INFO] [2026-07-12 21:01:18.657] [C010897_C010897MCM1] 
---------------------Begin 2026-07-12 21:01:18 653    CREATE_BU:C010897    CREATE_BY:C010897MCM1 ---------------------
[01]  SELECT C_INACTIVE FROM CEUSER.SEC_USER_INFO WHERE C_USER_ID = 'C010897MCM1' AND C_UNIT_CODE = 'C010897' 
---------------------- End 2026-07-12 21:01:18 654 ------------------------
 [end]

[start] [INFO] [2026-07-12 21:01:18.657] [C010897_C010897MCM1] 
---------------------Begin 2026-07-12 21:01:18 653    CREATE_BU:C010897    CREATE_BY:C010897MCM1 ---------------------
[01]  SELECT C_INACTIVE FROM CEUSER.SEC_USER_INFO WHERE C_USER_ID = 'C010897MCM1' AND C_UNIT_CODE = 'C010897' 
---------------------- End 2026-07-12 21:01:18 655 ------------------------
 [end]

[start] [INFO] [2026-07-12 21:01:18.670] [C010897_C010897MCM1] 
---------------------Begin 2026-07-12 21:01:18 667    CREATE_BU:C010897    CREATE_BY:C010897MCM1 ---------------------
[01]  SELECT DISTINCT C_WIDGET_NAME FROM CEUSER.SEC_WIDGETS_V2_LIST  WHERE  C_IS_ACTIVE = 'Y'  AND  C_ROLE_NAME IN ('MAKER')  ORDER BY  C_WIDGET_NAME 
---------------------- End 2026-07-12 21:01:18 669 ------------------------
 [end]

[start] [INFO] [2026-07-12 21:01:18.672] [C010897_C010897MCM1] 
---------------------Begin 2026-07-12 21:01:18 669    CREATE_BU:C010897    CREATE_BY:C010897MCM1 ---------------------
[01]  SELECT DISTINCT C_WIDGET_NAME FROM CEUSER.SEC_WIDGETS_V2_LIST  WHERE  C_IS_ACTIVE = 'Y'  AND  C_ROLE_NAME IN ('MAKER')  ORDER BY  C_WIDGET_NAME 
---------------------- End 2026-07-12 21:01:18 670 ------------------------
 [end]

[start] [INFO] [2026-07-12 21:01:18.680] [C010897_C010897MCM1] 
---------------------Begin 2026-07-12 21:01:18 674    CREATE_BU:C010897    CREATE_BY:C010897MCM1 ---------------------
[01]  SELECT TAB.C_TAB_ID,TAB.C_TAB_NAME,TAB.I_TAB_SEQUENCE FROM CEUSER.SEC_WIDGETS_V2_TABS TAB LEFT JOIN CEUSER.SEC_WIDGETS_V2_LAYOUT LYT ON (TAB.C_TAB_ID = LYT.C_TAB_ID AND  TAB.C_UNIT_CODE = LYT.C_UNIT_CODE AND TAB.C_USER_ID = LYT.C_USER_ID )    WHERE  TAB.C_UNIT_CODE = 'C010897'  AND  TAB.C_USER_ID = 'C010897MCM1'  AND  LYT.C_PAGE_NAME = 'analytics'  ORDER BY  TAB.I_TAB_SEQUENCE ASC 
---------------------- End 2026-07-12 21:01:18 678 ------------------------
 [end]

[start] [INFO] [2026-07-12 21:01:18.685] [C010897_C010897MCM1] 
---------------------Begin 2026-07-12 21:01:18 682    CREATE_BU:C010897    CREATE_BY:C010897MCM1 ---------------------
[01]  SELECT TAB.C_TAB_ID,TAB.C_TAB_NAME,TAB.I_TAB_SEQUENCE,LYT.C_LAYOUT_INFO FROM CEUSER.SEC_WIDGETS_V2_TABS TAB LEFT JOIN CEUSER.SEC_WIDGETS_V2_LAYOUT LYT ON (TAB.C_TAB_ID = LYT.C_TAB_ID AND  TAB.C_UNIT_CODE = LYT.C_UNIT_CODE AND TAB.C_USER_ID = LYT.C_USER_ID )    WHERE  TAB.C_UNIT_CODE = 'C010897'  AND  TAB.C_USER_ID = 'C010897MCM1'  AND  LYT.C_PAGE_NAME = 'analytics'  ORDER BY  TAB.I_TAB_SEQUENCE ASC 
---------------------- End 2026-07-12 21:01:18 685 ------------------------
 [end]

[start] [INFO] [2026-07-12 21:01:18.694] [C010897_C010897MCM1] 
---------------------Begin 2026-07-12 21:01:18 689    CREATE_BU:C010897    CREATE_BY:C010897MCM1 ---------------------
[01]  SELECT C_INST_CONFIG FROM CEUSER.SEC_WIDGETS_V2_INST_CONFIG  WHERE  C_INST_ID = '8A8284979F4A3FB0019F4A609F2100A1'  AND  C_UNIT_CODE = 'C010897'  AND  C_USER_ID = 'C010897MCM1' 
---------------------- End 2026-07-12 21:01:18 692 ------------------------
 [end]

[start] [INFO] [2026-07-12 21:01:18.701] [C010897_C010897MCM1] 
---------------------Begin 2026-07-12 21:01:18 697    CREATE_BU:C010897    CREATE_BY:C010897MCM1 ---------------------
[01]  SELECT C_INST_CONFIG FROM CEUSER.SEC_WIDGETS_V2_INST_CONFIG  WHERE  C_INST_ID = '8A8284979F4A3FB0019F4A609F2100A1'  AND  C_UNIT_CODE = 'C010897'  AND  C_USER_ID = 'C010897MCM1' 
---------------------- End 2026-07-12 21:01:18 699 ------------------------
 [end]

[start] [INFO] [2026-07-12 21:01:18.711] [C010897_C010897MCM1] 
---------------------Begin 2026-07-12 21:01:18 707    CREATE_BU:C010897    CREATE_BY:C010897MCM1 ---------------------
[01]  SELECT C_INST_CONFIG FROM CEUSER.SEC_WIDGETS_V2_INST_CONFIG  WHERE  C_INST_ID = '8A8284979F4A3FB0019F4A6263AF00A3'  AND  C_UNIT_CODE = 'C010897'  AND  C_USER_ID = 'C010897MCM1' 
---------------------- End 2026-07-12 21:01:18 709 ------------------------
 [end]

[start] [INFO] [2026-07-12 21:01:18.718] [C010897_C010897MCM1] 
---------------------Begin 2026-07-12 21:01:18 714    CREATE_BU:C010897    CREATE_BY:C010897MCM1 ---------------------
[01]  SELECT C_INST_CONFIG FROM CEUSER.SEC_WIDGETS_V2_INST_CONFIG  WHERE  C_INST_ID = '8A8284979F4A3FB0019F4A6263AF00A3'  AND  C_UNIT_CODE = 'C010897'  AND  C_USER_ID = 'C010897MCM1' 
---------------------- End 2026-07-12 21:01:18 716 ------------------------
 [end]

[start] [INFO] [2026-07-12 21:01:18.855] [C010897_C010897MCM1] 
---------------------Begin 2026-07-12 21:01:18 852    CREATE_BU:C010897    CREATE_BY:C010897MCM1 ---------------------
[01]  SELECT C_INACTIVE FROM CEUSER.SEC_USER_INFO WHERE C_USER_ID = 'C010897MCM1' AND C_UNIT_CODE = 'C010897' 
---------------------- End 2026-07-12 21:01:18 854 ------------------------
 [end]

[start] [INFO] [2026-07-12 21:01:18.856] [C010897_C010897MCM1] 
---------------------Begin 2026-07-12 21:01:18 852    CREATE_BU:C010897    CREATE_BY:C010897MCM1 ---------------------
[01]  SELECT C_INACTIVE FROM CEUSER.SEC_USER_INFO WHERE C_USER_ID = 'C010897MCM1' AND C_UNIT_CODE = 'C010897' 
---------------------- End 2026-07-12 21:01:18 854 ------------------------
 [end]

[start] [INFO] [2026-07-12 21:01:18.869] [C010897_C010897MCM1] 
---------------------Begin 2026-07-12 21:01:18 865    CREATE_BU:C010897    CREATE_BY:C010897MCM1 ---------------------
[01]  SELECT C_INST_CONFIG FROM CEUSER.SEC_WIDGETS_V2_INST_CONFIG WHERE C_USER_ID = 'C010897MCM1' AND C_UNIT_CODE = 'C010897' AND C_INST_ID = '8A8284979F4A3FB0019F4A609F2100A1' 
---------------------- End 2026-07-12 21:01:18 867 ------------------------
 [end]

[start] [INFO] [2026-07-12 21:01:18.869] [C010897_C010897MCM1] 
---------------------Begin 2026-07-12 21:01:18 866    CREATE_BU:C010897    CREATE_BY:C010897MCM1 ---------------------
[01]  SELECT C_INST_CONFIG FROM CEUSER.SEC_WIDGETS_V2_INST_CONFIG WHERE C_USER_ID = 'C010897MCM1' AND C_UNIT_CODE = 'C010897' AND C_INST_ID = '8A8284979F4A3FB0019F4A609F2100A1' 
---------------------- End 2026-07-12 21:01:18 868 ------------------------
 [end]

[start] [INFO] [2026-07-12 21:01:18.875] [C010897_C010897MCM1] 
---------------------Begin 2026-07-12 21:01:18 872    CREATE_BU:C010897    CREATE_BY:C010897MCM1 ---------------------
[01]  SELECT C_UNIT_CODE,C_UNIT_NAME FROM CEUSER.SEC_BUSINESS_UNIT WHERE C_UNIT_CODE = 'C010897' 
---------------------- End 2026-07-12 21:01:18 873 ------------------------
 [end]

[start] [INFO] [2026-07-12 21:01:18.883] [C010897_C010897MCM1] 
---------------------Begin 2026-07-12 21:01:18 878    CREATE_BU:C010897    CREATE_BY:C010897MCM1 ---------------------
[01]  SELECT DISTINCT FA_COUNTER_NM AS COUNTERPARTY  FROM CETRX.FADA_EM_BSR WHERE  C_UNIT_CODE IN ('C010897')  AND FA_LMT_AMT>0
---------------------- End 2026-07-12 21:01:18 881 ------------------------
 [end]

[start] [INFO] [2026-07-12 21:01:18.891] [C010897_C010897MCM1] 
---------------------Begin 2026-07-12 21:01:18 887    CREATE_BU:C010897    CREATE_BY:C010897MCM1 ---------------------
[01]  SELECT C_INACTIVE FROM CEUSER.SEC_USER_INFO WHERE C_USER_ID = 'C010897MCM1' AND C_UNIT_CODE = 'C010897' 
---------------------- End 2026-07-12 21:01:18 888 ------------------------
 [end]

[start] [INFO] [2026-07-12 21:01:18.896] [C010897_C010897MCM1] 
---------------------Begin 2026-07-12 21:01:18 894    CREATE_BU:C010897    CREATE_BY:C010897MCM1 ---------------------
[01]  SELECT C_INACTIVE FROM CEUSER.SEC_USER_INFO WHERE C_USER_ID = 'C010897MCM1' AND C_UNIT_CODE = 'C010897' 
---------------------- End 2026-07-12 21:01:18 895 ------------------------
 [end]

[start] [INFO] [2026-07-12 21:01:18.902] [C010897_C010897MCM1] 
---------------------Begin 2026-07-12 21:01:18 873    CREATE_BU:C010897    CREATE_BY:C010897MCM1 ---------------------
[01]  SELECT 'SCF' AS PRODUCT, 'SBR' AS SUBPRODUCT, 'SBR' AS VALUENAME,EXTRACT(YEAR FROM FA_TRX_DT) AS YEAR,TO_CHAR(FA_TRX_DT,'MM') AS MONTH,FA_COUNTER_NM AS STACKFIELD,SUM(FA_LMT_AMT) AS TOTAL,FA_LMT_CCY AS CCY,COUNT(*) AS ASCOUNT FROM CETRX.FADA_EM_BSR WHERE  C_UNIT_CODE IN ('C010897')  AND FA_LMT_AMT>0 GROUP BY EXTRACT(YEAR FROM FA_TRX_DT),TO_CHAR(FA_TRX_DT,'MM'),FA_COUNTER_NM,FA_LMT_CCY
---------------------- End 2026-07-12 21:01:18 900 ------------------------
 [end]

[start] [INFO] [2026-07-12 21:01:18.909] [C010897_C010897MCM1] 
---------------------Begin 2026-07-12 21:01:18 906    CREATE_BU:C010897    CREATE_BY:C010897MCM1 ---------------------
[01]  SELECT C_INST_CONFIG FROM CEUSER.SEC_WIDGETS_V2_INST_CONFIG WHERE C_USER_ID = 'C010897MCM1' AND C_UNIT_CODE = 'C010897' AND C_INST_ID = '8A8284979F4A3FB0019F4A6263AF00A3' 
---------------------- End 2026-07-12 21:01:18 908 ------------------------
 [end]

[start] [INFO] [2026-07-12 21:01:18.910] [C010897_C010897MCM1] 
---------------------Begin 2026-07-12 21:01:18 906    CREATE_BU:C010897    CREATE_BY:C010897MCM1 ---------------------
[01]  SELECT C_INST_CONFIG FROM CEUSER.SEC_WIDGETS_V2_INST_CONFIG WHERE C_USER_ID = 'C010897MCM1' AND C_UNIT_CODE = 'C010897' AND C_INST_ID = '8A8284979F4A3FB0019F4A6263AF00A3' 
---------------------- End 2026-07-12 21:01:18 908 ------------------------
 [end]

[start] [INFO] [2026-07-12 21:01:18.914] [C010897_C010897MCM1] 
---------------------Begin 2026-07-12 21:01:18 912    CREATE_BU:C010897    CREATE_BY:C010897MCM1 ---------------------
[01]  SELECT C_UNIT_CODE,C_UNIT_NAME FROM CEUSER.SEC_BUSINESS_UNIT WHERE C_UNIT_CODE = 'C010897' 
---------------------- End 2026-07-12 21:01:18 913 ------------------------
 [end]

[start] [INFO] [2026-07-12 21:01:18.921] [C010897_C010897MCM1] 
---------------------Begin 2026-07-12 21:01:18 917    CREATE_BU:C010897    CREATE_BY:C010897MCM1 ---------------------
[01]  SELECT DISTINCT FA_COUNTER_NM AS COUNTERPARTY  FROM CETRX.FAEF_EM_INV WHERE  C_UNIT_CODE IN ('C010897')  AND FA_DOC_AMT>0
---------------------- End 2026-07-12 21:01:18 919 ------------------------
 [end]

[start] [INFO] [2026-07-12 21:01:18.927] [C010897_C010897MCM1] 
---------------------Begin 2026-07-12 21:01:18 913    CREATE_BU:C010897    CREATE_BY:C010897MCM1 ---------------------
[01]  SELECT 'SCF' AS PRODUCT, 'Invoice' AS SUBPRODUCT, 'Amount' AS VALUENAME,FA_DOC_STATUS AS GROUPFIELD,COUNT(*) AS ASCOUNT FROM CETRX.FAEF_EM_INV WHERE  C_UNIT_CODE IN ('C010897')  AND FA_DOC_AMT>0 GROUP BY FA_DOC_STATUS
---------------------- End 2026-07-12 21:01:18 926 ------------------------
 [end]

[start] [INFO] [2026-07-12 21:01:34.746] [C010897_C010897MCM1] 
---------------------Begin 2026-07-12 21:01:34 743    CREATE_BU:C010897    CREATE_BY:C010897MCM1 ---------------------
[01]  SELECT C_INACTIVE FROM CEUSER.SEC_USER_INFO WHERE C_USER_ID = 'C010897MCM1' AND C_UNIT_CODE = 'C010897' 
---------------------- End 2026-07-12 21:01:34 744 ------------------------
 [end]

[start] [INFO] [2026-07-12 21:01:34.746] [C010897_C010897MCM1] 
---------------------Begin 2026-07-12 21:01:34 743    CREATE_BU:C010897    CREATE_BY:C010897MCM1 ---------------------
[01]  SELECT C_INACTIVE FROM CEUSER.SEC_USER_INFO WHERE C_USER_ID = 'C010897MCM1' AND C_UNIT_CODE = 'C010897' 
---------------------- End 2026-07-12 21:01:34 744 ------------------------
 [end]

[start] [INFO] [2026-07-12 21:01:34.756] [C010897_C010897MCM1] 
---------------------Begin 2026-07-12 21:01:34 754    CREATE_BU:C010897    CREATE_BY:C010897MCM1 ---------------------
[01]  SELECT C_INST_CONFIG FROM CEUSER.SEC_WIDGETS_V2_INST_CONFIG WHERE C_USER_ID = 'C010897MCM1' AND C_UNIT_CODE = 'C010897' AND C_INST_ID = '8A8284979F4A3FB0019F4A6263AF00A3' 
---------------------- End 2026-07-12 21:01:34 755 ------------------------
 [end]

[start] [INFO] [2026-07-12 21:01:34.756] [C010897_C010897MCM1] 
---------------------Begin 2026-07-12 21:01:34 754    CREATE_BU:C010897    CREATE_BY:C010897MCM1 ---------------------
[01]  SELECT C_INST_CONFIG FROM CEUSER.SEC_WIDGETS_V2_INST_CONFIG WHERE C_USER_ID = 'C010897MCM1' AND C_UNIT_CODE = 'C010897' AND C_INST_ID = '8A8284979F4A3FB0019F4A6263AF00A3' 
---------------------- End 2026-07-12 21:01:34 755 ------------------------
 [end]

[start] [INFO] [2026-07-12 21:01:34.761] [C010897_C010897MCM1] 
---------------------Begin 2026-07-12 21:01:34 758    CREATE_BU:C010897    CREATE_BY:C010897MCM1 ---------------------
[01]  SELECT C_UNIT_CODE,C_UNIT_NAME FROM CEUSER.SEC_BUSINESS_UNIT WHERE C_UNIT_CODE = 'C010897' 
---------------------- End 2026-07-12 21:01:34 760 ------------------------
 [end]

[start] [INFO] [2026-07-12 21:01:34.766] [C010897_C010897MCM1] 
---------------------Begin 2026-07-12 21:01:34 764    CREATE_BU:C010897    CREATE_BY:C010897MCM1 ---------------------
[01]  SELECT DISTINCT FA_COUNTER_NM AS COUNTERPARTY  FROM CETRX.FAEF_EM_INV WHERE  C_UNIT_CODE IN ('C010897')  AND FA_DOC_AMT>0
---------------------- End 2026-07-12 21:01:34 765 ------------------------
 [end]

[start] [INFO] [2026-07-12 21:01:34.774] [C010897_C010897MCM1] 
---------------------Begin 2026-07-12 21:01:34 760    CREATE_BU:C010897    CREATE_BY:C010897MCM1 ---------------------
[01]  SELECT 'SCF' AS PRODUCT, 'Invoice' AS SUBPRODUCT, 'Amount' AS VALUENAME,FA_DOC_STATUS AS GROUPFIELD,COUNT(*) AS ASCOUNT FROM CETRX.FAEF_EM_INV WHERE  C_UNIT_CODE IN ('C010897')  AND FA_DOC_AMT>0 AND  FA_COUNTER_NM = 'C010897nm'  GROUP BY FA_DOC_STATUS
---------------------- End 2026-07-12 21:01:34 773 ------------------------
 [end]

[start] [INFO] [2026-07-12 21:32:59.996] [C010897_C010897MCM1] 
---------------------Begin 2026-07-12 21:32:59 991    CREATE_BU:C010897    CREATE_BY:C010897MCM1 ---------------------
[01]  DELETE FROM CEUSER.SEC_LOGIN_SESSION WHERE C_BK_GROUP_ID = 'CSBANK' AND C_USER_ID = 'C010897MCM1' AND C_UNIT_CODE = 'C010897' AND C_SESSION_ID = 'X3O_ji3UPRVhteGi0WSPfb9' 
---------------------- End 2026-07-12 21:32:59 995 ------------------------
 [end]
