
[start] [DEBUG] [2026-07-12 21:01:15.045] [C010897_C010897MCM1] 
browserLanguage :en [end]

[start] [DEBUG] [2026-07-12 21:01:15.049] [C010897_C010897MCM1] 
acceptLanguage :en-US,en;q=0.9 [end]

[start] [DEBUG] [2026-07-12 21:01:15.050] [C010897_C010897MCM1] 
defaultLanguage :null [end]

[start] [DEBUG] [2026-07-12 21:01:15.053] [C010897_C010897MCM1] 
====request content is: 
    Request Type: Temp
Component : DBHelper
Session Context is: 
com.cs.core.utility.SessionContext@ae902b94
Request Info Type : com.cs.core.dao.exec.SQLDao
Request Info Content is: 
[01]DELETE FROM CEUSER.SEC_LOGIN_SESSION WHERE C_USER_ID = 'C010897MCM1' AND C_UNIT_CODE = 'C010897' AND C_BK_GROUP_ID = 'CSBANK' AND C_SESSION_ID = 'X3O_ji3UPRVhteGi0WSPfb9' 
[02]UPDATE CEUSER.SEC_LOGIN_SESSION SET C_IS_INFORM = 'T' WHERE C_USER_ID = 'C010897MCM1' AND C_UNIT_CODE = 'C010897' AND C_BK_GROUP_ID = 'CSBANK' 
[03]INSERT INTO CEUSER.SEC_LOGIN_SESSION (C_BK_GROUP_ID,C_UNIT_CODE,C_USER_ID,C_SESSION_ID,C_IS_INFORM) VALUES ('CSBANK','C010897','C010897MCM1','X3O_ji3UPRVhteGi0WSPfb9','F')

 [end]

[start] [DEBUG] [2026-07-12 21:01:15.060] [C010897_C010897MCM1] 

------------------ Session ID : X3O_ji3UPRVhteGi0WSPfb9 --------------------

{SS_USER_INFO,userId(C_USER_ID)=C010897MCM1,
userDesc(C_USER_DESC)=C010897MCM1,
userType(I_USER_TYPE)=2,
multiLogin(I_MULTI_LOGIN)=true,
deftUnitCode(C_DFLT_UNIT_CODE)=C010897,
authLevel(I_AUTH_LEVEL)=1,
langVal(C_LANG_VAL)=null,
secType(I_SEC_TYPE)=-1,
tempProtect(C_TMPL_PROTECT)=F,
C_TIMEZONE_ID=null
C_UNIT_CODE=C010897
C_CNTY_CODE=US
C_LANG_NAME=null
C_CHANGE_PSW=F
C_LOGIN_RULE=null
C_AUTH_SET=null
C_PRIVATE_MAIL=cherry.liu@chinasystems.com
C_BK_GROUP_ID=CSBANK
}

{USER_NORMAL_LOGON,Y}

{C_USER_ID,C010897MCM1}

{SS_LOG_INFO,com.cs.core.pojo.buinfo.LogSessionInfo@4903f410}

{SS_CLIENT_INFO,ssoWay(SSO_WAY)=null
ip=10.3.1.53
loginURL=SYS_index.htm
no any attribute}

{SS_FAP_INFO,C010897=
<ci name=C010897>
    <pdt id = FHS0YffwVNuA    authlevel=1>
        <E3o1b6pUPjix/>
        <jnIqGfgOGyM4/>
        <vvdXYVdtu5PO/>
        <yPHXuSVapk8S/>
    </pdt>
    <pdt id = P19080800000    authlevel=1>
        <F05030701189/>
        <F05030701194/>
    </pdt>
    <pdt id = P19080800001    authlevel=1>
        <Fsr5rNiaoOOv/>
        <RhjyIdDgmogc/>
        <YoCV1ozbR97y/>
        <clR0uTsZ0ppf/>
        <eY3rhG3DHWUg/>
        <hhxIhYm59FlX/>
        <lQCbD5Oy9DdC/>
        <oSjl8ADUkzf1/>
        <pE4zoqzrtPMU/>
        <paOx9RzWfE7J/>
        <wBRcPvagnKpt/>
    </pdt>
    <pdt id = P19080800002    authlevel=1>
        <E1eKNgSp5mMA/>
        <F05030701218/>
        <F05030701219/>
        <F05030701222/>
        <Ivyj1dfdlHz8/>
        <bLA4AbFaEARt/>
        <xS38ls1GFYMx/>
    </pdt>
    <pdt id = P20030600000    authlevel=1>
        <F05030701223/>
        <F05030701225/>
    </pdt>
    <pdt id = epF3a6u4ZGAt    authlevel=1>
        <H41mNZC5cwS0/>
        <NRL143n3f1Fb/>
        <O9VURSxMR3jx/>
        <ObwHTXVfZqhv/>
        <RYUNlokSJwnS/>
        <YLhR0dUYVujx/>
        <i6NK4m6dOBhG/>
        <tgFrsDBwNjju/>
    </pdt>
</ci>
}

{C_BUSINESS_UNIT,C010897}

{SS_GRP_INFO,unitCode(C_UNIT_CODE)=C010897,
unitName(C_UNIT_NAME)=C010897nm,
bkGrpId(C_BK_GROUP_ID)=CSBANK,
cntyCode(C_CNTY_CODE)=US,
subCnty(C_SUB_CNTY)=US,
bank(C_IS_BANK)=F,
secType(I_SEC_TYPE)=3
tempProtect(C_TMPL_PROTECT)=F,
C_LANG_NAME=null
I_UNIT_TYPE=1
C_HAVE_AUTH=T
C_LANG_VAL=null
C_BANK_UNIT=null
C_BANK_CODE=null
dualCtrl(C_DUAL_CTRL)=T,
custFmt=decFormat(C_DEC_FORMAT)=.,
intFormat(C_INT_FORMAT)=,,
intFmtLen(I_INT_FMT_LEN)=3,
dateFormat(C_DATE_FORM)=yyyy-mm-dd,
,
}

{isFirstChangeMail,false}

{GLOBAL_REFRESH_TOKEN,1783875675008}

{CSRFKEY,[I@b3aebcb1}

{inActiveComps,[]}

{SS_TREE_ARRAY,[[Ljava.lang.String;@d73f40af}

{CSRFTOKEN,8A8284979F4ACCAA019F5746A37D0880}
 [end]

[start] [DEBUG] [2026-07-12 21:01:15.062] [C010897_C010897MCM1] 
====request content is: 
    Request Type: Temp
Component : DBHelper
Session Context is: 
com.cs.core.utility.SessionContext@ae902b94
Request Info Type : com.cs.core.dao.exec.SQLDao
Request Info Content is: 
[01]INSERT INTO CETRX.TRX_ACT_LOG (C_LOG_ID,C_BK_GROUP_ID,C_CNTY_CODE,C_GRP_CODE,C_UNIT_CODE,C_USER_ID,C_IP_ADDRESS,C_FUNC_ID,D_CREA_DATE,T_CREA_TIME,D_SYS_OP_DATE,T_SYS_OP_TIME,D_SYS_TRT_DATE,T_SYS_TRT_TIME,C_BUSI_KEY) VALUES ('8A8284979F4ACCAA019F5746A3B50881','CSBANK','US','C010897','C010897','C010897MCM1','10.3.1.53','Login','2026-07-12','17:01:15','2026-07-12','17:01:15','2026-07-12','17:01:15','C010897;C010897MCM1')

 [end]

[start] [DEBUG] [2026-07-12 21:01:15.203] [C010897_C010897MCM1] 
The request URI is : /BL6CEWeb/servlets/CELoginAuthorizationManager [end]

[start] [DEBUG] [2026-07-12 21:01:15.204] [C010897_C010897MCM1] 
The URI is :/BL6CEWeb/servlets/CELoginAuthorizationManager [end]

[start] [DEBUG] [2026-07-12 21:01:15.204] [C010897_C010897MCM1] 
The session refresh token in session is : null [end]

[start] [DEBUG] [2026-07-12 21:01:15.652] [C010897_C010897MCM1] 
The request URI is : /BL6CEWeb/SYS_JS/SYS_ErrHandle.js [end]

[start] [DEBUG] [2026-07-12 21:01:15.653] [C010897_C010897MCM1] 
The URI is :/BL6CEWeb/SYS_JS/SYS_ErrHandle.js [end]

[start] [DEBUG] [2026-07-12 21:01:15.654] [C010897_C010897MCM1] 
The session refresh token in session is : null [end]

[start] [DEBUG] [2026-07-12 21:01:15.832] [C010897_C010897MCM1] 
The request URI is : /BL6CEWeb/servlets/WSTrxManager [end]

[start] [DEBUG] [2026-07-12 21:01:15.833] [C010897_C010897MCM1] 
The URI is :/BL6CEWeb/servlets/WSTrxManager [end]

[start] [DEBUG] [2026-07-12 21:01:15.834] [C010897_C010897MCM1] 
The session refresh token in session is : null [end]

[start] [DEBUG] [2026-07-12 21:01:15.836] [C010897_C010897MCM1] 
====request content is: 
    Request Type: Temp
Component : DBHelper
Session Context is: 
com.cs.core.utility.SessionContext@f3163e37
Request Info Type : com.cs.core.dao.exec.SQLDao
Request Info Content is: 
[01]SELECT C_INACTIVE FROM CEUSER.SEC_USER_INFO WHERE C_USER_ID = 'C010897MCM1' AND C_UNIT_CODE = 'C010897' 

 [end]

[start] [DEBUG] [2026-07-12 21:01:15.840] [C010897_C010897MCM1] 
====request content is: 
    Request Type: Temp
Component : DBHelper
Session Context is: 
com.cs.core.utility.SessionContext@f3163e37
Request Info Type : com.cs.core.dao.exec.SQLDao
Request Info Content is: 
[01]SELECT C_IS_INFORM FROM CEUSER.SEC_LOGIN_SESSION WHERE C_SESSION_ID = 'X3O_ji3UPRVhteGi0WSPfb9' 

 [end]

[start] [DEBUG] [2026-07-12 21:01:15.844] [C010897_C010897MCM1] 

------------------ Session ID : X3O_ji3UPRVhteGi0WSPfb9 --------------------

{com.ibm.websphere.servlet.uri_non_decoded,/BL6CEWeb/servlets/WSTrxManager}

{CHECKED_REFRESH,T}

{JSESSIONID,}

{javax.servlet.forward.query_string, 
CSRFTOKEN=L8WA8820a1uci84979FC4etAQCA8WCAA01GM9FZ57WI4hQ6AA37S1D08QCu18E04
_TRX_STATUS=SESSION_LIFE_CYCLE
MOTION_TYPE=INIT
REFRESH_TOKEN=1
AjaxPost=T
}
 [end]

[start] [DEBUG] [2026-07-12 21:01:15.900] [C010897_C010897MCM1] 
The request URI is : /BL6CEWeb/SPA/assets/app.config.json [end]

[start] [DEBUG] [2026-07-12 21:01:15.901] [C010897_C010897MCM1] 
The URI is :/BL6CEWeb/SPA/assets/app.config.json [end]

[start] [DEBUG] [2026-07-12 21:01:15.902] [C010897_C010897MCM1] 
The session refresh token in session is : null [end]

[start] [DEBUG] [2026-07-12 21:01:15.910] [C010897_C010897MCM1] 
====request content is: 
    Request Type: Temp
Component : DBHelper
Session Context is: 
com.cs.core.utility.SessionContext@1cdbdf27
Request Info Type : com.cs.core.dao.exec.SQLDao
Request Info Content is: 
[01]SELECT C_INACTIVE FROM CEUSER.SEC_USER_INFO WHERE C_USER_ID = 'C010897MCM1' AND C_UNIT_CODE = 'C010897' 

 [end]

[start] [DEBUG] [2026-07-12 21:01:15.913] [C010897_C010897MCM1] 
The request URI is : /BL6CEWeb/v1/openapi/mlg/component [end]

[start] [DEBUG] [2026-07-12 21:01:15.913] [C010897_C010897MCM1] 
The URI is :/BL6CEWeb/v1/openapi/mlg/component [end]

[start] [DEBUG] [2026-07-12 21:01:15.914] [C010897_C010897MCM1] 
The session refresh token in session is : null [end]

[start] [DEBUG] [2026-07-12 21:01:16.053] [C010897_C010897MCM1] 
====request content is: 
    Request Type: Temp
Component : DBHelper
Session Context is: 
com.cs.core.utility.SessionContext@ba08e459
Request Info Type : com.cs.core.dao.exec.SQLDao
Request Info Content is: 
[01]SELECT C_INACTIVE FROM CEUSER.SEC_USER_INFO WHERE C_USER_ID = 'C010897MCM1' AND C_UNIT_CODE = 'C010897' 

 [end]

[start] [DEBUG] [2026-07-12 21:01:16.056] [C010897_C010897MCM1] 
The request URI is : /BL6CEWeb/v1/openapi/notice/item/count [end]

[start] [DEBUG] [2026-07-12 21:01:16.056] [C010897_C010897MCM1] 
The URI is :/BL6CEWeb/v1/openapi/notice/item/count [end]

[start] [DEBUG] [2026-07-12 21:01:16.057] [C010897_C010897MCM1] 
The session refresh token in session is : null [end]

[start] [DEBUG] [2026-07-12 21:01:16.060] [C010897_C010897MCM1] 
====request content is: 
    Request Type: Temp
Component : DBHelper
Session Context is: 
com.cs.core.utility.SessionContext@ba08e459
Request Info Type : com.cs.core.dao.exec.SQLDao
Request Info Content is: 
[01]SELECT COUNT(*) AS RECCOUNT FROM CETRX.STD_NOTIFICATION  WHERE C_NOTI_ID IN ( SELECT C_NOTI_ID FROM CETRX.STD_NOTIFICATION_STATUS  WHERE  C_READ_STATUS = 'F'  AND  C_USER_ID = 'C010897MCM1'  AND  C_UNIT_CODE = 'C010897'  )

 [end]

[start] [DEBUG] [2026-07-12 21:01:16.071] [C010897_C010897MCM1] 
====request content is: 
    Request Type: Temp
Component : DBHelper
Session Context is: 
com.cs.core.utility.SessionContext@35acfb7b
Request Info Type : com.cs.core.dao.exec.SQLDao
Request Info Content is: 
[01]SELECT C_INACTIVE FROM CEUSER.SEC_USER_INFO WHERE C_USER_ID = 'C010897MCM1' AND C_UNIT_CODE = 'C010897' 

 [end]

[start] [DEBUG] [2026-07-12 21:01:16.072] [C010897_C010897MCM1] 
====request content is: 
    Request Type: Temp
Component : DBHelper
Session Context is: 
com.cs.core.utility.SessionContext@55bd6fd3
Request Info Type : com.cs.core.dao.exec.SQLDao
Request Info Content is: 
[01]SELECT C_INACTIVE FROM CEUSER.SEC_USER_INFO WHERE C_USER_ID = 'C010897MCM1' AND C_UNIT_CODE = 'C010897' 

 [end]

[start] [DEBUG] [2026-07-12 21:01:16.075] [C010897_C010897MCM1] 
The request URI is : /BL6CEWeb/v1/openapi/user/roles [end]

[start] [DEBUG] [2026-07-12 21:01:16.075] [C010897_C010897MCM1] 
The request URI is : /BL6CEWeb/v1/openapi/services [end]

[start] [DEBUG] [2026-07-12 21:01:16.076] [C010897_C010897MCM1] 
The URI is :/BL6CEWeb/v1/openapi/user/roles [end]

[start] [DEBUG] [2026-07-12 21:01:16.076] [C010897_C010897MCM1] 
The URI is :/BL6CEWeb/v1/openapi/services [end]

[start] [DEBUG] [2026-07-12 21:01:16.078] [C010897_C010897MCM1] 
The session refresh token in session is : null [end]

[start] [DEBUG] [2026-07-12 21:01:16.078] [C010897_C010897MCM1] 
The session refresh token in session is : null [end]

[start] [DEBUG] [2026-07-12 21:01:16.081] [C010897_C010897MCM1] 
====request content is: 
    Request Type: Temp
Component : DBHelper
Session Context is: 
com.cs.core.utility.SessionContext@55bd6fd3
Request Info Type : com.cs.core.dao.exec.SQLDao
Request Info Content is: 
[01]SELECT C_FUNC_ID,T_OP_TIME FROM CETRX.TRX_FAVOR_FUNC  WHERE  C_UNIT_CODE = 'C010897'  AND  C_USER_ID = 'C010897MCM1'  ORDER BY  T_OP_TIME DESC 

 [end]

[start] [DEBUG] [2026-07-12 21:01:16.171] [C010897_C010897MCM1] 
====request content is: 
    Request Type: Temp
Component : DBHelper
Session Context is: 
com.cs.core.utility.SessionContext@b2f75089
Request Info Type : com.cs.core.dao.exec.SQLDao
Request Info Content is: 
[01]SELECT C_INACTIVE FROM CEUSER.SEC_USER_INFO WHERE C_USER_ID = 'C010897MCM1' AND C_UNIT_CODE = 'C010897' 

 [end]

[start] [DEBUG] [2026-07-12 21:01:16.176] [C010897_C010897MCM1] 
The request URI is : /BL6CEWeb/v1/openapi/user/fap/action [end]

[start] [DEBUG] [2026-07-12 21:01:16.178] [C010897_C010897MCM1] 
The URI is :/BL6CEWeb/v1/openapi/user/fap/action [end]

[start] [DEBUG] [2026-07-12 21:01:16.179] [C010897_C010897MCM1] 
The session refresh token in session is : null [end]

[start] [DEBUG] [2026-07-12 21:01:16.184] [C010897_C010897MCM1] 
====request content is: 
    Request Type: Temp
Component : DBHelper
Session Context is: 
com.cs.core.utility.SessionContext@b2f75089
Request Info Type : com.cs.core.dao.exec.SQLDao
Request Info Content is: 
[01]SELECT * FROM CEUSER.SEC_BUSINESS_UNIT WHERE C_UNIT_CODE = 'C010897' 

 [end]

[start] [DEBUG] [2026-07-12 21:01:16.202] [C010897_C010897MCM1] 
====request content is: 
    Request Type: Temp
Component : DBHelper
Session Context is: 
com.cs.core.utility.SessionContext@a11d0b33
Request Info Type : com.cs.core.dao.exec.SQLDao
Request Info Content is: 
[01]SELECT C_INACTIVE FROM CEUSER.SEC_USER_INFO WHERE C_USER_ID = 'C010897MCM1' AND C_UNIT_CODE = 'C010897' 

 [end]

[start] [DEBUG] [2026-07-12 21:01:16.207] [C010897_C010897MCM1] 
The request URI is : /BL6CEWeb/v1/openapi/notification/bell [end]

[start] [DEBUG] [2026-07-12 21:01:16.208] [C010897_C010897MCM1] 
The URI is :/BL6CEWeb/v1/openapi/notification/bell [end]

[start] [DEBUG] [2026-07-12 21:01:16.209] [C010897_C010897MCM1] 
The session refresh token in session is : null [end]

[start] [DEBUG] [2026-07-12 21:01:16.212] [C010897_C010897MCM1] 
====request content is: 
    Request Type: Temp
Component : DBHelper
Session Context is: 
com.cs.core.utility.SessionContext@843c7dc6
Request Info Type : com.cs.core.dao.exec.SQLDao
Request Info Content is: 
[01]SELECT C_INACTIVE FROM CEUSER.SEC_USER_INFO WHERE C_USER_ID = 'C010897MCM1' AND C_UNIT_CODE = 'C010897' 

 [end]

[start] [DEBUG] [2026-07-12 21:01:16.216] [C010897_C010897MCM1] 
The request URI is : /BL6CEWeb/v1/openapi/widget/page/load [end]

[start] [DEBUG] [2026-07-12 21:01:16.217] [C010897_C010897MCM1] 
The URI is :/BL6CEWeb/v1/openapi/widget/page/load [end]

[start] [DEBUG] [2026-07-12 21:01:16.218] [C010897_C010897MCM1] 
The session refresh token in session is : null [end]

[start] [DEBUG] [2026-07-12 21:01:16.222] [C010897_C010897MCM1] 
====request content is: 
    Request Type: Temp
Component : DBHelper
Session Context is: 
com.cs.core.utility.SessionContext@cbfa1cf6
Request Info Type : com.cs.core.dao.exec.SQLDao
Request Info Content is: 
[01]SELECT C_INACTIVE FROM CEUSER.SEC_USER_INFO WHERE C_USER_ID = 'C010897MCM1' AND C_UNIT_CODE = 'C010897' 

 [end]

[start] [DEBUG] [2026-07-12 21:01:16.224] [C010897_C010897MCM1] 
====request content is: 
    Request Type: Temp
Component : DBHelper
Session Context is: 
com.cs.core.utility.SessionContext@843c7dc6
Request Info Type : com.cs.core.dao.exec.SQLDao
Request Info Content is: 
[01]SELECT DISTINCT C_WIDGET_NAME FROM CEUSER.SEC_WIDGETS_V2_LIST  WHERE  C_IS_ACTIVE = 'Y'  AND  C_ROLE_NAME IN ('MAKER')  ORDER BY  C_WIDGET_NAME 

 [end]

[start] [DEBUG] [2026-07-12 21:01:16.225] [C010897_C010897MCM1] 
The request URI is : /BL6CEWeb/v1/openapi/widget/list [end]

[start] [DEBUG] [2026-07-12 21:01:16.226] [C010897_C010897MCM1] 
The URI is :/BL6CEWeb/v1/openapi/widget/list [end]

[start] [DEBUG] [2026-07-12 21:01:16.227] [C010897_C010897MCM1] 
====request content is: 
    Request Type: Temp
Component : DBHelper
Session Context is: 
com.cs.core.utility.SessionContext@843c7dc6
Request Info Type : com.cs.core.dao.exec.SQLDao
Request Info Content is: 
[01]SELECT TAB.C_TAB_ID,TAB.C_TAB_NAME,TAB.I_TAB_SEQUENCE FROM CEUSER.SEC_WIDGETS_V2_TABS TAB LEFT JOIN CEUSER.SEC_WIDGETS_V2_LAYOUT LYT ON (TAB.C_TAB_ID = LYT.C_TAB_ID AND  TAB.C_UNIT_CODE = LYT.C_UNIT_CODE AND TAB.C_USER_ID = LYT.C_USER_ID )    WHERE  TAB.C_UNIT_CODE = 'C010897'  AND  TAB.C_USER_ID = 'C010897MCM1'  AND  LYT.C_PAGE_NAME = 'default'  ORDER BY  TAB.I_TAB_SEQUENCE ASC 

 [end]

[start] [DEBUG] [2026-07-12 21:01:16.227] [C010897_C010897MCM1] 
The session refresh token in session is : null [end]

[start] [DEBUG] [2026-07-12 21:01:16.230] [C010897_C010897MCM1] 
====request content is: 
    Request Type: Temp
Component : DBHelper
Session Context is: 
com.cs.core.utility.SessionContext@cbfa1cf6
Request Info Type : com.cs.core.dao.exec.SQLDao
Request Info Content is: 
[01]SELECT DISTINCT C_WIDGET_NAME FROM CEUSER.SEC_WIDGETS_V2_LIST  WHERE  C_IS_ACTIVE = 'Y'  AND  C_ROLE_NAME IN ('MAKER')  ORDER BY  C_WIDGET_NAME 

 [end]

[start] [DEBUG] [2026-07-12 21:01:16.230] [C010897_C010897MCM1] 
Start to check whether user role is changed. [end]

[start] [DEBUG] [2026-07-12 21:01:16.245] [C010897_C010897MCM1] 
====request content is: 
    Request Type: Temp
Component : DBHelper
Session Context is: 
com.cs.core.utility.SessionContext@b2f75089
Request Info Type : com.cs.core.dao.exec.SQLDao
Request Info Content is: 
[01]SELECT C_AUTH_RULE FROM CEUSER.SEC_USER_INFO WHERE C_BK_GROUP_ID = 'CSBANK' AND C_UNIT_CODE = 'C010897' AND C_USER_ID = 'C010897MCM1' 

 [end]

[start] [DEBUG] [2026-07-12 21:01:16.248] [C010897_C010897MCM1] 
====request content is: 
    Request Type: Temp
Component : DBHelper
Session Context is: 
com.cs.core.utility.SessionContext@b2f75089
Request Info Type : com.cs.core.dao.exec.SQLDao
Request Info Content is: 
[01]SELECT C_AUTH_RULE FROM CEUSER.SEC_BUSINESS_UNIT WHERE C_BK_GROUP_ID = 'CSBANK' AND C_UNIT_CODE = 'C010897' 

 [end]

[start] [DEBUG] [2026-07-12 21:01:16.251] [C010897_C010897MCM1] 
====request content is: 
    Request Type: Temp
Component : DBHelper
Session Context is: 
com.cs.core.utility.SessionContext@843c7dc6
Request Info Type : com.cs.core.dao.exec.SQLDao
Request Info Content is: 
[01]SELECT C_LAYOUT_INFO FROM CEUSER.SEC_WIDGETS_V2_LAYOUT  WHERE  C_UNIT_CODE = 'C010897'  AND  C_USER_ID = 'C010897MCM1'  AND  C_PAGE_NAME = 'default' 

 [end]

[start] [DEBUG] [2026-07-12 21:01:16.255] [C010897_C010897MCM1] 
Check whether user role is changed end. Result is: false [end]

[start] [DEBUG] [2026-07-12 21:01:16.256] [C010897_C010897MCM1] 
====request content is: 
    Request Type: Temp
Component : DBHelper
Session Context is: 
com.cs.core.utility.SessionContext@843c7dc6
Request Info Type : com.cs.core.dao.exec.SQLDao
Request Info Content is: 
[01]SELECT TAB.C_TAB_ID,TAB.C_TAB_NAME,TAB.I_TAB_SEQUENCE,LYT.C_LAYOUT_INFO FROM CEUSER.SEC_WIDGETS_V2_TABS TAB LEFT JOIN CEUSER.SEC_WIDGETS_V2_LAYOUT LYT ON (TAB.C_TAB_ID = LYT.C_TAB_ID AND  TAB.C_UNIT_CODE = LYT.C_UNIT_CODE AND TAB.C_USER_ID = LYT.C_USER_ID )    WHERE  TAB.C_UNIT_CODE = 'C010897'  AND  TAB.C_USER_ID = 'C010897MCM1'  AND  LYT.C_PAGE_NAME = 'default'  ORDER BY  TAB.I_TAB_SEQUENCE ASC 

 [end]

[start] [DEBUG] [2026-07-12 21:01:16.259] [C010897_C010897MCM1] 
====request content is: 
    Request Type: Temp
Component : DBHelper
Session Context is: 
com.cs.core.utility.SessionContext@843c7dc6
Request Info Type : com.cs.core.dao.exec.SQLDao
Request Info Content is: 
[01]SELECT C_INST_CONFIG FROM CEUSER.SEC_WIDGETS_V2_INST_CONFIG  WHERE  C_INST_ID = '8A8284979F4A3FB0019F4A54EA120068'  AND  C_UNIT_CODE = 'C010897'  AND  C_USER_ID = 'C010897MCM1' 

 [end]

[start] [DEBUG] [2026-07-12 21:01:16.269] [C010897_C010897MCM1] 
====request content is: 
    Request Type: Temp
Component : DBHelper
Session Context is: 
com.cs.core.utility.SessionContext@843c7dc6
Request Info Type : com.cs.core.dao.exec.SQLDao
Request Info Content is: 
[01]SELECT C_INST_CONFIG FROM CEUSER.SEC_WIDGETS_V2_INST_CONFIG  WHERE  C_INST_ID = '8A8284979F4A3FB0019F4A54EA120068'  AND  C_UNIT_CODE = 'C010897'  AND  C_USER_ID = 'C010897MCM1' 

 [end]

[start] [DEBUG] [2026-07-12 21:01:16.272] [C010897_C010897MCM1] 
====request content is: 
    Request Type: Temp
Component : DBHelper
Session Context is: 
com.cs.core.utility.SessionContext@843c7dc6
Request Info Type : com.cs.core.dao.exec.SQLDao
Request Info Content is: 
[01]SELECT C_INST_CONFIG FROM CEUSER.SEC_WIDGETS_V2_INST_CONFIG  WHERE  C_INST_ID = '8A8284979F4A3FB0019F4A54EA1B006A'  AND  C_UNIT_CODE = 'C010897'  AND  C_USER_ID = 'C010897MCM1' 

 [end]

[start] [DEBUG] [2026-07-12 21:01:16.275] [C010897_C010897MCM1] 
====request content is: 
    Request Type: Temp
Component : DBHelper
Session Context is: 
com.cs.core.utility.SessionContext@843c7dc6
Request Info Type : com.cs.core.dao.exec.SQLDao
Request Info Content is: 
[01]SELECT C_INST_CONFIG FROM CEUSER.SEC_WIDGETS_V2_INST_CONFIG  WHERE  C_INST_ID = '8A8284979F4A3FB0019F4A54EA1B006A'  AND  C_UNIT_CODE = 'C010897'  AND  C_USER_ID = 'C010897MCM1' 

 [end]

[start] [DEBUG] [2026-07-12 21:01:16.278] [C010897_C010897MCM1] 
====request content is: 
    Request Type: Temp
Component : DBHelper
Session Context is: 
com.cs.core.utility.SessionContext@843c7dc6
Request Info Type : com.cs.core.dao.exec.SQLDao
Request Info Content is: 
[01]SELECT C_INST_CONFIG FROM CEUSER.SEC_WIDGETS_V2_INST_CONFIG  WHERE  C_INST_ID = '8A8284979F4A3FB0019F4A54EA20006B'  AND  C_UNIT_CODE = 'C010897'  AND  C_USER_ID = 'C010897MCM1' 

 [end]

[start] [DEBUG] [2026-07-12 21:01:16.282] [C010897_C010897MCM1] 
====request content is: 
    Request Type: Temp
Component : DBHelper
Session Context is: 
com.cs.core.utility.SessionContext@843c7dc6
Request Info Type : com.cs.core.dao.exec.SQLDao
Request Info Content is: 
[01]SELECT C_INST_CONFIG FROM CEUSER.SEC_WIDGETS_V2_INST_CONFIG  WHERE  C_INST_ID = '8A8284979F4A3FB0019F4A54EA20006B'  AND  C_UNIT_CODE = 'C010897'  AND  C_USER_ID = 'C010897MCM1' 

 [end]

[start] [DEBUG] [2026-07-12 21:01:16.287] [C010897_C010897MCM1] 
====request content is: 
    Request Type: Temp
Component : DBHelper
Session Context is: 
com.cs.core.utility.SessionContext@843c7dc6
Request Info Type : com.cs.core.dao.exec.SQLDao
Request Info Content is: 
[01]SELECT C_INST_CONFIG FROM CEUSER.SEC_WIDGETS_V2_INST_CONFIG  WHERE  C_INST_ID = '8A8284979F4A3FB0019F4A54EA170069'  AND  C_UNIT_CODE = 'C010897'  AND  C_USER_ID = 'C010897MCM1' 

 [end]

[start] [DEBUG] [2026-07-12 21:01:16.293] [C010897_C010897MCM1] 
====request content is: 
    Request Type: Temp
Component : DBHelper
Session Context is: 
com.cs.core.utility.SessionContext@843c7dc6
Request Info Type : com.cs.core.dao.exec.SQLDao
Request Info Content is: 
[01]SELECT C_INST_CONFIG FROM CEUSER.SEC_WIDGETS_V2_INST_CONFIG  WHERE  C_INST_ID = '8A8284979F4A3FB0019F4A54EA170069'  AND  C_UNIT_CODE = 'C010897'  AND  C_USER_ID = 'C010897MCM1' 

 [end]

[start] [DEBUG] [2026-07-12 21:01:16.553] [C010897_C010897MCM1] 
====request content is: 
    Request Type: Temp
Component : DBHelper
Session Context is: 
com.cs.core.utility.SessionContext@89ca5958
Request Info Type : com.cs.core.dao.exec.SQLDao
Request Info Content is: 
[01]SELECT C_INACTIVE FROM CEUSER.SEC_USER_INFO WHERE C_USER_ID = 'C010897MCM1' AND C_UNIT_CODE = 'C010897' 

 [end]

[start] [DEBUG] [2026-07-12 21:01:16.553] [C010897_C010897MCM1] 
====request content is: 
    Request Type: Temp
Component : DBHelper
Session Context is: 
com.cs.core.utility.SessionContext@72ebb97b
Request Info Type : com.cs.core.dao.exec.SQLDao
Request Info Content is: 
[01]SELECT C_INACTIVE FROM CEUSER.SEC_USER_INFO WHERE C_USER_ID = 'C010897MCM1' AND C_UNIT_CODE = 'C010897' 

 [end]

[start] [DEBUG] [2026-07-12 21:01:16.560] [C010897_C010897MCM1] 
The request URI is : /BL6CEWeb/v1/openapi/ctaction/count [end]

[start] [DEBUG] [2026-07-12 21:01:16.560] [C010897_C010897MCM1] 
The request URI is : /BL6CEWeb/v1/openapi/user/roles [end]

[start] [DEBUG] [2026-07-12 21:01:16.563] [C010897_C010897MCM1] 
The URI is :/BL6CEWeb/v1/openapi/ctaction/count [end]

[start] [DEBUG] [2026-07-12 21:01:16.564] [C010897_C010897MCM1] 
====request content is: 
    Request Type: Temp
Component : DBHelper
Session Context is: 
com.cs.core.utility.SessionContext@e946c2e3
Request Info Type : com.cs.core.dao.exec.SQLDao
Request Info Content is: 
[01]SELECT C_INACTIVE FROM CEUSER.SEC_USER_INFO WHERE C_USER_ID = 'C010897MCM1' AND C_UNIT_CODE = 'C010897' 

 [end]

[start] [DEBUG] [2026-07-12 21:01:16.565] [C010897_C010897MCM1] 
The URI is :/BL6CEWeb/v1/openapi/user/roles [end]

[start] [DEBUG] [2026-07-12 21:01:16.567] [C010897_C010897MCM1] 
The session refresh token in session is : null [end]

[start] [DEBUG] [2026-07-12 21:01:16.570] [C010897_C010897MCM1] 
The request URI is : /BL6CEWeb/v1/openapi/mainmenu [end]

[start] [DEBUG] [2026-07-12 21:01:16.572] [C010897_C010897MCM1] 
The URI is :/BL6CEWeb/v1/openapi/mainmenu [end]

[start] [DEBUG] [2026-07-12 21:01:16.575] [C010897_C010897MCM1] 
The session refresh token in session is : null [end]

[start] [DEBUG] [2026-07-12 21:01:16.575] [C010897_C010897MCM1] 
The Catalog Object SQL is :SELECT DISTINCT T1.C_BK_GROUP_ID, T1.C_MAIN_REF, T1.C_TRX_REF, T1.C_UNIT_CODE, T1.PARENT_MAIN_REF, T1.C_TRX_STATUS, T1.CURRNT_STATUS, T1.C2A_STATUS, T1.I_EVENT_TIMES, T1.C_MODULE, T1.C_FUNC_ID, T1.C_PRODUCT_ID, T1.C_TRX_ID, T3.C_LOCKED_FLAG, T3.C_LOCKED_OP, T3.C_USER_DESC, T1.D_SYS_OP_DATE, T1.T_SYS_OP_TIME, T1.C2A_CCY, T1.C2A_AMOUNT, T1.C2A_COUNTERPARTY FROM CETRX.TRX_INBOX T1 LEFT JOIN CETRX.TRX_NEXT_FUNC T2 ON T1.C_PRODUCT_ID = T2.C_PRODUCT_ID AND T1.C2A_STATUS = T2.C2A_STATUS AND T1.C_TRX_STATUS = T2.C_TRX_STATUS LEFT JOIN CETRX.TRX_LOCK_INFO T3 ON T1.C_MAIN_REF = T3.C_MAIN_REF AND T1.C_UNIT_CODE = T3.C_UNIT_CODE WHERE (T2.C_NEXT_FUNC_ID IN (SELECT C_FUNC_ID FROM CEUSER.SEC_OP_FUNC WHERE C_USER_ID = ? AND C_GRP_CODE = ? AND C_UNIT_CODE = T1.C_UNIT_CODE) OR T2.C_NEXT_FUNC_ID IN (SELECT C_FUNC_ID FROM CEUSER.SEC_OP_FUNC WHERE C_GRP_CODE = ? AND C_USER_ID IN (SELECT C_ROLE_ID FROM CEUSER.SEC_USER_ROLE WHERE C_USER_ID = ? AND C_GRP_CODE = ?) AND C_UNIT_CODE = T1.C_UNIT_CODE)) AND (T1.C_TRX_STATUS = 'R' OR T1.C2A_STATUS IN ('Rejected by bank', 'Discrepancy notification', 'Document received') AND T1.C_TRX_STATUS = 'M' OR T1.C2A_STATUS IN ('Amendment(Detrimental)_fully authorized', 'Document discrepancy_fully authorized') AND T1.C_TRX_STATUS = 'A') AND T1.C_TRX_ID NOT IN (SELECT C_TRX_ID FROM CETRX.TRX_USER_DISMISS WHERE C_USER_ID = ? AND C_GRP_CODE = ?) AND (T1.C_MODULE = 'IMLC' OR T1.C_MODULE = 'EXLC' OR T1.C_MODULE = 'FAEF' OR T1.C_MODULE = 'FADA' OR T1.C_MODULE = 'TSUM' OR T1.C_MODULE = 'ABLF' OR T1.C_MODULE = 'UPLD') ORDER BY T1.D_SYS_OP_DATE DESC, T1.T_SYS_OP_TIME DESC [end]

[start] [DEBUG] [2026-07-12 21:01:16.579] [C010897_C010897MCM1] 
====request content is: 
    Request Type: Temp
Component : DBHelper
Session Context is: 
com.cs.core.utility.SessionContext@72ebb97b
Request Info Type : com.cs.core.dao.exec.SQLDao
Request Info Content is: 
[01]SELECT COUNT(*) FROM (SELECT DISTINCT T1.C_BK_GROUP_ID, T1.C_MAIN_REF, T1.C_TRX_REF, T1.C_UNIT_CODE, T1.PARENT_MAIN_REF, T1.C_TRX_STATUS, T1.CURRNT_STATUS, T1.C2A_STATUS, T1.I_EVENT_TIMES, T1.C_MODULE, T1.C_FUNC_ID, T1.C_PRODUCT_ID, T1.C_TRX_ID, T3.C_LOCKED_FLAG, T3.C_LOCKED_OP, T3.C_USER_DESC, T1.D_SYS_OP_DATE, T1.T_SYS_OP_TIME, T1.C2A_CCY, T1.C2A_AMOUNT, T1.C2A_COUNTERPARTY FROM CETRX.TRX_INBOX T1 LEFT JOIN CETRX.TRX_NEXT_FUNC T2 ON T1.C_PRODUCT_ID = T2.C_PRODUCT_ID AND T1.C2A_STATUS = T2.C2A_STATUS AND T1.C_TRX_STATUS = T2.C_TRX_STATUS LEFT JOIN CETRX.TRX_LOCK_INFO T3 ON T1.C_MAIN_REF = T3.C_MAIN_REF AND T1.C_UNIT_CODE = T3.C_UNIT_CODE WHERE   T1.C_BK_GROUP_ID = 'CSBANK'  AND (( T1.C_UNIT_CODE = 'C010897'  AND  T1.C_PRODUCT_ID IN ('FHS0YffwVNuA','P19080800000','P19080800001','P19080800002','P20030600000','epF3a6u4ZGAt') )) AND (T2.C_NEXT_FUNC_ID IN (SELECT C_FUNC_ID FROM CEUSER.SEC_OP_FUNC WHERE C_USER_ID = 'C010897MCM1' AND C_GRP_CODE = 'C010897' AND C_UNIT_CODE = T1.C_UNIT_CODE) OR T2.C_NEXT_FUNC_ID IN (SELECT C_FUNC_ID FROM CEUSER.SEC_OP_FUNC WHERE C_GRP_CODE = 'C010897' AND C_USER_ID IN (SELECT C_ROLE_ID FROM CEUSER.SEC_USER_ROLE WHERE C_USER_ID = 'C010897MCM1' AND C_GRP_CODE = 'C010897') AND C_UNIT_CODE = T1.C_UNIT_CODE)) AND (T1.C_TRX_STATUS = 'R' OR T1.C2A_STATUS IN ('Rejected by bank', 'Discrepancy notification', 'Document received') AND T1.C_TRX_STATUS = 'M' OR T1.C2A_STATUS IN ('Amendment(Detrimental)_fully authorized', 'Document discrepancy_fully authorized') AND T1.C_TRX_STATUS = 'A') AND T1.C_TRX_ID NOT IN (SELECT C_TRX_ID FROM CETRX.TRX_USER_DISMISS WHERE C_USER_ID = 'C010897MCM1' AND C_GRP_CODE = 'C010897') AND (T1.C_MODULE = 'IMLC' OR T1.C_MODULE = 'EXLC' OR T1.C_MODULE = 'FAEF' OR T1.C_MODULE = 'FADA' OR T1.C_MODULE = 'TSUM' OR T1.C_MODULE = 'ABLF' OR T1.C_MODULE = 'UPLD') ORDER BY T1.D_SYS_OP_DATE DESC, T1.T_SYS_OP_TIME DESC)

 [end]

[start] [DEBUG] [2026-07-12 21:01:16.586] [C010897_C010897MCM1] 
The Catalog Object SQL is :SELECT T1.C_BK_GROUP_ID, T1.C_MAIN_REF, T1.C_TRX_REF, T1.C_UNIT_CODE, T1.PARENT_MAIN_REF, T1.C_TRX_STATUS, T1.CURRNT_STATUS, (CASE WHEN T1.C_MODULE = 'FADA' OR T1.C_MODULE = 'FAEF' THEN T1.C_TRX_STATUS ELSE T1.C2A_STATUS END) C2A_STATUS, T1.I_EVENT_TIMES, T1.C_MODULE, T1.C_FUNC_ID, T1.C_PRODUCT_ID, T1.C_TRX_ID, T3.C_LOCKED_FLAG, T3.C_LOCKED_OP, T3.C_USER_DESC, T1.D_SYS_OP_DATE, T1.T_SYS_OP_TIME, T1.C2A_CCY, T1.C2A_AMOUNT, T1.C2A_COUNTERPARTY FROM CETRX.TRX_INBOX T1 LEFT JOIN CETRX.TRX_LOCK_INFO T3 ON T1.C_MAIN_REF = T3.C_MAIN_REF AND T1.C_UNIT_CODE = T3.C_UNIT_CODE WHERE (T1.C_TRX_STATUS IN ('P', 'T', 'A', 'S') AND (T1.C_MODULE = 'IMLC' OR T1.C_MODULE = 'EXLC' OR T1.C_MODULE = 'FAEF' OR T1.C_MODULE = 'FADA' OR T1.C_MODULE = 'ABLF') AND T1.C2A_STATUS NOT IN ('Discrepancies rejected_fully authorized') OR T1.C_TRX_STATUS = 'M' AND (T1.C_MODULE = 'IMLC' AND T1.C2A_STATUS NOT IN ('Issued', 'Amended', 'Beneficiary rejected', 'Settled') OR T1.C_MODULE = 'EXCO' AND T1.CURRNT_STATUS NOT IN ('Payment Advice') OR T1.C_MODULE = 'EXLC' AND T1.CURRNT_STATUS NOT IN ('Settled', 'Advise Received', 'Amendment Received', 'Docment Received') OR T1.C_MODULE = 'FAEF' AND T1.CURRNT_STATUS NOT IN ('Settled', 'Advise Received') OR T1.C_MODULE = 'FADA' AND T1.CURRNT_STATUS NOT IN ('Settled', 'Advise Received') OR T1.C_MODULE = 'ABLF' AND T1.CURRNT_STATUS NOT IN ('Settled', 'Advise Received'))) AND T1.C_TRX_ID NOT IN (SELECT C_TRX_ID FROM CETRX.TRX_USER_DISMISS WHERE C_USER_ID = ? AND C_GRP_CODE = ?) AND (T1.C_MODULE = 'IMLC' OR T1.C_MODULE = 'EXLC' OR T1.C_MODULE = 'FAEF' OR T1.C_MODULE = 'FADA' OR T1.C_MODULE = 'ABLF') ORDER BY T1.D_SYS_OP_DATE DESC, T1.T_SYS_OP_TIME DESC [end]

[start] [DEBUG] [2026-07-12 21:01:16.589] [C010897_C010897MCM1] 
The session refresh token in session is : null [end]

[start] [DEBUG] [2026-07-12 21:01:16.593] [C010897_C010897MCM1] 
====request content is: 
    Request Type: Temp
Component : DBHelper
Session Context is: 
com.cs.core.utility.SessionContext@e3fe9da5
Request Info Type : com.cs.core.dao.exec.SQLDao
Request Info Content is: 
[01]SELECT C_INACTIVE FROM CEUSER.SEC_USER_INFO WHERE C_USER_ID = 'C010897MCM1' AND C_UNIT_CODE = 'C010897' 

 [end]

[start] [DEBUG] [2026-07-12 21:01:16.596] [C010897_C010897MCM1] 
The request URI is : /BL6CEWeb/v1/openapi/user/fap/action [end]

[start] [DEBUG] [2026-07-12 21:01:16.597] [C010897_C010897MCM1] 
The URI is :/BL6CEWeb/v1/openapi/user/fap/action [end]

[start] [DEBUG] [2026-07-12 21:01:16.598] [C010897_C010897MCM1] 
The session refresh token in session is : null [end]

[start] [DEBUG] [2026-07-12 21:01:16.601] [C010897_C010897MCM1] 
====request content is: 
    Request Type: Temp
Component : DBHelper
Session Context is: 
com.cs.core.utility.SessionContext@e3fe9da5
Request Info Type : com.cs.core.dao.exec.SQLDao
Request Info Content is: 
[01]SELECT * FROM CEUSER.SEC_BUSINESS_UNIT WHERE C_UNIT_CODE = 'C010897' 

 [end]

[start] [DEBUG] [2026-07-12 21:01:16.606] [C010897_C010897MCM1] 
====request content is: 
    Request Type: Temp
Component : DBHelper
Session Context is: 
com.cs.core.utility.SessionContext@72ebb97b
Request Info Type : com.cs.core.dao.exec.SQLDao
Request Info Content is: 
[01]SELECT COUNT(*) FROM CETRX.TRX_INBOX T1 LEFT JOIN CETRX.TRX_LOCK_INFO T3 ON T1.C_MAIN_REF = T3.C_MAIN_REF AND T1.C_UNIT_CODE = T3.C_UNIT_CODE WHERE   T1.C_BK_GROUP_ID = 'CSBANK'  AND (( T1.C_UNIT_CODE = 'C010897'  AND  T1.C_PRODUCT_ID IN ('FHS0YffwVNuA','P19080800000','P19080800001','P19080800002','P20030600000','epF3a6u4ZGAt') )) AND (T1.C_TRX_STATUS IN ('P', 'T', 'A', 'S') AND (T1.C_MODULE = 'IMLC' OR T1.C_MODULE = 'EXLC' OR T1.C_MODULE = 'FAEF' OR T1.C_MODULE = 'FADA' OR T1.C_MODULE = 'ABLF') AND T1.C2A_STATUS NOT IN ('Discrepancies rejected_fully authorized') OR T1.C_TRX_STATUS = 'M' AND (T1.C_MODULE = 'IMLC' AND T1.C2A_STATUS NOT IN ('Issued', 'Amended', 'Beneficiary rejected', 'Settled') OR T1.C_MODULE = 'EXCO' AND T1.CURRNT_STATUS NOT IN ('Payment Advice') OR T1.C_MODULE = 'EXLC' AND T1.CURRNT_STATUS NOT IN ('Settled', 'Advise Received', 'Amendment Received', 'Docment Received') OR T1.C_MODULE = 'FAEF' AND T1.CURRNT_STATUS NOT IN ('Settled', 'Advise Received') OR T1.C_MODULE = 'FADA' AND T1.CURRNT_STATUS NOT IN ('Settled', 'Advise Received') OR T1.C_MODULE = 'ABLF' AND T1.CURRNT_STATUS NOT IN ('Settled', 'Advise Received'))) AND T1.C_TRX_ID NOT IN (SELECT C_TRX_ID FROM CETRX.TRX_USER_DISMISS WHERE C_USER_ID = 'C010897MCM1' AND C_GRP_CODE = 'C010897') AND (T1.C_MODULE = 'IMLC' OR T1.C_MODULE = 'EXLC' OR T1.C_MODULE = 'FAEF' OR T1.C_MODULE = 'FADA' OR T1.C_MODULE = 'ABLF')

 [end]

[start] [DEBUG] [2026-07-12 21:01:16.613] [C010897_C010897MCM1] 
The Catalog Object SQL is :SELECT T1.C_BK_GROUP_ID, T1.C_MAIN_REF, T1.C_TRX_REF, T1.C_UNIT_CODE, T1.PARENT_MAIN_REF, T1.C_TRX_STATUS, T1.CURRNT_STATUS, (CASE WHEN T1.C_MODULE = 'FADA' OR T1.C_MODULE = 'FAEF' THEN T1.C_TRX_STATUS ELSE T1.C2A_STATUS END) C2A_STATUS, T1.I_EVENT_TIMES, T1.C_MODULE, T1.C_FUNC_ID, T1.C_PRODUCT_ID, T1.C_TRX_ID, T3.C_LOCKED_FLAG, T3.C_LOCKED_OP, T3.C_USER_DESC, T1.D_SYS_OP_DATE, T1.T_SYS_OP_TIME, T1.C2A_CCY, T1.C2A_AMOUNT, T1.C2A_COUNTERPARTY FROM CETRX.TRX_INBOX T1 LEFT JOIN CETRX.TRX_LOCK_INFO T3 ON T1.C_MAIN_REF = T3.C_MAIN_REF AND T1.C_UNIT_CODE = T3.C_UNIT_CODE WHERE (T1.C2A_STATUS IN ('Issued', 'Amended', 'Beneficiary rejected', 'Discrepancies rejected_fully authorized', 'Settled') AND T1.C_MODULE = 'IMLC' OR T1.CURRNT_STATUS IN ('Issued', 'Amended', 'Detrimental Amendment', 'Beneficiary Consent', 'Beneficiary Rejected', 'Document Presentation', 'Document Presentation', 'Settlement', 'Settled') AND T1.C_MODULE = 'EXCO' OR T1.C2A_STATUS IN ('Settled', 'Amendment_fully authorized', '') AND T1.C_MODULE = 'EXLC' OR T1.C_FUNC_ID IN ('F05030700899', 'F05030700901', 'F05030700908') AND T1.C2A_STATUS = 'Fully authorized' AND T1.C_MODULE = 'EXLC' OR T1.C_MODULE = 'FADA' OR T1.C_MODULE = 'FAEF') AND T1.C_TRX_STATUS IN ('M', 'A', 'S') AND T1.C_TRX_ID NOT IN (SELECT C_TRX_ID FROM CETRX.TRX_USER_DISMISS WHERE C_USER_ID = ? AND C_GRP_CODE = ?) AND (T1.C_MODULE = 'IMLC' OR T1.C_MODULE = 'EXLC' OR T1.C_MODULE = 'FADA' OR T1.C_MODULE = 'FAEF') ORDER BY T1.D_SYS_OP_DATE DESC, T1.T_SYS_OP_TIME DESC, T1.PARENT_MAIN_REF DESC [end]

[start] [DEBUG] [2026-07-12 21:01:16.615] [C010897_C010897MCM1] 
====request content is: 
    Request Type: Temp
Component : DBHelper
Session Context is: 
com.cs.core.utility.SessionContext@6294e834
Request Info Type : com.cs.core.dao.exec.SQLDao
Request Info Content is: 
[01]SELECT C_INACTIVE FROM CEUSER.SEC_USER_INFO WHERE C_USER_ID = 'C010897MCM1' AND C_UNIT_CODE = 'C010897' 

 [end]

[start] [DEBUG] [2026-07-12 21:01:16.618] [C010897_C010897MCM1] 
The request URI is : /BL6CEWeb/v1/openapi/widget/recentfunctions/view [end]

[start] [DEBUG] [2026-07-12 21:01:16.619] [C010897_C010897MCM1] 
The URI is :/BL6CEWeb/v1/openapi/widget/recentfunctions/view [end]

[start] [DEBUG] [2026-07-12 21:01:16.620] [C010897_C010897MCM1] 
The session refresh token in session is : null [end]

[start] [DEBUG] [2026-07-12 21:01:16.627] [C010897_C010897MCM1] 
====request content is: 
    Request Type: Temp
Component : DBHelper
Session Context is: 
com.cs.core.utility.SessionContext@2193751a
Request Info Type : com.cs.core.dao.exec.SQLDao
Request Info Content is: 
[01]SELECT C_INACTIVE FROM CEUSER.SEC_USER_INFO WHERE C_USER_ID = 'C010897MCM1' AND C_UNIT_CODE = 'C010897' 

 [end]

[start] [DEBUG] [2026-07-12 21:01:16.628] [C010897_C010897MCM1] 
====request content is: 
    Request Type: Temp
Component : DBHelper
Session Context is: 
com.cs.core.utility.SessionContext@6294e834
Request Info Type : com.cs.core.dao.exec.SQLDao
Request Info Content is: 
[01]SELECT C_IS_ACTIVE FROM CEUSER.SEC_WIDGETS_V2_LIST  WHERE  C_WIDGET_NAME = 'ShortcutMenu'  AND  C_ROLE_NAME IN ('MAKER') 

 [end]

[start] [DEBUG] [2026-07-12 21:01:16.630] [C010897_C010897MCM1] 
The request URI is : /BL6CEWeb/v1/openapi/widget/favourites/inquire [end]

[start] [DEBUG] [2026-07-12 21:01:16.631] [C010897_C010897MCM1] 
====request content is: 
    Request Type: Temp
Component : DBHelper
Session Context is: 
com.cs.core.utility.SessionContext@6294e834
Request Info Type : com.cs.core.dao.exec.SQLDao
Request Info Content is: 
[01]SELECT C_FUNC_ID,C_MODULE FROM CETRX.TRX_ACT_LOG WHERE C_FUNC_ID IS NOT NULL AND C_UNIT_CODE = 'C010897' AND C_USER_ID = 'C010897MCM1' AND D_SYS_OP_DATE BETWEEN TO_DATE('2026-06-12','yyyy-MM-dd') AND TO_DATE('2026-07-12','yyyy-MM-dd') ORDER BY D_SYS_OP_DATE DESC,T_SYS_OP_TIME DESC

 [end]

[start] [DEBUG] [2026-07-12 21:01:16.631] [C010897_C010897MCM1] 
The URI is :/BL6CEWeb/v1/openapi/widget/favourites/inquire [end]

[start] [DEBUG] [2026-07-12 21:01:16.633] [C010897_C010897MCM1] 
The session refresh token in session is : null [end]

[start] [DEBUG] [2026-07-12 21:01:16.635] [C010897_C010897MCM1] 
====request content is: 
    Request Type: Temp
Component : DBHelper
Session Context is: 
com.cs.core.utility.SessionContext@2193751a
Request Info Type : com.cs.core.dao.exec.SQLDao
Request Info Content is: 
[01]SELECT C_FUNC_ID,T_OP_TIME FROM CETRX.TRX_FAVOR_FUNC  WHERE  C_UNIT_CODE = 'C010897'  AND  C_USER_ID = 'C010897MCM1'  ORDER BY  T_OP_TIME DESC 

 [end]

[start] [DEBUG] [2026-07-12 21:01:16.641] [C010897_C010897MCM1] 
====request content is: 
    Request Type: Temp
Component : DBHelper
Session Context is: 
com.cs.core.utility.SessionContext@72ebb97b
Request Info Type : com.cs.core.dao.exec.SQLDao
Request Info Content is: 
[01]SELECT COUNT(*) FROM CETRX.TRX_INBOX T1 LEFT JOIN CETRX.TRX_LOCK_INFO T3 ON T1.C_MAIN_REF = T3.C_MAIN_REF AND T1.C_UNIT_CODE = T3.C_UNIT_CODE WHERE   T1.C_BK_GROUP_ID = 'CSBANK'  AND (( T1.C_UNIT_CODE = 'C010897'  AND  T1.C_PRODUCT_ID IN ('FHS0YffwVNuA','P19080800000','P19080800001','P19080800002','P20030600000','epF3a6u4ZGAt') )) AND (T1.C2A_STATUS IN ('Issued', 'Amended', 'Beneficiary rejected', 'Discrepancies rejected_fully authorized', 'Settled') AND T1.C_MODULE = 'IMLC' OR T1.CURRNT_STATUS IN ('Issued', 'Amended', 'Detrimental Amendment', 'Beneficiary Consent', 'Beneficiary Rejected', 'Document Presentation', 'Document Presentation', 'Settlement', 'Settled') AND T1.C_MODULE = 'EXCO' OR T1.C2A_STATUS IN ('Settled', 'Amendment_fully authorized', '') AND T1.C_MODULE = 'EXLC' OR T1.C_FUNC_ID IN ('F05030700899', 'F05030700901', 'F05030700908') AND T1.C2A_STATUS = 'Fully authorized' AND T1.C_MODULE = 'EXLC' OR T1.C_MODULE = 'FADA' OR T1.C_MODULE = 'FAEF') AND T1.C_TRX_STATUS IN ('M', 'A', 'S') AND T1.C_TRX_ID NOT IN (SELECT C_TRX_ID FROM CETRX.TRX_USER_DISMISS WHERE C_USER_ID = 'C010897MCM1' AND C_GRP_CODE = 'C010897') AND (T1.C_MODULE = 'IMLC' OR T1.C_MODULE = 'EXLC' OR T1.C_MODULE = 'FADA' OR T1.C_MODULE = 'FAEF')

 [end]

[start] [DEBUG] [2026-07-12 21:01:16.648] [C010897_C010897MCM1] 
The Catalog Object SQL is :SELECT DISTINCT T1.C_BK_GROUP_ID, T1.C_MAIN_REF, T1.C_TRX_REF, T1.C_UNIT_CODE, T1.PARENT_MAIN_REF, T1.C_TRX_STATUS, T1.I_EVENT_TIMES, T1.C_MODULE, T1.C_FUNC_ID, T1.C_PRODUCT_ID, T1.C_TRX_ID, T3.C_LOCKED_FLAG, T3.C_LOCKED_OP, T3.C_USER_DESC, T1.D_SYS_OP_DATE, T1.T_SYS_OP_TIME, T1.C2A_CCY, T1.C2A_AMOUNT, T1.C2A_COUNTERPARTY FROM CETRX.TRX_INBOX T1 LEFT JOIN CETRX.TRX_NEXT_FUNC T2 ON T1.C_PRODUCT_ID = T2.C_PRODUCT_ID AND T1.C_TRX_STATUS = T2.C_TRX_STATUS LEFT JOIN CETRX.TRX_LOCK_INFO T3 ON T1.C_MAIN_REF = T3.C_MAIN_REF AND T1.C_UNIT_CODE = T3.C_UNIT_CODE WHERE (T2.C_NEXT_FUNC_ID IN (SELECT C_FUNC_ID FROM CEUSER.SEC_OP_FUNC WHERE C_USER_ID = ? AND C_GRP_CODE = ? AND C_UNIT_CODE = T1.C_UNIT_CODE) OR T2.C_NEXT_FUNC_ID IN (SELECT C_FUNC_ID FROM CEUSER.SEC_OP_FUNC WHERE C_GRP_CODE = ? AND C_USER_ID IN (SELECT C_ROLE_ID FROM CEUSER.SEC_USER_ROLE WHERE C_USER_ID = ? AND C_GRP_CODE = ?) AND C_UNIT_CODE = T1.C_UNIT_CODE)) AND T1.C_TRX_STATUS = 'Z' AND T1.C_TRX_ID NOT IN (SELECT C_TRX_ID FROM CETRX.TRX_USER_DISMISS WHERE C_USER_ID = ? AND C_GRP_CODE = ?) AND (T1.C_MODULE = 'IMLC' OR T1.C_MODULE = 'EXLC' OR T1.C_MODULE = 'FAEF' OR T1.C_MODULE = 'FADA' OR T1.C_MODULE = 'ABLF') ORDER BY T1.D_SYS_OP_DATE DESC, T1.T_SYS_OP_TIME DESC [end]

[start] [DEBUG] [2026-07-12 21:01:16.650] [C010897_C010897MCM1] 
====request content is: 
    Request Type: Temp
Component : DBHelper
Session Context is: 
com.cs.core.utility.SessionContext@72ebb97b
Request Info Type : com.cs.core.dao.exec.SQLDao
Request Info Content is: 
[01]SELECT COUNT(*) FROM (SELECT DISTINCT T1.C_BK_GROUP_ID, T1.C_MAIN_REF, T1.C_TRX_REF, T1.C_UNIT_CODE, T1.PARENT_MAIN_REF, T1.C_TRX_STATUS, T1.I_EVENT_TIMES, T1.C_MODULE, T1.C_FUNC_ID, T1.C_PRODUCT_ID, T1.C_TRX_ID, T3.C_LOCKED_FLAG, T3.C_LOCKED_OP, T3.C_USER_DESC, T1.D_SYS_OP_DATE, T1.T_SYS_OP_TIME, T1.C2A_CCY, T1.C2A_AMOUNT, T1.C2A_COUNTERPARTY FROM CETRX.TRX_INBOX T1 LEFT JOIN CETRX.TRX_NEXT_FUNC T2 ON T1.C_PRODUCT_ID = T2.C_PRODUCT_ID AND T1.C_TRX_STATUS = T2.C_TRX_STATUS LEFT JOIN CETRX.TRX_LOCK_INFO T3 ON T1.C_MAIN_REF = T3.C_MAIN_REF AND T1.C_UNIT_CODE = T3.C_UNIT_CODE WHERE   T1.C_BK_GROUP_ID = 'CSBANK'  AND (( T1.C_UNIT_CODE = 'C010897'  AND  T1.C_PRODUCT_ID IN ('FHS0YffwVNuA','P19080800000','P19080800001','P19080800002','P20030600000','epF3a6u4ZGAt') )) AND (T2.C_NEXT_FUNC_ID IN (SELECT C_FUNC_ID FROM CEUSER.SEC_OP_FUNC WHERE C_USER_ID = 'C010897MCM1' AND C_GRP_CODE = 'C010897' AND C_UNIT_CODE = T1.C_UNIT_CODE) OR T2.C_NEXT_FUNC_ID IN (SELECT C_FUNC_ID FROM CEUSER.SEC_OP_FUNC WHERE C_GRP_CODE = 'C010897' AND C_USER_ID IN (SELECT C_ROLE_ID FROM CEUSER.SEC_USER_ROLE WHERE C_USER_ID = 'C010897MCM1' AND C_GRP_CODE = 'C010897') AND C_UNIT_CODE = T1.C_UNIT_CODE)) AND T1.C_TRX_STATUS = 'Z' AND T1.C_TRX_ID NOT IN (SELECT C_TRX_ID FROM CETRX.TRX_USER_DISMISS WHERE C_USER_ID = 'C010897MCM1' AND C_GRP_CODE = 'C010897') AND (T1.C_MODULE = 'IMLC' OR T1.C_MODULE = 'EXLC' OR T1.C_MODULE = 'FAEF' OR T1.C_MODULE = 'FADA' OR T1.C_MODULE = 'ABLF') ORDER BY T1.D_SYS_OP_DATE DESC, T1.T_SYS_OP_TIME DESC)

 [end]

[start] [DEBUG] [2026-07-12 21:01:16.660] [C010897_C010897MCM1] 
Action target is :F05030701228 [end]

[start] [DEBUG] [2026-07-12 21:01:16.661] [C010897_C010897MCM1] 
Action type is :function [end]

[start] [DEBUG] [2026-07-12 21:01:16.671] [C010897_C010897MCM1] 
Action target is :Party [end]

[start] [DEBUG] [2026-07-12 21:01:16.672] [C010897_C010897MCM1] 
Action type is :catalog [end]

[start] [DEBUG] [2026-07-12 21:01:16.690] [C010897_C010897MCM1] 
Action target is :Clause [end]

[start] [DEBUG] [2026-07-12 21:01:16.691] [C010897_C010897MCM1] 
Action type is :catalog [end]

[start] [DEBUG] [2026-07-12 21:01:16.696] [C010897_C010897MCM1] 
====request content is: 
    Request Type: Temp
Component : DBHelper
Session Context is: 
com.cs.core.utility.SessionContext@e3fe9da5
Request Info Type : com.cs.core.dao.exec.SQLDao
Request Info Content is: 
[01]SELECT C_AUTH_RULE FROM CEUSER.SEC_USER_INFO WHERE C_BK_GROUP_ID = 'CSBANK' AND C_UNIT_CODE = 'C010897' AND C_USER_ID = 'C010897MCM1' 

 [end]

[start] [DEBUG] [2026-07-12 21:01:16.706] [C010897_C010897MCM1] 
Action target is :AccountMaintain [end]

[start] [DEBUG] [2026-07-12 21:01:16.707] [C010897_C010897MCM1] 
Action type is :catalog [end]

[start] [DEBUG] [2026-07-12 21:01:16.707] [C010897_C010897MCM1] 
====request content is: 
    Request Type: Temp
Component : DBHelper
Session Context is: 
com.cs.core.utility.SessionContext@e3fe9da5
Request Info Type : com.cs.core.dao.exec.SQLDao
Request Info Content is: 
[01]SELECT C_AUTH_RULE FROM CEUSER.SEC_BUSINESS_UNIT WHERE C_BK_GROUP_ID = 'CSBANK' AND C_UNIT_CODE = 'C010897' 

 [end]

[start] [DEBUG] [2026-07-12 21:01:16.709] [C010897_C010897MCM1] 
Action target is :EmailGroup [end]

[start] [DEBUG] [2026-07-12 21:01:16.710] [C010897_C010897MCM1] 
Action type is :catalog [end]

[start] [DEBUG] [2026-07-12 21:01:16.712] [C010897_C010897MCM1] 
Action target is :F05030701115 [end]

[start] [DEBUG] [2026-07-12 21:01:16.713] [C010897_C010897MCM1] 
Action type is :function [end]

[start] [DEBUG] [2026-07-12 21:01:16.715] [C010897_C010897MCM1] 
Action target is :Label [end]

[start] [DEBUG] [2026-07-12 21:01:16.715] [C010897_C010897MCM1] 
Action type is :catalog [end]

[start] [DEBUG] [2026-07-12 21:01:16.811] [C010897_C010897MCM1] 
====request content is: 
    Request Type: Temp
Component : DBHelper
Session Context is: 
com.cs.core.utility.SessionContext@f42d36e1
Request Info Type : com.cs.core.dao.exec.SQLDao
Request Info Content is: 
[01]SELECT C_INACTIVE FROM CEUSER.SEC_USER_INFO WHERE C_USER_ID = 'C010897MCM1' AND C_UNIT_CODE = 'C010897' 

 [end]

[start] [DEBUG] [2026-07-12 21:01:16.814] [C010897_C010897MCM1] 
The request URI is : /BL6CEWeb/v1/openapi/reports/list [end]

[start] [DEBUG] [2026-07-12 21:01:16.815] [C010897_C010897MCM1] 
The URI is :/BL6CEWeb/v1/openapi/reports/list [end]

[start] [DEBUG] [2026-07-12 21:01:16.816] [C010897_C010897MCM1] 
The session refresh token in session is : null [end]

[start] [DEBUG] [2026-07-12 21:01:16.818] [C010897_C010897MCM1] 
Access the endPoint '/reports/list'.
The request body is :{"data":{"type":"Pinned"}} [end]

[start] [DEBUG] [2026-07-12 21:01:16.819] [C010897_C010897MCM1] 
====request content is: 
    Request Type: Temp
Component : DBHelper
Session Context is: 
com.cs.core.utility.SessionContext@f42d36e1
Request Info Type : com.cs.core.dao.exec.SQLDao
Request Info Content is: 
[01]SELECT A.C_REPORT_ID,A.C_GRP_CODE,A.C_USER_ID,A.T_PIN_DATE,B.C_SOURCE_REPORT,B.C_REPORT_NAME,B.T_UPDATE_DATE,C.C_USER_DESC FROM CETRX.TRX_USER_REPORT_PIN A LEFT JOIN CETRX.TRX_USER_REPORT B ON A.C_REPORT_ID = B.C_REPORT_ID  LEFT JOIN CEUSER.SEC_USER_INFO C ON A.C_GRP_CODE = C.C_UNIT_CODE AND A.C_USER_ID = C.C_USER_ID  WHERE  A.C_GRP_CODE = 'C010897'  AND  A.C_USER_ID = 'C010897MCM1'  ORDER BY B.T_UPDATE_DATE DESC

 [end]

[start] [DEBUG] [2026-07-12 21:01:16.821] [C010897_C010897MCM1] 
====request content is: 
    Request Type: Temp
Component : DBHelper
Session Context is: 
com.cs.core.utility.SessionContext@88869df6
Request Info Type : com.cs.core.dao.exec.SQLDao
Request Info Content is: 
[01]SELECT C_INACTIVE FROM CEUSER.SEC_USER_INFO WHERE C_USER_ID = 'C010897MCM1' AND C_UNIT_CODE = 'C010897' 

 [end]

[start] [DEBUG] [2026-07-12 21:01:16.824] [C010897_C010897MCM1] 
The request URI is : /BL6CEWeb/v1/openapi/calendar-event/event-list [end]

[start] [DEBUG] [2026-07-12 21:01:16.825] [C010897_C010897MCM1] 
The URI is :/BL6CEWeb/v1/openapi/calendar-event/event-list [end]

[start] [DEBUG] [2026-07-12 21:01:16.826] [C010897_C010897MCM1] 
The session refresh token in session is : null [end]

[start] [ERROR] [2026-07-12 21:01:16.833] [C010897_C010897MCM1] 
{{W}}[000334]Access is not allowed. Please contact the product support team. [end]

[start] [ERROR] [2026-07-12 21:01:16.836] [C010897_C010897MCM1] 
{{W}}[000334]Access is not allowed. Please contact the product support team. [end]

[start] [ERROR] [2026-07-12 21:01:16.839] [C010897_C010897MCM1] 
{{W}}[000334]Access is not allowed. Please contact the product support team. [end]

[start] [DEBUG] [2026-07-12 21:01:16.840] [C010897_C010897MCM1] 
====request content is: 
    Request Type: Temp
Component : DBHelper
Session Context is: 
com.cs.core.utility.SessionContext@88869df6
Request Info Type : com.cs.core.dao.exec.SQLDao
Request Info Content is: 
[01]SELECT FA_DOC_DUE_DT AS GROUP_DATE, COUNT(*) AS ASCOUNT FROM (SELECT C_PRODUCT_ID, C_MAIN_REF, C_CUST_ID, C_TRX_REF, I_EVENT_TIMES, C_BK_GROUP_ID, C_UNIT_CODE, FA_SEL_NM, FA_BUYER_NM, FA_DOC_CCY, FA_DOC_AMT, AUTH_AMT, AUTH_CCY, PARENT_MAIN_REF, FA_DOC_DT, FA_DOC_DUE_DT, CURRNT_STATUS, C_TRX_STATUS, D_CREA_DATE, D_RELE_DATE, C_FUNC_ID, C_EVENT_NAME, C_EVENT_STATUS, C_NOW_EVENT, C_LOCKED_FLAG, C_LOCKED_OP, C_RELE_BY FROM CETRX.FAEF_EM_INV WHERE   C_BK_GROUP_ID = 'CSBANK'  AND (( C_UNIT_CODE = 'C010897'  AND  C_PRODUCT_ID = 'P19080800001' )) AND C_TRX_STATUS IN ('P', 'A', 'T', 'R', 'M') AND FA_DOC_DUE_DT >= TO_DATE('2026-01-01', 'YYYY-MM-DD') AND FA_DOC_DUE_DT <= TO_DATE('2026-12-31', 'YYYY-MM-DD') ) TEMP_TABLE GROUP BY FA_DOC_DUE_DT

 [end]

[start] [DEBUG] [2026-07-12 21:01:16.851] [C010897_C010897MCM1] 
====request content is: 
    Request Type: Temp
Component : DBHelper
Session Context is: 
com.cs.core.utility.SessionContext@c00604a1
Request Info Type : com.cs.core.dao.exec.SQLDao
Request Info Content is: 
[01]SELECT C_INACTIVE FROM CEUSER.SEC_USER_INFO WHERE C_USER_ID = 'C010897MCM1' AND C_UNIT_CODE = 'C010897' 

 [end]

[start] [DEBUG] [2026-07-12 21:01:16.854] [C010897_C010897MCM1] 
The request URI is : /BL6CEWeb/v1/openapi/catalog/combo/meta [end]

[start] [DEBUG] [2026-07-12 21:01:16.855] [C010897_C010897MCM1] 
The URI is :/BL6CEWeb/v1/openapi/catalog/combo/meta [end]

[start] [DEBUG] [2026-07-12 21:01:16.856] [C010897_C010897MCM1] 
The session refresh token in session is : null [end]

[start] [DEBUG] [2026-07-12 21:01:16.859] [C010897_C010897MCM1] 
====request content is: 
    Request Type: Temp
Component : DBHelper
Session Context is: 
com.cs.core.utility.SessionContext@c00604a1
Request Info Type : com.cs.core.dao.exec.SQLDao
Request Info Content is: 
[01]SELECT C_CRITERIA_DATA,C_TMPL_NAME,C_IS_DEFAULT FROM CETRX.STD_SEARCH_CRITERIA  WHERE  C_UNIT_CODE = 'C010897'  AND  C_USER_ID = 'C010897MCM1'  AND  C_CATA_ID = 'C2A_InProgress_Maker'  AND  C_BK_GROUP_ID = 'CSBANK'  AND  I_CRITERIA_TYPE = 4 

 [end]

[start] [DEBUG] [2026-07-12 21:01:16.862] [C010897_C010897MCM1] 
The option type "distinctRecord" is only used to show the dropdown list not for format [end]

[start] [ERROR] [2026-07-12 21:01:16.863] [C010897_C010897MCM1] 
Can not find product ID  in parameter products.xml [end]

[start] [ERROR] [2026-07-12 21:01:16.864] [C010897_C010897MCM1] 
Can not find product ID  in parameter products.xml [end]

[start] [ERROR] [2026-07-12 21:01:16.864] [C010897_C010897MCM1] 
Can not find product ID  in parameter products.xml [end]

[start] [ERROR] [2026-07-12 21:01:16.865] [C010897_C010897MCM1] 
Can not find product ID  in parameter products.xml [end]

[start] [ERROR] [2026-07-12 21:01:16.866] [C010897_C010897MCM1] 
Can not find product ID  in parameter products.xml [end]

[start] [ERROR] [2026-07-12 21:01:16.867] [C010897_C010897MCM1] 
Can not find product ID  in parameter products.xml [end]

[start] [ERROR] [2026-07-12 21:01:16.868] [C010897_C010897MCM1] 
Can not find product ID  in parameter products.xml [end]

[start] [ERROR] [2026-07-12 21:01:16.869] [C010897_C010897MCM1] 
Can not find product ID  in parameter products.xml [end]

[start] [ERROR] [2026-07-12 21:01:16.869] [C010897_C010897MCM1] 
Can not find product ID  in parameter products.xml [end]

[start] [ERROR] [2026-07-12 21:01:16.870] [C010897_C010897MCM1] 
Can not find product ID  in parameter products.xml [end]

[start] [ERROR] [2026-07-12 21:01:16.871] [C010897_C010897MCM1] 
Can not find product ID  in parameter products.xml [end]

[start] [ERROR] [2026-07-12 21:01:16.872] [C010897_C010897MCM1] 
Can not find product ID  in parameter products.xml [end]

[start] [ERROR] [2026-07-12 21:01:16.873] [C010897_C010897MCM1] 
Can not find product ID  in parameter products.xml [end]

[start] [ERROR] [2026-07-12 21:01:16.875] [C010897_C010897MCM1] 
Can not find product ID  in parameter products.xml [end]

[start] [ERROR] [2026-07-12 21:01:16.875] [C010897_C010897MCM1] 
Can not find product ID  in parameter products.xml [end]

[start] [ERROR] [2026-07-12 21:01:16.876] [C010897_C010897MCM1] 
Can not find product ID  in parameter products.xml [end]

[start] [ERROR] [2026-07-12 21:01:16.877] [C010897_C010897MCM1] 
Can not find product ID  in parameter products.xml [end]

[start] [ERROR] [2026-07-12 21:01:16.878] [C010897_C010897MCM1] 
Can not find product ID  in parameter products.xml [end]

[start] [ERROR] [2026-07-12 21:01:16.879] [C010897_C010897MCM1] 
Can not find product ID  in parameter products.xml [end]

[start] [ERROR] [2026-07-12 21:01:16.880] [C010897_C010897MCM1] 
Can not find product ID  in parameter products.xml [end]

[start] [ERROR] [2026-07-12 21:01:16.880] [C010897_C010897MCM1] 
Can not find product ID  in parameter products.xml [end]

[start] [ERROR] [2026-07-12 21:01:16.881] [C010897_C010897MCM1] 
Can not find product ID  in parameter products.xml [end]

[start] [ERROR] [2026-07-12 21:01:16.882] [C010897_C010897MCM1] 
Can not find product ID  in parameter products.xml [end]

[start] [ERROR] [2026-07-12 21:01:16.883] [C010897_C010897MCM1] 
Can not find product ID  in parameter products.xml [end]

[start] [ERROR] [2026-07-12 21:01:16.884] [C010897_C010897MCM1] 
Can not find product ID  in parameter products.xml [end]

[start] [ERROR] [2026-07-12 21:01:16.885] [C010897_C010897MCM1] 
Can not find product ID  in parameter products.xml [end]

[start] [ERROR] [2026-07-12 21:01:16.886] [C010897_C010897MCM1] 
Can not find product ID  in parameter products.xml [end]

[start] [ERROR] [2026-07-12 21:01:16.887] [C010897_C010897MCM1] 
Can not find product ID  in parameter products.xml [end]

[start] [ERROR] [2026-07-12 21:01:16.887] [C010897_C010897MCM1] 
Can not find product ID  in parameter products.xml [end]

[start] [ERROR] [2026-07-12 21:01:16.888] [C010897_C010897MCM1] 
Can not find product ID  in parameter products.xml [end]

[start] [ERROR] [2026-07-12 21:01:16.889] [C010897_C010897MCM1] 
Can not find product ID  in parameter products.xml [end]

[start] [ERROR] [2026-07-12 21:01:16.890] [C010897_C010897MCM1] 
Can not find product ID  in parameter products.xml [end]

[start] [ERROR] [2026-07-12 21:01:16.891] [C010897_C010897MCM1] 
Can not find product ID  in parameter products.xml [end]

[start] [ERROR] [2026-07-12 21:01:16.892] [C010897_C010897MCM1] 
Can not find product ID  in parameter products.xml [end]

[start] [ERROR] [2026-07-12 21:01:16.893] [C010897_C010897MCM1] 
Can not find product ID  in parameter products.xml [end]

[start] [ERROR] [2026-07-12 21:01:16.894] [C010897_C010897MCM1] 
Can not find product ID  in parameter products.xml [end]

[start] [ERROR] [2026-07-12 21:01:16.895] [C010897_C010897MCM1] 
Can not find product ID  in parameter products.xml [end]

[start] [ERROR] [2026-07-12 21:01:16.896] [C010897_C010897MCM1] 
Can not find product ID  in parameter products.xml [end]

[start] [ERROR] [2026-07-12 21:01:16.897] [C010897_C010897MCM1] 
Can not find product ID  in parameter products.xml [end]

[start] [ERROR] [2026-07-12 21:01:16.898] [C010897_C010897MCM1] 
Can not find product ID  in parameter products.xml [end]

[start] [DEBUG] [2026-07-12 21:01:16.899] [C010897_C010897MCM1] 
The option type "distinctRecord" is only used to show the dropdown list not for format [end]

[start] [DEBUG] [2026-07-12 21:01:16.900] [C010897_C010897MCM1] 
The option type "distinctRecord" is only used to show the dropdown list not for format [end]

[start] [DEBUG] [2026-07-12 21:01:16.901] [C010897_C010897MCM1] 
====request content is: 
    Request Type: Temp
Component : DBHelper
Session Context is: 
com.cs.core.utility.SessionContext@c00604a1
Request Info Type : com.cs.core.dao.exec.SQLDao
Request Info Content is: 
[01]SELECT C_UNIT_CODE,C_UNIT_NAME FROM CEUSER.SEC_BUSINESS_UNIT WHERE C_UNIT_CODE = 'C010897' 

 [end]

[start] [DEBUG] [2026-07-12 21:01:17.263] [C010897_C010897MCM1] 
====request content is: 
    Request Type: Temp
Component : DBHelper
Session Context is: 
com.cs.core.utility.SessionContext@3605fe2f
Request Info Type : com.cs.core.dao.exec.SQLDao
Request Info Content is: 
[01]SELECT C_INACTIVE FROM CEUSER.SEC_USER_INFO WHERE C_USER_ID = 'C010897MCM1' AND C_UNIT_CODE = 'C010897' 

 [end]

[start] [DEBUG] [2026-07-12 21:01:17.268] [C010897_C010897MCM1] 
The request URI is : /BL6CEWeb/v1/openapi/catalog/combo/data [end]

[start] [DEBUG] [2026-07-12 21:01:17.269] [C010897_C010897MCM1] 
The URI is :/BL6CEWeb/v1/openapi/catalog/combo/data [end]

[start] [DEBUG] [2026-07-12 21:01:17.270] [C010897_C010897MCM1] 
The session refresh token in session is : null [end]

[start] [DEBUG] [2026-07-12 21:01:17.272] [C010897_C010897MCM1] 
The Catalog Object SQL is :SELECT T1.C_BK_GROUP_ID, T1.C_MAIN_REF, T1.C_TRX_REF, T1.C_UNIT_CODE, T1.PARENT_MAIN_REF, T1.C_TRX_STATUS, T1.CURRNT_STATUS, (CASE WHEN T1.C_MODULE = 'FADA' OR T1.C_MODULE = 'FAEF' THEN T1.C_TRX_STATUS ELSE T1.C2A_STATUS END) C2A_STATUS, T1.I_EVENT_TIMES, T1.C_MODULE, T1.C_FUNC_ID, T1.C_PRODUCT_ID, T1.C_TRX_ID, T3.C_LOCKED_FLAG, T3.C_LOCKED_OP, T3.C_USER_DESC, T1.D_SYS_OP_DATE, T1.T_SYS_OP_TIME, T1.C2A_CCY, T1.C2A_AMOUNT, T1.C2A_COUNTERPARTY FROM CETRX.TRX_INBOX T1 LEFT JOIN CETRX.TRX_LOCK_INFO T3 ON T1.C_MAIN_REF = T3.C_MAIN_REF AND T1.C_UNIT_CODE = T3.C_UNIT_CODE WHERE (T1.C_TRX_STATUS IN ('P', 'T', 'A', 'S') AND (T1.C_MODULE = 'IMLC' OR T1.C_MODULE = 'EXLC' OR T1.C_MODULE = 'FAEF' OR T1.C_MODULE = 'FADA' OR T1.C_MODULE = 'ABLF') AND T1.C2A_STATUS NOT IN ('Discrepancies rejected_fully authorized') OR T1.C_TRX_STATUS = 'M' AND (T1.C_MODULE = 'IMLC' AND T1.C2A_STATUS NOT IN ('Issued', 'Amended', 'Beneficiary rejected', 'Settled') OR T1.C_MODULE = 'EXCO' AND T1.CURRNT_STATUS NOT IN ('Payment Advice') OR T1.C_MODULE = 'EXLC' AND T1.CURRNT_STATUS NOT IN ('Settled', 'Advise Received', 'Amendment Received', 'Docment Received') OR T1.C_MODULE = 'FAEF' AND T1.CURRNT_STATUS NOT IN ('Settled', 'Advise Received') OR T1.C_MODULE = 'FADA' AND T1.CURRNT_STATUS NOT IN ('Settled', 'Advise Received') OR T1.C_MODULE = 'ABLF' AND T1.CURRNT_STATUS NOT IN ('Settled', 'Advise Received'))) AND T1.C_TRX_ID NOT IN (SELECT C_TRX_ID FROM CETRX.TRX_USER_DISMISS WHERE C_USER_ID = ? AND C_GRP_CODE = ?) AND (T1.C_MODULE = 'IMLC' OR T1.C_MODULE = 'EXLC' OR T1.C_MODULE = 'FAEF' OR T1.C_MODULE = 'FADA' OR T1.C_MODULE = 'ABLF') ORDER BY T1.D_SYS_OP_DATE DESC, T1.T_SYS_OP_TIME DESC [end]

[start] [DEBUG] [2026-07-12 21:01:17.273] [C010897_C010897MCM1] 
====request content is: 
    Request Type: Temp
Component : DBHelper
Session Context is: 
com.cs.core.utility.SessionContext@3605fe2f
Request Info Type : com.cs.core.dao.exec.SQLDao
Request Info Content is: 
[01]SELECT T1.C_BK_GROUP_ID, T1.C_MAIN_REF, T1.C_TRX_REF, T1.C_UNIT_CODE, T1.PARENT_MAIN_REF, T1.C_TRX_STATUS, T1.CURRNT_STATUS, (CASE WHEN T1.C_MODULE = 'FADA' OR T1.C_MODULE = 'FAEF' THEN T1.C_TRX_STATUS ELSE T1.C2A_STATUS END) C2A_STATUS, T1.I_EVENT_TIMES, T1.C_MODULE, T1.C_FUNC_ID, T1.C_PRODUCT_ID, T1.C_TRX_ID, T3.C_LOCKED_FLAG, T3.C_LOCKED_OP, T3.C_USER_DESC, T1.D_SYS_OP_DATE, T1.T_SYS_OP_TIME, T1.C2A_CCY, T1.C2A_AMOUNT, T1.C2A_COUNTERPARTY FROM CETRX.TRX_INBOX T1 LEFT JOIN CETRX.TRX_LOCK_INFO T3 ON T1.C_MAIN_REF = T3.C_MAIN_REF AND T1.C_UNIT_CODE = T3.C_UNIT_CODE WHERE   T1.C_BK_GROUP_ID = 'CSBANK'  AND (( T1.C_UNIT_CODE = 'C010897'  AND  T1.C_PRODUCT_ID IN ('FHS0YffwVNuA','P19080800000','P19080800001','P19080800002','P20030600000','epF3a6u4ZGAt') )) AND (T1.C_TRX_STATUS IN ('P', 'T', 'A', 'S') AND (T1.C_MODULE = 'IMLC' OR T1.C_MODULE = 'EXLC' OR T1.C_MODULE = 'FAEF' OR T1.C_MODULE = 'FADA' OR T1.C_MODULE = 'ABLF') AND T1.C2A_STATUS NOT IN ('Discrepancies rejected_fully authorized') OR T1.C_TRX_STATUS = 'M' AND (T1.C_MODULE = 'IMLC' AND T1.C2A_STATUS NOT IN ('Issued', 'Amended', 'Beneficiary rejected', 'Settled') OR T1.C_MODULE = 'EXCO' AND T1.CURRNT_STATUS NOT IN ('Payment Advice') OR T1.C_MODULE = 'EXLC' AND T1.CURRNT_STATUS NOT IN ('Settled', 'Advise Received', 'Amendment Received', 'Docment Received') OR T1.C_MODULE = 'FAEF' AND T1.CURRNT_STATUS NOT IN ('Settled', 'Advise Received') OR T1.C_MODULE = 'FADA' AND T1.CURRNT_STATUS NOT IN ('Settled', 'Advise Received') OR T1.C_MODULE = 'ABLF' AND T1.CURRNT_STATUS NOT IN ('Settled', 'Advise Received'))) AND T1.C_TRX_ID NOT IN (SELECT C_TRX_ID FROM CETRX.TRX_USER_DISMISS WHERE C_USER_ID = 'C010897MCM1' AND C_GRP_CODE = 'C010897') AND (T1.C_MODULE = 'IMLC' OR T1.C_MODULE = 'EXLC' OR T1.C_MODULE = 'FAEF' OR T1.C_MODULE = 'FADA' OR T1.C_MODULE = 'ABLF') ORDER BY T1.D_SYS_OP_DATE DESC, T1.T_SYS_OP_TIME DESC

 [end]

[start] [ERROR] [2026-07-12 21:01:17.282] [C010897_C010897MCM1] 
Can not find product ID  in parameter products.xml [end]

[start] [ERROR] [2026-07-12 21:01:17.283] [C010897_C010897MCM1] 
Can not find product ID  in parameter products.xml [end]

[start] [ERROR] [2026-07-12 21:01:17.283] [C010897_C010897MCM1] 
Can not find product ID  in parameter products.xml [end]

[start] [ERROR] [2026-07-12 21:01:17.284] [C010897_C010897MCM1] 
Can not find product ID  in parameter products.xml [end]

[start] [ERROR] [2026-07-12 21:01:17.285] [C010897_C010897MCM1] 
Can not find product ID  in parameter products.xml [end]

[start] [ERROR] [2026-07-12 21:01:17.285] [C010897_C010897MCM1] 
Can not find product ID  in parameter products.xml [end]

[start] [ERROR] [2026-07-12 21:01:17.286] [C010897_C010897MCM1] 
Can not find product ID  in parameter products.xml [end]

[start] [ERROR] [2026-07-12 21:01:17.287] [C010897_C010897MCM1] 
Can not find product ID  in parameter products.xml [end]

[start] [ERROR] [2026-07-12 21:01:17.288] [C010897_C010897MCM1] 
Can not find product ID  in parameter products.xml [end]

[start] [ERROR] [2026-07-12 21:01:17.289] [C010897_C010897MCM1] 
Can not find product ID  in parameter products.xml [end]

[start] [ERROR] [2026-07-12 21:01:17.290] [C010897_C010897MCM1] 
Can not find product ID  in parameter products.xml [end]

[start] [ERROR] [2026-07-12 21:01:17.291] [C010897_C010897MCM1] 
Can not find product ID  in parameter products.xml [end]

[start] [ERROR] [2026-07-12 21:01:17.292] [C010897_C010897MCM1] 
Can not find product ID  in parameter products.xml [end]

[start] [ERROR] [2026-07-12 21:01:17.292] [C010897_C010897MCM1] 
Can not find product ID  in parameter products.xml [end]

[start] [ERROR] [2026-07-12 21:01:17.293] [C010897_C010897MCM1] 
Can not find product ID  in parameter products.xml [end]

[start] [ERROR] [2026-07-12 21:01:17.294] [C010897_C010897MCM1] 
Can not find product ID  in parameter products.xml [end]

[start] [ERROR] [2026-07-12 21:01:17.295] [C010897_C010897MCM1] 
Can not find product ID  in parameter products.xml [end]

[start] [ERROR] [2026-07-12 21:01:17.296] [C010897_C010897MCM1] 
Can not find product ID  in parameter products.xml [end]

[start] [ERROR] [2026-07-12 21:01:17.297] [C010897_C010897MCM1] 
Can not find product ID  in parameter products.xml [end]

[start] [ERROR] [2026-07-12 21:01:17.298] [C010897_C010897MCM1] 
Can not find product ID  in parameter products.xml [end]

[start] [ERROR] [2026-07-12 21:01:17.299] [C010897_C010897MCM1] 
Can not find product ID  in parameter products.xml [end]

[start] [ERROR] [2026-07-12 21:01:17.300] [C010897_C010897MCM1] 
Can not find product ID  in parameter products.xml [end]

[start] [ERROR] [2026-07-12 21:01:17.301] [C010897_C010897MCM1] 
Can not find product ID  in parameter products.xml [end]

[start] [ERROR] [2026-07-12 21:01:17.302] [C010897_C010897MCM1] 
Can not find product ID  in parameter products.xml [end]

[start] [ERROR] [2026-07-12 21:01:17.302] [C010897_C010897MCM1] 
Can not find product ID  in parameter products.xml [end]

[start] [ERROR] [2026-07-12 21:01:17.303] [C010897_C010897MCM1] 
Can not find product ID  in parameter products.xml [end]

[start] [ERROR] [2026-07-12 21:01:17.304] [C010897_C010897MCM1] 
Can not find product ID  in parameter products.xml [end]

[start] [ERROR] [2026-07-12 21:01:17.305] [C010897_C010897MCM1] 
Can not find product ID  in parameter products.xml [end]

[start] [ERROR] [2026-07-12 21:01:17.306] [C010897_C010897MCM1] 
Can not find product ID  in parameter products.xml [end]

[start] [ERROR] [2026-07-12 21:01:17.307] [C010897_C010897MCM1] 
Can not find product ID  in parameter products.xml [end]

[start] [ERROR] [2026-07-12 21:01:17.308] [C010897_C010897MCM1] 
Can not find product ID  in parameter products.xml [end]

[start] [ERROR] [2026-07-12 21:01:17.308] [C010897_C010897MCM1] 
Can not find product ID  in parameter products.xml [end]

[start] [ERROR] [2026-07-12 21:01:17.310] [C010897_C010897MCM1] 
Can not find product ID  in parameter products.xml [end]

[start] [ERROR] [2026-07-12 21:01:17.311] [C010897_C010897MCM1] 
Can not find product ID  in parameter products.xml [end]

[start] [ERROR] [2026-07-12 21:01:17.312] [C010897_C010897MCM1] 
Can not find product ID  in parameter products.xml [end]

[start] [ERROR] [2026-07-12 21:01:17.313] [C010897_C010897MCM1] 
Can not find product ID  in parameter products.xml [end]

[start] [ERROR] [2026-07-12 21:01:17.313] [C010897_C010897MCM1] 
Can not find product ID  in parameter products.xml [end]

[start] [ERROR] [2026-07-12 21:01:17.315] [C010897_C010897MCM1] 
Can not find product ID  in parameter products.xml [end]

[start] [ERROR] [2026-07-12 21:01:17.316] [C010897_C010897MCM1] 
Can not find product ID  in parameter products.xml [end]

[start] [ERROR] [2026-07-12 21:01:17.316] [C010897_C010897MCM1] 
Can not find product ID  in parameter products.xml [end]

[start] [DEBUG] [2026-07-12 21:01:17.318] [C010897_C010897MCM1] 
====request content is: 
    Request Type: Temp
Component : DBHelper
Session Context is: 
com.cs.core.utility.SessionContext@3605fe2f
Request Info Type : com.cs.core.dao.exec.SQLDao
Request Info Content is: 
[01]SELECT C_UNIT_CODE,C_UNIT_NAME FROM CEUSER.SEC_BUSINESS_UNIT WHERE C_UNIT_CODE = 'C010897' 

 [end]

[start] [DEBUG] [2026-07-12 21:01:17.325] [C010897_C010897MCM1] 
====request content is: 
    Request Type: Temp
Component : DBHelper
Session Context is: 
com.cs.core.utility.SessionContext@3605fe2f
Request Info Type : com.cs.core.dao.exec.SQLDao
Request Info Content is: 
[01]SELECT C_CRITERIA_DATA,C_TMPL_NAME,C_IS_DEFAULT FROM CETRX.STD_SEARCH_CRITERIA  WHERE  C_UNIT_CODE = 'C010897'  AND  C_USER_ID = 'C010897MCM1'  AND  C_CATA_ID = 'C2A_InProgress_Maker'  AND  C_BK_GROUP_ID = 'CSBANK'  AND  I_CRITERIA_TYPE = 4 

 [end]

[start] [DEBUG] [2026-07-12 21:01:18.653] [C010897_C010897MCM1] 
====request content is: 
    Request Type: Temp
Component : DBHelper
Session Context is: 
com.cs.core.utility.SessionContext@10582f91
Request Info Type : com.cs.core.dao.exec.SQLDao
Request Info Content is: 
[01]SELECT C_INACTIVE FROM CEUSER.SEC_USER_INFO WHERE C_USER_ID = 'C010897MCM1' AND C_UNIT_CODE = 'C010897' 

 [end]

[start] [DEBUG] [2026-07-12 21:01:18.653] [C010897_C010897MCM1] 
====request content is: 
    Request Type: Temp
Component : DBHelper
Session Context is: 
com.cs.core.utility.SessionContext@af8617e6
Request Info Type : com.cs.core.dao.exec.SQLDao
Request Info Content is: 
[01]SELECT C_INACTIVE FROM CEUSER.SEC_USER_INFO WHERE C_USER_ID = 'C010897MCM1' AND C_UNIT_CODE = 'C010897' 

 [end]

[start] [DEBUG] [2026-07-12 21:01:18.658] [C010897_C010897MCM1] 
The request URI is : /BL6CEWeb/v1/openapi/widget/list [end]

[start] [DEBUG] [2026-07-12 21:01:18.658] [C010897_C010897MCM1] 
The request URI is : /BL6CEWeb/v1/openapi/widget/page/load [end]

[start] [DEBUG] [2026-07-12 21:01:18.660] [C010897_C010897MCM1] 
The URI is :/BL6CEWeb/v1/openapi/widget/list [end]

[start] [DEBUG] [2026-07-12 21:01:18.660] [C010897_C010897MCM1] 
The URI is :/BL6CEWeb/v1/openapi/widget/page/load [end]

[start] [DEBUG] [2026-07-12 21:01:18.662] [C010897_C010897MCM1] 
The session refresh token in session is : null [end]

[start] [DEBUG] [2026-07-12 21:01:18.662] [C010897_C010897MCM1] 
The session refresh token in session is : null [end]

[start] [DEBUG] [2026-07-12 21:01:18.667] [C010897_C010897MCM1] 
====request content is: 
    Request Type: Temp
Component : DBHelper
Session Context is: 
com.cs.core.utility.SessionContext@af8617e6
Request Info Type : com.cs.core.dao.exec.SQLDao
Request Info Content is: 
[01]SELECT DISTINCT C_WIDGET_NAME FROM CEUSER.SEC_WIDGETS_V2_LIST  WHERE  C_IS_ACTIVE = 'Y'  AND  C_ROLE_NAME IN ('MAKER')  ORDER BY  C_WIDGET_NAME 

 [end]

[start] [DEBUG] [2026-07-12 21:01:18.669] [C010897_C010897MCM1] 
====request content is: 
    Request Type: Temp
Component : DBHelper
Session Context is: 
com.cs.core.utility.SessionContext@10582f91
Request Info Type : com.cs.core.dao.exec.SQLDao
Request Info Content is: 
[01]SELECT DISTINCT C_WIDGET_NAME FROM CEUSER.SEC_WIDGETS_V2_LIST  WHERE  C_IS_ACTIVE = 'Y'  AND  C_ROLE_NAME IN ('MAKER')  ORDER BY  C_WIDGET_NAME 

 [end]

[start] [DEBUG] [2026-07-12 21:01:18.674] [C010897_C010897MCM1] 
====request content is: 
    Request Type: Temp
Component : DBHelper
Session Context is: 
com.cs.core.utility.SessionContext@10582f91
Request Info Type : com.cs.core.dao.exec.SQLDao
Request Info Content is: 
[01]SELECT TAB.C_TAB_ID,TAB.C_TAB_NAME,TAB.I_TAB_SEQUENCE FROM CEUSER.SEC_WIDGETS_V2_TABS TAB LEFT JOIN CEUSER.SEC_WIDGETS_V2_LAYOUT LYT ON (TAB.C_TAB_ID = LYT.C_TAB_ID AND  TAB.C_UNIT_CODE = LYT.C_UNIT_CODE AND TAB.C_USER_ID = LYT.C_USER_ID )    WHERE  TAB.C_UNIT_CODE = 'C010897'  AND  TAB.C_USER_ID = 'C010897MCM1'  AND  LYT.C_PAGE_NAME = 'analytics'  ORDER BY  TAB.I_TAB_SEQUENCE ASC 

 [end]

[start] [DEBUG] [2026-07-12 21:01:18.681] [C010897_C010897MCM1] 
====request content is: 
    Request Type: Temp
Component : DBHelper
Session Context is: 
com.cs.core.utility.SessionContext@10582f91
Request Info Type : com.cs.core.dao.exec.SQLDao
Request Info Content is: 
[01]SELECT TAB.C_TAB_ID,TAB.C_TAB_NAME,TAB.I_TAB_SEQUENCE,LYT.C_LAYOUT_INFO FROM CEUSER.SEC_WIDGETS_V2_TABS TAB LEFT JOIN CEUSER.SEC_WIDGETS_V2_LAYOUT LYT ON (TAB.C_TAB_ID = LYT.C_TAB_ID AND  TAB.C_UNIT_CODE = LYT.C_UNIT_CODE AND TAB.C_USER_ID = LYT.C_USER_ID )    WHERE  TAB.C_UNIT_CODE = 'C010897'  AND  TAB.C_USER_ID = 'C010897MCM1'  AND  LYT.C_PAGE_NAME = 'analytics'  ORDER BY  TAB.I_TAB_SEQUENCE ASC 

 [end]

[start] [DEBUG] [2026-07-12 21:01:18.689] [C010897_C010897MCM1] 
====request content is: 
    Request Type: Temp
Component : DBHelper
Session Context is: 
com.cs.core.utility.SessionContext@10582f91
Request Info Type : com.cs.core.dao.exec.SQLDao
Request Info Content is: 
[01]SELECT C_INST_CONFIG FROM CEUSER.SEC_WIDGETS_V2_INST_CONFIG  WHERE  C_INST_ID = '8A8284979F4A3FB0019F4A609F2100A1'  AND  C_UNIT_CODE = 'C010897'  AND  C_USER_ID = 'C010897MCM1' 

 [end]

[start] [DEBUG] [2026-07-12 21:01:18.697] [C010897_C010897MCM1] 
====request content is: 
    Request Type: Temp
Component : DBHelper
Session Context is: 
com.cs.core.utility.SessionContext@10582f91
Request Info Type : com.cs.core.dao.exec.SQLDao
Request Info Content is: 
[01]SELECT C_INST_CONFIG FROM CEUSER.SEC_WIDGETS_V2_INST_CONFIG  WHERE  C_INST_ID = '8A8284979F4A3FB0019F4A609F2100A1'  AND  C_UNIT_CODE = 'C010897'  AND  C_USER_ID = 'C010897MCM1' 

 [end]

[start] [DEBUG] [2026-07-12 21:01:18.707] [C010897_C010897MCM1] 
====request content is: 
    Request Type: Temp
Component : DBHelper
Session Context is: 
com.cs.core.utility.SessionContext@10582f91
Request Info Type : com.cs.core.dao.exec.SQLDao
Request Info Content is: 
[01]SELECT C_INST_CONFIG FROM CEUSER.SEC_WIDGETS_V2_INST_CONFIG  WHERE  C_INST_ID = '8A8284979F4A3FB0019F4A6263AF00A3'  AND  C_UNIT_CODE = 'C010897'  AND  C_USER_ID = 'C010897MCM1' 

 [end]

[start] [DEBUG] [2026-07-12 21:01:18.714] [C010897_C010897MCM1] 
====request content is: 
    Request Type: Temp
Component : DBHelper
Session Context is: 
com.cs.core.utility.SessionContext@10582f91
Request Info Type : com.cs.core.dao.exec.SQLDao
Request Info Content is: 
[01]SELECT C_INST_CONFIG FROM CEUSER.SEC_WIDGETS_V2_INST_CONFIG  WHERE  C_INST_ID = '8A8284979F4A3FB0019F4A6263AF00A3'  AND  C_UNIT_CODE = 'C010897'  AND  C_USER_ID = 'C010897MCM1' 

 [end]

[start] [DEBUG] [2026-07-12 21:01:18.852] [C010897_C010897MCM1] 
====request content is: 
    Request Type: Temp
Component : DBHelper
Session Context is: 
com.cs.core.utility.SessionContext@b48d95b8
Request Info Type : com.cs.core.dao.exec.SQLDao
Request Info Content is: 
[01]SELECT C_INACTIVE FROM CEUSER.SEC_USER_INFO WHERE C_USER_ID = 'C010897MCM1' AND C_UNIT_CODE = 'C010897' 

 [end]

[start] [DEBUG] [2026-07-12 21:01:18.852] [C010897_C010897MCM1] 
====request content is: 
    Request Type: Temp
Component : DBHelper
Session Context is: 
com.cs.core.utility.SessionContext@c50a28d6
Request Info Type : com.cs.core.dao.exec.SQLDao
Request Info Content is: 
[01]SELECT C_INACTIVE FROM CEUSER.SEC_USER_INFO WHERE C_USER_ID = 'C010897MCM1' AND C_UNIT_CODE = 'C010897' 

 [end]

[start] [DEBUG] [2026-07-12 21:01:18.857] [C010897_C010897MCM1] 
The request URI is : /BL6CEWeb/v1/openapi/chart/data [end]

[start] [DEBUG] [2026-07-12 21:01:18.857] [C010897_C010897MCM1] 
The request URI is : /BL6CEWeb/v1/openapi/chart/criteria [end]

[start] [DEBUG] [2026-07-12 21:01:18.858] [C010897_C010897MCM1] 
The URI is :/BL6CEWeb/v1/openapi/chart/data [end]

[start] [DEBUG] [2026-07-12 21:01:18.859] [C010897_C010897MCM1] 
The URI is :/BL6CEWeb/v1/openapi/chart/criteria [end]

[start] [DEBUG] [2026-07-12 21:01:18.860] [C010897_C010897MCM1] 
The session refresh token in session is : null [end]

[start] [DEBUG] [2026-07-12 21:01:18.861] [C010897_C010897MCM1] 
The session refresh token in session is : null [end]

[start] [DEBUG] [2026-07-12 21:01:18.863] [C010897_C010897MCM1] 
The Request body for the API /chart/data is :{"data":{"instanceId":"8A8284979F4A3FB0019F4A609F2100A1","cif":"","counterParty":""}} [end]

[start] [DEBUG] [2026-07-12 21:01:18.864] [C010897_C010897MCM1] 
The Request body for the API /chart/criteria is :{"data":{"instanceId":"8A8284979F4A3FB0019F4A609F2100A1"}} [end]

[start] [DEBUG] [2026-07-12 21:01:18.865] [C010897_C010897MCM1] 
====request content is: 
    Request Type: Temp
Component : DBHelper
Session Context is: 
com.cs.core.utility.SessionContext@c50a28d6
Request Info Type : com.cs.core.dao.exec.SQLDao
Request Info Content is: 
[01]SELECT C_INST_CONFIG FROM CEUSER.SEC_WIDGETS_V2_INST_CONFIG WHERE C_USER_ID = 'C010897MCM1' AND C_UNIT_CODE = 'C010897' AND C_INST_ID = '8A8284979F4A3FB0019F4A609F2100A1' 

 [end]

[start] [DEBUG] [2026-07-12 21:01:18.866] [C010897_C010897MCM1] 
====request content is: 
    Request Type: Temp
Component : DBHelper
Session Context is: 
com.cs.core.utility.SessionContext@b48d95b8
Request Info Type : com.cs.core.dao.exec.SQLDao
Request Info Content is: 
[01]SELECT C_INST_CONFIG FROM CEUSER.SEC_WIDGETS_V2_INST_CONFIG WHERE C_USER_ID = 'C010897MCM1' AND C_UNIT_CODE = 'C010897' AND C_INST_ID = '8A8284979F4A3FB0019F4A609F2100A1' 

 [end]

[start] [DEBUG] [2026-07-12 21:01:18.872] [C010897_C010897MCM1] 
No need to add the date range for the Chart type of stack when query the transaction open [end]

[start] [DEBUG] [2026-07-12 21:01:18.872] [C010897_C010897MCM1] 
====request content is: 
    Request Type: Temp
Component : DBHelper
Session Context is: 
com.cs.core.utility.SessionContext@b48d95b8
Request Info Type : com.cs.core.dao.exec.SQLDao
Request Info Content is: 
[01]SELECT C_UNIT_CODE,C_UNIT_NAME FROM CEUSER.SEC_BUSINESS_UNIT WHERE C_UNIT_CODE = 'C010897' 

 [end]

[start] [DEBUG] [2026-07-12 21:01:18.873] [C010897_C010897MCM1] 
====request content is: 
    Request Type: Temp
Component : DBHelper
Session Context is: 
com.cs.core.utility.SessionContext@c50a28d6
Request Info Type : com.cs.core.dao.exec.SQLDao
Request Info Content is: 
[01]SELECT 'SCF' AS PRODUCT, 'SBR' AS SUBPRODUCT, 'SBR' AS VALUENAME,EXTRACT(YEAR FROM FA_TRX_DT) AS YEAR,TO_CHAR(FA_TRX_DT,'MM') AS MONTH,FA_COUNTER_NM AS STACKFIELD,SUM(FA_LMT_AMT) AS TOTAL,FA_LMT_CCY AS CCY,COUNT(*) AS ASCOUNT FROM CETRX.FADA_EM_BSR WHERE  C_UNIT_CODE IN ('C010897')  AND FA_LMT_AMT>0 GROUP BY EXTRACT(YEAR FROM FA_TRX_DT),TO_CHAR(FA_TRX_DT,'MM'),FA_COUNTER_NM,FA_LMT_CCY

 [end]

[start] [DEBUG] [2026-07-12 21:01:18.877] [C010897_C010897MCM1] 
No need to add the date range for the Chart type of stack when query the transaction open [end]

[start] [DEBUG] [2026-07-12 21:01:18.878] [C010897_C010897MCM1] 
====request content is: 
    Request Type: Temp
Component : DBHelper
Session Context is: 
com.cs.core.utility.SessionContext@b48d95b8
Request Info Type : com.cs.core.dao.exec.SQLDao
Request Info Content is: 
[01]SELECT DISTINCT FA_COUNTER_NM AS COUNTERPARTY  FROM CETRX.FADA_EM_BSR WHERE  C_UNIT_CODE IN ('C010897')  AND FA_LMT_AMT>0

 [end]

[start] [DEBUG] [2026-07-12 21:01:18.887] [C010897_C010897MCM1] 
====request content is: 
    Request Type: Temp
Component : DBHelper
Session Context is: 
com.cs.core.utility.SessionContext@7ed56da1
Request Info Type : com.cs.core.dao.exec.SQLDao
Request Info Content is: 
[01]SELECT C_INACTIVE FROM CEUSER.SEC_USER_INFO WHERE C_USER_ID = 'C010897MCM1' AND C_UNIT_CODE = 'C010897' 

 [end]

[start] [DEBUG] [2026-07-12 21:01:18.892] [C010897_C010897MCM1] 
The request URI is : /BL6CEWeb/v1/openapi/chart/criteria [end]

[start] [DEBUG] [2026-07-12 21:01:18.893] [C010897_C010897MCM1] 
====request content is: 
    Request Type: Temp
Component : DBHelper
Session Context is: 
com.cs.core.utility.SessionContext@f9ba70e9
Request Info Type : com.cs.core.dao.exec.SQLDao
Request Info Content is: 
[01]SELECT C_INACTIVE FROM CEUSER.SEC_USER_INFO WHERE C_USER_ID = 'C010897MCM1' AND C_UNIT_CODE = 'C010897' 

 [end]

[start] [DEBUG] [2026-07-12 21:01:18.894] [C010897_C010897MCM1] 
The URI is :/BL6CEWeb/v1/openapi/chart/criteria [end]

[start] [DEBUG] [2026-07-12 21:01:18.896] [C010897_C010897MCM1] 
The session refresh token in session is : null [end]

[start] [DEBUG] [2026-07-12 21:01:18.898] [C010897_C010897MCM1] 
The request URI is : /BL6CEWeb/v1/openapi/chart/data [end]

[start] [DEBUG] [2026-07-12 21:01:18.899] [C010897_C010897MCM1] 
The URI is :/BL6CEWeb/v1/openapi/chart/data [end]

[start] [DEBUG] [2026-07-12 21:01:18.901] [C010897_C010897MCM1] 
The session refresh token in session is : null [end]

[start] [DEBUG] [2026-07-12 21:01:18.904] [C010897_C010897MCM1] 
The Request body for the API /chart/data is :{"data":{"instanceId":"8A8284979F4A3FB0019F4A6263AF00A3","cif":"","counterParty":""}} [end]

[start] [DEBUG] [2026-07-12 21:01:18.905] [C010897_C010897MCM1] 
The Request body for the API /chart/criteria is :{"data":{"instanceId":"8A8284979F4A3FB0019F4A6263AF00A3"}} [end]

[start] [DEBUG] [2026-07-12 21:01:18.906] [C010897_C010897MCM1] 
====request content is: 
    Request Type: Temp
Component : DBHelper
Session Context is: 
com.cs.core.utility.SessionContext@f9ba70e9
Request Info Type : com.cs.core.dao.exec.SQLDao
Request Info Content is: 
[01]SELECT C_INST_CONFIG FROM CEUSER.SEC_WIDGETS_V2_INST_CONFIG WHERE C_USER_ID = 'C010897MCM1' AND C_UNIT_CODE = 'C010897' AND C_INST_ID = '8A8284979F4A3FB0019F4A6263AF00A3' 

 [end]

[start] [DEBUG] [2026-07-12 21:01:18.906] [C010897_C010897MCM1] 
====request content is: 
    Request Type: Temp
Component : DBHelper
Session Context is: 
com.cs.core.utility.SessionContext@7ed56da1
Request Info Type : com.cs.core.dao.exec.SQLDao
Request Info Content is: 
[01]SELECT C_INST_CONFIG FROM CEUSER.SEC_WIDGETS_V2_INST_CONFIG WHERE C_USER_ID = 'C010897MCM1' AND C_UNIT_CODE = 'C010897' AND C_INST_ID = '8A8284979F4A3FB0019F4A6263AF00A3' 

 [end]

[start] [DEBUG] [2026-07-12 21:01:18.912] [C010897_C010897MCM1] 
No need to add the date range for the Chart type of stack when query the transaction open [end]

[start] [DEBUG] [2026-07-12 21:01:18.912] [C010897_C010897MCM1] 
====request content is: 
    Request Type: Temp
Component : DBHelper
Session Context is: 
com.cs.core.utility.SessionContext@7ed56da1
Request Info Type : com.cs.core.dao.exec.SQLDao
Request Info Content is: 
[01]SELECT C_UNIT_CODE,C_UNIT_NAME FROM CEUSER.SEC_BUSINESS_UNIT WHERE C_UNIT_CODE = 'C010897' 

 [end]

[start] [DEBUG] [2026-07-12 21:01:18.913] [C010897_C010897MCM1] 
====request content is: 
    Request Type: Temp
Component : DBHelper
Session Context is: 
com.cs.core.utility.SessionContext@f9ba70e9
Request Info Type : com.cs.core.dao.exec.SQLDao
Request Info Content is: 
[01]SELECT 'SCF' AS PRODUCT, 'Invoice' AS SUBPRODUCT, 'Amount' AS VALUENAME,FA_DOC_STATUS AS GROUPFIELD,COUNT(*) AS ASCOUNT FROM CETRX.FAEF_EM_INV WHERE  C_UNIT_CODE IN ('C010897')  AND FA_DOC_AMT>0 GROUP BY FA_DOC_STATUS

 [end]

[start] [DEBUG] [2026-07-12 21:01:18.916] [C010897_C010897MCM1] 
No need to add the date range for the Chart type of stack when query the transaction open [end]

[start] [DEBUG] [2026-07-12 21:01:18.917] [C010897_C010897MCM1] 
====request content is: 
    Request Type: Temp
Component : DBHelper
Session Context is: 
com.cs.core.utility.SessionContext@7ed56da1
Request Info Type : com.cs.core.dao.exec.SQLDao
Request Info Content is: 
[01]SELECT DISTINCT FA_COUNTER_NM AS COUNTERPARTY  FROM CETRX.FAEF_EM_INV WHERE  C_UNIT_CODE IN ('C010897')  AND FA_DOC_AMT>0

 [end]

[start] [DEBUG] [2026-07-12 21:01:19.012] [C010897_C010897MCM1] 
The request URI is : /BL6CEWeb/SPA/assets/theme/default/echarts-themes/custom-theme.json [end]

[start] [DEBUG] [2026-07-12 21:01:19.014] [C010897_C010897MCM1] 
The URI is :/BL6CEWeb/SPA/assets/theme/default/echarts-themes/custom-theme.json [end]

[start] [DEBUG] [2026-07-12 21:01:19.016] [C010897_C010897MCM1] 
The session refresh token in session is : null [end]

[start] [DEBUG] [2026-07-12 21:01:19.122] [C010897_C010897MCM1] 
The request URI is : /BL6CEWeb/SPA/assets/theme/default/echarts-themes/custom-theme.json [end]

[start] [DEBUG] [2026-07-12 21:01:19.122] [C010897_C010897MCM1] 
The URI is :/BL6CEWeb/SPA/assets/theme/default/echarts-themes/custom-theme.json [end]

[start] [DEBUG] [2026-07-12 21:01:19.123] [C010897_C010897MCM1] 
The session refresh token in session is : null [end]

[start] [DEBUG] [2026-07-12 21:01:34.743] [C010897_C010897MCM1] 
====request content is: 
    Request Type: Temp
Component : DBHelper
Session Context is: 
com.cs.core.utility.SessionContext@81576226
Request Info Type : com.cs.core.dao.exec.SQLDao
Request Info Content is: 
[01]SELECT C_INACTIVE FROM CEUSER.SEC_USER_INFO WHERE C_USER_ID = 'C010897MCM1' AND C_UNIT_CODE = 'C010897' 

 [end]

[start] [DEBUG] [2026-07-12 21:01:34.743] [C010897_C010897MCM1] 
====request content is: 
    Request Type: Temp
Component : DBHelper
Session Context is: 
com.cs.core.utility.SessionContext@e21c74dd
Request Info Type : com.cs.core.dao.exec.SQLDao
Request Info Content is: 
[01]SELECT C_INACTIVE FROM CEUSER.SEC_USER_INFO WHERE C_USER_ID = 'C010897MCM1' AND C_UNIT_CODE = 'C010897' 

 [end]

[start] [DEBUG] [2026-07-12 21:01:34.747] [C010897_C010897MCM1] 
The request URI is : /BL6CEWeb/v1/openapi/chart/criteria [end]

[start] [DEBUG] [2026-07-12 21:01:34.747] [C010897_C010897MCM1] 
The request URI is : /BL6CEWeb/v1/openapi/chart/data [end]

[start] [DEBUG] [2026-07-12 21:01:34.748] [C010897_C010897MCM1] 
The URI is :/BL6CEWeb/v1/openapi/chart/criteria [end]

[start] [DEBUG] [2026-07-12 21:01:34.748] [C010897_C010897MCM1] 
The URI is :/BL6CEWeb/v1/openapi/chart/data [end]

[start] [DEBUG] [2026-07-12 21:01:34.749] [C010897_C010897MCM1] 
The session refresh token in session is : null [end]

[start] [DEBUG] [2026-07-12 21:01:34.750] [C010897_C010897MCM1] 
The session refresh token in session is : null [end]

[start] [DEBUG] [2026-07-12 21:01:34.753] [C010897_C010897MCM1] 
The Request body for the API /chart/criteria is :{"data":{"instanceId":"8A8284979F4A3FB0019F4A6263AF00A3"}} [end]

[start] [DEBUG] [2026-07-12 21:01:34.753] [C010897_C010897MCM1] 
The Request body for the API /chart/data is :{"data":{"instanceId":"8A8284979F4A3FB0019F4A6263AF00A3","cif":"","counterParty":"C010897nm"}} [end]

[start] [DEBUG] [2026-07-12 21:01:34.754] [C010897_C010897MCM1] 
====request content is: 
    Request Type: Temp
Component : DBHelper
Session Context is: 
com.cs.core.utility.SessionContext@81576226
Request Info Type : com.cs.core.dao.exec.SQLDao
Request Info Content is: 
[01]SELECT C_INST_CONFIG FROM CEUSER.SEC_WIDGETS_V2_INST_CONFIG WHERE C_USER_ID = 'C010897MCM1' AND C_UNIT_CODE = 'C010897' AND C_INST_ID = '8A8284979F4A3FB0019F4A6263AF00A3' 

 [end]

[start] [DEBUG] [2026-07-12 21:01:34.754] [C010897_C010897MCM1] 
====request content is: 
    Request Type: Temp
Component : DBHelper
Session Context is: 
com.cs.core.utility.SessionContext@e21c74dd
Request Info Type : com.cs.core.dao.exec.SQLDao
Request Info Content is: 
[01]SELECT C_INST_CONFIG FROM CEUSER.SEC_WIDGETS_V2_INST_CONFIG WHERE C_USER_ID = 'C010897MCM1' AND C_UNIT_CODE = 'C010897' AND C_INST_ID = '8A8284979F4A3FB0019F4A6263AF00A3' 

 [end]

[start] [DEBUG] [2026-07-12 21:01:34.758] [C010897_C010897MCM1] 
No need to add the date range for the Chart type of stack when query the transaction open [end]

[start] [DEBUG] [2026-07-12 21:01:34.758] [C010897_C010897MCM1] 
====request content is: 
    Request Type: Temp
Component : DBHelper
Session Context is: 
com.cs.core.utility.SessionContext@81576226
Request Info Type : com.cs.core.dao.exec.SQLDao
Request Info Content is: 
[01]SELECT C_UNIT_CODE,C_UNIT_NAME FROM CEUSER.SEC_BUSINESS_UNIT WHERE C_UNIT_CODE = 'C010897' 

 [end]

[start] [DEBUG] [2026-07-12 21:01:34.760] [C010897_C010897MCM1] 
====request content is: 
    Request Type: Temp
Component : DBHelper
Session Context is: 
com.cs.core.utility.SessionContext@e21c74dd
Request Info Type : com.cs.core.dao.exec.SQLDao
Request Info Content is: 
[01]SELECT 'SCF' AS PRODUCT, 'Invoice' AS SUBPRODUCT, 'Amount' AS VALUENAME,FA_DOC_STATUS AS GROUPFIELD,COUNT(*) AS ASCOUNT FROM CETRX.FAEF_EM_INV WHERE  C_UNIT_CODE IN ('C010897')  AND FA_DOC_AMT>0 AND  FA_COUNTER_NM = 'C010897nm'  GROUP BY FA_DOC_STATUS

 [end]

[start] [DEBUG] [2026-07-12 21:01:34.763] [C010897_C010897MCM1] 
No need to add the date range for the Chart type of stack when query the transaction open [end]

[start] [DEBUG] [2026-07-12 21:01:34.764] [C010897_C010897MCM1] 
====request content is: 
    Request Type: Temp
Component : DBHelper
Session Context is: 
com.cs.core.utility.SessionContext@81576226
Request Info Type : com.cs.core.dao.exec.SQLDao
Request Info Content is: 
[01]SELECT DISTINCT FA_COUNTER_NM AS COUNTERPARTY  FROM CETRX.FAEF_EM_INV WHERE  C_UNIT_CODE IN ('C010897')  AND FA_DOC_AMT>0

 [end]

[start] [DEBUG] [2026-07-12 21:01:35.132] [C010897_C010897MCM1] 
The request URI is : /BL6CEWeb/SPA/assets/theme/default/echarts-themes/custom-theme.json [end]

[start] [DEBUG] [2026-07-12 21:01:35.133] [C010897_C010897MCM1] 
The URI is :/BL6CEWeb/SPA/assets/theme/default/echarts-themes/custom-theme.json [end]

[start] [DEBUG] [2026-07-12 21:01:35.134] [C010897_C010897MCM1] 
The session refresh token in session is : null [end]

[start] [DEBUG] [2026-07-12 21:32:59.991] [C010897_C010897MCM1] 
====request content is: 
    Request Type: Temp
Component : DBHelper
Session Context is: 
com.cs.core.utility.SessionContext@aee3f030
Request Info Type : com.cs.core.dao.exec.SQLDao
Request Info Content is: 
[01]DELETE FROM CEUSER.SEC_LOGIN_SESSION WHERE C_BK_GROUP_ID = 'CSBANK' AND C_USER_ID = 'C010897MCM1' AND C_UNIT_CODE = 'C010897' AND C_SESSION_ID = 'X3O_ji3UPRVhteGi0WSPfb9' 

 [end]

[start] [DEBUG] [2026-07-12 23:49:57.641] [C010897_C010897MCM1] 
The request URI is : /BL6CEWeb/logout.do [end]

[start] [DEBUG] [2026-07-12 23:49:57.643] [C010897_C010897MCM1] 
The session refresh token in session is : null [end]

[start] [DEBUG] [2026-07-12 23:49:57.646] [C010897_C010897MCM1] 
== go to screen: /screen/SYS_LogOff.jsp?LOGIN_URL_TYPE=SYS_index.htm [end]
