
[start] [DEBUG] [2026-07-08 09:26:52.166] [C011026_C011026CPM1] 
browserLanguage :en [end]

[start] [DEBUG] [2026-07-08 09:26:52.170] [C011026_C011026CPM1] 
acceptLanguage :en-US,en;q=0.9 [end]

[start] [DEBUG] [2026-07-08 09:26:52.171] [C011026_C011026CPM1] 
defaultLanguage :null [end]

[start] [DEBUG] [2026-07-08 09:26:52.174] [C011026_C011026CPM1] 
====request content is: 
    Request Type: Temp
Component : DBHelper
Session Context is: 
com.cs.core.utility.SessionContext@4753fb17
Request Info Type : com.cs.core.dao.exec.SQLDao
Request Info Content is: 
[01]DELETE FROM CEUSER.SEC_LOGIN_SESSION WHERE C_USER_ID = 'C011026CPM1' AND C_UNIT_CODE = 'C011026' AND C_BK_GROUP_ID = 'CSBANK' AND C_SESSION_ID = '4wBvIJxezv3Qi33Le9LcV4K' 
[02]UPDATE CEUSER.SEC_LOGIN_SESSION SET C_IS_INFORM = 'T' WHERE C_USER_ID = 'C011026CPM1' AND C_UNIT_CODE = 'C011026' AND C_BK_GROUP_ID = 'CSBANK' 
[03]INSERT INTO CEUSER.SEC_LOGIN_SESSION (C_BK_GROUP_ID,C_UNIT_CODE,C_USER_ID,C_SESSION_ID,C_IS_INFORM) VALUES ('CSBANK','C011026','C011026CPM1','4wBvIJxezv3Qi33Le9LcV4K','F')

 [end]

[start] [DEBUG] [2026-07-08 09:26:52.184] [C011026_C011026CPM1] 

------------------ Session ID : 4wBvIJxezv3Qi33Le9LcV4K --------------------

{SS_USER_INFO,userId(C_USER_ID)=C011026CPM1,
userDesc(C_USER_DESC)=C011026CPM1,
userType(I_USER_TYPE)=2,
multiLogin(I_MULTI_LOGIN)=true,
deftUnitCode(C_DFLT_UNIT_CODE)=C011026,
authLevel(I_AUTH_LEVEL)=1,
langVal(C_LANG_VAL)=null,
secType(I_SEC_TYPE)=-1,
tempProtect(C_TMPL_PROTECT)=F,
C_TIMEZONE_ID=null
C_UNIT_CODE=C011026
C_CNTY_CODE=US
C_LANG_NAME=null
C_CHANGE_PSW=F
C_LOGIN_RULE=null
C_AUTH_SET=null
C_PRIVATE_MAIL=henry.chen@chinasystems.com
C_BK_GROUP_ID=CSBANK
}

{USER_NORMAL_LOGON,Y}

{C_USER_ID,C011026CPM1}

{SS_LOG_INFO,com.cs.core.pojo.buinfo.LogSessionInfo@87822826}

{SS_CLIENT_INFO,ssoWay(SSO_WAY)=null
ip=10.3.197.109
loginURL=SYS_index.htm
no any attribute}

{SS_FAP_INFO,C011026=
<ci name=C011026>
    <pdt id = FHS0YffwVNuA    authlevel=1>
        <E3o1b6pUPjix/>
        <jnIqGfgOGyM4/>
        <vvdXYVdtu5PO/>
        <yPHXuSVapk8S/>
    </pdt>
    <pdt id = P19080800000    authlevel=1>
        <F05030701194/>
    </pdt>
    <pdt id = P19080800001    authlevel=1>
        <F05030701212/>
        <F05030701213/>
        <RhjyIdDgmogc/>
        <YoCV1ozbR97y/>
        <clR0uTsZ0ppf/>
        <eY3rhG3DHWUg/>
        <hhxIhYm59FlX/>
        <lQCbD5Oy9DdC/>
        <mtTzVJ0ZKW1o/>
        <oSjl8ADUkzf1/>
        <pE4zoqzrtPMU/>
        <paOx9RzWfE7J/>
        <wBRcPvagnKpt/>
    </pdt>
    <pdt id = P19080800002    authlevel=1>
        <E1eKNgSp5mMA/>
        <F05030701218/>
        <F05030701219/>
        <F05030701222/>
        <Ivyj1dfdlHz8/>
        <bLA4AbFaEARt/>
        <xS38ls1GFYMx/>
    </pdt>
    <pdt id = epF3a6u4ZGAt    authlevel=1>
        <H41mNZC5cwS0/>
        <O9VURSxMR3jx/>
        <ObwHTXVfZqhv/>
        <OsGbB5jtlbFo/>
        <RYUNlokSJwnS/>
        <YLhR0dUYVujx/>
        <a3alzVbMdKai/>
        <i6NK4m6dOBhG/>
        <tgFrsDBwNjju/>
    </pdt>
</ci>
}

{C_BUSINESS_UNIT,C011026}

{SS_GRP_INFO,unitCode(C_UNIT_CODE)=C011026,
unitName(C_UNIT_NAME)=C011025001nm,
bkGrpId(C_BK_GROUP_ID)=CSBANK,
cntyCode(C_CNTY_CODE)=US,
subCnty(C_SUB_CNTY)=US,
bank(C_IS_BANK)=F,
secType(I_SEC_TYPE)=3
tempProtect(C_TMPL_PROTECT)=F,
C_LANG_NAME=null
I_UNIT_TYPE=1
C_HAVE_AUTH=T
C_LANG_VAL=null
C_BANK_UNIT=null
C_BANK_CODE=null
dualCtrl(C_DUAL_CTRL)=T,
custFmt=decFormat(C_DEC_FORMAT)=.,
intFormat(C_INT_FORMAT)=,,
intFmtLen(I_INT_FMT_LEN)=3,
dateFormat(C_DATE_FORM)=yyyy-mm-dd,
,
}

{isFirstChangeMail,false}

{GLOBAL_REFRESH_TOKEN,1783488412135}

{CSRFKEY,[I@bc6f1132}

{inActiveComps,[]}

{SS_TREE_ARRAY,[[Ljava.lang.String;@f609d674}

{CSRFTOKEN,8A8284979F3CBD84019F403179E50105}
 [end]

[start] [DEBUG] [2026-07-08 09:26:52.186] [C011026_C011026CPM1] 
====request content is: 
    Request Type: Temp
Component : DBHelper
Session Context is: 
com.cs.core.utility.SessionContext@4753fb17
Request Info Type : com.cs.core.dao.exec.SQLDao
Request Info Content is: 
[01]INSERT INTO CETRX.TRX_ACT_LOG (C_LOG_ID,C_BK_GROUP_ID,C_CNTY_CODE,C_GRP_CODE,C_UNIT_CODE,C_USER_ID,C_IP_ADDRESS,C_FUNC_ID,D_CREA_DATE,T_CREA_TIME,D_SYS_OP_DATE,T_SYS_OP_TIME,D_SYS_TRT_DATE,T_SYS_TRT_TIME,C_BUSI_KEY) VALUES ('8A8284979F3CBD84019F40317A180106','CSBANK','US','C011026','C011026','C011026CPM1','10.3.197.109','Login','2026-07-08','05:26:52','2026-07-08','05:26:52','2026-07-08','05:26:52','C011026;C011026CPM1')

 [end]

[start] [DEBUG] [2026-07-08 09:26:52.204] [C011026_C011026CPM1] 
The request URI is : /BL6CEWeb/servlets/CELoginAuthorizationManager [end]

[start] [DEBUG] [2026-07-08 09:26:52.205] [C011026_C011026CPM1] 
The URI is :/BL6CEWeb/servlets/CELoginAuthorizationManager [end]

[start] [DEBUG] [2026-07-08 09:26:52.206] [C011026_C011026CPM1] 
The session refresh token in session is : null [end]

[start] [DEBUG] [2026-07-08 09:26:52.312] [C011026_C011026CPM1] 
The request URI is : /BL6CEWeb/SYS_JS/jQuery/jquery.min.js [end]

[start] [DEBUG] [2026-07-08 09:26:52.317] [C011026_C011026CPM1] 
The URI is :/BL6CEWeb/SYS_JS/jQuery/jquery.min.js [end]

[start] [DEBUG] [2026-07-08 09:26:52.319] [C011026_C011026CPM1] 
The session refresh token in session is : null [end]

[start] [DEBUG] [2026-07-08 09:26:52.322] [C011026_C011026CPM1] 
The request URI is : /BL6CEWeb/SYS_JS/SYS_CrossBrowser.js [end]

[start] [DEBUG] [2026-07-08 09:26:52.323] [C011026_C011026CPM1] 
The URI is :/BL6CEWeb/SYS_JS/SYS_CrossBrowser.js [end]

[start] [DEBUG] [2026-07-08 09:26:52.324] [C011026_C011026CPM1] 
The session refresh token in session is : null [end]

[start] [DEBUG] [2026-07-08 09:26:52.327] [C011026_C011026CPM1] 
The request URI is : /BL6CEWeb/SPA/styles.css [end]

[start] [DEBUG] [2026-07-08 09:26:52.329] [C011026_C011026CPM1] 
The URI is :/BL6CEWeb/SPA/styles.css [end]

[start] [DEBUG] [2026-07-08 09:26:52.330] [C011026_C011026CPM1] 
The session refresh token in session is : null [end]

[start] [DEBUG] [2026-07-08 09:26:52.410] [C011026_C011026CPM1] 
The request URI is : /BL6CEWeb/SYS_JS/SYS_XMLManager.js [end]

[start] [DEBUG] [2026-07-08 09:26:52.412] [C011026_C011026CPM1] 
The URI is :/BL6CEWeb/SYS_JS/SYS_XMLManager.js [end]

[start] [DEBUG] [2026-07-08 09:26:52.426] [C011026_C011026CPM1] 
The session refresh token in session is : null [end]

[start] [DEBUG] [2026-07-08 09:26:52.429] [C011026_C011026CPM1] 
The request URI is : /BL6CEWeb/JS/BaseFunc.js [end]

[start] [DEBUG] [2026-07-08 09:26:52.431] [C011026_C011026CPM1] 
The URI is :/BL6CEWeb/JS/BaseFunc.js [end]

[start] [DEBUG] [2026-07-08 09:26:52.432] [C011026_C011026CPM1] 
The session refresh token in session is : null [end]

[start] [DEBUG] [2026-07-08 09:26:52.436] [C011026_C011026CPM1] 
The request URI is : /BL6CEWeb/JS/Buttons.js [end]

[start] [DEBUG] [2026-07-08 09:26:52.437] [C011026_C011026CPM1] 
The URI is :/BL6CEWeb/JS/Buttons.js [end]

[start] [DEBUG] [2026-07-08 09:26:52.439] [C011026_C011026CPM1] 
The session refresh token in session is : null [end]

[start] [DEBUG] [2026-07-08 09:26:52.442] [C011026_C011026CPM1] 
The request URI is : /BL6CEWeb/JS/SYS_ExtendSession.js [end]

[start] [DEBUG] [2026-07-08 09:26:52.443] [C011026_C011026CPM1] 
The URI is :/BL6CEWeb/JS/SYS_ExtendSession.js [end]

[start] [DEBUG] [2026-07-08 09:26:52.445] [C011026_C011026CPM1] 
The session refresh token in session is : null [end]

[start] [DEBUG] [2026-07-08 09:26:52.450] [C011026_C011026CPM1] 
The request URI is : /BL6CEWeb/SPA/extensions/summary.js [end]

[start] [DEBUG] [2026-07-08 09:26:52.451] [C011026_C011026CPM1] 
The URI is :/BL6CEWeb/SPA/extensions/summary.js [end]

[start] [DEBUG] [2026-07-08 09:26:52.453] [C011026_C011026CPM1] 
The session refresh token in session is : null [end]

[start] [DEBUG] [2026-07-08 09:26:52.536] [C011026_C011026CPM1] 
The request URI is : /BL6CEWeb/SYS_JS/SYS_ErrHandle.js [end]

[start] [DEBUG] [2026-07-08 09:26:52.571] [C011026_C011026CPM1] 
The URI is :/BL6CEWeb/SYS_JS/SYS_ErrHandle.js [end]

[start] [DEBUG] [2026-07-08 09:26:52.572] [C011026_C011026CPM1] 
The session refresh token in session is : null [end]

[start] [DEBUG] [2026-07-08 09:26:52.639] [C011026_C011026CPM1] 
The request URI is : /BL6CEWeb/theme/Calendar.css [end]

[start] [DEBUG] [2026-07-08 09:26:52.640] [C011026_C011026CPM1] 
The URI is :/BL6CEWeb/theme/Calendar.css [end]

[start] [DEBUG] [2026-07-08 09:26:52.642] [C011026_C011026CPM1] 
The session refresh token in session is : null [end]

[start] [DEBUG] [2026-07-08 09:26:52.674] [C011026_C011026CPM1] 
The request URI is : /BL6CEWeb/servlets/WSTrxManager [end]

[start] [DEBUG] [2026-07-08 09:26:52.687] [C011026_C011026CPM1] 
The URI is :/BL6CEWeb/servlets/WSTrxManager [end]

[start] [DEBUG] [2026-07-08 09:26:52.689] [C011026_C011026CPM1] 
The session refresh token in session is : null [end]

[start] [DEBUG] [2026-07-08 09:26:52.697] [C011026_C011026CPM1] 
====request content is: 
    Request Type: Temp
Component : DBHelper
Session Context is: 
com.cs.core.utility.SessionContext@bc3abe59
Request Info Type : com.cs.core.dao.exec.SQLDao
Request Info Content is: 
[01]SELECT C_INACTIVE FROM CEUSER.SEC_USER_INFO WHERE C_USER_ID = 'C011026CPM1' AND C_UNIT_CODE = 'C011026' 

 [end]

[start] [DEBUG] [2026-07-08 09:26:52.701] [C011026_C011026CPM1] 
====request content is: 
    Request Type: Temp
Component : DBHelper
Session Context is: 
com.cs.core.utility.SessionContext@bc3abe59
Request Info Type : com.cs.core.dao.exec.SQLDao
Request Info Content is: 
[01]SELECT C_IS_INFORM FROM CEUSER.SEC_LOGIN_SESSION WHERE C_SESSION_ID = '4wBvIJxezv3Qi33Le9LcV4K' 

 [end]

[start] [DEBUG] [2026-07-08 09:26:52.705] [C011026_C011026CPM1] 

------------------ Session ID : 4wBvIJxezv3Qi33Le9LcV4K --------------------

{com.ibm.websphere.servlet.uri_non_decoded,/BL6CEWeb/servlets/WSTrxManager}

{CHECKED_REFRESH,T}

{JSESSIONID,}

{javax.servlet.forward.query_string, 
CSRFTOKEN=VD8AN828qg4957R9F3GCBivDT8M40nF1q1D9LFM4033h179UDqEvt9M50q1Z0Lm5
_TRX_STATUS=SESSION_LIFE_CYCLE
MOTION_TYPE=INIT
REFRESH_TOKEN=1
AjaxPost=T
}
 [end]

[start] [DEBUG] [2026-07-08 09:26:54.190] [C011026_C011026CPM1] 
The request URI is : /BL6CEWeb/SPA/assets/app.config.json [end]

[start] [DEBUG] [2026-07-08 09:26:54.192] [C011026_C011026CPM1] 
The URI is :/BL6CEWeb/SPA/assets/app.config.json [end]

[start] [DEBUG] [2026-07-08 09:26:54.195] [C011026_C011026CPM1] 
The session refresh token in session is : null [end]

[start] [DEBUG] [2026-07-08 09:26:54.202] [C011026_C011026CPM1] 
====request content is: 
    Request Type: Temp
Component : DBHelper
Session Context is: 
com.cs.core.utility.SessionContext@5b78abbc
Request Info Type : com.cs.core.dao.exec.SQLDao
Request Info Content is: 
[01]SELECT C_INACTIVE FROM CEUSER.SEC_USER_INFO WHERE C_USER_ID = 'C011026CPM1' AND C_UNIT_CODE = 'C011026' 

 [end]

[start] [DEBUG] [2026-07-08 09:26:54.208] [C011026_C011026CPM1] 
The request URI is : /BL6CEWeb/v1/openapi/mlg/component [end]

[start] [DEBUG] [2026-07-08 09:26:54.210] [C011026_C011026CPM1] 
The URI is :/BL6CEWeb/v1/openapi/mlg/component [end]

[start] [DEBUG] [2026-07-08 09:26:54.211] [C011026_C011026CPM1] 
The session refresh token in session is : null [end]

[start] [DEBUG] [2026-07-08 09:26:54.242] [C011026_C011026CPM1] 
====request content is: 
    Request Type: Temp
Component : DBHelper
Session Context is: 
com.cs.core.utility.SessionContext@2e574896
Request Info Type : com.cs.core.dao.exec.SQLDao
Request Info Content is: 
[01]SELECT C_INACTIVE FROM CEUSER.SEC_USER_INFO WHERE C_USER_ID = 'C011026CPM1' AND C_UNIT_CODE = 'C011026' 

 [end]

[start] [DEBUG] [2026-07-08 09:26:54.248] [C011026_C011026CPM1] 
The request URI is : /BL6CEWeb/v1/openapi/notice/item/count [end]

[start] [DEBUG] [2026-07-08 09:26:54.249] [C011026_C011026CPM1] 
The URI is :/BL6CEWeb/v1/openapi/notice/item/count [end]

[start] [DEBUG] [2026-07-08 09:26:54.252] [C011026_C011026CPM1] 
The session refresh token in session is : null [end]

[start] [DEBUG] [2026-07-08 09:26:54.254] [C011026_C011026CPM1] 
====request content is: 
    Request Type: Temp
Component : DBHelper
Session Context is: 
com.cs.core.utility.SessionContext@edf51a48
Request Info Type : com.cs.core.dao.exec.SQLDao
Request Info Content is: 
[01]SELECT C_INACTIVE FROM CEUSER.SEC_USER_INFO WHERE C_USER_ID = 'C011026CPM1' AND C_UNIT_CODE = 'C011026' 

 [end]

[start] [DEBUG] [2026-07-08 09:26:54.256] [C011026_C011026CPM1] 
====request content is: 
    Request Type: Temp
Component : DBHelper
Session Context is: 
com.cs.core.utility.SessionContext@2e574896
Request Info Type : com.cs.core.dao.exec.SQLDao
Request Info Content is: 
[01]SELECT COUNT(*) AS RECCOUNT FROM CETRX.STD_NOTIFICATION  WHERE C_NOTI_ID IN ( SELECT C_NOTI_ID FROM CETRX.STD_NOTIFICATION_STATUS  WHERE  C_READ_STATUS = 'F'  AND  C_USER_ID = 'C011026CPM1'  AND  C_UNIT_CODE = 'C011026'  )

 [end]

[start] [DEBUG] [2026-07-08 09:26:54.258] [C011026_C011026CPM1] 
The request URI is : /BL6CEWeb/v1/openapi/user/roles [end]

[start] [DEBUG] [2026-07-08 09:26:54.259] [C011026_C011026CPM1] 
The URI is :/BL6CEWeb/v1/openapi/user/roles [end]

[start] [DEBUG] [2026-07-08 09:26:54.261] [C011026_C011026CPM1] 
The session refresh token in session is : null [end]

[start] [DEBUG] [2026-07-08 09:26:54.262] [C011026_C011026CPM1] 
====request content is: 
    Request Type: Temp
Component : DBHelper
Session Context is: 
com.cs.core.utility.SessionContext@33c4a605
Request Info Type : com.cs.core.dao.exec.SQLDao
Request Info Content is: 
[01]SELECT C_INACTIVE FROM CEUSER.SEC_USER_INFO WHERE C_USER_ID = 'C011026CPM1' AND C_UNIT_CODE = 'C011026' 

 [end]

[start] [DEBUG] [2026-07-08 09:26:54.267] [C011026_C011026CPM1] 
The request URI is : /BL6CEWeb/SPA/assets/img/iconset.svg [end]

[start] [DEBUG] [2026-07-08 09:26:54.268] [C011026_C011026CPM1] 
The request URI is : /BL6CEWeb/v1/openapi/services [end]

[start] [DEBUG] [2026-07-08 09:26:54.268] [C011026_C011026CPM1] 
The URI is :/BL6CEWeb/SPA/assets/img/iconset.svg [end]

[start] [DEBUG] [2026-07-08 09:26:54.269] [C011026_C011026CPM1] 
The URI is :/BL6CEWeb/v1/openapi/services [end]

[start] [DEBUG] [2026-07-08 09:26:54.270] [C011026_C011026CPM1] 
The session refresh token in session is : null [end]

[start] [DEBUG] [2026-07-08 09:26:54.270] [C011026_C011026CPM1] 
The session refresh token in session is : null [end]

[start] [DEBUG] [2026-07-08 09:26:54.274] [C011026_C011026CPM1] 
The request URI is : /BL6CEWeb/SPA/assets/theme/default/img/logo.png [end]

[start] [DEBUG] [2026-07-08 09:26:54.275] [C011026_C011026CPM1] 
The URI is :/BL6CEWeb/SPA/assets/theme/default/img/logo.png [end]

[start] [DEBUG] [2026-07-08 09:26:54.275] [C011026_C011026CPM1] 
====request content is: 
    Request Type: Temp
Component : DBHelper
Session Context is: 
com.cs.core.utility.SessionContext@33c4a605
Request Info Type : com.cs.core.dao.exec.SQLDao
Request Info Content is: 
[01]SELECT C_FUNC_ID,T_OP_TIME FROM CETRX.TRX_FAVOR_FUNC  WHERE  C_UNIT_CODE = 'C011026'  AND  C_USER_ID = 'C011026CPM1'  ORDER BY  T_OP_TIME DESC 

 [end]

[start] [DEBUG] [2026-07-08 09:26:54.276] [C011026_C011026CPM1] 
The session refresh token in session is : null [end]

[start] [DEBUG] [2026-07-08 09:26:54.304] [C011026_C011026CPM1] 
====request content is: 
    Request Type: Temp
Component : DBHelper
Session Context is: 
com.cs.core.utility.SessionContext@fceff60
Request Info Type : com.cs.core.dao.exec.SQLDao
Request Info Content is: 
[01]SELECT C_INACTIVE FROM CEUSER.SEC_USER_INFO WHERE C_USER_ID = 'C011026CPM1' AND C_UNIT_CODE = 'C011026' 

 [end]

[start] [DEBUG] [2026-07-08 09:26:54.309] [C011026_C011026CPM1] 
The request URI is : /BL6CEWeb/v1/openapi/user/fap/action [end]

[start] [DEBUG] [2026-07-08 09:26:54.310] [C011026_C011026CPM1] 
====request content is: 
    Request Type: Temp
Component : DBHelper
Session Context is: 
com.cs.core.utility.SessionContext@b7f7753f
Request Info Type : com.cs.core.dao.exec.SQLDao
Request Info Content is: 
[01]SELECT C_INACTIVE FROM CEUSER.SEC_USER_INFO WHERE C_USER_ID = 'C011026CPM1' AND C_UNIT_CODE = 'C011026' 

 [end]

[start] [DEBUG] [2026-07-08 09:26:54.311] [C011026_C011026CPM1] 
The URI is :/BL6CEWeb/v1/openapi/user/fap/action [end]

[start] [DEBUG] [2026-07-08 09:26:54.312] [C011026_C011026CPM1] 
The session refresh token in session is : null [end]

[start] [DEBUG] [2026-07-08 09:26:54.313] [C011026_C011026CPM1] 
====request content is: 
    Request Type: Temp
Component : DBHelper
Session Context is: 
com.cs.core.utility.SessionContext@2a8c3425
Request Info Type : com.cs.core.dao.exec.SQLDao
Request Info Content is: 
[01]SELECT C_INACTIVE FROM CEUSER.SEC_USER_INFO WHERE C_USER_ID = 'C011026CPM1' AND C_UNIT_CODE = 'C011026' 

 [end]

[start] [DEBUG] [2026-07-08 09:26:54.318] [C011026_C011026CPM1] 
The request URI is : /BL6CEWeb/v1/openapi/notification/bell [end]

[start] [DEBUG] [2026-07-08 09:26:54.319] [C011026_C011026CPM1] 
The URI is :/BL6CEWeb/v1/openapi/notification/bell [end]

[start] [DEBUG] [2026-07-08 09:26:54.320] [C011026_C011026CPM1] 
====request content is: 
    Request Type: Temp
Component : DBHelper
Session Context is: 
com.cs.core.utility.SessionContext@fceff60
Request Info Type : com.cs.core.dao.exec.SQLDao
Request Info Content is: 
[01]SELECT * FROM CEUSER.SEC_BUSINESS_UNIT WHERE C_UNIT_CODE = 'C011026' 

 [end]

[start] [DEBUG] [2026-07-08 09:26:54.320] [C011026_C011026CPM1] 
The session refresh token in session is : null [end]

[start] [DEBUG] [2026-07-08 09:26:54.336] [C011026_C011026CPM1] 
The request URI is : /BL6CEWeb/v1/openapi/widget/page/load [end]

[start] [DEBUG] [2026-07-08 09:26:54.338] [C011026_C011026CPM1] 
The URI is :/BL6CEWeb/v1/openapi/widget/page/load [end]

[start] [DEBUG] [2026-07-08 09:26:54.339] [C011026_C011026CPM1] 
The session refresh token in session is : null [end]

[start] [DEBUG] [2026-07-08 09:26:54.398] [C011026_C011026CPM1] 
====request content is: 
    Request Type: Temp
Component : DBHelper
Session Context is: 
com.cs.core.utility.SessionContext@fceff60
Request Info Type : com.cs.core.dao.exec.SQLDao
Request Info Content is: 
[01]SELECT C_AUTH_RULE FROM CEUSER.SEC_USER_INFO WHERE C_BK_GROUP_ID = 'CSBANK' AND C_UNIT_CODE = 'C011026' AND C_USER_ID = 'C011026CPM1' 

 [end]

[start] [DEBUG] [2026-07-08 09:26:54.402] [C011026_C011026CPM1] 
====request content is: 
    Request Type: Temp
Component : DBHelper
Session Context is: 
com.cs.core.utility.SessionContext@c99ec68f
Request Info Type : com.cs.core.dao.exec.SQLDao
Request Info Content is: 
[01]SELECT C_INACTIVE FROM CEUSER.SEC_USER_INFO WHERE C_USER_ID = 'C011026CPM1' AND C_UNIT_CODE = 'C011026' 

 [end]

[start] [DEBUG] [2026-07-08 09:26:54.402] [C011026_C011026CPM1] 
====request content is: 
    Request Type: Temp
Component : DBHelper
Session Context is: 
com.cs.core.utility.SessionContext@fceff60
Request Info Type : com.cs.core.dao.exec.SQLDao
Request Info Content is: 
[01]SELECT C_AUTH_RULE FROM CEUSER.SEC_BUSINESS_UNIT WHERE C_BK_GROUP_ID = 'CSBANK' AND C_UNIT_CODE = 'C011026' 

 [end]

[start] [DEBUG] [2026-07-08 09:26:54.406] [C011026_C011026CPM1] 
The request URI is : /BL6CEWeb/v1/openapi/widget/list [end]

[start] [DEBUG] [2026-07-08 09:26:54.408] [C011026_C011026CPM1] 
The URI is :/BL6CEWeb/v1/openapi/widget/list [end]

[start] [DEBUG] [2026-07-08 09:26:54.409] [C011026_C011026CPM1] 
The session refresh token in session is : null [end]

[start] [DEBUG] [2026-07-08 09:26:54.414] [C011026_C011026CPM1] 
====request content is: 
    Request Type: Temp
Component : DBHelper
Session Context is: 
com.cs.core.utility.SessionContext@c99ec68f
Request Info Type : com.cs.core.dao.exec.SQLDao
Request Info Content is: 
[01]SELECT DISTINCT C_WIDGET_NAME FROM CEUSER.SEC_WIDGETS_V2_LIST  WHERE  C_IS_ACTIVE = 'Y'  AND  C_ROLE_NAME IN ('MAKER')  ORDER BY  C_WIDGET_NAME 

 [end]

[start] [DEBUG] [2026-07-08 09:26:54.432] [C011026_C011026CPM1] 
====request content is: 
    Request Type: Temp
Component : DBHelper
Session Context is: 
com.cs.core.utility.SessionContext@b7f7753f
Request Info Type : com.cs.core.dao.exec.SQLDao
Request Info Content is: 
[01]SELECT DISTINCT C_WIDGET_NAME FROM CEUSER.SEC_WIDGETS_V2_LIST  WHERE  C_IS_ACTIVE = 'Y'  AND  C_ROLE_NAME IN ('MAKER')  ORDER BY  C_WIDGET_NAME 

 [end]

[start] [DEBUG] [2026-07-08 09:26:54.437] [C011026_C011026CPM1] 
====request content is: 
    Request Type: Temp
Component : DBHelper
Session Context is: 
com.cs.core.utility.SessionContext@b7f7753f
Request Info Type : com.cs.core.dao.exec.SQLDao
Request Info Content is: 
[01]SELECT TAB.C_TAB_ID,TAB.C_TAB_NAME,TAB.I_TAB_SEQUENCE FROM CEUSER.SEC_WIDGETS_V2_TABS TAB LEFT JOIN CEUSER.SEC_WIDGETS_V2_LAYOUT LYT ON (TAB.C_TAB_ID = LYT.C_TAB_ID AND  TAB.C_UNIT_CODE = LYT.C_UNIT_CODE AND TAB.C_USER_ID = LYT.C_USER_ID )    WHERE  TAB.C_UNIT_CODE = 'C011026'  AND  TAB.C_USER_ID = 'C011026CPM1'  AND  LYT.C_PAGE_NAME = 'default'  ORDER BY  TAB.I_TAB_SEQUENCE ASC 

 [end]

[start] [DEBUG] [2026-07-08 09:26:54.443] [C011026_C011026CPM1] 
Start to check whether user role is changed. [end]

[start] [DEBUG] [2026-07-08 09:26:54.499] [C011026_C011026CPM1] 
====request content is: 
    Request Type: Temp
Component : DBHelper
Session Context is: 
com.cs.core.utility.SessionContext@b7f7753f
Request Info Type : com.cs.core.dao.exec.SQLDao
Request Info Content is: 
[01]SELECT C_LAYOUT_INFO FROM CEUSER.SEC_WIDGETS_V2_LAYOUT  WHERE  C_UNIT_CODE = 'C011026'  AND  C_USER_ID = 'C011026CPM1'  AND  C_PAGE_NAME = 'default' 

 [end]

[start] [DEBUG] [2026-07-08 09:26:54.508] [C011026_C011026CPM1] 
Check whether user role is changed end. Result is: false [end]

[start] [DEBUG] [2026-07-08 09:26:54.509] [C011026_C011026CPM1] 
====request content is: 
    Request Type: Temp
Component : DBHelper
Session Context is: 
com.cs.core.utility.SessionContext@b7f7753f
Request Info Type : com.cs.core.dao.exec.SQLDao
Request Info Content is: 
[01]SELECT TAB.C_TAB_ID,TAB.C_TAB_NAME,TAB.I_TAB_SEQUENCE,LYT.C_LAYOUT_INFO FROM CEUSER.SEC_WIDGETS_V2_TABS TAB LEFT JOIN CEUSER.SEC_WIDGETS_V2_LAYOUT LYT ON (TAB.C_TAB_ID = LYT.C_TAB_ID AND  TAB.C_UNIT_CODE = LYT.C_UNIT_CODE AND TAB.C_USER_ID = LYT.C_USER_ID )    WHERE  TAB.C_UNIT_CODE = 'C011026'  AND  TAB.C_USER_ID = 'C011026CPM1'  AND  LYT.C_PAGE_NAME = 'default'  ORDER BY  TAB.I_TAB_SEQUENCE ASC 

 [end]

[start] [DEBUG] [2026-07-08 09:26:54.517] [C011026_C011026CPM1] 
====request content is: 
    Request Type: Temp
Component : DBHelper
Session Context is: 
com.cs.core.utility.SessionContext@b7f7753f
Request Info Type : com.cs.core.dao.exec.SQLDao
Request Info Content is: 
[01]SELECT C_INST_CONFIG FROM CEUSER.SEC_WIDGETS_V2_INST_CONFIG  WHERE  C_INST_ID = '2C92808396F0B4AA0196F0C2B733001C'  AND  C_UNIT_CODE = 'C011026'  AND  C_USER_ID = 'C011026CPM1' 

 [end]

[start] [DEBUG] [2026-07-08 09:26:54.523] [C011026_C011026CPM1] 
====request content is: 
    Request Type: Temp
Component : DBHelper
Session Context is: 
com.cs.core.utility.SessionContext@b7f7753f
Request Info Type : com.cs.core.dao.exec.SQLDao
Request Info Content is: 
[01]SELECT C_INST_CONFIG FROM CEUSER.SEC_WIDGETS_V2_INST_CONFIG  WHERE  C_INST_ID = '2C92808396F0B4AA0196F0C2B733001C'  AND  C_UNIT_CODE = 'C011026'  AND  C_USER_ID = 'C011026CPM1' 

 [end]

[start] [DEBUG] [2026-07-08 09:26:54.535] [C011026_C011026CPM1] 
====request content is: 
    Request Type: Temp
Component : DBHelper
Session Context is: 
com.cs.core.utility.SessionContext@b7f7753f
Request Info Type : com.cs.core.dao.exec.SQLDao
Request Info Content is: 
[01]SELECT C_INST_CONFIG FROM CEUSER.SEC_WIDGETS_V2_INST_CONFIG  WHERE  C_INST_ID = '2C92808396F0B4AA0196F0C2B739001E'  AND  C_UNIT_CODE = 'C011026'  AND  C_USER_ID = 'C011026CPM1' 

 [end]

[start] [DEBUG] [2026-07-08 09:26:54.541] [C011026_C011026CPM1] 
====request content is: 
    Request Type: Temp
Component : DBHelper
Session Context is: 
com.cs.core.utility.SessionContext@b7f7753f
Request Info Type : com.cs.core.dao.exec.SQLDao
Request Info Content is: 
[01]SELECT C_INST_CONFIG FROM CEUSER.SEC_WIDGETS_V2_INST_CONFIG  WHERE  C_INST_ID = '2C92808396F0B4AA0196F0C2B739001E'  AND  C_UNIT_CODE = 'C011026'  AND  C_USER_ID = 'C011026CPM1' 

 [end]

[start] [DEBUG] [2026-07-08 09:26:54.548] [C011026_C011026CPM1] 
====request content is: 
    Request Type: Temp
Component : DBHelper
Session Context is: 
com.cs.core.utility.SessionContext@b7f7753f
Request Info Type : com.cs.core.dao.exec.SQLDao
Request Info Content is: 
[01]SELECT C_INST_CONFIG FROM CEUSER.SEC_WIDGETS_V2_INST_CONFIG  WHERE  C_INST_ID = '2C92808396F0B4AA0196F0C2B73E001F'  AND  C_UNIT_CODE = 'C011026'  AND  C_USER_ID = 'C011026CPM1' 

 [end]

[start] [DEBUG] [2026-07-08 09:26:54.553] [C011026_C011026CPM1] 
====request content is: 
    Request Type: Temp
Component : DBHelper
Session Context is: 
com.cs.core.utility.SessionContext@b7f7753f
Request Info Type : com.cs.core.dao.exec.SQLDao
Request Info Content is: 
[01]SELECT C_INST_CONFIG FROM CEUSER.SEC_WIDGETS_V2_INST_CONFIG  WHERE  C_INST_ID = '2C92808396F0B4AA0196F0C2B73E001F'  AND  C_UNIT_CODE = 'C011026'  AND  C_USER_ID = 'C011026CPM1' 

 [end]

[start] [DEBUG] [2026-07-08 09:26:54.559] [C011026_C011026CPM1] 
====request content is: 
    Request Type: Temp
Component : DBHelper
Session Context is: 
com.cs.core.utility.SessionContext@b7f7753f
Request Info Type : com.cs.core.dao.exec.SQLDao
Request Info Content is: 
[01]SELECT C_INST_CONFIG FROM CEUSER.SEC_WIDGETS_V2_INST_CONFIG  WHERE  C_INST_ID = '2C92808396F0B4AA0196F0C2B737001D'  AND  C_UNIT_CODE = 'C011026'  AND  C_USER_ID = 'C011026CPM1' 

 [end]

[start] [DEBUG] [2026-07-08 09:26:54.564] [C011026_C011026CPM1] 
====request content is: 
    Request Type: Temp
Component : DBHelper
Session Context is: 
com.cs.core.utility.SessionContext@b7f7753f
Request Info Type : com.cs.core.dao.exec.SQLDao
Request Info Content is: 
[01]SELECT C_INST_CONFIG FROM CEUSER.SEC_WIDGETS_V2_INST_CONFIG  WHERE  C_INST_ID = '2C92808396F0B4AA0196F0C2B737001D'  AND  C_UNIT_CODE = 'C011026'  AND  C_USER_ID = 'C011026CPM1' 

 [end]

[start] [DEBUG] [2026-07-08 09:26:54.780] [C011026_C011026CPM1] 
====request content is: 
    Request Type: Temp
Component : DBHelper
Session Context is: 
com.cs.core.utility.SessionContext@7d9c083b
Request Info Type : com.cs.core.dao.exec.SQLDao
Request Info Content is: 
[01]SELECT C_INACTIVE FROM CEUSER.SEC_USER_INFO WHERE C_USER_ID = 'C011026CPM1' AND C_UNIT_CODE = 'C011026' 

 [end]

[start] [DEBUG] [2026-07-08 09:26:54.780] [C011026_C011026CPM1] 
====request content is: 
    Request Type: Temp
Component : DBHelper
Session Context is: 
com.cs.core.utility.SessionContext@77e97be4
Request Info Type : com.cs.core.dao.exec.SQLDao
Request Info Content is: 
[01]SELECT C_INACTIVE FROM CEUSER.SEC_USER_INFO WHERE C_USER_ID = 'C011026CPM1' AND C_UNIT_CODE = 'C011026' 

 [end]

[start] [DEBUG] [2026-07-08 09:26:54.784] [C011026_C011026CPM1] 
The request URI is : /BL6CEWeb/v1/openapi/user/roles [end]

[start] [DEBUG] [2026-07-08 09:26:54.784] [C011026_C011026CPM1] 
The request URI is : /BL6CEWeb/v1/openapi/ctaction/count [end]

[start] [DEBUG] [2026-07-08 09:26:54.785] [C011026_C011026CPM1] 
The URI is :/BL6CEWeb/v1/openapi/ctaction/count [end]

[start] [DEBUG] [2026-07-08 09:26:54.785] [C011026_C011026CPM1] 
The URI is :/BL6CEWeb/v1/openapi/user/roles [end]

[start] [DEBUG] [2026-07-08 09:26:54.786] [C011026_C011026CPM1] 
The session refresh token in session is : null [end]

[start] [DEBUG] [2026-07-08 09:26:54.786] [C011026_C011026CPM1] 
The session refresh token in session is : null [end]

[start] [DEBUG] [2026-07-08 09:26:54.792] [C011026_C011026CPM1] 
The Catalog Object SQL is :SELECT DISTINCT T1.C_BK_GROUP_ID, T1.C_MAIN_REF, T1.C_TRX_REF, T1.C_UNIT_CODE, T1.PARENT_MAIN_REF, T1.C_TRX_STATUS, T1.CURRNT_STATUS, T1.C2A_STATUS, T1.I_EVENT_TIMES, T1.C_MODULE, T1.C_FUNC_ID, T1.C_PRODUCT_ID, T1.C_TRX_ID, T3.C_LOCKED_FLAG, T3.C_LOCKED_OP, T3.C_USER_DESC, T1.D_SYS_OP_DATE, T1.T_SYS_OP_TIME, T1.C2A_CCY, T1.C2A_AMOUNT, T1.C2A_COUNTERPARTY FROM CETRX.TRX_INBOX T1 LEFT JOIN CETRX.TRX_NEXT_FUNC T2 ON T1.C_PRODUCT_ID = T2.C_PRODUCT_ID AND T1.C2A_STATUS = T2.C2A_STATUS AND T1.C_TRX_STATUS = T2.C_TRX_STATUS LEFT JOIN CETRX.TRX_LOCK_INFO T3 ON T1.C_MAIN_REF = T3.C_MAIN_REF AND T1.C_UNIT_CODE = T3.C_UNIT_CODE WHERE (T2.C_NEXT_FUNC_ID IN (SELECT C_FUNC_ID FROM CEUSER.SEC_OP_FUNC WHERE C_USER_ID = ? AND C_GRP_CODE = ? AND C_UNIT_CODE = T1.C_UNIT_CODE) OR T2.C_NEXT_FUNC_ID IN (SELECT C_FUNC_ID FROM CEUSER.SEC_OP_FUNC WHERE C_GRP_CODE = ? AND C_USER_ID IN (SELECT C_ROLE_ID FROM CEUSER.SEC_USER_ROLE WHERE C_USER_ID = ? AND C_GRP_CODE = ?) AND C_UNIT_CODE = T1.C_UNIT_CODE)) AND (T1.C_TRX_STATUS = 'R' OR T1.C2A_STATUS IN ('Rejected by bank', 'Discrepancy notification', 'Document received') AND T1.C_TRX_STATUS = 'M' OR T1.C2A_STATUS IN ('Amendment(Detrimental)_fully authorized', 'Document discrepancy_fully authorized') AND T1.C_TRX_STATUS = 'A') AND T1.C_TRX_ID NOT IN (SELECT C_TRX_ID FROM CETRX.TRX_USER_DISMISS WHERE C_USER_ID = ? AND C_GRP_CODE = ?) AND (T1.C_MODULE = 'IMLC' OR T1.C_MODULE = 'EXLC' OR T1.C_MODULE = 'FAEF' OR T1.C_MODULE = 'FADA' OR T1.C_MODULE = 'TSUM' OR T1.C_MODULE = 'ABLF' OR T1.C_MODULE = 'UPLD') ORDER BY T1.D_SYS_OP_DATE DESC, T1.T_SYS_OP_TIME DESC [end]

[start] [DEBUG] [2026-07-08 09:26:54.793] [C011026_C011026CPM1] 
====request content is: 
    Request Type: Temp
Component : DBHelper
Session Context is: 
com.cs.core.utility.SessionContext@7d9c083b
Request Info Type : com.cs.core.dao.exec.SQLDao
Request Info Content is: 
[01]SELECT COUNT(*) FROM (SELECT DISTINCT T1.C_BK_GROUP_ID, T1.C_MAIN_REF, T1.C_TRX_REF, T1.C_UNIT_CODE, T1.PARENT_MAIN_REF, T1.C_TRX_STATUS, T1.CURRNT_STATUS, T1.C2A_STATUS, T1.I_EVENT_TIMES, T1.C_MODULE, T1.C_FUNC_ID, T1.C_PRODUCT_ID, T1.C_TRX_ID, T3.C_LOCKED_FLAG, T3.C_LOCKED_OP, T3.C_USER_DESC, T1.D_SYS_OP_DATE, T1.T_SYS_OP_TIME, T1.C2A_CCY, T1.C2A_AMOUNT, T1.C2A_COUNTERPARTY FROM CETRX.TRX_INBOX T1 LEFT JOIN CETRX.TRX_NEXT_FUNC T2 ON T1.C_PRODUCT_ID = T2.C_PRODUCT_ID AND T1.C2A_STATUS = T2.C2A_STATUS AND T1.C_TRX_STATUS = T2.C_TRX_STATUS LEFT JOIN CETRX.TRX_LOCK_INFO T3 ON T1.C_MAIN_REF = T3.C_MAIN_REF AND T1.C_UNIT_CODE = T3.C_UNIT_CODE WHERE   T1.C_BK_GROUP_ID = 'CSBANK'  AND (( T1.C_UNIT_CODE = 'C011026'  AND  T1.C_PRODUCT_ID IN ('FHS0YffwVNuA','P19080800000','P19080800001','P19080800002','epF3a6u4ZGAt') )) AND (T2.C_NEXT_FUNC_ID IN (SELECT C_FUNC_ID FROM CEUSER.SEC_OP_FUNC WHERE C_USER_ID = 'C011026CPM1' AND C_GRP_CODE = 'C011026' AND C_UNIT_CODE = T1.C_UNIT_CODE) OR T2.C_NEXT_FUNC_ID IN (SELECT C_FUNC_ID FROM CEUSER.SEC_OP_FUNC WHERE C_GRP_CODE = 'C011026' AND C_USER_ID IN (SELECT C_ROLE_ID FROM CEUSER.SEC_USER_ROLE WHERE C_USER_ID = 'C011026CPM1' AND C_GRP_CODE = 'C011026') AND C_UNIT_CODE = T1.C_UNIT_CODE)) AND (T1.C_TRX_STATUS = 'R' OR T1.C2A_STATUS IN ('Rejected by bank', 'Discrepancy notification', 'Document received') AND T1.C_TRX_STATUS = 'M' OR T1.C2A_STATUS IN ('Amendment(Detrimental)_fully authorized', 'Document discrepancy_fully authorized') AND T1.C_TRX_STATUS = 'A') AND T1.C_TRX_ID NOT IN (SELECT C_TRX_ID FROM CETRX.TRX_USER_DISMISS WHERE C_USER_ID = 'C011026CPM1' AND C_GRP_CODE = 'C011026') AND (T1.C_MODULE = 'IMLC' OR T1.C_MODULE = 'EXLC' OR T1.C_MODULE = 'FAEF' OR T1.C_MODULE = 'FADA' OR T1.C_MODULE = 'TSUM' OR T1.C_MODULE = 'ABLF' OR T1.C_MODULE = 'UPLD') ORDER BY T1.D_SYS_OP_DATE DESC, T1.T_SYS_OP_TIME DESC)

 [end]

[start] [DEBUG] [2026-07-08 09:26:54.794] [C011026_C011026CPM1] 
====request content is: 
    Request Type: Temp
Component : DBHelper
Session Context is: 
com.cs.core.utility.SessionContext@d5a85df8
Request Info Type : com.cs.core.dao.exec.SQLDao
Request Info Content is: 
[01]SELECT C_INACTIVE FROM CEUSER.SEC_USER_INFO WHERE C_USER_ID = 'C011026CPM1' AND C_UNIT_CODE = 'C011026' 

 [end]

[start] [DEBUG] [2026-07-08 09:26:54.798] [C011026_C011026CPM1] 
The request URI is : /BL6CEWeb/v1/openapi/mainmenu [end]

[start] [DEBUG] [2026-07-08 09:26:54.799] [C011026_C011026CPM1] 
The URI is :/BL6CEWeb/v1/openapi/mainmenu [end]

[start] [DEBUG] [2026-07-08 09:26:54.801] [C011026_C011026CPM1] 
The session refresh token in session is : null [end]

[start] [DEBUG] [2026-07-08 09:26:54.802] [C011026_C011026CPM1] 
The Catalog Object SQL is :SELECT T1.C_BK_GROUP_ID, T1.C_MAIN_REF, T1.C_TRX_REF, T1.C_UNIT_CODE, T1.PARENT_MAIN_REF, T1.C_TRX_STATUS, T1.CURRNT_STATUS, (CASE WHEN T1.C_MODULE = 'FADA' OR T1.C_MODULE = 'FAEF' THEN T1.C_TRX_STATUS ELSE T1.C2A_STATUS END) C2A_STATUS, T1.I_EVENT_TIMES, T1.C_MODULE, T1.C_FUNC_ID, T1.C_PRODUCT_ID, T1.C_TRX_ID, T3.C_LOCKED_FLAG, T3.C_LOCKED_OP, T3.C_USER_DESC, T1.D_SYS_OP_DATE, T1.T_SYS_OP_TIME, T1.C2A_CCY, T1.C2A_AMOUNT, T1.C2A_COUNTERPARTY FROM CETRX.TRX_INBOX T1 LEFT JOIN CETRX.TRX_LOCK_INFO T3 ON T1.C_MAIN_REF = T3.C_MAIN_REF AND T1.C_UNIT_CODE = T3.C_UNIT_CODE WHERE (T1.C_TRX_STATUS IN ('P', 'T', 'A', 'S') AND (T1.C_MODULE = 'IMLC' OR T1.C_MODULE = 'EXLC' OR T1.C_MODULE = 'FAEF' OR T1.C_MODULE = 'FADA' OR T1.C_MODULE = 'ABLF') AND T1.C2A_STATUS NOT IN ('Discrepancies rejected_fully authorized') OR T1.C_TRX_STATUS = 'M' AND (T1.C_MODULE = 'IMLC' AND T1.C2A_STATUS NOT IN ('Issued', 'Amended', 'Beneficiary rejected', 'Settled') OR T1.C_MODULE = 'EXCO' AND T1.CURRNT_STATUS NOT IN ('Payment Advice') OR T1.C_MODULE = 'EXLC' AND T1.CURRNT_STATUS NOT IN ('Settled', 'Advise Received', 'Amendment Received', 'Docment Received') OR T1.C_MODULE = 'FAEF' AND T1.CURRNT_STATUS NOT IN ('Settled', 'Advise Received') OR T1.C_MODULE = 'FADA' AND T1.CURRNT_STATUS NOT IN ('Settled', 'Advise Received') OR T1.C_MODULE = 'ABLF' AND T1.CURRNT_STATUS NOT IN ('Settled', 'Advise Received'))) AND T1.C_TRX_ID NOT IN (SELECT C_TRX_ID FROM CETRX.TRX_USER_DISMISS WHERE C_USER_ID = ? AND C_GRP_CODE = ?) AND (T1.C_MODULE = 'IMLC' OR T1.C_MODULE = 'EXLC' OR T1.C_MODULE = 'FAEF' OR T1.C_MODULE = 'FADA' OR T1.C_MODULE = 'ABLF') ORDER BY T1.D_SYS_OP_DATE DESC, T1.T_SYS_OP_TIME DESC [end]

[start] [DEBUG] [2026-07-08 09:26:54.804] [C011026_C011026CPM1] 
====request content is: 
    Request Type: Temp
Component : DBHelper
Session Context is: 
com.cs.core.utility.SessionContext@7d9c083b
Request Info Type : com.cs.core.dao.exec.SQLDao
Request Info Content is: 
[01]SELECT COUNT(*) FROM CETRX.TRX_INBOX T1 LEFT JOIN CETRX.TRX_LOCK_INFO T3 ON T1.C_MAIN_REF = T3.C_MAIN_REF AND T1.C_UNIT_CODE = T3.C_UNIT_CODE WHERE   T1.C_BK_GROUP_ID = 'CSBANK'  AND (( T1.C_UNIT_CODE = 'C011026'  AND  T1.C_PRODUCT_ID IN ('FHS0YffwVNuA','P19080800000','P19080800001','P19080800002','epF3a6u4ZGAt') )) AND (T1.C_TRX_STATUS IN ('P', 'T', 'A', 'S') AND (T1.C_MODULE = 'IMLC' OR T1.C_MODULE = 'EXLC' OR T1.C_MODULE = 'FAEF' OR T1.C_MODULE = 'FADA' OR T1.C_MODULE = 'ABLF') AND T1.C2A_STATUS NOT IN ('Discrepancies rejected_fully authorized') OR T1.C_TRX_STATUS = 'M' AND (T1.C_MODULE = 'IMLC' AND T1.C2A_STATUS NOT IN ('Issued', 'Amended', 'Beneficiary rejected', 'Settled') OR T1.C_MODULE = 'EXCO' AND T1.CURRNT_STATUS NOT IN ('Payment Advice') OR T1.C_MODULE = 'EXLC' AND T1.CURRNT_STATUS NOT IN ('Settled', 'Advise Received', 'Amendment Received', 'Docment Received') OR T1.C_MODULE = 'FAEF' AND T1.CURRNT_STATUS NOT IN ('Settled', 'Advise Received') OR T1.C_MODULE = 'FADA' AND T1.CURRNT_STATUS NOT IN ('Settled', 'Advise Received') OR T1.C_MODULE = 'ABLF' AND T1.CURRNT_STATUS NOT IN ('Settled', 'Advise Received'))) AND T1.C_TRX_ID NOT IN (SELECT C_TRX_ID FROM CETRX.TRX_USER_DISMISS WHERE C_USER_ID = 'C011026CPM1' AND C_GRP_CODE = 'C011026') AND (T1.C_MODULE = 'IMLC' OR T1.C_MODULE = 'EXLC' OR T1.C_MODULE = 'FAEF' OR T1.C_MODULE = 'FADA' OR T1.C_MODULE = 'ABLF')

 [end]

[start] [DEBUG] [2026-07-08 09:26:54.811] [C011026_C011026CPM1] 
The Catalog Object SQL is :SELECT T1.C_BK_GROUP_ID, T1.C_MAIN_REF, T1.C_TRX_REF, T1.C_UNIT_CODE, T1.PARENT_MAIN_REF, T1.C_TRX_STATUS, T1.CURRNT_STATUS, (CASE WHEN T1.C_MODULE = 'FADA' OR T1.C_MODULE = 'FAEF' THEN T1.C_TRX_STATUS ELSE T1.C2A_STATUS END) C2A_STATUS, T1.I_EVENT_TIMES, T1.C_MODULE, T1.C_FUNC_ID, T1.C_PRODUCT_ID, T1.C_TRX_ID, T3.C_LOCKED_FLAG, T3.C_LOCKED_OP, T3.C_USER_DESC, T1.D_SYS_OP_DATE, T1.T_SYS_OP_TIME, T1.C2A_CCY, T1.C2A_AMOUNT, T1.C2A_COUNTERPARTY FROM CETRX.TRX_INBOX T1 LEFT JOIN CETRX.TRX_LOCK_INFO T3 ON T1.C_MAIN_REF = T3.C_MAIN_REF AND T1.C_UNIT_CODE = T3.C_UNIT_CODE WHERE (T1.C2A_STATUS IN ('Issued', 'Amended', 'Beneficiary rejected', 'Discrepancies rejected_fully authorized', 'Settled') AND T1.C_MODULE = 'IMLC' OR T1.CURRNT_STATUS IN ('Issued', 'Amended', 'Detrimental Amendment', 'Beneficiary Consent', 'Beneficiary Rejected', 'Document Presentation', 'Document Presentation', 'Settlement', 'Settled') AND T1.C_MODULE = 'EXCO' OR T1.C2A_STATUS IN ('Settled', 'Amendment_fully authorized', '') AND T1.C_MODULE = 'EXLC' OR T1.C_FUNC_ID IN ('F05030700899', 'F05030700901', 'F05030700908') AND T1.C2A_STATUS = 'Fully authorized' AND T1.C_MODULE = 'EXLC' OR T1.C_MODULE = 'FADA' OR T1.C_MODULE = 'FAEF') AND T1.C_TRX_STATUS IN ('M', 'A', 'S') AND T1.C_TRX_ID NOT IN (SELECT C_TRX_ID FROM CETRX.TRX_USER_DISMISS WHERE C_USER_ID = ? AND C_GRP_CODE = ?) AND (T1.C_MODULE = 'IMLC' OR T1.C_MODULE = 'EXLC' OR T1.C_MODULE = 'FADA' OR T1.C_MODULE = 'FAEF') ORDER BY T1.D_SYS_OP_DATE DESC, T1.T_SYS_OP_TIME DESC, T1.PARENT_MAIN_REF DESC [end]

[start] [DEBUG] [2026-07-08 09:26:54.814] [C011026_C011026CPM1] 
====request content is: 
    Request Type: Temp
Component : DBHelper
Session Context is: 
com.cs.core.utility.SessionContext@3331a5b
Request Info Type : com.cs.core.dao.exec.SQLDao
Request Info Content is: 
[01]SELECT C_INACTIVE FROM CEUSER.SEC_USER_INFO WHERE C_USER_ID = 'C011026CPM1' AND C_UNIT_CODE = 'C011026' 

 [end]

[start] [DEBUG] [2026-07-08 09:26:54.818] [C011026_C011026CPM1] 
The request URI is : /BL6CEWeb/v1/openapi/widget/recentfunctions/view [end]

[start] [DEBUG] [2026-07-08 09:26:54.819] [C011026_C011026CPM1] 
The URI is :/BL6CEWeb/v1/openapi/widget/recentfunctions/view [end]

[start] [DEBUG] [2026-07-08 09:26:54.820] [C011026_C011026CPM1] 
The session refresh token in session is : null [end]

[start] [DEBUG] [2026-07-08 09:26:54.834] [C011026_C011026CPM1] 
Action target is :F05030701228 [end]

[start] [DEBUG] [2026-07-08 09:26:54.835] [C011026_C011026CPM1] 
Action type is :function [end]

[start] [DEBUG] [2026-07-08 09:26:54.846] [C011026_C011026CPM1] 
Action target is :Party [end]

[start] [DEBUG] [2026-07-08 09:26:54.847] [C011026_C011026CPM1] 
Action type is :catalog [end]

[start] [DEBUG] [2026-07-08 09:26:54.850] [C011026_C011026CPM1] 
Action target is :Clause [end]

[start] [DEBUG] [2026-07-08 09:26:54.851] [C011026_C011026CPM1] 
Action type is :catalog [end]

[start] [DEBUG] [2026-07-08 09:26:54.854] [C011026_C011026CPM1] 
Action target is :AccountMaintain [end]

[start] [DEBUG] [2026-07-08 09:26:54.855] [C011026_C011026CPM1] 
Action type is :catalog [end]

[start] [DEBUG] [2026-07-08 09:26:54.874] [C011026_C011026CPM1] 
Action target is :EmailGroup [end]

[start] [DEBUG] [2026-07-08 09:26:54.876] [C011026_C011026CPM1] 
Action type is :catalog [end]

[start] [DEBUG] [2026-07-08 09:26:54.879] [C011026_C011026CPM1] 
Action target is :F05030701115 [end]

[start] [DEBUG] [2026-07-08 09:26:54.880] [C011026_C011026CPM1] 
Action type is :function [end]

[start] [DEBUG] [2026-07-08 09:26:54.883] [C011026_C011026CPM1] 
Action target is :Label [end]

[start] [DEBUG] [2026-07-08 09:26:54.884] [C011026_C011026CPM1] 
Action type is :catalog [end]

[start] [DEBUG] [2026-07-08 09:26:54.892] [C011026_C011026CPM1] 
====request content is: 
    Request Type: Temp
Component : DBHelper
Session Context is: 
com.cs.core.utility.SessionContext@7d9c083b
Request Info Type : com.cs.core.dao.exec.SQLDao
Request Info Content is: 
[01]SELECT COUNT(*) FROM CETRX.TRX_INBOX T1 LEFT JOIN CETRX.TRX_LOCK_INFO T3 ON T1.C_MAIN_REF = T3.C_MAIN_REF AND T1.C_UNIT_CODE = T3.C_UNIT_CODE WHERE   T1.C_BK_GROUP_ID = 'CSBANK'  AND (( T1.C_UNIT_CODE = 'C011026'  AND  T1.C_PRODUCT_ID IN ('FHS0YffwVNuA','P19080800000','P19080800001','P19080800002','epF3a6u4ZGAt') )) AND (T1.C2A_STATUS IN ('Issued', 'Amended', 'Beneficiary rejected', 'Discrepancies rejected_fully authorized', 'Settled') AND T1.C_MODULE = 'IMLC' OR T1.CURRNT_STATUS IN ('Issued', 'Amended', 'Detrimental Amendment', 'Beneficiary Consent', 'Beneficiary Rejected', 'Document Presentation', 'Document Presentation', 'Settlement', 'Settled') AND T1.C_MODULE = 'EXCO' OR T1.C2A_STATUS IN ('Settled', 'Amendment_fully authorized', '') AND T1.C_MODULE = 'EXLC' OR T1.C_FUNC_ID IN ('F05030700899', 'F05030700901', 'F05030700908') AND T1.C2A_STATUS = 'Fully authorized' AND T1.C_MODULE = 'EXLC' OR T1.C_MODULE = 'FADA' OR T1.C_MODULE = 'FAEF') AND T1.C_TRX_STATUS IN ('M', 'A', 'S') AND T1.C_TRX_ID NOT IN (SELECT C_TRX_ID FROM CETRX.TRX_USER_DISMISS WHERE C_USER_ID = 'C011026CPM1' AND C_GRP_CODE = 'C011026') AND (T1.C_MODULE = 'IMLC' OR T1.C_MODULE = 'EXLC' OR T1.C_MODULE = 'FADA' OR T1.C_MODULE = 'FAEF')

 [end]

[start] [DEBUG] [2026-07-08 09:26:54.904] [C011026_C011026CPM1] 
The Catalog Object SQL is :SELECT DISTINCT T1.C_BK_GROUP_ID, T1.C_MAIN_REF, T1.C_TRX_REF, T1.C_UNIT_CODE, T1.PARENT_MAIN_REF, T1.C_TRX_STATUS, T1.I_EVENT_TIMES, T1.C_MODULE, T1.C_FUNC_ID, T1.C_PRODUCT_ID, T1.C_TRX_ID, T3.C_LOCKED_FLAG, T3.C_LOCKED_OP, T3.C_USER_DESC, T1.D_SYS_OP_DATE, T1.T_SYS_OP_TIME, T1.C2A_CCY, T1.C2A_AMOUNT, T1.C2A_COUNTERPARTY FROM CETRX.TRX_INBOX T1 LEFT JOIN CETRX.TRX_NEXT_FUNC T2 ON T1.C_PRODUCT_ID = T2.C_PRODUCT_ID AND T1.C_TRX_STATUS = T2.C_TRX_STATUS LEFT JOIN CETRX.TRX_LOCK_INFO T3 ON T1.C_MAIN_REF = T3.C_MAIN_REF AND T1.C_UNIT_CODE = T3.C_UNIT_CODE WHERE (T2.C_NEXT_FUNC_ID IN (SELECT C_FUNC_ID FROM CEUSER.SEC_OP_FUNC WHERE C_USER_ID = ? AND C_GRP_CODE = ? AND C_UNIT_CODE = T1.C_UNIT_CODE) OR T2.C_NEXT_FUNC_ID IN (SELECT C_FUNC_ID FROM CEUSER.SEC_OP_FUNC WHERE C_GRP_CODE = ? AND C_USER_ID IN (SELECT C_ROLE_ID FROM CEUSER.SEC_USER_ROLE WHERE C_USER_ID = ? AND C_GRP_CODE = ?) AND C_UNIT_CODE = T1.C_UNIT_CODE)) AND T1.C_TRX_STATUS = 'Z' AND T1.C_TRX_ID NOT IN (SELECT C_TRX_ID FROM CETRX.TRX_USER_DISMISS WHERE C_USER_ID = ? AND C_GRP_CODE = ?) AND (T1.C_MODULE = 'IMLC' OR T1.C_MODULE = 'EXLC' OR T1.C_MODULE = 'FAEF' OR T1.C_MODULE = 'FADA' OR T1.C_MODULE = 'ABLF') ORDER BY T1.D_SYS_OP_DATE DESC, T1.T_SYS_OP_TIME DESC [end]

[start] [DEBUG] [2026-07-08 09:26:54.907] [C011026_C011026CPM1] 
====request content is: 
    Request Type: Temp
Component : DBHelper
Session Context is: 
com.cs.core.utility.SessionContext@7d9c083b
Request Info Type : com.cs.core.dao.exec.SQLDao
Request Info Content is: 
[01]SELECT COUNT(*) FROM (SELECT DISTINCT T1.C_BK_GROUP_ID, T1.C_MAIN_REF, T1.C_TRX_REF, T1.C_UNIT_CODE, T1.PARENT_MAIN_REF, T1.C_TRX_STATUS, T1.I_EVENT_TIMES, T1.C_MODULE, T1.C_FUNC_ID, T1.C_PRODUCT_ID, T1.C_TRX_ID, T3.C_LOCKED_FLAG, T3.C_LOCKED_OP, T3.C_USER_DESC, T1.D_SYS_OP_DATE, T1.T_SYS_OP_TIME, T1.C2A_CCY, T1.C2A_AMOUNT, T1.C2A_COUNTERPARTY FROM CETRX.TRX_INBOX T1 LEFT JOIN CETRX.TRX_NEXT_FUNC T2 ON T1.C_PRODUCT_ID = T2.C_PRODUCT_ID AND T1.C_TRX_STATUS = T2.C_TRX_STATUS LEFT JOIN CETRX.TRX_LOCK_INFO T3 ON T1.C_MAIN_REF = T3.C_MAIN_REF AND T1.C_UNIT_CODE = T3.C_UNIT_CODE WHERE   T1.C_BK_GROUP_ID = 'CSBANK'  AND (( T1.C_UNIT_CODE = 'C011026'  AND  T1.C_PRODUCT_ID IN ('FHS0YffwVNuA','P19080800000','P19080800001','P19080800002','epF3a6u4ZGAt') )) AND (T2.C_NEXT_FUNC_ID IN (SELECT C_FUNC_ID FROM CEUSER.SEC_OP_FUNC WHERE C_USER_ID = 'C011026CPM1' AND C_GRP_CODE = 'C011026' AND C_UNIT_CODE = T1.C_UNIT_CODE) OR T2.C_NEXT_FUNC_ID IN (SELECT C_FUNC_ID FROM CEUSER.SEC_OP_FUNC WHERE C_GRP_CODE = 'C011026' AND C_USER_ID IN (SELECT C_ROLE_ID FROM CEUSER.SEC_USER_ROLE WHERE C_USER_ID = 'C011026CPM1' AND C_GRP_CODE = 'C011026') AND C_UNIT_CODE = T1.C_UNIT_CODE)) AND T1.C_TRX_STATUS = 'Z' AND T1.C_TRX_ID NOT IN (SELECT C_TRX_ID FROM CETRX.TRX_USER_DISMISS WHERE C_USER_ID = 'C011026CPM1' AND C_GRP_CODE = 'C011026') AND (T1.C_MODULE = 'IMLC' OR T1.C_MODULE = 'EXLC' OR T1.C_MODULE = 'FAEF' OR T1.C_MODULE = 'FADA' OR T1.C_MODULE = 'ABLF') ORDER BY T1.D_SYS_OP_DATE DESC, T1.T_SYS_OP_TIME DESC)

 [end]

[start] [DEBUG] [2026-07-08 09:26:54.918] [C011026_C011026CPM1] 
====request content is: 
    Request Type: Temp
Component : DBHelper
Session Context is: 
com.cs.core.utility.SessionContext@3331a5b
Request Info Type : com.cs.core.dao.exec.SQLDao
Request Info Content is: 
[01]SELECT C_IS_ACTIVE FROM CEUSER.SEC_WIDGETS_V2_LIST  WHERE  C_WIDGET_NAME = 'ShortcutMenu'  AND  C_ROLE_NAME IN ('MAKER') 

 [end]

[start] [DEBUG] [2026-07-08 09:26:54.921] [C011026_C011026CPM1] 
====request content is: 
    Request Type: Temp
Component : DBHelper
Session Context is: 
com.cs.core.utility.SessionContext@3ec66396
Request Info Type : com.cs.core.dao.exec.SQLDao
Request Info Content is: 
[01]SELECT C_INACTIVE FROM CEUSER.SEC_USER_INFO WHERE C_USER_ID = 'C011026CPM1' AND C_UNIT_CODE = 'C011026' 

 [end]

[start] [DEBUG] [2026-07-08 09:26:54.923] [C011026_C011026CPM1] 
====request content is: 
    Request Type: Temp
Component : DBHelper
Session Context is: 
com.cs.core.utility.SessionContext@3331a5b
Request Info Type : com.cs.core.dao.exec.SQLDao
Request Info Content is: 
[01]SELECT C_FUNC_ID,C_MODULE FROM CETRX.TRX_ACT_LOG WHERE C_FUNC_ID IS NOT NULL AND C_UNIT_CODE = 'C011026' AND C_USER_ID = 'C011026CPM1' AND D_SYS_OP_DATE BETWEEN TO_DATE('2026-06-08','yyyy-MM-dd') AND TO_DATE('2026-07-08','yyyy-MM-dd') ORDER BY D_SYS_OP_DATE DESC,T_SYS_OP_TIME DESC

 [end]

[start] [DEBUG] [2026-07-08 09:26:54.925] [C011026_C011026CPM1] 
The request URI is : /BL6CEWeb/v1/openapi/reports/list [end]

[start] [DEBUG] [2026-07-08 09:26:54.926] [C011026_C011026CPM1] 
The URI is :/BL6CEWeb/v1/openapi/reports/list [end]

[start] [DEBUG] [2026-07-08 09:26:54.928] [C011026_C011026CPM1] 
The session refresh token in session is : null [end]

[start] [DEBUG] [2026-07-08 09:26:54.931] [C011026_C011026CPM1] 
Access the endPoint '/reports/list'.
The request body is :{"data":{"type":"Pinned"}} [end]

[start] [DEBUG] [2026-07-08 09:26:54.932] [C011026_C011026CPM1] 
====request content is: 
    Request Type: Temp
Component : DBHelper
Session Context is: 
com.cs.core.utility.SessionContext@3ec66396
Request Info Type : com.cs.core.dao.exec.SQLDao
Request Info Content is: 
[01]SELECT A.C_REPORT_ID,A.C_GRP_CODE,A.C_USER_ID,A.T_PIN_DATE,B.C_SOURCE_REPORT,B.C_REPORT_NAME,B.T_UPDATE_DATE,C.C_USER_DESC FROM CETRX.TRX_USER_REPORT_PIN A LEFT JOIN CETRX.TRX_USER_REPORT B ON A.C_REPORT_ID = B.C_REPORT_ID  LEFT JOIN CEUSER.SEC_USER_INFO C ON A.C_GRP_CODE = C.C_UNIT_CODE AND A.C_USER_ID = C.C_USER_ID  WHERE  A.C_GRP_CODE = 'C011026'  AND  A.C_USER_ID = 'C011026CPM1'  ORDER BY B.T_UPDATE_DATE DESC

 [end]

[start] [DEBUG] [2026-07-08 09:26:54.940] [C011026_C011026CPM1] 
====request content is: 
    Request Type: Temp
Component : DBHelper
Session Context is: 
com.cs.core.utility.SessionContext@25f32510
Request Info Type : com.cs.core.dao.exec.SQLDao
Request Info Content is: 
[01]SELECT C_INACTIVE FROM CEUSER.SEC_USER_INFO WHERE C_USER_ID = 'C011026CPM1' AND C_UNIT_CODE = 'C011026' 

 [end]

[start] [DEBUG] [2026-07-08 09:26:54.944] [C011026_C011026CPM1] 
The request URI is : /BL6CEWeb/v1/openapi/widget/favourites/inquire [end]

[start] [DEBUG] [2026-07-08 09:26:54.945] [C011026_C011026CPM1] 
The URI is :/BL6CEWeb/v1/openapi/widget/favourites/inquire [end]

[start] [DEBUG] [2026-07-08 09:26:54.946] [C011026_C011026CPM1] 
The session refresh token in session is : null [end]

[start] [DEBUG] [2026-07-08 09:26:54.949] [C011026_C011026CPM1] 
====request content is: 
    Request Type: Temp
Component : DBHelper
Session Context is: 
com.cs.core.utility.SessionContext@bb4619f7
Request Info Type : com.cs.core.dao.exec.SQLDao
Request Info Content is: 
[01]SELECT C_INACTIVE FROM CEUSER.SEC_USER_INFO WHERE C_USER_ID = 'C011026CPM1' AND C_UNIT_CODE = 'C011026' 

 [end]

[start] [DEBUG] [2026-07-08 09:26:54.953] [C011026_C011026CPM1] 
The request URI is : /BL6CEWeb/v1/openapi/calendar-event/event-list [end]

[start] [DEBUG] [2026-07-08 09:26:54.955] [C011026_C011026CPM1] 
The URI is :/BL6CEWeb/v1/openapi/calendar-event/event-list [end]

[start] [DEBUG] [2026-07-08 09:26:54.956] [C011026_C011026CPM1] 
The session refresh token in session is : null [end]

[start] [ERROR] [2026-07-08 09:26:54.963] [C011026_C011026CPM1] 
{{W}}[000334]Access is not allowed. Please contact the product support team. [end]

[start] [ERROR] [2026-07-08 09:26:54.968] [C011026_C011026CPM1] 
{{W}}[000334]Access is not allowed. Please contact the product support team. [end]

[start] [ERROR] [2026-07-08 09:26:54.973] [C011026_C011026CPM1] 
{{W}}[000334]Access is not allowed. Please contact the product support team. [end]

[start] [DEBUG] [2026-07-08 09:26:54.975] [C011026_C011026CPM1] 
====request content is: 
    Request Type: Temp
Component : DBHelper
Session Context is: 
com.cs.core.utility.SessionContext@25f32510
Request Info Type : com.cs.core.dao.exec.SQLDao
Request Info Content is: 
[01]SELECT C_FUNC_ID,T_OP_TIME FROM CETRX.TRX_FAVOR_FUNC  WHERE  C_UNIT_CODE = 'C011026'  AND  C_USER_ID = 'C011026CPM1'  ORDER BY  T_OP_TIME DESC 

 [end]

[start] [DEBUG] [2026-07-08 09:26:54.984] [C011026_C011026CPM1] 
====request content is: 
    Request Type: Temp
Component : DBHelper
Session Context is: 
com.cs.core.utility.SessionContext@389a1192
Request Info Type : com.cs.core.dao.exec.SQLDao
Request Info Content is: 
[01]SELECT C_INACTIVE FROM CEUSER.SEC_USER_INFO WHERE C_USER_ID = 'C011026CPM1' AND C_UNIT_CODE = 'C011026' 

 [end]

[start] [DEBUG] [2026-07-08 09:26:54.988] [C011026_C011026CPM1] 
The request URI is : /BL6CEWeb/v1/openapi/catalog/combo/meta [end]

[start] [DEBUG] [2026-07-08 09:26:54.989] [C011026_C011026CPM1] 
The URI is :/BL6CEWeb/v1/openapi/catalog/combo/meta [end]

[start] [DEBUG] [2026-07-08 09:26:54.989] [C011026_C011026CPM1] 
The session refresh token in session is : null [end]

[start] [DEBUG] [2026-07-08 09:26:54.993] [C011026_C011026CPM1] 
====request content is: 
    Request Type: Temp
Component : DBHelper
Session Context is: 
com.cs.core.utility.SessionContext@389a1192
Request Info Type : com.cs.core.dao.exec.SQLDao
Request Info Content is: 
[01]SELECT C_CRITERIA_DATA,C_TMPL_NAME,C_IS_DEFAULT FROM CETRX.STD_SEARCH_CRITERIA  WHERE  C_UNIT_CODE = 'C011026'  AND  C_USER_ID = 'C011026CPM1'  AND  C_CATA_ID = 'C2A_InProgress_Maker'  AND  C_BK_GROUP_ID = 'CSBANK'  AND  I_CRITERIA_TYPE = 4 

 [end]

[start] [DEBUG] [2026-07-08 09:26:54.997] [C011026_C011026CPM1] 
The option type "distinctRecord" is only used to show the dropdown list not for format [end]

[start] [ERROR] [2026-07-08 09:26:55.124] [C011026_C011026CPM1] 
Can not find product ID  in parameter products.xml [end]

[start] [ERROR] [2026-07-08 09:26:55.125] [C011026_C011026CPM1] 
Can not find product ID  in parameter products.xml [end]

[start] [ERROR] [2026-07-08 09:26:55.127] [C011026_C011026CPM1] 
Can not find product ID  in parameter products.xml [end]

[start] [DEBUG] [2026-07-08 09:26:55.127] [C011026_C011026CPM1] 
====request content is: 
    Request Type: Temp
Component : DBHelper
Session Context is: 
com.cs.core.utility.SessionContext@bb4619f7
Request Info Type : com.cs.core.dao.exec.SQLDao
Request Info Content is: 
[01]SELECT FA_DOC_DUE_DT AS GROUP_DATE, COUNT(*) AS ASCOUNT FROM (SELECT C_PRODUCT_ID, C_MAIN_REF, C_CUST_ID, C_TRX_REF, I_EVENT_TIMES, C_BK_GROUP_ID, C_UNIT_CODE, FA_SEL_NM, FA_BUYER_NM, FA_DOC_CCY, FA_DOC_AMT, AUTH_AMT, AUTH_CCY, PARENT_MAIN_REF, FA_DOC_DT, FA_DOC_DUE_DT, CURRNT_STATUS, C_TRX_STATUS, D_CREA_DATE, D_RELE_DATE, C_FUNC_ID, C_EVENT_NAME, C_EVENT_STATUS, C_NOW_EVENT, C_LOCKED_FLAG, C_LOCKED_OP, C_RELE_BY FROM CETRX.FAEF_EM_INV WHERE   C_BK_GROUP_ID = 'CSBANK'  AND (( C_UNIT_CODE = 'C011026'  AND  C_PRODUCT_ID = 'P19080800001' )) AND C_TRX_STATUS IN ('P', 'A', 'T', 'R', 'M') AND FA_DOC_DUE_DT >= TO_DATE('2026-01-01', 'YYYY-MM-DD') AND FA_DOC_DUE_DT <= TO_DATE('2026-12-31', 'YYYY-MM-DD') ) TEMP_TABLE GROUP BY FA_DOC_DUE_DT

 [end]

[start] [ERROR] [2026-07-08 09:26:55.128] [C011026_C011026CPM1] 
Can not find product ID  in parameter products.xml [end]

[start] [ERROR] [2026-07-08 09:26:55.129] [C011026_C011026CPM1] 
Can not find product ID  in parameter products.xml [end]

[start] [ERROR] [2026-07-08 09:26:55.130] [C011026_C011026CPM1] 
Can not find product ID  in parameter products.xml [end]

[start] [ERROR] [2026-07-08 09:26:55.132] [C011026_C011026CPM1] 
Can not find product ID  in parameter products.xml [end]

[start] [ERROR] [2026-07-08 09:26:55.133] [C011026_C011026CPM1] 
Can not find product ID  in parameter products.xml [end]

[start] [ERROR] [2026-07-08 09:26:55.134] [C011026_C011026CPM1] 
Can not find product ID  in parameter products.xml [end]

[start] [ERROR] [2026-07-08 09:26:55.135] [C011026_C011026CPM1] 
Can not find product ID  in parameter products.xml [end]

[start] [ERROR] [2026-07-08 09:26:55.136] [C011026_C011026CPM1] 
Can not find product ID  in parameter products.xml [end]

[start] [ERROR] [2026-07-08 09:26:55.137] [C011026_C011026CPM1] 
Can not find product ID  in parameter products.xml [end]

[start] [ERROR] [2026-07-08 09:26:55.138] [C011026_C011026CPM1] 
Can not find product ID  in parameter products.xml [end]

[start] [ERROR] [2026-07-08 09:26:55.139] [C011026_C011026CPM1] 
Can not find product ID  in parameter products.xml [end]

[start] [ERROR] [2026-07-08 09:26:55.140] [C011026_C011026CPM1] 
Can not find product ID  in parameter products.xml [end]

[start] [ERROR] [2026-07-08 09:26:55.140] [C011026_C011026CPM1] 
Can not find product ID  in parameter products.xml [end]

[start] [ERROR] [2026-07-08 09:26:55.141] [C011026_C011026CPM1] 
Can not find product ID  in parameter products.xml [end]

[start] [ERROR] [2026-07-08 09:26:55.142] [C011026_C011026CPM1] 
Can not find product ID  in parameter products.xml [end]

[start] [ERROR] [2026-07-08 09:26:55.142] [C011026_C011026CPM1] 
Can not find product ID  in parameter products.xml [end]

[start] [ERROR] [2026-07-08 09:26:55.143] [C011026_C011026CPM1] 
Can not find product ID  in parameter products.xml [end]

[start] [ERROR] [2026-07-08 09:26:55.144] [C011026_C011026CPM1] 
Can not find product ID  in parameter products.xml [end]

[start] [ERROR] [2026-07-08 09:26:55.145] [C011026_C011026CPM1] 
Can not find product ID  in parameter products.xml [end]

[start] [ERROR] [2026-07-08 09:26:55.146] [C011026_C011026CPM1] 
Can not find product ID  in parameter products.xml [end]

[start] [ERROR] [2026-07-08 09:26:55.146] [C011026_C011026CPM1] 
Can not find product ID  in parameter products.xml [end]

[start] [ERROR] [2026-07-08 09:26:55.147] [C011026_C011026CPM1] 
Can not find product ID  in parameter products.xml [end]

[start] [ERROR] [2026-07-08 09:26:55.148] [C011026_C011026CPM1] 
Can not find product ID  in parameter products.xml [end]

[start] [ERROR] [2026-07-08 09:26:55.149] [C011026_C011026CPM1] 
Can not find product ID  in parameter products.xml [end]

[start] [ERROR] [2026-07-08 09:26:55.151] [C011026_C011026CPM1] 
Can not find product ID  in parameter products.xml [end]

[start] [ERROR] [2026-07-08 09:26:55.151] [C011026_C011026CPM1] 
Can not find product ID  in parameter products.xml [end]

[start] [ERROR] [2026-07-08 09:26:55.152] [C011026_C011026CPM1] 
Can not find product ID  in parameter products.xml [end]

[start] [ERROR] [2026-07-08 09:26:55.153] [C011026_C011026CPM1] 
Can not find product ID  in parameter products.xml [end]

[start] [ERROR] [2026-07-08 09:26:55.154] [C011026_C011026CPM1] 
Can not find product ID  in parameter products.xml [end]

[start] [ERROR] [2026-07-08 09:26:55.155] [C011026_C011026CPM1] 
Can not find product ID  in parameter products.xml [end]

[start] [ERROR] [2026-07-08 09:26:55.156] [C011026_C011026CPM1] 
Can not find product ID  in parameter products.xml [end]

[start] [ERROR] [2026-07-08 09:26:55.157] [C011026_C011026CPM1] 
Can not find product ID  in parameter products.xml [end]

[start] [ERROR] [2026-07-08 09:26:55.158] [C011026_C011026CPM1] 
Can not find product ID  in parameter products.xml [end]

[start] [ERROR] [2026-07-08 09:26:55.159] [C011026_C011026CPM1] 
Can not find product ID  in parameter products.xml [end]

[start] [ERROR] [2026-07-08 09:26:55.160] [C011026_C011026CPM1] 
Can not find product ID  in parameter products.xml [end]

[start] [ERROR] [2026-07-08 09:26:55.161] [C011026_C011026CPM1] 
Can not find product ID  in parameter products.xml [end]

[start] [ERROR] [2026-07-08 09:26:55.162] [C011026_C011026CPM1] 
Can not find product ID  in parameter products.xml [end]

[start] [DEBUG] [2026-07-08 09:26:55.164] [C011026_C011026CPM1] 
The option type "distinctRecord" is only used to show the dropdown list not for format [end]

[start] [DEBUG] [2026-07-08 09:26:55.166] [C011026_C011026CPM1] 
The option type "distinctRecord" is only used to show the dropdown list not for format [end]

[start] [DEBUG] [2026-07-08 09:26:55.167] [C011026_C011026CPM1] 
====request content is: 
    Request Type: Temp
Component : DBHelper
Session Context is: 
com.cs.core.utility.SessionContext@389a1192
Request Info Type : com.cs.core.dao.exec.SQLDao
Request Info Content is: 
[01]SELECT C_UNIT_CODE,C_UNIT_NAME FROM CEUSER.SEC_BUSINESS_UNIT WHERE C_UNIT_CODE = 'C011026' 

 [end]

[start] [DEBUG] [2026-07-08 09:26:55.198] [C011026_C011026CPM1] 
====request content is: 
    Request Type: Temp
Component : DBHelper
Session Context is: 
com.cs.core.utility.SessionContext@43c8aca5
Request Info Type : com.cs.core.dao.exec.SQLDao
Request Info Content is: 
[01]SELECT C_INACTIVE FROM CEUSER.SEC_USER_INFO WHERE C_USER_ID = 'C011026CPM1' AND C_UNIT_CODE = 'C011026' 

 [end]

[start] [DEBUG] [2026-07-08 09:26:55.202] [C011026_C011026CPM1] 
The request URI is : /BL6CEWeb/v1/openapi/catalog/combo/data [end]

[start] [DEBUG] [2026-07-08 09:26:55.204] [C011026_C011026CPM1] 
The URI is :/BL6CEWeb/v1/openapi/catalog/combo/data [end]

[start] [DEBUG] [2026-07-08 09:26:55.205] [C011026_C011026CPM1] 
The session refresh token in session is : null [end]

[start] [DEBUG] [2026-07-08 09:26:55.209] [C011026_C011026CPM1] 
The Catalog Object SQL is :SELECT T1.C_BK_GROUP_ID, T1.C_MAIN_REF, T1.C_TRX_REF, T1.C_UNIT_CODE, T1.PARENT_MAIN_REF, T1.C_TRX_STATUS, T1.CURRNT_STATUS, (CASE WHEN T1.C_MODULE = 'FADA' OR T1.C_MODULE = 'FAEF' THEN T1.C_TRX_STATUS ELSE T1.C2A_STATUS END) C2A_STATUS, T1.I_EVENT_TIMES, T1.C_MODULE, T1.C_FUNC_ID, T1.C_PRODUCT_ID, T1.C_TRX_ID, T3.C_LOCKED_FLAG, T3.C_LOCKED_OP, T3.C_USER_DESC, T1.D_SYS_OP_DATE, T1.T_SYS_OP_TIME, T1.C2A_CCY, T1.C2A_AMOUNT, T1.C2A_COUNTERPARTY FROM CETRX.TRX_INBOX T1 LEFT JOIN CETRX.TRX_LOCK_INFO T3 ON T1.C_MAIN_REF = T3.C_MAIN_REF AND T1.C_UNIT_CODE = T3.C_UNIT_CODE WHERE (T1.C_TRX_STATUS IN ('P', 'T', 'A', 'S') AND (T1.C_MODULE = 'IMLC' OR T1.C_MODULE = 'EXLC' OR T1.C_MODULE = 'FAEF' OR T1.C_MODULE = 'FADA' OR T1.C_MODULE = 'ABLF') AND T1.C2A_STATUS NOT IN ('Discrepancies rejected_fully authorized') OR T1.C_TRX_STATUS = 'M' AND (T1.C_MODULE = 'IMLC' AND T1.C2A_STATUS NOT IN ('Issued', 'Amended', 'Beneficiary rejected', 'Settled') OR T1.C_MODULE = 'EXCO' AND T1.CURRNT_STATUS NOT IN ('Payment Advice') OR T1.C_MODULE = 'EXLC' AND T1.CURRNT_STATUS NOT IN ('Settled', 'Advise Received', 'Amendment Received', 'Docment Received') OR T1.C_MODULE = 'FAEF' AND T1.CURRNT_STATUS NOT IN ('Settled', 'Advise Received') OR T1.C_MODULE = 'FADA' AND T1.CURRNT_STATUS NOT IN ('Settled', 'Advise Received') OR T1.C_MODULE = 'ABLF' AND T1.CURRNT_STATUS NOT IN ('Settled', 'Advise Received'))) AND T1.C_TRX_ID NOT IN (SELECT C_TRX_ID FROM CETRX.TRX_USER_DISMISS WHERE C_USER_ID = ? AND C_GRP_CODE = ?) AND (T1.C_MODULE = 'IMLC' OR T1.C_MODULE = 'EXLC' OR T1.C_MODULE = 'FAEF' OR T1.C_MODULE = 'FADA' OR T1.C_MODULE = 'ABLF') ORDER BY T1.D_SYS_OP_DATE DESC, T1.T_SYS_OP_TIME DESC [end]

[start] [DEBUG] [2026-07-08 09:26:55.210] [C011026_C011026CPM1] 
====request content is: 
    Request Type: Temp
Component : DBHelper
Session Context is: 
com.cs.core.utility.SessionContext@43c8aca5
Request Info Type : com.cs.core.dao.exec.SQLDao
Request Info Content is: 
[01]SELECT T1.C_BK_GROUP_ID, T1.C_MAIN_REF, T1.C_TRX_REF, T1.C_UNIT_CODE, T1.PARENT_MAIN_REF, T1.C_TRX_STATUS, T1.CURRNT_STATUS, (CASE WHEN T1.C_MODULE = 'FADA' OR T1.C_MODULE = 'FAEF' THEN T1.C_TRX_STATUS ELSE T1.C2A_STATUS END) C2A_STATUS, T1.I_EVENT_TIMES, T1.C_MODULE, T1.C_FUNC_ID, T1.C_PRODUCT_ID, T1.C_TRX_ID, T3.C_LOCKED_FLAG, T3.C_LOCKED_OP, T3.C_USER_DESC, T1.D_SYS_OP_DATE, T1.T_SYS_OP_TIME, T1.C2A_CCY, T1.C2A_AMOUNT, T1.C2A_COUNTERPARTY FROM CETRX.TRX_INBOX T1 LEFT JOIN CETRX.TRX_LOCK_INFO T3 ON T1.C_MAIN_REF = T3.C_MAIN_REF AND T1.C_UNIT_CODE = T3.C_UNIT_CODE WHERE   T1.C_BK_GROUP_ID = 'CSBANK'  AND (( T1.C_UNIT_CODE = 'C011026'  AND  T1.C_PRODUCT_ID IN ('FHS0YffwVNuA','P19080800000','P19080800001','P19080800002','epF3a6u4ZGAt') )) AND (T1.C_TRX_STATUS IN ('P', 'T', 'A', 'S') AND (T1.C_MODULE = 'IMLC' OR T1.C_MODULE = 'EXLC' OR T1.C_MODULE = 'FAEF' OR T1.C_MODULE = 'FADA' OR T1.C_MODULE = 'ABLF') AND T1.C2A_STATUS NOT IN ('Discrepancies rejected_fully authorized') OR T1.C_TRX_STATUS = 'M' AND (T1.C_MODULE = 'IMLC' AND T1.C2A_STATUS NOT IN ('Issued', 'Amended', 'Beneficiary rejected', 'Settled') OR T1.C_MODULE = 'EXCO' AND T1.CURRNT_STATUS NOT IN ('Payment Advice') OR T1.C_MODULE = 'EXLC' AND T1.CURRNT_STATUS NOT IN ('Settled', 'Advise Received', 'Amendment Received', 'Docment Received') OR T1.C_MODULE = 'FAEF' AND T1.CURRNT_STATUS NOT IN ('Settled', 'Advise Received') OR T1.C_MODULE = 'FADA' AND T1.CURRNT_STATUS NOT IN ('Settled', 'Advise Received') OR T1.C_MODULE = 'ABLF' AND T1.CURRNT_STATUS NOT IN ('Settled', 'Advise Received'))) AND T1.C_TRX_ID NOT IN (SELECT C_TRX_ID FROM CETRX.TRX_USER_DISMISS WHERE C_USER_ID = 'C011026CPM1' AND C_GRP_CODE = 'C011026') AND (T1.C_MODULE = 'IMLC' OR T1.C_MODULE = 'EXLC' OR T1.C_MODULE = 'FAEF' OR T1.C_MODULE = 'FADA' OR T1.C_MODULE = 'ABLF') ORDER BY T1.D_SYS_OP_DATE DESC, T1.T_SYS_OP_TIME DESC

 [end]

[start] [ERROR] [2026-07-08 09:26:55.225] [C011026_C011026CPM1] 
Can not find product ID  in parameter products.xml [end]

[start] [ERROR] [2026-07-08 09:26:55.226] [C011026_C011026CPM1] 
Can not find product ID  in parameter products.xml [end]

[start] [ERROR] [2026-07-08 09:26:55.227] [C011026_C011026CPM1] 
Can not find product ID  in parameter products.xml [end]

[start] [ERROR] [2026-07-08 09:26:55.234] [C011026_C011026CPM1] 
Can not find product ID  in parameter products.xml [end]

[start] [ERROR] [2026-07-08 09:26:55.236] [C011026_C011026CPM1] 
Can not find product ID  in parameter products.xml [end]

[start] [ERROR] [2026-07-08 09:26:55.237] [C011026_C011026CPM1] 
Can not find product ID  in parameter products.xml [end]

[start] [ERROR] [2026-07-08 09:26:55.237] [C011026_C011026CPM1] 
Can not find product ID  in parameter products.xml [end]

[start] [ERROR] [2026-07-08 09:26:55.238] [C011026_C011026CPM1] 
Can not find product ID  in parameter products.xml [end]

[start] [ERROR] [2026-07-08 09:26:55.239] [C011026_C011026CPM1] 
Can not find product ID  in parameter products.xml [end]

[start] [ERROR] [2026-07-08 09:26:55.240] [C011026_C011026CPM1] 
Can not find product ID  in parameter products.xml [end]

[start] [ERROR] [2026-07-08 09:26:55.241] [C011026_C011026CPM1] 
Can not find product ID  in parameter products.xml [end]

[start] [ERROR] [2026-07-08 09:26:55.242] [C011026_C011026CPM1] 
Can not find product ID  in parameter products.xml [end]

[start] [ERROR] [2026-07-08 09:26:55.243] [C011026_C011026CPM1] 
Can not find product ID  in parameter products.xml [end]

[start] [ERROR] [2026-07-08 09:26:55.243] [C011026_C011026CPM1] 
Can not find product ID  in parameter products.xml [end]

[start] [ERROR] [2026-07-08 09:26:55.244] [C011026_C011026CPM1] 
Can not find product ID  in parameter products.xml [end]

[start] [ERROR] [2026-07-08 09:26:55.245] [C011026_C011026CPM1] 
Can not find product ID  in parameter products.xml [end]

[start] [ERROR] [2026-07-08 09:26:55.246] [C011026_C011026CPM1] 
Can not find product ID  in parameter products.xml [end]

[start] [ERROR] [2026-07-08 09:26:55.247] [C011026_C011026CPM1] 
Can not find product ID  in parameter products.xml [end]

[start] [ERROR] [2026-07-08 09:26:55.248] [C011026_C011026CPM1] 
Can not find product ID  in parameter products.xml [end]

[start] [ERROR] [2026-07-08 09:26:55.249] [C011026_C011026CPM1] 
Can not find product ID  in parameter products.xml [end]

[start] [ERROR] [2026-07-08 09:26:55.251] [C011026_C011026CPM1] 
Can not find product ID  in parameter products.xml [end]

[start] [ERROR] [2026-07-08 09:26:55.252] [C011026_C011026CPM1] 
Can not find product ID  in parameter products.xml [end]

[start] [ERROR] [2026-07-08 09:26:55.253] [C011026_C011026CPM1] 
Can not find product ID  in parameter products.xml [end]

[start] [ERROR] [2026-07-08 09:26:55.255] [C011026_C011026CPM1] 
Can not find product ID  in parameter products.xml [end]

[start] [ERROR] [2026-07-08 09:26:55.256] [C011026_C011026CPM1] 
Can not find product ID  in parameter products.xml [end]

[start] [ERROR] [2026-07-08 09:26:55.256] [C011026_C011026CPM1] 
Can not find product ID  in parameter products.xml [end]

[start] [ERROR] [2026-07-08 09:26:55.257] [C011026_C011026CPM1] 
Can not find product ID  in parameter products.xml [end]

[start] [ERROR] [2026-07-08 09:26:55.258] [C011026_C011026CPM1] 
Can not find product ID  in parameter products.xml [end]

[start] [ERROR] [2026-07-08 09:26:55.259] [C011026_C011026CPM1] 
Can not find product ID  in parameter products.xml [end]

[start] [ERROR] [2026-07-08 09:26:55.260] [C011026_C011026CPM1] 
Can not find product ID  in parameter products.xml [end]

[start] [ERROR] [2026-07-08 09:26:55.260] [C011026_C011026CPM1] 
Can not find product ID  in parameter products.xml [end]

[start] [ERROR] [2026-07-08 09:26:55.261] [C011026_C011026CPM1] 
Can not find product ID  in parameter products.xml [end]

[start] [ERROR] [2026-07-08 09:26:55.262] [C011026_C011026CPM1] 
Can not find product ID  in parameter products.xml [end]

[start] [ERROR] [2026-07-08 09:26:55.263] [C011026_C011026CPM1] 
Can not find product ID  in parameter products.xml [end]

[start] [ERROR] [2026-07-08 09:26:55.264] [C011026_C011026CPM1] 
Can not find product ID  in parameter products.xml [end]

[start] [ERROR] [2026-07-08 09:26:55.265] [C011026_C011026CPM1] 
Can not find product ID  in parameter products.xml [end]

[start] [ERROR] [2026-07-08 09:26:55.266] [C011026_C011026CPM1] 
Can not find product ID  in parameter products.xml [end]

[start] [ERROR] [2026-07-08 09:26:55.267] [C011026_C011026CPM1] 
Can not find product ID  in parameter products.xml [end]

[start] [ERROR] [2026-07-08 09:26:55.268] [C011026_C011026CPM1] 
Can not find product ID  in parameter products.xml [end]

[start] [ERROR] [2026-07-08 09:26:55.268] [C011026_C011026CPM1] 
Can not find product ID  in parameter products.xml [end]

[start] [DEBUG] [2026-07-08 09:26:55.270] [C011026_C011026CPM1] 
====request content is: 
    Request Type: Temp
Component : DBHelper
Session Context is: 
com.cs.core.utility.SessionContext@43c8aca5
Request Info Type : com.cs.core.dao.exec.SQLDao
Request Info Content is: 
[01]SELECT C_UNIT_CODE,C_UNIT_NAME FROM CEUSER.SEC_BUSINESS_UNIT WHERE C_UNIT_CODE = 'C011026' 

 [end]

[start] [DEBUG] [2026-07-08 09:26:55.274] [C011026_C011026CPM1] 
====request content is: 
    Request Type: Temp
Component : DBHelper
Session Context is: 
com.cs.core.utility.SessionContext@43c8aca5
Request Info Type : com.cs.core.dao.exec.SQLDao
Request Info Content is: 
[01]SELECT C_CRITERIA_DATA,C_TMPL_NAME,C_IS_DEFAULT FROM CETRX.STD_SEARCH_CRITERIA  WHERE  C_UNIT_CODE = 'C011026'  AND  C_USER_ID = 'C011026CPM1'  AND  C_CATA_ID = 'C2A_InProgress_Maker'  AND  C_BK_GROUP_ID = 'CSBANK'  AND  I_CRITERIA_TYPE = 4 

 [end]

[start] [DEBUG] [2026-07-08 09:26:58.260] [C011026_C011026CPM1] 
The request URI is : /BL6CEWeb/logout.do [end]

[start] [DEBUG] [2026-07-08 09:26:58.262] [C011026_C011026CPM1] 
The URI is :/BL6CEWeb/logout.do [end]

[start] [DEBUG] [2026-07-08 09:26:58.265] [C011026_C011026CPM1] 
The session refresh token in session is : null [end]

[start] [DEBUG] [2026-07-08 09:26:58.268] [C011026_C011026CPM1] 
====request content is: 
    Request Type: Temp
Component : DBHelper
Session Context is: 
com.cs.core.utility.SessionContext@59209ba6
Request Info Type : com.cs.core.dao.exec.SQLDao
Request Info Content is: 
[01]SELECT C_INACTIVE FROM CEUSER.SEC_USER_INFO WHERE C_USER_ID = 'C011026CPM1' AND C_UNIT_CODE = 'C011026' 

 [end]

[start] [DEBUG] [2026-07-08 09:26:58.275] [C011026_C011026CPM1] 
====request content is: 
    Request Type: Temp
Component : DBHelper
Session Context is: 
com.cs.core.utility.SessionContext@59209ba6
Request Info Type : com.cs.core.dao.exec.SQLDao
Request Info Content is: 
[01]SELECT C_IS_INFORM FROM CEUSER.SEC_LOGIN_SESSION WHERE C_SESSION_ID = '4wBvIJxezv3Qi33Le9LcV4K' 

 [end]

[start] [DEBUG] [2026-07-08 09:26:58.284] [C011026_C011026CPM1] 

------------------ Session ID : 4wBvIJxezv3Qi33Le9LcV4K --------------------

{com.ibm.websphere.servlet.uri_non_decoded,/BL6CEWeb/logout.do}

{CHECKED_REFRESH,T}

{JSESSIONID,}

{TrxSessionId,8A828497019F403191D9010C}

{javax.servlet.forward.query_string, 
LOGIN_NAME=
FUN_DESC=null
PRODUCT_NAME=
_TRX_STATUS=LOGOFF_UNLOCKED
SEL_TYPE=
ITEM_NAME=
IMG_INQ_TYPE=
TRAN_NAME=
CATA_PAGE_SIZE=
UNIT_CODE=
SUB_CATA_ID=
INI_ITEM_ID=
PRODUCT_ID=
CATA_NUM=
CATA_CURR=
_ACT_TYPE=
ExcelType=
ID=
CURR_OPER=
DoType=
PREV_TRAN_NAME=
TITLE_NAME=
EXCELTYPE=
FUN_NAME=
_EVENT_TITLE=
FUNC_ID=
GRP_NAME=
CATA_TYPE=
CE_SELECT_CATAFIELD=
ITEM_ID=
REFRESH_TOKEN=19
CSRFTOKEN=VD8AN828qg4957R9F3GCBivDT8M40nF1q1D9LFM4033h179UDqEvt9M50q1Z0Lm5
SAVED=
SELECTEDFIELDS=
TRAN_TYPE=
CURR_DATE=
TRXL_TYPE=
}
 [end]

[start] [DEBUG] [2026-07-08 09:26:58.286] [C011026_C011026CPM1] 
==========Watching important CE session data [starting......]
==========Current class name is [com.cs.ceweb.servlets.WSSCELogout], cdoe line number is [78].
==========CE session user information:
userId(C_USER_ID)=C011026CPM1,
userDesc(C_USER_DESC)=C011026CPM1,
userType(I_USER_TYPE)=2,
multiLogin(I_MULTI_LOGIN)=true,
deftUnitCode(C_DFLT_UNIT_CODE)=C011026,
authLevel(I_AUTH_LEVEL)=1,
langVal(C_LANG_VAL)=null,
secType(I_SEC_TYPE)=-1,
tempProtect(C_TMPL_PROTECT)=F,
C_TIMEZONE_ID=null
C_UNIT_CODE=C011026
C_CNTY_CODE=US
C_LANG_NAME=null
C_CHANGE_PSW=F
C_LOGIN_RULE=null
C_AUTH_SET=null
C_PRIVATE_MAIL=henry.chen@chinasystems.com
C_BK_GROUP_ID=CSBANK

==========CE session business group information:
unitCode(C_UNIT_CODE)=C011026,
unitName(C_UNIT_NAME)=C011025001nm,
bkGrpId(C_BK_GROUP_ID)=CSBANK,
cntyCode(C_CNTY_CODE)=US,
subCnty(C_SUB_CNTY)=US,
bank(C_IS_BANK)=F,
secType(I_SEC_TYPE)=3
tempProtect(C_TMPL_PROTECT)=F,
C_LANG_NAME=null
I_UNIT_TYPE=1
C_HAVE_AUTH=T
C_LANG_VAL=null
C_BANK_UNIT=null
C_BANK_CODE=null
dualCtrl(C_DUAL_CTRL)=T,
custFmt=decFormat(C_DEC_FORMAT)=.,
intFormat(C_INT_FORMAT)=,,
intFmtLen(I_INT_FMT_LEN)=3,
dateFormat(C_DATE_FORM)=yyyy-mm-dd,
,

==========CE session system information:
system information is a null object.
==========Watching important CE session data [end......]
 [end]

[start] [DEBUG] [2026-07-08 09:26:58.288] [C011026_C011026CPM1] 
====request content is: 
    Request Type: Temp
Component : DBHelper
Session Context is: 
com.cs.core.utility.SessionContext@59209ba6
Request Info Type : com.cs.core.dao.exec.SQLDao
Request Info Content is: 
[01]INSERT INTO CETRX.TRX_ACT_LOG (C_LOG_ID,C_BK_GROUP_ID,C_CNTY_CODE,C_GRP_CODE,C_UNIT_CODE,C_USER_ID,C_IP_ADDRESS,C_FUNC_ID,D_CREA_DATE,T_CREA_TIME,D_SYS_OP_DATE,T_SYS_OP_TIME,D_SYS_TRT_DATE,T_SYS_TRT_TIME,C_BUSI_KEY) VALUES ('8A8284979F3CBD84019F403191EE010D','CSBANK','US','C011026','C011026','C011026CPM1','10.3.197.109','LogOut','2026-07-08','05:26:58','2026-07-08','05:26:58','2026-07-08','05:26:58','C011026;C011026CPM1')

 [end]

[start] [DEBUG] [2026-07-08 09:26:58.298] [C011026_C011026CPM1] 
====request content is: 
    Request Type: Temp
Component : DBHelper
Session Context is: 
com.cs.core.utility.SessionContext@9e3fc8a0
Request Info Type : com.cs.core.dao.exec.SQLDao
Request Info Content is: 
[01]DELETE FROM CEUSER.SEC_LOGIN_SESSION WHERE C_BK_GROUP_ID = 'CSBANK' AND C_USER_ID = 'C011026CPM1' AND C_UNIT_CODE = 'C011026' AND C_SESSION_ID = '4wBvIJxezv3Qi33Le9LcV4K' 

 [end]

[start] [DEBUG] [2026-07-08 09:26:58.304] [C011026_C011026CPM1] 
== go to screen: /SYS_index.htm [end]

[start] [DEBUG] [2026-07-08 09:26:58.368] [C011026_C011026CPM1] 
The request URI is : /BL6CEWeb/SYS_JS/jQuery/jquery.min.js [end]

[start] [DEBUG] [2026-07-08 09:26:58.370] [C011026_C011026CPM1] 
The request URI is : /BL6CEWeb/JS/rsaencrypt/jsencrypt.min.js [end]

[start] [DEBUG] [2026-07-08 09:26:58.372] [C011026_C011026CPM1] 
The session refresh token in session is : null [end]

[start] [DEBUG] [2026-07-08 09:26:58.372] [C011026_C011026CPM1] 
The session refresh token in session is : null [end]

[start] [DEBUG] [2026-07-08 09:26:58.378] [C011026_C011026CPM1] 
The request URI is : /BL6CEWeb/JS/rsaencrypt/Publickey.js [end]

[start] [DEBUG] [2026-07-08 09:26:58.381] [C011026_C011026CPM1] 
The session refresh token in session is : null [end]

[start] [DEBUG] [2026-07-08 09:26:59.796] [C011026_C011026CPM1] 
The request URI is : /BL6CEWeb/screen/SECindex.htm [end]

[start] [DEBUG] [2026-07-08 09:26:59.798] [C011026_C011026CPM1] 
The session refresh token in session is : null [end]

[start] [DEBUG] [2026-07-08 09:27:00.136] [C011026_C011026CPM1] 
The request URI is : /BL6CEWeb/theme/DataType.css [end]

[start] [DEBUG] [2026-07-08 09:27:00.137] [C011026_C011026CPM1] 
The URI is :/BL6CEWeb/theme/DataType.css [end]

[start] [DEBUG] [2026-07-08 09:27:00.138] [C011026_C011026CPM1] 
The session refresh token in session is : null [end]

[start] [DEBUG] [2026-07-08 09:27:00.145] [C011026_C011026CPM1] 
The request URI is : /BL6CEWeb/WebComponents/customize/Components-customize.css [end]

[start] [DEBUG] [2026-07-08 09:27:00.146] [C011026_C011026CPM1] 
The URI is :/BL6CEWeb/WebComponents/customize/Components-customize.css [end]

[start] [DEBUG] [2026-07-08 09:27:00.148] [C011026_C011026CPM1] 
The session refresh token in session is : null [end]

[start] [DEBUG] [2026-07-08 09:27:00.152] [C011026_C011026CPM1] 
The request URI is : /BL6CEWeb/SYS_JS/breadcrumb/breadcrumb.js [end]

[start] [DEBUG] [2026-07-08 09:27:00.154] [C011026_C011026CPM1] 
The URI is :/BL6CEWeb/SYS_JS/breadcrumb/breadcrumb.js [end]

[start] [DEBUG] [2026-07-08 09:27:00.155] [C011026_C011026CPM1] 
The session refresh token in session is : null [end]

[start] [DEBUG] [2026-07-08 09:27:00.159] [C011026_C011026CPM1] 
The request URI is : /BL6CEWeb/SYS_JS/i18n.js [end]

[start] [DEBUG] [2026-07-08 09:27:00.160] [C011026_C011026CPM1] 
The URI is :/BL6CEWeb/SYS_JS/i18n.js [end]

[start] [DEBUG] [2026-07-08 09:27:00.161] [C011026_C011026CPM1] 
The session refresh token in session is : null [end]

[start] [DEBUG] [2026-07-08 09:27:00.164] [C011026_C011026CPM1] 
The request URI is : /BL6CEWeb/JS/summary-builder.js [end]

[start] [DEBUG] [2026-07-08 09:27:00.167] [C011026_C011026CPM1] 
The URI is :/BL6CEWeb/JS/summary-builder.js [end]

[start] [DEBUG] [2026-07-08 09:27:00.240] [C011026_C011026CPM1] 
The session refresh token in session is : null [end]

[start] [DEBUG] [2026-07-08 09:27:00.254] [C011026_C011026CPM1] 
The request URI is : /BL6CEWeb/WebComponents/main.js [end]

[start] [DEBUG] [2026-07-08 09:27:00.255] [C011026_C011026CPM1] 
The URI is :/BL6CEWeb/WebComponents/main.js [end]

[start] [DEBUG] [2026-07-08 09:27:00.256] [C011026_C011026CPM1] 
The session refresh token in session is : null [end]

[start] [DEBUG] [2026-07-08 09:27:00.264] [C011026_C011026CPM1] 
The request URI is : /BL6CEWeb/WebComponents/custom-elements.js [end]

[start] [DEBUG] [2026-07-08 09:27:00.265] [C011026_C011026CPM1] 
The URI is :/BL6CEWeb/WebComponents/custom-elements.js [end]

[start] [DEBUG] [2026-07-08 09:27:00.266] [C011026_C011026CPM1] 
The session refresh token in session is : null [end]

[start] [DEBUG] [2026-07-08 09:27:00.269] [C011026_C011026CPM1] 
The request URI is : /BL6CEWeb/SYS_JS/SYS_IntrItem.js [end]

[start] [DEBUG] [2026-07-08 09:27:00.271] [C011026_C011026CPM1] 
The URI is :/BL6CEWeb/SYS_JS/SYS_IntrItem.js [end]

[start] [DEBUG] [2026-07-08 09:27:00.272] [C011026_C011026CPM1] 
The session refresh token in session is : null [end]

[start] [DEBUG] [2026-07-08 09:27:00.277] [C011026_C011026CPM1] 
The request URI is : /BL6CEWeb/SYS_JS/SYS_ErrHandle.js [end]

[start] [DEBUG] [2026-07-08 09:27:00.279] [C011026_C011026CPM1] 
The URI is :/BL6CEWeb/SYS_JS/SYS_ErrHandle.js [end]

[start] [DEBUG] [2026-07-08 09:27:00.280] [C011026_C011026CPM1] 
The session refresh token in session is : null [end]

[start] [DEBUG] [2026-07-08 09:27:00.785] [C011026_C011026CPM1] 
The request URI is : /BL6CEWeb/screen/SYS_Dummy.htm [end]

[start] [DEBUG] [2026-07-08 09:27:00.786] [C011026_C011026CPM1] 
The URI is :/BL6CEWeb/screen/SYS_Dummy.htm [end]

[start] [DEBUG] [2026-07-08 09:27:00.787] [C011026_C011026CPM1] 
The session refresh token in session is : null [end]

[start] [DEBUG] [2026-07-08 09:27:00.815] [C011026_C011026CPM1] 
The request URI is : /BL6CEWeb/Images/header_bg4.jpg [end]

[start] [DEBUG] [2026-07-08 09:27:00.816] [C011026_C011026CPM1] 
The URI is :/BL6CEWeb/Images/header_bg4.jpg [end]

[start] [DEBUG] [2026-07-08 09:27:00.817] [C011026_C011026CPM1] 
The session refresh token in session is : null [end]

[start] [DEBUG] [2026-07-08 09:27:08.572] [C011026_C011026CPM1] 
The request URI is : /BL6CEWeb/SYS_JS/SYS_ErrHandle.js [end]

[start] [DEBUG] [2026-07-08 09:27:08.574] [C011026_C011026CPM1] 
The URI is :/BL6CEWeb/SYS_JS/SYS_ErrHandle.js [end]

[start] [DEBUG] [2026-07-08 09:27:08.577] [C011026_C011026CPM1] 
The session refresh token in session is : null [end]

[start] [DEBUG] [2026-07-08 09:27:14.120] [C011026_C011026CPM1] 
The request URI is : /BL6CEWeb/JS/rsaencrypt/jsencrypt.min.js [end]

[start] [DEBUG] [2026-07-08 09:27:14.122] [C011026_C011026CPM1] 
The session refresh token in session is : null [end]

[start] [DEBUG] [2026-07-08 09:27:14.125] [C011026_C011026CPM1] 
The request URI is : /BL6CEWeb/JS/rsaencrypt/Publickey.js [end]

[start] [DEBUG] [2026-07-08 09:27:14.126] [C011026_C011026CPM1] 
The session refresh token in session is : null [end]

[start] [DEBUG] [2026-07-08 09:29:35.245] [C011026_C011026CPM1] 
The request URI is : /BL6CEWeb/theme/Standard.css [end]

[start] [DEBUG] [2026-07-08 09:29:35.246] [C011026_C011026CPM1] 
The URI is :/BL6CEWeb/theme/Standard.css [end]

[start] [DEBUG] [2026-07-08 09:29:35.247] [C011026_C011026CPM1] 
The session refresh token in session is : null [end]

[start] [DEBUG] [2026-07-08 09:29:35.249] [C011026_C011026CPM1] 
The request URI is : /BL6CEWeb/theme/DataType.css [end]

[start] [DEBUG] [2026-07-08 09:29:35.250] [C011026_C011026CPM1] 
The URI is :/BL6CEWeb/theme/DataType.css [end]

[start] [DEBUG] [2026-07-08 09:29:35.251] [C011026_C011026CPM1] 
The request URI is : /BL6CEWeb/WebComponents/styles.css [end]

[start] [DEBUG] [2026-07-08 09:29:35.251] [C011026_C011026CPM1] 
The session refresh token in session is : null [end]

[start] [DEBUG] [2026-07-08 09:29:35.252] [C011026_C011026CPM1] 
The URI is :/BL6CEWeb/WebComponents/styles.css [end]

[start] [DEBUG] [2026-07-08 09:29:35.253] [C011026_C011026CPM1] 
The session refresh token in session is : null [end]

[start] [DEBUG] [2026-07-08 09:29:35.255] [C011026_C011026CPM1] 
The request URI is : /BL6CEWeb/theme/Standard-customize.css [end]

[start] [DEBUG] [2026-07-08 09:29:35.256] [C011026_C011026CPM1] 
The URI is :/BL6CEWeb/theme/Standard-customize.css [end]

[start] [DEBUG] [2026-07-08 09:29:35.257] [C011026_C011026CPM1] 
The session refresh token in session is : null [end]

[start] [DEBUG] [2026-07-08 09:29:35.452] [C011026_C011026CPM1] 
The request URI is : /BL6CEWeb/WebComponents/customize/Components-customize.css [end]

[start] [DEBUG] [2026-07-08 09:29:35.455] [C011026_C011026CPM1] 
The URI is :/BL6CEWeb/WebComponents/customize/Components-customize.css [end]

[start] [DEBUG] [2026-07-08 09:29:35.455] [C011026_C011026CPM1] 
The request URI is : /BL6CEWeb/Plugins/jQueryUI/jquery-ui.min.js [end]

[start] [DEBUG] [2026-07-08 09:29:35.457] [C011026_C011026CPM1] 
The session refresh token in session is : null [end]

[start] [DEBUG] [2026-07-08 09:29:35.458] [C011026_C011026CPM1] 
The URI is :/BL6CEWeb/Plugins/jQueryUI/jquery-ui.min.js [end]

[start] [DEBUG] [2026-07-08 09:29:35.460] [C011026_C011026CPM1] 
The session refresh token in session is : null [end]

[start] [DEBUG] [2026-07-08 09:29:35.664] [C011026_C011026CPM1] 
The request URI is : /BL6CEWeb/SYS_JS/browser.js [end]

[start] [DEBUG] [2026-07-08 09:29:35.664] [C011026_C011026CPM1] 
The request URI is : /BL6CEWeb/SYS_JS/SYS_CrossBrowser.js [end]

[start] [DEBUG] [2026-07-08 09:29:35.666] [C011026_C011026CPM1] 
The URI is :/BL6CEWeb/SYS_JS/SYS_CrossBrowser.js [end]

[start] [DEBUG] [2026-07-08 09:29:35.667] [C011026_C011026CPM1] 
The URI is :/BL6CEWeb/SYS_JS/browser.js [end]

[start] [DEBUG] [2026-07-08 09:29:35.669] [C011026_C011026CPM1] 
The session refresh token in session is : null [end]

[start] [DEBUG] [2026-07-08 09:29:35.670] [C011026_C011026CPM1] 
The session refresh token in session is : null [end]

[start] [DEBUG] [2026-07-08 09:29:35.871] [C011026_C011026CPM1] 
The request URI is : /BL6CEWeb/SYS_JS/SYS_ActionFunc_CAL.js [end]

[start] [DEBUG] [2026-07-08 09:29:35.873] [C011026_C011026CPM1] 
The URI is :/BL6CEWeb/SYS_JS/SYS_ActionFunc_CAL.js [end]

[start] [DEBUG] [2026-07-08 09:29:35.874] [C011026_C011026CPM1] 
The session refresh token in session is : null [end]

[start] [DEBUG] [2026-07-08 09:29:35.886] [C011026_C011026CPM1] 
The request URI is : /BL6CEWeb/SYS_JS/SYS_Common.js [end]

[start] [DEBUG] [2026-07-08 09:29:35.887] [C011026_C011026CPM1] 
The URI is :/BL6CEWeb/SYS_JS/SYS_Common.js [end]

[start] [DEBUG] [2026-07-08 09:29:35.889] [C011026_C011026CPM1] 
The session refresh token in session is : null [end]

[start] [DEBUG] [2026-07-08 09:29:35.890] [C011026_C011026CPM1] 
The request URI is : /BL6CEWeb/SYS_JS/SYS_BaseFunc_CAL.js [end]

[start] [DEBUG] [2026-07-08 09:29:35.891] [C011026_C011026CPM1] 
The URI is :/BL6CEWeb/SYS_JS/SYS_BaseFunc_CAL.js [end]

[start] [DEBUG] [2026-07-08 09:29:35.893] [C011026_C011026CPM1] 
The session refresh token in session is : null [end]

[start] [DEBUG] [2026-07-08 09:29:42.224] [C011026_C011026CPM1] 
The request URI is : /BL6CEWeb/Images/header_bg4.jpg [end]

[start] [DEBUG] [2026-07-08 09:29:42.225] [C011026_C011026CPM1] 
The URI is :/BL6CEWeb/Images/header_bg4.jpg [end]

[start] [DEBUG] [2026-07-08 09:29:42.227] [C011026_C011026CPM1] 
The session refresh token in session is : null [end]

[start] [DEBUG] [2026-07-08 09:29:42.235] [C011026_C011026CPM1] 
The request URI is : /BL6CEWeb/Images/CSlogo.gif [end]

[start] [DEBUG] [2026-07-08 09:29:42.236] [C011026_C011026CPM1] 
The URI is :/BL6CEWeb/Images/CSlogo.gif [end]

[start] [DEBUG] [2026-07-08 09:29:42.238] [C011026_C011026CPM1] 
The session refresh token in session is : null [end]

[start] [DEBUG] [2026-07-08 09:29:42.337] [C011026_C011026CPM1] 
The request URI is : /BL6CEWeb/fonts/IBM_Plex_Sans/IBMPlexSans-Regular.ttf [end]

[start] [DEBUG] [2026-07-08 09:29:42.338] [C011026_C011026CPM1] 
The URI is :/BL6CEWeb/fonts/IBM_Plex_Sans/IBMPlexSans-Regular.ttf [end]

[start] [DEBUG] [2026-07-08 09:29:42.340] [C011026_C011026CPM1] 
The session refresh token in session is : null [end]

[start] [DEBUG] [2026-07-08 09:29:42.352] [C011026_C011026CPM1] 
The request URI is : /BL6CEWeb/fonts/IBM_Plex_Sans/IBMPlexSans-Medium.ttf [end]

[start] [DEBUG] [2026-07-08 09:29:42.354] [C011026_C011026CPM1] 
The URI is :/BL6CEWeb/fonts/IBM_Plex_Sans/IBMPlexSans-Medium.ttf [end]

[start] [DEBUG] [2026-07-08 09:29:42.355] [C011026_C011026CPM1] 
The session refresh token in session is : null [end]

[start] [DEBUG] [2026-07-08 09:29:42.391] [C011026_C011026CPM1] 
The request URI is : /BL6CEWeb/Plugins/jQueryUI/images/ui-icons_444444_256x240.png [end]

[start] [DEBUG] [2026-07-08 09:29:42.392] [C011026_C011026CPM1] 
The URI is :/BL6CEWeb/Plugins/jQueryUI/images/ui-icons_444444_256x240.png [end]

[start] [DEBUG] [2026-07-08 09:29:42.394] [C011026_C011026CPM1] 
The session refresh token in session is : null [end]

[start] [DEBUG] [2026-07-08 09:29:42.793] [C011026_C011026CPM1] 
The request URI is : /BL6CEWeb/servlets/WSTrxManager [end]

[start] [DEBUG] [2026-07-08 09:29:42.797] [C011026_C011026CPM1] 
The URI is :/BL6CEWeb/servlets/WSTrxManager [end]

[start] [DEBUG] [2026-07-08 09:29:42.799] [C011026_C011026CPM1] 
The session refresh token in session is : 1783488574596 [end]

[start] [DEBUG] [2026-07-08 09:29:42.802] [C011026_C011026CPM1] 
The parameter AjaxPost in request is : T [end]

[start] [DEBUG] [2026-07-08 09:29:42.804] [C011026_C011026CPM1] 
The request need to check refresh token : false [end]

[start] [DEBUG] [2026-07-08 09:29:43.312] [C011026_C011026CPM1] 
The request URI is : /BL6CEWeb/theme/default/widgets/plugin/button.css [end]

[start] [DEBUG] [2026-07-08 09:29:43.314] [C011026_C011026CPM1] 
The URI is :/BL6CEWeb/theme/default/widgets/plugin/button.css [end]

[start] [DEBUG] [2026-07-08 09:29:43.315] [C011026_C011026CPM1] 
The session refresh token in session is : null [end]

[start] [DEBUG] [2026-07-08 09:29:43.318] [C011026_C011026CPM1] 
The request URI is : /BL6CEWeb/theme/default/widgets/plugin/popmenu.css [end]

[start] [DEBUG] [2026-07-08 09:29:43.319] [C011026_C011026CPM1] 
The URI is :/BL6CEWeb/theme/default/widgets/plugin/popmenu.css [end]

[start] [DEBUG] [2026-07-08 09:29:43.321] [C011026_C011026CPM1] 
The session refresh token in session is : null [end]

[start] [DEBUG] [2026-07-08 09:29:43.324] [C011026_C011026CPM1] 
The request URI is : /BL6CEWeb/theme/default/widgets/plugin/icon.css [end]

[start] [DEBUG] [2026-07-08 09:29:43.325] [C011026_C011026CPM1] 
The URI is :/BL6CEWeb/theme/default/widgets/plugin/icon.css [end]

[start] [DEBUG] [2026-07-08 09:29:43.327] [C011026_C011026CPM1] 
The session refresh token in session is : null [end]

[start] [DEBUG] [2026-07-08 09:29:43.441] [C011026_C011026CPM1] 
The request URI is : /BL6CEWeb/theme/default/widgets/plugin/checkbox.css [end]

[start] [DEBUG] [2026-07-08 09:29:43.443] [C011026_C011026CPM1] 
The URI is :/BL6CEWeb/theme/default/widgets/plugin/checkbox.css [end]

[start] [DEBUG] [2026-07-08 09:29:43.445] [C011026_C011026CPM1] 
The session refresh token in session is : null [end]

[start] [DEBUG] [2026-07-08 09:29:43.463] [C011026_C011026CPM1] 
The request URI is : /BL6CEWeb/theme/default/widgets/plugin/messagebar.css [end]

[start] [DEBUG] [2026-07-08 09:29:43.464] [C011026_C011026CPM1] 
The URI is :/BL6CEWeb/theme/default/widgets/plugin/messagebar.css [end]

[start] [DEBUG] [2026-07-08 09:29:43.465] [C011026_C011026CPM1] 
The session refresh token in session is : null [end]

[start] [DEBUG] [2026-07-08 09:29:48.399] [C011026_C011026CPM1] 
The request URI is : /BL6CEWeb/servlets/WSSActionRouting [end]

[start] [DEBUG] [2026-07-08 09:29:48.402] [C011026_C011026CPM1] 
The URI is :/BL6CEWeb/servlets/WSSActionRouting [end]

[start] [DEBUG] [2026-07-08 09:29:48.404] [C011026_C011026CPM1] 
The session refresh token in session is : 1783488574596 [end]

[start] [DEBUG] [2026-07-08 09:29:48.406] [C011026_C011026CPM1] 
The parameter AjaxPost in request is : null [end]

[start] [DEBUG] [2026-07-08 09:29:48.407] [C011026_C011026CPM1] 
The servlet is must check refresh :false [end]

[start] [DEBUG] [2026-07-08 09:29:48.409] [C011026_C011026CPM1] 
The parameter _TRX_STATUS in request is :  [end]

[start] [DEBUG] [2026-07-08 09:29:48.410] [C011026_C011026CPM1] 
The request is special status : 0 [end]

[start] [DEBUG] [2026-07-08 09:29:48.411] [C011026_C011026CPM1] 
The request is special uri : 0 [end]

[start] [DEBUG] [2026-07-08 09:29:48.412] [C011026_C011026CPM1] 
The request is special servlet : 0 [end]

[start] [DEBUG] [2026-07-08 09:29:48.413] [C011026_C011026CPM1] 
The request need to check refresh token : true [end]

[start] [DEBUG] [2026-07-08 09:29:48.414] [C011026_C011026CPM1] 
request refreshToken:1783488574599 [end]

[start] [DEBUG] [2026-07-08 09:29:48.415] [C011026_C011026CPM1] 
The request is refresh : false [end]

[start] [DEBUG] [2026-07-08 09:29:48.416] [C011026_C011026CPM1] 
====request content is: 
    Request Type: Temp
Component : DBHelper
Session Context is: 
com.cs.core.utility.SessionContext@b7f7753f
Request Info Type : com.cs.core.dao.exec.SQLDao
Request Info Content is: 
[01]SELECT to_char(systimestamp, 'yyyy-mm-dd hh24:mi:ssxff') AS sysDT FROM dual

 [end]

[start] [DEBUG] [2026-07-08 09:29:48.419] [C011026_C011026CPM1] 
The currnt date find from DB is : 2026-07-08 09:29:48.417000 [end]

[start] [DEBUG] [2026-07-08 09:29:48.420] [C011026_C011026CPM1] 
Change refresh token in the session : 1783488588417 [end]

[start] [DEBUG] [2026-07-08 09:33:58.735] [C011026_C011026CPM1] 
The request URI is : /BL6CEWeb/JS/rsaencrypt/jsencrypt.min.js [end]

[start] [DEBUG] [2026-07-08 09:33:58.737] [C011026_C011026CPM1] 
The session refresh token in session is : null [end]
