
[start] [DEBUG] [2026-07-05 16:25:55.944] [CSOFFICE_superofficer] 

------------------------------------IE_WEB Time Log----------------------------------------------
WS RECV FR IE: 2026-07-05 16:25:55.926 - 1783254355926 - 9qZI74l72Sox-PAHqHkWbVJ - SESSION_LIFE_CYCLE
 [end]

[start] [DEBUG] [2026-07-05 16:25:55.946] [CSOFFICE_superofficer] 
WS SEND TO IE: 2026-07-05 16:25:55.943 - 1783254355943 - 9qZI74l72Sox-PAHqHkWbVJ - SESSION_LIFE_CYCLE
 [end]

[start] [DEBUG] [2026-07-05 16:25:58.269] [CSOFFICE_superofficer] 

------------------------------------IE_WEB Time Log----------------------------------------------
WS RECV FR IE: 2026-07-05 16:25:58.209 - 1783254358209 - 9qZI74l72Sox-PAHqHkWbVJ - LOGOFF_UNLOCKED
 [end]

[start] [DEBUG] [2026-07-05 16:25:58.270] [CSOFFICE_superofficer] 
WS SEND TO IE: 2026-07-05 16:25:58.268 - 1783254358268 - 9qZI74l72Sox-PAHqHkWbVJ - LOGOFF_UNLOCKED
 [end]

[start] [DEBUG] [2026-07-05 16:26:08.856] [MulTest1_MulTestOP1] 

------------------------------------IE_WEB Time Log----------------------------------------------
WS RECV FR IE: 2026-07-05 16:26:08.839 - 1783254368839 - ZeTL1gveeAe6ZCsOAXi6_VH - SESSION_LIFE_CYCLE
 [end]

[start] [DEBUG] [2026-07-05 16:26:08.857] [MulTest1_MulTestOP1] 
WS SEND TO IE: 2026-07-05 16:26:08.855 - 1783254368855 - ZeTL1gveeAe6ZCsOAXi6_VH - SESSION_LIFE_CYCLE
 [end]

[start] [DEBUG] [2026-07-05 16:26:14.927] [MulTest1_MulTestOP1] 

------------------------------------IE_WEB Time Log----------------------------------------------
WS RECV FR IE: 2026-07-05 16:26:14.884 - 1783254374884 - ZeTL1gveeAe6ZCsOAXi6_VH - LOGOFF_UNLOCKED
 [end]

[start] [DEBUG] [2026-07-05 16:26:14.928] [MulTest1_MulTestOP1] 
WS SEND TO IE: 2026-07-05 16:26:14.926 - 1783254374926 - ZeTL1gveeAe6ZCsOAXi6_VH - LOGOFF_UNLOCKED
 [end]

[start] [DEBUG] [2026-07-05 16:26:20.180] [SELLER_OP01] 

------------------------------------IE_WEB Time Log----------------------------------------------
WS RECV FR IE: 2026-07-05 16:26:20.164 - 1783254380164 - F_6nBezthlVh4CMlU403pn2 - SESSION_LIFE_CYCLE
 [end]

[start] [DEBUG] [2026-07-05 16:26:20.181] [SELLER_OP01] 
WS SEND TO IE: 2026-07-05 16:26:20.179 - 1783254380179 - F_6nBezthlVh4CMlU403pn2 - SESSION_LIFE_CYCLE
 [end]

[start] [DEBUG] [2026-07-05 18:20:24.752] [C011143_C011143MCM1] 

------------------------------------IE_WEB Time Log----------------------------------------------
WS RECV FR IE: 2026-07-05 18:20:24.732 - 1783261224732 - _2Ur99UXgpKgm3GfbaUglBS - SESSION_LIFE_CYCLE
 [end]

[start] [DEBUG] [2026-07-05 18:20:24.753] [C011143_C011143MCM1] 
WS SEND TO IE: 2026-07-05 18:20:24.75 - 1783261224750 - _2Ur99UXgpKgm3GfbaUglBS - SESSION_LIFE_CYCLE
 [end]

[start] [DEBUG] [2026-07-05 18:20:45.059] [C011143_C011143MCM1] 

------------------------------------IE_WEB Time Log----------------------------------------------
WS RECV FR IE: 2026-07-05 18:20:45.002 - 1783261245002 - _2Ur99UXgpKgm3GfbaUglBS - LOGOFF_UNLOCKED
 [end]

[start] [DEBUG] [2026-07-05 18:20:45.060] [C011143_C011143MCM1] 
WS SEND TO IE: 2026-07-05 18:20:45.058 - 1783261245058 - _2Ur99UXgpKgm3GfbaUglBS - LOGOFF_UNLOCKED
 [end]

[start] [DEBUG] [2026-07-05 18:20:50.498] [C006948_C006948MCM1] 

------------------------------------IE_WEB Time Log----------------------------------------------
WS RECV FR IE: 2026-07-05 18:20:50.481 - 1783261250481 - Yqk8kZr2ZkQR2w3KoP139YJ - SESSION_LIFE_CYCLE
 [end]

[start] [DEBUG] [2026-07-05 18:20:50.499] [C006948_C006948MCM1] 
WS SEND TO IE: 2026-07-05 18:20:50.497 - 1783261250497 - Yqk8kZr2ZkQR2w3KoP139YJ - SESSION_LIFE_CYCLE
 [end]

[start] [DEBUG] [2026-07-05 18:21:01.450] [C006948_C006948MCM1] 

------------------------------------IE_WEB Time Log----------------------------------------------
WS RECV FR IE: 2026-07-05 18:20:59.876 - 1783261259876 - Yqk8kZr2ZkQR2w3KoP139YJ - CE_CATAMANAGER
 [end]

[start] [DEBUG] [2026-07-05 18:21:01.451] [C006948_C006948MCM1] 
WS SEND TO IE: 2026-07-05 18:21:01.449 - 1783261261449 - Yqk8kZr2ZkQR2w3KoP139YJ - CE_CATAMANAGER
 [end]

[start] [DEBUG] [2026-07-05 18:21:01.452] [C006948_C006948MCM1] 

------------------------------------IE_WEB Time Log----------------------------------------------
WS RECV FR IE: 2026-07-05 18:20:59.804 - 1783261259804 - Yqk8kZr2ZkQR2w3KoP139YJ - PARALLEL
 [end]

[start] [DEBUG] [2026-07-05 18:21:01.454] [C006948_C006948MCM1] 
WS SEND TO IE: 2026-07-05 18:21:01.451 - 1783261261451 - Yqk8kZr2ZkQR2w3KoP139YJ - PARALLEL
 [end]

[start] [DEBUG] [2026-07-05 18:24:46.638] [SELLER_OP01] 

------------------------------------IE_WEB Time Log----------------------------------------------
WS RECV FR IE: 2026-07-05 18:24:46.627 - 1783261486627 - 9xmTbqCrVK6U-om5QladNzf - SESSION_LIFE_CYCLE
 [end]

[start] [DEBUG] [2026-07-05 18:24:46.640] [SELLER_OP01] 
WS SEND TO IE: 2026-07-05 18:24:46.637 - 1783261486637 - 9xmTbqCrVK6U-om5QladNzf - SESSION_LIFE_CYCLE
 [end]

[start] [DEBUG] [2026-07-05 18:28:55.177] [C006948_C006948MCM1] 

------------------------------------IE_WEB Time Log----------------------------------------------
WS RECV FR IE: 2026-07-05 18:28:55.176 - 1783261735176 - Yqk8kZr2ZkQR2w3KoP139YJ - null
 [end]

[start] [DEBUG] [2026-07-05 18:28:55.178] [C006948_C006948MCM1] 
WS SEND TO IE: 2026-07-05 18:28:55.176 - 1783261735176 - Yqk8kZr2ZkQR2w3KoP139YJ - null
 [end]

[start] [DEBUG] [2026-07-05 18:28:58.141] [C006948_C006948MCM1] 

------------------------------------IE_WEB Time Log----------------------------------------------
WS RECV FR IE: 2026-07-05 18:28:57.776 - 1783261737776 - Yqk8kZr2ZkQR2w3KoP139YJ - CE_CATAMANAGER
 [end]

[start] [DEBUG] [2026-07-05 18:28:58.143] [C006948_C006948MCM1] 
WS SEND TO IE: 2026-07-05 18:28:58.14 - 1783261738140 - Yqk8kZr2ZkQR2w3KoP139YJ - CE_CATAMANAGER
 [end]

[start] [DEBUG] [2026-07-05 18:28:58.144] [C006948_C006948MCM1] 

------------------------------------IE_WEB Time Log----------------------------------------------
WS RECV FR IE: 2026-07-05 18:28:57.712 - 1783261737712 - Yqk8kZr2ZkQR2w3KoP139YJ - PARALLEL
 [end]

[start] [DEBUG] [2026-07-05 18:28:58.146] [C006948_C006948MCM1] 
WS SEND TO IE: 2026-07-05 18:28:58.143 - 1783261738143 - Yqk8kZr2ZkQR2w3KoP139YJ - PARALLEL
 [end]

[start] [DEBUG] [2026-07-05 18:29:04.423] [C006948_C006948MCM1] 

------------------------------------IE_WEB Time Log----------------------------------------------
WS RECV FR IE: 2026-07-05 18:29:02.622 - 1783261742622 - Yqk8kZr2ZkQR2w3KoP139YJ - LDGLIST
 [end]

[start] [DEBUG] [2026-07-05 18:29:04.424] [C006948_C006948MCM1] 
WS SEND TO IE: 2026-07-05 18:29:04.422 - 1783261744422 - Yqk8kZr2ZkQR2w3KoP139YJ - LDGLIST
 [end]

[start] [DEBUG] [2026-07-05 18:29:06.369] [C006948_C006948MCM1] 

------------------------------------IE_WEB Time Log----------------------------------------------
WS RECV FR IE: 2026-07-05 18:29:06.19 - 1783261746190 - Yqk8kZr2ZkQR2w3KoP139YJ - SEARCH_DO_RULE
 [end]

[start] [DEBUG] [2026-07-05 18:29:06.370] [C006948_C006948MCM1] 
WS SEND TO IE: 2026-07-05 18:29:06.368 - 1783261746368 - Yqk8kZr2ZkQR2w3KoP139YJ - SEARCH_DO_RULE
 [end]

[start] [DEBUG] [2026-07-05 18:29:06.504] [C006948_C006948MCM1] 

------------------------------------IE_WEB Time Log----------------------------------------------
WS RECV FR IE: 2026-07-05 18:29:06.23 - 1783261746230 - Yqk8kZr2ZkQR2w3KoP139YJ - TRX_GET_CUBK
 [end]

[start] [DEBUG] [2026-07-05 18:29:06.505] [C006948_C006948MCM1] 
WS SEND TO IE: 2026-07-05 18:29:06.503 - 1783261746503 - Yqk8kZr2ZkQR2w3KoP139YJ - TRX_GET_CUBK
 [end]

[start] [DEBUG] [2026-07-05 18:29:06.626] [C006948_C006948MCM1] 

------------------------------------IE_WEB Time Log----------------------------------------------
WS RECV FR IE: 2026-07-05 18:29:06.608 - 1783261746608 - Yqk8kZr2ZkQR2w3KoP139YJ - TRX_GET_CUBK
 [end]

[start] [DEBUG] [2026-07-05 18:29:06.627] [C006948_C006948MCM1] 
WS SEND TO IE: 2026-07-05 18:29:06.625 - 1783261746625 - Yqk8kZr2ZkQR2w3KoP139YJ - TRX_GET_CUBK
 [end]

[start] [DEBUG] [2026-07-05 18:29:10.680] [C006948_C006948MCM1] 

------------------------------------IE_WEB Time Log----------------------------------------------
WS RECV FR IE: 2026-07-05 18:29:10.648 - 1783261750648 - Yqk8kZr2ZkQR2w3KoP139YJ - null
 [end]

[start] [DEBUG] [2026-07-05 18:29:10.682] [C006948_C006948MCM1] 
WS SEND TO IE: 2026-07-05 18:29:10.679 - 1783261750679 - Yqk8kZr2ZkQR2w3KoP139YJ - null
 [end]

[start] [DEBUG] [2026-07-05 18:29:15.566] [C006948_C006948MCM1] 

------------------------------------IE_WEB Time Log----------------------------------------------
WS RECV FR IE: 2026-07-05 18:29:15.208 - 1783261755208 - Yqk8kZr2ZkQR2w3KoP139YJ - CE_CATAMANAGER
 [end]

[start] [DEBUG] [2026-07-05 18:29:15.567] [C006948_C006948MCM1] 
WS SEND TO IE: 2026-07-05 18:29:15.564 - 1783261755564 - Yqk8kZr2ZkQR2w3KoP139YJ - CE_CATAMANAGER
 [end]

[start] [DEBUG] [2026-07-05 18:29:15.569] [C006948_C006948MCM1] 

------------------------------------IE_WEB Time Log----------------------------------------------
WS RECV FR IE: 2026-07-05 18:29:15.166 - 1783261755166 - Yqk8kZr2ZkQR2w3KoP139YJ - PARALLEL
 [end]

[start] [DEBUG] [2026-07-05 18:29:15.570] [C006948_C006948MCM1] 
WS SEND TO IE: 2026-07-05 18:29:15.567 - 1783261755567 - Yqk8kZr2ZkQR2w3KoP139YJ - PARALLEL
 [end]

[start] [DEBUG] [2026-07-05 18:29:29.961] [C006948_C006948MCM1] 

------------------------------------IE_WEB Time Log----------------------------------------------
WS RECV FR IE: 2026-07-05 18:29:24.993 - 1783261764993 - Yqk8kZr2ZkQR2w3KoP139YJ - LDGLIST
 [end]

[start] [DEBUG] [2026-07-05 18:29:29.962] [C006948_C006948MCM1] 
WS SEND TO IE: 2026-07-05 18:29:29.96 - 1783261769960 - Yqk8kZr2ZkQR2w3KoP139YJ - LDGLIST
 [end]

[start] [DEBUG] [2026-07-05 18:29:39.367] [C006948_C006948MCM1] 

------------------------------------IE_WEB Time Log----------------------------------------------
WS RECV FR IE: 2026-07-05 18:29:39.25 - 1783261779250 - Yqk8kZr2ZkQR2w3KoP139YJ - CE_CATAMANAGER
 [end]

[start] [DEBUG] [2026-07-05 18:29:39.368] [C006948_C006948MCM1] 
WS SEND TO IE: 2026-07-05 18:29:39.366 - 1783261779366 - Yqk8kZr2ZkQR2w3KoP139YJ - CE_CATAMANAGER
 [end]

[start] [DEBUG] [2026-07-05 18:29:39.369] [C006948_C006948MCM1] 

------------------------------------IE_WEB Time Log----------------------------------------------
WS RECV FR IE: 2026-07-05 18:29:39.232 - 1783261779232 - Yqk8kZr2ZkQR2w3KoP139YJ - BACK_TO_PREVIOUS
 [end]

[start] [DEBUG] [2026-07-05 18:29:39.370] [C006948_C006948MCM1] 
WS SEND TO IE: 2026-07-05 18:29:39.368 - 1783261779368 - Yqk8kZr2ZkQR2w3KoP139YJ - BACK_TO_PREVIOUS
 [end]

[start] [DEBUG] [2026-07-05 19:20:41.921] [SELLER_OP01] 

------------------------------------IE_WEB Time Log----------------------------------------------
WS RECV FR IE: 2026-07-05 19:20:41.909 - 1783264841909 - Cu-Cq5XQAJvSu8lm_LSGVMw - SESSION_LIFE_CYCLE
 [end]

[start] [DEBUG] [2026-07-05 19:20:41.922] [SELLER_OP01] 
WS SEND TO IE: 2026-07-05 19:20:41.92 - 1783264841920 - Cu-Cq5XQAJvSu8lm_LSGVMw - SESSION_LIFE_CYCLE
 [end]

[start] [DEBUG] [2026-07-05 19:20:54.310] [SELLER_OP01] 

------------------------------------IE_WEB Time Log----------------------------------------------
WS RECV FR IE: 2026-07-05 19:20:54.281 - 1783264854281 - Cu-Cq5XQAJvSu8lm_LSGVMw - LOGOFF_UNLOCKED
 [end]

[start] [DEBUG] [2026-07-05 19:20:54.311] [SELLER_OP01] 
WS SEND TO IE: 2026-07-05 19:20:54.309 - 1783264854309 - Cu-Cq5XQAJvSu8lm_LSGVMw - LOGOFF_UNLOCKED
 [end]

[start] [DEBUG] [2026-07-05 20:01:49.293] [C013133_C013133MCM1] 

------------------------------------IE_WEB Time Log----------------------------------------------
WS RECV FR IE: 2026-07-05 20:01:49.281 - 1783267309281 - 9_0_L1gEBHIqU5HhWSeEEEt - SESSION_LIFE_CYCLE
 [end]

[start] [DEBUG] [2026-07-05 20:01:49.294] [C013133_C013133MCM1] 
WS SEND TO IE: 2026-07-05 20:01:49.292 - 1783267309292 - 9_0_L1gEBHIqU5HhWSeEEEt - SESSION_LIFE_CYCLE
 [end]

[start] [DEBUG] [2026-07-05 20:02:21.731] [C013133_C013133MCM1] 

------------------------------------IE_WEB Time Log----------------------------------------------
WS RECV FR IE: 2026-07-05 20:02:21.675 - 1783267341675 - 9_0_L1gEBHIqU5HhWSeEEEt - LOGOFF_UNLOCKED
 [end]

[start] [DEBUG] [2026-07-05 20:02:21.732] [C013133_C013133MCM1] 
WS SEND TO IE: 2026-07-05 20:02:21.73 - 1783267341730 - 9_0_L1gEBHIqU5HhWSeEEEt - LOGOFF_UNLOCKED
 [end]

[start] [DEBUG] [2026-07-05 20:02:43.639] [SELLER_SMaker] 

------------------------------------IE_WEB Time Log----------------------------------------------
WS RECV FR IE: 2026-07-05 20:02:43.628 - 1783267363628 - pma4dCaGg38uAyw3k7JONqb - SESSION_LIFE_CYCLE
 [end]

[start] [DEBUG] [2026-07-05 20:02:43.640] [SELLER_SMaker] 
WS SEND TO IE: 2026-07-05 20:02:43.638 - 1783267363638 - pma4dCaGg38uAyw3k7JONqb - SESSION_LIFE_CYCLE
 [end]

[start] [DEBUG] [2026-07-05 20:02:59.930] [SELLER_SMaker] 

------------------------------------IE_WEB Time Log----------------------------------------------
WS RECV FR IE: 2026-07-05 20:02:59.889 - 1783267379889 - pma4dCaGg38uAyw3k7JONqb - LOGOFF_UNLOCKED
 [end]

[start] [DEBUG] [2026-07-05 20:02:59.931] [SELLER_SMaker] 
WS SEND TO IE: 2026-07-05 20:02:59.929 - 1783267379929 - pma4dCaGg38uAyw3k7JONqb - LOGOFF_UNLOCKED
 [end]

[start] [DEBUG] [2026-07-05 20:03:04.024] [SELLER_SChecker] 

------------------------------------IE_WEB Time Log----------------------------------------------
WS RECV FR IE: 2026-07-05 20:03:03.933 - 1783267383933 - Iw6mrtZ5TSS2YzFima0HkrG - SESSION_LIFE_CYCLE
 [end]

[start] [DEBUG] [2026-07-05 20:03:04.025] [SELLER_SChecker] 
WS SEND TO IE: 2026-07-05 20:03:04.023 - 1783267384023 - Iw6mrtZ5TSS2YzFima0HkrG - SESSION_LIFE_CYCLE
 [end]

[start] [DEBUG] [2026-07-05 20:03:13.298] [SELLER_SChecker] 

------------------------------------IE_WEB Time Log----------------------------------------------
WS RECV FR IE: 2026-07-05 20:03:13.221 - 1783267393221 - Iw6mrtZ5TSS2YzFima0HkrG - LOGOFF_UNLOCKED
 [end]

[start] [DEBUG] [2026-07-05 20:03:13.299] [SELLER_SChecker] 
WS SEND TO IE: 2026-07-05 20:03:13.297 - 1783267393297 - Iw6mrtZ5TSS2YzFima0HkrG - LOGOFF_UNLOCKED
 [end]

[start] [DEBUG] [2026-07-05 20:03:15.416] [BUYER_JEOP1] 

------------------------------------IE_WEB Time Log----------------------------------------------
WS RECV FR IE: 2026-07-05 20:03:15.404 - 1783267395404 - Q518xbEJoR1fW5yyignc2lm - SESSION_LIFE_CYCLE
 [end]

[start] [DEBUG] [2026-07-05 20:03:15.417] [BUYER_JEOP1] 
WS SEND TO IE: 2026-07-05 20:03:15.415 - 1783267395415 - Q518xbEJoR1fW5yyignc2lm - SESSION_LIFE_CYCLE
 [end]

[start] [DEBUG] [2026-07-05 20:03:18.428] [BUYER_JEOP1] 

------------------------------------IE_WEB Time Log----------------------------------------------
WS RECV FR IE: 2026-07-05 20:03:18.385 - 1783267398385 - Q518xbEJoR1fW5yyignc2lm - LOGOFF_UNLOCKED
 [end]

[start] [DEBUG] [2026-07-05 20:03:18.429] [BUYER_JEOP1] 
WS SEND TO IE: 2026-07-05 20:03:18.427 - 1783267398427 - Q518xbEJoR1fW5yyignc2lm - LOGOFF_UNLOCKED
 [end]

[start] [DEBUG] [2026-07-05 20:03:26.352] [SELLER_OP01] 

------------------------------------IE_WEB Time Log----------------------------------------------
WS RECV FR IE: 2026-07-05 20:03:26.34 - 1783267406340 - kckNUDrZn3TntQZHMqSVD60 - SESSION_LIFE_CYCLE
 [end]

[start] [DEBUG] [2026-07-05 20:03:26.353] [SELLER_OP01] 
WS SEND TO IE: 2026-07-05 20:03:26.351 - 1783267406351 - kckNUDrZn3TntQZHMqSVD60 - SESSION_LIFE_CYCLE
 [end]
