
[start] [DEBUG] [2026-07-05 18:34:29.393] [SYSTEMS] 
Generating STP Code (Msg numbers:1 [end]

[start] [DEBUG] [2026-07-05 18:34:29.404] [SYSTEMS] 
Generating STP Code -- OK! [end]

[start] [DEBUG] [2026-07-05 18:34:29.405] [SYSTEMS] 
Get Data Source:CET -- OK! [end]

[start] [DEBUG] [2026-07-05 18:34:29.408] [SYSTEMS] 
Starting to process STP message... [end]

[start] [DEBUG] [2026-07-05 18:34:29.412] [SYSTEMS] 
Entering into STP Manager... [end]

[start] [DEBUG] [2026-07-05 18:34:29.452] [SYSTEMS] 
STP Type is:InGapiForm [end]

[start] [DEBUG] [2026-07-05 18:34:29.454] [SYSTEMS] 
Initing adpater class:InGapiForm ... [end]

[start] [DEBUG] [2026-07-05 18:34:29.460] [SYSTEMS] 
Inited adpater class--OK! [end]

[start] [DEBUG] [2026-07-05 18:34:29.463] [SYSTEMS] 
Starting to convert STP message to STP XML Dom... [end]

[start] [DEBUG] [2026-07-05 18:34:29.591] [SYSTEMS] 
Start: set system name to BKTS [end]

[start] [DEBUG] [2026-07-05 18:34:29.593] [SYSTEMS] 
should set system name to SCF [end]

[start] [DEBUG] [2026-07-05 18:34:29.594] [SYSTEMS] 
userId= [end]

[start] [DEBUG] [2026-07-05 18:34:29.627] [SYSTEMS] 
recDate:2026-07-05 [end]

[start] [DEBUG] [2026-07-05 18:34:29.628] [SYSTEMS] 
End: set system name to BKTS [end]

[start] [DEBUG] [2026-07-05 18:34:29.655] [SYSTEMS] 
Start: assing msg to Receive Agreement [end]

[start] [DEBUG] [2026-07-05 18:34:29.656] [SYSTEMS] 
busiType============POF [end]

[start] [DEBUG] [2026-07-05 18:34:29.765] [SYSTEMS] 
End: assing msg to Receive Agreement [end]

[start] [DEBUG] [2026-07-05 18:34:29.983] [SYSTEMS] 
Start: Receive Agreement [end]

[start] [DEBUG] [2026-07-05 18:34:29.986] [SYSTEMS] 
Start to create user! [end]

[start] [DEBUG] [2026-07-05 18:34:34.693] [SYSTEMS] 
Create user end! [end]

[start] [DEBUG] [2026-07-05 18:34:34.695] [SYSTEMS] 
sMainRef======================SCFUS2606920 [end]

[start] [DEBUG] [2026-07-05 18:34:34.696] [SYSTEMS] 
FACUSTREGNO======================C007360REG [end]

[start] [DEBUG] [2026-07-05 18:34:34.697] [SYSTEMS] 
FAPMT====================== [end]

[start] [DEBUG] [2026-07-05 18:34:34.698] [SYSTEMS] 
RJREAS====================== [end]

[start] [DEBUG] [2026-07-05 18:34:34.699] [SYSTEMS] 
sUnitCode======================C007360 [end]

[start] [DEBUG] [2026-07-05 18:34:34.703] [SYSTEMS] 
End: Receive Agreement [end]

[start] [DEBUG] [2026-07-05 18:34:34.707] [CSBANK_CSBANK] 
Converted STP message to STP XML Dom -- OK! [end]

[start] [DEBUG] [2026-07-05 18:34:34.765] [CSBANK_CSBANK] 
Starting to call Control Manager:TrxManagerMaster... [end]

[start] [DEBUG] [2026-07-05 18:34:35.146] [CSBANK_CSBANK] 
Called Control Manager:TrxManagerMaster --OK! [end]

[start] [DEBUG] [2026-07-05 18:34:35.162] [CSBANK_CSBANK] 
Completed processing STP message -- OK! [end]

[start] [DEBUG] [2026-07-05 18:34:35.165] [CSBANK_CSBANK] 
Starting to write process status to DB! [end]

[start] [DEBUG] [2026-07-05 18:34:35.181] [CSBANK_CSBANK] 
Starting to call STPResultProcess. [end]

[start] [DEBUG] [2026-07-05 18:34:35.182] [CSBANK_CSBANK] 
isSuccess=true; errorMessage=null [end]

[start] [DEBUG] [2026-07-05 18:34:35.183] [CSBANK_CSBANK] 
Completed to call STPResultProcess. [end]

[start] [DEBUG] [2026-07-05 18:34:35.254] [CSBANK_CSBANK] 
Wrote process status to DB -- OK! [end]

[start] [DEBUG] [2026-07-05 18:34:35.256] [CSBANK_CSBANK] 
Exit STP Process -- OK! [end]
