
[start] [DEBUG] [2026-07-05 16:25:55.460] [CSOFFICE_superofficer] 
Received SCF token value is : null [end]

[start] [DEBUG] [2026-07-05 16:25:55.479] [CSOFFICE_superofficer] 
Received SCF token value is : null [end]

[start] [DEBUG] [2026-07-05 16:25:55.674] [CSOFFICE_superofficer] 
Received SCF token value is : null [end]

[start] [DEBUG] [2026-07-05 16:26:11.566] [MulTest1_MulTestOP1] 
Received SCF token value is : null [end]

[start] [DEBUG] [2026-07-05 16:26:11.631] [MulTest1_MulTestOP1] 
Received SCF token value is : null [end]

[start] [DEBUG] [2026-07-05 16:26:11.654] [MulTest1_MulTestOP1] 
Received SCF token value is : null [end]

[start] [DEBUG] [2026-07-05 16:26:11.679] [MulTest1_MulTestOP1] 
Received SCF token value is : null [end]

[start] [DEBUG] [2026-07-05 16:26:11.683] [MulTest1_MulTestOP1] 
Received SCF token value is : null [end]

[start] [DEBUG] [2026-07-05 16:26:11.731] [MulTest1_MulTestOP1] 
Received SCF token value is : null [end]

[start] [DEBUG] [2026-07-05 16:26:12.064] [MulTest1_MulTestOP1] 
Received SCF token value is : null [end]

[start] [DEBUG] [2026-07-05 16:26:12.219] [MulTest1_MulTestOP1] 
Received SCF token value is : null [end]

[start] [DEBUG] [2026-07-05 16:26:12.904] [MulTest1_MulTestOP1] 
Received SCF token value is : null [end]

[start] [DEBUG] [2026-07-05 16:26:12.966] [MulTest1_MulTestOP1] 
Received SCF token value is : null [end]

[start] [DEBUG] [2026-07-05 16:26:13.032] [MulTest1_MulTestOP1] 
Received SCF token value is : null [end]

[start] [DEBUG] [2026-07-05 16:26:13.045] [MulTest1_MulTestOP1] 
Received SCF token value is : null [end]

[start] [DEBUG] [2026-07-05 16:26:13.263] [MulTest1_MulTestOP1] 
Received SCF token value is : null [end]

[start] [DEBUG] [2026-07-05 16:26:13.354] [MulTest1_MulTestOP1] 
Received SCF token value is : null [end]

[start] [DEBUG] [2026-07-05 16:26:13.483] [MulTest1_MulTestOP1] 
Received SCF token value is : null [end]

[start] [DEBUG] [2026-07-05 16:26:13.670] [MulTest1_MulTestOP1] 
Received SCF token value is : null [end]

[start] [DEBUG] [2026-07-05 16:26:13.983] [MulTest1_MulTestOP1] 
Received SCF token value is : null [end]

[start] [DEBUG] [2026-07-05 16:26:14.382] [MulTest1_MulTestOP1] 
Received SCF token value is : null [end]

[start] [DEBUG] [2026-07-05 16:26:20.206] [SELLER_OP01] 
Received SCF token value is : null [end]

[start] [DEBUG] [2026-07-05 16:26:20.255] [SELLER_OP01] 
Received SCF token value is : null [end]

[start] [DEBUG] [2026-07-05 16:26:20.270] [SELLER_OP01] 
Received SCF token value is : null [end]

[start] [DEBUG] [2026-07-05 16:26:20.299] [SELLER_OP01] 
Received SCF token value is : null [end]

[start] [DEBUG] [2026-07-05 16:26:20.352] [SELLER_OP01] 
Received SCF token value is : null [end]

[start] [DEBUG] [2026-07-05 16:26:20.365] [SELLER_OP01] 
Received SCF token value is : null [end]

[start] [DEBUG] [2026-07-05 16:26:20.463] [SELLER_OP01] 
Received SCF token value is : null [end]

[start] [DEBUG] [2026-07-05 16:26:20.637] [SELLER_OP01] 
Received SCF token value is : null [end]

[start] [DEBUG] [2026-07-05 16:26:21.000] [SELLER_OP01] 
Received SCF token value is : null [end]

[start] [DEBUG] [2026-07-05 16:26:21.015] [SELLER_OP01] 
Received SCF token value is : null [end]

[start] [DEBUG] [2026-07-05 16:26:21.055] [SELLER_OP01] 
Received SCF token value is : null [end]

[start] [DEBUG] [2026-07-05 16:26:21.145] [SELLER_OP01] 
Received SCF token value is : null [end]

[start] [DEBUG] [2026-07-05 16:26:21.148] [SELLER_OP01] 
Received SCF token value is : null [end]

[start] [DEBUG] [2026-07-05 16:26:21.327] [SELLER_OP01] 
Received SCF token value is : null [end]

[start] [DEBUG] [2026-07-05 16:26:21.392] [SELLER_OP01] 
Received SCF token value is : null [end]

[start] [DEBUG] [2026-07-05 16:26:21.430] [SELLER_OP01] 
Received SCF token value is : null [end]

[start] [DEBUG] [2026-07-05 16:26:21.596] [SELLER_OP01] 
Received SCF token value is : null [end]

[start] [DEBUG] [2026-07-05 16:26:21.987] [SELLER_OP01] 
Received SCF token value is : null [end]

[start] [DEBUG] [2026-07-05 16:26:22.151] [SELLER_OP01] 
Received SCF token value is : null [end]

[start] [DEBUG] [2026-07-05 16:26:32.758] [SELLER_OP01] 
Received SCF token value is : null [end]

[start] [DEBUG] [2026-07-05 16:26:32.820] [SELLER_OP01] 
Received SCF token value is : null [end]

[start] [DEBUG] [2026-07-05 16:26:32.868] [SELLER_OP01] 
Received SCF token value is : null [end]

[start] [DEBUG] [2026-07-05 16:53:55.623] [SELLER_OP01] 
Received SCF token value is : null [end]

[start] [DEBUG] [2026-07-05 16:53:55.674] [SELLER_OP01] 
Received SCF token value is : null [end]

[start] [DEBUG] [2026-07-05 16:53:55.749] [SELLER_OP01] 
Received SCF token value is : null [end]

[start] [DEBUG] [2026-07-05 16:53:55.799] [SELLER_OP01] 
Received SCF token value is : null [end]

[start] [DEBUG] [2026-07-05 16:54:11.339] [SELLER_OP01] 
Received SCF token value is : null [end]

[start] [DEBUG] [2026-07-05 16:54:11.915] [SELLER_OP01] 
Received SCF token value is : null [end]

[start] [DEBUG] [2026-07-05 16:54:13.070] [SELLER_OP01] 
Received SCF token value is : null [end]

[start] [DEBUG] [2026-07-05 16:54:15.497] [SELLER_OP01] 
Received SCF token value is : null [end]

[start] [DEBUG] [2026-07-05 16:54:16.118] [SELLER_OP01] 
Received SCF token value is : null [end]

[start] [DEBUG] [2026-07-05 16:54:16.778] [SELLER_OP01] 
Received SCF token value is : null [end]

[start] [DEBUG] [2026-07-05 16:54:18.581] [SELLER_OP01] 
Received SCF token value is : null [end]

[start] [DEBUG] [2026-07-05 16:54:20.267] [SELLER_OP01] 
Received SCF token value is : null [end]

[start] [DEBUG] [2026-07-05 16:54:25.853] [SELLER_OP01] 
Received SCF token value is : null [end]

[start] [DEBUG] [2026-07-05 18:20:24.859] [C011143_C011143MCM1] 
Received SCF token value is : null [end]

[start] [DEBUG] [2026-07-05 18:20:24.976] [C011143_C011143MCM1] 
Received SCF token value is : null [end]

[start] [DEBUG] [2026-07-05 18:20:24.988] [C011143_C011143MCM1] 
Received SCF token value is : null [end]

[start] [DEBUG] [2026-07-05 18:20:25.010] [C011143_C011143MCM1] 
Received SCF token value is : null [end]

[start] [DEBUG] [2026-07-05 18:20:25.120] [C011143_C011143MCM1] 
Received SCF token value is : null [end]

[start] [DEBUG] [2026-07-05 18:20:25.187] [C011143_C011143MCM1] 
Received SCF token value is : null [end]

[start] [DEBUG] [2026-07-05 18:20:25.440] [C011143_C011143MCM1] 
Received SCF token value is : null [end]

[start] [DEBUG] [2026-07-05 18:20:25.488] [C011143_C011143MCM1] 
Received SCF token value is : null [end]

[start] [DEBUG] [2026-07-05 18:20:25.938] [C011143_C011143MCM1] 
Received SCF token value is : null [end]

[start] [DEBUG] [2026-07-05 18:20:25.967] [C011143_C011143MCM1] 
Received SCF token value is : null [end]

[start] [DEBUG] [2026-07-05 18:20:25.990] [C011143_C011143MCM1] 
Received SCF token value is : null [end]

[start] [DEBUG] [2026-07-05 18:20:26.120] [C011143_C011143MCM1] 
Received SCF token value is : null [end]

[start] [DEBUG] [2026-07-05 18:20:26.154] [C011143_C011143MCM1] 
Received SCF token value is : null [end]

[start] [DEBUG] [2026-07-05 18:20:26.273] [C011143_C011143MCM1] 
Received SCF token value is : null [end]

[start] [DEBUG] [2026-07-05 18:20:26.348] [C011143_C011143MCM1] 
Received SCF token value is : null [end]

[start] [DEBUG] [2026-07-05 18:20:27.337] [C011143_C011143MCM1] 
Received SCF token value is : null [end]

[start] [DEBUG] [2026-07-05 18:20:27.720] [C011143_C011143MCM1] 
Received SCF token value is : null [end]

[start] [DEBUG] [2026-07-05 18:20:50.534] [C006948_C006948MCM1] 
Received SCF token value is : null [end]

[start] [DEBUG] [2026-07-05 18:20:50.775] [C006948_C006948MCM1] 
Received SCF token value is : null [end]

[start] [DEBUG] [2026-07-05 18:20:50.793] [C006948_C006948MCM1] 
Received SCF token value is : null [end]

[start] [DEBUG] [2026-07-05 18:20:50.822] [C006948_C006948MCM1] 
Received SCF token value is : null [end]

[start] [DEBUG] [2026-07-05 18:20:50.887] [C006948_C006948MCM1] 
Received SCF token value is : null [end]

[start] [DEBUG] [2026-07-05 18:20:50.946] [C006948_C006948MCM1] 
Received SCF token value is : null [end]

[start] [DEBUG] [2026-07-05 18:20:50.973] [C006948_C006948MCM1] 
Received SCF token value is : null [end]

[start] [DEBUG] [2026-07-05 18:20:51.252] [C006948_C006948MCM1] 
Received SCF token value is : null [end]

[start] [DEBUG] [2026-07-05 18:20:51.543] [C006948_C006948MCM1] 
Received SCF token value is : null [end]

[start] [DEBUG] [2026-07-05 18:20:51.554] [C006948_C006948MCM1] 
Received SCF token value is : null [end]

[start] [DEBUG] [2026-07-05 18:20:51.592] [C006948_C006948MCM1] 
Received SCF token value is : null [end]

[start] [DEBUG] [2026-07-05 18:20:51.658] [C006948_C006948MCM1] 
Received SCF token value is : null [end]

[start] [DEBUG] [2026-07-05 18:20:51.914] [C006948_C006948MCM1] 
Received SCF token value is : null [end]

[start] [DEBUG] [2026-07-05 18:20:52.088] [C006948_C006948MCM1] 
Received SCF token value is : null [end]

[start] [DEBUG] [2026-07-05 18:20:52.118] [C006948_C006948MCM1] 
Received SCF token value is : null [end]

[start] [DEBUG] [2026-07-05 18:20:52.151] [C006948_C006948MCM1] 
Received SCF token value is : null [end]

[start] [DEBUG] [2026-07-05 18:20:52.627] [C006948_C006948MCM1] 
Received SCF token value is : null [end]

[start] [DEBUG] [2026-07-05 18:21:00.277] [C006948_C006948MCM1] 
Received SCF token value is : null [end]

[start] [DEBUG] [2026-07-05 18:21:01.009] [C006948_C006948MCM1] 
Received SCF token value is : null [end]

[start] [DEBUG] [2026-07-05 18:21:01.065] [C006948_C006948MCM1] 
Received SCF token value is : null [end]

[start] [DEBUG] [2026-07-05 18:21:01.297] [C006948_C006948MCM1] 
Received SCF token value is : null [end]

[start] [DEBUG] [2026-07-05 18:21:03.010] [C006948_C006948MCM1] 
Received SCF token value is : null [end]

[start] [DEBUG] [2026-07-05 18:24:46.728] [SELLER_OP01] 
Received SCF token value is : null [end]

[start] [DEBUG] [2026-07-05 18:24:46.815] [SELLER_OP01] 
Received SCF token value is : null [end]

[start] [DEBUG] [2026-07-05 18:24:46.829] [SELLER_OP01] 
Received SCF token value is : null [end]

[start] [DEBUG] [2026-07-05 18:24:46.883] [SELLER_OP01] 
Received SCF token value is : null [end]

[start] [DEBUG] [2026-07-05 18:24:46.908] [SELLER_OP01] 
Received SCF token value is : null [end]

[start] [DEBUG] [2026-07-05 18:24:46.925] [SELLER_OP01] 
Received SCF token value is : null [end]

[start] [DEBUG] [2026-07-05 18:24:47.029] [SELLER_OP01] 
Received SCF token value is : null [end]

[start] [DEBUG] [2026-07-05 18:24:47.084] [SELLER_OP01] 
Received SCF token value is : null [end]

[start] [DEBUG] [2026-07-05 18:24:47.371] [SELLER_OP01] 
Received SCF token value is : null [end]

[start] [DEBUG] [2026-07-05 18:24:47.379] [SELLER_OP01] 
Received SCF token value is : null [end]

[start] [DEBUG] [2026-07-05 18:24:47.393] [SELLER_OP01] 
Received SCF token value is : null [end]

[start] [DEBUG] [2026-07-05 18:24:47.455] [SELLER_OP01] 
Received SCF token value is : null [end]

[start] [DEBUG] [2026-07-05 18:24:47.456] [SELLER_OP01] 
Received SCF token value is : null [end]

[start] [DEBUG] [2026-07-05 18:24:47.875] [SELLER_OP01] 
Received SCF token value is : null [end]

[start] [DEBUG] [2026-07-05 18:24:47.905] [SELLER_OP01] 
Received SCF token value is : null [end]

[start] [DEBUG] [2026-07-05 18:24:47.963] [SELLER_OP01] 
Received SCF token value is : null [end]

[start] [DEBUG] [2026-07-05 18:24:48.137] [SELLER_OP01] 
Received SCF token value is : null [end]

[start] [DEBUG] [2026-07-05 18:24:48.549] [SELLER_OP01] 
Received SCF token value is : null [end]

[start] [DEBUG] [2026-07-05 18:24:48.672] [SELLER_OP01] 
Received SCF token value is : null [end]

[start] [DEBUG] [2026-07-05 18:24:51.250] [SELLER_OP01] 
Received SCF token value is : null [end]

[start] [DEBUG] [2026-07-05 18:24:51.319] [SELLER_OP01] 
Received SCF token value is : null [end]

[start] [DEBUG] [2026-07-05 18:24:51.369] [SELLER_OP01] 
Received SCF token value is : null [end]

[start] [DEBUG] [2026-07-05 18:25:08.281] [SELLER_OP01] 
Received SCF token value is : null [end]

[start] [DEBUG] [2026-07-05 18:25:08.300] [SELLER_OP01] 
Received SCF token value is : null [end]

[start] [DEBUG] [2026-07-05 18:25:08.329] [SELLER_OP01] 
Received SCF token value is : null [end]

[start] [DEBUG] [2026-07-05 18:25:08.362] [SELLER_OP01] 
Received SCF token value is : null [end]

[start] [DEBUG] [2026-07-05 18:25:15.598] [SELLER_OP01] 
Received SCF token value is : null [end]

[start] [DEBUG] [2026-07-05 18:25:19.381] [SELLER_OP01] 
Received SCF token value is : null [end]

[start] [DEBUG] [2026-07-05 18:25:19.943] [SELLER_OP01] 
Received SCF token value is : null [end]

[start] [DEBUG] [2026-07-05 18:25:19.969] [SELLER_OP01] 
Received SCF token value is : null [end]

[start] [DEBUG] [2026-07-05 18:25:19.979] [SELLER_OP01] 
Received SCF token value is : null [end]

[start] [DEBUG] [2026-07-05 18:25:20.021] [SELLER_OP01] 
Received SCF token value is : null [end]

[start] [DEBUG] [2026-07-05 18:25:48.621] [SELLER_OP01] 
Received SCF token value is : null [end]

[start] [DEBUG] [2026-07-05 18:25:50.562] [SELLER_OP01] 
Received SCF token value is : null [end]

[start] [DEBUG] [2026-07-05 18:25:53.921] [SELLER_OP01] 
Received SCF token value is : null [end]

[start] [DEBUG] [2026-07-05 18:25:53.940] [SELLER_OP01] 
Received SCF token value is : null [end]

[start] [DEBUG] [2026-07-05 18:25:53.952] [SELLER_OP01] 
Received SCF token value is : null [end]

[start] [DEBUG] [2026-07-05 18:25:53.976] [SELLER_OP01] 
Received SCF token value is : null [end]

[start] [DEBUG] [2026-07-05 18:26:04.906] [SELLER_OP01] 
Received SCF token value is : null [end]

[start] [DEBUG] [2026-07-05 18:26:05.617] [SELLER_OP01] 
Received SCF token value is : null [end]

[start] [DEBUG] [2026-07-05 18:26:07.324] [SELLER_OP01] 
Received SCF token value is : null [end]

[start] [DEBUG] [2026-07-05 18:26:07.359] [SELLER_OP01] 
Received SCF token value is : null [end]

[start] [DEBUG] [2026-07-05 18:26:07.389] [SELLER_OP01] 
Received SCF token value is : null [end]

[start] [DEBUG] [2026-07-05 18:26:07.425] [SELLER_OP01] 
Received SCF token value is : null [end]

[start] [DEBUG] [2026-07-05 18:26:13.733] [SELLER_OP01] 
Received SCF token value is : null [end]

[start] [DEBUG] [2026-07-05 18:26:13.744] [SELLER_OP01] 
Received SCF token value is : null [end]

[start] [DEBUG] [2026-07-05 18:26:13.819] [SELLER_OP01] 
Received SCF token value is : null [end]

[start] [DEBUG] [2026-07-05 18:26:40.246] [SELLER_OP01] 
Received SCF token value is : null [end]

[start] [DEBUG] [2026-07-05 18:26:40.356] [SELLER_OP01] 
Received SCF token value is : null [end]

[start] [DEBUG] [2026-07-05 18:26:40.412] [SELLER_OP01] 
Received SCF token value is : null [end]

[start] [DEBUG] [2026-07-05 18:26:44.218] [SELLER_OP01] 
Received SCF token value is : null [end]

[start] [DEBUG] [2026-07-05 18:26:44.240] [SELLER_OP01] 
Received SCF token value is : null [end]

[start] [DEBUG] [2026-07-05 18:26:44.313] [SELLER_OP01] 
Received SCF token value is : null [end]

[start] [DEBUG] [2026-07-05 18:26:49.866] [SELLER_OP01] 
Received SCF token value is : null [end]

[start] [DEBUG] [2026-07-05 18:26:49.926] [SELLER_OP01] 
Received SCF token value is : null [end]

[start] [DEBUG] [2026-07-05 18:26:49.983] [SELLER_OP01] 
Received SCF token value is : null [end]

[start] [DEBUG] [2026-07-05 18:28:55.060] [C006948_C006948MCM1] 
Received SCF token value is : null [end]

[start] [DEBUG] [2026-07-05 18:28:55.289] [C006948_C006948MCM1] 
Received SCF token value is : null [end]

[start] [DEBUG] [2026-07-05 18:28:55.494] [C006948_C006948MCM1] 
Received SCF token value is : null [end]

[start] [DEBUG] [2026-07-05 18:28:55.512] [C006948_C006948MCM1] 
Received SCF token value is : null [end]

[start] [DEBUG] [2026-07-05 18:28:55.535] [C006948_C006948MCM1] 
Received SCF token value is : null [end]

[start] [DEBUG] [2026-07-05 18:28:56.148] [C006948_C006948MCM1] 
Received SCF token value is : null [end]

[start] [DEBUG] [2026-07-05 18:28:58.173] [C006948_C006948MCM1] 
Received SCF token value is : null [end]

[start] [DEBUG] [2026-07-05 18:28:58.416] [C006948_C006948MCM1] 
Received SCF token value is : null [end]

[start] [DEBUG] [2026-07-05 18:28:58.433] [C006948_C006948MCM1] 
Received SCF token value is : null [end]

[start] [DEBUG] [2026-07-05 18:28:58.470] [C006948_C006948MCM1] 
Received SCF token value is : null [end]

[start] [DEBUG] [2026-07-05 18:28:59.297] [C006948_C006948MCM1] 
Received SCF token value is : null [end]

[start] [DEBUG] [2026-07-05 18:29:06.034] [C006948_C006948MCM1] 
Received SCF token value is : null [end]

[start] [DEBUG] [2026-07-05 18:29:06.070] [C006948_C006948MCM1] 
Received SCF token value is : null [end]

[start] [DEBUG] [2026-07-05 18:29:06.175] [C006948_C006948MCM1] 
Received SCF token value is : null [end]

[start] [DEBUG] [2026-07-05 18:29:06.363] [C006948_C006948MCM1] 
Received SCF token value is : null [end]

[start] [DEBUG] [2026-07-05 18:29:06.648] [C006948_C006948MCM1] 
Received SCF token value is : null [end]

[start] [DEBUG] [2026-07-05 18:29:11.480] [C006948_C006948MCM1] 
Received SCF token value is : null [end]

[start] [DEBUG] [2026-07-05 18:29:11.498] [C006948_C006948MCM1] 
Received SCF token value is : null [end]

[start] [DEBUG] [2026-07-05 18:29:11.506] [C006948_C006948MCM1] 
Received SCF token value is : null [end]

[start] [DEBUG] [2026-07-05 18:29:11.560] [C006948_C006948MCM1] 
Received SCF token value is : null [end]

[start] [DEBUG] [2026-07-05 18:29:12.308] [C006948_C006948MCM1] 
Received SCF token value is : null [end]

[start] [DEBUG] [2026-07-05 18:29:15.637] [C006948_C006948MCM1] 
Received SCF token value is : null [end]

[start] [DEBUG] [2026-07-05 18:29:17.415] [C006948_C006948MCM1] 
Received SCF token value is : null [end]

[start] [DEBUG] [2026-07-05 18:29:17.415] [C006948_C006948MCM1] 
Received SCF token value is : null [end]

[start] [DEBUG] [2026-07-05 18:29:17.479] [C006948_C006948MCM1] 
Received SCF token value is : null [end]

[start] [DEBUG] [2026-07-05 18:29:19.793] [C006948_C006948MCM1] 
Received SCF token value is : null [end]

[start] [DEBUG] [2026-07-05 18:29:27.067] [C006948_C006948MCM1] 
[Detail]:Call EE Service Start. [end]

[start] [DEBUG] [2026-07-05 18:29:27.072] [C006948_C006948MCM1] 
[The URL of EE Service is]: http://localhost:9080/EximBillWeb/scfservice/scfapi/Msg21
[Send EE message is]: <SCF21><MsgInfo><SenderCode/><ReceiverCode/><CreatedBy>C006948MCM1</CreatedBy><SequenceNr/><MsgType>InqSBRDetailInfo</MsgType><DateTime>2026-07-05T18:29:27</DateTime><Status/><Error/></MsgInfo><MsgDate>2026-07-05</MsgDate><Sender><MemberNr/><MemberName/><ContactName/><Telephone/><Email/></Sender><Recipient><MemberNr/><MemberName/><ContactName/><Telephone/><Email/></Recipient><Seller><SellerNr/><SellerName/></Seller><Buyer><BuyerNr/><BuyerName/></Buyer><InputData><TrxBu>C006948</TrxBu><FuncId/><BankId>CSBANK</BankId><CntyCode>US</CntyCode><GETDATA_ID>R00000013580</GETDATA_ID><MAX_TREC_SIZE/><MAX_PREC_SIZE/><FSBC_REF>POFCSBANK260711204SBR</FSBC_REF><FETCH_PAGE_SIZE>10</FETCH_PAGE_SIZE><FETCH_PAGE_NO>1</FETCH_PAGE_NO><RETURN_COUNT/><RETURN_DETAIL/><CRITERIA_OP1>POFCSBANK260711204SBR</CRITERIA_OP1><CRITERIA_OP2/><CRITERIA_OP3/><CRITERIA_OP4/><CRITERIA_OP5/><CRITERIA_OP6/><CRITERIA_OP7/><CRITERIA_OP8/><CRITERIA_OP9/><CRITERIA_OP10/><ACT_TYPE/><FA_CE_FR_REF/><FA_DOC_REF/><FA_DOC_NO/><C_DELIMITER/><FA_SBR_REF/><FA_CE_MAIN_REF/><FA_DOC_DT/><FA_DOC_AMT/><FA_MAX_LOAN_PERC/><PO_MAX_LOAN_PERC/><PO_REF/><PO_DT/><PO_AMT/><FA_DSP_AMT/><REJ_REASON/></InputData><MsgText/></SCF21> [end]

[start] [DEBUG] [2026-07-05 18:29:28.280] [C006948_C006948MCM1] 
[The URL of EE Service is]: http://localhost:9080/EximBillWeb/scfservice/scfapi/Msg21
[EE Repsonse is]: org.apache.cxf.jaxrs.impl.ResponseImpl@132cf9e9
[Repsonse status info is] :[200] OK
[Repsonse message is] :<?xml version="1.0" encoding="UTF-8" standalone="yes"?><SCF76><MsgInfo><SenderCode></SenderCode><ReceiverCode></ReceiverCode><CreatedBy>SCFBATCHOP</CreatedBy><SequenceNr></SequenceNr><MsgType></MsgType><FileIndex></FileIndex><SubFileIndex></SubFileIndex><DateTime>2026-07-05T06:29:28.19</DateTime><Status></Status><Error></Error></MsgInfo><EF><FactorCode></FactorCode><FactorName></FactorName></EF><IF><FactorCode></FactorCode><FactorName></FactorName></IF><FromTurnaround></FromTurnaround><OriginalRequestNr></OriginalRequestNr><ReplyNr></ReplyNr><ReplyDate>2026-07-05</ReplyDate><Customer><CustomerType></CustomerType><CustomeRole>SELLER</CustomeRole><BusiType>POF</BusiType><CustomerCompanyRegNr>C006948REG</CustomerCompanyRegNr><CustomerNr>C006948</CustomerNr><CustomerName>C006948NM</CustomerName><CustomerEmail></CustomerEmail><ExportFactorOwnCustomerNumber></ExportFactorOwnCustomerNumber></Customer><Counterparty><SBRMain><SBRStatus></SBRStatus><FailReason></FailReason><SBRRef>POFCSBANK260711204SBR</SBRRef><AgmNr></AgmNr><OurCustInd></OurCustInd><CounterpartyRole>BUYER</CounterpartyRole><CounterpartyType></CounterpartyType><CounterpartyCompanyRegNr></CounterpartyCompanyRegNr><CounterpartyNr>C013219</CounterpartyNr><CounterpartyName>BABISHA</CounterpartyName><ResponseAgency></ResponseAgency><ExportFactorOwnCounterpartyNr></ExportFactorOwnCounterpartyNr><NameCont></NameCont><Street></Street><City></City><State></State><Postcode></Postcode><Country></Country><ContactName></ContactName><Telephone></Telephone><Fax></Fax><Email></Email><CounterpartyNatureOfBusiness></CounterpartyNatureOfBusiness><Currency>USD</Currency><SBRLimitAmt>100000</SBRLimitAmt><MsgFunction></MsgFunction><ServiceOffered></ServiceOffered><EFServiceCharge></EFServiceCharge><EFServiceChargeCurrency></EFServiceChargeCurrency><EFDiscountingChargeToTheSupplierPerc></EFDiscountingChargeToTheSupplierPerc><EFCommissionToTheSupplierPerc></EFCommissionToTheSupplierPerc><FlatRate></FlatRate><BaseRate></BaseRate><InvAvalFunding>0</InvAvalFunding><TtlInvLoanAmt>0</TtlInvLoanAmt><TtlInvBal>0</TtlInvBal><POAvalFunding>0</POAvalFunding><TtlPOLoanAmt>0</TtlPOLoanAmt><TtlPOBal>0</TtlPOBal><PmtTerms>100</PmtTerms></SBRMain><SBRDetail><SBRControl><AckFlg>Yes</AckFlg><AutoFin>No</AutoFin><AutoDebit>No</AutoDebit><AnchorAcct>325234232324</AnchorAcct><CounterPartyAcct></CounterPartyAcct><NeedbuyerAprv>2</NeedbuyerAprv><FinCutoffDays></FinCutoffDays><MinFinAmt>0</MinFinAmt><MaxFinAmt>0</MaxFinAmt><GraceDays>0</GraceDays><InvFinMode></InvFinMode><PoolMaxAmt>0</PoolMaxAmt><PoolMinAmt>0</PoolMinAmt><PoolMaxPeriod></PoolMaxPeriod><PoolMinPeriod></PoolMinPeriod></SBRControl><SBRPrice><CommRate>0</CommRate><HandlChg>0</HandlChg><IntRate>8</IntRate><IntRateSpread>0</IntRateSpread><PenalRateSpread>0</PenalRateSpread><MaxLoanPerc>90</MaxLoanPerc><POMaxLoanPerc>90</POMaxLoanPerc><RebateRate>0</RebateRate><RebateAcct></RebateAcct><IntRateType>1</IntRateType><ChgPaidBy>BY COUNTER</ChgPaidBy><ChgFreqCD>Q</ChgFreqCD><FinInfo></FinInfo><DDChgTp></DDChgTp><DDChgSha>0</DDChgSha><DDChgFix>0</DDChgFix></SBRPrice></SBRDetail></Counterparty><DocumentsObtained><RegistrationForm></RegistrationForm><ListOfUltimateBeneficiaryOwners></ListOfUltimateBeneficiaryOwners><ListOfKeyManagers></ListOfKeyManagers><ListOfBoardMembers></ListOfBoardMembers><ListOfSignatories></ListOfSignatories><KYCQuestionnaire></KYCQuestionnaire><AMLQuestionnaire></AMLQuestionnaire><AnyRelevantAdverseInformation></AnyRelevantAdverseInformation><ControlForPossibleActivities></ControlForPossibleActivities><SeeSeparateMail></SeeSeparateMail><Others></Others></DocumentsObtained><MsgText></MsgText></SCF76> [end]

[start] [DEBUG] [2026-07-05 18:29:28.282] [C006948_C006948MCM1] 
[Detail]:Call EE Service End. [end]

[start] [DEBUG] [2026-07-05 18:29:30.615] [C006948_C006948MCM1] 
Received SCF token value is : null [end]

[start] [DEBUG] [2026-07-05 18:29:30.754] [C006948_C006948MCM1] 
Received SCF token value is : null [end]

[start] [DEBUG] [2026-07-05 18:29:39.103] [C006948_C006948MCM1] 
Received SCF token value is : null [end]

[start] [DEBUG] [2026-07-05 18:29:39.618] [C006948_C006948MCM1] 
Received SCF token value is : null [end]

[start] [DEBUG] [2026-07-05 18:29:39.651] [C006948_C006948MCM1] 
Received SCF token value is : null [end]

[start] [DEBUG] [2026-07-05 18:29:39.758] [C006948_C006948MCM1] 
Received SCF token value is : null [end]

[start] [DEBUG] [2026-07-05 18:29:39.901] [C006948_C006948MCM1] 
Received SCF token value is : null [end]

[start] [DEBUG] [2026-07-05 18:34:29.153] [C006948_C006948MCM1] 
Received SCF token value is : null [end]

[start] [DEBUG] [2026-07-05 18:34:29.162] [C006948_C006948MCM1] 
EE begin to call CE API Service.
Sign Agreement received message is :
<?xml version="1.0" encoding="UTF-8" standalone="yes"?><SCF76><MsgInfo><SenderCode></SenderCode><ReceiverCode></ReceiverCode><CreatedBy>CSBANKOP</CreatedBy><SequenceNr></SequenceNr><MsgType>SCF.001.AGR</MsgType><FileIndex></FileIndex><SubFileIndex></SubFileIndex><DateTime>2026-07-05T06:34:28.86</DateTime><Status></Status><Error></Error></MsgInfo><EF><FactorCode></FactorCode><FactorName></FactorName></EF><IF><FactorCode></FactorCode><FactorName></FactorName></IF><FromTurnaround></FromTurnaround><OriginalRequestNr></OriginalRequestNr><ReplyNr></ReplyNr><ReplyDate>2026-07-05</ReplyDate><Customer><CustomerType>T1</CustomerType><CustomeRole>SELLER</CustomeRole><BusiType>POF</BusiType><CustomerNr>C007360</CustomerNr><CustomerName>C007360NM</CustomerName><CustomerEmail>rainie.chen@chinasystems.com</CustomerEmail><CustomerCcy>USD</CustomerCcy><CustomerCompanyRegNr>C007360REG</CustomerCompanyRegNr><AgmPaymentTerm></AgmPaymentTerm><ExportFactorOwnCustomerNumber></ExportFactorOwnCustomerNumber></Customer><Counterparty><SBRMain><SBRStatus></SBRStatus><FailReason></FailReason><SBRRef></SBRRef><AgmNr>SCFUS2606920</AgmNr><OurCustInd></OurCustInd><CounterpartyRole></CounterpartyRole><CounterpartyType></CounterpartyType><CounterpartyCompanyRegNr></CounterpartyCompanyRegNr><CounterpartyNr></CounterpartyNr><CounterpartyName></CounterpartyName><ResponseAgency></ResponseAgency><ExportFactorOwnCounterpartyNr></ExportFactorOwnCounterpartyNr><NameCont></NameCont><Street></Street><City></City><State></State><Postcode></Postcode><Country></Country><ContactName></ContactName><Telephone></Telephone><Fax></Fax><Email></Email><CounterpartyNatureOfBusiness></CounterpartyNatureOfBusiness><Currency></Currency><MsgFunction></MsgFunction><ServiceOffered></ServiceOffered><EFServiceCharge></EFServiceCharge><EFServiceChargeCurrency></EFServiceChargeCurrency><EFDiscountingChargeToTheSupplierPerc></EFDiscountingChargeToTheSupplierPerc><EFCommissionToTheSupplierPerc></EFCommissionToTheSupplierPerc><FlatRate></FlatRate><BaseRate></BaseRate><InvAvalFunding></InvAvalFunding><TtlInvLoanAmt></TtlInvLoanAmt><TtlInvBal></TtlInvBal><POAvalFunding></POAvalFunding><TtlPOLoanAmt></TtlPOLoanAmt><TtlPOBal></TtlPOBal></SBRMain><SBRDetail><SBRControl><AckFlg></AckFlg><AutoFin></AutoFin><AutoDebit></AutoDebit><AnchorAcct></AnchorAcct><CounterPartyAcct></CounterPartyAcct><NeedbuyerAprv></NeedbuyerAprv><FinCutoffDays></FinCutoffDays><MinFinAmt></MinFinAmt><MaxFinAmt></MaxFinAmt><GraceDays></GraceDays><InvFinMode></InvFinMode><PoolMaxAmt></PoolMaxAmt><PoolMinAmt></PoolMinAmt><PoolMaxPeriod></PoolMaxPeriod><PoolMinPeriod></PoolMinPeriod></SBRControl><SBRPrice><CommRate></CommRate><HandlChg></HandlChg><IntRate></IntRate><IntRateSpread></IntRateSpread><PenalRateSpread></PenalRateSpread><MaxLoanPerc></MaxLoanPerc><RebateRate></RebateRate><RebateAcct></RebateAcct><IntRateType></IntRateType><ChgPaidBy></ChgPaidBy><ChgFreqCD></ChgFreqCD><FinInfo></FinInfo></SBRPrice></SBRDetail></Counterparty><DocumentsObtained><RegistrationForm></RegistrationForm><ListOfUltimateBeneficiaryOwners></ListOfUltimateBeneficiaryOwners><ListOfKeyManagers></ListOfKeyManagers><ListOfBoardMembers></ListOfBoardMembers><ListOfSignatories></ListOfSignatories><KYCQuestionnaire></KYCQuestionnaire><AMLQuestionnaire></AMLQuestionnaire><AnyRelevantAdverseInformation></AnyRelevantAdverseInformation><ControlForPossibleActivities></ControlForPossibleActivities><SeeSeparateMail></SeeSeparateMail><Others></Others></DocumentsObtained><MsgText></MsgText></SCF76> [end]

[start] [DEBUG] [2026-07-05 18:34:29.222] [SYSTEMS] 
Custom validate message class name is :RcvMsgByAPIConverter [end]

[start] [DEBUG] [2026-07-05 18:34:29.376] [SYSTEMS] 
==========Start Init STP Request...... [end]

[start] [DEBUG] [2026-07-05 18:34:29.380] [SYSTEMS] 
==========End Init STP Request...... [end]

[start] [DEBUG] [2026-07-05 18:34:35.257] [CSBANK_CSBANK] 
EE call CE API Service complete.
Sign Agreement repsonse message is :
null [end]

[start] [DEBUG] [2026-07-05 19:20:42.033] [SELLER_OP01] 
Received SCF token value is : null [end]

[start] [DEBUG] [2026-07-05 19:20:42.081] [SELLER_OP01] 
Received SCF token value is : null [end]

[start] [DEBUG] [2026-07-05 19:20:42.100] [SELLER_OP01] 
Received SCF token value is : null [end]

[start] [DEBUG] [2026-07-05 19:20:42.120] [SELLER_OP01] 
Received SCF token value is : null [end]

[start] [DEBUG] [2026-07-05 19:20:42.121] [SELLER_OP01] 
Received SCF token value is : null [end]

[start] [DEBUG] [2026-07-05 19:20:42.173] [SELLER_OP01] 
Received SCF token value is : null [end]

[start] [DEBUG] [2026-07-05 19:20:42.377] [SELLER_OP01] 
Received SCF token value is : null [end]

[start] [DEBUG] [2026-07-05 19:20:42.412] [SELLER_OP01] 
Received SCF token value is : null [end]

[start] [DEBUG] [2026-07-05 19:20:42.668] [SELLER_OP01] 
Received SCF token value is : null [end]

[start] [DEBUG] [2026-07-05 19:20:42.676] [SELLER_OP01] 
Received SCF token value is : null [end]

[start] [DEBUG] [2026-07-05 19:20:42.708] [SELLER_OP01] 
Received SCF token value is : null [end]

[start] [DEBUG] [2026-07-05 19:20:42.710] [SELLER_OP01] 
Received SCF token value is : null [end]

[start] [DEBUG] [2026-07-05 19:20:42.734] [SELLER_OP01] 
Received SCF token value is : null [end]

[start] [DEBUG] [2026-07-05 19:20:42.793] [SELLER_OP01] 
Received SCF token value is : null [end]

[start] [DEBUG] [2026-07-05 19:20:42.819] [SELLER_OP01] 
Received SCF token value is : null [end]

[start] [DEBUG] [2026-07-05 19:20:42.829] [SELLER_OP01] 
Received SCF token value is : null [end]

[start] [DEBUG] [2026-07-05 19:20:43.118] [SELLER_OP01] 
Received SCF token value is : null [end]

[start] [DEBUG] [2026-07-05 19:20:43.143] [SELLER_OP01] 
Received SCF token value is : null [end]

[start] [DEBUG] [2026-07-05 19:20:43.285] [SELLER_OP01] 
Received SCF token value is : null [end]

[start] [DEBUG] [2026-07-05 19:20:44.899] [SELLER_OP01] 
Received SCF token value is : null [end]

[start] [DEBUG] [2026-07-05 19:20:44.969] [SELLER_OP01] 
Received SCF token value is : null [end]

[start] [DEBUG] [2026-07-05 19:20:45.034] [SELLER_OP01] 
Received SCF token value is : null [end]

[start] [DEBUG] [2026-07-05 20:01:49.412] [C013133_C013133MCM1] 
Received SCF token value is : null [end]

[start] [DEBUG] [2026-07-05 20:01:49.470] [C013133_C013133MCM1] 
Received SCF token value is : null [end]

[start] [DEBUG] [2026-07-05 20:01:49.501] [C013133_C013133MCM1] 
Received SCF token value is : null [end]

[start] [DEBUG] [2026-07-05 20:01:49.525] [C013133_C013133MCM1] 
Received SCF token value is : null [end]

[start] [DEBUG] [2026-07-05 20:01:49.547] [C013133_C013133MCM1] 
Received SCF token value is : null [end]

[start] [DEBUG] [2026-07-05 20:01:49.614] [C013133_C013133MCM1] 
Received SCF token value is : null [end]

[start] [DEBUG] [2026-07-05 20:01:49.886] [C013133_C013133MCM1] 
Received SCF token value is : null [end]

[start] [DEBUG] [2026-07-05 20:01:50.002] [C013133_C013133MCM1] 
Received SCF token value is : null [end]

[start] [DEBUG] [2026-07-05 20:01:50.597] [C013133_C013133MCM1] 
Received SCF token value is : null [end]

[start] [DEBUG] [2026-07-05 20:01:50.607] [C013133_C013133MCM1] 
Received SCF token value is : null [end]

[start] [DEBUG] [2026-07-05 20:01:50.675] [C013133_C013133MCM1] 
Received SCF token value is : null [end]

[start] [DEBUG] [2026-07-05 20:01:50.676] [C013133_C013133MCM1] 
Received SCF token value is : null [end]

[start] [DEBUG] [2026-07-05 20:01:50.839] [C013133_C013133MCM1] 
Received SCF token value is : null [end]

[start] [DEBUG] [2026-07-05 20:01:50.936] [C013133_C013133MCM1] 
Received SCF token value is : null [end]

[start] [DEBUG] [2026-07-05 20:01:51.086] [C013133_C013133MCM1] 
Received SCF token value is : null [end]

[start] [DEBUG] [2026-07-05 20:01:51.141] [C013133_C013133MCM1] 
Received SCF token value is : null [end]

[start] [DEBUG] [2026-07-05 20:01:52.221] [C013133_C013133MCM1] 
Received SCF token value is : null [end]

[start] [DEBUG] [2026-07-05 20:01:52.725] [C013133_C013133MCM1] 
Received SCF token value is : null [end]

[start] [DEBUG] [2026-07-05 20:01:52.752] [C013133_C013133MCM1] 
Received SCF token value is : null [end]

[start] [DEBUG] [2026-07-05 20:02:07.069] [C013133_C013133MCM1] 
Received SCF token value is : null [end]

[start] [DEBUG] [2026-07-05 20:02:09.972] [C013133_C013133MCM1] 
Received SCF token value is : null [end]

[start] [DEBUG] [2026-07-05 20:02:10.087] [C013133_C013133MCM1] 
Received SCF token value is : null [end]

[start] [DEBUG] [2026-07-05 20:02:10.098] [C013133_C013133MCM1] 
Received SCF token value is : null [end]

[start] [DEBUG] [2026-07-05 20:02:10.652] [C013133_C013133MCM1] 
Received SCF token value is : null [end]

[start] [DEBUG] [2026-07-05 20:02:10.652] [C013133_C013133MCM1] 
Received SCF token value is : null [end]

[start] [DEBUG] [2026-07-05 20:02:10.719] [C013133_C013133MCM1] 
Received SCF token value is : null [end]

[start] [DEBUG] [2026-07-05 20:02:10.722] [C013133_C013133MCM1] 
Received SCF token value is : null [end]

[start] [DEBUG] [2026-07-05 20:02:10.831] [C013133_C013133MCM1] 
Received SCF token value is : null [end]

[start] [DEBUG] [2026-07-05 20:02:10.848] [C013133_C013133MCM1] 
Received SCF token value is : null [end]

[start] [DEBUG] [2026-07-05 20:02:10.963] [C013133_C013133MCM1] 
Received SCF token value is : null [end]

[start] [DEBUG] [2026-07-05 20:02:10.998] [C013133_C013133MCM1] 
Received SCF token value is : null [end]

[start] [DEBUG] [2026-07-05 20:02:11.103] [C013133_C013133MCM1] 
Received SCF token value is : null [end]

[start] [DEBUG] [2026-07-05 20:02:11.289] [C013133_C013133MCM1] 
Received SCF token value is : null [end]

[start] [DEBUG] [2026-07-05 20:02:11.338] [C013133_C013133MCM1] 
Received SCF token value is : null [end]

[start] [DEBUG] [2026-07-05 20:02:43.676] [SELLER_SMaker] 
Received SCF token value is : null [end]

[start] [DEBUG] [2026-07-05 20:02:43.716] [SELLER_SMaker] 
Received SCF token value is : null [end]

[start] [DEBUG] [2026-07-05 20:02:43.725] [SELLER_SMaker] 
Received SCF token value is : null [end]

[start] [DEBUG] [2026-07-05 20:02:43.737] [SELLER_SMaker] 
Received SCF token value is : null [end]

[start] [DEBUG] [2026-07-05 20:02:43.755] [SELLER_SMaker] 
Received SCF token value is : null [end]

[start] [DEBUG] [2026-07-05 20:02:43.757] [SELLER_SMaker] 
Received SCF token value is : null [end]

[start] [DEBUG] [2026-07-05 20:02:43.873] [SELLER_SMaker] 
Received SCF token value is : null [end]

[start] [DEBUG] [2026-07-05 20:02:43.906] [SELLER_SMaker] 
Received SCF token value is : null [end]

[start] [DEBUG] [2026-07-05 20:02:44.125] [SELLER_SMaker] 
Received SCF token value is : null [end]

[start] [DEBUG] [2026-07-05 20:02:44.128] [SELLER_SMaker] 
Received SCF token value is : null [end]

[start] [DEBUG] [2026-07-05 20:02:44.169] [SELLER_SMaker] 
Received SCF token value is : null [end]

[start] [DEBUG] [2026-07-05 20:02:44.227] [SELLER_SMaker] 
Received SCF token value is : null [end]

[start] [DEBUG] [2026-07-05 20:02:44.241] [SELLER_SMaker] 
Received SCF token value is : null [end]

[start] [DEBUG] [2026-07-05 20:02:44.306] [SELLER_SMaker] 
Received SCF token value is : null [end]

[start] [DEBUG] [2026-07-05 20:02:44.431] [SELLER_SMaker] 
Received SCF token value is : null [end]

[start] [DEBUG] [2026-07-05 20:02:45.038] [SELLER_SMaker] 
Received SCF token value is : null [end]

[start] [DEBUG] [2026-07-05 20:02:45.173] [SELLER_SMaker] 
Received SCF token value is : null [end]

[start] [DEBUG] [2026-07-05 20:02:50.018] [SELLER_SMaker] 
Received SCF token value is : null [end]

[start] [DEBUG] [2026-07-05 20:02:50.019] [SELLER_SMaker] 
Received SCF token value is : null [end]

[start] [DEBUG] [2026-07-05 20:02:52.149] [SELLER_SMaker] 
Received SCF token value is : null [end]

[start] [DEBUG] [2026-07-05 20:02:52.215] [SELLER_SMaker] 
Received SCF token value is : null [end]

[start] [DEBUG] [2026-07-05 20:02:52.282] [SELLER_SMaker] 
Received SCF token value is : null [end]

[start] [DEBUG] [2026-07-05 20:02:54.920] [SELLER_SMaker] 
Received SCF token value is : null [end]

[start] [DEBUG] [2026-07-05 20:02:54.926] [SELLER_SMaker] 
Received SCF token value is : null [end]

[start] [DEBUG] [2026-07-05 20:02:54.969] [SELLER_SMaker] 
Received SCF token value is : null [end]

[start] [DEBUG] [2026-07-05 20:02:55.176] [SELLER_SMaker] 
Received SCF token value is : null [end]

[start] [DEBUG] [2026-07-05 20:02:55.178] [SELLER_SMaker] 
Received SCF token value is : null [end]

[start] [DEBUG] [2026-07-05 20:02:55.201] [SELLER_SMaker] 
Received SCF token value is : null [end]

[start] [DEBUG] [2026-07-05 20:02:55.289] [SELLER_SMaker] 
Received SCF token value is : null [end]

[start] [DEBUG] [2026-07-05 20:02:55.313] [SELLER_SMaker] 
Received SCF token value is : null [end]

[start] [DEBUG] [2026-07-05 20:02:55.343] [SELLER_SMaker] 
Received SCF token value is : null [end]

[start] [DEBUG] [2026-07-05 20:02:55.418] [SELLER_SMaker] 
Received SCF token value is : null [end]

[start] [DEBUG] [2026-07-05 20:02:55.423] [SELLER_SMaker] 
Received SCF token value is : null [end]

[start] [DEBUG] [2026-07-05 20:02:55.548] [SELLER_SMaker] 
Received SCF token value is : null [end]

[start] [DEBUG] [2026-07-05 20:03:03.988] [SELLER_SChecker] 
Received SCF token value is : null [end]

[start] [DEBUG] [2026-07-05 20:03:04.075] [SELLER_SChecker] 
Received SCF token value is : null [end]

[start] [DEBUG] [2026-07-05 20:03:04.098] [SELLER_SChecker] 
Received SCF token value is : null [end]

[start] [DEBUG] [2026-07-05 20:03:04.150] [SELLER_SChecker] 
Received SCF token value is : null [end]

[start] [DEBUG] [2026-07-05 20:03:04.216] [SELLER_SChecker] 
Received SCF token value is : null [end]

[start] [DEBUG] [2026-07-05 20:03:04.345] [SELLER_SChecker] 
Received SCF token value is : null [end]

[start] [DEBUG] [2026-07-05 20:03:04.367] [SELLER_SChecker] 
Received SCF token value is : null [end]

[start] [DEBUG] [2026-07-05 20:03:04.440] [SELLER_SChecker] 
Received SCF token value is : null [end]

[start] [DEBUG] [2026-07-05 20:03:04.815] [SELLER_SChecker] 
Received SCF token value is : null [end]

[start] [DEBUG] [2026-07-05 20:03:04.826] [SELLER_SChecker] 
Received SCF token value is : null [end]

[start] [DEBUG] [2026-07-05 20:03:04.944] [SELLER_SChecker] 
Received SCF token value is : null [end]

[start] [DEBUG] [2026-07-05 20:03:04.963] [SELLER_SChecker] 
Received SCF token value is : null [end]

[start] [DEBUG] [2026-07-05 20:03:04.987] [SELLER_SChecker] 
Received SCF token value is : null [end]

[start] [DEBUG] [2026-07-05 20:03:05.112] [SELLER_SChecker] 
Received SCF token value is : null [end]

[start] [DEBUG] [2026-07-05 20:03:05.164] [SELLER_SChecker] 
Received SCF token value is : null [end]

[start] [DEBUG] [2026-07-05 20:03:05.191] [SELLER_SChecker] 
Received SCF token value is : null [end]

[start] [DEBUG] [2026-07-05 20:03:05.261] [SELLER_SChecker] 
Received SCF token value is : null [end]

[start] [DEBUG] [2026-07-05 20:03:05.554] [SELLER_SChecker] 
Received SCF token value is : null [end]

[start] [DEBUG] [2026-07-05 20:03:05.569] [SELLER_SChecker] 
Received SCF token value is : null [end]

[start] [DEBUG] [2026-07-05 20:03:15.453] [BUYER_JEOP1] 
Received SCF token value is : null [end]

[start] [DEBUG] [2026-07-05 20:03:15.505] [BUYER_JEOP1] 
Received SCF token value is : null [end]

[start] [DEBUG] [2026-07-05 20:03:15.521] [BUYER_JEOP1] 
Received SCF token value is : null [end]

[start] [DEBUG] [2026-07-05 20:03:15.552] [BUYER_JEOP1] 
Received SCF token value is : null [end]

[start] [DEBUG] [2026-07-05 20:03:15.592] [BUYER_JEOP1] 
Received SCF token value is : null [end]

[start] [DEBUG] [2026-07-05 20:03:15.598] [BUYER_JEOP1] 
Received SCF token value is : null [end]

[start] [DEBUG] [2026-07-05 20:03:15.663] [BUYER_JEOP1] 
Received SCF token value is : null [end]

[start] [DEBUG] [2026-07-05 20:03:15.751] [BUYER_JEOP1] 
Received SCF token value is : null [end]

[start] [DEBUG] [2026-07-05 20:03:16.286] [BUYER_JEOP1] 
Received SCF token value is : null [end]

[start] [DEBUG] [2026-07-05 20:03:16.305] [BUYER_JEOP1] 
Received SCF token value is : null [end]

[start] [DEBUG] [2026-07-05 20:03:16.403] [BUYER_JEOP1] 
Received SCF token value is : null [end]

[start] [DEBUG] [2026-07-05 20:03:16.572] [BUYER_JEOP1] 
Received SCF token value is : null [end]

[start] [DEBUG] [2026-07-05 20:03:16.606] [BUYER_JEOP1] 
Received SCF token value is : null [end]

[start] [DEBUG] [2026-07-05 20:03:16.629] [BUYER_JEOP1] 
Received SCF token value is : null [end]

[start] [DEBUG] [2026-07-05 20:03:16.902] [BUYER_JEOP1] 
Received SCF token value is : null [end]

[start] [DEBUG] [2026-07-05 20:03:16.927] [BUYER_JEOP1] 
Received SCF token value is : null [end]

[start] [DEBUG] [2026-07-05 20:03:16.954] [BUYER_JEOP1] 
Received SCF token value is : null [end]

[start] [DEBUG] [2026-07-05 20:03:17.283] [BUYER_JEOP1] 
Received SCF token value is : null [end]

[start] [DEBUG] [2026-07-05 20:03:17.358] [BUYER_JEOP1] 
Received SCF token value is : null [end]

[start] [DEBUG] [2026-07-05 20:03:26.384] [SELLER_OP01] 
Received SCF token value is : null [end]

[start] [DEBUG] [2026-07-05 20:03:26.419] [SELLER_OP01] 
Received SCF token value is : null [end]

[start] [DEBUG] [2026-07-05 20:03:26.439] [SELLER_OP01] 
Received SCF token value is : null [end]

[start] [DEBUG] [2026-07-05 20:03:26.459] [SELLER_OP01] 
Received SCF token value is : null [end]

[start] [DEBUG] [2026-07-05 20:03:26.484] [SELLER_OP01] 
Received SCF token value is : null [end]

[start] [DEBUG] [2026-07-05 20:03:26.531] [SELLER_OP01] 
Received SCF token value is : null [end]

[start] [DEBUG] [2026-07-05 20:03:26.684] [SELLER_OP01] 
Received SCF token value is : null [end]

[start] [DEBUG] [2026-07-05 20:03:26.807] [SELLER_OP01] 
Received SCF token value is : null [end]

[start] [DEBUG] [2026-07-05 20:03:27.349] [SELLER_OP01] 
Received SCF token value is : null [end]

[start] [DEBUG] [2026-07-05 20:03:27.361] [SELLER_OP01] 
Received SCF token value is : null [end]

[start] [DEBUG] [2026-07-05 20:03:27.392] [SELLER_OP01] 
Received SCF token value is : null [end]

[start] [DEBUG] [2026-07-05 20:03:27.511] [SELLER_OP01] 
Received SCF token value is : null [end]

[start] [DEBUG] [2026-07-05 20:03:27.595] [SELLER_OP01] 
Received SCF token value is : null [end]

[start] [DEBUG] [2026-07-05 20:03:27.703] [SELLER_OP01] 
Received SCF token value is : null [end]

[start] [DEBUG] [2026-07-05 20:03:27.849] [SELLER_OP01] 
Received SCF token value is : null [end]

[start] [DEBUG] [2026-07-05 20:03:27.978] [SELLER_OP01] 
Received SCF token value is : null [end]

[start] [DEBUG] [2026-07-05 20:03:28.264] [SELLER_OP01] 
Received SCF token value is : null [end]

[start] [DEBUG] [2026-07-05 20:03:28.468] [SELLER_OP01] 
Received SCF token value is : null [end]

[start] [DEBUG] [2026-07-05 20:03:28.870] [SELLER_OP01] 
Received SCF token value is : null [end]

[start] [DEBUG] [2026-07-05 20:04:57.020] [SELLER_OP01] 
Received SCF token value is : null [end]

[start] [DEBUG] [2026-07-05 20:04:57.093] [SELLER_OP01] 
Received SCF token value is : null [end]

[start] [DEBUG] [2026-07-05 20:04:57.159] [SELLER_OP01] 
Received SCF token value is : null [end]

[start] [DEBUG] [2026-07-05 20:04:58.894] [SELLER_OP01] 
Received SCF token value is : null [end]

[start] [DEBUG] [2026-07-05 20:04:58.905] [SELLER_OP01] 
Received SCF token value is : null [end]

[start] [DEBUG] [2026-07-05 20:04:59.037] [SELLER_OP01] 
Received SCF token value is : null [end]

[start] [DEBUG] [2026-07-05 20:04:59.073] [SELLER_OP01] 
Received SCF token value is : null [end]

[start] [DEBUG] [2026-07-05 20:04:59.127] [SELLER_OP01] 
Received SCF token value is : null [end]

[start] [DEBUG] [2026-07-05 20:04:59.150] [SELLER_OP01] 
Received SCF token value is : null [end]

[start] [DEBUG] [2026-07-05 20:04:59.239] [SELLER_OP01] 
Received SCF token value is : null [end]

[start] [DEBUG] [2026-07-05 20:04:59.247] [SELLER_OP01] 
Received SCF token value is : null [end]
