--2025-07-21 03:38:05:837 -  response body: <?xml version="1.0" encoding="UTF-8" standalone="yes"?><CMP014><RtrMmb><MsgHdr><MsgId>1753069085557</MsgId><CreDtTm>2025-07-21T03:38:05.557</CreDtTm><ReqTp><Enqry>0000</Enqry></ReqTp><CntyCd fld="SYS_BANK_COUNTRY">US</CntyCd></MsgHdr><RptOrErr></RptOrErr><MsgRtn><CMP014>
    <RtrMmb>
        <MsgHdr>
            <MsgId>1753069085557</MsgId>
            <CreDtTm>2025-07-21T03:38:05.557</CreDtTm>
            <ReqTp>
                <Enqry>0000</Enqry>
            </ReqTp>
            <CntyCd fld="SYS_BANK_COUNTRY">US</CntyCd>
        </MsgHdr>
        <RptOrErr/>
    </RtrMmb>
</CMP014></MsgRtn></RtrMmb></CMP014>
--2025-07-21 07:11:15:075 -  response body: <?xml version="1.0" encoding="UTF-8" standalone="yes"?><CMP014><RtrMmb><MsgHdr><MsgId>1753081875040</MsgId><CreDtTm>2025-07-21T07:11:15.040</CreDtTm><ReqTp><Enqry>0001</Enqry></ReqTp><CntyCd fld="SYS_BANK_COUNTRY">US</CntyCd></MsgHdr><RptOrErr><Rpt><MmbId>000001</MmbId><MmbOrErr><BizErr><Err><Cd/><Prtry>EmailAdr</Prtry></Err></BizErr></MmbOrErr></Rpt></RptOrErr><MsgRtn><CMP014>
    <RtrMmb>
        <MsgHdr>
            <MsgId>1753081875040</MsgId>
            <CreDtTm>2025-07-21T07:11:15.040</CreDtTm>
            <ReqTp>
                <Enqry>0001</Enqry>
            </ReqTp>
            <CntyCd fld="SYS_BANK_COUNTRY">US</CntyCd>
        </MsgHdr>
        <RptOrErr>
            <Rpt>
                <MmbId>000001</MmbId>
                <MmbOrErr>
                    <BizErr>
                        <Err>
                            <Cd/>
                            <Prtry>EmailAdr</Prtry>
                        </Err>
                    </BizErr>
                </MmbOrErr>
            </Rpt>
        </RptOrErr>
    </RtrMmb>
</CMP014></MsgRtn></RtrMmb></CMP014>
--2025-07-21 07:14:22:744 -  response body: <?xml version="1.0" encoding="UTF-8" standalone="yes"?><CMP014><RtrMmb><MsgHdr><MsgId>1753082062725</MsgId><CreDtTm>2025-07-21T07:14:22.725</CreDtTm><ReqTp><Enqry>0001</Enqry></ReqTp><CntyCd fld="SYS_BANK_COUNTRY">US</CntyCd></MsgHdr><RptOrErr><Rpt><MmbId>000001</MmbId><MmbOrErr><BizErr><Err><Cd/><Prtry>EmailAdr</Prtry></Err></BizErr></MmbOrErr></Rpt></RptOrErr><MsgRtn><CMP014>
    <RtrMmb>
        <MsgHdr>
            <MsgId>1753082062725</MsgId>
            <CreDtTm>2025-07-21T07:14:22.725</CreDtTm>
            <ReqTp>
                <Enqry>0001</Enqry>
            </ReqTp>
            <CntyCd fld="SYS_BANK_COUNTRY">US</CntyCd>
        </MsgHdr>
        <RptOrErr>
            <Rpt>
                <MmbId>000001</MmbId>
                <MmbOrErr>
                    <BizErr>
                        <Err>
                            <Cd/>
                            <Prtry>EmailAdr</Prtry>
                        </Err>
                    </BizErr>
                </MmbOrErr>
            </Rpt>
        </RptOrErr>
    </RtrMmb>
</CMP014></MsgRtn></RtrMmb></CMP014>
--2025-07-21 07:21:34:526 -  response body: <?xml version="1.0" encoding="UTF-8" standalone="yes"?><CMP014><RtrMmb><MsgHdr><MsgId>1753082494506</MsgId><CreDtTm>2025-07-21T07:21:34.506</CreDtTm><ReqTp><Enqry>0001</Enqry></ReqTp><CntyCd fld="SYS_BANK_COUNTRY">US</CntyCd></MsgHdr><RptOrErr><Rpt><MmbId>000001</MmbId><MmbOrErr><BizErr><Err><Cd/><Prtry>EmailAdr</Prtry></Err></BizErr></MmbOrErr></Rpt></RptOrErr><MsgRtn><CMP014>
    <RtrMmb>
        <MsgHdr>
            <MsgId>1753082494506</MsgId>
            <CreDtTm>2025-07-21T07:21:34.506</CreDtTm>
            <ReqTp>
                <Enqry>0001</Enqry>
            </ReqTp>
            <CntyCd fld="SYS_BANK_COUNTRY">US</CntyCd>
        </MsgHdr>
        <RptOrErr>
            <Rpt>
                <MmbId>000001</MmbId>
                <MmbOrErr>
                    <BizErr>
                        <Err>
                            <Cd/>
                            <Prtry>EmailAdr</Prtry>
                        </Err>
                    </BizErr>
                </MmbOrErr>
            </Rpt>
        </RptOrErr>
    </RtrMmb>
</CMP014></MsgRtn></RtrMmb></CMP014>
--2025-07-21 07:51:13:142 -  response body: <?xml version="1.0" encoding="UTF-8" standalone="yes"?><CMP014><RtrMmb><MsgHdr><MsgId>1753084273126</MsgId><CreDtTm>2025-07-21T07:51:13.127</CreDtTm><ReqTp><Enqry>0000</Enqry></ReqTp><CntyCd fld="SYS_BANK_COUNTRY">US</CntyCd></MsgHdr><RptOrErr></RptOrErr><MsgRtn><CMP014>
    <RtrMmb>
        <MsgHdr>
            <MsgId>1753084273126</MsgId>
            <CreDtTm>2025-07-21T07:51:13.127</CreDtTm>
            <ReqTp>
                <Enqry>0000</Enqry>
            </ReqTp>
            <CntyCd fld="SYS_BANK_COUNTRY">US</CntyCd>
        </MsgHdr>
        <RptOrErr/>
    </RtrMmb>
</CMP014></MsgRtn></RtrMmb></CMP014>
--2025-07-21 08:01:14:333 -  response body: <?xml version="1.0" encoding="UTF-8" standalone="yes"?><CMP014><RtrMmb><MsgHdr><MsgId>1753084874315</MsgId><CreDtTm>2025-07-21T08:01:14.315</CreDtTm><ReqTp><Enqry>0001</Enqry></ReqTp><CntyCd fld="SYS_BANK_COUNTRY">US</CntyCd></MsgHdr><RptOrErr><Rpt><MmbId>000001</MmbId><MmbOrErr><BizErr><Err><Cd/><Prtry>EmailAdr</Prtry></Err></BizErr></MmbOrErr></Rpt></RptOrErr><MsgRtn><CMP014>
    <RtrMmb>
        <MsgHdr>
            <MsgId>1753084874315</MsgId>
            <CreDtTm>2025-07-21T08:01:14.315</CreDtTm>
            <ReqTp>
                <Enqry>0001</Enqry>
            </ReqTp>
            <CntyCd fld="SYS_BANK_COUNTRY">US</CntyCd>
        </MsgHdr>
        <RptOrErr>
            <Rpt>
                <MmbId>000001</MmbId>
                <MmbOrErr>
                    <BizErr>
                        <Err>
                            <Cd/>
                            <Prtry>EmailAdr</Prtry>
                        </Err>
                    </BizErr>
                </MmbOrErr>
            </Rpt>
        </RptOrErr>
    </RtrMmb>
</CMP014></MsgRtn></RtrMmb></CMP014>
--2025-07-21 08:14:53:862 -  response body: <?xml version="1.0" encoding="UTF-8" standalone="yes"?><CMP014><RtrMmb><MsgHdr><MsgId>1753085693849</MsgId><CreDtTm>2025-07-21T08:14:53.849</CreDtTm><ReqTp><Enqry>0001</Enqry></ReqTp><CntyCd fld="SYS_BANK_COUNTRY">US</CntyCd></MsgHdr><RptOrErr><Rpt><MmbId>000001</MmbId><MmbOrErr><BizErr><Err><Cd/><Prtry>EmailAdr</Prtry></Err></BizErr></MmbOrErr></Rpt></RptOrErr><MsgRtn><CMP014>
    <RtrMmb>
        <MsgHdr>
            <MsgId>1753085693849</MsgId>
            <CreDtTm>2025-07-21T08:14:53.849</CreDtTm>
            <ReqTp>
                <Enqry>0001</Enqry>
            </ReqTp>
            <CntyCd fld="SYS_BANK_COUNTRY">US</CntyCd>
        </MsgHdr>
        <RptOrErr>
            <Rpt>
                <MmbId>000001</MmbId>
                <MmbOrErr>
                    <BizErr>
                        <Err>
                            <Cd/>
                            <Prtry>EmailAdr</Prtry>
                        </Err>
                    </BizErr>
                </MmbOrErr>
            </Rpt>
        </RptOrErr>
    </RtrMmb>
</CMP014></MsgRtn></RtrMmb></CMP014>
--2025-07-21 08:15:13:524 -  response body: <?xml version="1.0" encoding="UTF-8" standalone="yes"?><CMP014><RtrMmb><MsgHdr><MsgId>1753085713511</MsgId><CreDtTm>2025-07-21T08:15:13.511</CreDtTm><ReqTp><Enqry>0001</Enqry></ReqTp><CntyCd fld="SYS_BANK_COUNTRY">US</CntyCd></MsgHdr><RptOrErr><Rpt><MmbId>000001</MmbId><MmbOrErr><BizErr><Err><Cd/><Prtry>EmailAdr</Prtry></Err></BizErr></MmbOrErr></Rpt></RptOrErr><MsgRtn><CMP014>
    <RtrMmb>
        <MsgHdr>
            <MsgId>1753085713511</MsgId>
            <CreDtTm>2025-07-21T08:15:13.511</CreDtTm>
            <ReqTp>
                <Enqry>0001</Enqry>
            </ReqTp>
            <CntyCd fld="SYS_BANK_COUNTRY">US</CntyCd>
        </MsgHdr>
        <RptOrErr>
            <Rpt>
                <MmbId>000001</MmbId>
                <MmbOrErr>
                    <BizErr>
                        <Err>
                            <Cd/>
                            <Prtry>EmailAdr</Prtry>
                        </Err>
                    </BizErr>
                </MmbOrErr>
            </Rpt>
        </RptOrErr>
    </RtrMmb>
</CMP014></MsgRtn></RtrMmb></CMP014>
--2025-07-21 09:09:59:826 -  response body: <?xml version="1.0" encoding="UTF-8" standalone="yes"?><CMP014><RtrMmb><MsgHdr><MsgId>1753088999813</MsgId><CreDtTm>2025-07-21T09:09:59.813</CreDtTm><ReqTp><Enqry>0001</Enqry></ReqTp><CntyCd fld="SYS_BANK_COUNTRY">US</CntyCd></MsgHdr><RptOrErr><Rpt><MmbId>000001</MmbId><MmbOrErr><BizErr><Err><Cd/><Prtry>EmailAdr</Prtry></Err></BizErr></MmbOrErr></Rpt></RptOrErr><MsgRtn><CMP014>
    <RtrMmb>
        <MsgHdr>
            <MsgId>1753088999813</MsgId>
            <CreDtTm>2025-07-21T09:09:59.813</CreDtTm>
            <ReqTp>
                <Enqry>0001</Enqry>
            </ReqTp>
            <CntyCd fld="SYS_BANK_COUNTRY">US</CntyCd>
        </MsgHdr>
        <RptOrErr>
            <Rpt>
                <MmbId>000001</MmbId>
                <MmbOrErr>
                    <BizErr>
                        <Err>
                            <Cd/>
                            <Prtry>EmailAdr</Prtry>
                        </Err>
                    </BizErr>
                </MmbOrErr>
            </Rpt>
        </RptOrErr>
    </RtrMmb>
</CMP014></MsgRtn></RtrMmb></CMP014>
--2025-07-21 09:37:04:722 -  response body: <?xml version="1.0" encoding="UTF-8" standalone="yes"?><CMP014><RtrMmb><MsgHdr><MsgId>1753090624707</MsgId><CreDtTm>2025-07-21T09:37:04.707</CreDtTm><ReqTp><Enqry>0000</Enqry></ReqTp><CntyCd fld="SYS_BANK_COUNTRY">US</CntyCd></MsgHdr><RptOrErr></RptOrErr><MsgRtn><CMP014>
    <RtrMmb>
        <MsgHdr>
            <MsgId>1753090624707</MsgId>
            <CreDtTm>2025-07-21T09:37:04.707</CreDtTm>
            <ReqTp>
                <Enqry>0000</Enqry>
            </ReqTp>
            <CntyCd fld="SYS_BANK_COUNTRY">US</CntyCd>
        </MsgHdr>
        <RptOrErr/>
    </RtrMmb>
</CMP014></MsgRtn></RtrMmb></CMP014>
--2025-07-22 09:30:22:733 -  response body: <?xml version="1.0" encoding="UTF-8" standalone="yes"?><CMP014><RtrMmb><MsgHdr><MsgId>1753176622687</MsgId><CreDtTm>2025-07-22T09:30:22.687</CreDtTm><ReqTp><Enqry>0000</Enqry></ReqTp><CntyCd fld="SYS_BANK_COUNTRY">US</CntyCd></MsgHdr><RptOrErr></RptOrErr><MsgRtn><CMP014>
    <RtrMmb>
        <MsgHdr>
            <MsgId>1753176622687</MsgId>
            <CreDtTm>2025-07-22T09:30:22.687</CreDtTm>
            <ReqTp>
                <Enqry>0000</Enqry>
            </ReqTp>
            <CntyCd fld="SYS_BANK_COUNTRY">US</CntyCd>
        </MsgHdr>
        <RptOrErr/>
    </RtrMmb>
</CMP014></MsgRtn></RtrMmb></CMP014>
--2025-07-22 09:50:53:699 -  response body: <?xml version="1.0" encoding="UTF-8" standalone="yes"?><CMP014><RtrMmb><MsgHdr><MsgId>1753177853686</MsgId><CreDtTm>2025-07-22T09:50:53.686</CreDtTm><ReqTp><Enqry>0001</Enqry></ReqTp><CntyCd fld="SYS_BANK_COUNTRY">US</CntyCd></MsgHdr><RptOrErr><Rpt><MmbId>000001</MmbId><MmbOrErr><BizErr><Err><Cd/><Prtry>Nm,EmailAdr</Prtry></Err></BizErr></MmbOrErr></Rpt></RptOrErr><MsgRtn><CMP014>
    <RtrMmb>
        <MsgHdr>
            <MsgId>1753177853686</MsgId>
            <CreDtTm>2025-07-22T09:50:53.686</CreDtTm>
            <ReqTp>
                <Enqry>0001</Enqry>
            </ReqTp>
            <CntyCd fld="SYS_BANK_COUNTRY">US</CntyCd>
        </MsgHdr>
        <RptOrErr>
            <Rpt>
                <MmbId>000001</MmbId>
                <MmbOrErr>
                    <BizErr>
                        <Err>
                            <Cd/>
                            <Prtry>Nm,EmailAdr</Prtry>
                        </Err>
                    </BizErr>
                </MmbOrErr>
            </Rpt>
        </RptOrErr>
    </RtrMmb>
</CMP014></MsgRtn></RtrMmb></CMP014>
--2025-07-22 09:52:52:688 -  response body: <?xml version="1.0" encoding="UTF-8" standalone="yes"?><CMP014><RtrMmb><MsgHdr><MsgId>1753177972677</MsgId><CreDtTm>2025-07-22T09:52:52.677</CreDtTm><ReqTp><Enqry>0000</Enqry></ReqTp><CntyCd fld="SYS_BANK_COUNTRY">US</CntyCd></MsgHdr><RptOrErr></RptOrErr><MsgRtn><CMP014>
    <RtrMmb>
        <MsgHdr>
            <MsgId>1753177972677</MsgId>
            <CreDtTm>2025-07-22T09:52:52.677</CreDtTm>
            <ReqTp>
                <Enqry>0000</Enqry>
            </ReqTp>
            <CntyCd fld="SYS_BANK_COUNTRY">US</CntyCd>
        </MsgHdr>
        <RptOrErr/>
    </RtrMmb>
</CMP014></MsgRtn></RtrMmb></CMP014>
--2025-07-22 09:57:16:423 -  response body: <?xml version="1.0" encoding="UTF-8" standalone="yes"?><CMP014><RtrMmb><MsgHdr><MsgId>1753178236410</MsgId><CreDtTm>2025-07-22T09:57:16.410</CreDtTm><ReqTp><Enqry>0000</Enqry></ReqTp><CntyCd fld="SYS_BANK_COUNTRY">US</CntyCd></MsgHdr><RptOrErr></RptOrErr><MsgRtn><CMP014>
    <RtrMmb>
        <MsgHdr>
            <MsgId>1753178236410</MsgId>
            <CreDtTm>2025-07-22T09:57:16.410</CreDtTm>
            <ReqTp>
                <Enqry>0000</Enqry>
            </ReqTp>
            <CntyCd fld="SYS_BANK_COUNTRY">US</CntyCd>
        </MsgHdr>
        <RptOrErr/>
    </RtrMmb>
</CMP014></MsgRtn></RtrMmb></CMP014>
--2025-07-22 10:16:30:181 -  response body: <?xml version="1.0" encoding="UTF-8" standalone="yes"?><CMP014><RtrMmb><MsgHdr><MsgId>1753179390169</MsgId><CreDtTm>2025-07-22T10:16:30.169</CreDtTm><ReqTp><Enqry>0000</Enqry></ReqTp><CntyCd fld="SYS_BANK_COUNTRY">US</CntyCd></MsgHdr><RptOrErr></RptOrErr><MsgRtn><CMP014>
    <RtrMmb>
        <MsgHdr>
            <MsgId>1753179390169</MsgId>
            <CreDtTm>2025-07-22T10:16:30.169</CreDtTm>
            <ReqTp>
                <Enqry>0000</Enqry>
            </ReqTp>
            <CntyCd fld="SYS_BANK_COUNTRY">US</CntyCd>
        </MsgHdr>
        <RptOrErr/>
    </RtrMmb>
</CMP014></MsgRtn></RtrMmb></CMP014>
--2025-07-22 10:28:23:865 -  response body: <?xml version="1.0" encoding="UTF-8" standalone="yes"?><CMP014><RtrMmb><MsgHdr><MsgId>1753180103853</MsgId><CreDtTm>2025-07-22T10:28:23.853</CreDtTm><ReqTp><Enqry>0001</Enqry></ReqTp><CntyCd fld="SYS_BANK_COUNTRY">US</CntyCd></MsgHdr><RptOrErr><Rpt><MmbId>000001</MmbId><MmbOrErr><BizErr><Err><Cd/><Prtry>Nm,EmailAdr</Prtry></Err></BizErr></MmbOrErr></Rpt></RptOrErr><MsgRtn><CMP014>
    <RtrMmb>
        <MsgHdr>
            <MsgId>1753180103853</MsgId>
            <CreDtTm>2025-07-22T10:28:23.853</CreDtTm>
            <ReqTp>
                <Enqry>0001</Enqry>
            </ReqTp>
            <CntyCd fld="SYS_BANK_COUNTRY">US</CntyCd>
        </MsgHdr>
        <RptOrErr>
            <Rpt>
                <MmbId>000001</MmbId>
                <MmbOrErr>
                    <BizErr>
                        <Err>
                            <Cd/>
                            <Prtry>Nm,EmailAdr</Prtry>
                        </Err>
                    </BizErr>
                </MmbOrErr>
            </Rpt>
        </RptOrErr>
    </RtrMmb>
</CMP014></MsgRtn></RtrMmb></CMP014>
--2025-07-22 11:10:38:643 -  response body: <?xml version="1.0" encoding="UTF-8" standalone="yes"?><CMP014><RtrMmb><MsgHdr><MsgId>1753182638634</MsgId><CreDtTm>2025-07-22T11:10:38.634</CreDtTm><ReqTp><Enqry>0001</Enqry></ReqTp><CntyCd fld="SYS_BANK_COUNTRY">US</CntyCd></MsgHdr><RptOrErr><Rpt><MmbId>000001</MmbId><MmbOrErr><BizErr><Err><Cd/><Prtry>Nm,EmailAdr</Prtry></Err></BizErr></MmbOrErr></Rpt></RptOrErr><MsgRtn><CMP014>
    <RtrMmb>
        <MsgHdr>
            <MsgId>1753182638634</MsgId>
            <CreDtTm>2025-07-22T11:10:38.634</CreDtTm>
            <ReqTp>
                <Enqry>0001</Enqry>
            </ReqTp>
            <CntyCd fld="SYS_BANK_COUNTRY">US</CntyCd>
        </MsgHdr>
        <RptOrErr>
            <Rpt>
                <MmbId>000001</MmbId>
                <MmbOrErr>
                    <BizErr>
                        <Err>
                            <Cd/>
                            <Prtry>Nm,EmailAdr</Prtry>
                        </Err>
                    </BizErr>
                </MmbOrErr>
            </Rpt>
        </RptOrErr>
    </RtrMmb>
</CMP014></MsgRtn></RtrMmb></CMP014>
