
[start] [DEBUG] [2026-07-04 12:20:31.797] [SYSTEMS] 
The request URI is : /BL6CEWeb/SYS_index.htm [end]

[start] [DEBUG] [2026-07-04 12:20:31.841] [SYSTEMS] 
The session refresh token in session is : null [end]

[start] [DEBUG] [2026-07-04 12:20:32.179] [SYSTEMS] 
The request URI is : /BL6CEWeb/Images/bg.jpg [end]

[start] [DEBUG] [2026-07-04 12:20:32.180] [SYSTEMS] 
The session refresh token in session is : null [end]

[start] [DEBUG] [2026-07-04 12:20:32.746] [SYSTEMS] 
The request URI is : /BL6CEWeb/SYS_JS/jQuery/jquery.min.js [end]

[start] [DEBUG] [2026-07-04 12:20:32.748] [SYSTEMS] 
The session refresh token in session is : null [end]

[start] [DEBUG] [2026-07-04 12:20:32.754] [SYSTEMS] 
The request URI is : /BL6CEWeb/JS/rsaencrypt/jsencrypt.min.js [end]

[start] [DEBUG] [2026-07-04 12:20:32.759] [SYSTEMS] 
The session refresh token in session is : null [end]

[start] [DEBUG] [2026-07-04 12:20:32.758] [SYSTEMS] 
The request URI is : /BL6CEWeb/CS.ico [end]

[start] [DEBUG] [2026-07-04 12:20:32.855] [SYSTEMS] 
The session refresh token in session is : null [end]

[start] [DEBUG] [2026-07-04 12:20:32.888] [SYSTEMS] 
The request URI is : /BL6CEWeb/JS/rsaencrypt/Publickey.js [end]

[start] [DEBUG] [2026-07-04 12:20:32.889] [SYSTEMS] 
The session refresh token in session is : null [end]

[start] [DEBUG] [2026-07-04 12:20:32.890] [SYSTEMS] 
The request URI is : /BL6CEWeb/JS/rsaencrypt/Publickey.js [end]

[start] [DEBUG] [2026-07-04 12:20:32.892] [SYSTEMS] 
The session refresh token in session is : null [end]

[start] [DEBUG] [2026-07-04 12:20:32.902] [SYSTEMS] 
The request URI is : /BL6CEWeb/SYS_JS/jQuery/jquery.min.js [end]

[start] [DEBUG] [2026-07-04 12:20:32.903] [SYSTEMS] 
The session refresh token in session is : null [end]

[start] [DEBUG] [2026-07-04 12:20:32.928] [SYSTEMS] 
The request URI is : /BL6CEWeb/JS/rsaencrypt/jsencrypt.min.js [end]

[start] [DEBUG] [2026-07-04 12:20:32.929] [SYSTEMS] 
The session refresh token in session is : null [end]

[start] [DEBUG] [2026-07-04 12:20:34.600] [SYSTEMS] 
The request URI is : /BL6CEWeb/screen/SECindex.htm [end]

[start] [DEBUG] [2026-07-04 12:20:34.601] [SYSTEMS] 
The session refresh token in session is : null [end]

[start] [DEBUG] [2026-07-04 12:20:34.650] [SYSTEMS] 
====request content is: 
    Request Type: Temp
Component : DBHelper
Session Context is: 
com.cs.core.utility.SessionContext@248045f8
Request Info Type : com.cs.core.dao.exec.SQLDao
Request Info Content is: 
[01]SELECT I_LOGON_RETRIES,C_BK_GROUP_ID,C_CNTY_CODE,C_PASSWORD,C_USER_ID,C_UNIT_CODE,C_INACTIVE,I_EXPIRY_TYPE,EXPIRY_DATE ,EFFECTIVE_DATE ,I_USER_TYPE,C_CHANGE_PSW,D_PSW_DATE,C_CHANGE_MAIL FROM CEUSER.SEC_USER_INFO WHERE C_USER_ID = 'superofficer' AND C_UNIT_CODE = 'CSOFFICE' 
[02]SELECT C_UNIT_CODE,C_USER_ID,T_LAST_LOGIN_TIME,T_CURR_LOGIN_TIME FROM CEUSER.SEC_LOGIN_SUCCEED_INFO WHERE C_USER_ID = 'superofficer' AND C_UNIT_CODE = 'CSOFFICE' 

 [end]

[start] [DEBUG] [2026-07-04 12:20:34.792] [SYSTEMS] 
====request content is: 
    Request Type: Temp
Component : DBHelper
Session Context is: 
com.cs.core.utility.SessionContext@248045f8
Request Info Type : com.cs.core.dao.exec.SQLDao
Request Info Content is: 
[01]SELECT I_USER_TYPE,D_PSW_DATE FROM CEUSER.SEC_USER_INFO WHERE C_USER_ID = 'superofficer' AND C_UNIT_CODE = 'CSOFFICE' 

 [end]

[start] [DEBUG] [2026-07-04 12:20:34.805] [SYSTEMS] 
====request content is: 
    Request Type: Temp
Component : DBHelper
Session Context is: 
com.cs.core.utility.SessionContext@248045f8
Request Info Type : com.cs.core.dao.exec.SQLDao
Request Info Content is: 
[01]SELECT I_LOGON_RETRIES FROM CEUSER.SEC_USER_INFO WHERE C_USER_ID = 'superofficer' AND C_UNIT_CODE = 'CSOFFICE' 

 [end]

[start] [DEBUG] [2026-07-04 12:20:34.818] [SYSTEMS] 
====request content is: 
    Request Type: Temp
Component : DBHelper
Session Context is: 
com.cs.core.utility.SessionContext@248045f8
Request Info Type : com.cs.core.dao.exec.SQLDao
Request Info Content is: 
[01]SELECT C_PASSWORD FROM CEUSER.SEC_USER_INFO WHERE C_USER_ID = 'superofficer' AND C_UNIT_CODE = 'CSOFFICE' 

 [end]

[start] [DEBUG] [2026-07-04 12:20:34.831] [SYSTEMS] 
====request content is: 
    Request Type: Temp
Component : DBHelper
Session Context is: 
com.cs.core.utility.SessionContext@248045f8
Request Info Type : com.cs.core.dao.exec.SQLDao
Request Info Content is: 
[01]SELECT C_SALT_VAL FROM CEUSER.SEC_SALT_INFO  WHERE  C_UNIT_CODE = 'CSOFFICE'  AND  C_USER_ID = 'superofficer' 

 [end]

[start] [DEBUG] [2026-07-04 12:20:34.845] [SYSTEMS] 
====request content is: 
    Request Type: Temp
Component : DBHelper
Session Context is: 
com.cs.core.utility.SessionContext@248045f8
Request Info Type : com.cs.core.dao.exec.SQLDao
Request Info Content is: 
[01]UPDATE CEUSER.SEC_USER_INFO SET I_LOGON_RETRIES = 0 WHERE C_USER_ID = 'superofficer' AND C_UNIT_CODE = 'CSOFFICE' 
[02]UPDATE CEUSER.SEC_USER_INFO_TEMP SET I_LOGON_RETRIES = 0 WHERE C_USER_ID = 'superofficer' AND C_UNIT_CODE = 'CSOFFICE' 
[03]UPDATE CEUSER.SEC_LOGIN_SUCCEED_INFO SET T_LAST_LOGIN_TIME = '2026-07-03 18:33:50.000',T_CURR_LOGIN_TIME = '2026-07-04 08:20:34.843' WHERE C_USER_ID = 'superofficer' AND C_UNIT_CODE = 'CSOFFICE' 

 [end]

[start] [DEBUG] [2026-07-04 12:20:34.881] [SYSTEMS] 
====request content is: 
    Request Type: Temp
Component : DBHelper
Session Context is: 
com.cs.core.utility.SessionContext@248045f8
Request Info Type : com.cs.core.dao.exec.SQLDao
Request Info Content is: 
[01]SELECT to_char(systimestamp, 'yyyy-mm-dd hh24:mi:ssxff') AS sysDT FROM dual

 [end]

[start] [DEBUG] [2026-07-04 12:20:34.968] [SYSTEMS] 
The currnt date find from DB is : 2026-07-04 12:20:34.965000 [end]

[start] [DEBUG] [2026-07-04 12:20:34.969] [SYSTEMS] 
====request content is: 
    Request Type: Temp
Component : Login
Session Context is: 
com.cs.core.utility.SessionContext@fd120f77
Request Info Type : com.cs.core.request.LoginRequest
Request Info Content is: 
com.cs.core.request.LoginRequest@44a5fd65
 [end]

[start] [DEBUG] [2026-07-04 12:20:35.051] [SYSTEMS] 
======Recording license ctrl======= [end]

[start] [DEBUG] [2026-07-04 12:20:35.052] [SYSTEMS] 
MzUxMDJRVF9bElRHXkVCE1xVCnFgd3B+eVZNQVlAShhVUUZWD19FXl9QSUBbQUwcVFNHUBxRUUdc
Xl4IXVpFWVFWQV5EU18VRF5bR1tEXF5HWkVRXhNXUF5ZE0BfWUYTD19FXl9BXkRTXxVSRUFHWlxV
QBNAX1lGCVtEXF5HWkVRXhNAQlVAXUBdXEZcQVBcElFUX1sSRkZUQhIJW0RcXkdaRVFeE1ZEQ0Zc
WFRCEkZGVEIIXUBdXA== [end]

[start] [DEBUG] [2026-07-04 12:20:35.054] [SYSTEMS] 
====request content is: 
    Request Type: Temp
Component : DBHelper
Session Context is: 
com.cs.core.utility.SessionContext@fd120f77
Request Info Type : com.cs.core.dao.exec.SQLDao
Request Info Content is: 
[01]SELECT * FROM CEUSER.SEC_BUSINESS_UNIT WHERE C_UNIT_CODE = 'CSOFFICE' 

 [end]

[start] [DEBUG] [2026-07-04 12:20:35.446] [SYSTEMS] 
The request URI is : /BL6CEWeb/Plugins/jQueryUI/jquery-ui.min.css [end]

[start] [DEBUG] [2026-07-04 12:20:35.447] [SYSTEMS] 
The URI is :/BL6CEWeb/Plugins/jQueryUI/jquery-ui.min.css [end]

[start] [DEBUG] [2026-07-04 12:20:35.448] [SYSTEMS] 
The session refresh token in session is : null [end]

[start] [DEBUG] [2026-07-04 12:20:35.457] [SYSTEMS] 
The request URI is : /BL6CEWeb/Plugins/jQueryUI/jquery-ui.min.js [end]

[start] [DEBUG] [2026-07-04 12:20:35.457] [SYSTEMS] 
The request URI is : /BL6CEWeb/SYS_JS/browser.js [end]

[start] [DEBUG] [2026-07-04 12:20:35.458] [SYSTEMS] 
The URI is :/BL6CEWeb/Plugins/jQueryUI/jquery-ui.min.js [end]

[start] [DEBUG] [2026-07-04 12:20:35.458] [SYSTEMS] 
The URI is :/BL6CEWeb/SYS_JS/browser.js [end]

[start] [DEBUG] [2026-07-04 12:20:35.459] [SYSTEMS] 
The session refresh token in session is : null [end]

[start] [DEBUG] [2026-07-04 12:20:35.460] [SYSTEMS] 
The session refresh token in session is : null [end]

[start] [DEBUG] [2026-07-04 12:20:35.464] [SYSTEMS] 
The request URI is : /BL6CEWeb/SYS_JS/SYS_CrossBrowser.js [end]

[start] [DEBUG] [2026-07-04 12:20:35.465] [SYSTEMS] 
The URI is :/BL6CEWeb/SYS_JS/SYS_CrossBrowser.js [end]

[start] [DEBUG] [2026-07-04 12:20:35.466] [SYSTEMS] 
The session refresh token in session is : null [end]

[start] [DEBUG] [2026-07-04 12:20:35.606] [SYSTEMS] 
The request URI is : /BL6CEWeb/theme/Standard.css [end]

[start] [DEBUG] [2026-07-04 12:20:35.607] [SYSTEMS] 
The URI is :/BL6CEWeb/theme/Standard.css [end]

[start] [DEBUG] [2026-07-04 12:20:35.718] [SYSTEMS] 
The session refresh token in session is : null [end]

[start] [DEBUG] [2026-07-04 12:20:35.725] [SYSTEMS] 
The request URI is : /BL6CEWeb/theme/Standard-customize.css [end]

[start] [DEBUG] [2026-07-04 12:20:35.726] [SYSTEMS] 
The URI is :/BL6CEWeb/theme/Standard-customize.css [end]

[start] [DEBUG] [2026-07-04 12:20:35.750] [SYSTEMS] 
The session refresh token in session is : null [end]

[start] [DEBUG] [2026-07-04 12:20:35.755] [SYSTEMS] 
The request URI is : /BL6CEWeb/WebComponents/styles.css [end]

[start] [DEBUG] [2026-07-04 12:20:35.756] [SYSTEMS] 
The URI is :/BL6CEWeb/WebComponents/styles.css [end]

[start] [DEBUG] [2026-07-04 12:20:35.757] [SYSTEMS] 
The session refresh token in session is : null [end]

[start] [DEBUG] [2026-07-04 12:20:35.781] [SYSTEMS] 
The request URI is : /BL6CEWeb/WebComponents/customize/Components-customize.css [end]

[start] [DEBUG] [2026-07-04 12:20:35.782] [SYSTEMS] 
The URI is :/BL6CEWeb/WebComponents/customize/Components-customize.css [end]

[start] [DEBUG] [2026-07-04 12:20:35.784] [SYSTEMS] 
The session refresh token in session is : null [end]

[start] [DEBUG] [2026-07-04 12:20:35.793] [SYSTEMS] 
The request URI is : /BL6CEWeb/JS/CrossBrowser.js [end]

[start] [DEBUG] [2026-07-04 12:20:35.794] [SYSTEMS] 
The URI is :/BL6CEWeb/JS/CrossBrowser.js [end]

[start] [DEBUG] [2026-07-04 12:20:35.796] [SYSTEMS] 
The session refresh token in session is : null [end]

[start] [DEBUG] [2026-07-04 12:20:35.804] [SYSTEMS] 
The request URI is : /BL6CEWeb/SYS_JS/SYS_ActionFunc_CAL.js [end]

[start] [DEBUG] [2026-07-04 12:20:35.805] [SYSTEMS] 
The URI is :/BL6CEWeb/SYS_JS/SYS_ActionFunc_CAL.js [end]

[start] [DEBUG] [2026-07-04 12:20:35.806] [SYSTEMS] 
The session refresh token in session is : null [end]

[start] [DEBUG] [2026-07-04 12:20:35.828] [SYSTEMS] 
The request URI is : /BL6CEWeb/SYS_JS/SYS_Common.js [end]

[start] [DEBUG] [2026-07-04 12:20:35.829] [SYSTEMS] 
The URI is :/BL6CEWeb/SYS_JS/SYS_Common.js [end]

[start] [DEBUG] [2026-07-04 12:20:35.830] [SYSTEMS] 
The session refresh token in session is : null [end]

[start] [DEBUG] [2026-07-04 12:20:35.954] [SYSTEMS] 
The request URI is : /BL6CEWeb/SYS_JS/SYS_BaseFunc_CAL.js [end]

[start] [DEBUG] [2026-07-04 12:20:35.955] [SYSTEMS] 
The URI is :/BL6CEWeb/SYS_JS/SYS_BaseFunc_CAL.js [end]

[start] [DEBUG] [2026-07-04 12:20:35.956] [SYSTEMS] 
The session refresh token in session is : null [end]

[start] [DEBUG] [2026-07-04 12:20:36.122] [SYSTEMS] 
The request URI is : /BL6CEWeb/SYS_JS/SYS_TranPage.js [end]

[start] [DEBUG] [2026-07-04 12:20:36.123] [SYSTEMS] 
The URI is :/BL6CEWeb/SYS_JS/SYS_TranPage.js [end]

[start] [DEBUG] [2026-07-04 12:20:36.124] [SYSTEMS] 
The session refresh token in session is : null [end]

[start] [DEBUG] [2026-07-04 12:20:36.340] [SYSTEMS] 
The request URI is : /BL6CEWeb/SYS_JS/SYS_DealButton.js [end]

[start] [DEBUG] [2026-07-04 12:20:36.342] [SYSTEMS] 
The URI is :/BL6CEWeb/SYS_JS/SYS_DealButton.js [end]

[start] [DEBUG] [2026-07-04 12:20:36.343] [SYSTEMS] 
The session refresh token in session is : null [end]

[start] [DEBUG] [2026-07-04 12:20:36.367] [SYSTEMS] 
The request URI is : /BL6CEWeb/SYS_JS/SYS_Pagination.js [end]

[start] [DEBUG] [2026-07-04 12:20:36.368] [SYSTEMS] 
The URI is :/BL6CEWeb/SYS_JS/SYS_Pagination.js [end]

[start] [DEBUG] [2026-07-04 12:20:36.369] [SYSTEMS] 
The session refresh token in session is : null [end]

[start] [DEBUG] [2026-07-04 12:20:36.379] [SYSTEMS] 
The request URI is : /BL6CEWeb/SYS_JS/SYS_inbox.js [end]

[start] [DEBUG] [2026-07-04 12:20:36.380] [SYSTEMS] 
The URI is :/BL6CEWeb/SYS_JS/SYS_inbox.js [end]

[start] [DEBUG] [2026-07-04 12:20:36.381] [SYSTEMS] 
The session refresh token in session is : null [end]

[start] [DEBUG] [2026-07-04 12:20:36.413] [SYSTEMS] 
The request URI is : /BL6CEWeb/SYS_JS/SYS_Ajax.js [end]

[start] [DEBUG] [2026-07-04 12:20:36.414] [SYSTEMS] 
The URI is :/BL6CEWeb/SYS_JS/SYS_Ajax.js [end]

[start] [DEBUG] [2026-07-04 12:20:36.417] [SYSTEMS] 
The session refresh token in session is : null [end]

[start] [DEBUG] [2026-07-04 12:20:36.452] [SYSTEMS] 
The request URI is : /BL6CEWeb/SYS_JS/SYS_menu_event.js [end]

[start] [DEBUG] [2026-07-04 12:20:36.453] [SYSTEMS] 
The URI is :/BL6CEWeb/SYS_JS/SYS_menu_event.js [end]

[start] [DEBUG] [2026-07-04 12:20:36.454] [SYSTEMS] 
The session refresh token in session is : null [end]

[start] [DEBUG] [2026-07-04 12:20:36.492] [SYSTEMS] 
The request URI is : /BL6CEWeb/SYS_JS/SYS_AMTFormat.js [end]

[start] [DEBUG] [2026-07-04 12:20:36.498] [SYSTEMS] 
The URI is :/BL6CEWeb/SYS_JS/SYS_AMTFormat.js [end]

[start] [DEBUG] [2026-07-04 12:20:36.499] [SYSTEMS] 
The session refresh token in session is : null [end]

[start] [DEBUG] [2026-07-04 12:20:36.609] [SYSTEMS] 
The request URI is : /BL6CEWeb/SYS_JS/SYS_MD5Encrypt.js [end]

[start] [DEBUG] [2026-07-04 12:20:36.629] [SYSTEMS] 
The request URI is : /BL6CEWeb/SYS_JS/SYS_DataStructure.js [end]

[start] [DEBUG] [2026-07-04 12:20:36.629] [SYSTEMS] 
The URI is :/BL6CEWeb/SYS_JS/SYS_MD5Encrypt.js [end]

[start] [DEBUG] [2026-07-04 12:20:36.630] [SYSTEMS] 
The session refresh token in session is : null [end]

[start] [DEBUG] [2026-07-04 12:20:36.666] [SYSTEMS] 
The URI is :/BL6CEWeb/SYS_JS/SYS_DataStructure.js [end]

[start] [DEBUG] [2026-07-04 12:20:36.667] [SYSTEMS] 
The session refresh token in session is : null [end]

[start] [DEBUG] [2026-07-04 12:20:36.706] [SYSTEMS] 
The request URI is : /BL6CEWeb/SYS_JS/SYS_ErrHandle.js [end]

[start] [DEBUG] [2026-07-04 12:20:36.707] [SYSTEMS] 
The URI is :/BL6CEWeb/SYS_JS/SYS_ErrHandle.js [end]

[start] [DEBUG] [2026-07-04 12:20:36.708] [SYSTEMS] 
The session refresh token in session is : null [end]

[start] [DEBUG] [2026-07-04 12:20:36.755] [SYSTEMS] 
The request URI is : /BL6CEWeb/widgets/framework/scripts/CSWidget.js [end]

[start] [DEBUG] [2026-07-04 12:20:36.756] [SYSTEMS] 
The URI is :/BL6CEWeb/widgets/framework/scripts/CSWidget.js [end]

[start] [DEBUG] [2026-07-04 12:20:36.757] [SYSTEMS] 
The session refresh token in session is : null [end]

[start] [DEBUG] [2026-07-04 12:20:36.793] [SYSTEMS] 
The request URI is : /BL6CEWeb/SYS_JS/echarts/echarts.js [end]

[start] [DEBUG] [2026-07-04 12:20:36.794] [SYSTEMS] 
The URI is :/BL6CEWeb/SYS_JS/echarts/echarts.js [end]

[start] [DEBUG] [2026-07-04 12:20:36.795] [SYSTEMS] 
The session refresh token in session is : null [end]

[start] [DEBUG] [2026-07-04 12:20:36.801] [SYSTEMS] 
The request URI is : /BL6CEWeb/SYS_JS/i18n.js [end]

[start] [DEBUG] [2026-07-04 12:20:36.802] [SYSTEMS] 
The URI is :/BL6CEWeb/SYS_JS/i18n.js [end]

[start] [DEBUG] [2026-07-04 12:20:36.803] [SYSTEMS] 
The session refresh token in session is : null [end]

[start] [DEBUG] [2026-07-04 12:20:36.876] [SYSTEMS] 
The request URI is : /BL6CEWeb/JS/Calendar.js [end]

[start] [DEBUG] [2026-07-04 12:20:36.877] [SYSTEMS] 
The URI is :/BL6CEWeb/JS/Calendar.js [end]

[start] [DEBUG] [2026-07-04 12:20:36.878] [SYSTEMS] 
The session refresh token in session is : null [end]

[start] [DEBUG] [2026-07-04 12:20:37.001] [SYSTEMS] 
The request URI is : /BL6CEWeb/JS/Validation.js [end]

[start] [DEBUG] [2026-07-04 12:20:37.003] [SYSTEMS] 
The URI is :/BL6CEWeb/JS/Validation.js [end]

[start] [DEBUG] [2026-07-04 12:20:37.004] [SYSTEMS] 
The session refresh token in session is : null [end]

[start] [DEBUG] [2026-07-04 12:20:37.051] [SYSTEMS] 
The request URI is : /BL6CEWeb/JS/BaseFunc.js [end]

[start] [DEBUG] [2026-07-04 12:20:37.052] [SYSTEMS] 
The URI is :/BL6CEWeb/JS/BaseFunc.js [end]

[start] [DEBUG] [2026-07-04 12:20:37.053] [SYSTEMS] 
The session refresh token in session is : null [end]

[start] [DEBUG] [2026-07-04 12:20:37.093] [SYSTEMS] 
The request URI is : /BL6CEWeb/JS/MainMenu.js [end]

[start] [DEBUG] [2026-07-04 12:20:37.094] [SYSTEMS] 
The URI is :/BL6CEWeb/JS/MainMenu.js [end]

[start] [DEBUG] [2026-07-04 12:20:37.095] [SYSTEMS] 
The session refresh token in session is : null [end]

[start] [DEBUG] [2026-07-04 12:20:37.168] [SYSTEMS] 
The request URI is : /BL6CEWeb/JS/Buttons.js [end]

[start] [DEBUG] [2026-07-04 12:20:37.169] [SYSTEMS] 
The URI is :/BL6CEWeb/JS/Buttons.js [end]

[start] [DEBUG] [2026-07-04 12:20:37.170] [SYSTEMS] 
The session refresh token in session is : null [end]

[start] [DEBUG] [2026-07-04 12:20:37.357] [SYSTEMS] 
The request URI is : /BL6CEWeb/WebComponents/runtime.js [end]

[start] [DEBUG] [2026-07-04 12:20:37.358] [SYSTEMS] 
The URI is :/BL6CEWeb/WebComponents/runtime.js [end]

[start] [DEBUG] [2026-07-04 12:20:37.360] [SYSTEMS] 
The session refresh token in session is : null [end]

[start] [DEBUG] [2026-07-04 12:20:37.375] [SYSTEMS] 
The request URI is : /BL6CEWeb/JS/summary-builder.js [end]

[start] [DEBUG] [2026-07-04 12:20:37.376] [SYSTEMS] 
The URI is :/BL6CEWeb/JS/summary-builder.js [end]

[start] [DEBUG] [2026-07-04 12:20:37.377] [SYSTEMS] 
The session refresh token in session is : null [end]

[start] [DEBUG] [2026-07-04 12:20:37.380] [SYSTEMS] 
The request URI is : /BL6CEWeb/WebComponents/polyfills.js [end]

[start] [DEBUG] [2026-07-04 12:20:37.381] [SYSTEMS] 
The URI is :/BL6CEWeb/WebComponents/polyfills.js [end]

[start] [DEBUG] [2026-07-04 12:20:37.382] [SYSTEMS] 
The session refresh token in session is : null [end]

[start] [DEBUG] [2026-07-04 12:20:37.513] [SYSTEMS] 
The request URI is : /BL6CEWeb/WebComponents/scripts.js [end]

[start] [DEBUG] [2026-07-04 12:20:37.514] [SYSTEMS] 
The URI is :/BL6CEWeb/WebComponents/scripts.js [end]

[start] [DEBUG] [2026-07-04 12:20:37.515] [SYSTEMS] 
The session refresh token in session is : null [end]

[start] [DEBUG] [2026-07-04 12:20:37.550] [SYSTEMS] 
The request URI is : /BL6CEWeb/WebComponents/main.js [end]

[start] [DEBUG] [2026-07-04 12:20:37.551] [SYSTEMS] 
The URI is :/BL6CEWeb/WebComponents/main.js [end]

[start] [DEBUG] [2026-07-04 12:20:37.552] [SYSTEMS] 
The session refresh token in session is : null [end]

[start] [DEBUG] [2026-07-04 12:20:37.709] [SYSTEMS] 
The request URI is : /BL6CEWeb/WebComponents/custom-elements.js [end]

[start] [DEBUG] [2026-07-04 12:20:37.710] [SYSTEMS] 
The URI is :/BL6CEWeb/WebComponents/custom-elements.js [end]

[start] [DEBUG] [2026-07-04 12:20:37.712] [SYSTEMS] 
The session refresh token in session is : null [end]

[start] [DEBUG] [2026-07-04 12:20:37.761] [SYSTEMS] 
The request URI is : /BL6CEWeb/SYS_JS/SYS_IntrItem.js [end]

[start] [DEBUG] [2026-07-04 12:20:37.762] [SYSTEMS] 
The URI is :/BL6CEWeb/SYS_JS/SYS_IntrItem.js [end]

[start] [DEBUG] [2026-07-04 12:20:37.763] [SYSTEMS] 
The session refresh token in session is : null [end]

[start] [DEBUG] [2026-07-04 12:20:37.813] [SYSTEMS] 
The request URI is : /BL6CEWeb/SYS_JS/SYS_ErrHandle.js [end]

[start] [DEBUG] [2026-07-04 12:20:37.814] [SYSTEMS] 
The URI is :/BL6CEWeb/SYS_JS/SYS_ErrHandle.js [end]

[start] [DEBUG] [2026-07-04 12:20:38.381] [SYSTEMS] 
The session refresh token in session is : null [end]

[start] [DEBUG] [2026-07-04 12:20:40.457] [SYSTEMS] 
The request URI is : /BL6CEWeb/theme/Calendar.css [end]

[start] [DEBUG] [2026-07-04 12:20:40.458] [SYSTEMS] 
The URI is :/BL6CEWeb/theme/Calendar.css [end]

[start] [DEBUG] [2026-07-04 12:20:40.460] [SYSTEMS] 
The session refresh token in session is : null [end]

[start] [DEBUG] [2026-07-04 12:20:40.654] [SYSTEMS] 
The request URI is : /BL6CEWeb/screen/SYS_Dummy.htm [end]

[start] [DEBUG] [2026-07-04 12:20:40.655] [SYSTEMS] 
The URI is :/BL6CEWeb/screen/SYS_Dummy.htm [end]

[start] [DEBUG] [2026-07-04 12:20:40.657] [SYSTEMS] 
The session refresh token in session is : null [end]

[start] [DEBUG] [2026-07-04 12:20:40.737] [SYSTEMS] 
The request URI is : /BL6CEWeb/Images/CSlogo.gif [end]

[start] [DEBUG] [2026-07-04 12:20:40.739] [SYSTEMS] 
The URI is :/BL6CEWeb/Images/CSlogo.gif [end]

[start] [DEBUG] [2026-07-04 12:20:40.740] [SYSTEMS] 
The session refresh token in session is : null [end]

[start] [DEBUG] [2026-07-04 12:20:40.862] [SYSTEMS] 
The request URI is : /BL6CEWeb/fonts/IBM_Plex_Sans/IBMPlexSans-Regular.ttf [end]

[start] [DEBUG] [2026-07-04 12:20:40.863] [SYSTEMS] 
The URI is :/BL6CEWeb/fonts/IBM_Plex_Sans/IBMPlexSans-Regular.ttf [end]

[start] [DEBUG] [2026-07-04 12:20:40.883] [SYSTEMS] 
The session refresh token in session is : null [end]

[start] [DEBUG] [2026-07-04 12:20:40.943] [SYSTEMS] 
The request URI is : /BL6CEWeb/fonts/IBM_Plex_Sans/IBMPlexSans-Medium.ttf [end]

[start] [DEBUG] [2026-07-04 12:20:40.948] [SYSTEMS] 
The URI is :/BL6CEWeb/fonts/IBM_Plex_Sans/IBMPlexSans-Medium.ttf [end]

[start] [DEBUG] [2026-07-04 12:20:40.951] [SYSTEMS] 
The session refresh token in session is : null [end]

[start] [DEBUG] [2026-07-04 12:20:41.213] [SYSTEMS] 
The request URI is : /BL6CEWeb/widgets/pagebuilder [end]

[start] [DEBUG] [2026-07-04 12:20:41.214] [SYSTEMS] 
The URI is :/BL6CEWeb/widgets/pagebuilder [end]

[start] [DEBUG] [2026-07-04 12:20:41.216] [SYSTEMS] 
The session refresh token in session is : 1783153234965 [end]

[start] [DEBUG] [2026-07-04 12:20:41.217] [SYSTEMS] 
The parameter AjaxPost in request is : null [end]

[start] [DEBUG] [2026-07-04 12:20:41.219] [SYSTEMS] 
The servlet is must check refresh :false [end]

[start] [DEBUG] [2026-07-04 12:20:41.220] [SYSTEMS] 
The parameter _TRX_STATUS in request is : null [end]

[start] [DEBUG] [2026-07-04 12:20:41.221] [SYSTEMS] 
The request is special status : 1 [end]

[start] [DEBUG] [2026-07-04 12:20:41.223] [SYSTEMS] 
The request need to check refresh token : false [end]

[start] [DEBUG] [2026-07-04 12:20:41.225] [SYSTEMS] 
The request URI is : /BL6CEWeb/servlets/WSTrxManager [end]

[start] [DEBUG] [2026-07-04 12:20:41.226] [SYSTEMS] 
The URI is :/BL6CEWeb/servlets/WSTrxManager [end]

[start] [DEBUG] [2026-07-04 12:20:41.229] [SYSTEMS] 
The session refresh token in session is : 1783153234965 [end]

[start] [DEBUG] [2026-07-04 12:20:41.230] [SYSTEMS] 
The parameter AjaxPost in request is : T [end]

[start] [DEBUG] [2026-07-04 12:20:41.231] [SYSTEMS] 
The request need to check refresh token : false [end]

[start] [DEBUG] [2026-07-04 12:20:41.524] [SYSTEMS] 
The request URI is : /BL6CEWeb/theme/default/widgets/plugin/button.css [end]

[start] [DEBUG] [2026-07-04 12:20:41.525] [SYSTEMS] 
The URI is :/BL6CEWeb/theme/default/widgets/plugin/button.css [end]

[start] [DEBUG] [2026-07-04 12:20:41.526] [SYSTEMS] 
The session refresh token in session is : null [end]

[start] [DEBUG] [2026-07-04 12:20:43.429] [SYSTEMS] 
The request URI is : /BL6CEWeb/WebComponents/polyfills.js.map [end]

[start] [DEBUG] [2026-07-04 12:20:43.431] [SYSTEMS] 
The URI is :/BL6CEWeb/WebComponents/polyfills.js.map [end]

[start] [DEBUG] [2026-07-04 12:20:43.475] [SYSTEMS] 
The session refresh token in session is : null [end]

[start] [DEBUG] [2026-07-04 12:20:43.748] [SYSTEMS] 
====request content is: 
    Request Type: Temp
Component : DBHelper
Session Context is: 
null
Request Info Type : com.cs.core.dao.exec.SQLDao
Request Info Content is: 
[01]INSERT INTO CETRX.TRX_SYS_ACESS_LOG (C_BK_GROUP_ID,C_UNIT_CODE,C_OP_IP,C_USER_ID,D_SYS_LOG_DATE,T_SYS_LOG_TIME,C_LOG_TYPE,C_LOG_INFO) VALUES ('CSBANK','CSOFFICE','10.3.1.4','superofficer','2026-07-04','08:20:35','SGIN','User Logon OK')

 [end]

[start] [DEBUG] [2026-07-04 12:21:01.609] [SYSTEMS] 
The request URI is : /BL6CEWeb/Images/spacer.gif [end]

[start] [DEBUG] [2026-07-04 12:21:01.611] [SYSTEMS] 
The URI is :/BL6CEWeb/Images/spacer.gif [end]

[start] [DEBUG] [2026-07-04 12:21:01.612] [SYSTEMS] 
The session refresh token in session is : null [end]

[start] [DEBUG] [2026-07-04 12:21:01.623] [SYSTEMS] 
The request URI is : /BL6CEWeb/WebComponents/runtime.js.map [end]

[start] [DEBUG] [2026-07-04 12:21:01.624] [SYSTEMS] 
The URI is :/BL6CEWeb/WebComponents/runtime.js.map [end]

[start] [DEBUG] [2026-07-04 12:21:01.625] [SYSTEMS] 
The session refresh token in session is : null [end]

[start] [DEBUG] [2026-07-04 12:37:24.176] [SYSTEMS] 
====request content is: 
    Request Type: Temp
Component : DBHelper
Session Context is: 
null
Request Info Type : com.cs.core.dao.exec.SQLDao
Request Info Content is: 
[01]INSERT INTO CETRX.TRX_SYS_ACESS_LOG (C_BK_GROUP_ID,C_UNIT_CODE,C_OP_IP,C_USER_ID,D_SYS_LOG_DATE,T_SYS_LOG_TIME,C_LOG_TYPE,C_LOG_INFO) VALUES ('CSBANK','CSOFFICE','10.3.1.4','superofficer','2026-07-04','08:37:05','SGOF','User Logout OK!')

 [end]

[start] [DEBUG] [2026-07-04 20:31:05.673] [SYSTEMS] 
====request content is: 
    Request Type: Temp
Component : DBHelper
Session Context is: 
com.cs.core.utility.SessionContext@308ec107
Request Info Type : com.cs.core.dao.exec.SQLDao
Request Info Content is: 
[01]SELECT I_LOGON_RETRIES,C_BK_GROUP_ID,C_CNTY_CODE,C_PASSWORD,C_USER_ID,C_UNIT_CODE,C_INACTIVE,I_EXPIRY_TYPE,EXPIRY_DATE ,EFFECTIVE_DATE ,I_USER_TYPE,C_CHANGE_PSW,D_PSW_DATE,C_CHANGE_MAIL FROM CEUSER.SEC_USER_INFO WHERE C_USER_ID = 'superofficer' AND C_UNIT_CODE = 'CSOFFICE' 
[02]SELECT C_UNIT_CODE,C_USER_ID,T_LAST_LOGIN_TIME,T_CURR_LOGIN_TIME FROM CEUSER.SEC_LOGIN_SUCCEED_INFO WHERE C_USER_ID = 'superofficer' AND C_UNIT_CODE = 'CSOFFICE' 

 [end]

[start] [DEBUG] [2026-07-04 20:31:05.846] [SYSTEMS] 
====request content is: 
    Request Type: Temp
Component : DBHelper
Session Context is: 
com.cs.core.utility.SessionContext@308ec107
Request Info Type : com.cs.core.dao.exec.SQLDao
Request Info Content is: 
[01]SELECT I_USER_TYPE,D_PSW_DATE FROM CEUSER.SEC_USER_INFO WHERE C_USER_ID = 'superofficer' AND C_UNIT_CODE = 'CSOFFICE' 

 [end]

[start] [DEBUG] [2026-07-04 20:31:05.860] [SYSTEMS] 
====request content is: 
    Request Type: Temp
Component : DBHelper
Session Context is: 
com.cs.core.utility.SessionContext@308ec107
Request Info Type : com.cs.core.dao.exec.SQLDao
Request Info Content is: 
[01]SELECT I_LOGON_RETRIES FROM CEUSER.SEC_USER_INFO WHERE C_USER_ID = 'superofficer' AND C_UNIT_CODE = 'CSOFFICE' 

 [end]

[start] [DEBUG] [2026-07-04 20:31:05.906] [SYSTEMS] 
====request content is: 
    Request Type: Temp
Component : DBHelper
Session Context is: 
com.cs.core.utility.SessionContext@308ec107
Request Info Type : com.cs.core.dao.exec.SQLDao
Request Info Content is: 
[01]SELECT C_PASSWORD FROM CEUSER.SEC_USER_INFO WHERE C_USER_ID = 'superofficer' AND C_UNIT_CODE = 'CSOFFICE' 

 [end]

[start] [DEBUG] [2026-07-04 20:31:05.920] [SYSTEMS] 
====request content is: 
    Request Type: Temp
Component : DBHelper
Session Context is: 
com.cs.core.utility.SessionContext@308ec107
Request Info Type : com.cs.core.dao.exec.SQLDao
Request Info Content is: 
[01]SELECT C_SALT_VAL FROM CEUSER.SEC_SALT_INFO  WHERE  C_UNIT_CODE = 'CSOFFICE'  AND  C_USER_ID = 'superofficer' 

 [end]

[start] [DEBUG] [2026-07-04 20:31:05.950] [SYSTEMS] 
====request content is: 
    Request Type: Temp
Component : DBHelper
Session Context is: 
com.cs.core.utility.SessionContext@308ec107
Request Info Type : com.cs.core.dao.exec.SQLDao
Request Info Content is: 
[01]UPDATE CEUSER.SEC_USER_INFO SET I_LOGON_RETRIES = 0 WHERE C_USER_ID = 'superofficer' AND C_UNIT_CODE = 'CSOFFICE' 
[02]UPDATE CEUSER.SEC_USER_INFO_TEMP SET I_LOGON_RETRIES = 0 WHERE C_USER_ID = 'superofficer' AND C_UNIT_CODE = 'CSOFFICE' 
[03]UPDATE CEUSER.SEC_LOGIN_SUCCEED_INFO SET T_LAST_LOGIN_TIME = '2026-07-04 08:20:34.000',T_CURR_LOGIN_TIME = '2026-07-04 16:31:05.942' WHERE C_USER_ID = 'superofficer' AND C_UNIT_CODE = 'CSOFFICE' 

 [end]

[start] [DEBUG] [2026-07-04 20:31:05.990] [SYSTEMS] 
====request content is: 
    Request Type: Temp
Component : DBHelper
Session Context is: 
com.cs.core.utility.SessionContext@308ec107
Request Info Type : com.cs.core.dao.exec.SQLDao
Request Info Content is: 
[01]SELECT to_char(systimestamp, 'yyyy-mm-dd hh24:mi:ssxff') AS sysDT FROM dual

 [end]

[start] [DEBUG] [2026-07-04 20:31:06.081] [SYSTEMS] 
The currnt date find from DB is : 2026-07-04 20:31:06.078000 [end]

[start] [DEBUG] [2026-07-04 20:31:06.082] [SYSTEMS] 
====request content is: 
    Request Type: Temp
Component : Login
Session Context is: 
com.cs.core.utility.SessionContext@f2de57a
Request Info Type : com.cs.core.request.LoginRequest
Request Info Content is: 
com.cs.core.request.LoginRequest@e57e8aa3
 [end]

[start] [DEBUG] [2026-07-04 20:31:06.164] [SYSTEMS] 
======Recording license ctrl======= [end]

[start] [DEBUG] [2026-07-04 20:31:06.166] [SYSTEMS] 
NjE4MDRUUFZbFFFDV0VEFlhcCndlc3l+f1NJSFlGTxxcUUBTC1ZFWFpUQEBdREgVVFVCVBVRV0JY
V14OWF5MWVdTRVdEVVoRTV5dQl9NXFhCXkxRWBZTWV5fFkRWWUAWC1ZFWFpFV0RVWhFbRUdCXlVV
RhZEVllADF9NXFhCXkxRWBZES1VGWERUXEBZRVlcFFRQVlsUQ0JdQhQMX01cWEJeTFFYFlJNQ0BZ
XF1CFENCXUIOWERUXA== [end]

[start] [DEBUG] [2026-07-04 20:31:06.167] [SYSTEMS] 
====request content is: 
    Request Type: Temp
Component : DBHelper
Session Context is: 
com.cs.core.utility.SessionContext@f2de57a
Request Info Type : com.cs.core.dao.exec.SQLDao
Request Info Content is: 
[01]SELECT * FROM CEUSER.SEC_BUSINESS_UNIT WHERE C_UNIT_CODE = 'CSOFFICE' 

 [end]

[start] [DEBUG] [2026-07-04 20:31:21.072] [SYSTEMS] 
====request content is: 
    Request Type: Temp
Component : DBHelper
Session Context is: 
null
Request Info Type : com.cs.core.dao.exec.SQLDao
Request Info Content is: 
[01]INSERT INTO CETRX.TRX_SYS_ACESS_LOG (C_BK_GROUP_ID,C_UNIT_CODE,C_OP_IP,C_USER_ID,D_SYS_LOG_DATE,T_SYS_LOG_TIME,C_LOG_TYPE,C_LOG_INFO) VALUES ('CSBANK','CSOFFICE','10.3.1.43','superofficer','2026-07-04','16:31:06','SGIN','User Logon OK')
[02]INSERT INTO CETRX.TRX_SYS_ACESS_LOG (C_BK_GROUP_ID,C_UNIT_CODE,C_OP_IP,C_USER_ID,D_SYS_LOG_DATE,T_SYS_LOG_TIME,C_LOG_TYPE,C_LOG_INFO) VALUES ('CSBANK','CSOFFICE','10.3.1.43','superofficer','2026-07-04','16:31:09','SGOF','User Logout OK!')

 [end]
