
[start] [DEBUG] [2026-07-11 10:49:14.096] [SELLER_OP01] 

------------------------------------IE_WEB Time Log----------------------------------------------
WS RECV FR IE: 2026-07-11 10:49:14.044 - 1783752554044 - mVcJKBh-CF187DxlEsjZrhH - SESSION_LIFE_CYCLE
 [end]

[start] [DEBUG] [2026-07-11 10:49:14.099] [SELLER_OP01] 
WS SEND TO IE: 2026-07-11 10:49:14.095 - 1783752554095 - mVcJKBh-CF187DxlEsjZrhH - SESSION_LIFE_CYCLE
 [end]

[start] [DEBUG] [2026-07-11 10:49:26.561] [SELLER_OP01] 

------------------------------------IE_WEB Time Log----------------------------------------------
WS RECV FR IE: 2026-07-11 10:49:26.397 - 1783752566397 - mVcJKBh-CF187DxlEsjZrhH - LDGLIST
 [end]

[start] [DEBUG] [2026-07-11 10:49:26.562] [SELLER_OP01] 
WS SEND TO IE: 2026-07-11 10:49:26.561 - 1783752566561 - mVcJKBh-CF187DxlEsjZrhH - LDGLIST
 [end]

[start] [DEBUG] [2026-07-11 10:49:26.564] [SELLER_OP01] 

------------------------------------IE_WEB Time Log----------------------------------------------
WS RECV FR IE: 2026-07-11 10:49:26.353 - 1783752566353 - mVcJKBh-CF187DxlEsjZrhH - PARALLEL
 [end]

[start] [DEBUG] [2026-07-11 10:49:26.564] [SELLER_OP01] 
WS SEND TO IE: 2026-07-11 10:49:26.563 - 1783752566563 - mVcJKBh-CF187DxlEsjZrhH - PARALLEL
 [end]

[start] [DEBUG] [2026-07-11 10:49:31.457] [SELLER_OP01] 

------------------------------------IE_WEB Time Log----------------------------------------------
WS RECV FR IE: 2026-07-11 10:49:31.45 - 1783752571450 - mVcJKBh-CF187DxlEsjZrhH - null
 [end]

[start] [DEBUG] [2026-07-11 10:49:31.458] [SELLER_OP01] 
WS SEND TO IE: 2026-07-11 10:49:31.456 - 1783752571456 - mVcJKBh-CF187DxlEsjZrhH - null
 [end]

[start] [DEBUG] [2026-07-11 10:49:34.643] [SELLER_OP01] 

------------------------------------IE_WEB Time Log----------------------------------------------
WS RECV FR IE: 2026-07-11 10:49:34.597 - 1783752574597 - mVcJKBh-CF187DxlEsjZrhH - LOGOFF_UNLOCKED
 [end]

[start] [DEBUG] [2026-07-11 10:49:34.645] [SELLER_OP01] 
WS SEND TO IE: 2026-07-11 10:49:34.642 - 1783752574642 - mVcJKBh-CF187DxlEsjZrhH - LOGOFF_UNLOCKED
 [end]

[start] [DEBUG] [2026-07-11 10:49:45.359] [SELLER_OP7] 

------------------------------------IE_WEB Time Log----------------------------------------------
WS RECV FR IE: 2026-07-11 10:49:45.351 - 1783752585351 - 7qoS5rp6xkp4Sh7osXDN2GH - SESSION_LIFE_CYCLE
 [end]

[start] [DEBUG] [2026-07-11 10:49:45.360] [SELLER_OP7] 
WS SEND TO IE: 2026-07-11 10:49:45.358 - 1783752585358 - 7qoS5rp6xkp4Sh7osXDN2GH - SESSION_LIFE_CYCLE
 [end]

[start] [DEBUG] [2026-07-11 10:49:48.646] [SELLER_OP7] 

------------------------------------IE_WEB Time Log----------------------------------------------
WS RECV FR IE: 2026-07-11 10:49:48.435 - 1783752588435 - 7qoS5rp6xkp4Sh7osXDN2GH - LDGLIST
 [end]

[start] [DEBUG] [2026-07-11 10:49:48.647] [SELLER_OP7] 
WS SEND TO IE: 2026-07-11 10:49:48.645 - 1783752588645 - 7qoS5rp6xkp4Sh7osXDN2GH - LDGLIST
 [end]

[start] [DEBUG] [2026-07-11 10:49:48.647] [SELLER_OP7] 

------------------------------------IE_WEB Time Log----------------------------------------------
WS RECV FR IE: 2026-07-11 10:49:48.41 - 1783752588410 - 7qoS5rp6xkp4Sh7osXDN2GH - PARALLEL
 [end]

[start] [DEBUG] [2026-07-11 10:49:48.648] [SELLER_OP7] 
WS SEND TO IE: 2026-07-11 10:49:48.647 - 1783752588647 - 7qoS5rp6xkp4Sh7osXDN2GH - PARALLEL
 [end]

[start] [DEBUG] [2026-07-11 10:49:55.198] [SELLER_OP7] 

------------------------------------IE_WEB Time Log----------------------------------------------
WS RECV FR IE: 2026-07-11 10:49:55.19 - 1783752595190 - 7qoS5rp6xkp4Sh7osXDN2GH - null
 [end]

[start] [DEBUG] [2026-07-11 10:49:55.199] [SELLER_OP7] 
WS SEND TO IE: 2026-07-11 10:49:55.196 - 1783752595196 - 7qoS5rp6xkp4Sh7osXDN2GH - null
 [end]

[start] [DEBUG] [2026-07-11 11:54:41.376] [CSOFFICE_superofficer] 

------------------------------------IE_WEB Time Log----------------------------------------------
WS RECV FR IE: 2026-07-11 11:54:41.357 - 1783756481357 - SBmJoGH_uQFm2uqqUVHS1fM - SESSION_LIFE_CYCLE
 [end]

[start] [DEBUG] [2026-07-11 11:54:41.377] [CSOFFICE_superofficer] 
WS SEND TO IE: 2026-07-11 11:54:41.375 - 1783756481375 - SBmJoGH_uQFm2uqqUVHS1fM - SESSION_LIFE_CYCLE
 [end]

[start] [DEBUG] [2026-07-11 12:01:29.232] [CSOFFICE_superofficer] 

------------------------------------IE_WEB Time Log----------------------------------------------
WS RECV FR IE: 2026-07-11 12:01:29.15 - 1783756889150 - SBmJoGH_uQFm2uqqUVHS1fM - LOGOFF_UNLOCKED
 [end]

[start] [DEBUG] [2026-07-11 12:01:29.233] [CSOFFICE_superofficer] 
WS SEND TO IE: 2026-07-11 12:01:29.231 - 1783756889231 - SBmJoGH_uQFm2uqqUVHS1fM - LOGOFF_UNLOCKED
 [end]

[start] [DEBUG] [2026-07-11 12:09:03.635] [CSOFFICE_superofficer] 

------------------------------------IE_WEB Time Log----------------------------------------------
WS RECV FR IE: 2026-07-11 12:09:03.625 - 1783757343625 - psc-Clm6YIyMVONYwxdJLUV - SESSION_LIFE_CYCLE
 [end]

[start] [DEBUG] [2026-07-11 12:09:03.636] [CSOFFICE_superofficer] 
WS SEND TO IE: 2026-07-11 12:09:03.634 - 1783757343634 - psc-Clm6YIyMVONYwxdJLUV - SESSION_LIFE_CYCLE
 [end]

[start] [DEBUG] [2026-07-11 12:09:05.067] [CSOFFICE_superofficer] 

------------------------------------IE_WEB Time Log----------------------------------------------
WS RECV FR IE: 2026-07-11 12:09:05.054 - 1783757345054 - psc-Clm6YIyMVONYwxdJLUV - SESSION_LIFE_CYCLE
 [end]

[start] [DEBUG] [2026-07-11 12:09:05.068] [CSOFFICE_superofficer] 
WS SEND TO IE: 2026-07-11 12:09:05.066 - 1783757345066 - psc-Clm6YIyMVONYwxdJLUV - SESSION_LIFE_CYCLE
 [end]

[start] [DEBUG] [2026-07-11 12:09:18.159] [CSOFFICE_superofficer] 

------------------------------------IE_WEB Time Log----------------------------------------------
WS RECV FR IE: 2026-07-11 12:09:18.135 - 1783757358135 - psc-Clm6YIyMVONYwxdJLUV - LOGOFF_UNLOCKED
 [end]

[start] [DEBUG] [2026-07-11 12:09:18.161] [CSOFFICE_superofficer] 
WS SEND TO IE: 2026-07-11 12:09:18.158 - 1783757358158 - psc-Clm6YIyMVONYwxdJLUV - LOGOFF_UNLOCKED
 [end]

[start] [DEBUG] [2026-07-11 12:09:22.953] [CSOFFICE_superofficer] 

------------------------------------IE_WEB Time Log----------------------------------------------
WS RECV FR IE: 2026-07-11 12:09:22.945 - 1783757362945 - RJ_o0nK1efBRLL4P9fYJYyV - SESSION_LIFE_CYCLE
 [end]

[start] [DEBUG] [2026-07-11 12:09:22.954] [CSOFFICE_superofficer] 
WS SEND TO IE: 2026-07-11 12:09:22.952 - 1783757362952 - RJ_o0nK1efBRLL4P9fYJYyV - SESSION_LIFE_CYCLE
 [end]

[start] [DEBUG] [2026-07-11 12:09:24.796] [CSOFFICE_superofficer] 

------------------------------------IE_WEB Time Log----------------------------------------------
WS RECV FR IE: 2026-07-11 12:09:24.788 - 1783757364788 - RJ_o0nK1efBRLL4P9fYJYyV - SESSION_LIFE_CYCLE
 [end]

[start] [DEBUG] [2026-07-11 12:09:24.797] [CSOFFICE_superofficer] 
WS SEND TO IE: 2026-07-11 12:09:24.795 - 1783757364795 - RJ_o0nK1efBRLL4P9fYJYyV - SESSION_LIFE_CYCLE
 [end]

[start] [DEBUG] [2026-07-11 12:09:36.160] [CSOFFICE_superofficer] 

------------------------------------IE_WEB Time Log----------------------------------------------
WS RECV FR IE: 2026-07-11 12:09:36.149 - 1783757376149 - RJ_o0nK1efBRLL4P9fYJYyV - SESSION_LIFE_CYCLE
 [end]

[start] [DEBUG] [2026-07-11 12:09:36.161] [CSOFFICE_superofficer] 
WS SEND TO IE: 2026-07-11 12:09:36.159 - 1783757376159 - RJ_o0nK1efBRLL4P9fYJYyV - SESSION_LIFE_CYCLE
 [end]

[start] [DEBUG] [2026-07-11 12:09:41.668] [CSOFFICE_superofficer] 

------------------------------------IE_WEB Time Log----------------------------------------------
WS RECV FR IE: 2026-07-11 12:09:41.44 - 1783757381440 - RJ_o0nK1efBRLL4P9fYJYyV - SECUTRXL
 [end]

[start] [DEBUG] [2026-07-11 12:09:41.669] [CSOFFICE_superofficer] 
WS SEND TO IE: 2026-07-11 12:09:41.667 - 1783757381667 - RJ_o0nK1efBRLL4P9fYJYyV - SECUTRXL
 [end]

[start] [DEBUG] [2026-07-11 12:09:41.670] [CSOFFICE_superofficer] 

------------------------------------IE_WEB Time Log----------------------------------------------
WS RECV FR IE: 2026-07-11 12:09:41.406 - 1783757381406 - RJ_o0nK1efBRLL4P9fYJYyV - PARALLEL
 [end]

[start] [DEBUG] [2026-07-11 12:09:41.670] [CSOFFICE_superofficer] 
WS SEND TO IE: 2026-07-11 12:09:41.669 - 1783757381669 - RJ_o0nK1efBRLL4P9fYJYyV - PARALLEL
 [end]

[start] [DEBUG] [2026-07-11 12:09:42.638] [CSOFFICE_superofficer] 

------------------------------------IE_WEB Time Log----------------------------------------------
WS RECV FR IE: 2026-07-11 12:09:42.624 - 1783757382624 - RJ_o0nK1efBRLL4P9fYJYyV - SESSION_LIFE_CYCLE
 [end]

[start] [DEBUG] [2026-07-11 12:09:42.640] [CSOFFICE_superofficer] 
WS SEND TO IE: 2026-07-11 12:09:42.637 - 1783757382637 - RJ_o0nK1efBRLL4P9fYJYyV - SESSION_LIFE_CYCLE
 [end]

[start] [DEBUG] [2026-07-11 12:09:50.661] [CSOFFICE_superofficer] 

------------------------------------IE_WEB Time Log----------------------------------------------
WS RECV FR IE: 2026-07-11 12:09:50.439 - 1783757390439 - RJ_o0nK1efBRLL4P9fYJYyV - SECUTRXL
 [end]

[start] [DEBUG] [2026-07-11 12:09:50.662] [CSOFFICE_superofficer] 
WS SEND TO IE: 2026-07-11 12:09:50.661 - 1783757390661 - RJ_o0nK1efBRLL4P9fYJYyV - SECUTRXL
 [end]

[start] [DEBUG] [2026-07-11 12:09:50.663] [CSOFFICE_superofficer] 

------------------------------------IE_WEB Time Log----------------------------------------------
WS RECV FR IE: 2026-07-11 12:09:50.406 - 1783757390406 - RJ_o0nK1efBRLL4P9fYJYyV - PARALLEL
 [end]

[start] [DEBUG] [2026-07-11 12:09:50.663] [CSOFFICE_superofficer] 
WS SEND TO IE: 2026-07-11 12:09:50.662 - 1783757390662 - RJ_o0nK1efBRLL4P9fYJYyV - PARALLEL
 [end]

[start] [DEBUG] [2026-07-11 12:09:51.637] [CSOFFICE_superofficer] 

------------------------------------IE_WEB Time Log----------------------------------------------
WS RECV FR IE: 2026-07-11 12:09:51.624 - 1783757391624 - RJ_o0nK1efBRLL4P9fYJYyV - SESSION_LIFE_CYCLE
 [end]

[start] [DEBUG] [2026-07-11 12:09:51.638] [CSOFFICE_superofficer] 
WS SEND TO IE: 2026-07-11 12:09:51.635 - 1783757391635 - RJ_o0nK1efBRLL4P9fYJYyV - SESSION_LIFE_CYCLE
 [end]

[start] [DEBUG] [2026-07-11 12:09:51.811] [CSOFFICE_superofficer] 

------------------------------------IE_WEB Time Log----------------------------------------------
WS RECV FR IE: 2026-07-11 12:09:51.737 - 1783757391737 - RJ_o0nK1efBRLL4P9fYJYyV - INQTRX_UNITCODE
 [end]

[start] [DEBUG] [2026-07-11 12:09:51.812] [CSOFFICE_superofficer] 
WS SEND TO IE: 2026-07-11 12:09:51.81 - 1783757391810 - RJ_o0nK1efBRLL4P9fYJYyV - INQTRX_UNITCODE
 [end]

[start] [DEBUG] [2026-07-11 12:09:56.684] [CSOFFICE_superofficer] 

------------------------------------IE_WEB Time Log----------------------------------------------
WS RECV FR IE: 2026-07-11 12:09:56.443 - 1783757396443 - RJ_o0nK1efBRLL4P9fYJYyV - SECUTRXL
 [end]

[start] [DEBUG] [2026-07-11 12:09:56.685] [CSOFFICE_superofficer] 
WS SEND TO IE: 2026-07-11 12:09:56.683 - 1783757396683 - RJ_o0nK1efBRLL4P9fYJYyV - SECUTRXL
 [end]

[start] [DEBUG] [2026-07-11 12:09:56.686] [CSOFFICE_superofficer] 

------------------------------------IE_WEB Time Log----------------------------------------------
WS RECV FR IE: 2026-07-11 12:09:56.417 - 1783757396417 - RJ_o0nK1efBRLL4P9fYJYyV - PARALLEL
 [end]

[start] [DEBUG] [2026-07-11 12:09:56.687] [CSOFFICE_superofficer] 
WS SEND TO IE: 2026-07-11 12:09:56.685 - 1783757396685 - RJ_o0nK1efBRLL4P9fYJYyV - PARALLEL
 [end]

[start] [DEBUG] [2026-07-11 12:09:58.129] [CSOFFICE_superofficer] 

------------------------------------IE_WEB Time Log----------------------------------------------
WS RECV FR IE: 2026-07-11 12:09:58.117 - 1783757398117 - RJ_o0nK1efBRLL4P9fYJYyV - SESSION_LIFE_CYCLE
 [end]

[start] [DEBUG] [2026-07-11 12:09:58.130] [CSOFFICE_superofficer] 
WS SEND TO IE: 2026-07-11 12:09:58.128 - 1783757398128 - RJ_o0nK1efBRLL4P9fYJYyV - SESSION_LIFE_CYCLE
 [end]

[start] [DEBUG] [2026-07-11 12:09:58.272] [CSOFFICE_superofficer] 

------------------------------------IE_WEB Time Log----------------------------------------------
WS RECV FR IE: 2026-07-11 12:09:58.26 - 1783757398260 - RJ_o0nK1efBRLL4P9fYJYyV - INQTRX_UNITCODE
 [end]

[start] [DEBUG] [2026-07-11 12:09:58.273] [CSOFFICE_superofficer] 
WS SEND TO IE: 2026-07-11 12:09:58.271 - 1783757398271 - RJ_o0nK1efBRLL4P9fYJYyV - INQTRX_UNITCODE
 [end]

[start] [DEBUG] [2026-07-11 12:10:08.029] [CSOFFICE_superofficer] 

------------------------------------IE_WEB Time Log----------------------------------------------
WS RECV FR IE: 2026-07-11 12:10:07.886 - 1783757407886 - RJ_o0nK1efBRLL4P9fYJYyV - SECUTRXL
 [end]

[start] [DEBUG] [2026-07-11 12:10:08.030] [CSOFFICE_superofficer] 
WS SEND TO IE: 2026-07-11 12:10:08.027 - 1783757408027 - RJ_o0nK1efBRLL4P9fYJYyV - SECUTRXL
 [end]

[start] [DEBUG] [2026-07-11 12:10:08.031] [CSOFFICE_superofficer] 

------------------------------------IE_WEB Time Log----------------------------------------------
WS RECV FR IE: 2026-07-11 12:10:07.857 - 1783757407857 - RJ_o0nK1efBRLL4P9fYJYyV - PARALLEL
 [end]

[start] [DEBUG] [2026-07-11 12:10:08.032] [CSOFFICE_superofficer] 
WS SEND TO IE: 2026-07-11 12:10:08.03 - 1783757408030 - RJ_o0nK1efBRLL4P9fYJYyV - PARALLEL
 [end]

[start] [DEBUG] [2026-07-11 12:10:08.033] [CSOFFICE_superofficer] 

------------------------------------IE_WEB Time Log----------------------------------------------
WS RECV FR IE: 2026-07-11 12:10:07.806 - 1783757407806 - RJ_o0nK1efBRLL4P9fYJYyV - BACK_TO_PREVIOUS
 [end]

[start] [DEBUG] [2026-07-11 12:10:08.034] [CSOFFICE_superofficer] 
WS SEND TO IE: 2026-07-11 12:10:08.032 - 1783757408032 - RJ_o0nK1efBRLL4P9fYJYyV - BACK_TO_PREVIOUS
 [end]

[start] [DEBUG] [2026-07-11 12:10:08.795] [CSOFFICE_superofficer] 

------------------------------------IE_WEB Time Log----------------------------------------------
WS RECV FR IE: 2026-07-11 12:10:08.784 - 1783757408784 - RJ_o0nK1efBRLL4P9fYJYyV - SESSION_LIFE_CYCLE
 [end]

[start] [DEBUG] [2026-07-11 12:10:08.797] [CSOFFICE_superofficer] 
WS SEND TO IE: 2026-07-11 12:10:08.794 - 1783757408794 - RJ_o0nK1efBRLL4P9fYJYyV - SESSION_LIFE_CYCLE
 [end]

[start] [DEBUG] [2026-07-11 12:10:56.087] [C006902_C006902CPM1] 

------------------------------------IE_WEB Time Log----------------------------------------------
WS RECV FR IE: 2026-07-11 12:10:56.076 - 1783757456076 - RadFXOHnQwNeEvUIOPk7S5_ - SESSION_LIFE_CYCLE
 [end]

[start] [DEBUG] [2026-07-11 12:10:56.088] [C006902_C006902CPM1] 
WS SEND TO IE: 2026-07-11 12:10:56.086 - 1783757456086 - RadFXOHnQwNeEvUIOPk7S5_ - SESSION_LIFE_CYCLE
 [end]

[start] [DEBUG] [2026-07-11 12:13:09.666] [C006902_C006902CPM1] 

------------------------------------IE_WEB Time Log----------------------------------------------
WS RECV FR IE: 2026-07-11 12:13:09.64 - 1783757589640 - RadFXOHnQwNeEvUIOPk7S5_ - LOGOFF_UNLOCKED
 [end]

[start] [DEBUG] [2026-07-11 12:13:09.667] [C006902_C006902CPM1] 
WS SEND TO IE: 2026-07-11 12:13:09.665 - 1783757589665 - RadFXOHnQwNeEvUIOPk7S5_ - LOGOFF_UNLOCKED
 [end]

[start] [DEBUG] [2026-07-11 12:13:12.121] [CSOFFICE_superofficer] 

------------------------------------IE_WEB Time Log----------------------------------------------
WS RECV FR IE: 2026-07-11 12:13:12.113 - 1783757592113 - 2KcUBfo3h9ZpJelQ7Eav_tA - SESSION_LIFE_CYCLE
 [end]

[start] [DEBUG] [2026-07-11 12:13:12.122] [CSOFFICE_superofficer] 
WS SEND TO IE: 2026-07-11 12:13:12.121 - 1783757592121 - 2KcUBfo3h9ZpJelQ7Eav_tA - SESSION_LIFE_CYCLE
 [end]

[start] [DEBUG] [2026-07-11 12:13:15.590] [CSOFFICE_superofficer] 

------------------------------------IE_WEB Time Log----------------------------------------------
WS RECV FR IE: 2026-07-11 12:13:15.579 - 1783757595579 - 2KcUBfo3h9ZpJelQ7Eav_tA - SESSION_LIFE_CYCLE
 [end]

[start] [DEBUG] [2026-07-11 12:13:15.591] [CSOFFICE_superofficer] 
WS SEND TO IE: 2026-07-11 12:13:15.589 - 1783757595589 - 2KcUBfo3h9ZpJelQ7Eav_tA - SESSION_LIFE_CYCLE
 [end]

[start] [DEBUG] [2026-07-11 12:13:23.716] [CSOFFICE_superofficer] 

------------------------------------IE_WEB Time Log----------------------------------------------
WS RECV FR IE: 2026-07-11 12:13:23.542 - 1783757603542 - 2KcUBfo3h9ZpJelQ7Eav_tA - SECUTRXL
 [end]

[start] [DEBUG] [2026-07-11 12:13:23.717] [CSOFFICE_superofficer] 
WS SEND TO IE: 2026-07-11 12:13:23.715 - 1783757603715 - 2KcUBfo3h9ZpJelQ7Eav_tA - SECUTRXL
 [end]

[start] [DEBUG] [2026-07-11 12:13:23.717] [CSOFFICE_superofficer] 

------------------------------------IE_WEB Time Log----------------------------------------------
WS RECV FR IE: 2026-07-11 12:13:23.514 - 1783757603514 - 2KcUBfo3h9ZpJelQ7Eav_tA - PARALLEL
 [end]

[start] [DEBUG] [2026-07-11 12:13:23.718] [CSOFFICE_superofficer] 
WS SEND TO IE: 2026-07-11 12:13:23.717 - 1783757603717 - 2KcUBfo3h9ZpJelQ7Eav_tA - PARALLEL
 [end]

[start] [DEBUG] [2026-07-11 12:13:24.844] [CSOFFICE_superofficer] 

------------------------------------IE_WEB Time Log----------------------------------------------
WS RECV FR IE: 2026-07-11 12:13:24.83 - 1783757604830 - 2KcUBfo3h9ZpJelQ7Eav_tA - SESSION_LIFE_CYCLE
 [end]

[start] [DEBUG] [2026-07-11 12:13:24.846] [CSOFFICE_superofficer] 
WS SEND TO IE: 2026-07-11 12:13:24.843 - 1783757604843 - 2KcUBfo3h9ZpJelQ7Eav_tA - SESSION_LIFE_CYCLE
 [end]

[start] [DEBUG] [2026-07-11 12:13:25.194] [CSOFFICE_superofficer] 

------------------------------------IE_WEB Time Log----------------------------------------------
WS RECV FR IE: 2026-07-11 12:13:25.178 - 1783757605178 - 2KcUBfo3h9ZpJelQ7Eav_tA - INQTRX_UNITCODE
 [end]

[start] [DEBUG] [2026-07-11 12:13:25.197] [CSOFFICE_superofficer] 
WS SEND TO IE: 2026-07-11 12:13:25.192 - 1783757605192 - 2KcUBfo3h9ZpJelQ7Eav_tA - INQTRX_UNITCODE
 [end]

[start] [DEBUG] [2026-07-11 12:14:26.123] [CSOFFICE_superofficer] 

------------------------------------IE_WEB Time Log----------------------------------------------
WS RECV FR IE: 2026-07-11 12:14:26.113 - 1783757666113 - 2KcUBfo3h9ZpJelQ7Eav_tA - SESSION_LIFE_CYCLE
 [end]

[start] [DEBUG] [2026-07-11 12:14:26.124] [CSOFFICE_superofficer] 
WS SEND TO IE: 2026-07-11 12:14:26.122 - 1783757666122 - 2KcUBfo3h9ZpJelQ7Eav_tA - SESSION_LIFE_CYCLE
 [end]

[start] [DEBUG] [2026-07-11 12:14:28.039] [CSOFFICE_superofficer] 

------------------------------------IE_WEB Time Log----------------------------------------------
WS RECV FR IE: 2026-07-11 12:14:27.972 - 1783757667972 - 2KcUBfo3h9ZpJelQ7Eav_tA - FUNCLOADER
 [end]

[start] [DEBUG] [2026-07-11 12:14:28.040] [CSOFFICE_superofficer] 
WS SEND TO IE: 2026-07-11 12:14:28.038 - 1783757668038 - 2KcUBfo3h9ZpJelQ7Eav_tA - FUNCLOADER
 [end]

[start] [DEBUG] [2026-07-11 12:14:28.041] [CSOFFICE_superofficer] 

------------------------------------IE_WEB Time Log----------------------------------------------
WS RECV FR IE: 2026-07-11 12:14:27.946 - 1783757667946 - 2KcUBfo3h9ZpJelQ7Eav_tA - PARALLEL
 [end]

[start] [DEBUG] [2026-07-11 12:14:28.041] [CSOFFICE_superofficer] 
WS SEND TO IE: 2026-07-11 12:14:28.04 - 1783757668040 - 2KcUBfo3h9ZpJelQ7Eav_tA - PARALLEL
 [end]

[start] [DEBUG] [2026-07-11 12:14:28.969] [CSOFFICE_superofficer] 

------------------------------------IE_WEB Time Log----------------------------------------------
WS RECV FR IE: 2026-07-11 12:14:28.958 - 1783757668958 - 2KcUBfo3h9ZpJelQ7Eav_tA - SESSION_LIFE_CYCLE
 [end]

[start] [DEBUG] [2026-07-11 12:14:28.970] [CSOFFICE_superofficer] 
WS SEND TO IE: 2026-07-11 12:14:28.968 - 1783757668968 - 2KcUBfo3h9ZpJelQ7Eav_tA - SESSION_LIFE_CYCLE
 [end]

[start] [DEBUG] [2026-07-11 13:19:18.473] [SELLER_OP7] 

------------------------------------IE_WEB Time Log----------------------------------------------
WS RECV FR IE: 2026-07-11 13:19:18.463 - 1783761558463 - shscGwaYoJqNqAO0DqHg7ps - SESSION_LIFE_CYCLE
 [end]

[start] [DEBUG] [2026-07-11 13:19:18.474] [SELLER_OP7] 
WS SEND TO IE: 2026-07-11 13:19:18.472 - 1783761558472 - shscGwaYoJqNqAO0DqHg7ps - SESSION_LIFE_CYCLE
 [end]

[start] [DEBUG] [2026-07-11 13:20:24.035] [SELLER_OP7] 

------------------------------------IE_WEB Time Log----------------------------------------------
WS RECV FR IE: 2026-07-11 13:20:24.034 - 1783761624034 - shscGwaYoJqNqAO0DqHg7ps - null
 [end]

[start] [DEBUG] [2026-07-11 13:20:24.035] [SELLER_OP7] 
WS SEND TO IE: 2026-07-11 13:20:24.034 - 1783761624034 - shscGwaYoJqNqAO0DqHg7ps - null
 [end]

[start] [DEBUG] [2026-07-11 13:20:32.960] [SELLER_OP7] 

----------------------------------CON_WEB_AP Time Log----------------------------------------------
WS OPENCONN TO AP: 2026-07-11 13:20:32.959 - 1783761632959 - null - null
 [end]

[start] [DEBUG] [2026-07-11 13:20:32.960] [SELLER_OP7] 
WS ENDOPENC TO AP: 2026-07-11 13:20:32.959 - 1783761632959 - null - null
 [end]

[start] [DEBUG] [2026-07-11 13:20:32.967] [SELLER_OP7] 

------------------------------------CON_WEB_AP Time Log----------------------------------------------
WS SENDDATA TO AP: 2026-07-11 13:20:32.964 - 1783761632964 - null - null
 [end]

[start] [DEBUG] [2026-07-11 13:20:32.968] [SELLER_OP7] 
WS ENDSNDDT TO AP: 2026-07-11 13:20:32.966 - 1783761632966 - null - null
 [end]

[start] [DEBUG] [2026-07-11 13:20:34.290] [SELLER_OP7] 

------------------------------------IE_WEB Time Log----------------------------------------------
WS RECV FR IE: 2026-07-11 13:20:32.822 - 1783761632822 - shscGwaYoJqNqAO0DqHg7ps - CE_REPORT_VIEW_DTAL
 [end]

[start] [DEBUG] [2026-07-11 13:20:34.291] [SELLER_OP7] 
WS SEND TO IE: 2026-07-11 13:20:34.29 - 1783761634290 - shscGwaYoJqNqAO0DqHg7ps - CE_REPORT_VIEW_DTAL
 [end]
