
[start] [INFO] [2026-07-07 10:28:21.028] [C011026_C011026CPM1] 
---------------------Begin 2026-07-07 10:28:21 023    CREATE_BU:C011026    CREATE_BY:C011026CPM1 ---------------------
[01]  DELETE FROM CEUSER.SEC_LOGIN_SESSION WHERE C_USER_ID = 'C011026CPM1' AND C_UNIT_CODE = 'C011026' AND C_BK_GROUP_ID = 'CSBANK' AND C_SESSION_ID = 'y6pGcF6ve-mqENGo66itkN7' 
[02]  UPDATE CEUSER.SEC_LOGIN_SESSION SET C_IS_INFORM = 'T' WHERE C_USER_ID = 'C011026CPM1' AND C_UNIT_CODE = 'C011026' AND C_BK_GROUP_ID = 'CSBANK' 
[03]  INSERT INTO CEUSER.SEC_LOGIN_SESSION (C_BK_GROUP_ID,C_UNIT_CODE,C_USER_ID,C_SESSION_ID,C_IS_INFORM) VALUES ('CSBANK','C011026','C011026CPM1','y6pGcF6ve-mqENGo66itkN7','F')
---------------------- End 2026-07-07 10:28:21 027 ------------------------
 [end]

[start] [INFO] [2026-07-07 10:28:21.042] [C011026_C011026CPM1] 
---------------------Begin 2026-07-07 10:28:21 037    CREATE_BU:C011026    CREATE_BY:C011026CPM1 ---------------------
[01]  INSERT INTO CETRX.TRX_ACT_LOG (C_LOG_ID,C_BK_GROUP_ID,C_CNTY_CODE,C_GRP_CODE,C_UNIT_CODE,C_USER_ID,C_IP_ADDRESS,C_FUNC_ID,D_CREA_DATE,T_CREA_TIME,D_SYS_OP_DATE,T_SYS_OP_TIME,D_SYS_TRT_DATE,T_SYS_TRT_TIME,C_BUSI_KEY) VALUES ('8A8284979F3AE4D3019F3B4367AB02CB','CSBANK','US','C011026','C011026','C011026CPM1','10.3.197.109','Login',TO_DATE('2026-07-07','YYYY-MM-DD'),TO_DATE('06:28:21','HH24:MI:SS'),TO_DATE('2026-07-07','YYYY-MM-DD'),TO_DATE('06:28:21','HH24:MI:SS'),TO_DATE('2026-07-07','YYYY-MM-DD'),TO_DATE('06:28:21','HH24:MI:SS'),'C011026;C011026CPM1')
---------------------- End 2026-07-07 10:28:21 040 ------------------------
 [end]

[start] [INFO] [2026-07-07 10:28:21.470] [C011026_C011026CPM1] 
---------------------Begin 2026-07-07 10:28:21 468    CREATE_BU:C011026    CREATE_BY:C011026CPM1 ---------------------
[01]  SELECT C_INACTIVE FROM CEUSER.SEC_USER_INFO WHERE C_USER_ID = 'C011026CPM1' AND C_UNIT_CODE = 'C011026' 
---------------------- End 2026-07-07 10:28:21 469 ------------------------
 [end]

[start] [INFO] [2026-07-07 10:28:21.473] [C011026_C011026CPM1] 
---------------------Begin 2026-07-07 10:28:21 472    CREATE_BU:C011026    CREATE_BY:C011026CPM1 ---------------------
[01]  SELECT C_IS_INFORM FROM CEUSER.SEC_LOGIN_SESSION WHERE C_SESSION_ID = 'y6pGcF6ve-mqENGo66itkN7' 
---------------------- End 2026-07-07 10:28:21 472 ------------------------
 [end]

[start] [INFO] [2026-07-07 10:28:22.202] [C011026_C011026CPM1] 
---------------------Begin 2026-07-07 10:28:22 199    CREATE_BU:C011026    CREATE_BY:C011026CPM1 ---------------------
[01]  SELECT C_INACTIVE FROM CEUSER.SEC_USER_INFO WHERE C_USER_ID = 'C011026CPM1' AND C_UNIT_CODE = 'C011026' 
---------------------- End 2026-07-07 10:28:22 201 ------------------------
 [end]

[start] [INFO] [2026-07-07 10:28:22.600] [C011026_C011026CPM1] 
---------------------Begin 2026-07-07 10:28:22 597    CREATE_BU:C011026    CREATE_BY:C011026CPM1 ---------------------
[01]  SELECT C_INACTIVE FROM CEUSER.SEC_USER_INFO WHERE C_USER_ID = 'C011026CPM1' AND C_UNIT_CODE = 'C011026' 
---------------------- End 2026-07-07 10:28:22 598 ------------------------
 [end]

[start] [INFO] [2026-07-07 10:28:22.621] [C011026_C011026CPM1] 
---------------------Begin 2026-07-07 10:28:22 616    CREATE_BU:C011026    CREATE_BY:C011026CPM1 ---------------------
[01]  SELECT COUNT(*) AS RECCOUNT FROM CETRX.STD_NOTIFICATION  WHERE C_NOTI_ID IN ( SELECT C_NOTI_ID FROM CETRX.STD_NOTIFICATION_STATUS  WHERE  C_READ_STATUS = 'F'  AND  C_USER_ID = 'C011026CPM1'  AND  C_UNIT_CODE = 'C011026'  )
---------------------- End 2026-07-07 10:28:22 618 ------------------------
 [end]

[start] [INFO] [2026-07-07 10:28:22.630] [C011026_C011026CPM1] 
---------------------Begin 2026-07-07 10:28:22 627    CREATE_BU:C011026    CREATE_BY:C011026CPM1 ---------------------
[01]  SELECT C_INACTIVE FROM CEUSER.SEC_USER_INFO WHERE C_USER_ID = 'C011026CPM1' AND C_UNIT_CODE = 'C011026' 
---------------------- End 2026-07-07 10:28:22 629 ------------------------
 [end]

[start] [INFO] [2026-07-07 10:28:22.630] [C011026_C011026CPM1] 
---------------------Begin 2026-07-07 10:28:22 628    CREATE_BU:C011026    CREATE_BY:C011026CPM1 ---------------------
[01]  SELECT C_INACTIVE FROM CEUSER.SEC_USER_INFO WHERE C_USER_ID = 'C011026CPM1' AND C_UNIT_CODE = 'C011026' 
---------------------- End 2026-07-07 10:28:22 629 ------------------------
 [end]

[start] [INFO] [2026-07-07 10:28:22.645] [C011026_C011026CPM1] 
---------------------Begin 2026-07-07 10:28:22 642    CREATE_BU:C011026    CREATE_BY:C011026CPM1 ---------------------
[01]  SELECT C_FUNC_ID,T_OP_TIME FROM CETRX.TRX_FAVOR_FUNC  WHERE  C_UNIT_CODE = 'C011026'  AND  C_USER_ID = 'C011026CPM1'  ORDER BY  T_OP_TIME DESC 
---------------------- End 2026-07-07 10:28:22 644 ------------------------
 [end]

[start] [INFO] [2026-07-07 10:28:22.745] [C011026_C011026CPM1] 
---------------------Begin 2026-07-07 10:28:22 742    CREATE_BU:C011026    CREATE_BY:C011026CPM1 ---------------------
[01]  SELECT C_INACTIVE FROM CEUSER.SEC_USER_INFO WHERE C_USER_ID = 'C011026CPM1' AND C_UNIT_CODE = 'C011026' 
---------------------- End 2026-07-07 10:28:22 744 ------------------------
 [end]

[start] [INFO] [2026-07-07 10:28:22.755] [C011026_C011026CPM1] 
---------------------Begin 2026-07-07 10:28:22 752    CREATE_BU:C011026    CREATE_BY:C011026CPM1 ---------------------
[01]  SELECT * FROM CEUSER.SEC_BUSINESS_UNIT WHERE C_UNIT_CODE = 'C011026' 
---------------------- End 2026-07-07 10:28:22 753 ------------------------
 [end]

[start] [INFO] [2026-07-07 10:28:22.768] [C011026_C011026CPM1] 
---------------------Begin 2026-07-07 10:28:22 765    CREATE_BU:C011026    CREATE_BY:C011026CPM1 ---------------------
[01]  SELECT C_INACTIVE FROM CEUSER.SEC_USER_INFO WHERE C_USER_ID = 'C011026CPM1' AND C_UNIT_CODE = 'C011026' 
---------------------- End 2026-07-07 10:28:22 766 ------------------------
 [end]

[start] [INFO] [2026-07-07 10:28:22.782] [C011026_C011026CPM1] 
---------------------Begin 2026-07-07 10:28:22 780    CREATE_BU:C011026    CREATE_BY:C011026CPM1 ---------------------
[01]  SELECT C_INACTIVE FROM CEUSER.SEC_USER_INFO WHERE C_USER_ID = 'C011026CPM1' AND C_UNIT_CODE = 'C011026' 
---------------------- End 2026-07-07 10:28:22 781 ------------------------
 [end]

[start] [INFO] [2026-07-07 10:28:22.799] [C011026_C011026CPM1] 
---------------------Begin 2026-07-07 10:28:22 796    CREATE_BU:C011026    CREATE_BY:C011026CPM1 ---------------------
[01]  SELECT C_INACTIVE FROM CEUSER.SEC_USER_INFO WHERE C_USER_ID = 'C011026CPM1' AND C_UNIT_CODE = 'C011026' 
---------------------- End 2026-07-07 10:28:22 797 ------------------------
 [end]

[start] [INFO] [2026-07-07 10:28:22.824] [C011026_C011026CPM1] 
---------------------Begin 2026-07-07 10:28:22 821    CREATE_BU:C011026    CREATE_BY:C011026CPM1 ---------------------
[01]  SELECT C_AUTH_RULE FROM CEUSER.SEC_USER_INFO WHERE C_BK_GROUP_ID = 'CSBANK' AND C_UNIT_CODE = 'C011026' AND C_USER_ID = 'C011026CPM1' 
---------------------- End 2026-07-07 10:28:22 823 ------------------------
 [end]

[start] [INFO] [2026-07-07 10:28:22.827] [C011026_C011026CPM1] 
---------------------Begin 2026-07-07 10:28:22 824    CREATE_BU:C011026    CREATE_BY:C011026CPM1 ---------------------
[01]  SELECT DISTINCT C_WIDGET_NAME FROM CEUSER.SEC_WIDGETS_V2_LIST  WHERE  C_IS_ACTIVE = 'Y'  AND  C_ROLE_NAME IN ('MAKER')  ORDER BY  C_WIDGET_NAME 
---------------------- End 2026-07-07 10:28:22 826 ------------------------
 [end]

[start] [INFO] [2026-07-07 10:28:22.831] [C011026_C011026CPM1] 
---------------------Begin 2026-07-07 10:28:22 829    CREATE_BU:C011026    CREATE_BY:C011026CPM1 ---------------------
[01]  SELECT C_AUTH_RULE FROM CEUSER.SEC_BUSINESS_UNIT WHERE C_BK_GROUP_ID = 'CSBANK' AND C_UNIT_CODE = 'C011026' 
---------------------- End 2026-07-07 10:28:22 830 ------------------------
 [end]

[start] [INFO] [2026-07-07 10:28:22.832] [C011026_C011026CPM1] 
---------------------Begin 2026-07-07 10:28:22 829    CREATE_BU:C011026    CREATE_BY:C011026CPM1 ---------------------
[01]  SELECT DISTINCT C_WIDGET_NAME FROM CEUSER.SEC_WIDGETS_V2_LIST  WHERE  C_IS_ACTIVE = 'Y'  AND  C_ROLE_NAME IN ('MAKER')  ORDER BY  C_WIDGET_NAME 
---------------------- End 2026-07-07 10:28:22 830 ------------------------
 [end]

[start] [INFO] [2026-07-07 10:28:22.837] [C011026_C011026CPM1] 
---------------------Begin 2026-07-07 10:28:22 835    CREATE_BU:C011026    CREATE_BY:C011026CPM1 ---------------------
[01]  SELECT TAB.C_TAB_ID,TAB.C_TAB_NAME,TAB.I_TAB_SEQUENCE FROM CEUSER.SEC_WIDGETS_V2_TABS TAB LEFT JOIN CEUSER.SEC_WIDGETS_V2_LAYOUT LYT ON (TAB.C_TAB_ID = LYT.C_TAB_ID AND  TAB.C_UNIT_CODE = LYT.C_UNIT_CODE AND TAB.C_USER_ID = LYT.C_USER_ID )    WHERE  TAB.C_UNIT_CODE = 'C011026'  AND  TAB.C_USER_ID = 'C011026CPM1'  AND  LYT.C_PAGE_NAME = 'default'  ORDER BY  TAB.I_TAB_SEQUENCE ASC 
---------------------- End 2026-07-07 10:28:22 836 ------------------------
 [end]

[start] [INFO] [2026-07-07 10:28:22.863] [C011026_C011026CPM1] 
---------------------Begin 2026-07-07 10:28:22 860    CREATE_BU:C011026    CREATE_BY:C011026CPM1 ---------------------
[01]  SELECT C_LAYOUT_INFO FROM CEUSER.SEC_WIDGETS_V2_LAYOUT  WHERE  C_UNIT_CODE = 'C011026'  AND  C_USER_ID = 'C011026CPM1'  AND  C_PAGE_NAME = 'default' 
---------------------- End 2026-07-07 10:28:22 862 ------------------------
 [end]

[start] [INFO] [2026-07-07 10:28:22.871] [C011026_C011026CPM1] 
---------------------Begin 2026-07-07 10:28:22 867    CREATE_BU:C011026    CREATE_BY:C011026CPM1 ---------------------
[01]  SELECT TAB.C_TAB_ID,TAB.C_TAB_NAME,TAB.I_TAB_SEQUENCE,LYT.C_LAYOUT_INFO FROM CEUSER.SEC_WIDGETS_V2_TABS TAB LEFT JOIN CEUSER.SEC_WIDGETS_V2_LAYOUT LYT ON (TAB.C_TAB_ID = LYT.C_TAB_ID AND  TAB.C_UNIT_CODE = LYT.C_UNIT_CODE AND TAB.C_USER_ID = LYT.C_USER_ID )    WHERE  TAB.C_UNIT_CODE = 'C011026'  AND  TAB.C_USER_ID = 'C011026CPM1'  AND  LYT.C_PAGE_NAME = 'default'  ORDER BY  TAB.I_TAB_SEQUENCE ASC 
---------------------- End 2026-07-07 10:28:22 870 ------------------------
 [end]

[start] [INFO] [2026-07-07 10:28:22.882] [C011026_C011026CPM1] 
---------------------Begin 2026-07-07 10:28:22 875    CREATE_BU:C011026    CREATE_BY:C011026CPM1 ---------------------
[01]  SELECT C_INST_CONFIG FROM CEUSER.SEC_WIDGETS_V2_INST_CONFIG  WHERE  C_INST_ID = '2C92808396F0B4AA0196F0C2B733001C'  AND  C_UNIT_CODE = 'C011026'  AND  C_USER_ID = 'C011026CPM1' 
---------------------- End 2026-07-07 10:28:22 880 ------------------------
 [end]

[start] [INFO] [2026-07-07 10:28:22.886] [C011026_C011026CPM1] 
---------------------Begin 2026-07-07 10:28:22 884    CREATE_BU:C011026    CREATE_BY:C011026CPM1 ---------------------
[01]  SELECT C_INST_CONFIG FROM CEUSER.SEC_WIDGETS_V2_INST_CONFIG  WHERE  C_INST_ID = '2C92808396F0B4AA0196F0C2B733001C'  AND  C_UNIT_CODE = 'C011026'  AND  C_USER_ID = 'C011026CPM1' 
---------------------- End 2026-07-07 10:28:22 885 ------------------------
 [end]

[start] [INFO] [2026-07-07 10:28:22.892] [C011026_C011026CPM1] 
---------------------Begin 2026-07-07 10:28:22 890    CREATE_BU:C011026    CREATE_BY:C011026CPM1 ---------------------
[01]  SELECT C_INST_CONFIG FROM CEUSER.SEC_WIDGETS_V2_INST_CONFIG  WHERE  C_INST_ID = '2C92808396F0B4AA0196F0C2B739001E'  AND  C_UNIT_CODE = 'C011026'  AND  C_USER_ID = 'C011026CPM1' 
---------------------- End 2026-07-07 10:28:22 891 ------------------------
 [end]

[start] [INFO] [2026-07-07 10:28:22.897] [C011026_C011026CPM1] 
---------------------Begin 2026-07-07 10:28:22 895    CREATE_BU:C011026    CREATE_BY:C011026CPM1 ---------------------
[01]  SELECT C_INST_CONFIG FROM CEUSER.SEC_WIDGETS_V2_INST_CONFIG  WHERE  C_INST_ID = '2C92808396F0B4AA0196F0C2B739001E'  AND  C_UNIT_CODE = 'C011026'  AND  C_USER_ID = 'C011026CPM1' 
---------------------- End 2026-07-07 10:28:22 896 ------------------------
 [end]

[start] [INFO] [2026-07-07 10:28:22.903] [C011026_C011026CPM1] 
---------------------Begin 2026-07-07 10:28:22 901    CREATE_BU:C011026    CREATE_BY:C011026CPM1 ---------------------
[01]  SELECT C_INST_CONFIG FROM CEUSER.SEC_WIDGETS_V2_INST_CONFIG  WHERE  C_INST_ID = '2C92808396F0B4AA0196F0C2B73E001F'  AND  C_UNIT_CODE = 'C011026'  AND  C_USER_ID = 'C011026CPM1' 
---------------------- End 2026-07-07 10:28:22 902 ------------------------
 [end]

[start] [INFO] [2026-07-07 10:28:22.906] [C011026_C011026CPM1] 
---------------------Begin 2026-07-07 10:28:22 905    CREATE_BU:C011026    CREATE_BY:C011026CPM1 ---------------------
[01]  SELECT C_INST_CONFIG FROM CEUSER.SEC_WIDGETS_V2_INST_CONFIG  WHERE  C_INST_ID = '2C92808396F0B4AA0196F0C2B73E001F'  AND  C_UNIT_CODE = 'C011026'  AND  C_USER_ID = 'C011026CPM1' 
---------------------- End 2026-07-07 10:28:22 905 ------------------------
 [end]

[start] [INFO] [2026-07-07 10:28:22.911] [C011026_C011026CPM1] 
---------------------Begin 2026-07-07 10:28:22 909    CREATE_BU:C011026    CREATE_BY:C011026CPM1 ---------------------
[01]  SELECT C_INST_CONFIG FROM CEUSER.SEC_WIDGETS_V2_INST_CONFIG  WHERE  C_INST_ID = '2C92808396F0B4AA0196F0C2B737001D'  AND  C_UNIT_CODE = 'C011026'  AND  C_USER_ID = 'C011026CPM1' 
---------------------- End 2026-07-07 10:28:22 910 ------------------------
 [end]

[start] [INFO] [2026-07-07 10:28:22.914] [C011026_C011026CPM1] 
---------------------Begin 2026-07-07 10:28:22 912    CREATE_BU:C011026    CREATE_BY:C011026CPM1 ---------------------
[01]  SELECT C_INST_CONFIG FROM CEUSER.SEC_WIDGETS_V2_INST_CONFIG  WHERE  C_INST_ID = '2C92808396F0B4AA0196F0C2B737001D'  AND  C_UNIT_CODE = 'C011026'  AND  C_USER_ID = 'C011026CPM1' 
---------------------- End 2026-07-07 10:28:22 913 ------------------------
 [end]

[start] [INFO] [2026-07-07 10:28:23.220] [C011026_C011026CPM1] 
---------------------Begin 2026-07-07 10:28:23 218    CREATE_BU:C011026    CREATE_BY:C011026CPM1 ---------------------
[01]  SELECT C_INACTIVE FROM CEUSER.SEC_USER_INFO WHERE C_USER_ID = 'C011026CPM1' AND C_UNIT_CODE = 'C011026' 
---------------------- End 2026-07-07 10:28:23 219 ------------------------
 [end]

[start] [INFO] [2026-07-07 10:28:23.220] [C011026_C011026CPM1] 
---------------------Begin 2026-07-07 10:28:23 218    CREATE_BU:C011026    CREATE_BY:C011026CPM1 ---------------------
[01]  SELECT C_INACTIVE FROM CEUSER.SEC_USER_INFO WHERE C_USER_ID = 'C011026CPM1' AND C_UNIT_CODE = 'C011026' 
---------------------- End 2026-07-07 10:28:23 219 ------------------------
 [end]

[start] [INFO] [2026-07-07 10:28:23.241] [C011026_C011026CPM1] 
---------------------Begin 2026-07-07 10:28:23 234    CREATE_BU:C011026    CREATE_BY:C011026CPM1 ---------------------
[01]  [Id=C2A_ForYou]  SELECT COUNT(*) FROM (SELECT DISTINCT T1.C_BK_GROUP_ID, T1.C_MAIN_REF, T1.C_TRX_REF, T1.C_UNIT_CODE, T1.PARENT_MAIN_REF, T1.C_TRX_STATUS, T1.CURRNT_STATUS, T1.C2A_STATUS, T1.I_EVENT_TIMES, T1.C_MODULE, T1.C_FUNC_ID, T1.C_PRODUCT_ID, T1.C_TRX_ID, T3.C_LOCKED_FLAG, T3.C_LOCKED_OP, T3.C_USER_DESC, T1.D_SYS_OP_DATE, T1.T_SYS_OP_TIME, T1.C2A_CCY, T1.C2A_AMOUNT, T1.C2A_COUNTERPARTY FROM CETRX.TRX_INBOX T1 LEFT JOIN CETRX.TRX_NEXT_FUNC T2 ON T1.C_PRODUCT_ID = T2.C_PRODUCT_ID AND T1.C2A_STATUS = T2.C2A_STATUS AND T1.C_TRX_STATUS = T2.C_TRX_STATUS LEFT JOIN CETRX.TRX_LOCK_INFO T3 ON T1.C_MAIN_REF = T3.C_MAIN_REF AND T1.C_UNIT_CODE = T3.C_UNIT_CODE WHERE   T1.C_BK_GROUP_ID = 'CSBANK'  AND (( T1.C_UNIT_CODE = 'C011026'  AND  T1.C_PRODUCT_ID IN ('FHS0YffwVNuA','P19080800000','P19080800001','P19080800002','epF3a6u4ZGAt') )) AND (T2.C_NEXT_FUNC_ID IN (SELECT C_FUNC_ID FROM CEUSER.SEC_OP_FUNC WHERE C_USER_ID = 'C011026CPM1' AND C_GRP_CODE = 'C011026' AND C_UNIT_CODE = T1.C_UNIT_CODE) OR T2.C_NEXT_FUNC_ID IN (SELECT C_FUNC_ID FROM CEUSER.SEC_OP_FUNC WHERE C_GRP_CODE = 'C011026' AND C_USER_ID IN (SELECT C_ROLE_ID FROM CEUSER.SEC_USER_ROLE WHERE C_USER_ID = 'C011026CPM1' AND C_GRP_CODE = 'C011026') AND C_UNIT_CODE = T1.C_UNIT_CODE)) AND (T1.C_TRX_STATUS = 'R' OR T1.C2A_STATUS IN ('Rejected by bank', 'Discrepancy notification', 'Document received') AND T1.C_TRX_STATUS = 'M' OR T1.C2A_STATUS IN ('Amendment(Detrimental)_fully authorized', 'Document discrepancy_fully authorized') AND T1.C_TRX_STATUS = 'A') AND T1.C_TRX_ID NOT IN (SELECT C_TRX_ID FROM CETRX.TRX_USER_DISMISS WHERE C_USER_ID = 'C011026CPM1' AND C_GRP_CODE = 'C011026') AND (T1.C_MODULE = 'IMLC' OR T1.C_MODULE = 'EXLC' OR T1.C_MODULE = 'FAEF' OR T1.C_MODULE = 'FADA' OR T1.C_MODULE = 'TSUM' OR T1.C_MODULE = 'ABLF' OR T1.C_MODULE = 'UPLD') ORDER BY T1.D_SYS_OP_DATE DESC, T1.T_SYS_OP_TIME DESC)
---------------------- End 2026-07-07 10:28:23 239 ------------------------
 [end]

[start] [INFO] [2026-07-07 10:28:23.251] [C011026_C011026CPM1] 
---------------------Begin 2026-07-07 10:28:23 248    CREATE_BU:C011026    CREATE_BY:C011026CPM1 ---------------------
[01]  SELECT C_INACTIVE FROM CEUSER.SEC_USER_INFO WHERE C_USER_ID = 'C011026CPM1' AND C_UNIT_CODE = 'C011026' 
---------------------- End 2026-07-07 10:28:23 249 ------------------------
 [end]

[start] [INFO] [2026-07-07 10:28:23.254] [C011026_C011026CPM1] 
---------------------Begin 2026-07-07 10:28:23 245    CREATE_BU:C011026    CREATE_BY:C011026CPM1 ---------------------
[01]  [Id=C2A_InProgress_Maker]  SELECT COUNT(*) FROM CETRX.TRX_INBOX T1 LEFT JOIN CETRX.TRX_LOCK_INFO T3 ON T1.C_MAIN_REF = T3.C_MAIN_REF AND T1.C_UNIT_CODE = T3.C_UNIT_CODE WHERE   T1.C_BK_GROUP_ID = 'CSBANK'  AND (( T1.C_UNIT_CODE = 'C011026'  AND  T1.C_PRODUCT_ID IN ('FHS0YffwVNuA','P19080800000','P19080800001','P19080800002','epF3a6u4ZGAt') )) AND (T1.C_TRX_STATUS IN ('P', 'T', 'A', 'S') AND (T1.C_MODULE = 'IMLC' OR T1.C_MODULE = 'EXLC' OR T1.C_MODULE = 'FAEF' OR T1.C_MODULE = 'FADA' OR T1.C_MODULE = 'ABLF') AND T1.C2A_STATUS NOT IN ('Discrepancies rejected_fully authorized') OR T1.C_TRX_STATUS = 'M' AND (T1.C_MODULE = 'IMLC' AND T1.C2A_STATUS NOT IN ('Issued', 'Amended', 'Beneficiary rejected', 'Settled') OR T1.C_MODULE = 'EXCO' AND T1.CURRNT_STATUS NOT IN ('Payment Advice') OR T1.C_MODULE = 'EXLC' AND T1.CURRNT_STATUS NOT IN ('Settled', 'Advise Received', 'Amendment Received', 'Docment Received') OR T1.C_MODULE = 'FAEF' AND T1.CURRNT_STATUS NOT IN ('Settled', 'Advise Received') OR T1.C_MODULE = 'FADA' AND T1.CURRNT_STATUS NOT IN ('Settled', 'Advise Received') OR T1.C_MODULE = 'ABLF' AND T1.CURRNT_STATUS NOT IN ('Settled', 'Advise Received'))) AND T1.C_TRX_ID NOT IN (SELECT C_TRX_ID FROM CETRX.TRX_USER_DISMISS WHERE C_USER_ID = 'C011026CPM1' AND C_GRP_CODE = 'C011026') AND (T1.C_MODULE = 'IMLC' OR T1.C_MODULE = 'EXLC' OR T1.C_MODULE = 'FAEF' OR T1.C_MODULE = 'FADA' OR T1.C_MODULE = 'ABLF')
---------------------- End 2026-07-07 10:28:23 252 ------------------------
 [end]

[start] [INFO] [2026-07-07 10:28:23.258] [C011026_C011026CPM1] 
---------------------Begin 2026-07-07 10:28:23 255    CREATE_BU:C011026    CREATE_BY:C011026CPM1 ---------------------
[01]  SELECT C_INACTIVE FROM CEUSER.SEC_USER_INFO WHERE C_USER_ID = 'C011026CPM1' AND C_UNIT_CODE = 'C011026' 
---------------------- End 2026-07-07 10:28:23 257 ------------------------
 [end]

[start] [INFO] [2026-07-07 10:28:23.265] [C011026_C011026CPM1] 
---------------------Begin 2026-07-07 10:28:23 257    CREATE_BU:C011026    CREATE_BY:C011026CPM1 ---------------------
[01]  [Id=C2A_Closed]  SELECT COUNT(*) FROM CETRX.TRX_INBOX T1 LEFT JOIN CETRX.TRX_LOCK_INFO T3 ON T1.C_MAIN_REF = T3.C_MAIN_REF AND T1.C_UNIT_CODE = T3.C_UNIT_CODE WHERE   T1.C_BK_GROUP_ID = 'CSBANK'  AND (( T1.C_UNIT_CODE = 'C011026'  AND  T1.C_PRODUCT_ID IN ('FHS0YffwVNuA','P19080800000','P19080800001','P19080800002','epF3a6u4ZGAt') )) AND (T1.C2A_STATUS IN ('Issued', 'Amended', 'Beneficiary rejected', 'Discrepancies rejected_fully authorized', 'Settled') AND T1.C_MODULE = 'IMLC' OR T1.CURRNT_STATUS IN ('Issued', 'Amended', 'Detrimental Amendment', 'Beneficiary Consent', 'Beneficiary Rejected', 'Document Presentation', 'Document Presentation', 'Settlement', 'Settled') AND T1.C_MODULE = 'EXCO' OR T1.C2A_STATUS IN ('Settled', 'Amendment_fully authorized', '') AND T1.C_MODULE = 'EXLC' OR T1.C_FUNC_ID IN ('F05030700899', 'F05030700901', 'F05030700908') AND T1.C2A_STATUS = 'Fully authorized' AND T1.C_MODULE = 'EXLC' OR T1.C_MODULE = 'FADA' OR T1.C_MODULE = 'FAEF') AND T1.C_TRX_STATUS IN ('M', 'A', 'S') AND T1.C_TRX_ID NOT IN (SELECT C_TRX_ID FROM CETRX.TRX_USER_DISMISS WHERE C_USER_ID = 'C011026CPM1' AND C_GRP_CODE = 'C011026') AND (T1.C_MODULE = 'IMLC' OR T1.C_MODULE = 'EXLC' OR T1.C_MODULE = 'FADA' OR T1.C_MODULE = 'FAEF')
---------------------- End 2026-07-07 10:28:23 263 ------------------------
 [end]

[start] [INFO] [2026-07-07 10:28:23.273] [C011026_C011026CPM1] 
---------------------Begin 2026-07-07 10:28:23 271    CREATE_BU:C011026    CREATE_BY:C011026CPM1 ---------------------
[01]  SELECT C_IS_ACTIVE FROM CEUSER.SEC_WIDGETS_V2_LIST  WHERE  C_WIDGET_NAME = 'ShortcutMenu'  AND  C_ROLE_NAME IN ('MAKER') 
---------------------- End 2026-07-07 10:28:23 272 ------------------------
 [end]

[start] [INFO] [2026-07-07 10:28:23.276] [C011026_C011026CPM1] 
---------------------Begin 2026-07-07 10:28:23 269    CREATE_BU:C011026    CREATE_BY:C011026CPM1 ---------------------
[01]  [Id=C2A_Drafts]  SELECT COUNT(*) FROM (SELECT DISTINCT T1.C_BK_GROUP_ID, T1.C_MAIN_REF, T1.C_TRX_REF, T1.C_UNIT_CODE, T1.PARENT_MAIN_REF, T1.C_TRX_STATUS, T1.I_EVENT_TIMES, T1.C_MODULE, T1.C_FUNC_ID, T1.C_PRODUCT_ID, T1.C_TRX_ID, T3.C_LOCKED_FLAG, T3.C_LOCKED_OP, T3.C_USER_DESC, T1.D_SYS_OP_DATE, T1.T_SYS_OP_TIME, T1.C2A_CCY, T1.C2A_AMOUNT, T1.C2A_COUNTERPARTY FROM CETRX.TRX_INBOX T1 LEFT JOIN CETRX.TRX_NEXT_FUNC T2 ON T1.C_PRODUCT_ID = T2.C_PRODUCT_ID AND T1.C_TRX_STATUS = T2.C_TRX_STATUS LEFT JOIN CETRX.TRX_LOCK_INFO T3 ON T1.C_MAIN_REF = T3.C_MAIN_REF AND T1.C_UNIT_CODE = T3.C_UNIT_CODE WHERE   T1.C_BK_GROUP_ID = 'CSBANK'  AND (( T1.C_UNIT_CODE = 'C011026'  AND  T1.C_PRODUCT_ID IN ('FHS0YffwVNuA','P19080800000','P19080800001','P19080800002','epF3a6u4ZGAt') )) AND (T2.C_NEXT_FUNC_ID IN (SELECT C_FUNC_ID FROM CEUSER.SEC_OP_FUNC WHERE C_USER_ID = 'C011026CPM1' AND C_GRP_CODE = 'C011026' AND C_UNIT_CODE = T1.C_UNIT_CODE) OR T2.C_NEXT_FUNC_ID IN (SELECT C_FUNC_ID FROM CEUSER.SEC_OP_FUNC WHERE C_GRP_CODE = 'C011026' AND C_USER_ID IN (SELECT C_ROLE_ID FROM CEUSER.SEC_USER_ROLE WHERE C_USER_ID = 'C011026CPM1' AND C_GRP_CODE = 'C011026') AND C_UNIT_CODE = T1.C_UNIT_CODE)) AND T1.C_TRX_STATUS = 'Z' AND T1.C_TRX_ID NOT IN (SELECT C_TRX_ID FROM CETRX.TRX_USER_DISMISS WHERE C_USER_ID = 'C011026CPM1' AND C_GRP_CODE = 'C011026') AND (T1.C_MODULE = 'IMLC' OR T1.C_MODULE = 'EXLC' OR T1.C_MODULE = 'FAEF' OR T1.C_MODULE = 'FADA' OR T1.C_MODULE = 'ABLF') ORDER BY T1.D_SYS_OP_DATE DESC, T1.T_SYS_OP_TIME DESC)
---------------------- End 2026-07-07 10:28:23 274 ------------------------
 [end]

[start] [INFO] [2026-07-07 10:28:23.286] [C011026_C011026CPM1] 
---------------------Begin 2026-07-07 10:28:23 284    CREATE_BU:C011026    CREATE_BY:C011026CPM1 ---------------------
[01]  SELECT C_FUNC_ID,T_OP_TIME FROM CETRX.TRX_FAVOR_FUNC  WHERE  C_UNIT_CODE = 'C011026'  AND  C_USER_ID = 'C011026CPM1'  ORDER BY  T_OP_TIME DESC 
---------------------- End 2026-07-07 10:28:23 285 ------------------------
 [end]

[start] [INFO] [2026-07-07 10:28:23.295] [C011026_C011026CPM1] 
---------------------Begin 2026-07-07 10:28:23 293    CREATE_BU:C011026    CREATE_BY:C011026CPM1 ---------------------
[01]  SELECT C_INACTIVE FROM CEUSER.SEC_USER_INFO WHERE C_USER_ID = 'C011026CPM1' AND C_UNIT_CODE = 'C011026' 
---------------------- End 2026-07-07 10:28:23 294 ------------------------
 [end]

[start] [INFO] [2026-07-07 10:28:23.309] [C011026_C011026CPM1] 
---------------------Begin 2026-07-07 10:28:23 306    CREATE_BU:C011026    CREATE_BY:C011026CPM1 ---------------------
[01]  SELECT A.C_REPORT_ID,A.C_GRP_CODE,A.C_USER_ID,A.T_PIN_DATE,B.C_SOURCE_REPORT,B.C_REPORT_NAME,B.T_UPDATE_DATE,C.C_USER_DESC FROM CETRX.TRX_USER_REPORT_PIN A LEFT JOIN CETRX.TRX_USER_REPORT B ON A.C_REPORT_ID = B.C_REPORT_ID  LEFT JOIN CEUSER.SEC_USER_INFO C ON A.C_GRP_CODE = C.C_UNIT_CODE AND A.C_USER_ID = C.C_USER_ID  WHERE  A.C_GRP_CODE = 'C011026'  AND  A.C_USER_ID = 'C011026CPM1'  ORDER BY B.T_UPDATE_DATE DESC
---------------------- End 2026-07-07 10:28:23 308 ------------------------
 [end]

[start] [INFO] [2026-07-07 10:28:23.310] [C011026_C011026CPM1] 
---------------------Begin 2026-07-07 10:28:23 243    CREATE_BU:C011026    CREATE_BY:C011026CPM1 ---------------------
[01]  SELECT C_INACTIVE FROM CEUSER.SEC_USER_INFO WHERE C_USER_ID = 'C011026CPM1' AND C_UNIT_CODE = 'C011026' 
---------------------- End 2026-07-07 10:28:23 245 ------------------------
 [end]

[start] [INFO] [2026-07-07 10:28:23.324] [C011026_C011026CPM1] 
---------------------Begin 2026-07-07 10:28:23 275    CREATE_BU:C011026    CREATE_BY:C011026CPM1 ---------------------
[01]  SELECT C_FUNC_ID,C_MODULE FROM CETRX.TRX_ACT_LOG WHERE C_FUNC_ID IS NOT NULL AND C_UNIT_CODE = 'C011026' AND C_USER_ID = 'C011026CPM1' AND D_SYS_OP_DATE BETWEEN TO_DATE('2026-06-07','yyyy-MM-dd') AND TO_DATE('2026-07-07','yyyy-MM-dd') ORDER BY D_SYS_OP_DATE DESC,T_SYS_OP_TIME DESC
---------------------- End 2026-07-07 10:28:23 321 ------------------------
 [end]

[start] [INFO] [2026-07-07 10:28:23.424] [C011026_C011026CPM1] 
---------------------Begin 2026-07-07 10:28:23 422    CREATE_BU:C011026    CREATE_BY:C011026CPM1 ---------------------
[01]  SELECT C_INACTIVE FROM CEUSER.SEC_USER_INFO WHERE C_USER_ID = 'C011026CPM1' AND C_UNIT_CODE = 'C011026' 
---------------------- End 2026-07-07 10:28:23 423 ------------------------
 [end]

[start] [INFO] [2026-07-07 10:28:23.446] [C011026_C011026CPM1] 
---------------------Begin 2026-07-07 10:28:23 444    CREATE_BU:C011026    CREATE_BY:C011026CPM1 ---------------------
[01]  SELECT C_INACTIVE FROM CEUSER.SEC_USER_INFO WHERE C_USER_ID = 'C011026CPM1' AND C_UNIT_CODE = 'C011026' 
---------------------- End 2026-07-07 10:28:23 445 ------------------------
 [end]

[start] [INFO] [2026-07-07 10:28:23.450] [C011026_C011026CPM1] 
---------------------Begin 2026-07-07 10:28:23 447    CREATE_BU:C011026    CREATE_BY:C011026CPM1 ---------------------
[01]  SELECT C_CRITERIA_DATA,C_TMPL_NAME,C_IS_DEFAULT FROM CETRX.STD_SEARCH_CRITERIA  WHERE  C_UNIT_CODE = 'C011026'  AND  C_USER_ID = 'C011026CPM1'  AND  C_CATA_ID = 'C2A_InProgress_Maker'  AND  C_BK_GROUP_ID = 'CSBANK'  AND  I_CRITERIA_TYPE = 4 
---------------------- End 2026-07-07 10:28:23 448 ------------------------
 [end]

[start] [INFO] [2026-07-07 10:28:23.483] [C011026_C011026CPM1] 
---------------------Begin 2026-07-07 10:28:23 480    CREATE_BU:C011026    CREATE_BY:C011026CPM1 ---------------------
[01]  SELECT FA_DOC_DUE_DT AS GROUP_DATE, COUNT(*) AS ASCOUNT FROM (SELECT C_PRODUCT_ID, C_MAIN_REF, C_CUST_ID, C_TRX_REF, I_EVENT_TIMES, C_BK_GROUP_ID, C_UNIT_CODE, FA_SEL_NM, FA_BUYER_NM, FA_DOC_CCY, FA_DOC_AMT, AUTH_AMT, AUTH_CCY, PARENT_MAIN_REF, FA_DOC_DT, FA_DOC_DUE_DT, CURRNT_STATUS, C_TRX_STATUS, D_CREA_DATE, D_RELE_DATE, C_FUNC_ID, C_EVENT_NAME, C_EVENT_STATUS, C_NOW_EVENT, C_LOCKED_FLAG, C_LOCKED_OP, C_RELE_BY FROM CETRX.FAEF_EM_INV WHERE   C_BK_GROUP_ID = 'CSBANK'  AND (( C_UNIT_CODE = 'C011026'  AND  C_PRODUCT_ID = 'P19080800001' )) AND C_TRX_STATUS IN ('P', 'A', 'T', 'R', 'M') AND FA_DOC_DUE_DT >= TO_DATE('2026-01-01', 'YYYY-MM-DD') AND FA_DOC_DUE_DT <= TO_DATE('2026-12-31', 'YYYY-MM-DD') ) TEMP_TABLE GROUP BY FA_DOC_DUE_DT
---------------------- End 2026-07-07 10:28:23 482 ------------------------
 [end]

[start] [INFO] [2026-07-07 10:28:23.504] [C011026_C011026CPM1] 
---------------------Begin 2026-07-07 10:28:23 502    CREATE_BU:C011026    CREATE_BY:C011026CPM1 ---------------------
[01]  SELECT C_UNIT_CODE,C_UNIT_NAME FROM CEUSER.SEC_BUSINESS_UNIT WHERE C_UNIT_CODE = 'C011026' 
---------------------- End 2026-07-07 10:28:23 503 ------------------------
 [end]

[start] [INFO] [2026-07-07 10:28:23.802] [C011026_C011026CPM1] 
---------------------Begin 2026-07-07 10:28:23 800    CREATE_BU:C011026    CREATE_BY:C011026CPM1 ---------------------
[01]  SELECT C_INACTIVE FROM CEUSER.SEC_USER_INFO WHERE C_USER_ID = 'C011026CPM1' AND C_UNIT_CODE = 'C011026' 
---------------------- End 2026-07-07 10:28:23 801 ------------------------
 [end]

[start] [INFO] [2026-07-07 10:28:23.824] [C011026_C011026CPM1] 
---------------------Begin 2026-07-07 10:28:23 813    CREATE_BU:C011026    CREATE_BY:C011026CPM1 ---------------------
[01]  [Id=C2A_InProgress_Maker]  SELECT T1.C_BK_GROUP_ID, T1.C_MAIN_REF, T1.C_TRX_REF, T1.C_UNIT_CODE, T1.PARENT_MAIN_REF, T1.C_TRX_STATUS, T1.CURRNT_STATUS, (CASE WHEN T1.C_MODULE = 'FADA' OR T1.C_MODULE = 'FAEF' THEN T1.C_TRX_STATUS ELSE T1.C2A_STATUS END) C2A_STATUS, T1.I_EVENT_TIMES, T1.C_MODULE, T1.C_FUNC_ID, T1.C_PRODUCT_ID, T1.C_TRX_ID, T3.C_LOCKED_FLAG, T3.C_LOCKED_OP, T3.C_USER_DESC, T1.D_SYS_OP_DATE, T1.T_SYS_OP_TIME, T1.C2A_CCY, T1.C2A_AMOUNT, T1.C2A_COUNTERPARTY FROM CETRX.TRX_INBOX T1 LEFT JOIN CETRX.TRX_LOCK_INFO T3 ON T1.C_MAIN_REF = T3.C_MAIN_REF AND T1.C_UNIT_CODE = T3.C_UNIT_CODE WHERE   T1.C_BK_GROUP_ID = 'CSBANK'  AND (( T1.C_UNIT_CODE = 'C011026'  AND  T1.C_PRODUCT_ID IN ('FHS0YffwVNuA','P19080800000','P19080800001','P19080800002','epF3a6u4ZGAt') )) AND (T1.C_TRX_STATUS IN ('P', 'T', 'A', 'S') AND (T1.C_MODULE = 'IMLC' OR T1.C_MODULE = 'EXLC' OR T1.C_MODULE = 'FAEF' OR T1.C_MODULE = 'FADA' OR T1.C_MODULE = 'ABLF') AND T1.C2A_STATUS NOT IN ('Discrepancies rejected_fully authorized') OR T1.C_TRX_STATUS = 'M' AND (T1.C_MODULE = 'IMLC' AND T1.C2A_STATUS NOT IN ('Issued', 'Amended', 'Beneficiary rejected', 'Settled') OR T1.C_MODULE = 'EXCO' AND T1.CURRNT_STATUS NOT IN ('Payment Advice') OR T1.C_MODULE = 'EXLC' AND T1.CURRNT_STATUS NOT IN ('Settled', 'Advise Received', 'Amendment Received', 'Docment Received') OR T1.C_MODULE = 'FAEF' AND T1.CURRNT_STATUS NOT IN ('Settled', 'Advise Received') OR T1.C_MODULE = 'FADA' AND T1.CURRNT_STATUS NOT IN ('Settled', 'Advise Received') OR T1.C_MODULE = 'ABLF' AND T1.CURRNT_STATUS NOT IN ('Settled', 'Advise Received'))) AND T1.C_TRX_ID NOT IN (SELECT C_TRX_ID FROM CETRX.TRX_USER_DISMISS WHERE C_USER_ID = 'C011026CPM1' AND C_GRP_CODE = 'C011026') AND (T1.C_MODULE = 'IMLC' OR T1.C_MODULE = 'EXLC' OR T1.C_MODULE = 'FAEF' OR T1.C_MODULE = 'FADA' OR T1.C_MODULE = 'ABLF') ORDER BY T1.D_SYS_OP_DATE DESC, T1.T_SYS_OP_TIME DESC
---------------------- End 2026-07-07 10:28:23 822 ------------------------
 [end]

[start] [INFO] [2026-07-07 10:28:23.996] [C011026_C011026CPM1] 
---------------------Begin 2026-07-07 10:28:23 993    CREATE_BU:C011026    CREATE_BY:C011026CPM1 ---------------------
[01]  SELECT C_UNIT_CODE,C_UNIT_NAME FROM CEUSER.SEC_BUSINESS_UNIT WHERE C_UNIT_CODE = 'C011026' 
---------------------- End 2026-07-07 10:28:23 995 ------------------------
 [end]

[start] [INFO] [2026-07-07 10:28:24.017] [C011026_C011026CPM1] 
---------------------Begin 2026-07-07 10:28:24 015    CREATE_BU:C011026    CREATE_BY:C011026CPM1 ---------------------
[01]  SELECT C_CRITERIA_DATA,C_TMPL_NAME,C_IS_DEFAULT FROM CETRX.STD_SEARCH_CRITERIA  WHERE  C_UNIT_CODE = 'C011026'  AND  C_USER_ID = 'C011026CPM1'  AND  C_CATA_ID = 'C2A_InProgress_Maker'  AND  C_BK_GROUP_ID = 'CSBANK'  AND  I_CRITERIA_TYPE = 4 
---------------------- End 2026-07-07 10:28:24 016 ------------------------
 [end]

[start] [INFO] [2026-07-07 10:28:29.861] [C011026_C011026CPM1] 
---------------------Begin 2026-07-07 10:28:29 859    CREATE_BU:C011026    CREATE_BY:C011026CPM1 ---------------------
[01]  SELECT C_INACTIVE FROM CEUSER.SEC_USER_INFO WHERE C_USER_ID = 'C011026CPM1' AND C_UNIT_CODE = 'C011026' 
---------------------- End 2026-07-07 10:28:29 860 ------------------------
 [end]

[start] [INFO] [2026-07-07 10:28:29.865] [C011026_C011026CPM1] 
---------------------Begin 2026-07-07 10:28:29 862    CREATE_BU:C011026    CREATE_BY:C011026CPM1 ---------------------
[01]  SELECT C_IS_INFORM FROM CEUSER.SEC_LOGIN_SESSION WHERE C_SESSION_ID = 'y6pGcF6ve-mqENGo66itkN7' 
---------------------- End 2026-07-07 10:28:29 863 ------------------------
 [end]

[start] [INFO] [2026-07-07 10:28:29.874] [C011026_C011026CPM1] 
---------------------Begin 2026-07-07 10:28:29 871    CREATE_BU:C011026    CREATE_BY:C011026CPM1 ---------------------
[01]  INSERT INTO CETRX.TRX_ACT_LOG (C_LOG_ID,C_BK_GROUP_ID,C_CNTY_CODE,C_GRP_CODE,C_UNIT_CODE,C_USER_ID,C_IP_ADDRESS,C_FUNC_ID,D_CREA_DATE,T_CREA_TIME,D_SYS_OP_DATE,T_SYS_OP_TIME,D_SYS_TRT_DATE,T_SYS_TRT_TIME,C_BUSI_KEY) VALUES ('8A8284979F3AE4D3019F3B438A2D02D4','CSBANK','US','C011026','C011026','C011026CPM1','10.3.197.109','LogOut',TO_DATE('2026-07-07','YYYY-MM-DD'),TO_DATE('06:28:29','HH24:MI:SS'),TO_DATE('2026-07-07','YYYY-MM-DD'),TO_DATE('06:28:29','HH24:MI:SS'),TO_DATE('2026-07-07','YYYY-MM-DD'),TO_DATE('06:28:29','HH24:MI:SS'),'C011026;C011026CPM1')
---------------------- End 2026-07-07 10:28:29 873 ------------------------
 [end]

[start] [INFO] [2026-07-07 10:28:29.878] [C011026_C011026CPM1] 
---------------------Begin 2026-07-07 10:28:29 876    CREATE_BU:C011026    CREATE_BY:C011026CPM1 ---------------------
[01]  DELETE FROM CEUSER.SEC_LOGIN_SESSION WHERE C_BK_GROUP_ID = 'CSBANK' AND C_USER_ID = 'C011026CPM1' AND C_UNIT_CODE = 'C011026' AND C_SESSION_ID = 'y6pGcF6ve-mqENGo66itkN7' 
---------------------- End 2026-07-07 10:28:29 877 ------------------------
 [end]

[start] [INFO] [2026-07-07 10:38:02.897] [C011026_C011026CPM1] 
---------------------Begin 2026-07-07 10:38:02 893    CREATE_BU:C011026    CREATE_BY:C011026CPM1 ---------------------
[01]  DELETE FROM CEUSER.SEC_LOGIN_SESSION WHERE C_USER_ID = 'C011026CPM1' AND C_UNIT_CODE = 'C011026' AND C_BK_GROUP_ID = 'CSBANK' AND C_SESSION_ID = 'mK7iFHXn5kigXIrCX90qYOk' 
[02]  UPDATE CEUSER.SEC_LOGIN_SESSION SET C_IS_INFORM = 'T' WHERE C_USER_ID = 'C011026CPM1' AND C_UNIT_CODE = 'C011026' AND C_BK_GROUP_ID = 'CSBANK' 
[03]  INSERT INTO CEUSER.SEC_LOGIN_SESSION (C_BK_GROUP_ID,C_UNIT_CODE,C_USER_ID,C_SESSION_ID,C_IS_INFORM) VALUES ('CSBANK','C011026','C011026CPM1','mK7iFHXn5kigXIrCX90qYOk','F')
---------------------- End 2026-07-07 10:38:02 896 ------------------------
 [end]

[start] [INFO] [2026-07-07 10:38:02.905] [C011026_C011026CPM1] 
---------------------Begin 2026-07-07 10:38:02 900    CREATE_BU:C011026    CREATE_BY:C011026CPM1 ---------------------
[01]  INSERT INTO CETRX.TRX_ACT_LOG (C_LOG_ID,C_BK_GROUP_ID,C_CNTY_CODE,C_GRP_CODE,C_UNIT_CODE,C_USER_ID,C_IP_ADDRESS,C_FUNC_ID,D_CREA_DATE,T_CREA_TIME,D_SYS_OP_DATE,T_SYS_OP_TIME,D_SYS_TRT_DATE,T_SYS_TRT_TIME,C_BUSI_KEY) VALUES ('8A8284979F3AE4D3019F3B4C48930316','CSBANK','US','C011026','C011026','C011026CPM1','10.3.1.13','Login',TO_DATE('2026-07-07','YYYY-MM-DD'),TO_DATE('06:38:02','HH24:MI:SS'),TO_DATE('2026-07-07','YYYY-MM-DD'),TO_DATE('06:38:02','HH24:MI:SS'),TO_DATE('2026-07-07','YYYY-MM-DD'),TO_DATE('06:38:02','HH24:MI:SS'),'C011026;C011026CPM1')
---------------------- End 2026-07-07 10:38:02 902 ------------------------
 [end]

[start] [INFO] [2026-07-07 10:38:03.691] [C011026_C011026CPM1] 
---------------------Begin 2026-07-07 10:38:03 689    CREATE_BU:C011026    CREATE_BY:C011026CPM1 ---------------------
[01]  SELECT C_INACTIVE FROM CEUSER.SEC_USER_INFO WHERE C_USER_ID = 'C011026CPM1' AND C_UNIT_CODE = 'C011026' 
---------------------- End 2026-07-07 10:38:03 690 ------------------------
 [end]

[start] [INFO] [2026-07-07 10:38:03.695] [C011026_C011026CPM1] 
---------------------Begin 2026-07-07 10:38:03 692    CREATE_BU:C011026    CREATE_BY:C011026CPM1 ---------------------
[01]  SELECT C_IS_INFORM FROM CEUSER.SEC_LOGIN_SESSION WHERE C_SESSION_ID = 'mK7iFHXn5kigXIrCX90qYOk' 
---------------------- End 2026-07-07 10:38:03 692 ------------------------
 [end]

[start] [INFO] [2026-07-07 10:38:03.932] [C011026_C011026CPM1] 
---------------------Begin 2026-07-07 10:38:03 927    CREATE_BU:C011026    CREATE_BY:C011026CPM1 ---------------------
[01]  SELECT C_INACTIVE FROM CEUSER.SEC_USER_INFO WHERE C_USER_ID = 'C011026CPM1' AND C_UNIT_CODE = 'C011026' 
---------------------- End 2026-07-07 10:38:03 929 ------------------------
 [end]

[start] [INFO] [2026-07-07 10:38:04.108] [C011026_C011026CPM1] 
---------------------Begin 2026-07-07 10:38:04 106    CREATE_BU:C011026    CREATE_BY:C011026CPM1 ---------------------
[01]  SELECT C_INACTIVE FROM CEUSER.SEC_USER_INFO WHERE C_USER_ID = 'C011026CPM1' AND C_UNIT_CODE = 'C011026' 
---------------------- End 2026-07-07 10:38:04 107 ------------------------
 [end]

[start] [INFO] [2026-07-07 10:38:04.118] [C011026_C011026CPM1] 
---------------------Begin 2026-07-07 10:38:04 116    CREATE_BU:C011026    CREATE_BY:C011026CPM1 ---------------------
[01]  SELECT C_INACTIVE FROM CEUSER.SEC_USER_INFO WHERE C_USER_ID = 'C011026CPM1' AND C_UNIT_CODE = 'C011026' 
---------------------- End 2026-07-07 10:38:04 117 ------------------------
 [end]

[start] [INFO] [2026-07-07 10:38:04.119] [C011026_C011026CPM1] 
---------------------Begin 2026-07-07 10:38:04 116    CREATE_BU:C011026    CREATE_BY:C011026CPM1 ---------------------
[01]  SELECT COUNT(*) AS RECCOUNT FROM CETRX.STD_NOTIFICATION  WHERE C_NOTI_ID IN ( SELECT C_NOTI_ID FROM CETRX.STD_NOTIFICATION_STATUS  WHERE  C_READ_STATUS = 'F'  AND  C_USER_ID = 'C011026CPM1'  AND  C_UNIT_CODE = 'C011026'  )
---------------------- End 2026-07-07 10:38:04 117 ------------------------
 [end]

[start] [INFO] [2026-07-07 10:38:04.125] [C011026_C011026CPM1] 
---------------------Begin 2026-07-07 10:38:04 122    CREATE_BU:C011026    CREATE_BY:C011026CPM1 ---------------------
[01]  SELECT C_INACTIVE FROM CEUSER.SEC_USER_INFO WHERE C_USER_ID = 'C011026CPM1' AND C_UNIT_CODE = 'C011026' 
---------------------- End 2026-07-07 10:38:04 124 ------------------------
 [end]

[start] [INFO] [2026-07-07 10:38:04.135] [C011026_C011026CPM1] 
---------------------Begin 2026-07-07 10:38:04 133    CREATE_BU:C011026    CREATE_BY:C011026CPM1 ---------------------
[01]  SELECT C_FUNC_ID,T_OP_TIME FROM CETRX.TRX_FAVOR_FUNC  WHERE  C_UNIT_CODE = 'C011026'  AND  C_USER_ID = 'C011026CPM1'  ORDER BY  T_OP_TIME DESC 
---------------------- End 2026-07-07 10:38:04 134 ------------------------
 [end]

[start] [INFO] [2026-07-07 10:38:04.223] [C011026_C011026CPM1] 
---------------------Begin 2026-07-07 10:38:04 221    CREATE_BU:C011026    CREATE_BY:C011026CPM1 ---------------------
[01]  SELECT C_INACTIVE FROM CEUSER.SEC_USER_INFO WHERE C_USER_ID = 'C011026CPM1' AND C_UNIT_CODE = 'C011026' 
---------------------- End 2026-07-07 10:38:04 222 ------------------------
 [end]

[start] [INFO] [2026-07-07 10:38:04.264] [C011026_C011026CPM1] 
---------------------Begin 2026-07-07 10:38:04 262    CREATE_BU:C011026    CREATE_BY:C011026CPM1 ---------------------
[01]  SELECT C_INACTIVE FROM CEUSER.SEC_USER_INFO WHERE C_USER_ID = 'C011026CPM1' AND C_UNIT_CODE = 'C011026' 
---------------------- End 2026-07-07 10:38:04 263 ------------------------
 [end]

[start] [INFO] [2026-07-07 10:38:04.279] [C011026_C011026CPM1] 
---------------------Begin 2026-07-07 10:38:04 276    CREATE_BU:C011026    CREATE_BY:C011026CPM1 ---------------------
[01]  SELECT C_INACTIVE FROM CEUSER.SEC_USER_INFO WHERE C_USER_ID = 'C011026CPM1' AND C_UNIT_CODE = 'C011026' 
---------------------- End 2026-07-07 10:38:04 277 ------------------------
 [end]

[start] [INFO] [2026-07-07 10:38:04.283] [C011026_C011026CPM1] 
---------------------Begin 2026-07-07 10:38:04 280    CREATE_BU:C011026    CREATE_BY:C011026CPM1 ---------------------
[01]  SELECT C_INACTIVE FROM CEUSER.SEC_USER_INFO WHERE C_USER_ID = 'C011026CPM1' AND C_UNIT_CODE = 'C011026' 
---------------------- End 2026-07-07 10:38:04 281 ------------------------
 [end]

[start] [INFO] [2026-07-07 10:38:04.292] [C011026_C011026CPM1] 
---------------------Begin 2026-07-07 10:38:04 289    CREATE_BU:C011026    CREATE_BY:C011026CPM1 ---------------------
[01]  SELECT DISTINCT C_WIDGET_NAME FROM CEUSER.SEC_WIDGETS_V2_LIST  WHERE  C_IS_ACTIVE = 'Y'  AND  C_ROLE_NAME IN ('MAKER')  ORDER BY  C_WIDGET_NAME 
---------------------- End 2026-07-07 10:38:04 291 ------------------------
 [end]

[start] [INFO] [2026-07-07 10:38:04.295] [C011026_C011026CPM1] 
---------------------Begin 2026-07-07 10:38:04 292    CREATE_BU:C011026    CREATE_BY:C011026CPM1 ---------------------
[01]  SELECT * FROM CEUSER.SEC_BUSINESS_UNIT WHERE C_UNIT_CODE = 'C011026' 
---------------------- End 2026-07-07 10:38:04 293 ------------------------
 [end]

[start] [INFO] [2026-07-07 10:38:04.316] [C011026_C011026CPM1] 
---------------------Begin 2026-07-07 10:38:04 313    CREATE_BU:C011026    CREATE_BY:C011026CPM1 ---------------------
[01]  SELECT DISTINCT C_WIDGET_NAME FROM CEUSER.SEC_WIDGETS_V2_LIST  WHERE  C_IS_ACTIVE = 'Y'  AND  C_ROLE_NAME IN ('MAKER')  ORDER BY  C_WIDGET_NAME 
---------------------- End 2026-07-07 10:38:04 314 ------------------------
 [end]

[start] [INFO] [2026-07-07 10:38:04.323] [C011026_C011026CPM1] 
---------------------Begin 2026-07-07 10:38:04 320    CREATE_BU:C011026    CREATE_BY:C011026CPM1 ---------------------
[01]  SELECT TAB.C_TAB_ID,TAB.C_TAB_NAME,TAB.I_TAB_SEQUENCE FROM CEUSER.SEC_WIDGETS_V2_TABS TAB LEFT JOIN CEUSER.SEC_WIDGETS_V2_LAYOUT LYT ON (TAB.C_TAB_ID = LYT.C_TAB_ID AND  TAB.C_UNIT_CODE = LYT.C_UNIT_CODE AND TAB.C_USER_ID = LYT.C_USER_ID )    WHERE  TAB.C_UNIT_CODE = 'C011026'  AND  TAB.C_USER_ID = 'C011026CPM1'  AND  LYT.C_PAGE_NAME = 'default'  ORDER BY  TAB.I_TAB_SEQUENCE ASC 
---------------------- End 2026-07-07 10:38:04 322 ------------------------
 [end]

[start] [INFO] [2026-07-07 10:38:04.352] [C011026_C011026CPM1] 
---------------------Begin 2026-07-07 10:38:04 348    CREATE_BU:C011026    CREATE_BY:C011026CPM1 ---------------------
[01]  SELECT C_LAYOUT_INFO FROM CEUSER.SEC_WIDGETS_V2_LAYOUT  WHERE  C_UNIT_CODE = 'C011026'  AND  C_USER_ID = 'C011026CPM1'  AND  C_PAGE_NAME = 'default' 
---------------------- End 2026-07-07 10:38:04 351 ------------------------
 [end]

[start] [INFO] [2026-07-07 10:38:04.371] [C011026_C011026CPM1] 
---------------------Begin 2026-07-07 10:38:04 366    CREATE_BU:C011026    CREATE_BY:C011026CPM1 ---------------------
[01]  SELECT TAB.C_TAB_ID,TAB.C_TAB_NAME,TAB.I_TAB_SEQUENCE,LYT.C_LAYOUT_INFO FROM CEUSER.SEC_WIDGETS_V2_TABS TAB LEFT JOIN CEUSER.SEC_WIDGETS_V2_LAYOUT LYT ON (TAB.C_TAB_ID = LYT.C_TAB_ID AND  TAB.C_UNIT_CODE = LYT.C_UNIT_CODE AND TAB.C_USER_ID = LYT.C_USER_ID )    WHERE  TAB.C_UNIT_CODE = 'C011026'  AND  TAB.C_USER_ID = 'C011026CPM1'  AND  LYT.C_PAGE_NAME = 'default'  ORDER BY  TAB.I_TAB_SEQUENCE ASC 
---------------------- End 2026-07-07 10:38:04 370 ------------------------
 [end]

[start] [INFO] [2026-07-07 10:38:04.382] [C011026_C011026CPM1] 
---------------------Begin 2026-07-07 10:38:04 377    CREATE_BU:C011026    CREATE_BY:C011026CPM1 ---------------------
[01]  SELECT C_INST_CONFIG FROM CEUSER.SEC_WIDGETS_V2_INST_CONFIG  WHERE  C_INST_ID = '2C92808396F0B4AA0196F0C2B733001C'  AND  C_UNIT_CODE = 'C011026'  AND  C_USER_ID = 'C011026CPM1' 
---------------------- End 2026-07-07 10:38:04 380 ------------------------
 [end]

[start] [INFO] [2026-07-07 10:38:04.388] [C011026_C011026CPM1] 
---------------------Begin 2026-07-07 10:38:04 385    CREATE_BU:C011026    CREATE_BY:C011026CPM1 ---------------------
[01]  SELECT C_INST_CONFIG FROM CEUSER.SEC_WIDGETS_V2_INST_CONFIG  WHERE  C_INST_ID = '2C92808396F0B4AA0196F0C2B733001C'  AND  C_UNIT_CODE = 'C011026'  AND  C_USER_ID = 'C011026CPM1' 
---------------------- End 2026-07-07 10:38:04 387 ------------------------
 [end]

[start] [INFO] [2026-07-07 10:38:04.396] [C011026_C011026CPM1] 
---------------------Begin 2026-07-07 10:38:04 393    CREATE_BU:C011026    CREATE_BY:C011026CPM1 ---------------------
[01]  SELECT C_INST_CONFIG FROM CEUSER.SEC_WIDGETS_V2_INST_CONFIG  WHERE  C_INST_ID = '2C92808396F0B4AA0196F0C2B739001E'  AND  C_UNIT_CODE = 'C011026'  AND  C_USER_ID = 'C011026CPM1' 
---------------------- End 2026-07-07 10:38:04 395 ------------------------
 [end]

[start] [INFO] [2026-07-07 10:38:04.402] [C011026_C011026CPM1] 
---------------------Begin 2026-07-07 10:38:04 399    CREATE_BU:C011026    CREATE_BY:C011026CPM1 ---------------------
[01]  SELECT C_INST_CONFIG FROM CEUSER.SEC_WIDGETS_V2_INST_CONFIG  WHERE  C_INST_ID = '2C92808396F0B4AA0196F0C2B739001E'  AND  C_UNIT_CODE = 'C011026'  AND  C_USER_ID = 'C011026CPM1' 
---------------------- End 2026-07-07 10:38:04 401 ------------------------
 [end]

[start] [INFO] [2026-07-07 10:38:04.411] [C011026_C011026CPM1] 
---------------------Begin 2026-07-07 10:38:04 408    CREATE_BU:C011026    CREATE_BY:C011026CPM1 ---------------------
[01]  SELECT C_INST_CONFIG FROM CEUSER.SEC_WIDGETS_V2_INST_CONFIG  WHERE  C_INST_ID = '2C92808396F0B4AA0196F0C2B73E001F'  AND  C_UNIT_CODE = 'C011026'  AND  C_USER_ID = 'C011026CPM1' 
---------------------- End 2026-07-07 10:38:04 410 ------------------------
 [end]

[start] [INFO] [2026-07-07 10:38:04.416] [C011026_C011026CPM1] 
---------------------Begin 2026-07-07 10:38:04 414    CREATE_BU:C011026    CREATE_BY:C011026CPM1 ---------------------
[01]  SELECT C_INST_CONFIG FROM CEUSER.SEC_WIDGETS_V2_INST_CONFIG  WHERE  C_INST_ID = '2C92808396F0B4AA0196F0C2B73E001F'  AND  C_UNIT_CODE = 'C011026'  AND  C_USER_ID = 'C011026CPM1' 
---------------------- End 2026-07-07 10:38:04 415 ------------------------
 [end]

[start] [INFO] [2026-07-07 10:38:04.424] [C011026_C011026CPM1] 
---------------------Begin 2026-07-07 10:38:04 421    CREATE_BU:C011026    CREATE_BY:C011026CPM1 ---------------------
[01]  SELECT C_INST_CONFIG FROM CEUSER.SEC_WIDGETS_V2_INST_CONFIG  WHERE  C_INST_ID = '2C92808396F0B4AA0196F0C2B737001D'  AND  C_UNIT_CODE = 'C011026'  AND  C_USER_ID = 'C011026CPM1' 
---------------------- End 2026-07-07 10:38:04 422 ------------------------
 [end]

[start] [INFO] [2026-07-07 10:38:04.426] [C011026_C011026CPM1] 
---------------------Begin 2026-07-07 10:38:04 422    CREATE_BU:C011026    CREATE_BY:C011026CPM1 ---------------------
[01]  SELECT C_AUTH_RULE FROM CEUSER.SEC_USER_INFO WHERE C_BK_GROUP_ID = 'CSBANK' AND C_UNIT_CODE = 'C011026' AND C_USER_ID = 'C011026CPM1' 
---------------------- End 2026-07-07 10:38:04 425 ------------------------
 [end]

[start] [INFO] [2026-07-07 10:38:04.430] [C011026_C011026CPM1] 
---------------------Begin 2026-07-07 10:38:04 427    CREATE_BU:C011026    CREATE_BY:C011026CPM1 ---------------------
[01]  SELECT C_INST_CONFIG FROM CEUSER.SEC_WIDGETS_V2_INST_CONFIG  WHERE  C_INST_ID = '2C92808396F0B4AA0196F0C2B737001D'  AND  C_UNIT_CODE = 'C011026'  AND  C_USER_ID = 'C011026CPM1' 
---------------------- End 2026-07-07 10:38:04 428 ------------------------
 [end]

[start] [INFO] [2026-07-07 10:38:04.430] [C011026_C011026CPM1] 
---------------------Begin 2026-07-07 10:38:04 428    CREATE_BU:C011026    CREATE_BY:C011026CPM1 ---------------------
[01]  SELECT C_AUTH_RULE FROM CEUSER.SEC_BUSINESS_UNIT WHERE C_BK_GROUP_ID = 'CSBANK' AND C_UNIT_CODE = 'C011026' 
---------------------- End 2026-07-07 10:38:04 429 ------------------------
 [end]

[start] [INFO] [2026-07-07 10:38:04.607] [C011026_C011026CPM1] 
---------------------Begin 2026-07-07 10:38:04 604    CREATE_BU:C011026    CREATE_BY:C011026CPM1 ---------------------
[01]  SELECT C_INACTIVE FROM CEUSER.SEC_USER_INFO WHERE C_USER_ID = 'C011026CPM1' AND C_UNIT_CODE = 'C011026' 
---------------------- End 2026-07-07 10:38:04 606 ------------------------
 [end]

[start] [INFO] [2026-07-07 10:38:04.621] [C011026_C011026CPM1] 
---------------------Begin 2026-07-07 10:38:04 619    CREATE_BU:C011026    CREATE_BY:C011026CPM1 ---------------------
[01]  SELECT C_INACTIVE FROM CEUSER.SEC_USER_INFO WHERE C_USER_ID = 'C011026CPM1' AND C_UNIT_CODE = 'C011026' 
---------------------- End 2026-07-07 10:38:04 620 ------------------------
 [end]

[start] [INFO] [2026-07-07 10:38:04.624] [C011026_C011026CPM1] 
---------------------Begin 2026-07-07 10:38:04 617    CREATE_BU:C011026    CREATE_BY:C011026CPM1 ---------------------
[01]  [Id=C2A_ForYou]  SELECT COUNT(*) FROM (SELECT DISTINCT T1.C_BK_GROUP_ID, T1.C_MAIN_REF, T1.C_TRX_REF, T1.C_UNIT_CODE, T1.PARENT_MAIN_REF, T1.C_TRX_STATUS, T1.CURRNT_STATUS, T1.C2A_STATUS, T1.I_EVENT_TIMES, T1.C_MODULE, T1.C_FUNC_ID, T1.C_PRODUCT_ID, T1.C_TRX_ID, T3.C_LOCKED_FLAG, T3.C_LOCKED_OP, T3.C_USER_DESC, T1.D_SYS_OP_DATE, T1.T_SYS_OP_TIME, T1.C2A_CCY, T1.C2A_AMOUNT, T1.C2A_COUNTERPARTY FROM CETRX.TRX_INBOX T1 LEFT JOIN CETRX.TRX_NEXT_FUNC T2 ON T1.C_PRODUCT_ID = T2.C_PRODUCT_ID AND T1.C2A_STATUS = T2.C2A_STATUS AND T1.C_TRX_STATUS = T2.C_TRX_STATUS LEFT JOIN CETRX.TRX_LOCK_INFO T3 ON T1.C_MAIN_REF = T3.C_MAIN_REF AND T1.C_UNIT_CODE = T3.C_UNIT_CODE WHERE   T1.C_BK_GROUP_ID = 'CSBANK'  AND (( T1.C_UNIT_CODE = 'C011026'  AND  T1.C_PRODUCT_ID IN ('FHS0YffwVNuA','P19080800000','P19080800001','P19080800002','epF3a6u4ZGAt') )) AND (T2.C_NEXT_FUNC_ID IN (SELECT C_FUNC_ID FROM CEUSER.SEC_OP_FUNC WHERE C_USER_ID = 'C011026CPM1' AND C_GRP_CODE = 'C011026' AND C_UNIT_CODE = T1.C_UNIT_CODE) OR T2.C_NEXT_FUNC_ID IN (SELECT C_FUNC_ID FROM CEUSER.SEC_OP_FUNC WHERE C_GRP_CODE = 'C011026' AND C_USER_ID IN (SELECT C_ROLE_ID FROM CEUSER.SEC_USER_ROLE WHERE C_USER_ID = 'C011026CPM1' AND C_GRP_CODE = 'C011026') AND C_UNIT_CODE = T1.C_UNIT_CODE)) AND (T1.C_TRX_STATUS = 'R' OR T1.C2A_STATUS IN ('Rejected by bank', 'Discrepancy notification', 'Document received') AND T1.C_TRX_STATUS = 'M' OR T1.C2A_STATUS IN ('Amendment(Detrimental)_fully authorized', 'Document discrepancy_fully authorized') AND T1.C_TRX_STATUS = 'A') AND T1.C_TRX_ID NOT IN (SELECT C_TRX_ID FROM CETRX.TRX_USER_DISMISS WHERE C_USER_ID = 'C011026CPM1' AND C_GRP_CODE = 'C011026') AND (T1.C_MODULE = 'IMLC' OR T1.C_MODULE = 'EXLC' OR T1.C_MODULE = 'FAEF' OR T1.C_MODULE = 'FADA' OR T1.C_MODULE = 'TSUM' OR T1.C_MODULE = 'ABLF' OR T1.C_MODULE = 'UPLD') ORDER BY T1.D_SYS_OP_DATE DESC, T1.T_SYS_OP_TIME DESC)
---------------------- End 2026-07-07 10:38:04 622 ------------------------
 [end]

[start] [INFO] [2026-07-07 10:38:04.632] [C011026_C011026CPM1] 
---------------------Begin 2026-07-07 10:38:04 629    CREATE_BU:C011026    CREATE_BY:C011026CPM1 ---------------------
[01]  SELECT C_INACTIVE FROM CEUSER.SEC_USER_INFO WHERE C_USER_ID = 'C011026CPM1' AND C_UNIT_CODE = 'C011026' 
---------------------- End 2026-07-07 10:38:04 630 ------------------------
 [end]

[start] [INFO] [2026-07-07 10:38:04.656] [C011026_C011026CPM1] 
---------------------Begin 2026-07-07 10:38:04 650    CREATE_BU:C011026    CREATE_BY:C011026CPM1 ---------------------
[01]  [Id=C2A_InProgress_Maker]  SELECT COUNT(*) FROM CETRX.TRX_INBOX T1 LEFT JOIN CETRX.TRX_LOCK_INFO T3 ON T1.C_MAIN_REF = T3.C_MAIN_REF AND T1.C_UNIT_CODE = T3.C_UNIT_CODE WHERE   T1.C_BK_GROUP_ID = 'CSBANK'  AND (( T1.C_UNIT_CODE = 'C011026'  AND  T1.C_PRODUCT_ID IN ('FHS0YffwVNuA','P19080800000','P19080800001','P19080800002','epF3a6u4ZGAt') )) AND (T1.C_TRX_STATUS IN ('P', 'T', 'A', 'S') AND (T1.C_MODULE = 'IMLC' OR T1.C_MODULE = 'EXLC' OR T1.C_MODULE = 'FAEF' OR T1.C_MODULE = 'FADA' OR T1.C_MODULE = 'ABLF') AND T1.C2A_STATUS NOT IN ('Discrepancies rejected_fully authorized') OR T1.C_TRX_STATUS = 'M' AND (T1.C_MODULE = 'IMLC' AND T1.C2A_STATUS NOT IN ('Issued', 'Amended', 'Beneficiary rejected', 'Settled') OR T1.C_MODULE = 'EXCO' AND T1.CURRNT_STATUS NOT IN ('Payment Advice') OR T1.C_MODULE = 'EXLC' AND T1.CURRNT_STATUS NOT IN ('Settled', 'Advise Received', 'Amendment Received', 'Docment Received') OR T1.C_MODULE = 'FAEF' AND T1.CURRNT_STATUS NOT IN ('Settled', 'Advise Received') OR T1.C_MODULE = 'FADA' AND T1.CURRNT_STATUS NOT IN ('Settled', 'Advise Received') OR T1.C_MODULE = 'ABLF' AND T1.CURRNT_STATUS NOT IN ('Settled', 'Advise Received'))) AND T1.C_TRX_ID NOT IN (SELECT C_TRX_ID FROM CETRX.TRX_USER_DISMISS WHERE C_USER_ID = 'C011026CPM1' AND C_GRP_CODE = 'C011026') AND (T1.C_MODULE = 'IMLC' OR T1.C_MODULE = 'EXLC' OR T1.C_MODULE = 'FAEF' OR T1.C_MODULE = 'FADA' OR T1.C_MODULE = 'ABLF')
---------------------- End 2026-07-07 10:38:04 655 ------------------------
 [end]

[start] [INFO] [2026-07-07 10:38:04.666] [C011026_C011026CPM1] 
---------------------Begin 2026-07-07 10:38:04 660    CREATE_BU:C011026    CREATE_BY:C011026CPM1 ---------------------
[01]  [Id=C2A_Closed]  SELECT COUNT(*) FROM CETRX.TRX_INBOX T1 LEFT JOIN CETRX.TRX_LOCK_INFO T3 ON T1.C_MAIN_REF = T3.C_MAIN_REF AND T1.C_UNIT_CODE = T3.C_UNIT_CODE WHERE   T1.C_BK_GROUP_ID = 'CSBANK'  AND (( T1.C_UNIT_CODE = 'C011026'  AND  T1.C_PRODUCT_ID IN ('FHS0YffwVNuA','P19080800000','P19080800001','P19080800002','epF3a6u4ZGAt') )) AND (T1.C2A_STATUS IN ('Issued', 'Amended', 'Beneficiary rejected', 'Discrepancies rejected_fully authorized', 'Settled') AND T1.C_MODULE = 'IMLC' OR T1.CURRNT_STATUS IN ('Issued', 'Amended', 'Detrimental Amendment', 'Beneficiary Consent', 'Beneficiary Rejected', 'Document Presentation', 'Document Presentation', 'Settlement', 'Settled') AND T1.C_MODULE = 'EXCO' OR T1.C2A_STATUS IN ('Settled', 'Amendment_fully authorized', '') AND T1.C_MODULE = 'EXLC' OR T1.C_FUNC_ID IN ('F05030700899', 'F05030700901', 'F05030700908') AND T1.C2A_STATUS = 'Fully authorized' AND T1.C_MODULE = 'EXLC' OR T1.C_MODULE = 'FADA' OR T1.C_MODULE = 'FAEF') AND T1.C_TRX_STATUS IN ('M', 'A', 'S') AND T1.C_TRX_ID NOT IN (SELECT C_TRX_ID FROM CETRX.TRX_USER_DISMISS WHERE C_USER_ID = 'C011026CPM1' AND C_GRP_CODE = 'C011026') AND (T1.C_MODULE = 'IMLC' OR T1.C_MODULE = 'EXLC' OR T1.C_MODULE = 'FADA' OR T1.C_MODULE = 'FAEF')
---------------------- End 2026-07-07 10:38:04 664 ------------------------
 [end]

[start] [INFO] [2026-07-07 10:38:04.676] [C011026_C011026CPM1] 
---------------------Begin 2026-07-07 10:38:04 669    CREATE_BU:C011026    CREATE_BY:C011026CPM1 ---------------------
[01]  [Id=C2A_Drafts]  SELECT COUNT(*) FROM (SELECT DISTINCT T1.C_BK_GROUP_ID, T1.C_MAIN_REF, T1.C_TRX_REF, T1.C_UNIT_CODE, T1.PARENT_MAIN_REF, T1.C_TRX_STATUS, T1.I_EVENT_TIMES, T1.C_MODULE, T1.C_FUNC_ID, T1.C_PRODUCT_ID, T1.C_TRX_ID, T3.C_LOCKED_FLAG, T3.C_LOCKED_OP, T3.C_USER_DESC, T1.D_SYS_OP_DATE, T1.T_SYS_OP_TIME, T1.C2A_CCY, T1.C2A_AMOUNT, T1.C2A_COUNTERPARTY FROM CETRX.TRX_INBOX T1 LEFT JOIN CETRX.TRX_NEXT_FUNC T2 ON T1.C_PRODUCT_ID = T2.C_PRODUCT_ID AND T1.C_TRX_STATUS = T2.C_TRX_STATUS LEFT JOIN CETRX.TRX_LOCK_INFO T3 ON T1.C_MAIN_REF = T3.C_MAIN_REF AND T1.C_UNIT_CODE = T3.C_UNIT_CODE WHERE   T1.C_BK_GROUP_ID = 'CSBANK'  AND (( T1.C_UNIT_CODE = 'C011026'  AND  T1.C_PRODUCT_ID IN ('FHS0YffwVNuA','P19080800000','P19080800001','P19080800002','epF3a6u4ZGAt') )) AND (T2.C_NEXT_FUNC_ID IN (SELECT C_FUNC_ID FROM CEUSER.SEC_OP_FUNC WHERE C_USER_ID = 'C011026CPM1' AND C_GRP_CODE = 'C011026' AND C_UNIT_CODE = T1.C_UNIT_CODE) OR T2.C_NEXT_FUNC_ID IN (SELECT C_FUNC_ID FROM CEUSER.SEC_OP_FUNC WHERE C_GRP_CODE = 'C011026' AND C_USER_ID IN (SELECT C_ROLE_ID FROM CEUSER.SEC_USER_ROLE WHERE C_USER_ID = 'C011026CPM1' AND C_GRP_CODE = 'C011026') AND C_UNIT_CODE = T1.C_UNIT_CODE)) AND T1.C_TRX_STATUS = 'Z' AND T1.C_TRX_ID NOT IN (SELECT C_TRX_ID FROM CETRX.TRX_USER_DISMISS WHERE C_USER_ID = 'C011026CPM1' AND C_GRP_CODE = 'C011026') AND (T1.C_MODULE = 'IMLC' OR T1.C_MODULE = 'EXLC' OR T1.C_MODULE = 'FAEF' OR T1.C_MODULE = 'FADA' OR T1.C_MODULE = 'ABLF') ORDER BY T1.D_SYS_OP_DATE DESC, T1.T_SYS_OP_TIME DESC)
---------------------- End 2026-07-07 10:38:04 675 ------------------------
 [end]

[start] [INFO] [2026-07-07 10:38:04.684] [C011026_C011026CPM1] 
---------------------Begin 2026-07-07 10:38:04 682    CREATE_BU:C011026    CREATE_BY:C011026CPM1 ---------------------
[01]  SELECT C_INACTIVE FROM CEUSER.SEC_USER_INFO WHERE C_USER_ID = 'C011026CPM1' AND C_UNIT_CODE = 'C011026' 
---------------------- End 2026-07-07 10:38:04 683 ------------------------
 [end]

[start] [INFO] [2026-07-07 10:38:04.686] [C011026_C011026CPM1] 
---------------------Begin 2026-07-07 10:38:04 684    CREATE_BU:C011026    CREATE_BY:C011026CPM1 ---------------------
[01]  SELECT C_INACTIVE FROM CEUSER.SEC_USER_INFO WHERE C_USER_ID = 'C011026CPM1' AND C_UNIT_CODE = 'C011026' 
---------------------- End 2026-07-07 10:38:04 685 ------------------------
 [end]

[start] [INFO] [2026-07-07 10:38:04.694] [C011026_C011026CPM1] 
---------------------Begin 2026-07-07 10:38:04 691    CREATE_BU:C011026    CREATE_BY:C011026CPM1 ---------------------
[01]  SELECT * FROM CEUSER.SEC_BUSINESS_UNIT WHERE C_UNIT_CODE = 'C011026' 
---------------------- End 2026-07-07 10:38:04 692 ------------------------
 [end]

[start] [INFO] [2026-07-07 10:38:04.694] [C011026_C011026CPM1] 
---------------------Begin 2026-07-07 10:38:04 693    CREATE_BU:C011026    CREATE_BY:C011026CPM1 ---------------------
[01]  SELECT C_FUNC_ID,T_OP_TIME FROM CETRX.TRX_FAVOR_FUNC  WHERE  C_UNIT_CODE = 'C011026'  AND  C_USER_ID = 'C011026CPM1'  ORDER BY  T_OP_TIME DESC 
---------------------- End 2026-07-07 10:38:04 693 ------------------------
 [end]

[start] [INFO] [2026-07-07 10:38:04.712] [C011026_C011026CPM1] 
---------------------Begin 2026-07-07 10:38:04 709    CREATE_BU:C011026    CREATE_BY:C011026CPM1 ---------------------
[01]  SELECT C_INACTIVE FROM CEUSER.SEC_USER_INFO WHERE C_USER_ID = 'C011026CPM1' AND C_UNIT_CODE = 'C011026' 
---------------------- End 2026-07-07 10:38:04 711 ------------------------
 [end]

[start] [INFO] [2026-07-07 10:38:04.741] [C011026_C011026CPM1] 
---------------------Begin 2026-07-07 10:38:04 738    CREATE_BU:C011026    CREATE_BY:C011026CPM1 ---------------------
[01]  SELECT C_IS_ACTIVE FROM CEUSER.SEC_WIDGETS_V2_LIST  WHERE  C_WIDGET_NAME = 'ShortcutMenu'  AND  C_ROLE_NAME IN ('MAKER') 
---------------------- End 2026-07-07 10:38:04 740 ------------------------
 [end]

[start] [INFO] [2026-07-07 10:38:04.773] [C011026_C011026CPM1] 
---------------------Begin 2026-07-07 10:38:04 771    CREATE_BU:C011026    CREATE_BY:C011026CPM1 ---------------------
[01]  SELECT C_AUTH_RULE FROM CEUSER.SEC_USER_INFO WHERE C_BK_GROUP_ID = 'CSBANK' AND C_UNIT_CODE = 'C011026' AND C_USER_ID = 'C011026CPM1' 
---------------------- End 2026-07-07 10:38:04 772 ------------------------
 [end]

[start] [INFO] [2026-07-07 10:38:04.784] [C011026_C011026CPM1] 
---------------------Begin 2026-07-07 10:38:04 742    CREATE_BU:C011026    CREATE_BY:C011026CPM1 ---------------------
[01]  SELECT C_FUNC_ID,C_MODULE FROM CETRX.TRX_ACT_LOG WHERE C_FUNC_ID IS NOT NULL AND C_UNIT_CODE = 'C011026' AND C_USER_ID = 'C011026CPM1' AND D_SYS_OP_DATE BETWEEN TO_DATE('2026-06-07','yyyy-MM-dd') AND TO_DATE('2026-07-07','yyyy-MM-dd') ORDER BY D_SYS_OP_DATE DESC,T_SYS_OP_TIME DESC
---------------------- End 2026-07-07 10:38:04 782 ------------------------
 [end]

[start] [INFO] [2026-07-07 10:38:04.798] [C011026_C011026CPM1] 
---------------------Begin 2026-07-07 10:38:04 793    CREATE_BU:C011026    CREATE_BY:C011026CPM1 ---------------------
[01]  SELECT C_AUTH_RULE FROM CEUSER.SEC_BUSINESS_UNIT WHERE C_BK_GROUP_ID = 'CSBANK' AND C_UNIT_CODE = 'C011026' 
---------------------- End 2026-07-07 10:38:04 797 ------------------------
 [end]

[start] [INFO] [2026-07-07 10:38:04.808] [C011026_C011026CPM1] 
---------------------Begin 2026-07-07 10:38:04 803    CREATE_BU:C011026    CREATE_BY:C011026CPM1 ---------------------
[01]  SELECT C_INACTIVE FROM CEUSER.SEC_USER_INFO WHERE C_USER_ID = 'C011026CPM1' AND C_UNIT_CODE = 'C011026' 
---------------------- End 2026-07-07 10:38:04 804 ------------------------
 [end]

[start] [INFO] [2026-07-07 10:38:04.828] [C011026_C011026CPM1] 
---------------------Begin 2026-07-07 10:38:04 826    CREATE_BU:C011026    CREATE_BY:C011026CPM1 ---------------------
[01]  SELECT C_INACTIVE FROM CEUSER.SEC_USER_INFO WHERE C_USER_ID = 'C011026CPM1' AND C_UNIT_CODE = 'C011026' 
---------------------- End 2026-07-07 10:38:04 827 ------------------------
 [end]

[start] [INFO] [2026-07-07 10:38:04.828] [C011026_C011026CPM1] 
---------------------Begin 2026-07-07 10:38:04 825    CREATE_BU:C011026    CREATE_BY:C011026CPM1 ---------------------
[01]  SELECT A.C_REPORT_ID,A.C_GRP_CODE,A.C_USER_ID,A.T_PIN_DATE,B.C_SOURCE_REPORT,B.C_REPORT_NAME,B.T_UPDATE_DATE,C.C_USER_DESC FROM CETRX.TRX_USER_REPORT_PIN A LEFT JOIN CETRX.TRX_USER_REPORT B ON A.C_REPORT_ID = B.C_REPORT_ID  LEFT JOIN CEUSER.SEC_USER_INFO C ON A.C_GRP_CODE = C.C_UNIT_CODE AND A.C_USER_ID = C.C_USER_ID  WHERE  A.C_GRP_CODE = 'C011026'  AND  A.C_USER_ID = 'C011026CPM1'  ORDER BY B.T_UPDATE_DATE DESC
---------------------- End 2026-07-07 10:38:04 827 ------------------------
 [end]

[start] [INFO] [2026-07-07 10:38:04.860] [C011026_C011026CPM1] 
---------------------Begin 2026-07-07 10:38:04 858    CREATE_BU:C011026    CREATE_BY:C011026CPM1 ---------------------
[01]  SELECT C_INACTIVE FROM CEUSER.SEC_USER_INFO WHERE C_USER_ID = 'C011026CPM1' AND C_UNIT_CODE = 'C011026' 
---------------------- End 2026-07-07 10:38:04 859 ------------------------
 [end]

[start] [INFO] [2026-07-07 10:38:04.861] [C011026_C011026CPM1] 
---------------------Begin 2026-07-07 10:38:04 858    CREATE_BU:C011026    CREATE_BY:C011026CPM1 ---------------------
[01]  SELECT FA_DOC_DUE_DT AS GROUP_DATE, COUNT(*) AS ASCOUNT FROM (SELECT C_PRODUCT_ID, C_MAIN_REF, C_CUST_ID, C_TRX_REF, I_EVENT_TIMES, C_BK_GROUP_ID, C_UNIT_CODE, FA_SEL_NM, FA_BUYER_NM, FA_DOC_CCY, FA_DOC_AMT, AUTH_AMT, AUTH_CCY, PARENT_MAIN_REF, FA_DOC_DT, FA_DOC_DUE_DT, CURRNT_STATUS, C_TRX_STATUS, D_CREA_DATE, D_RELE_DATE, C_FUNC_ID, C_EVENT_NAME, C_EVENT_STATUS, C_NOW_EVENT, C_LOCKED_FLAG, C_LOCKED_OP, C_RELE_BY FROM CETRX.FAEF_EM_INV WHERE   C_BK_GROUP_ID = 'CSBANK'  AND (( C_UNIT_CODE = 'C011026'  AND  C_PRODUCT_ID = 'P19080800001' )) AND C_TRX_STATUS IN ('P', 'A', 'T', 'R', 'M') AND FA_DOC_DUE_DT >= TO_DATE('2026-01-01', 'YYYY-MM-DD') AND FA_DOC_DUE_DT <= TO_DATE('2026-12-31', 'YYYY-MM-DD') ) TEMP_TABLE GROUP BY FA_DOC_DUE_DT
---------------------- End 2026-07-07 10:38:04 860 ------------------------
 [end]

[start] [INFO] [2026-07-07 10:38:04.876] [C011026_C011026CPM1] 
---------------------Begin 2026-07-07 10:38:04 872    CREATE_BU:C011026    CREATE_BY:C011026CPM1 ---------------------
[01]  SELECT C_CRITERIA_DATA,C_TMPL_NAME,C_IS_DEFAULT FROM CETRX.STD_SEARCH_CRITERIA  WHERE  C_UNIT_CODE = 'C011026'  AND  C_USER_ID = 'C011026CPM1'  AND  C_CATA_ID = 'C2A_InProgress_Maker'  AND  C_BK_GROUP_ID = 'CSBANK'  AND  I_CRITERIA_TYPE = 4 
---------------------- End 2026-07-07 10:38:04 875 ------------------------
 [end]

[start] [INFO] [2026-07-07 10:38:04.947] [C011026_C011026CPM1] 
---------------------Begin 2026-07-07 10:38:04 944    CREATE_BU:C011026    CREATE_BY:C011026CPM1 ---------------------
[01]  SELECT C_UNIT_CODE,C_UNIT_NAME FROM CEUSER.SEC_BUSINESS_UNIT WHERE C_UNIT_CODE = 'C011026' 
---------------------- End 2026-07-07 10:38:04 945 ------------------------
 [end]

[start] [INFO] [2026-07-07 10:38:05.404] [C011026_C011026CPM1] 
---------------------Begin 2026-07-07 10:38:05 401    CREATE_BU:C011026    CREATE_BY:C011026CPM1 ---------------------
[01]  SELECT C_INACTIVE FROM CEUSER.SEC_USER_INFO WHERE C_USER_ID = 'C011026CPM1' AND C_UNIT_CODE = 'C011026' 
---------------------- End 2026-07-07 10:38:05 403 ------------------------
 [end]

[start] [INFO] [2026-07-07 10:38:05.424] [C011026_C011026CPM1] 
---------------------Begin 2026-07-07 10:38:05 413    CREATE_BU:C011026    CREATE_BY:C011026CPM1 ---------------------
[01]  [Id=C2A_InProgress_Maker]  SELECT T1.C_BK_GROUP_ID, T1.C_MAIN_REF, T1.C_TRX_REF, T1.C_UNIT_CODE, T1.PARENT_MAIN_REF, T1.C_TRX_STATUS, T1.CURRNT_STATUS, (CASE WHEN T1.C_MODULE = 'FADA' OR T1.C_MODULE = 'FAEF' THEN T1.C_TRX_STATUS ELSE T1.C2A_STATUS END) C2A_STATUS, T1.I_EVENT_TIMES, T1.C_MODULE, T1.C_FUNC_ID, T1.C_PRODUCT_ID, T1.C_TRX_ID, T3.C_LOCKED_FLAG, T3.C_LOCKED_OP, T3.C_USER_DESC, T1.D_SYS_OP_DATE, T1.T_SYS_OP_TIME, T1.C2A_CCY, T1.C2A_AMOUNT, T1.C2A_COUNTERPARTY FROM CETRX.TRX_INBOX T1 LEFT JOIN CETRX.TRX_LOCK_INFO T3 ON T1.C_MAIN_REF = T3.C_MAIN_REF AND T1.C_UNIT_CODE = T3.C_UNIT_CODE WHERE   T1.C_BK_GROUP_ID = 'CSBANK'  AND (( T1.C_UNIT_CODE = 'C011026'  AND  T1.C_PRODUCT_ID IN ('FHS0YffwVNuA','P19080800000','P19080800001','P19080800002','epF3a6u4ZGAt') )) AND (T1.C_TRX_STATUS IN ('P', 'T', 'A', 'S') AND (T1.C_MODULE = 'IMLC' OR T1.C_MODULE = 'EXLC' OR T1.C_MODULE = 'FAEF' OR T1.C_MODULE = 'FADA' OR T1.C_MODULE = 'ABLF') AND T1.C2A_STATUS NOT IN ('Discrepancies rejected_fully authorized') OR T1.C_TRX_STATUS = 'M' AND (T1.C_MODULE = 'IMLC' AND T1.C2A_STATUS NOT IN ('Issued', 'Amended', 'Beneficiary rejected', 'Settled') OR T1.C_MODULE = 'EXCO' AND T1.CURRNT_STATUS NOT IN ('Payment Advice') OR T1.C_MODULE = 'EXLC' AND T1.CURRNT_STATUS NOT IN ('Settled', 'Advise Received', 'Amendment Received', 'Docment Received') OR T1.C_MODULE = 'FAEF' AND T1.CURRNT_STATUS NOT IN ('Settled', 'Advise Received') OR T1.C_MODULE = 'FADA' AND T1.CURRNT_STATUS NOT IN ('Settled', 'Advise Received') OR T1.C_MODULE = 'ABLF' AND T1.CURRNT_STATUS NOT IN ('Settled', 'Advise Received'))) AND T1.C_TRX_ID NOT IN (SELECT C_TRX_ID FROM CETRX.TRX_USER_DISMISS WHERE C_USER_ID = 'C011026CPM1' AND C_GRP_CODE = 'C011026') AND (T1.C_MODULE = 'IMLC' OR T1.C_MODULE = 'EXLC' OR T1.C_MODULE = 'FAEF' OR T1.C_MODULE = 'FADA' OR T1.C_MODULE = 'ABLF') ORDER BY T1.D_SYS_OP_DATE DESC, T1.T_SYS_OP_TIME DESC
---------------------- End 2026-07-07 10:38:05 423 ------------------------
 [end]

[start] [INFO] [2026-07-07 10:38:05.479] [C011026_C011026CPM1] 
---------------------Begin 2026-07-07 10:38:05 477    CREATE_BU:C011026    CREATE_BY:C011026CPM1 ---------------------
[01]  SELECT C_UNIT_CODE,C_UNIT_NAME FROM CEUSER.SEC_BUSINESS_UNIT WHERE C_UNIT_CODE = 'C011026' 
---------------------- End 2026-07-07 10:38:05 478 ------------------------
 [end]

[start] [INFO] [2026-07-07 10:38:05.485] [C011026_C011026CPM1] 
---------------------Begin 2026-07-07 10:38:05 483    CREATE_BU:C011026    CREATE_BY:C011026CPM1 ---------------------
[01]  SELECT C_CRITERIA_DATA,C_TMPL_NAME,C_IS_DEFAULT FROM CETRX.STD_SEARCH_CRITERIA  WHERE  C_UNIT_CODE = 'C011026'  AND  C_USER_ID = 'C011026CPM1'  AND  C_CATA_ID = 'C2A_InProgress_Maker'  AND  C_BK_GROUP_ID = 'CSBANK'  AND  I_CRITERIA_TYPE = 4 
---------------------- End 2026-07-07 10:38:05 483 ------------------------
 [end]

[start] [INFO] [2026-07-07 10:38:08.634] [C011026_C011026CPM1] 
---------------------Begin 2026-07-07 10:38:08 631    CREATE_BU:C011026    CREATE_BY:C011026CPM1 ---------------------
[01]  SELECT C_INACTIVE FROM CEUSER.SEC_USER_INFO WHERE C_USER_ID = 'C011026CPM1' AND C_UNIT_CODE = 'C011026' 
---------------------- End 2026-07-07 10:38:08 633 ------------------------
 [end]

[start] [INFO] [2026-07-07 10:38:08.637] [C011026_C011026CPM1] 
---------------------Begin 2026-07-07 10:38:08 635    CREATE_BU:C011026    CREATE_BY:C011026CPM1 ---------------------
[01]  SELECT C_IS_INFORM FROM CEUSER.SEC_LOGIN_SESSION WHERE C_SESSION_ID = 'mK7iFHXn5kigXIrCX90qYOk' 
---------------------- End 2026-07-07 10:38:08 636 ------------------------
 [end]

[start] [INFO] [2026-07-07 10:38:08.656] [C011026_C011026CPM1] 
---------------------Begin 2026-07-07 10:38:08 642    CREATE_BU:C011026    CREATE_BY:C011026CPM1 ---------------------
[01]  INSERT INTO CETRX.TRX_ACT_LOG (C_LOG_ID,C_BK_GROUP_ID,C_CNTY_CODE,C_GRP_CODE,C_UNIT_CODE,C_USER_ID,C_IP_ADDRESS,C_FUNC_ID,D_CREA_DATE,T_CREA_TIME,D_SYS_OP_DATE,T_SYS_OP_TIME,D_SYS_TRT_DATE,T_SYS_TRT_TIME,C_BUSI_KEY) VALUES ('8A8284979F3AE4D3019F3B4C5F01031E','CSBANK','US','C011026','C011026','C011026CPM1','10.3.1.13','LogOut',TO_DATE('2026-07-07','YYYY-MM-DD'),TO_DATE('06:38:08','HH24:MI:SS'),TO_DATE('2026-07-07','YYYY-MM-DD'),TO_DATE('06:38:08','HH24:MI:SS'),TO_DATE('2026-07-07','YYYY-MM-DD'),TO_DATE('06:38:08','HH24:MI:SS'),'C011026;C011026CPM1')
---------------------- End 2026-07-07 10:38:08 653 ------------------------
 [end]

[start] [INFO] [2026-07-07 10:38:08.694] [C011026_C011026CPM1] 
---------------------Begin 2026-07-07 10:38:08 659    CREATE_BU:C011026    CREATE_BY:C011026CPM1 ---------------------
[01]  DELETE FROM CEUSER.SEC_LOGIN_SESSION WHERE C_BK_GROUP_ID = 'CSBANK' AND C_USER_ID = 'C011026CPM1' AND C_UNIT_CODE = 'C011026' AND C_SESSION_ID = 'mK7iFHXn5kigXIrCX90qYOk' 
---------------------- End 2026-07-07 10:38:08 693 ------------------------
 [end]
