
[start] [INFO] [2026-07-07 20:30:37.358] [CSOFFICE_superofficer] 
---------------------Begin 2026-07-07 20:30:37 354    CREATE_BU:CSOFFICE    CREATE_BY:superofficer ---------------------
[01]  SELECT C_INACTIVE FROM CEUSER.SEC_USER_INFO WHERE C_USER_ID = 'superofficer' AND C_UNIT_CODE = 'CSOFFICE' 
---------------------- End 2026-07-07 20:30:37 356 ------------------------
 [end]

[start] [INFO] [2026-07-07 20:30:37.363] [CSOFFICE_superofficer] 
---------------------Begin 2026-07-07 20:30:37 360    CREATE_BU:CSOFFICE    CREATE_BY:superofficer ---------------------
[01]  SELECT C_IS_INFORM FROM CEUSER.SEC_LOGIN_SESSION WHERE C_SESSION_ID = 'tQyK3wymJ7avhaWqWmZPTRg' 
---------------------- End 2026-07-07 20:30:37 362 ------------------------
 [end]

[start] [INFO] [2026-07-07 20:39:06.355] [CSOFFICE_superofficer] 
---------------------Begin 2026-07-07 20:39:06 352    CREATE_BU:CSOFFICE    CREATE_BY:superofficer ---------------------
[01]  SELECT C_INACTIVE FROM CEUSER.SEC_USER_INFO WHERE C_USER_ID = 'superofficer' AND C_UNIT_CODE = 'CSOFFICE' 
---------------------- End 2026-07-07 20:39:06 354 ------------------------
 [end]

[start] [INFO] [2026-07-07 20:39:06.360] [CSOFFICE_superofficer] 
---------------------Begin 2026-07-07 20:39:06 357    CREATE_BU:CSOFFICE    CREATE_BY:superofficer ---------------------
[01]  SELECT C_IS_INFORM FROM CEUSER.SEC_LOGIN_SESSION WHERE C_SESSION_ID = 'tQyK3wymJ7avhaWqWmZPTRg' 
---------------------- End 2026-07-07 20:39:06 358 ------------------------
 [end]

[start] [INFO] [2026-07-07 20:42:19.959] [CSOFFICE_superofficer] 
---------------------Begin 2026-07-07 20:42:19 955    CREATE_BU:CSOFFICE    CREATE_BY:superofficer ---------------------
[01]  SELECT C_INACTIVE FROM CEUSER.SEC_USER_INFO WHERE C_USER_ID = 'superofficer' AND C_UNIT_CODE = 'CSOFFICE' 
---------------------- End 2026-07-07 20:42:19 957 ------------------------
 [end]

[start] [INFO] [2026-07-07 20:42:19.965] [CSOFFICE_superofficer] 
---------------------Begin 2026-07-07 20:42:19 960    CREATE_BU:CSOFFICE    CREATE_BY:superofficer ---------------------
[01]  SELECT C_IS_INFORM FROM CEUSER.SEC_LOGIN_SESSION WHERE C_SESSION_ID = 'tQyK3wymJ7avhaWqWmZPTRg' 
---------------------- End 2026-07-07 20:42:19 963 ------------------------
 [end]

[start] [INFO] [2026-07-07 20:46:18.037] [CSOFFICE_superofficer] 
---------------------Begin 2026-07-07 20:46:18 022    CREATE_BU:CSOFFICE    CREATE_BY:superofficer ---------------------
[01]  SELECT C_INACTIVE FROM CEUSER.SEC_USER_INFO WHERE C_USER_ID = 'superofficer' AND C_UNIT_CODE = 'CSOFFICE' 
---------------------- End 2026-07-07 20:46:18 025 ------------------------
 [end]

[start] [INFO] [2026-07-07 20:46:18.052] [CSOFFICE_superofficer] 
---------------------Begin 2026-07-07 20:46:18 044    CREATE_BU:CSOFFICE    CREATE_BY:superofficer ---------------------
[01]  SELECT C_IS_INFORM FROM CEUSER.SEC_LOGIN_SESSION WHERE C_SESSION_ID = 'tQyK3wymJ7avhaWqWmZPTRg' 
---------------------- End 2026-07-07 20:46:18 048 ------------------------
 [end]

[start] [INFO] [2026-07-07 20:46:21.561] [CSOFFICE_superofficer] 
---------------------Begin 2026-07-07 20:46:21 552    CREATE_BU:CSOFFICE    CREATE_BY:superofficer ---------------------
[01]  SELECT C_INACTIVE FROM CEUSER.SEC_USER_INFO WHERE C_USER_ID = 'superofficer' AND C_UNIT_CODE = 'CSOFFICE' 
---------------------- End 2026-07-07 20:46:21 554 ------------------------
 [end]

[start] [INFO] [2026-07-07 20:46:21.571] [CSOFFICE_superofficer] 
---------------------Begin 2026-07-07 20:46:21 564    CREATE_BU:CSOFFICE    CREATE_BY:superofficer ---------------------
[01]  SELECT C_IS_INFORM FROM CEUSER.SEC_LOGIN_SESSION WHERE C_SESSION_ID = 'tQyK3wymJ7avhaWqWmZPTRg' 
---------------------- End 2026-07-07 20:46:21 568 ------------------------
 [end]

[start] [INFO] [2026-07-07 20:46:24.156] [CSOFFICE_superofficer] 
---------------------Begin 2026-07-07 20:46:24 152    CREATE_BU:CSOFFICE    CREATE_BY:superofficer ---------------------
[01]  SELECT C_INACTIVE FROM CEUSER.SEC_USER_INFO WHERE C_USER_ID = 'superofficer' AND C_UNIT_CODE = 'CSOFFICE' 
---------------------- End 2026-07-07 20:46:24 154 ------------------------
 [end]

[start] [INFO] [2026-07-07 20:46:24.161] [CSOFFICE_superofficer] 
---------------------Begin 2026-07-07 20:46:24 158    CREATE_BU:CSOFFICE    CREATE_BY:superofficer ---------------------
[01]  SELECT C_IS_INFORM FROM CEUSER.SEC_LOGIN_SESSION WHERE C_SESSION_ID = 'tQyK3wymJ7avhaWqWmZPTRg' 
---------------------- End 2026-07-07 20:46:24 159 ------------------------
 [end]

[start] [INFO] [2026-07-07 20:46:28.645] [CSOFFICE_superofficer] 
---------------------Begin 2026-07-07 20:46:28 641    CREATE_BU:CSOFFICE    CREATE_BY:superofficer ---------------------
[01]  SELECT C_INACTIVE FROM CEUSER.SEC_USER_INFO WHERE C_USER_ID = 'superofficer' AND C_UNIT_CODE = 'CSOFFICE' 
---------------------- End 2026-07-07 20:46:28 643 ------------------------
 [end]

[start] [INFO] [2026-07-07 20:46:28.649] [CSOFFICE_superofficer] 
---------------------Begin 2026-07-07 20:46:28 647    CREATE_BU:CSOFFICE    CREATE_BY:superofficer ---------------------
[01]  SELECT C_IS_INFORM FROM CEUSER.SEC_LOGIN_SESSION WHERE C_SESSION_ID = 'tQyK3wymJ7avhaWqWmZPTRg' 
---------------------- End 2026-07-07 20:46:28 648 ------------------------
 [end]

[start] [INFO] [2026-07-07 20:49:23.779] [CSOFFICE_superofficer] 
---------------------Begin 2026-07-07 20:49:23 777    CREATE_BU:CSOFFICE    CREATE_BY:superofficer ---------------------
[01]  SELECT C_INACTIVE FROM CEUSER.SEC_USER_INFO WHERE C_USER_ID = 'superofficer' AND C_UNIT_CODE = 'CSOFFICE' 
---------------------- End 2026-07-07 20:49:23 778 ------------------------
 [end]

[start] [INFO] [2026-07-07 20:49:23.782] [CSOFFICE_superofficer] 
---------------------Begin 2026-07-07 20:49:23 780    CREATE_BU:CSOFFICE    CREATE_BY:superofficer ---------------------
[01]  SELECT C_IS_INFORM FROM CEUSER.SEC_LOGIN_SESSION WHERE C_SESSION_ID = 'tQyK3wymJ7avhaWqWmZPTRg' 
---------------------- End 2026-07-07 20:49:23 781 ------------------------
 [end]

[start] [INFO] [2026-07-07 20:50:57.785] [CSOFFICE_superofficer] 
---------------------Begin 2026-07-07 20:50:57 783    CREATE_BU:CSOFFICE    CREATE_BY:superofficer ---------------------
[01]  SELECT C_INACTIVE FROM CEUSER.SEC_USER_INFO WHERE C_USER_ID = 'superofficer' AND C_UNIT_CODE = 'CSOFFICE' 
---------------------- End 2026-07-07 20:50:57 784 ------------------------
 [end]

[start] [INFO] [2026-07-07 20:50:57.788] [CSOFFICE_superofficer] 
---------------------Begin 2026-07-07 20:50:57 786    CREATE_BU:CSOFFICE    CREATE_BY:superofficer ---------------------
[01]  SELECT C_IS_INFORM FROM CEUSER.SEC_LOGIN_SESSION WHERE C_SESSION_ID = 'tQyK3wymJ7avhaWqWmZPTRg' 
---------------------- End 2026-07-07 20:50:57 787 ------------------------
 [end]

[start] [INFO] [2026-07-07 20:58:52.786] [CSOFFICE_superofficer] 
---------------------Begin 2026-07-07 20:58:52 779    CREATE_BU:CSOFFICE    CREATE_BY:superofficer ---------------------
[01]  DELETE FROM CEUSER.SEC_LOGIN_SESSION WHERE C_BK_GROUP_ID = 'CSBANK' AND C_USER_ID = 'superofficer' AND C_UNIT_CODE = 'CSOFFICE' AND C_SESSION_ID = 'nt0l9O9pBsUMGJYVfmsnbh4' 
---------------------- End 2026-07-07 20:58:52 783 ------------------------
 [end]

[start] [INFO] [2026-07-07 21:00:58.508] [CSOFFICE_superofficer] 
---------------------Begin 2026-07-07 21:00:58 506    CREATE_BU:CSOFFICE    CREATE_BY:superofficer ---------------------
[01]  SELECT C_INACTIVE FROM CEUSER.SEC_USER_INFO WHERE C_USER_ID = 'superofficer' AND C_UNIT_CODE = 'CSOFFICE' 
---------------------- End 2026-07-07 21:00:58 507 ------------------------
 [end]

[start] [INFO] [2026-07-07 21:00:58.511] [CSOFFICE_superofficer] 
---------------------Begin 2026-07-07 21:00:58 509    CREATE_BU:CSOFFICE    CREATE_BY:superofficer ---------------------
[01]  SELECT C_IS_INFORM FROM CEUSER.SEC_LOGIN_SESSION WHERE C_SESSION_ID = 'tQyK3wymJ7avhaWqWmZPTRg' 
---------------------- End 2026-07-07 21:00:58 510 ------------------------
 [end]

[start] [INFO] [2026-07-07 21:03:44.612] [CSOFFICE_superofficer] 
---------------------Begin 2026-07-07 21:03:44 610    CREATE_BU:CSOFFICE    CREATE_BY:superofficer ---------------------
[01]  SELECT C_INACTIVE FROM CEUSER.SEC_USER_INFO WHERE C_USER_ID = 'superofficer' AND C_UNIT_CODE = 'CSOFFICE' 
---------------------- End 2026-07-07 21:03:44 611 ------------------------
 [end]

[start] [INFO] [2026-07-07 21:03:44.615] [CSOFFICE_superofficer] 
---------------------Begin 2026-07-07 21:03:44 613    CREATE_BU:CSOFFICE    CREATE_BY:superofficer ---------------------
[01]  SELECT C_IS_INFORM FROM CEUSER.SEC_LOGIN_SESSION WHERE C_SESSION_ID = 'tQyK3wymJ7avhaWqWmZPTRg' 
---------------------- End 2026-07-07 21:03:44 613 ------------------------
 [end]

[start] [INFO] [2026-07-07 21:09:59.706] [CSOFFICE_superofficer] 
---------------------Begin 2026-07-07 21:09:59 704    CREATE_BU:CSOFFICE    CREATE_BY:superofficer ---------------------
[01]  SELECT to_char(systimestamp, 'yyyy-mm-dd hh24:mi:ssxff') AS sysDT FROM dual
---------------------- End 2026-07-07 21:09:59 705 ------------------------
 [end]

[start] [INFO] [2026-07-07 21:09:59.712] [CSOFFICE_superofficer] 
---------------------Begin 2026-07-07 21:09:59 710    CREATE_BU:CSOFFICE    CREATE_BY:superofficer ---------------------
[01]  SELECT C_INACTIVE FROM CEUSER.SEC_USER_INFO WHERE C_USER_ID = 'superofficer' AND C_UNIT_CODE = 'CSOFFICE' 
---------------------- End 2026-07-07 21:09:59 711 ------------------------
 [end]

[start] [INFO] [2026-07-07 21:09:59.715] [CSOFFICE_superofficer] 
---------------------Begin 2026-07-07 21:09:59 713    CREATE_BU:CSOFFICE    CREATE_BY:superofficer ---------------------
[01]  SELECT C_IS_INFORM FROM CEUSER.SEC_LOGIN_SESSION WHERE C_SESSION_ID = 'tQyK3wymJ7avhaWqWmZPTRg' 
---------------------- End 2026-07-07 21:09:59 714 ------------------------
 [end]

[start] [INFO] [2026-07-07 21:09:59.727] [CSOFFICE_superofficer] 
---------------------Begin 2026-07-07 21:09:59 721    CREATE_BU:CSOFFICE    CREATE_BY:superofficer ---------------------
[01]  INSERT INTO CETRX.TRX_ACT_LOG (C_LOG_ID,C_BK_GROUP_ID,C_CNTY_CODE,C_GRP_CODE,C_UNIT_CODE,C_USER_ID,C_IP_ADDRESS,C_FUNC_ID,D_CREA_DATE,T_CREA_TIME,D_SYS_OP_DATE,T_SYS_OP_TIME,D_SYS_TRT_DATE,T_SYS_TRT_TIME,C_BUSI_KEY) VALUES ('8A8284979F3CBD84019F3D8ED92800AB','CSBANK','US','CSOFFICE','CSOFFICE','superofficer','10.3.1.9','LogOut',TO_DATE('2026-07-07','YYYY-MM-DD'),TO_DATE('17:09:59','HH24:MI:SS'),TO_DATE('2026-07-07','YYYY-MM-DD'),TO_DATE('17:09:59','HH24:MI:SS'),TO_DATE('2026-07-07','YYYY-MM-DD'),TO_DATE('17:09:59','HH24:MI:SS'),'CSOFFICE;superofficer')
---------------------- End 2026-07-07 21:09:59 725 ------------------------
 [end]

[start] [INFO] [2026-07-07 21:09:59.842] [CSOFFICE_superofficer] 
---------------------Begin 2026-07-07 21:09:59 729    CREATE_BU:CSOFFICE    CREATE_BY:superofficer ---------------------
[01]  DELETE FROM CEUSER.SEC_LOGIN_SESSION WHERE C_BK_GROUP_ID = 'CSBANK' AND C_USER_ID = 'superofficer' AND C_UNIT_CODE = 'CSOFFICE' AND C_SESSION_ID = 'tQyK3wymJ7avhaWqWmZPTRg' 
---------------------- End 2026-07-07 21:09:59 840 ------------------------
 [end]

[start] [INFO] [2026-07-07 21:12:24.657] [CSOFFICE_superofficer] 
---------------------Begin 2026-07-07 21:12:24 651    CREATE_BU:CSOFFICE    CREATE_BY:superofficer ---------------------
[01]  DELETE FROM CEUSER.SEC_LOGIN_SESSION WHERE C_USER_ID = 'superofficer' AND C_UNIT_CODE = 'CSOFFICE' AND C_BK_GROUP_ID = 'CSBANK' AND C_SESSION_ID = 'D3DKx9Vr2HCr4v22UbB4tjz' 
[02]  UPDATE CEUSER.SEC_LOGIN_SESSION SET C_IS_INFORM = 'T' WHERE C_USER_ID = 'superofficer' AND C_UNIT_CODE = 'CSOFFICE' AND C_BK_GROUP_ID = 'CSBANK' 
[03]  INSERT INTO CEUSER.SEC_LOGIN_SESSION (C_BK_GROUP_ID,C_UNIT_CODE,C_USER_ID,C_SESSION_ID,C_IS_INFORM) VALUES ('CSBANK','CSOFFICE','superofficer','D3DKx9Vr2HCr4v22UbB4tjz','F')
---------------------- End 2026-07-07 21:12:24 656 ------------------------
 [end]

[start] [INFO] [2026-07-07 21:12:24.669] [CSOFFICE_superofficer] 
---------------------Begin 2026-07-07 21:12:24 663    CREATE_BU:CSOFFICE    CREATE_BY:superofficer ---------------------
[01]  INSERT INTO CETRX.TRX_ACT_LOG (C_LOG_ID,C_BK_GROUP_ID,C_CNTY_CODE,C_GRP_CODE,C_UNIT_CODE,C_USER_ID,C_IP_ADDRESS,C_FUNC_ID,D_CREA_DATE,T_CREA_TIME,D_SYS_OP_DATE,T_SYS_OP_TIME,D_SYS_TRT_DATE,T_SYS_TRT_TIME,C_BUSI_KEY) VALUES ('8A8284979F3CBD84019F3D910F5500CC','CSBANK','US','CSOFFICE','CSOFFICE','superofficer','10.3.1.9','Login',TO_DATE('2026-07-07','YYYY-MM-DD'),TO_DATE('17:12:24','HH24:MI:SS'),TO_DATE('2026-07-07','YYYY-MM-DD'),TO_DATE('17:12:24','HH24:MI:SS'),TO_DATE('2026-07-07','YYYY-MM-DD'),TO_DATE('17:12:24','HH24:MI:SS'),'CSOFFICE;superofficer')
---------------------- End 2026-07-07 21:12:24 667 ------------------------
 [end]

[start] [INFO] [2026-07-07 21:12:24.781] [CSOFFICE_superofficer] 
---------------------Begin 2026-07-07 21:12:24 778    CREATE_BU:CSOFFICE    CREATE_BY:superofficer ---------------------
[01]  SELECT T_LAST_LOGIN_TIME FROM CEUSER.SEC_LOGIN_FAILURE_INFO WHERE C_UNIT_CODE = 'CSOFFICE' AND C_USER_ID = 'superofficer' 
---------------------- End 2026-07-07 21:12:24 780 ------------------------
 [end]

[start] [INFO] [2026-07-07 21:12:24.789] [CSOFFICE_superofficer] 
---------------------Begin 2026-07-07 21:12:24 785    CREATE_BU:CSOFFICE    CREATE_BY:superofficer ---------------------
[01]  SELECT T_LAST_LOGIN_TIME FROM CEUSER.SEC_LOGIN_SUCCEED_INFO WHERE C_UNIT_CODE = 'CSOFFICE' AND C_USER_ID = 'superofficer' 
---------------------- End 2026-07-07 21:12:24 787 ------------------------
 [end]

[start] [INFO] [2026-07-07 21:12:25.080] [CSOFFICE_superofficer] 
---------------------Begin 2026-07-07 21:12:25 075    CREATE_BU:CSOFFICE    CREATE_BY:superofficer ---------------------
[01]  SELECT C_INACTIVE FROM CEUSER.SEC_USER_INFO WHERE C_USER_ID = 'superofficer' AND C_UNIT_CODE = 'CSOFFICE' 
---------------------- End 2026-07-07 21:12:25 077 ------------------------
 [end]

[start] [INFO] [2026-07-07 21:12:25.109] [CSOFFICE_superofficer] 
---------------------Begin 2026-07-07 21:12:25 105    CREATE_BU:CSOFFICE    CREATE_BY:superofficer ---------------------
[01]  SELECT C_INACTIVE FROM CEUSER.SEC_USER_INFO WHERE C_USER_ID = 'superofficer' AND C_UNIT_CODE = 'CSOFFICE' 
---------------------- End 2026-07-07 21:12:25 107 ------------------------
 [end]

[start] [INFO] [2026-07-07 21:12:25.130] [CSOFFICE_superofficer] 
---------------------Begin 2026-07-07 21:12:25 127    CREATE_BU:CSOFFICE    CREATE_BY:superofficer ---------------------
[01]  SELECT C_INACTIVE FROM CEUSER.SEC_USER_INFO WHERE C_USER_ID = 'superofficer' AND C_UNIT_CODE = 'CSOFFICE' 
---------------------- End 2026-07-07 21:12:25 129 ------------------------
 [end]

[start] [INFO] [2026-07-07 21:12:25.143] [CSOFFICE_superofficer] 
---------------------Begin 2026-07-07 21:12:25 140    CREATE_BU:CSOFFICE    CREATE_BY:superofficer ---------------------
[01]  SELECT * FROM CEUSER.SEC_BUSINESS_UNIT WHERE C_UNIT_CODE = 'CSOFFICE' 
---------------------- End 2026-07-07 21:12:25 142 ------------------------
 [end]

[start] [INFO] [2026-07-07 21:12:25.368] [CSOFFICE_superofficer] 
---------------------Begin 2026-07-07 21:12:25 364    CREATE_BU:CSOFFICE    CREATE_BY:superofficer ---------------------
[01]  SELECT C_AUTH_RULE FROM CEUSER.SEC_USER_INFO WHERE C_BK_GROUP_ID = 'CSBANK' AND C_UNIT_CODE = 'CSOFFICE' AND C_USER_ID = 'superofficer' 
---------------------- End 2026-07-07 21:12:25 367 ------------------------
 [end]

[start] [INFO] [2026-07-07 21:12:25.374] [CSOFFICE_superofficer] 
---------------------Begin 2026-07-07 21:12:25 370    CREATE_BU:CSOFFICE    CREATE_BY:superofficer ---------------------
[01]  SELECT C_AUTH_RULE FROM CEUSER.SEC_BUSINESS_UNIT WHERE C_BK_GROUP_ID = 'CSBANK' AND C_UNIT_CODE = 'CSOFFICE' 
---------------------- End 2026-07-07 21:12:25 372 ------------------------
 [end]

[start] [INFO] [2026-07-07 21:12:25.563] [CSOFFICE_superofficer] 
---------------------Begin 2026-07-07 21:12:25 558    CREATE_BU:CSOFFICE    CREATE_BY:superofficer ---------------------
[01]  SELECT C_INACTIVE FROM CEUSER.SEC_USER_INFO WHERE C_USER_ID = 'superofficer' AND C_UNIT_CODE = 'CSOFFICE' 
---------------------- End 2026-07-07 21:12:25 561 ------------------------
 [end]

[start] [INFO] [2026-07-07 21:12:25.572] [CSOFFICE_superofficer] 
---------------------Begin 2026-07-07 21:12:25 566    CREATE_BU:CSOFFICE    CREATE_BY:superofficer ---------------------
[01]  SELECT C_IS_INFORM FROM CEUSER.SEC_LOGIN_SESSION WHERE C_SESSION_ID = 'D3DKx9Vr2HCr4v22UbB4tjz' 
---------------------- End 2026-07-07 21:12:25 570 ------------------------
 [end]

[start] [INFO] [2026-07-07 21:12:28.109] [CSOFFICE_superofficer] 
---------------------Begin 2026-07-07 21:12:28 107    CREATE_BU:CSOFFICE    CREATE_BY:superofficer ---------------------
[01]  SELECT to_char(systimestamp, 'yyyy-mm-dd hh24:mi:ssxff') AS sysDT FROM dual
---------------------- End 2026-07-07 21:12:28 108 ------------------------
 [end]

[start] [INFO] [2026-07-07 21:12:28.116] [CSOFFICE_superofficer] 
---------------------Begin 2026-07-07 21:12:28 113    CREATE_BU:CSOFFICE    CREATE_BY:superofficer ---------------------
[01]  SELECT C_INACTIVE FROM CEUSER.SEC_USER_INFO WHERE C_USER_ID = 'superofficer' AND C_UNIT_CODE = 'CSOFFICE' 
---------------------- End 2026-07-07 21:12:28 114 ------------------------
 [end]

[start] [INFO] [2026-07-07 21:12:28.120] [CSOFFICE_superofficer] 
---------------------Begin 2026-07-07 21:12:28 118    CREATE_BU:CSOFFICE    CREATE_BY:superofficer ---------------------
[01]  SELECT C_IS_INFORM FROM CEUSER.SEC_LOGIN_SESSION WHERE C_SESSION_ID = 'D3DKx9Vr2HCr4v22UbB4tjz' 
---------------------- End 2026-07-07 21:12:28 119 ------------------------
 [end]

[start] [INFO] [2026-07-07 21:12:28.131] [CSOFFICE_superofficer] 
---------------------Begin 2026-07-07 21:12:28 128    CREATE_BU:CSOFFICE    CREATE_BY:superofficer ---------------------
[01]  SELECT C_INACTIVE FROM CEUSER.SEC_USER_INFO WHERE C_USER_ID = 'superofficer' AND C_UNIT_CODE = 'CSOFFICE' 
---------------------- End 2026-07-07 21:12:28 129 ------------------------
 [end]

[start] [INFO] [2026-07-07 21:12:28.133] [CSOFFICE_superofficer] 
---------------------Begin 2026-07-07 21:12:28 131    CREATE_BU:CSOFFICE    CREATE_BY:superofficer ---------------------
[01]  SELECT C_IS_INFORM FROM CEUSER.SEC_LOGIN_SESSION WHERE C_SESSION_ID = 'D3DKx9Vr2HCr4v22UbB4tjz' 
---------------------- End 2026-07-07 21:12:28 132 ------------------------
 [end]

[start] [INFO] [2026-07-07 21:12:28.162] [CSOFFICE_superofficer] 
---------------------Begin 2026-07-07 21:12:28 159    CREATE_BU:CSOFFICE    CREATE_BY:superofficer ---------------------
[01]  SELECT to_char(systimestamp, 'yyyy-mm-dd hh24:mi:ssxff') AS sysDT FROM dual
---------------------- End 2026-07-07 21:12:28 161 ------------------------
 [end]

[start] [INFO] [2026-07-07 21:12:28.172] [CSOFFICE_superofficer] 
---------------------Begin 2026-07-07 21:12:28 170    CREATE_BU:CSOFFICE    CREATE_BY:superofficer ---------------------
[01]  SELECT C_INACTIVE FROM CEUSER.SEC_USER_INFO WHERE C_USER_ID = 'superofficer' AND C_UNIT_CODE = 'CSOFFICE' 
---------------------- End 2026-07-07 21:12:28 171 ------------------------
 [end]

[start] [INFO] [2026-07-07 21:12:28.175] [CSOFFICE_superofficer] 
---------------------Begin 2026-07-07 21:12:28 173    CREATE_BU:CSOFFICE    CREATE_BY:superofficer ---------------------
[01]  SELECT C_IS_INFORM FROM CEUSER.SEC_LOGIN_SESSION WHERE C_SESSION_ID = 'D3DKx9Vr2HCr4v22UbB4tjz' 
---------------------- End 2026-07-07 21:12:28 174 ------------------------
 [end]

[start] [INFO] [2026-07-07 21:12:28.191] [CSOFFICE_superofficer] 
---------------------Begin 2026-07-07 21:12:28 189    CREATE_BU:CSOFFICE    CREATE_BY:superofficer ---------------------
[01]  SELECT to_char(systimestamp, 'yyyy-mm-dd hh24:mi:ssxff') AS sysDT FROM dual
---------------------- End 2026-07-07 21:12:28 190 ------------------------
 [end]

[start] [INFO] [2026-07-07 21:12:28.204] [CSOFFICE_superofficer] 
---------------------Begin 2026-07-07 21:12:28 198    CREATE_BU:CSOFFICE    CREATE_BY:superofficer ---------------------
[01]  INSERT INTO CETRX.TRX_ACT_LOG (C_LOG_ID,C_BK_GROUP_ID,C_CNTY_CODE,C_UNIT_CODE,C_USER_ID,C_IP_ADDRESS,C_FUNC_ID,C_MODULE,C_LOG_INFO,D_CREA_DATE,T_CREA_TIME,D_SYS_OP_DATE,T_SYS_OP_TIME,C_BUSI_KEY) VALUES ('8A8284979F3CBD84019F3D911D2400D0','CSBANK','US','CSOFFICE','superofficer','10.3.1.9','F05030700571','SECU',CSOFFICE/superofficer prepares to process function F05030700571 Batch Manager,TO_DATE('2026-07-07','YYYY-MM-DD'),TO_DATE('17:12:28','HH24:MI:SS'),TO_DATE('2026-07-07','YYYY-MM-DD'),TO_DATE('17:12:28','HH24:MI:SS'),'CSOFFICE;superofficer')
---------------------- End 2026-07-07 21:12:28 202 ------------------------
 [end]

[start] [INFO] [2026-07-07 21:12:28.232] [CSOFFICE_superofficer] 
---------------------Begin 2026-07-07 21:12:28 230    CREATE_BU:CSOFFICE    CREATE_BY:superofficer ---------------------
[01]  SELECT T_LAST_LOGIN_TIME FROM CEUSER.SEC_LOGIN_FAILURE_INFO WHERE C_UNIT_CODE = 'CSOFFICE' AND C_USER_ID = 'superofficer' 
---------------------- End 2026-07-07 21:12:28 231 ------------------------
 [end]

[start] [INFO] [2026-07-07 21:12:28.514] [CSOFFICE_superofficer] 
---------------------Begin 2026-07-07 21:12:28 510    CREATE_BU:CSOFFICE    CREATE_BY:superofficer ---------------------
[01]  SELECT C_INACTIVE FROM CEUSER.SEC_USER_INFO WHERE C_USER_ID = 'superofficer' AND C_UNIT_CODE = 'CSOFFICE' 
---------------------- End 2026-07-07 21:12:28 512 ------------------------
 [end]

[start] [INFO] [2026-07-07 21:12:28.546] [CSOFFICE_superofficer] 
---------------------Begin 2026-07-07 21:12:28 543    CREATE_BU:CSOFFICE    CREATE_BY:superofficer ---------------------
[01]  SELECT C_INACTIVE FROM CEUSER.SEC_USER_INFO WHERE C_USER_ID = 'superofficer' AND C_UNIT_CODE = 'CSOFFICE' 
---------------------- End 2026-07-07 21:12:28 545 ------------------------
 [end]

[start] [INFO] [2026-07-07 21:12:28.548] [CSOFFICE_superofficer] 
---------------------Begin 2026-07-07 21:12:28 546    CREATE_BU:CSOFFICE    CREATE_BY:superofficer ---------------------
[01]  SELECT C_INACTIVE FROM CEUSER.SEC_USER_INFO WHERE C_USER_ID = 'superofficer' AND C_UNIT_CODE = 'CSOFFICE' 
---------------------- End 2026-07-07 21:12:28 547 ------------------------
 [end]

[start] [INFO] [2026-07-07 21:12:28.566] [CSOFFICE_superofficer] 
---------------------Begin 2026-07-07 21:12:28 563    CREATE_BU:CSOFFICE    CREATE_BY:superofficer ---------------------
[01]  SELECT * FROM CEUSER.SEC_BUSINESS_UNIT WHERE C_UNIT_CODE = 'CSOFFICE' 
---------------------- End 2026-07-07 21:12:28 565 ------------------------
 [end]

[start] [INFO] [2026-07-07 21:12:28.763] [CSOFFICE_superofficer] 
---------------------Begin 2026-07-07 21:12:28 760    CREATE_BU:CSOFFICE    CREATE_BY:superofficer ---------------------
[01]  SELECT C_AUTH_RULE FROM CEUSER.SEC_USER_INFO WHERE C_BK_GROUP_ID = 'CSBANK' AND C_UNIT_CODE = 'CSOFFICE' AND C_USER_ID = 'superofficer' 
---------------------- End 2026-07-07 21:12:28 762 ------------------------
 [end]

[start] [INFO] [2026-07-07 21:12:28.767] [CSOFFICE_superofficer] 
---------------------Begin 2026-07-07 21:12:28 765    CREATE_BU:CSOFFICE    CREATE_BY:superofficer ---------------------
[01]  SELECT C_AUTH_RULE FROM CEUSER.SEC_BUSINESS_UNIT WHERE C_BK_GROUP_ID = 'CSBANK' AND C_UNIT_CODE = 'CSOFFICE' 
---------------------- End 2026-07-07 21:12:28 766 ------------------------
 [end]

[start] [INFO] [2026-07-07 21:12:28.904] [CSOFFICE_superofficer] 
---------------------Begin 2026-07-07 21:12:28 901    CREATE_BU:CSOFFICE    CREATE_BY:superofficer ---------------------
[01]  SELECT C_INACTIVE FROM CEUSER.SEC_USER_INFO WHERE C_USER_ID = 'superofficer' AND C_UNIT_CODE = 'CSOFFICE' 
---------------------- End 2026-07-07 21:12:28 903 ------------------------
 [end]

[start] [INFO] [2026-07-07 21:12:28.908] [CSOFFICE_superofficer] 
---------------------Begin 2026-07-07 21:12:28 906    CREATE_BU:CSOFFICE    CREATE_BY:superofficer ---------------------
[01]  SELECT C_IS_INFORM FROM CEUSER.SEC_LOGIN_SESSION WHERE C_SESSION_ID = 'D3DKx9Vr2HCr4v22UbB4tjz' 
---------------------- End 2026-07-07 21:12:28 907 ------------------------
 [end]

[start] [INFO] [2026-07-07 21:12:32.571] [CSOFFICE_superofficer] 
---------------------Begin 2026-07-07 21:12:32 568    CREATE_BU:CSOFFICE    CREATE_BY:superofficer ---------------------
[01]  SELECT C_INACTIVE FROM CEUSER.SEC_USER_INFO WHERE C_USER_ID = 'superofficer' AND C_UNIT_CODE = 'CSOFFICE' 
---------------------- End 2026-07-07 21:12:32 569 ------------------------
 [end]

[start] [INFO] [2026-07-07 21:12:32.576] [CSOFFICE_superofficer] 
---------------------Begin 2026-07-07 21:12:32 573    CREATE_BU:CSOFFICE    CREATE_BY:superofficer ---------------------
[01]  SELECT C_IS_INFORM FROM CEUSER.SEC_LOGIN_SESSION WHERE C_SESSION_ID = 'D3DKx9Vr2HCr4v22UbB4tjz' 
---------------------- End 2026-07-07 21:12:32 575 ------------------------
 [end]

[start] [INFO] [2026-07-07 21:12:35.468] [CSOFFICE_superofficer] 
---------------------Begin 2026-07-07 21:12:35 464    CREATE_BU:CSOFFICE    CREATE_BY:superofficer ---------------------
[01]  SELECT C_INACTIVE FROM CEUSER.SEC_USER_INFO WHERE C_USER_ID = 'superofficer' AND C_UNIT_CODE = 'CSOFFICE' 
---------------------- End 2026-07-07 21:12:35 466 ------------------------
 [end]

[start] [INFO] [2026-07-07 21:12:35.473] [CSOFFICE_superofficer] 
---------------------Begin 2026-07-07 21:12:35 470    CREATE_BU:CSOFFICE    CREATE_BY:superofficer ---------------------
[01]  SELECT C_IS_INFORM FROM CEUSER.SEC_LOGIN_SESSION WHERE C_SESSION_ID = 'D3DKx9Vr2HCr4v22UbB4tjz' 
---------------------- End 2026-07-07 21:12:35 471 ------------------------
 [end]

[start] [INFO] [2026-07-07 21:12:37.876] [CSOFFICE_superofficer] 
---------------------Begin 2026-07-07 21:12:37 874    CREATE_BU:CSOFFICE    CREATE_BY:superofficer ---------------------
[01]  SELECT to_char(systimestamp, 'yyyy-mm-dd hh24:mi:ssxff') AS sysDT FROM dual
---------------------- End 2026-07-07 21:12:37 875 ------------------------
 [end]

[start] [INFO] [2026-07-07 21:12:37.882] [CSOFFICE_superofficer] 
---------------------Begin 2026-07-07 21:12:37 880    CREATE_BU:CSOFFICE    CREATE_BY:superofficer ---------------------
[01]  SELECT C_INACTIVE FROM CEUSER.SEC_USER_INFO WHERE C_USER_ID = 'superofficer' AND C_UNIT_CODE = 'CSOFFICE' 
---------------------- End 2026-07-07 21:12:37 881 ------------------------
 [end]

[start] [INFO] [2026-07-07 21:12:37.885] [CSOFFICE_superofficer] 
---------------------Begin 2026-07-07 21:12:37 883    CREATE_BU:CSOFFICE    CREATE_BY:superofficer ---------------------
[01]  SELECT C_IS_INFORM FROM CEUSER.SEC_LOGIN_SESSION WHERE C_SESSION_ID = 'D3DKx9Vr2HCr4v22UbB4tjz' 
---------------------- End 2026-07-07 21:12:37 884 ------------------------
 [end]

[start] [INFO] [2026-07-07 21:12:37.894] [CSOFFICE_superofficer] 
---------------------Begin 2026-07-07 21:12:37 890    CREATE_BU:CSOFFICE    CREATE_BY:superofficer ---------------------
[01]  INSERT INTO CETRX.TRX_ACT_LOG (C_LOG_ID,C_BK_GROUP_ID,C_CNTY_CODE,C_GRP_CODE,C_UNIT_CODE,C_USER_ID,C_IP_ADDRESS,C_FUNC_ID,D_CREA_DATE,T_CREA_TIME,D_SYS_OP_DATE,T_SYS_OP_TIME,D_SYS_TRT_DATE,T_SYS_TRT_TIME,C_BUSI_KEY) VALUES ('8A8284979F3CBD84019F3D91430100D1','CSBANK','US','CSOFFICE','CSOFFICE','superofficer','10.3.1.9','LogOut',TO_DATE('2026-07-07','YYYY-MM-DD'),TO_DATE('17:12:37','HH24:MI:SS'),TO_DATE('2026-07-07','YYYY-MM-DD'),TO_DATE('17:12:37','HH24:MI:SS'),TO_DATE('2026-07-07','YYYY-MM-DD'),TO_DATE('17:12:37','HH24:MI:SS'),'CSOFFICE;superofficer')
---------------------- End 2026-07-07 21:12:37 893 ------------------------
 [end]

[start] [INFO] [2026-07-07 21:12:37.899] [CSOFFICE_superofficer] 
---------------------Begin 2026-07-07 21:12:37 896    CREATE_BU:CSOFFICE    CREATE_BY:superofficer ---------------------
[01]  DELETE FROM CEUSER.SEC_LOGIN_SESSION WHERE C_BK_GROUP_ID = 'CSBANK' AND C_USER_ID = 'superofficer' AND C_UNIT_CODE = 'CSOFFICE' AND C_SESSION_ID = 'D3DKx9Vr2HCr4v22UbB4tjz' 
---------------------- End 2026-07-07 21:12:37 899 ------------------------
 [end]
