
[start] [INFO] [2026-07-07 10:04:07.111] [C010106_C010106MCM1] 
---------------------Begin 2026-07-07 10:04:07 098    CREATE_BU:C010106    CREATE_BY:C010106MCM1 ---------------------
[01]  DELETE FROM CEUSER.SEC_LOGIN_SESSION WHERE C_USER_ID = 'C010106MCM1' AND C_UNIT_CODE = 'C010106' AND C_BK_GROUP_ID = 'CSBANK' AND C_SESSION_ID = 'eoV3VGiR0We-jJYvzLcQaap' 
[02]  UPDATE CEUSER.SEC_LOGIN_SESSION SET C_IS_INFORM = 'T' WHERE C_USER_ID = 'C010106MCM1' AND C_UNIT_CODE = 'C010106' AND C_BK_GROUP_ID = 'CSBANK' 
[03]  INSERT INTO CEUSER.SEC_LOGIN_SESSION (C_BK_GROUP_ID,C_UNIT_CODE,C_USER_ID,C_SESSION_ID,C_IS_INFORM) VALUES ('CSBANK','C010106','C010106MCM1','eoV3VGiR0We-jJYvzLcQaap','F')
---------------------- End 2026-07-07 10:04:07 108 ------------------------
 [end]

[start] [INFO] [2026-07-07 10:04:07.136] [C010106_C010106MCM1] 
---------------------Begin 2026-07-07 10:04:07 130    CREATE_BU:C010106    CREATE_BY:C010106MCM1 ---------------------
[01]  INSERT INTO CETRX.TRX_ACT_LOG (C_LOG_ID,C_BK_GROUP_ID,C_CNTY_CODE,C_GRP_CODE,C_UNIT_CODE,C_USER_ID,C_IP_ADDRESS,C_FUNC_ID,D_CREA_DATE,T_CREA_TIME,D_SYS_OP_DATE,T_SYS_OP_TIME,D_SYS_TRT_DATE,T_SYS_TRT_TIME,C_BUSI_KEY) VALUES ('8A8284979F3AE4D3019F3B2D385701E3','CSBANK','US','C010106','C010106','C010106MCM1','10.3.1.13','Login',TO_DATE('2026-07-07','YYYY-MM-DD'),TO_DATE('06:04:07','HH24:MI:SS'),TO_DATE('2026-07-07','YYYY-MM-DD'),TO_DATE('06:04:07','HH24:MI:SS'),TO_DATE('2026-07-07','YYYY-MM-DD'),TO_DATE('06:04:07','HH24:MI:SS'),'C010106;C010106MCM1')
---------------------- End 2026-07-07 10:04:07 134 ------------------------
 [end]

[start] [INFO] [2026-07-07 10:04:07.693] [C010106_C010106MCM1] 
---------------------Begin 2026-07-07 10:04:07 690    CREATE_BU:C010106    CREATE_BY:C010106MCM1 ---------------------
[01]  SELECT C_INACTIVE FROM CEUSER.SEC_USER_INFO WHERE C_USER_ID = 'C010106MCM1' AND C_UNIT_CODE = 'C010106' 
---------------------- End 2026-07-07 10:04:07 692 ------------------------
 [end]

[start] [INFO] [2026-07-07 10:04:07.701] [C010106_C010106MCM1] 
---------------------Begin 2026-07-07 10:04:07 697    CREATE_BU:C010106    CREATE_BY:C010106MCM1 ---------------------
[01]  SELECT C_IS_INFORM FROM CEUSER.SEC_LOGIN_SESSION WHERE C_SESSION_ID = 'eoV3VGiR0We-jJYvzLcQaap' 
---------------------- End 2026-07-07 10:04:07 699 ------------------------
 [end]

[start] [INFO] [2026-07-07 10:04:07.761] [C010106_C010106MCM1] 
---------------------Begin 2026-07-07 10:04:07 758    CREATE_BU:C010106    CREATE_BY:C010106MCM1 ---------------------
[01]  SELECT C_INACTIVE FROM CEUSER.SEC_USER_INFO WHERE C_USER_ID = 'C010106MCM1' AND C_UNIT_CODE = 'C010106' 
---------------------- End 2026-07-07 10:04:07 760 ------------------------
 [end]

[start] [INFO] [2026-07-07 10:04:07.933] [C010106_C010106MCM1] 
---------------------Begin 2026-07-07 10:04:07 929    CREATE_BU:C010106    CREATE_BY:C010106MCM1 ---------------------
[01]  SELECT C_INACTIVE FROM CEUSER.SEC_USER_INFO WHERE C_USER_ID = 'C010106MCM1' AND C_UNIT_CODE = 'C010106' 
---------------------- End 2026-07-07 10:04:07 931 ------------------------
 [end]

[start] [INFO] [2026-07-07 10:04:07.944] [C010106_C010106MCM1] 
---------------------Begin 2026-07-07 10:04:07 940    CREATE_BU:C010106    CREATE_BY:C010106MCM1 ---------------------
[01]  SELECT C_INACTIVE FROM CEUSER.SEC_USER_INFO WHERE C_USER_ID = 'C010106MCM1' AND C_UNIT_CODE = 'C010106' 
---------------------- End 2026-07-07 10:04:07 942 ------------------------
 [end]

[start] [INFO] [2026-07-07 10:04:07.950] [C010106_C010106MCM1] 
---------------------Begin 2026-07-07 10:04:07 947    CREATE_BU:C010106    CREATE_BY:C010106MCM1 ---------------------
[01]  SELECT COUNT(*) AS RECCOUNT FROM CETRX.STD_NOTIFICATION  WHERE C_NOTI_ID IN ( SELECT C_NOTI_ID FROM CETRX.STD_NOTIFICATION_STATUS  WHERE  C_READ_STATUS = 'F'  AND  C_USER_ID = 'C010106MCM1'  AND  C_UNIT_CODE = 'C010106'  )
---------------------- End 2026-07-07 10:04:07 949 ------------------------
 [end]

[start] [INFO] [2026-07-07 10:04:07.966] [C010106_C010106MCM1] 
---------------------Begin 2026-07-07 10:04:07 954    CREATE_BU:C010106    CREATE_BY:C010106MCM1 ---------------------
[01]  SELECT C_FUNC_ID,T_OP_TIME FROM CETRX.TRX_FAVOR_FUNC  WHERE  C_UNIT_CODE = 'C010106'  AND  C_USER_ID = 'C010106MCM1'  ORDER BY  T_OP_TIME DESC 
---------------------- End 2026-07-07 10:04:07 964 ------------------------
 [end]

[start] [INFO] [2026-07-07 10:04:07.969] [C010106_C010106MCM1] 
---------------------Begin 2026-07-07 10:04:07 967    CREATE_BU:C010106    CREATE_BY:C010106MCM1 ---------------------
[01]  SELECT C_INACTIVE FROM CEUSER.SEC_USER_INFO WHERE C_USER_ID = 'C010106MCM1' AND C_UNIT_CODE = 'C010106' 
---------------------- End 2026-07-07 10:04:07 968 ------------------------
 [end]

[start] [INFO] [2026-07-07 10:04:07.971] [C010106_C010106MCM1] 
---------------------Begin 2026-07-07 10:04:07 964    CREATE_BU:C010106    CREATE_BY:C010106MCM1 ---------------------
[01]  SELECT C_INACTIVE FROM CEUSER.SEC_USER_INFO WHERE C_USER_ID = 'C010106MCM1' AND C_UNIT_CODE = 'C010106' 
---------------------- End 2026-07-07 10:04:07 966 ------------------------
 [end]

[start] [INFO] [2026-07-07 10:04:07.977] [C010106_C010106MCM1] 
---------------------Begin 2026-07-07 10:04:07 974    CREATE_BU:C010106    CREATE_BY:C010106MCM1 ---------------------
[01]  SELECT C_INACTIVE FROM CEUSER.SEC_USER_INFO WHERE C_USER_ID = 'C010106MCM1' AND C_UNIT_CODE = 'C010106' 
---------------------- End 2026-07-07 10:04:07 975 ------------------------
 [end]

[start] [INFO] [2026-07-07 10:04:07.989] [C010106_C010106MCM1] 
---------------------Begin 2026-07-07 10:04:07 985    CREATE_BU:C010106    CREATE_BY:C010106MCM1 ---------------------
[01]  SELECT * FROM CEUSER.SEC_BUSINESS_UNIT WHERE C_UNIT_CODE = 'C010106' 
---------------------- End 2026-07-07 10:04:07 987 ------------------------
 [end]

[start] [INFO] [2026-07-07 10:04:08.060] [C010106_C010106MCM1] 
---------------------Begin 2026-07-07 10:04:08 058    CREATE_BU:C010106    CREATE_BY:C010106MCM1 ---------------------
[01]  SELECT C_AUTH_RULE FROM CEUSER.SEC_USER_INFO WHERE C_BK_GROUP_ID = 'CSBANK' AND C_UNIT_CODE = 'C010106' AND C_USER_ID = 'C010106MCM1' 
---------------------- End 2026-07-07 10:04:08 059 ------------------------
 [end]

[start] [INFO] [2026-07-07 10:04:08.064] [C010106_C010106MCM1] 
---------------------Begin 2026-07-07 10:04:08 062    CREATE_BU:C010106    CREATE_BY:C010106MCM1 ---------------------
[01]  SELECT C_AUTH_RULE FROM CEUSER.SEC_BUSINESS_UNIT WHERE C_BK_GROUP_ID = 'CSBANK' AND C_UNIT_CODE = 'C010106' 
---------------------- End 2026-07-07 10:04:08 063 ------------------------
 [end]

[start] [INFO] [2026-07-07 10:04:08.099] [C010106_C010106MCM1] 
---------------------Begin 2026-07-07 10:04:08 096    CREATE_BU:C010106    CREATE_BY:C010106MCM1 ---------------------
[01]  SELECT C_INACTIVE FROM CEUSER.SEC_USER_INFO WHERE C_USER_ID = 'C010106MCM1' AND C_UNIT_CODE = 'C010106' 
---------------------- End 2026-07-07 10:04:08 097 ------------------------
 [end]

[start] [INFO] [2026-07-07 10:04:08.111] [C010106_C010106MCM1] 
---------------------Begin 2026-07-07 10:04:08 108    CREATE_BU:C010106    CREATE_BY:C010106MCM1 ---------------------
[01]  SELECT C_INACTIVE FROM CEUSER.SEC_USER_INFO WHERE C_USER_ID = 'C010106MCM1' AND C_UNIT_CODE = 'C010106' 
---------------------- End 2026-07-07 10:04:08 109 ------------------------
 [end]

[start] [INFO] [2026-07-07 10:04:08.111] [C010106_C010106MCM1] 
---------------------Begin 2026-07-07 10:04:08 109    CREATE_BU:C010106    CREATE_BY:C010106MCM1 ---------------------
[01]  SELECT DISTINCT C_WIDGET_NAME FROM CEUSER.SEC_WIDGETS_V2_LIST  WHERE  C_IS_ACTIVE = 'Y'  AND  C_ROLE_NAME IN ('MAKER')  ORDER BY  C_WIDGET_NAME 
---------------------- End 2026-07-07 10:04:08 110 ------------------------
 [end]

[start] [INFO] [2026-07-07 10:04:08.116] [C010106_C010106MCM1] 
---------------------Begin 2026-07-07 10:04:08 113    CREATE_BU:C010106    CREATE_BY:C010106MCM1 ---------------------
[01]  SELECT TAB.C_TAB_ID,TAB.C_TAB_NAME,TAB.I_TAB_SEQUENCE FROM CEUSER.SEC_WIDGETS_V2_TABS TAB LEFT JOIN CEUSER.SEC_WIDGETS_V2_LAYOUT LYT ON (TAB.C_TAB_ID = LYT.C_TAB_ID AND  TAB.C_UNIT_CODE = LYT.C_UNIT_CODE AND TAB.C_USER_ID = LYT.C_USER_ID )    WHERE  TAB.C_UNIT_CODE = 'C010106'  AND  TAB.C_USER_ID = 'C010106MCM1'  AND  LYT.C_PAGE_NAME = 'default'  ORDER BY  TAB.I_TAB_SEQUENCE ASC 
---------------------- End 2026-07-07 10:04:08 115 ------------------------
 [end]

[start] [INFO] [2026-07-07 10:04:08.123] [C010106_C010106MCM1] 
---------------------Begin 2026-07-07 10:04:08 120    CREATE_BU:C010106    CREATE_BY:C010106MCM1 ---------------------
[01]  SELECT DISTINCT C_WIDGET_NAME FROM CEUSER.SEC_WIDGETS_V2_LIST  WHERE  C_IS_ACTIVE = 'Y'  AND  C_ROLE_NAME IN ('MAKER')  ORDER BY  C_WIDGET_NAME 
---------------------- End 2026-07-07 10:04:08 122 ------------------------
 [end]

[start] [INFO] [2026-07-07 10:04:08.155] [C010106_C010106MCM1] 
---------------------Begin 2026-07-07 10:04:08 151    CREATE_BU:C010106    CREATE_BY:C010106MCM1 ---------------------
[01]  SELECT C_LAYOUT_INFO FROM CEUSER.SEC_WIDGETS_V2_LAYOUT  WHERE  C_UNIT_CODE = 'C010106'  AND  C_USER_ID = 'C010106MCM1'  AND  C_PAGE_NAME = 'default' 
---------------------- End 2026-07-07 10:04:08 154 ------------------------
 [end]

[start] [INFO] [2026-07-07 10:04:08.169] [C010106_C010106MCM1] 
---------------------Begin 2026-07-07 10:04:08 165    CREATE_BU:C010106    CREATE_BY:C010106MCM1 ---------------------
[01]  SELECT TAB.C_TAB_ID,TAB.C_TAB_NAME,TAB.I_TAB_SEQUENCE,LYT.C_LAYOUT_INFO FROM CEUSER.SEC_WIDGETS_V2_TABS TAB LEFT JOIN CEUSER.SEC_WIDGETS_V2_LAYOUT LYT ON (TAB.C_TAB_ID = LYT.C_TAB_ID AND  TAB.C_UNIT_CODE = LYT.C_UNIT_CODE AND TAB.C_USER_ID = LYT.C_USER_ID )    WHERE  TAB.C_UNIT_CODE = 'C010106'  AND  TAB.C_USER_ID = 'C010106MCM1'  AND  LYT.C_PAGE_NAME = 'default'  ORDER BY  TAB.I_TAB_SEQUENCE ASC 
---------------------- End 2026-07-07 10:04:08 168 ------------------------
 [end]

[start] [INFO] [2026-07-07 10:04:08.187] [C010106_C010106MCM1] 
---------------------Begin 2026-07-07 10:04:08 175    CREATE_BU:C010106    CREATE_BY:C010106MCM1 ---------------------
[01]  SELECT C_INST_CONFIG FROM CEUSER.SEC_WIDGETS_V2_INST_CONFIG  WHERE  C_INST_ID = '8A8284979ED5C567019ED6000F56005D'  AND  C_UNIT_CODE = 'C010106'  AND  C_USER_ID = 'C010106MCM1' 
---------------------- End 2026-07-07 10:04:08 185 ------------------------
 [end]

[start] [INFO] [2026-07-07 10:04:08.192] [C010106_C010106MCM1] 
---------------------Begin 2026-07-07 10:04:08 190    CREATE_BU:C010106    CREATE_BY:C010106MCM1 ---------------------
[01]  SELECT C_INST_CONFIG FROM CEUSER.SEC_WIDGETS_V2_INST_CONFIG  WHERE  C_INST_ID = '8A8284979ED5C567019ED6000F56005D'  AND  C_UNIT_CODE = 'C010106'  AND  C_USER_ID = 'C010106MCM1' 
---------------------- End 2026-07-07 10:04:08 191 ------------------------
 [end]

[start] [INFO] [2026-07-07 10:04:08.200] [C010106_C010106MCM1] 
---------------------Begin 2026-07-07 10:04:08 197    CREATE_BU:C010106    CREATE_BY:C010106MCM1 ---------------------
[01]  SELECT C_INST_CONFIG FROM CEUSER.SEC_WIDGETS_V2_INST_CONFIG  WHERE  C_INST_ID = '8A8284979ED5C567019ED6000F63005F'  AND  C_UNIT_CODE = 'C010106'  AND  C_USER_ID = 'C010106MCM1' 
---------------------- End 2026-07-07 10:04:08 198 ------------------------
 [end]

[start] [INFO] [2026-07-07 10:04:08.206] [C010106_C010106MCM1] 
---------------------Begin 2026-07-07 10:04:08 203    CREATE_BU:C010106    CREATE_BY:C010106MCM1 ---------------------
[01]  SELECT C_INST_CONFIG FROM CEUSER.SEC_WIDGETS_V2_INST_CONFIG  WHERE  C_INST_ID = '8A8284979ED5C567019ED6000F63005F'  AND  C_UNIT_CODE = 'C010106'  AND  C_USER_ID = 'C010106MCM1' 
---------------------- End 2026-07-07 10:04:08 204 ------------------------
 [end]

[start] [INFO] [2026-07-07 10:04:08.213] [C010106_C010106MCM1] 
---------------------Begin 2026-07-07 10:04:08 210    CREATE_BU:C010106    CREATE_BY:C010106MCM1 ---------------------
[01]  SELECT C_INST_CONFIG FROM CEUSER.SEC_WIDGETS_V2_INST_CONFIG  WHERE  C_INST_ID = '8A8284979ED5C567019ED6000F6A0060'  AND  C_UNIT_CODE = 'C010106'  AND  C_USER_ID = 'C010106MCM1' 
---------------------- End 2026-07-07 10:04:08 212 ------------------------
 [end]

[start] [INFO] [2026-07-07 10:04:08.218] [C010106_C010106MCM1] 
---------------------Begin 2026-07-07 10:04:08 215    CREATE_BU:C010106    CREATE_BY:C010106MCM1 ---------------------
[01]  SELECT C_INST_CONFIG FROM CEUSER.SEC_WIDGETS_V2_INST_CONFIG  WHERE  C_INST_ID = '8A8284979ED5C567019ED6000F6A0060'  AND  C_UNIT_CODE = 'C010106'  AND  C_USER_ID = 'C010106MCM1' 
---------------------- End 2026-07-07 10:04:08 216 ------------------------
 [end]

[start] [INFO] [2026-07-07 10:04:08.224] [C010106_C010106MCM1] 
---------------------Begin 2026-07-07 10:04:08 222    CREATE_BU:C010106    CREATE_BY:C010106MCM1 ---------------------
[01]  SELECT C_INST_CONFIG FROM CEUSER.SEC_WIDGETS_V2_INST_CONFIG  WHERE  C_INST_ID = '8A8284979ED5C567019ED6000F5C005E'  AND  C_UNIT_CODE = 'C010106'  AND  C_USER_ID = 'C010106MCM1' 
---------------------- End 2026-07-07 10:04:08 223 ------------------------
 [end]

[start] [INFO] [2026-07-07 10:04:08.230] [C010106_C010106MCM1] 
---------------------Begin 2026-07-07 10:04:08 228    CREATE_BU:C010106    CREATE_BY:C010106MCM1 ---------------------
[01]  SELECT C_INST_CONFIG FROM CEUSER.SEC_WIDGETS_V2_INST_CONFIG  WHERE  C_INST_ID = '8A8284979ED5C567019ED6000F5C005E'  AND  C_UNIT_CODE = 'C010106'  AND  C_USER_ID = 'C010106MCM1' 
---------------------- End 2026-07-07 10:04:08 229 ------------------------
 [end]

[start] [INFO] [2026-07-07 10:04:08.407] [C010106_C010106MCM1] 
---------------------Begin 2026-07-07 10:04:08 402    CREATE_BU:C010106    CREATE_BY:C010106MCM1 ---------------------
[01]  SELECT C_INACTIVE FROM CEUSER.SEC_USER_INFO WHERE C_USER_ID = 'C010106MCM1' AND C_UNIT_CODE = 'C010106' 
---------------------- End 2026-07-07 10:04:08 404 ------------------------
 [end]

[start] [INFO] [2026-07-07 10:04:08.407] [C010106_C010106MCM1] 
---------------------Begin 2026-07-07 10:04:08 402    CREATE_BU:C010106    CREATE_BY:C010106MCM1 ---------------------
[01]  SELECT C_INACTIVE FROM CEUSER.SEC_USER_INFO WHERE C_USER_ID = 'C010106MCM1' AND C_UNIT_CODE = 'C010106' 
---------------------- End 2026-07-07 10:04:08 404 ------------------------
 [end]

[start] [INFO] [2026-07-07 10:04:08.432] [C010106_C010106MCM1] 
---------------------Begin 2026-07-07 10:04:08 426    CREATE_BU:C010106    CREATE_BY:C010106MCM1 ---------------------
[01]  SELECT C_INACTIVE FROM CEUSER.SEC_USER_INFO WHERE C_USER_ID = 'C010106MCM1' AND C_UNIT_CODE = 'C010106' 
---------------------- End 2026-07-07 10:04:08 431 ------------------------
 [end]

[start] [INFO] [2026-07-07 10:04:08.441] [C010106_C010106MCM1] 
---------------------Begin 2026-07-07 10:04:08 432    CREATE_BU:C010106    CREATE_BY:C010106MCM1 ---------------------
[01]  [Id=C2A_ForYou]  SELECT COUNT(*) FROM (SELECT DISTINCT T1.C_BK_GROUP_ID, T1.C_MAIN_REF, T1.C_TRX_REF, T1.C_UNIT_CODE, T1.PARENT_MAIN_REF, T1.C_TRX_STATUS, T1.CURRNT_STATUS, T1.C2A_STATUS, T1.I_EVENT_TIMES, T1.C_MODULE, T1.C_FUNC_ID, T1.C_PRODUCT_ID, T1.C_TRX_ID, T3.C_LOCKED_FLAG, T3.C_LOCKED_OP, T3.C_USER_DESC, T1.D_SYS_OP_DATE, T1.T_SYS_OP_TIME, T1.C2A_CCY, T1.C2A_AMOUNT, T1.C2A_COUNTERPARTY FROM CETRX.TRX_INBOX T1 LEFT JOIN CETRX.TRX_NEXT_FUNC T2 ON T1.C_PRODUCT_ID = T2.C_PRODUCT_ID AND T1.C2A_STATUS = T2.C2A_STATUS AND T1.C_TRX_STATUS = T2.C_TRX_STATUS LEFT JOIN CETRX.TRX_LOCK_INFO T3 ON T1.C_MAIN_REF = T3.C_MAIN_REF AND T1.C_UNIT_CODE = T3.C_UNIT_CODE WHERE   T1.C_BK_GROUP_ID = 'CSBANK'  AND (( T1.C_UNIT_CODE = 'C010106'  AND  T1.C_PRODUCT_ID IN ('FHS0YffwVNuA','P19080800000','P19080800001','P19080800002','P20030600000','epF3a6u4ZGAt') )) AND (T2.C_NEXT_FUNC_ID IN (SELECT C_FUNC_ID FROM CEUSER.SEC_OP_FUNC WHERE C_USER_ID = 'C010106MCM1' AND C_GRP_CODE = 'C010106' AND C_UNIT_CODE = T1.C_UNIT_CODE) OR T2.C_NEXT_FUNC_ID IN (SELECT C_FUNC_ID FROM CEUSER.SEC_OP_FUNC WHERE C_GRP_CODE = 'C010106' AND C_USER_ID IN (SELECT C_ROLE_ID FROM CEUSER.SEC_USER_ROLE WHERE C_USER_ID = 'C010106MCM1' AND C_GRP_CODE = 'C010106') AND C_UNIT_CODE = T1.C_UNIT_CODE)) AND (T1.C_TRX_STATUS = 'R' OR T1.C2A_STATUS IN ('Rejected by bank', 'Discrepancy notification', 'Document received') AND T1.C_TRX_STATUS = 'M' OR T1.C2A_STATUS IN ('Amendment(Detrimental)_fully authorized', 'Document discrepancy_fully authorized') AND T1.C_TRX_STATUS = 'A') AND T1.C_TRX_ID NOT IN (SELECT C_TRX_ID FROM CETRX.TRX_USER_DISMISS WHERE C_USER_ID = 'C010106MCM1' AND C_GRP_CODE = 'C010106') AND (T1.C_MODULE = 'IMLC' OR T1.C_MODULE = 'EXLC' OR T1.C_MODULE = 'FAEF' OR T1.C_MODULE = 'FADA' OR T1.C_MODULE = 'TSUM' OR T1.C_MODULE = 'ABLF' OR T1.C_MODULE = 'UPLD') ORDER BY T1.D_SYS_OP_DATE DESC, T1.T_SYS_OP_TIME DESC)
---------------------- End 2026-07-07 10:04:08 438 ------------------------
 [end]

[start] [INFO] [2026-07-07 10:04:08.444] [C010106_C010106MCM1] 
---------------------Begin 2026-07-07 10:04:08 441    CREATE_BU:C010106    CREATE_BY:C010106MCM1 ---------------------
[01]  SELECT C_INACTIVE FROM CEUSER.SEC_USER_INFO WHERE C_USER_ID = 'C010106MCM1' AND C_UNIT_CODE = 'C010106' 
---------------------- End 2026-07-07 10:04:08 443 ------------------------
 [end]

[start] [INFO] [2026-07-07 10:04:08.458] [C010106_C010106MCM1] 
---------------------Begin 2026-07-07 10:04:08 456    CREATE_BU:C010106    CREATE_BY:C010106MCM1 ---------------------
[01]  SELECT C_INACTIVE FROM CEUSER.SEC_USER_INFO WHERE C_USER_ID = 'C010106MCM1' AND C_UNIT_CODE = 'C010106' 
---------------------- End 2026-07-07 10:04:08 457 ------------------------
 [end]

[start] [INFO] [2026-07-07 10:04:08.465] [C010106_C010106MCM1] 
---------------------Begin 2026-07-07 10:04:08 457    CREATE_BU:C010106    CREATE_BY:C010106MCM1 ---------------------
[01]  [Id=C2A_InProgress_Maker]  SELECT COUNT(*) FROM CETRX.TRX_INBOX T1 LEFT JOIN CETRX.TRX_LOCK_INFO T3 ON T1.C_MAIN_REF = T3.C_MAIN_REF AND T1.C_UNIT_CODE = T3.C_UNIT_CODE WHERE   T1.C_BK_GROUP_ID = 'CSBANK'  AND (( T1.C_UNIT_CODE = 'C010106'  AND  T1.C_PRODUCT_ID IN ('FHS0YffwVNuA','P19080800000','P19080800001','P19080800002','P20030600000','epF3a6u4ZGAt') )) AND (T1.C_TRX_STATUS IN ('P', 'T', 'A', 'S') AND (T1.C_MODULE = 'IMLC' OR T1.C_MODULE = 'EXLC' OR T1.C_MODULE = 'FAEF' OR T1.C_MODULE = 'FADA' OR T1.C_MODULE = 'ABLF') AND T1.C2A_STATUS NOT IN ('Discrepancies rejected_fully authorized') OR T1.C_TRX_STATUS = 'M' AND (T1.C_MODULE = 'IMLC' AND T1.C2A_STATUS NOT IN ('Issued', 'Amended', 'Beneficiary rejected', 'Settled') OR T1.C_MODULE = 'EXCO' AND T1.CURRNT_STATUS NOT IN ('Payment Advice') OR T1.C_MODULE = 'EXLC' AND T1.CURRNT_STATUS NOT IN ('Settled', 'Advise Received', 'Amendment Received', 'Docment Received') OR T1.C_MODULE = 'FAEF' AND T1.CURRNT_STATUS NOT IN ('Settled', 'Advise Received') OR T1.C_MODULE = 'FADA' AND T1.CURRNT_STATUS NOT IN ('Settled', 'Advise Received') OR T1.C_MODULE = 'ABLF' AND T1.CURRNT_STATUS NOT IN ('Settled', 'Advise Received'))) AND T1.C_TRX_ID NOT IN (SELECT C_TRX_ID FROM CETRX.TRX_USER_DISMISS WHERE C_USER_ID = 'C010106MCM1' AND C_GRP_CODE = 'C010106') AND (T1.C_MODULE = 'IMLC' OR T1.C_MODULE = 'EXLC' OR T1.C_MODULE = 'FAEF' OR T1.C_MODULE = 'FADA' OR T1.C_MODULE = 'ABLF')
---------------------- End 2026-07-07 10:04:08 464 ------------------------
 [end]

[start] [INFO] [2026-07-07 10:04:08.474] [C010106_C010106MCM1] 
---------------------Begin 2026-07-07 10:04:08 471    CREATE_BU:C010106    CREATE_BY:C010106MCM1 ---------------------
[01]  SELECT A.C_REPORT_ID,A.C_GRP_CODE,A.C_USER_ID,A.T_PIN_DATE,B.C_SOURCE_REPORT,B.C_REPORT_NAME,B.T_UPDATE_DATE,C.C_USER_DESC FROM CETRX.TRX_USER_REPORT_PIN A LEFT JOIN CETRX.TRX_USER_REPORT B ON A.C_REPORT_ID = B.C_REPORT_ID  LEFT JOIN CEUSER.SEC_USER_INFO C ON A.C_GRP_CODE = C.C_UNIT_CODE AND A.C_USER_ID = C.C_USER_ID  WHERE  A.C_GRP_CODE = 'C010106'  AND  A.C_USER_ID = 'C010106MCM1'  ORDER BY B.T_UPDATE_DATE DESC
---------------------- End 2026-07-07 10:04:08 473 ------------------------
 [end]

[start] [INFO] [2026-07-07 10:04:08.476] [C010106_C010106MCM1] 
---------------------Begin 2026-07-07 10:04:08 469    CREATE_BU:C010106    CREATE_BY:C010106MCM1 ---------------------
[01]  [Id=C2A_Closed]  SELECT COUNT(*) FROM CETRX.TRX_INBOX T1 LEFT JOIN CETRX.TRX_LOCK_INFO T3 ON T1.C_MAIN_REF = T3.C_MAIN_REF AND T1.C_UNIT_CODE = T3.C_UNIT_CODE WHERE   T1.C_BK_GROUP_ID = 'CSBANK'  AND (( T1.C_UNIT_CODE = 'C010106'  AND  T1.C_PRODUCT_ID IN ('FHS0YffwVNuA','P19080800000','P19080800001','P19080800002','P20030600000','epF3a6u4ZGAt') )) AND (T1.C2A_STATUS IN ('Issued', 'Amended', 'Beneficiary rejected', 'Discrepancies rejected_fully authorized', 'Settled') AND T1.C_MODULE = 'IMLC' OR T1.CURRNT_STATUS IN ('Issued', 'Amended', 'Detrimental Amendment', 'Beneficiary Consent', 'Beneficiary Rejected', 'Document Presentation', 'Document Presentation', 'Settlement', 'Settled') AND T1.C_MODULE = 'EXCO' OR T1.C2A_STATUS IN ('Settled', 'Amendment_fully authorized', '') AND T1.C_MODULE = 'EXLC' OR T1.C_FUNC_ID IN ('F05030700899', 'F05030700901', 'F05030700908') AND T1.C2A_STATUS = 'Fully authorized' AND T1.C_MODULE = 'EXLC' OR T1.C_MODULE = 'FADA' OR T1.C_MODULE = 'FAEF') AND T1.C_TRX_STATUS IN ('M', 'A', 'S') AND T1.C_TRX_ID NOT IN (SELECT C_TRX_ID FROM CETRX.TRX_USER_DISMISS WHERE C_USER_ID = 'C010106MCM1' AND C_GRP_CODE = 'C010106') AND (T1.C_MODULE = 'IMLC' OR T1.C_MODULE = 'EXLC' OR T1.C_MODULE = 'FADA' OR T1.C_MODULE = 'FAEF')
---------------------- End 2026-07-07 10:04:08 475 ------------------------
 [end]

[start] [INFO] [2026-07-07 10:04:08.484] [C010106_C010106MCM1] 
---------------------Begin 2026-07-07 10:04:08 481    CREATE_BU:C010106    CREATE_BY:C010106MCM1 ---------------------
[01]  SELECT C_IS_ACTIVE FROM CEUSER.SEC_WIDGETS_V2_LIST  WHERE  C_WIDGET_NAME = 'ShortcutMenu'  AND  C_ROLE_NAME IN ('MAKER') 
---------------------- End 2026-07-07 10:04:08 482 ------------------------
 [end]

[start] [INFO] [2026-07-07 10:04:08.487] [C010106_C010106MCM1] 
---------------------Begin 2026-07-07 10:04:08 480    CREATE_BU:C010106    CREATE_BY:C010106MCM1 ---------------------
[01]  [Id=C2A_Drafts]  SELECT COUNT(*) FROM (SELECT DISTINCT T1.C_BK_GROUP_ID, T1.C_MAIN_REF, T1.C_TRX_REF, T1.C_UNIT_CODE, T1.PARENT_MAIN_REF, T1.C_TRX_STATUS, T1.I_EVENT_TIMES, T1.C_MODULE, T1.C_FUNC_ID, T1.C_PRODUCT_ID, T1.C_TRX_ID, T3.C_LOCKED_FLAG, T3.C_LOCKED_OP, T3.C_USER_DESC, T1.D_SYS_OP_DATE, T1.T_SYS_OP_TIME, T1.C2A_CCY, T1.C2A_AMOUNT, T1.C2A_COUNTERPARTY FROM CETRX.TRX_INBOX T1 LEFT JOIN CETRX.TRX_NEXT_FUNC T2 ON T1.C_PRODUCT_ID = T2.C_PRODUCT_ID AND T1.C_TRX_STATUS = T2.C_TRX_STATUS LEFT JOIN CETRX.TRX_LOCK_INFO T3 ON T1.C_MAIN_REF = T3.C_MAIN_REF AND T1.C_UNIT_CODE = T3.C_UNIT_CODE WHERE   T1.C_BK_GROUP_ID = 'CSBANK'  AND (( T1.C_UNIT_CODE = 'C010106'  AND  T1.C_PRODUCT_ID IN ('FHS0YffwVNuA','P19080800000','P19080800001','P19080800002','P20030600000','epF3a6u4ZGAt') )) AND (T2.C_NEXT_FUNC_ID IN (SELECT C_FUNC_ID FROM CEUSER.SEC_OP_FUNC WHERE C_USER_ID = 'C010106MCM1' AND C_GRP_CODE = 'C010106' AND C_UNIT_CODE = T1.C_UNIT_CODE) OR T2.C_NEXT_FUNC_ID IN (SELECT C_FUNC_ID FROM CEUSER.SEC_OP_FUNC WHERE C_GRP_CODE = 'C010106' AND C_USER_ID IN (SELECT C_ROLE_ID FROM CEUSER.SEC_USER_ROLE WHERE C_USER_ID = 'C010106MCM1' AND C_GRP_CODE = 'C010106') AND C_UNIT_CODE = T1.C_UNIT_CODE)) AND T1.C_TRX_STATUS = 'Z' AND T1.C_TRX_ID NOT IN (SELECT C_TRX_ID FROM CETRX.TRX_USER_DISMISS WHERE C_USER_ID = 'C010106MCM1' AND C_GRP_CODE = 'C010106') AND (T1.C_MODULE = 'IMLC' OR T1.C_MODULE = 'EXLC' OR T1.C_MODULE = 'FAEF' OR T1.C_MODULE = 'FADA' OR T1.C_MODULE = 'ABLF') ORDER BY T1.D_SYS_OP_DATE DESC, T1.T_SYS_OP_TIME DESC)
---------------------- End 2026-07-07 10:04:08 485 ------------------------
 [end]

[start] [INFO] [2026-07-07 10:04:08.494] [C010106_C010106MCM1] 
---------------------Begin 2026-07-07 10:04:08 491    CREATE_BU:C010106    CREATE_BY:C010106MCM1 ---------------------
[01]  SELECT C_INACTIVE FROM CEUSER.SEC_USER_INFO WHERE C_USER_ID = 'C010106MCM1' AND C_UNIT_CODE = 'C010106' 
---------------------- End 2026-07-07 10:04:08 492 ------------------------
 [end]

[start] [INFO] [2026-07-07 10:04:08.505] [C010106_C010106MCM1] 
---------------------Begin 2026-07-07 10:04:08 502    CREATE_BU:C010106    CREATE_BY:C010106MCM1 ---------------------
[01]  SELECT C_FUNC_ID,T_OP_TIME FROM CETRX.TRX_FAVOR_FUNC  WHERE  C_UNIT_CODE = 'C010106'  AND  C_USER_ID = 'C010106MCM1'  ORDER BY  T_OP_TIME DESC 
---------------------- End 2026-07-07 10:04:08 503 ------------------------
 [end]

[start] [INFO] [2026-07-07 10:04:08.531] [C010106_C010106MCM1] 
---------------------Begin 2026-07-07 10:04:08 486    CREATE_BU:C010106    CREATE_BY:C010106MCM1 ---------------------
[01]  SELECT C_FUNC_ID,C_MODULE FROM CETRX.TRX_ACT_LOG WHERE C_FUNC_ID IS NOT NULL AND C_UNIT_CODE = 'C010106' AND C_USER_ID = 'C010106MCM1' AND D_SYS_OP_DATE BETWEEN TO_DATE('2026-06-07','yyyy-MM-dd') AND TO_DATE('2026-07-07','yyyy-MM-dd') ORDER BY D_SYS_OP_DATE DESC,T_SYS_OP_TIME DESC
---------------------- End 2026-07-07 10:04:08 530 ------------------------
 [end]

[start] [INFO] [2026-07-07 10:04:08.570] [C010106_C010106MCM1] 
---------------------Begin 2026-07-07 10:04:08 568    CREATE_BU:C010106    CREATE_BY:C010106MCM1 ---------------------
[01]  SELECT C_INACTIVE FROM CEUSER.SEC_USER_INFO WHERE C_USER_ID = 'C010106MCM1' AND C_UNIT_CODE = 'C010106' 
---------------------- End 2026-07-07 10:04:08 569 ------------------------
 [end]

[start] [INFO] [2026-07-07 10:04:08.603] [C010106_C010106MCM1] 
---------------------Begin 2026-07-07 10:04:08 600    CREATE_BU:C010106    CREATE_BY:C010106MCM1 ---------------------
[01]  SELECT FA_DOC_DUE_DT AS GROUP_DATE, COUNT(*) AS ASCOUNT FROM (SELECT C_PRODUCT_ID, C_MAIN_REF, C_CUST_ID, C_TRX_REF, I_EVENT_TIMES, C_BK_GROUP_ID, C_UNIT_CODE, FA_SEL_NM, FA_BUYER_NM, FA_DOC_CCY, FA_DOC_AMT, AUTH_AMT, AUTH_CCY, PARENT_MAIN_REF, FA_DOC_DT, FA_DOC_DUE_DT, CURRNT_STATUS, C_TRX_STATUS, D_CREA_DATE, D_RELE_DATE, C_FUNC_ID, C_EVENT_NAME, C_EVENT_STATUS, C_NOW_EVENT, C_LOCKED_FLAG, C_LOCKED_OP, C_RELE_BY FROM CETRX.FAEF_EM_INV WHERE   C_BK_GROUP_ID = 'CSBANK'  AND (( C_UNIT_CODE = 'C010106'  AND  C_PRODUCT_ID = 'P19080800001' )) AND C_TRX_STATUS IN ('P', 'A', 'T', 'R', 'M') AND FA_DOC_DUE_DT >= TO_DATE('2026-01-01', 'YYYY-MM-DD') AND FA_DOC_DUE_DT <= TO_DATE('2026-12-31', 'YYYY-MM-DD') ) TEMP_TABLE GROUP BY FA_DOC_DUE_DT
---------------------- End 2026-07-07 10:04:08 602 ------------------------
 [end]

[start] [INFO] [2026-07-07 10:04:08.647] [C010106_C010106MCM1] 
---------------------Begin 2026-07-07 10:04:08 644    CREATE_BU:C010106    CREATE_BY:C010106MCM1 ---------------------
[01]  SELECT C_INACTIVE FROM CEUSER.SEC_USER_INFO WHERE C_USER_ID = 'C010106MCM1' AND C_UNIT_CODE = 'C010106' 
---------------------- End 2026-07-07 10:04:08 646 ------------------------
 [end]

[start] [INFO] [2026-07-07 10:04:08.659] [C010106_C010106MCM1] 
---------------------Begin 2026-07-07 10:04:08 656    CREATE_BU:C010106    CREATE_BY:C010106MCM1 ---------------------
[01]  SELECT C_CRITERIA_DATA,C_TMPL_NAME,C_IS_DEFAULT FROM CETRX.STD_SEARCH_CRITERIA  WHERE  C_UNIT_CODE = 'C010106'  AND  C_USER_ID = 'C010106MCM1'  AND  C_CATA_ID = 'C2A_InProgress_Maker'  AND  C_BK_GROUP_ID = 'CSBANK'  AND  I_CRITERIA_TYPE = 4 
---------------------- End 2026-07-07 10:04:08 658 ------------------------
 [end]

[start] [INFO] [2026-07-07 10:04:08.725] [C010106_C010106MCM1] 
---------------------Begin 2026-07-07 10:04:08 722    CREATE_BU:C010106    CREATE_BY:C010106MCM1 ---------------------
[01]  SELECT C_UNIT_CODE,C_UNIT_NAME FROM CEUSER.SEC_BUSINESS_UNIT WHERE C_UNIT_CODE = 'C010106' 
---------------------- End 2026-07-07 10:04:08 724 ------------------------
 [end]

[start] [INFO] [2026-07-07 10:04:08.893] [C010106_C010106MCM1] 
---------------------Begin 2026-07-07 10:04:08 891    CREATE_BU:C010106    CREATE_BY:C010106MCM1 ---------------------
[01]  SELECT C_INACTIVE FROM CEUSER.SEC_USER_INFO WHERE C_USER_ID = 'C010106MCM1' AND C_UNIT_CODE = 'C010106' 
---------------------- End 2026-07-07 10:04:08 892 ------------------------
 [end]

[start] [INFO] [2026-07-07 10:04:08.914] [C010106_C010106MCM1] 
---------------------Begin 2026-07-07 10:04:08 902    CREATE_BU:C010106    CREATE_BY:C010106MCM1 ---------------------
[01]  [Id=C2A_InProgress_Maker]  SELECT T1.C_BK_GROUP_ID, T1.C_MAIN_REF, T1.C_TRX_REF, T1.C_UNIT_CODE, T1.PARENT_MAIN_REF, T1.C_TRX_STATUS, T1.CURRNT_STATUS, (CASE WHEN T1.C_MODULE = 'FADA' OR T1.C_MODULE = 'FAEF' THEN T1.C_TRX_STATUS ELSE T1.C2A_STATUS END) C2A_STATUS, T1.I_EVENT_TIMES, T1.C_MODULE, T1.C_FUNC_ID, T1.C_PRODUCT_ID, T1.C_TRX_ID, T3.C_LOCKED_FLAG, T3.C_LOCKED_OP, T3.C_USER_DESC, T1.D_SYS_OP_DATE, T1.T_SYS_OP_TIME, T1.C2A_CCY, T1.C2A_AMOUNT, T1.C2A_COUNTERPARTY FROM CETRX.TRX_INBOX T1 LEFT JOIN CETRX.TRX_LOCK_INFO T3 ON T1.C_MAIN_REF = T3.C_MAIN_REF AND T1.C_UNIT_CODE = T3.C_UNIT_CODE WHERE   T1.C_BK_GROUP_ID = 'CSBANK'  AND (( T1.C_UNIT_CODE = 'C010106'  AND  T1.C_PRODUCT_ID IN ('FHS0YffwVNuA','P19080800000','P19080800001','P19080800002','P20030600000','epF3a6u4ZGAt') )) AND (T1.C_TRX_STATUS IN ('P', 'T', 'A', 'S') AND (T1.C_MODULE = 'IMLC' OR T1.C_MODULE = 'EXLC' OR T1.C_MODULE = 'FAEF' OR T1.C_MODULE = 'FADA' OR T1.C_MODULE = 'ABLF') AND T1.C2A_STATUS NOT IN ('Discrepancies rejected_fully authorized') OR T1.C_TRX_STATUS = 'M' AND (T1.C_MODULE = 'IMLC' AND T1.C2A_STATUS NOT IN ('Issued', 'Amended', 'Beneficiary rejected', 'Settled') OR T1.C_MODULE = 'EXCO' AND T1.CURRNT_STATUS NOT IN ('Payment Advice') OR T1.C_MODULE = 'EXLC' AND T1.CURRNT_STATUS NOT IN ('Settled', 'Advise Received', 'Amendment Received', 'Docment Received') OR T1.C_MODULE = 'FAEF' AND T1.CURRNT_STATUS NOT IN ('Settled', 'Advise Received') OR T1.C_MODULE = 'FADA' AND T1.CURRNT_STATUS NOT IN ('Settled', 'Advise Received') OR T1.C_MODULE = 'ABLF' AND T1.CURRNT_STATUS NOT IN ('Settled', 'Advise Received'))) AND T1.C_TRX_ID NOT IN (SELECT C_TRX_ID FROM CETRX.TRX_USER_DISMISS WHERE C_USER_ID = 'C010106MCM1' AND C_GRP_CODE = 'C010106') AND (T1.C_MODULE = 'IMLC' OR T1.C_MODULE = 'EXLC' OR T1.C_MODULE = 'FAEF' OR T1.C_MODULE = 'FADA' OR T1.C_MODULE = 'ABLF') ORDER BY T1.D_SYS_OP_DATE DESC, T1.T_SYS_OP_TIME DESC
---------------------- End 2026-07-07 10:04:08 912 ------------------------
 [end]

[start] [INFO] [2026-07-07 10:04:08.978] [C010106_C010106MCM1] 
---------------------Begin 2026-07-07 10:04:08 975    CREATE_BU:C010106    CREATE_BY:C010106MCM1 ---------------------
[01]  SELECT C_UNIT_CODE,C_UNIT_NAME FROM CEUSER.SEC_BUSINESS_UNIT WHERE C_UNIT_CODE = 'C010106' 
---------------------- End 2026-07-07 10:04:08 976 ------------------------
 [end]

[start] [INFO] [2026-07-07 10:04:08.986] [C010106_C010106MCM1] 
---------------------Begin 2026-07-07 10:04:08 984    CREATE_BU:C010106    CREATE_BY:C010106MCM1 ---------------------
[01]  SELECT C_CRITERIA_DATA,C_TMPL_NAME,C_IS_DEFAULT FROM CETRX.STD_SEARCH_CRITERIA  WHERE  C_UNIT_CODE = 'C010106'  AND  C_USER_ID = 'C010106MCM1'  AND  C_CATA_ID = 'C2A_InProgress_Maker'  AND  C_BK_GROUP_ID = 'CSBANK'  AND  I_CRITERIA_TYPE = 4 
---------------------- End 2026-07-07 10:04:08 985 ------------------------
 [end]

[start] [INFO] [2026-07-07 10:04:10.990] [C010106_C010106MCM1] 
---------------------Begin 2026-07-07 10:04:10 986    CREATE_BU:C010106    CREATE_BY:C010106MCM1 ---------------------
[01]  SELECT C_INACTIVE FROM CEUSER.SEC_USER_INFO WHERE C_USER_ID = 'C010106MCM1' AND C_UNIT_CODE = 'C010106' 
---------------------- End 2026-07-07 10:04:10 988 ------------------------
 [end]

[start] [INFO] [2026-07-07 10:04:10.995] [C010106_C010106MCM1] 
---------------------Begin 2026-07-07 10:04:10 992    CREATE_BU:C010106    CREATE_BY:C010106MCM1 ---------------------
[01]  SELECT C_IS_INFORM FROM CEUSER.SEC_LOGIN_SESSION WHERE C_SESSION_ID = 'eoV3VGiR0We-jJYvzLcQaap' 
---------------------- End 2026-07-07 10:04:10 993 ------------------------
 [end]

[start] [INFO] [2026-07-07 10:04:11.010] [C010106_C010106MCM1] 
---------------------Begin 2026-07-07 10:04:11 006    CREATE_BU:C010106    CREATE_BY:C010106MCM1 ---------------------
[01]  SELECT C_INACTIVE FROM CEUSER.SEC_USER_INFO WHERE C_USER_ID = 'C010106MCM1' AND C_UNIT_CODE = 'C010106' 
---------------------- End 2026-07-07 10:04:11 008 ------------------------
 [end]

[start] [INFO] [2026-07-07 10:04:11.013] [C010106_C010106MCM1] 
---------------------Begin 2026-07-07 10:04:11 012    CREATE_BU:C010106    CREATE_BY:C010106MCM1 ---------------------
[01]  SELECT C_IS_INFORM FROM CEUSER.SEC_LOGIN_SESSION WHERE C_SESSION_ID = 'eoV3VGiR0We-jJYvzLcQaap' 
---------------------- End 2026-07-07 10:04:11 012 ------------------------
 [end]

[start] [INFO] [2026-07-07 10:04:11.035] [C010106_C010106MCM1] 
---------------------Begin 2026-07-07 10:04:11 033    CREATE_BU:C010106    CREATE_BY:C010106MCM1 ---------------------
[01]  SELECT to_char(systimestamp, 'yyyy-mm-dd hh24:mi:ssxff') AS sysDT FROM dual
---------------------- End 2026-07-07 10:04:11 034 ------------------------
 [end]

[start] [INFO] [2026-07-07 10:04:11.047] [C010106_C010106MCM1] 
---------------------Begin 2026-07-07 10:04:11 044    CREATE_BU:C010106    CREATE_BY:C010106MCM1 ---------------------
[01]  SELECT C_INACTIVE FROM CEUSER.SEC_USER_INFO WHERE C_USER_ID = 'C010106MCM1' AND C_UNIT_CODE = 'C010106' 
---------------------- End 2026-07-07 10:04:11 046 ------------------------
 [end]

[start] [INFO] [2026-07-07 10:04:11.050] [C010106_C010106MCM1] 
---------------------Begin 2026-07-07 10:04:11 048    CREATE_BU:C010106    CREATE_BY:C010106MCM1 ---------------------
[01]  SELECT C_IS_INFORM FROM CEUSER.SEC_LOGIN_SESSION WHERE C_SESSION_ID = 'eoV3VGiR0We-jJYvzLcQaap' 
---------------------- End 2026-07-07 10:04:11 049 ------------------------
 [end]

[start] [INFO] [2026-07-07 10:04:11.071] [C010106_C010106MCM1] 
---------------------Begin 2026-07-07 10:04:11 067    CREATE_BU:C010106    CREATE_BY:C010106MCM1 ---------------------
[01]  SELECT to_char(systimestamp, 'yyyy-mm-dd hh24:mi:ssxff') AS sysDT FROM dual
---------------------- End 2026-07-07 10:04:11 069 ------------------------
 [end]

[start] [INFO] [2026-07-07 10:04:11.091] [C010106_C010106MCM1] 
---------------------Begin 2026-07-07 10:04:11 084    CREATE_BU:C010106    CREATE_BY:C010106MCM1 ---------------------
[01]  INSERT INTO CETRX.TRX_ACT_LOG (C_LOG_ID,C_BK_GROUP_ID,C_CNTY_CODE,C_UNIT_CODE,C_USER_ID,C_IP_ADDRESS,C_FUNC_ID,C_MODULE,C_LOG_INFO,D_CREA_DATE,T_CREA_TIME,D_SYS_OP_DATE,T_SYS_OP_TIME,C_BUSI_KEY) VALUES ('8A8284979F3AE4D3019F3B2D47C301F3','CSBANK','US','C010106','C010106MCM1','10.3.1.13','F05030701225','UPLD',C010106/C010106MCM1 prepares to process function F05030701225 View Upload Files,TO_DATE('2026-07-07','YYYY-MM-DD'),TO_DATE('06:04:11','HH24:MI:SS'),TO_DATE('2026-07-07','YYYY-MM-DD'),TO_DATE('06:04:11','HH24:MI:SS'),'C010106;C010106MCM1')
---------------------- End 2026-07-07 10:04:11 089 ------------------------
 [end]

[start] [INFO] [2026-07-07 10:04:11.095] [C010106_C010106MCM1] 
---------------------Begin 2026-07-07 10:04:11 093    CREATE_BU:C010106    CREATE_BY:C010106MCM1 ---------------------
[01]  SELECT C_TMPL_NAME,C_CRITERIA_DATA FROM CETRX.STD_SEARCH_CRITERIA  WHERE  C_UNIT_CODE = 'C010106'  AND  C_USER_ID = 'C010106MCM1'  AND  C_CATA_ID = 'C20030500000'  AND  C_BK_GROUP_ID = 'CSBANK'  AND  I_CRITERIA_TYPE = 4  AND  C_IS_DEFAULT = 'Y' 
---------------------- End 2026-07-07 10:04:11 094 ------------------------
 [end]

[start] [INFO] [2026-07-07 10:04:11.100] [C010106_C010106MCM1] 
---------------------Begin 2026-07-07 10:04:11 097    CREATE_BU:C010106    CREATE_BY:C010106MCM1 ---------------------
[01]  SELECT C_FILE_INDEX,C_FILE_NAME,C_FILE_STATUS,D_CREA_DATE,C_CREATED_BY FROM CETRX.TRX_FILE_UPLOAD WHERE ( 1=1   AND   1=1   AND  ( 1=1   AND   1=1 ) AND C_CREATED_BY = 'C010106MCM1')   AND   C_BK_GROUP_ID = 'CSBANK'  ORDER BY C_FILE_INDEX
---------------------- End 2026-07-07 10:04:11 099 ------------------------
 [end]

[start] [INFO] [2026-07-07 10:04:11.105] [C010106_C010106MCM1] 
---------------------Begin 2026-07-07 10:04:11 103    CREATE_BU:C010106    CREATE_BY:C010106MCM1 ---------------------
[01]  SELECT C_TMPL_NAME,C_CRITERIA_DATA FROM CETRX.STD_SEARCH_CRITERIA  WHERE  C_UNIT_CODE = 'C010106'  AND  C_USER_ID = 'C010106MCM1'  AND  C_CATA_ID = 'C20030500000'  AND  C_BK_GROUP_ID = 'CSBANK'  AND  I_CRITERIA_TYPE = 4  AND  C_IS_DEFAULT = 'Y' 
---------------------- End 2026-07-07 10:04:11 104 ------------------------
 [end]

[start] [INFO] [2026-07-07 10:04:11.129] [C010106_C010106MCM1] 
---------------------Begin 2026-07-07 10:04:11 127    CREATE_BU:C010106    CREATE_BY:C010106MCM1 ---------------------
[01]  SELECT C_CRITERIA_DATA FROM CETRX.STD_SEARCH_CRITERIA WHERE C_UNIT_CODE = 'C010106' AND C_USER_ID = 'C010106MCM1' AND C_CATA_ID = 'C20030500000' AND I_CRITERIA_TYPE = 4 AND C_IS_DEFAULT = 'Y' 
---------------------- End 2026-07-07 10:04:11 128 ------------------------
 [end]

[start] [INFO] [2026-07-07 10:04:11.467] [C010106_C010106MCM1] 
---------------------Begin 2026-07-07 10:04:11 464    CREATE_BU:C010106    CREATE_BY:C010106MCM1 ---------------------
[01]  SELECT C_INACTIVE FROM CEUSER.SEC_USER_INFO WHERE C_USER_ID = 'C010106MCM1' AND C_UNIT_CODE = 'C010106' 
---------------------- End 2026-07-07 10:04:11 465 ------------------------
 [end]

[start] [INFO] [2026-07-07 10:04:11.486] [C010106_C010106MCM1] 
---------------------Begin 2026-07-07 10:04:11 480    CREATE_BU:C010106    CREATE_BY:C010106MCM1 ---------------------
[01]  SELECT COUNT(*) AS RECCOUNT FROM CETRX.STD_NOTIFICATION  WHERE C_NOTI_ID IN ( SELECT C_NOTI_ID FROM CETRX.STD_NOTIFICATION_STATUS  WHERE  C_READ_STATUS = 'F'  AND  C_USER_ID = 'C010106MCM1'  AND  C_UNIT_CODE = 'C010106'  )
---------------------- End 2026-07-07 10:04:11 484 ------------------------
 [end]

[start] [INFO] [2026-07-07 10:04:11.523] [C010106_C010106MCM1] 
---------------------Begin 2026-07-07 10:04:11 520    CREATE_BU:C010106    CREATE_BY:C010106MCM1 ---------------------
[01]  SELECT C_INACTIVE FROM CEUSER.SEC_USER_INFO WHERE C_USER_ID = 'C010106MCM1' AND C_UNIT_CODE = 'C010106' 
---------------------- End 2026-07-07 10:04:11 522 ------------------------
 [end]

[start] [INFO] [2026-07-07 10:04:11.523] [C010106_C010106MCM1] 
---------------------Begin 2026-07-07 10:04:11 521    CREATE_BU:C010106    CREATE_BY:C010106MCM1 ---------------------
[01]  SELECT C_INACTIVE FROM CEUSER.SEC_USER_INFO WHERE C_USER_ID = 'C010106MCM1' AND C_UNIT_CODE = 'C010106' 
---------------------- End 2026-07-07 10:04:11 522 ------------------------
 [end]

[start] [INFO] [2026-07-07 10:04:11.558] [C010106_C010106MCM1] 
---------------------Begin 2026-07-07 10:04:11 554    CREATE_BU:C010106    CREATE_BY:C010106MCM1 ---------------------
[01]  SELECT C_INACTIVE FROM CEUSER.SEC_USER_INFO WHERE C_USER_ID = 'C010106MCM1' AND C_UNIT_CODE = 'C010106' 
---------------------- End 2026-07-07 10:04:11 557 ------------------------
 [end]

[start] [INFO] [2026-07-07 10:04:11.627] [C010106_C010106MCM1] 
---------------------Begin 2026-07-07 10:04:11 614    CREATE_BU:C010106    CREATE_BY:C010106MCM1 ---------------------
[01]  SELECT * FROM CEUSER.SEC_BUSINESS_UNIT WHERE C_UNIT_CODE = 'C010106' 
---------------------- End 2026-07-07 10:04:11 616 ------------------------
 [end]

[start] [INFO] [2026-07-07 10:04:11.710] [C010106_C010106MCM1] 
---------------------Begin 2026-07-07 10:04:11 707    CREATE_BU:C010106    CREATE_BY:C010106MCM1 ---------------------
[01]  SELECT C_AUTH_RULE FROM CEUSER.SEC_USER_INFO WHERE C_BK_GROUP_ID = 'CSBANK' AND C_UNIT_CODE = 'C010106' AND C_USER_ID = 'C010106MCM1' 
---------------------- End 2026-07-07 10:04:11 708 ------------------------
 [end]

[start] [INFO] [2026-07-07 10:04:11.714] [C010106_C010106MCM1] 
---------------------Begin 2026-07-07 10:04:11 711    CREATE_BU:C010106    CREATE_BY:C010106MCM1 ---------------------
[01]  SELECT C_AUTH_RULE FROM CEUSER.SEC_BUSINESS_UNIT WHERE C_BK_GROUP_ID = 'CSBANK' AND C_UNIT_CODE = 'C010106' 
---------------------- End 2026-07-07 10:04:11 712 ------------------------
 [end]

[start] [INFO] [2026-07-07 10:04:12.391] [C010106_C010106MCM1] 
---------------------Begin 2026-07-07 10:04:12 388    CREATE_BU:C010106    CREATE_BY:C010106MCM1 ---------------------
[01]  SELECT C_INACTIVE FROM CEUSER.SEC_USER_INFO WHERE C_USER_ID = 'C010106MCM1' AND C_UNIT_CODE = 'C010106' 
---------------------- End 2026-07-07 10:04:12 389 ------------------------
 [end]

[start] [INFO] [2026-07-07 10:04:17.018] [C010106_C010106MCM1] 
---------------------Begin 2026-07-07 10:04:17 015    CREATE_BU:C010106    CREATE_BY:C010106MCM1 ---------------------
[01]  SELECT C_INACTIVE FROM CEUSER.SEC_USER_INFO WHERE C_USER_ID = 'C010106MCM1' AND C_UNIT_CODE = 'C010106' 
---------------------- End 2026-07-07 10:04:17 017 ------------------------
 [end]

[start] [INFO] [2026-07-07 10:04:17.021] [C010106_C010106MCM1] 
---------------------Begin 2026-07-07 10:04:17 019    CREATE_BU:C010106    CREATE_BY:C010106MCM1 ---------------------
[01]  SELECT C_IS_INFORM FROM CEUSER.SEC_LOGIN_SESSION WHERE C_SESSION_ID = 'eoV3VGiR0We-jJYvzLcQaap' 
---------------------- End 2026-07-07 10:04:17 020 ------------------------
 [end]

[start] [INFO] [2026-07-07 10:04:17.042] [C010106_C010106MCM1] 
---------------------Begin 2026-07-07 10:04:17 037    CREATE_BU:C010106    CREATE_BY:C010106MCM1 ---------------------
[01]  SELECT * FROM CEUSER.SEC_BUSINESS_UNIT WHERE C_UNIT_CODE = 'C010106' 
[02]  SELECT * FROM CEUSER.SEC_USER_INFO WHERE C_UNIT_CODE = 'C010106' AND C_USER_ID = 'C010106MCM1' 
---------------------- End 2026-07-07 10:04:17 041 ------------------------
 [end]

[start] [INFO] [2026-07-07 10:04:17.053] [C010106_C010106MCM1] 
---------------------Begin 2026-07-07 10:04:17 051    CREATE_BU:C010106    CREATE_BY:C010106MCM1 ---------------------
[01]  SELECT C_BK_GROUP_ID,C_CNTY_CODE FROM CEUSER.SEC_BUSINESS_UNIT WHERE C_UNIT_CODE = 'C010106' 
---------------------- End 2026-07-07 10:04:17 052 ------------------------
 [end]

[start] [INFO] [2026-07-07 10:04:17.065] [C010106_C010106MCM1] 
---------------------Begin 2026-07-07 10:04:17 060    CREATE_BU:C010106    CREATE_BY:C010106MCM1 ---------------------
[01]  [Id=USER_INFO]  SELECT I_LOGON_RETRIES,C_BK_GROUP_ID,C_CNTY_CODE,C_PASSWORD,C_USER_ID,C_UNIT_CODE,C_INACTIVE,I_EXPIRY_TYPE,EXPIRY_DATE ,EFFECTIVE_DATE ,I_USER_TYPE,C_CHANGE_PSW,D_PSW_DATE,C_CHANGE_MAIL FROM CEUSER.SEC_USER_INFO WHERE C_USER_ID = 'C010106MCM1' AND C_UNIT_CODE = 'C010106' 
[02]  [Id=SUCCESS_INFO]  SELECT C_UNIT_CODE,C_USER_ID,T_LAST_LOGIN_TIME,T_CURR_LOGIN_TIME FROM CEUSER.SEC_LOGIN_SUCCEED_INFO WHERE C_USER_ID = 'C010106MCM1' AND C_UNIT_CODE = 'C010106' 
---------------------- End 2026-07-07 10:04:17 063 ------------------------
 [end]

[start] [INFO] [2026-07-07 10:04:17.108] [C010106_C010106MCM1] 
---------------------Begin 2026-07-07 10:04:17 106    CREATE_BU:C010106    CREATE_BY:C010106MCM1 ---------------------
[01]  SELECT * FROM CEUSER.SEC_BUSINESS_UNIT WHERE C_UNIT_CODE = 'C010106' 
---------------------- End 2026-07-07 10:04:17 107 ------------------------
 [end]

[start] [INFO] [2026-07-07 10:04:17.122] [C010106_C010106MCM1] 
---------------------Begin 2026-07-07 10:04:17 119    CREATE_BU:C010106    CREATE_BY:C010106MCM1    TRX_BU:C010106 ---------------------
[01]  SELECT C_MSG_SET,C_BUSINESS_KEY,C_FILE_INDEX,C_FILE_POSITION,C_MSG_STATUS,C_SUB_FILE_INDEX,C_FAIL_REASON FROM CETRX.TRX_SUB_FILES WHERE C_FILE_INDEX = '8A8284979ED6A724019ED6DFB7C7004A'  AND   C_BK_GROUP_ID = 'CSBANK'  AND  C_UNIT_CODE = 'C010106' 
---------------------- End 2026-07-07 10:04:17 121 ------------------------
 [end]

[start] [INFO] [2026-07-07 10:04:37.307] [C010106_C010106MCM1] 
---------------------Begin 2026-07-07 10:04:37 302    CREATE_BU:C010106    CREATE_BY:C010106MCM1 ---------------------
[01]  SELECT C_INACTIVE FROM CEUSER.SEC_USER_INFO WHERE C_USER_ID = 'C010106MCM1' AND C_UNIT_CODE = 'C010106' 
---------------------- End 2026-07-07 10:04:37 305 ------------------------
 [end]

[start] [INFO] [2026-07-07 10:04:37.307] [C010106_C010106MCM1] 
---------------------Begin 2026-07-07 10:04:37 302    CREATE_BU:C010106    CREATE_BY:C010106MCM1 ---------------------
[01]  SELECT C_INACTIVE FROM CEUSER.SEC_USER_INFO WHERE C_USER_ID = 'C010106MCM1' AND C_UNIT_CODE = 'C010106' 
---------------------- End 2026-07-07 10:04:37 305 ------------------------
 [end]

[start] [INFO] [2026-07-07 10:04:37.329] [C010106_C010106MCM1] 
---------------------Begin 2026-07-07 10:04:37 324    CREATE_BU:C010106    CREATE_BY:C010106MCM1 ---------------------
[01]  SELECT COUNT(*) AS RECCOUNT FROM CETRX.STD_NOTIFICATION  WHERE C_NOTI_ID IN ( SELECT C_NOTI_ID FROM CETRX.STD_NOTIFICATION_STATUS  WHERE  C_READ_STATUS = 'F'  AND  C_USER_ID = 'C010106MCM1'  AND  C_UNIT_CODE = 'C010106'  )
---------------------- End 2026-07-07 10:04:37 326 ------------------------
 [end]

[start] [INFO] [2026-07-07 10:04:37.342] [C010106_C010106MCM1] 
---------------------Begin 2026-07-07 10:04:37 340    CREATE_BU:C010106    CREATE_BY:C010106MCM1 ---------------------
[01]  SELECT C_INACTIVE FROM CEUSER.SEC_USER_INFO WHERE C_USER_ID = 'C010106MCM1' AND C_UNIT_CODE = 'C010106' 
---------------------- End 2026-07-07 10:04:37 341 ------------------------
 [end]

[start] [INFO] [2026-07-07 10:04:37.345] [C010106_C010106MCM1] 
---------------------Begin 2026-07-07 10:04:37 342    CREATE_BU:C010106    CREATE_BY:C010106MCM1 ---------------------
[01]  SELECT C_INACTIVE FROM CEUSER.SEC_USER_INFO WHERE C_USER_ID = 'C010106MCM1' AND C_UNIT_CODE = 'C010106' 
---------------------- End 2026-07-07 10:04:37 344 ------------------------
 [end]

[start] [INFO] [2026-07-07 10:04:37.365] [C010106_C010106MCM1] 
---------------------Begin 2026-07-07 10:04:37 362    CREATE_BU:C010106    CREATE_BY:C010106MCM1 ---------------------
[01]  SELECT A.C_REPORT_ID,A.C_GRP_CODE,A.C_USER_ID,A.T_PIN_DATE,B.C_SOURCE_REPORT,B.C_REPORT_NAME,B.T_UPDATE_DATE,C.C_USER_DESC FROM CETRX.TRX_USER_REPORT_PIN A LEFT JOIN CETRX.TRX_USER_REPORT B ON A.C_REPORT_ID = B.C_REPORT_ID  LEFT JOIN CEUSER.SEC_USER_INFO C ON A.C_GRP_CODE = C.C_UNIT_CODE AND A.C_USER_ID = C.C_USER_ID  WHERE  A.C_GRP_CODE = 'C010106'  AND  A.C_USER_ID = 'C010106MCM1'  ORDER BY B.T_UPDATE_DATE DESC
---------------------- End 2026-07-07 10:04:37 364 ------------------------
 [end]

[start] [INFO] [2026-07-07 10:04:37.373] [C010106_C010106MCM1] 
---------------------Begin 2026-07-07 10:04:37 367    CREATE_BU:C010106    CREATE_BY:C010106MCM1 ---------------------
[01]  [Id=C2A_ForYou]  SELECT COUNT(*) FROM (SELECT DISTINCT T1.C_BK_GROUP_ID, T1.C_MAIN_REF, T1.C_TRX_REF, T1.C_UNIT_CODE, T1.PARENT_MAIN_REF, T1.C_TRX_STATUS, T1.CURRNT_STATUS, T1.C2A_STATUS, T1.I_EVENT_TIMES, T1.C_MODULE, T1.C_FUNC_ID, T1.C_PRODUCT_ID, T1.C_TRX_ID, T3.C_LOCKED_FLAG, T3.C_LOCKED_OP, T3.C_USER_DESC, T1.D_SYS_OP_DATE, T1.T_SYS_OP_TIME, T1.C2A_CCY, T1.C2A_AMOUNT, T1.C2A_COUNTERPARTY FROM CETRX.TRX_INBOX T1 LEFT JOIN CETRX.TRX_NEXT_FUNC T2 ON T1.C_PRODUCT_ID = T2.C_PRODUCT_ID AND T1.C2A_STATUS = T2.C2A_STATUS AND T1.C_TRX_STATUS = T2.C_TRX_STATUS LEFT JOIN CETRX.TRX_LOCK_INFO T3 ON T1.C_MAIN_REF = T3.C_MAIN_REF AND T1.C_UNIT_CODE = T3.C_UNIT_CODE WHERE   T1.C_BK_GROUP_ID = 'CSBANK'  AND (( T1.C_UNIT_CODE = 'C010106'  AND  T1.C_PRODUCT_ID IN ('FHS0YffwVNuA','P19080800000','P19080800001','P19080800002','P20030600000','epF3a6u4ZGAt') )) AND (T2.C_NEXT_FUNC_ID IN (SELECT C_FUNC_ID FROM CEUSER.SEC_OP_FUNC WHERE C_USER_ID = 'C010106MCM1' AND C_GRP_CODE = 'C010106' AND C_UNIT_CODE = T1.C_UNIT_CODE) OR T2.C_NEXT_FUNC_ID IN (SELECT C_FUNC_ID FROM CEUSER.SEC_OP_FUNC WHERE C_GRP_CODE = 'C010106' AND C_USER_ID IN (SELECT C_ROLE_ID FROM CEUSER.SEC_USER_ROLE WHERE C_USER_ID = 'C010106MCM1' AND C_GRP_CODE = 'C010106') AND C_UNIT_CODE = T1.C_UNIT_CODE)) AND (T1.C_TRX_STATUS = 'R' OR T1.C2A_STATUS IN ('Rejected by bank', 'Discrepancy notification', 'Document received') AND T1.C_TRX_STATUS = 'M' OR T1.C2A_STATUS IN ('Amendment(Detrimental)_fully authorized', 'Document discrepancy_fully authorized') AND T1.C_TRX_STATUS = 'A') AND T1.C_TRX_ID NOT IN (SELECT C_TRX_ID FROM CETRX.TRX_USER_DISMISS WHERE C_USER_ID = 'C010106MCM1' AND C_GRP_CODE = 'C010106') AND (T1.C_MODULE = 'IMLC' OR T1.C_MODULE = 'EXLC' OR T1.C_MODULE = 'FAEF' OR T1.C_MODULE = 'FADA' OR T1.C_MODULE = 'TSUM' OR T1.C_MODULE = 'ABLF' OR T1.C_MODULE = 'UPLD') ORDER BY T1.D_SYS_OP_DATE DESC, T1.T_SYS_OP_TIME DESC)
---------------------- End 2026-07-07 10:04:37 372 ------------------------
 [end]

[start] [INFO] [2026-07-07 10:04:37.393] [C010106_C010106MCM1] 
---------------------Begin 2026-07-07 10:04:37 386    CREATE_BU:C010106    CREATE_BY:C010106MCM1 ---------------------
[01]  [Id=C2A_InProgress_Maker]  SELECT COUNT(*) FROM CETRX.TRX_INBOX T1 LEFT JOIN CETRX.TRX_LOCK_INFO T3 ON T1.C_MAIN_REF = T3.C_MAIN_REF AND T1.C_UNIT_CODE = T3.C_UNIT_CODE WHERE   T1.C_BK_GROUP_ID = 'CSBANK'  AND (( T1.C_UNIT_CODE = 'C010106'  AND  T1.C_PRODUCT_ID IN ('FHS0YffwVNuA','P19080800000','P19080800001','P19080800002','P20030600000','epF3a6u4ZGAt') )) AND (T1.C_TRX_STATUS IN ('P', 'T', 'A', 'S') AND (T1.C_MODULE = 'IMLC' OR T1.C_MODULE = 'EXLC' OR T1.C_MODULE = 'FAEF' OR T1.C_MODULE = 'FADA' OR T1.C_MODULE = 'ABLF') AND T1.C2A_STATUS NOT IN ('Discrepancies rejected_fully authorized') OR T1.C_TRX_STATUS = 'M' AND (T1.C_MODULE = 'IMLC' AND T1.C2A_STATUS NOT IN ('Issued', 'Amended', 'Beneficiary rejected', 'Settled') OR T1.C_MODULE = 'EXCO' AND T1.CURRNT_STATUS NOT IN ('Payment Advice') OR T1.C_MODULE = 'EXLC' AND T1.CURRNT_STATUS NOT IN ('Settled', 'Advise Received', 'Amendment Received', 'Docment Received') OR T1.C_MODULE = 'FAEF' AND T1.CURRNT_STATUS NOT IN ('Settled', 'Advise Received') OR T1.C_MODULE = 'FADA' AND T1.CURRNT_STATUS NOT IN ('Settled', 'Advise Received') OR T1.C_MODULE = 'ABLF' AND T1.CURRNT_STATUS NOT IN ('Settled', 'Advise Received'))) AND T1.C_TRX_ID NOT IN (SELECT C_TRX_ID FROM CETRX.TRX_USER_DISMISS WHERE C_USER_ID = 'C010106MCM1' AND C_GRP_CODE = 'C010106') AND (T1.C_MODULE = 'IMLC' OR T1.C_MODULE = 'EXLC' OR T1.C_MODULE = 'FAEF' OR T1.C_MODULE = 'FADA' OR T1.C_MODULE = 'ABLF')
---------------------- End 2026-07-07 10:04:37 392 ------------------------
 [end]

[start] [INFO] [2026-07-07 10:04:37.405] [C010106_C010106MCM1] 
---------------------Begin 2026-07-07 10:04:37 398    CREATE_BU:C010106    CREATE_BY:C010106MCM1 ---------------------
[01]  [Id=C2A_Closed]  SELECT COUNT(*) FROM CETRX.TRX_INBOX T1 LEFT JOIN CETRX.TRX_LOCK_INFO T3 ON T1.C_MAIN_REF = T3.C_MAIN_REF AND T1.C_UNIT_CODE = T3.C_UNIT_CODE WHERE   T1.C_BK_GROUP_ID = 'CSBANK'  AND (( T1.C_UNIT_CODE = 'C010106'  AND  T1.C_PRODUCT_ID IN ('FHS0YffwVNuA','P19080800000','P19080800001','P19080800002','P20030600000','epF3a6u4ZGAt') )) AND (T1.C2A_STATUS IN ('Issued', 'Amended', 'Beneficiary rejected', 'Discrepancies rejected_fully authorized', 'Settled') AND T1.C_MODULE = 'IMLC' OR T1.CURRNT_STATUS IN ('Issued', 'Amended', 'Detrimental Amendment', 'Beneficiary Consent', 'Beneficiary Rejected', 'Document Presentation', 'Document Presentation', 'Settlement', 'Settled') AND T1.C_MODULE = 'EXCO' OR T1.C2A_STATUS IN ('Settled', 'Amendment_fully authorized', '') AND T1.C_MODULE = 'EXLC' OR T1.C_FUNC_ID IN ('F05030700899', 'F05030700901', 'F05030700908') AND T1.C2A_STATUS = 'Fully authorized' AND T1.C_MODULE = 'EXLC' OR T1.C_MODULE = 'FADA' OR T1.C_MODULE = 'FAEF') AND T1.C_TRX_STATUS IN ('M', 'A', 'S') AND T1.C_TRX_ID NOT IN (SELECT C_TRX_ID FROM CETRX.TRX_USER_DISMISS WHERE C_USER_ID = 'C010106MCM1' AND C_GRP_CODE = 'C010106') AND (T1.C_MODULE = 'IMLC' OR T1.C_MODULE = 'EXLC' OR T1.C_MODULE = 'FADA' OR T1.C_MODULE = 'FAEF')
---------------------- End 2026-07-07 10:04:37 404 ------------------------
 [end]

[start] [INFO] [2026-07-07 10:04:37.416] [C010106_C010106MCM1] 
---------------------Begin 2026-07-07 10:04:37 409    CREATE_BU:C010106    CREATE_BY:C010106MCM1 ---------------------
[01]  [Id=C2A_Drafts]  SELECT COUNT(*) FROM (SELECT DISTINCT T1.C_BK_GROUP_ID, T1.C_MAIN_REF, T1.C_TRX_REF, T1.C_UNIT_CODE, T1.PARENT_MAIN_REF, T1.C_TRX_STATUS, T1.I_EVENT_TIMES, T1.C_MODULE, T1.C_FUNC_ID, T1.C_PRODUCT_ID, T1.C_TRX_ID, T3.C_LOCKED_FLAG, T3.C_LOCKED_OP, T3.C_USER_DESC, T1.D_SYS_OP_DATE, T1.T_SYS_OP_TIME, T1.C2A_CCY, T1.C2A_AMOUNT, T1.C2A_COUNTERPARTY FROM CETRX.TRX_INBOX T1 LEFT JOIN CETRX.TRX_NEXT_FUNC T2 ON T1.C_PRODUCT_ID = T2.C_PRODUCT_ID AND T1.C_TRX_STATUS = T2.C_TRX_STATUS LEFT JOIN CETRX.TRX_LOCK_INFO T3 ON T1.C_MAIN_REF = T3.C_MAIN_REF AND T1.C_UNIT_CODE = T3.C_UNIT_CODE WHERE   T1.C_BK_GROUP_ID = 'CSBANK'  AND (( T1.C_UNIT_CODE = 'C010106'  AND  T1.C_PRODUCT_ID IN ('FHS0YffwVNuA','P19080800000','P19080800001','P19080800002','P20030600000','epF3a6u4ZGAt') )) AND (T2.C_NEXT_FUNC_ID IN (SELECT C_FUNC_ID FROM CEUSER.SEC_OP_FUNC WHERE C_USER_ID = 'C010106MCM1' AND C_GRP_CODE = 'C010106' AND C_UNIT_CODE = T1.C_UNIT_CODE) OR T2.C_NEXT_FUNC_ID IN (SELECT C_FUNC_ID FROM CEUSER.SEC_OP_FUNC WHERE C_GRP_CODE = 'C010106' AND C_USER_ID IN (SELECT C_ROLE_ID FROM CEUSER.SEC_USER_ROLE WHERE C_USER_ID = 'C010106MCM1' AND C_GRP_CODE = 'C010106') AND C_UNIT_CODE = T1.C_UNIT_CODE)) AND T1.C_TRX_STATUS = 'Z' AND T1.C_TRX_ID NOT IN (SELECT C_TRX_ID FROM CETRX.TRX_USER_DISMISS WHERE C_USER_ID = 'C010106MCM1' AND C_GRP_CODE = 'C010106') AND (T1.C_MODULE = 'IMLC' OR T1.C_MODULE = 'EXLC' OR T1.C_MODULE = 'FAEF' OR T1.C_MODULE = 'FADA' OR T1.C_MODULE = 'ABLF') ORDER BY T1.D_SYS_OP_DATE DESC, T1.T_SYS_OP_TIME DESC)
---------------------- End 2026-07-07 10:04:37 414 ------------------------
 [end]

[start] [INFO] [2026-07-07 10:04:37.567] [C010106_C010106MCM1] 
---------------------Begin 2026-07-07 10:04:37 563    CREATE_BU:C010106    CREATE_BY:C010106MCM1 ---------------------
[01]  SELECT C_INACTIVE FROM CEUSER.SEC_USER_INFO WHERE C_USER_ID = 'C010106MCM1' AND C_UNIT_CODE = 'C010106' 
---------------------- End 2026-07-07 10:04:37 565 ------------------------
 [end]

[start] [INFO] [2026-07-07 10:04:37.590] [C010106_C010106MCM1] 
---------------------Begin 2026-07-07 10:04:37 581    CREATE_BU:C010106    CREATE_BY:C010106MCM1 ---------------------
[01]  [Id=C2A_InProgress_Maker]  SELECT T1.C_BK_GROUP_ID, T1.C_MAIN_REF, T1.C_TRX_REF, T1.C_UNIT_CODE, T1.PARENT_MAIN_REF, T1.C_TRX_STATUS, T1.CURRNT_STATUS, (CASE WHEN T1.C_MODULE = 'FADA' OR T1.C_MODULE = 'FAEF' THEN T1.C_TRX_STATUS ELSE T1.C2A_STATUS END) C2A_STATUS, T1.I_EVENT_TIMES, T1.C_MODULE, T1.C_FUNC_ID, T1.C_PRODUCT_ID, T1.C_TRX_ID, T3.C_LOCKED_FLAG, T3.C_LOCKED_OP, T3.C_USER_DESC, T1.D_SYS_OP_DATE, T1.T_SYS_OP_TIME, T1.C2A_CCY, T1.C2A_AMOUNT, T1.C2A_COUNTERPARTY FROM CETRX.TRX_INBOX T1 LEFT JOIN CETRX.TRX_LOCK_INFO T3 ON T1.C_MAIN_REF = T3.C_MAIN_REF AND T1.C_UNIT_CODE = T3.C_UNIT_CODE WHERE   T1.C_BK_GROUP_ID = 'CSBANK'  AND (( T1.C_UNIT_CODE = 'C010106'  AND  T1.C_PRODUCT_ID IN ('FHS0YffwVNuA','P19080800000','P19080800001','P19080800002','P20030600000','epF3a6u4ZGAt') )) AND (T1.C_TRX_STATUS IN ('P', 'T', 'A', 'S') AND (T1.C_MODULE = 'IMLC' OR T1.C_MODULE = 'EXLC' OR T1.C_MODULE = 'FAEF' OR T1.C_MODULE = 'FADA' OR T1.C_MODULE = 'ABLF') AND T1.C2A_STATUS NOT IN ('Discrepancies rejected_fully authorized') OR T1.C_TRX_STATUS = 'M' AND (T1.C_MODULE = 'IMLC' AND T1.C2A_STATUS NOT IN ('Issued', 'Amended', 'Beneficiary rejected', 'Settled') OR T1.C_MODULE = 'EXCO' AND T1.CURRNT_STATUS NOT IN ('Payment Advice') OR T1.C_MODULE = 'EXLC' AND T1.CURRNT_STATUS NOT IN ('Settled', 'Advise Received', 'Amendment Received', 'Docment Received') OR T1.C_MODULE = 'FAEF' AND T1.CURRNT_STATUS NOT IN ('Settled', 'Advise Received') OR T1.C_MODULE = 'FADA' AND T1.CURRNT_STATUS NOT IN ('Settled', 'Advise Received') OR T1.C_MODULE = 'ABLF' AND T1.CURRNT_STATUS NOT IN ('Settled', 'Advise Received'))) AND T1.C_TRX_ID NOT IN (SELECT C_TRX_ID FROM CETRX.TRX_USER_DISMISS WHERE C_USER_ID = 'C010106MCM1' AND C_GRP_CODE = 'C010106') AND (T1.C_MODULE = 'IMLC' OR T1.C_MODULE = 'EXLC' OR T1.C_MODULE = 'FAEF' OR T1.C_MODULE = 'FADA' OR T1.C_MODULE = 'ABLF') ORDER BY T1.D_SYS_OP_DATE DESC, T1.T_SYS_OP_TIME DESC
---------------------- End 2026-07-07 10:04:37 589 ------------------------
 [end]

[start] [INFO] [2026-07-07 10:04:37.636] [C010106_C010106MCM1] 
---------------------Begin 2026-07-07 10:04:37 634    CREATE_BU:C010106    CREATE_BY:C010106MCM1 ---------------------
[01]  SELECT C_UNIT_CODE,C_UNIT_NAME FROM CEUSER.SEC_BUSINESS_UNIT WHERE C_UNIT_CODE = 'C010106' 
---------------------- End 2026-07-07 10:04:37 636 ------------------------
 [end]

[start] [INFO] [2026-07-07 10:04:37.644] [C010106_C010106MCM1] 
---------------------Begin 2026-07-07 10:04:37 642    CREATE_BU:C010106    CREATE_BY:C010106MCM1 ---------------------
[01]  SELECT C_CRITERIA_DATA,C_TMPL_NAME,C_IS_DEFAULT FROM CETRX.STD_SEARCH_CRITERIA  WHERE  C_UNIT_CODE = 'C010106'  AND  C_USER_ID = 'C010106MCM1'  AND  C_CATA_ID = 'C2A_InProgress_Maker'  AND  C_BK_GROUP_ID = 'CSBANK'  AND  I_CRITERIA_TYPE = 4 
---------------------- End 2026-07-07 10:04:37 643 ------------------------
 [end]

[start] [INFO] [2026-07-07 10:04:38.557] [C010106_C010106MCM1] 
---------------------Begin 2026-07-07 10:04:38 555    CREATE_BU:C010106    CREATE_BY:C010106MCM1 ---------------------
[01]  SELECT C_INACTIVE FROM CEUSER.SEC_USER_INFO WHERE C_USER_ID = 'C010106MCM1' AND C_UNIT_CODE = 'C010106' 
---------------------- End 2026-07-07 10:04:38 557 ------------------------
 [end]

[start] [INFO] [2026-07-07 10:04:38.561] [C010106_C010106MCM1] 
---------------------Begin 2026-07-07 10:04:38 559    CREATE_BU:C010106    CREATE_BY:C010106MCM1 ---------------------
[01]  SELECT C_IS_INFORM FROM CEUSER.SEC_LOGIN_SESSION WHERE C_SESSION_ID = 'eoV3VGiR0We-jJYvzLcQaap' 
---------------------- End 2026-07-07 10:04:38 560 ------------------------
 [end]

[start] [INFO] [2026-07-07 10:04:38.572] [C010106_C010106MCM1] 
---------------------Begin 2026-07-07 10:04:38 566    CREATE_BU:C010106    CREATE_BY:C010106MCM1 ---------------------
[01]  INSERT INTO CETRX.TRX_ACT_LOG (C_LOG_ID,C_BK_GROUP_ID,C_CNTY_CODE,C_GRP_CODE,C_UNIT_CODE,C_USER_ID,C_IP_ADDRESS,C_FUNC_ID,D_CREA_DATE,T_CREA_TIME,D_SYS_OP_DATE,T_SYS_OP_TIME,D_SYS_TRT_DATE,T_SYS_TRT_TIME,C_BUSI_KEY) VALUES ('8A8284979F3AE4D3019F3B2DB32501F9','CSBANK','US','C010106','C010106','C010106MCM1','10.3.1.13','LogOut',TO_DATE('2026-07-07','YYYY-MM-DD'),TO_DATE('06:04:38','HH24:MI:SS'),TO_DATE('2026-07-07','YYYY-MM-DD'),TO_DATE('06:04:38','HH24:MI:SS'),TO_DATE('2026-07-07','YYYY-MM-DD'),TO_DATE('06:04:38','HH24:MI:SS'),'C010106;C010106MCM1')
---------------------- End 2026-07-07 10:04:38 570 ------------------------
 [end]

[start] [INFO] [2026-07-07 10:04:38.578] [C010106_C010106MCM1] 
---------------------Begin 2026-07-07 10:04:38 574    CREATE_BU:C010106    CREATE_BY:C010106MCM1 ---------------------
[01]  DELETE FROM CEUSER.SEC_LOGIN_SESSION WHERE C_BK_GROUP_ID = 'CSBANK' AND C_USER_ID = 'C010106MCM1' AND C_UNIT_CODE = 'C010106' AND C_SESSION_ID = 'eoV3VGiR0We-jJYvzLcQaap' 
---------------------- End 2026-07-07 10:04:38 577 ------------------------
 [end]
