
[start] [DEBUG] [2026-07-04 12:20:41.256] [CSOFFICE_superofficer] 

------------------------------------IE_WEB Time Log----------------------------------------------
WS RECV FR IE: 2026-07-04 12:20:41.232 - 1783153241232 - p4jC6fm0BkpWvuMnDuQH_qA - SESSION_LIFE_CYCLE
 [end]

[start] [DEBUG] [2026-07-04 12:20:41.258] [CSOFFICE_superofficer] 
WS SEND TO IE: 2026-07-04 12:20:41.255 - 1783153241255 - p4jC6fm0BkpWvuMnDuQH_qA - SESSION_LIFE_CYCLE
 [end]

[start] [DEBUG] [2026-07-04 12:20:48.578] [CSOFFICE_superofficer] 

------------------------------------IE_WEB Time Log----------------------------------------------
WS RECV FR IE: 2026-07-04 12:20:48.559 - 1783153248559 - p4jC6fm0BkpWvuMnDuQH_qA - SESSION_LIFE_CYCLE
 [end]

[start] [DEBUG] [2026-07-04 12:20:48.580] [CSOFFICE_superofficer] 
WS SEND TO IE: 2026-07-04 12:20:48.577 - 1783153248577 - p4jC6fm0BkpWvuMnDuQH_qA - SESSION_LIFE_CYCLE
 [end]

[start] [DEBUG] [2026-07-04 12:21:01.167] [CSOFFICE_superofficer] 

------------------------------------IE_WEB Time Log----------------------------------------------
WS RECV FR IE: 2026-07-04 12:21:00.813 - 1783153260813 - p4jC6fm0BkpWvuMnDuQH_qA - SECUTRXL
 [end]

[start] [DEBUG] [2026-07-04 12:21:01.168] [CSOFFICE_superofficer] 
WS SEND TO IE: 2026-07-04 12:21:01.165 - 1783153261165 - p4jC6fm0BkpWvuMnDuQH_qA - SECUTRXL
 [end]

[start] [DEBUG] [2026-07-04 12:21:01.170] [CSOFFICE_superofficer] 

------------------------------------IE_WEB Time Log----------------------------------------------
WS RECV FR IE: 2026-07-04 12:21:00.772 - 1783153260772 - p4jC6fm0BkpWvuMnDuQH_qA - PARALLEL
 [end]

[start] [DEBUG] [2026-07-04 12:21:01.171] [CSOFFICE_superofficer] 
WS SEND TO IE: 2026-07-04 12:21:01.168 - 1783153261168 - p4jC6fm0BkpWvuMnDuQH_qA - PARALLEL
 [end]

[start] [DEBUG] [2026-07-04 12:21:01.869] [CSOFFICE_superofficer] 

------------------------------------IE_WEB Time Log----------------------------------------------
WS RECV FR IE: 2026-07-04 12:21:01.854 - 1783153261854 - p4jC6fm0BkpWvuMnDuQH_qA - SESSION_LIFE_CYCLE
 [end]

[start] [DEBUG] [2026-07-04 12:21:01.870] [CSOFFICE_superofficer] 
WS SEND TO IE: 2026-07-04 12:21:01.868 - 1783153261868 - p4jC6fm0BkpWvuMnDuQH_qA - SESSION_LIFE_CYCLE
 [end]

[start] [DEBUG] [2026-07-04 12:21:58.045] [CSOFFICE_superofficer] 

------------------------------------IE_WEB Time Log----------------------------------------------
WS RECV FR IE: 2026-07-04 12:21:57.9 - 1783153317900 - p4jC6fm0BkpWvuMnDuQH_qA - BACK_TO_PREVIOUS
 [end]

[start] [DEBUG] [2026-07-04 12:21:58.046] [CSOFFICE_superofficer] 
WS SEND TO IE: 2026-07-04 12:21:58.044 - 1783153318044 - p4jC6fm0BkpWvuMnDuQH_qA - BACK_TO_PREVIOUS
 [end]

[start] [DEBUG] [2026-07-04 12:21:58.415] [CSOFFICE_superofficer] 

------------------------------------IE_WEB Time Log----------------------------------------------
WS RECV FR IE: 2026-07-04 12:21:58.397 - 1783153318397 - p4jC6fm0BkpWvuMnDuQH_qA - SESSION_LIFE_CYCLE
 [end]

[start] [DEBUG] [2026-07-04 12:21:58.416] [CSOFFICE_superofficer] 
WS SEND TO IE: 2026-07-04 12:21:58.414 - 1783153318414 - p4jC6fm0BkpWvuMnDuQH_qA - SESSION_LIFE_CYCLE
 [end]

[start] [DEBUG] [2026-07-04 12:22:01.045] [CSOFFICE_superofficer] 

------------------------------------IE_WEB Time Log----------------------------------------------
WS RECV FR IE: 2026-07-04 12:22:00.902 - 1783153320902 - p4jC6fm0BkpWvuMnDuQH_qA - SECUTRXL
 [end]

[start] [DEBUG] [2026-07-04 12:22:01.046] [CSOFFICE_superofficer] 
WS SEND TO IE: 2026-07-04 12:22:01.044 - 1783153321044 - p4jC6fm0BkpWvuMnDuQH_qA - SECUTRXL
 [end]

[start] [DEBUG] [2026-07-04 12:22:01.048] [CSOFFICE_superofficer] 

------------------------------------IE_WEB Time Log----------------------------------------------
WS RECV FR IE: 2026-07-04 12:22:00.843 - 1783153320843 - p4jC6fm0BkpWvuMnDuQH_qA - PARALLEL
 [end]

[start] [DEBUG] [2026-07-04 12:22:01.049] [CSOFFICE_superofficer] 
WS SEND TO IE: 2026-07-04 12:22:01.047 - 1783153321047 - p4jC6fm0BkpWvuMnDuQH_qA - PARALLEL
 [end]

[start] [DEBUG] [2026-07-04 12:23:53.854] [CSOFFICE_superofficer] 

------------------------------------IE_WEB Time Log----------------------------------------------
WS RECV FR IE: 2026-07-04 12:23:53.837 - 1783153433837 - p4jC6fm0BkpWvuMnDuQH_qA - SESSION_LIFE_CYCLE
 [end]

[start] [DEBUG] [2026-07-04 12:23:53.855] [CSOFFICE_superofficer] 
WS SEND TO IE: 2026-07-04 12:23:53.853 - 1783153433853 - p4jC6fm0BkpWvuMnDuQH_qA - SESSION_LIFE_CYCLE
 [end]

[start] [DEBUG] [2026-07-04 12:24:11.339] [CSOFFICE_superofficer] 

------------------------------------IE_WEB Time Log----------------------------------------------
WS RECV FR IE: 2026-07-04 12:24:04.304 - 1783153444304 - p4jC6fm0BkpWvuMnDuQH_qA - SECUTRXL
 [end]

[start] [DEBUG] [2026-07-04 12:24:11.342] [CSOFFICE_superofficer] 
WS SEND TO IE: 2026-07-04 12:24:11.338 - 1783153451338 - p4jC6fm0BkpWvuMnDuQH_qA - SECUTRXL
 [end]

[start] [DEBUG] [2026-07-04 12:24:11.343] [CSOFFICE_superofficer] 

------------------------------------IE_WEB Time Log----------------------------------------------
WS RECV FR IE: 2026-07-04 12:24:04.264 - 1783153444264 - p4jC6fm0BkpWvuMnDuQH_qA - PARALLEL
 [end]

[start] [DEBUG] [2026-07-04 12:24:11.344] [CSOFFICE_superofficer] 
WS SEND TO IE: 2026-07-04 12:24:11.342 - 1783153451342 - p4jC6fm0BkpWvuMnDuQH_qA - PARALLEL
 [end]

[start] [DEBUG] [2026-07-04 12:37:02.267] [CSOFFICE_superofficer] 

------------------------------------IE_WEB Time Log----------------------------------------------
WS RECV FR IE: 2026-07-04 12:37:02.252 - 1783154222252 - p4jC6fm0BkpWvuMnDuQH_qA - SESSION_LIFE_CYCLE
 [end]

[start] [DEBUG] [2026-07-04 12:37:02.268] [CSOFFICE_superofficer] 
WS SEND TO IE: 2026-07-04 12:37:02.266 - 1783154222266 - p4jC6fm0BkpWvuMnDuQH_qA - SESSION_LIFE_CYCLE
 [end]

[start] [DEBUG] [2026-07-04 12:37:02.342] [CSOFFICE_superofficer] 

------------------------------------IE_WEB Time Log----------------------------------------------
WS RECV FR IE: 2026-07-04 12:37:02.217 - 1783154222217 - p4jC6fm0BkpWvuMnDuQH_qA - CALCULATE_CUST_REF
 [end]

[start] [DEBUG] [2026-07-04 12:37:02.343] [CSOFFICE_superofficer] 
WS SEND TO IE: 2026-07-04 12:37:02.34 - 1783154222340 - p4jC6fm0BkpWvuMnDuQH_qA - CALCULATE_CUST_REF
 [end]

[start] [DEBUG] [2026-07-04 12:37:05.416] [CSOFFICE_superofficer] 

------------------------------------IE_WEB Time Log----------------------------------------------
WS RECV FR IE: 2026-07-04 12:37:05.326 - 1783154225326 - p4jC6fm0BkpWvuMnDuQH_qA - LOGOFF_UNLOCKED
 [end]

[start] [DEBUG] [2026-07-04 12:37:05.417] [CSOFFICE_superofficer] 
WS SEND TO IE: 2026-07-04 12:37:05.414 - 1783154225414 - p4jC6fm0BkpWvuMnDuQH_qA - LOGOFF_UNLOCKED
 [end]

[start] [DEBUG] [2026-07-04 20:31:07.590] [CSOFFICE_superofficer] 

------------------------------------IE_WEB Time Log----------------------------------------------
WS RECV FR IE: 2026-07-04 20:31:07.573 - 1783182667573 - nUgeXle_g6YcPThCuF4npJG - SESSION_LIFE_CYCLE
 [end]

[start] [DEBUG] [2026-07-04 20:31:07.591] [CSOFFICE_superofficer] 
WS SEND TO IE: 2026-07-04 20:31:07.589 - 1783182667589 - nUgeXle_g6YcPThCuF4npJG - SESSION_LIFE_CYCLE
 [end]

[start] [DEBUG] [2026-07-04 20:31:09.385] [CSOFFICE_superofficer] 

------------------------------------IE_WEB Time Log----------------------------------------------
WS RECV FR IE: 2026-07-04 20:31:09.267 - 1783182669267 - nUgeXle_g6YcPThCuF4npJG - LOGOFF_UNLOCKED
 [end]

[start] [DEBUG] [2026-07-04 20:31:09.387] [CSOFFICE_superofficer] 
WS SEND TO IE: 2026-07-04 20:31:09.384 - 1783182669384 - nUgeXle_g6YcPThCuF4npJG - LOGOFF_UNLOCKED
 [end]
