
[start] [DEBUG] [2026-07-02 07:27:54.745] [CSOFFICE_superofficer] 
Received SCF token value is : null [end]

[start] [DEBUG] [2026-07-02 07:27:54.768] [CSOFFICE_superofficer] 
Received SCF token value is : null [end]

[start] [DEBUG] [2026-07-02 07:27:55.102] [CSOFFICE_superofficer] 
Received SCF token value is : null [end]

[start] [DEBUG] [2026-07-02 07:28:01.713] [CSOFFICE_superofficer] 
Received SCF token value is : null [end]

[start] [DEBUG] [2026-07-02 07:28:01.747] [CSOFFICE_superofficer] 
Received SCF token value is : null [end]

[start] [DEBUG] [2026-07-02 07:28:01.820] [CSOFFICE_superofficer] 
Received SCF token value is : null [end]

[start] [DEBUG] [2026-07-02 07:32:44.969] [CSOFFICE_superofficer] 
Received SCF token value is : null [end]

[start] [DEBUG] [2026-07-02 07:32:44.983] [CSOFFICE_superofficer] 
EE begin to call CE API Service.
Sign Agreement received message is :
<?xml version="1.0" encoding="UTF-8" standalone="yes"?><SCF76><MsgInfo><SenderCode></SenderCode><ReceiverCode></ReceiverCode><CreatedBy>CSBANKOP</CreatedBy><SequenceNr></SequenceNr><MsgType>SCF.001.AGR</MsgType><FileIndex></FileIndex><SubFileIndex></SubFileIndex><DateTime>2026-07-02T07:32:44.58</DateTime><Status></Status><Error></Error></MsgInfo><EF><FactorCode></FactorCode><FactorName></FactorName></EF><IF><FactorCode></FactorCode><FactorName></FactorName></IF><FromTurnaround></FromTurnaround><OriginalRequestNr></OriginalRequestNr><ReplyNr></ReplyNr><ReplyDate>2026-07-02</ReplyDate><Customer><CustomerType>T1</CustomerType><CustomeRole>BUYER</CustomeRole><BusiType>PF</BusiType><CustomerNr>C009914</CustomerNr><CustomerName>SUPPLY9914</CustomerName><CustomerEmail>niamh.zhao@chinasystems.com</CustomerEmail><CustomerCcy>USD</CustomerCcy><CustomerCompanyRegNr>REG9914</CustomerCompanyRegNr><AgmPaymentTerm></AgmPaymentTerm><ExportFactorOwnCustomerNumber></ExportFactorOwnCustomerNumber></Customer><Counterparty><SBRMain><SBRStatus></SBRStatus><FailReason></FailReason><SBRRef></SBRRef><AgmNr>SCFUS2606909</AgmNr><OurCustInd></OurCustInd><CounterpartyRole></CounterpartyRole><CounterpartyType></CounterpartyType><CounterpartyCompanyRegNr></CounterpartyCompanyRegNr><CounterpartyNr></CounterpartyNr><CounterpartyName></CounterpartyName><ResponseAgency></ResponseAgency><ExportFactorOwnCounterpartyNr></ExportFactorOwnCounterpartyNr><NameCont></NameCont><Street></Street><City></City><State></State><Postcode></Postcode><Country></Country><ContactName></ContactName><Telephone></Telephone><Fax></Fax><Email></Email><CounterpartyNatureOfBusiness></CounterpartyNatureOfBusiness><Currency></Currency><MsgFunction></MsgFunction><ServiceOffered></ServiceOffered><EFServiceCharge></EFServiceCharge><EFServiceChargeCurrency></EFServiceChargeCurrency><EFDiscountingChargeToTheSupplierPerc></EFDiscountingChargeToTheSupplierPerc><EFCommissionToTheSupplierPerc></EFCommissionToTheSupplierPerc><FlatRate></FlatRate><BaseRate></BaseRate><InvAvalFunding></InvAvalFunding><TtlInvLoanAmt></TtlInvLoanAmt><TtlInvBal></TtlInvBal><POAvalFunding></POAvalFunding><TtlPOLoanAmt></TtlPOLoanAmt><TtlPOBal></TtlPOBal></SBRMain><SBRDetail><SBRControl><AckFlg></AckFlg><AutoFin></AutoFin><AutoDebit></AutoDebit><AnchorAcct></AnchorAcct><CounterPartyAcct></CounterPartyAcct><NeedbuyerAprv></NeedbuyerAprv><FinCutoffDays></FinCutoffDays><MinFinAmt></MinFinAmt><MaxFinAmt></MaxFinAmt><GraceDays></GraceDays><InvFinMode></InvFinMode><PoolMaxAmt></PoolMaxAmt><PoolMinAmt></PoolMinAmt><PoolMaxPeriod></PoolMaxPeriod><PoolMinPeriod></PoolMinPeriod></SBRControl><SBRPrice><CommRate></CommRate><HandlChg></HandlChg><IntRate></IntRate><IntRateSpread></IntRateSpread><PenalRateSpread></PenalRateSpread><MaxLoanPerc></MaxLoanPerc><RebateRate></RebateRate><RebateAcct></RebateAcct><IntRateType></IntRateType><ChgPaidBy></ChgPaidBy><ChgFreqCD></ChgFreqCD><FinInfo></FinInfo></SBRPrice></SBRDetail></Counterparty><DocumentsObtained><RegistrationForm></RegistrationForm><ListOfUltimateBeneficiaryOwners></ListOfUltimateBeneficiaryOwners><ListOfKeyManagers></ListOfKeyManagers><ListOfBoardMembers></ListOfBoardMembers><ListOfSignatories></ListOfSignatories><KYCQuestionnaire></KYCQuestionnaire><AMLQuestionnaire></AMLQuestionnaire><AnyRelevantAdverseInformation></AnyRelevantAdverseInformation><ControlForPossibleActivities></ControlForPossibleActivities><SeeSeparateMail></SeeSeparateMail><Others></Others></DocumentsObtained><MsgText></MsgText></SCF76> [end]

[start] [DEBUG] [2026-07-02 07:32:45.013] [SYSTEMS] 
Custom validate message class name is :RcvMsgByAPIConverter [end]

[start] [DEBUG] [2026-07-02 07:32:45.329] [SYSTEMS] 
==========Start Init STP Request...... [end]

[start] [DEBUG] [2026-07-02 07:32:45.332] [SYSTEMS] 
==========End Init STP Request...... [end]

[start] [DEBUG] [2026-07-02 07:32:49.127] [CSBANK_CSBANK] 
EE call CE API Service complete.
Sign Agreement repsonse message is :
null [end]

[start] [DEBUG] [2026-07-02 07:33:54.568] [CSBANK_CSBANK] 
Received SCF token value is : null [end]

[start] [DEBUG] [2026-07-02 07:33:54.573] [CSBANK_CSBANK] 
EE begin to call CE API Service.
Sign Agreement received message is :
<?xml version="1.0" encoding="UTF-8" standalone="yes"?><SCF76><MsgInfo><SenderCode></SenderCode><ReceiverCode></ReceiverCode><CreatedBy>CSBANKOP</CreatedBy><SequenceNr></SequenceNr><MsgType>SCF.001.AGR</MsgType><FileIndex></FileIndex><SubFileIndex></SubFileIndex><DateTime>2026-07-02T07:33:54.46</DateTime><Status></Status><Error></Error></MsgInfo><EF><FactorCode></FactorCode><FactorName></FactorName></EF><IF><FactorCode></FactorCode><FactorName></FactorName></IF><FromTurnaround></FromTurnaround><OriginalRequestNr></OriginalRequestNr><ReplyNr></ReplyNr><ReplyDate>2026-07-02</ReplyDate><Customer><CustomerType>T1</CustomerType><CustomeRole>SELLER</CustomeRole><BusiType>POF</BusiType><CustomerNr>C006640</CustomerNr><CustomerName>C006640NM</CustomerName><CustomerEmail>rainie.chen@chinasystems.com</CustomerEmail><CustomerCcy>USD</CustomerCcy><CustomerCompanyRegNr>C006640REG</CustomerCompanyRegNr><AgmPaymentTerm></AgmPaymentTerm><ExportFactorOwnCustomerNumber></ExportFactorOwnCustomerNumber></Customer><Counterparty><SBRMain><SBRStatus></SBRStatus><FailReason></FailReason><SBRRef></SBRRef><AgmNr>SCFUS2606910</AgmNr><OurCustInd></OurCustInd><CounterpartyRole></CounterpartyRole><CounterpartyType></CounterpartyType><CounterpartyCompanyRegNr></CounterpartyCompanyRegNr><CounterpartyNr></CounterpartyNr><CounterpartyName></CounterpartyName><ResponseAgency></ResponseAgency><ExportFactorOwnCounterpartyNr></ExportFactorOwnCounterpartyNr><NameCont></NameCont><Street></Street><City></City><State></State><Postcode></Postcode><Country></Country><ContactName></ContactName><Telephone></Telephone><Fax></Fax><Email></Email><CounterpartyNatureOfBusiness></CounterpartyNatureOfBusiness><Currency></Currency><MsgFunction></MsgFunction><ServiceOffered></ServiceOffered><EFServiceCharge></EFServiceCharge><EFServiceChargeCurrency></EFServiceChargeCurrency><EFDiscountingChargeToTheSupplierPerc></EFDiscountingChargeToTheSupplierPerc><EFCommissionToTheSupplierPerc></EFCommissionToTheSupplierPerc><FlatRate></FlatRate><BaseRate></BaseRate><InvAvalFunding></InvAvalFunding><TtlInvLoanAmt></TtlInvLoanAmt><TtlInvBal></TtlInvBal><POAvalFunding></POAvalFunding><TtlPOLoanAmt></TtlPOLoanAmt><TtlPOBal></TtlPOBal></SBRMain><SBRDetail><SBRControl><AckFlg></AckFlg><AutoFin></AutoFin><AutoDebit></AutoDebit><AnchorAcct></AnchorAcct><CounterPartyAcct></CounterPartyAcct><NeedbuyerAprv></NeedbuyerAprv><FinCutoffDays></FinCutoffDays><MinFinAmt></MinFinAmt><MaxFinAmt></MaxFinAmt><GraceDays></GraceDays><InvFinMode></InvFinMode><PoolMaxAmt></PoolMaxAmt><PoolMinAmt></PoolMinAmt><PoolMaxPeriod></PoolMaxPeriod><PoolMinPeriod></PoolMinPeriod></SBRControl><SBRPrice><CommRate></CommRate><HandlChg></HandlChg><IntRate></IntRate><IntRateSpread></IntRateSpread><PenalRateSpread></PenalRateSpread><MaxLoanPerc></MaxLoanPerc><RebateRate></RebateRate><RebateAcct></RebateAcct><IntRateType></IntRateType><ChgPaidBy></ChgPaidBy><ChgFreqCD></ChgFreqCD><FinInfo></FinInfo></SBRPrice></SBRDetail></Counterparty><DocumentsObtained><RegistrationForm></RegistrationForm><ListOfUltimateBeneficiaryOwners></ListOfUltimateBeneficiaryOwners><ListOfKeyManagers></ListOfKeyManagers><ListOfBoardMembers></ListOfBoardMembers><ListOfSignatories></ListOfSignatories><KYCQuestionnaire></KYCQuestionnaire><AMLQuestionnaire></AMLQuestionnaire><AnyRelevantAdverseInformation></AnyRelevantAdverseInformation><ControlForPossibleActivities></ControlForPossibleActivities><SeeSeparateMail></SeeSeparateMail><Others></Others></DocumentsObtained><MsgText></MsgText></SCF76> [end]

[start] [DEBUG] [2026-07-02 07:33:54.576] [SYSTEMS] 
Custom validate message class name is :RcvMsgByAPIConverter [end]

[start] [DEBUG] [2026-07-02 07:33:54.665] [SYSTEMS] 
==========Start Init STP Request...... [end]

[start] [DEBUG] [2026-07-02 07:33:54.667] [SYSTEMS] 
==========End Init STP Request...... [end]

[start] [DEBUG] [2026-07-02 07:33:57.335] [CSBANK_CSBANK] 
EE call CE API Service complete.
Sign Agreement repsonse message is :
null [end]

[start] [DEBUG] [2026-07-02 08:33:19.546] [CSOFFICE_superofficer] 
Received SCF token value is : null [end]

[start] [DEBUG] [2026-07-02 08:33:19.564] [CSOFFICE_superofficer] 
Received SCF token value is : null [end]

[start] [DEBUG] [2026-07-02 08:33:19.681] [CSOFFICE_superofficer] 
Received SCF token value is : null [end]

[start] [DEBUG] [2026-07-02 08:51:01.672] [C013133_C013133MCM1] 
Received SCF token value is : null [end]

[start] [DEBUG] [2026-07-02 08:51:01.859] [C013133_C013133MCM1] 
Received SCF token value is : null [end]

[start] [DEBUG] [2026-07-02 08:51:01.874] [C013133_C013133MCM1] 
Received SCF token value is : null [end]

[start] [DEBUG] [2026-07-02 08:51:02.079] [C013133_C013133MCM1] 
Received SCF token value is : null [end]

[start] [DEBUG] [2026-07-02 08:51:02.149] [C013133_C013133MCM1] 
Received SCF token value is : null [end]

[start] [DEBUG] [2026-07-02 08:51:02.174] [C013133_C013133MCM1] 
Received SCF token value is : null [end]

[start] [DEBUG] [2026-07-02 08:51:02.189] [C013133_C013133MCM1] 
Received SCF token value is : null [end]

[start] [DEBUG] [2026-07-02 08:51:02.260] [C013133_C013133MCM1] 
Received SCF token value is : null [end]

[start] [DEBUG] [2026-07-02 08:51:04.676] [C013133_C013133MCM1] 
Received SCF token value is : null [end]

[start] [DEBUG] [2026-07-02 08:51:04.700] [C013133_C013133MCM1] 
Received SCF token value is : null [end]

[start] [DEBUG] [2026-07-02 08:51:04.735] [C013133_C013133MCM1] 
Received SCF token value is : null [end]

[start] [DEBUG] [2026-07-02 08:51:04.798] [C013133_C013133MCM1] 
Received SCF token value is : null [end]

[start] [DEBUG] [2026-07-02 08:51:04.956] [C013133_C013133MCM1] 
Received SCF token value is : null [end]

[start] [DEBUG] [2026-07-02 08:51:05.206] [C013133_C013133MCM1] 
Received SCF token value is : null [end]

[start] [DEBUG] [2026-07-02 08:51:05.336] [C013133_C013133MCM1] 
Received SCF token value is : null [end]

[start] [DEBUG] [2026-07-02 08:51:05.853] [C013133_C013133MCM1] 
Received SCF token value is : null [end]

[start] [DEBUG] [2026-07-02 08:51:08.189] [C013133_C013133MCM1] 
Received SCF token value is : null [end]

[start] [DEBUG] [2026-07-02 08:51:08.992] [C013133_C013133MCM1] 
Received SCF token value is : null [end]

[start] [DEBUG] [2026-07-02 08:51:09.443] [C013133_C013133MCM1] 
Received SCF token value is : null [end]

[start] [DEBUG] [2026-07-02 08:59:31.368] [C013133_C013133MCM1] 
Received SCF token value is : null [end]

[start] [DEBUG] [2026-07-02 08:59:31.371] [C013133_C013133MCM1] 
EE begin to call CE API Service.
Sign Agreement received message is :
<?xml version="1.0" encoding="UTF-8" standalone="yes"?><SCF76><MsgInfo><SenderCode></SenderCode><ReceiverCode></ReceiverCode><CreatedBy>CSBANKOP</CreatedBy><SequenceNr></SequenceNr><MsgType>SCF.001.AGR</MsgType><FileIndex></FileIndex><SubFileIndex></SubFileIndex><DateTime>2026-07-02T08:59:31.09</DateTime><Status></Status><Error></Error></MsgInfo><EF><FactorCode></FactorCode><FactorName></FactorName></EF><IF><FactorCode></FactorCode><FactorName></FactorName></IF><FromTurnaround></FromTurnaround><OriginalRequestNr></OriginalRequestNr><ReplyNr></ReplyNr><ReplyDate>2026-07-02</ReplyDate><Customer><CustomerType>T1</CustomerType><CustomeRole>SELLER</CustomeRole><BusiType>POF</BusiType><CustomerNr>C006756</CustomerNr><CustomerName>C006756NM</CustomerName><CustomerEmail>rainie.chen@chinasystems.com</CustomerEmail><CustomerCcy>USD</CustomerCcy><CustomerCompanyRegNr>C006756REG</CustomerCompanyRegNr><AgmPaymentTerm></AgmPaymentTerm><ExportFactorOwnCustomerNumber></ExportFactorOwnCustomerNumber></Customer><Counterparty><SBRMain><SBRStatus></SBRStatus><FailReason></FailReason><SBRRef></SBRRef><AgmNr>SCFUS2606911</AgmNr><OurCustInd></OurCustInd><CounterpartyRole></CounterpartyRole><CounterpartyType></CounterpartyType><CounterpartyCompanyRegNr></CounterpartyCompanyRegNr><CounterpartyNr></CounterpartyNr><CounterpartyName></CounterpartyName><ResponseAgency></ResponseAgency><ExportFactorOwnCounterpartyNr></ExportFactorOwnCounterpartyNr><NameCont></NameCont><Street></Street><City></City><State></State><Postcode></Postcode><Country></Country><ContactName></ContactName><Telephone></Telephone><Fax></Fax><Email></Email><CounterpartyNatureOfBusiness></CounterpartyNatureOfBusiness><Currency></Currency><MsgFunction></MsgFunction><ServiceOffered></ServiceOffered><EFServiceCharge></EFServiceCharge><EFServiceChargeCurrency></EFServiceChargeCurrency><EFDiscountingChargeToTheSupplierPerc></EFDiscountingChargeToTheSupplierPerc><EFCommissionToTheSupplierPerc></EFCommissionToTheSupplierPerc><FlatRate></FlatRate><BaseRate></BaseRate><InvAvalFunding></InvAvalFunding><TtlInvLoanAmt></TtlInvLoanAmt><TtlInvBal></TtlInvBal><POAvalFunding></POAvalFunding><TtlPOLoanAmt></TtlPOLoanAmt><TtlPOBal></TtlPOBal></SBRMain><SBRDetail><SBRControl><AckFlg></AckFlg><AutoFin></AutoFin><AutoDebit></AutoDebit><AnchorAcct></AnchorAcct><CounterPartyAcct></CounterPartyAcct><NeedbuyerAprv></NeedbuyerAprv><FinCutoffDays></FinCutoffDays><MinFinAmt></MinFinAmt><MaxFinAmt></MaxFinAmt><GraceDays></GraceDays><InvFinMode></InvFinMode><PoolMaxAmt></PoolMaxAmt><PoolMinAmt></PoolMinAmt><PoolMaxPeriod></PoolMaxPeriod><PoolMinPeriod></PoolMinPeriod></SBRControl><SBRPrice><CommRate></CommRate><HandlChg></HandlChg><IntRate></IntRate><IntRateSpread></IntRateSpread><PenalRateSpread></PenalRateSpread><MaxLoanPerc></MaxLoanPerc><RebateRate></RebateRate><RebateAcct></RebateAcct><IntRateType></IntRateType><ChgPaidBy></ChgPaidBy><ChgFreqCD></ChgFreqCD><FinInfo></FinInfo></SBRPrice></SBRDetail></Counterparty><DocumentsObtained><RegistrationForm></RegistrationForm><ListOfUltimateBeneficiaryOwners></ListOfUltimateBeneficiaryOwners><ListOfKeyManagers></ListOfKeyManagers><ListOfBoardMembers></ListOfBoardMembers><ListOfSignatories></ListOfSignatories><KYCQuestionnaire></KYCQuestionnaire><AMLQuestionnaire></AMLQuestionnaire><AnyRelevantAdverseInformation></AnyRelevantAdverseInformation><ControlForPossibleActivities></ControlForPossibleActivities><SeeSeparateMail></SeeSeparateMail><Others></Others></DocumentsObtained><MsgText></MsgText></SCF76> [end]

[start] [DEBUG] [2026-07-02 08:59:31.373] [SYSTEMS] 
Custom validate message class name is :RcvMsgByAPIConverter [end]

[start] [DEBUG] [2026-07-02 08:59:31.434] [SYSTEMS] 
==========Start Init STP Request...... [end]

[start] [DEBUG] [2026-07-02 08:59:31.435] [SYSTEMS] 
==========End Init STP Request...... [end]

[start] [DEBUG] [2026-07-02 08:59:32.866] [CSBANK_CSBANK] 
EE call CE API Service complete.
Sign Agreement repsonse message is :
null [end]

[start] [DEBUG] [2026-07-02 09:14:36.891] [C008337_C008337MCM1] 
Received SCF token value is : null [end]

[start] [DEBUG] [2026-07-02 09:14:37.018] [C008337_C008337MCM1] 
Received SCF token value is : null [end]

[start] [DEBUG] [2026-07-02 09:14:37.026] [C008337_C008337MCM1] 
Received SCF token value is : null [end]

[start] [DEBUG] [2026-07-02 09:14:37.043] [C008337_C008337MCM1] 
Received SCF token value is : null [end]

[start] [DEBUG] [2026-07-02 09:14:37.100] [C008337_C008337MCM1] 
Received SCF token value is : null [end]

[start] [DEBUG] [2026-07-02 09:14:37.157] [C008337_C008337MCM1] 
Received SCF token value is : null [end]

[start] [DEBUG] [2026-07-02 09:14:37.206] [C008337_C008337MCM1] 
Received SCF token value is : null [end]

[start] [DEBUG] [2026-07-02 09:14:37.457] [C008337_C008337MCM1] 
Received SCF token value is : null [end]

[start] [DEBUG] [2026-07-02 09:14:38.231] [C008337_C008337MCM1] 
Received SCF token value is : null [end]

[start] [DEBUG] [2026-07-02 09:14:38.253] [C008337_C008337MCM1] 
Received SCF token value is : null [end]

[start] [DEBUG] [2026-07-02 09:14:38.272] [C008337_C008337MCM1] 
Received SCF token value is : null [end]

[start] [DEBUG] [2026-07-02 09:14:38.295] [C008337_C008337MCM1] 
Received SCF token value is : null [end]

[start] [DEBUG] [2026-07-02 09:14:38.466] [C008337_C008337MCM1] 
Received SCF token value is : null [end]

[start] [DEBUG] [2026-07-02 09:14:38.508] [C008337_C008337MCM1] 
Received SCF token value is : null [end]

[start] [DEBUG] [2026-07-02 09:14:38.544] [C008337_C008337MCM1] 
Received SCF token value is : null [end]

[start] [DEBUG] [2026-07-02 09:14:38.637] [C008337_C008337MCM1] 
Received SCF token value is : null [end]

[start] [DEBUG] [2026-07-02 09:14:39.226] [C008337_C008337MCM1] 
Received SCF token value is : null [end]

[start] [DEBUG] [2026-07-02 09:14:40.074] [C008337_C008337MCM1] 
Received SCF token value is : null [end]

[start] [DEBUG] [2026-07-02 09:14:40.316] [C008337_C008337MCM1] 
Received SCF token value is : null [end]

[start] [DEBUG] [2026-07-02 09:16:33.814] [C008337_C008337MCM1] 
Received SCF token value is : null [end]

[start] [DEBUG] [2026-07-02 09:16:39.446] [C008337_C008337MCM1] 
Received SCF token value is : null [end]

[start] [DEBUG] [2026-07-02 09:16:39.456] [C008337_C008337MCM1] 
Received SCF token value is : null [end]

[start] [DEBUG] [2026-07-02 09:16:39.559] [C008337_C008337MCM1] 
Received SCF token value is : null [end]

[start] [DEBUG] [2026-07-02 09:16:40.199] [C008337_C008337MCM1] 
Received SCF token value is : null [end]

[start] [DEBUG] [2026-07-02 09:16:46.725] [C008337_C008337MCM1] 
[Detail]:Call EE Service Start. [end]

[start] [DEBUG] [2026-07-02 09:16:46.730] [C008337_C008337MCM1] 
[The URL of EE Service is]: http://localhost:9080/EximBillWeb/scfservice/scfapi/Msg21
[Send EE message is]: <SCF21><MsgInfo><SenderCode/><ReceiverCode/><CreatedBy>C008337MCM1</CreatedBy><SequenceNr/><MsgType>InqAgmDetailInfo</MsgType><DateTime>2026-07-02T09:16:46</DateTime><Status/><Error/></MsgInfo><MsgDate>2026-07-02</MsgDate><Sender><MemberNr/><MemberName/><ContactName/><Telephone/><Email/></Sender><Recipient><MemberNr/><MemberName/><ContactName/><Telephone/><Email/></Recipient><Seller><SellerNr/><SellerName/></Seller><Buyer><BuyerNr/><BuyerName/></Buyer><InputData><TrxBu>C008337</TrxBu><FuncId/><BankId>CSBANK</BankId><CntyCode>US</CntyCode><GETDATA_ID>R00000013589</GETDATA_ID><MAX_TREC_SIZE/><MAX_PREC_SIZE/><FSBC_REF/><FETCH_PAGE_SIZE>10</FETCH_PAGE_SIZE><FETCH_PAGE_NO>1</FETCH_PAGE_NO><RETURN_COUNT/><RETURN_DETAIL/><CRITERIA_OP1>SCFUS2204599</CRITERIA_OP1><CRITERIA_OP2/><CRITERIA_OP3/><CRITERIA_OP4/><CRITERIA_OP5/><CRITERIA_OP6/><CRITERIA_OP7/><CRITERIA_OP8/><CRITERIA_OP9/><CRITERIA_OP10/><ACT_TYPE/><FA_CE_FR_REF/><FA_DOC_REF/><FA_DOC_NO/><C_DELIMITER/><FA_SBR_REF/><FA_CE_MAIN_REF/><FA_DOC_DT/><FA_DOC_AMT/><FA_MAX_LOAN_PERC/><PO_MAX_LOAN_PERC/><PO_REF/><PO_DT/><PO_AMT/><FA_DSP_AMT/><REJ_REASON/></InputData><MsgText/></SCF21> [end]

[start] [DEBUG] [2026-07-02 09:16:48.275] [C008337_C008337MCM1] 
[The URL of EE Service is]: http://localhost:9080/EximBillWeb/scfservice/scfapi/Msg21
[EE Repsonse is]: org.apache.cxf.jaxrs.impl.ResponseImpl@12b16949
[Repsonse status info is] :[200] OK
[Repsonse message is] :<?xml version="1.0" encoding="UTF-8" standalone="yes"?><SCF76><MsgInfo><SenderCode></SenderCode><ReceiverCode></ReceiverCode><CreatedBy>SCFBATCHOP</CreatedBy><SequenceNr></SequenceNr><MsgType></MsgType><FileIndex></FileIndex><SubFileIndex></SubFileIndex><DateTime>2026-07-02T09:16:48.19</DateTime><Status></Status><Error></Error></MsgInfo><EF><FactorCode></FactorCode><FactorName></FactorName></EF><IF><FactorCode></FactorCode><FactorName></FactorName></IF><FromTurnaround></FromTurnaround><OriginalRequestNr></OriginalRequestNr><ReplyNr></ReplyNr><ReplyDate>2026-07-02</ReplyDate><Customer><CustomerType></CustomerType><CustomeRole>SELLER</CustomeRole><BusiType>POF</BusiType><CustomerCompanyRegNr>C008337REG</CustomerCompanyRegNr><CustomerNr>C008337</CustomerNr><CustomerName>C008337NM</CustomerName><CustomerEmail></CustomerEmail><CustomerCcy>USD</CustomerCcy><ExportFactorOwnCustomerNumber></ExportFactorOwnCustomerNumber></Customer><Counterparty><SBRMain><SBRStatus></SBRStatus><FailReason></FailReason><SBRRef></SBRRef><AgmNr>SCFUS2204599</AgmNr><ContractDocNr>232727</ContractDocNr><AgmValDate>2022-11-04</AgmValDate><AgmDueDate>2022-12-08</AgmDueDate><OurCustInd></OurCustInd><CounterpartyRole></CounterpartyRole><CounterpartyType></CounterpartyType><CounterpartyCompanyRegNr></CounterpartyCompanyRegNr><CounterpartyNr></CounterpartyNr><CounterpartyName></CounterpartyName><ResponseAgency></ResponseAgency><ExportFactorOwnCounterpartyNr></ExportFactorOwnCounterpartyNr><NameCont></NameCont><Street></Street><City></City><State></State><Postcode></Postcode><Country></Country><ContactName></ContactName><Telephone></Telephone><Fax></Fax><Email></Email><CounterpartyNatureOfBusiness></CounterpartyNatureOfBusiness><Currency>USD</Currency><SBRLimitAmt>90000000000</SBRLimitAmt><MsgFunction></MsgFunction><ServiceOffered></ServiceOffered><EFServiceCharge></EFServiceCharge><EFServiceChargeCurrency></EFServiceChargeCurrency><EFDiscountingChargeToTheSupplierPerc></EFDiscountingChargeToTheSupplierPerc><EFCommissionToTheSupplierPerc></EFCommissionToTheSupplierPerc><FlatRate></FlatRate><BaseRate></BaseRate><InvAvalFunding></InvAvalFunding><TtlInvLoanAmt></TtlInvLoanAmt><TtlInvBal></TtlInvBal><POAvalFunding></POAvalFunding><TtlPOLoanAmt></TtlPOLoanAmt><TtlPOBal></TtlPOBal></SBRMain><SBRDetail><SBRControl><AckFlg>Yes</AckFlg><AutoFin>No</AutoFin><AutoDebit>No</AutoDebit><AnchorAcct>555985</AnchorAcct><CounterPartyAcct></CounterPartyAcct><NeedbuyerAprv>2</NeedbuyerAprv><FinCutoffDays></FinCutoffDays><MinFinAmt>0</MinFinAmt><MaxFinAmt>0</MaxFinAmt><GraceDays>0</GraceDays><InvFinMode></InvFinMode><PoolMaxAmt>0</PoolMaxAmt><PoolMinAmt>0</PoolMinAmt><PoolMaxPeriod></PoolMaxPeriod><PoolMinPeriod></PoolMinPeriod></SBRControl><SBRPrice><CommRate>3</CommRate><HandlChg>2</HandlChg><IntRate>2</IntRate><IntRateSpread>0</IntRateSpread><PenalRateSpread>0</PenalRateSpread><MaxLoanPerc>80</MaxLoanPerc><POMaxLoanPerc>70</POMaxLoanPerc><RebateRate>0</RebateRate><RebateAcct></RebateAcct><IntRateType>1</IntRateType><ChgPaidBy>BY OUR CUST</ChgPaidBy><ChgFreqCD>D</ChgFreqCD><FinInfo></FinInfo><DDChgTp></DDChgTp><DDChgSha></DDChgSha><DDChgFix></DDChgFix></SBRPrice></SBRDetail></Counterparty><DocumentsObtained><RegistrationForm></RegistrationForm><ListOfUltimateBeneficiaryOwners></ListOfUltimateBeneficiaryOwners><ListOfKeyManagers></ListOfKeyManagers><ListOfBoardMembers></ListOfBoardMembers><ListOfSignatories></ListOfSignatories><KYCQuestionnaire></KYCQuestionnaire><AMLQuestionnaire></AMLQuestionnaire><AnyRelevantAdverseInformation></AnyRelevantAdverseInformation><ControlForPossibleActivities></ControlForPossibleActivities><SeeSeparateMail></SeeSeparateMail><Others></Others></DocumentsObtained><MsgText></MsgText></SCF76> [end]

[start] [DEBUG] [2026-07-02 09:16:48.277] [C008337_C008337MCM1] 
[Detail]:Call EE Service End. [end]

[start] [DEBUG] [2026-07-02 09:16:51.907] [C008337_C008337MCM1] 
Received SCF token value is : null [end]

[start] [DEBUG] [2026-07-02 09:16:51.940] [C008337_C008337MCM1] 
Received SCF token value is : null [end]

[start] [DEBUG] [2026-07-02 09:16:51.970] [C008337_C008337MCM1] 
Received SCF token value is : null [end]

[start] [DEBUG] [2026-07-02 09:16:52.420] [C008337_C008337MCM1] 
Received SCF token value is : null [end]

[start] [DEBUG] [2026-07-02 09:17:50.273] [C008337_C008337MCM1] 
Received SCF token value is : null [end]

[start] [DEBUG] [2026-07-02 09:17:50.445] [C008337_C008337MCM1] 
Received SCF token value is : null [end]

[start] [DEBUG] [2026-07-02 09:17:50.524] [C008337_C008337MCM1] 
Received SCF token value is : null [end]

[start] [DEBUG] [2026-07-02 09:17:51.380] [C008337_C008337MCM1] 
Received SCF token value is : null [end]

[start] [DEBUG] [2026-07-02 09:18:01.198] [C008337_C008337MCA1] 
Received SCF token value is : null [end]

[start] [DEBUG] [2026-07-02 09:18:01.326] [C008337_C008337MCA1] 
Received SCF token value is : null [end]

[start] [DEBUG] [2026-07-02 09:18:01.330] [C008337_C008337MCA1] 
Received SCF token value is : null [end]

[start] [DEBUG] [2026-07-02 09:18:01.359] [C008337_C008337MCA1] 
Received SCF token value is : null [end]

[start] [DEBUG] [2026-07-02 09:18:01.406] [C008337_C008337MCA1] 
Received SCF token value is : null [end]

[start] [DEBUG] [2026-07-02 09:18:01.459] [C008337_C008337MCA1] 
Received SCF token value is : null [end]

[start] [DEBUG] [2026-07-02 09:18:01.507] [C008337_C008337MCA1] 
Received SCF token value is : null [end]

[start] [DEBUG] [2026-07-02 09:18:01.548] [C008337_C008337MCA1] 
Received SCF token value is : null [end]

[start] [DEBUG] [2026-07-02 09:18:02.162] [C008337_C008337MCA1] 
Received SCF token value is : null [end]

[start] [DEBUG] [2026-07-02 09:18:02.183] [C008337_C008337MCA1] 
Received SCF token value is : null [end]

[start] [DEBUG] [2026-07-02 09:18:02.263] [C008337_C008337MCA1] 
Received SCF token value is : null [end]

[start] [DEBUG] [2026-07-02 09:18:02.270] [C008337_C008337MCA1] 
Received SCF token value is : null [end]

[start] [DEBUG] [2026-07-02 09:18:02.335] [C008337_C008337MCA1] 
Received SCF token value is : null [end]

[start] [DEBUG] [2026-07-02 09:18:02.519] [C008337_C008337MCA1] 
Received SCF token value is : null [end]

[start] [DEBUG] [2026-07-02 09:18:02.579] [C008337_C008337MCA1] 
Received SCF token value is : null [end]

[start] [DEBUG] [2026-07-02 09:18:02.634] [C008337_C008337MCA1] 
Received SCF token value is : null [end]

[start] [DEBUG] [2026-07-02 09:18:02.724] [C008337_C008337MCA1] 
Received SCF token value is : null [end]

[start] [DEBUG] [2026-07-02 09:18:02.968] [C008337_C008337MCA1] 
Received SCF token value is : null [end]

[start] [DEBUG] [2026-07-02 09:18:03.009] [C008337_C008337MCA1] 
Received SCF token value is : null [end]

[start] [DEBUG] [2026-07-02 09:18:06.813] [C008337_C008337MCA1] 
Received SCF token value is : null [end]

[start] [DEBUG] [2026-07-02 09:18:06.958] [C008337_C008337MCA1] 
Received SCF token value is : null [end]

[start] [DEBUG] [2026-07-02 09:18:06.984] [C008337_C008337MCA1] 
Received SCF token value is : null [end]

[start] [DEBUG] [2026-07-02 09:18:07.022] [C008337_C008337MCA1] 
Received SCF token value is : null [end]

[start] [DEBUG] [2026-07-02 09:18:07.629] [C008337_C008337MCA1] 
Received SCF token value is : null [end]

[start] [DEBUG] [2026-07-02 09:18:11.657] [C008337_C008337MCA1] 
Received SCF token value is : null [end]

[start] [DEBUG] [2026-07-02 09:18:11.713] [C008337_C008337MCA1] 
Received SCF token value is : null [end]

[start] [DEBUG] [2026-07-02 09:18:11.724] [C008337_C008337MCA1] 
Received SCF token value is : null [end]

[start] [DEBUG] [2026-07-02 09:18:11.886] [C008337_C008337MCA1] 
Received SCF token value is : null [end]

[start] [DEBUG] [2026-07-02 09:18:11.887] [C008337_C008337MCA1] 
Received SCF token value is : null [end]

[start] [DEBUG] [2026-07-02 09:18:12.189] [C008337_C008337MCA1] 
Received SCF token value is : null [end]

[start] [DEBUG] [2026-07-02 09:18:12.314] [C008337_C008337MCA1] 
Received SCF token value is : null [end]

[start] [DEBUG] [2026-07-02 09:18:12.646] [C008337_C008337MCA1] 
Received SCF token value is : null [end]

[start] [DEBUG] [2026-07-02 09:18:12.772] [C008337_C008337MCA1] 
Received SCF token value is : null [end]

[start] [DEBUG] [2026-07-02 09:18:12.898] [C008337_C008337MCA1] 
Received SCF token value is : null [end]

[start] [DEBUG] [2026-07-02 09:18:13.047] [C008337_C008337MCA1] 
Received SCF token value is : null [end]

[start] [DEBUG] [2026-07-02 09:18:20.190] [C008337_C008337MCA1] 
Received SCF token value is : null [end]

[start] [DEBUG] [2026-07-02 09:18:20.216] [C008337_C008337MCA1] 
Received SCF token value is : null [end]

[start] [DEBUG] [2026-07-02 09:18:20.235] [C008337_C008337MCA1] 
Received SCF token value is : null [end]

[start] [DEBUG] [2026-07-02 09:18:20.540] [C008337_C008337MCA1] 
Received SCF token value is : null [end]

[start] [DEBUG] [2026-07-02 09:21:31.079] [C013133_C013133MCM1] 
Received SCF token value is : null [end]

[start] [DEBUG] [2026-07-02 09:21:31.463] [C013133_C013133MCM1] 
Received SCF token value is : null [end]

[start] [DEBUG] [2026-07-02 09:21:31.485] [C013133_C013133MCM1] 
Received SCF token value is : null [end]

[start] [DEBUG] [2026-07-02 09:21:31.490] [C013133_C013133MCM1] 
Received SCF token value is : null [end]

[start] [DEBUG] [2026-07-02 09:21:31.495] [C013133_C013133MCM1] 
Received SCF token value is : null [end]

[start] [DEBUG] [2026-07-02 09:21:32.032] [C013133_C013133MCM1] 
Received SCF token value is : null [end]

[start] [DEBUG] [2026-07-02 09:21:32.292] [C013133_C013133MCM1] 
Received SCF token value is : null [end]

[start] [DEBUG] [2026-07-02 09:21:32.315] [C013133_C013133MCM1] 
Received SCF token value is : null [end]

[start] [DEBUG] [2026-07-02 09:21:34.886] [C013133_C013133MCM1] 
Received SCF token value is : null [end]

[start] [DEBUG] [2026-07-02 09:21:34.886] [C013133_C013133MCM1] 
Received SCF token value is : null [end]

[start] [DEBUG] [2026-07-02 09:21:35.181] [C013133_C013133MCM1] 
Received SCF token value is : null [end]

[start] [DEBUG] [2026-07-02 09:21:35.192] [C013133_C013133MCM1] 
Received SCF token value is : null [end]

[start] [DEBUG] [2026-07-02 09:21:35.390] [C013133_C013133MCM1] 
Received SCF token value is : null [end]

[start] [DEBUG] [2026-07-02 09:21:35.621] [C013133_C013133MCM1] 
Received SCF token value is : null [end]

[start] [DEBUG] [2026-07-02 09:21:35.975] [C013133_C013133MCM1] 
Received SCF token value is : null [end]

[start] [DEBUG] [2026-07-02 09:21:36.080] [C013133_C013133MCM1] 
Received SCF token value is : null [end]

[start] [DEBUG] [2026-07-02 09:21:36.471] [C013133_C013133MCM1] 
Received SCF token value is : null [end]

[start] [DEBUG] [2026-07-02 09:21:37.209] [C013133_C013133MCM1] 
Received SCF token value is : null [end]

[start] [DEBUG] [2026-07-02 09:21:37.476] [C013133_C013133MCM1] 
Received SCF token value is : null [end]

[start] [DEBUG] [2026-07-02 09:22:16.027] [C013133_C013133MCM1] 
Received SCF token value is : null [end]

[start] [DEBUG] [2026-07-02 09:22:25.233] [C013133_C013133MCM1] 
Received SCF token value is : null [end]

[start] [DEBUG] [2026-07-02 09:22:25.826] [C013133_C013133MCM1] 
Received SCF token value is : null [end]
