
[start] [DEBUG] [2026-07-02 07:27:55.986] [CSOFFICE_superofficer] 

------------------------------------IE_WEB Time Log----------------------------------------------
WS RECV FR IE: 2026-07-02 07:27:55.86 - 1782962875860 - vPBaFAlJ6GWWlD0mCr5lzti - SESSION_LIFE_CYCLE
 [end]

[start] [DEBUG] [2026-07-02 07:27:55.998] [CSOFFICE_superofficer] 
WS SEND TO IE: 2026-07-02 07:27:55.983 - 1782962875983 - vPBaFAlJ6GWWlD0mCr5lzti - SESSION_LIFE_CYCLE
 [end]

[start] [DEBUG] [2026-07-02 07:28:01.559] [CSOFFICE_superofficer] 

------------------------------------IE_WEB Time Log----------------------------------------------
WS RECV FR IE: 2026-07-02 07:28:00.874 - 1782962880874 - vPBaFAlJ6GWWlD0mCr5lzti - FUNCLOADER
 [end]

[start] [DEBUG] [2026-07-02 07:28:01.564] [CSOFFICE_superofficer] 
WS SEND TO IE: 2026-07-02 07:28:01.556 - 1782962881556 - vPBaFAlJ6GWWlD0mCr5lzti - FUNCLOADER
 [end]

[start] [DEBUG] [2026-07-02 07:28:01.567] [CSOFFICE_superofficer] 

------------------------------------IE_WEB Time Log----------------------------------------------
WS RECV FR IE: 2026-07-02 07:28:00.453 - 1782962880453 - vPBaFAlJ6GWWlD0mCr5lzti - PARALLEL
 [end]

[start] [DEBUG] [2026-07-02 07:28:01.570] [CSOFFICE_superofficer] 
WS SEND TO IE: 2026-07-02 07:28:01.565 - 1782962881565 - vPBaFAlJ6GWWlD0mCr5lzti - PARALLEL
 [end]

[start] [DEBUG] [2026-07-02 07:28:02.326] [CSOFFICE_superofficer] 

------------------------------------IE_WEB Time Log----------------------------------------------
WS RECV FR IE: 2026-07-02 07:28:02.282 - 1782962882282 - vPBaFAlJ6GWWlD0mCr5lzti - SESSION_LIFE_CYCLE
 [end]

[start] [DEBUG] [2026-07-02 07:28:02.328] [CSOFFICE_superofficer] 
WS SEND TO IE: 2026-07-02 07:28:02.324 - 1782962882324 - vPBaFAlJ6GWWlD0mCr5lzti - SESSION_LIFE_CYCLE
 [end]

[start] [DEBUG] [2026-07-02 07:28:07.760] [CSOFFICE_superofficer] 

------------------------------------IE_WEB Time Log----------------------------------------------
WS RECV FR IE: 2026-07-02 07:28:07.032 - 1782962887032 - vPBaFAlJ6GWWlD0mCr5lzti - TASKMG
 [end]

[start] [DEBUG] [2026-07-02 07:28:07.763] [CSOFFICE_superofficer] 
WS SEND TO IE: 2026-07-02 07:28:07.757 - 1782962887757 - vPBaFAlJ6GWWlD0mCr5lzti - TASKMG
 [end]

[start] [DEBUG] [2026-07-02 07:28:09.944] [CSOFFICE_superofficer] 

------------------------------------IE_WEB Time Log----------------------------------------------
WS RECV FR IE: 2026-07-02 07:28:09.789 - 1782962889789 - vPBaFAlJ6GWWlD0mCr5lzti - TASKMG
 [end]

[start] [DEBUG] [2026-07-02 07:28:09.948] [CSOFFICE_superofficer] 
WS SEND TO IE: 2026-07-02 07:28:09.943 - 1782962889943 - vPBaFAlJ6GWWlD0mCr5lzti - TASKMG
 [end]

[start] [DEBUG] [2026-07-02 07:28:13.046] [CSOFFICE_superofficer] 

------------------------------------IE_WEB Time Log----------------------------------------------
WS RECV FR IE: 2026-07-02 07:28:12.895 - 1782962892895 - vPBaFAlJ6GWWlD0mCr5lzti - TASKMG
 [end]

[start] [DEBUG] [2026-07-02 07:28:13.050] [CSOFFICE_superofficer] 
WS SEND TO IE: 2026-07-02 07:28:13.044 - 1782962893044 - vPBaFAlJ6GWWlD0mCr5lzti - TASKMG
 [end]

[start] [DEBUG] [2026-07-02 07:28:15.418] [CSOFFICE_superofficer] 

------------------------------------IE_WEB Time Log----------------------------------------------
WS RECV FR IE: 2026-07-02 07:28:15.297 - 1782962895297 - vPBaFAlJ6GWWlD0mCr5lzti - TASKMG
 [end]

[start] [DEBUG] [2026-07-02 07:28:15.420] [CSOFFICE_superofficer] 
WS SEND TO IE: 2026-07-02 07:28:15.416 - 1782962895416 - vPBaFAlJ6GWWlD0mCr5lzti - TASKMG
 [end]

[start] [DEBUG] [2026-07-02 07:28:19.574] [CSOFFICE_superofficer] 

------------------------------------IE_WEB Time Log----------------------------------------------
WS RECV FR IE: 2026-07-02 07:28:19.448 - 1782962899448 - vPBaFAlJ6GWWlD0mCr5lzti - TASKMG
 [end]

[start] [DEBUG] [2026-07-02 07:28:19.577] [CSOFFICE_superofficer] 
WS SEND TO IE: 2026-07-02 07:28:19.572 - 1782962899572 - vPBaFAlJ6GWWlD0mCr5lzti - TASKMG
 [end]

[start] [DEBUG] [2026-07-02 08:33:21.459] [CSOFFICE_superofficer] 

------------------------------------IE_WEB Time Log----------------------------------------------
WS RECV FR IE: 2026-07-02 08:33:21.438 - 1782966801438 - Q_30offi8NX7IPfirwQik_q - SESSION_LIFE_CYCLE
 [end]

[start] [DEBUG] [2026-07-02 08:33:21.460] [CSOFFICE_superofficer] 
WS SEND TO IE: 2026-07-02 08:33:21.457 - 1782966801457 - Q_30offi8NX7IPfirwQik_q - SESSION_LIFE_CYCLE
 [end]

[start] [DEBUG] [2026-07-02 08:33:24.618] [CSOFFICE_superofficer] 

------------------------------------IE_WEB Time Log----------------------------------------------
WS RECV FR IE: 2026-07-02 08:33:23.815 - 1782966803815 - Q_30offi8NX7IPfirwQik_q - LOGOFF_UNLOCKED
 [end]

[start] [DEBUG] [2026-07-02 08:33:24.629] [CSOFFICE_superofficer] 
WS SEND TO IE: 2026-07-02 08:33:24.616 - 1782966804616 - Q_30offi8NX7IPfirwQik_q - LOGOFF_UNLOCKED
 [end]

[start] [DEBUG] [2026-07-02 08:51:01.504] [C013133_C013133MCM1] 

------------------------------------IE_WEB Time Log----------------------------------------------
WS RECV FR IE: 2026-07-02 08:51:01.485 - 1782967861485 - X42KbjLx0_UkrPtXmqbQJ2E - SESSION_LIFE_CYCLE
 [end]

[start] [DEBUG] [2026-07-02 08:51:01.506] [C013133_C013133MCM1] 
WS SEND TO IE: 2026-07-02 08:51:01.503 - 1782967861503 - X42KbjLx0_UkrPtXmqbQJ2E - SESSION_LIFE_CYCLE
 [end]

[start] [DEBUG] [2026-07-02 09:14:32.082] [C008337_C008337MCM1] 

------------------------------------IE_WEB Time Log----------------------------------------------
WS RECV FR IE: 2026-07-02 09:14:32.046 - 1782969272046 - 2LBqQMKfWEpMFZbap22TxVy - SESSION_LIFE_CYCLE
 [end]

[start] [DEBUG] [2026-07-02 09:14:32.084] [C008337_C008337MCM1] 
WS SEND TO IE: 2026-07-02 09:14:32.081 - 1782969272081 - 2LBqQMKfWEpMFZbap22TxVy - SESSION_LIFE_CYCLE
 [end]

[start] [DEBUG] [2026-07-02 09:16:35.607] [C008337_C008337MCM1] 

------------------------------------IE_WEB Time Log----------------------------------------------
WS RECV FR IE: 2026-07-02 09:16:33.402 - 1782969393402 - 2LBqQMKfWEpMFZbap22TxVy - CE_CATAMANAGER
 [end]

[start] [DEBUG] [2026-07-02 09:16:35.608] [C008337_C008337MCM1] 
WS SEND TO IE: 2026-07-02 09:16:35.606 - 1782969395606 - 2LBqQMKfWEpMFZbap22TxVy - CE_CATAMANAGER
 [end]

[start] [DEBUG] [2026-07-02 09:16:35.611] [C008337_C008337MCM1] 

------------------------------------IE_WEB Time Log----------------------------------------------
WS RECV FR IE: 2026-07-02 09:16:33.348 - 1782969393348 - 2LBqQMKfWEpMFZbap22TxVy - PARALLEL
 [end]

[start] [DEBUG] [2026-07-02 09:16:35.612] [C008337_C008337MCM1] 
WS SEND TO IE: 2026-07-02 09:16:35.609 - 1782969395609 - 2LBqQMKfWEpMFZbap22TxVy - PARALLEL
 [end]

[start] [DEBUG] [2026-07-02 09:16:50.591] [C008337_C008337MCM1] 

------------------------------------IE_WEB Time Log----------------------------------------------
WS RECV FR IE: 2026-07-02 09:16:45.318 - 1782969405318 - 2LBqQMKfWEpMFZbap22TxVy - LDGLIST
 [end]

[start] [DEBUG] [2026-07-02 09:16:50.604] [C008337_C008337MCM1] 
WS SEND TO IE: 2026-07-02 09:16:50.59 - 1782969410590 - 2LBqQMKfWEpMFZbap22TxVy - LDGLIST
 [end]

[start] [DEBUG] [2026-07-02 09:16:52.802] [C008337_C008337MCM1] 

------------------------------------IE_WEB Time Log----------------------------------------------
WS RECV FR IE: 2026-07-02 09:16:52.402 - 1782969412402 - 2LBqQMKfWEpMFZbap22TxVy - SEARCH_DO_RULE
 [end]

[start] [DEBUG] [2026-07-02 09:16:52.803] [C008337_C008337MCM1] 
WS SEND TO IE: 2026-07-02 09:16:52.8 - 1782969412800 - 2LBqQMKfWEpMFZbap22TxVy - SEARCH_DO_RULE
 [end]

[start] [DEBUG] [2026-07-02 09:16:53.038] [C008337_C008337MCM1] 

------------------------------------IE_WEB Time Log----------------------------------------------
WS RECV FR IE: 2026-07-02 09:16:53.023 - 1782969413023 - 2LBqQMKfWEpMFZbap22TxVy - SEARCH_DO_RULE
 [end]

[start] [DEBUG] [2026-07-02 09:16:53.039] [C008337_C008337MCM1] 
WS SEND TO IE: 2026-07-02 09:16:53.037 - 1782969413037 - 2LBqQMKfWEpMFZbap22TxVy - SEARCH_DO_RULE
 [end]

[start] [DEBUG] [2026-07-02 09:17:01.570] [C008337_C008337MCM1] 

------------------------------------IE_WEB Time Log----------------------------------------------
WS RECV FR IE: 2026-07-02 09:17:00.574 - 1782969420574 - 2LBqQMKfWEpMFZbap22TxVy - SEARCH_DO_RULE
 [end]

[start] [DEBUG] [2026-07-02 09:17:01.571] [C008337_C008337MCM1] 
WS SEND TO IE: 2026-07-02 09:17:01.569 - 1782969421569 - 2LBqQMKfWEpMFZbap22TxVy - SEARCH_DO_RULE
 [end]

[start] [DEBUG] [2026-07-02 09:17:49.627] [C008337_C008337MCM1] 

------------------------------------IE_WEB Time Log----------------------------------------------
WS RECV FR IE: 2026-07-02 09:17:48.955 - 1782969468955 - 2LBqQMKfWEpMFZbap22TxVy - 
 [end]

[start] [DEBUG] [2026-07-02 09:17:49.627] [C008337_C008337MCM1] 
WS SEND TO IE: 2026-07-02 09:17:49.626 - 1782969469626 - 2LBqQMKfWEpMFZbap22TxVy - 
 [end]

[start] [DEBUG] [2026-07-02 09:17:50.892] [C008337_C008337MCM1] 

------------------------------------IE_WEB Time Log----------------------------------------------
WS RECV FR IE: 2026-07-02 09:17:49.758 - 1782969469758 - 2LBqQMKfWEpMFZbap22TxVy - AJAXSUCCESS
 [end]

[start] [DEBUG] [2026-07-02 09:17:50.893] [C008337_C008337MCM1] 
WS SEND TO IE: 2026-07-02 09:17:50.89 - 1782969470890 - 2LBqQMKfWEpMFZbap22TxVy - AJAXSUCCESS
 [end]

[start] [DEBUG] [2026-07-02 09:17:53.357] [C008337_C008337MCM1] 

------------------------------------IE_WEB Time Log----------------------------------------------
WS RECV FR IE: 2026-07-02 09:17:53.313 - 1782969473313 - 2LBqQMKfWEpMFZbap22TxVy - LOGOFF_UNLOCKED
 [end]

[start] [DEBUG] [2026-07-02 09:17:53.358] [C008337_C008337MCM1] 
WS SEND TO IE: 2026-07-02 09:17:53.355 - 1782969473355 - 2LBqQMKfWEpMFZbap22TxVy - LOGOFF_UNLOCKED
 [end]

[start] [DEBUG] [2026-07-02 09:18:01.152] [C008337_C008337MCA1] 

------------------------------------IE_WEB Time Log----------------------------------------------
WS RECV FR IE: 2026-07-02 09:18:01.141 - 1782969481141 - aqLB6-4WXwqpYbf5ay2khxd - SESSION_LIFE_CYCLE
 [end]

[start] [DEBUG] [2026-07-02 09:18:01.153] [C008337_C008337MCA1] 
WS SEND TO IE: 2026-07-02 09:18:01.151 - 1782969481151 - aqLB6-4WXwqpYbf5ay2khxd - SESSION_LIFE_CYCLE
 [end]

[start] [DEBUG] [2026-07-02 09:18:06.767] [C008337_C008337MCA1] 

------------------------------------IE_WEB Time Log----------------------------------------------
WS RECV FR IE: 2026-07-02 09:18:06.434 - 1782969486434 - aqLB6-4WXwqpYbf5ay2khxd - CE_CATAMANAGER
 [end]

[start] [DEBUG] [2026-07-02 09:18:06.768] [C008337_C008337MCA1] 
WS SEND TO IE: 2026-07-02 09:18:06.766 - 1782969486766 - aqLB6-4WXwqpYbf5ay2khxd - CE_CATAMANAGER
 [end]

[start] [DEBUG] [2026-07-02 09:18:06.770] [C008337_C008337MCA1] 

------------------------------------IE_WEB Time Log----------------------------------------------
WS RECV FR IE: 2026-07-02 09:18:06.391 - 1782969486391 - aqLB6-4WXwqpYbf5ay2khxd - PARALLEL
 [end]

[start] [DEBUG] [2026-07-02 09:18:06.771] [C008337_C008337MCA1] 
WS SEND TO IE: 2026-07-02 09:18:06.769 - 1782969486769 - aqLB6-4WXwqpYbf5ay2khxd - PARALLEL
 [end]

[start] [DEBUG] [2026-07-02 09:18:11.254] [C008337_C008337MCA1] 

------------------------------------IE_WEB Time Log----------------------------------------------
WS RECV FR IE: 2026-07-02 09:18:10.937 - 1782969490937 - aqLB6-4WXwqpYbf5ay2khxd - LDGLIST
 [end]

[start] [DEBUG] [2026-07-02 09:18:11.255] [C008337_C008337MCA1] 
WS SEND TO IE: 2026-07-02 09:18:11.254 - 1782969491254 - aqLB6-4WXwqpYbf5ay2khxd - LDGLIST
 [end]

[start] [DEBUG] [2026-07-02 09:18:12.076] [C008337_C008337MCA1] 

------------------------------------IE_WEB Time Log----------------------------------------------
WS RECV FR IE: 2026-07-02 09:18:12.042 - 1782969492042 - aqLB6-4WXwqpYbf5ay2khxd - SEARCH_DO_RULE
 [end]

[start] [DEBUG] [2026-07-02 09:18:12.078] [C008337_C008337MCA1] 
WS SEND TO IE: 2026-07-02 09:18:12.075 - 1782969492075 - aqLB6-4WXwqpYbf5ay2khxd - SEARCH_DO_RULE
 [end]

[start] [DEBUG] [2026-07-02 09:18:12.520] [C008337_C008337MCA1] 

------------------------------------IE_WEB Time Log----------------------------------------------
WS RECV FR IE: 2026-07-02 09:18:12.468 - 1782969492468 - aqLB6-4WXwqpYbf5ay2khxd - SEARCH_DO_RULE
 [end]

[start] [DEBUG] [2026-07-02 09:18:12.522] [C008337_C008337MCA1] 
WS SEND TO IE: 2026-07-02 09:18:12.517 - 1782969492517 - aqLB6-4WXwqpYbf5ay2khxd - SEARCH_DO_RULE
 [end]

[start] [DEBUG] [2026-07-02 09:18:19.473] [C008337_C008337MCA1] 

------------------------------------IE_WEB Time Log----------------------------------------------
WS RECV FR IE: 2026-07-02 09:18:14.899 - 1782969494899 - aqLB6-4WXwqpYbf5ay2khxd - RELE
 [end]

[start] [DEBUG] [2026-07-02 09:18:19.474] [C008337_C008337MCA1] 
WS SEND TO IE: 2026-07-02 09:18:19.472 - 1782969499472 - aqLB6-4WXwqpYbf5ay2khxd - RELE
 [end]

[start] [DEBUG] [2026-07-02 09:18:19.702] [C008337_C008337MCA1] 

------------------------------------IE_WEB Time Log----------------------------------------------
WS RECV FR IE: 2026-07-02 09:18:19.603 - 1782969499603 - aqLB6-4WXwqpYbf5ay2khxd - AJAXSUCCESS
 [end]

[start] [DEBUG] [2026-07-02 09:18:19.703] [C008337_C008337MCA1] 
WS SEND TO IE: 2026-07-02 09:18:19.701 - 1782969499701 - aqLB6-4WXwqpYbf5ay2khxd - AJAXSUCCESS
 [end]

[start] [DEBUG] [2026-07-02 09:18:19.764] [C008337_C008337MCA1] 

------------------------------------IE_WEB Time Log----------------------------------------------
WS RECV FR IE: 2026-07-02 09:18:19.752 - 1782969499752 - aqLB6-4WXwqpYbf5ay2khxd - TRX_REFUSE_REFNO
 [end]

[start] [DEBUG] [2026-07-02 09:18:19.765] [C008337_C008337MCA1] 
WS SEND TO IE: 2026-07-02 09:18:19.764 - 1782969499764 - aqLB6-4WXwqpYbf5ay2khxd - TRX_REFUSE_REFNO
 [end]

[start] [DEBUG] [2026-07-02 09:21:30.787] [C013133_C013133MCM1] 

------------------------------------IE_WEB Time Log----------------------------------------------
WS RECV FR IE: 2026-07-02 09:21:30.763 - 1782969690763 - RmQ2e846boivGUOWW4csbdr - SESSION_LIFE_CYCLE
 [end]

[start] [DEBUG] [2026-07-02 09:21:30.788] [C013133_C013133MCM1] 
WS SEND TO IE: 2026-07-02 09:21:30.785 - 1782969690785 - RmQ2e846boivGUOWW4csbdr - SESSION_LIFE_CYCLE
 [end]

[start] [DEBUG] [2026-07-02 09:22:24.220] [C013133_C013133MCM1] 

------------------------------------IE_WEB Time Log----------------------------------------------
WS RECV FR IE: 2026-07-02 09:22:15.101 - 1782969735101 - RmQ2e846boivGUOWW4csbdr - LDGLIST
 [end]

[start] [DEBUG] [2026-07-02 09:22:24.221] [C013133_C013133MCM1] 
WS SEND TO IE: 2026-07-02 09:22:24.219 - 1782969744219 - RmQ2e846boivGUOWW4csbdr - LDGLIST
 [end]

[start] [DEBUG] [2026-07-02 09:22:24.223] [C013133_C013133MCM1] 

------------------------------------IE_WEB Time Log----------------------------------------------
WS RECV FR IE: 2026-07-02 09:22:15.032 - 1782969735032 - RmQ2e846boivGUOWW4csbdr - PARALLEL
 [end]

[start] [DEBUG] [2026-07-02 09:22:24.225] [C013133_C013133MCM1] 
WS SEND TO IE: 2026-07-02 09:22:24.222 - 1782969744222 - RmQ2e846boivGUOWW4csbdr - PARALLEL
 [end]
