
[start] [DEBUG] [2026-06-23 08:56:25.235] [SYSTEMS] 
Entering into STP Manager... [end]

[start] [DEBUG] [2026-06-23 08:56:25.237] [SYSTEMS] 
STP Type is:InGapiForm [end]

[start] [DEBUG] [2026-06-23 08:56:25.238] [SYSTEMS] 
Initing adpater class:InGapiForm ... [end]

[start] [DEBUG] [2026-06-23 08:56:25.239] [SYSTEMS] 
Inited adpater class--OK! [end]

[start] [DEBUG] [2026-06-23 08:56:25.239] [SYSTEMS] 
Starting to convert STP message to STP XML Dom... [end]

[start] [DEBUG] [2026-06-23 08:56:25.319] [SYSTEMS] 
Start: set system name to BKTS [end]

[start] [DEBUG] [2026-06-23 08:56:25.320] [SYSTEMS] 
should set system name to BKTS [end]

[start] [DEBUG] [2026-06-23 08:56:25.321] [SYSTEMS] 
userId= [end]

[start] [DEBUG] [2026-06-23 08:56:25.366] [SYSTEMS] 
recDate:2026-06-23 [end]

[start] [DEBUG] [2026-06-23 08:56:25.367] [SYSTEMS] 
End: set system name to BKTS [end]

[start] [DEBUG] [2026-06-23 08:56:25.412] [SYSTEMS] 
Start: assing msg to Send Message to EE [end]

[start] [DEBUG] [2026-06-23 08:56:25.451] [SYSTEMS] 
End: assing msg to Send Message to EE [end]

[start] [DEBUG] [2026-06-23 08:56:25.537] [CSBANK_CSBANK] 
Converted STP message to STP XML Dom -- OK! [end]

[start] [DEBUG] [2026-06-23 08:56:25.541] [CSBANK_CSBANK] 
Starting to call Control Manager:TrxManagerMaster... [end]

[start] [DEBUG] [2026-06-23 08:56:26.123] [CSBANK_CSBANK] 
Called Control Manager:TrxManagerMaster --OK! [end]

[start] [DEBUG] [2026-06-23 09:04:56.983] [SYSTEMS] 
Generating STP Code (Msg numbers:1 [end]

[start] [DEBUG] [2026-06-23 09:04:56.984] [SYSTEMS] 
Generating STP Code -- OK! [end]

[start] [DEBUG] [2026-06-23 09:04:56.985] [SYSTEMS] 
Get Data Source:CET -- OK! [end]

[start] [DEBUG] [2026-06-23 09:04:56.986] [SYSTEMS] 
Starting to process STP message... [end]

[start] [DEBUG] [2026-06-23 09:04:56.987] [SYSTEMS] 
Entering into STP Manager... [end]

[start] [DEBUG] [2026-06-23 09:04:56.988] [SYSTEMS] 
STP Type is:InGapiForm [end]

[start] [DEBUG] [2026-06-23 09:04:56.988] [SYSTEMS] 
Initing adpater class:InGapiForm ... [end]

[start] [DEBUG] [2026-06-23 09:04:56.989] [SYSTEMS] 
Inited adpater class--OK! [end]

[start] [DEBUG] [2026-06-23 09:04:56.990] [SYSTEMS] 
Starting to convert STP message to STP XML Dom... [end]

[start] [DEBUG] [2026-06-23 09:04:56.995] [SYSTEMS] 
Start: set system name to BKTS [end]

[start] [DEBUG] [2026-06-23 09:04:56.996] [SYSTEMS] 
should set system name to SCF [end]

[start] [DEBUG] [2026-06-23 09:04:56.997] [SYSTEMS] 
userId= [end]

[start] [DEBUG] [2026-06-23 09:04:57.001] [SYSTEMS] 
recDate:2026-06-23 [end]

[start] [DEBUG] [2026-06-23 09:04:57.002] [SYSTEMS] 
End: set system name to BKTS [end]

[start] [DEBUG] [2026-06-23 09:04:57.005] [SYSTEMS] 
Start: assing msg to Receive Agreement [end]

[start] [DEBUG] [2026-06-23 09:04:57.006] [SYSTEMS] 
busiType============PF [end]

[start] [DEBUG] [2026-06-23 09:04:57.010] [SYSTEMS] 
End: assing msg to Receive Agreement [end]

[start] [DEBUG] [2026-06-23 09:04:57.013] [SYSTEMS] 
Start: Receive Agreement [end]

[start] [DEBUG] [2026-06-23 09:04:57.015] [SYSTEMS] 
Start to create user! [end]

[start] [DEBUG] [2026-06-23 09:04:58.317] [SYSTEMS] 
Create user end! [end]

[start] [DEBUG] [2026-06-23 09:04:58.318] [SYSTEMS] 
sMainRef======================SCFUS2606884 [end]

[start] [DEBUG] [2026-06-23 09:04:58.319] [SYSTEMS] 
FACUSTREGNO======================C007802REG [end]

[start] [DEBUG] [2026-06-23 09:04:58.320] [SYSTEMS] 
FAPMT====================== [end]

[start] [DEBUG] [2026-06-23 09:04:58.321] [SYSTEMS] 
RJREAS====================== [end]

[start] [DEBUG] [2026-06-23 09:04:58.322] [SYSTEMS] 
sUnitCode======================C007802 [end]

[start] [DEBUG] [2026-06-23 09:04:58.326] [SYSTEMS] 
End: Receive Agreement [end]

[start] [DEBUG] [2026-06-23 09:04:58.327] [CSBANK_CSBANK] 
Converted STP message to STP XML Dom -- OK! [end]

[start] [DEBUG] [2026-06-23 09:04:58.331] [CSBANK_CSBANK] 
Starting to call Control Manager:TrxManagerMaster... [end]

[start] [DEBUG] [2026-06-23 09:04:58.408] [CSBANK_CSBANK] 
Called Control Manager:TrxManagerMaster --OK! [end]

[start] [DEBUG] [2026-06-23 09:04:58.412] [CSBANK_CSBANK] 
Completed processing STP message -- OK! [end]

[start] [DEBUG] [2026-06-23 09:04:58.414] [CSBANK_CSBANK] 
Starting to write process status to DB! [end]

[start] [DEBUG] [2026-06-23 09:04:58.417] [CSBANK_CSBANK] 
Starting to call STPResultProcess. [end]

[start] [DEBUG] [2026-06-23 09:04:58.419] [CSBANK_CSBANK] 
isSuccess=true; errorMessage=null [end]

[start] [DEBUG] [2026-06-23 09:04:58.420] [CSBANK_CSBANK] 
Completed to call STPResultProcess. [end]

[start] [DEBUG] [2026-06-23 09:04:58.424] [CSBANK_CSBANK] 
Wrote process status to DB -- OK! [end]

[start] [DEBUG] [2026-06-23 09:04:58.425] [CSBANK_CSBANK] 
Exit STP Process -- OK! [end]

[start] [DEBUG] [2026-06-23 09:05:01.002] [SYSTEMS] 
Generating STP Code (Msg numbers:1 [end]

[start] [DEBUG] [2026-06-23 09:05:01.003] [SYSTEMS] 
Generating STP Code -- OK! [end]

[start] [DEBUG] [2026-06-23 09:05:01.004] [SYSTEMS] 
Get Data Source:CET -- OK! [end]

[start] [DEBUG] [2026-06-23 09:05:01.004] [SYSTEMS] 
Starting to process STP message... [end]

[start] [DEBUG] [2026-06-23 09:05:01.005] [SYSTEMS] 
Entering into STP Manager... [end]

[start] [DEBUG] [2026-06-23 09:05:01.006] [SYSTEMS] 
STP Type is:InGapiForm [end]

[start] [DEBUG] [2026-06-23 09:05:01.007] [SYSTEMS] 
Initing adpater class:InGapiForm ... [end]

[start] [DEBUG] [2026-06-23 09:05:01.008] [SYSTEMS] 
Inited adpater class--OK! [end]

[start] [DEBUG] [2026-06-23 09:05:01.008] [SYSTEMS] 
Starting to convert STP message to STP XML Dom... [end]

[start] [DEBUG] [2026-06-23 09:05:01.012] [SYSTEMS] 
Start: set system name to BKTS [end]

[start] [DEBUG] [2026-06-23 09:05:01.013] [SYSTEMS] 
should set system name to SCF [end]

[start] [DEBUG] [2026-06-23 09:05:01.014] [SYSTEMS] 
userId= [end]

[start] [DEBUG] [2026-06-23 09:05:01.018] [SYSTEMS] 
recDate:2026-06-23 [end]

[start] [DEBUG] [2026-06-23 09:05:01.018] [SYSTEMS] 
End: set system name to BKTS [end]

[start] [DEBUG] [2026-06-23 09:05:01.021] [SYSTEMS] 
Start: assing msg to Receive SBR for Anchor Customer [end]

[start] [DEBUG] [2026-06-23 09:05:01.021] [SYSTEMS] 
busiType============PF [end]

[start] [DEBUG] [2026-06-23 09:05:01.026] [SYSTEMS] 
End: assing msg to Receive SBR for Anchor Customer [end]

[start] [DEBUG] [2026-06-23 09:05:01.032] [SYSTEMS] 
Start: Receive SBR for Anchor Customer [end]

[start] [DEBUG] [2026-06-23 09:05:01.033] [SYSTEMS] 
sMainRef======================20260623090501032 [end]

[start] [DEBUG] [2026-06-23 09:05:01.034] [SYSTEMS] 
sMainRef======================60 [end]

[start] [DEBUG] [2026-06-23 09:05:01.035] [SYSTEMS] 
custreno======================C007802REG [end]

[start] [DEBUG] [2026-06-23 09:05:01.036] [SYSTEMS] 
CounterRegNo======================C003526reg [end]

[start] [DEBUG] [2026-06-23 09:05:01.040] [SYSTEMS] 
End: Receive SBR for Anchor Customer [end]

[start] [DEBUG] [2026-06-23 09:05:01.041] [CSBANK_CSBANK] 
Converted STP message to STP XML Dom -- OK! [end]

[start] [DEBUG] [2026-06-23 09:05:01.044] [CSBANK_CSBANK] 
Starting to call Control Manager:TrxManagerMaster... [end]

[start] [DEBUG] [2026-06-23 09:05:01.095] [CSBANK_CSBANK] 
Called Control Manager:TrxManagerMaster --OK! [end]

[start] [DEBUG] [2026-06-23 09:05:01.098] [CSBANK_CSBANK] 
Completed processing STP message -- OK! [end]

[start] [DEBUG] [2026-06-23 09:05:01.098] [CSBANK_CSBANK] 
Starting to write process status to DB! [end]

[start] [DEBUG] [2026-06-23 09:05:01.101] [CSBANK_CSBANK] 
Starting to call STPResultProcess. [end]

[start] [DEBUG] [2026-06-23 09:05:01.102] [CSBANK_CSBANK] 
isSuccess=true; errorMessage=null [end]

[start] [DEBUG] [2026-06-23 09:05:01.103] [CSBANK_CSBANK] 
Completed to call STPResultProcess. [end]

[start] [DEBUG] [2026-06-23 09:05:01.106] [CSBANK_CSBANK] 
Wrote process status to DB -- OK! [end]

[start] [DEBUG] [2026-06-23 09:05:01.107] [CSBANK_CSBANK] 
Exit STP Process -- OK! [end]

[start] [DEBUG] [2026-06-23 09:05:01.128] [CSBANK_CSBANK] 
Generating STP Code (Msg numbers:1 [end]

[start] [DEBUG] [2026-06-23 09:05:01.129] [CSBANK_CSBANK] 
Generating STP Code -- OK! [end]

[start] [DEBUG] [2026-06-23 09:05:01.130] [CSBANK_CSBANK] 
Get Data Source:CET -- OK! [end]

[start] [DEBUG] [2026-06-23 09:05:01.130] [CSBANK_CSBANK] 
Starting to process STP message... [end]

[start] [DEBUG] [2026-06-23 09:05:01.131] [CSBANK_CSBANK] 
Entering into STP Manager... [end]

[start] [DEBUG] [2026-06-23 09:05:01.132] [CSBANK_CSBANK] 
STP Type is:InGapiForm [end]

[start] [DEBUG] [2026-06-23 09:05:01.133] [CSBANK_CSBANK] 
Initing adpater class:InGapiForm ... [end]

[start] [DEBUG] [2026-06-23 09:05:01.134] [CSBANK_CSBANK] 
Inited adpater class--OK! [end]

[start] [DEBUG] [2026-06-23 09:05:01.134] [CSBANK_CSBANK] 
Starting to convert STP message to STP XML Dom... [end]

[start] [DEBUG] [2026-06-23 09:05:01.138] [CSBANK_CSBANK] 
Start: set system name to BKTS [end]

[start] [DEBUG] [2026-06-23 09:05:01.139] [CSBANK_CSBANK] 
should set system name to SCF [end]

[start] [DEBUG] [2026-06-23 09:05:01.140] [CSBANK_CSBANK] 
userId= [end]

[start] [DEBUG] [2026-06-23 09:05:01.143] [CSBANK_CSBANK] 
recDate:2026-06-23 [end]

[start] [DEBUG] [2026-06-23 09:05:01.144] [CSBANK_CSBANK] 
End: set system name to BKTS [end]

[start] [DEBUG] [2026-06-23 09:05:01.146] [CSBANK_CSBANK] 
Start: assing msg to Receive SBR for Counterparty [end]

[start] [DEBUG] [2026-06-23 09:05:01.147] [CSBANK_CSBANK] 
busiType============PF [end]

[start] [DEBUG] [2026-06-23 09:05:01.151] [CSBANK_CSBANK] 
End: assing msg to Receive SBR for Counterparty [end]

[start] [DEBUG] [2026-06-23 09:05:01.154] [CSBANK_CSBANK] 
Start: Receive SBR for Counterparty [end]

[start] [DEBUG] [2026-06-23 09:05:01.155] [CSBANK_CSBANK] 
Start to create user! [end]

[start] [DEBUG] [2026-06-23 09:05:02.031] [CSBANK_CSBANK] 
Create user end! [end]

[start] [DEBUG] [2026-06-23 09:05:02.032] [CSBANK_CSBANK] 
sMainRef======================20260623090502031 [end]

[start] [DEBUG] [2026-06-23 09:05:02.033] [CSBANK_CSBANK] 
custreno======================C007802REG [end]

[start] [DEBUG] [2026-06-23 09:05:02.033] [CSBANK_CSBANK] 
CounterRegNo======================C003526reg [end]

[start] [DEBUG] [2026-06-23 09:05:02.036] [CSBANK_CSBANK] 
sSBRref================PFCSBANK260611176SBR [end]

[start] [DEBUG] [2026-06-23 09:05:02.037] [CSBANK_CSBANK] 
sUnitCode================C003526 [end]

[start] [ERROR] [2026-06-23 09:05:02.041] [CSBANK_CSBANK] 
CEStpJs:SYS_getCUBKVal:
record is null! [end]

[start] [DEBUG] [2026-06-23 09:05:02.041] [CSBANK_CSBANK] 
End: Receive SBR for Counterparty [end]

[start] [DEBUG] [2026-06-23 09:05:02.043] [CSBANK_CSBANK] 
Converted STP message to STP XML Dom -- OK! [end]

[start] [DEBUG] [2026-06-23 09:05:02.046] [CSBANK_CSBANK] 
Starting to call Control Manager:TrxManagerMaster... [end]

[start] [DEBUG] [2026-06-23 09:05:02.076] [CSBANK_CSBANK] 
Called Control Manager:TrxManagerMaster --OK! [end]

[start] [DEBUG] [2026-06-23 09:05:02.079] [CSBANK_CSBANK] 
Completed processing STP message -- OK! [end]

[start] [DEBUG] [2026-06-23 09:05:02.080] [CSBANK_CSBANK] 
Starting to write process status to DB! [end]

[start] [DEBUG] [2026-06-23 09:05:02.083] [CSBANK_CSBANK] 
Starting to call STPResultProcess. [end]

[start] [DEBUG] [2026-06-23 09:05:02.084] [CSBANK_CSBANK] 
isSuccess=true; errorMessage=null [end]

[start] [DEBUG] [2026-06-23 09:05:02.086] [CSBANK_CSBANK] 
Completed to call STPResultProcess. [end]

[start] [DEBUG] [2026-06-23 09:05:02.090] [CSBANK_CSBANK] 
Wrote process status to DB -- OK! [end]

[start] [DEBUG] [2026-06-23 09:05:02.091] [CSBANK_CSBANK] 
Exit STP Process -- OK! [end]

[start] [DEBUG] [2026-06-23 09:48:09.437] [SYSTEMS] 
Entering into STP Manager... [end]

[start] [DEBUG] [2026-06-23 09:48:09.438] [SYSTEMS] 
STP Type is:InGapiForm [end]

[start] [DEBUG] [2026-06-23 09:48:09.439] [SYSTEMS] 
Initing adpater class:InGapiForm ... [end]

[start] [DEBUG] [2026-06-23 09:48:09.440] [SYSTEMS] 
Inited adpater class--OK! [end]

[start] [DEBUG] [2026-06-23 09:48:09.441] [SYSTEMS] 
Starting to convert STP message to STP XML Dom... [end]

[start] [DEBUG] [2026-06-23 09:48:09.465] [SYSTEMS] 
Start: set system name to BKTS [end]

[start] [DEBUG] [2026-06-23 09:48:09.466] [SYSTEMS] 
should set system name to BKTS [end]

[start] [DEBUG] [2026-06-23 09:48:09.469] [SYSTEMS] 
userId= [end]

[start] [DEBUG] [2026-06-23 09:48:09.481] [SYSTEMS] 
recDate:2026-06-23 [end]

[start] [DEBUG] [2026-06-23 09:48:09.482] [SYSTEMS] 
End: set system name to BKTS [end]

[start] [DEBUG] [2026-06-23 09:48:09.485] [SYSTEMS] 
Start: assing msg to Send Message to EE [end]

[start] [DEBUG] [2026-06-23 09:48:09.490] [SYSTEMS] 
End: assing msg to Send Message to EE [end]

[start] [DEBUG] [2026-06-23 09:48:09.496] [CSBANK_CSBANK] 
Converted STP message to STP XML Dom -- OK! [end]

[start] [DEBUG] [2026-06-23 09:48:09.497] [CSBANK_CSBANK] 
Starting to call Control Manager:TrxManagerMaster... [end]

[start] [DEBUG] [2026-06-23 09:48:09.628] [CSBANK_CSBANK] 
Called Control Manager:TrxManagerMaster --OK! [end]

[start] [DEBUG] [2026-06-23 10:17:43.042] [SYSTEMS] 
Generating STP Code (Msg numbers:1 [end]

[start] [DEBUG] [2026-06-23 10:17:43.043] [SYSTEMS] 
Generating STP Code -- OK! [end]

[start] [DEBUG] [2026-06-23 10:17:43.044] [SYSTEMS] 
Get Data Source:CET -- OK! [end]

[start] [DEBUG] [2026-06-23 10:17:43.045] [SYSTEMS] 
Starting to process STP message... [end]

[start] [DEBUG] [2026-06-23 10:17:43.046] [SYSTEMS] 
Entering into STP Manager... [end]

[start] [DEBUG] [2026-06-23 10:17:43.047] [SYSTEMS] 
STP Type is:InGapiForm [end]

[start] [DEBUG] [2026-06-23 10:17:43.048] [SYSTEMS] 
Initing adpater class:InGapiForm ... [end]

[start] [DEBUG] [2026-06-23 10:17:43.049] [SYSTEMS] 
Inited adpater class--OK! [end]

[start] [DEBUG] [2026-06-23 10:17:43.050] [SYSTEMS] 
Starting to convert STP message to STP XML Dom... [end]

[start] [DEBUG] [2026-06-23 10:17:43.140] [SYSTEMS] 
Start: set system name to BKTS [end]

[start] [DEBUG] [2026-06-23 10:17:43.141] [SYSTEMS] 
should set system name to SCF [end]

[start] [DEBUG] [2026-06-23 10:17:43.149] [SYSTEMS] 
userId= [end]

[start] [DEBUG] [2026-06-23 10:17:43.156] [SYSTEMS] 
recDate:2026-06-23 [end]

[start] [DEBUG] [2026-06-23 10:17:43.157] [SYSTEMS] 
End: set system name to BKTS [end]

[start] [DEBUG] [2026-06-23 10:17:43.162] [SYSTEMS] 
Start: assing msg to Receive Agreement [end]

[start] [DEBUG] [2026-06-23 10:17:43.163] [SYSTEMS] 
busiType============PF [end]

[start] [DEBUG] [2026-06-23 10:17:43.184] [SYSTEMS] 
End: assing msg to Receive Agreement [end]

[start] [DEBUG] [2026-06-23 10:17:43.190] [SYSTEMS] 
Start: Receive Agreement [end]

[start] [DEBUG] [2026-06-23 10:17:43.192] [SYSTEMS] 
Start to create user! [end]

[start] [DEBUG] [2026-06-23 10:17:44.674] [SYSTEMS] 
Create user end! [end]

[start] [DEBUG] [2026-06-23 10:17:44.676] [SYSTEMS] 
sMainRef======================SCFUS2606885 [end]

[start] [DEBUG] [2026-06-23 10:17:44.677] [SYSTEMS] 
FACUSTREGNO======================C007987REG [end]

[start] [DEBUG] [2026-06-23 10:17:44.679] [SYSTEMS] 
FAPMT====================== [end]

[start] [DEBUG] [2026-06-23 10:17:44.680] [SYSTEMS] 
RJREAS====================== [end]

[start] [DEBUG] [2026-06-23 10:17:44.681] [SYSTEMS] 
sUnitCode======================C007987 [end]

[start] [DEBUG] [2026-06-23 10:17:44.687] [SYSTEMS] 
End: Receive Agreement [end]

[start] [DEBUG] [2026-06-23 10:17:44.689] [CSBANK_CSBANK] 
Converted STP message to STP XML Dom -- OK! [end]

[start] [DEBUG] [2026-06-23 10:17:44.694] [CSBANK_CSBANK] 
Starting to call Control Manager:TrxManagerMaster... [end]

[start] [DEBUG] [2026-06-23 10:17:44.846] [CSBANK_CSBANK] 
Called Control Manager:TrxManagerMaster --OK! [end]

[start] [DEBUG] [2026-06-23 10:17:44.852] [CSBANK_CSBANK] 
Completed processing STP message -- OK! [end]

[start] [DEBUG] [2026-06-23 10:17:44.853] [CSBANK_CSBANK] 
Starting to write process status to DB! [end]

[start] [DEBUG] [2026-06-23 10:17:44.858] [CSBANK_CSBANK] 
Starting to call STPResultProcess. [end]

[start] [DEBUG] [2026-06-23 10:17:44.860] [CSBANK_CSBANK] 
isSuccess=true; errorMessage=null [end]

[start] [DEBUG] [2026-06-23 10:17:44.861] [CSBANK_CSBANK] 
Completed to call STPResultProcess. [end]

[start] [DEBUG] [2026-06-23 10:17:44.900] [CSBANK_CSBANK] 
Wrote process status to DB -- OK! [end]

[start] [DEBUG] [2026-06-23 10:17:44.902] [CSBANK_CSBANK] 
Exit STP Process -- OK! [end]

[start] [DEBUG] [2026-06-23 10:18:02.536] [SYSTEMS] 
Generating STP Code (Msg numbers:1 [end]

[start] [DEBUG] [2026-06-23 10:18:02.537] [SYSTEMS] 
Generating STP Code -- OK! [end]

[start] [DEBUG] [2026-06-23 10:18:02.538] [SYSTEMS] 
Get Data Source:CET -- OK! [end]

[start] [DEBUG] [2026-06-23 10:18:02.539] [SYSTEMS] 
Starting to process STP message... [end]

[start] [DEBUG] [2026-06-23 10:18:02.540] [SYSTEMS] 
Entering into STP Manager... [end]

[start] [DEBUG] [2026-06-23 10:18:02.541] [SYSTEMS] 
STP Type is:InGapiForm [end]

[start] [DEBUG] [2026-06-23 10:18:02.542] [SYSTEMS] 
Initing adpater class:InGapiForm ... [end]

[start] [DEBUG] [2026-06-23 10:18:02.569] [SYSTEMS] 
Inited adpater class--OK! [end]

[start] [DEBUG] [2026-06-23 10:18:02.570] [SYSTEMS] 
Starting to convert STP message to STP XML Dom... [end]

[start] [DEBUG] [2026-06-23 10:18:02.577] [SYSTEMS] 
Start: set system name to BKTS [end]

[start] [DEBUG] [2026-06-23 10:18:02.578] [SYSTEMS] 
should set system name to SCF [end]

[start] [DEBUG] [2026-06-23 10:18:02.579] [SYSTEMS] 
userId= [end]

[start] [DEBUG] [2026-06-23 10:18:02.585] [SYSTEMS] 
recDate:2026-06-23 [end]

[start] [DEBUG] [2026-06-23 10:18:02.586] [SYSTEMS] 
End: set system name to BKTS [end]

[start] [DEBUG] [2026-06-23 10:18:02.589] [SYSTEMS] 
Start: assing msg to Receive SBR for Anchor Customer [end]

[start] [DEBUG] [2026-06-23 10:18:02.609] [SYSTEMS] 
busiType============PF [end]

[start] [DEBUG] [2026-06-23 10:18:02.630] [SYSTEMS] 
End: assing msg to Receive SBR for Anchor Customer [end]

[start] [DEBUG] [2026-06-23 10:18:02.637] [SYSTEMS] 
Start: Receive SBR for Anchor Customer [end]

[start] [DEBUG] [2026-06-23 10:18:02.638] [SYSTEMS] 
sMainRef======================20260623101802637 [end]

[start] [DEBUG] [2026-06-23 10:18:02.639] [SYSTEMS] 
sMainRef======================60 [end]

[start] [DEBUG] [2026-06-23 10:18:02.641] [SYSTEMS] 
custreno======================C007987REG [end]

[start] [DEBUG] [2026-06-23 10:18:02.642] [SYSTEMS] 
CounterRegNo======================C003526reg [end]

[start] [DEBUG] [2026-06-23 10:18:02.749] [SYSTEMS] 
End: Receive SBR for Anchor Customer [end]

[start] [DEBUG] [2026-06-23 10:18:02.750] [CSBANK_CSBANK] 
Converted STP message to STP XML Dom -- OK! [end]

[start] [DEBUG] [2026-06-23 10:18:02.755] [CSBANK_CSBANK] 
Starting to call Control Manager:TrxManagerMaster... [end]

[start] [DEBUG] [2026-06-23 10:18:02.783] [SYSTEMS] 
Generating STP Code (Msg numbers:1 [end]

[start] [DEBUG] [2026-06-23 10:18:02.784] [SYSTEMS] 
Generating STP Code -- OK! [end]

[start] [DEBUG] [2026-06-23 10:18:02.785] [SYSTEMS] 
Get Data Source:CET -- OK! [end]

[start] [DEBUG] [2026-06-23 10:18:02.786] [SYSTEMS] 
Starting to process STP message... [end]

[start] [DEBUG] [2026-06-23 10:18:02.787] [SYSTEMS] 
Entering into STP Manager... [end]

[start] [DEBUG] [2026-06-23 10:18:02.807] [SYSTEMS] 
STP Type is:InGapiForm [end]

[start] [DEBUG] [2026-06-23 10:18:02.808] [SYSTEMS] 
Initing adpater class:InGapiForm ... [end]

[start] [DEBUG] [2026-06-23 10:18:02.809] [SYSTEMS] 
Inited adpater class--OK! [end]

[start] [DEBUG] [2026-06-23 10:18:02.811] [SYSTEMS] 
Starting to convert STP message to STP XML Dom... [end]

[start] [DEBUG] [2026-06-23 10:18:02.817] [SYSTEMS] 
Start: set system name to BKTS [end]

[start] [DEBUG] [2026-06-23 10:18:02.818] [SYSTEMS] 
should set system name to SCF [end]

[start] [DEBUG] [2026-06-23 10:18:02.819] [SYSTEMS] 
userId= [end]

[start] [DEBUG] [2026-06-23 10:18:02.825] [SYSTEMS] 
recDate:2026-06-23 [end]

[start] [DEBUG] [2026-06-23 10:18:02.826] [SYSTEMS] 
End: set system name to BKTS [end]

[start] [DEBUG] [2026-06-23 10:18:02.853] [SYSTEMS] 
Start: assing msg to Receive SBR for Anchor Customer [end]

[start] [DEBUG] [2026-06-23 10:18:02.855] [SYSTEMS] 
busiType============PF [end]

[start] [DEBUG] [2026-06-23 10:18:02.860] [SYSTEMS] 
End: assing msg to Receive SBR for Anchor Customer [end]

[start] [DEBUG] [2026-06-23 10:18:02.865] [SYSTEMS] 
Start: Receive SBR for Anchor Customer [end]

[start] [DEBUG] [2026-06-23 10:18:02.867] [SYSTEMS] 
sMainRef======================20260623101802865 [end]

[start] [DEBUG] [2026-06-23 10:18:02.868] [SYSTEMS] 
sMainRef======================60 [end]

[start] [DEBUG] [2026-06-23 10:18:02.869] [SYSTEMS] 
custreno======================C007987REG [end]

[start] [DEBUG] [2026-06-23 10:18:02.870] [SYSTEMS] 
CounterRegNo======================C003526reg [end]

[start] [DEBUG] [2026-06-23 10:18:02.875] [SYSTEMS] 
End: Receive SBR for Anchor Customer [end]

[start] [DEBUG] [2026-06-23 10:18:02.876] [CSBANK_CSBANK] 
Converted STP message to STP XML Dom -- OK! [end]

[start] [DEBUG] [2026-06-23 10:18:02.880] [CSBANK_CSBANK] 
Starting to call Control Manager:TrxManagerMaster... [end]

[start] [DEBUG] [2026-06-23 10:18:02.918] [CSBANK_CSBANK] 
Called Control Manager:TrxManagerMaster --OK! [end]

[start] [DEBUG] [2026-06-23 10:18:02.922] [CSBANK_CSBANK] 
Completed processing STP message -- OK! [end]

[start] [DEBUG] [2026-06-23 10:18:02.923] [CSBANK_CSBANK] 
Starting to write process status to DB! [end]

[start] [DEBUG] [2026-06-23 10:18:02.927] [CSBANK_CSBANK] 
Starting to call STPResultProcess. [end]

[start] [DEBUG] [2026-06-23 10:18:02.928] [CSBANK_CSBANK] 
isSuccess=true; errorMessage=null [end]

[start] [DEBUG] [2026-06-23 10:18:02.929] [CSBANK_CSBANK] 
Completed to call STPResultProcess. [end]

[start] [DEBUG] [2026-06-23 10:18:02.964] [CSBANK_CSBANK] 
Wrote process status to DB -- OK! [end]

[start] [DEBUG] [2026-06-23 10:18:02.965] [CSBANK_CSBANK] 
Exit STP Process -- OK! [end]

[start] [DEBUG] [2026-06-23 10:18:02.971] [CSBANK_CSBANK] 
Called Control Manager:TrxManagerMaster --OK! [end]

[start] [DEBUG] [2026-06-23 10:18:02.975] [CSBANK_CSBANK] 
Completed processing STP message -- OK! [end]

[start] [DEBUG] [2026-06-23 10:18:02.977] [CSBANK_CSBANK] 
Starting to write process status to DB! [end]

[start] [DEBUG] [2026-06-23 10:18:02.981] [CSBANK_CSBANK] 
Starting to call STPResultProcess. [end]

[start] [DEBUG] [2026-06-23 10:18:02.982] [CSBANK_CSBANK] 
isSuccess=true; errorMessage=null [end]

[start] [DEBUG] [2026-06-23 10:18:02.999] [CSBANK_CSBANK] 
Completed to call STPResultProcess. [end]

[start] [DEBUG] [2026-06-23 10:18:03.007] [CSBANK_CSBANK] 
Generating STP Code (Msg numbers:1 [end]

[start] [DEBUG] [2026-06-23 10:18:03.008] [CSBANK_CSBANK] 
Generating STP Code -- OK! [end]

[start] [DEBUG] [2026-06-23 10:18:03.009] [CSBANK_CSBANK] 
Get Data Source:CET -- OK! [end]

[start] [DEBUG] [2026-06-23 10:18:03.010] [CSBANK_CSBANK] 
Starting to process STP message... [end]

[start] [DEBUG] [2026-06-23 10:18:03.011] [CSBANK_CSBANK] 
Entering into STP Manager... [end]

[start] [DEBUG] [2026-06-23 10:18:03.013] [CSBANK_CSBANK] 
STP Type is:InGapiForm [end]

[start] [DEBUG] [2026-06-23 10:18:03.014] [CSBANK_CSBANK] 
Initing adpater class:InGapiForm ... [end]

[start] [DEBUG] [2026-06-23 10:18:03.020] [CSBANK_CSBANK] 
Wrote process status to DB -- OK! [end]

[start] [DEBUG] [2026-06-23 10:18:03.021] [CSBANK_CSBANK] 
Exit STP Process -- OK! [end]

[start] [DEBUG] [2026-06-23 10:18:03.062] [CSBANK_CSBANK] 
Inited adpater class--OK! [end]

[start] [DEBUG] [2026-06-23 10:18:03.063] [CSBANK_CSBANK] 
Starting to convert STP message to STP XML Dom... [end]

[start] [DEBUG] [2026-06-23 10:18:03.068] [CSBANK_CSBANK] 
Generating STP Code (Msg numbers:1 [end]

[start] [DEBUG] [2026-06-23 10:18:03.069] [CSBANK_CSBANK] 
Generating STP Code -- OK! [end]

[start] [DEBUG] [2026-06-23 10:18:03.069] [CSBANK_CSBANK] 
Start: set system name to BKTS [end]

[start] [DEBUG] [2026-06-23 10:18:03.070] [CSBANK_CSBANK] 
Get Data Source:CET -- OK! [end]

[start] [DEBUG] [2026-06-23 10:18:03.071] [CSBANK_CSBANK] 
should set system name to SCF [end]

[start] [DEBUG] [2026-06-23 10:18:03.071] [CSBANK_CSBANK] 
Starting to process STP message... [end]

[start] [DEBUG] [2026-06-23 10:18:03.072] [CSBANK_CSBANK] 
userId= [end]

[start] [DEBUG] [2026-06-23 10:18:03.078] [CSBANK_CSBANK] 
recDate:2026-06-23 [end]

[start] [DEBUG] [2026-06-23 10:18:03.080] [CSBANK_CSBANK] 
End: set system name to BKTS [end]

[start] [DEBUG] [2026-06-23 10:18:03.084] [CSBANK_CSBANK] 
Start: assing msg to Receive SBR for Counterparty [end]

[start] [DEBUG] [2026-06-23 10:18:03.085] [CSBANK_CSBANK] 
busiType============PF [end]

[start] [DEBUG] [2026-06-23 10:18:03.092] [CSBANK_CSBANK] 
End: assing msg to Receive SBR for Counterparty [end]

[start] [DEBUG] [2026-06-23 10:18:03.099] [CSBANK_CSBANK] 
Start: Receive SBR for Counterparty [end]

[start] [DEBUG] [2026-06-23 10:18:03.100] [CSBANK_CSBANK] 
Entering into STP Manager... [end]

[start] [DEBUG] [2026-06-23 10:18:03.101] [CSBANK_CSBANK] 
STP Type is:InGapiForm [end]

[start] [DEBUG] [2026-06-23 10:18:03.103] [CSBANK_CSBANK] 
Initing adpater class:InGapiForm ... [end]

[start] [DEBUG] [2026-06-23 10:18:03.104] [CSBANK_CSBANK] 
Inited adpater class--OK! [end]

[start] [DEBUG] [2026-06-23 10:18:03.105] [CSBANK_CSBANK] 
Starting to convert STP message to STP XML Dom... [end]

[start] [DEBUG] [2026-06-23 10:18:03.112] [CSBANK_CSBANK] 
Start: set system name to BKTS [end]

[start] [DEBUG] [2026-06-23 10:18:03.113] [CSBANK_CSBANK] 
should set system name to SCF [end]

[start] [DEBUG] [2026-06-23 10:18:03.114] [CSBANK_CSBANK] 
userId= [end]

[start] [DEBUG] [2026-06-23 10:18:03.119] [CSBANK_CSBANK] 
recDate:2026-06-23 [end]

[start] [DEBUG] [2026-06-23 10:18:03.121] [CSBANK_CSBANK] 
End: set system name to BKTS [end]

[start] [DEBUG] [2026-06-23 10:18:03.124] [CSBANK_CSBANK] 
Start: assing msg to Receive SBR for Counterparty [end]

[start] [DEBUG] [2026-06-23 10:18:03.125] [CSBANK_CSBANK] 
busiType============PF [end]

[start] [DEBUG] [2026-06-23 10:18:03.131] [CSBANK_CSBANK] 
End: assing msg to Receive SBR for Counterparty [end]

[start] [DEBUG] [2026-06-23 10:18:03.133] [CSBANK_CSBANK] 
Start to create user! [end]

[start] [DEBUG] [2026-06-23 10:18:03.183] [CSBANK_CSBANK] 
Start: Receive SBR for Counterparty [end]

[start] [DEBUG] [2026-06-23 10:18:03.185] [CSBANK_CSBANK] 
Start to create user! [end]

[start] [DEBUG] [2026-06-23 10:18:03.506] [CSBANK_CSBANK] 
Create user end! [end]

[start] [DEBUG] [2026-06-23 10:18:03.508] [CSBANK_CSBANK] 
sMainRef======================20260623101803507 [end]

[start] [DEBUG] [2026-06-23 10:18:03.509] [CSBANK_CSBANK] 
custreno======================C007987REG [end]

[start] [DEBUG] [2026-06-23 10:18:03.510] [CSBANK_CSBANK] 
CounterRegNo======================C003526reg [end]

[start] [DEBUG] [2026-06-23 10:18:03.515] [CSBANK_CSBANK] 
sSBRref================PFCSBANK260611178SBR [end]

[start] [DEBUG] [2026-06-23 10:18:03.516] [CSBANK_CSBANK] 
sUnitCode================C003526 [end]

[start] [ERROR] [2026-06-23 10:18:03.522] [CSBANK_CSBANK] 
CEStpJs:SYS_getCUBKVal:
record is null! [end]

[start] [DEBUG] [2026-06-23 10:18:03.523] [CSBANK_CSBANK] 
End: Receive SBR for Counterparty [end]

[start] [DEBUG] [2026-06-23 10:18:03.525] [CSBANK_CSBANK] 
Converted STP message to STP XML Dom -- OK! [end]

[start] [DEBUG] [2026-06-23 10:18:03.529] [CSBANK_CSBANK] 
Starting to call Control Manager:TrxManagerMaster... [end]

[start] [DEBUG] [2026-06-23 10:18:03.574] [CSBANK_CSBANK] 
Create user end! [end]

[start] [DEBUG] [2026-06-23 10:18:03.575] [CSBANK_CSBANK] 
sMainRef======================20260623101803574 [end]

[start] [DEBUG] [2026-06-23 10:18:03.577] [CSBANK_CSBANK] 
custreno======================C007987REG [end]

[start] [DEBUG] [2026-06-23 10:18:03.578] [CSBANK_CSBANK] 
CounterRegNo======================C003526reg [end]

[start] [DEBUG] [2026-06-23 10:18:03.583] [CSBANK_CSBANK] 
sSBRref================PFCSBANK260611177SBR [end]

[start] [DEBUG] [2026-06-23 10:18:03.584] [CSBANK_CSBANK] 
sUnitCode================C003526 [end]

[start] [ERROR] [2026-06-23 10:18:03.589] [CSBANK_CSBANK] 
CEStpJs:SYS_getCUBKVal:
record is null! [end]

[start] [DEBUG] [2026-06-23 10:18:03.590] [CSBANK_CSBANK] 
End: Receive SBR for Counterparty [end]

[start] [DEBUG] [2026-06-23 10:18:03.592] [CSBANK_CSBANK] 
Converted STP message to STP XML Dom -- OK! [end]

[start] [DEBUG] [2026-06-23 10:18:03.596] [CSBANK_CSBANK] 
Starting to call Control Manager:TrxManagerMaster... [end]

[start] [DEBUG] [2026-06-23 10:18:03.672] [CSBANK_CSBANK] 
Called Control Manager:TrxManagerMaster --OK! [end]

[start] [DEBUG] [2026-06-23 10:18:03.675] [CSBANK_CSBANK] 
Completed processing STP message -- OK! [end]

[start] [DEBUG] [2026-06-23 10:18:03.676] [CSBANK_CSBANK] 
Starting to write process status to DB! [end]

[start] [DEBUG] [2026-06-23 10:18:03.680] [CSBANK_CSBANK] 
Starting to call STPResultProcess. [end]

[start] [DEBUG] [2026-06-23 10:18:03.681] [CSBANK_CSBANK] 
isSuccess=true; errorMessage=null [end]

[start] [DEBUG] [2026-06-23 10:18:03.682] [CSBANK_CSBANK] 
Called Control Manager:TrxManagerMaster --OK! [end]

[start] [DEBUG] [2026-06-23 10:18:03.682] [CSBANK_CSBANK] 
Completed to call STPResultProcess. [end]

[start] [DEBUG] [2026-06-23 10:18:03.686] [CSBANK_CSBANK] 
Completed processing STP message -- OK! [end]

[start] [DEBUG] [2026-06-23 10:18:03.687] [CSBANK_CSBANK] 
Starting to write process status to DB! [end]

[start] [DEBUG] [2026-06-23 10:18:03.690] [CSBANK_CSBANK] 
Starting to call STPResultProcess. [end]

[start] [DEBUG] [2026-06-23 10:18:03.692] [CSBANK_CSBANK] 
isSuccess=true; errorMessage=null [end]

[start] [DEBUG] [2026-06-23 10:18:03.693] [CSBANK_CSBANK] 
Completed to call STPResultProcess. [end]

[start] [DEBUG] [2026-06-23 10:18:03.719] [CSBANK_CSBANK] 
Wrote process status to DB -- OK! [end]

[start] [DEBUG] [2026-06-23 10:18:03.720] [CSBANK_CSBANK] 
Exit STP Process -- OK! [end]

[start] [DEBUG] [2026-06-23 10:18:03.741] [CSBANK_CSBANK] 
Wrote process status to DB -- OK! [end]

[start] [DEBUG] [2026-06-23 10:18:03.743] [CSBANK_CSBANK] 
Exit STP Process -- OK! [end]

[start] [DEBUG] [2026-06-23 10:24:42.806] [SYSTEMS] 
Entering into STP Manager... [end]

[start] [DEBUG] [2026-06-23 10:24:42.807] [SYSTEMS] 
STP Type is:InGapiForm [end]

[start] [DEBUG] [2026-06-23 10:24:42.808] [SYSTEMS] 
Initing adpater class:InGapiForm ... [end]

[start] [DEBUG] [2026-06-23 10:24:42.809] [SYSTEMS] 
Inited adpater class--OK! [end]

[start] [DEBUG] [2026-06-23 10:24:42.810] [SYSTEMS] 
Starting to convert STP message to STP XML Dom... [end]

[start] [DEBUG] [2026-06-23 10:24:42.817] [SYSTEMS] 
Start: set system name to BKTS [end]

[start] [DEBUG] [2026-06-23 10:24:42.830] [SYSTEMS] 
should set system name to BKTS [end]

[start] [DEBUG] [2026-06-23 10:24:42.832] [SYSTEMS] 
userId= [end]

[start] [DEBUG] [2026-06-23 10:24:42.837] [SYSTEMS] 
recDate:2026-06-23 [end]

[start] [DEBUG] [2026-06-23 10:24:42.838] [SYSTEMS] 
End: set system name to BKTS [end]

[start] [DEBUG] [2026-06-23 10:24:42.841] [SYSTEMS] 
Start: assing msg to Send Message to EE [end]

[start] [DEBUG] [2026-06-23 10:24:42.845] [SYSTEMS] 
End: assing msg to Send Message to EE [end]

[start] [DEBUG] [2026-06-23 10:24:42.851] [CSBANK_CSBANK] 
Converted STP message to STP XML Dom -- OK! [end]

[start] [DEBUG] [2026-06-23 10:24:42.853] [CSBANK_CSBANK] 
Starting to call Control Manager:TrxManagerMaster... [end]

[start] [DEBUG] [2026-06-23 10:24:42.989] [CSBANK_CSBANK] 
Called Control Manager:TrxManagerMaster --OK! [end]

[start] [DEBUG] [2026-06-23 10:38:02.684] [SYSTEMS] 
Generating STP Code (Msg numbers:1 [end]

[start] [DEBUG] [2026-06-23 10:38:02.685] [SYSTEMS] 
Generating STP Code -- OK! [end]

[start] [DEBUG] [2026-06-23 10:38:02.686] [SYSTEMS] 
Get Data Source:CET -- OK! [end]

[start] [DEBUG] [2026-06-23 10:38:02.687] [SYSTEMS] 
Starting to process STP message... [end]

[start] [DEBUG] [2026-06-23 10:38:02.688] [SYSTEMS] 
Entering into STP Manager... [end]

[start] [DEBUG] [2026-06-23 10:38:02.689] [SYSTEMS] 
STP Type is:InGapiForm [end]

[start] [DEBUG] [2026-06-23 10:38:02.690] [SYSTEMS] 
Initing adpater class:InGapiForm ... [end]

[start] [DEBUG] [2026-06-23 10:38:02.691] [SYSTEMS] 
Inited adpater class--OK! [end]

[start] [DEBUG] [2026-06-23 10:38:02.692] [SYSTEMS] 
Starting to convert STP message to STP XML Dom... [end]

[start] [DEBUG] [2026-06-23 10:38:02.697] [SYSTEMS] 
Start: set system name to BKTS [end]

[start] [DEBUG] [2026-06-23 10:38:02.698] [SYSTEMS] 
should set system name to SCF [end]

[start] [DEBUG] [2026-06-23 10:38:02.700] [SYSTEMS] 
userId= [end]

[start] [DEBUG] [2026-06-23 10:38:02.705] [SYSTEMS] 
recDate:2026-06-23 [end]

[start] [DEBUG] [2026-06-23 10:38:02.706] [SYSTEMS] 
End: set system name to BKTS [end]

[start] [DEBUG] [2026-06-23 10:38:02.709] [SYSTEMS] 
Start: assing msg to Receive Agreement [end]

[start] [DEBUG] [2026-06-23 10:38:02.710] [SYSTEMS] 
busiType============PF [end]

[start] [DEBUG] [2026-06-23 10:38:02.716] [SYSTEMS] 
End: assing msg to Receive Agreement [end]

[start] [DEBUG] [2026-06-23 10:38:02.719] [SYSTEMS] 
Start: Receive Agreement [end]

[start] [DEBUG] [2026-06-23 10:38:02.720] [SYSTEMS] 
Start to create user! [end]

[start] [DEBUG] [2026-06-23 10:38:03.304] [SYSTEMS] 
Create user end! [end]

[start] [DEBUG] [2026-06-23 10:38:03.305] [SYSTEMS] 
sMainRef======================SCFUS2606886 [end]

[start] [DEBUG] [2026-06-23 10:38:03.306] [SYSTEMS] 
FACUSTREGNO======================C007996REG [end]

[start] [DEBUG] [2026-06-23 10:38:03.307] [SYSTEMS] 
FAPMT====================== [end]

[start] [DEBUG] [2026-06-23 10:38:03.308] [SYSTEMS] 
RJREAS====================== [end]

[start] [DEBUG] [2026-06-23 10:38:03.310] [SYSTEMS] 
sUnitCode======================C007996 [end]

[start] [DEBUG] [2026-06-23 10:38:03.313] [SYSTEMS] 
End: Receive Agreement [end]

[start] [DEBUG] [2026-06-23 10:38:03.315] [CSBANK_CSBANK] 
Converted STP message to STP XML Dom -- OK! [end]

[start] [DEBUG] [2026-06-23 10:38:03.318] [CSBANK_CSBANK] 
Starting to call Control Manager:TrxManagerMaster... [end]

[start] [DEBUG] [2026-06-23 10:38:03.360] [CSBANK_CSBANK] 
Called Control Manager:TrxManagerMaster --OK! [end]

[start] [DEBUG] [2026-06-23 10:38:03.364] [CSBANK_CSBANK] 
Completed processing STP message -- OK! [end]

[start] [DEBUG] [2026-06-23 10:38:03.365] [CSBANK_CSBANK] 
Starting to write process status to DB! [end]

[start] [DEBUG] [2026-06-23 10:38:03.369] [CSBANK_CSBANK] 
Starting to call STPResultProcess. [end]

[start] [DEBUG] [2026-06-23 10:38:03.370] [CSBANK_CSBANK] 
isSuccess=true; errorMessage=null [end]

[start] [DEBUG] [2026-06-23 10:38:03.371] [CSBANK_CSBANK] 
Completed to call STPResultProcess. [end]

[start] [DEBUG] [2026-06-23 10:38:03.376] [CSBANK_CSBANK] 
Wrote process status to DB -- OK! [end]

[start] [DEBUG] [2026-06-23 10:38:03.377] [CSBANK_CSBANK] 
Exit STP Process -- OK! [end]

[start] [DEBUG] [2026-06-23 10:39:02.407] [SYSTEMS] 
Generating STP Code (Msg numbers:1 [end]

[start] [DEBUG] [2026-06-23 10:39:02.408] [SYSTEMS] 
Generating STP Code -- OK! [end]

[start] [DEBUG] [2026-06-23 10:39:02.409] [SYSTEMS] 
Get Data Source:CET -- OK! [end]

[start] [DEBUG] [2026-06-23 10:39:02.410] [SYSTEMS] 
Starting to process STP message... [end]

[start] [DEBUG] [2026-06-23 10:39:02.411] [SYSTEMS] 
Entering into STP Manager... [end]

[start] [DEBUG] [2026-06-23 10:39:02.412] [SYSTEMS] 
STP Type is:InGapiForm [end]

[start] [DEBUG] [2026-06-23 10:39:02.414] [SYSTEMS] 
Initing adpater class:InGapiForm ... [end]

[start] [DEBUG] [2026-06-23 10:39:02.415] [SYSTEMS] 
Inited adpater class--OK! [end]

[start] [DEBUG] [2026-06-23 10:39:02.416] [SYSTEMS] 
Starting to convert STP message to STP XML Dom... [end]

[start] [DEBUG] [2026-06-23 10:39:02.422] [SYSTEMS] 
Start: set system name to BKTS [end]

[start] [DEBUG] [2026-06-23 10:39:02.424] [SYSTEMS] 
should set system name to SCF [end]

[start] [DEBUG] [2026-06-23 10:39:02.425] [SYSTEMS] 
userId= [end]

[start] [DEBUG] [2026-06-23 10:39:02.431] [SYSTEMS] 
recDate:2026-06-23 [end]

[start] [DEBUG] [2026-06-23 10:39:02.432] [SYSTEMS] 
End: set system name to BKTS [end]

[start] [DEBUG] [2026-06-23 10:39:02.435] [SYSTEMS] 
Start: assing msg to Receive SBR for Anchor Customer [end]

[start] [DEBUG] [2026-06-23 10:39:02.436] [SYSTEMS] 
busiType============PF [end]

[start] [DEBUG] [2026-06-23 10:39:02.441] [SYSTEMS] 
End: assing msg to Receive SBR for Anchor Customer [end]

[start] [DEBUG] [2026-06-23 10:39:02.446] [SYSTEMS] 
Start: Receive SBR for Anchor Customer [end]

[start] [DEBUG] [2026-06-23 10:39:02.448] [SYSTEMS] 
sMainRef======================20260623103902447 [end]

[start] [DEBUG] [2026-06-23 10:39:02.449] [SYSTEMS] 
sMainRef======================60 [end]

[start] [DEBUG] [2026-06-23 10:39:02.451] [SYSTEMS] 
custreno======================C007996REG [end]

[start] [DEBUG] [2026-06-23 10:39:02.452] [SYSTEMS] 
CounterRegNo======================C003486reg [end]

[start] [DEBUG] [2026-06-23 10:39:02.455] [SYSTEMS] 
End: Receive SBR for Anchor Customer [end]

[start] [DEBUG] [2026-06-23 10:39:02.457] [CSBANK_CSBANK] 
Converted STP message to STP XML Dom -- OK! [end]

[start] [DEBUG] [2026-06-23 10:39:02.463] [CSBANK_CSBANK] 
Starting to call Control Manager:TrxManagerMaster... [end]

[start] [DEBUG] [2026-06-23 10:39:02.517] [CSBANK_CSBANK] 
Called Control Manager:TrxManagerMaster --OK! [end]

[start] [DEBUG] [2026-06-23 10:39:02.520] [CSBANK_CSBANK] 
Completed processing STP message -- OK! [end]

[start] [DEBUG] [2026-06-23 10:39:02.521] [CSBANK_CSBANK] 
Starting to write process status to DB! [end]

[start] [DEBUG] [2026-06-23 10:39:02.525] [CSBANK_CSBANK] 
Starting to call STPResultProcess. [end]

[start] [DEBUG] [2026-06-23 10:39:02.526] [CSBANK_CSBANK] 
isSuccess=true; errorMessage=null [end]

[start] [DEBUG] [2026-06-23 10:39:02.527] [CSBANK_CSBANK] 
Completed to call STPResultProcess. [end]

[start] [DEBUG] [2026-06-23 10:39:02.538] [CSBANK_CSBANK] 
Wrote process status to DB -- OK! [end]

[start] [DEBUG] [2026-06-23 10:39:02.539] [CSBANK_CSBANK] 
Exit STP Process -- OK! [end]

[start] [DEBUG] [2026-06-23 10:39:02.569] [CSBANK_CSBANK] 
Generating STP Code (Msg numbers:1 [end]

[start] [DEBUG] [2026-06-23 10:39:02.570] [CSBANK_CSBANK] 
Generating STP Code -- OK! [end]

[start] [DEBUG] [2026-06-23 10:39:02.572] [CSBANK_CSBANK] 
Get Data Source:CET -- OK! [end]

[start] [DEBUG] [2026-06-23 10:39:02.590] [CSBANK_CSBANK] 
Starting to process STP message... [end]

[start] [DEBUG] [2026-06-23 10:39:02.591] [CSBANK_CSBANK] 
Entering into STP Manager... [end]

[start] [DEBUG] [2026-06-23 10:39:02.593] [CSBANK_CSBANK] 
STP Type is:InGapiForm [end]

[start] [DEBUG] [2026-06-23 10:39:02.594] [CSBANK_CSBANK] 
Initing adpater class:InGapiForm ... [end]

[start] [DEBUG] [2026-06-23 10:39:02.595] [CSBANK_CSBANK] 
Inited adpater class--OK! [end]

[start] [DEBUG] [2026-06-23 10:39:02.596] [CSBANK_CSBANK] 
Starting to convert STP message to STP XML Dom... [end]

[start] [DEBUG] [2026-06-23 10:39:02.601] [CSBANK_CSBANK] 
Start: set system name to BKTS [end]

[start] [DEBUG] [2026-06-23 10:39:02.603] [CSBANK_CSBANK] 
should set system name to SCF [end]

[start] [DEBUG] [2026-06-23 10:39:02.604] [CSBANK_CSBANK] 
userId= [end]

[start] [DEBUG] [2026-06-23 10:39:02.609] [CSBANK_CSBANK] 
recDate:2026-06-23 [end]

[start] [DEBUG] [2026-06-23 10:39:02.610] [CSBANK_CSBANK] 
End: set system name to BKTS [end]

[start] [DEBUG] [2026-06-23 10:39:02.613] [CSBANK_CSBANK] 
Start: assing msg to Receive SBR for Counterparty [end]

[start] [DEBUG] [2026-06-23 10:39:02.615] [CSBANK_CSBANK] 
busiType============PF [end]

[start] [DEBUG] [2026-06-23 10:39:02.621] [CSBANK_CSBANK] 
End: assing msg to Receive SBR for Counterparty [end]

[start] [DEBUG] [2026-06-23 10:39:02.629] [CSBANK_CSBANK] 
Start: Receive SBR for Counterparty [end]

[start] [DEBUG] [2026-06-23 10:39:02.630] [CSBANK_CSBANK] 
Start to create user! [end]

[start] [DEBUG] [2026-06-23 10:39:02.847] [CSBANK_CSBANK] 
Create user end! [end]

[start] [DEBUG] [2026-06-23 10:39:02.848] [CSBANK_CSBANK] 
sMainRef======================20260623103902847 [end]

[start] [DEBUG] [2026-06-23 10:39:02.850] [CSBANK_CSBANK] 
custreno======================C007996REG [end]

[start] [DEBUG] [2026-06-23 10:39:02.852] [CSBANK_CSBANK] 
CounterRegNo======================C003486reg [end]

[start] [DEBUG] [2026-06-23 10:39:02.855] [CSBANK_CSBANK] 
sSBRref================PFCSBANK260611179SBR [end]

[start] [DEBUG] [2026-06-23 10:39:02.856] [CSBANK_CSBANK] 
sUnitCode================C003486 [end]

[start] [ERROR] [2026-06-23 10:39:02.861] [CSBANK_CSBANK] 
CEStpJs:SYS_getCUBKVal:
record is null! [end]

[start] [DEBUG] [2026-06-23 10:39:02.862] [CSBANK_CSBANK] 
End: Receive SBR for Counterparty [end]

[start] [DEBUG] [2026-06-23 10:39:02.863] [CSBANK_CSBANK] 
Converted STP message to STP XML Dom -- OK! [end]

[start] [DEBUG] [2026-06-23 10:39:02.867] [CSBANK_CSBANK] 
Starting to call Control Manager:TrxManagerMaster... [end]

[start] [DEBUG] [2026-06-23 10:39:02.925] [CSBANK_CSBANK] 
Called Control Manager:TrxManagerMaster --OK! [end]

[start] [DEBUG] [2026-06-23 10:39:02.928] [CSBANK_CSBANK] 
Completed processing STP message -- OK! [end]

[start] [DEBUG] [2026-06-23 10:39:02.929] [CSBANK_CSBANK] 
Starting to write process status to DB! [end]

[start] [DEBUG] [2026-06-23 10:39:02.933] [CSBANK_CSBANK] 
Starting to call STPResultProcess. [end]

[start] [DEBUG] [2026-06-23 10:39:02.934] [CSBANK_CSBANK] 
isSuccess=true; errorMessage=null [end]

[start] [DEBUG] [2026-06-23 10:39:02.935] [CSBANK_CSBANK] 
Completed to call STPResultProcess. [end]

[start] [DEBUG] [2026-06-23 10:39:02.940] [CSBANK_CSBANK] 
Wrote process status to DB -- OK! [end]

[start] [DEBUG] [2026-06-23 10:39:02.942] [CSBANK_CSBANK] 
Exit STP Process -- OK! [end]

[start] [DEBUG] [2026-06-23 11:20:06.232] [SYSTEMS] 
Entering into STP Manager... [end]

[start] [DEBUG] [2026-06-23 11:20:06.237] [SYSTEMS] 
STP Type is:InGapiForm [end]

[start] [DEBUG] [2026-06-23 11:20:06.238] [SYSTEMS] 
Initing adpater class:InGapiForm ... [end]

[start] [DEBUG] [2026-06-23 11:20:06.239] [SYSTEMS] 
Inited adpater class--OK! [end]

[start] [DEBUG] [2026-06-23 11:20:06.240] [SYSTEMS] 
Starting to convert STP message to STP XML Dom... [end]

[start] [DEBUG] [2026-06-23 11:20:06.263] [SYSTEMS] 
Start: set system name to BKTS [end]

[start] [DEBUG] [2026-06-23 11:20:06.265] [SYSTEMS] 
should set system name to BKTS [end]

[start] [DEBUG] [2026-06-23 11:20:06.266] [SYSTEMS] 
userId= [end]

[start] [DEBUG] [2026-06-23 11:20:06.271] [SYSTEMS] 
recDate:2026-06-23 [end]

[start] [DEBUG] [2026-06-23 11:20:06.272] [SYSTEMS] 
End: set system name to BKTS [end]

[start] [DEBUG] [2026-06-23 11:20:06.275] [SYSTEMS] 
Start: assing msg to Send Message to EE [end]

[start] [DEBUG] [2026-06-23 11:20:06.284] [SYSTEMS] 
End: assing msg to Send Message to EE [end]

[start] [DEBUG] [2026-06-23 11:20:06.295] [CSBANK_CSBANK] 
Converted STP message to STP XML Dom -- OK! [end]

[start] [DEBUG] [2026-06-23 11:20:06.296] [CSBANK_CSBANK] 
Starting to call Control Manager:TrxManagerMaster... [end]

[start] [DEBUG] [2026-06-23 11:20:06.426] [CSBANK_CSBANK] 
Called Control Manager:TrxManagerMaster --OK! [end]

[start] [DEBUG] [2026-06-23 13:46:35.809] [SYSTEMS] 
Generating STP Code (Msg numbers:1 [end]

[start] [DEBUG] [2026-06-23 13:46:35.810] [SYSTEMS] 
Generating STP Code -- OK! [end]

[start] [DEBUG] [2026-06-23 13:46:35.811] [SYSTEMS] 
Get Data Source:CET -- OK! [end]

[start] [DEBUG] [2026-06-23 13:46:35.812] [SYSTEMS] 
Starting to process STP message... [end]

[start] [DEBUG] [2026-06-23 13:46:35.813] [SYSTEMS] 
Entering into STP Manager... [end]

[start] [DEBUG] [2026-06-23 13:46:35.814] [SYSTEMS] 
STP Type is:InGapiForm [end]

[start] [DEBUG] [2026-06-23 13:46:35.815] [SYSTEMS] 
Initing adpater class:InGapiForm ... [end]

[start] [DEBUG] [2026-06-23 13:46:35.816] [SYSTEMS] 
Inited adpater class--OK! [end]

[start] [DEBUG] [2026-06-23 13:46:35.816] [SYSTEMS] 
Starting to convert STP message to STP XML Dom... [end]

[start] [DEBUG] [2026-06-23 13:46:35.822] [SYSTEMS] 
Start: set system name to BKTS [end]

[start] [DEBUG] [2026-06-23 13:46:35.823] [SYSTEMS] 
should set system name to SCF [end]

[start] [DEBUG] [2026-06-23 13:46:35.824] [SYSTEMS] 
userId= [end]

[start] [DEBUG] [2026-06-23 13:46:35.974] [SYSTEMS] 
recDate:2026-06-23 [end]

[start] [DEBUG] [2026-06-23 13:46:35.975] [SYSTEMS] 
End: set system name to BKTS [end]

[start] [DEBUG] [2026-06-23 13:46:35.978] [SYSTEMS] 
Start: assing msg to Receive Agreement [end]

[start] [DEBUG] [2026-06-23 13:46:35.979] [SYSTEMS] 
busiType============PF [end]

[start] [DEBUG] [2026-06-23 13:46:35.983] [SYSTEMS] 
End: assing msg to Receive Agreement [end]

[start] [DEBUG] [2026-06-23 13:46:35.986] [SYSTEMS] 
Start: Receive Agreement [end]

[start] [DEBUG] [2026-06-23 13:46:35.988] [SYSTEMS] 
Start to create user! [end]

[start] [DEBUG] [2026-06-23 13:46:38.260] [SYSTEMS] 
Create user failed! [end]

[start] [DEBUG] [2026-06-23 13:46:38.261] [SYSTEMS] 
ORA-01400: cannot insert NULL into ("CEUSER"."SEC_FORGOT_PASSWORD"."C_PRIVATE_MAIL")
 [end]

[start] [ERROR] [2026-06-23 13:46:38.263] [SYSTEMS] 
com.ibm.bsf.BSFException: JavaScript Error: java.sql.SQLIntegrityConstraintViolationException: ORA-01400: cannot insert NULL into ("CEUSER"."SEC_FORGOT_PASSWORD"."C_PRIVATE_MAIL")

	at com.ibm.bsf.engines.javascript.JavaScriptEngine.handleError(JavaScriptEngine.java:182)
	at com.ibm.bsf.engines.javascript.JavaScriptEngine.eval(JavaScriptEngine.java:87)
	at com.ibm.bsf.util.BSFEngineImpl.exec(Unknown Source)
	at com.ibm.bsf.BSFManager$6.run(Unknown Source)
	at java.security.AccessController.doPrivileged(AccessController.java:650)
	at com.ibm.bsf.BSFManager.exec(Unknown Source)
	at com.cs.core.parser.UploadMsgSvrJSParser.execJs(UploadMsgSvrJSParser.java:28)
	at com.cs.eximap.stp.formadapter.InGapiForm.convInForm(InGapiForm.java:151)
	at com.cs.eximap.ejb.ctrl.ASESTPMgrBean.stpAdpConv(ASESTPMgrBean.java:488)
	at com.cs.eximap.ejb.ctrl.ASESTPMgrBean.getData(ASESTPMgrBean.java:120)
	at com.cs.eximap.ctrlintf.STPMgrIntf.getData(STPMgrIntf.java:44)
	at com.cs.ceap.utilstp.STPRoutineHelper.processRoutinSTP(STPRoutineHelper.java:283)
	at com.cs.eximap.csmq.msgbrk.RunableSTP.callSTPManager(RunableSTP.java:92)
	at com.cs.ce.rest.service.CERecvMessgaeByAPIProcessor.callSTPProcess(CERecvMessgaeByAPIProcessor.java:200)
	at com.cs.ce.rest.service.CERecvMessgaeByAPIProcessor.processAgreement(CERecvMessgaeByAPIProcessor.java:60)
	at sun.reflect.NativeMethodAccessorImpl.invoke0(Native Method)
	at sun.reflect.NativeMethodAccessorImpl.invoke(NativeMethodAccessorImpl.java:95)
	at sun.reflect.DelegatingMethodAccessorImpl.invoke(DelegatingMethodAccessorImpl.java:55)
	at java.lang.reflect.Method.invoke(Method.java:508)
	at org.glassfish.jersey.server.model.internal.ResourceMethodInvocationHandlerFactory$1.invoke(ResourceMethodInvocationHandlerFactory.java:81)
	at org.glassfish.jersey.server.model.internal.AbstractJavaResourceMethodDispatcher$1.run(AbstractJavaResourceMethodDispatcher.java:164)
	at org.glassfish.jersey.server.model.internal.AbstractJavaResourceMethodDispatcher.invoke(AbstractJavaResourceMethodDispatcher.java:181)
	at org.glassfish.jersey.server.model.internal.JavaResourceMethodDispatcherProvider$ResponseOutInvoker.doDispatch(JavaResourceMethodDispatcherProvider.java:158)
	at org.glassfish.jersey.server.model.internal.AbstractJavaResourceMethodDispatcher.dispatch(AbstractJavaResourceMethodDispatcher.java:101)
	at org.glassfish.jersey.server.model.ResourceMethodInvoker.invoke(ResourceMethodInvoker.java:389)
	at org.glassfish.jersey.server.model.ResourceMethodInvoker.apply(ResourceMethodInvoker.java:347)
	at org.glassfish.jersey.server.model.ResourceMethodInvoker.apply(ResourceMethodInvoker.java:102)
	at org.glassfish.jersey.server.ServerRuntime$2.run(ServerRuntime.java:305)
	at org.glassfish.jersey.internal.Errors$1.call(Errors.java:271)
	at org.glassfish.jersey.internal.Errors$1.call(Errors.java:267)
	at org.glassfish.jersey.internal.Errors.process(Errors.java:315)
	at org.glassfish.jersey.internal.Errors.process(Errors.java:297)
	at org.glassfish.jersey.internal.Errors.process(Errors.java:267)
	at org.glassfish.jersey.process.internal.RequestScope.runInScope(RequestScope.java:317)
	at org.glassfish.jersey.server.ServerRuntime.process(ServerRuntime.java:288)
	at org.glassfish.jersey.server.ApplicationHandler.handle(ApplicationHandler.java:1110)
	at org.glassfish.jersey.servlet.WebComponent.service(WebComponent.java:401)
	at org.glassfish.jersey.servlet.ServletContainer.service(ServletContainer.java:386)
	at org.glassfish.jersey.servlet.ServletContainer.service(ServletContainer.java:335)
	at org.glassfish.jersey.servlet.ServletContainer.service(ServletContainer.java:222)
	at com.ibm.ws.webcontainer.servlet.ServletWrapper.service(ServletWrapper.java:1235)
	at com.ibm.ws.webcontainer.servlet.ServletWrapper.handleRequest(ServletWrapper.java:779)
	at com.ibm.ws.webcontainer.servlet.ServletWrapper.handleRequest(ServletWrapper.java:478)
	at com.ibm.ws.webcontainer.servlet.ServletWrapperImpl.handleRequest(ServletWrapperImpl.java:179)
	at com.ibm.ws.webcontainer.filter.WebAppFilterChain.invokeTarget(WebAppFilterChain.java:143)
	at com.ibm.ws.webcontainer.filter.WebAppFilterChain.doFilter(WebAppFilterChain.java:96)
	at com.cs.ceweb.servlets.CEVerifyAPITokenFilter.doFilter(CEVerifyAPITokenFilter.java:51)
	at com.ibm.ws.webcontainer.filter.FilterInstanceWrapper.doFilter(FilterInstanceWrapper.java:197)
	at com.ibm.ws.webcontainer.filter.WebAppFilterChain.doFilter(WebAppFilterChain.java:90)
	at com.cs.ceweb.servlets.CEResourceAccessFilter.doFilter(CEResourceAccessFilter.java:60)
	at com.ibm.ws.webcontainer.filter.FilterInstanceWrapper.doFilter(FilterInstanceWrapper.java:197)
	at com.ibm.ws.webcontainer.filter.WebAppFilterChain.doFilter(WebAppFilterChain.java:90)
	at com.cs.ceweb.secu.utility.CECommonSecurityWebFilter.doFilter(CECommonSecurityWebFilter.java:134)
	at com.cs.ceweb.servlets.CEPenTestFilter.doFilter(CEPenTestFilter.java:43)
	at com.ibm.ws.webcontainer.filter.FilterInstanceWrapper.doFilter(FilterInstanceWrapper.java:197)
	at com.ibm.ws.webcontainer.filter.WebAppFilterChain.doFilter(WebAppFilterChain.java:90)
	at com.cs.ceweb.secu.utility.CECommonSecurityWebFilter.doFilter(CECommonSecurityWebFilter.java:134)
	at com.cs.ceweb.servlets.CEPreventRefreshFilter.doFilter(CEPreventRefreshFilter.java:45)
	at com.ibm.ws.webcontainer.filter.FilterInstanceWrapper.doFilter(FilterInstanceWrapper.java:197)
	at com.ibm.ws.webcontainer.filter.WebAppFilterChain.doFilter(WebAppFilterChain.java:90)
	at com.cs.ceweb.secu.utility.CECommonSecurityWebFilter.doFilter(CECommonSecurityWebFilter.java:134)
	at com.cs.ceweb.servlets.CERequestFilter.doFilter(CERequestFilter.java:71)
	at com.ibm.ws.webcontainer.filter.FilterInstanceWrapper.doFilter(FilterInstanceWrapper.java:197)
	at com.ibm.ws.webcontainer.filter.WebAppFilterChain.doFilter(WebAppFilterChain.java:90)
	at com.cs.eximweb.servlets.CEDencrptURLFilter.doFilter(CEDencrptURLFilter.java:45)
	at com.ibm.ws.webcontainer.filter.FilterInstanceWrapper.doFilter(FilterInstanceWrapper.java:197)
	at com.ibm.ws.webcontainer.filter.WebAppFilterChain.doFilter(WebAppFilterChain.java:90)
	at com.cs.eximweb.servlets.CECharsetFilter.doFilter(CECharsetFilter.java:43)
	at com.ibm.ws.webcontainer.filter.FilterInstanceWrapper.doFilter(FilterInstanceWrapper.java:197)
	at com.ibm.ws.webcontainer.filter.WebAppFilterChain.doFilter(WebAppFilterChain.java:90)
	at com.ibm.ws.webcontainer.filter.WebAppFilterManager.doFilter(WebAppFilterManager.java:979)
	at com.ibm.ws.webcontainer.filter.WebAppFilterManager.invokeFilters(WebAppFilterManager.java:1119)
	at com.ibm.ws.webcontainer.servlet.CacheServletWrapper.handleRequest(CacheServletWrapper.java:82)
	at com.ibm.ws.webcontainer.WebContainer.handleRequest(WebContainer.java:966)
	at com.ibm.ws.webcontainer.WSWebContainer.handleRequest(WSWebContainer.java:1817)
	at com.ibm.ws.webcontainer.channel.WCChannelLink.ready(WCChannelLink.java:382)
	at com.ibm.ws.http.channel.inbound.impl.HttpInboundLink.handleDiscrimination(HttpInboundLink.java:465)
	at com.ibm.ws.http.channel.inbound.impl.HttpInboundLink.handleNewRequest(HttpInboundLink.java:532)
	at com.ibm.ws.http.channel.inbound.impl.HttpInboundLink.processRequest(HttpInboundLink.java:318)
	at com.ibm.ws.http.channel.inbound.impl.HttpInboundLink.ready(HttpInboundLink.java:289)
	at com.ibm.ws.tcp.channel.impl.NewConnectionInitialReadCallback.sendToDiscriminators(NewConnectionInitialReadCallback.java:214)
	at com.ibm.ws.tcp.channel.impl.NewConnectionInitialReadCallback.complete(NewConnectionInitialReadCallback.java:113)
	at com.ibm.ws.tcp.channel.impl.AioReadCompletionListener.futureCompleted(AioReadCompletionListener.java:175)
	at com.ibm.io.async.AbstractAsyncFuture.invokeCallback(AbstractAsyncFuture.java:217)
	at com.ibm.io.async.AsyncChannelFuture.fireCompletionActions(AsyncChannelFuture.java:161)
	at com.ibm.io.async.AsyncFuture.completed(AsyncFuture.java:138)
	at com.ibm.io.async.ResultHandler.complete(ResultHandler.java:204)
	at com.ibm.io.async.ResultHandler.runEventProcessingLoop(ResultHandler.java:775)
	at com.ibm.io.async.ResultHandler$2.run(ResultHandler.java:905)
	at com.ibm.ws.util.ThreadPool$Worker.run(ThreadPool.java:1909)
 [end]

[start] [ERROR] [2026-06-23 13:46:38.264] [SYSTEMS] 
com.ibm.bsf.BSFException: JavaScript Error: java.sql.SQLIntegrityConstraintViolationException: ORA-01400: cannot insert NULL into ("CEUSER"."SEC_FORGOT_PASSWORD"."C_PRIVATE_MAIL")

	at com.ibm.bsf.engines.javascript.JavaScriptEngine.handleError(JavaScriptEngine.java:182)
	at com.ibm.bsf.engines.javascript.JavaScriptEngine.eval(JavaScriptEngine.java:87)
	at com.ibm.bsf.util.BSFEngineImpl.exec(Unknown Source)
	at com.ibm.bsf.BSFManager$6.run(Unknown Source)
	at java.security.AccessController.doPrivileged(AccessController.java:650)
	at com.ibm.bsf.BSFManager.exec(Unknown Source)
	at com.cs.core.parser.UploadMsgSvrJSParser.execJs(UploadMsgSvrJSParser.java:28)
	at com.cs.eximap.stp.formadapter.InGapiForm.convInForm(InGapiForm.java:151)
	at com.cs.eximap.ejb.ctrl.ASESTPMgrBean.stpAdpConv(ASESTPMgrBean.java:488)
	at com.cs.eximap.ejb.ctrl.ASESTPMgrBean.getData(ASESTPMgrBean.java:120)
	at com.cs.eximap.ctrlintf.STPMgrIntf.getData(STPMgrIntf.java:44)
	at com.cs.ceap.utilstp.STPRoutineHelper.processRoutinSTP(STPRoutineHelper.java:283)
	at com.cs.eximap.csmq.msgbrk.RunableSTP.callSTPManager(RunableSTP.java:92)
	at com.cs.ce.rest.service.CERecvMessgaeByAPIProcessor.callSTPProcess(CERecvMessgaeByAPIProcessor.java:200)
	at com.cs.ce.rest.service.CERecvMessgaeByAPIProcessor.processAgreement(CERecvMessgaeByAPIProcessor.java:60)
	at sun.reflect.NativeMethodAccessorImpl.invoke0(Native Method)
	at sun.reflect.NativeMethodAccessorImpl.invoke(NativeMethodAccessorImpl.java:95)
	at sun.reflect.DelegatingMethodAccessorImpl.invoke(DelegatingMethodAccessorImpl.java:55)
	at java.lang.reflect.Method.invoke(Method.java:508)
	at org.glassfish.jersey.server.model.internal.ResourceMethodInvocationHandlerFactory$1.invoke(ResourceMethodInvocationHandlerFactory.java:81)
	at org.glassfish.jersey.server.model.internal.AbstractJavaResourceMethodDispatcher$1.run(AbstractJavaResourceMethodDispatcher.java:164)
	at org.glassfish.jersey.server.model.internal.AbstractJavaResourceMethodDispatcher.invoke(AbstractJavaResourceMethodDispatcher.java:181)
	at org.glassfish.jersey.server.model.internal.JavaResourceMethodDispatcherProvider$ResponseOutInvoker.doDispatch(JavaResourceMethodDispatcherProvider.java:158)
	at org.glassfish.jersey.server.model.internal.AbstractJavaResourceMethodDispatcher.dispatch(AbstractJavaResourceMethodDispatcher.java:101)
	at org.glassfish.jersey.server.model.ResourceMethodInvoker.invoke(ResourceMethodInvoker.java:389)
	at org.glassfish.jersey.server.model.ResourceMethodInvoker.apply(ResourceMethodInvoker.java:347)
	at org.glassfish.jersey.server.model.ResourceMethodInvoker.apply(ResourceMethodInvoker.java:102)
	at org.glassfish.jersey.server.ServerRuntime$2.run(ServerRuntime.java:305)
	at org.glassfish.jersey.internal.Errors$1.call(Errors.java:271)
	at org.glassfish.jersey.internal.Errors$1.call(Errors.java:267)
	at org.glassfish.jersey.internal.Errors.process(Errors.java:315)
	at org.glassfish.jersey.internal.Errors.process(Errors.java:297)
	at org.glassfish.jersey.internal.Errors.process(Errors.java:267)
	at org.glassfish.jersey.process.internal.RequestScope.runInScope(RequestScope.java:317)
	at org.glassfish.jersey.server.ServerRuntime.process(ServerRuntime.java:288)
	at org.glassfish.jersey.server.ApplicationHandler.handle(ApplicationHandler.java:1110)
	at org.glassfish.jersey.servlet.WebComponent.service(WebComponent.java:401)
	at org.glassfish.jersey.servlet.ServletContainer.service(ServletContainer.java:386)
	at org.glassfish.jersey.servlet.ServletContainer.service(ServletContainer.java:335)
	at org.glassfish.jersey.servlet.ServletContainer.service(ServletContainer.java:222)
	at com.ibm.ws.webcontainer.servlet.ServletWrapper.service(ServletWrapper.java:1235)
	at com.ibm.ws.webcontainer.servlet.ServletWrapper.handleRequest(ServletWrapper.java:779)
	at com.ibm.ws.webcontainer.servlet.ServletWrapper.handleRequest(ServletWrapper.java:478)
	at com.ibm.ws.webcontainer.servlet.ServletWrapperImpl.handleRequest(ServletWrapperImpl.java:179)
	at com.ibm.ws.webcontainer.filter.WebAppFilterChain.invokeTarget(WebAppFilterChain.java:143)
	at com.ibm.ws.webcontainer.filter.WebAppFilterChain.doFilter(WebAppFilterChain.java:96)
	at com.cs.ceweb.servlets.CEVerifyAPITokenFilter.doFilter(CEVerifyAPITokenFilter.java:51)
	at com.ibm.ws.webcontainer.filter.FilterInstanceWrapper.doFilter(FilterInstanceWrapper.java:197)
	at com.ibm.ws.webcontainer.filter.WebAppFilterChain.doFilter(WebAppFilterChain.java:90)
	at com.cs.ceweb.servlets.CEResourceAccessFilter.doFilter(CEResourceAccessFilter.java:60)
	at com.ibm.ws.webcontainer.filter.FilterInstanceWrapper.doFilter(FilterInstanceWrapper.java:197)
	at com.ibm.ws.webcontainer.filter.WebAppFilterChain.doFilter(WebAppFilterChain.java:90)
	at com.cs.ceweb.secu.utility.CECommonSecurityWebFilter.doFilter(CECommonSecurityWebFilter.java:134)
	at com.cs.ceweb.servlets.CEPenTestFilter.doFilter(CEPenTestFilter.java:43)
	at com.ibm.ws.webcontainer.filter.FilterInstanceWrapper.doFilter(FilterInstanceWrapper.java:197)
	at com.ibm.ws.webcontainer.filter.WebAppFilterChain.doFilter(WebAppFilterChain.java:90)
	at com.cs.ceweb.secu.utility.CECommonSecurityWebFilter.doFilter(CECommonSecurityWebFilter.java:134)
	at com.cs.ceweb.servlets.CEPreventRefreshFilter.doFilter(CEPreventRefreshFilter.java:45)
	at com.ibm.ws.webcontainer.filter.FilterInstanceWrapper.doFilter(FilterInstanceWrapper.java:197)
	at com.ibm.ws.webcontainer.filter.WebAppFilterChain.doFilter(WebAppFilterChain.java:90)
	at com.cs.ceweb.secu.utility.CECommonSecurityWebFilter.doFilter(CECommonSecurityWebFilter.java:134)
	at com.cs.ceweb.servlets.CERequestFilter.doFilter(CERequestFilter.java:71)
	at com.ibm.ws.webcontainer.filter.FilterInstanceWrapper.doFilter(FilterInstanceWrapper.java:197)
	at com.ibm.ws.webcontainer.filter.WebAppFilterChain.doFilter(WebAppFilterChain.java:90)
	at com.cs.eximweb.servlets.CEDencrptURLFilter.doFilter(CEDencrptURLFilter.java:45)
	at com.ibm.ws.webcontainer.filter.FilterInstanceWrapper.doFilter(FilterInstanceWrapper.java:197)
	at com.ibm.ws.webcontainer.filter.WebAppFilterChain.doFilter(WebAppFilterChain.java:90)
	at com.cs.eximweb.servlets.CECharsetFilter.doFilter(CECharsetFilter.java:43)
	at com.ibm.ws.webcontainer.filter.FilterInstanceWrapper.doFilter(FilterInstanceWrapper.java:197)
	at com.ibm.ws.webcontainer.filter.WebAppFilterChain.doFilter(WebAppFilterChain.java:90)
	at com.ibm.ws.webcontainer.filter.WebAppFilterManager.doFilter(WebAppFilterManager.java:979)
	at com.ibm.ws.webcontainer.filter.WebAppFilterManager.invokeFilters(WebAppFilterManager.java:1119)
	at com.ibm.ws.webcontainer.servlet.CacheServletWrapper.handleRequest(CacheServletWrapper.java:82)
	at com.ibm.ws.webcontainer.WebContainer.handleRequest(WebContainer.java:966)
	at com.ibm.ws.webcontainer.WSWebContainer.handleRequest(WSWebContainer.java:1817)
	at com.ibm.ws.webcontainer.channel.WCChannelLink.ready(WCChannelLink.java:382)
	at com.ibm.ws.http.channel.inbound.impl.HttpInboundLink.handleDiscrimination(HttpInboundLink.java:465)
	at com.ibm.ws.http.channel.inbound.impl.HttpInboundLink.handleNewRequest(HttpInboundLink.java:532)
	at com.ibm.ws.http.channel.inbound.impl.HttpInboundLink.processRequest(HttpInboundLink.java:318)
	at com.ibm.ws.http.channel.inbound.impl.HttpInboundLink.ready(HttpInboundLink.java:289)
	at com.ibm.ws.tcp.channel.impl.NewConnectionInitialReadCallback.sendToDiscriminators(NewConnectionInitialReadCallback.java:214)
	at com.ibm.ws.tcp.channel.impl.NewConnectionInitialReadCallback.complete(NewConnectionInitialReadCallback.java:113)
	at com.ibm.ws.tcp.channel.impl.AioReadCompletionListener.futureCompleted(AioReadCompletionListener.java:175)
	at com.ibm.io.async.AbstractAsyncFuture.invokeCallback(AbstractAsyncFuture.java:217)
	at com.ibm.io.async.AsyncChannelFuture.fireCompletionActions(AsyncChannelFuture.java:161)
	at com.ibm.io.async.AsyncFuture.completed(AsyncFuture.java:138)
	at com.ibm.io.async.ResultHandler.complete(ResultHandler.java:204)
	at com.ibm.io.async.ResultHandler.runEventProcessingLoop(ResultHandler.java:775)
	at com.ibm.io.async.ResultHandler$2.run(ResultHandler.java:905)
	at com.ibm.ws.util.ThreadPool$Worker.run(ThreadPool.java:1909)
 [end]

[start] [ERROR] [2026-06-23 13:46:38.265] [SYSTEMS] 
IncomingMessage Maintenance : Exit STP Process -- failed! [end]

[start] [DEBUG] [2026-06-23 13:46:38.268] [SYSTEMS] 
Exit STP Process -- OK! [end]

[start] [ERROR] [2026-06-23 13:46:38.271] [SYSTEMS] 
com.ibm.bsf.BSFException: JavaScript Error: java.sql.SQLIntegrityConstraintViolationException: ORA-01400: cannot insert NULL into ("CEUSER"."SEC_FORGOT_PASSWORD"."C_PRIVATE_MAIL")

	at com.ibm.bsf.engines.javascript.JavaScriptEngine.handleError(JavaScriptEngine.java:182)
	at com.ibm.bsf.engines.javascript.JavaScriptEngine.eval(JavaScriptEngine.java:87)
	at com.ibm.bsf.util.BSFEngineImpl.exec(Unknown Source)
	at com.ibm.bsf.BSFManager$6.run(Unknown Source)
	at java.security.AccessController.doPrivileged(AccessController.java:650)
	at com.ibm.bsf.BSFManager.exec(Unknown Source)
	at com.cs.core.parser.UploadMsgSvrJSParser.execJs(UploadMsgSvrJSParser.java:28)
	at com.cs.eximap.stp.formadapter.InGapiForm.convInForm(InGapiForm.java:151)
	at com.cs.eximap.ejb.ctrl.ASESTPMgrBean.stpAdpConv(ASESTPMgrBean.java:488)
	at com.cs.eximap.ejb.ctrl.ASESTPMgrBean.getData(ASESTPMgrBean.java:120)
	at com.cs.eximap.ctrlintf.STPMgrIntf.getData(STPMgrIntf.java:44)
	at com.cs.ceap.utilstp.STPRoutineHelper.processRoutinSTP(STPRoutineHelper.java:283)
	at com.cs.eximap.csmq.msgbrk.RunableSTP.callSTPManager(RunableSTP.java:92)
	at com.cs.ce.rest.service.CERecvMessgaeByAPIProcessor.callSTPProcess(CERecvMessgaeByAPIProcessor.java:200)
	at com.cs.ce.rest.service.CERecvMessgaeByAPIProcessor.processAgreement(CERecvMessgaeByAPIProcessor.java:60)
	at sun.reflect.NativeMethodAccessorImpl.invoke0(Native Method)
	at sun.reflect.NativeMethodAccessorImpl.invoke(NativeMethodAccessorImpl.java:95)
	at sun.reflect.DelegatingMethodAccessorImpl.invoke(DelegatingMethodAccessorImpl.java:55)
	at java.lang.reflect.Method.invoke(Method.java:508)
	at org.glassfish.jersey.server.model.internal.ResourceMethodInvocationHandlerFactory$1.invoke(ResourceMethodInvocationHandlerFactory.java:81)
	at org.glassfish.jersey.server.model.internal.AbstractJavaResourceMethodDispatcher$1.run(AbstractJavaResourceMethodDispatcher.java:164)
	at org.glassfish.jersey.server.model.internal.AbstractJavaResourceMethodDispatcher.invoke(AbstractJavaResourceMethodDispatcher.java:181)
	at org.glassfish.jersey.server.model.internal.JavaResourceMethodDispatcherProvider$ResponseOutInvoker.doDispatch(JavaResourceMethodDispatcherProvider.java:158)
	at org.glassfish.jersey.server.model.internal.AbstractJavaResourceMethodDispatcher.dispatch(AbstractJavaResourceMethodDispatcher.java:101)
	at org.glassfish.jersey.server.model.ResourceMethodInvoker.invoke(ResourceMethodInvoker.java:389)
	at org.glassfish.jersey.server.model.ResourceMethodInvoker.apply(ResourceMethodInvoker.java:347)
	at org.glassfish.jersey.server.model.ResourceMethodInvoker.apply(ResourceMethodInvoker.java:102)
	at org.glassfish.jersey.server.ServerRuntime$2.run(ServerRuntime.java:305)
	at org.glassfish.jersey.internal.Errors$1.call(Errors.java:271)
	at org.glassfish.jersey.internal.Errors$1.call(Errors.java:267)
	at org.glassfish.jersey.internal.Errors.process(Errors.java:315)
	at org.glassfish.jersey.internal.Errors.process(Errors.java:297)
	at org.glassfish.jersey.internal.Errors.process(Errors.java:267)
	at org.glassfish.jersey.process.internal.RequestScope.runInScope(RequestScope.java:317)
	at org.glassfish.jersey.server.ServerRuntime.process(ServerRuntime.java:288)
	at org.glassfish.jersey.server.ApplicationHandler.handle(ApplicationHandler.java:1110)
	at org.glassfish.jersey.servlet.WebComponent.service(WebComponent.java:401)
	at org.glassfish.jersey.servlet.ServletContainer.service(ServletContainer.java:386)
	at org.glassfish.jersey.servlet.ServletContainer.service(ServletContainer.java:335)
	at org.glassfish.jersey.servlet.ServletContainer.service(ServletContainer.java:222)
	at com.ibm.ws.webcontainer.servlet.ServletWrapper.service(ServletWrapper.java:1235)
	at com.ibm.ws.webcontainer.servlet.ServletWrapper.handleRequest(ServletWrapper.java:779)
	at com.ibm.ws.webcontainer.servlet.ServletWrapper.handleRequest(ServletWrapper.java:478)
	at com.ibm.ws.webcontainer.servlet.ServletWrapperImpl.handleRequest(ServletWrapperImpl.java:179)
	at com.ibm.ws.webcontainer.filter.WebAppFilterChain.invokeTarget(WebAppFilterChain.java:143)
	at com.ibm.ws.webcontainer.filter.WebAppFilterChain.doFilter(WebAppFilterChain.java:96)
	at com.cs.ceweb.servlets.CEVerifyAPITokenFilter.doFilter(CEVerifyAPITokenFilter.java:51)
	at com.ibm.ws.webcontainer.filter.FilterInstanceWrapper.doFilter(FilterInstanceWrapper.java:197)
	at com.ibm.ws.webcontainer.filter.WebAppFilterChain.doFilter(WebAppFilterChain.java:90)
	at com.cs.ceweb.servlets.CEResourceAccessFilter.doFilter(CEResourceAccessFilter.java:60)
	at com.ibm.ws.webcontainer.filter.FilterInstanceWrapper.doFilter(FilterInstanceWrapper.java:197)
	at com.ibm.ws.webcontainer.filter.WebAppFilterChain.doFilter(WebAppFilterChain.java:90)
	at com.cs.ceweb.secu.utility.CECommonSecurityWebFilter.doFilter(CECommonSecurityWebFilter.java:134)
	at com.cs.ceweb.servlets.CEPenTestFilter.doFilter(CEPenTestFilter.java:43)
	at com.ibm.ws.webcontainer.filter.FilterInstanceWrapper.doFilter(FilterInstanceWrapper.java:197)
	at com.ibm.ws.webcontainer.filter.WebAppFilterChain.doFilter(WebAppFilterChain.java:90)
	at com.cs.ceweb.secu.utility.CECommonSecurityWebFilter.doFilter(CECommonSecurityWebFilter.java:134)
	at com.cs.ceweb.servlets.CEPreventRefreshFilter.doFilter(CEPreventRefreshFilter.java:45)
	at com.ibm.ws.webcontainer.filter.FilterInstanceWrapper.doFilter(FilterInstanceWrapper.java:197)
	at com.ibm.ws.webcontainer.filter.WebAppFilterChain.doFilter(WebAppFilterChain.java:90)
	at com.cs.ceweb.secu.utility.CECommonSecurityWebFilter.doFilter(CECommonSecurityWebFilter.java:134)
	at com.cs.ceweb.servlets.CERequestFilter.doFilter(CERequestFilter.java:71)
	at com.ibm.ws.webcontainer.filter.FilterInstanceWrapper.doFilter(FilterInstanceWrapper.java:197)
	at com.ibm.ws.webcontainer.filter.WebAppFilterChain.doFilter(WebAppFilterChain.java:90)
	at com.cs.eximweb.servlets.CEDencrptURLFilter.doFilter(CEDencrptURLFilter.java:45)
	at com.ibm.ws.webcontainer.filter.FilterInstanceWrapper.doFilter(FilterInstanceWrapper.java:197)
	at com.ibm.ws.webcontainer.filter.WebAppFilterChain.doFilter(WebAppFilterChain.java:90)
	at com.cs.eximweb.servlets.CECharsetFilter.doFilter(CECharsetFilter.java:43)
	at com.ibm.ws.webcontainer.filter.FilterInstanceWrapper.doFilter(FilterInstanceWrapper.java:197)
	at com.ibm.ws.webcontainer.filter.WebAppFilterChain.doFilter(WebAppFilterChain.java:90)
	at com.ibm.ws.webcontainer.filter.WebAppFilterManager.doFilter(WebAppFilterManager.java:979)
	at com.ibm.ws.webcontainer.filter.WebAppFilterManager.invokeFilters(WebAppFilterManager.java:1119)
	at com.ibm.ws.webcontainer.servlet.CacheServletWrapper.handleRequest(CacheServletWrapper.java:82)
	at com.ibm.ws.webcontainer.WebContainer.handleRequest(WebContainer.java:966)
	at com.ibm.ws.webcontainer.WSWebContainer.handleRequest(WSWebContainer.java:1817)
	at com.ibm.ws.webcontainer.channel.WCChannelLink.ready(WCChannelLink.java:382)
	at com.ibm.ws.http.channel.inbound.impl.HttpInboundLink.handleDiscrimination(HttpInboundLink.java:465)
	at com.ibm.ws.http.channel.inbound.impl.HttpInboundLink.handleNewRequest(HttpInboundLink.java:532)
	at com.ibm.ws.http.channel.inbound.impl.HttpInboundLink.processRequest(HttpInboundLink.java:318)
	at com.ibm.ws.http.channel.inbound.impl.HttpInboundLink.ready(HttpInboundLink.java:289)
	at com.ibm.ws.tcp.channel.impl.NewConnectionInitialReadCallback.sendToDiscriminators(NewConnectionInitialReadCallback.java:214)
	at com.ibm.ws.tcp.channel.impl.NewConnectionInitialReadCallback.complete(NewConnectionInitialReadCallback.java:113)
	at com.ibm.ws.tcp.channel.impl.AioReadCompletionListener.futureCompleted(AioReadCompletionListener.java:175)
	at com.ibm.io.async.AbstractAsyncFuture.invokeCallback(AbstractAsyncFuture.java:217)
	at com.ibm.io.async.AsyncChannelFuture.fireCompletionActions(AsyncChannelFuture.java:161)
	at com.ibm.io.async.AsyncFuture.completed(AsyncFuture.java:138)
	at com.ibm.io.async.ResultHandler.complete(ResultHandler.java:204)
	at com.ibm.io.async.ResultHandler.runEventProcessingLoop(ResultHandler.java:775)
	at com.ibm.io.async.ResultHandler$2.run(ResultHandler.java:905)
	at com.ibm.ws.util.ThreadPool$Worker.run(ThreadPool.java:1909)
 [end]

[start] [DEBUG] [2026-06-23 13:46:38.272] [SYSTEMS] 
Starting to call STPResultProcess. [end]

[start] [DEBUG] [2026-06-23 13:46:38.273] [SYSTEMS] 
isSuccess=false; errorMessage=JavaScript Error: java.sql.SQLIntegrityConstraintViolationException: ORA-01400: cannot insert NULL into ("CEUSER"."SEC_FORGOT_PASSWORD"."C_PRIVATE_MAIL")
 [end]

[start] [DEBUG] [2026-06-23 13:46:38.274] [SYSTEMS] 
Completed to call STPResultProcess. [end]

[start] [DEBUG] [2026-06-23 13:50:35.407] [SYSTEMS] 
Generating STP Code (Msg numbers:1 [end]

[start] [DEBUG] [2026-06-23 13:50:35.408] [SYSTEMS] 
Generating STP Code -- OK! [end]

[start] [DEBUG] [2026-06-23 13:50:35.408] [SYSTEMS] 
Get Data Source:CET -- OK! [end]

[start] [DEBUG] [2026-06-23 13:50:35.409] [SYSTEMS] 
Starting to process STP message... [end]

[start] [DEBUG] [2026-06-23 13:50:35.410] [SYSTEMS] 
Entering into STP Manager... [end]

[start] [DEBUG] [2026-06-23 13:50:35.411] [SYSTEMS] 
STP Type is:InGapiForm [end]

[start] [DEBUG] [2026-06-23 13:50:35.412] [SYSTEMS] 
Initing adpater class:InGapiForm ... [end]

[start] [DEBUG] [2026-06-23 13:50:35.413] [SYSTEMS] 
Inited adpater class--OK! [end]

[start] [DEBUG] [2026-06-23 13:50:35.413] [SYSTEMS] 
Starting to convert STP message to STP XML Dom... [end]

[start] [DEBUG] [2026-06-23 13:50:35.416] [SYSTEMS] 
Start: set system name to BKTS [end]

[start] [DEBUG] [2026-06-23 13:50:35.417] [SYSTEMS] 
should set system name to SCF [end]

[start] [DEBUG] [2026-06-23 13:50:35.418] [SYSTEMS] 
userId= [end]

[start] [DEBUG] [2026-06-23 13:50:35.422] [SYSTEMS] 
recDate:2026-06-23 [end]

[start] [DEBUG] [2026-06-23 13:50:35.422] [SYSTEMS] 
End: set system name to BKTS [end]

[start] [DEBUG] [2026-06-23 13:50:35.424] [SYSTEMS] 
Start: assing msg to Receive Agreement [end]

[start] [DEBUG] [2026-06-23 13:50:35.425] [SYSTEMS] 
busiType============PF [end]

[start] [DEBUG] [2026-06-23 13:50:35.429] [SYSTEMS] 
End: assing msg to Receive Agreement [end]

[start] [DEBUG] [2026-06-23 13:50:35.431] [SYSTEMS] 
Start: Receive Agreement [end]

[start] [DEBUG] [2026-06-23 13:50:35.432] [SYSTEMS] 
Start to create user! [end]

[start] [DEBUG] [2026-06-23 13:50:37.286] [SYSTEMS] 
Create user end! [end]

[start] [DEBUG] [2026-06-23 13:50:37.288] [SYSTEMS] 
sMainRef======================SCFUS2606889 [end]

[start] [DEBUG] [2026-06-23 13:50:37.289] [SYSTEMS] 
FACUSTREGNO======================C007040REG [end]

[start] [DEBUG] [2026-06-23 13:50:37.289] [SYSTEMS] 
FAPMT====================== [end]

[start] [DEBUG] [2026-06-23 13:50:37.290] [SYSTEMS] 
RJREAS====================== [end]

[start] [DEBUG] [2026-06-23 13:50:37.291] [SYSTEMS] 
sUnitCode======================C007040 [end]

[start] [DEBUG] [2026-06-23 13:50:37.295] [SYSTEMS] 
End: Receive Agreement [end]

[start] [DEBUG] [2026-06-23 13:50:37.296] [CSBANK_CSBANK] 
Converted STP message to STP XML Dom -- OK! [end]

[start] [DEBUG] [2026-06-23 13:50:37.300] [CSBANK_CSBANK] 
Starting to call Control Manager:TrxManagerMaster... [end]

[start] [DEBUG] [2026-06-23 13:50:37.334] [CSBANK_CSBANK] 
Called Control Manager:TrxManagerMaster --OK! [end]

[start] [DEBUG] [2026-06-23 13:50:37.336] [CSBANK_CSBANK] 
Completed processing STP message -- OK! [end]

[start] [DEBUG] [2026-06-23 13:50:37.337] [CSBANK_CSBANK] 
Starting to write process status to DB! [end]

[start] [DEBUG] [2026-06-23 13:50:37.340] [CSBANK_CSBANK] 
Starting to call STPResultProcess. [end]

[start] [DEBUG] [2026-06-23 13:50:37.341] [CSBANK_CSBANK] 
isSuccess=true; errorMessage=null [end]

[start] [DEBUG] [2026-06-23 13:50:37.342] [CSBANK_CSBANK] 
Completed to call STPResultProcess. [end]

[start] [DEBUG] [2026-06-23 13:50:37.361] [CSBANK_CSBANK] 
Wrote process status to DB -- OK! [end]

[start] [DEBUG] [2026-06-23 13:50:37.362] [CSBANK_CSBANK] 
Exit STP Process -- OK! [end]

[start] [DEBUG] [2026-06-23 13:59:35.569] [SYSTEMS] 
Generating STP Code (Msg numbers:1 [end]

[start] [DEBUG] [2026-06-23 13:59:35.569] [SYSTEMS] 
Generating STP Code -- OK! [end]

[start] [DEBUG] [2026-06-23 13:59:35.570] [SYSTEMS] 
Get Data Source:CET -- OK! [end]

[start] [DEBUG] [2026-06-23 13:59:35.571] [SYSTEMS] 
Starting to process STP message... [end]

[start] [DEBUG] [2026-06-23 13:59:35.572] [SYSTEMS] 
Entering into STP Manager... [end]

[start] [DEBUG] [2026-06-23 13:59:35.572] [SYSTEMS] 
STP Type is:InGapiForm [end]

[start] [DEBUG] [2026-06-23 13:59:35.573] [SYSTEMS] 
Initing adpater class:InGapiForm ... [end]

[start] [DEBUG] [2026-06-23 13:59:35.574] [SYSTEMS] 
Inited adpater class--OK! [end]

[start] [DEBUG] [2026-06-23 13:59:35.575] [SYSTEMS] 
Starting to convert STP message to STP XML Dom... [end]

[start] [DEBUG] [2026-06-23 13:59:35.578] [SYSTEMS] 
Start: set system name to BKTS [end]

[start] [DEBUG] [2026-06-23 13:59:35.579] [SYSTEMS] 
should set system name to SCF [end]

[start] [DEBUG] [2026-06-23 13:59:35.580] [SYSTEMS] 
userId= [end]

[start] [DEBUG] [2026-06-23 13:59:35.583] [SYSTEMS] 
recDate:2026-06-23 [end]

[start] [DEBUG] [2026-06-23 13:59:35.584] [SYSTEMS] 
End: set system name to BKTS [end]

[start] [DEBUG] [2026-06-23 13:59:35.587] [SYSTEMS] 
Start: assing msg to Receive Agreement [end]

[start] [DEBUG] [2026-06-23 13:59:35.587] [SYSTEMS] 
busiType============PF [end]

[start] [DEBUG] [2026-06-23 13:59:35.591] [SYSTEMS] 
End: assing msg to Receive Agreement [end]

[start] [DEBUG] [2026-06-23 13:59:35.593] [SYSTEMS] 
Start: Receive Agreement [end]

[start] [DEBUG] [2026-06-23 13:59:35.594] [SYSTEMS] 
Start to create user! [end]

[start] [DEBUG] [2026-06-23 13:59:37.132] [SYSTEMS] 
Create user end! [end]

[start] [DEBUG] [2026-06-23 13:59:37.132] [SYSTEMS] 
sMainRef======================C2606005392 [end]

[start] [DEBUG] [2026-06-23 13:59:37.133] [SYSTEMS] 
FACUSTREGNO======================C2606005392REG [end]

[start] [DEBUG] [2026-06-23 13:59:37.134] [SYSTEMS] 
FAPMT======================CHECK [end]

[start] [DEBUG] [2026-06-23 13:59:37.135] [SYSTEMS] 
RJREAS====================== [end]

[start] [DEBUG] [2026-06-23 13:59:37.135] [SYSTEMS] 
sUnitCode======================C2606005392 [end]

[start] [DEBUG] [2026-06-23 13:59:37.138] [SYSTEMS] 
End: Receive Agreement [end]

[start] [DEBUG] [2026-06-23 13:59:37.139] [CSBANK_CSBANK] 
Converted STP message to STP XML Dom -- OK! [end]

[start] [DEBUG] [2026-06-23 13:59:37.141] [CSBANK_CSBANK] 
Starting to call Control Manager:TrxManagerMaster... [end]

[start] [DEBUG] [2026-06-23 13:59:37.220] [CSBANK_CSBANK] 
Called Control Manager:TrxManagerMaster --OK! [end]

[start] [DEBUG] [2026-06-23 13:59:37.223] [CSBANK_CSBANK] 
Completed processing STP message -- OK! [end]

[start] [DEBUG] [2026-06-23 13:59:37.223] [CSBANK_CSBANK] 
Starting to write process status to DB! [end]

[start] [DEBUG] [2026-06-23 13:59:37.226] [CSBANK_CSBANK] 
Starting to call STPResultProcess. [end]

[start] [DEBUG] [2026-06-23 13:59:37.227] [CSBANK_CSBANK] 
isSuccess=true; errorMessage=null [end]

[start] [DEBUG] [2026-06-23 13:59:37.227] [CSBANK_CSBANK] 
Completed to call STPResultProcess. [end]

[start] [DEBUG] [2026-06-23 13:59:37.230] [CSBANK_CSBANK] 
Wrote process status to DB -- OK! [end]

[start] [DEBUG] [2026-06-23 13:59:37.231] [CSBANK_CSBANK] 
Exit STP Process -- OK! [end]

[start] [DEBUG] [2026-06-23 14:00:01.223] [SYSTEMS] 
Generating STP Code (Msg numbers:1 [end]

[start] [DEBUG] [2026-06-23 14:00:01.224] [SYSTEMS] 
Generating STP Code -- OK! [end]

[start] [DEBUG] [2026-06-23 14:00:01.226] [SYSTEMS] 
Get Data Source:CET -- OK! [end]

[start] [DEBUG] [2026-06-23 14:00:01.228] [SYSTEMS] 
Starting to process STP message... [end]

[start] [DEBUG] [2026-06-23 14:00:01.231] [SYSTEMS] 
Entering into STP Manager... [end]

[start] [DEBUG] [2026-06-23 14:00:01.233] [SYSTEMS] 
STP Type is:InGapiForm [end]

[start] [DEBUG] [2026-06-23 14:00:01.237] [SYSTEMS] 
Initing adpater class:InGapiForm ... [end]

[start] [DEBUG] [2026-06-23 14:00:01.241] [SYSTEMS] 
Inited adpater class--OK! [end]

[start] [DEBUG] [2026-06-23 14:00:01.244] [SYSTEMS] 
Starting to convert STP message to STP XML Dom... [end]

[start] [DEBUG] [2026-06-23 14:00:01.254] [SYSTEMS] 
Start: set system name to BKTS [end]

[start] [DEBUG] [2026-06-23 14:00:01.255] [SYSTEMS] 
should set system name to SCF [end]

[start] [DEBUG] [2026-06-23 14:00:01.256] [SYSTEMS] 
userId= [end]

[start] [DEBUG] [2026-06-23 14:00:01.261] [SYSTEMS] 
recDate:2026-06-23 [end]

[start] [DEBUG] [2026-06-23 14:00:01.266] [SYSTEMS] 
End: set system name to BKTS [end]

[start] [DEBUG] [2026-06-23 14:00:01.293] [SYSTEMS] 
Start: assing msg to Receive SBR for Anchor Customer [end]

[start] [DEBUG] [2026-06-23 14:00:01.294] [SYSTEMS] 
busiType============PF [end]

[start] [DEBUG] [2026-06-23 14:00:01.301] [SYSTEMS] 
End: assing msg to Receive SBR for Anchor Customer [end]

[start] [DEBUG] [2026-06-23 14:00:01.304] [SYSTEMS] 
Start: Receive SBR for Anchor Customer [end]

[start] [DEBUG] [2026-06-23 14:00:01.305] [SYSTEMS] 
sMainRef======================20260623140001304 [end]

[start] [DEBUG] [2026-06-23 14:00:01.306] [SYSTEMS] 
sMainRef======================90 [end]

[start] [DEBUG] [2026-06-23 14:00:01.307] [SYSTEMS] 
custreno======================C007040REG [end]

[start] [DEBUG] [2026-06-23 14:00:01.307] [SYSTEMS] 
CounterRegNo======================C2606005392REG [end]

[start] [DEBUG] [2026-06-23 14:00:01.310] [SYSTEMS] 
End: Receive SBR for Anchor Customer [end]

[start] [DEBUG] [2026-06-23 14:00:01.312] [CSBANK_CSBANK] 
Converted STP message to STP XML Dom -- OK! [end]

[start] [DEBUG] [2026-06-23 14:00:01.317] [CSBANK_CSBANK] 
Starting to call Control Manager:TrxManagerMaster... [end]

[start] [DEBUG] [2026-06-23 14:00:01.342] [CSBANK_CSBANK] 
Called Control Manager:TrxManagerMaster --OK! [end]

[start] [DEBUG] [2026-06-23 14:00:01.344] [CSBANK_CSBANK] 
Completed processing STP message -- OK! [end]

[start] [DEBUG] [2026-06-23 14:00:01.345] [CSBANK_CSBANK] 
Starting to write process status to DB! [end]

[start] [DEBUG] [2026-06-23 14:00:01.348] [CSBANK_CSBANK] 
Starting to call STPResultProcess. [end]

[start] [DEBUG] [2026-06-23 14:00:01.349] [CSBANK_CSBANK] 
isSuccess=true; errorMessage=null [end]

[start] [DEBUG] [2026-06-23 14:00:01.350] [CSBANK_CSBANK] 
Completed to call STPResultProcess. [end]

[start] [DEBUG] [2026-06-23 14:00:01.353] [CSBANK_CSBANK] 
Wrote process status to DB -- OK! [end]

[start] [DEBUG] [2026-06-23 14:00:01.354] [CSBANK_CSBANK] 
Exit STP Process -- OK! [end]

[start] [DEBUG] [2026-06-23 14:00:01.370] [CSBANK_CSBANK] 
Generating STP Code (Msg numbers:1 [end]

[start] [DEBUG] [2026-06-23 14:00:01.371] [CSBANK_CSBANK] 
Generating STP Code -- OK! [end]

[start] [DEBUG] [2026-06-23 14:00:01.372] [CSBANK_CSBANK] 
Get Data Source:CET -- OK! [end]

[start] [DEBUG] [2026-06-23 14:00:01.374] [CSBANK_CSBANK] 
Starting to process STP message... [end]

[start] [DEBUG] [2026-06-23 14:00:01.375] [CSBANK_CSBANK] 
Entering into STP Manager... [end]

[start] [DEBUG] [2026-06-23 14:00:01.376] [CSBANK_CSBANK] 
STP Type is:InGapiForm [end]

[start] [DEBUG] [2026-06-23 14:00:01.378] [CSBANK_CSBANK] 
Initing adpater class:InGapiForm ... [end]

[start] [DEBUG] [2026-06-23 14:00:01.379] [CSBANK_CSBANK] 
Inited adpater class--OK! [end]

[start] [DEBUG] [2026-06-23 14:00:01.380] [CSBANK_CSBANK] 
Starting to convert STP message to STP XML Dom... [end]

[start] [DEBUG] [2026-06-23 14:00:01.409] [CSBANK_CSBANK] 
Start: set system name to BKTS [end]

[start] [DEBUG] [2026-06-23 14:00:01.410] [CSBANK_CSBANK] 
should set system name to SCF [end]

[start] [DEBUG] [2026-06-23 14:00:01.411] [CSBANK_CSBANK] 
userId= [end]

[start] [DEBUG] [2026-06-23 14:00:01.416] [CSBANK_CSBANK] 
recDate:2026-06-23 [end]

[start] [DEBUG] [2026-06-23 14:00:01.417] [CSBANK_CSBANK] 
End: set system name to BKTS [end]

[start] [DEBUG] [2026-06-23 14:00:01.419] [CSBANK_CSBANK] 
Start: assing msg to Receive SBR for Counterparty [end]

[start] [DEBUG] [2026-06-23 14:00:01.421] [CSBANK_CSBANK] 
busiType============PF [end]

[start] [DEBUG] [2026-06-23 14:00:01.426] [CSBANK_CSBANK] 
End: assing msg to Receive SBR for Counterparty [end]

[start] [DEBUG] [2026-06-23 14:00:01.429] [CSBANK_CSBANK] 
Start: Receive SBR for Counterparty [end]

[start] [DEBUG] [2026-06-23 14:00:01.432] [CSBANK_CSBANK] 
Start to create user! [end]

[start] [DEBUG] [2026-06-23 14:00:01.688] [CSBANK_CSBANK] 
Create user end! [end]

[start] [DEBUG] [2026-06-23 14:00:01.689] [CSBANK_CSBANK] 
sMainRef======================20260623140001688 [end]

[start] [DEBUG] [2026-06-23 14:00:01.690] [CSBANK_CSBANK] 
custreno======================C007040REG [end]

[start] [DEBUG] [2026-06-23 14:00:01.691] [CSBANK_CSBANK] 
CounterRegNo======================C2606005392REG [end]

[start] [DEBUG] [2026-06-23 14:00:01.693] [CSBANK_CSBANK] 
sSBRref================PFCSBANK260611181SBR [end]

[start] [DEBUG] [2026-06-23 14:00:01.694] [CSBANK_CSBANK] 
sUnitCode================C2606005392 [end]

[start] [ERROR] [2026-06-23 14:00:01.697] [CSBANK_CSBANK] 
CEStpJs:SYS_getCUBKVal:
record is null! [end]

[start] [DEBUG] [2026-06-23 14:00:01.698] [CSBANK_CSBANK] 
End: Receive SBR for Counterparty [end]

[start] [DEBUG] [2026-06-23 14:00:01.699] [CSBANK_CSBANK] 
Converted STP message to STP XML Dom -- OK! [end]

[start] [DEBUG] [2026-06-23 14:00:01.701] [CSBANK_CSBANK] 
Starting to call Control Manager:TrxManagerMaster... [end]

[start] [DEBUG] [2026-06-23 14:00:01.757] [CSBANK_CSBANK] 
Called Control Manager:TrxManagerMaster --OK! [end]

[start] [DEBUG] [2026-06-23 14:00:01.760] [CSBANK_CSBANK] 
Completed processing STP message -- OK! [end]

[start] [DEBUG] [2026-06-23 14:00:01.761] [CSBANK_CSBANK] 
Starting to write process status to DB! [end]

[start] [DEBUG] [2026-06-23 14:00:01.763] [CSBANK_CSBANK] 
Starting to call STPResultProcess. [end]

[start] [DEBUG] [2026-06-23 14:00:01.763] [CSBANK_CSBANK] 
isSuccess=true; errorMessage=null [end]

[start] [DEBUG] [2026-06-23 14:00:01.764] [CSBANK_CSBANK] 
Completed to call STPResultProcess. [end]

[start] [DEBUG] [2026-06-23 14:00:01.769] [CSBANK_CSBANK] 
Wrote process status to DB -- OK! [end]

[start] [DEBUG] [2026-06-23 14:00:01.770] [CSBANK_CSBANK] 
Exit STP Process -- OK! [end]

[start] [DEBUG] [2026-06-23 15:11:18.969] [SYSTEMS] 
Entering into STP Manager... [end]

[start] [DEBUG] [2026-06-23 15:11:18.970] [SYSTEMS] 
STP Type is:InGapiForm [end]

[start] [DEBUG] [2026-06-23 15:11:18.971] [SYSTEMS] 
Initing adpater class:InGapiForm ... [end]

[start] [DEBUG] [2026-06-23 15:11:18.971] [SYSTEMS] 
Inited adpater class--OK! [end]

[start] [DEBUG] [2026-06-23 15:11:18.972] [SYSTEMS] 
Starting to convert STP message to STP XML Dom... [end]

[start] [DEBUG] [2026-06-23 15:11:18.980] [SYSTEMS] 
Start: set system name to BKTS [end]

[start] [DEBUG] [2026-06-23 15:11:18.982] [SYSTEMS] 
should set system name to BKTS [end]

[start] [DEBUG] [2026-06-23 15:11:18.984] [SYSTEMS] 
userId= [end]

[start] [DEBUG] [2026-06-23 15:11:18.991] [SYSTEMS] 
recDate:2026-06-23 [end]

[start] [DEBUG] [2026-06-23 15:11:18.992] [SYSTEMS] 
End: set system name to BKTS [end]

[start] [DEBUG] [2026-06-23 15:11:18.994] [SYSTEMS] 
Start: assing msg to Send Message to EE [end]

[start] [DEBUG] [2026-06-23 15:11:18.998] [SYSTEMS] 
End: assing msg to Send Message to EE [end]

[start] [DEBUG] [2026-06-23 15:11:19.005] [CSBANK_CSBANK] 
Converted STP message to STP XML Dom -- OK! [end]

[start] [DEBUG] [2026-06-23 15:11:19.006] [CSBANK_CSBANK] 
Starting to call Control Manager:TrxManagerMaster... [end]

[start] [DEBUG] [2026-06-23 15:11:19.073] [CSBANK_CSBANK] 
Called Control Manager:TrxManagerMaster --OK! [end]

[start] [DEBUG] [2026-06-23 15:16:09.555] [SYSTEMS] 
Entering into STP Manager... [end]

[start] [DEBUG] [2026-06-23 15:16:09.555] [SYSTEMS] 
STP Type is:InGapiForm [end]

[start] [DEBUG] [2026-06-23 15:16:09.556] [SYSTEMS] 
Initing adpater class:InGapiForm ... [end]

[start] [DEBUG] [2026-06-23 15:16:09.557] [SYSTEMS] 
Inited adpater class--OK! [end]

[start] [DEBUG] [2026-06-23 15:16:09.558] [SYSTEMS] 
Starting to convert STP message to STP XML Dom... [end]

[start] [DEBUG] [2026-06-23 15:16:09.562] [SYSTEMS] 
Start: set system name to BKTS [end]

[start] [DEBUG] [2026-06-23 15:16:09.563] [SYSTEMS] 
should set system name to BKTS [end]

[start] [DEBUG] [2026-06-23 15:16:09.564] [SYSTEMS] 
userId= [end]

[start] [DEBUG] [2026-06-23 15:16:09.568] [SYSTEMS] 
recDate:2026-06-23 [end]

[start] [DEBUG] [2026-06-23 15:16:09.569] [SYSTEMS] 
End: set system name to BKTS [end]

[start] [DEBUG] [2026-06-23 15:16:09.571] [SYSTEMS] 
Start: assing msg to Send Message to EE [end]

[start] [DEBUG] [2026-06-23 15:16:09.575] [SYSTEMS] 
End: assing msg to Send Message to EE [end]

[start] [DEBUG] [2026-06-23 15:16:09.579] [CSBANK_CSBANK] 
Converted STP message to STP XML Dom -- OK! [end]

[start] [DEBUG] [2026-06-23 15:16:09.580] [CSBANK_CSBANK] 
Starting to call Control Manager:TrxManagerMaster... [end]

[start] [DEBUG] [2026-06-23 15:16:09.683] [CSBANK_CSBANK] 
Called Control Manager:TrxManagerMaster --OK! [end]

[start] [INFO] [2026-06-23 23:32:44.993] [SYSTEMS] 
Initializing RunMsgBrk with basic parameters [end]

[start] [INFO] [2026-06-23 23:32:45.016] [SYSTEMS] 
Initializing RunMsgBrk with type=InGapiForm [end]

[start] [DEBUG] [2026-06-23 23:32:45.105] [SYSTEMS] 
Initializing RunMsgBrk with basic parameters [end]

[start] [INFO] [2026-06-23 23:32:45.159] [SYSTEMS] 
Message Broker starting................ [end]

[start] [DEBUG] [2026-06-23 23:32:45.177] [SYSTEMS] 
startMsgBrk Enter: Q_BANK-R-W-60 [end]

[start] [DEBUG] [2026-06-23 23:32:45.233] [SYSTEMS] 
==================get csmq out of while! [end]

[start] [ERROR] [2026-06-23 23:33:07.202] [SYSTEMS] 
Error--com.cs.core.err.WSException: {{E}}[000135]Unexpected exception. Please contact us for help.
	at com.cs.eximap.csmq.ibmmq.CSMQQueueManagerSession.getMQQueueManager(CSMQQueueManager.java:278)
	at com.cs.eximap.csmq.ibmmq.CSMQQueueManagerSession.getMQQueue(CSMQQueueManager.java:567)
	at com.cs.eximap.csmq.ibmmq.CSMQQueueManagerSession.getMQRecvQueue(CSMQQueueManager.java:541)
	at com.cs.ceap.utilstp.MessageMQListener.startMsgWaitMQ(MessageMQListener.java:245)
	at com.cs.ceap.utilstp.MessageMQListener.startMsgBrk(MessageMQListener.java:206)
	at com.cs.ceap.utilstp.MessageMQListener.run(MessageMQListener.java:128)
	at java.lang.Thread.run(Thread.java:785)
 [end]

[start] [DEBUG] [2026-06-23 23:33:07.203] [SYSTEMS] 
====================The csmq is closed!In the finally [end]

[start] [ERROR] [2026-06-23 23:33:07.206] [SYSTEMS] 
{{E}}[000135]Unexpected exception. Please contact us for help. [end]

[start] [ERROR] [2026-06-23 23:33:07.208] [SYSTEMS] 
Error--com.cs.core.err.WSException: {{E}}[000135]Unexpected exception. Please contact us for help.
	at com.cs.eximap.csmq.ibmmq.CSMQQueueManagerSession.getMQQueueManager(CSMQQueueManager.java:278)
	at com.cs.eximap.csmq.ibmmq.CSMQQueueManagerSession.getMQQueue(CSMQQueueManager.java:567)
	at com.cs.eximap.csmq.ibmmq.CSMQQueueManagerSession.getMQRecvQueue(CSMQQueueManager.java:541)
	at com.cs.ceap.utilstp.MessageMQListener.startMsgWaitMQ(MessageMQListener.java:245)
	at com.cs.ceap.utilstp.MessageMQListener.startMsgBrk(MessageMQListener.java:206)
	at com.cs.ceap.utilstp.MessageMQListener.run(MessageMQListener.java:128)
	at java.lang.Thread.run(Thread.java:785)
 [end]
