
[start] [FATAL] [2026-07-14 07:05:41.559] [CSBANKOP] User ID:CSBANKOP
Main Ref. NO:SCFUS2606949
Module:FADA
Function Name:SignAGM
Function ID:sfEz1d0I2cCZ
Activity Type:1
 [end]

[start] [FATAL] [2026-07-14 07:06:01.666] [CSBANKOP] User ID:CSBANKOP
Main Ref. NO:SCFUS2606949
Module:FADA
Function Name:FADA_SuperRelease_ME
Function ID:sfEz1d0I2cCZ
Activity Type:5
 [end]

[start] [FATAL] [2026-07-14 07:31:58.356] [CSBANKOP] User ID:CSBANKOP
Main Ref. NO:SCFUS2606954
Module:FADA
Function Name:SignAGM
Function ID:sfEz1d0I2cCZ
Activity Type:1
 [end]

[start] [FATAL] [2026-07-14 07:32:36.047] [CSBANKOP] User ID:CSBANKOP
Main Ref. NO:SCFUS2606954
Module:FADA
Function Name:FADA_SuperRelease_ME
Function ID:sfEz1d0I2cCZ
Activity Type:5
 [end]

[start] [FATAL] [2026-07-14 07:54:03.787] [CSBANKOP] User ID:CSBANKOP
Main Ref. NO:SCFUS2606955
Module:FADA
Function Name:SignAGM
Function ID:sfEz1d0I2cCZ
Activity Type:1
 [end]

[start] [FATAL] [2026-07-14 07:54:39.535] [CSBANKOP] User ID:CSBANKOP
Main Ref. NO:SCFUS2606955
Module:FADA
Function Name:FADA_SuperRelease_ME
Function ID:sfEz1d0I2cCZ
Activity Type:5
 [end]

[start] [FATAL] [2026-07-14 08:10:42.749] [CSBANKOP] User ID:CSBANKOP
Main Ref. NO:SCFUS2606956
Module:FADA
Function Name:SignAGM
Function ID:sfEz1d0I2cCZ
Activity Type:1
 [end]

[start] [FATAL] [2026-07-14 08:10:58.285] [CSBANKOP] User ID:CSBANKOP
Main Ref. NO:SCFUS2606956
Module:FADA
Function Name:FADA_SuperRelease_ME
Function ID:sfEz1d0I2cCZ
Activity Type:5
 [end]

[start] [FATAL] [2026-07-14 10:49:29.330] [CSBANKOP] User ID:CSBANKOP
Main Ref. NO:SCFUS2606957
Module:FADA
Function Name:SignAGM
Function ID:sfEz1d0I2cCZ
Activity Type:1
 [end]

[start] [FATAL] [2026-07-14 10:50:32.596] [CSBANKOP] User ID:CSBANKOP
Main Ref. NO:SCFUS2606957
Module:FADA
Function Name:FADA_SuperRelease_ME
Function ID:sfEz1d0I2cCZ
Activity Type:5
 [end]

[start] [FATAL] [2026-07-14 11:00:01.959] [CSBANKOP] User ID:CSBANKOP
Main Ref. NO:C260712355
Module:STAT
Function Name:CPOnboard
Function ID:B7GuSDi0s7ST
Activity Type:1
 [end]

[start] [FATAL] [2026-07-14 11:00:52.850] [CSBANKOP] User ID:CSBANKOP
Main Ref. NO:C260712355
Module:STAT
Function Name:ReleaseCustomer
Function ID:B7GuSDi0s7ST
Activity Type:5
 [end]

[start] [FATAL] [2026-07-14 11:32:47.165] [CSBANKOP] User ID:CSBANKOP
Main Ref. NO:SCFUS2606958
Module:FADA
Function Name:SignAGM
Function ID:sfEz1d0I2cCZ
Activity Type:1
 [end]

[start] [FATAL] [2026-07-14 11:33:21.285] [CSBANKOP] User ID:CSBANKOP
Main Ref. NO:SCFUS2606958
Module:FADA
Function Name:FADA_SuperRelease_ME
Function ID:sfEz1d0I2cCZ
Activity Type:5
 [end]

[start] [FATAL] [2026-07-14 12:09:59.187] [CSBANKOP] User ID:CSBANKOP
Main Ref. NO:SCFUS2606959
Module:FADA
Function Name:SignAGM
Function ID:sfEz1d0I2cCZ
Activity Type:1
 [end]

[start] [FATAL] [2026-07-14 12:10:42.474] [CSBANKOP] User ID:CSBANKOP
Main Ref. NO:SCFUS2606959
Module:FADA
Function Name:FADA_SuperRelease_ME
Function ID:sfEz1d0I2cCZ
Activity Type:5
 [end]

[start] [FATAL] [2026-07-14 12:21:13.184] [CSBANKOP] User ID:CSBANKOP
Main Ref. NO:SCFUS2606960
Module:FADA
Function Name:SignAGM
Function ID:sfEz1d0I2cCZ
Activity Type:1
 [end]

[start] [FATAL] [2026-07-14 12:21:36.018] [CSBANKOP] User ID:CSBANKOP
Main Ref. NO:SCFUS2606960
Module:FADA
Function Name:FADA_SuperRelease_ME
Function ID:sfEz1d0I2cCZ
Activity Type:5
 [end]

[start] [FATAL] [2026-07-14 13:46:00.600] [CSBANKOP] User ID:CSBANKOP
Main Ref. NO:SCFUS2606962
Module:FADA
Function Name:SignAGM
Function ID:sfEz1d0I2cCZ
Activity Type:1
 [end]

[start] [FATAL] [2026-07-14 13:46:27.490] [CSBANKOP] User ID:CSBANKOP
Main Ref. NO:SCFUS2606961
Module:FADA
Function Name:SignAGM
Function ID:sfEz1d0I2cCZ
Activity Type:1
 [end]

[start] [FATAL] [2026-07-14 13:47:12.213] [CSBANKOP] User ID:CSBANKOP
Main Ref. NO:SCFUS2606962
Module:FADA
Function Name:FADA_SuperRelease_ME
Function ID:sfEz1d0I2cCZ
Activity Type:5
 [end]

[start] [FATAL] [2026-07-14 13:47:56.560] [CSBANKOP] User ID:CSBANKOP
Main Ref. NO:SCFUS2606961
Module:FADA
Function Name:FADA_SuperRelease_ME
Function ID:sfEz1d0I2cCZ
Activity Type:5
 [end]

[start] [FATAL] [2026-07-14 13:52:04.285] [CSBANKOP] User ID:CSBANKOP
Main Ref. NO:C2607005438
Module:STAT
Function Name:CPOnboard
Function ID:B7GuSDi0s7ST
Activity Type:1
 [end]

[start] [FATAL] [2026-07-14 13:53:08.063] [CSBANKOP] User ID:CSBANKOP
Main Ref. NO:C2607005438
Module:STAT
Function Name:ReleaseCustomer
Function ID:B7GuSDi0s7ST
Activity Type:5
 [end]

[start] [FATAL] [2026-07-14 15:20:32.971] [CSBANKOP] User ID:CSBANKOP
Main Ref. NO:SCFUS2606963
Module:FADA
Function Name:SignAGM
Function ID:sfEz1d0I2cCZ
Activity Type:1
 [end]

[start] [FATAL] [2026-07-14 15:21:48.336] [CSBANKOP] User ID:CSBANKOP
Main Ref. NO:SCFUS2606963
Module:FADA
Function Name:FADA_SuperRelease_ME
Function ID:sfEz1d0I2cCZ
Activity Type:5
 [end]

[start] [FATAL] [2026-07-14 15:50:04.069] [CSBANKOP] User ID:CSBANKOP
Main Ref. NO:PFCSBANK2604631FIN
Module:FAEF
Function Name:Financing_ME
Function ID:F05030704104
Activity Type:1
 [end]

[start] [FATAL] [2026-07-14 15:50:31.868] [CSBANKOP] User ID:CSBANKOP
Main Ref. NO:PFCSBANK2604631FIN
Module:FAEF
Function Name:FAEF_SuperRelease_ME
Function ID:F05030704104
Activity Type:5
 [end]

[start] [FATAL] [2026-07-14 15:59:42.266] [CSBANKOP] User ID:CSBANKOP
Main Ref. NO:PFCSBANK26004014PMT
Module:FAEF
Function Name:Settlement_ME
Function ID:F05030704108
Activity Type:1
 [end]

[start] [FATAL] [2026-07-14 16:00:07.994] [CSBANKOP] User ID:CSBANKOP
Main Ref. NO:PFCSBANK26004014PMT
Module:FAEF
Function Name:FAEF_SuperRelease_ME
Function ID:F05030704108
Activity Type:5
 [end]

[start] [FATAL] [2026-07-14 16:35:46.813] [CSBANKOP] User ID:CSBANKOP
Main Ref. NO:C260702428
Module:STAT
Function Name:CPOnboard
Function ID:B7GuSDi0s7ST
Activity Type:1
 [end]

[start] [FATAL] [2026-07-14 16:36:03.963] [CSBANKOP] User ID:CSBANKOP
Main Ref. NO:C260702428
Module:STAT
Function Name:ReleaseCustomer
Function ID:B7GuSDi0s7ST
Activity Type:5
 [end]

[start] [FATAL] [2026-07-14 20:45:34.303] [CSBANKOP] User ID:CSBANKOP
Main Ref. NO:1
Module:SYST
Function Name:StartofDay
Function ID:F05030701862
Activity Type:B
 [end]
