
[INFO]>>> Create a debuger: com.cs.birt.utility.Debuger@5e5dd773

>---COME-IN-METHOD---> com.cs.birt.report.portal.HttpFacade.<clinit>(HttpFacade.java:88) >---UUID-3c249f84edf44cafba631bd18122d41f--->

[PONT]>>> com.cs.birt.report.portal.HttpFacade.<clinit>(HttpFacade.java:89)
[MARK]>>> HttpFacade.encodingScheme = UTF-8

<---GO-OUT-METHOD---< com.cs.birt.report.portal.HttpFacade.<clinit>(HttpFacade.java:90) <---UUID-3c249f84edf44cafba631bd18122d41f---<

>---COME-IN-METHOD---> com.cs.birt.report.portal.HttpFacade.<init>(HttpFacade.java:120) >---UUID-c9d303494a174eeaa6b511a559d96be1--->

<---GO-OUT-METHOD---< com.cs.birt.report.portal.HttpFacade.<init>(HttpFacade.java:121) <---UUID-c9d303494a174eeaa6b511a559d96be1---<

>---COME-IN-METHOD---> com.cs.birt.report.portal.HttpFacade.doPost(HttpFacade.java:130) >---UUID-daa233df734948c293ada957c38a0e25--->

[PONT]>>> com.cs.birt.report.portal.HttpFacade.doPost(HttpFacade.java:131)
[MARK]>>> request = spark.servlet.SparkFilter$1@32682ac5
[MARK]>>> response = com.ibm.ws.webcontainer.srt.SRTServletResponse@750d2719

[PONT]>>> com.cs.birt.report.portal.HttpFacade.checkNull(HttpFacade.java:390)
[MARK]>>> designFilePath = /Default/REPORTTEMPLATE/IPLC_VOL_Issue.rptdesign

[PONT]>>> com.cs.birt.report.portal.HttpFacade.checkNull(HttpFacade.java:391)
[MARK]>>> documentType = pdf

[PONT]>>> com.cs.birt.report.portal.HttpFacade.checkNull(HttpFacade.java:392)
[MARK]>>> dsName = EXIMT

>---COME-IN-METHOD---> com.cs.birt.report.portal.HttpFacade.decodeParameter(HttpFacade.java:1179) >---UUID-e3b0fb54478b406f949a4e1dbaf8ac90--->

[PONT]>>> com.cs.birt.report.portal.HttpFacade.decodeParameter(HttpFacade.java:1180)
[MARK]>>> parameter = U3RhcnQgRGF0ZQ%3D%3D%7CMjAyNS0xMS0yNQ%3D%3D__dataType%7CDateTime%3BRW5kIERhdGU%3D%7CMjAyNS0xMS0yNQ%3D%3D__dataType%7CDateTime%3BQXBwbGljYW50IE5hbWU%3D%7C__dataType%7CString%3BQlUgQ29kZQ%3D%3D%7C__dataType%7CString%3B

[PONT]>>> com.cs.birt.report.portal.HttpFacade.decodeParameter(HttpFacade.java:1184)
[MARK]>>> Decode parameter using 'URLDecoder.decode(parameter, HttpFacade.encodingScheme)'.

[PONT]>>> com.cs.birt.report.portal.HttpFacade.decodeParameter(HttpFacade.java:1190)
[MARK]>>> parameter = U3RhcnQgRGF0ZQ==|MjAyNS0xMS0yNQ==__dataType|DateTime;RW5kIERhdGU=|MjAyNS0xMS0yNQ==__dataType|DateTime;QXBwbGljYW50IE5hbWU=|__dataType|String;QlUgQ29kZQ==|__dataType|String;

<---GO-OUT-METHOD---< com.cs.birt.report.portal.HttpFacade.decodeParameter(HttpFacade.java:1192) <---UUID-e3b0fb54478b406f949a4e1dbaf8ac90---<

>---COME-IN-METHOD---> com.cs.birt.report.portal.HttpFacade.issueReportFile(HttpFacade.java:492) >---UUID-20ac6d99d0564f4394c5fd9d5e43ed82--->

[PONT]>>> com.cs.birt.report.portal.HttpFacade.issueReportFile(HttpFacade.java:493)
[MARK]>>> designFilePath = /data/EE_PARA/Default/REPORTTEMPLATE/IPLC_VOL_Issue.rptdesign
[MARK]>>> reportFilePath = /data/EE_PARA/TRXDATA/CSBANK/US/DOCS/3a90c0dba66b4ffaab7e351fca9bf2d0.pdf
[MARK]>>> docType = pdf

[PONT]>>> com.cs.birt.report.portal.HttpFacade.issueReportFile(HttpFacade.java:496)
[MARK]>>> context = {}

[PONT]>>> com.cs.birt.report.portal.HttpFacade.issueReportFile(HttpFacade.java:500)
[MARK]>>> Get database connection using 'connection = EngineFactory.getConnection()'.

>---COME-IN-METHOD---> com.cs.birt.report.engine.EngineFactory.getConnection(EngineFactory.java:262) >---UUID-2fe0556cd6ba443bb7a3324d80aaabc5--->

[PONT]>>> com.cs.birt.report.engine.EngineFactory.getConnection(EngineFactory.java:268)
[MARK]>>> Get connection from data source using 'connection = EngineFactory.dataSource.getConnection()'.

<---GO-OUT-METHOD---< com.cs.birt.report.engine.EngineFactory.getConnection(EngineFactory.java:287) <---UUID-2fe0556cd6ba443bb7a3324d80aaabc5---<

[PONT]>>> com.cs.birt.report.portal.HttpFacade.issueReportFile(HttpFacade.java:506)
[MARK]>>> connection = com.ibm.ws.rsadapter.jdbc.WSJdbcConnection@3bc1a0c9

[PONT]>>> com.cs.birt.report.portal.HttpFacade.issueReportFile(HttpFacade.java:516)
[MARK]>>> hTMLRenderOption = org.eclipse.birt.report.engine.api.HTMLRenderOption@96cabf24

>---COME-IN-METHOD---> com.cs.birt.report.engine.EngineFactory.getReportEngine(EngineFactory.java:256) >---UUID-6303f5cbf0ae43919384612778ba2504--->

<---GO-OUT-METHOD---< com.cs.birt.report.engine.EngineFactory.getReportEngine(EngineFactory.java:257) <---UUID-6303f5cbf0ae43919384612778ba2504---<

[PONT]>>> com.cs.birt.report.portal.HttpFacade.issueReportFile(HttpFacade.java:519)
[MARK]>>> reportEngine = org.eclipse.birt.report.engine.api.impl.ReportEngine@135785ea

[PONT]>>> com.cs.birt.report.portal.HttpFacade.issueReportFile(HttpFacade.java:523)
[MARK]>>> Open report design using 'reportRunnable = reportEngine.openReportDesign(designFilePath)'.

[PONT]>>> com.cs.birt.report.portal.HttpFacade.issueReportFile(HttpFacade.java:529)
[MARK]>>> reportRunnable = org.eclipse.birt.report.engine.api.impl.ReportRunnable@a288ff08

[PONT]>>> com.cs.birt.report.portal.HttpFacade.issueReportFile(HttpFacade.java:532)
[MARK]>>> runAndRenderTask = org.eclipse.birt.report.engine.api.impl.RunAndRenderTask@828e0454

[PONT]>>> com.cs.birt.report.portal.HttpFacade.issueReportFile(HttpFacade.java:536)
[MARK]>>> runAndRenderTask = org.eclipse.birt.report.engine.api.impl.RunAndRenderTask@828e0454

<---GO-OUT-METHOD---< com.cs.birt.report.portal.HttpFacade.issueReportFile(HttpFacade.java:584) <---UUID-20ac6d99d0564f4394c5fd9d5e43ed82---<

<---GO-OUT-METHOD---< com.cs.birt.report.portal.HttpFacade.mergeOnlineOrBatch(HttpFacade.java:382) <---UUID-daa233df734948c293ada957c38a0e25---<

[INFO]>>> Destroy a debuger:com.cs.birt.utility.Debuger@5e5dd773

[INFO]>>> Create a debuger: com.cs.birt.utility.Debuger@284d0d7b

>---COME-IN-METHOD---> com.cs.birt.report.portal.HttpFacade.<init>(HttpFacade.java:120) >---UUID-fb2180baf8db4ae1b3a3a0fb7a53f5f7--->

<---GO-OUT-METHOD---< com.cs.birt.report.portal.HttpFacade.<init>(HttpFacade.java:121) <---UUID-fb2180baf8db4ae1b3a3a0fb7a53f5f7---<

>---COME-IN-METHOD---> com.cs.birt.report.portal.HttpFacade.doPost(HttpFacade.java:130) >---UUID-843e1d88546147fbbccf0e04401d9c8d--->

[PONT]>>> com.cs.birt.report.portal.HttpFacade.doPost(HttpFacade.java:131)
[MARK]>>> request = spark.servlet.SparkFilter$1@2680a95d
[MARK]>>> response = com.ibm.ws.webcontainer.srt.SRTServletResponse@88493987

[PONT]>>> com.cs.birt.report.portal.HttpFacade.checkNull(HttpFacade.java:390)
[MARK]>>> designFilePath = /Default/REPORTTEMPLATE/IPLC_VOL_Issue.rptdesign

[PONT]>>> com.cs.birt.report.portal.HttpFacade.checkNull(HttpFacade.java:391)
[MARK]>>> documentType = doc

[PONT]>>> com.cs.birt.report.portal.HttpFacade.checkNull(HttpFacade.java:392)
[MARK]>>> dsName = EXIMT

>---COME-IN-METHOD---> com.cs.birt.report.portal.HttpFacade.decodeParameter(HttpFacade.java:1179) >---UUID-e70e5c44769a4295a50bf80f1e37b7ea--->

[PONT]>>> com.cs.birt.report.portal.HttpFacade.decodeParameter(HttpFacade.java:1180)
[MARK]>>> parameter = U3RhcnQgRGF0ZQ%3D%3D%7CMjAyNS0xMS0yNQ%3D%3D__dataType%7CDateTime%3BRW5kIERhdGU%3D%7CMjAyNS0xMS0yNQ%3D%3D__dataType%7CDateTime%3BQXBwbGljYW50IE5hbWU%3D%7C__dataType%7CString%3BQlUgQ29kZQ%3D%3D%7C__dataType%7CString%3B

[PONT]>>> com.cs.birt.report.portal.HttpFacade.decodeParameter(HttpFacade.java:1184)
[MARK]>>> Decode parameter using 'URLDecoder.decode(parameter, HttpFacade.encodingScheme)'.

[PONT]>>> com.cs.birt.report.portal.HttpFacade.decodeParameter(HttpFacade.java:1190)
[MARK]>>> parameter = U3RhcnQgRGF0ZQ==|MjAyNS0xMS0yNQ==__dataType|DateTime;RW5kIERhdGU=|MjAyNS0xMS0yNQ==__dataType|DateTime;QXBwbGljYW50IE5hbWU=|__dataType|String;QlUgQ29kZQ==|__dataType|String;

<---GO-OUT-METHOD---< com.cs.birt.report.portal.HttpFacade.decodeParameter(HttpFacade.java:1192) <---UUID-e70e5c44769a4295a50bf80f1e37b7ea---<

>---COME-IN-METHOD---> com.cs.birt.report.portal.HttpFacade.issueReportFile(HttpFacade.java:492) >---UUID-2f0f547386b04cb59a147cdf8b60ba58--->

[PONT]>>> com.cs.birt.report.portal.HttpFacade.issueReportFile(HttpFacade.java:493)
[MARK]>>> designFilePath = /data/EE_PARA/Default/REPORTTEMPLATE/IPLC_VOL_Issue.rptdesign
[MARK]>>> reportFilePath = /data/EE_PARA/TRXDATA/CSBANK/US/DOCS/3a90c0dba66b4ffaab7e351fca9bf2d0.doc
[MARK]>>> docType = doc

[PONT]>>> com.cs.birt.report.portal.HttpFacade.issueReportFile(HttpFacade.java:496)
[MARK]>>> context = {}

[PONT]>>> com.cs.birt.report.portal.HttpFacade.issueReportFile(HttpFacade.java:500)
[MARK]>>> Get database connection using 'connection = EngineFactory.getConnection()'.

>---COME-IN-METHOD---> com.cs.birt.report.engine.EngineFactory.getConnection(EngineFactory.java:262) >---UUID-e7ca63a8283c4f118f6d03cacda17569--->

[PONT]>>> com.cs.birt.report.engine.EngineFactory.getConnection(EngineFactory.java:268)
[MARK]>>> Get connection from data source using 'connection = EngineFactory.dataSource.getConnection()'.

<---GO-OUT-METHOD---< com.cs.birt.report.engine.EngineFactory.getConnection(EngineFactory.java:287) <---UUID-e7ca63a8283c4f118f6d03cacda17569---<

[PONT]>>> com.cs.birt.report.portal.HttpFacade.issueReportFile(HttpFacade.java:506)
[MARK]>>> connection = com.ibm.ws.rsadapter.jdbc.WSJdbcConnection@444d3ab6

[PONT]>>> com.cs.birt.report.portal.HttpFacade.issueReportFile(HttpFacade.java:516)
[MARK]>>> hTMLRenderOption = org.eclipse.birt.report.engine.api.HTMLRenderOption@ab03c082

>---COME-IN-METHOD---> com.cs.birt.report.engine.EngineFactory.getReportEngine(EngineFactory.java:256) >---UUID-ab9702093e4d47dc988a0e6cf71bf673--->

<---GO-OUT-METHOD---< com.cs.birt.report.engine.EngineFactory.getReportEngine(EngineFactory.java:257) <---UUID-ab9702093e4d47dc988a0e6cf71bf673---<

[PONT]>>> com.cs.birt.report.portal.HttpFacade.issueReportFile(HttpFacade.java:519)
[MARK]>>> reportEngine = org.eclipse.birt.report.engine.api.impl.ReportEngine@135785ea

[PONT]>>> com.cs.birt.report.portal.HttpFacade.issueReportFile(HttpFacade.java:523)
[MARK]>>> Open report design using 'reportRunnable = reportEngine.openReportDesign(designFilePath)'.

[PONT]>>> com.cs.birt.report.portal.HttpFacade.issueReportFile(HttpFacade.java:529)
[MARK]>>> reportRunnable = org.eclipse.birt.report.engine.api.impl.ReportRunnable@93219a50

[PONT]>>> com.cs.birt.report.portal.HttpFacade.issueReportFile(HttpFacade.java:532)
[MARK]>>> runAndRenderTask = org.eclipse.birt.report.engine.api.impl.RunAndRenderTask@77ac24d2

[PONT]>>> com.cs.birt.report.portal.HttpFacade.issueReportFile(HttpFacade.java:536)
[MARK]>>> runAndRenderTask = org.eclipse.birt.report.engine.api.impl.RunAndRenderTask@77ac24d2

<---GO-OUT-METHOD---< com.cs.birt.report.portal.HttpFacade.issueReportFile(HttpFacade.java:584) <---UUID-2f0f547386b04cb59a147cdf8b60ba58---<

<---GO-OUT-METHOD---< com.cs.birt.report.portal.HttpFacade.mergeOnlineOrBatch(HttpFacade.java:382) <---UUID-843e1d88546147fbbccf0e04401d9c8d---<

[INFO]>>> Destroy a debuger:com.cs.birt.utility.Debuger@284d0d7b

[INFO]>>> Create a debuger: com.cs.birt.utility.Debuger@f482fa0f

>---COME-IN-METHOD---> com.cs.birt.report.portal.HttpFacade.<init>(HttpFacade.java:120) >---UUID-f6e4b4d793534bddb3d0fd9f0bb1a7f5--->

<---GO-OUT-METHOD---< com.cs.birt.report.portal.HttpFacade.<init>(HttpFacade.java:121) <---UUID-f6e4b4d793534bddb3d0fd9f0bb1a7f5---<

>---COME-IN-METHOD---> com.cs.birt.report.portal.HttpFacade.doPost(HttpFacade.java:130) >---UUID-aa98c91ae9e241e8b99c045526f71d53--->

[PONT]>>> com.cs.birt.report.portal.HttpFacade.doPost(HttpFacade.java:131)
[MARK]>>> request = spark.servlet.SparkFilter$1@69fbff26
[MARK]>>> response = com.ibm.ws.webcontainer.srt.SRTServletResponse@65fccf1f

[PONT]>>> com.cs.birt.report.portal.HttpFacade.checkNull(HttpFacade.java:390)
[MARK]>>> designFilePath = /Default/REPORTTEMPLATE/IPLC_VOL_Issue.rptdesign

[PONT]>>> com.cs.birt.report.portal.HttpFacade.checkNull(HttpFacade.java:391)
[MARK]>>> documentType = xls

[PONT]>>> com.cs.birt.report.portal.HttpFacade.checkNull(HttpFacade.java:392)
[MARK]>>> dsName = EXIMT

>---COME-IN-METHOD---> com.cs.birt.report.portal.HttpFacade.decodeParameter(HttpFacade.java:1179) >---UUID-f92d495c98fb4cc39e4535c009538d46--->

[PONT]>>> com.cs.birt.report.portal.HttpFacade.decodeParameter(HttpFacade.java:1180)
[MARK]>>> parameter = U3RhcnQgRGF0ZQ%3D%3D%7CMjAyNS0xMS0yNQ%3D%3D__dataType%7CDateTime%3BRW5kIERhdGU%3D%7CMjAyNS0xMS0yNQ%3D%3D__dataType%7CDateTime%3BQXBwbGljYW50IE5hbWU%3D%7C__dataType%7CString%3BQlUgQ29kZQ%3D%3D%7C__dataType%7CString%3B

[PONT]>>> com.cs.birt.report.portal.HttpFacade.decodeParameter(HttpFacade.java:1184)
[MARK]>>> Decode parameter using 'URLDecoder.decode(parameter, HttpFacade.encodingScheme)'.

[PONT]>>> com.cs.birt.report.portal.HttpFacade.decodeParameter(HttpFacade.java:1190)
[MARK]>>> parameter = U3RhcnQgRGF0ZQ==|MjAyNS0xMS0yNQ==__dataType|DateTime;RW5kIERhdGU=|MjAyNS0xMS0yNQ==__dataType|DateTime;QXBwbGljYW50IE5hbWU=|__dataType|String;QlUgQ29kZQ==|__dataType|String;

<---GO-OUT-METHOD---< com.cs.birt.report.portal.HttpFacade.decodeParameter(HttpFacade.java:1192) <---UUID-f92d495c98fb4cc39e4535c009538d46---<

>---COME-IN-METHOD---> com.cs.birt.report.portal.HttpFacade.issueReportFile(HttpFacade.java:492) >---UUID-309a8f530a6945e4aaa7165d6668b2e2--->

[PONT]>>> com.cs.birt.report.portal.HttpFacade.issueReportFile(HttpFacade.java:493)
[MARK]>>> designFilePath = /data/EE_PARA/Default/REPORTTEMPLATE/IPLC_VOL_Issue.rptdesign
[MARK]>>> reportFilePath = /data/EE_PARA/TRXDATA/CSBANK/US/DOCS/3a90c0dba66b4ffaab7e351fca9bf2d0.xls
[MARK]>>> docType = xls

[PONT]>>> com.cs.birt.report.portal.HttpFacade.issueReportFile(HttpFacade.java:496)
[MARK]>>> context = {}

[PONT]>>> com.cs.birt.report.portal.HttpFacade.issueReportFile(HttpFacade.java:500)
[MARK]>>> Get database connection using 'connection = EngineFactory.getConnection()'.

>---COME-IN-METHOD---> com.cs.birt.report.engine.EngineFactory.getConnection(EngineFactory.java:262) >---UUID-c91fb0068f9a496590ec83ded149d289--->

[PONT]>>> com.cs.birt.report.engine.EngineFactory.getConnection(EngineFactory.java:268)
[MARK]>>> Get connection from data source using 'connection = EngineFactory.dataSource.getConnection()'.

<---GO-OUT-METHOD---< com.cs.birt.report.engine.EngineFactory.getConnection(EngineFactory.java:287) <---UUID-c91fb0068f9a496590ec83ded149d289---<

[PONT]>>> com.cs.birt.report.portal.HttpFacade.issueReportFile(HttpFacade.java:506)
[MARK]>>> connection = com.ibm.ws.rsadapter.jdbc.WSJdbcConnection@1b4f370b

[PONT]>>> com.cs.birt.report.portal.HttpFacade.issueReportFile(HttpFacade.java:516)
[MARK]>>> hTMLRenderOption = org.eclipse.birt.report.engine.api.HTMLRenderOption@36023b8a

>---COME-IN-METHOD---> com.cs.birt.report.engine.EngineFactory.getReportEngine(EngineFactory.java:256) >---UUID-6080d411eeed4d04821e527192b064c5--->

<---GO-OUT-METHOD---< com.cs.birt.report.engine.EngineFactory.getReportEngine(EngineFactory.java:257) <---UUID-6080d411eeed4d04821e527192b064c5---<

[PONT]>>> com.cs.birt.report.portal.HttpFacade.issueReportFile(HttpFacade.java:519)
[MARK]>>> reportEngine = org.eclipse.birt.report.engine.api.impl.ReportEngine@135785ea

[PONT]>>> com.cs.birt.report.portal.HttpFacade.issueReportFile(HttpFacade.java:523)
[MARK]>>> Open report design using 'reportRunnable = reportEngine.openReportDesign(designFilePath)'.

[PONT]>>> com.cs.birt.report.portal.HttpFacade.issueReportFile(HttpFacade.java:529)
[MARK]>>> reportRunnable = org.eclipse.birt.report.engine.api.impl.ReportRunnable@c7fd85b0

[PONT]>>> com.cs.birt.report.portal.HttpFacade.issueReportFile(HttpFacade.java:532)
[MARK]>>> runAndRenderTask = org.eclipse.birt.report.engine.api.impl.RunAndRenderTask@decbcb52

[PONT]>>> com.cs.birt.report.portal.HttpFacade.issueReportFile(HttpFacade.java:536)
[MARK]>>> runAndRenderTask = org.eclipse.birt.report.engine.api.impl.RunAndRenderTask@decbcb52

<---GO-OUT-METHOD---< com.cs.birt.report.portal.HttpFacade.issueReportFile(HttpFacade.java:584) <---UUID-309a8f530a6945e4aaa7165d6668b2e2---<

<---GO-OUT-METHOD---< com.cs.birt.report.portal.HttpFacade.mergeOnlineOrBatch(HttpFacade.java:382) <---UUID-aa98c91ae9e241e8b99c045526f71d53---<

[INFO]>>> Destroy a debuger:com.cs.birt.utility.Debuger@f482fa0f

[INFO]>>> Create a debuger: com.cs.birt.utility.Debuger@4149ccf

>---COME-IN-METHOD---> com.cs.birt.report.portal.HttpFacade.<init>(HttpFacade.java:120) >---UUID-63f429b5e24346b1ba01dfd358c12284--->

<---GO-OUT-METHOD---< com.cs.birt.report.portal.HttpFacade.<init>(HttpFacade.java:121) <---UUID-63f429b5e24346b1ba01dfd358c12284---<

>---COME-IN-METHOD---> com.cs.birt.report.portal.HttpFacade.doPost(HttpFacade.java:130) >---UUID-d08cb08fac954d02a6cc6551b744723d--->

[PONT]>>> com.cs.birt.report.portal.HttpFacade.doPost(HttpFacade.java:131)
[MARK]>>> request = spark.servlet.SparkFilter$1@56b94d28
[MARK]>>> response = com.ibm.ws.webcontainer.srt.SRTServletResponse@750d2719

[PONT]>>> com.cs.birt.report.portal.HttpFacade.checkNull(HttpFacade.java:390)
[MARK]>>> designFilePath = /Default/REPORTTEMPLATE/IPLC_VOL_Issue.rptdesign

[PONT]>>> com.cs.birt.report.portal.HttpFacade.checkNull(HttpFacade.java:391)
[MARK]>>> documentType = csv

[PONT]>>> com.cs.birt.report.portal.HttpFacade.checkNull(HttpFacade.java:392)
[MARK]>>> dsName = EXIMT

>---COME-IN-METHOD---> com.cs.birt.report.portal.HttpFacade.decodeParameter(HttpFacade.java:1179) >---UUID-bf36ebd8fcdb4b3cb8e9dcb0714c6c96--->

[PONT]>>> com.cs.birt.report.portal.HttpFacade.decodeParameter(HttpFacade.java:1180)
[MARK]>>> parameter = U3RhcnQgRGF0ZQ%3D%3D%7CMjAyNS0xMS0yNQ%3D%3D__dataType%7CDateTime%3BRW5kIERhdGU%3D%7CMjAyNS0xMS0yNQ%3D%3D__dataType%7CDateTime%3BQXBwbGljYW50IE5hbWU%3D%7C__dataType%7CString%3BQlUgQ29kZQ%3D%3D%7C__dataType%7CString%3B

[PONT]>>> com.cs.birt.report.portal.HttpFacade.decodeParameter(HttpFacade.java:1184)
[MARK]>>> Decode parameter using 'URLDecoder.decode(parameter, HttpFacade.encodingScheme)'.

[PONT]>>> com.cs.birt.report.portal.HttpFacade.decodeParameter(HttpFacade.java:1190)
[MARK]>>> parameter = U3RhcnQgRGF0ZQ==|MjAyNS0xMS0yNQ==__dataType|DateTime;RW5kIERhdGU=|MjAyNS0xMS0yNQ==__dataType|DateTime;QXBwbGljYW50IE5hbWU=|__dataType|String;QlUgQ29kZQ==|__dataType|String;

<---GO-OUT-METHOD---< com.cs.birt.report.portal.HttpFacade.decodeParameter(HttpFacade.java:1192) <---UUID-bf36ebd8fcdb4b3cb8e9dcb0714c6c96---<

>---COME-IN-METHOD---> com.cs.birt.report.portal.HttpFacade.issueReportFile(HttpFacade.java:492) >---UUID-2518c9ad211d43d1a494e0a239720f67--->

[PONT]>>> com.cs.birt.report.portal.HttpFacade.issueReportFile(HttpFacade.java:493)
[MARK]>>> designFilePath = /data/EE_PARA/Default/REPORTTEMPLATE/IPLC_VOL_Issue.rptdesign
[MARK]>>> reportFilePath = /data/EE_PARA/TRXDATA/CSBANK/US/DOCS/3a90c0dba66b4ffaab7e351fca9bf2d0.csv
[MARK]>>> docType = csv

[PONT]>>> com.cs.birt.report.portal.HttpFacade.issueReportFile(HttpFacade.java:496)
[MARK]>>> context = {}

[PONT]>>> com.cs.birt.report.portal.HttpFacade.issueReportFile(HttpFacade.java:500)
[MARK]>>> Get database connection using 'connection = EngineFactory.getConnection()'.

>---COME-IN-METHOD---> com.cs.birt.report.engine.EngineFactory.getConnection(EngineFactory.java:262) >---UUID-888967d6c3394a7d92cbde9a01764a78--->

[PONT]>>> com.cs.birt.report.engine.EngineFactory.getConnection(EngineFactory.java:268)
[MARK]>>> Get connection from data source using 'connection = EngineFactory.dataSource.getConnection()'.

<---GO-OUT-METHOD---< com.cs.birt.report.engine.EngineFactory.getConnection(EngineFactory.java:287) <---UUID-888967d6c3394a7d92cbde9a01764a78---<

[PONT]>>> com.cs.birt.report.portal.HttpFacade.issueReportFile(HttpFacade.java:506)
[MARK]>>> connection = com.ibm.ws.rsadapter.jdbc.WSJdbcConnection@ac6fb316

[PONT]>>> com.cs.birt.report.portal.HttpFacade.issueReportFile(HttpFacade.java:516)
[MARK]>>> hTMLRenderOption = org.eclipse.birt.report.engine.emitter.csv.CSVRenderOption@3fcc5a6c

>---COME-IN-METHOD---> com.cs.birt.report.engine.EngineFactory.getReportEngine(EngineFactory.java:256) >---UUID-abcdef6acae84c1cac06583c727e9346--->

<---GO-OUT-METHOD---< com.cs.birt.report.engine.EngineFactory.getReportEngine(EngineFactory.java:257) <---UUID-abcdef6acae84c1cac06583c727e9346---<

[PONT]>>> com.cs.birt.report.portal.HttpFacade.issueReportFile(HttpFacade.java:519)
[MARK]>>> reportEngine = org.eclipse.birt.report.engine.api.impl.ReportEngine@135785ea

[PONT]>>> com.cs.birt.report.portal.HttpFacade.issueReportFile(HttpFacade.java:523)
[MARK]>>> Open report design using 'reportRunnable = reportEngine.openReportDesign(designFilePath)'.

[PONT]>>> com.cs.birt.report.portal.HttpFacade.issueReportFile(HttpFacade.java:529)
[MARK]>>> reportRunnable = org.eclipse.birt.report.engine.api.impl.ReportRunnable@13b93543

[PONT]>>> com.cs.birt.report.portal.HttpFacade.issueReportFile(HttpFacade.java:532)
[MARK]>>> runAndRenderTask = org.eclipse.birt.report.engine.api.impl.RunAndRenderTask@4737757a

[PONT]>>> com.cs.birt.report.portal.HttpFacade.issueReportFile(HttpFacade.java:536)
[MARK]>>> runAndRenderTask = org.eclipse.birt.report.engine.api.impl.RunAndRenderTask@4737757a

<---GO-OUT-METHOD---< com.cs.birt.report.portal.HttpFacade.issueReportFile(HttpFacade.java:584) <---UUID-2518c9ad211d43d1a494e0a239720f67---<

<---GO-OUT-METHOD---< com.cs.birt.report.portal.HttpFacade.mergeOnlineOrBatch(HttpFacade.java:382) <---UUID-d08cb08fac954d02a6cc6551b744723d---<

[INFO]>>> Destroy a debuger:com.cs.birt.utility.Debuger@4149ccf

[INFO]>>> Create a debuger: com.cs.birt.utility.Debuger@78bcd41b

>---COME-IN-METHOD---> com.cs.birt.report.portal.HttpFacade.<init>(HttpFacade.java:120) >---UUID-c75ccb8cc6864e98b015159d6d799670--->

<---GO-OUT-METHOD---< com.cs.birt.report.portal.HttpFacade.<init>(HttpFacade.java:121) <---UUID-c75ccb8cc6864e98b015159d6d799670---<

>---COME-IN-METHOD---> com.cs.birt.report.portal.HttpFacade.doPost(HttpFacade.java:130) >---UUID-2b9cd0e934cc4bbca425379870b50668--->

[PONT]>>> com.cs.birt.report.portal.HttpFacade.doPost(HttpFacade.java:131)
[MARK]>>> request = spark.servlet.SparkFilter$1@bfb04081
[MARK]>>> response = com.ibm.ws.webcontainer.srt.SRTServletResponse@b908abfa

>---COME-IN-METHOD---> com.cs.birt.report.portal.HttpFacade.issueTSUMessageByXML(HttpFacade.java:864) >---UUID-62160d9a497446cf807d35f397542a37--->

[PONT]>>> com.cs.birt.report.portal.HttpFacade.issueTSUMessageByXML(HttpFacade.java:867)
[MARK]>>> context = {}

[PONT]>>> com.cs.birt.report.portal.HttpFacade.issueTSUMessageByXML(HttpFacade.java:884)
[MARK]>>> hTMLRenderOption = org.eclipse.birt.report.engine.api.HTMLRenderOption@bbe9d840

>---COME-IN-METHOD---> com.cs.birt.report.engine.EngineFactory.getReportEngine(EngineFactory.java:256) >---UUID-03508cbc04f24eae85ef6649071acdcc--->

<---GO-OUT-METHOD---< com.cs.birt.report.engine.EngineFactory.getReportEngine(EngineFactory.java:257) <---UUID-03508cbc04f24eae85ef6649071acdcc---<

[PONT]>>> com.cs.birt.report.portal.HttpFacade.issueTSUMessageByXML(HttpFacade.java:887)
[MARK]>>> reportEngine = org.eclipse.birt.report.engine.api.impl.ReportEngine@135785ea

[PONT]>>> com.cs.birt.report.portal.HttpFacade.issueTSUMessageByXML(HttpFacade.java:891)
[MARK]>>> Open report design using 'reportRunnable = reportEngine.openReportDesign(designFilePath)'.

[PONT]>>> com.cs.birt.report.portal.HttpFacade.issueTSUMessageByXML(HttpFacade.java:952)
[MARK]>>> reportRunnable = org.eclipse.birt.report.engine.api.impl.ReportRunnable@ba824468

[PONT]>>> com.cs.birt.report.portal.HttpFacade.issueTSUMessageByXML(HttpFacade.java:955)
[MARK]>>> runAndRenderTask = org.eclipse.birt.report.engine.api.impl.RunAndRenderTask@caca43b5

[PONT]>>> com.cs.birt.report.portal.HttpFacade.issueTSUMessageByXML(HttpFacade.java:959)
[MARK]>>> runAndRenderTask = org.eclipse.birt.report.engine.api.impl.RunAndRenderTask@caca43b5

<---GO-OUT-METHOD---< com.cs.birt.report.portal.HttpFacade.issueTSUMessageByXML(HttpFacade.java:967) <---UUID-62160d9a497446cf807d35f397542a37---<

[INFO]>>> Destroy a debuger:com.cs.birt.utility.Debuger@78bcd41b

[INFO]>>> Create a debuger: com.cs.birt.utility.Debuger@9905fba9

>---COME-IN-METHOD---> com.cs.birt.report.portal.HttpFacade.<init>(HttpFacade.java:120) >---UUID-32f25394d1fe4ce7aad87016d27d2161--->

<---GO-OUT-METHOD---< com.cs.birt.report.portal.HttpFacade.<init>(HttpFacade.java:121) <---UUID-32f25394d1fe4ce7aad87016d27d2161---<

>---COME-IN-METHOD---> com.cs.birt.report.portal.HttpFacade.doPost(HttpFacade.java:130) >---UUID-9e2f7713425b42dc9c89b10d2fe3d2b1--->

[PONT]>>> com.cs.birt.report.portal.HttpFacade.doPost(HttpFacade.java:131)
[MARK]>>> request = spark.servlet.SparkFilter$1@7df45ddd
[MARK]>>> response = com.ibm.ws.webcontainer.srt.SRTServletResponse@65fccf1f

>---COME-IN-METHOD---> com.cs.birt.report.portal.HttpFacade.issueTSUMessageByXML(HttpFacade.java:864) >---UUID-b569928db0614e418900617a79204fbc--->

[PONT]>>> com.cs.birt.report.portal.HttpFacade.issueTSUMessageByXML(HttpFacade.java:867)
[MARK]>>> context = {}

[PONT]>>> com.cs.birt.report.portal.HttpFacade.issueTSUMessageByXML(HttpFacade.java:884)
[MARK]>>> hTMLRenderOption = org.eclipse.birt.report.engine.api.HTMLRenderOption@247726d4

>---COME-IN-METHOD---> com.cs.birt.report.engine.EngineFactory.getReportEngine(EngineFactory.java:256) >---UUID-ef7257c1de424f6eb38eccdc5bc23c8b--->

<---GO-OUT-METHOD---< com.cs.birt.report.engine.EngineFactory.getReportEngine(EngineFactory.java:257) <---UUID-ef7257c1de424f6eb38eccdc5bc23c8b---<

[PONT]>>> com.cs.birt.report.portal.HttpFacade.issueTSUMessageByXML(HttpFacade.java:887)
[MARK]>>> reportEngine = org.eclipse.birt.report.engine.api.impl.ReportEngine@135785ea

[PONT]>>> com.cs.birt.report.portal.HttpFacade.issueTSUMessageByXML(HttpFacade.java:891)
[MARK]>>> Open report design using 'reportRunnable = reportEngine.openReportDesign(designFilePath)'.

[PONT]>>> com.cs.birt.report.portal.HttpFacade.issueTSUMessageByXML(HttpFacade.java:952)
[MARK]>>> reportRunnable = org.eclipse.birt.report.engine.api.impl.ReportRunnable@3fd5e3bf

[PONT]>>> com.cs.birt.report.portal.HttpFacade.issueTSUMessageByXML(HttpFacade.java:955)
[MARK]>>> runAndRenderTask = org.eclipse.birt.report.engine.api.impl.RunAndRenderTask@2a51e7b5

[PONT]>>> com.cs.birt.report.portal.HttpFacade.issueTSUMessageByXML(HttpFacade.java:959)
[MARK]>>> runAndRenderTask = org.eclipse.birt.report.engine.api.impl.RunAndRenderTask@2a51e7b5

<---GO-OUT-METHOD---< com.cs.birt.report.portal.HttpFacade.issueTSUMessageByXML(HttpFacade.java:967) <---UUID-b569928db0614e418900617a79204fbc---<

[INFO]>>> Destroy a debuger:com.cs.birt.utility.Debuger@9905fba9

[INFO]>>> Create a debuger: com.cs.birt.utility.Debuger@66dfbfd0

>---COME-IN-METHOD---> com.cs.birt.report.portal.HttpFacade.<init>(HttpFacade.java:120) >---UUID-21ea5473ecc24512876dfbfaf3c1d338--->

<---GO-OUT-METHOD---< com.cs.birt.report.portal.HttpFacade.<init>(HttpFacade.java:121) <---UUID-21ea5473ecc24512876dfbfaf3c1d338---<

>---COME-IN-METHOD---> com.cs.birt.report.portal.HttpFacade.doPost(HttpFacade.java:130) >---UUID-1afdbc9a872a46a4b21e5b539d8ac38f--->

[PONT]>>> com.cs.birt.report.portal.HttpFacade.doPost(HttpFacade.java:131)
[MARK]>>> request = spark.servlet.SparkFilter$1@3b85f141
[MARK]>>> response = com.ibm.ws.webcontainer.srt.SRTServletResponse@88493987

>---COME-IN-METHOD---> com.cs.birt.report.portal.HttpFacade.issueTSUMessageByXML(HttpFacade.java:864) >---UUID-bb2acc9d486b4e13a90eece2d7d0df32--->

[PONT]>>> com.cs.birt.report.portal.HttpFacade.issueTSUMessageByXML(HttpFacade.java:867)
[MARK]>>> context = {}

[PONT]>>> com.cs.birt.report.portal.HttpFacade.issueTSUMessageByXML(HttpFacade.java:884)
[MARK]>>> hTMLRenderOption = org.eclipse.birt.report.engine.api.HTMLRenderOption@5e8ffb6a

>---COME-IN-METHOD---> com.cs.birt.report.engine.EngineFactory.getReportEngine(EngineFactory.java:256) >---UUID-76f07e62c67340d09d524bc114f35efe--->

<---GO-OUT-METHOD---< com.cs.birt.report.engine.EngineFactory.getReportEngine(EngineFactory.java:257) <---UUID-76f07e62c67340d09d524bc114f35efe---<

[PONT]>>> com.cs.birt.report.portal.HttpFacade.issueTSUMessageByXML(HttpFacade.java:887)
[MARK]>>> reportEngine = org.eclipse.birt.report.engine.api.impl.ReportEngine@135785ea

[PONT]>>> com.cs.birt.report.portal.HttpFacade.issueTSUMessageByXML(HttpFacade.java:891)
[MARK]>>> Open report design using 'reportRunnable = reportEngine.openReportDesign(designFilePath)'.

[PONT]>>> com.cs.birt.report.portal.HttpFacade.issueTSUMessageByXML(HttpFacade.java:952)
[MARK]>>> reportRunnable = org.eclipse.birt.report.engine.api.impl.ReportRunnable@82047958

[PONT]>>> com.cs.birt.report.portal.HttpFacade.issueTSUMessageByXML(HttpFacade.java:955)
[MARK]>>> runAndRenderTask = org.eclipse.birt.report.engine.api.impl.RunAndRenderTask@d2d97a8e

[PONT]>>> com.cs.birt.report.portal.HttpFacade.issueTSUMessageByXML(HttpFacade.java:959)
[MARK]>>> runAndRenderTask = org.eclipse.birt.report.engine.api.impl.RunAndRenderTask@d2d97a8e

<---GO-OUT-METHOD---< com.cs.birt.report.portal.HttpFacade.issueTSUMessageByXML(HttpFacade.java:967) <---UUID-bb2acc9d486b4e13a90eece2d7d0df32---<

[INFO]>>> Destroy a debuger:com.cs.birt.utility.Debuger@66dfbfd0

[INFO]>>> Create a debuger: com.cs.birt.utility.Debuger@bfb34d9f

>---COME-IN-METHOD---> com.cs.birt.report.portal.HttpFacade.<init>(HttpFacade.java:120) >---UUID-a2cf4e95f767469db8ca7f299e193049--->

<---GO-OUT-METHOD---< com.cs.birt.report.portal.HttpFacade.<init>(HttpFacade.java:121) <---UUID-a2cf4e95f767469db8ca7f299e193049---<

>---COME-IN-METHOD---> com.cs.birt.report.portal.HttpFacade.doPost(HttpFacade.java:130) >---UUID-a02820e93e3f463298903bf2741e8a4b--->

[PONT]>>> com.cs.birt.report.portal.HttpFacade.doPost(HttpFacade.java:131)
[MARK]>>> request = spark.servlet.SparkFilter$1@56a94f1d
[MARK]>>> response = com.ibm.ws.webcontainer.srt.SRTServletResponse@750d2719

>---COME-IN-METHOD---> com.cs.birt.report.portal.HttpFacade.issueTSUMessageByXML(HttpFacade.java:864) >---UUID-dde7bd36cc1e4cceb8666eba5fdcfe55--->

[PONT]>>> com.cs.birt.report.portal.HttpFacade.issueTSUMessageByXML(HttpFacade.java:867)
[MARK]>>> context = {}

[PONT]>>> com.cs.birt.report.portal.HttpFacade.issueTSUMessageByXML(HttpFacade.java:884)
[MARK]>>> hTMLRenderOption = org.eclipse.birt.report.engine.api.HTMLRenderOption@a3f315ea

>---COME-IN-METHOD---> com.cs.birt.report.engine.EngineFactory.getReportEngine(EngineFactory.java:256) >---UUID-89888c6798fb4cdeb46a2791cd36ff3d--->

<---GO-OUT-METHOD---< com.cs.birt.report.engine.EngineFactory.getReportEngine(EngineFactory.java:257) <---UUID-89888c6798fb4cdeb46a2791cd36ff3d---<

[PONT]>>> com.cs.birt.report.portal.HttpFacade.issueTSUMessageByXML(HttpFacade.java:887)
[MARK]>>> reportEngine = org.eclipse.birt.report.engine.api.impl.ReportEngine@135785ea

[PONT]>>> com.cs.birt.report.portal.HttpFacade.issueTSUMessageByXML(HttpFacade.java:891)
[MARK]>>> Open report design using 'reportRunnable = reportEngine.openReportDesign(designFilePath)'.

[PONT]>>> com.cs.birt.report.portal.HttpFacade.issueTSUMessageByXML(HttpFacade.java:952)
[MARK]>>> reportRunnable = org.eclipse.birt.report.engine.api.impl.ReportRunnable@5daa717f

[PONT]>>> com.cs.birt.report.portal.HttpFacade.issueTSUMessageByXML(HttpFacade.java:955)
[MARK]>>> runAndRenderTask = org.eclipse.birt.report.engine.api.impl.RunAndRenderTask@e75d382e

[PONT]>>> com.cs.birt.report.portal.HttpFacade.issueTSUMessageByXML(HttpFacade.java:959)
[MARK]>>> runAndRenderTask = org.eclipse.birt.report.engine.api.impl.RunAndRenderTask@e75d382e

<---GO-OUT-METHOD---< com.cs.birt.report.portal.HttpFacade.issueTSUMessageByXML(HttpFacade.java:967) <---UUID-dde7bd36cc1e4cceb8666eba5fdcfe55---<

[INFO]>>> Destroy a debuger:com.cs.birt.utility.Debuger@bfb34d9f

[INFO]>>> Create a debuger: com.cs.birt.utility.Debuger@2382342f

>---COME-IN-METHOD---> com.cs.birt.report.portal.HttpFacade.<init>(HttpFacade.java:120) >---UUID-e7c7a09ab93541b09b64a774453fa5bf--->

<---GO-OUT-METHOD---< com.cs.birt.report.portal.HttpFacade.<init>(HttpFacade.java:121) <---UUID-e7c7a09ab93541b09b64a774453fa5bf---<

>---COME-IN-METHOD---> com.cs.birt.report.portal.HttpFacade.doPost(HttpFacade.java:130) >---UUID-a36bcce19eff4c918e5a4afde99eb0bb--->

[PONT]>>> com.cs.birt.report.portal.HttpFacade.doPost(HttpFacade.java:131)
[MARK]>>> request = spark.servlet.SparkFilter$1@a48b007d
[MARK]>>> response = com.ibm.ws.webcontainer.srt.SRTServletResponse@33d72ab4

>---COME-IN-METHOD---> com.cs.birt.report.portal.HttpFacade.issueTSUMessageByXML(HttpFacade.java:864) >---UUID-9da55294e50c4f3fbeee5c2f1d78fe46--->

[PONT]>>> com.cs.birt.report.portal.HttpFacade.issueTSUMessageByXML(HttpFacade.java:867)
[MARK]>>> context = {}

[PONT]>>> com.cs.birt.report.portal.HttpFacade.issueTSUMessageByXML(HttpFacade.java:884)
[MARK]>>> hTMLRenderOption = org.eclipse.birt.report.engine.api.HTMLRenderOption@e09b498a

>---COME-IN-METHOD---> com.cs.birt.report.engine.EngineFactory.getReportEngine(EngineFactory.java:256) >---UUID-2dbe8bdd16a04125a03bb5ed28b5f57c--->

<---GO-OUT-METHOD---< com.cs.birt.report.engine.EngineFactory.getReportEngine(EngineFactory.java:257) <---UUID-2dbe8bdd16a04125a03bb5ed28b5f57c---<

[PONT]>>> com.cs.birt.report.portal.HttpFacade.issueTSUMessageByXML(HttpFacade.java:887)
[MARK]>>> reportEngine = org.eclipse.birt.report.engine.api.impl.ReportEngine@135785ea

[PONT]>>> com.cs.birt.report.portal.HttpFacade.issueTSUMessageByXML(HttpFacade.java:891)
[MARK]>>> Open report design using 'reportRunnable = reportEngine.openReportDesign(designFilePath)'.

[PONT]>>> com.cs.birt.report.portal.HttpFacade.issueTSUMessageByXML(HttpFacade.java:952)
[MARK]>>> reportRunnable = org.eclipse.birt.report.engine.api.impl.ReportRunnable@92fcc577

[PONT]>>> com.cs.birt.report.portal.HttpFacade.issueTSUMessageByXML(HttpFacade.java:955)
[MARK]>>> runAndRenderTask = org.eclipse.birt.report.engine.api.impl.RunAndRenderTask@300c6d9a

[PONT]>>> com.cs.birt.report.portal.HttpFacade.issueTSUMessageByXML(HttpFacade.java:959)
[MARK]>>> runAndRenderTask = org.eclipse.birt.report.engine.api.impl.RunAndRenderTask@300c6d9a

<---GO-OUT-METHOD---< com.cs.birt.report.portal.HttpFacade.issueTSUMessageByXML(HttpFacade.java:967) <---UUID-9da55294e50c4f3fbeee5c2f1d78fe46---<

[INFO]>>> Destroy a debuger:com.cs.birt.utility.Debuger@2382342f

[INFO]>>> Create a debuger: com.cs.birt.utility.Debuger@bf0d4d9c

>---COME-IN-METHOD---> com.cs.birt.report.portal.HttpFacade.<init>(HttpFacade.java:120) >---UUID-89c91644c8aa4e5f9a441d745c03bef6--->

<---GO-OUT-METHOD---< com.cs.birt.report.portal.HttpFacade.<init>(HttpFacade.java:121) <---UUID-89c91644c8aa4e5f9a441d745c03bef6---<

>---COME-IN-METHOD---> com.cs.birt.report.portal.HttpFacade.doPost(HttpFacade.java:130) >---UUID-2110d04c9a8b4e4cafdf82e6a8b13217--->

[PONT]>>> com.cs.birt.report.portal.HttpFacade.doPost(HttpFacade.java:131)
[MARK]>>> request = spark.servlet.SparkFilter$1@2c9515d
[MARK]>>> response = com.ibm.ws.webcontainer.srt.SRTServletResponse@3d20971c

>---COME-IN-METHOD---> com.cs.birt.report.portal.HttpFacade.issueTSUMessageByXML(HttpFacade.java:864) >---UUID-8e67ef9a20e1475bb6bacd2efeb4aed4--->

[PONT]>>> com.cs.birt.report.portal.HttpFacade.issueTSUMessageByXML(HttpFacade.java:867)
[MARK]>>> context = {}

[PONT]>>> com.cs.birt.report.portal.HttpFacade.issueTSUMessageByXML(HttpFacade.java:884)
[MARK]>>> hTMLRenderOption = org.eclipse.birt.report.engine.api.HTMLRenderOption@73edb39e

>---COME-IN-METHOD---> com.cs.birt.report.engine.EngineFactory.getReportEngine(EngineFactory.java:256) >---UUID-cf36fe92567f43859783f7496b79e8b2--->

<---GO-OUT-METHOD---< com.cs.birt.report.engine.EngineFactory.getReportEngine(EngineFactory.java:257) <---UUID-cf36fe92567f43859783f7496b79e8b2---<

[PONT]>>> com.cs.birt.report.portal.HttpFacade.issueTSUMessageByXML(HttpFacade.java:887)
[MARK]>>> reportEngine = org.eclipse.birt.report.engine.api.impl.ReportEngine@135785ea

[PONT]>>> com.cs.birt.report.portal.HttpFacade.issueTSUMessageByXML(HttpFacade.java:891)
[MARK]>>> Open report design using 'reportRunnable = reportEngine.openReportDesign(designFilePath)'.

[PONT]>>> com.cs.birt.report.portal.HttpFacade.issueTSUMessageByXML(HttpFacade.java:952)
[MARK]>>> reportRunnable = org.eclipse.birt.report.engine.api.impl.ReportRunnable@775c1468

[PONT]>>> com.cs.birt.report.portal.HttpFacade.issueTSUMessageByXML(HttpFacade.java:955)
[MARK]>>> runAndRenderTask = org.eclipse.birt.report.engine.api.impl.RunAndRenderTask@70776f11

[PONT]>>> com.cs.birt.report.portal.HttpFacade.issueTSUMessageByXML(HttpFacade.java:959)
[MARK]>>> runAndRenderTask = org.eclipse.birt.report.engine.api.impl.RunAndRenderTask@70776f11

<---GO-OUT-METHOD---< com.cs.birt.report.portal.HttpFacade.issueTSUMessageByXML(HttpFacade.java:967) <---UUID-8e67ef9a20e1475bb6bacd2efeb4aed4---<

[INFO]>>> Destroy a debuger:com.cs.birt.utility.Debuger@bf0d4d9c

[INFO]>>> Destroy a debuger:com.cs.birt.utility.Debuger@66d2a785
