
[INFO]>>> Create a debuger: com.cs.birt.utility.Debuger@56bd879e

>---COME-IN-METHOD---> com.cs.birt.report.portal.HttpFacade.<init>(HttpFacade.java:120) >---UUID-73ba4855f2944d5baf677698a9dd74cf--->

<---GO-OUT-METHOD---< com.cs.birt.report.portal.HttpFacade.<init>(HttpFacade.java:121) <---UUID-73ba4855f2944d5baf677698a9dd74cf---<

>---COME-IN-METHOD---> com.cs.birt.report.portal.HttpFacade.doPost(HttpFacade.java:130) >---UUID-8d92b2a710804db89812c476947882a2--->

[PONT]>>> com.cs.birt.report.portal.HttpFacade.doPost(HttpFacade.java:131)
[MARK]>>> request = spark.servlet.SparkFilter$1@a2740ea8
[MARK]>>> response = com.ibm.ws.webcontainer.srt.SRTServletResponse@2c8a3b49

>---COME-IN-METHOD---> com.cs.birt.report.portal.HttpFacade.issueTSUMessageByXML(HttpFacade.java:864) >---UUID-e9f2aa0c896f48b88b7911ce47d0d3e6--->

[PONT]>>> com.cs.birt.report.portal.HttpFacade.issueTSUMessageByXML(HttpFacade.java:867)
[MARK]>>> context = {}

[PONT]>>> com.cs.birt.report.portal.HttpFacade.issueTSUMessageByXML(HttpFacade.java:884)
[MARK]>>> hTMLRenderOption = org.eclipse.birt.report.engine.api.HTMLRenderOption@b8e780a7

>---COME-IN-METHOD---> com.cs.birt.report.engine.EngineFactory.getReportEngine(EngineFactory.java:169) >---UUID-644879eb506f4ddbae562d2e5ed27459--->

<---GO-OUT-METHOD---< com.cs.birt.report.engine.EngineFactory.getReportEngine(EngineFactory.java:170) <---UUID-644879eb506f4ddbae562d2e5ed27459---<

[PONT]>>> com.cs.birt.report.portal.HttpFacade.issueTSUMessageByXML(HttpFacade.java:887)
[MARK]>>> reportEngine = org.eclipse.birt.report.engine.api.impl.ReportEngine@db182fa8

[PONT]>>> com.cs.birt.report.portal.HttpFacade.issueTSUMessageByXML(HttpFacade.java:891)
[MARK]>>> Open report design using 'reportRunnable = reportEngine.openReportDesign(designFilePath)'.

[PONT]>>> com.cs.birt.report.portal.HttpFacade.issueTSUMessageByXML(HttpFacade.java:952)
[MARK]>>> reportRunnable = org.eclipse.birt.report.engine.api.impl.ReportRunnable@50ee9632

[PONT]>>> com.cs.birt.report.portal.HttpFacade.issueTSUMessageByXML(HttpFacade.java:955)
[MARK]>>> runAndRenderTask = org.eclipse.birt.report.engine.api.impl.RunAndRenderTask@861dab6b

[PONT]>>> com.cs.birt.report.portal.HttpFacade.issueTSUMessageByXML(HttpFacade.java:959)
[MARK]>>> runAndRenderTask = org.eclipse.birt.report.engine.api.impl.RunAndRenderTask@861dab6b

<---GO-OUT-METHOD---< com.cs.birt.report.portal.HttpFacade.issueTSUMessageByXML(HttpFacade.java:967) <---UUID-e9f2aa0c896f48b88b7911ce47d0d3e6---<

[INFO]>>> Destroy a debuger:com.cs.birt.utility.Debuger@56bd879e

[INFO]>>> Create a debuger: com.cs.birt.utility.Debuger@1f90f10f

>---COME-IN-METHOD---> com.cs.birt.report.portal.HttpFacade.<init>(HttpFacade.java:120) >---UUID-0092a90ea216401bb096ad3c13c3e7e8--->

<---GO-OUT-METHOD---< com.cs.birt.report.portal.HttpFacade.<init>(HttpFacade.java:121) <---UUID-0092a90ea216401bb096ad3c13c3e7e8---<

>---COME-IN-METHOD---> com.cs.birt.report.portal.HttpFacade.doPost(HttpFacade.java:130) >---UUID-e3f92de9c63345e29535e855ed7e5d4f--->

[PONT]>>> com.cs.birt.report.portal.HttpFacade.doPost(HttpFacade.java:131)
[MARK]>>> request = spark.servlet.SparkFilter$1@15771e8
[MARK]>>> response = com.ibm.ws.webcontainer.srt.SRTServletResponse@70c2020a

>---COME-IN-METHOD---> com.cs.birt.report.portal.HttpFacade.issueTSUMessageByXML(HttpFacade.java:864) >---UUID-cb222a1f0bdc4a9eb9e1390612085912--->

[PONT]>>> com.cs.birt.report.portal.HttpFacade.issueTSUMessageByXML(HttpFacade.java:867)
[MARK]>>> context = {}

[PONT]>>> com.cs.birt.report.portal.HttpFacade.issueTSUMessageByXML(HttpFacade.java:884)
[MARK]>>> hTMLRenderOption = org.eclipse.birt.report.engine.api.HTMLRenderOption@ca9b4bb9

>---COME-IN-METHOD---> com.cs.birt.report.engine.EngineFactory.getReportEngine(EngineFactory.java:169) >---UUID-f83cd1ef30374e01ba37c7788bd484a6--->

<---GO-OUT-METHOD---< com.cs.birt.report.engine.EngineFactory.getReportEngine(EngineFactory.java:170) <---UUID-f83cd1ef30374e01ba37c7788bd484a6---<

[PONT]>>> com.cs.birt.report.portal.HttpFacade.issueTSUMessageByXML(HttpFacade.java:887)
[MARK]>>> reportEngine = org.eclipse.birt.report.engine.api.impl.ReportEngine@db182fa8

[PONT]>>> com.cs.birt.report.portal.HttpFacade.issueTSUMessageByXML(HttpFacade.java:891)
[MARK]>>> Open report design using 'reportRunnable = reportEngine.openReportDesign(designFilePath)'.

[PONT]>>> com.cs.birt.report.portal.HttpFacade.issueTSUMessageByXML(HttpFacade.java:952)
[MARK]>>> reportRunnable = org.eclipse.birt.report.engine.api.impl.ReportRunnable@2e88a24

[PONT]>>> com.cs.birt.report.portal.HttpFacade.issueTSUMessageByXML(HttpFacade.java:955)
[MARK]>>> runAndRenderTask = org.eclipse.birt.report.engine.api.impl.RunAndRenderTask@d7016b92

[PONT]>>> com.cs.birt.report.portal.HttpFacade.issueTSUMessageByXML(HttpFacade.java:959)
[MARK]>>> runAndRenderTask = org.eclipse.birt.report.engine.api.impl.RunAndRenderTask@d7016b92

<---GO-OUT-METHOD---< com.cs.birt.report.portal.HttpFacade.issueTSUMessageByXML(HttpFacade.java:967) <---UUID-cb222a1f0bdc4a9eb9e1390612085912---<

[INFO]>>> Destroy a debuger:com.cs.birt.utility.Debuger@1f90f10f

[INFO]>>> Create a debuger: com.cs.birt.utility.Debuger@4fb360a7

>---COME-IN-METHOD---> com.cs.birt.report.portal.HttpFacade.<init>(HttpFacade.java:120) >---UUID-b1b2e8230ceb4eccb1777dcd4673dfe0--->

<---GO-OUT-METHOD---< com.cs.birt.report.portal.HttpFacade.<init>(HttpFacade.java:121) <---UUID-b1b2e8230ceb4eccb1777dcd4673dfe0---<

>---COME-IN-METHOD---> com.cs.birt.report.portal.HttpFacade.doPost(HttpFacade.java:130) >---UUID-0149dc6c9a554b3d91148c07e9709213--->

[PONT]>>> com.cs.birt.report.portal.HttpFacade.doPost(HttpFacade.java:131)
[MARK]>>> request = spark.servlet.SparkFilter$1@baf9b747
[MARK]>>> response = com.ibm.ws.webcontainer.srt.SRTServletResponse@23e66b1b

>---COME-IN-METHOD---> com.cs.birt.report.portal.HttpFacade.issueTSUMessageByXML(HttpFacade.java:864) >---UUID-16facce8fcbb49489befc775b1a1b8d8--->

[PONT]>>> com.cs.birt.report.portal.HttpFacade.issueTSUMessageByXML(HttpFacade.java:867)
[MARK]>>> context = {}

[PONT]>>> com.cs.birt.report.portal.HttpFacade.issueTSUMessageByXML(HttpFacade.java:884)
[MARK]>>> hTMLRenderOption = org.eclipse.birt.report.engine.api.HTMLRenderOption@d69cba1a

>---COME-IN-METHOD---> com.cs.birt.report.engine.EngineFactory.getReportEngine(EngineFactory.java:169) >---UUID-a1b3059408b2453d85d1d5f95ce0230c--->

<---GO-OUT-METHOD---< com.cs.birt.report.engine.EngineFactory.getReportEngine(EngineFactory.java:170) <---UUID-a1b3059408b2453d85d1d5f95ce0230c---<

[PONT]>>> com.cs.birt.report.portal.HttpFacade.issueTSUMessageByXML(HttpFacade.java:887)
[MARK]>>> reportEngine = org.eclipse.birt.report.engine.api.impl.ReportEngine@db182fa8

[PONT]>>> com.cs.birt.report.portal.HttpFacade.issueTSUMessageByXML(HttpFacade.java:891)
[MARK]>>> Open report design using 'reportRunnable = reportEngine.openReportDesign(designFilePath)'.

[PONT]>>> com.cs.birt.report.portal.HttpFacade.issueTSUMessageByXML(HttpFacade.java:952)
[MARK]>>> reportRunnable = org.eclipse.birt.report.engine.api.impl.ReportRunnable@dc96476a

[PONT]>>> com.cs.birt.report.portal.HttpFacade.issueTSUMessageByXML(HttpFacade.java:955)
[MARK]>>> runAndRenderTask = org.eclipse.birt.report.engine.api.impl.RunAndRenderTask@473a1170

[PONT]>>> com.cs.birt.report.portal.HttpFacade.issueTSUMessageByXML(HttpFacade.java:959)
[MARK]>>> runAndRenderTask = org.eclipse.birt.report.engine.api.impl.RunAndRenderTask@473a1170

<---GO-OUT-METHOD---< com.cs.birt.report.portal.HttpFacade.issueTSUMessageByXML(HttpFacade.java:967) <---UUID-16facce8fcbb49489befc775b1a1b8d8---<

[INFO]>>> Destroy a debuger:com.cs.birt.utility.Debuger@4fb360a7

[INFO]>>> Create a debuger: com.cs.birt.utility.Debuger@e2380053

[PONT]>>> com.cs.birt.report.engine.EngineFactory.buildReportEngine(EngineFactory.java:110)
[MARK]>>> platformContext = org.eclipse.birt.core.framework.PlatformServletContext@7d5337d2

[PONT]>>> com.cs.birt.report.engine.EngineFactory.buildReportEngine(EngineFactory.java:112)
[MARK]>>> engineConfig = EngineConfig: logDest=/data/EE_PARA/BIRT_AP_LOG;logLevel=FINEST;BIRT_HOME=;PLATFORM_CONTEXT=org.eclipse.birt.core.framework.PlatformServletContext@7d5337d2;org.eclipse.birt.report.engine.api.EngineConfig.emitterConfigs={html=org.eclipse.birt.report.engine.api.HTMLEmitterConfig@c42929dd};

[PONT]>>> com.cs.birt.report.engine.EngineFactory.buildReportEngine(EngineFactory.java:115)
[MARK]>>> Start up platform using 'Platform.startup(engineConfig)'.

[PONT]>>> com.cs.birt.report.engine.EngineFactory.buildReportEngine(EngineFactory.java:125)
[MARK]>>> reportEngineFactory = org.eclipse.birt.report.engine.api.impl.ReportEngineFactory@4c98957b

[PONT]>>> com.cs.birt.report.engine.EngineFactory.buildReportEngine(EngineFactory.java:127)
[MARK]>>> reportEngine = org.eclipse.birt.report.engine.api.impl.ReportEngine@a2be6c47

[INFO]>>> Create a debuger: com.cs.birt.utility.Debuger@f25b2cf2

>---COME-IN-METHOD---> com.cs.birt.report.portal.HttpFacade.<clinit>(HttpFacade.java:88) >---UUID-de37f86a00754ecd8a1d71e7b39c2eef--->

[PONT]>>> com.cs.birt.report.portal.HttpFacade.<clinit>(HttpFacade.java:89)
[MARK]>>> HttpFacade.encodingScheme = UTF-8

<---GO-OUT-METHOD---< com.cs.birt.report.portal.HttpFacade.<clinit>(HttpFacade.java:90) <---UUID-de37f86a00754ecd8a1d71e7b39c2eef---<

>---COME-IN-METHOD---> com.cs.birt.report.portal.HttpFacade.<init>(HttpFacade.java:120) >---UUID-cdf35726e20642b5a29302e78e51f560--->

<---GO-OUT-METHOD---< com.cs.birt.report.portal.HttpFacade.<init>(HttpFacade.java:121) <---UUID-cdf35726e20642b5a29302e78e51f560---<

>---COME-IN-METHOD---> com.cs.birt.report.portal.HttpFacade.doPost(HttpFacade.java:130) >---UUID-c828b61a280847a2abf62e4bb1728216--->

[PONT]>>> com.cs.birt.report.portal.HttpFacade.doPost(HttpFacade.java:131)
[MARK]>>> request = spark.servlet.SparkFilter$1@881292ad
[MARK]>>> response = com.ibm.ws.webcontainer.srt.SRTServletResponse@60473f46

>---COME-IN-METHOD---> com.cs.birt.report.portal.HttpFacade.issueTSUMessageByXML(HttpFacade.java:864) >---UUID-c6bffc7ba6ff4a39b82b7b733c826dea--->

[PONT]>>> com.cs.birt.report.portal.HttpFacade.issueTSUMessageByXML(HttpFacade.java:867)
[MARK]>>> context = {}

[PONT]>>> com.cs.birt.report.portal.HttpFacade.issueTSUMessageByXML(HttpFacade.java:884)
[MARK]>>> hTMLRenderOption = org.eclipse.birt.report.engine.api.HTMLRenderOption@55f658e7

>---COME-IN-METHOD---> com.cs.birt.report.engine.EngineFactory.getReportEngine(EngineFactory.java:169) >---UUID-99f5cc874b43449cb35338cb4f8bcc37--->

<---GO-OUT-METHOD---< com.cs.birt.report.engine.EngineFactory.getReportEngine(EngineFactory.java:170) <---UUID-99f5cc874b43449cb35338cb4f8bcc37---<

[PONT]>>> com.cs.birt.report.portal.HttpFacade.issueTSUMessageByXML(HttpFacade.java:887)
[MARK]>>> reportEngine = org.eclipse.birt.report.engine.api.impl.ReportEngine@a2be6c47

[PONT]>>> com.cs.birt.report.portal.HttpFacade.issueTSUMessageByXML(HttpFacade.java:891)
[MARK]>>> Open report design using 'reportRunnable = reportEngine.openReportDesign(designFilePath)'.

[PONT]>>> com.cs.birt.report.portal.HttpFacade.issueTSUMessageByXML(HttpFacade.java:952)
[MARK]>>> reportRunnable = org.eclipse.birt.report.engine.api.impl.ReportRunnable@bd44928e

[PONT]>>> com.cs.birt.report.portal.HttpFacade.issueTSUMessageByXML(HttpFacade.java:955)
[MARK]>>> runAndRenderTask = org.eclipse.birt.report.engine.api.impl.RunAndRenderTask@a9dd11eb

[PONT]>>> com.cs.birt.report.portal.HttpFacade.issueTSUMessageByXML(HttpFacade.java:959)
[MARK]>>> runAndRenderTask = org.eclipse.birt.report.engine.api.impl.RunAndRenderTask@a9dd11eb

<---GO-OUT-METHOD---< com.cs.birt.report.portal.HttpFacade.issueTSUMessageByXML(HttpFacade.java:967) <---UUID-c6bffc7ba6ff4a39b82b7b733c826dea---<

[INFO]>>> Destroy a debuger:com.cs.birt.utility.Debuger@f25b2cf2

[INFO]>>> Create a debuger: com.cs.birt.utility.Debuger@a51e8790

[PONT]>>> com.cs.birt.report.engine.EngineFactory.buildReportEngine(EngineFactory.java:110)
[MARK]>>> platformContext = org.eclipse.birt.core.framework.PlatformServletContext@578d30d1

[PONT]>>> com.cs.birt.report.engine.EngineFactory.buildReportEngine(EngineFactory.java:112)
[MARK]>>> engineConfig = EngineConfig: logDest=/data/EE_PARA/BIRT_AP_LOG;logLevel=FINEST;BIRT_HOME=;PLATFORM_CONTEXT=org.eclipse.birt.core.framework.PlatformServletContext@578d30d1;org.eclipse.birt.report.engine.api.EngineConfig.emitterConfigs={html=org.eclipse.birt.report.engine.api.HTMLEmitterConfig@c7901794};

[PONT]>>> com.cs.birt.report.engine.EngineFactory.buildReportEngine(EngineFactory.java:115)
[MARK]>>> Start up platform using 'Platform.startup(engineConfig)'.

[PONT]>>> com.cs.birt.report.engine.EngineFactory.buildReportEngine(EngineFactory.java:125)
[MARK]>>> reportEngineFactory = org.eclipse.birt.report.engine.api.impl.ReportEngineFactory@74a9a95b

[PONT]>>> com.cs.birt.report.engine.EngineFactory.buildReportEngine(EngineFactory.java:127)
[MARK]>>> reportEngine = org.eclipse.birt.report.engine.api.impl.ReportEngine@a922a3cc

[INFO]>>> Create a debuger: com.cs.birt.utility.Debuger@ba3cbf3e

[PONT]>>> com.cs.birt.report.engine.EngineFactory.buildReportEngine(EngineFactory.java:110)
[MARK]>>> platformContext = org.eclipse.birt.core.framework.PlatformServletContext@8cdfb915

[PONT]>>> com.cs.birt.report.engine.EngineFactory.buildReportEngine(EngineFactory.java:112)
[MARK]>>> engineConfig = EngineConfig: logDest=/data/EE_PARA/BIRT_AP_LOG;logLevel=FINEST;BIRT_HOME=;PLATFORM_CONTEXT=org.eclipse.birt.core.framework.PlatformServletContext@8cdfb915;org.eclipse.birt.report.engine.api.EngineConfig.emitterConfigs={html=org.eclipse.birt.report.engine.api.HTMLEmitterConfig@f915dcc6};

[PONT]>>> com.cs.birt.report.engine.EngineFactory.buildReportEngine(EngineFactory.java:115)
[MARK]>>> Start up platform using 'Platform.startup(engineConfig)'.

[PONT]>>> com.cs.birt.report.engine.EngineFactory.buildReportEngine(EngineFactory.java:125)
[MARK]>>> reportEngineFactory = org.eclipse.birt.report.engine.api.impl.ReportEngineFactory@2a777501

[PONT]>>> com.cs.birt.report.engine.EngineFactory.buildReportEngine(EngineFactory.java:127)
[MARK]>>> reportEngine = org.eclipse.birt.report.engine.api.impl.ReportEngine@41f7394

[INFO]>>> Create a debuger: com.cs.birt.utility.Debuger@b92dbd61

[PONT]>>> com.cs.birt.report.engine.EngineFactory.buildReportEngine(EngineFactory.java:110)
[MARK]>>> platformContext = org.eclipse.birt.core.framework.PlatformServletContext@e84e5b42

[PONT]>>> com.cs.birt.report.engine.EngineFactory.buildReportEngine(EngineFactory.java:112)
[MARK]>>> engineConfig = EngineConfig: logDest=/data/EE_PARA/BIRT_AP_LOG;logLevel=FINEST;BIRT_HOME=;PLATFORM_CONTEXT=org.eclipse.birt.core.framework.PlatformServletContext@e84e5b42;org.eclipse.birt.report.engine.api.EngineConfig.emitterConfigs={html=org.eclipse.birt.report.engine.api.HTMLEmitterConfig@6f1348a9};

[PONT]>>> com.cs.birt.report.engine.EngineFactory.buildReportEngine(EngineFactory.java:115)
[MARK]>>> Start up platform using 'Platform.startup(engineConfig)'.

[PONT]>>> com.cs.birt.report.engine.EngineFactory.buildReportEngine(EngineFactory.java:125)
[MARK]>>> reportEngineFactory = org.eclipse.birt.report.engine.api.impl.ReportEngineFactory@448b75a7

[PONT]>>> com.cs.birt.report.engine.EngineFactory.buildReportEngine(EngineFactory.java:127)
[MARK]>>> reportEngine = org.eclipse.birt.report.engine.api.impl.ReportEngine@ca6ff166

[INFO]>>> Destroy a debuger:com.cs.birt.utility.Debuger@b92dbd61
