
[INFO]>>> Create a debuger: com.cs.birt.utility.Debuger@e06a797a

>---COME-IN-METHOD---> com.cs.birt.report.portal.HttpFacade.<init>(HttpFacade.java:120) >---UUID-f8687a8b3170479d8a984fbe871e198e--->

<---GO-OUT-METHOD---< com.cs.birt.report.portal.HttpFacade.<init>(HttpFacade.java:121) <---UUID-f8687a8b3170479d8a984fbe871e198e---<

>---COME-IN-METHOD---> com.cs.birt.report.portal.HttpFacade.doPost(HttpFacade.java:130) >---UUID-ff0d1bf7689944388e7027f2373d6130--->

[PONT]>>> com.cs.birt.report.portal.HttpFacade.doPost(HttpFacade.java:131)
[MARK]>>> request = spark.servlet.SparkFilter$1@4f959109
[MARK]>>> response = com.ibm.ws.webcontainer.srt.SRTServletResponse@4284cad8

>---COME-IN-METHOD---> com.cs.birt.report.portal.HttpFacade.issueTSUMessageByXML(HttpFacade.java:864) >---UUID-de24a34fc64c419b885870fec6332325--->

[PONT]>>> com.cs.birt.report.portal.HttpFacade.issueTSUMessageByXML(HttpFacade.java:867)
[MARK]>>> context = {}

[PONT]>>> com.cs.birt.report.portal.HttpFacade.issueTSUMessageByXML(HttpFacade.java:884)
[MARK]>>> hTMLRenderOption = org.eclipse.birt.report.engine.api.HTMLRenderOption@9d59be20

>---COME-IN-METHOD---> com.cs.birt.report.engine.EngineFactory.getReportEngine(EngineFactory.java:169) >---UUID-2f4a85a9a383408dae0213ff7ee76b77--->

<---GO-OUT-METHOD---< com.cs.birt.report.engine.EngineFactory.getReportEngine(EngineFactory.java:170) <---UUID-2f4a85a9a383408dae0213ff7ee76b77---<

[PONT]>>> com.cs.birt.report.portal.HttpFacade.issueTSUMessageByXML(HttpFacade.java:887)
[MARK]>>> reportEngine = org.eclipse.birt.report.engine.api.impl.ReportEngine@204cd68

[PONT]>>> com.cs.birt.report.portal.HttpFacade.issueTSUMessageByXML(HttpFacade.java:891)
[MARK]>>> Open report design using 'reportRunnable = reportEngine.openReportDesign(designFilePath)'.

[PONT]>>> com.cs.birt.report.portal.HttpFacade.issueTSUMessageByXML(HttpFacade.java:952)
[MARK]>>> reportRunnable = org.eclipse.birt.report.engine.api.impl.ReportRunnable@c313247c

[PONT]>>> com.cs.birt.report.portal.HttpFacade.issueTSUMessageByXML(HttpFacade.java:955)
[MARK]>>> runAndRenderTask = org.eclipse.birt.report.engine.api.impl.RunAndRenderTask@668ada4e

[PONT]>>> com.cs.birt.report.portal.HttpFacade.issueTSUMessageByXML(HttpFacade.java:959)
[MARK]>>> runAndRenderTask = org.eclipse.birt.report.engine.api.impl.RunAndRenderTask@668ada4e

<---GO-OUT-METHOD---< com.cs.birt.report.portal.HttpFacade.issueTSUMessageByXML(HttpFacade.java:967) <---UUID-de24a34fc64c419b885870fec6332325---<

[INFO]>>> Destroy a debuger:com.cs.birt.utility.Debuger@e06a797a

[INFO]>>> Create a debuger: com.cs.birt.utility.Debuger@f8709288

>---COME-IN-METHOD---> com.cs.birt.report.portal.HttpFacade.<init>(HttpFacade.java:120) >---UUID-518ff765c1264c9b807630ac6956a1bb--->

<---GO-OUT-METHOD---< com.cs.birt.report.portal.HttpFacade.<init>(HttpFacade.java:121) <---UUID-518ff765c1264c9b807630ac6956a1bb---<

>---COME-IN-METHOD---> com.cs.birt.report.portal.HttpFacade.doPost(HttpFacade.java:130) >---UUID-83b807999b9b42e2ba21e481580137c5--->

[PONT]>>> com.cs.birt.report.portal.HttpFacade.doPost(HttpFacade.java:131)
[MARK]>>> request = spark.servlet.SparkFilter$1@7c7f883d
[MARK]>>> response = com.ibm.ws.webcontainer.srt.SRTServletResponse@9803df22

>---COME-IN-METHOD---> com.cs.birt.report.portal.HttpFacade.issueTSUMessageByXML(HttpFacade.java:864) >---UUID-bbacc54170c344ef9717b787b9005345--->

[PONT]>>> com.cs.birt.report.portal.HttpFacade.issueTSUMessageByXML(HttpFacade.java:867)
[MARK]>>> context = {}

[PONT]>>> com.cs.birt.report.portal.HttpFacade.issueTSUMessageByXML(HttpFacade.java:884)
[MARK]>>> hTMLRenderOption = org.eclipse.birt.report.engine.api.HTMLRenderOption@2d87fdfd

>---COME-IN-METHOD---> com.cs.birt.report.engine.EngineFactory.getReportEngine(EngineFactory.java:169) >---UUID-93efb9f8800d44df93aa92239124b0eb--->

<---GO-OUT-METHOD---< com.cs.birt.report.engine.EngineFactory.getReportEngine(EngineFactory.java:170) <---UUID-93efb9f8800d44df93aa92239124b0eb---<

[PONT]>>> com.cs.birt.report.portal.HttpFacade.issueTSUMessageByXML(HttpFacade.java:887)
[MARK]>>> reportEngine = org.eclipse.birt.report.engine.api.impl.ReportEngine@204cd68

[PONT]>>> com.cs.birt.report.portal.HttpFacade.issueTSUMessageByXML(HttpFacade.java:891)
[MARK]>>> Open report design using 'reportRunnable = reportEngine.openReportDesign(designFilePath)'.

[PONT]>>> com.cs.birt.report.portal.HttpFacade.issueTSUMessageByXML(HttpFacade.java:952)
[MARK]>>> reportRunnable = org.eclipse.birt.report.engine.api.impl.ReportRunnable@ff5c90fe

[PONT]>>> com.cs.birt.report.portal.HttpFacade.issueTSUMessageByXML(HttpFacade.java:955)
[MARK]>>> runAndRenderTask = org.eclipse.birt.report.engine.api.impl.RunAndRenderTask@c4ac9181

[PONT]>>> com.cs.birt.report.portal.HttpFacade.issueTSUMessageByXML(HttpFacade.java:959)
[MARK]>>> runAndRenderTask = org.eclipse.birt.report.engine.api.impl.RunAndRenderTask@c4ac9181

<---GO-OUT-METHOD---< com.cs.birt.report.portal.HttpFacade.issueTSUMessageByXML(HttpFacade.java:967) <---UUID-bbacc54170c344ef9717b787b9005345---<

[INFO]>>> Destroy a debuger:com.cs.birt.utility.Debuger@f8709288

[INFO]>>> Create a debuger: com.cs.birt.utility.Debuger@eab5ea8b

>---COME-IN-METHOD---> com.cs.birt.report.portal.HttpFacade.<init>(HttpFacade.java:120) >---UUID-d5dd124b3bad4e9c8d5ef501b22d2d7a--->

<---GO-OUT-METHOD---< com.cs.birt.report.portal.HttpFacade.<init>(HttpFacade.java:121) <---UUID-d5dd124b3bad4e9c8d5ef501b22d2d7a---<

>---COME-IN-METHOD---> com.cs.birt.report.portal.HttpFacade.doPost(HttpFacade.java:130) >---UUID-8c3a423bab5b451cb22635da9d98fd9a--->

[PONT]>>> com.cs.birt.report.portal.HttpFacade.doPost(HttpFacade.java:131)
[MARK]>>> request = spark.servlet.SparkFilter$1@b2d24027
[MARK]>>> response = com.ibm.ws.webcontainer.srt.SRTServletResponse@7c51ef98

>---COME-IN-METHOD---> com.cs.birt.report.portal.HttpFacade.issueTSUMessageByXML(HttpFacade.java:864) >---UUID-e041317315fe48af971b68ac3d94a062--->

[PONT]>>> com.cs.birt.report.portal.HttpFacade.issueTSUMessageByXML(HttpFacade.java:867)
[MARK]>>> context = {}

[PONT]>>> com.cs.birt.report.portal.HttpFacade.issueTSUMessageByXML(HttpFacade.java:884)
[MARK]>>> hTMLRenderOption = org.eclipse.birt.report.engine.api.HTMLRenderOption@ede40a22

>---COME-IN-METHOD---> com.cs.birt.report.engine.EngineFactory.getReportEngine(EngineFactory.java:169) >---UUID-3f965eaff2a04347934a3430eaf5ea5d--->

<---GO-OUT-METHOD---< com.cs.birt.report.engine.EngineFactory.getReportEngine(EngineFactory.java:170) <---UUID-3f965eaff2a04347934a3430eaf5ea5d---<

[PONT]>>> com.cs.birt.report.portal.HttpFacade.issueTSUMessageByXML(HttpFacade.java:887)
[MARK]>>> reportEngine = org.eclipse.birt.report.engine.api.impl.ReportEngine@204cd68

[PONT]>>> com.cs.birt.report.portal.HttpFacade.issueTSUMessageByXML(HttpFacade.java:891)
[MARK]>>> Open report design using 'reportRunnable = reportEngine.openReportDesign(designFilePath)'.

[PONT]>>> com.cs.birt.report.portal.HttpFacade.issueTSUMessageByXML(HttpFacade.java:952)
[MARK]>>> reportRunnable = org.eclipse.birt.report.engine.api.impl.ReportRunnable@8a443b77

[PONT]>>> com.cs.birt.report.portal.HttpFacade.issueTSUMessageByXML(HttpFacade.java:955)
[MARK]>>> runAndRenderTask = org.eclipse.birt.report.engine.api.impl.RunAndRenderTask@dd474099

[PONT]>>> com.cs.birt.report.portal.HttpFacade.issueTSUMessageByXML(HttpFacade.java:959)
[MARK]>>> runAndRenderTask = org.eclipse.birt.report.engine.api.impl.RunAndRenderTask@dd474099

<---GO-OUT-METHOD---< com.cs.birt.report.portal.HttpFacade.issueTSUMessageByXML(HttpFacade.java:967) <---UUID-e041317315fe48af971b68ac3d94a062---<

[INFO]>>> Destroy a debuger:com.cs.birt.utility.Debuger@eab5ea8b

[INFO]>>> Create a debuger: com.cs.birt.utility.Debuger@7f0a5bab

>---COME-IN-METHOD---> com.cs.birt.report.portal.HttpFacade.<init>(HttpFacade.java:120) >---UUID-25f95c153e1d4a388b161b21830493de--->

<---GO-OUT-METHOD---< com.cs.birt.report.portal.HttpFacade.<init>(HttpFacade.java:121) <---UUID-25f95c153e1d4a388b161b21830493de---<

>---COME-IN-METHOD---> com.cs.birt.report.portal.HttpFacade.doPost(HttpFacade.java:130) >---UUID-bd47b3acfcc1433091871a892944b783--->

[PONT]>>> com.cs.birt.report.portal.HttpFacade.doPost(HttpFacade.java:131)
[MARK]>>> request = spark.servlet.SparkFilter$1@c91a68a8
[MARK]>>> response = com.ibm.ws.webcontainer.srt.SRTServletResponse@ea9b58a1

>---COME-IN-METHOD---> com.cs.birt.report.portal.HttpFacade.issueTSUMessageByXML(HttpFacade.java:864) >---UUID-d2ceb44018d94a86bd996452b7b56d15--->

[PONT]>>> com.cs.birt.report.portal.HttpFacade.issueTSUMessageByXML(HttpFacade.java:867)
[MARK]>>> context = {}

[PONT]>>> com.cs.birt.report.portal.HttpFacade.issueTSUMessageByXML(HttpFacade.java:884)
[MARK]>>> hTMLRenderOption = org.eclipse.birt.report.engine.api.HTMLRenderOption@54447d06

>---COME-IN-METHOD---> com.cs.birt.report.engine.EngineFactory.getReportEngine(EngineFactory.java:169) >---UUID-a9ef6162a6464a3eb4032389d0996a7c--->

<---GO-OUT-METHOD---< com.cs.birt.report.engine.EngineFactory.getReportEngine(EngineFactory.java:170) <---UUID-a9ef6162a6464a3eb4032389d0996a7c---<

[PONT]>>> com.cs.birt.report.portal.HttpFacade.issueTSUMessageByXML(HttpFacade.java:887)
[MARK]>>> reportEngine = org.eclipse.birt.report.engine.api.impl.ReportEngine@204cd68

[PONT]>>> com.cs.birt.report.portal.HttpFacade.issueTSUMessageByXML(HttpFacade.java:891)
[MARK]>>> Open report design using 'reportRunnable = reportEngine.openReportDesign(designFilePath)'.

[PONT]>>> com.cs.birt.report.portal.HttpFacade.issueTSUMessageByXML(HttpFacade.java:952)
[MARK]>>> reportRunnable = org.eclipse.birt.report.engine.api.impl.ReportRunnable@1873456d

[PONT]>>> com.cs.birt.report.portal.HttpFacade.issueTSUMessageByXML(HttpFacade.java:955)
[MARK]>>> runAndRenderTask = org.eclipse.birt.report.engine.api.impl.RunAndRenderTask@f5aeabbd

[PONT]>>> com.cs.birt.report.portal.HttpFacade.issueTSUMessageByXML(HttpFacade.java:959)
[MARK]>>> runAndRenderTask = org.eclipse.birt.report.engine.api.impl.RunAndRenderTask@f5aeabbd

<---GO-OUT-METHOD---< com.cs.birt.report.portal.HttpFacade.issueTSUMessageByXML(HttpFacade.java:967) <---UUID-d2ceb44018d94a86bd996452b7b56d15---<

[INFO]>>> Destroy a debuger:com.cs.birt.utility.Debuger@7f0a5bab

[INFO]>>> Create a debuger: com.cs.birt.utility.Debuger@14f4477e

>---COME-IN-METHOD---> com.cs.birt.report.portal.HttpFacade.<init>(HttpFacade.java:120) >---UUID-8102fddafc2246938dec37fb3652708d--->

<---GO-OUT-METHOD---< com.cs.birt.report.portal.HttpFacade.<init>(HttpFacade.java:121) <---UUID-8102fddafc2246938dec37fb3652708d---<

>---COME-IN-METHOD---> com.cs.birt.report.portal.HttpFacade.doPost(HttpFacade.java:130) >---UUID-5c8329453c4042ef8c415bd50c9cbdd1--->

[PONT]>>> com.cs.birt.report.portal.HttpFacade.doPost(HttpFacade.java:131)
[MARK]>>> request = spark.servlet.SparkFilter$1@df72fbfb
[MARK]>>> response = com.ibm.ws.webcontainer.srt.SRTServletResponse@4ef5d8e5

>---COME-IN-METHOD---> com.cs.birt.report.portal.HttpFacade.issueTSUMessageByXML(HttpFacade.java:864) >---UUID-dbe8294d7eab4307a2eb5a15a1c4d435--->

[PONT]>>> com.cs.birt.report.portal.HttpFacade.issueTSUMessageByXML(HttpFacade.java:867)
[MARK]>>> context = {}

[PONT]>>> com.cs.birt.report.portal.HttpFacade.issueTSUMessageByXML(HttpFacade.java:884)
[MARK]>>> hTMLRenderOption = org.eclipse.birt.report.engine.api.HTMLRenderOption@59e9ffb1

>---COME-IN-METHOD---> com.cs.birt.report.engine.EngineFactory.getReportEngine(EngineFactory.java:169) >---UUID-6356bbc4b529436b8a4cf3f13b677f6b--->

<---GO-OUT-METHOD---< com.cs.birt.report.engine.EngineFactory.getReportEngine(EngineFactory.java:170) <---UUID-6356bbc4b529436b8a4cf3f13b677f6b---<

[PONT]>>> com.cs.birt.report.portal.HttpFacade.issueTSUMessageByXML(HttpFacade.java:887)
[MARK]>>> reportEngine = org.eclipse.birt.report.engine.api.impl.ReportEngine@204cd68

[PONT]>>> com.cs.birt.report.portal.HttpFacade.issueTSUMessageByXML(HttpFacade.java:891)
[MARK]>>> Open report design using 'reportRunnable = reportEngine.openReportDesign(designFilePath)'.

[PONT]>>> com.cs.birt.report.portal.HttpFacade.issueTSUMessageByXML(HttpFacade.java:952)
[MARK]>>> reportRunnable = org.eclipse.birt.report.engine.api.impl.ReportRunnable@af52013d

[PONT]>>> com.cs.birt.report.portal.HttpFacade.issueTSUMessageByXML(HttpFacade.java:955)
[MARK]>>> runAndRenderTask = org.eclipse.birt.report.engine.api.impl.RunAndRenderTask@28b62e94

[PONT]>>> com.cs.birt.report.portal.HttpFacade.issueTSUMessageByXML(HttpFacade.java:959)
[MARK]>>> runAndRenderTask = org.eclipse.birt.report.engine.api.impl.RunAndRenderTask@28b62e94

<---GO-OUT-METHOD---< com.cs.birt.report.portal.HttpFacade.issueTSUMessageByXML(HttpFacade.java:967) <---UUID-dbe8294d7eab4307a2eb5a15a1c4d435---<

[INFO]>>> Destroy a debuger:com.cs.birt.utility.Debuger@14f4477e

[INFO]>>> Create a debuger: com.cs.birt.utility.Debuger@908ab758

>---COME-IN-METHOD---> com.cs.birt.report.portal.HttpFacade.<init>(HttpFacade.java:120) >---UUID-d5f73c6da72e4acda352a6755db73f1a--->

<---GO-OUT-METHOD---< com.cs.birt.report.portal.HttpFacade.<init>(HttpFacade.java:121) <---UUID-d5f73c6da72e4acda352a6755db73f1a---<

>---COME-IN-METHOD---> com.cs.birt.report.portal.HttpFacade.doPost(HttpFacade.java:130) >---UUID-8f128e68c0c64e17924c288b4043f419--->

[PONT]>>> com.cs.birt.report.portal.HttpFacade.doPost(HttpFacade.java:131)
[MARK]>>> request = spark.servlet.SparkFilter$1@219f28c3
[MARK]>>> response = com.ibm.ws.webcontainer.srt.SRTServletResponse@4284cad8

>---COME-IN-METHOD---> com.cs.birt.report.portal.HttpFacade.issueTSUMessageByXML(HttpFacade.java:864) >---UUID-308e5972b66d4d67b1529a9e513a58a2--->

[PONT]>>> com.cs.birt.report.portal.HttpFacade.issueTSUMessageByXML(HttpFacade.java:867)
[MARK]>>> context = {}

[PONT]>>> com.cs.birt.report.portal.HttpFacade.issueTSUMessageByXML(HttpFacade.java:884)
[MARK]>>> hTMLRenderOption = org.eclipse.birt.report.engine.api.HTMLRenderOption@8b05cd43

>---COME-IN-METHOD---> com.cs.birt.report.engine.EngineFactory.getReportEngine(EngineFactory.java:169) >---UUID-0a6d06c46e244b2591be8364ab34d51c--->

<---GO-OUT-METHOD---< com.cs.birt.report.engine.EngineFactory.getReportEngine(EngineFactory.java:170) <---UUID-0a6d06c46e244b2591be8364ab34d51c---<

[PONT]>>> com.cs.birt.report.portal.HttpFacade.issueTSUMessageByXML(HttpFacade.java:887)
[MARK]>>> reportEngine = org.eclipse.birt.report.engine.api.impl.ReportEngine@204cd68

[PONT]>>> com.cs.birt.report.portal.HttpFacade.issueTSUMessageByXML(HttpFacade.java:891)
[MARK]>>> Open report design using 'reportRunnable = reportEngine.openReportDesign(designFilePath)'.

[PONT]>>> com.cs.birt.report.portal.HttpFacade.issueTSUMessageByXML(HttpFacade.java:952)
[MARK]>>> reportRunnable = org.eclipse.birt.report.engine.api.impl.ReportRunnable@9427cd0

[PONT]>>> com.cs.birt.report.portal.HttpFacade.issueTSUMessageByXML(HttpFacade.java:955)
[MARK]>>> runAndRenderTask = org.eclipse.birt.report.engine.api.impl.RunAndRenderTask@f4193d0f

[PONT]>>> com.cs.birt.report.portal.HttpFacade.issueTSUMessageByXML(HttpFacade.java:959)
[MARK]>>> runAndRenderTask = org.eclipse.birt.report.engine.api.impl.RunAndRenderTask@f4193d0f

<---GO-OUT-METHOD---< com.cs.birt.report.portal.HttpFacade.issueTSUMessageByXML(HttpFacade.java:967) <---UUID-308e5972b66d4d67b1529a9e513a58a2---<

[INFO]>>> Destroy a debuger:com.cs.birt.utility.Debuger@908ab758

[INFO]>>> Create a debuger: com.cs.birt.utility.Debuger@1c21a8ca

>---COME-IN-METHOD---> com.cs.birt.report.portal.HttpFacade.<init>(HttpFacade.java:120) >---UUID-89f6c72153a14da8a672113b75bf814c--->

<---GO-OUT-METHOD---< com.cs.birt.report.portal.HttpFacade.<init>(HttpFacade.java:121) <---UUID-89f6c72153a14da8a672113b75bf814c---<

>---COME-IN-METHOD---> com.cs.birt.report.portal.HttpFacade.doPost(HttpFacade.java:130) >---UUID-02a54bdd7c5f49d89b60ca77be8b468f--->

[PONT]>>> com.cs.birt.report.portal.HttpFacade.doPost(HttpFacade.java:131)
[MARK]>>> request = spark.servlet.SparkFilter$1@188e9486
[MARK]>>> response = com.ibm.ws.webcontainer.srt.SRTServletResponse@7da23317

>---COME-IN-METHOD---> com.cs.birt.report.portal.HttpFacade.issueTSUMessageByXML(HttpFacade.java:864) >---UUID-4fd0629ab82847808e467abfd0acc7a3--->

[PONT]>>> com.cs.birt.report.portal.HttpFacade.issueTSUMessageByXML(HttpFacade.java:867)
[MARK]>>> context = {}

[PONT]>>> com.cs.birt.report.portal.HttpFacade.issueTSUMessageByXML(HttpFacade.java:884)
[MARK]>>> hTMLRenderOption = org.eclipse.birt.report.engine.api.HTMLRenderOption@4c388580

>---COME-IN-METHOD---> com.cs.birt.report.engine.EngineFactory.getReportEngine(EngineFactory.java:169) >---UUID-745020759a43494796ce59beb6f03b32--->

<---GO-OUT-METHOD---< com.cs.birt.report.engine.EngineFactory.getReportEngine(EngineFactory.java:170) <---UUID-745020759a43494796ce59beb6f03b32---<

[PONT]>>> com.cs.birt.report.portal.HttpFacade.issueTSUMessageByXML(HttpFacade.java:887)
[MARK]>>> reportEngine = org.eclipse.birt.report.engine.api.impl.ReportEngine@204cd68

[PONT]>>> com.cs.birt.report.portal.HttpFacade.issueTSUMessageByXML(HttpFacade.java:891)
[MARK]>>> Open report design using 'reportRunnable = reportEngine.openReportDesign(designFilePath)'.

[PONT]>>> com.cs.birt.report.portal.HttpFacade.issueTSUMessageByXML(HttpFacade.java:952)
[MARK]>>> reportRunnable = org.eclipse.birt.report.engine.api.impl.ReportRunnable@c943aaea

[PONT]>>> com.cs.birt.report.portal.HttpFacade.issueTSUMessageByXML(HttpFacade.java:955)
[MARK]>>> runAndRenderTask = org.eclipse.birt.report.engine.api.impl.RunAndRenderTask@b90476a9

[PONT]>>> com.cs.birt.report.portal.HttpFacade.issueTSUMessageByXML(HttpFacade.java:959)
[MARK]>>> runAndRenderTask = org.eclipse.birt.report.engine.api.impl.RunAndRenderTask@b90476a9

<---GO-OUT-METHOD---< com.cs.birt.report.portal.HttpFacade.issueTSUMessageByXML(HttpFacade.java:967) <---UUID-4fd0629ab82847808e467abfd0acc7a3---<

[INFO]>>> Destroy a debuger:com.cs.birt.utility.Debuger@1c21a8ca

[INFO]>>> Create a debuger: com.cs.birt.utility.Debuger@c4bd0c8e

>---COME-IN-METHOD---> com.cs.birt.report.portal.HttpFacade.<init>(HttpFacade.java:120) >---UUID-4a0661276bb3439994fcdd7711a02c41--->

<---GO-OUT-METHOD---< com.cs.birt.report.portal.HttpFacade.<init>(HttpFacade.java:121) <---UUID-4a0661276bb3439994fcdd7711a02c41---<

>---COME-IN-METHOD---> com.cs.birt.report.portal.HttpFacade.doPost(HttpFacade.java:130) >---UUID-11c83e8ba1b74c59991384dc297ce2fa--->

[PONT]>>> com.cs.birt.report.portal.HttpFacade.doPost(HttpFacade.java:131)
[MARK]>>> request = spark.servlet.SparkFilter$1@4dcb2435
[MARK]>>> response = com.ibm.ws.webcontainer.srt.SRTServletResponse@4ef5d8e5

>---COME-IN-METHOD---> com.cs.birt.report.portal.HttpFacade.issueTSUMessageByXML(HttpFacade.java:864) >---UUID-f1aa947f7bd0412b9ee8928cf98e9b3e--->

[PONT]>>> com.cs.birt.report.portal.HttpFacade.issueTSUMessageByXML(HttpFacade.java:867)
[MARK]>>> context = {}

[PONT]>>> com.cs.birt.report.portal.HttpFacade.issueTSUMessageByXML(HttpFacade.java:884)
[MARK]>>> hTMLRenderOption = org.eclipse.birt.report.engine.api.HTMLRenderOption@9c5969eb

>---COME-IN-METHOD---> com.cs.birt.report.engine.EngineFactory.getReportEngine(EngineFactory.java:169) >---UUID-e6e7e931fc6d49f597f1a465c3dc9536--->

<---GO-OUT-METHOD---< com.cs.birt.report.engine.EngineFactory.getReportEngine(EngineFactory.java:170) <---UUID-e6e7e931fc6d49f597f1a465c3dc9536---<

[PONT]>>> com.cs.birt.report.portal.HttpFacade.issueTSUMessageByXML(HttpFacade.java:887)
[MARK]>>> reportEngine = org.eclipse.birt.report.engine.api.impl.ReportEngine@204cd68

[PONT]>>> com.cs.birt.report.portal.HttpFacade.issueTSUMessageByXML(HttpFacade.java:891)
[MARK]>>> Open report design using 'reportRunnable = reportEngine.openReportDesign(designFilePath)'.

[PONT]>>> com.cs.birt.report.portal.HttpFacade.issueTSUMessageByXML(HttpFacade.java:952)
[MARK]>>> reportRunnable = org.eclipse.birt.report.engine.api.impl.ReportRunnable@c5fdb6cd

[PONT]>>> com.cs.birt.report.portal.HttpFacade.issueTSUMessageByXML(HttpFacade.java:955)
[MARK]>>> runAndRenderTask = org.eclipse.birt.report.engine.api.impl.RunAndRenderTask@1f659522

[PONT]>>> com.cs.birt.report.portal.HttpFacade.issueTSUMessageByXML(HttpFacade.java:959)
[MARK]>>> runAndRenderTask = org.eclipse.birt.report.engine.api.impl.RunAndRenderTask@1f659522

<---GO-OUT-METHOD---< com.cs.birt.report.portal.HttpFacade.issueTSUMessageByXML(HttpFacade.java:967) <---UUID-f1aa947f7bd0412b9ee8928cf98e9b3e---<

[INFO]>>> Destroy a debuger:com.cs.birt.utility.Debuger@c4bd0c8e

[INFO]>>> Create a debuger: com.cs.birt.utility.Debuger@d2b4232

>---COME-IN-METHOD---> com.cs.birt.report.portal.HttpFacade.<init>(HttpFacade.java:120) >---UUID-590ff6ea1be2467ba856c5d7aba7350c--->

<---GO-OUT-METHOD---< com.cs.birt.report.portal.HttpFacade.<init>(HttpFacade.java:121) <---UUID-590ff6ea1be2467ba856c5d7aba7350c---<

>---COME-IN-METHOD---> com.cs.birt.report.portal.HttpFacade.doPost(HttpFacade.java:130) >---UUID-a730c02487aa462794bd0620256fb3fa--->

[PONT]>>> com.cs.birt.report.portal.HttpFacade.doPost(HttpFacade.java:131)
[MARK]>>> request = spark.servlet.SparkFilter$1@af258688
[MARK]>>> response = com.ibm.ws.webcontainer.srt.SRTServletResponse@7c51ef98

>---COME-IN-METHOD---> com.cs.birt.report.portal.HttpFacade.issueTSUMessageByXML(HttpFacade.java:864) >---UUID-909e2111774b47f78db2b36a4c445343--->

[PONT]>>> com.cs.birt.report.portal.HttpFacade.issueTSUMessageByXML(HttpFacade.java:867)
[MARK]>>> context = {}

[PONT]>>> com.cs.birt.report.portal.HttpFacade.issueTSUMessageByXML(HttpFacade.java:884)
[MARK]>>> hTMLRenderOption = org.eclipse.birt.report.engine.api.HTMLRenderOption@d2a159fc

>---COME-IN-METHOD---> com.cs.birt.report.engine.EngineFactory.getReportEngine(EngineFactory.java:169) >---UUID-6fde882a73ea487387661ce8e999d0c1--->

<---GO-OUT-METHOD---< com.cs.birt.report.engine.EngineFactory.getReportEngine(EngineFactory.java:170) <---UUID-6fde882a73ea487387661ce8e999d0c1---<

[PONT]>>> com.cs.birt.report.portal.HttpFacade.issueTSUMessageByXML(HttpFacade.java:887)
[MARK]>>> reportEngine = org.eclipse.birt.report.engine.api.impl.ReportEngine@204cd68

[PONT]>>> com.cs.birt.report.portal.HttpFacade.issueTSUMessageByXML(HttpFacade.java:891)
[MARK]>>> Open report design using 'reportRunnable = reportEngine.openReportDesign(designFilePath)'.

[PONT]>>> com.cs.birt.report.portal.HttpFacade.issueTSUMessageByXML(HttpFacade.java:952)
[MARK]>>> reportRunnable = org.eclipse.birt.report.engine.api.impl.ReportRunnable@354904f1

[PONT]>>> com.cs.birt.report.portal.HttpFacade.issueTSUMessageByXML(HttpFacade.java:955)
[MARK]>>> runAndRenderTask = org.eclipse.birt.report.engine.api.impl.RunAndRenderTask@f8bbafa5

[PONT]>>> com.cs.birt.report.portal.HttpFacade.issueTSUMessageByXML(HttpFacade.java:959)
[MARK]>>> runAndRenderTask = org.eclipse.birt.report.engine.api.impl.RunAndRenderTask@f8bbafa5

<---GO-OUT-METHOD---< com.cs.birt.report.portal.HttpFacade.issueTSUMessageByXML(HttpFacade.java:967) <---UUID-909e2111774b47f78db2b36a4c445343---<

[INFO]>>> Destroy a debuger:com.cs.birt.utility.Debuger@d2b4232

[INFO]>>> Create a debuger: com.cs.birt.utility.Debuger@84e599fd

>---COME-IN-METHOD---> com.cs.birt.report.portal.HttpFacade.<init>(HttpFacade.java:120) >---UUID-82765eef97cd4207ab1dba176b49bf11--->

<---GO-OUT-METHOD---< com.cs.birt.report.portal.HttpFacade.<init>(HttpFacade.java:121) <---UUID-82765eef97cd4207ab1dba176b49bf11---<

>---COME-IN-METHOD---> com.cs.birt.report.portal.HttpFacade.doPost(HttpFacade.java:130) >---UUID-77b3e4ab151f4d8eb3ca80fe551c60ab--->

[PONT]>>> com.cs.birt.report.portal.HttpFacade.doPost(HttpFacade.java:131)
[MARK]>>> request = spark.servlet.SparkFilter$1@220d8ca7
[MARK]>>> response = com.ibm.ws.webcontainer.srt.SRTServletResponse@ea9b58a1

>---COME-IN-METHOD---> com.cs.birt.report.portal.HttpFacade.issueTSUMessageByXML(HttpFacade.java:864) >---UUID-1c622b624ab74828906099eb3fb02bba--->

[PONT]>>> com.cs.birt.report.portal.HttpFacade.issueTSUMessageByXML(HttpFacade.java:867)
[MARK]>>> context = {}

[PONT]>>> com.cs.birt.report.portal.HttpFacade.issueTSUMessageByXML(HttpFacade.java:884)
[MARK]>>> hTMLRenderOption = org.eclipse.birt.report.engine.api.HTMLRenderOption@ffbf5f72

>---COME-IN-METHOD---> com.cs.birt.report.engine.EngineFactory.getReportEngine(EngineFactory.java:169) >---UUID-d6825ae519894de4907335ff01e26864--->

<---GO-OUT-METHOD---< com.cs.birt.report.engine.EngineFactory.getReportEngine(EngineFactory.java:170) <---UUID-d6825ae519894de4907335ff01e26864---<

[PONT]>>> com.cs.birt.report.portal.HttpFacade.issueTSUMessageByXML(HttpFacade.java:887)
[MARK]>>> reportEngine = org.eclipse.birt.report.engine.api.impl.ReportEngine@204cd68

[PONT]>>> com.cs.birt.report.portal.HttpFacade.issueTSUMessageByXML(HttpFacade.java:891)
[MARK]>>> Open report design using 'reportRunnable = reportEngine.openReportDesign(designFilePath)'.

[PONT]>>> com.cs.birt.report.portal.HttpFacade.issueTSUMessageByXML(HttpFacade.java:952)
[MARK]>>> reportRunnable = org.eclipse.birt.report.engine.api.impl.ReportRunnable@51a3aad1

[PONT]>>> com.cs.birt.report.portal.HttpFacade.issueTSUMessageByXML(HttpFacade.java:955)
[MARK]>>> runAndRenderTask = org.eclipse.birt.report.engine.api.impl.RunAndRenderTask@67b252de

[PONT]>>> com.cs.birt.report.portal.HttpFacade.issueTSUMessageByXML(HttpFacade.java:959)
[MARK]>>> runAndRenderTask = org.eclipse.birt.report.engine.api.impl.RunAndRenderTask@67b252de

<---GO-OUT-METHOD---< com.cs.birt.report.portal.HttpFacade.issueTSUMessageByXML(HttpFacade.java:967) <---UUID-1c622b624ab74828906099eb3fb02bba---<

[INFO]>>> Destroy a debuger:com.cs.birt.utility.Debuger@84e599fd

[INFO]>>> Create a debuger: com.cs.birt.utility.Debuger@8f2934d8

>---COME-IN-METHOD---> com.cs.birt.report.portal.HttpFacade.<init>(HttpFacade.java:120) >---UUID-7babe635f0f74776adaeb4c614a876e1--->

<---GO-OUT-METHOD---< com.cs.birt.report.portal.HttpFacade.<init>(HttpFacade.java:121) <---UUID-7babe635f0f74776adaeb4c614a876e1---<

>---COME-IN-METHOD---> com.cs.birt.report.portal.HttpFacade.doPost(HttpFacade.java:130) >---UUID-0731711fbc134d77bc7ddbddf2bb3d9b--->

[PONT]>>> com.cs.birt.report.portal.HttpFacade.doPost(HttpFacade.java:131)
[MARK]>>> request = spark.servlet.SparkFilter$1@1dc332f
[MARK]>>> response = com.ibm.ws.webcontainer.srt.SRTServletResponse@9803df22

>---COME-IN-METHOD---> com.cs.birt.report.portal.HttpFacade.issueTSUMessageByXML(HttpFacade.java:864) >---UUID-981c6a8442b5449a81e5e10c5cb49cca--->

[PONT]>>> com.cs.birt.report.portal.HttpFacade.issueTSUMessageByXML(HttpFacade.java:867)
[MARK]>>> context = {}

[PONT]>>> com.cs.birt.report.portal.HttpFacade.issueTSUMessageByXML(HttpFacade.java:884)
[MARK]>>> hTMLRenderOption = org.eclipse.birt.report.engine.api.HTMLRenderOption@f4fdfba3

>---COME-IN-METHOD---> com.cs.birt.report.engine.EngineFactory.getReportEngine(EngineFactory.java:169) >---UUID-645dd46198e34ab995385cef941e616b--->

<---GO-OUT-METHOD---< com.cs.birt.report.engine.EngineFactory.getReportEngine(EngineFactory.java:170) <---UUID-645dd46198e34ab995385cef941e616b---<

[PONT]>>> com.cs.birt.report.portal.HttpFacade.issueTSUMessageByXML(HttpFacade.java:887)
[MARK]>>> reportEngine = org.eclipse.birt.report.engine.api.impl.ReportEngine@204cd68

[PONT]>>> com.cs.birt.report.portal.HttpFacade.issueTSUMessageByXML(HttpFacade.java:891)
[MARK]>>> Open report design using 'reportRunnable = reportEngine.openReportDesign(designFilePath)'.

[PONT]>>> com.cs.birt.report.portal.HttpFacade.issueTSUMessageByXML(HttpFacade.java:952)
[MARK]>>> reportRunnable = org.eclipse.birt.report.engine.api.impl.ReportRunnable@52f71999

[PONT]>>> com.cs.birt.report.portal.HttpFacade.issueTSUMessageByXML(HttpFacade.java:955)
[MARK]>>> runAndRenderTask = org.eclipse.birt.report.engine.api.impl.RunAndRenderTask@223db95b

[PONT]>>> com.cs.birt.report.portal.HttpFacade.issueTSUMessageByXML(HttpFacade.java:959)
[MARK]>>> runAndRenderTask = org.eclipse.birt.report.engine.api.impl.RunAndRenderTask@223db95b

<---GO-OUT-METHOD---< com.cs.birt.report.portal.HttpFacade.issueTSUMessageByXML(HttpFacade.java:967) <---UUID-981c6a8442b5449a81e5e10c5cb49cca---<

[INFO]>>> Destroy a debuger:com.cs.birt.utility.Debuger@8f2934d8

[INFO]>>> Create a debuger: com.cs.birt.utility.Debuger@f95dde1

>---COME-IN-METHOD---> com.cs.birt.report.portal.HttpFacade.<init>(HttpFacade.java:120) >---UUID-6a7467e2d4b141adb2d9668c673815ab--->

<---GO-OUT-METHOD---< com.cs.birt.report.portal.HttpFacade.<init>(HttpFacade.java:121) <---UUID-6a7467e2d4b141adb2d9668c673815ab---<

>---COME-IN-METHOD---> com.cs.birt.report.portal.HttpFacade.doPost(HttpFacade.java:130) >---UUID-dc7bad773be7485c8872e3654ac7e6cd--->

[PONT]>>> com.cs.birt.report.portal.HttpFacade.doPost(HttpFacade.java:131)
[MARK]>>> request = spark.servlet.SparkFilter$1@d1c943c1
[MARK]>>> response = com.ibm.ws.webcontainer.srt.SRTServletResponse@f65851cd

>---COME-IN-METHOD---> com.cs.birt.report.portal.HttpFacade.issueTSUMessageByXML(HttpFacade.java:864) >---UUID-eb44f501236b47df82d5da56e2b80cdf--->

[PONT]>>> com.cs.birt.report.portal.HttpFacade.issueTSUMessageByXML(HttpFacade.java:867)
[MARK]>>> context = {}

[PONT]>>> com.cs.birt.report.portal.HttpFacade.issueTSUMessageByXML(HttpFacade.java:884)
[MARK]>>> hTMLRenderOption = org.eclipse.birt.report.engine.api.HTMLRenderOption@3756c751

>---COME-IN-METHOD---> com.cs.birt.report.engine.EngineFactory.getReportEngine(EngineFactory.java:169) >---UUID-59811e010de040769f94b0ad2fea5b85--->

<---GO-OUT-METHOD---< com.cs.birt.report.engine.EngineFactory.getReportEngine(EngineFactory.java:170) <---UUID-59811e010de040769f94b0ad2fea5b85---<

[PONT]>>> com.cs.birt.report.portal.HttpFacade.issueTSUMessageByXML(HttpFacade.java:887)
[MARK]>>> reportEngine = org.eclipse.birt.report.engine.api.impl.ReportEngine@204cd68

[PONT]>>> com.cs.birt.report.portal.HttpFacade.issueTSUMessageByXML(HttpFacade.java:891)
[MARK]>>> Open report design using 'reportRunnable = reportEngine.openReportDesign(designFilePath)'.

[PONT]>>> com.cs.birt.report.portal.HttpFacade.issueTSUMessageByXML(HttpFacade.java:952)
[MARK]>>> reportRunnable = org.eclipse.birt.report.engine.api.impl.ReportRunnable@56ca442b

[PONT]>>> com.cs.birt.report.portal.HttpFacade.issueTSUMessageByXML(HttpFacade.java:955)
[MARK]>>> runAndRenderTask = org.eclipse.birt.report.engine.api.impl.RunAndRenderTask@3634cc6c

[PONT]>>> com.cs.birt.report.portal.HttpFacade.issueTSUMessageByXML(HttpFacade.java:959)
[MARK]>>> runAndRenderTask = org.eclipse.birt.report.engine.api.impl.RunAndRenderTask@3634cc6c

<---GO-OUT-METHOD---< com.cs.birt.report.portal.HttpFacade.issueTSUMessageByXML(HttpFacade.java:967) <---UUID-eb44f501236b47df82d5da56e2b80cdf---<

[INFO]>>> Destroy a debuger:com.cs.birt.utility.Debuger@f95dde1

[INFO]>>> Create a debuger: com.cs.birt.utility.Debuger@2db31aa2

>---COME-IN-METHOD---> com.cs.birt.report.portal.HttpFacade.<init>(HttpFacade.java:120) >---UUID-ed3c5040122349a79f818094af5c2c23--->

<---GO-OUT-METHOD---< com.cs.birt.report.portal.HttpFacade.<init>(HttpFacade.java:121) <---UUID-ed3c5040122349a79f818094af5c2c23---<

>---COME-IN-METHOD---> com.cs.birt.report.portal.HttpFacade.doPost(HttpFacade.java:130) >---UUID-dec53f3a96eb4bb3a5419c47c6433c62--->

[PONT]>>> com.cs.birt.report.portal.HttpFacade.doPost(HttpFacade.java:131)
[MARK]>>> request = spark.servlet.SparkFilter$1@68a026b
[MARK]>>> response = com.ibm.ws.webcontainer.srt.SRTServletResponse@3a1fbf94

>---COME-IN-METHOD---> com.cs.birt.report.portal.HttpFacade.issueTSUMessageByXML(HttpFacade.java:864) >---UUID-ee388064aed6449ea2d90b2681b35eec--->

[PONT]>>> com.cs.birt.report.portal.HttpFacade.issueTSUMessageByXML(HttpFacade.java:867)
[MARK]>>> context = {}

[PONT]>>> com.cs.birt.report.portal.HttpFacade.issueTSUMessageByXML(HttpFacade.java:884)
[MARK]>>> hTMLRenderOption = org.eclipse.birt.report.engine.api.HTMLRenderOption@9b1f983a

>---COME-IN-METHOD---> com.cs.birt.report.engine.EngineFactory.getReportEngine(EngineFactory.java:169) >---UUID-2f885257a61c4c269576d08a641649af--->

<---GO-OUT-METHOD---< com.cs.birt.report.engine.EngineFactory.getReportEngine(EngineFactory.java:170) <---UUID-2f885257a61c4c269576d08a641649af---<

[PONT]>>> com.cs.birt.report.portal.HttpFacade.issueTSUMessageByXML(HttpFacade.java:887)
[MARK]>>> reportEngine = org.eclipse.birt.report.engine.api.impl.ReportEngine@204cd68

[PONT]>>> com.cs.birt.report.portal.HttpFacade.issueTSUMessageByXML(HttpFacade.java:891)
[MARK]>>> Open report design using 'reportRunnable = reportEngine.openReportDesign(designFilePath)'.

[PONT]>>> com.cs.birt.report.portal.HttpFacade.issueTSUMessageByXML(HttpFacade.java:952)
[MARK]>>> reportRunnable = org.eclipse.birt.report.engine.api.impl.ReportRunnable@29de39a0

[PONT]>>> com.cs.birt.report.portal.HttpFacade.issueTSUMessageByXML(HttpFacade.java:955)
[MARK]>>> runAndRenderTask = org.eclipse.birt.report.engine.api.impl.RunAndRenderTask@99d26303

[PONT]>>> com.cs.birt.report.portal.HttpFacade.issueTSUMessageByXML(HttpFacade.java:959)
[MARK]>>> runAndRenderTask = org.eclipse.birt.report.engine.api.impl.RunAndRenderTask@99d26303

<---GO-OUT-METHOD---< com.cs.birt.report.portal.HttpFacade.issueTSUMessageByXML(HttpFacade.java:967) <---UUID-ee388064aed6449ea2d90b2681b35eec---<

[INFO]>>> Destroy a debuger:com.cs.birt.utility.Debuger@2db31aa2

[INFO]>>> Create a debuger: com.cs.birt.utility.Debuger@de216a8a

>---COME-IN-METHOD---> com.cs.birt.report.portal.HttpFacade.<init>(HttpFacade.java:120) >---UUID-6b0333ee31d84c6ba43f6c73605e16c7--->

<---GO-OUT-METHOD---< com.cs.birt.report.portal.HttpFacade.<init>(HttpFacade.java:121) <---UUID-6b0333ee31d84c6ba43f6c73605e16c7---<

>---COME-IN-METHOD---> com.cs.birt.report.portal.HttpFacade.doPost(HttpFacade.java:130) >---UUID-df64f0d128cb4d90a392369471e34e1b--->

[PONT]>>> com.cs.birt.report.portal.HttpFacade.doPost(HttpFacade.java:131)
[MARK]>>> request = spark.servlet.SparkFilter$1@3211711d
[MARK]>>> response = com.ibm.ws.webcontainer.srt.SRTServletResponse@3a1fbf94

>---COME-IN-METHOD---> com.cs.birt.report.portal.HttpFacade.issueTSUMessageByXML(HttpFacade.java:864) >---UUID-da87fc1b2c644bcd9fc7d9713ca74880--->

[PONT]>>> com.cs.birt.report.portal.HttpFacade.issueTSUMessageByXML(HttpFacade.java:867)
[MARK]>>> context = {}

[PONT]>>> com.cs.birt.report.portal.HttpFacade.issueTSUMessageByXML(HttpFacade.java:884)
[MARK]>>> hTMLRenderOption = org.eclipse.birt.report.engine.api.HTMLRenderOption@a5948e62

>---COME-IN-METHOD---> com.cs.birt.report.engine.EngineFactory.getReportEngine(EngineFactory.java:169) >---UUID-2422f538cf8445c6a7fb4a8241743679--->

<---GO-OUT-METHOD---< com.cs.birt.report.engine.EngineFactory.getReportEngine(EngineFactory.java:170) <---UUID-2422f538cf8445c6a7fb4a8241743679---<

[PONT]>>> com.cs.birt.report.portal.HttpFacade.issueTSUMessageByXML(HttpFacade.java:887)
[MARK]>>> reportEngine = org.eclipse.birt.report.engine.api.impl.ReportEngine@204cd68

[PONT]>>> com.cs.birt.report.portal.HttpFacade.issueTSUMessageByXML(HttpFacade.java:891)
[MARK]>>> Open report design using 'reportRunnable = reportEngine.openReportDesign(designFilePath)'.

[PONT]>>> com.cs.birt.report.portal.HttpFacade.issueTSUMessageByXML(HttpFacade.java:952)
[MARK]>>> reportRunnable = org.eclipse.birt.report.engine.api.impl.ReportRunnable@78fb05cf

[PONT]>>> com.cs.birt.report.portal.HttpFacade.issueTSUMessageByXML(HttpFacade.java:955)
[MARK]>>> runAndRenderTask = org.eclipse.birt.report.engine.api.impl.RunAndRenderTask@e94949cf

[PONT]>>> com.cs.birt.report.portal.HttpFacade.issueTSUMessageByXML(HttpFacade.java:959)
[MARK]>>> runAndRenderTask = org.eclipse.birt.report.engine.api.impl.RunAndRenderTask@e94949cf

<---GO-OUT-METHOD---< com.cs.birt.report.portal.HttpFacade.issueTSUMessageByXML(HttpFacade.java:967) <---UUID-da87fc1b2c644bcd9fc7d9713ca74880---<

[INFO]>>> Destroy a debuger:com.cs.birt.utility.Debuger@de216a8a

[INFO]>>> Create a debuger: com.cs.birt.utility.Debuger@8c6f4df3

>---COME-IN-METHOD---> com.cs.birt.report.portal.HttpFacade.<init>(HttpFacade.java:120) >---UUID-d73b81f3a6a148cc9f9c2490b8c6f1ee--->

<---GO-OUT-METHOD---< com.cs.birt.report.portal.HttpFacade.<init>(HttpFacade.java:121) <---UUID-d73b81f3a6a148cc9f9c2490b8c6f1ee---<

>---COME-IN-METHOD---> com.cs.birt.report.portal.HttpFacade.doPost(HttpFacade.java:130) >---UUID-c167bb85a0764ebf9afbc62bdbe8a0db--->

[PONT]>>> com.cs.birt.report.portal.HttpFacade.doPost(HttpFacade.java:131)
[MARK]>>> request = spark.servlet.SparkFilter$1@c784957f
[MARK]>>> response = com.ibm.ws.webcontainer.srt.SRTServletResponse@80810a03

>---COME-IN-METHOD---> com.cs.birt.report.portal.HttpFacade.issueTSUMessageByXML(HttpFacade.java:864) >---UUID-f54a019637ec41aab35d561748b228fb--->

[PONT]>>> com.cs.birt.report.portal.HttpFacade.issueTSUMessageByXML(HttpFacade.java:867)
[MARK]>>> context = {}

[PONT]>>> com.cs.birt.report.portal.HttpFacade.issueTSUMessageByXML(HttpFacade.java:884)
[MARK]>>> hTMLRenderOption = org.eclipse.birt.report.engine.api.HTMLRenderOption@dc337f84

>---COME-IN-METHOD---> com.cs.birt.report.engine.EngineFactory.getReportEngine(EngineFactory.java:169) >---UUID-5e48718cf4f34b0db175db3783541d56--->

<---GO-OUT-METHOD---< com.cs.birt.report.engine.EngineFactory.getReportEngine(EngineFactory.java:170) <---UUID-5e48718cf4f34b0db175db3783541d56---<

[PONT]>>> com.cs.birt.report.portal.HttpFacade.issueTSUMessageByXML(HttpFacade.java:887)
[MARK]>>> reportEngine = org.eclipse.birt.report.engine.api.impl.ReportEngine@204cd68

[PONT]>>> com.cs.birt.report.portal.HttpFacade.issueTSUMessageByXML(HttpFacade.java:891)
[MARK]>>> Open report design using 'reportRunnable = reportEngine.openReportDesign(designFilePath)'.

[PONT]>>> com.cs.birt.report.portal.HttpFacade.issueTSUMessageByXML(HttpFacade.java:952)
[MARK]>>> reportRunnable = org.eclipse.birt.report.engine.api.impl.ReportRunnable@cace5841

[PONT]>>> com.cs.birt.report.portal.HttpFacade.issueTSUMessageByXML(HttpFacade.java:955)
[MARK]>>> runAndRenderTask = org.eclipse.birt.report.engine.api.impl.RunAndRenderTask@32b97701

[PONT]>>> com.cs.birt.report.portal.HttpFacade.issueTSUMessageByXML(HttpFacade.java:959)
[MARK]>>> runAndRenderTask = org.eclipse.birt.report.engine.api.impl.RunAndRenderTask@32b97701

<---GO-OUT-METHOD---< com.cs.birt.report.portal.HttpFacade.issueTSUMessageByXML(HttpFacade.java:967) <---UUID-f54a019637ec41aab35d561748b228fb---<

[INFO]>>> Destroy a debuger:com.cs.birt.utility.Debuger@8c6f4df3

[INFO]>>> Destroy a debuger:com.cs.birt.utility.Debuger@3c82366a
