
[INFO]>>> Create a debuger: com.cs.birt.utility.Debuger@ffd44b66

>---COME-IN-METHOD---> com.cs.birt.report.portal.HttpFacade.<init>(HttpFacade.java:120) >---UUID-7544c78cfaca4dcfa40a260e83983aa4--->

<---GO-OUT-METHOD---< com.cs.birt.report.portal.HttpFacade.<init>(HttpFacade.java:121) <---UUID-7544c78cfaca4dcfa40a260e83983aa4---<

>---COME-IN-METHOD---> com.cs.birt.report.portal.HttpFacade.doPost(HttpFacade.java:130) >---UUID-5c94963e1d834926a86f509d4e5cf438--->

[PONT]>>> com.cs.birt.report.portal.HttpFacade.doPost(HttpFacade.java:131)
[MARK]>>> request = spark.servlet.SparkFilter$1@145f6559
[MARK]>>> response = com.ibm.ws.webcontainer.srt.SRTServletResponse@432d9f8a

>---COME-IN-METHOD---> com.cs.birt.report.portal.HttpFacade.issueTSUMessageByXML(HttpFacade.java:864) >---UUID-2084d2980c4e465b8516beadc3c3ac04--->

[PONT]>>> com.cs.birt.report.portal.HttpFacade.issueTSUMessageByXML(HttpFacade.java:867)
[MARK]>>> context = {}

[PONT]>>> com.cs.birt.report.portal.HttpFacade.issueTSUMessageByXML(HttpFacade.java:884)
[MARK]>>> hTMLRenderOption = org.eclipse.birt.report.engine.api.HTMLRenderOption@7e566d6a

>---COME-IN-METHOD---> com.cs.birt.report.engine.EngineFactory.getReportEngine(EngineFactory.java:169) >---UUID-c543de609d4b455fa350c55d0ca18c27--->

<---GO-OUT-METHOD---< com.cs.birt.report.engine.EngineFactory.getReportEngine(EngineFactory.java:170) <---UUID-c543de609d4b455fa350c55d0ca18c27---<

[PONT]>>> com.cs.birt.report.portal.HttpFacade.issueTSUMessageByXML(HttpFacade.java:887)
[MARK]>>> reportEngine = org.eclipse.birt.report.engine.api.impl.ReportEngine@ec9022e5

[PONT]>>> com.cs.birt.report.portal.HttpFacade.issueTSUMessageByXML(HttpFacade.java:891)
[MARK]>>> Open report design using 'reportRunnable = reportEngine.openReportDesign(designFilePath)'.

[INFO]>>> Create a debuger: com.cs.birt.utility.Debuger@82182e54

>---COME-IN-METHOD---> com.cs.birt.report.portal.HttpFacade.<init>(HttpFacade.java:120) >---UUID-f7e1bf2c328e4639966cf81881da1c44--->

<---GO-OUT-METHOD---< com.cs.birt.report.portal.HttpFacade.<init>(HttpFacade.java:121) <---UUID-f7e1bf2c328e4639966cf81881da1c44---<

>---COME-IN-METHOD---> com.cs.birt.report.portal.HttpFacade.doPost(HttpFacade.java:130) >---UUID-1ac59b197cb8473795136fc15dcd6db8--->

[PONT]>>> com.cs.birt.report.portal.HttpFacade.doPost(HttpFacade.java:131)
[MARK]>>> request = spark.servlet.SparkFilter$1@a256cac8
[MARK]>>> response = com.ibm.ws.webcontainer.srt.SRTServletResponse@51e9f012

>---COME-IN-METHOD---> com.cs.birt.report.portal.HttpFacade.issueTSUMessageByXML(HttpFacade.java:864) >---UUID-d53b14e7d7684747af497010b4664550--->

[PONT]>>> com.cs.birt.report.portal.HttpFacade.issueTSUMessageByXML(HttpFacade.java:867)
[MARK]>>> context = {}

[PONT]>>> com.cs.birt.report.portal.HttpFacade.issueTSUMessageByXML(HttpFacade.java:884)
[MARK]>>> hTMLRenderOption = org.eclipse.birt.report.engine.api.HTMLRenderOption@870f5b62

>---COME-IN-METHOD---> com.cs.birt.report.engine.EngineFactory.getReportEngine(EngineFactory.java:169) >---UUID-88efc03383c5477d9bbb4a8273846f6c--->

<---GO-OUT-METHOD---< com.cs.birt.report.engine.EngineFactory.getReportEngine(EngineFactory.java:170) <---UUID-88efc03383c5477d9bbb4a8273846f6c---<

[PONT]>>> com.cs.birt.report.portal.HttpFacade.issueTSUMessageByXML(HttpFacade.java:887)
[MARK]>>> reportEngine = org.eclipse.birt.report.engine.api.impl.ReportEngine@ec9022e5

[PONT]>>> com.cs.birt.report.portal.HttpFacade.issueTSUMessageByXML(HttpFacade.java:891)
[MARK]>>> Open report design using 'reportRunnable = reportEngine.openReportDesign(designFilePath)'.

[PONT]>>> com.cs.birt.report.portal.HttpFacade.issueTSUMessageByXML(HttpFacade.java:952)
[MARK]>>> reportRunnable = org.eclipse.birt.report.engine.api.impl.ReportRunnable@3d567686

[PONT]>>> com.cs.birt.report.portal.HttpFacade.issueTSUMessageByXML(HttpFacade.java:955)
[MARK]>>> runAndRenderTask = org.eclipse.birt.report.engine.api.impl.RunAndRenderTask@4f37aaf8

[PONT]>>> com.cs.birt.report.portal.HttpFacade.issueTSUMessageByXML(HttpFacade.java:959)
[MARK]>>> runAndRenderTask = org.eclipse.birt.report.engine.api.impl.RunAndRenderTask@4f37aaf8

[PONT]>>> com.cs.birt.report.portal.HttpFacade.issueTSUMessageByXML(HttpFacade.java:952)
[MARK]>>> reportRunnable = org.eclipse.birt.report.engine.api.impl.ReportRunnable@2fbb8498

[PONT]>>> com.cs.birt.report.portal.HttpFacade.issueTSUMessageByXML(HttpFacade.java:955)
[MARK]>>> runAndRenderTask = org.eclipse.birt.report.engine.api.impl.RunAndRenderTask@852b2d51

[PONT]>>> com.cs.birt.report.portal.HttpFacade.issueTSUMessageByXML(HttpFacade.java:959)
[MARK]>>> runAndRenderTask = org.eclipse.birt.report.engine.api.impl.RunAndRenderTask@852b2d51

[INFO]>>> Create a debuger: com.cs.birt.utility.Debuger@82498b16

>---COME-IN-METHOD---> com.cs.birt.report.portal.HttpFacade.<init>(HttpFacade.java:120) >---UUID-6b6b56507e7a486f9d935d5d97c63196--->

<---GO-OUT-METHOD---< com.cs.birt.report.portal.HttpFacade.<init>(HttpFacade.java:121) <---UUID-6b6b56507e7a486f9d935d5d97c63196---<

>---COME-IN-METHOD---> com.cs.birt.report.portal.HttpFacade.doPost(HttpFacade.java:130) >---UUID-edc8df110c864bef9aa3720f61cd5857--->

[PONT]>>> com.cs.birt.report.portal.HttpFacade.doPost(HttpFacade.java:131)
[MARK]>>> request = spark.servlet.SparkFilter$1@3be059a6
[MARK]>>> response = com.ibm.ws.webcontainer.srt.SRTServletResponse@e2627e58

>---COME-IN-METHOD---> com.cs.birt.report.portal.HttpFacade.issueTSUMessageByXML(HttpFacade.java:864) >---UUID-cadd776738944027a70c7b9acd04a3cc--->

[PONT]>>> com.cs.birt.report.portal.HttpFacade.issueTSUMessageByXML(HttpFacade.java:867)
[MARK]>>> context = {}

[PONT]>>> com.cs.birt.report.portal.HttpFacade.issueTSUMessageByXML(HttpFacade.java:884)
[MARK]>>> hTMLRenderOption = org.eclipse.birt.report.engine.api.HTMLRenderOption@23466234

>---COME-IN-METHOD---> com.cs.birt.report.engine.EngineFactory.getReportEngine(EngineFactory.java:169) >---UUID-fe6e5716ff3d4f70a30cc33ccd3d3387--->

<---GO-OUT-METHOD---< com.cs.birt.report.engine.EngineFactory.getReportEngine(EngineFactory.java:170) <---UUID-fe6e5716ff3d4f70a30cc33ccd3d3387---<

[PONT]>>> com.cs.birt.report.portal.HttpFacade.issueTSUMessageByXML(HttpFacade.java:887)
[MARK]>>> reportEngine = org.eclipse.birt.report.engine.api.impl.ReportEngine@ec9022e5

[PONT]>>> com.cs.birt.report.portal.HttpFacade.issueTSUMessageByXML(HttpFacade.java:891)
[MARK]>>> Open report design using 'reportRunnable = reportEngine.openReportDesign(designFilePath)'.

[PONT]>>> com.cs.birt.report.portal.HttpFacade.issueTSUMessageByXML(HttpFacade.java:952)
[MARK]>>> reportRunnable = org.eclipse.birt.report.engine.api.impl.ReportRunnable@cf0338c8

[PONT]>>> com.cs.birt.report.portal.HttpFacade.issueTSUMessageByXML(HttpFacade.java:955)
[MARK]>>> runAndRenderTask = org.eclipse.birt.report.engine.api.impl.RunAndRenderTask@29b431a0

[PONT]>>> com.cs.birt.report.portal.HttpFacade.issueTSUMessageByXML(HttpFacade.java:959)
[MARK]>>> runAndRenderTask = org.eclipse.birt.report.engine.api.impl.RunAndRenderTask@29b431a0

<---GO-OUT-METHOD---< com.cs.birt.report.portal.HttpFacade.issueTSUMessageByXML(HttpFacade.java:967) <---UUID-2084d2980c4e465b8516beadc3c3ac04---<

[INFO]>>> Destroy a debuger:com.cs.birt.utility.Debuger@ffd44b66

<---GO-OUT-METHOD---< com.cs.birt.report.portal.HttpFacade.issueTSUMessageByXML(HttpFacade.java:967) <---UUID-d53b14e7d7684747af497010b4664550---<

[INFO]>>> Destroy a debuger:com.cs.birt.utility.Debuger@82182e54

<---GO-OUT-METHOD---< com.cs.birt.report.portal.HttpFacade.issueTSUMessageByXML(HttpFacade.java:967) <---UUID-cadd776738944027a70c7b9acd04a3cc---<

[INFO]>>> Destroy a debuger:com.cs.birt.utility.Debuger@82498b16

[INFO]>>> Create a debuger: com.cs.birt.utility.Debuger@3a2c2e4e

>---COME-IN-METHOD---> com.cs.birt.report.portal.HttpFacade.<init>(HttpFacade.java:120) >---UUID-46cbb32ac61c42a78ff16be6b906bf80--->

<---GO-OUT-METHOD---< com.cs.birt.report.portal.HttpFacade.<init>(HttpFacade.java:121) <---UUID-46cbb32ac61c42a78ff16be6b906bf80---<

>---COME-IN-METHOD---> com.cs.birt.report.portal.HttpFacade.doPost(HttpFacade.java:130) >---UUID-76b2314e7d1249e4a01b7c1e5a8ea6e4--->

[PONT]>>> com.cs.birt.report.portal.HttpFacade.doPost(HttpFacade.java:131)
[MARK]>>> request = spark.servlet.SparkFilter$1@75443103
[MARK]>>> response = com.ibm.ws.webcontainer.srt.SRTServletResponse@9c5168a8

>---COME-IN-METHOD---> com.cs.birt.report.portal.HttpFacade.issueTSUMessageByXML(HttpFacade.java:864) >---UUID-def6c6292d62401ea2d7f13a28079e30--->

[PONT]>>> com.cs.birt.report.portal.HttpFacade.issueTSUMessageByXML(HttpFacade.java:867)
[MARK]>>> context = {}

[PONT]>>> com.cs.birt.report.portal.HttpFacade.issueTSUMessageByXML(HttpFacade.java:884)
[MARK]>>> hTMLRenderOption = org.eclipse.birt.report.engine.api.HTMLRenderOption@b37125b7

>---COME-IN-METHOD---> com.cs.birt.report.engine.EngineFactory.getReportEngine(EngineFactory.java:169) >---UUID-4ca518750cb24699accacd8ae6195e88--->

<---GO-OUT-METHOD---< com.cs.birt.report.engine.EngineFactory.getReportEngine(EngineFactory.java:170) <---UUID-4ca518750cb24699accacd8ae6195e88---<

[PONT]>>> com.cs.birt.report.portal.HttpFacade.issueTSUMessageByXML(HttpFacade.java:887)
[MARK]>>> reportEngine = org.eclipse.birt.report.engine.api.impl.ReportEngine@ec9022e5

[PONT]>>> com.cs.birt.report.portal.HttpFacade.issueTSUMessageByXML(HttpFacade.java:891)
[MARK]>>> Open report design using 'reportRunnable = reportEngine.openReportDesign(designFilePath)'.

[PONT]>>> com.cs.birt.report.portal.HttpFacade.issueTSUMessageByXML(HttpFacade.java:952)
[MARK]>>> reportRunnable = org.eclipse.birt.report.engine.api.impl.ReportRunnable@b45d94c5

[PONT]>>> com.cs.birt.report.portal.HttpFacade.issueTSUMessageByXML(HttpFacade.java:955)
[MARK]>>> runAndRenderTask = org.eclipse.birt.report.engine.api.impl.RunAndRenderTask@dd926455

[PONT]>>> com.cs.birt.report.portal.HttpFacade.issueTSUMessageByXML(HttpFacade.java:959)
[MARK]>>> runAndRenderTask = org.eclipse.birt.report.engine.api.impl.RunAndRenderTask@dd926455

<---GO-OUT-METHOD---< com.cs.birt.report.portal.HttpFacade.issueTSUMessageByXML(HttpFacade.java:967) <---UUID-def6c6292d62401ea2d7f13a28079e30---<

[INFO]>>> Destroy a debuger:com.cs.birt.utility.Debuger@3a2c2e4e

[INFO]>>> Create a debuger: com.cs.birt.utility.Debuger@c0099f74

>---COME-IN-METHOD---> com.cs.birt.report.portal.HttpFacade.<init>(HttpFacade.java:120) >---UUID-a6bfea869c9247d891e5918297bd1647--->

<---GO-OUT-METHOD---< com.cs.birt.report.portal.HttpFacade.<init>(HttpFacade.java:121) <---UUID-a6bfea869c9247d891e5918297bd1647---<

>---COME-IN-METHOD---> com.cs.birt.report.portal.HttpFacade.doPost(HttpFacade.java:130) >---UUID-7233dae801c14e27b6f76c01399a9de4--->

[PONT]>>> com.cs.birt.report.portal.HttpFacade.doPost(HttpFacade.java:131)
[MARK]>>> request = spark.servlet.SparkFilter$1@8dc44e2d
[MARK]>>> response = com.ibm.ws.webcontainer.srt.SRTServletResponse@eaf26fd6

>---COME-IN-METHOD---> com.cs.birt.report.portal.HttpFacade.issueTSUMessageByXML(HttpFacade.java:864) >---UUID-cf96838558884a5187ad71425f421cd9--->

[PONT]>>> com.cs.birt.report.portal.HttpFacade.issueTSUMessageByXML(HttpFacade.java:867)
[MARK]>>> context = {}

[PONT]>>> com.cs.birt.report.portal.HttpFacade.issueTSUMessageByXML(HttpFacade.java:884)
[MARK]>>> hTMLRenderOption = org.eclipse.birt.report.engine.api.HTMLRenderOption@155f6bd4

>---COME-IN-METHOD---> com.cs.birt.report.engine.EngineFactory.getReportEngine(EngineFactory.java:169) >---UUID-329cd8b4017c42bb941a08a32e782148--->

<---GO-OUT-METHOD---< com.cs.birt.report.engine.EngineFactory.getReportEngine(EngineFactory.java:170) <---UUID-329cd8b4017c42bb941a08a32e782148---<

[PONT]>>> com.cs.birt.report.portal.HttpFacade.issueTSUMessageByXML(HttpFacade.java:887)
[MARK]>>> reportEngine = org.eclipse.birt.report.engine.api.impl.ReportEngine@ec9022e5

[PONT]>>> com.cs.birt.report.portal.HttpFacade.issueTSUMessageByXML(HttpFacade.java:891)
[MARK]>>> Open report design using 'reportRunnable = reportEngine.openReportDesign(designFilePath)'.

[PONT]>>> com.cs.birt.report.portal.HttpFacade.issueTSUMessageByXML(HttpFacade.java:952)
[MARK]>>> reportRunnable = org.eclipse.birt.report.engine.api.impl.ReportRunnable@456883f8

[PONT]>>> com.cs.birt.report.portal.HttpFacade.issueTSUMessageByXML(HttpFacade.java:955)
[MARK]>>> runAndRenderTask = org.eclipse.birt.report.engine.api.impl.RunAndRenderTask@7daa636b

[PONT]>>> com.cs.birt.report.portal.HttpFacade.issueTSUMessageByXML(HttpFacade.java:959)
[MARK]>>> runAndRenderTask = org.eclipse.birt.report.engine.api.impl.RunAndRenderTask@7daa636b

<---GO-OUT-METHOD---< com.cs.birt.report.portal.HttpFacade.issueTSUMessageByXML(HttpFacade.java:967) <---UUID-cf96838558884a5187ad71425f421cd9---<

[INFO]>>> Destroy a debuger:com.cs.birt.utility.Debuger@c0099f74

[INFO]>>> Create a debuger: com.cs.birt.utility.Debuger@5ab45ff3

>---COME-IN-METHOD---> com.cs.birt.report.portal.HttpFacade.<init>(HttpFacade.java:120) >---UUID-046f760818c94b3b8ff5d4aedc7583ad--->

<---GO-OUT-METHOD---< com.cs.birt.report.portal.HttpFacade.<init>(HttpFacade.java:121) <---UUID-046f760818c94b3b8ff5d4aedc7583ad---<

>---COME-IN-METHOD---> com.cs.birt.report.portal.HttpFacade.doPost(HttpFacade.java:130) >---UUID-7dc71710707f4bb8ad3d90e9b65e4feb--->

[PONT]>>> com.cs.birt.report.portal.HttpFacade.doPost(HttpFacade.java:131)
[MARK]>>> request = spark.servlet.SparkFilter$1@6e7fc90c
[MARK]>>> response = com.ibm.ws.webcontainer.srt.SRTServletResponse@e2627e58

>---COME-IN-METHOD---> com.cs.birt.report.portal.HttpFacade.issueTSUMessageByXML(HttpFacade.java:864) >---UUID-42f3e7c618fb46cd8291ae7867510c1a--->

[PONT]>>> com.cs.birt.report.portal.HttpFacade.issueTSUMessageByXML(HttpFacade.java:867)
[MARK]>>> context = {}

[PONT]>>> com.cs.birt.report.portal.HttpFacade.issueTSUMessageByXML(HttpFacade.java:884)
[MARK]>>> hTMLRenderOption = org.eclipse.birt.report.engine.api.HTMLRenderOption@c21d2c2b

>---COME-IN-METHOD---> com.cs.birt.report.engine.EngineFactory.getReportEngine(EngineFactory.java:169) >---UUID-63247c9ae0774b3287b980e64ee3f689--->

<---GO-OUT-METHOD---< com.cs.birt.report.engine.EngineFactory.getReportEngine(EngineFactory.java:170) <---UUID-63247c9ae0774b3287b980e64ee3f689---<

[PONT]>>> com.cs.birt.report.portal.HttpFacade.issueTSUMessageByXML(HttpFacade.java:887)
[MARK]>>> reportEngine = org.eclipse.birt.report.engine.api.impl.ReportEngine@ec9022e5

[PONT]>>> com.cs.birt.report.portal.HttpFacade.issueTSUMessageByXML(HttpFacade.java:891)
[MARK]>>> Open report design using 'reportRunnable = reportEngine.openReportDesign(designFilePath)'.

[PONT]>>> com.cs.birt.report.portal.HttpFacade.issueTSUMessageByXML(HttpFacade.java:952)
[MARK]>>> reportRunnable = org.eclipse.birt.report.engine.api.impl.ReportRunnable@965fb744

[PONT]>>> com.cs.birt.report.portal.HttpFacade.issueTSUMessageByXML(HttpFacade.java:955)
[MARK]>>> runAndRenderTask = org.eclipse.birt.report.engine.api.impl.RunAndRenderTask@af7810ee

[PONT]>>> com.cs.birt.report.portal.HttpFacade.issueTSUMessageByXML(HttpFacade.java:959)
[MARK]>>> runAndRenderTask = org.eclipse.birt.report.engine.api.impl.RunAndRenderTask@af7810ee

<---GO-OUT-METHOD---< com.cs.birt.report.portal.HttpFacade.issueTSUMessageByXML(HttpFacade.java:967) <---UUID-42f3e7c618fb46cd8291ae7867510c1a---<

[INFO]>>> Destroy a debuger:com.cs.birt.utility.Debuger@5ab45ff3

[INFO]>>> Create a debuger: com.cs.birt.utility.Debuger@58ab78e7

>---COME-IN-METHOD---> com.cs.birt.report.portal.HttpFacade.<init>(HttpFacade.java:120) >---UUID-b5f48e7d373b492ab7957f7f604068c5--->

<---GO-OUT-METHOD---< com.cs.birt.report.portal.HttpFacade.<init>(HttpFacade.java:121) <---UUID-b5f48e7d373b492ab7957f7f604068c5---<

>---COME-IN-METHOD---> com.cs.birt.report.portal.HttpFacade.doPost(HttpFacade.java:130) >---UUID-694c601e75284a5fa04789d6e0c7c18b--->

[PONT]>>> com.cs.birt.report.portal.HttpFacade.doPost(HttpFacade.java:131)
[MARK]>>> request = spark.servlet.SparkFilter$1@b7a169c6
[MARK]>>> response = com.ibm.ws.webcontainer.srt.SRTServletResponse@51e9f012

>---COME-IN-METHOD---> com.cs.birt.report.portal.HttpFacade.issueTSUMessageByXML(HttpFacade.java:864) >---UUID-bca0f8d7ccc74fcb8b39d0c27f438dd0--->

[PONT]>>> com.cs.birt.report.portal.HttpFacade.issueTSUMessageByXML(HttpFacade.java:867)
[MARK]>>> context = {}

[PONT]>>> com.cs.birt.report.portal.HttpFacade.issueTSUMessageByXML(HttpFacade.java:884)
[MARK]>>> hTMLRenderOption = org.eclipse.birt.report.engine.api.HTMLRenderOption@8e7a65f8

>---COME-IN-METHOD---> com.cs.birt.report.engine.EngineFactory.getReportEngine(EngineFactory.java:169) >---UUID-b06a41b4280e4af2ad78d66a70beb684--->

<---GO-OUT-METHOD---< com.cs.birt.report.engine.EngineFactory.getReportEngine(EngineFactory.java:170) <---UUID-b06a41b4280e4af2ad78d66a70beb684---<

[PONT]>>> com.cs.birt.report.portal.HttpFacade.issueTSUMessageByXML(HttpFacade.java:887)
[MARK]>>> reportEngine = org.eclipse.birt.report.engine.api.impl.ReportEngine@ec9022e5

[PONT]>>> com.cs.birt.report.portal.HttpFacade.issueTSUMessageByXML(HttpFacade.java:891)
[MARK]>>> Open report design using 'reportRunnable = reportEngine.openReportDesign(designFilePath)'.

[PONT]>>> com.cs.birt.report.portal.HttpFacade.issueTSUMessageByXML(HttpFacade.java:952)
[MARK]>>> reportRunnable = org.eclipse.birt.report.engine.api.impl.ReportRunnable@715c2ac9

[PONT]>>> com.cs.birt.report.portal.HttpFacade.issueTSUMessageByXML(HttpFacade.java:955)
[MARK]>>> runAndRenderTask = org.eclipse.birt.report.engine.api.impl.RunAndRenderTask@d092f333

[PONT]>>> com.cs.birt.report.portal.HttpFacade.issueTSUMessageByXML(HttpFacade.java:959)
[MARK]>>> runAndRenderTask = org.eclipse.birt.report.engine.api.impl.RunAndRenderTask@d092f333

<---GO-OUT-METHOD---< com.cs.birt.report.portal.HttpFacade.issueTSUMessageByXML(HttpFacade.java:967) <---UUID-bca0f8d7ccc74fcb8b39d0c27f438dd0---<

[INFO]>>> Destroy a debuger:com.cs.birt.utility.Debuger@58ab78e7

[INFO]>>> Create a debuger: com.cs.birt.utility.Debuger@70c6cfc4

>---COME-IN-METHOD---> com.cs.birt.report.portal.HttpFacade.<init>(HttpFacade.java:120) >---UUID-49748f027a0a49578960a69628ec05e9--->

<---GO-OUT-METHOD---< com.cs.birt.report.portal.HttpFacade.<init>(HttpFacade.java:121) <---UUID-49748f027a0a49578960a69628ec05e9---<

>---COME-IN-METHOD---> com.cs.birt.report.portal.HttpFacade.doPost(HttpFacade.java:130) >---UUID-9c4e0c6a6a7842baa3e289a58c75737c--->

[PONT]>>> com.cs.birt.report.portal.HttpFacade.doPost(HttpFacade.java:131)
[MARK]>>> request = spark.servlet.SparkFilter$1@fc0659b8
[MARK]>>> response = com.ibm.ws.webcontainer.srt.SRTServletResponse@432d9f8a

>---COME-IN-METHOD---> com.cs.birt.report.portal.HttpFacade.issueTSUMessageByXML(HttpFacade.java:864) >---UUID-0bad0ad7b7d14535a68c068c143ec969--->

[PONT]>>> com.cs.birt.report.portal.HttpFacade.issueTSUMessageByXML(HttpFacade.java:867)
[MARK]>>> context = {}

[PONT]>>> com.cs.birt.report.portal.HttpFacade.issueTSUMessageByXML(HttpFacade.java:884)
[MARK]>>> hTMLRenderOption = org.eclipse.birt.report.engine.api.HTMLRenderOption@8115da85

>---COME-IN-METHOD---> com.cs.birt.report.engine.EngineFactory.getReportEngine(EngineFactory.java:169) >---UUID-60caa11dd49f4f4c9c853e7750d15738--->

<---GO-OUT-METHOD---< com.cs.birt.report.engine.EngineFactory.getReportEngine(EngineFactory.java:170) <---UUID-60caa11dd49f4f4c9c853e7750d15738---<

[PONT]>>> com.cs.birt.report.portal.HttpFacade.issueTSUMessageByXML(HttpFacade.java:887)
[MARK]>>> reportEngine = org.eclipse.birt.report.engine.api.impl.ReportEngine@ec9022e5

[PONT]>>> com.cs.birt.report.portal.HttpFacade.issueTSUMessageByXML(HttpFacade.java:891)
[MARK]>>> Open report design using 'reportRunnable = reportEngine.openReportDesign(designFilePath)'.

[PONT]>>> com.cs.birt.report.portal.HttpFacade.issueTSUMessageByXML(HttpFacade.java:952)
[MARK]>>> reportRunnable = org.eclipse.birt.report.engine.api.impl.ReportRunnable@26fd993a

[PONT]>>> com.cs.birt.report.portal.HttpFacade.issueTSUMessageByXML(HttpFacade.java:955)
[MARK]>>> runAndRenderTask = org.eclipse.birt.report.engine.api.impl.RunAndRenderTask@f112371f

[PONT]>>> com.cs.birt.report.portal.HttpFacade.issueTSUMessageByXML(HttpFacade.java:959)
[MARK]>>> runAndRenderTask = org.eclipse.birt.report.engine.api.impl.RunAndRenderTask@f112371f

<---GO-OUT-METHOD---< com.cs.birt.report.portal.HttpFacade.issueTSUMessageByXML(HttpFacade.java:967) <---UUID-0bad0ad7b7d14535a68c068c143ec969---<

[INFO]>>> Destroy a debuger:com.cs.birt.utility.Debuger@70c6cfc4

[INFO]>>> Create a debuger: com.cs.birt.utility.Debuger@ab04e38f

>---COME-IN-METHOD---> com.cs.birt.report.portal.HttpFacade.<init>(HttpFacade.java:120) >---UUID-cd31b64fc0e64442b4e4b1eedcc91b5f--->

<---GO-OUT-METHOD---< com.cs.birt.report.portal.HttpFacade.<init>(HttpFacade.java:121) <---UUID-cd31b64fc0e64442b4e4b1eedcc91b5f---<

>---COME-IN-METHOD---> com.cs.birt.report.portal.HttpFacade.doPost(HttpFacade.java:130) >---UUID-15ea02b22d0b43db9331f11f789172cb--->

[PONT]>>> com.cs.birt.report.portal.HttpFacade.doPost(HttpFacade.java:131)
[MARK]>>> request = spark.servlet.SparkFilter$1@5fc22b85
[MARK]>>> response = com.ibm.ws.webcontainer.srt.SRTServletResponse@44952b43

>---COME-IN-METHOD---> com.cs.birt.report.portal.HttpFacade.issueTSUMessageByXML(HttpFacade.java:864) >---UUID-807d8627068f4c89ba41ec7863fb6ca0--->

[PONT]>>> com.cs.birt.report.portal.HttpFacade.issueTSUMessageByXML(HttpFacade.java:867)
[MARK]>>> context = {}

[PONT]>>> com.cs.birt.report.portal.HttpFacade.issueTSUMessageByXML(HttpFacade.java:884)
[MARK]>>> hTMLRenderOption = org.eclipse.birt.report.engine.api.HTMLRenderOption@b5b26de1

>---COME-IN-METHOD---> com.cs.birt.report.engine.EngineFactory.getReportEngine(EngineFactory.java:169) >---UUID-a9cae0007d8a4eb2b69b3373aeffec0f--->

<---GO-OUT-METHOD---< com.cs.birt.report.engine.EngineFactory.getReportEngine(EngineFactory.java:170) <---UUID-a9cae0007d8a4eb2b69b3373aeffec0f---<

[PONT]>>> com.cs.birt.report.portal.HttpFacade.issueTSUMessageByXML(HttpFacade.java:887)
[MARK]>>> reportEngine = org.eclipse.birt.report.engine.api.impl.ReportEngine@ec9022e5

[PONT]>>> com.cs.birt.report.portal.HttpFacade.issueTSUMessageByXML(HttpFacade.java:891)
[MARK]>>> Open report design using 'reportRunnable = reportEngine.openReportDesign(designFilePath)'.

[PONT]>>> com.cs.birt.report.portal.HttpFacade.issueTSUMessageByXML(HttpFacade.java:952)
[MARK]>>> reportRunnable = org.eclipse.birt.report.engine.api.impl.ReportRunnable@23b32fcf

[PONT]>>> com.cs.birt.report.portal.HttpFacade.issueTSUMessageByXML(HttpFacade.java:955)
[MARK]>>> runAndRenderTask = org.eclipse.birt.report.engine.api.impl.RunAndRenderTask@4a60d1af

[PONT]>>> com.cs.birt.report.portal.HttpFacade.issueTSUMessageByXML(HttpFacade.java:959)
[MARK]>>> runAndRenderTask = org.eclipse.birt.report.engine.api.impl.RunAndRenderTask@4a60d1af

<---GO-OUT-METHOD---< com.cs.birt.report.portal.HttpFacade.issueTSUMessageByXML(HttpFacade.java:967) <---UUID-807d8627068f4c89ba41ec7863fb6ca0---<

[INFO]>>> Destroy a debuger:com.cs.birt.utility.Debuger@ab04e38f

[INFO]>>> Create a debuger: com.cs.birt.utility.Debuger@753650b

>---COME-IN-METHOD---> com.cs.birt.report.portal.HttpFacade.<init>(HttpFacade.java:120) >---UUID-51993bbb0eb1439dbf7e01e05090e58a--->

<---GO-OUT-METHOD---< com.cs.birt.report.portal.HttpFacade.<init>(HttpFacade.java:121) <---UUID-51993bbb0eb1439dbf7e01e05090e58a---<

>---COME-IN-METHOD---> com.cs.birt.report.portal.HttpFacade.doPost(HttpFacade.java:130) >---UUID-822b3d92073d45fab22b05d4f67422b0--->

[PONT]>>> com.cs.birt.report.portal.HttpFacade.doPost(HttpFacade.java:131)
[MARK]>>> request = spark.servlet.SparkFilter$1@46d2b1e4
[MARK]>>> response = com.ibm.ws.webcontainer.srt.SRTServletResponse@9c5168a8

>---COME-IN-METHOD---> com.cs.birt.report.portal.HttpFacade.issueTSUMessageByXML(HttpFacade.java:864) >---UUID-89a9fe74da8f4f829387baeeb0c534b7--->

[PONT]>>> com.cs.birt.report.portal.HttpFacade.issueTSUMessageByXML(HttpFacade.java:867)
[MARK]>>> context = {}

[PONT]>>> com.cs.birt.report.portal.HttpFacade.issueTSUMessageByXML(HttpFacade.java:884)
[MARK]>>> hTMLRenderOption = org.eclipse.birt.report.engine.api.HTMLRenderOption@70fe9011

>---COME-IN-METHOD---> com.cs.birt.report.engine.EngineFactory.getReportEngine(EngineFactory.java:169) >---UUID-92e6e723c29c4a1686fc0d8af3ae5611--->

<---GO-OUT-METHOD---< com.cs.birt.report.engine.EngineFactory.getReportEngine(EngineFactory.java:170) <---UUID-92e6e723c29c4a1686fc0d8af3ae5611---<

[PONT]>>> com.cs.birt.report.portal.HttpFacade.issueTSUMessageByXML(HttpFacade.java:887)
[MARK]>>> reportEngine = org.eclipse.birt.report.engine.api.impl.ReportEngine@ec9022e5

[PONT]>>> com.cs.birt.report.portal.HttpFacade.issueTSUMessageByXML(HttpFacade.java:891)
[MARK]>>> Open report design using 'reportRunnable = reportEngine.openReportDesign(designFilePath)'.

[PONT]>>> com.cs.birt.report.portal.HttpFacade.issueTSUMessageByXML(HttpFacade.java:952)
[MARK]>>> reportRunnable = org.eclipse.birt.report.engine.api.impl.ReportRunnable@bd805f1f

[PONT]>>> com.cs.birt.report.portal.HttpFacade.issueTSUMessageByXML(HttpFacade.java:955)
[MARK]>>> runAndRenderTask = org.eclipse.birt.report.engine.api.impl.RunAndRenderTask@5f516cef

[PONT]>>> com.cs.birt.report.portal.HttpFacade.issueTSUMessageByXML(HttpFacade.java:959)
[MARK]>>> runAndRenderTask = org.eclipse.birt.report.engine.api.impl.RunAndRenderTask@5f516cef

<---GO-OUT-METHOD---< com.cs.birt.report.portal.HttpFacade.issueTSUMessageByXML(HttpFacade.java:967) <---UUID-89a9fe74da8f4f829387baeeb0c534b7---<

[INFO]>>> Destroy a debuger:com.cs.birt.utility.Debuger@753650b

[INFO]>>> Create a debuger: com.cs.birt.utility.Debuger@c355a202

>---COME-IN-METHOD---> com.cs.birt.report.portal.HttpFacade.<init>(HttpFacade.java:120) >---UUID-6220b32867f640bb822a0733a3a7a306--->

<---GO-OUT-METHOD---< com.cs.birt.report.portal.HttpFacade.<init>(HttpFacade.java:121) <---UUID-6220b32867f640bb822a0733a3a7a306---<

>---COME-IN-METHOD---> com.cs.birt.report.portal.HttpFacade.doPost(HttpFacade.java:130) >---UUID-6c64ebb9a3b144208fff7e123689f8a6--->

[PONT]>>> com.cs.birt.report.portal.HttpFacade.doPost(HttpFacade.java:131)
[MARK]>>> request = spark.servlet.SparkFilter$1@fa7684ab
[MARK]>>> response = com.ibm.ws.webcontainer.srt.SRTServletResponse@44952b43

>---COME-IN-METHOD---> com.cs.birt.report.portal.HttpFacade.issueTSUMessageByXML(HttpFacade.java:864) >---UUID-f96d33b3ed6943dbb1b1ad3bc1a34128--->

[PONT]>>> com.cs.birt.report.portal.HttpFacade.issueTSUMessageByXML(HttpFacade.java:867)
[MARK]>>> context = {}

[PONT]>>> com.cs.birt.report.portal.HttpFacade.issueTSUMessageByXML(HttpFacade.java:884)
[MARK]>>> hTMLRenderOption = org.eclipse.birt.report.engine.api.HTMLRenderOption@d7457b7f

>---COME-IN-METHOD---> com.cs.birt.report.engine.EngineFactory.getReportEngine(EngineFactory.java:169) >---UUID-4c40d523f136475a89d02b78209b0a9e--->

<---GO-OUT-METHOD---< com.cs.birt.report.engine.EngineFactory.getReportEngine(EngineFactory.java:170) <---UUID-4c40d523f136475a89d02b78209b0a9e---<

[PONT]>>> com.cs.birt.report.portal.HttpFacade.issueTSUMessageByXML(HttpFacade.java:887)
[MARK]>>> reportEngine = org.eclipse.birt.report.engine.api.impl.ReportEngine@ec9022e5

[PONT]>>> com.cs.birt.report.portal.HttpFacade.issueTSUMessageByXML(HttpFacade.java:891)
[MARK]>>> Open report design using 'reportRunnable = reportEngine.openReportDesign(designFilePath)'.

[PONT]>>> com.cs.birt.report.portal.HttpFacade.issueTSUMessageByXML(HttpFacade.java:952)
[MARK]>>> reportRunnable = org.eclipse.birt.report.engine.api.impl.ReportRunnable@3fa62da8

[PONT]>>> com.cs.birt.report.portal.HttpFacade.issueTSUMessageByXML(HttpFacade.java:955)
[MARK]>>> runAndRenderTask = org.eclipse.birt.report.engine.api.impl.RunAndRenderTask@aa848c69

[PONT]>>> com.cs.birt.report.portal.HttpFacade.issueTSUMessageByXML(HttpFacade.java:959)
[MARK]>>> runAndRenderTask = org.eclipse.birt.report.engine.api.impl.RunAndRenderTask@aa848c69

<---GO-OUT-METHOD---< com.cs.birt.report.portal.HttpFacade.issueTSUMessageByXML(HttpFacade.java:967) <---UUID-f96d33b3ed6943dbb1b1ad3bc1a34128---<

[INFO]>>> Destroy a debuger:com.cs.birt.utility.Debuger@c355a202

[INFO]>>> Create a debuger: com.cs.birt.utility.Debuger@b51c8dad

>---COME-IN-METHOD---> com.cs.birt.report.portal.HttpFacade.<init>(HttpFacade.java:120) >---UUID-e525ff764d3949bc897fb7251c902269--->

<---GO-OUT-METHOD---< com.cs.birt.report.portal.HttpFacade.<init>(HttpFacade.java:121) <---UUID-e525ff764d3949bc897fb7251c902269---<

>---COME-IN-METHOD---> com.cs.birt.report.portal.HttpFacade.doPost(HttpFacade.java:130) >---UUID-a8d588fb9c7c4e72b91a0d2ea31e5c4f--->

[PONT]>>> com.cs.birt.report.portal.HttpFacade.doPost(HttpFacade.java:131)
[MARK]>>> request = spark.servlet.SparkFilter$1@c349d4
[MARK]>>> response = com.ibm.ws.webcontainer.srt.SRTServletResponse@acbbe231

>---COME-IN-METHOD---> com.cs.birt.report.portal.HttpFacade.issueTSUMessageByXML(HttpFacade.java:864) >---UUID-7346f989e388478a93b0b7d3573a08ff--->

[PONT]>>> com.cs.birt.report.portal.HttpFacade.issueTSUMessageByXML(HttpFacade.java:867)
[MARK]>>> context = {}

[PONT]>>> com.cs.birt.report.portal.HttpFacade.issueTSUMessageByXML(HttpFacade.java:884)
[MARK]>>> hTMLRenderOption = org.eclipse.birt.report.engine.api.HTMLRenderOption@67d21451

>---COME-IN-METHOD---> com.cs.birt.report.engine.EngineFactory.getReportEngine(EngineFactory.java:169) >---UUID-aff8af6c92e04ecda446d2859f5ae8ae--->

<---GO-OUT-METHOD---< com.cs.birt.report.engine.EngineFactory.getReportEngine(EngineFactory.java:170) <---UUID-aff8af6c92e04ecda446d2859f5ae8ae---<

[PONT]>>> com.cs.birt.report.portal.HttpFacade.issueTSUMessageByXML(HttpFacade.java:887)
[MARK]>>> reportEngine = org.eclipse.birt.report.engine.api.impl.ReportEngine@ec9022e5

[PONT]>>> com.cs.birt.report.portal.HttpFacade.issueTSUMessageByXML(HttpFacade.java:891)
[MARK]>>> Open report design using 'reportRunnable = reportEngine.openReportDesign(designFilePath)'.

[PONT]>>> com.cs.birt.report.portal.HttpFacade.issueTSUMessageByXML(HttpFacade.java:952)
[MARK]>>> reportRunnable = org.eclipse.birt.report.engine.api.impl.ReportRunnable@bc152592

[PONT]>>> com.cs.birt.report.portal.HttpFacade.issueTSUMessageByXML(HttpFacade.java:955)
[MARK]>>> runAndRenderTask = org.eclipse.birt.report.engine.api.impl.RunAndRenderTask@872af283

[PONT]>>> com.cs.birt.report.portal.HttpFacade.issueTSUMessageByXML(HttpFacade.java:959)
[MARK]>>> runAndRenderTask = org.eclipse.birt.report.engine.api.impl.RunAndRenderTask@872af283

<---GO-OUT-METHOD---< com.cs.birt.report.portal.HttpFacade.issueTSUMessageByXML(HttpFacade.java:967) <---UUID-7346f989e388478a93b0b7d3573a08ff---<

[INFO]>>> Destroy a debuger:com.cs.birt.utility.Debuger@b51c8dad

[INFO]>>> Create a debuger: com.cs.birt.utility.Debuger@e24a85aa

>---COME-IN-METHOD---> com.cs.birt.report.portal.HttpFacade.<init>(HttpFacade.java:120) >---UUID-92a53745a5234d80a8146e8623c3e7df--->

<---GO-OUT-METHOD---< com.cs.birt.report.portal.HttpFacade.<init>(HttpFacade.java:121) <---UUID-92a53745a5234d80a8146e8623c3e7df---<

>---COME-IN-METHOD---> com.cs.birt.report.portal.HttpFacade.doPost(HttpFacade.java:130) >---UUID-7eba3fa731674788a502b71243d0f4b2--->

[PONT]>>> com.cs.birt.report.portal.HttpFacade.doPost(HttpFacade.java:131)
[MARK]>>> request = spark.servlet.SparkFilter$1@2d0981ec
[MARK]>>> response = com.ibm.ws.webcontainer.srt.SRTServletResponse@44952b43

>---COME-IN-METHOD---> com.cs.birt.report.portal.HttpFacade.issueTSUMessageByXML(HttpFacade.java:864) >---UUID-416ab7b58b16456ba25fe812a728723c--->

[PONT]>>> com.cs.birt.report.portal.HttpFacade.issueTSUMessageByXML(HttpFacade.java:867)
[MARK]>>> context = {}

[PONT]>>> com.cs.birt.report.portal.HttpFacade.issueTSUMessageByXML(HttpFacade.java:884)
[MARK]>>> hTMLRenderOption = org.eclipse.birt.report.engine.api.HTMLRenderOption@baa3ba5c

>---COME-IN-METHOD---> com.cs.birt.report.engine.EngineFactory.getReportEngine(EngineFactory.java:169) >---UUID-712a9eaf1e534b979e5b77647755015e--->

<---GO-OUT-METHOD---< com.cs.birt.report.engine.EngineFactory.getReportEngine(EngineFactory.java:170) <---UUID-712a9eaf1e534b979e5b77647755015e---<

[PONT]>>> com.cs.birt.report.portal.HttpFacade.issueTSUMessageByXML(HttpFacade.java:887)
[MARK]>>> reportEngine = org.eclipse.birt.report.engine.api.impl.ReportEngine@ec9022e5

[PONT]>>> com.cs.birt.report.portal.HttpFacade.issueTSUMessageByXML(HttpFacade.java:891)
[MARK]>>> Open report design using 'reportRunnable = reportEngine.openReportDesign(designFilePath)'.

[PONT]>>> com.cs.birt.report.portal.HttpFacade.issueTSUMessageByXML(HttpFacade.java:952)
[MARK]>>> reportRunnable = org.eclipse.birt.report.engine.api.impl.ReportRunnable@e24ba6da

[PONT]>>> com.cs.birt.report.portal.HttpFacade.issueTSUMessageByXML(HttpFacade.java:955)
[MARK]>>> runAndRenderTask = org.eclipse.birt.report.engine.api.impl.RunAndRenderTask@6859da20

[PONT]>>> com.cs.birt.report.portal.HttpFacade.issueTSUMessageByXML(HttpFacade.java:959)
[MARK]>>> runAndRenderTask = org.eclipse.birt.report.engine.api.impl.RunAndRenderTask@6859da20

<---GO-OUT-METHOD---< com.cs.birt.report.portal.HttpFacade.issueTSUMessageByXML(HttpFacade.java:967) <---UUID-416ab7b58b16456ba25fe812a728723c---<

[INFO]>>> Destroy a debuger:com.cs.birt.utility.Debuger@e24a85aa

[INFO]>>> Create a debuger: com.cs.birt.utility.Debuger@dd21f3ec

>---COME-IN-METHOD---> com.cs.birt.report.portal.HttpFacade.<init>(HttpFacade.java:120) >---UUID-0891b16c6b6d43bebc67fced738c2cc4--->

<---GO-OUT-METHOD---< com.cs.birt.report.portal.HttpFacade.<init>(HttpFacade.java:121) <---UUID-0891b16c6b6d43bebc67fced738c2cc4---<

>---COME-IN-METHOD---> com.cs.birt.report.portal.HttpFacade.doPost(HttpFacade.java:130) >---UUID-6c5b2885c092449687519c54ad4d4152--->

[PONT]>>> com.cs.birt.report.portal.HttpFacade.doPost(HttpFacade.java:131)
[MARK]>>> request = spark.servlet.SparkFilter$1@44225b1
[MARK]>>> response = com.ibm.ws.webcontainer.srt.SRTServletResponse@eaf26fd6

>---COME-IN-METHOD---> com.cs.birt.report.portal.HttpFacade.issueTSUMessageByXML(HttpFacade.java:864) >---UUID-a784fdbfbc8a4cd6bba7d349479a6d09--->

[PONT]>>> com.cs.birt.report.portal.HttpFacade.issueTSUMessageByXML(HttpFacade.java:867)
[MARK]>>> context = {}

[PONT]>>> com.cs.birt.report.portal.HttpFacade.issueTSUMessageByXML(HttpFacade.java:884)
[MARK]>>> hTMLRenderOption = org.eclipse.birt.report.engine.api.HTMLRenderOption@53e6b80

>---COME-IN-METHOD---> com.cs.birt.report.engine.EngineFactory.getReportEngine(EngineFactory.java:169) >---UUID-782e514d314e4dbfb0e21e8ac80223be--->

<---GO-OUT-METHOD---< com.cs.birt.report.engine.EngineFactory.getReportEngine(EngineFactory.java:170) <---UUID-782e514d314e4dbfb0e21e8ac80223be---<

[PONT]>>> com.cs.birt.report.portal.HttpFacade.issueTSUMessageByXML(HttpFacade.java:887)
[MARK]>>> reportEngine = org.eclipse.birt.report.engine.api.impl.ReportEngine@ec9022e5

[PONT]>>> com.cs.birt.report.portal.HttpFacade.issueTSUMessageByXML(HttpFacade.java:891)
[MARK]>>> Open report design using 'reportRunnable = reportEngine.openReportDesign(designFilePath)'.

[PONT]>>> com.cs.birt.report.portal.HttpFacade.issueTSUMessageByXML(HttpFacade.java:952)
[MARK]>>> reportRunnable = org.eclipse.birt.report.engine.api.impl.ReportRunnable@51e58e03

[PONT]>>> com.cs.birt.report.portal.HttpFacade.issueTSUMessageByXML(HttpFacade.java:955)
[MARK]>>> runAndRenderTask = org.eclipse.birt.report.engine.api.impl.RunAndRenderTask@cfca9f4c

[PONT]>>> com.cs.birt.report.portal.HttpFacade.issueTSUMessageByXML(HttpFacade.java:959)
[MARK]>>> runAndRenderTask = org.eclipse.birt.report.engine.api.impl.RunAndRenderTask@cfca9f4c

<---GO-OUT-METHOD---< com.cs.birt.report.portal.HttpFacade.issueTSUMessageByXML(HttpFacade.java:967) <---UUID-a784fdbfbc8a4cd6bba7d349479a6d09---<

[INFO]>>> Destroy a debuger:com.cs.birt.utility.Debuger@dd21f3ec

[INFO]>>> Create a debuger: com.cs.birt.utility.Debuger@845fd3b2

>---COME-IN-METHOD---> com.cs.birt.report.portal.HttpFacade.<init>(HttpFacade.java:120) >---UUID-527dd2ac1fd74953b546ee6911c41b7a--->

<---GO-OUT-METHOD---< com.cs.birt.report.portal.HttpFacade.<init>(HttpFacade.java:121) <---UUID-527dd2ac1fd74953b546ee6911c41b7a---<

>---COME-IN-METHOD---> com.cs.birt.report.portal.HttpFacade.doPost(HttpFacade.java:130) >---UUID-fad5fe13c6c24890b1e5cfae18dba9fc--->

[PONT]>>> com.cs.birt.report.portal.HttpFacade.doPost(HttpFacade.java:131)
[MARK]>>> request = spark.servlet.SparkFilter$1@67b5edf1
[MARK]>>> response = com.ibm.ws.webcontainer.srt.SRTServletResponse@9c5168a8

>---COME-IN-METHOD---> com.cs.birt.report.portal.HttpFacade.issueTSUMessageByXML(HttpFacade.java:864) >---UUID-dfa147c4d9104265a75bd42474ee2faf--->

[PONT]>>> com.cs.birt.report.portal.HttpFacade.issueTSUMessageByXML(HttpFacade.java:867)
[MARK]>>> context = {}

[PONT]>>> com.cs.birt.report.portal.HttpFacade.issueTSUMessageByXML(HttpFacade.java:884)
[MARK]>>> hTMLRenderOption = org.eclipse.birt.report.engine.api.HTMLRenderOption@e06ad36e

>---COME-IN-METHOD---> com.cs.birt.report.engine.EngineFactory.getReportEngine(EngineFactory.java:169) >---UUID-c10d902d7f404fa795136fd99b251d3d--->

<---GO-OUT-METHOD---< com.cs.birt.report.engine.EngineFactory.getReportEngine(EngineFactory.java:170) <---UUID-c10d902d7f404fa795136fd99b251d3d---<

[PONT]>>> com.cs.birt.report.portal.HttpFacade.issueTSUMessageByXML(HttpFacade.java:887)
[MARK]>>> reportEngine = org.eclipse.birt.report.engine.api.impl.ReportEngine@ec9022e5

[PONT]>>> com.cs.birt.report.portal.HttpFacade.issueTSUMessageByXML(HttpFacade.java:891)
[MARK]>>> Open report design using 'reportRunnable = reportEngine.openReportDesign(designFilePath)'.

[PONT]>>> com.cs.birt.report.portal.HttpFacade.issueTSUMessageByXML(HttpFacade.java:952)
[MARK]>>> reportRunnable = org.eclipse.birt.report.engine.api.impl.ReportRunnable@d6a9b379

[PONT]>>> com.cs.birt.report.portal.HttpFacade.issueTSUMessageByXML(HttpFacade.java:955)
[MARK]>>> runAndRenderTask = org.eclipse.birt.report.engine.api.impl.RunAndRenderTask@4c18ddb6

[PONT]>>> com.cs.birt.report.portal.HttpFacade.issueTSUMessageByXML(HttpFacade.java:959)
[MARK]>>> runAndRenderTask = org.eclipse.birt.report.engine.api.impl.RunAndRenderTask@4c18ddb6

<---GO-OUT-METHOD---< com.cs.birt.report.portal.HttpFacade.issueTSUMessageByXML(HttpFacade.java:967) <---UUID-dfa147c4d9104265a75bd42474ee2faf---<

[INFO]>>> Destroy a debuger:com.cs.birt.utility.Debuger@845fd3b2

[INFO]>>> Create a debuger: com.cs.birt.utility.Debuger@34af34ff

>---COME-IN-METHOD---> com.cs.birt.report.portal.HttpFacade.<init>(HttpFacade.java:120) >---UUID-bc633eb2a3a1432ea29ca8b0a9e38d02--->

<---GO-OUT-METHOD---< com.cs.birt.report.portal.HttpFacade.<init>(HttpFacade.java:121) <---UUID-bc633eb2a3a1432ea29ca8b0a9e38d02---<

>---COME-IN-METHOD---> com.cs.birt.report.portal.HttpFacade.doPost(HttpFacade.java:130) >---UUID-9e837c0b29d149b2895336c1f5c2d0ed--->

[PONT]>>> com.cs.birt.report.portal.HttpFacade.doPost(HttpFacade.java:131)
[MARK]>>> request = spark.servlet.SparkFilter$1@14f7042a
[MARK]>>> response = com.ibm.ws.webcontainer.srt.SRTServletResponse@eaf26fd6

>---COME-IN-METHOD---> com.cs.birt.report.portal.HttpFacade.issueTSUMessageByXML(HttpFacade.java:864) >---UUID-06b0da3c967b4c3eae2838dd8e313acb--->

[PONT]>>> com.cs.birt.report.portal.HttpFacade.issueTSUMessageByXML(HttpFacade.java:867)
[MARK]>>> context = {}

[PONT]>>> com.cs.birt.report.portal.HttpFacade.issueTSUMessageByXML(HttpFacade.java:884)
[MARK]>>> hTMLRenderOption = org.eclipse.birt.report.engine.api.HTMLRenderOption@208f59bd

>---COME-IN-METHOD---> com.cs.birt.report.engine.EngineFactory.getReportEngine(EngineFactory.java:169) >---UUID-2338671139ce4bfdab1be2903fce0b5e--->

<---GO-OUT-METHOD---< com.cs.birt.report.engine.EngineFactory.getReportEngine(EngineFactory.java:170) <---UUID-2338671139ce4bfdab1be2903fce0b5e---<

[PONT]>>> com.cs.birt.report.portal.HttpFacade.issueTSUMessageByXML(HttpFacade.java:887)
[MARK]>>> reportEngine = org.eclipse.birt.report.engine.api.impl.ReportEngine@ec9022e5

[PONT]>>> com.cs.birt.report.portal.HttpFacade.issueTSUMessageByXML(HttpFacade.java:891)
[MARK]>>> Open report design using 'reportRunnable = reportEngine.openReportDesign(designFilePath)'.

[PONT]>>> com.cs.birt.report.portal.HttpFacade.issueTSUMessageByXML(HttpFacade.java:952)
[MARK]>>> reportRunnable = org.eclipse.birt.report.engine.api.impl.ReportRunnable@48fd2dd1

[PONT]>>> com.cs.birt.report.portal.HttpFacade.issueTSUMessageByXML(HttpFacade.java:955)
[MARK]>>> runAndRenderTask = org.eclipse.birt.report.engine.api.impl.RunAndRenderTask@3f4eda15

[PONT]>>> com.cs.birt.report.portal.HttpFacade.issueTSUMessageByXML(HttpFacade.java:959)
[MARK]>>> runAndRenderTask = org.eclipse.birt.report.engine.api.impl.RunAndRenderTask@3f4eda15

<---GO-OUT-METHOD---< com.cs.birt.report.portal.HttpFacade.issueTSUMessageByXML(HttpFacade.java:967) <---UUID-06b0da3c967b4c3eae2838dd8e313acb---<

[INFO]>>> Destroy a debuger:com.cs.birt.utility.Debuger@34af34ff

[INFO]>>> Destroy a debuger:com.cs.birt.utility.Debuger@69f8ce5e
