
[INFO]>>> Create a debuger: com.cs.birt.utility.Debuger@4b901a89

>---COME-IN-METHOD---> com.cs.birt.report.portal.HttpFacade.<init>(HttpFacade.java:120) >---UUID-78b06568023a4ecbb1f3d17406f75698--->

<---GO-OUT-METHOD---< com.cs.birt.report.portal.HttpFacade.<init>(HttpFacade.java:121) <---UUID-78b06568023a4ecbb1f3d17406f75698---<

>---COME-IN-METHOD---> com.cs.birt.report.portal.HttpFacade.doPost(HttpFacade.java:130) >---UUID-6214e0bddb924a63ad049808c1cae814--->

[PONT]>>> com.cs.birt.report.portal.HttpFacade.doPost(HttpFacade.java:131)
[MARK]>>> request = spark.servlet.SparkFilter$1@70c2ae5e
[MARK]>>> response = com.ibm.ws.webcontainer.srt.SRTServletResponse@f96b5b5e

>---COME-IN-METHOD---> com.cs.birt.report.portal.HttpFacade.issueTSUMessageByXML(HttpFacade.java:864) >---UUID-e4118be6219a4ccb8c60a4c928eee41b--->

[PONT]>>> com.cs.birt.report.portal.HttpFacade.issueTSUMessageByXML(HttpFacade.java:867)
[MARK]>>> context = {}

[PONT]>>> com.cs.birt.report.portal.HttpFacade.issueTSUMessageByXML(HttpFacade.java:884)
[MARK]>>> hTMLRenderOption = org.eclipse.birt.report.engine.api.HTMLRenderOption@1261d21e

>---COME-IN-METHOD---> com.cs.birt.report.engine.EngineFactory.getReportEngine(EngineFactory.java:256) >---UUID-0e1d6e85d62743ed833d5987b9cb1cd2--->

<---GO-OUT-METHOD---< com.cs.birt.report.engine.EngineFactory.getReportEngine(EngineFactory.java:257) <---UUID-0e1d6e85d62743ed833d5987b9cb1cd2---<

[PONT]>>> com.cs.birt.report.portal.HttpFacade.issueTSUMessageByXML(HttpFacade.java:887)
[MARK]>>> reportEngine = org.eclipse.birt.report.engine.api.impl.ReportEngine@70189d

[PONT]>>> com.cs.birt.report.portal.HttpFacade.issueTSUMessageByXML(HttpFacade.java:891)
[MARK]>>> Open report design using 'reportRunnable = reportEngine.openReportDesign(designFilePath)'.

[PONT]>>> com.cs.birt.report.portal.HttpFacade.issueTSUMessageByXML(HttpFacade.java:952)
[MARK]>>> reportRunnable = org.eclipse.birt.report.engine.api.impl.ReportRunnable@f097113a

[PONT]>>> com.cs.birt.report.portal.HttpFacade.issueTSUMessageByXML(HttpFacade.java:955)
[MARK]>>> runAndRenderTask = org.eclipse.birt.report.engine.api.impl.RunAndRenderTask@b9923428

[PONT]>>> com.cs.birt.report.portal.HttpFacade.issueTSUMessageByXML(HttpFacade.java:959)
[MARK]>>> runAndRenderTask = org.eclipse.birt.report.engine.api.impl.RunAndRenderTask@b9923428

<---GO-OUT-METHOD---< com.cs.birt.report.portal.HttpFacade.issueTSUMessageByXML(HttpFacade.java:967) <---UUID-e4118be6219a4ccb8c60a4c928eee41b---<

[INFO]>>> Destroy a debuger:com.cs.birt.utility.Debuger@4b901a89

[INFO]>>> Create a debuger: com.cs.birt.utility.Debuger@f58e7301

>---COME-IN-METHOD---> com.cs.birt.report.portal.HttpFacade.<init>(HttpFacade.java:120) >---UUID-f584cc99330f4890b3892f19c0967632--->

<---GO-OUT-METHOD---< com.cs.birt.report.portal.HttpFacade.<init>(HttpFacade.java:121) <---UUID-f584cc99330f4890b3892f19c0967632---<

>---COME-IN-METHOD---> com.cs.birt.report.portal.HttpFacade.doPost(HttpFacade.java:130) >---UUID-359c07484fa24534b45901ca58ce8f37--->

[PONT]>>> com.cs.birt.report.portal.HttpFacade.doPost(HttpFacade.java:131)
[MARK]>>> request = spark.servlet.SparkFilter$1@61c35eba
[MARK]>>> response = com.ibm.ws.webcontainer.srt.SRTServletResponse@83652f68

>---COME-IN-METHOD---> com.cs.birt.report.portal.HttpFacade.issueTSUMessageByXML(HttpFacade.java:864) >---UUID-0c44ba2b1ed943fb9ef10c69910b5f7c--->

[PONT]>>> com.cs.birt.report.portal.HttpFacade.issueTSUMessageByXML(HttpFacade.java:867)
[MARK]>>> context = {}

[PONT]>>> com.cs.birt.report.portal.HttpFacade.issueTSUMessageByXML(HttpFacade.java:884)
[MARK]>>> hTMLRenderOption = org.eclipse.birt.report.engine.api.HTMLRenderOption@b36da4e2

>---COME-IN-METHOD---> com.cs.birt.report.engine.EngineFactory.getReportEngine(EngineFactory.java:256) >---UUID-673bba9a32994756b418ff63ac6dc6c9--->

<---GO-OUT-METHOD---< com.cs.birt.report.engine.EngineFactory.getReportEngine(EngineFactory.java:257) <---UUID-673bba9a32994756b418ff63ac6dc6c9---<

[PONT]>>> com.cs.birt.report.portal.HttpFacade.issueTSUMessageByXML(HttpFacade.java:887)
[MARK]>>> reportEngine = org.eclipse.birt.report.engine.api.impl.ReportEngine@70189d

[PONT]>>> com.cs.birt.report.portal.HttpFacade.issueTSUMessageByXML(HttpFacade.java:891)
[MARK]>>> Open report design using 'reportRunnable = reportEngine.openReportDesign(designFilePath)'.

[PONT]>>> com.cs.birt.report.portal.HttpFacade.issueTSUMessageByXML(HttpFacade.java:952)
[MARK]>>> reportRunnable = org.eclipse.birt.report.engine.api.impl.ReportRunnable@cd915d1d

[PONT]>>> com.cs.birt.report.portal.HttpFacade.issueTSUMessageByXML(HttpFacade.java:955)
[MARK]>>> runAndRenderTask = org.eclipse.birt.report.engine.api.impl.RunAndRenderTask@eabd1e51

[PONT]>>> com.cs.birt.report.portal.HttpFacade.issueTSUMessageByXML(HttpFacade.java:959)
[MARK]>>> runAndRenderTask = org.eclipse.birt.report.engine.api.impl.RunAndRenderTask@eabd1e51

<---GO-OUT-METHOD---< com.cs.birt.report.portal.HttpFacade.issueTSUMessageByXML(HttpFacade.java:967) <---UUID-0c44ba2b1ed943fb9ef10c69910b5f7c---<

[INFO]>>> Destroy a debuger:com.cs.birt.utility.Debuger@f58e7301

[INFO]>>> Create a debuger: com.cs.birt.utility.Debuger@40c4b876

>---COME-IN-METHOD---> com.cs.birt.report.portal.HttpFacade.<init>(HttpFacade.java:120) >---UUID-c5b2669faf214f1a9cc1a594916c315c--->

<---GO-OUT-METHOD---< com.cs.birt.report.portal.HttpFacade.<init>(HttpFacade.java:121) <---UUID-c5b2669faf214f1a9cc1a594916c315c---<

>---COME-IN-METHOD---> com.cs.birt.report.portal.HttpFacade.doPost(HttpFacade.java:130) >---UUID-a8a29567ddfc493eb8cb48b61ddea5fc--->

[PONT]>>> com.cs.birt.report.portal.HttpFacade.doPost(HttpFacade.java:131)
[MARK]>>> request = spark.servlet.SparkFilter$1@3bf92eea
[MARK]>>> response = com.ibm.ws.webcontainer.srt.SRTServletResponse@5d7da145

>---COME-IN-METHOD---> com.cs.birt.report.portal.HttpFacade.issueTSUMessageByXML(HttpFacade.java:864) >---UUID-c708d4ed35b84d0495a91cdc530b237f--->

[PONT]>>> com.cs.birt.report.portal.HttpFacade.issueTSUMessageByXML(HttpFacade.java:867)
[MARK]>>> context = {}

[PONT]>>> com.cs.birt.report.portal.HttpFacade.issueTSUMessageByXML(HttpFacade.java:884)
[MARK]>>> hTMLRenderOption = org.eclipse.birt.report.engine.api.HTMLRenderOption@cdbea638

>---COME-IN-METHOD---> com.cs.birt.report.engine.EngineFactory.getReportEngine(EngineFactory.java:256) >---UUID-9ed2923274c84c66a6ef8aacf20221a2--->

<---GO-OUT-METHOD---< com.cs.birt.report.engine.EngineFactory.getReportEngine(EngineFactory.java:257) <---UUID-9ed2923274c84c66a6ef8aacf20221a2---<

[PONT]>>> com.cs.birt.report.portal.HttpFacade.issueTSUMessageByXML(HttpFacade.java:887)
[MARK]>>> reportEngine = org.eclipse.birt.report.engine.api.impl.ReportEngine@70189d

[PONT]>>> com.cs.birt.report.portal.HttpFacade.issueTSUMessageByXML(HttpFacade.java:891)
[MARK]>>> Open report design using 'reportRunnable = reportEngine.openReportDesign(designFilePath)'.

[PONT]>>> com.cs.birt.report.portal.HttpFacade.issueTSUMessageByXML(HttpFacade.java:952)
[MARK]>>> reportRunnable = org.eclipse.birt.report.engine.api.impl.ReportRunnable@b1a55de4

[PONT]>>> com.cs.birt.report.portal.HttpFacade.issueTSUMessageByXML(HttpFacade.java:955)
[MARK]>>> runAndRenderTask = org.eclipse.birt.report.engine.api.impl.RunAndRenderTask@c7b4cc57

[PONT]>>> com.cs.birt.report.portal.HttpFacade.issueTSUMessageByXML(HttpFacade.java:959)
[MARK]>>> runAndRenderTask = org.eclipse.birt.report.engine.api.impl.RunAndRenderTask@c7b4cc57

<---GO-OUT-METHOD---< com.cs.birt.report.portal.HttpFacade.issueTSUMessageByXML(HttpFacade.java:967) <---UUID-c708d4ed35b84d0495a91cdc530b237f---<

[INFO]>>> Destroy a debuger:com.cs.birt.utility.Debuger@40c4b876

[INFO]>>> Create a debuger: com.cs.birt.utility.Debuger@288e5e73

>---COME-IN-METHOD---> com.cs.birt.report.portal.HttpFacade.<init>(HttpFacade.java:120) >---UUID-382d2461fd5f4255bb41ddb688fca389--->

<---GO-OUT-METHOD---< com.cs.birt.report.portal.HttpFacade.<init>(HttpFacade.java:121) <---UUID-382d2461fd5f4255bb41ddb688fca389---<

>---COME-IN-METHOD---> com.cs.birt.report.portal.HttpFacade.doPost(HttpFacade.java:130) >---UUID-6f449bfcb4204a25b700ff15a33c8695--->

[PONT]>>> com.cs.birt.report.portal.HttpFacade.doPost(HttpFacade.java:131)
[MARK]>>> request = spark.servlet.SparkFilter$1@c69faea2
[MARK]>>> response = com.ibm.ws.webcontainer.srt.SRTServletResponse@f96b5b5e

>---COME-IN-METHOD---> com.cs.birt.report.portal.HttpFacade.issueTSUMessageByXML(HttpFacade.java:864) >---UUID-b3cf55b0892340879838120dbf6f4f18--->

[PONT]>>> com.cs.birt.report.portal.HttpFacade.issueTSUMessageByXML(HttpFacade.java:867)
[MARK]>>> context = {}

[PONT]>>> com.cs.birt.report.portal.HttpFacade.issueTSUMessageByXML(HttpFacade.java:884)
[MARK]>>> hTMLRenderOption = org.eclipse.birt.report.engine.api.HTMLRenderOption@107d9bb6

>---COME-IN-METHOD---> com.cs.birt.report.engine.EngineFactory.getReportEngine(EngineFactory.java:256) >---UUID-4391dc5fa91a4f79b9eef928d124257e--->

<---GO-OUT-METHOD---< com.cs.birt.report.engine.EngineFactory.getReportEngine(EngineFactory.java:257) <---UUID-4391dc5fa91a4f79b9eef928d124257e---<

[PONT]>>> com.cs.birt.report.portal.HttpFacade.issueTSUMessageByXML(HttpFacade.java:887)
[MARK]>>> reportEngine = org.eclipse.birt.report.engine.api.impl.ReportEngine@70189d

[PONT]>>> com.cs.birt.report.portal.HttpFacade.issueTSUMessageByXML(HttpFacade.java:891)
[MARK]>>> Open report design using 'reportRunnable = reportEngine.openReportDesign(designFilePath)'.

[PONT]>>> com.cs.birt.report.portal.HttpFacade.issueTSUMessageByXML(HttpFacade.java:952)
[MARK]>>> reportRunnable = org.eclipse.birt.report.engine.api.impl.ReportRunnable@b18f4bf4

[PONT]>>> com.cs.birt.report.portal.HttpFacade.issueTSUMessageByXML(HttpFacade.java:955)
[MARK]>>> runAndRenderTask = org.eclipse.birt.report.engine.api.impl.RunAndRenderTask@c29c734f

[PONT]>>> com.cs.birt.report.portal.HttpFacade.issueTSUMessageByXML(HttpFacade.java:959)
[MARK]>>> runAndRenderTask = org.eclipse.birt.report.engine.api.impl.RunAndRenderTask@c29c734f

<---GO-OUT-METHOD---< com.cs.birt.report.portal.HttpFacade.issueTSUMessageByXML(HttpFacade.java:967) <---UUID-b3cf55b0892340879838120dbf6f4f18---<

[INFO]>>> Destroy a debuger:com.cs.birt.utility.Debuger@288e5e73

[INFO]>>> Create a debuger: com.cs.birt.utility.Debuger@268bbd38

>---COME-IN-METHOD---> com.cs.birt.report.portal.HttpFacade.<init>(HttpFacade.java:120) >---UUID-bdfb3db483974ccaae9ddfc0021a9fbe--->

<---GO-OUT-METHOD---< com.cs.birt.report.portal.HttpFacade.<init>(HttpFacade.java:121) <---UUID-bdfb3db483974ccaae9ddfc0021a9fbe---<

>---COME-IN-METHOD---> com.cs.birt.report.portal.HttpFacade.doPost(HttpFacade.java:130) >---UUID-4c579accb9884682aa624194e62d3a43--->

[PONT]>>> com.cs.birt.report.portal.HttpFacade.doPost(HttpFacade.java:131)
[MARK]>>> request = spark.servlet.SparkFilter$1@babd0934
[MARK]>>> response = com.ibm.ws.webcontainer.srt.SRTServletResponse@83652f68

>---COME-IN-METHOD---> com.cs.birt.report.portal.HttpFacade.issueTSUMessageByXML(HttpFacade.java:864) >---UUID-6f5072313fe9483097ccc6d793301dfd--->

[PONT]>>> com.cs.birt.report.portal.HttpFacade.issueTSUMessageByXML(HttpFacade.java:867)
[MARK]>>> context = {}

[PONT]>>> com.cs.birt.report.portal.HttpFacade.issueTSUMessageByXML(HttpFacade.java:884)
[MARK]>>> hTMLRenderOption = org.eclipse.birt.report.engine.api.HTMLRenderOption@ec6db790

>---COME-IN-METHOD---> com.cs.birt.report.engine.EngineFactory.getReportEngine(EngineFactory.java:256) >---UUID-43b2c2a13f2f4227a62ccf581f648e55--->

<---GO-OUT-METHOD---< com.cs.birt.report.engine.EngineFactory.getReportEngine(EngineFactory.java:257) <---UUID-43b2c2a13f2f4227a62ccf581f648e55---<

[PONT]>>> com.cs.birt.report.portal.HttpFacade.issueTSUMessageByXML(HttpFacade.java:887)
[MARK]>>> reportEngine = org.eclipse.birt.report.engine.api.impl.ReportEngine@70189d

[PONT]>>> com.cs.birt.report.portal.HttpFacade.issueTSUMessageByXML(HttpFacade.java:891)
[MARK]>>> Open report design using 'reportRunnable = reportEngine.openReportDesign(designFilePath)'.

[PONT]>>> com.cs.birt.report.portal.HttpFacade.issueTSUMessageByXML(HttpFacade.java:952)
[MARK]>>> reportRunnable = org.eclipse.birt.report.engine.api.impl.ReportRunnable@e2834485

[PONT]>>> com.cs.birt.report.portal.HttpFacade.issueTSUMessageByXML(HttpFacade.java:955)
[MARK]>>> runAndRenderTask = org.eclipse.birt.report.engine.api.impl.RunAndRenderTask@1985c567

[PONT]>>> com.cs.birt.report.portal.HttpFacade.issueTSUMessageByXML(HttpFacade.java:959)
[MARK]>>> runAndRenderTask = org.eclipse.birt.report.engine.api.impl.RunAndRenderTask@1985c567

<---GO-OUT-METHOD---< com.cs.birt.report.portal.HttpFacade.issueTSUMessageByXML(HttpFacade.java:967) <---UUID-6f5072313fe9483097ccc6d793301dfd---<

[INFO]>>> Destroy a debuger:com.cs.birt.utility.Debuger@268bbd38

[INFO]>>> Create a debuger: com.cs.birt.utility.Debuger@a37887f9

>---COME-IN-METHOD---> com.cs.birt.report.portal.HttpFacade.<init>(HttpFacade.java:120) >---UUID-8074a38cafcb47de8cddbd51a7144627--->

<---GO-OUT-METHOD---< com.cs.birt.report.portal.HttpFacade.<init>(HttpFacade.java:121) <---UUID-8074a38cafcb47de8cddbd51a7144627---<

>---COME-IN-METHOD---> com.cs.birt.report.portal.HttpFacade.doPost(HttpFacade.java:130) >---UUID-70ca859d21744d449b19d86b07f10651--->

[PONT]>>> com.cs.birt.report.portal.HttpFacade.doPost(HttpFacade.java:131)
[MARK]>>> request = spark.servlet.SparkFilter$1@e9745d16
[MARK]>>> response = com.ibm.ws.webcontainer.srt.SRTServletResponse@83652f68

>---COME-IN-METHOD---> com.cs.birt.report.portal.HttpFacade.issueTSUMessageByXML(HttpFacade.java:864) >---UUID-79d60dabcf574f42be5f61ea904cc47a--->

[PONT]>>> com.cs.birt.report.portal.HttpFacade.issueTSUMessageByXML(HttpFacade.java:867)
[MARK]>>> context = {}

[PONT]>>> com.cs.birt.report.portal.HttpFacade.issueTSUMessageByXML(HttpFacade.java:884)
[MARK]>>> hTMLRenderOption = org.eclipse.birt.report.engine.api.HTMLRenderOption@c64decc6

>---COME-IN-METHOD---> com.cs.birt.report.engine.EngineFactory.getReportEngine(EngineFactory.java:256) >---UUID-6f492f01df86495e8f5a086e8ebe1fb2--->

<---GO-OUT-METHOD---< com.cs.birt.report.engine.EngineFactory.getReportEngine(EngineFactory.java:257) <---UUID-6f492f01df86495e8f5a086e8ebe1fb2---<

[PONT]>>> com.cs.birt.report.portal.HttpFacade.issueTSUMessageByXML(HttpFacade.java:887)
[MARK]>>> reportEngine = org.eclipse.birt.report.engine.api.impl.ReportEngine@70189d

[PONT]>>> com.cs.birt.report.portal.HttpFacade.issueTSUMessageByXML(HttpFacade.java:891)
[MARK]>>> Open report design using 'reportRunnable = reportEngine.openReportDesign(designFilePath)'.

[PONT]>>> com.cs.birt.report.portal.HttpFacade.issueTSUMessageByXML(HttpFacade.java:952)
[MARK]>>> reportRunnable = org.eclipse.birt.report.engine.api.impl.ReportRunnable@c508da76

[PONT]>>> com.cs.birt.report.portal.HttpFacade.issueTSUMessageByXML(HttpFacade.java:955)
[MARK]>>> runAndRenderTask = org.eclipse.birt.report.engine.api.impl.RunAndRenderTask@156552a4

[PONT]>>> com.cs.birt.report.portal.HttpFacade.issueTSUMessageByXML(HttpFacade.java:959)
[MARK]>>> runAndRenderTask = org.eclipse.birt.report.engine.api.impl.RunAndRenderTask@156552a4

<---GO-OUT-METHOD---< com.cs.birt.report.portal.HttpFacade.issueTSUMessageByXML(HttpFacade.java:967) <---UUID-79d60dabcf574f42be5f61ea904cc47a---<

[INFO]>>> Destroy a debuger:com.cs.birt.utility.Debuger@a37887f9

[INFO]>>> Create a debuger: com.cs.birt.utility.Debuger@f8ac65d

>---COME-IN-METHOD---> com.cs.birt.report.portal.HttpFacade.<init>(HttpFacade.java:120) >---UUID-676f9bf29d6d4f1bb9d6971ec946d1c5--->

<---GO-OUT-METHOD---< com.cs.birt.report.portal.HttpFacade.<init>(HttpFacade.java:121) <---UUID-676f9bf29d6d4f1bb9d6971ec946d1c5---<

>---COME-IN-METHOD---> com.cs.birt.report.portal.HttpFacade.doPost(HttpFacade.java:130) >---UUID-1045c246fa93494ead100faa6317c28b--->

[PONT]>>> com.cs.birt.report.portal.HttpFacade.doPost(HttpFacade.java:131)
[MARK]>>> request = spark.servlet.SparkFilter$1@d82d07a3
[MARK]>>> response = com.ibm.ws.webcontainer.srt.SRTServletResponse@2239cd46

>---COME-IN-METHOD---> com.cs.birt.report.portal.HttpFacade.issueTSUMessageByXML(HttpFacade.java:864) >---UUID-3f2edb50e4f448c7a2d106337096ee1b--->

[PONT]>>> com.cs.birt.report.portal.HttpFacade.issueTSUMessageByXML(HttpFacade.java:867)
[MARK]>>> context = {}

[PONT]>>> com.cs.birt.report.portal.HttpFacade.issueTSUMessageByXML(HttpFacade.java:884)
[MARK]>>> hTMLRenderOption = org.eclipse.birt.report.engine.api.HTMLRenderOption@c9eb9bb

>---COME-IN-METHOD---> com.cs.birt.report.engine.EngineFactory.getReportEngine(EngineFactory.java:256) >---UUID-c95f442001964b828b0b8898a21e3249--->

<---GO-OUT-METHOD---< com.cs.birt.report.engine.EngineFactory.getReportEngine(EngineFactory.java:257) <---UUID-c95f442001964b828b0b8898a21e3249---<

[PONT]>>> com.cs.birt.report.portal.HttpFacade.issueTSUMessageByXML(HttpFacade.java:887)
[MARK]>>> reportEngine = org.eclipse.birt.report.engine.api.impl.ReportEngine@70189d

[PONT]>>> com.cs.birt.report.portal.HttpFacade.issueTSUMessageByXML(HttpFacade.java:891)
[MARK]>>> Open report design using 'reportRunnable = reportEngine.openReportDesign(designFilePath)'.

[PONT]>>> com.cs.birt.report.portal.HttpFacade.issueTSUMessageByXML(HttpFacade.java:952)
[MARK]>>> reportRunnable = org.eclipse.birt.report.engine.api.impl.ReportRunnable@dfda6727

[PONT]>>> com.cs.birt.report.portal.HttpFacade.issueTSUMessageByXML(HttpFacade.java:955)
[MARK]>>> runAndRenderTask = org.eclipse.birt.report.engine.api.impl.RunAndRenderTask@d67f018e

[PONT]>>> com.cs.birt.report.portal.HttpFacade.issueTSUMessageByXML(HttpFacade.java:959)
[MARK]>>> runAndRenderTask = org.eclipse.birt.report.engine.api.impl.RunAndRenderTask@d67f018e

<---GO-OUT-METHOD---< com.cs.birt.report.portal.HttpFacade.issueTSUMessageByXML(HttpFacade.java:967) <---UUID-3f2edb50e4f448c7a2d106337096ee1b---<

[INFO]>>> Destroy a debuger:com.cs.birt.utility.Debuger@f8ac65d

[INFO]>>> Create a debuger: com.cs.birt.utility.Debuger@f6b8eda5

>---COME-IN-METHOD---> com.cs.birt.report.portal.HttpFacade.<init>(HttpFacade.java:120) >---UUID-58905c109e5a49c3be11e74eda67be2a--->

<---GO-OUT-METHOD---< com.cs.birt.report.portal.HttpFacade.<init>(HttpFacade.java:121) <---UUID-58905c109e5a49c3be11e74eda67be2a---<

>---COME-IN-METHOD---> com.cs.birt.report.portal.HttpFacade.doPost(HttpFacade.java:130) >---UUID-b53230cd7cd74bf1bf8a83ae9e6edc2b--->

[PONT]>>> com.cs.birt.report.portal.HttpFacade.doPost(HttpFacade.java:131)
[MARK]>>> request = spark.servlet.SparkFilter$1@ad160c8b
[MARK]>>> response = com.ibm.ws.webcontainer.srt.SRTServletResponse@5d7da145

>---COME-IN-METHOD---> com.cs.birt.report.portal.HttpFacade.issueTSUMessageByXML(HttpFacade.java:864) >---UUID-ffde2b16a2db4cc2a5297efc98cca0ff--->

[PONT]>>> com.cs.birt.report.portal.HttpFacade.issueTSUMessageByXML(HttpFacade.java:867)
[MARK]>>> context = {}

[PONT]>>> com.cs.birt.report.portal.HttpFacade.issueTSUMessageByXML(HttpFacade.java:884)
[MARK]>>> hTMLRenderOption = org.eclipse.birt.report.engine.api.HTMLRenderOption@6faf4413

>---COME-IN-METHOD---> com.cs.birt.report.engine.EngineFactory.getReportEngine(EngineFactory.java:256) >---UUID-2a05ee79a041411c8854dba1900e6c62--->

<---GO-OUT-METHOD---< com.cs.birt.report.engine.EngineFactory.getReportEngine(EngineFactory.java:257) <---UUID-2a05ee79a041411c8854dba1900e6c62---<

[PONT]>>> com.cs.birt.report.portal.HttpFacade.issueTSUMessageByXML(HttpFacade.java:887)
[MARK]>>> reportEngine = org.eclipse.birt.report.engine.api.impl.ReportEngine@70189d

[PONT]>>> com.cs.birt.report.portal.HttpFacade.issueTSUMessageByXML(HttpFacade.java:891)
[MARK]>>> Open report design using 'reportRunnable = reportEngine.openReportDesign(designFilePath)'.

[PONT]>>> com.cs.birt.report.portal.HttpFacade.issueTSUMessageByXML(HttpFacade.java:952)
[MARK]>>> reportRunnable = org.eclipse.birt.report.engine.api.impl.ReportRunnable@546b685c

[PONT]>>> com.cs.birt.report.portal.HttpFacade.issueTSUMessageByXML(HttpFacade.java:955)
[MARK]>>> runAndRenderTask = org.eclipse.birt.report.engine.api.impl.RunAndRenderTask@1723c0e

[PONT]>>> com.cs.birt.report.portal.HttpFacade.issueTSUMessageByXML(HttpFacade.java:959)
[MARK]>>> runAndRenderTask = org.eclipse.birt.report.engine.api.impl.RunAndRenderTask@1723c0e

<---GO-OUT-METHOD---< com.cs.birt.report.portal.HttpFacade.issueTSUMessageByXML(HttpFacade.java:967) <---UUID-ffde2b16a2db4cc2a5297efc98cca0ff---<

[INFO]>>> Destroy a debuger:com.cs.birt.utility.Debuger@f6b8eda5

[INFO]>>> Create a debuger: com.cs.birt.utility.Debuger@19088d47

>---COME-IN-METHOD---> com.cs.birt.report.portal.HttpFacade.<init>(HttpFacade.java:120) >---UUID-d88306ef7149467f95b590c97860d16a--->

<---GO-OUT-METHOD---< com.cs.birt.report.portal.HttpFacade.<init>(HttpFacade.java:121) <---UUID-d88306ef7149467f95b590c97860d16a---<

>---COME-IN-METHOD---> com.cs.birt.report.portal.HttpFacade.doPost(HttpFacade.java:130) >---UUID-481db64209e5456fb0b38341c782b290--->

[PONT]>>> com.cs.birt.report.portal.HttpFacade.doPost(HttpFacade.java:131)
[MARK]>>> request = spark.servlet.SparkFilter$1@66924768
[MARK]>>> response = com.ibm.ws.webcontainer.srt.SRTServletResponse@29d5da5

>---COME-IN-METHOD---> com.cs.birt.report.portal.HttpFacade.issueTSUMessageByXML(HttpFacade.java:864) >---UUID-9422a2d900d14d299d09d8ac47c14dc4--->

[PONT]>>> com.cs.birt.report.portal.HttpFacade.issueTSUMessageByXML(HttpFacade.java:867)
[MARK]>>> context = {}

[PONT]>>> com.cs.birt.report.portal.HttpFacade.issueTSUMessageByXML(HttpFacade.java:884)
[MARK]>>> hTMLRenderOption = org.eclipse.birt.report.engine.api.HTMLRenderOption@ef460609

>---COME-IN-METHOD---> com.cs.birt.report.engine.EngineFactory.getReportEngine(EngineFactory.java:256) >---UUID-ce8b662d8bc24943b36baac0ea18bd9b--->

<---GO-OUT-METHOD---< com.cs.birt.report.engine.EngineFactory.getReportEngine(EngineFactory.java:257) <---UUID-ce8b662d8bc24943b36baac0ea18bd9b---<

[PONT]>>> com.cs.birt.report.portal.HttpFacade.issueTSUMessageByXML(HttpFacade.java:887)
[MARK]>>> reportEngine = org.eclipse.birt.report.engine.api.impl.ReportEngine@70189d

[PONT]>>> com.cs.birt.report.portal.HttpFacade.issueTSUMessageByXML(HttpFacade.java:891)
[MARK]>>> Open report design using 'reportRunnable = reportEngine.openReportDesign(designFilePath)'.

[PONT]>>> com.cs.birt.report.portal.HttpFacade.issueTSUMessageByXML(HttpFacade.java:952)
[MARK]>>> reportRunnable = org.eclipse.birt.report.engine.api.impl.ReportRunnable@181e816

[PONT]>>> com.cs.birt.report.portal.HttpFacade.issueTSUMessageByXML(HttpFacade.java:955)
[MARK]>>> runAndRenderTask = org.eclipse.birt.report.engine.api.impl.RunAndRenderTask@6d6ccd8

[PONT]>>> com.cs.birt.report.portal.HttpFacade.issueTSUMessageByXML(HttpFacade.java:959)
[MARK]>>> runAndRenderTask = org.eclipse.birt.report.engine.api.impl.RunAndRenderTask@6d6ccd8

<---GO-OUT-METHOD---< com.cs.birt.report.portal.HttpFacade.issueTSUMessageByXML(HttpFacade.java:967) <---UUID-9422a2d900d14d299d09d8ac47c14dc4---<

[INFO]>>> Destroy a debuger:com.cs.birt.utility.Debuger@19088d47

[INFO]>>> Create a debuger: com.cs.birt.utility.Debuger@37aaae5

>---COME-IN-METHOD---> com.cs.birt.report.portal.HttpFacade.<init>(HttpFacade.java:120) >---UUID-6f7a5cfd659d41dd9f8e76a963f39dbd--->

<---GO-OUT-METHOD---< com.cs.birt.report.portal.HttpFacade.<init>(HttpFacade.java:121) <---UUID-6f7a5cfd659d41dd9f8e76a963f39dbd---<

>---COME-IN-METHOD---> com.cs.birt.report.portal.HttpFacade.doPost(HttpFacade.java:130) >---UUID-e52dae4975e7498fbc5f3f998e827700--->

[PONT]>>> com.cs.birt.report.portal.HttpFacade.doPost(HttpFacade.java:131)
[MARK]>>> request = spark.servlet.SparkFilter$1@cf628e88
[MARK]>>> response = com.ibm.ws.webcontainer.srt.SRTServletResponse@d9f59e9

[PONT]>>> com.cs.birt.report.portal.HttpFacade.checkNull(HttpFacade.java:390)
[MARK]>>> designFilePath = /Default/REPORTTEMPLATE/IMCO_VOL_Collection.rptdesign

[PONT]>>> com.cs.birt.report.portal.HttpFacade.checkNull(HttpFacade.java:391)
[MARK]>>> documentType = pdf

[PONT]>>> com.cs.birt.report.portal.HttpFacade.checkNull(HttpFacade.java:392)
[MARK]>>> dsName = EXIMT

>---COME-IN-METHOD---> com.cs.birt.report.portal.HttpFacade.decodeParameter(HttpFacade.java:1179) >---UUID-ed27e7b7df1b44cba8e6120d49d837f5--->

[PONT]>>> com.cs.birt.report.portal.HttpFacade.decodeParameter(HttpFacade.java:1180)
[MARK]>>> parameter = RHJhd2VlIE5hbWU%3D%7C__dataType%7CString%3BQlUgQ29kZQ%3D%3D%7C__dataType%7CString%3BRnJvbSBEYXRl%7CMjAyNS0xMC0yNA%3D%3D__dataType%7CDateTime%3BRW5kIERhdGU%3D%7CMjAyNS0xMC0yNA%3D%3D__dataType%7CDateTime%3B

[PONT]>>> com.cs.birt.report.portal.HttpFacade.decodeParameter(HttpFacade.java:1184)
[MARK]>>> Decode parameter using 'URLDecoder.decode(parameter, HttpFacade.encodingScheme)'.

[PONT]>>> com.cs.birt.report.portal.HttpFacade.decodeParameter(HttpFacade.java:1190)
[MARK]>>> parameter = RHJhd2VlIE5hbWU=|__dataType|String;QlUgQ29kZQ==|__dataType|String;RnJvbSBEYXRl|MjAyNS0xMC0yNA==__dataType|DateTime;RW5kIERhdGU=|MjAyNS0xMC0yNA==__dataType|DateTime;

<---GO-OUT-METHOD---< com.cs.birt.report.portal.HttpFacade.decodeParameter(HttpFacade.java:1192) <---UUID-ed27e7b7df1b44cba8e6120d49d837f5---<

>---COME-IN-METHOD---> com.cs.birt.report.portal.HttpFacade.issueReportFile(HttpFacade.java:492) >---UUID-bf97bdc6f29d476daa405b38c18156ff--->

[PONT]>>> com.cs.birt.report.portal.HttpFacade.issueReportFile(HttpFacade.java:493)
[MARK]>>> designFilePath = /data/EE_PARA/Default/REPORTTEMPLATE/IMCO_VOL_Collection.rptdesign
[MARK]>>> reportFilePath = /data/EE_PARA/TRXDATA/CSBANK/US/DOCS/411de3a770ab440a943913dac91e3c08.pdf
[MARK]>>> docType = pdf

[PONT]>>> com.cs.birt.report.portal.HttpFacade.issueReportFile(HttpFacade.java:496)
[MARK]>>> context = {}

[PONT]>>> com.cs.birt.report.portal.HttpFacade.issueReportFile(HttpFacade.java:500)
[MARK]>>> Get database connection using 'connection = EngineFactory.getConnection()'.

>---COME-IN-METHOD---> com.cs.birt.report.engine.EngineFactory.getConnection(EngineFactory.java:262) >---UUID-4b4b2aa758db42bf9eb7727e866ad99c--->

[PONT]>>> com.cs.birt.report.engine.EngineFactory.getConnection(EngineFactory.java:268)
[MARK]>>> Get connection from data source using 'connection = EngineFactory.dataSource.getConnection()'.

<---GO-OUT-METHOD---< com.cs.birt.report.engine.EngineFactory.getConnection(EngineFactory.java:287) <---UUID-4b4b2aa758db42bf9eb7727e866ad99c---<

[PONT]>>> com.cs.birt.report.portal.HttpFacade.issueReportFile(HttpFacade.java:506)
[MARK]>>> connection = com.ibm.ws.rsadapter.jdbc.WSJdbcConnection@2420e701

[PONT]>>> com.cs.birt.report.portal.HttpFacade.issueReportFile(HttpFacade.java:516)
[MARK]>>> hTMLRenderOption = org.eclipse.birt.report.engine.api.HTMLRenderOption@28fe6fac

>---COME-IN-METHOD---> com.cs.birt.report.engine.EngineFactory.getReportEngine(EngineFactory.java:256) >---UUID-ba378aac8c6c4fa8823e43be31daccad--->

<---GO-OUT-METHOD---< com.cs.birt.report.engine.EngineFactory.getReportEngine(EngineFactory.java:257) <---UUID-ba378aac8c6c4fa8823e43be31daccad---<

[PONT]>>> com.cs.birt.report.portal.HttpFacade.issueReportFile(HttpFacade.java:519)
[MARK]>>> reportEngine = org.eclipse.birt.report.engine.api.impl.ReportEngine@70189d

[PONT]>>> com.cs.birt.report.portal.HttpFacade.issueReportFile(HttpFacade.java:523)
[MARK]>>> Open report design using 'reportRunnable = reportEngine.openReportDesign(designFilePath)'.

[PONT]>>> com.cs.birt.report.portal.HttpFacade.issueReportFile(HttpFacade.java:529)
[MARK]>>> reportRunnable = org.eclipse.birt.report.engine.api.impl.ReportRunnable@f25c3114

[PONT]>>> com.cs.birt.report.portal.HttpFacade.issueReportFile(HttpFacade.java:532)
[MARK]>>> runAndRenderTask = org.eclipse.birt.report.engine.api.impl.RunAndRenderTask@a787ccc8

[PONT]>>> com.cs.birt.report.portal.HttpFacade.issueReportFile(HttpFacade.java:536)
[MARK]>>> runAndRenderTask = org.eclipse.birt.report.engine.api.impl.RunAndRenderTask@a787ccc8

<---GO-OUT-METHOD---< com.cs.birt.report.portal.HttpFacade.issueReportFile(HttpFacade.java:584) <---UUID-bf97bdc6f29d476daa405b38c18156ff---<

<---GO-OUT-METHOD---< com.cs.birt.report.portal.HttpFacade.mergeOnlineOrBatch(HttpFacade.java:382) <---UUID-e52dae4975e7498fbc5f3f998e827700---<

[INFO]>>> Destroy a debuger:com.cs.birt.utility.Debuger@37aaae5

[INFO]>>> Create a debuger: com.cs.birt.utility.Debuger@95e4635

>---COME-IN-METHOD---> com.cs.birt.report.portal.HttpFacade.<init>(HttpFacade.java:120) >---UUID-c118ed4e44884cfbb42fc527634a4f0f--->

<---GO-OUT-METHOD---< com.cs.birt.report.portal.HttpFacade.<init>(HttpFacade.java:121) <---UUID-c118ed4e44884cfbb42fc527634a4f0f---<

>---COME-IN-METHOD---> com.cs.birt.report.portal.HttpFacade.doPost(HttpFacade.java:130) >---UUID-261ec775c8644903ab70ebe5d84ab236--->

[PONT]>>> com.cs.birt.report.portal.HttpFacade.doPost(HttpFacade.java:131)
[MARK]>>> request = spark.servlet.SparkFilter$1@6a5c4ab3
[MARK]>>> response = com.ibm.ws.webcontainer.srt.SRTServletResponse@102e3ab1

>---COME-IN-METHOD---> com.cs.birt.report.portal.HttpFacade.issueTSUMessageByXML(HttpFacade.java:864) >---UUID-faa8cb72d00145ce88da6cce460a1ce9--->

[PONT]>>> com.cs.birt.report.portal.HttpFacade.issueTSUMessageByXML(HttpFacade.java:867)
[MARK]>>> context = {}

[PONT]>>> com.cs.birt.report.portal.HttpFacade.issueTSUMessageByXML(HttpFacade.java:884)
[MARK]>>> hTMLRenderOption = org.eclipse.birt.report.engine.api.HTMLRenderOption@6a7beb58

>---COME-IN-METHOD---> com.cs.birt.report.engine.EngineFactory.getReportEngine(EngineFactory.java:256) >---UUID-96f13dd7ec984f92a8e1396cb92f5902--->

<---GO-OUT-METHOD---< com.cs.birt.report.engine.EngineFactory.getReportEngine(EngineFactory.java:257) <---UUID-96f13dd7ec984f92a8e1396cb92f5902---<

[PONT]>>> com.cs.birt.report.portal.HttpFacade.issueTSUMessageByXML(HttpFacade.java:887)
[MARK]>>> reportEngine = org.eclipse.birt.report.engine.api.impl.ReportEngine@70189d

[PONT]>>> com.cs.birt.report.portal.HttpFacade.issueTSUMessageByXML(HttpFacade.java:891)
[MARK]>>> Open report design using 'reportRunnable = reportEngine.openReportDesign(designFilePath)'.

[PONT]>>> com.cs.birt.report.portal.HttpFacade.issueTSUMessageByXML(HttpFacade.java:952)
[MARK]>>> reportRunnable = org.eclipse.birt.report.engine.api.impl.ReportRunnable@a72a9a95

[PONT]>>> com.cs.birt.report.portal.HttpFacade.issueTSUMessageByXML(HttpFacade.java:955)
[MARK]>>> runAndRenderTask = org.eclipse.birt.report.engine.api.impl.RunAndRenderTask@ac55c2bb

[PONT]>>> com.cs.birt.report.portal.HttpFacade.issueTSUMessageByXML(HttpFacade.java:959)
[MARK]>>> runAndRenderTask = org.eclipse.birt.report.engine.api.impl.RunAndRenderTask@ac55c2bb

<---GO-OUT-METHOD---< com.cs.birt.report.portal.HttpFacade.issueTSUMessageByXML(HttpFacade.java:967) <---UUID-faa8cb72d00145ce88da6cce460a1ce9---<

[INFO]>>> Destroy a debuger:com.cs.birt.utility.Debuger@95e4635

[INFO]>>> Create a debuger: com.cs.birt.utility.Debuger@d1a225d4

>---COME-IN-METHOD---> com.cs.birt.report.portal.HttpFacade.<init>(HttpFacade.java:120) >---UUID-fb913a05fb5143f5bcdf2aa30ba4c8bd--->

<---GO-OUT-METHOD---< com.cs.birt.report.portal.HttpFacade.<init>(HttpFacade.java:121) <---UUID-fb913a05fb5143f5bcdf2aa30ba4c8bd---<

>---COME-IN-METHOD---> com.cs.birt.report.portal.HttpFacade.doPost(HttpFacade.java:130) >---UUID-0a29f61576e8433fb7bab47004f55152--->

[PONT]>>> com.cs.birt.report.portal.HttpFacade.doPost(HttpFacade.java:131)
[MARK]>>> request = spark.servlet.SparkFilter$1@1bdf3068
[MARK]>>> response = com.ibm.ws.webcontainer.srt.SRTServletResponse@90ae207

>---COME-IN-METHOD---> com.cs.birt.report.portal.HttpFacade.issueTSUMessageByXML(HttpFacade.java:864) >---UUID-00f5bff670c6449abc00b1f98238d8c2--->

[PONT]>>> com.cs.birt.report.portal.HttpFacade.issueTSUMessageByXML(HttpFacade.java:867)
[MARK]>>> context = {}

[PONT]>>> com.cs.birt.report.portal.HttpFacade.issueTSUMessageByXML(HttpFacade.java:884)
[MARK]>>> hTMLRenderOption = org.eclipse.birt.report.engine.api.HTMLRenderOption@5e67446b

>---COME-IN-METHOD---> com.cs.birt.report.engine.EngineFactory.getReportEngine(EngineFactory.java:256) >---UUID-711a5addd8ed476c9f353ab0a4f90ec8--->

<---GO-OUT-METHOD---< com.cs.birt.report.engine.EngineFactory.getReportEngine(EngineFactory.java:257) <---UUID-711a5addd8ed476c9f353ab0a4f90ec8---<

[PONT]>>> com.cs.birt.report.portal.HttpFacade.issueTSUMessageByXML(HttpFacade.java:887)
[MARK]>>> reportEngine = org.eclipse.birt.report.engine.api.impl.ReportEngine@70189d

[PONT]>>> com.cs.birt.report.portal.HttpFacade.issueTSUMessageByXML(HttpFacade.java:891)
[MARK]>>> Open report design using 'reportRunnable = reportEngine.openReportDesign(designFilePath)'.

[PONT]>>> com.cs.birt.report.portal.HttpFacade.issueTSUMessageByXML(HttpFacade.java:952)
[MARK]>>> reportRunnable = org.eclipse.birt.report.engine.api.impl.ReportRunnable@a6754611

[PONT]>>> com.cs.birt.report.portal.HttpFacade.issueTSUMessageByXML(HttpFacade.java:955)
[MARK]>>> runAndRenderTask = org.eclipse.birt.report.engine.api.impl.RunAndRenderTask@1286eed6

[PONT]>>> com.cs.birt.report.portal.HttpFacade.issueTSUMessageByXML(HttpFacade.java:959)
[MARK]>>> runAndRenderTask = org.eclipse.birt.report.engine.api.impl.RunAndRenderTask@1286eed6

<---GO-OUT-METHOD---< com.cs.birt.report.portal.HttpFacade.issueTSUMessageByXML(HttpFacade.java:967) <---UUID-00f5bff670c6449abc00b1f98238d8c2---<

[INFO]>>> Destroy a debuger:com.cs.birt.utility.Debuger@d1a225d4

[INFO]>>> Create a debuger: com.cs.birt.utility.Debuger@a0774518

>---COME-IN-METHOD---> com.cs.birt.report.portal.HttpFacade.<init>(HttpFacade.java:120) >---UUID-9f2e0e20202d432d9161492ba7f0a6b6--->

<---GO-OUT-METHOD---< com.cs.birt.report.portal.HttpFacade.<init>(HttpFacade.java:121) <---UUID-9f2e0e20202d432d9161492ba7f0a6b6---<

>---COME-IN-METHOD---> com.cs.birt.report.portal.HttpFacade.doPost(HttpFacade.java:130) >---UUID-1a8d638748fe47f3b26a46e006bc7776--->

[PONT]>>> com.cs.birt.report.portal.HttpFacade.doPost(HttpFacade.java:131)
[MARK]>>> request = spark.servlet.SparkFilter$1@717dc3fb
[MARK]>>> response = com.ibm.ws.webcontainer.srt.SRTServletResponse@29d5da5

>---COME-IN-METHOD---> com.cs.birt.report.portal.HttpFacade.issueTSUMessageByXML(HttpFacade.java:864) >---UUID-d0bf37d99db34e17ba111638a5509219--->

[PONT]>>> com.cs.birt.report.portal.HttpFacade.issueTSUMessageByXML(HttpFacade.java:867)
[MARK]>>> context = {}

[PONT]>>> com.cs.birt.report.portal.HttpFacade.issueTSUMessageByXML(HttpFacade.java:884)
[MARK]>>> hTMLRenderOption = org.eclipse.birt.report.engine.api.HTMLRenderOption@3bdd5d39

>---COME-IN-METHOD---> com.cs.birt.report.engine.EngineFactory.getReportEngine(EngineFactory.java:256) >---UUID-aaa43effb3b040aaa0c8a7884c5a0f6f--->

<---GO-OUT-METHOD---< com.cs.birt.report.engine.EngineFactory.getReportEngine(EngineFactory.java:257) <---UUID-aaa43effb3b040aaa0c8a7884c5a0f6f---<

[PONT]>>> com.cs.birt.report.portal.HttpFacade.issueTSUMessageByXML(HttpFacade.java:887)
[MARK]>>> reportEngine = org.eclipse.birt.report.engine.api.impl.ReportEngine@70189d

[PONT]>>> com.cs.birt.report.portal.HttpFacade.issueTSUMessageByXML(HttpFacade.java:891)
[MARK]>>> Open report design using 'reportRunnable = reportEngine.openReportDesign(designFilePath)'.

[PONT]>>> com.cs.birt.report.portal.HttpFacade.issueTSUMessageByXML(HttpFacade.java:952)
[MARK]>>> reportRunnable = org.eclipse.birt.report.engine.api.impl.ReportRunnable@59492157

[PONT]>>> com.cs.birt.report.portal.HttpFacade.issueTSUMessageByXML(HttpFacade.java:955)
[MARK]>>> runAndRenderTask = org.eclipse.birt.report.engine.api.impl.RunAndRenderTask@f9a42e8c

[PONT]>>> com.cs.birt.report.portal.HttpFacade.issueTSUMessageByXML(HttpFacade.java:959)
[MARK]>>> runAndRenderTask = org.eclipse.birt.report.engine.api.impl.RunAndRenderTask@f9a42e8c

<---GO-OUT-METHOD---< com.cs.birt.report.portal.HttpFacade.issueTSUMessageByXML(HttpFacade.java:967) <---UUID-d0bf37d99db34e17ba111638a5509219---<

[INFO]>>> Destroy a debuger:com.cs.birt.utility.Debuger@a0774518

[INFO]>>> Destroy a debuger:com.cs.birt.utility.Debuger@d00fd04d
