
[INFO]>>> Create a debuger: com.cs.birt.utility.Debuger@79003d12

>---COME-IN-METHOD---> com.cs.birt.report.portal.HttpFacade.<init>(HttpFacade.java:120) >---UUID-3cf31cb7243f4653942bda8f6561a711--->

<---GO-OUT-METHOD---< com.cs.birt.report.portal.HttpFacade.<init>(HttpFacade.java:121) <---UUID-3cf31cb7243f4653942bda8f6561a711---<

>---COME-IN-METHOD---> com.cs.birt.report.portal.HttpFacade.doPost(HttpFacade.java:130) >---UUID-cceaaab3c9994bab8bff21bd0bc6cc1c--->

[PONT]>>> com.cs.birt.report.portal.HttpFacade.doPost(HttpFacade.java:131)
[MARK]>>> request = spark.servlet.SparkFilter$1@faf534f6
[MARK]>>> response = com.ibm.ws.webcontainer.srt.SRTServletResponse@b2026739

>---COME-IN-METHOD---> com.cs.birt.report.portal.HttpFacade.issueTSUMessageByXML(HttpFacade.java:864) >---UUID-29eb36ec974c4aea9305e0e2fc6ba311--->

[PONT]>>> com.cs.birt.report.portal.HttpFacade.issueTSUMessageByXML(HttpFacade.java:867)
[MARK]>>> context = {}

[PONT]>>> com.cs.birt.report.portal.HttpFacade.issueTSUMessageByXML(HttpFacade.java:884)
[MARK]>>> hTMLRenderOption = org.eclipse.birt.report.engine.api.HTMLRenderOption@f91e1bb9

>---COME-IN-METHOD---> com.cs.birt.report.engine.EngineFactory.getReportEngine(EngineFactory.java:169) >---UUID-d45b5ee3e9f7432f91d6e6277e9e5bb3--->

<---GO-OUT-METHOD---< com.cs.birt.report.engine.EngineFactory.getReportEngine(EngineFactory.java:170) <---UUID-d45b5ee3e9f7432f91d6e6277e9e5bb3---<

[PONT]>>> com.cs.birt.report.portal.HttpFacade.issueTSUMessageByXML(HttpFacade.java:887)
[MARK]>>> reportEngine = org.eclipse.birt.report.engine.api.impl.ReportEngine@ec9022e5

[PONT]>>> com.cs.birt.report.portal.HttpFacade.issueTSUMessageByXML(HttpFacade.java:891)
[MARK]>>> Open report design using 'reportRunnable = reportEngine.openReportDesign(designFilePath)'.

[PONT]>>> com.cs.birt.report.portal.HttpFacade.issueTSUMessageByXML(HttpFacade.java:952)
[MARK]>>> reportRunnable = org.eclipse.birt.report.engine.api.impl.ReportRunnable@67d476e0

[PONT]>>> com.cs.birt.report.portal.HttpFacade.issueTSUMessageByXML(HttpFacade.java:955)
[MARK]>>> runAndRenderTask = org.eclipse.birt.report.engine.api.impl.RunAndRenderTask@e56c3709

[PONT]>>> com.cs.birt.report.portal.HttpFacade.issueTSUMessageByXML(HttpFacade.java:959)
[MARK]>>> runAndRenderTask = org.eclipse.birt.report.engine.api.impl.RunAndRenderTask@e56c3709

<---GO-OUT-METHOD---< com.cs.birt.report.portal.HttpFacade.issueTSUMessageByXML(HttpFacade.java:967) <---UUID-29eb36ec974c4aea9305e0e2fc6ba311---<

[INFO]>>> Destroy a debuger:com.cs.birt.utility.Debuger@79003d12

[INFO]>>> Create a debuger: com.cs.birt.utility.Debuger@891ad09c

>---COME-IN-METHOD---> com.cs.birt.report.portal.HttpFacade.<init>(HttpFacade.java:120) >---UUID-ccd2f083e20d4b9e8b2b46c5eb4a34d9--->

<---GO-OUT-METHOD---< com.cs.birt.report.portal.HttpFacade.<init>(HttpFacade.java:121) <---UUID-ccd2f083e20d4b9e8b2b46c5eb4a34d9---<

>---COME-IN-METHOD---> com.cs.birt.report.portal.HttpFacade.doPost(HttpFacade.java:130) >---UUID-0068228ae94a4cee88c39eb42817f106--->

[PONT]>>> com.cs.birt.report.portal.HttpFacade.doPost(HttpFacade.java:131)
[MARK]>>> request = spark.servlet.SparkFilter$1@f59eb3
[MARK]>>> response = com.ibm.ws.webcontainer.srt.SRTServletResponse@acbbe231

>---COME-IN-METHOD---> com.cs.birt.report.portal.HttpFacade.issueTSUMessageByXML(HttpFacade.java:864) >---UUID-815f004e60b846c1b3517ed0456a24f1--->

[PONT]>>> com.cs.birt.report.portal.HttpFacade.issueTSUMessageByXML(HttpFacade.java:867)
[MARK]>>> context = {}

[PONT]>>> com.cs.birt.report.portal.HttpFacade.issueTSUMessageByXML(HttpFacade.java:884)
[MARK]>>> hTMLRenderOption = org.eclipse.birt.report.engine.api.HTMLRenderOption@e3d475dc

>---COME-IN-METHOD---> com.cs.birt.report.engine.EngineFactory.getReportEngine(EngineFactory.java:169) >---UUID-5d458ab5c9724456b080927e1cadf12f--->

<---GO-OUT-METHOD---< com.cs.birt.report.engine.EngineFactory.getReportEngine(EngineFactory.java:170) <---UUID-5d458ab5c9724456b080927e1cadf12f---<

[PONT]>>> com.cs.birt.report.portal.HttpFacade.issueTSUMessageByXML(HttpFacade.java:887)
[MARK]>>> reportEngine = org.eclipse.birt.report.engine.api.impl.ReportEngine@ec9022e5

[PONT]>>> com.cs.birt.report.portal.HttpFacade.issueTSUMessageByXML(HttpFacade.java:891)
[MARK]>>> Open report design using 'reportRunnable = reportEngine.openReportDesign(designFilePath)'.

[PONT]>>> com.cs.birt.report.portal.HttpFacade.issueTSUMessageByXML(HttpFacade.java:952)
[MARK]>>> reportRunnable = org.eclipse.birt.report.engine.api.impl.ReportRunnable@cb16e569

[PONT]>>> com.cs.birt.report.portal.HttpFacade.issueTSUMessageByXML(HttpFacade.java:955)
[MARK]>>> runAndRenderTask = org.eclipse.birt.report.engine.api.impl.RunAndRenderTask@ca87aef4

[PONT]>>> com.cs.birt.report.portal.HttpFacade.issueTSUMessageByXML(HttpFacade.java:959)
[MARK]>>> runAndRenderTask = org.eclipse.birt.report.engine.api.impl.RunAndRenderTask@ca87aef4

<---GO-OUT-METHOD---< com.cs.birt.report.portal.HttpFacade.issueTSUMessageByXML(HttpFacade.java:967) <---UUID-815f004e60b846c1b3517ed0456a24f1---<

[INFO]>>> Destroy a debuger:com.cs.birt.utility.Debuger@891ad09c

[INFO]>>> Create a debuger: com.cs.birt.utility.Debuger@6965a3cf

>---COME-IN-METHOD---> com.cs.birt.report.portal.HttpFacade.<init>(HttpFacade.java:120) >---UUID-1049d6e36b1a4a44994111dda334a17d--->

<---GO-OUT-METHOD---< com.cs.birt.report.portal.HttpFacade.<init>(HttpFacade.java:121) <---UUID-1049d6e36b1a4a44994111dda334a17d---<

>---COME-IN-METHOD---> com.cs.birt.report.portal.HttpFacade.doPost(HttpFacade.java:130) >---UUID-96bbb6e94f764ba2b76e9725e8eee707--->

[PONT]>>> com.cs.birt.report.portal.HttpFacade.doPost(HttpFacade.java:131)
[MARK]>>> request = spark.servlet.SparkFilter$1@65618e17
[MARK]>>> response = com.ibm.ws.webcontainer.srt.SRTServletResponse@e2627e58

>---COME-IN-METHOD---> com.cs.birt.report.portal.HttpFacade.issueTSUMessageByXML(HttpFacade.java:864) >---UUID-4de64808329c49aeb1bbe47055edf6c0--->

[PONT]>>> com.cs.birt.report.portal.HttpFacade.issueTSUMessageByXML(HttpFacade.java:867)
[MARK]>>> context = {}

[PONT]>>> com.cs.birt.report.portal.HttpFacade.issueTSUMessageByXML(HttpFacade.java:884)
[MARK]>>> hTMLRenderOption = org.eclipse.birt.report.engine.api.HTMLRenderOption@ee8b136f

>---COME-IN-METHOD---> com.cs.birt.report.engine.EngineFactory.getReportEngine(EngineFactory.java:169) >---UUID-7dedc2b87e304fbab81f78a867507daa--->

<---GO-OUT-METHOD---< com.cs.birt.report.engine.EngineFactory.getReportEngine(EngineFactory.java:170) <---UUID-7dedc2b87e304fbab81f78a867507daa---<

[PONT]>>> com.cs.birt.report.portal.HttpFacade.issueTSUMessageByXML(HttpFacade.java:887)
[MARK]>>> reportEngine = org.eclipse.birt.report.engine.api.impl.ReportEngine@ec9022e5

[PONT]>>> com.cs.birt.report.portal.HttpFacade.issueTSUMessageByXML(HttpFacade.java:891)
[MARK]>>> Open report design using 'reportRunnable = reportEngine.openReportDesign(designFilePath)'.

[PONT]>>> com.cs.birt.report.portal.HttpFacade.issueTSUMessageByXML(HttpFacade.java:952)
[MARK]>>> reportRunnable = org.eclipse.birt.report.engine.api.impl.ReportRunnable@217a5950

[PONT]>>> com.cs.birt.report.portal.HttpFacade.issueTSUMessageByXML(HttpFacade.java:955)
[MARK]>>> runAndRenderTask = org.eclipse.birt.report.engine.api.impl.RunAndRenderTask@d5d67a28

[PONT]>>> com.cs.birt.report.portal.HttpFacade.issueTSUMessageByXML(HttpFacade.java:959)
[MARK]>>> runAndRenderTask = org.eclipse.birt.report.engine.api.impl.RunAndRenderTask@d5d67a28

<---GO-OUT-METHOD---< com.cs.birt.report.portal.HttpFacade.issueTSUMessageByXML(HttpFacade.java:967) <---UUID-4de64808329c49aeb1bbe47055edf6c0---<

[INFO]>>> Destroy a debuger:com.cs.birt.utility.Debuger@6965a3cf

[INFO]>>> Create a debuger: com.cs.birt.utility.Debuger@f448203c

>---COME-IN-METHOD---> com.cs.birt.report.portal.HttpFacade.<init>(HttpFacade.java:120) >---UUID-bf95a19fd3f547bdb1ffbcc205c0829a--->

<---GO-OUT-METHOD---< com.cs.birt.report.portal.HttpFacade.<init>(HttpFacade.java:121) <---UUID-bf95a19fd3f547bdb1ffbcc205c0829a---<

>---COME-IN-METHOD---> com.cs.birt.report.portal.HttpFacade.doPost(HttpFacade.java:130) >---UUID-9c98c28ad3b7439f9da3f7fdef346e8d--->

[PONT]>>> com.cs.birt.report.portal.HttpFacade.doPost(HttpFacade.java:131)
[MARK]>>> request = spark.servlet.SparkFilter$1@75800752
[MARK]>>> response = com.ibm.ws.webcontainer.srt.SRTServletResponse@432d9f8a

>---COME-IN-METHOD---> com.cs.birt.report.portal.HttpFacade.issueTSUMessageByXML(HttpFacade.java:864) >---UUID-2c9aa699c36d400eb4edd4421f0366e8--->

[PONT]>>> com.cs.birt.report.portal.HttpFacade.issueTSUMessageByXML(HttpFacade.java:867)
[MARK]>>> context = {}

[PONT]>>> com.cs.birt.report.portal.HttpFacade.issueTSUMessageByXML(HttpFacade.java:884)
[MARK]>>> hTMLRenderOption = org.eclipse.birt.report.engine.api.HTMLRenderOption@8e5380e1

>---COME-IN-METHOD---> com.cs.birt.report.engine.EngineFactory.getReportEngine(EngineFactory.java:169) >---UUID-51752b920e4b4c8488b0b1335d897770--->

<---GO-OUT-METHOD---< com.cs.birt.report.engine.EngineFactory.getReportEngine(EngineFactory.java:170) <---UUID-51752b920e4b4c8488b0b1335d897770---<

[PONT]>>> com.cs.birt.report.portal.HttpFacade.issueTSUMessageByXML(HttpFacade.java:887)
[MARK]>>> reportEngine = org.eclipse.birt.report.engine.api.impl.ReportEngine@ec9022e5

[PONT]>>> com.cs.birt.report.portal.HttpFacade.issueTSUMessageByXML(HttpFacade.java:891)
[MARK]>>> Open report design using 'reportRunnable = reportEngine.openReportDesign(designFilePath)'.

[PONT]>>> com.cs.birt.report.portal.HttpFacade.issueTSUMessageByXML(HttpFacade.java:952)
[MARK]>>> reportRunnable = org.eclipse.birt.report.engine.api.impl.ReportRunnable@6b71de56

[PONT]>>> com.cs.birt.report.portal.HttpFacade.issueTSUMessageByXML(HttpFacade.java:955)
[MARK]>>> runAndRenderTask = org.eclipse.birt.report.engine.api.impl.RunAndRenderTask@81b3f834

[PONT]>>> com.cs.birt.report.portal.HttpFacade.issueTSUMessageByXML(HttpFacade.java:959)
[MARK]>>> runAndRenderTask = org.eclipse.birt.report.engine.api.impl.RunAndRenderTask@81b3f834

<---GO-OUT-METHOD---< com.cs.birt.report.portal.HttpFacade.issueTSUMessageByXML(HttpFacade.java:967) <---UUID-2c9aa699c36d400eb4edd4421f0366e8---<

[INFO]>>> Destroy a debuger:com.cs.birt.utility.Debuger@f448203c

[INFO]>>> Create a debuger: com.cs.birt.utility.Debuger@fbaa75f5

>---COME-IN-METHOD---> com.cs.birt.report.portal.HttpFacade.<init>(HttpFacade.java:120) >---UUID-abfbff590ec741d3a94778820bd202ea--->

<---GO-OUT-METHOD---< com.cs.birt.report.portal.HttpFacade.<init>(HttpFacade.java:121) <---UUID-abfbff590ec741d3a94778820bd202ea---<

>---COME-IN-METHOD---> com.cs.birt.report.portal.HttpFacade.doPost(HttpFacade.java:130) >---UUID-45860c6c8bf543838822c7e672c19b1d--->

[PONT]>>> com.cs.birt.report.portal.HttpFacade.doPost(HttpFacade.java:131)
[MARK]>>> request = spark.servlet.SparkFilter$1@9d0f7dba
[MARK]>>> response = com.ibm.ws.webcontainer.srt.SRTServletResponse@44952b43

>---COME-IN-METHOD---> com.cs.birt.report.portal.HttpFacade.issueTSUMessageByXML(HttpFacade.java:864) >---UUID-8a1dd34f5225457bbf96acdc0a04133c--->

[PONT]>>> com.cs.birt.report.portal.HttpFacade.issueTSUMessageByXML(HttpFacade.java:867)
[MARK]>>> context = {}

[PONT]>>> com.cs.birt.report.portal.HttpFacade.issueTSUMessageByXML(HttpFacade.java:884)
[MARK]>>> hTMLRenderOption = org.eclipse.birt.report.engine.api.HTMLRenderOption@6671944f

>---COME-IN-METHOD---> com.cs.birt.report.engine.EngineFactory.getReportEngine(EngineFactory.java:169) >---UUID-9715471d668b49359ef3c9190f638137--->

<---GO-OUT-METHOD---< com.cs.birt.report.engine.EngineFactory.getReportEngine(EngineFactory.java:170) <---UUID-9715471d668b49359ef3c9190f638137---<

[PONT]>>> com.cs.birt.report.portal.HttpFacade.issueTSUMessageByXML(HttpFacade.java:887)
[MARK]>>> reportEngine = org.eclipse.birt.report.engine.api.impl.ReportEngine@ec9022e5

[PONT]>>> com.cs.birt.report.portal.HttpFacade.issueTSUMessageByXML(HttpFacade.java:891)
[MARK]>>> Open report design using 'reportRunnable = reportEngine.openReportDesign(designFilePath)'.

[PONT]>>> com.cs.birt.report.portal.HttpFacade.issueTSUMessageByXML(HttpFacade.java:952)
[MARK]>>> reportRunnable = org.eclipse.birt.report.engine.api.impl.ReportRunnable@8eb650e8

[PONT]>>> com.cs.birt.report.portal.HttpFacade.issueTSUMessageByXML(HttpFacade.java:955)
[MARK]>>> runAndRenderTask = org.eclipse.birt.report.engine.api.impl.RunAndRenderTask@ef4ef63c

[PONT]>>> com.cs.birt.report.portal.HttpFacade.issueTSUMessageByXML(HttpFacade.java:959)
[MARK]>>> runAndRenderTask = org.eclipse.birt.report.engine.api.impl.RunAndRenderTask@ef4ef63c

<---GO-OUT-METHOD---< com.cs.birt.report.portal.HttpFacade.issueTSUMessageByXML(HttpFacade.java:967) <---UUID-8a1dd34f5225457bbf96acdc0a04133c---<

[INFO]>>> Destroy a debuger:com.cs.birt.utility.Debuger@fbaa75f5

[INFO]>>> Create a debuger: com.cs.birt.utility.Debuger@31ae2982

>---COME-IN-METHOD---> com.cs.birt.report.portal.HttpFacade.<init>(HttpFacade.java:120) >---UUID-26c968eec65940c38dbbae6e60b6056b--->

<---GO-OUT-METHOD---< com.cs.birt.report.portal.HttpFacade.<init>(HttpFacade.java:121) <---UUID-26c968eec65940c38dbbae6e60b6056b---<

>---COME-IN-METHOD---> com.cs.birt.report.portal.HttpFacade.doPost(HttpFacade.java:130) >---UUID-81c5040f52464e81b39f842562ac9cff--->

[PONT]>>> com.cs.birt.report.portal.HttpFacade.doPost(HttpFacade.java:131)
[MARK]>>> request = spark.servlet.SparkFilter$1@5f83a2bc
[MARK]>>> response = com.ibm.ws.webcontainer.srt.SRTServletResponse@acbbe231

>---COME-IN-METHOD---> com.cs.birt.report.portal.HttpFacade.issueTSUMessageByXML(HttpFacade.java:864) >---UUID-22848bba937143ce8afc53299d3d987d--->

[PONT]>>> com.cs.birt.report.portal.HttpFacade.issueTSUMessageByXML(HttpFacade.java:867)
[MARK]>>> context = {}

[PONT]>>> com.cs.birt.report.portal.HttpFacade.issueTSUMessageByXML(HttpFacade.java:884)
[MARK]>>> hTMLRenderOption = org.eclipse.birt.report.engine.api.HTMLRenderOption@35ca4604

>---COME-IN-METHOD---> com.cs.birt.report.engine.EngineFactory.getReportEngine(EngineFactory.java:169) >---UUID-0ceb59df45a64a209c278be58838ebec--->

<---GO-OUT-METHOD---< com.cs.birt.report.engine.EngineFactory.getReportEngine(EngineFactory.java:170) <---UUID-0ceb59df45a64a209c278be58838ebec---<

[PONT]>>> com.cs.birt.report.portal.HttpFacade.issueTSUMessageByXML(HttpFacade.java:887)
[MARK]>>> reportEngine = org.eclipse.birt.report.engine.api.impl.ReportEngine@ec9022e5

[PONT]>>> com.cs.birt.report.portal.HttpFacade.issueTSUMessageByXML(HttpFacade.java:891)
[MARK]>>> Open report design using 'reportRunnable = reportEngine.openReportDesign(designFilePath)'.

[PONT]>>> com.cs.birt.report.portal.HttpFacade.issueTSUMessageByXML(HttpFacade.java:952)
[MARK]>>> reportRunnable = org.eclipse.birt.report.engine.api.impl.ReportRunnable@7d35405d

[PONT]>>> com.cs.birt.report.portal.HttpFacade.issueTSUMessageByXML(HttpFacade.java:955)
[MARK]>>> runAndRenderTask = org.eclipse.birt.report.engine.api.impl.RunAndRenderTask@a79706d

[PONT]>>> com.cs.birt.report.portal.HttpFacade.issueTSUMessageByXML(HttpFacade.java:959)
[MARK]>>> runAndRenderTask = org.eclipse.birt.report.engine.api.impl.RunAndRenderTask@a79706d

<---GO-OUT-METHOD---< com.cs.birt.report.portal.HttpFacade.issueTSUMessageByXML(HttpFacade.java:967) <---UUID-22848bba937143ce8afc53299d3d987d---<

[INFO]>>> Destroy a debuger:com.cs.birt.utility.Debuger@31ae2982

[INFO]>>> Create a debuger: com.cs.birt.utility.Debuger@7b775652

>---COME-IN-METHOD---> com.cs.birt.report.portal.HttpFacade.<init>(HttpFacade.java:120) >---UUID-7ef49cecfe734136afd5f37d51adc389--->

<---GO-OUT-METHOD---< com.cs.birt.report.portal.HttpFacade.<init>(HttpFacade.java:121) <---UUID-7ef49cecfe734136afd5f37d51adc389---<

>---COME-IN-METHOD---> com.cs.birt.report.portal.HttpFacade.doPost(HttpFacade.java:130) >---UUID-9342fb730a3048c3919742cf0c47fc36--->

[PONT]>>> com.cs.birt.report.portal.HttpFacade.doPost(HttpFacade.java:131)
[MARK]>>> request = spark.servlet.SparkFilter$1@22af0511
[MARK]>>> response = com.ibm.ws.webcontainer.srt.SRTServletResponse@44952b43

>---COME-IN-METHOD---> com.cs.birt.report.portal.HttpFacade.issueTSUMessageByXML(HttpFacade.java:864) >---UUID-57e3ab1ed879423c8f74e04b2dfb72fe--->

[PONT]>>> com.cs.birt.report.portal.HttpFacade.issueTSUMessageByXML(HttpFacade.java:867)
[MARK]>>> context = {}

[PONT]>>> com.cs.birt.report.portal.HttpFacade.issueTSUMessageByXML(HttpFacade.java:884)
[MARK]>>> hTMLRenderOption = org.eclipse.birt.report.engine.api.HTMLRenderOption@3b5d7c8a

>---COME-IN-METHOD---> com.cs.birt.report.engine.EngineFactory.getReportEngine(EngineFactory.java:169) >---UUID-497c6990161d4a6282d2b7367b99b994--->

<---GO-OUT-METHOD---< com.cs.birt.report.engine.EngineFactory.getReportEngine(EngineFactory.java:170) <---UUID-497c6990161d4a6282d2b7367b99b994---<

[PONT]>>> com.cs.birt.report.portal.HttpFacade.issueTSUMessageByXML(HttpFacade.java:887)
[MARK]>>> reportEngine = org.eclipse.birt.report.engine.api.impl.ReportEngine@ec9022e5

[PONT]>>> com.cs.birt.report.portal.HttpFacade.issueTSUMessageByXML(HttpFacade.java:891)
[MARK]>>> Open report design using 'reportRunnable = reportEngine.openReportDesign(designFilePath)'.

[PONT]>>> com.cs.birt.report.portal.HttpFacade.issueTSUMessageByXML(HttpFacade.java:952)
[MARK]>>> reportRunnable = org.eclipse.birt.report.engine.api.impl.ReportRunnable@fdbc8a80

[PONT]>>> com.cs.birt.report.portal.HttpFacade.issueTSUMessageByXML(HttpFacade.java:955)
[MARK]>>> runAndRenderTask = org.eclipse.birt.report.engine.api.impl.RunAndRenderTask@7ad69ed5

[PONT]>>> com.cs.birt.report.portal.HttpFacade.issueTSUMessageByXML(HttpFacade.java:959)
[MARK]>>> runAndRenderTask = org.eclipse.birt.report.engine.api.impl.RunAndRenderTask@7ad69ed5

<---GO-OUT-METHOD---< com.cs.birt.report.portal.HttpFacade.issueTSUMessageByXML(HttpFacade.java:967) <---UUID-57e3ab1ed879423c8f74e04b2dfb72fe---<

[INFO]>>> Destroy a debuger:com.cs.birt.utility.Debuger@7b775652

[INFO]>>> Create a debuger: com.cs.birt.utility.Debuger@9d53747d

>---COME-IN-METHOD---> com.cs.birt.report.portal.HttpFacade.<init>(HttpFacade.java:120) >---UUID-bcac6a6241414c2ea391c219a6251e6d--->

<---GO-OUT-METHOD---< com.cs.birt.report.portal.HttpFacade.<init>(HttpFacade.java:121) <---UUID-bcac6a6241414c2ea391c219a6251e6d---<

>---COME-IN-METHOD---> com.cs.birt.report.portal.HttpFacade.doPost(HttpFacade.java:130) >---UUID-319e233c577f49d5826fae952d05c95d--->

[PONT]>>> com.cs.birt.report.portal.HttpFacade.doPost(HttpFacade.java:131)
[MARK]>>> request = spark.servlet.SparkFilter$1@8c4d1089
[MARK]>>> response = com.ibm.ws.webcontainer.srt.SRTServletResponse@9c5168a8

>---COME-IN-METHOD---> com.cs.birt.report.portal.HttpFacade.issueTSUMessageByXML(HttpFacade.java:864) >---UUID-2c848a0d154742549f4c0c611d5c9272--->

[PONT]>>> com.cs.birt.report.portal.HttpFacade.issueTSUMessageByXML(HttpFacade.java:867)
[MARK]>>> context = {}

[PONT]>>> com.cs.birt.report.portal.HttpFacade.issueTSUMessageByXML(HttpFacade.java:884)
[MARK]>>> hTMLRenderOption = org.eclipse.birt.report.engine.api.HTMLRenderOption@9d6114b5

>---COME-IN-METHOD---> com.cs.birt.report.engine.EngineFactory.getReportEngine(EngineFactory.java:169) >---UUID-e259a45c17e74b6ebc08d6bd24197fda--->

<---GO-OUT-METHOD---< com.cs.birt.report.engine.EngineFactory.getReportEngine(EngineFactory.java:170) <---UUID-e259a45c17e74b6ebc08d6bd24197fda---<

[PONT]>>> com.cs.birt.report.portal.HttpFacade.issueTSUMessageByXML(HttpFacade.java:887)
[MARK]>>> reportEngine = org.eclipse.birt.report.engine.api.impl.ReportEngine@ec9022e5

[PONT]>>> com.cs.birt.report.portal.HttpFacade.issueTSUMessageByXML(HttpFacade.java:891)
[MARK]>>> Open report design using 'reportRunnable = reportEngine.openReportDesign(designFilePath)'.

[PONT]>>> com.cs.birt.report.portal.HttpFacade.issueTSUMessageByXML(HttpFacade.java:952)
[MARK]>>> reportRunnable = org.eclipse.birt.report.engine.api.impl.ReportRunnable@e3bf00c9

[PONT]>>> com.cs.birt.report.portal.HttpFacade.issueTSUMessageByXML(HttpFacade.java:955)
[MARK]>>> runAndRenderTask = org.eclipse.birt.report.engine.api.impl.RunAndRenderTask@d0ac0cec

[PONT]>>> com.cs.birt.report.portal.HttpFacade.issueTSUMessageByXML(HttpFacade.java:959)
[MARK]>>> runAndRenderTask = org.eclipse.birt.report.engine.api.impl.RunAndRenderTask@d0ac0cec

<---GO-OUT-METHOD---< com.cs.birt.report.portal.HttpFacade.issueTSUMessageByXML(HttpFacade.java:967) <---UUID-2c848a0d154742549f4c0c611d5c9272---<

[INFO]>>> Destroy a debuger:com.cs.birt.utility.Debuger@9d53747d

[INFO]>>> Create a debuger: com.cs.birt.utility.Debuger@7a0ab80b

[PONT]>>> com.cs.birt.report.engine.EngineFactory.buildReportEngine(EngineFactory.java:98)
[MARK]>>> Checking BIRT platform status...

[PONT]>>> com.cs.birt.report.engine.EngineFactory.buildReportEngine(EngineFactory.java:99)
[MARK]>>> Attempting to start BIRT platform using 'Platform.startup(engineConfig)'.

[PONT]>>> com.cs.birt.report.engine.EngineFactory.buildReportEngine(EngineFactory.java:106)
[MARK]>>> Released existing registry provider if any.

[PONT]>>> com.cs.birt.report.engine.EngineFactory.buildReportEngine(EngineFactory.java:113)
[MARK]>>> BIRT platform started by this factory.

[PONT]>>> com.cs.birt.report.engine.EngineFactory.buildReportEngine(EngineFactory.java:128)
[MARK]>>> reportEngineFactory created: org.eclipse.birt.report.engine.api.impl.ReportEngineFactory@8b3164b9

[PONT]>>> com.cs.birt.report.engine.EngineFactory.buildReportEngine(EngineFactory.java:130)
[MARK]>>> reportEngine created: org.eclipse.birt.report.engine.api.impl.ReportEngine@25bffcf0

[INFO]>>> Create a debuger: com.cs.birt.utility.Debuger@d00fd04d

[PONT]>>> com.cs.birt.report.engine.EngineFactory.buildReportEngine(EngineFactory.java:98)
[MARK]>>> Checking BIRT platform status...

[PONT]>>> com.cs.birt.report.engine.EngineFactory.buildReportEngine(EngineFactory.java:99)
[MARK]>>> Attempting to start BIRT platform using 'Platform.startup(engineConfig)'.

[PONT]>>> com.cs.birt.report.engine.EngineFactory.buildReportEngine(EngineFactory.java:106)
[MARK]>>> Released existing registry provider if any.

[PONT]>>> com.cs.birt.report.engine.EngineFactory.buildReportEngine(EngineFactory.java:113)
[MARK]>>> BIRT platform started by this factory.

[PONT]>>> com.cs.birt.report.engine.EngineFactory.buildReportEngine(EngineFactory.java:128)
[MARK]>>> reportEngineFactory created: org.eclipse.birt.report.engine.api.impl.ReportEngineFactory@d4500bd1

[PONT]>>> com.cs.birt.report.engine.EngineFactory.buildReportEngine(EngineFactory.java:130)
[MARK]>>> reportEngine created: org.eclipse.birt.report.engine.api.impl.ReportEngine@70189d

[INFO]>>> Create a debuger: com.cs.birt.utility.Debuger@7528d355

>---COME-IN-METHOD---> com.cs.birt.report.portal.HttpFacade.<clinit>(HttpFacade.java:88) >---UUID-b10254ab67dc40888950d6027d898960--->

[PONT]>>> com.cs.birt.report.portal.HttpFacade.<clinit>(HttpFacade.java:89)
[MARK]>>> HttpFacade.encodingScheme = UTF-8

<---GO-OUT-METHOD---< com.cs.birt.report.portal.HttpFacade.<clinit>(HttpFacade.java:90) <---UUID-b10254ab67dc40888950d6027d898960---<

>---COME-IN-METHOD---> com.cs.birt.report.portal.HttpFacade.<init>(HttpFacade.java:120) >---UUID-540339ea2fa54f03a70e08dc5429fc5b--->

<---GO-OUT-METHOD---< com.cs.birt.report.portal.HttpFacade.<init>(HttpFacade.java:121) <---UUID-540339ea2fa54f03a70e08dc5429fc5b---<

>---COME-IN-METHOD---> com.cs.birt.report.portal.HttpFacade.doPost(HttpFacade.java:130) >---UUID-3a0a39c46d334dad82755848a9b7810b--->

[PONT]>>> com.cs.birt.report.portal.HttpFacade.doPost(HttpFacade.java:131)
[MARK]>>> request = spark.servlet.SparkFilter$1@146de728
[MARK]>>> response = com.ibm.ws.webcontainer.srt.SRTServletResponse@2239cd46

[PONT]>>> com.cs.birt.report.portal.HttpFacade.checkNull(HttpFacade.java:390)
[MARK]>>> designFilePath = /Default/REPORTTEMPLATE/IPLC_SET_Document.rptdesign

[PONT]>>> com.cs.birt.report.portal.HttpFacade.checkNull(HttpFacade.java:391)
[MARK]>>> documentType = pdf

[PONT]>>> com.cs.birt.report.portal.HttpFacade.checkNull(HttpFacade.java:392)
[MARK]>>> dsName = EXIMT

>---COME-IN-METHOD---> com.cs.birt.report.portal.HttpFacade.decodeParameter(HttpFacade.java:1179) >---UUID-a91d15e684b8443ab40bf5efb0ff97bf--->

[PONT]>>> com.cs.birt.report.portal.HttpFacade.decodeParameter(HttpFacade.java:1180)
[MARK]>>> parameter = U3RhcnQgRGF0ZQ%3D%3D%7CMjAyMi0wOS0yOQ%3D%3D__dataType%7CDateTime%3BRW5kIERhdGU%3D%7CMjAyNS0xMC0xNg%3D%3D__dataType%7CDateTime%3B

[PONT]>>> com.cs.birt.report.portal.HttpFacade.decodeParameter(HttpFacade.java:1184)
[MARK]>>> Decode parameter using 'URLDecoder.decode(parameter, HttpFacade.encodingScheme)'.

[PONT]>>> com.cs.birt.report.portal.HttpFacade.decodeParameter(HttpFacade.java:1190)
[MARK]>>> parameter = U3RhcnQgRGF0ZQ==|MjAyMi0wOS0yOQ==__dataType|DateTime;RW5kIERhdGU=|MjAyNS0xMC0xNg==__dataType|DateTime;

<---GO-OUT-METHOD---< com.cs.birt.report.portal.HttpFacade.decodeParameter(HttpFacade.java:1192) <---UUID-a91d15e684b8443ab40bf5efb0ff97bf---<

>---COME-IN-METHOD---> com.cs.birt.report.portal.HttpFacade.issueReportFile(HttpFacade.java:492) >---UUID-b1bd311e07514690b031d0d3b3706404--->

[PONT]>>> com.cs.birt.report.portal.HttpFacade.issueReportFile(HttpFacade.java:493)
[MARK]>>> designFilePath = /data/EE_PARA/Default/REPORTTEMPLATE/IPLC_SET_Document.rptdesign
[MARK]>>> reportFilePath = /data/EE_PARA/TRXDATA/CSBANK/US/DOCS/e6cd913162734973bd8b840259d8639e.pdf
[MARK]>>> docType = pdf

[PONT]>>> com.cs.birt.report.portal.HttpFacade.issueReportFile(HttpFacade.java:496)
[MARK]>>> context = {}

[PONT]>>> com.cs.birt.report.portal.HttpFacade.issueReportFile(HttpFacade.java:500)
[MARK]>>> Get database connection using 'connection = EngineFactory.getConnection()'.

>---COME-IN-METHOD---> com.cs.birt.report.engine.EngineFactory.getConnection(EngineFactory.java:262) >---UUID-80b07540b8434b71aba1b90752a437a2--->

[PONT]>>> com.cs.birt.report.engine.EngineFactory.getConnection(EngineFactory.java:268)
[MARK]>>> Get connection from data source using 'connection = EngineFactory.dataSource.getConnection()'.

<---GO-OUT-METHOD---< com.cs.birt.report.engine.EngineFactory.getConnection(EngineFactory.java:287) <---UUID-80b07540b8434b71aba1b90752a437a2---<

[PONT]>>> com.cs.birt.report.portal.HttpFacade.issueReportFile(HttpFacade.java:506)
[MARK]>>> connection = com.ibm.ws.rsadapter.jdbc.WSJdbcConnection@62c0b06b

[PONT]>>> com.cs.birt.report.portal.HttpFacade.issueReportFile(HttpFacade.java:516)
[MARK]>>> hTMLRenderOption = org.eclipse.birt.report.engine.api.HTMLRenderOption@a8fc4796

>---COME-IN-METHOD---> com.cs.birt.report.engine.EngineFactory.getReportEngine(EngineFactory.java:256) >---UUID-37d35a01b32147f08205e9f9c4814d3d--->

<---GO-OUT-METHOD---< com.cs.birt.report.engine.EngineFactory.getReportEngine(EngineFactory.java:257) <---UUID-37d35a01b32147f08205e9f9c4814d3d---<

[PONT]>>> com.cs.birt.report.portal.HttpFacade.issueReportFile(HttpFacade.java:519)
[MARK]>>> reportEngine = org.eclipse.birt.report.engine.api.impl.ReportEngine@70189d

[PONT]>>> com.cs.birt.report.portal.HttpFacade.issueReportFile(HttpFacade.java:523)
[MARK]>>> Open report design using 'reportRunnable = reportEngine.openReportDesign(designFilePath)'.

[PONT]>>> com.cs.birt.report.portal.HttpFacade.issueReportFile(HttpFacade.java:529)
[MARK]>>> reportRunnable = org.eclipse.birt.report.engine.api.impl.ReportRunnable@5d6d19e7

[PONT]>>> com.cs.birt.report.portal.HttpFacade.issueReportFile(HttpFacade.java:532)
[MARK]>>> runAndRenderTask = org.eclipse.birt.report.engine.api.impl.RunAndRenderTask@fecda2bb

[PONT]>>> com.cs.birt.report.portal.HttpFacade.issueReportFile(HttpFacade.java:536)
[MARK]>>> runAndRenderTask = org.eclipse.birt.report.engine.api.impl.RunAndRenderTask@fecda2bb

<---GO-OUT-METHOD---< com.cs.birt.report.portal.HttpFacade.issueReportFile(HttpFacade.java:584) <---UUID-b1bd311e07514690b031d0d3b3706404---<

<---GO-OUT-METHOD---< com.cs.birt.report.portal.HttpFacade.mergeOnlineOrBatch(HttpFacade.java:382) <---UUID-3a0a39c46d334dad82755848a9b7810b---<

[INFO]>>> Destroy a debuger:com.cs.birt.utility.Debuger@7528d355

[INFO]>>> Create a debuger: com.cs.birt.utility.Debuger@925f5bb2

>---COME-IN-METHOD---> com.cs.birt.report.portal.HttpFacade.<init>(HttpFacade.java:120) >---UUID-af0c15fc6da949c29415c07fdacfa7fc--->

<---GO-OUT-METHOD---< com.cs.birt.report.portal.HttpFacade.<init>(HttpFacade.java:121) <---UUID-af0c15fc6da949c29415c07fdacfa7fc---<

>---COME-IN-METHOD---> com.cs.birt.report.portal.HttpFacade.doPost(HttpFacade.java:130) >---UUID-c95affc8fab149cb9b922d77e53a27c4--->

[PONT]>>> com.cs.birt.report.portal.HttpFacade.doPost(HttpFacade.java:131)
[MARK]>>> request = spark.servlet.SparkFilter$1@6171aeeb
[MARK]>>> response = com.ibm.ws.webcontainer.srt.SRTServletResponse@f96b5b5e

>---COME-IN-METHOD---> com.cs.birt.report.portal.HttpFacade.issueTSUMessageByXML(HttpFacade.java:864) >---UUID-b058cf200e0c426d84cd70d50e497bcf--->

[PONT]>>> com.cs.birt.report.portal.HttpFacade.issueTSUMessageByXML(HttpFacade.java:867)
[MARK]>>> context = {}

[PONT]>>> com.cs.birt.report.portal.HttpFacade.issueTSUMessageByXML(HttpFacade.java:884)
[MARK]>>> hTMLRenderOption = org.eclipse.birt.report.engine.api.HTMLRenderOption@3184688

>---COME-IN-METHOD---> com.cs.birt.report.engine.EngineFactory.getReportEngine(EngineFactory.java:256) >---UUID-c867ab3251e048519f89c1d6e4daeb9d--->

<---GO-OUT-METHOD---< com.cs.birt.report.engine.EngineFactory.getReportEngine(EngineFactory.java:257) <---UUID-c867ab3251e048519f89c1d6e4daeb9d---<

[PONT]>>> com.cs.birt.report.portal.HttpFacade.issueTSUMessageByXML(HttpFacade.java:887)
[MARK]>>> reportEngine = org.eclipse.birt.report.engine.api.impl.ReportEngine@70189d

[PONT]>>> com.cs.birt.report.portal.HttpFacade.issueTSUMessageByXML(HttpFacade.java:891)
[MARK]>>> Open report design using 'reportRunnable = reportEngine.openReportDesign(designFilePath)'.

[PONT]>>> com.cs.birt.report.portal.HttpFacade.issueTSUMessageByXML(HttpFacade.java:952)
[MARK]>>> reportRunnable = org.eclipse.birt.report.engine.api.impl.ReportRunnable@317ffcbb

[PONT]>>> com.cs.birt.report.portal.HttpFacade.issueTSUMessageByXML(HttpFacade.java:955)
[MARK]>>> runAndRenderTask = org.eclipse.birt.report.engine.api.impl.RunAndRenderTask@539ba828

[PONT]>>> com.cs.birt.report.portal.HttpFacade.issueTSUMessageByXML(HttpFacade.java:959)
[MARK]>>> runAndRenderTask = org.eclipse.birt.report.engine.api.impl.RunAndRenderTask@539ba828

<---GO-OUT-METHOD---< com.cs.birt.report.portal.HttpFacade.issueTSUMessageByXML(HttpFacade.java:967) <---UUID-b058cf200e0c426d84cd70d50e497bcf---<

[INFO]>>> Destroy a debuger:com.cs.birt.utility.Debuger@925f5bb2

[INFO]>>> Create a debuger: com.cs.birt.utility.Debuger@f978776f

>---COME-IN-METHOD---> com.cs.birt.report.portal.HttpFacade.<init>(HttpFacade.java:120) >---UUID-7cb2238b831149659da82d36b0a1fc4b--->

<---GO-OUT-METHOD---< com.cs.birt.report.portal.HttpFacade.<init>(HttpFacade.java:121) <---UUID-7cb2238b831149659da82d36b0a1fc4b---<

>---COME-IN-METHOD---> com.cs.birt.report.portal.HttpFacade.doPost(HttpFacade.java:130) >---UUID-986d5e8436e749bd9cf9c547553544f4--->

[PONT]>>> com.cs.birt.report.portal.HttpFacade.doPost(HttpFacade.java:131)
[MARK]>>> request = spark.servlet.SparkFilter$1@592a0f2c
[MARK]>>> response = com.ibm.ws.webcontainer.srt.SRTServletResponse@29d5da5

>---COME-IN-METHOD---> com.cs.birt.report.portal.HttpFacade.issueTSUMessageByXML(HttpFacade.java:864) >---UUID-1ef92356f16a46c08ed3a1186627f745--->

[PONT]>>> com.cs.birt.report.portal.HttpFacade.issueTSUMessageByXML(HttpFacade.java:867)
[MARK]>>> context = {}

[PONT]>>> com.cs.birt.report.portal.HttpFacade.issueTSUMessageByXML(HttpFacade.java:884)
[MARK]>>> hTMLRenderOption = org.eclipse.birt.report.engine.api.HTMLRenderOption@972c7c60

>---COME-IN-METHOD---> com.cs.birt.report.engine.EngineFactory.getReportEngine(EngineFactory.java:256) >---UUID-9db860f0e5f04b4e8f3e6d63d3e01deb--->

<---GO-OUT-METHOD---< com.cs.birt.report.engine.EngineFactory.getReportEngine(EngineFactory.java:257) <---UUID-9db860f0e5f04b4e8f3e6d63d3e01deb---<

[PONT]>>> com.cs.birt.report.portal.HttpFacade.issueTSUMessageByXML(HttpFacade.java:887)
[MARK]>>> reportEngine = org.eclipse.birt.report.engine.api.impl.ReportEngine@70189d

[PONT]>>> com.cs.birt.report.portal.HttpFacade.issueTSUMessageByXML(HttpFacade.java:891)
[MARK]>>> Open report design using 'reportRunnable = reportEngine.openReportDesign(designFilePath)'.

[PONT]>>> com.cs.birt.report.portal.HttpFacade.issueTSUMessageByXML(HttpFacade.java:952)
[MARK]>>> reportRunnable = org.eclipse.birt.report.engine.api.impl.ReportRunnable@3c0ccd4c

[PONT]>>> com.cs.birt.report.portal.HttpFacade.issueTSUMessageByXML(HttpFacade.java:955)
[MARK]>>> runAndRenderTask = org.eclipse.birt.report.engine.api.impl.RunAndRenderTask@5f4942d3

[PONT]>>> com.cs.birt.report.portal.HttpFacade.issueTSUMessageByXML(HttpFacade.java:959)
[MARK]>>> runAndRenderTask = org.eclipse.birt.report.engine.api.impl.RunAndRenderTask@5f4942d3

<---GO-OUT-METHOD---< com.cs.birt.report.portal.HttpFacade.issueTSUMessageByXML(HttpFacade.java:967) <---UUID-1ef92356f16a46c08ed3a1186627f745---<

[INFO]>>> Destroy a debuger:com.cs.birt.utility.Debuger@f978776f

[INFO]>>> Create a debuger: com.cs.birt.utility.Debuger@1de0cbc2

>---COME-IN-METHOD---> com.cs.birt.report.portal.HttpFacade.<init>(HttpFacade.java:120) >---UUID-3e1aeda940bf4559aed3de33dbf59766--->

<---GO-OUT-METHOD---< com.cs.birt.report.portal.HttpFacade.<init>(HttpFacade.java:121) <---UUID-3e1aeda940bf4559aed3de33dbf59766---<

>---COME-IN-METHOD---> com.cs.birt.report.portal.HttpFacade.doPost(HttpFacade.java:130) >---UUID-4099a09320c549bbafae506e1dc6dfac--->

[PONT]>>> com.cs.birt.report.portal.HttpFacade.doPost(HttpFacade.java:131)
[MARK]>>> request = spark.servlet.SparkFilter$1@ade952a7
[MARK]>>> response = com.ibm.ws.webcontainer.srt.SRTServletResponse@5c514749

>---COME-IN-METHOD---> com.cs.birt.report.portal.HttpFacade.issueTSUMessageByXML(HttpFacade.java:864) >---UUID-3a78796818164e7286399ef7cace74c9--->

[PONT]>>> com.cs.birt.report.portal.HttpFacade.issueTSUMessageByXML(HttpFacade.java:867)
[MARK]>>> context = {}

[PONT]>>> com.cs.birt.report.portal.HttpFacade.issueTSUMessageByXML(HttpFacade.java:884)
[MARK]>>> hTMLRenderOption = org.eclipse.birt.report.engine.api.HTMLRenderOption@9e665f81

>---COME-IN-METHOD---> com.cs.birt.report.engine.EngineFactory.getReportEngine(EngineFactory.java:256) >---UUID-8767f1383e0b4f58bd80162de318daee--->

<---GO-OUT-METHOD---< com.cs.birt.report.engine.EngineFactory.getReportEngine(EngineFactory.java:257) <---UUID-8767f1383e0b4f58bd80162de318daee---<

[PONT]>>> com.cs.birt.report.portal.HttpFacade.issueTSUMessageByXML(HttpFacade.java:887)
[MARK]>>> reportEngine = org.eclipse.birt.report.engine.api.impl.ReportEngine@70189d

[PONT]>>> com.cs.birt.report.portal.HttpFacade.issueTSUMessageByXML(HttpFacade.java:891)
[MARK]>>> Open report design using 'reportRunnable = reportEngine.openReportDesign(designFilePath)'.

[PONT]>>> com.cs.birt.report.portal.HttpFacade.issueTSUMessageByXML(HttpFacade.java:952)
[MARK]>>> reportRunnable = org.eclipse.birt.report.engine.api.impl.ReportRunnable@3a44f6b8

[PONT]>>> com.cs.birt.report.portal.HttpFacade.issueTSUMessageByXML(HttpFacade.java:955)
[MARK]>>> runAndRenderTask = org.eclipse.birt.report.engine.api.impl.RunAndRenderTask@95d41017

[PONT]>>> com.cs.birt.report.portal.HttpFacade.issueTSUMessageByXML(HttpFacade.java:959)
[MARK]>>> runAndRenderTask = org.eclipse.birt.report.engine.api.impl.RunAndRenderTask@95d41017

<---GO-OUT-METHOD---< com.cs.birt.report.portal.HttpFacade.issueTSUMessageByXML(HttpFacade.java:967) <---UUID-3a78796818164e7286399ef7cace74c9---<

[INFO]>>> Destroy a debuger:com.cs.birt.utility.Debuger@1de0cbc2

[INFO]>>> Create a debuger: com.cs.birt.utility.Debuger@1ee41c1

>---COME-IN-METHOD---> com.cs.birt.report.portal.HttpFacade.<init>(HttpFacade.java:120) >---UUID-a1d427cc59184106995fbb1a91708e5e--->

<---GO-OUT-METHOD---< com.cs.birt.report.portal.HttpFacade.<init>(HttpFacade.java:121) <---UUID-a1d427cc59184106995fbb1a91708e5e---<

>---COME-IN-METHOD---> com.cs.birt.report.portal.HttpFacade.doPost(HttpFacade.java:130) >---UUID-638d0b71528348e9aa36c4170b03eef2--->

[PONT]>>> com.cs.birt.report.portal.HttpFacade.doPost(HttpFacade.java:131)
[MARK]>>> request = spark.servlet.SparkFilter$1@cbf952b6
[MARK]>>> response = com.ibm.ws.webcontainer.srt.SRTServletResponse@2239cd46

>---COME-IN-METHOD---> com.cs.birt.report.portal.HttpFacade.issueTSUMessageByXML(HttpFacade.java:864) >---UUID-dd34f37067b6440f9718ee4ca7cbc515--->

[PONT]>>> com.cs.birt.report.portal.HttpFacade.issueTSUMessageByXML(HttpFacade.java:867)
[MARK]>>> context = {}

[PONT]>>> com.cs.birt.report.portal.HttpFacade.issueTSUMessageByXML(HttpFacade.java:884)
[MARK]>>> hTMLRenderOption = org.eclipse.birt.report.engine.api.HTMLRenderOption@5a50d819

>---COME-IN-METHOD---> com.cs.birt.report.engine.EngineFactory.getReportEngine(EngineFactory.java:256) >---UUID-6523f17894904d04b3432d3b7f5f2a8b--->

<---GO-OUT-METHOD---< com.cs.birt.report.engine.EngineFactory.getReportEngine(EngineFactory.java:257) <---UUID-6523f17894904d04b3432d3b7f5f2a8b---<

[PONT]>>> com.cs.birt.report.portal.HttpFacade.issueTSUMessageByXML(HttpFacade.java:887)
[MARK]>>> reportEngine = org.eclipse.birt.report.engine.api.impl.ReportEngine@70189d

[PONT]>>> com.cs.birt.report.portal.HttpFacade.issueTSUMessageByXML(HttpFacade.java:891)
[MARK]>>> Open report design using 'reportRunnable = reportEngine.openReportDesign(designFilePath)'.

[PONT]>>> com.cs.birt.report.portal.HttpFacade.issueTSUMessageByXML(HttpFacade.java:952)
[MARK]>>> reportRunnable = org.eclipse.birt.report.engine.api.impl.ReportRunnable@5a49de2b

[PONT]>>> com.cs.birt.report.portal.HttpFacade.issueTSUMessageByXML(HttpFacade.java:955)
[MARK]>>> runAndRenderTask = org.eclipse.birt.report.engine.api.impl.RunAndRenderTask@8f483143

[PONT]>>> com.cs.birt.report.portal.HttpFacade.issueTSUMessageByXML(HttpFacade.java:959)
[MARK]>>> runAndRenderTask = org.eclipse.birt.report.engine.api.impl.RunAndRenderTask@8f483143

<---GO-OUT-METHOD---< com.cs.birt.report.portal.HttpFacade.issueTSUMessageByXML(HttpFacade.java:967) <---UUID-dd34f37067b6440f9718ee4ca7cbc515---<

[INFO]>>> Destroy a debuger:com.cs.birt.utility.Debuger@1ee41c1

[INFO]>>> Create a debuger: com.cs.birt.utility.Debuger@9c72dbb9

>---COME-IN-METHOD---> com.cs.birt.report.portal.HttpFacade.<init>(HttpFacade.java:120) >---UUID-dac787bc68ef488994db6a1b90576929--->

<---GO-OUT-METHOD---< com.cs.birt.report.portal.HttpFacade.<init>(HttpFacade.java:121) <---UUID-dac787bc68ef488994db6a1b90576929---<

>---COME-IN-METHOD---> com.cs.birt.report.portal.HttpFacade.doPost(HttpFacade.java:130) >---UUID-365b39d0c0bb46718b102b000b620287--->

[PONT]>>> com.cs.birt.report.portal.HttpFacade.doPost(HttpFacade.java:131)
[MARK]>>> request = spark.servlet.SparkFilter$1@d5e6ae8f
[MARK]>>> response = com.ibm.ws.webcontainer.srt.SRTServletResponse@f96b5b5e

>---COME-IN-METHOD---> com.cs.birt.report.portal.HttpFacade.issueTSUMessageByXML(HttpFacade.java:864) >---UUID-143b8a173cf2496f84d6d26a3741a58c--->

[PONT]>>> com.cs.birt.report.portal.HttpFacade.issueTSUMessageByXML(HttpFacade.java:867)
[MARK]>>> context = {}

[PONT]>>> com.cs.birt.report.portal.HttpFacade.issueTSUMessageByXML(HttpFacade.java:884)
[MARK]>>> hTMLRenderOption = org.eclipse.birt.report.engine.api.HTMLRenderOption@70a01e2d

>---COME-IN-METHOD---> com.cs.birt.report.engine.EngineFactory.getReportEngine(EngineFactory.java:256) >---UUID-be9a2e057d0f4c9bb66b03da2ecd3320--->

<---GO-OUT-METHOD---< com.cs.birt.report.engine.EngineFactory.getReportEngine(EngineFactory.java:257) <---UUID-be9a2e057d0f4c9bb66b03da2ecd3320---<

[PONT]>>> com.cs.birt.report.portal.HttpFacade.issueTSUMessageByXML(HttpFacade.java:887)
[MARK]>>> reportEngine = org.eclipse.birt.report.engine.api.impl.ReportEngine@70189d

[PONT]>>> com.cs.birt.report.portal.HttpFacade.issueTSUMessageByXML(HttpFacade.java:891)
[MARK]>>> Open report design using 'reportRunnable = reportEngine.openReportDesign(designFilePath)'.

[PONT]>>> com.cs.birt.report.portal.HttpFacade.issueTSUMessageByXML(HttpFacade.java:952)
[MARK]>>> reportRunnable = org.eclipse.birt.report.engine.api.impl.ReportRunnable@3fd97ede

[PONT]>>> com.cs.birt.report.portal.HttpFacade.issueTSUMessageByXML(HttpFacade.java:955)
[MARK]>>> runAndRenderTask = org.eclipse.birt.report.engine.api.impl.RunAndRenderTask@2beaab62

[PONT]>>> com.cs.birt.report.portal.HttpFacade.issueTSUMessageByXML(HttpFacade.java:959)
[MARK]>>> runAndRenderTask = org.eclipse.birt.report.engine.api.impl.RunAndRenderTask@2beaab62

<---GO-OUT-METHOD---< com.cs.birt.report.portal.HttpFacade.issueTSUMessageByXML(HttpFacade.java:967) <---UUID-143b8a173cf2496f84d6d26a3741a58c---<

[INFO]>>> Destroy a debuger:com.cs.birt.utility.Debuger@9c72dbb9

[INFO]>>> Create a debuger: com.cs.birt.utility.Debuger@d17c17de

>---COME-IN-METHOD---> com.cs.birt.report.portal.HttpFacade.<init>(HttpFacade.java:120) >---UUID-e5922819726f40f185114f0a476a0663--->

<---GO-OUT-METHOD---< com.cs.birt.report.portal.HttpFacade.<init>(HttpFacade.java:121) <---UUID-e5922819726f40f185114f0a476a0663---<

>---COME-IN-METHOD---> com.cs.birt.report.portal.HttpFacade.doPost(HttpFacade.java:130) >---UUID-a44f598701d4496880b1d54ed934ec2d--->

[PONT]>>> com.cs.birt.report.portal.HttpFacade.doPost(HttpFacade.java:131)
[MARK]>>> request = spark.servlet.SparkFilter$1@f548df48
[MARK]>>> response = com.ibm.ws.webcontainer.srt.SRTServletResponse@f96b5b5e

>---COME-IN-METHOD---> com.cs.birt.report.portal.HttpFacade.issueTSUMessageByXML(HttpFacade.java:864) >---UUID-28b32da8dcbd41bda569e3c6f1964294--->

[PONT]>>> com.cs.birt.report.portal.HttpFacade.issueTSUMessageByXML(HttpFacade.java:867)
[MARK]>>> context = {}

[PONT]>>> com.cs.birt.report.portal.HttpFacade.issueTSUMessageByXML(HttpFacade.java:884)
[MARK]>>> hTMLRenderOption = org.eclipse.birt.report.engine.api.HTMLRenderOption@543cc082

>---COME-IN-METHOD---> com.cs.birt.report.engine.EngineFactory.getReportEngine(EngineFactory.java:256) >---UUID-4abcdd71859045e28bff05e8fa4ff4d0--->

<---GO-OUT-METHOD---< com.cs.birt.report.engine.EngineFactory.getReportEngine(EngineFactory.java:257) <---UUID-4abcdd71859045e28bff05e8fa4ff4d0---<

[PONT]>>> com.cs.birt.report.portal.HttpFacade.issueTSUMessageByXML(HttpFacade.java:887)
[MARK]>>> reportEngine = org.eclipse.birt.report.engine.api.impl.ReportEngine@70189d

[PONT]>>> com.cs.birt.report.portal.HttpFacade.issueTSUMessageByXML(HttpFacade.java:891)
[MARK]>>> Open report design using 'reportRunnable = reportEngine.openReportDesign(designFilePath)'.

[PONT]>>> com.cs.birt.report.portal.HttpFacade.issueTSUMessageByXML(HttpFacade.java:952)
[MARK]>>> reportRunnable = org.eclipse.birt.report.engine.api.impl.ReportRunnable@90b1147e

[PONT]>>> com.cs.birt.report.portal.HttpFacade.issueTSUMessageByXML(HttpFacade.java:955)
[MARK]>>> runAndRenderTask = org.eclipse.birt.report.engine.api.impl.RunAndRenderTask@90651797

[PONT]>>> com.cs.birt.report.portal.HttpFacade.issueTSUMessageByXML(HttpFacade.java:959)
[MARK]>>> runAndRenderTask = org.eclipse.birt.report.engine.api.impl.RunAndRenderTask@90651797

<---GO-OUT-METHOD---< com.cs.birt.report.portal.HttpFacade.issueTSUMessageByXML(HttpFacade.java:967) <---UUID-28b32da8dcbd41bda569e3c6f1964294---<

[INFO]>>> Destroy a debuger:com.cs.birt.utility.Debuger@d17c17de

[INFO]>>> Create a debuger: com.cs.birt.utility.Debuger@aa41e0f8

>---COME-IN-METHOD---> com.cs.birt.report.portal.HttpFacade.<init>(HttpFacade.java:120) >---UUID-856a643da8c8441ea04b171c5bb858fa--->

<---GO-OUT-METHOD---< com.cs.birt.report.portal.HttpFacade.<init>(HttpFacade.java:121) <---UUID-856a643da8c8441ea04b171c5bb858fa---<

>---COME-IN-METHOD---> com.cs.birt.report.portal.HttpFacade.doPost(HttpFacade.java:130) >---UUID-8e21cf2c458640ac8f8065fab6342e34--->

[PONT]>>> com.cs.birt.report.portal.HttpFacade.doPost(HttpFacade.java:131)
[MARK]>>> request = spark.servlet.SparkFilter$1@3f5cb6c9
[MARK]>>> response = com.ibm.ws.webcontainer.srt.SRTServletResponse@5c514749

>---COME-IN-METHOD---> com.cs.birt.report.portal.HttpFacade.issueTSUMessageByXML(HttpFacade.java:864) >---UUID-dacc752cb69b4d1183d7beef610bcc1b--->

[PONT]>>> com.cs.birt.report.portal.HttpFacade.issueTSUMessageByXML(HttpFacade.java:867)
[MARK]>>> context = {}

[PONT]>>> com.cs.birt.report.portal.HttpFacade.issueTSUMessageByXML(HttpFacade.java:884)
[MARK]>>> hTMLRenderOption = org.eclipse.birt.report.engine.api.HTMLRenderOption@708bcc22

>---COME-IN-METHOD---> com.cs.birt.report.engine.EngineFactory.getReportEngine(EngineFactory.java:256) >---UUID-0f61684ec29a42fdacc41aaafcf32487--->

<---GO-OUT-METHOD---< com.cs.birt.report.engine.EngineFactory.getReportEngine(EngineFactory.java:257) <---UUID-0f61684ec29a42fdacc41aaafcf32487---<

[PONT]>>> com.cs.birt.report.portal.HttpFacade.issueTSUMessageByXML(HttpFacade.java:887)
[MARK]>>> reportEngine = org.eclipse.birt.report.engine.api.impl.ReportEngine@70189d

[PONT]>>> com.cs.birt.report.portal.HttpFacade.issueTSUMessageByXML(HttpFacade.java:891)
[MARK]>>> Open report design using 'reportRunnable = reportEngine.openReportDesign(designFilePath)'.

[PONT]>>> com.cs.birt.report.portal.HttpFacade.issueTSUMessageByXML(HttpFacade.java:952)
[MARK]>>> reportRunnable = org.eclipse.birt.report.engine.api.impl.ReportRunnable@d955faa

[PONT]>>> com.cs.birt.report.portal.HttpFacade.issueTSUMessageByXML(HttpFacade.java:955)
[MARK]>>> runAndRenderTask = org.eclipse.birt.report.engine.api.impl.RunAndRenderTask@d5b03abf

[PONT]>>> com.cs.birt.report.portal.HttpFacade.issueTSUMessageByXML(HttpFacade.java:959)
[MARK]>>> runAndRenderTask = org.eclipse.birt.report.engine.api.impl.RunAndRenderTask@d5b03abf

<---GO-OUT-METHOD---< com.cs.birt.report.portal.HttpFacade.issueTSUMessageByXML(HttpFacade.java:967) <---UUID-dacc752cb69b4d1183d7beef610bcc1b---<

[INFO]>>> Destroy a debuger:com.cs.birt.utility.Debuger@aa41e0f8

[INFO]>>> Destroy a debuger:com.cs.birt.utility.Debuger@d00fd04d
