
[INFO]>>> Create a debuger: com.cs.birt.utility.Debuger@1751e85f

>---COME-IN-METHOD---> com.cs.birt.report.portal.HttpFacade.<clinit>(HttpFacade.java:88) >---UUID-8f47d06ae40146af800902e5a35e93f9--->

[PONT]>>> com.cs.birt.report.portal.HttpFacade.<clinit>(HttpFacade.java:89)
[MARK]>>> HttpFacade.encodingScheme = UTF-8

<---GO-OUT-METHOD---< com.cs.birt.report.portal.HttpFacade.<clinit>(HttpFacade.java:90) <---UUID-8f47d06ae40146af800902e5a35e93f9---<

>---COME-IN-METHOD---> com.cs.birt.report.portal.HttpFacade.<init>(HttpFacade.java:120) >---UUID-6636a8c113a747768e6259684f32f930--->

<---GO-OUT-METHOD---< com.cs.birt.report.portal.HttpFacade.<init>(HttpFacade.java:121) <---UUID-6636a8c113a747768e6259684f32f930---<

>---COME-IN-METHOD---> com.cs.birt.report.portal.HttpFacade.doPost(HttpFacade.java:130) >---UUID-146c05c13e20414888d2f10e590a9d33--->

[PONT]>>> com.cs.birt.report.portal.HttpFacade.doPost(HttpFacade.java:131)
[MARK]>>> request = spark.servlet.SparkFilter$1@139d84b5
[MARK]>>> response = com.ibm.ws.webcontainer.srt.SRTServletResponse@a9bedb50

>---COME-IN-METHOD---> com.cs.birt.report.portal.HttpFacade.issueTSUMessageByXML(HttpFacade.java:864) >---UUID-cfba7a83fb7d4df6949c1aebf66a2a2a--->

[PONT]>>> com.cs.birt.report.portal.HttpFacade.issueTSUMessageByXML(HttpFacade.java:867)
[MARK]>>> context = {}

[PONT]>>> com.cs.birt.report.portal.HttpFacade.issueTSUMessageByXML(HttpFacade.java:884)
[MARK]>>> hTMLRenderOption = org.eclipse.birt.report.engine.api.HTMLRenderOption@badebeb5

>---COME-IN-METHOD---> com.cs.birt.report.engine.EngineFactory.getReportEngine(EngineFactory.java:256) >---UUID-76bcd405cdc7495aa71b5783e3cf080e--->

<---GO-OUT-METHOD---< com.cs.birt.report.engine.EngineFactory.getReportEngine(EngineFactory.java:257) <---UUID-76bcd405cdc7495aa71b5783e3cf080e---<

[PONT]>>> com.cs.birt.report.portal.HttpFacade.issueTSUMessageByXML(HttpFacade.java:887)
[MARK]>>> reportEngine = org.eclipse.birt.report.engine.api.impl.ReportEngine@c87dd7db

[PONT]>>> com.cs.birt.report.portal.HttpFacade.issueTSUMessageByXML(HttpFacade.java:891)
[MARK]>>> Open report design using 'reportRunnable = reportEngine.openReportDesign(designFilePath)'.

[PONT]>>> com.cs.birt.report.portal.HttpFacade.issueTSUMessageByXML(HttpFacade.java:952)
[MARK]>>> reportRunnable = org.eclipse.birt.report.engine.api.impl.ReportRunnable@249578ea

[PONT]>>> com.cs.birt.report.portal.HttpFacade.issueTSUMessageByXML(HttpFacade.java:955)
[MARK]>>> runAndRenderTask = org.eclipse.birt.report.engine.api.impl.RunAndRenderTask@3bc08cbf

[PONT]>>> com.cs.birt.report.portal.HttpFacade.issueTSUMessageByXML(HttpFacade.java:959)
[MARK]>>> runAndRenderTask = org.eclipse.birt.report.engine.api.impl.RunAndRenderTask@3bc08cbf

<---GO-OUT-METHOD---< com.cs.birt.report.portal.HttpFacade.issueTSUMessageByXML(HttpFacade.java:967) <---UUID-cfba7a83fb7d4df6949c1aebf66a2a2a---<

[INFO]>>> Destroy a debuger:com.cs.birt.utility.Debuger@1751e85f

[INFO]>>> Destroy a debuger:com.cs.birt.utility.Debuger@d1006907
