Sep 17, 2025 2:56:38 AM org.eclipse.birt.report.engine.layout.pdf.font.FontConfigReader
INFO: load font config in wsjar:file:/data/EE_PARA/EE_LIB/org.eclipse.birt.runtime-3.7.2.v20120214-1408.jar!/fontsConfig.xml cost 18ms
Sep 17, 2025 2:56:38 AM org.eclipse.birt.report.engine.layout.pdf.font.FontConfigReader
INFO: register fonts in /usr/openwin/lib/locale/ko.UTF-8/X11/fonts/TrueType cost:0ms
Sep 17, 2025 2:56:38 AM org.eclipse.birt.report.engine.layout.pdf.font.FontConfigReader
INFO: register fonts in /usr/openwin/lib/locale/zh/X11/fonts/TrueType cost:0ms
Sep 17, 2025 2:56:38 AM org.eclipse.birt.report.engine.layout.pdf.font.FontConfigReader
INFO: register fonts in /var/lib/defoma/x-ttcidfont-conf.d/dirs/TrueType cost:0ms
Sep 17, 2025 2:56:38 AM org.eclipse.birt.report.engine.layout.pdf.font.FontConfigReader
INFO: register fonts in /usr/openwin/lib/locale/KOI8-R/X11/fonts/TrueType cost:0ms
Sep 17, 2025 2:56:38 AM org.eclipse.birt.report.engine.layout.pdf.font.FontConfigReader
INFO: register fonts in /usr/share/fonts/zh_CN/TrueType cost:0ms
Sep 17, 2025 2:56:38 AM org.eclipse.birt.report.engine.layout.pdf.font.FontConfigReader
INFO: register fonts in /usr/X11R6/lib/X11/fonts/truetype cost:0ms
Sep 17, 2025 2:56:38 AM org.eclipse.birt.report.engine.layout.pdf.font.FontConfigReader
INFO: register fonts in /usr/openwin/lib/locale/zh_HK.BIG5HK/X11/fonts/TT cost:0ms
Sep 17, 2025 2:56:38 AM org.eclipse.birt.report.engine.layout.pdf.font.FontConfigReader
INFO: register fonts in /usr/X11R6/lib/X11/fonts/tt cost:0ms
Sep 17, 2025 2:56:38 AM org.eclipse.birt.report.engine.layout.pdf.font.FontConfigReader
INFO: register fonts in /usr/openwin/lib/locale/ar/X11/fonts/TrueType cost:0ms
Sep 17, 2025 2:56:38 AM org.eclipse.birt.report.engine.layout.pdf.font.FontConfigReader
INFO: register fonts in /usr/openwin/lib/locale/zh_TW.BIG5/X11/fonts/TT cost:0ms
Sep 17, 2025 2:56:38 AM org.eclipse.birt.report.engine.layout.pdf.font.FontConfigReader
INFO: register fonts in /usr/openwin/lib/locale/ja/X11/fonts/TT cost:0ms
Sep 17, 2025 2:56:38 AM org.eclipse.birt.report.engine.layout.pdf.font.FontConfigReader
INFO: register fonts in d:/windows/fonts cost:0ms
Sep 17, 2025 2:56:38 AM org.eclipse.birt.report.engine.layout.pdf.font.FontConfigReader
INFO: register fonts in /usr/openwin/lib/locale/iso_8859_2/X11/fonts/TrueType cost:0ms
Sep 17, 2025 2:56:38 AM org.eclipse.birt.report.engine.layout.pdf.font.FontConfigReader
INFO: register fonts in /usr/openwin/lib/locale/iso_8859_5/X11/fonts/TrueType cost:0ms
Sep 17, 2025 2:56:38 AM org.eclipse.birt.report.engine.layout.pdf.font.FontConfigReader
INFO: register fonts in /usr/openwin/lib/locale/hi_IN.UTF-8/X11/fonts/TrueType cost:0ms
Sep 17, 2025 2:56:38 AM org.eclipse.birt.report.engine.layout.pdf.font.FontConfigReader
INFO: register fonts in /usr/X11R6/lib/X11/fonts/TTF cost:0ms
Sep 17, 2025 2:56:38 AM org.eclipse.birt.report.engine.layout.pdf.font.FontConfigReader
INFO: register fonts in /usr/openwin/lib/locale/zh.GBK/X11/fonts/TrueType cost:0ms
Sep 17, 2025 2:56:38 AM org.eclipse.birt.report.engine.layout.pdf.font.FontConfigReader
INFO: register fonts in /usr/share/fonts/ja/TrueType cost:0ms
Sep 17, 2025 2:56:38 AM org.eclipse.birt.report.engine.layout.pdf.font.FontConfigReader
INFO: register fonts in /usr/openwin/lib/locale/zh_TW/X11/fonts/TrueType cost:0ms
Sep 17, 2025 2:56:38 AM org.eclipse.birt.report.engine.layout.pdf.font.FontConfigReader
INFO: register fonts in C:/windows/fonts cost:19ms
Sep 17, 2025 2:56:38 AM org.eclipse.birt.report.engine.layout.pdf.font.FontConfigReader
INFO: register fonts in /usr/X11R6/lib/X11/fonts/OTF cost:0ms
Sep 17, 2025 2:56:38 AM org.eclipse.birt.report.engine.layout.pdf.font.FontConfigReader
INFO: register fonts in e:/windows/fonts cost:0ms
Sep 17, 2025 2:56:38 AM org.eclipse.birt.report.engine.layout.pdf.font.FontConfigReader
INFO: register fonts in e:/WINNT/fonts cost:0ms
Sep 17, 2025 2:56:38 AM org.eclipse.birt.report.engine.layout.pdf.font.FontConfigReader
INFO: register fonts in /usr/openwin/lib/locale/iso_8859_9/X11/fonts/TrueType cost:0ms
Sep 17, 2025 2:56:38 AM org.eclipse.birt.report.engine.layout.pdf.font.FontConfigReader
INFO: register fonts in d:/WINNT/fonts cost:0ms
Sep 17, 2025 2:56:38 AM org.eclipse.birt.report.engine.layout.pdf.font.FontConfigReader
INFO: register fonts in g:/WINNT/fonts cost:0ms
Sep 17, 2025 2:56:38 AM org.eclipse.birt.report.engine.layout.pdf.font.FontConfigReader
INFO: register fonts in /usr/openwin/lib/locale/iso_8859_8/X11/fonts/TrueType cost:0ms
Sep 17, 2025 2:56:38 AM org.eclipse.birt.report.engine.layout.pdf.font.FontConfigReader
INFO: register fonts in /usr/share/fonts/zh_TW/TrueType cost:0ms
Sep 17, 2025 2:56:38 AM org.eclipse.birt.report.engine.layout.pdf.font.FontConfigReader
INFO: register fonts in /usr/openwin/lib/locale/ru.ansi-1251/X11/fonts/TrueType cost:0ms
Sep 17, 2025 2:56:38 AM org.eclipse.birt.report.engine.layout.pdf.font.FontConfigReader
INFO: register fonts in /usr/share/fonts/default/TrueType cost:0ms
Sep 17, 2025 2:56:38 AM org.eclipse.birt.report.engine.layout.pdf.font.FontConfigReader
INFO: register fonts in /usr/openwin/lib/locale/iso_8859_7/X11/fonts/TrueType cost:0ms
Sep 17, 2025 2:56:38 AM org.eclipse.birt.report.engine.layout.pdf.font.FontConfigReader
INFO: register fonts in f:/WINNT/fonts cost:0ms
Sep 17, 2025 2:56:38 AM org.eclipse.birt.report.engine.layout.pdf.font.FontConfigReader
INFO: register fonts in /usr/openwin/lib/locale/iso_8859_13/X11/fonts/TrueType cost:0ms
Sep 17, 2025 2:56:38 AM org.eclipse.birt.report.engine.layout.pdf.font.FontConfigReader
INFO: register fonts in /usr/openwin/lib/locale/euro_fonts/X11/fonts/TrueType cost:0ms
Sep 17, 2025 2:56:38 AM org.eclipse.birt.report.engine.layout.pdf.font.FontConfigReader
INFO: register fonts in f:/windows/fonts cost:0ms
Sep 17, 2025 2:56:38 AM org.eclipse.birt.report.engine.layout.pdf.font.FontConfigReader
INFO: register fonts in /usr/openwin/lib/locale/iso_8859_15/X11/fonts/TrueType cost:0ms
Sep 17, 2025 2:56:38 AM org.eclipse.birt.report.engine.layout.pdf.font.FontConfigReader
INFO: register fonts in /usr/openwin/lib/locale/th_TH/X11/fonts/TrueType cost:0ms
Sep 17, 2025 2:56:38 AM org.eclipse.birt.report.engine.layout.pdf.font.FontConfigReader
INFO: register fonts in /usr/openwin/lib/locale/ko/X11/fonts/TrueType cost:0ms
Sep 17, 2025 2:56:38 AM org.eclipse.birt.report.engine.layout.pdf.font.FontConfigReader
INFO: register fonts in /usr/openwin/lib/X11/fonts/TrueType cost:0ms
Sep 17, 2025 2:56:38 AM org.eclipse.birt.report.engine.layout.pdf.font.FontConfigReader
INFO: register fonts in /usr/X/lib/X11/fonts/TrueType cost:0ms
Sep 17, 2025 2:56:38 AM org.eclipse.birt.report.engine.layout.pdf.font.FontConfigReader
INFO: register fonts in /usr/X11R6/lib/X11/fonts/TrueType cost:0ms
Sep 17, 2025 2:56:38 AM org.eclipse.birt.report.engine.layout.pdf.font.FontConfigReader
INFO: register fonts in /usr/share/fonts/truetype cost:0ms
Sep 17, 2025 2:56:38 AM org.eclipse.birt.report.engine.layout.pdf.font.FontConfigReader
INFO: register fonts in C:/WINNT/fonts cost:0ms
Sep 17, 2025 2:56:38 AM org.eclipse.birt.report.engine.layout.pdf.font.FontConfigReader
INFO: register fonts in /usr/openwin/lib/locale/zh_CN.GB18030/X11/fonts/TrueType cost:0ms
Sep 17, 2025 2:56:38 AM org.eclipse.birt.report.engine.layout.pdf.font.FontConfigReader
INFO: register fonts in g:/windows/fonts cost:0ms
Sep 17, 2025 2:56:38 AM org.eclipse.birt.report.engine.layout.pdf.font.FontConfigReader
INFO: register fonts in /usr/share/fonts/ko/TrueType cost:0ms
Sep 17, 2025 2:56:38 AM org.eclipse.birt.report.engine.layout.pdf.font.FontConfigReader
INFO: load font config in wsjar:file:/data/EE_PARA/EE_LIB/org.eclipse.birt.runtime-3.7.2.v20120214-1408.jar!/fontsConfig_linux.xml cost 2ms
Sep 17, 2025 2:56:38 AM org.eclipse.birt.report.engine.layout.pdf.font.FontConfigReader
INFO: load font config in wsjar:file:/data/EE_PARA/EE_LIB/org.eclipse.birt.runtime-3.7.2.v20120214-1408.jar!/fontsConfig_pdf.xml cost 1ms
Sep 17, 2025 2:56:41 AM org.eclipse.birt.report.engine.data.IDataEngine
SEVERE: Column binding "RELE_IMAGE" has referred to a data set column "C_MAIN_REF" which does not exist.
org.eclipse.birt.data.engine.core.DataException: Column binding "RELE_IMAGE" has referred to a data set column "C_MAIN_REF" which does not exist.
	at org.eclipse.birt.data.engine.impl.ResultIterator.validateManualBindingExpressions(ResultIterator.java:375)
	at org.eclipse.birt.data.engine.impl.ResultIterator.<init>(ResultIterator.java:148)
	at org.eclipse.birt.data.engine.impl.ResultIterator2.<init>(ResultIterator2.java:79)
	at org.eclipse.birt.data.engine.impl.QueryResults.getResultIterator(QueryResults.java:219)
	at org.eclipse.birt.data.engine.impl.ResultIterator.getSecondaryIterator(ResultIterator.java:940)
	at org.eclipse.birt.data.engine.impl.ResultIterator.getSecondaryIterator(ResultIterator.java:908)
	at org.eclipse.birt.report.engine.data.dte.AbstractDataEngine.doExecuteSubQuery(AbstractDataEngine.java:331)
	at org.eclipse.birt.report.engine.data.dte.AbstractDataEngine.execute(AbstractDataEngine.java:262)
	at org.eclipse.birt.report.engine.executor.ExecutionContext.executeQuery(ExecutionContext.java:1939)
	at org.eclipse.birt.report.engine.executor.QueryItemExecutor.executeQuery(QueryItemExecutor.java:80)
	at org.eclipse.birt.report.engine.executor.ImageItemExecutor.execute(ImageItemExecutor.java:98)
	at org.eclipse.birt.report.engine.internal.executor.dup.SuppressDuplicateItemExecutor.execute(SuppressDuplicateItemExecutor.java:43)
	at org.eclipse.birt.report.engine.internal.executor.wrap.WrappedReportItemExecutor.execute(WrappedReportItemExecutor.java:46)
	at org.eclipse.birt.report.engine.internal.executor.l18n.LocalizedReportItemExecutor.execute(LocalizedReportItemExecutor.java:34)
	at org.eclipse.birt.report.engine.layout.html.HTMLAbstractLM.traverse(HTMLAbstractLM.java:441)
	at org.eclipse.birt.report.engine.layout.html.HTMLAbstractLM.traverse(HTMLAbstractLM.java:442)
	at org.eclipse.birt.report.engine.layout.html.HTMLAbstractLM.traverse(HTMLAbstractLM.java:442)
	at org.eclipse.birt.report.engine.layout.html.HTMLAbstractLM.traverse(HTMLAbstractLM.java:442)
	at org.eclipse.birt.report.engine.layout.html.HTMLAbstractLM.handleVisibility(HTMLAbstractLM.java:374)
	at org.eclipse.birt.report.engine.layout.html.HTMLAbstractLM.layout(HTMLAbstractLM.java:123)
	at org.eclipse.birt.report.engine.layout.html.HTMLBlockStackingLM.layoutNodes(HTMLBlockStackingLM.java:70)
	at org.eclipse.birt.report.engine.layout.html.HTMLPageLM.layout(HTMLPageLM.java:92)
	at org.eclipse.birt.report.engine.layout.html.HTMLReportLayoutEngine.layout(HTMLReportLayoutEngine.java:100)
	at org.eclipse.birt.report.engine.api.impl.RunAndRenderTask.doRun(RunAndRenderTask.java:180)
	at org.eclipse.birt.report.engine.api.impl.RunAndRenderTask.run(RunAndRenderTask.java:77)
	at com.cs.birt.report.portal.HttpFacade.issueTSUMessageByXML(HttpFacade.java:964)
	at com.cs.birt.report.portal.HttpFacade.mergeTsu(HttpFacade.java:353)
	at com.cs.birt.report.portal.HttpFacade.doPost(HttpFacade.java:138)
	at com.cs.eeservices.handler.BirtHandler.tsuMessage(BirtHandler.java:35)
	at com.cs.eeservices.endpoint.BirtEndpoint$S3Route.onRequest(BirtEndpoint.java:90)
	at com.cs.eeservices.endpoint.BirtEndpoint$S3Route.onRequest(BirtEndpoint.java:84)
	at com.cs.eeservices.base.EETypedRoute.handle(EETypedRoute.java:33)
	at spark.RouteImpl$1.handle(RouteImpl.java:72)
	at spark.http.matching.Routes.execute(Routes.java:61)
	at spark.http.matching.MatcherFilter.doFilter(MatcherFilter.java:134)
	at spark.servlet.SparkFilter.doFilter(SparkFilter.java:174)
	at com.ibm.ws.webcontainer.filter.FilterInstanceWrapper.doFilter(FilterInstanceWrapper.java:197)
	at com.ibm.ws.webcontainer.filter.WebAppFilterChain.doFilter(WebAppFilterChain.java:90)
	at com.cs.eximweb.servlets.filter.EEXFrameDenyFilter.doFilter(EEXFrameDenyFilter.java:40)
	at com.ibm.ws.webcontainer.filter.FilterInstanceWrapper.doFilter(FilterInstanceWrapper.java:197)
	at com.ibm.ws.webcontainer.filter.WebAppFilterChain.doFilter(WebAppFilterChain.java:90)
	at com.cs.eximweb.sso.servlets.PicketlinkFilter.doFilter(PicketlinkFilter.java:141)
	at com.ibm.ws.webcontainer.filter.FilterInstanceWrapper.doFilter(FilterInstanceWrapper.java:197)
	at com.ibm.ws.webcontainer.filter.WebAppFilterChain.doFilter(WebAppFilterChain.java:90)
	at com.ibm.ws.webcontainer.filter.WebAppFilterManager.doFilter(WebAppFilterManager.java:979)
	at com.ibm.ws.webcontainer.filter.WebAppFilterManager.invokeFilters(WebAppFilterManager.java:1119)
	at com.ibm.ws.webcontainer.webapp.WebApp.handleRequest(WebApp.java:4238)
	at com.ibm.ws.webcontainer.webapp.WebAppImpl.handleRequest(WebAppImpl.java:2210)
	at com.ibm.ws.webcontainer.webapp.WebGroup.handleRequest(WebGroup.java:304)
	at com.ibm.ws.webcontainer.WebContainer.handleRequest(WebContainer.java:1033)
	at com.ibm.ws.webcontainer.WSWebContainer.handleRequest(WSWebContainer.java:1817)
	at com.ibm.ws.webcontainer.channel.WCChannelLink.ready(WCChannelLink.java:382)
	at com.ibm.ws.http.channel.inbound.impl.HttpInboundLink.handleDiscrimination(HttpInboundLink.java:465)
	at com.ibm.ws.http.channel.inbound.impl.HttpInboundLink.handleNewRequest(HttpInboundLink.java:532)
	at com.ibm.ws.http.channel.inbound.impl.HttpInboundLink.processRequest(HttpInboundLink.java:318)
	at com.ibm.ws.http.channel.inbound.impl.HttpInboundLink.ready(HttpInboundLink.java:289)
	at com.ibm.ws.tcp.channel.impl.NewConnectionInitialReadCallback.sendToDiscriminators(NewConnectionInitialReadCallback.java:214)
	at com.ibm.ws.tcp.channel.impl.NewConnectionInitialReadCallback.complete(NewConnectionInitialReadCallback.java:113)
	at com.ibm.ws.tcp.channel.impl.AioReadCompletionListener.futureCompleted(AioReadCompletionListener.java:175)
	at com.ibm.io.async.AbstractAsyncFuture.invokeCallback(AbstractAsyncFuture.java:217)
	at com.ibm.io.async.AsyncChannelFuture$1.run(AsyncChannelFuture.java:205)
	at com.ibm.ws.util.ThreadPool$Worker.run(ThreadPool.java:1909)

Sep 17, 2025 2:56:41 AM org.eclipse.birt.report.engine.data.IDataEngine
SEVERE: Column binding "RELE_IMAGE" has referred to a data set column "C_MAIN_REF" which does not exist.
org.eclipse.birt.data.engine.core.DataException: Column binding "RELE_IMAGE" has referred to a data set column "C_MAIN_REF" which does not exist.
	at org.eclipse.birt.data.engine.impl.ResultIterator.validateManualBindingExpressions(ResultIterator.java:375)
	at org.eclipse.birt.data.engine.impl.ResultIterator.<init>(ResultIterator.java:148)
	at org.eclipse.birt.data.engine.impl.ResultIterator2.<init>(ResultIterator2.java:79)
	at org.eclipse.birt.data.engine.impl.QueryResults.getResultIterator(QueryResults.java:219)
	at org.eclipse.birt.data.engine.impl.ResultIterator.getSecondaryIterator(ResultIterator.java:940)
	at org.eclipse.birt.data.engine.impl.ResultIterator.getSecondaryIterator(ResultIterator.java:908)
	at org.eclipse.birt.report.engine.data.dte.AbstractDataEngine.doExecuteSubQuery(AbstractDataEngine.java:331)
	at org.eclipse.birt.report.engine.data.dte.AbstractDataEngine.execute(AbstractDataEngine.java:262)
	at org.eclipse.birt.report.engine.executor.ExecutionContext.executeQuery(ExecutionContext.java:1939)
	at org.eclipse.birt.report.engine.executor.QueryItemExecutor.executeQuery(QueryItemExecutor.java:80)
	at org.eclipse.birt.report.engine.executor.ImageItemExecutor.execute(ImageItemExecutor.java:98)
	at org.eclipse.birt.report.engine.internal.executor.dup.SuppressDuplicateItemExecutor.execute(SuppressDuplicateItemExecutor.java:43)
	at org.eclipse.birt.report.engine.internal.executor.wrap.WrappedReportItemExecutor.execute(WrappedReportItemExecutor.java:46)
	at org.eclipse.birt.report.engine.internal.executor.l18n.LocalizedReportItemExecutor.execute(LocalizedReportItemExecutor.java:34)
	at org.eclipse.birt.report.engine.layout.html.HTMLAbstractLM.traverse(HTMLAbstractLM.java:441)
	at org.eclipse.birt.report.engine.layout.html.HTMLAbstractLM.traverse(HTMLAbstractLM.java:442)
	at org.eclipse.birt.report.engine.layout.html.HTMLAbstractLM.traverse(HTMLAbstractLM.java:442)
	at org.eclipse.birt.report.engine.layout.html.HTMLAbstractLM.traverse(HTMLAbstractLM.java:442)
	at org.eclipse.birt.report.engine.layout.html.HTMLAbstractLM.handleVisibility(HTMLAbstractLM.java:374)
	at org.eclipse.birt.report.engine.layout.html.HTMLAbstractLM.layout(HTMLAbstractLM.java:123)
	at org.eclipse.birt.report.engine.layout.html.HTMLBlockStackingLM.layoutNodes(HTMLBlockStackingLM.java:70)
	at org.eclipse.birt.report.engine.layout.html.HTMLPageLM.layout(HTMLPageLM.java:92)
	at org.eclipse.birt.report.engine.layout.html.HTMLReportLayoutEngine.layout(HTMLReportLayoutEngine.java:100)
	at org.eclipse.birt.report.engine.api.impl.RunAndRenderTask.doRun(RunAndRenderTask.java:180)
	at org.eclipse.birt.report.engine.api.impl.RunAndRenderTask.run(RunAndRenderTask.java:77)
	at com.cs.birt.report.portal.HttpFacade.issueTSUMessageByXML(HttpFacade.java:964)
	at com.cs.birt.report.portal.HttpFacade.mergeTsu(HttpFacade.java:353)
	at com.cs.birt.report.portal.HttpFacade.doPost(HttpFacade.java:138)
	at com.cs.eeservices.handler.BirtHandler.tsuMessage(BirtHandler.java:35)
	at com.cs.eeservices.endpoint.BirtEndpoint$S3Route.onRequest(BirtEndpoint.java:90)
	at com.cs.eeservices.endpoint.BirtEndpoint$S3Route.onRequest(BirtEndpoint.java:84)
	at com.cs.eeservices.base.EETypedRoute.handle(EETypedRoute.java:33)
	at spark.RouteImpl$1.handle(RouteImpl.java:72)
	at spark.http.matching.Routes.execute(Routes.java:61)
	at spark.http.matching.MatcherFilter.doFilter(MatcherFilter.java:134)
	at spark.servlet.SparkFilter.doFilter(SparkFilter.java:174)
	at com.ibm.ws.webcontainer.filter.FilterInstanceWrapper.doFilter(FilterInstanceWrapper.java:197)
	at com.ibm.ws.webcontainer.filter.WebAppFilterChain.doFilter(WebAppFilterChain.java:90)
	at com.cs.eximweb.servlets.filter.EEXFrameDenyFilter.doFilter(EEXFrameDenyFilter.java:40)
	at com.ibm.ws.webcontainer.filter.FilterInstanceWrapper.doFilter(FilterInstanceWrapper.java:197)
	at com.ibm.ws.webcontainer.filter.WebAppFilterChain.doFilter(WebAppFilterChain.java:90)
	at com.cs.eximweb.sso.servlets.PicketlinkFilter.doFilter(PicketlinkFilter.java:141)
	at com.ibm.ws.webcontainer.filter.FilterInstanceWrapper.doFilter(FilterInstanceWrapper.java:197)
	at com.ibm.ws.webcontainer.filter.WebAppFilterChain.doFilter(WebAppFilterChain.java:90)
	at com.ibm.ws.webcontainer.filter.WebAppFilterManager.doFilter(WebAppFilterManager.java:979)
	at com.ibm.ws.webcontainer.filter.WebAppFilterManager.invokeFilters(WebAppFilterManager.java:1119)
	at com.ibm.ws.webcontainer.webapp.WebApp.handleRequest(WebApp.java:4238)
	at com.ibm.ws.webcontainer.webapp.WebAppImpl.handleRequest(WebAppImpl.java:2210)
	at com.ibm.ws.webcontainer.webapp.WebGroup.handleRequest(WebGroup.java:304)
	at com.ibm.ws.webcontainer.WebContainer.handleRequest(WebContainer.java:1033)
	at com.ibm.ws.webcontainer.WSWebContainer.handleRequest(WSWebContainer.java:1817)
	at com.ibm.ws.webcontainer.channel.WCChannelLink.ready(WCChannelLink.java:382)
	at com.ibm.ws.http.channel.inbound.impl.HttpInboundLink.handleDiscrimination(HttpInboundLink.java:465)
	at com.ibm.ws.http.channel.inbound.impl.HttpInboundLink.handleNewRequest(HttpInboundLink.java:532)
	at com.ibm.ws.http.channel.inbound.impl.HttpInboundLink.processRequest(HttpInboundLink.java:318)
	at com.ibm.ws.http.channel.inbound.impl.HttpInboundLink.ready(HttpInboundLink.java:289)
	at com.ibm.ws.tcp.channel.impl.NewConnectionInitialReadCallback.sendToDiscriminators(NewConnectionInitialReadCallback.java:214)
	at com.ibm.ws.tcp.channel.impl.NewConnectionInitialReadCallback.complete(NewConnectionInitialReadCallback.java:113)
	at com.ibm.ws.tcp.channel.impl.AioReadCompletionListener.futureCompleted(AioReadCompletionListener.java:175)
	at com.ibm.io.async.AbstractAsyncFuture.invokeCallback(AbstractAsyncFuture.java:217)
	at com.ibm.io.async.AsyncChannelFuture$1.run(AsyncChannelFuture.java:205)
	at com.ibm.ws.util.ThreadPool$Worker.run(ThreadPool.java:1909)

Sep 17, 2025 2:56:41 AM org.eclipse.birt.report.engine.data.IDataEngine
SEVERE: Column binding "RELE_IMAGE" has referred to a data set column "C_MAIN_REF" which does not exist.
org.eclipse.birt.data.engine.core.DataException: Column binding "RELE_IMAGE" has referred to a data set column "C_MAIN_REF" which does not exist.
	at org.eclipse.birt.data.engine.impl.ResultIterator.validateManualBindingExpressions(ResultIterator.java:375)
	at org.eclipse.birt.data.engine.impl.ResultIterator.<init>(ResultIterator.java:148)
	at org.eclipse.birt.data.engine.impl.ResultIterator2.<init>(ResultIterator2.java:79)
	at org.eclipse.birt.data.engine.impl.QueryResults.getResultIterator(QueryResults.java:219)
	at org.eclipse.birt.data.engine.impl.ResultIterator.getSecondaryIterator(ResultIterator.java:940)
	at org.eclipse.birt.data.engine.impl.ResultIterator.getSecondaryIterator(ResultIterator.java:908)
	at org.eclipse.birt.report.engine.data.dte.AbstractDataEngine.doExecuteSubQuery(AbstractDataEngine.java:331)
	at org.eclipse.birt.report.engine.data.dte.AbstractDataEngine.execute(AbstractDataEngine.java:262)
	at org.eclipse.birt.report.engine.executor.ExecutionContext.executeQuery(ExecutionContext.java:1939)
	at org.eclipse.birt.report.engine.executor.QueryItemExecutor.executeQuery(QueryItemExecutor.java:80)
	at org.eclipse.birt.report.engine.executor.ImageItemExecutor.execute(ImageItemExecutor.java:98)
	at org.eclipse.birt.report.engine.internal.executor.dup.SuppressDuplicateItemExecutor.execute(SuppressDuplicateItemExecutor.java:43)
	at org.eclipse.birt.report.engine.internal.executor.wrap.WrappedReportItemExecutor.execute(WrappedReportItemExecutor.java:46)
	at org.eclipse.birt.report.engine.internal.executor.l18n.LocalizedReportItemExecutor.execute(LocalizedReportItemExecutor.java:34)
	at org.eclipse.birt.report.engine.layout.html.HTMLAbstractLM.traverse(HTMLAbstractLM.java:441)
	at org.eclipse.birt.report.engine.layout.html.HTMLAbstractLM.traverse(HTMLAbstractLM.java:442)
	at org.eclipse.birt.report.engine.layout.html.HTMLAbstractLM.traverse(HTMLAbstractLM.java:442)
	at org.eclipse.birt.report.engine.layout.html.HTMLAbstractLM.traverse(HTMLAbstractLM.java:442)
	at org.eclipse.birt.report.engine.layout.html.HTMLAbstractLM.handleVisibility(HTMLAbstractLM.java:374)
	at org.eclipse.birt.report.engine.layout.html.HTMLAbstractLM.layout(HTMLAbstractLM.java:123)
	at org.eclipse.birt.report.engine.layout.html.HTMLBlockStackingLM.layoutNodes(HTMLBlockStackingLM.java:70)
	at org.eclipse.birt.report.engine.layout.html.HTMLPageLM.layout(HTMLPageLM.java:92)
	at org.eclipse.birt.report.engine.layout.html.HTMLReportLayoutEngine.layout(HTMLReportLayoutEngine.java:100)
	at org.eclipse.birt.report.engine.api.impl.RunAndRenderTask.doRun(RunAndRenderTask.java:180)
	at org.eclipse.birt.report.engine.api.impl.RunAndRenderTask.run(RunAndRenderTask.java:77)
	at com.cs.birt.report.portal.HttpFacade.issueTSUMessageByXML(HttpFacade.java:964)
	at com.cs.birt.report.portal.HttpFacade.mergeTsu(HttpFacade.java:353)
	at com.cs.birt.report.portal.HttpFacade.doPost(HttpFacade.java:138)
	at com.cs.eeservices.handler.BirtHandler.tsuMessage(BirtHandler.java:35)
	at com.cs.eeservices.endpoint.BirtEndpoint$S3Route.onRequest(BirtEndpoint.java:90)
	at com.cs.eeservices.endpoint.BirtEndpoint$S3Route.onRequest(BirtEndpoint.java:84)
	at com.cs.eeservices.base.EETypedRoute.handle(EETypedRoute.java:33)
	at spark.RouteImpl$1.handle(RouteImpl.java:72)
	at spark.http.matching.Routes.execute(Routes.java:61)
	at spark.http.matching.MatcherFilter.doFilter(MatcherFilter.java:134)
	at spark.servlet.SparkFilter.doFilter(SparkFilter.java:174)
	at com.ibm.ws.webcontainer.filter.FilterInstanceWrapper.doFilter(FilterInstanceWrapper.java:197)
	at com.ibm.ws.webcontainer.filter.WebAppFilterChain.doFilter(WebAppFilterChain.java:90)
	at com.cs.eximweb.servlets.filter.EEXFrameDenyFilter.doFilter(EEXFrameDenyFilter.java:40)
	at com.ibm.ws.webcontainer.filter.FilterInstanceWrapper.doFilter(FilterInstanceWrapper.java:197)
	at com.ibm.ws.webcontainer.filter.WebAppFilterChain.doFilter(WebAppFilterChain.java:90)
	at com.cs.eximweb.sso.servlets.PicketlinkFilter.doFilter(PicketlinkFilter.java:141)
	at com.ibm.ws.webcontainer.filter.FilterInstanceWrapper.doFilter(FilterInstanceWrapper.java:197)
	at com.ibm.ws.webcontainer.filter.WebAppFilterChain.doFilter(WebAppFilterChain.java:90)
	at com.ibm.ws.webcontainer.filter.WebAppFilterManager.doFilter(WebAppFilterManager.java:979)
	at com.ibm.ws.webcontainer.filter.WebAppFilterManager.invokeFilters(WebAppFilterManager.java:1119)
	at com.ibm.ws.webcontainer.webapp.WebApp.handleRequest(WebApp.java:4238)
	at com.ibm.ws.webcontainer.webapp.WebAppImpl.handleRequest(WebAppImpl.java:2210)
	at com.ibm.ws.webcontainer.webapp.WebGroup.handleRequest(WebGroup.java:304)
	at com.ibm.ws.webcontainer.WebContainer.handleRequest(WebContainer.java:1033)
	at com.ibm.ws.webcontainer.WSWebContainer.handleRequest(WSWebContainer.java:1817)
	at com.ibm.ws.webcontainer.channel.WCChannelLink.ready(WCChannelLink.java:382)
	at com.ibm.ws.http.channel.inbound.impl.HttpInboundLink.handleDiscrimination(HttpInboundLink.java:465)
	at com.ibm.ws.http.channel.inbound.impl.HttpInboundLink.handleNewRequest(HttpInboundLink.java:532)
	at com.ibm.ws.http.channel.inbound.impl.HttpInboundLink.processRequest(HttpInboundLink.java:318)
	at com.ibm.ws.http.channel.inbound.impl.HttpInboundLink.ready(HttpInboundLink.java:289)
	at com.ibm.ws.tcp.channel.impl.NewConnectionInitialReadCallback.sendToDiscriminators(NewConnectionInitialReadCallback.java:214)
	at com.ibm.ws.tcp.channel.impl.NewConnectionInitialReadCallback.complete(NewConnectionInitialReadCallback.java:113)
	at com.ibm.ws.tcp.channel.impl.AioReadCompletionListener.futureCompleted(AioReadCompletionListener.java:175)
	at com.ibm.io.async.AbstractAsyncFuture.invokeCallback(AbstractAsyncFuture.java:217)
	at com.ibm.io.async.AsyncChannelFuture$1.run(AsyncChannelFuture.java:205)
	at com.ibm.ws.util.ThreadPool$Worker.run(ThreadPool.java:1909)

Sep 17, 2025 2:56:41 AM org.eclipse.birt.report.engine.data.IDataEngine
SEVERE: Column binding "RELE_IMAGE" has referred to a data set column "C_MAIN_REF" which does not exist.
org.eclipse.birt.data.engine.core.DataException: Column binding "RELE_IMAGE" has referred to a data set column "C_MAIN_REF" which does not exist.
	at org.eclipse.birt.data.engine.impl.ResultIterator.validateManualBindingExpressions(ResultIterator.java:375)
	at org.eclipse.birt.data.engine.impl.ResultIterator.<init>(ResultIterator.java:148)
	at org.eclipse.birt.data.engine.impl.ResultIterator2.<init>(ResultIterator2.java:79)
	at org.eclipse.birt.data.engine.impl.QueryResults.getResultIterator(QueryResults.java:219)
	at org.eclipse.birt.data.engine.impl.ResultIterator.getSecondaryIterator(ResultIterator.java:940)
	at org.eclipse.birt.data.engine.impl.ResultIterator.getSecondaryIterator(ResultIterator.java:908)
	at org.eclipse.birt.report.engine.data.dte.AbstractDataEngine.doExecuteSubQuery(AbstractDataEngine.java:331)
	at org.eclipse.birt.report.engine.data.dte.AbstractDataEngine.execute(AbstractDataEngine.java:262)
	at org.eclipse.birt.report.engine.executor.ExecutionContext.executeQuery(ExecutionContext.java:1939)
	at org.eclipse.birt.report.engine.executor.QueryItemExecutor.executeQuery(QueryItemExecutor.java:80)
	at org.eclipse.birt.report.engine.executor.ImageItemExecutor.execute(ImageItemExecutor.java:98)
	at org.eclipse.birt.report.engine.internal.executor.dup.SuppressDuplicateItemExecutor.execute(SuppressDuplicateItemExecutor.java:43)
	at org.eclipse.birt.report.engine.internal.executor.wrap.WrappedReportItemExecutor.execute(WrappedReportItemExecutor.java:46)
	at org.eclipse.birt.report.engine.internal.executor.l18n.LocalizedReportItemExecutor.execute(LocalizedReportItemExecutor.java:34)
	at org.eclipse.birt.report.engine.layout.html.HTMLAbstractLM.traverse(HTMLAbstractLM.java:441)
	at org.eclipse.birt.report.engine.layout.html.HTMLAbstractLM.traverse(HTMLAbstractLM.java:442)
	at org.eclipse.birt.report.engine.layout.html.HTMLAbstractLM.traverse(HTMLAbstractLM.java:442)
	at org.eclipse.birt.report.engine.layout.html.HTMLAbstractLM.traverse(HTMLAbstractLM.java:442)
	at org.eclipse.birt.report.engine.layout.html.HTMLAbstractLM.handleVisibility(HTMLAbstractLM.java:374)
	at org.eclipse.birt.report.engine.layout.html.HTMLAbstractLM.layout(HTMLAbstractLM.java:123)
	at org.eclipse.birt.report.engine.layout.html.HTMLBlockStackingLM.layoutNodes(HTMLBlockStackingLM.java:70)
	at org.eclipse.birt.report.engine.layout.html.HTMLPageLM.layout(HTMLPageLM.java:92)
	at org.eclipse.birt.report.engine.layout.html.HTMLReportLayoutEngine.layout(HTMLReportLayoutEngine.java:100)
	at org.eclipse.birt.report.engine.api.impl.RunAndRenderTask.doRun(RunAndRenderTask.java:180)
	at org.eclipse.birt.report.engine.api.impl.RunAndRenderTask.run(RunAndRenderTask.java:77)
	at com.cs.birt.report.portal.HttpFacade.issueTSUMessageByXML(HttpFacade.java:964)
	at com.cs.birt.report.portal.HttpFacade.mergeTsu(HttpFacade.java:353)
	at com.cs.birt.report.portal.HttpFacade.doPost(HttpFacade.java:138)
	at com.cs.eeservices.handler.BirtHandler.tsuMessage(BirtHandler.java:35)
	at com.cs.eeservices.endpoint.BirtEndpoint$S3Route.onRequest(BirtEndpoint.java:90)
	at com.cs.eeservices.endpoint.BirtEndpoint$S3Route.onRequest(BirtEndpoint.java:84)
	at com.cs.eeservices.base.EETypedRoute.handle(EETypedRoute.java:33)
	at spark.RouteImpl$1.handle(RouteImpl.java:72)
	at spark.http.matching.Routes.execute(Routes.java:61)
	at spark.http.matching.MatcherFilter.doFilter(MatcherFilter.java:134)
	at spark.servlet.SparkFilter.doFilter(SparkFilter.java:174)
	at com.ibm.ws.webcontainer.filter.FilterInstanceWrapper.doFilter(FilterInstanceWrapper.java:197)
	at com.ibm.ws.webcontainer.filter.WebAppFilterChain.doFilter(WebAppFilterChain.java:90)
	at com.cs.eximweb.servlets.filter.EEXFrameDenyFilter.doFilter(EEXFrameDenyFilter.java:40)
	at com.ibm.ws.webcontainer.filter.FilterInstanceWrapper.doFilter(FilterInstanceWrapper.java:197)
	at com.ibm.ws.webcontainer.filter.WebAppFilterChain.doFilter(WebAppFilterChain.java:90)
	at com.cs.eximweb.sso.servlets.PicketlinkFilter.doFilter(PicketlinkFilter.java:141)
	at com.ibm.ws.webcontainer.filter.FilterInstanceWrapper.doFilter(FilterInstanceWrapper.java:197)
	at com.ibm.ws.webcontainer.filter.WebAppFilterChain.doFilter(WebAppFilterChain.java:90)
	at com.ibm.ws.webcontainer.filter.WebAppFilterManager.doFilter(WebAppFilterManager.java:979)
	at com.ibm.ws.webcontainer.filter.WebAppFilterManager.invokeFilters(WebAppFilterManager.java:1119)
	at com.ibm.ws.webcontainer.webapp.WebApp.handleRequest(WebApp.java:4238)
	at com.ibm.ws.webcontainer.webapp.WebAppImpl.handleRequest(WebAppImpl.java:2210)
	at com.ibm.ws.webcontainer.webapp.WebGroup.handleRequest(WebGroup.java:304)
	at com.ibm.ws.webcontainer.WebContainer.handleRequest(WebContainer.java:1033)
	at com.ibm.ws.webcontainer.WSWebContainer.handleRequest(WSWebContainer.java:1817)
	at com.ibm.ws.webcontainer.channel.WCChannelLink.ready(WCChannelLink.java:382)
	at com.ibm.ws.http.channel.inbound.impl.HttpInboundLink.handleDiscrimination(HttpInboundLink.java:465)
	at com.ibm.ws.http.channel.inbound.impl.HttpInboundLink.handleNewRequest(HttpInboundLink.java:532)
	at com.ibm.ws.http.channel.inbound.impl.HttpInboundLink.processRequest(HttpInboundLink.java:318)
	at com.ibm.ws.http.channel.inbound.impl.HttpInboundLink.ready(HttpInboundLink.java:289)
	at com.ibm.ws.tcp.channel.impl.NewConnectionInitialReadCallback.sendToDiscriminators(NewConnectionInitialReadCallback.java:214)
	at com.ibm.ws.tcp.channel.impl.NewConnectionInitialReadCallback.complete(NewConnectionInitialReadCallback.java:113)
	at com.ibm.ws.tcp.channel.impl.AioReadCompletionListener.futureCompleted(AioReadCompletionListener.java:175)
	at com.ibm.io.async.AbstractAsyncFuture.invokeCallback(AbstractAsyncFuture.java:217)
	at com.ibm.io.async.AsyncChannelFuture$1.run(AsyncChannelFuture.java:205)
	at com.ibm.ws.util.ThreadPool$Worker.run(ThreadPool.java:1909)

Sep 17, 2025 2:56:41 AM org.eclipse.birt.report.engine.data.IDataEngine
SEVERE: Column binding "RELE_IMAGE" has referred to a data set column "C_MAIN_REF" which does not exist.
org.eclipse.birt.data.engine.core.DataException: Column binding "RELE_IMAGE" has referred to a data set column "C_MAIN_REF" which does not exist.
	at org.eclipse.birt.data.engine.impl.ResultIterator.validateManualBindingExpressions(ResultIterator.java:375)
	at org.eclipse.birt.data.engine.impl.ResultIterator.<init>(ResultIterator.java:148)
	at org.eclipse.birt.data.engine.impl.ResultIterator2.<init>(ResultIterator2.java:79)
	at org.eclipse.birt.data.engine.impl.QueryResults.getResultIterator(QueryResults.java:219)
	at org.eclipse.birt.data.engine.impl.ResultIterator.getSecondaryIterator(ResultIterator.java:940)
	at org.eclipse.birt.data.engine.impl.ResultIterator.getSecondaryIterator(ResultIterator.java:908)
	at org.eclipse.birt.report.engine.data.dte.AbstractDataEngine.doExecuteSubQuery(AbstractDataEngine.java:331)
	at org.eclipse.birt.report.engine.data.dte.AbstractDataEngine.execute(AbstractDataEngine.java:262)
	at org.eclipse.birt.report.engine.executor.ExecutionContext.executeQuery(ExecutionContext.java:1939)
	at org.eclipse.birt.report.engine.executor.QueryItemExecutor.executeQuery(QueryItemExecutor.java:80)
	at org.eclipse.birt.report.engine.executor.ImageItemExecutor.execute(ImageItemExecutor.java:98)
	at org.eclipse.birt.report.engine.internal.executor.dup.SuppressDuplicateItemExecutor.execute(SuppressDuplicateItemExecutor.java:43)
	at org.eclipse.birt.report.engine.internal.executor.wrap.WrappedReportItemExecutor.execute(WrappedReportItemExecutor.java:46)
	at org.eclipse.birt.report.engine.internal.executor.l18n.LocalizedReportItemExecutor.execute(LocalizedReportItemExecutor.java:34)
	at org.eclipse.birt.report.engine.layout.html.HTMLAbstractLM.traverse(HTMLAbstractLM.java:441)
	at org.eclipse.birt.report.engine.layout.html.HTMLAbstractLM.traverse(HTMLAbstractLM.java:442)
	at org.eclipse.birt.report.engine.layout.html.HTMLAbstractLM.traverse(HTMLAbstractLM.java:442)
	at org.eclipse.birt.report.engine.layout.html.HTMLAbstractLM.traverse(HTMLAbstractLM.java:442)
	at org.eclipse.birt.report.engine.layout.html.HTMLAbstractLM.handleVisibility(HTMLAbstractLM.java:374)
	at org.eclipse.birt.report.engine.layout.html.HTMLAbstractLM.layout(HTMLAbstractLM.java:123)
	at org.eclipse.birt.report.engine.layout.html.HTMLBlockStackingLM.layoutNodes(HTMLBlockStackingLM.java:70)
	at org.eclipse.birt.report.engine.layout.html.HTMLPageLM.layout(HTMLPageLM.java:92)
	at org.eclipse.birt.report.engine.layout.html.HTMLReportLayoutEngine.layout(HTMLReportLayoutEngine.java:100)
	at org.eclipse.birt.report.engine.api.impl.RunAndRenderTask.doRun(RunAndRenderTask.java:180)
	at org.eclipse.birt.report.engine.api.impl.RunAndRenderTask.run(RunAndRenderTask.java:77)
	at com.cs.birt.report.portal.HttpFacade.issueTSUMessageByXML(HttpFacade.java:964)
	at com.cs.birt.report.portal.HttpFacade.mergeTsu(HttpFacade.java:353)
	at com.cs.birt.report.portal.HttpFacade.doPost(HttpFacade.java:138)
	at com.cs.eeservices.handler.BirtHandler.tsuMessage(BirtHandler.java:35)
	at com.cs.eeservices.endpoint.BirtEndpoint$S3Route.onRequest(BirtEndpoint.java:90)
	at com.cs.eeservices.endpoint.BirtEndpoint$S3Route.onRequest(BirtEndpoint.java:84)
	at com.cs.eeservices.base.EETypedRoute.handle(EETypedRoute.java:33)
	at spark.RouteImpl$1.handle(RouteImpl.java:72)
	at spark.http.matching.Routes.execute(Routes.java:61)
	at spark.http.matching.MatcherFilter.doFilter(MatcherFilter.java:134)
	at spark.servlet.SparkFilter.doFilter(SparkFilter.java:174)
	at com.ibm.ws.webcontainer.filter.FilterInstanceWrapper.doFilter(FilterInstanceWrapper.java:197)
	at com.ibm.ws.webcontainer.filter.WebAppFilterChain.doFilter(WebAppFilterChain.java:90)
	at com.cs.eximweb.servlets.filter.EEXFrameDenyFilter.doFilter(EEXFrameDenyFilter.java:40)
	at com.ibm.ws.webcontainer.filter.FilterInstanceWrapper.doFilter(FilterInstanceWrapper.java:197)
	at com.ibm.ws.webcontainer.filter.WebAppFilterChain.doFilter(WebAppFilterChain.java:90)
	at com.cs.eximweb.sso.servlets.PicketlinkFilter.doFilter(PicketlinkFilter.java:141)
	at com.ibm.ws.webcontainer.filter.FilterInstanceWrapper.doFilter(FilterInstanceWrapper.java:197)
	at com.ibm.ws.webcontainer.filter.WebAppFilterChain.doFilter(WebAppFilterChain.java:90)
	at com.ibm.ws.webcontainer.filter.WebAppFilterManager.doFilter(WebAppFilterManager.java:979)
	at com.ibm.ws.webcontainer.filter.WebAppFilterManager.invokeFilters(WebAppFilterManager.java:1119)
	at com.ibm.ws.webcontainer.webapp.WebApp.handleRequest(WebApp.java:4238)
	at com.ibm.ws.webcontainer.webapp.WebAppImpl.handleRequest(WebAppImpl.java:2210)
	at com.ibm.ws.webcontainer.webapp.WebGroup.handleRequest(WebGroup.java:304)
	at com.ibm.ws.webcontainer.WebContainer.handleRequest(WebContainer.java:1033)
	at com.ibm.ws.webcontainer.WSWebContainer.handleRequest(WSWebContainer.java:1817)
	at com.ibm.ws.webcontainer.channel.WCChannelLink.ready(WCChannelLink.java:382)
	at com.ibm.ws.http.channel.inbound.impl.HttpInboundLink.handleDiscrimination(HttpInboundLink.java:465)
	at com.ibm.ws.http.channel.inbound.impl.HttpInboundLink.handleNewRequest(HttpInboundLink.java:532)
	at com.ibm.ws.http.channel.inbound.impl.HttpInboundLink.processRequest(HttpInboundLink.java:318)
	at com.ibm.ws.http.channel.inbound.impl.HttpInboundLink.ready(HttpInboundLink.java:289)
	at com.ibm.ws.tcp.channel.impl.NewConnectionInitialReadCallback.sendToDiscriminators(NewConnectionInitialReadCallback.java:214)
	at com.ibm.ws.tcp.channel.impl.NewConnectionInitialReadCallback.complete(NewConnectionInitialReadCallback.java:113)
	at com.ibm.ws.tcp.channel.impl.AioReadCompletionListener.futureCompleted(AioReadCompletionListener.java:175)
	at com.ibm.io.async.AbstractAsyncFuture.invokeCallback(AbstractAsyncFuture.java:217)
	at com.ibm.io.async.AsyncChannelFuture$1.run(AsyncChannelFuture.java:205)
	at com.ibm.ws.util.ThreadPool$Worker.run(ThreadPool.java:1909)

Sep 17, 2025 2:56:41 AM org.eclipse.birt.report.engine.data.IDataEngine
SEVERE: Column binding "RELE_IMAGE" has referred to a data set column "C_MAIN_REF" which does not exist.
org.eclipse.birt.data.engine.core.DataException: Column binding "RELE_IMAGE" has referred to a data set column "C_MAIN_REF" which does not exist.
	at org.eclipse.birt.data.engine.impl.ResultIterator.validateManualBindingExpressions(ResultIterator.java:375)
	at org.eclipse.birt.data.engine.impl.ResultIterator.<init>(ResultIterator.java:148)
	at org.eclipse.birt.data.engine.impl.ResultIterator2.<init>(ResultIterator2.java:79)
	at org.eclipse.birt.data.engine.impl.QueryResults.getResultIterator(QueryResults.java:219)
	at org.eclipse.birt.data.engine.impl.ResultIterator.getSecondaryIterator(ResultIterator.java:940)
	at org.eclipse.birt.data.engine.impl.ResultIterator.getSecondaryIterator(ResultIterator.java:908)
	at org.eclipse.birt.report.engine.data.dte.AbstractDataEngine.doExecuteSubQuery(AbstractDataEngine.java:331)
	at org.eclipse.birt.report.engine.data.dte.AbstractDataEngine.execute(AbstractDataEngine.java:262)
	at org.eclipse.birt.report.engine.executor.ExecutionContext.executeQuery(ExecutionContext.java:1939)
	at org.eclipse.birt.report.engine.executor.QueryItemExecutor.executeQuery(QueryItemExecutor.java:80)
	at org.eclipse.birt.report.engine.executor.ImageItemExecutor.execute(ImageItemExecutor.java:98)
	at org.eclipse.birt.report.engine.internal.executor.dup.SuppressDuplicateItemExecutor.execute(SuppressDuplicateItemExecutor.java:43)
	at org.eclipse.birt.report.engine.internal.executor.wrap.WrappedReportItemExecutor.execute(WrappedReportItemExecutor.java:46)
	at org.eclipse.birt.report.engine.internal.executor.l18n.LocalizedReportItemExecutor.execute(LocalizedReportItemExecutor.java:34)
	at org.eclipse.birt.report.engine.layout.html.HTMLAbstractLM.traverse(HTMLAbstractLM.java:441)
	at org.eclipse.birt.report.engine.layout.html.HTMLAbstractLM.traverse(HTMLAbstractLM.java:442)
	at org.eclipse.birt.report.engine.layout.html.HTMLAbstractLM.traverse(HTMLAbstractLM.java:442)
	at org.eclipse.birt.report.engine.layout.html.HTMLAbstractLM.traverse(HTMLAbstractLM.java:442)
	at org.eclipse.birt.report.engine.layout.html.HTMLAbstractLM.handleVisibility(HTMLAbstractLM.java:374)
	at org.eclipse.birt.report.engine.layout.html.HTMLAbstractLM.layout(HTMLAbstractLM.java:123)
	at org.eclipse.birt.report.engine.layout.html.HTMLBlockStackingLM.layoutNodes(HTMLBlockStackingLM.java:70)
	at org.eclipse.birt.report.engine.layout.html.HTMLPageLM.layout(HTMLPageLM.java:92)
	at org.eclipse.birt.report.engine.layout.html.HTMLReportLayoutEngine.layout(HTMLReportLayoutEngine.java:100)
	at org.eclipse.birt.report.engine.api.impl.RunAndRenderTask.doRun(RunAndRenderTask.java:180)
	at org.eclipse.birt.report.engine.api.impl.RunAndRenderTask.run(RunAndRenderTask.java:77)
	at com.cs.birt.report.portal.HttpFacade.issueTSUMessageByXML(HttpFacade.java:964)
	at com.cs.birt.report.portal.HttpFacade.mergeTsu(HttpFacade.java:353)
	at com.cs.birt.report.portal.HttpFacade.doPost(HttpFacade.java:138)
	at com.cs.eeservices.handler.BirtHandler.tsuMessage(BirtHandler.java:35)
	at com.cs.eeservices.endpoint.BirtEndpoint$S3Route.onRequest(BirtEndpoint.java:90)
	at com.cs.eeservices.endpoint.BirtEndpoint$S3Route.onRequest(BirtEndpoint.java:84)
	at com.cs.eeservices.base.EETypedRoute.handle(EETypedRoute.java:33)
	at spark.RouteImpl$1.handle(RouteImpl.java:72)
	at spark.http.matching.Routes.execute(Routes.java:61)
	at spark.http.matching.MatcherFilter.doFilter(MatcherFilter.java:134)
	at spark.servlet.SparkFilter.doFilter(SparkFilter.java:174)
	at com.ibm.ws.webcontainer.filter.FilterInstanceWrapper.doFilter(FilterInstanceWrapper.java:197)
	at com.ibm.ws.webcontainer.filter.WebAppFilterChain.doFilter(WebAppFilterChain.java:90)
	at com.cs.eximweb.servlets.filter.EEXFrameDenyFilter.doFilter(EEXFrameDenyFilter.java:40)
	at com.ibm.ws.webcontainer.filter.FilterInstanceWrapper.doFilter(FilterInstanceWrapper.java:197)
	at com.ibm.ws.webcontainer.filter.WebAppFilterChain.doFilter(WebAppFilterChain.java:90)
	at com.cs.eximweb.sso.servlets.PicketlinkFilter.doFilter(PicketlinkFilter.java:141)
	at com.ibm.ws.webcontainer.filter.FilterInstanceWrapper.doFilter(FilterInstanceWrapper.java:197)
	at com.ibm.ws.webcontainer.filter.WebAppFilterChain.doFilter(WebAppFilterChain.java:90)
	at com.ibm.ws.webcontainer.filter.WebAppFilterManager.doFilter(WebAppFilterManager.java:979)
	at com.ibm.ws.webcontainer.filter.WebAppFilterManager.invokeFilters(WebAppFilterManager.java:1119)
	at com.ibm.ws.webcontainer.webapp.WebApp.handleRequest(WebApp.java:4238)
	at com.ibm.ws.webcontainer.webapp.WebAppImpl.handleRequest(WebAppImpl.java:2210)
	at com.ibm.ws.webcontainer.webapp.WebGroup.handleRequest(WebGroup.java:304)
	at com.ibm.ws.webcontainer.WebContainer.handleRequest(WebContainer.java:1033)
	at com.ibm.ws.webcontainer.WSWebContainer.handleRequest(WSWebContainer.java:1817)
	at com.ibm.ws.webcontainer.channel.WCChannelLink.ready(WCChannelLink.java:382)
	at com.ibm.ws.http.channel.inbound.impl.HttpInboundLink.handleDiscrimination(HttpInboundLink.java:465)
	at com.ibm.ws.http.channel.inbound.impl.HttpInboundLink.handleNewRequest(HttpInboundLink.java:532)
	at com.ibm.ws.http.channel.inbound.impl.HttpInboundLink.processRequest(HttpInboundLink.java:318)
	at com.ibm.ws.http.channel.inbound.impl.HttpInboundLink.ready(HttpInboundLink.java:289)
	at com.ibm.ws.tcp.channel.impl.NewConnectionInitialReadCallback.sendToDiscriminators(NewConnectionInitialReadCallback.java:214)
	at com.ibm.ws.tcp.channel.impl.NewConnectionInitialReadCallback.complete(NewConnectionInitialReadCallback.java:113)
	at com.ibm.ws.tcp.channel.impl.AioReadCompletionListener.futureCompleted(AioReadCompletionListener.java:175)
	at com.ibm.io.async.AbstractAsyncFuture.invokeCallback(AbstractAsyncFuture.java:217)
	at com.ibm.io.async.AsyncChannelFuture$1.run(AsyncChannelFuture.java:205)
	at com.ibm.ws.util.ThreadPool$Worker.run(ThreadPool.java:1909)

Sep 17, 2025 3:13:07 AM org.eclipse.birt.report.engine.data.IDataEngine
SEVERE: Column binding "RELE_IMAGE" has referred to a data set column "C_MAIN_REF" which does not exist.
org.eclipse.birt.data.engine.core.DataException: Column binding "RELE_IMAGE" has referred to a data set column "C_MAIN_REF" which does not exist.
	at org.eclipse.birt.data.engine.impl.ResultIterator.validateManualBindingExpressions(ResultIterator.java:375)
	at org.eclipse.birt.data.engine.impl.ResultIterator.<init>(ResultIterator.java:148)
	at org.eclipse.birt.data.engine.impl.ResultIterator2.<init>(ResultIterator2.java:79)
	at org.eclipse.birt.data.engine.impl.QueryResults.getResultIterator(QueryResults.java:219)
	at org.eclipse.birt.data.engine.impl.ResultIterator.getSecondaryIterator(ResultIterator.java:940)
	at org.eclipse.birt.data.engine.impl.ResultIterator.getSecondaryIterator(ResultIterator.java:908)
	at org.eclipse.birt.report.engine.data.dte.AbstractDataEngine.doExecuteSubQuery(AbstractDataEngine.java:331)
	at org.eclipse.birt.report.engine.data.dte.AbstractDataEngine.execute(AbstractDataEngine.java:262)
	at org.eclipse.birt.report.engine.executor.ExecutionContext.executeQuery(ExecutionContext.java:1939)
	at org.eclipse.birt.report.engine.executor.QueryItemExecutor.executeQuery(QueryItemExecutor.java:80)
	at org.eclipse.birt.report.engine.executor.ImageItemExecutor.execute(ImageItemExecutor.java:98)
	at org.eclipse.birt.report.engine.internal.executor.dup.SuppressDuplicateItemExecutor.execute(SuppressDuplicateItemExecutor.java:43)
	at org.eclipse.birt.report.engine.internal.executor.wrap.WrappedReportItemExecutor.execute(WrappedReportItemExecutor.java:46)
	at org.eclipse.birt.report.engine.internal.executor.l18n.LocalizedReportItemExecutor.execute(LocalizedReportItemExecutor.java:34)
	at org.eclipse.birt.report.engine.layout.html.HTMLAbstractLM.traverse(HTMLAbstractLM.java:441)
	at org.eclipse.birt.report.engine.layout.html.HTMLAbstractLM.traverse(HTMLAbstractLM.java:442)
	at org.eclipse.birt.report.engine.layout.html.HTMLAbstractLM.traverse(HTMLAbstractLM.java:442)
	at org.eclipse.birt.report.engine.layout.html.HTMLAbstractLM.traverse(HTMLAbstractLM.java:442)
	at org.eclipse.birt.report.engine.layout.html.HTMLAbstractLM.handleVisibility(HTMLAbstractLM.java:374)
	at org.eclipse.birt.report.engine.layout.html.HTMLAbstractLM.layout(HTMLAbstractLM.java:123)
	at org.eclipse.birt.report.engine.layout.html.HTMLBlockStackingLM.layoutNodes(HTMLBlockStackingLM.java:70)
	at org.eclipse.birt.report.engine.layout.html.HTMLPageLM.layout(HTMLPageLM.java:92)
	at org.eclipse.birt.report.engine.layout.html.HTMLReportLayoutEngine.layout(HTMLReportLayoutEngine.java:100)
	at org.eclipse.birt.report.engine.api.impl.RunAndRenderTask.doRun(RunAndRenderTask.java:180)
	at org.eclipse.birt.report.engine.api.impl.RunAndRenderTask.run(RunAndRenderTask.java:77)
	at com.cs.birt.report.portal.HttpFacade.issueTSUMessageByXML(HttpFacade.java:964)
	at com.cs.birt.report.portal.HttpFacade.mergeTsu(HttpFacade.java:353)
	at com.cs.birt.report.portal.HttpFacade.doPost(HttpFacade.java:138)
	at com.cs.eeservices.handler.BirtHandler.tsuMessage(BirtHandler.java:35)
	at com.cs.eeservices.endpoint.BirtEndpoint$S3Route.onRequest(BirtEndpoint.java:90)
	at com.cs.eeservices.endpoint.BirtEndpoint$S3Route.onRequest(BirtEndpoint.java:84)
	at com.cs.eeservices.base.EETypedRoute.handle(EETypedRoute.java:33)
	at spark.RouteImpl$1.handle(RouteImpl.java:72)
	at spark.http.matching.Routes.execute(Routes.java:61)
	at spark.http.matching.MatcherFilter.doFilter(MatcherFilter.java:134)
	at spark.servlet.SparkFilter.doFilter(SparkFilter.java:174)
	at com.ibm.ws.webcontainer.filter.FilterInstanceWrapper.doFilter(FilterInstanceWrapper.java:197)
	at com.ibm.ws.webcontainer.filter.WebAppFilterChain.doFilter(WebAppFilterChain.java:90)
	at com.cs.eximweb.servlets.filter.EEXFrameDenyFilter.doFilter(EEXFrameDenyFilter.java:40)
	at com.ibm.ws.webcontainer.filter.FilterInstanceWrapper.doFilter(FilterInstanceWrapper.java:197)
	at com.ibm.ws.webcontainer.filter.WebAppFilterChain.doFilter(WebAppFilterChain.java:90)
	at com.cs.eximweb.sso.servlets.PicketlinkFilter.doFilter(PicketlinkFilter.java:141)
	at com.ibm.ws.webcontainer.filter.FilterInstanceWrapper.doFilter(FilterInstanceWrapper.java:197)
	at com.ibm.ws.webcontainer.filter.WebAppFilterChain.doFilter(WebAppFilterChain.java:90)
	at com.ibm.ws.webcontainer.filter.WebAppFilterManager.doFilter(WebAppFilterManager.java:979)
	at com.ibm.ws.webcontainer.filter.WebAppFilterManager.invokeFilters(WebAppFilterManager.java:1119)
	at com.ibm.ws.webcontainer.webapp.WebApp.handleRequest(WebApp.java:4238)
	at com.ibm.ws.webcontainer.webapp.WebAppImpl.handleRequest(WebAppImpl.java:2210)
	at com.ibm.ws.webcontainer.webapp.WebGroup.handleRequest(WebGroup.java:304)
	at com.ibm.ws.webcontainer.WebContainer.handleRequest(WebContainer.java:1033)
	at com.ibm.ws.webcontainer.WSWebContainer.handleRequest(WSWebContainer.java:1817)
	at com.ibm.ws.webcontainer.channel.WCChannelLink.ready(WCChannelLink.java:382)
	at com.ibm.ws.http.channel.inbound.impl.HttpInboundLink.handleDiscrimination(HttpInboundLink.java:465)
	at com.ibm.ws.http.channel.inbound.impl.HttpInboundLink.handleNewRequest(HttpInboundLink.java:532)
	at com.ibm.ws.http.channel.inbound.impl.HttpInboundLink.processRequest(HttpInboundLink.java:318)
	at com.ibm.ws.http.channel.inbound.impl.HttpInboundLink.ready(HttpInboundLink.java:289)
	at com.ibm.ws.tcp.channel.impl.NewConnectionInitialReadCallback.sendToDiscriminators(NewConnectionInitialReadCallback.java:214)
	at com.ibm.ws.tcp.channel.impl.NewConnectionInitialReadCallback.complete(NewConnectionInitialReadCallback.java:113)
	at com.ibm.ws.tcp.channel.impl.AioReadCompletionListener.futureCompleted(AioReadCompletionListener.java:175)
	at com.ibm.io.async.AbstractAsyncFuture.invokeCallback(AbstractAsyncFuture.java:217)
	at com.ibm.io.async.AsyncChannelFuture$1.run(AsyncChannelFuture.java:205)
	at com.ibm.ws.util.ThreadPool$Worker.run(ThreadPool.java:1909)

Sep 17, 2025 3:13:07 AM org.eclipse.birt.report.engine.data.IDataEngine
SEVERE: Column binding "RELE_IMAGE" has referred to a data set column "C_MAIN_REF" which does not exist.
org.eclipse.birt.data.engine.core.DataException: Column binding "RELE_IMAGE" has referred to a data set column "C_MAIN_REF" which does not exist.
	at org.eclipse.birt.data.engine.impl.ResultIterator.validateManualBindingExpressions(ResultIterator.java:375)
	at org.eclipse.birt.data.engine.impl.ResultIterator.<init>(ResultIterator.java:148)
	at org.eclipse.birt.data.engine.impl.ResultIterator2.<init>(ResultIterator2.java:79)
	at org.eclipse.birt.data.engine.impl.QueryResults.getResultIterator(QueryResults.java:219)
	at org.eclipse.birt.data.engine.impl.ResultIterator.getSecondaryIterator(ResultIterator.java:940)
	at org.eclipse.birt.data.engine.impl.ResultIterator.getSecondaryIterator(ResultIterator.java:908)
	at org.eclipse.birt.report.engine.data.dte.AbstractDataEngine.doExecuteSubQuery(AbstractDataEngine.java:331)
	at org.eclipse.birt.report.engine.data.dte.AbstractDataEngine.execute(AbstractDataEngine.java:262)
	at org.eclipse.birt.report.engine.executor.ExecutionContext.executeQuery(ExecutionContext.java:1939)
	at org.eclipse.birt.report.engine.executor.QueryItemExecutor.executeQuery(QueryItemExecutor.java:80)
	at org.eclipse.birt.report.engine.executor.ImageItemExecutor.execute(ImageItemExecutor.java:98)
	at org.eclipse.birt.report.engine.internal.executor.dup.SuppressDuplicateItemExecutor.execute(SuppressDuplicateItemExecutor.java:43)
	at org.eclipse.birt.report.engine.internal.executor.wrap.WrappedReportItemExecutor.execute(WrappedReportItemExecutor.java:46)
	at org.eclipse.birt.report.engine.internal.executor.l18n.LocalizedReportItemExecutor.execute(LocalizedReportItemExecutor.java:34)
	at org.eclipse.birt.report.engine.layout.html.HTMLAbstractLM.traverse(HTMLAbstractLM.java:441)
	at org.eclipse.birt.report.engine.layout.html.HTMLAbstractLM.traverse(HTMLAbstractLM.java:442)
	at org.eclipse.birt.report.engine.layout.html.HTMLAbstractLM.traverse(HTMLAbstractLM.java:442)
	at org.eclipse.birt.report.engine.layout.html.HTMLAbstractLM.traverse(HTMLAbstractLM.java:442)
	at org.eclipse.birt.report.engine.layout.html.HTMLAbstractLM.handleVisibility(HTMLAbstractLM.java:374)
	at org.eclipse.birt.report.engine.layout.html.HTMLAbstractLM.layout(HTMLAbstractLM.java:123)
	at org.eclipse.birt.report.engine.layout.html.HTMLBlockStackingLM.layoutNodes(HTMLBlockStackingLM.java:70)
	at org.eclipse.birt.report.engine.layout.html.HTMLPageLM.layout(HTMLPageLM.java:92)
	at org.eclipse.birt.report.engine.layout.html.HTMLReportLayoutEngine.layout(HTMLReportLayoutEngine.java:100)
	at org.eclipse.birt.report.engine.api.impl.RunAndRenderTask.doRun(RunAndRenderTask.java:180)
	at org.eclipse.birt.report.engine.api.impl.RunAndRenderTask.run(RunAndRenderTask.java:77)
	at com.cs.birt.report.portal.HttpFacade.issueTSUMessageByXML(HttpFacade.java:964)
	at com.cs.birt.report.portal.HttpFacade.mergeTsu(HttpFacade.java:353)
	at com.cs.birt.report.portal.HttpFacade.doPost(HttpFacade.java:138)
	at com.cs.eeservices.handler.BirtHandler.tsuMessage(BirtHandler.java:35)
	at com.cs.eeservices.endpoint.BirtEndpoint$S3Route.onRequest(BirtEndpoint.java:90)
	at com.cs.eeservices.endpoint.BirtEndpoint$S3Route.onRequest(BirtEndpoint.java:84)
	at com.cs.eeservices.base.EETypedRoute.handle(EETypedRoute.java:33)
	at spark.RouteImpl$1.handle(RouteImpl.java:72)
	at spark.http.matching.Routes.execute(Routes.java:61)
	at spark.http.matching.MatcherFilter.doFilter(MatcherFilter.java:134)
	at spark.servlet.SparkFilter.doFilter(SparkFilter.java:174)
	at com.ibm.ws.webcontainer.filter.FilterInstanceWrapper.doFilter(FilterInstanceWrapper.java:197)
	at com.ibm.ws.webcontainer.filter.WebAppFilterChain.doFilter(WebAppFilterChain.java:90)
	at com.cs.eximweb.servlets.filter.EEXFrameDenyFilter.doFilter(EEXFrameDenyFilter.java:40)
	at com.ibm.ws.webcontainer.filter.FilterInstanceWrapper.doFilter(FilterInstanceWrapper.java:197)
	at com.ibm.ws.webcontainer.filter.WebAppFilterChain.doFilter(WebAppFilterChain.java:90)
	at com.cs.eximweb.sso.servlets.PicketlinkFilter.doFilter(PicketlinkFilter.java:141)
	at com.ibm.ws.webcontainer.filter.FilterInstanceWrapper.doFilter(FilterInstanceWrapper.java:197)
	at com.ibm.ws.webcontainer.filter.WebAppFilterChain.doFilter(WebAppFilterChain.java:90)
	at com.ibm.ws.webcontainer.filter.WebAppFilterManager.doFilter(WebAppFilterManager.java:979)
	at com.ibm.ws.webcontainer.filter.WebAppFilterManager.invokeFilters(WebAppFilterManager.java:1119)
	at com.ibm.ws.webcontainer.webapp.WebApp.handleRequest(WebApp.java:4238)
	at com.ibm.ws.webcontainer.webapp.WebAppImpl.handleRequest(WebAppImpl.java:2210)
	at com.ibm.ws.webcontainer.webapp.WebGroup.handleRequest(WebGroup.java:304)
	at com.ibm.ws.webcontainer.WebContainer.handleRequest(WebContainer.java:1033)
	at com.ibm.ws.webcontainer.WSWebContainer.handleRequest(WSWebContainer.java:1817)
	at com.ibm.ws.webcontainer.channel.WCChannelLink.ready(WCChannelLink.java:382)
	at com.ibm.ws.http.channel.inbound.impl.HttpInboundLink.handleDiscrimination(HttpInboundLink.java:465)
	at com.ibm.ws.http.channel.inbound.impl.HttpInboundLink.handleNewRequest(HttpInboundLink.java:532)
	at com.ibm.ws.http.channel.inbound.impl.HttpInboundLink.processRequest(HttpInboundLink.java:318)
	at com.ibm.ws.http.channel.inbound.impl.HttpInboundLink.ready(HttpInboundLink.java:289)
	at com.ibm.ws.tcp.channel.impl.NewConnectionInitialReadCallback.sendToDiscriminators(NewConnectionInitialReadCallback.java:214)
	at com.ibm.ws.tcp.channel.impl.NewConnectionInitialReadCallback.complete(NewConnectionInitialReadCallback.java:113)
	at com.ibm.ws.tcp.channel.impl.AioReadCompletionListener.futureCompleted(AioReadCompletionListener.java:175)
	at com.ibm.io.async.AbstractAsyncFuture.invokeCallback(AbstractAsyncFuture.java:217)
	at com.ibm.io.async.AsyncChannelFuture$1.run(AsyncChannelFuture.java:205)
	at com.ibm.ws.util.ThreadPool$Worker.run(ThreadPool.java:1909)

Sep 17, 2025 3:13:07 AM org.eclipse.birt.report.engine.data.IDataEngine
SEVERE: Column binding "RELE_IMAGE" has referred to a data set column "C_MAIN_REF" which does not exist.
org.eclipse.birt.data.engine.core.DataException: Column binding "RELE_IMAGE" has referred to a data set column "C_MAIN_REF" which does not exist.
	at org.eclipse.birt.data.engine.impl.ResultIterator.validateManualBindingExpressions(ResultIterator.java:375)
	at org.eclipse.birt.data.engine.impl.ResultIterator.<init>(ResultIterator.java:148)
	at org.eclipse.birt.data.engine.impl.ResultIterator2.<init>(ResultIterator2.java:79)
	at org.eclipse.birt.data.engine.impl.QueryResults.getResultIterator(QueryResults.java:219)
	at org.eclipse.birt.data.engine.impl.ResultIterator.getSecondaryIterator(ResultIterator.java:940)
	at org.eclipse.birt.data.engine.impl.ResultIterator.getSecondaryIterator(ResultIterator.java:908)
	at org.eclipse.birt.report.engine.data.dte.AbstractDataEngine.doExecuteSubQuery(AbstractDataEngine.java:331)
	at org.eclipse.birt.report.engine.data.dte.AbstractDataEngine.execute(AbstractDataEngine.java:262)
	at org.eclipse.birt.report.engine.executor.ExecutionContext.executeQuery(ExecutionContext.java:1939)
	at org.eclipse.birt.report.engine.executor.QueryItemExecutor.executeQuery(QueryItemExecutor.java:80)
	at org.eclipse.birt.report.engine.executor.ImageItemExecutor.execute(ImageItemExecutor.java:98)
	at org.eclipse.birt.report.engine.internal.executor.dup.SuppressDuplicateItemExecutor.execute(SuppressDuplicateItemExecutor.java:43)
	at org.eclipse.birt.report.engine.internal.executor.wrap.WrappedReportItemExecutor.execute(WrappedReportItemExecutor.java:46)
	at org.eclipse.birt.report.engine.internal.executor.l18n.LocalizedReportItemExecutor.execute(LocalizedReportItemExecutor.java:34)
	at org.eclipse.birt.report.engine.layout.html.HTMLAbstractLM.traverse(HTMLAbstractLM.java:441)
	at org.eclipse.birt.report.engine.layout.html.HTMLAbstractLM.traverse(HTMLAbstractLM.java:442)
	at org.eclipse.birt.report.engine.layout.html.HTMLAbstractLM.traverse(HTMLAbstractLM.java:442)
	at org.eclipse.birt.report.engine.layout.html.HTMLAbstractLM.traverse(HTMLAbstractLM.java:442)
	at org.eclipse.birt.report.engine.layout.html.HTMLAbstractLM.handleVisibility(HTMLAbstractLM.java:374)
	at org.eclipse.birt.report.engine.layout.html.HTMLAbstractLM.layout(HTMLAbstractLM.java:123)
	at org.eclipse.birt.report.engine.layout.html.HTMLBlockStackingLM.layoutNodes(HTMLBlockStackingLM.java:70)
	at org.eclipse.birt.report.engine.layout.html.HTMLPageLM.layout(HTMLPageLM.java:92)
	at org.eclipse.birt.report.engine.layout.html.HTMLReportLayoutEngine.layout(HTMLReportLayoutEngine.java:100)
	at org.eclipse.birt.report.engine.api.impl.RunAndRenderTask.doRun(RunAndRenderTask.java:180)
	at org.eclipse.birt.report.engine.api.impl.RunAndRenderTask.run(RunAndRenderTask.java:77)
	at com.cs.birt.report.portal.HttpFacade.issueTSUMessageByXML(HttpFacade.java:964)
	at com.cs.birt.report.portal.HttpFacade.mergeTsu(HttpFacade.java:353)
	at com.cs.birt.report.portal.HttpFacade.doPost(HttpFacade.java:138)
	at com.cs.eeservices.handler.BirtHandler.tsuMessage(BirtHandler.java:35)
	at com.cs.eeservices.endpoint.BirtEndpoint$S3Route.onRequest(BirtEndpoint.java:90)
	at com.cs.eeservices.endpoint.BirtEndpoint$S3Route.onRequest(BirtEndpoint.java:84)
	at com.cs.eeservices.base.EETypedRoute.handle(EETypedRoute.java:33)
	at spark.RouteImpl$1.handle(RouteImpl.java:72)
	at spark.http.matching.Routes.execute(Routes.java:61)
	at spark.http.matching.MatcherFilter.doFilter(MatcherFilter.java:134)
	at spark.servlet.SparkFilter.doFilter(SparkFilter.java:174)
	at com.ibm.ws.webcontainer.filter.FilterInstanceWrapper.doFilter(FilterInstanceWrapper.java:197)
	at com.ibm.ws.webcontainer.filter.WebAppFilterChain.doFilter(WebAppFilterChain.java:90)
	at com.cs.eximweb.servlets.filter.EEXFrameDenyFilter.doFilter(EEXFrameDenyFilter.java:40)
	at com.ibm.ws.webcontainer.filter.FilterInstanceWrapper.doFilter(FilterInstanceWrapper.java:197)
	at com.ibm.ws.webcontainer.filter.WebAppFilterChain.doFilter(WebAppFilterChain.java:90)
	at com.cs.eximweb.sso.servlets.PicketlinkFilter.doFilter(PicketlinkFilter.java:141)
	at com.ibm.ws.webcontainer.filter.FilterInstanceWrapper.doFilter(FilterInstanceWrapper.java:197)
	at com.ibm.ws.webcontainer.filter.WebAppFilterChain.doFilter(WebAppFilterChain.java:90)
	at com.ibm.ws.webcontainer.filter.WebAppFilterManager.doFilter(WebAppFilterManager.java:979)
	at com.ibm.ws.webcontainer.filter.WebAppFilterManager.invokeFilters(WebAppFilterManager.java:1119)
	at com.ibm.ws.webcontainer.webapp.WebApp.handleRequest(WebApp.java:4238)
	at com.ibm.ws.webcontainer.webapp.WebAppImpl.handleRequest(WebAppImpl.java:2210)
	at com.ibm.ws.webcontainer.webapp.WebGroup.handleRequest(WebGroup.java:304)
	at com.ibm.ws.webcontainer.WebContainer.handleRequest(WebContainer.java:1033)
	at com.ibm.ws.webcontainer.WSWebContainer.handleRequest(WSWebContainer.java:1817)
	at com.ibm.ws.webcontainer.channel.WCChannelLink.ready(WCChannelLink.java:382)
	at com.ibm.ws.http.channel.inbound.impl.HttpInboundLink.handleDiscrimination(HttpInboundLink.java:465)
	at com.ibm.ws.http.channel.inbound.impl.HttpInboundLink.handleNewRequest(HttpInboundLink.java:532)
	at com.ibm.ws.http.channel.inbound.impl.HttpInboundLink.processRequest(HttpInboundLink.java:318)
	at com.ibm.ws.http.channel.inbound.impl.HttpInboundLink.ready(HttpInboundLink.java:289)
	at com.ibm.ws.tcp.channel.impl.NewConnectionInitialReadCallback.sendToDiscriminators(NewConnectionInitialReadCallback.java:214)
	at com.ibm.ws.tcp.channel.impl.NewConnectionInitialReadCallback.complete(NewConnectionInitialReadCallback.java:113)
	at com.ibm.ws.tcp.channel.impl.AioReadCompletionListener.futureCompleted(AioReadCompletionListener.java:175)
	at com.ibm.io.async.AbstractAsyncFuture.invokeCallback(AbstractAsyncFuture.java:217)
	at com.ibm.io.async.AsyncChannelFuture$1.run(AsyncChannelFuture.java:205)
	at com.ibm.ws.util.ThreadPool$Worker.run(ThreadPool.java:1909)

Sep 17, 2025 3:13:07 AM org.eclipse.birt.report.engine.data.IDataEngine
SEVERE: Column binding "RELE_IMAGE" has referred to a data set column "C_MAIN_REF" which does not exist.
org.eclipse.birt.data.engine.core.DataException: Column binding "RELE_IMAGE" has referred to a data set column "C_MAIN_REF" which does not exist.
	at org.eclipse.birt.data.engine.impl.ResultIterator.validateManualBindingExpressions(ResultIterator.java:375)
	at org.eclipse.birt.data.engine.impl.ResultIterator.<init>(ResultIterator.java:148)
	at org.eclipse.birt.data.engine.impl.ResultIterator2.<init>(ResultIterator2.java:79)
	at org.eclipse.birt.data.engine.impl.QueryResults.getResultIterator(QueryResults.java:219)
	at org.eclipse.birt.data.engine.impl.ResultIterator.getSecondaryIterator(ResultIterator.java:940)
	at org.eclipse.birt.data.engine.impl.ResultIterator.getSecondaryIterator(ResultIterator.java:908)
	at org.eclipse.birt.report.engine.data.dte.AbstractDataEngine.doExecuteSubQuery(AbstractDataEngine.java:331)
	at org.eclipse.birt.report.engine.data.dte.AbstractDataEngine.execute(AbstractDataEngine.java:262)
	at org.eclipse.birt.report.engine.executor.ExecutionContext.executeQuery(ExecutionContext.java:1939)
	at org.eclipse.birt.report.engine.executor.QueryItemExecutor.executeQuery(QueryItemExecutor.java:80)
	at org.eclipse.birt.report.engine.executor.ImageItemExecutor.execute(ImageItemExecutor.java:98)
	at org.eclipse.birt.report.engine.internal.executor.dup.SuppressDuplicateItemExecutor.execute(SuppressDuplicateItemExecutor.java:43)
	at org.eclipse.birt.report.engine.internal.executor.wrap.WrappedReportItemExecutor.execute(WrappedReportItemExecutor.java:46)
	at org.eclipse.birt.report.engine.internal.executor.l18n.LocalizedReportItemExecutor.execute(LocalizedReportItemExecutor.java:34)
	at org.eclipse.birt.report.engine.layout.html.HTMLAbstractLM.traverse(HTMLAbstractLM.java:441)
	at org.eclipse.birt.report.engine.layout.html.HTMLAbstractLM.traverse(HTMLAbstractLM.java:442)
	at org.eclipse.birt.report.engine.layout.html.HTMLAbstractLM.traverse(HTMLAbstractLM.java:442)
	at org.eclipse.birt.report.engine.layout.html.HTMLAbstractLM.traverse(HTMLAbstractLM.java:442)
	at org.eclipse.birt.report.engine.layout.html.HTMLAbstractLM.handleVisibility(HTMLAbstractLM.java:374)
	at org.eclipse.birt.report.engine.layout.html.HTMLAbstractLM.layout(HTMLAbstractLM.java:123)
	at org.eclipse.birt.report.engine.layout.html.HTMLBlockStackingLM.layoutNodes(HTMLBlockStackingLM.java:70)
	at org.eclipse.birt.report.engine.layout.html.HTMLPageLM.layout(HTMLPageLM.java:92)
	at org.eclipse.birt.report.engine.layout.html.HTMLReportLayoutEngine.layout(HTMLReportLayoutEngine.java:100)
	at org.eclipse.birt.report.engine.api.impl.RunAndRenderTask.doRun(RunAndRenderTask.java:180)
	at org.eclipse.birt.report.engine.api.impl.RunAndRenderTask.run(RunAndRenderTask.java:77)
	at com.cs.birt.report.portal.HttpFacade.issueTSUMessageByXML(HttpFacade.java:964)
	at com.cs.birt.report.portal.HttpFacade.mergeTsu(HttpFacade.java:353)
	at com.cs.birt.report.portal.HttpFacade.doPost(HttpFacade.java:138)
	at com.cs.eeservices.handler.BirtHandler.tsuMessage(BirtHandler.java:35)
	at com.cs.eeservices.endpoint.BirtEndpoint$S3Route.onRequest(BirtEndpoint.java:90)
	at com.cs.eeservices.endpoint.BirtEndpoint$S3Route.onRequest(BirtEndpoint.java:84)
	at com.cs.eeservices.base.EETypedRoute.handle(EETypedRoute.java:33)
	at spark.RouteImpl$1.handle(RouteImpl.java:72)
	at spark.http.matching.Routes.execute(Routes.java:61)
	at spark.http.matching.MatcherFilter.doFilter(MatcherFilter.java:134)
	at spark.servlet.SparkFilter.doFilter(SparkFilter.java:174)
	at com.ibm.ws.webcontainer.filter.FilterInstanceWrapper.doFilter(FilterInstanceWrapper.java:197)
	at com.ibm.ws.webcontainer.filter.WebAppFilterChain.doFilter(WebAppFilterChain.java:90)
	at com.cs.eximweb.servlets.filter.EEXFrameDenyFilter.doFilter(EEXFrameDenyFilter.java:40)
	at com.ibm.ws.webcontainer.filter.FilterInstanceWrapper.doFilter(FilterInstanceWrapper.java:197)
	at com.ibm.ws.webcontainer.filter.WebAppFilterChain.doFilter(WebAppFilterChain.java:90)
	at com.cs.eximweb.sso.servlets.PicketlinkFilter.doFilter(PicketlinkFilter.java:141)
	at com.ibm.ws.webcontainer.filter.FilterInstanceWrapper.doFilter(FilterInstanceWrapper.java:197)
	at com.ibm.ws.webcontainer.filter.WebAppFilterChain.doFilter(WebAppFilterChain.java:90)
	at com.ibm.ws.webcontainer.filter.WebAppFilterManager.doFilter(WebAppFilterManager.java:979)
	at com.ibm.ws.webcontainer.filter.WebAppFilterManager.invokeFilters(WebAppFilterManager.java:1119)
	at com.ibm.ws.webcontainer.webapp.WebApp.handleRequest(WebApp.java:4238)
	at com.ibm.ws.webcontainer.webapp.WebAppImpl.handleRequest(WebAppImpl.java:2210)
	at com.ibm.ws.webcontainer.webapp.WebGroup.handleRequest(WebGroup.java:304)
	at com.ibm.ws.webcontainer.WebContainer.handleRequest(WebContainer.java:1033)
	at com.ibm.ws.webcontainer.WSWebContainer.handleRequest(WSWebContainer.java:1817)
	at com.ibm.ws.webcontainer.channel.WCChannelLink.ready(WCChannelLink.java:382)
	at com.ibm.ws.http.channel.inbound.impl.HttpInboundLink.handleDiscrimination(HttpInboundLink.java:465)
	at com.ibm.ws.http.channel.inbound.impl.HttpInboundLink.handleNewRequest(HttpInboundLink.java:532)
	at com.ibm.ws.http.channel.inbound.impl.HttpInboundLink.processRequest(HttpInboundLink.java:318)
	at com.ibm.ws.http.channel.inbound.impl.HttpInboundLink.ready(HttpInboundLink.java:289)
	at com.ibm.ws.tcp.channel.impl.NewConnectionInitialReadCallback.sendToDiscriminators(NewConnectionInitialReadCallback.java:214)
	at com.ibm.ws.tcp.channel.impl.NewConnectionInitialReadCallback.complete(NewConnectionInitialReadCallback.java:113)
	at com.ibm.ws.tcp.channel.impl.AioReadCompletionListener.futureCompleted(AioReadCompletionListener.java:175)
	at com.ibm.io.async.AbstractAsyncFuture.invokeCallback(AbstractAsyncFuture.java:217)
	at com.ibm.io.async.AsyncChannelFuture$1.run(AsyncChannelFuture.java:205)
	at com.ibm.ws.util.ThreadPool$Worker.run(ThreadPool.java:1909)

Sep 17, 2025 3:13:07 AM org.eclipse.birt.report.engine.data.IDataEngine
SEVERE: Column binding "RELE_IMAGE" has referred to a data set column "C_MAIN_REF" which does not exist.
org.eclipse.birt.data.engine.core.DataException: Column binding "RELE_IMAGE" has referred to a data set column "C_MAIN_REF" which does not exist.
	at org.eclipse.birt.data.engine.impl.ResultIterator.validateManualBindingExpressions(ResultIterator.java:375)
	at org.eclipse.birt.data.engine.impl.ResultIterator.<init>(ResultIterator.java:148)
	at org.eclipse.birt.data.engine.impl.ResultIterator2.<init>(ResultIterator2.java:79)
	at org.eclipse.birt.data.engine.impl.QueryResults.getResultIterator(QueryResults.java:219)
	at org.eclipse.birt.data.engine.impl.ResultIterator.getSecondaryIterator(ResultIterator.java:940)
	at org.eclipse.birt.data.engine.impl.ResultIterator.getSecondaryIterator(ResultIterator.java:908)
	at org.eclipse.birt.report.engine.data.dte.AbstractDataEngine.doExecuteSubQuery(AbstractDataEngine.java:331)
	at org.eclipse.birt.report.engine.data.dte.AbstractDataEngine.execute(AbstractDataEngine.java:262)
	at org.eclipse.birt.report.engine.executor.ExecutionContext.executeQuery(ExecutionContext.java:1939)
	at org.eclipse.birt.report.engine.executor.QueryItemExecutor.executeQuery(QueryItemExecutor.java:80)
	at org.eclipse.birt.report.engine.executor.ImageItemExecutor.execute(ImageItemExecutor.java:98)
	at org.eclipse.birt.report.engine.internal.executor.dup.SuppressDuplicateItemExecutor.execute(SuppressDuplicateItemExecutor.java:43)
	at org.eclipse.birt.report.engine.internal.executor.wrap.WrappedReportItemExecutor.execute(WrappedReportItemExecutor.java:46)
	at org.eclipse.birt.report.engine.internal.executor.l18n.LocalizedReportItemExecutor.execute(LocalizedReportItemExecutor.java:34)
	at org.eclipse.birt.report.engine.layout.html.HTMLAbstractLM.traverse(HTMLAbstractLM.java:441)
	at org.eclipse.birt.report.engine.layout.html.HTMLAbstractLM.traverse(HTMLAbstractLM.java:442)
	at org.eclipse.birt.report.engine.layout.html.HTMLAbstractLM.traverse(HTMLAbstractLM.java:442)
	at org.eclipse.birt.report.engine.layout.html.HTMLAbstractLM.traverse(HTMLAbstractLM.java:442)
	at org.eclipse.birt.report.engine.layout.html.HTMLAbstractLM.handleVisibility(HTMLAbstractLM.java:374)
	at org.eclipse.birt.report.engine.layout.html.HTMLAbstractLM.layout(HTMLAbstractLM.java:123)
	at org.eclipse.birt.report.engine.layout.html.HTMLBlockStackingLM.layoutNodes(HTMLBlockStackingLM.java:70)
	at org.eclipse.birt.report.engine.layout.html.HTMLPageLM.layout(HTMLPageLM.java:92)
	at org.eclipse.birt.report.engine.layout.html.HTMLReportLayoutEngine.layout(HTMLReportLayoutEngine.java:100)
	at org.eclipse.birt.report.engine.api.impl.RunAndRenderTask.doRun(RunAndRenderTask.java:180)
	at org.eclipse.birt.report.engine.api.impl.RunAndRenderTask.run(RunAndRenderTask.java:77)
	at com.cs.birt.report.portal.HttpFacade.issueTSUMessageByXML(HttpFacade.java:964)
	at com.cs.birt.report.portal.HttpFacade.mergeTsu(HttpFacade.java:353)
	at com.cs.birt.report.portal.HttpFacade.doPost(HttpFacade.java:138)
	at com.cs.eeservices.handler.BirtHandler.tsuMessage(BirtHandler.java:35)
	at com.cs.eeservices.endpoint.BirtEndpoint$S3Route.onRequest(BirtEndpoint.java:90)
	at com.cs.eeservices.endpoint.BirtEndpoint$S3Route.onRequest(BirtEndpoint.java:84)
	at com.cs.eeservices.base.EETypedRoute.handle(EETypedRoute.java:33)
	at spark.RouteImpl$1.handle(RouteImpl.java:72)
	at spark.http.matching.Routes.execute(Routes.java:61)
	at spark.http.matching.MatcherFilter.doFilter(MatcherFilter.java:134)
	at spark.servlet.SparkFilter.doFilter(SparkFilter.java:174)
	at com.ibm.ws.webcontainer.filter.FilterInstanceWrapper.doFilter(FilterInstanceWrapper.java:197)
	at com.ibm.ws.webcontainer.filter.WebAppFilterChain.doFilter(WebAppFilterChain.java:90)
	at com.cs.eximweb.servlets.filter.EEXFrameDenyFilter.doFilter(EEXFrameDenyFilter.java:40)
	at com.ibm.ws.webcontainer.filter.FilterInstanceWrapper.doFilter(FilterInstanceWrapper.java:197)
	at com.ibm.ws.webcontainer.filter.WebAppFilterChain.doFilter(WebAppFilterChain.java:90)
	at com.cs.eximweb.sso.servlets.PicketlinkFilter.doFilter(PicketlinkFilter.java:141)
	at com.ibm.ws.webcontainer.filter.FilterInstanceWrapper.doFilter(FilterInstanceWrapper.java:197)
	at com.ibm.ws.webcontainer.filter.WebAppFilterChain.doFilter(WebAppFilterChain.java:90)
	at com.ibm.ws.webcontainer.filter.WebAppFilterManager.doFilter(WebAppFilterManager.java:979)
	at com.ibm.ws.webcontainer.filter.WebAppFilterManager.invokeFilters(WebAppFilterManager.java:1119)
	at com.ibm.ws.webcontainer.webapp.WebApp.handleRequest(WebApp.java:4238)
	at com.ibm.ws.webcontainer.webapp.WebAppImpl.handleRequest(WebAppImpl.java:2210)
	at com.ibm.ws.webcontainer.webapp.WebGroup.handleRequest(WebGroup.java:304)
	at com.ibm.ws.webcontainer.WebContainer.handleRequest(WebContainer.java:1033)
	at com.ibm.ws.webcontainer.WSWebContainer.handleRequest(WSWebContainer.java:1817)
	at com.ibm.ws.webcontainer.channel.WCChannelLink.ready(WCChannelLink.java:382)
	at com.ibm.ws.http.channel.inbound.impl.HttpInboundLink.handleDiscrimination(HttpInboundLink.java:465)
	at com.ibm.ws.http.channel.inbound.impl.HttpInboundLink.handleNewRequest(HttpInboundLink.java:532)
	at com.ibm.ws.http.channel.inbound.impl.HttpInboundLink.processRequest(HttpInboundLink.java:318)
	at com.ibm.ws.http.channel.inbound.impl.HttpInboundLink.ready(HttpInboundLink.java:289)
	at com.ibm.ws.tcp.channel.impl.NewConnectionInitialReadCallback.sendToDiscriminators(NewConnectionInitialReadCallback.java:214)
	at com.ibm.ws.tcp.channel.impl.NewConnectionInitialReadCallback.complete(NewConnectionInitialReadCallback.java:113)
	at com.ibm.ws.tcp.channel.impl.AioReadCompletionListener.futureCompleted(AioReadCompletionListener.java:175)
	at com.ibm.io.async.AbstractAsyncFuture.invokeCallback(AbstractAsyncFuture.java:217)
	at com.ibm.io.async.AsyncChannelFuture$1.run(AsyncChannelFuture.java:205)
	at com.ibm.ws.util.ThreadPool$Worker.run(ThreadPool.java:1909)

Sep 17, 2025 3:13:07 AM org.eclipse.birt.report.engine.data.IDataEngine
SEVERE: Column binding "RELE_IMAGE" has referred to a data set column "C_MAIN_REF" which does not exist.
org.eclipse.birt.data.engine.core.DataException: Column binding "RELE_IMAGE" has referred to a data set column "C_MAIN_REF" which does not exist.
	at org.eclipse.birt.data.engine.impl.ResultIterator.validateManualBindingExpressions(ResultIterator.java:375)
	at org.eclipse.birt.data.engine.impl.ResultIterator.<init>(ResultIterator.java:148)
	at org.eclipse.birt.data.engine.impl.ResultIterator2.<init>(ResultIterator2.java:79)
	at org.eclipse.birt.data.engine.impl.QueryResults.getResultIterator(QueryResults.java:219)
	at org.eclipse.birt.data.engine.impl.ResultIterator.getSecondaryIterator(ResultIterator.java:940)
	at org.eclipse.birt.data.engine.impl.ResultIterator.getSecondaryIterator(ResultIterator.java:908)
	at org.eclipse.birt.report.engine.data.dte.AbstractDataEngine.doExecuteSubQuery(AbstractDataEngine.java:331)
	at org.eclipse.birt.report.engine.data.dte.AbstractDataEngine.execute(AbstractDataEngine.java:262)
	at org.eclipse.birt.report.engine.executor.ExecutionContext.executeQuery(ExecutionContext.java:1939)
	at org.eclipse.birt.report.engine.executor.QueryItemExecutor.executeQuery(QueryItemExecutor.java:80)
	at org.eclipse.birt.report.engine.executor.ImageItemExecutor.execute(ImageItemExecutor.java:98)
	at org.eclipse.birt.report.engine.internal.executor.dup.SuppressDuplicateItemExecutor.execute(SuppressDuplicateItemExecutor.java:43)
	at org.eclipse.birt.report.engine.internal.executor.wrap.WrappedReportItemExecutor.execute(WrappedReportItemExecutor.java:46)
	at org.eclipse.birt.report.engine.internal.executor.l18n.LocalizedReportItemExecutor.execute(LocalizedReportItemExecutor.java:34)
	at org.eclipse.birt.report.engine.layout.html.HTMLAbstractLM.traverse(HTMLAbstractLM.java:441)
	at org.eclipse.birt.report.engine.layout.html.HTMLAbstractLM.traverse(HTMLAbstractLM.java:442)
	at org.eclipse.birt.report.engine.layout.html.HTMLAbstractLM.traverse(HTMLAbstractLM.java:442)
	at org.eclipse.birt.report.engine.layout.html.HTMLAbstractLM.traverse(HTMLAbstractLM.java:442)
	at org.eclipse.birt.report.engine.layout.html.HTMLAbstractLM.handleVisibility(HTMLAbstractLM.java:374)
	at org.eclipse.birt.report.engine.layout.html.HTMLAbstractLM.layout(HTMLAbstractLM.java:123)
	at org.eclipse.birt.report.engine.layout.html.HTMLBlockStackingLM.layoutNodes(HTMLBlockStackingLM.java:70)
	at org.eclipse.birt.report.engine.layout.html.HTMLPageLM.layout(HTMLPageLM.java:92)
	at org.eclipse.birt.report.engine.layout.html.HTMLReportLayoutEngine.layout(HTMLReportLayoutEngine.java:100)
	at org.eclipse.birt.report.engine.api.impl.RunAndRenderTask.doRun(RunAndRenderTask.java:180)
	at org.eclipse.birt.report.engine.api.impl.RunAndRenderTask.run(RunAndRenderTask.java:77)
	at com.cs.birt.report.portal.HttpFacade.issueTSUMessageByXML(HttpFacade.java:964)
	at com.cs.birt.report.portal.HttpFacade.mergeTsu(HttpFacade.java:353)
	at com.cs.birt.report.portal.HttpFacade.doPost(HttpFacade.java:138)
	at com.cs.eeservices.handler.BirtHandler.tsuMessage(BirtHandler.java:35)
	at com.cs.eeservices.endpoint.BirtEndpoint$S3Route.onRequest(BirtEndpoint.java:90)
	at com.cs.eeservices.endpoint.BirtEndpoint$S3Route.onRequest(BirtEndpoint.java:84)
	at com.cs.eeservices.base.EETypedRoute.handle(EETypedRoute.java:33)
	at spark.RouteImpl$1.handle(RouteImpl.java:72)
	at spark.http.matching.Routes.execute(Routes.java:61)
	at spark.http.matching.MatcherFilter.doFilter(MatcherFilter.java:134)
	at spark.servlet.SparkFilter.doFilter(SparkFilter.java:174)
	at com.ibm.ws.webcontainer.filter.FilterInstanceWrapper.doFilter(FilterInstanceWrapper.java:197)
	at com.ibm.ws.webcontainer.filter.WebAppFilterChain.doFilter(WebAppFilterChain.java:90)
	at com.cs.eximweb.servlets.filter.EEXFrameDenyFilter.doFilter(EEXFrameDenyFilter.java:40)
	at com.ibm.ws.webcontainer.filter.FilterInstanceWrapper.doFilter(FilterInstanceWrapper.java:197)
	at com.ibm.ws.webcontainer.filter.WebAppFilterChain.doFilter(WebAppFilterChain.java:90)
	at com.cs.eximweb.sso.servlets.PicketlinkFilter.doFilter(PicketlinkFilter.java:141)
	at com.ibm.ws.webcontainer.filter.FilterInstanceWrapper.doFilter(FilterInstanceWrapper.java:197)
	at com.ibm.ws.webcontainer.filter.WebAppFilterChain.doFilter(WebAppFilterChain.java:90)
	at com.ibm.ws.webcontainer.filter.WebAppFilterManager.doFilter(WebAppFilterManager.java:979)
	at com.ibm.ws.webcontainer.filter.WebAppFilterManager.invokeFilters(WebAppFilterManager.java:1119)
	at com.ibm.ws.webcontainer.webapp.WebApp.handleRequest(WebApp.java:4238)
	at com.ibm.ws.webcontainer.webapp.WebAppImpl.handleRequest(WebAppImpl.java:2210)
	at com.ibm.ws.webcontainer.webapp.WebGroup.handleRequest(WebGroup.java:304)
	at com.ibm.ws.webcontainer.WebContainer.handleRequest(WebContainer.java:1033)
	at com.ibm.ws.webcontainer.WSWebContainer.handleRequest(WSWebContainer.java:1817)
	at com.ibm.ws.webcontainer.channel.WCChannelLink.ready(WCChannelLink.java:382)
	at com.ibm.ws.http.channel.inbound.impl.HttpInboundLink.handleDiscrimination(HttpInboundLink.java:465)
	at com.ibm.ws.http.channel.inbound.impl.HttpInboundLink.handleNewRequest(HttpInboundLink.java:532)
	at com.ibm.ws.http.channel.inbound.impl.HttpInboundLink.processRequest(HttpInboundLink.java:318)
	at com.ibm.ws.http.channel.inbound.impl.HttpInboundLink.ready(HttpInboundLink.java:289)
	at com.ibm.ws.tcp.channel.impl.NewConnectionInitialReadCallback.sendToDiscriminators(NewConnectionInitialReadCallback.java:214)
	at com.ibm.ws.tcp.channel.impl.NewConnectionInitialReadCallback.complete(NewConnectionInitialReadCallback.java:113)
	at com.ibm.ws.tcp.channel.impl.AioReadCompletionListener.futureCompleted(AioReadCompletionListener.java:175)
	at com.ibm.io.async.AbstractAsyncFuture.invokeCallback(AbstractAsyncFuture.java:217)
	at com.ibm.io.async.AsyncChannelFuture$1.run(AsyncChannelFuture.java:205)
	at com.ibm.ws.util.ThreadPool$Worker.run(ThreadPool.java:1909)

