Sep 03, 2025 6:30:52 AM org.eclipse.birt.report.engine.layout.pdf.font.FontConfigReader
INFO: load font config in wsjar:file:/data/EE_PARA/EE_LIB/org.eclipse.birt.runtime-3.7.2.v20120214-1408.jar!/fontsConfig.xml cost 17ms
Sep 03, 2025 6:30:52 AM org.eclipse.birt.report.engine.layout.pdf.font.FontConfigReader
INFO: register fonts in /usr/openwin/lib/locale/ko.UTF-8/X11/fonts/TrueType cost:0ms
Sep 03, 2025 6:30:52 AM org.eclipse.birt.report.engine.layout.pdf.font.FontConfigReader
INFO: register fonts in /usr/openwin/lib/locale/zh/X11/fonts/TrueType cost:0ms
Sep 03, 2025 6:30:52 AM org.eclipse.birt.report.engine.layout.pdf.font.FontConfigReader
INFO: register fonts in /var/lib/defoma/x-ttcidfont-conf.d/dirs/TrueType cost:0ms
Sep 03, 2025 6:30:52 AM org.eclipse.birt.report.engine.layout.pdf.font.FontConfigReader
INFO: register fonts in /usr/openwin/lib/locale/KOI8-R/X11/fonts/TrueType cost:0ms
Sep 03, 2025 6:30:52 AM org.eclipse.birt.report.engine.layout.pdf.font.FontConfigReader
INFO: register fonts in /usr/share/fonts/zh_CN/TrueType cost:7ms
Sep 03, 2025 6:30:52 AM org.eclipse.birt.report.engine.layout.pdf.font.FontConfigReader
INFO: register fonts in /usr/X11R6/lib/X11/fonts/truetype cost:0ms
Sep 03, 2025 6:30:52 AM org.eclipse.birt.report.engine.layout.pdf.font.FontConfigReader
INFO: register fonts in /usr/openwin/lib/locale/zh_HK.BIG5HK/X11/fonts/TT cost:0ms
Sep 03, 2025 6:30:52 AM org.eclipse.birt.report.engine.layout.pdf.font.FontConfigReader
INFO: register fonts in /usr/X11R6/lib/X11/fonts/tt cost:0ms
Sep 03, 2025 6:30:52 AM org.eclipse.birt.report.engine.layout.pdf.font.FontConfigReader
INFO: register fonts in /usr/openwin/lib/locale/ar/X11/fonts/TrueType cost:0ms
Sep 03, 2025 6:30:52 AM org.eclipse.birt.report.engine.layout.pdf.font.FontConfigReader
INFO: register fonts in /usr/openwin/lib/locale/zh_TW.BIG5/X11/fonts/TT cost:0ms
Sep 03, 2025 6:30:52 AM org.eclipse.birt.report.engine.layout.pdf.font.FontConfigReader
INFO: register fonts in /usr/openwin/lib/locale/ja/X11/fonts/TT cost:0ms
Sep 03, 2025 6:30:52 AM org.eclipse.birt.report.engine.layout.pdf.font.FontConfigReader
INFO: register fonts in d:/windows/fonts cost:0ms
Sep 03, 2025 6:30:52 AM org.eclipse.birt.report.engine.layout.pdf.font.FontConfigReader
INFO: register fonts in /usr/openwin/lib/locale/iso_8859_2/X11/fonts/TrueType cost:0ms
Sep 03, 2025 6:30:52 AM org.eclipse.birt.report.engine.layout.pdf.font.FontConfigReader
INFO: register fonts in /usr/openwin/lib/locale/iso_8859_5/X11/fonts/TrueType cost:0ms
Sep 03, 2025 6:30:52 AM org.eclipse.birt.report.engine.layout.pdf.font.FontConfigReader
INFO: register fonts in /usr/openwin/lib/locale/hi_IN.UTF-8/X11/fonts/TrueType cost:0ms
Sep 03, 2025 6:30:52 AM org.eclipse.birt.report.engine.layout.pdf.font.FontConfigReader
INFO: register fonts in /usr/X11R6/lib/X11/fonts/TTF cost:0ms
Sep 03, 2025 6:30:52 AM org.eclipse.birt.report.engine.layout.pdf.font.FontConfigReader
INFO: register fonts in /usr/openwin/lib/locale/zh.GBK/X11/fonts/TrueType cost:0ms
Sep 03, 2025 6:30:52 AM org.eclipse.birt.report.engine.layout.pdf.font.FontConfigReader
INFO: register fonts in /usr/share/fonts/ja/TrueType cost:0ms
Sep 03, 2025 6:30:52 AM org.eclipse.birt.report.engine.layout.pdf.font.FontConfigReader
INFO: register fonts in /usr/openwin/lib/locale/zh_TW/X11/fonts/TrueType cost:0ms
Sep 03, 2025 6:30:52 AM org.eclipse.birt.report.engine.layout.pdf.font.FontConfigReader
INFO: register fonts in C:/windows/fonts cost:7ms
Sep 03, 2025 6:30:52 AM org.eclipse.birt.report.engine.layout.pdf.font.FontConfigReader
INFO: register fonts in /usr/X11R6/lib/X11/fonts/OTF cost:0ms
Sep 03, 2025 6:30:52 AM org.eclipse.birt.report.engine.layout.pdf.font.FontConfigReader
INFO: register fonts in e:/windows/fonts cost:0ms
Sep 03, 2025 6:30:52 AM org.eclipse.birt.report.engine.layout.pdf.font.FontConfigReader
INFO: register fonts in e:/WINNT/fonts cost:0ms
Sep 03, 2025 6:30:52 AM org.eclipse.birt.report.engine.layout.pdf.font.FontConfigReader
INFO: register fonts in /usr/openwin/lib/locale/iso_8859_9/X11/fonts/TrueType cost:0ms
Sep 03, 2025 6:30:52 AM org.eclipse.birt.report.engine.layout.pdf.font.FontConfigReader
INFO: register fonts in d:/WINNT/fonts cost:0ms
Sep 03, 2025 6:30:52 AM org.eclipse.birt.report.engine.layout.pdf.font.FontConfigReader
INFO: register fonts in g:/WINNT/fonts cost:0ms
Sep 03, 2025 6:30:52 AM org.eclipse.birt.report.engine.layout.pdf.font.FontConfigReader
INFO: register fonts in /usr/openwin/lib/locale/iso_8859_8/X11/fonts/TrueType cost:0ms
Sep 03, 2025 6:30:52 AM org.eclipse.birt.report.engine.layout.pdf.font.FontConfigReader
INFO: register fonts in /usr/share/fonts/zh_TW/TrueType cost:0ms
Sep 03, 2025 6:30:52 AM org.eclipse.birt.report.engine.layout.pdf.font.FontConfigReader
INFO: register fonts in /usr/openwin/lib/locale/ru.ansi-1251/X11/fonts/TrueType cost:0ms
Sep 03, 2025 6:30:52 AM org.eclipse.birt.report.engine.layout.pdf.font.FontConfigReader
INFO: register fonts in /usr/share/fonts/default/TrueType cost:0ms
Sep 03, 2025 6:30:52 AM org.eclipse.birt.report.engine.layout.pdf.font.FontConfigReader
INFO: register fonts in /usr/openwin/lib/locale/iso_8859_7/X11/fonts/TrueType cost:0ms
Sep 03, 2025 6:30:52 AM org.eclipse.birt.report.engine.layout.pdf.font.FontConfigReader
INFO: register fonts in f:/WINNT/fonts cost:0ms
Sep 03, 2025 6:30:52 AM org.eclipse.birt.report.engine.layout.pdf.font.FontConfigReader
INFO: register fonts in /usr/openwin/lib/locale/iso_8859_13/X11/fonts/TrueType cost:0ms
Sep 03, 2025 6:30:52 AM org.eclipse.birt.report.engine.layout.pdf.font.FontConfigReader
INFO: register fonts in /usr/openwin/lib/locale/euro_fonts/X11/fonts/TrueType cost:0ms
Sep 03, 2025 6:30:52 AM org.eclipse.birt.report.engine.layout.pdf.font.FontConfigReader
INFO: register fonts in f:/windows/fonts cost:0ms
Sep 03, 2025 6:30:52 AM org.eclipse.birt.report.engine.layout.pdf.font.FontConfigReader
INFO: register fonts in /usr/openwin/lib/locale/iso_8859_15/X11/fonts/TrueType cost:0ms
Sep 03, 2025 6:30:52 AM org.eclipse.birt.report.engine.layout.pdf.font.FontConfigReader
INFO: register fonts in /usr/openwin/lib/locale/th_TH/X11/fonts/TrueType cost:0ms
Sep 03, 2025 6:30:52 AM org.eclipse.birt.report.engine.layout.pdf.font.FontConfigReader
INFO: register fonts in /usr/openwin/lib/locale/ko/X11/fonts/TrueType cost:0ms
Sep 03, 2025 6:30:52 AM org.eclipse.birt.report.engine.layout.pdf.font.FontConfigReader
INFO: register fonts in /usr/openwin/lib/X11/fonts/TrueType cost:0ms
Sep 03, 2025 6:30:52 AM org.eclipse.birt.report.engine.layout.pdf.font.FontConfigReader
INFO: register fonts in /usr/X/lib/X11/fonts/TrueType cost:0ms
Sep 03, 2025 6:30:52 AM org.eclipse.birt.report.engine.layout.pdf.font.FontConfigReader
INFO: register fonts in /usr/X11R6/lib/X11/fonts/TrueType cost:0ms
Sep 03, 2025 6:30:52 AM org.eclipse.birt.report.engine.layout.pdf.font.FontConfigReader
INFO: register fonts in /usr/share/fonts/truetype cost:0ms
Sep 03, 2025 6:30:52 AM org.eclipse.birt.report.engine.layout.pdf.font.FontConfigReader
INFO: register fonts in C:/WINNT/fonts cost:0ms
Sep 03, 2025 6:30:52 AM org.eclipse.birt.report.engine.layout.pdf.font.FontConfigReader
INFO: register fonts in /usr/openwin/lib/locale/zh_CN.GB18030/X11/fonts/TrueType cost:0ms
Sep 03, 2025 6:30:52 AM org.eclipse.birt.report.engine.layout.pdf.font.FontConfigReader
INFO: register fonts in g:/windows/fonts cost:0ms
Sep 03, 2025 6:30:52 AM org.eclipse.birt.report.engine.layout.pdf.font.FontConfigReader
INFO: register fonts in /usr/share/fonts/ko/TrueType cost:0ms
Sep 03, 2025 6:30:52 AM org.eclipse.birt.report.engine.layout.pdf.font.FontConfigReader
INFO: load font config in wsjar:file:/data/EE_PARA/EE_LIB/org.eclipse.birt.runtime-3.7.2.v20120214-1408.jar!/fontsConfig_linux.xml cost 2ms
Sep 03, 2025 6:30:52 AM org.eclipse.birt.report.engine.layout.pdf.font.FontConfigReader
INFO: load font config in wsjar:file:/data/EE_PARA/EE_LIB/org.eclipse.birt.runtime-3.7.2.v20120214-1408.jar!/fontsConfig_pdf.xml cost 1ms
Sep 08, 2025 8:32:17 AM org.eclipse.birt.report.engine.layout.pdf.font.FontConfigReader
INFO: load font config in wsjar:file:/data/EE_PARA/EE_LIB/org.eclipse.birt.runtime-3.7.2.v20120214-1408.jar!/fontsConfig.xml cost 19ms
Sep 08, 2025 8:32:17 AM org.eclipse.birt.report.engine.layout.pdf.font.FontConfigReader
INFO: load font config in wsjar:file:/data/EE_PARA/EE_LIB/org.eclipse.birt.runtime-3.7.2.v20120214-1408.jar!/fontsConfig_linux.xml cost 1ms
Sep 08, 2025 8:32:17 AM org.eclipse.birt.report.engine.layout.pdf.font.FontConfigReader
WARNING: /opt/IBM/WebSphere/AppServer/java/8.0/jre/lib/fonts/LucidaSansDemiBold.ttf cannot be embedded due to licensing restrictions.
com.lowagie.text.DocumentException: /opt/IBM/WebSphere/AppServer/java/8.0/jre/lib/fonts/LucidaSansDemiBold.ttf cannot be embedded due to licensing restrictions.
	at com.lowagie.text.pdf.TrueTypeFontUnicode.<init>(TrueTypeFontUnicode.java:106)
	at com.lowagie.text.pdf.BaseFont.createFont(BaseFont.java:849)
	at com.lowagie.text.pdf.BaseFont.createFont(BaseFont.java:737)
	at com.lowagie.text.pdf.BaseFont.createFont(BaseFont.java:658)
	at com.lowagie.text.FontFactoryImp.getFont(FontFactoryImp.java:230)
	at com.lowagie.text.FontFactoryImp.getFont(FontFactoryImp.java:169)
	at com.lowagie.text.FontFactory.getFont(FontFactory.java:140)
	at com.lowagie.text.FontFactory.getFont(FontFactory.java:186)
	at org.eclipse.birt.report.engine.layout.pdf.font.FontMappingManagerFactory.createFont(FontMappingManagerFactory.java:525)
	at org.eclipse.birt.report.engine.layout.pdf.font.FontMappingManager.createFont(FontMappingManager.java:163)
	at org.eclipse.birt.report.engine.layout.pdf.font.FontHandler.<init>(FontHandler.java:109)
	at org.eclipse.birt.report.engine.layout.pdf.font.FontSplitter.<init>(FontSplitter.java:55)
	at org.eclipse.birt.report.engine.emitter.wpml.AbstractEmitterImpl.getFontSplitter(AbstractEmitterImpl.java:1121)
	at org.eclipse.birt.report.engine.emitter.wpml.AbstractEmitterImpl.writeText(AbstractEmitterImpl.java:1027)
	at org.eclipse.birt.report.engine.emitter.wpml.DocEmitterImpl.writeContent(DocEmitterImpl.java:241)
	at org.eclipse.birt.report.engine.emitter.wpml.AbstractEmitterImpl.startLabel(AbstractEmitterImpl.java:404)
	at org.eclipse.birt.report.engine.emitter.wpml.DocEmitter.startLabel(DocEmitter.java:309)
	at org.eclipse.birt.report.engine.emitter.CompositeContentEmitter.startLabel(CompositeContentEmitter.java:282)
	at org.eclipse.birt.report.engine.emitter.ContentEmitterUtil.startContent(ContentEmitterUtil.java:65)
	at org.eclipse.birt.report.engine.layout.html.HTMLTableLayoutEmitter.startContent(HTMLTableLayoutEmitter.java:146)
	at org.eclipse.birt.report.engine.emitter.ContentEmitterAdapter.startText(ContentEmitterAdapter.java:147)
	at org.eclipse.birt.report.engine.emitter.ContentEmitterAdapter.startLabel(ContentEmitterAdapter.java:153)
	at org.eclipse.birt.report.engine.emitter.ContentEmitterUtil.startContent(ContentEmitterUtil.java:65)
	at org.eclipse.birt.report.engine.layout.html.buffer.HTMLPageBuffer.startContent(HTMLPageBuffer.java:116)
	at org.eclipse.birt.report.engine.layout.html.buffer.TableBreakBuffer.startContent(TableBreakBuffer.java:287)
	at org.eclipse.birt.report.engine.layout.html.HTMLLeafItemLM.start(HTMLLeafItemLM.java:67)
	at org.eclipse.birt.report.engine.layout.html.HTMLAbstractLM.layout(HTMLAbstractLM.java:139)
	at org.eclipse.birt.report.engine.layout.html.HTMLBlockStackingLM.layoutNodes(HTMLBlockStackingLM.java:70)
	at org.eclipse.birt.report.engine.layout.html.HTMLStackingLM.layoutChildren(HTMLStackingLM.java:26)
	at org.eclipse.birt.report.engine.layout.html.HTMLAbstractLM.layout(HTMLAbstractLM.java:140)
	at org.eclipse.birt.report.engine.layout.html.HTMLInlineStackingLM.resumeLayout(HTMLInlineStackingLM.java:111)
	at org.eclipse.birt.report.engine.layout.html.HTMLInlineStackingLM.layoutNodes(HTMLInlineStackingLM.java:160)
	at org.eclipse.birt.report.engine.layout.html.HTMLStackingLM.layoutChildren(HTMLStackingLM.java:26)
	at org.eclipse.birt.report.engine.layout.html.HTMLAbstractLM.layout(HTMLAbstractLM.java:140)
	at org.eclipse.birt.report.engine.layout.html.HTMLBlockStackingLM.layoutNodes(HTMLBlockStackingLM.java:70)
	at org.eclipse.birt.report.engine.layout.html.HTMLStackingLM.layoutChildren(HTMLStackingLM.java:26)
	at org.eclipse.birt.report.engine.layout.html.HTMLTableBandLM.layoutChildren(HTMLTableBandLM.java:67)
	at org.eclipse.birt.report.engine.layout.html.HTMLAbstractLM.layout(HTMLAbstractLM.java:140)
	at org.eclipse.birt.report.engine.layout.html.HTMLBlockStackingLM.layoutNodes(HTMLBlockStackingLM.java:70)
	at org.eclipse.birt.report.engine.layout.html.HTMLStackingLM.layoutChildren(HTMLStackingLM.java:26)
	at org.eclipse.birt.report.engine.layout.html.HTMLTableLM.layoutChildren(HTMLTableLM.java:132)
	at org.eclipse.birt.report.engine.layout.html.HTMLAbstractLM.layout(HTMLAbstractLM.java:140)
	at org.eclipse.birt.report.engine.layout.html.HTMLBlockStackingLM.layoutNodes(HTMLBlockStackingLM.java:70)
	at org.eclipse.birt.report.engine.layout.html.HTMLPageLM.layout(HTMLPageLM.java:92)
	at org.eclipse.birt.report.engine.layout.html.HTMLReportLayoutEngine.layout(HTMLReportLayoutEngine.java:100)
	at org.eclipse.birt.report.engine.api.impl.RunAndRenderTask.doRun(RunAndRenderTask.java:180)
	at org.eclipse.birt.report.engine.api.impl.RunAndRenderTask.run(RunAndRenderTask.java:77)
	at com.cs.birt.report.portal.HttpFacade.issueReportFile(HttpFacade.java:581)
	at com.cs.birt.report.portal.HttpFacade.mergeOnlineOrBatch(HttpFacade.java:378)
	at com.cs.birt.report.portal.HttpFacade.doPost(HttpFacade.java:134)
	at com.cs.eeservices.handler.BirtHandler.online(BirtHandler.java:21)
	at com.cs.eeservices.endpoint.BirtEndpoint$S1Route.onRequest(BirtEndpoint.java:66)
	at com.cs.eeservices.endpoint.BirtEndpoint$S1Route.onRequest(BirtEndpoint.java:60)
	at com.cs.eeservices.base.EETypedRoute.handle(EETypedRoute.java:33)
	at spark.RouteImpl$1.handle(RouteImpl.java:72)
	at spark.http.matching.Routes.execute(Routes.java:61)
	at spark.http.matching.MatcherFilter.doFilter(MatcherFilter.java:134)
	at spark.servlet.SparkFilter.doFilter(SparkFilter.java:174)
	at com.ibm.ws.webcontainer.filter.FilterInstanceWrapper.doFilter(FilterInstanceWrapper.java:197)
	at com.ibm.ws.webcontainer.filter.WebAppFilterChain.doFilter(WebAppFilterChain.java:90)
	at com.cs.eximweb.servlets.filter.EEXFrameDenyFilter.doFilter(EEXFrameDenyFilter.java:40)
	at com.ibm.ws.webcontainer.filter.FilterInstanceWrapper.doFilter(FilterInstanceWrapper.java:197)
	at com.ibm.ws.webcontainer.filter.WebAppFilterChain.doFilter(WebAppFilterChain.java:90)
	at com.cs.eximweb.sso.servlets.PicketlinkFilter.doFilter(PicketlinkFilter.java:141)
	at com.ibm.ws.webcontainer.filter.FilterInstanceWrapper.doFilter(FilterInstanceWrapper.java:197)
	at com.ibm.ws.webcontainer.filter.WebAppFilterChain.doFilter(WebAppFilterChain.java:90)
	at com.ibm.ws.webcontainer.filter.WebAppFilterManager.doFilter(WebAppFilterManager.java:979)
	at com.ibm.ws.webcontainer.filter.WebAppFilterManager.invokeFilters(WebAppFilterManager.java:1119)
	at com.ibm.ws.webcontainer.webapp.WebApp.handleRequest(WebApp.java:4238)
	at com.ibm.ws.webcontainer.webapp.WebAppImpl.handleRequest(WebAppImpl.java:2210)
	at com.ibm.ws.webcontainer.webapp.WebGroup.handleRequest(WebGroup.java:304)
	at com.ibm.ws.webcontainer.WebContainer.handleRequest(WebContainer.java:1033)
	at com.ibm.ws.webcontainer.WSWebContainer.handleRequest(WSWebContainer.java:1817)
	at com.ibm.ws.webcontainer.channel.WCChannelLink.ready(WCChannelLink.java:382)
	at com.ibm.ws.http.channel.inbound.impl.HttpInboundLink.handleDiscrimination(HttpInboundLink.java:465)
	at com.ibm.ws.http.channel.inbound.impl.HttpInboundLink.handleNewRequest(HttpInboundLink.java:532)
	at com.ibm.ws.http.channel.inbound.impl.HttpInboundLink.processRequest(HttpInboundLink.java:318)
	at com.ibm.ws.http.channel.inbound.impl.HttpInboundLink.ready(HttpInboundLink.java:289)
	at com.ibm.ws.tcp.channel.impl.NewConnectionInitialReadCallback.sendToDiscriminators(NewConnectionInitialReadCallback.java:214)
	at com.ibm.ws.tcp.channel.impl.NewConnectionInitialReadCallback.complete(NewConnectionInitialReadCallback.java:113)
	at com.ibm.ws.tcp.channel.impl.AioReadCompletionListener.futureCompleted(AioReadCompletionListener.java:175)
	at com.ibm.io.async.AbstractAsyncFuture.invokeCallback(AbstractAsyncFuture.java:217)
	at com.ibm.io.async.AsyncChannelFuture$1.run(AsyncChannelFuture.java:205)
	at com.ibm.ws.util.ThreadPool$Worker.run(ThreadPool.java:1909)

Sep 08, 2025 8:32:17 AM org.eclipse.birt.report.engine.layout.pdf.font.FontConfigReader
WARNING: /opt/IBM/WebSphere/AppServer/java/8.0/jre/lib/fonts/LucidaSansRegular.ttf cannot be embedded due to licensing restrictions.
com.lowagie.text.DocumentException: /opt/IBM/WebSphere/AppServer/java/8.0/jre/lib/fonts/LucidaSansRegular.ttf cannot be embedded due to licensing restrictions.
	at com.lowagie.text.pdf.TrueTypeFontUnicode.<init>(TrueTypeFontUnicode.java:106)
	at com.lowagie.text.pdf.BaseFont.createFont(BaseFont.java:849)
	at com.lowagie.text.pdf.BaseFont.createFont(BaseFont.java:737)
	at com.lowagie.text.pdf.BaseFont.createFont(BaseFont.java:658)
	at com.lowagie.text.FontFactoryImp.getFont(FontFactoryImp.java:230)
	at com.lowagie.text.FontFactoryImp.getFont(FontFactoryImp.java:169)
	at com.lowagie.text.FontFactory.getFont(FontFactory.java:140)
	at com.lowagie.text.FontFactory.getFont(FontFactory.java:186)
	at org.eclipse.birt.report.engine.layout.pdf.font.FontMappingManagerFactory.createFont(FontMappingManagerFactory.java:525)
	at org.eclipse.birt.report.engine.layout.pdf.font.FontMappingManagerFactory.createFont(FontMappingManagerFactory.java:536)
	at org.eclipse.birt.report.engine.layout.pdf.font.FontMappingManager.createFont(FontMappingManager.java:163)
	at org.eclipse.birt.report.engine.layout.pdf.font.FontHandler.<init>(FontHandler.java:109)
	at org.eclipse.birt.report.engine.layout.pdf.font.FontSplitter.<init>(FontSplitter.java:55)
	at org.eclipse.birt.report.engine.emitter.wpml.AbstractEmitterImpl.getFontSplitter(AbstractEmitterImpl.java:1121)
	at org.eclipse.birt.report.engine.emitter.wpml.AbstractEmitterImpl.writeText(AbstractEmitterImpl.java:1027)
	at org.eclipse.birt.report.engine.emitter.wpml.DocEmitterImpl.writeContent(DocEmitterImpl.java:241)
	at org.eclipse.birt.report.engine.emitter.wpml.AbstractEmitterImpl.startLabel(AbstractEmitterImpl.java:404)
	at org.eclipse.birt.report.engine.emitter.wpml.DocEmitter.startLabel(DocEmitter.java:309)
	at org.eclipse.birt.report.engine.emitter.CompositeContentEmitter.startLabel(CompositeContentEmitter.java:282)
	at org.eclipse.birt.report.engine.emitter.ContentEmitterUtil.startContent(ContentEmitterUtil.java:65)
	at org.eclipse.birt.report.engine.layout.html.HTMLTableLayoutEmitter.startContent(HTMLTableLayoutEmitter.java:146)
	at org.eclipse.birt.report.engine.emitter.ContentEmitterAdapter.startText(ContentEmitterAdapter.java:147)
	at org.eclipse.birt.report.engine.emitter.ContentEmitterAdapter.startLabel(ContentEmitterAdapter.java:153)
	at org.eclipse.birt.report.engine.emitter.ContentEmitterUtil.startContent(ContentEmitterUtil.java:65)
	at org.eclipse.birt.report.engine.layout.html.buffer.HTMLPageBuffer.startContent(HTMLPageBuffer.java:116)
	at org.eclipse.birt.report.engine.layout.html.buffer.TableBreakBuffer.startContent(TableBreakBuffer.java:287)
	at org.eclipse.birt.report.engine.layout.html.HTMLLeafItemLM.start(HTMLLeafItemLM.java:67)
	at org.eclipse.birt.report.engine.layout.html.HTMLAbstractLM.layout(HTMLAbstractLM.java:139)
	at org.eclipse.birt.report.engine.layout.html.HTMLBlockStackingLM.layoutNodes(HTMLBlockStackingLM.java:70)
	at org.eclipse.birt.report.engine.layout.html.HTMLStackingLM.layoutChildren(HTMLStackingLM.java:26)
	at org.eclipse.birt.report.engine.layout.html.HTMLAbstractLM.layout(HTMLAbstractLM.java:140)
	at org.eclipse.birt.report.engine.layout.html.HTMLInlineStackingLM.resumeLayout(HTMLInlineStackingLM.java:111)
	at org.eclipse.birt.report.engine.layout.html.HTMLInlineStackingLM.layoutNodes(HTMLInlineStackingLM.java:160)
	at org.eclipse.birt.report.engine.layout.html.HTMLStackingLM.layoutChildren(HTMLStackingLM.java:26)
	at org.eclipse.birt.report.engine.layout.html.HTMLAbstractLM.layout(HTMLAbstractLM.java:140)
	at org.eclipse.birt.report.engine.layout.html.HTMLBlockStackingLM.layoutNodes(HTMLBlockStackingLM.java:70)
	at org.eclipse.birt.report.engine.layout.html.HTMLStackingLM.layoutChildren(HTMLStackingLM.java:26)
	at org.eclipse.birt.report.engine.layout.html.HTMLTableBandLM.layoutChildren(HTMLTableBandLM.java:67)
	at org.eclipse.birt.report.engine.layout.html.HTMLAbstractLM.layout(HTMLAbstractLM.java:140)
	at org.eclipse.birt.report.engine.layout.html.HTMLBlockStackingLM.layoutNodes(HTMLBlockStackingLM.java:70)
	at org.eclipse.birt.report.engine.layout.html.HTMLStackingLM.layoutChildren(HTMLStackingLM.java:26)
	at org.eclipse.birt.report.engine.layout.html.HTMLTableLM.layoutChildren(HTMLTableLM.java:132)
	at org.eclipse.birt.report.engine.layout.html.HTMLAbstractLM.layout(HTMLAbstractLM.java:140)
	at org.eclipse.birt.report.engine.layout.html.HTMLBlockStackingLM.layoutNodes(HTMLBlockStackingLM.java:70)
	at org.eclipse.birt.report.engine.layout.html.HTMLPageLM.layout(HTMLPageLM.java:92)
	at org.eclipse.birt.report.engine.layout.html.HTMLReportLayoutEngine.layout(HTMLReportLayoutEngine.java:100)
	at org.eclipse.birt.report.engine.api.impl.RunAndRenderTask.doRun(RunAndRenderTask.java:180)
	at org.eclipse.birt.report.engine.api.impl.RunAndRenderTask.run(RunAndRenderTask.java:77)
	at com.cs.birt.report.portal.HttpFacade.issueReportFile(HttpFacade.java:581)
	at com.cs.birt.report.portal.HttpFacade.mergeOnlineOrBatch(HttpFacade.java:378)
	at com.cs.birt.report.portal.HttpFacade.doPost(HttpFacade.java:134)
	at com.cs.eeservices.handler.BirtHandler.online(BirtHandler.java:21)
	at com.cs.eeservices.endpoint.BirtEndpoint$S1Route.onRequest(BirtEndpoint.java:66)
	at com.cs.eeservices.endpoint.BirtEndpoint$S1Route.onRequest(BirtEndpoint.java:60)
	at com.cs.eeservices.base.EETypedRoute.handle(EETypedRoute.java:33)
	at spark.RouteImpl$1.handle(RouteImpl.java:72)
	at spark.http.matching.Routes.execute(Routes.java:61)
	at spark.http.matching.MatcherFilter.doFilter(MatcherFilter.java:134)
	at spark.servlet.SparkFilter.doFilter(SparkFilter.java:174)
	at com.ibm.ws.webcontainer.filter.FilterInstanceWrapper.doFilter(FilterInstanceWrapper.java:197)
	at com.ibm.ws.webcontainer.filter.WebAppFilterChain.doFilter(WebAppFilterChain.java:90)
	at com.cs.eximweb.servlets.filter.EEXFrameDenyFilter.doFilter(EEXFrameDenyFilter.java:40)
	at com.ibm.ws.webcontainer.filter.FilterInstanceWrapper.doFilter(FilterInstanceWrapper.java:197)
	at com.ibm.ws.webcontainer.filter.WebAppFilterChain.doFilter(WebAppFilterChain.java:90)
	at com.cs.eximweb.sso.servlets.PicketlinkFilter.doFilter(PicketlinkFilter.java:141)
	at com.ibm.ws.webcontainer.filter.FilterInstanceWrapper.doFilter(FilterInstanceWrapper.java:197)
	at com.ibm.ws.webcontainer.filter.WebAppFilterChain.doFilter(WebAppFilterChain.java:90)
	at com.ibm.ws.webcontainer.filter.WebAppFilterManager.doFilter(WebAppFilterManager.java:979)
	at com.ibm.ws.webcontainer.filter.WebAppFilterManager.invokeFilters(WebAppFilterManager.java:1119)
	at com.ibm.ws.webcontainer.webapp.WebApp.handleRequest(WebApp.java:4238)
	at com.ibm.ws.webcontainer.webapp.WebAppImpl.handleRequest(WebAppImpl.java:2210)
	at com.ibm.ws.webcontainer.webapp.WebGroup.handleRequest(WebGroup.java:304)
	at com.ibm.ws.webcontainer.WebContainer.handleRequest(WebContainer.java:1033)
	at com.ibm.ws.webcontainer.WSWebContainer.handleRequest(WSWebContainer.java:1817)
	at com.ibm.ws.webcontainer.channel.WCChannelLink.ready(WCChannelLink.java:382)
	at com.ibm.ws.http.channel.inbound.impl.HttpInboundLink.handleDiscrimination(HttpInboundLink.java:465)
	at com.ibm.ws.http.channel.inbound.impl.HttpInboundLink.handleNewRequest(HttpInboundLink.java:532)
	at com.ibm.ws.http.channel.inbound.impl.HttpInboundLink.processRequest(HttpInboundLink.java:318)
	at com.ibm.ws.http.channel.inbound.impl.HttpInboundLink.ready(HttpInboundLink.java:289)
	at com.ibm.ws.tcp.channel.impl.NewConnectionInitialReadCallback.sendToDiscriminators(NewConnectionInitialReadCallback.java:214)
	at com.ibm.ws.tcp.channel.impl.NewConnectionInitialReadCallback.complete(NewConnectionInitialReadCallback.java:113)
	at com.ibm.ws.tcp.channel.impl.AioReadCompletionListener.futureCompleted(AioReadCompletionListener.java:175)
	at com.ibm.io.async.AbstractAsyncFuture.invokeCallback(AbstractAsyncFuture.java:217)
	at com.ibm.io.async.AsyncChannelFuture$1.run(AsyncChannelFuture.java:205)
	at com.ibm.ws.util.ThreadPool$Worker.run(ThreadPool.java:1909)

Sep 15, 2025 1:04:49 AM org.eclipse.birt.report.engine.api.impl.ReportEngine
WARNING: PARENT_CLASSLOADER could not be set in appContext of IEngineTask, please set it in appContext of IReportEngine
Sep 15, 2025 1:04:49 AM org.eclipse.birt.report.engine.api.impl.ReportEngine
SEVERE: An error happened while running the report. Cause:
java.lang.NullPointerException
	at org.eclipse.birt.report.engine.emitter.csv.CSVReportEmitter.startText(CSVReportEmitter.java:244)
	at org.eclipse.birt.report.engine.emitter.csv.CSVReportEmitter.startLabel(CSVReportEmitter.java:185)
	at org.eclipse.birt.report.engine.emitter.CompositeContentEmitter.startLabel(CompositeContentEmitter.java:282)
	at org.eclipse.birt.report.engine.emitter.ContentEmitterUtil.startContent(ContentEmitterUtil.java:65)
	at org.eclipse.birt.report.engine.layout.html.buffer.HTMLPageBuffer.startContent(HTMLPageBuffer.java:116)
	at org.eclipse.birt.report.engine.layout.html.buffer.TableBreakBuffer.startContent(TableBreakBuffer.java:287)
	at org.eclipse.birt.report.engine.layout.html.HTMLLeafItemLM.start(HTMLLeafItemLM.java:67)
	at org.eclipse.birt.report.engine.layout.html.HTMLAbstractLM.layout(HTMLAbstractLM.java:139)
	at org.eclipse.birt.report.engine.layout.html.HTMLBlockStackingLM.layoutNodes(HTMLBlockStackingLM.java:70)
	at org.eclipse.birt.report.engine.layout.html.HTMLPageLM.layout(HTMLPageLM.java:92)
	at org.eclipse.birt.report.engine.layout.html.HTMLReportLayoutEngine.layout(HTMLReportLayoutEngine.java:100)
	at org.eclipse.birt.report.engine.api.impl.RunAndRenderTask.doRun(RunAndRenderTask.java:180)
	at org.eclipse.birt.report.engine.api.impl.RunAndRenderTask.run(RunAndRenderTask.java:77)
	at com.cs.birt.report.portal.HttpFacade.issueReportFile(HttpFacade.java:581)
	at com.cs.birt.report.portal.HttpFacade.mergeOnlineOrBatch(HttpFacade.java:378)
	at com.cs.birt.report.portal.HttpFacade.doPost(HttpFacade.java:134)
	at com.cs.eeservices.handler.BirtHandler.online(BirtHandler.java:21)
	at com.cs.eeservices.endpoint.BirtEndpoint$S1Route.onRequest(BirtEndpoint.java:66)
	at com.cs.eeservices.endpoint.BirtEndpoint$S1Route.onRequest(BirtEndpoint.java:60)
	at com.cs.eeservices.base.EETypedRoute.handle(EETypedRoute.java:33)
	at spark.RouteImpl$1.handle(RouteImpl.java:72)
	at spark.http.matching.Routes.execute(Routes.java:61)
	at spark.http.matching.MatcherFilter.doFilter(MatcherFilter.java:134)
	at spark.servlet.SparkFilter.doFilter(SparkFilter.java:174)
	at com.ibm.ws.webcontainer.filter.FilterInstanceWrapper.doFilter(FilterInstanceWrapper.java:197)
	at com.ibm.ws.webcontainer.filter.WebAppFilterChain.doFilter(WebAppFilterChain.java:90)
	at com.cs.eximweb.servlets.filter.EEXFrameDenyFilter.doFilter(EEXFrameDenyFilter.java:40)
	at com.ibm.ws.webcontainer.filter.FilterInstanceWrapper.doFilter(FilterInstanceWrapper.java:197)
	at com.ibm.ws.webcontainer.filter.WebAppFilterChain.doFilter(WebAppFilterChain.java:90)
	at com.cs.eximweb.sso.servlets.PicketlinkFilter.doFilter(PicketlinkFilter.java:141)
	at com.ibm.ws.webcontainer.filter.FilterInstanceWrapper.doFilter(FilterInstanceWrapper.java:197)
	at com.ibm.ws.webcontainer.filter.WebAppFilterChain.doFilter(WebAppFilterChain.java:90)
	at com.ibm.ws.webcontainer.filter.WebAppFilterManager.doFilter(WebAppFilterManager.java:979)
	at com.ibm.ws.webcontainer.filter.WebAppFilterManager.invokeFilters(WebAppFilterManager.java:1119)
	at com.ibm.ws.webcontainer.webapp.WebApp.handleRequest(WebApp.java:4238)
	at com.ibm.ws.webcontainer.webapp.WebAppImpl.handleRequest(WebAppImpl.java:2210)
	at com.ibm.ws.webcontainer.webapp.WebGroup.handleRequest(WebGroup.java:304)
	at com.ibm.ws.webcontainer.WebContainer.handleRequest(WebContainer.java:1033)
	at com.ibm.ws.webcontainer.WSWebContainer.handleRequest(WSWebContainer.java:1817)
	at com.ibm.ws.webcontainer.channel.WCChannelLink.ready(WCChannelLink.java:382)
	at com.ibm.ws.http.channel.inbound.impl.HttpInboundLink.handleDiscrimination(HttpInboundLink.java:465)
	at com.ibm.ws.http.channel.inbound.impl.HttpInboundLink.handleNewRequest(HttpInboundLink.java:532)
	at com.ibm.ws.http.channel.inbound.impl.HttpInboundLink.processRequest(HttpInboundLink.java:318)
	at com.ibm.ws.http.channel.inbound.impl.HttpICLReadCallback.complete(HttpICLReadCallback.java:88)
	at com.ibm.ws.tcp.channel.impl.AioReadCompletionListener.futureCompleted(AioReadCompletionListener.java:175)
	at com.ibm.io.async.AbstractAsyncFuture.invokeCallback(AbstractAsyncFuture.java:217)
	at com.ibm.io.async.AsyncChannelFuture.fireCompletionActions(AsyncChannelFuture.java:161)
	at com.ibm.io.async.AsyncFuture.completed(AsyncFuture.java:138)
	at com.ibm.io.async.ResultHandler.complete(ResultHandler.java:204)
	at com.ibm.io.async.ResultHandler.runEventProcessingLoop(ResultHandler.java:775)
	at com.ibm.io.async.ResultHandler$2.run(ResultHandler.java:905)
	at com.ibm.ws.util.ThreadPool$Worker.run(ThreadPool.java:1909)

Sep 15, 2025 1:05:35 AM org.eclipse.birt.report.engine.api.impl.ReportEngine
WARNING: PARENT_CLASSLOADER could not be set in appContext of IEngineTask, please set it in appContext of IReportEngine
