
[start] [DEBUG] [2026-07-09 08:46:03.516] [C013133_C013133MCM1] 
browserLanguage :en [end]

[start] [DEBUG] [2026-07-09 08:46:03.520] [C013133_C013133MCM1] 
acceptLanguage :en-IN,en-GB;q=0.9,en-US;q=0.8,en;q=0.7 [end]

[start] [DEBUG] [2026-07-09 08:46:03.521] [C013133_C013133MCM1] 
defaultLanguage :null [end]

[start] [DEBUG] [2026-07-09 08:46:03.526] [C013133_C013133MCM1] 
====request content is: 
    Request Type: Temp
Component : DBHelper
Session Context is: 
com.cs.core.utility.SessionContext@15fcfa06
Request Info Type : com.cs.core.dao.exec.SQLDao
Request Info Content is: 
[01]DELETE FROM CEUSER.SEC_LOGIN_SESSION WHERE C_USER_ID = 'C013133MCM1' AND C_UNIT_CODE = 'C013133' AND C_BK_GROUP_ID = 'CSBANK' AND C_SESSION_ID = '2MrnhoqxCAnyGlyXV-61sI9' 
[02]UPDATE CEUSER.SEC_LOGIN_SESSION SET C_IS_INFORM = 'T' WHERE C_USER_ID = 'C013133MCM1' AND C_UNIT_CODE = 'C013133' AND C_BK_GROUP_ID = 'CSBANK' 
[03]INSERT INTO CEUSER.SEC_LOGIN_SESSION (C_BK_GROUP_ID,C_UNIT_CODE,C_USER_ID,C_SESSION_ID,C_IS_INFORM) VALUES ('CSBANK','C013133','C013133MCM1','2MrnhoqxCAnyGlyXV-61sI9','F')

 [end]

[start] [DEBUG] [2026-07-09 08:46:03.535] [C013133_C013133MCM1] 

------------------ Session ID : 2MrnhoqxCAnyGlyXV-61sI9 --------------------

{SS_USER_INFO,userId(C_USER_ID)=C013133MCM1,
userDesc(C_USER_DESC)=C013133MCM1,
userType(I_USER_TYPE)=2,
multiLogin(I_MULTI_LOGIN)=true,
deftUnitCode(C_DFLT_UNIT_CODE)=C013133,
authLevel(I_AUTH_LEVEL)=1,
langVal(C_LANG_VAL)=null,
secType(I_SEC_TYPE)=-1,
tempProtect(C_TMPL_PROTECT)=F,
C_TIMEZONE_ID=null
C_UNIT_CODE=C013133
C_CNTY_CODE=US
C_LANG_NAME=null
C_CHANGE_PSW=F
C_LOGIN_RULE=null
C_AUTH_SET=null
C_PRIVATE_MAIL=susie.dong@chinasystems.com
C_BK_GROUP_ID=CSBANK
}

{USER_NORMAL_LOGON,Y}

{C_USER_ID,C013133MCM1}

{SS_LOG_INFO,com.cs.core.pojo.buinfo.LogSessionInfo@1c548e06}

{SS_CLIENT_INFO,ssoWay(SSO_WAY)=null
ip=10.3.1.127
loginURL=SYS_index.htm
no any attribute}

{SS_FAP_INFO,C013133=
<ci name=C013133>
    <pdt id = FHS0YffwVNuA    authlevel=1>
        <E3o1b6pUPjix/>
        <jnIqGfgOGyM4/>
        <vvdXYVdtu5PO/>
        <yPHXuSVapk8S/>
    </pdt>
    <pdt id = P06022700000    authlevel=1>
        <F05030700584/>
        <F05030700585/>
        <F05030700586/>
        <F05030700587/>
        <F05030700649/>
        <F05030700710/>
    </pdt>
    <pdt id = P08010300000    authlevel=1>
        <F05030700820/>
        <F05030700821/>
        <F05030700822/>
    </pdt>
    <pdt id = P08111800000    authlevel=1>
        <F05030700941/>
        <F05030700942/>
        <F05030700949/>
    </pdt>
    <pdt id = P13101500000    authlevel=1>
        <F05030700988/>
        <F05030700989/>
        <F05030700990/>
        <F05030700992/>
        <F05030700995/>
        <F05030700996/>
        <F05030700997/>
        <F05030700998/>
        <F05030701019/>
        <F05030701033/>
        <F05030701039/>
        <F05030701042/>
    </pdt>
    <pdt id = P13111900000    authlevel=1>
        <F05030701006/>
        <F05030701008/>
        <F05030701010/>
        <F05030701011/>
        <F05030701014/>
        <F05030701015/>
        <F05030701016/>
        <F05030701017/>
        <F05030701018/>
        <F05030701038/>
    </pdt>
    <pdt id = P14042500000    authlevel=1>
        <F05030701053/>
        <F05030701054/>
        <F05030701093/>
        <F05030701094/>
        <F05030701095/>
        <F05030701184/>
        <F05030701185/>
    </pdt>
    <pdt id = P14042500001    authlevel=1>
        <F05030701080/>
        <F05030701082/>
        <F05030701083/>
        <F05030701084/>
        <F05030701088/>
        <F05030701089/>
        <F05030701096/>
        <F05030701097/>
        <F05030701116/>
        <F05030701119/>
        <F05030701120/>
        <F05030701121/>
        <F05030701122/>
        <F05030701123/>
        <F05030701124/>
        <F05030701125/>
        <F05030701126/>
        <F05030701128/>
        <F05030701129/>
        <F05030701130/>
        <F05030701131/>
        <F05030701134/>
        <F05030701135/>
        <F05030701136/>
        <F05030701139/>
        <F05030701140/>
        <F05030701141/>
        <F05030701142/>
    </pdt>
    <pdt id = P16062000000    authlevel=1>
        <F05030701157/>
        <F05030701158/>
        <F05030701159/>
        <F05030701160/>
        <F05030701166/>
    </pdt>
    <pdt id = P16062300000    authlevel=1>
        <F05030701162/>
        <F05030701165/>
    </pdt>
    <pdt id = P19080800000    authlevel=1>
        <F05030701188/>
        <F05030701189/>
        <F05030701191/>
        <F05030701194/>
        <F05030701197/>
        <F05030701198/>
        <F05030701199/>
        <F05030701200/>
        <F05030701201/>
        <F05030701202/>
        <I1NJhPbpPpES/>
        <qSHCYUn96gNz/>
    </pdt>
    <pdt id = P19080800001    authlevel=1>
        <Fsr5rNiaoOOv/>
        <RhjyIdDgmogc/>
        <YoCV1ozbR97y/>
        <clR0uTsZ0ppf/>
        <eY3rhG3DHWUg/>
        <hhxIhYm59FlX/>
        <lQCbD5Oy9DdC/>
        <oSjl8ADUkzf1/>
        <pE4zoqzrtPMU/>
        <paOx9RzWfE7J/>
        <wBRcPvagnKpt/>
    </pdt>
    <pdt id = P19080800002    authlevel=1>
        <E1eKNgSp5mMA/>
        <F05030701218/>
        <F05030701219/>
        <F05030701222/>
        <Ivyj1dfdlHz8/>
        <bLA4AbFaEARt/>
        <xS38ls1GFYMx/>
    </pdt>
    <pdt id = P20030600000    authlevel=1>
        <F05030701223/>
        <F05030701225/>
    </pdt>
    <pdt id = P20030600001    authlevel=1>
        <F05030701228/>
    </pdt>
    <pdt id = epF3a6u4ZGAt    authlevel=1>
        <H41mNZC5cwS0/>
        <NRL143n3f1Fb/>
        <O9VURSxMR3jx/>
        <ObwHTXVfZqhv/>
        <RYUNlokSJwnS/>
        <YLhR0dUYVujx/>
        <i6NK4m6dOBhG/>
        <tgFrsDBwNjju/>
    </pdt>
</ci>
}

{C_BUSINESS_UNIT,C013133}

{SS_GRP_INFO,unitCode(C_UNIT_CODE)=C013133,
unitName(C_UNIT_NAME)=SHANGHAI LINSHENG TRADING CO.LTD.,
bkGrpId(C_BK_GROUP_ID)=CSBANK,
cntyCode(C_CNTY_CODE)=US,
subCnty(C_SUB_CNTY)=US,
bank(C_IS_BANK)=F,
secType(I_SEC_TYPE)=3
tempProtect(C_TMPL_PROTECT)=F,
C_LANG_NAME=null
I_UNIT_TYPE=1
C_HAVE_AUTH=T
C_LANG_VAL=null
C_BANK_UNIT=null
C_BANK_CODE=null
dualCtrl(C_DUAL_CTRL)=T,
custFmt=decFormat(C_DEC_FORMAT)=.,
intFormat(C_INT_FORMAT)=,,
intFmtLen(I_INT_FMT_LEN)=3,
dateFormat(C_DATE_FORM)=yyyy-mm-dd,
,
}

{isFirstChangeMail,false}

{GLOBAL_REFRESH_TOKEN,1783572363480}

{CSRFKEY,[I@f43d8d5e}

{inActiveComps,[]}

{SS_TREE_ARRAY,[[Ljava.lang.String;@a3fe2a54}

{CSRFTOKEN,8A8284979F41EEDD019F453278D601A6}
 [end]

[start] [DEBUG] [2026-07-09 08:46:03.537] [C013133_C013133MCM1] 
====request content is: 
    Request Type: Temp
Component : DBHelper
Session Context is: 
com.cs.core.utility.SessionContext@15fcfa06
Request Info Type : com.cs.core.dao.exec.SQLDao
Request Info Content is: 
[01]INSERT INTO CETRX.TRX_ACT_LOG (C_LOG_ID,C_BK_GROUP_ID,C_CNTY_CODE,C_GRP_CODE,C_UNIT_CODE,C_USER_ID,C_IP_ADDRESS,C_FUNC_ID,D_CREA_DATE,T_CREA_TIME,D_SYS_OP_DATE,T_SYS_OP_TIME,D_SYS_TRT_DATE,T_SYS_TRT_TIME,C_BUSI_KEY) VALUES ('8A8284979F41EEDD019F4532790F01A7','CSBANK','US','C013133','C013133','C013133MCM1','10.3.1.127','Login','2026-07-09','04:46:03','2026-07-09','04:46:03','2026-07-09','04:46:03','C013133;C013133MCM1')

 [end]

[start] [DEBUG] [2026-07-09 08:46:03.688] [C013133_C013133MCM1] 
The request URI is : /BL6CEWeb/servlets/CELoginAuthorizationManager [end]

[start] [DEBUG] [2026-07-09 08:46:03.689] [C013133_C013133MCM1] 
The URI is :/BL6CEWeb/servlets/CELoginAuthorizationManager [end]

[start] [DEBUG] [2026-07-09 08:46:03.691] [C013133_C013133MCM1] 
The session refresh token in session is : null [end]

[start] [DEBUG] [2026-07-09 08:46:03.889] [C013133_C013133MCM1] 
The request URI is : /BL6CEWeb/SYS_JS/SYS_ErrHandle.js [end]

[start] [DEBUG] [2026-07-09 08:46:03.891] [C013133_C013133MCM1] 
The URI is :/BL6CEWeb/SYS_JS/SYS_ErrHandle.js [end]

[start] [DEBUG] [2026-07-09 08:46:03.892] [C013133_C013133MCM1] 
The session refresh token in session is : null [end]

[start] [DEBUG] [2026-07-09 08:46:04.067] [C013133_C013133MCM1] 
The request URI is : /BL6CEWeb/servlets/WSTrxManager [end]

[start] [DEBUG] [2026-07-09 08:46:04.068] [C013133_C013133MCM1] 
The URI is :/BL6CEWeb/servlets/WSTrxManager [end]

[start] [DEBUG] [2026-07-09 08:46:04.070] [C013133_C013133MCM1] 
The session refresh token in session is : null [end]

[start] [DEBUG] [2026-07-09 08:46:04.072] [C013133_C013133MCM1] 
====request content is: 
    Request Type: Temp
Component : DBHelper
Session Context is: 
com.cs.core.utility.SessionContext@c3e1180c
Request Info Type : com.cs.core.dao.exec.SQLDao
Request Info Content is: 
[01]SELECT C_INACTIVE FROM CEUSER.SEC_USER_INFO WHERE C_USER_ID = 'C013133MCM1' AND C_UNIT_CODE = 'C013133' 

 [end]

[start] [DEBUG] [2026-07-09 08:46:04.081] [C013133_C013133MCM1] 
====request content is: 
    Request Type: Temp
Component : DBHelper
Session Context is: 
com.cs.core.utility.SessionContext@c3e1180c
Request Info Type : com.cs.core.dao.exec.SQLDao
Request Info Content is: 
[01]SELECT C_IS_INFORM FROM CEUSER.SEC_LOGIN_SESSION WHERE C_SESSION_ID = '2MrnhoqxCAnyGlyXV-61sI9' 

 [end]

[start] [DEBUG] [2026-07-09 08:46:04.096] [C013133_C013133MCM1] 

------------------ Session ID : 2MrnhoqxCAnyGlyXV-61sI9 --------------------

{com.ibm.websphere.servlet.uri_non_decoded,/BL6CEWeb/servlets/WSTrxManager}

{CHECKED_REFRESH,T}

{JSESSIONID,}

{javax.servlet.forward.query_string, 
CSRFTOKEN=U879jAiK8Z284497ks9Fn44yg1EEDjD0dIU19FCmk45F327i81D560XjkviB1A6L
_TRX_STATUS=SESSION_LIFE_CYCLE
MOTION_TYPE=INIT
REFRESH_TOKEN=1
AjaxPost=T
}
 [end]

[start] [DEBUG] [2026-07-09 08:46:04.108] [C013133_C013133MCM1] 
The request URI is : /BL6CEWeb/SPA/assets/app.config.json [end]

[start] [DEBUG] [2026-07-09 08:46:04.110] [C013133_C013133MCM1] 
The URI is :/BL6CEWeb/SPA/assets/app.config.json [end]

[start] [DEBUG] [2026-07-09 08:46:04.111] [C013133_C013133MCM1] 
The session refresh token in session is : null [end]

[start] [DEBUG] [2026-07-09 08:46:04.235] [C013133_C013133MCM1] 
====request content is: 
    Request Type: Temp
Component : DBHelper
Session Context is: 
com.cs.core.utility.SessionContext@f3dad3bf
Request Info Type : com.cs.core.dao.exec.SQLDao
Request Info Content is: 
[01]SELECT C_INACTIVE FROM CEUSER.SEC_USER_INFO WHERE C_USER_ID = 'C013133MCM1' AND C_UNIT_CODE = 'C013133' 

 [end]

[start] [DEBUG] [2026-07-09 08:46:04.238] [C013133_C013133MCM1] 
The request URI is : /BL6CEWeb/v1/openapi/mlg/component [end]

[start] [DEBUG] [2026-07-09 08:46:04.240] [C013133_C013133MCM1] 
The URI is :/BL6CEWeb/v1/openapi/mlg/component [end]

[start] [DEBUG] [2026-07-09 08:46:04.241] [C013133_C013133MCM1] 
The session refresh token in session is : null [end]

[start] [DEBUG] [2026-07-09 08:46:04.412] [C013133_C013133MCM1] 
====request content is: 
    Request Type: Temp
Component : DBHelper
Session Context is: 
com.cs.core.utility.SessionContext@ded463c9
Request Info Type : com.cs.core.dao.exec.SQLDao
Request Info Content is: 
[01]SELECT C_INACTIVE FROM CEUSER.SEC_USER_INFO WHERE C_USER_ID = 'C013133MCM1' AND C_UNIT_CODE = 'C013133' 

 [end]

[start] [DEBUG] [2026-07-09 08:46:04.416] [C013133_C013133MCM1] 
The request URI is : /BL6CEWeb/v1/openapi/notice/item/count [end]

[start] [DEBUG] [2026-07-09 08:46:04.418] [C013133_C013133MCM1] 
====request content is: 
    Request Type: Temp
Component : DBHelper
Session Context is: 
com.cs.core.utility.SessionContext@d23245e5
Request Info Type : com.cs.core.dao.exec.SQLDao
Request Info Content is: 
[01]SELECT C_INACTIVE FROM CEUSER.SEC_USER_INFO WHERE C_USER_ID = 'C013133MCM1' AND C_UNIT_CODE = 'C013133' 

 [end]

[start] [DEBUG] [2026-07-09 08:46:04.418] [C013133_C013133MCM1] 
The URI is :/BL6CEWeb/v1/openapi/notice/item/count [end]

[start] [DEBUG] [2026-07-09 08:46:04.420] [C013133_C013133MCM1] 
The session refresh token in session is : null [end]

[start] [DEBUG] [2026-07-09 08:46:04.423] [C013133_C013133MCM1] 
The request URI is : /BL6CEWeb/v1/openapi/services [end]

[start] [DEBUG] [2026-07-09 08:46:04.425] [C013133_C013133MCM1] 
The URI is :/BL6CEWeb/v1/openapi/services [end]

[start] [DEBUG] [2026-07-09 08:46:04.426] [C013133_C013133MCM1] 
====request content is: 
    Request Type: Temp
Component : DBHelper
Session Context is: 
com.cs.core.utility.SessionContext@ded463c9
Request Info Type : com.cs.core.dao.exec.SQLDao
Request Info Content is: 
[01]SELECT COUNT(*) AS RECCOUNT FROM CETRX.STD_NOTIFICATION  WHERE C_NOTI_ID IN ( SELECT C_NOTI_ID FROM CETRX.STD_NOTIFICATION_STATUS  WHERE  C_READ_STATUS = 'F'  AND  C_USER_ID = 'C013133MCM1'  AND  C_UNIT_CODE = 'C013133'  )

 [end]

[start] [DEBUG] [2026-07-09 08:46:04.427] [C013133_C013133MCM1] 
The session refresh token in session is : null [end]

[start] [DEBUG] [2026-07-09 08:46:04.431] [C013133_C013133MCM1] 
====request content is: 
    Request Type: Temp
Component : DBHelper
Session Context is: 
com.cs.core.utility.SessionContext@d23245e5
Request Info Type : com.cs.core.dao.exec.SQLDao
Request Info Content is: 
[01]SELECT C_FUNC_ID,T_OP_TIME FROM CETRX.TRX_FAVOR_FUNC  WHERE  C_UNIT_CODE = 'C013133'  AND  C_USER_ID = 'C013133MCM1'  ORDER BY  T_OP_TIME DESC 

 [end]

[start] [DEBUG] [2026-07-09 08:46:04.438] [C013133_C013133MCM1] 
====request content is: 
    Request Type: Temp
Component : DBHelper
Session Context is: 
com.cs.core.utility.SessionContext@9aea5cf2
Request Info Type : com.cs.core.dao.exec.SQLDao
Request Info Content is: 
[01]SELECT C_INACTIVE FROM CEUSER.SEC_USER_INFO WHERE C_USER_ID = 'C013133MCM1' AND C_UNIT_CODE = 'C013133' 

 [end]

[start] [DEBUG] [2026-07-09 08:46:04.444] [C013133_C013133MCM1] 
The request URI is : /BL6CEWeb/v1/openapi/user/roles [end]

[start] [DEBUG] [2026-07-09 08:46:04.445] [C013133_C013133MCM1] 
The URI is :/BL6CEWeb/v1/openapi/user/roles [end]

[start] [DEBUG] [2026-07-09 08:46:04.446] [C013133_C013133MCM1] 
The session refresh token in session is : null [end]

[start] [DEBUG] [2026-07-09 08:46:04.577] [C013133_C013133MCM1] 
====request content is: 
    Request Type: Temp
Component : DBHelper
Session Context is: 
com.cs.core.utility.SessionContext@748bd6ab
Request Info Type : com.cs.core.dao.exec.SQLDao
Request Info Content is: 
[01]SELECT C_INACTIVE FROM CEUSER.SEC_USER_INFO WHERE C_USER_ID = 'C013133MCM1' AND C_UNIT_CODE = 'C013133' 

 [end]

[start] [DEBUG] [2026-07-09 08:46:04.581] [C013133_C013133MCM1] 
The request URI is : /BL6CEWeb/v1/openapi/user/fap/action [end]

[start] [DEBUG] [2026-07-09 08:46:04.582] [C013133_C013133MCM1] 
The URI is :/BL6CEWeb/v1/openapi/user/fap/action [end]

[start] [DEBUG] [2026-07-09 08:46:04.583] [C013133_C013133MCM1] 
The session refresh token in session is : null [end]

[start] [DEBUG] [2026-07-09 08:46:04.587] [C013133_C013133MCM1] 
====request content is: 
    Request Type: Temp
Component : DBHelper
Session Context is: 
com.cs.core.utility.SessionContext@566de292
Request Info Type : com.cs.core.dao.exec.SQLDao
Request Info Content is: 
[01]SELECT C_INACTIVE FROM CEUSER.SEC_USER_INFO WHERE C_USER_ID = 'C013133MCM1' AND C_UNIT_CODE = 'C013133' 

 [end]

[start] [DEBUG] [2026-07-09 08:46:04.590] [C013133_C013133MCM1] 
The request URI is : /BL6CEWeb/v1/openapi/widget/page/load [end]

[start] [DEBUG] [2026-07-09 08:46:04.592] [C013133_C013133MCM1] 
The URI is :/BL6CEWeb/v1/openapi/widget/page/load [end]

[start] [DEBUG] [2026-07-09 08:46:04.593] [C013133_C013133MCM1] 
The session refresh token in session is : null [end]

[start] [DEBUG] [2026-07-09 08:46:04.595] [C013133_C013133MCM1] 
====request content is: 
    Request Type: Temp
Component : DBHelper
Session Context is: 
com.cs.core.utility.SessionContext@c07818de
Request Info Type : com.cs.core.dao.exec.SQLDao
Request Info Content is: 
[01]SELECT C_INACTIVE FROM CEUSER.SEC_USER_INFO WHERE C_USER_ID = 'C013133MCM1' AND C_UNIT_CODE = 'C013133' 

 [end]

[start] [DEBUG] [2026-07-09 08:46:04.600] [C013133_C013133MCM1] 
The request URI is : /BL6CEWeb/v1/openapi/widget/list [end]

[start] [DEBUG] [2026-07-09 08:46:04.601] [C013133_C013133MCM1] 
The URI is :/BL6CEWeb/v1/openapi/widget/list [end]

[start] [DEBUG] [2026-07-09 08:46:04.602] [C013133_C013133MCM1] 
The session refresh token in session is : null [end]

[start] [DEBUG] [2026-07-09 08:46:04.604] [C013133_C013133MCM1] 
====request content is: 
    Request Type: Temp
Component : DBHelper
Session Context is: 
com.cs.core.utility.SessionContext@566de292
Request Info Type : com.cs.core.dao.exec.SQLDao
Request Info Content is: 
[01]SELECT DISTINCT C_WIDGET_NAME FROM CEUSER.SEC_WIDGETS_V2_LIST  WHERE  C_IS_ACTIVE = 'Y'  AND  C_ROLE_NAME IN ('MAKER','CHECKER')  ORDER BY  C_WIDGET_NAME 

 [end]

[start] [DEBUG] [2026-07-09 08:46:04.606] [C013133_C013133MCM1] 
====request content is: 
    Request Type: Temp
Component : DBHelper
Session Context is: 
com.cs.core.utility.SessionContext@c07818de
Request Info Type : com.cs.core.dao.exec.SQLDao
Request Info Content is: 
[01]SELECT DISTINCT C_WIDGET_NAME FROM CEUSER.SEC_WIDGETS_V2_LIST  WHERE  C_IS_ACTIVE = 'Y'  AND  C_ROLE_NAME IN ('MAKER','CHECKER')  ORDER BY  C_WIDGET_NAME 

 [end]

[start] [DEBUG] [2026-07-09 08:46:04.610] [C013133_C013133MCM1] 
====request content is: 
    Request Type: Temp
Component : DBHelper
Session Context is: 
com.cs.core.utility.SessionContext@748bd6ab
Request Info Type : com.cs.core.dao.exec.SQLDao
Request Info Content is: 
[01]SELECT * FROM CEUSER.SEC_BUSINESS_UNIT WHERE C_UNIT_CODE = 'C013133' 

 [end]

[start] [DEBUG] [2026-07-09 08:46:04.629] [C013133_C013133MCM1] 
====request content is: 
    Request Type: Temp
Component : DBHelper
Session Context is: 
com.cs.core.utility.SessionContext@edf7153c
Request Info Type : com.cs.core.dao.exec.SQLDao
Request Info Content is: 
[01]SELECT C_INACTIVE FROM CEUSER.SEC_USER_INFO WHERE C_USER_ID = 'C013133MCM1' AND C_UNIT_CODE = 'C013133' 

 [end]

[start] [DEBUG] [2026-07-09 08:46:04.633] [C013133_C013133MCM1] 
The request URI is : /BL6CEWeb/v1/openapi/notification/bell [end]

[start] [DEBUG] [2026-07-09 08:46:04.634] [C013133_C013133MCM1] 
The URI is :/BL6CEWeb/v1/openapi/notification/bell [end]

[start] [DEBUG] [2026-07-09 08:46:04.636] [C013133_C013133MCM1] 
The session refresh token in session is : null [end]

[start] [DEBUG] [2026-07-09 08:46:04.753] [C013133_C013133MCM1] 
====request content is: 
    Request Type: Temp
Component : DBHelper
Session Context is: 
com.cs.core.utility.SessionContext@566de292
Request Info Type : com.cs.core.dao.exec.SQLDao
Request Info Content is: 
[01]SELECT TAB.C_TAB_ID,TAB.C_TAB_NAME,TAB.I_TAB_SEQUENCE FROM CEUSER.SEC_WIDGETS_V2_TABS TAB LEFT JOIN CEUSER.SEC_WIDGETS_V2_LAYOUT LYT ON (TAB.C_TAB_ID = LYT.C_TAB_ID AND  TAB.C_UNIT_CODE = LYT.C_UNIT_CODE AND TAB.C_USER_ID = LYT.C_USER_ID )    WHERE  TAB.C_UNIT_CODE = 'C013133'  AND  TAB.C_USER_ID = 'C013133MCM1'  AND  LYT.C_PAGE_NAME = 'default'  ORDER BY  TAB.I_TAB_SEQUENCE ASC 

 [end]

[start] [DEBUG] [2026-07-09 08:46:04.757] [C013133_C013133MCM1] 
Start to check whether user role is changed. [end]

[start] [DEBUG] [2026-07-09 08:46:04.795] [C013133_C013133MCM1] 
====request content is: 
    Request Type: Temp
Component : DBHelper
Session Context is: 
com.cs.core.utility.SessionContext@566de292
Request Info Type : com.cs.core.dao.exec.SQLDao
Request Info Content is: 
[01]SELECT C_LAYOUT_INFO FROM CEUSER.SEC_WIDGETS_V2_LAYOUT  WHERE  C_UNIT_CODE = 'C013133'  AND  C_USER_ID = 'C013133MCM1'  AND  C_PAGE_NAME = 'default' 

 [end]

[start] [DEBUG] [2026-07-09 08:46:04.807] [C013133_C013133MCM1] 
Check whether user role is changed end. Result is: false [end]

[start] [DEBUG] [2026-07-09 08:46:04.812] [C013133_C013133MCM1] 
====request content is: 
    Request Type: Temp
Component : DBHelper
Session Context is: 
com.cs.core.utility.SessionContext@566de292
Request Info Type : com.cs.core.dao.exec.SQLDao
Request Info Content is: 
[01]SELECT TAB.C_TAB_ID,TAB.C_TAB_NAME,TAB.I_TAB_SEQUENCE,LYT.C_LAYOUT_INFO FROM CEUSER.SEC_WIDGETS_V2_TABS TAB LEFT JOIN CEUSER.SEC_WIDGETS_V2_LAYOUT LYT ON (TAB.C_TAB_ID = LYT.C_TAB_ID AND  TAB.C_UNIT_CODE = LYT.C_UNIT_CODE AND TAB.C_USER_ID = LYT.C_USER_ID )    WHERE  TAB.C_UNIT_CODE = 'C013133'  AND  TAB.C_USER_ID = 'C013133MCM1'  AND  LYT.C_PAGE_NAME = 'default'  ORDER BY  TAB.I_TAB_SEQUENCE ASC 

 [end]

[start] [DEBUG] [2026-07-09 08:46:04.822] [C013133_C013133MCM1] 
====request content is: 
    Request Type: Temp
Component : DBHelper
Session Context is: 
com.cs.core.utility.SessionContext@566de292
Request Info Type : com.cs.core.dao.exec.SQLDao
Request Info Content is: 
[01]SELECT C_INST_CONFIG FROM CEUSER.SEC_WIDGETS_V2_INST_CONFIG  WHERE  C_INST_ID = '8A8284979ED08B07019ED1298A170188'  AND  C_UNIT_CODE = 'C013133'  AND  C_USER_ID = 'C013133MCM1' 

 [end]

[start] [DEBUG] [2026-07-09 08:46:04.826] [C013133_C013133MCM1] 
====request content is: 
    Request Type: Temp
Component : DBHelper
Session Context is: 
com.cs.core.utility.SessionContext@566de292
Request Info Type : com.cs.core.dao.exec.SQLDao
Request Info Content is: 
[01]SELECT C_INST_CONFIG FROM CEUSER.SEC_WIDGETS_V2_INST_CONFIG  WHERE  C_INST_ID = '8A8284979ED08B07019ED1298A170188'  AND  C_UNIT_CODE = 'C013133'  AND  C_USER_ID = 'C013133MCM1' 

 [end]

[start] [DEBUG] [2026-07-09 08:46:04.832] [C013133_C013133MCM1] 
====request content is: 
    Request Type: Temp
Component : DBHelper
Session Context is: 
com.cs.core.utility.SessionContext@566de292
Request Info Type : com.cs.core.dao.exec.SQLDao
Request Info Content is: 
[01]SELECT C_INST_CONFIG FROM CEUSER.SEC_WIDGETS_V2_INST_CONFIG  WHERE  C_INST_ID = '8A8284979ED08B07019ED1298A31018B'  AND  C_UNIT_CODE = 'C013133'  AND  C_USER_ID = 'C013133MCM1' 

 [end]

[start] [DEBUG] [2026-07-09 08:46:04.837] [C013133_C013133MCM1] 
====request content is: 
    Request Type: Temp
Component : DBHelper
Session Context is: 
com.cs.core.utility.SessionContext@566de292
Request Info Type : com.cs.core.dao.exec.SQLDao
Request Info Content is: 
[01]SELECT C_INST_CONFIG FROM CEUSER.SEC_WIDGETS_V2_INST_CONFIG  WHERE  C_INST_ID = '8A8284979ED08B07019ED1298A31018B'  AND  C_UNIT_CODE = 'C013133'  AND  C_USER_ID = 'C013133MCM1' 

 [end]

[start] [DEBUG] [2026-07-09 08:46:04.844] [C013133_C013133MCM1] 
====request content is: 
    Request Type: Temp
Component : DBHelper
Session Context is: 
com.cs.core.utility.SessionContext@566de292
Request Info Type : com.cs.core.dao.exec.SQLDao
Request Info Content is: 
[01]SELECT C_INST_CONFIG FROM CEUSER.SEC_WIDGETS_V2_INST_CONFIG  WHERE  C_INST_ID = '8A8284979ED08B07019ED1298A200189'  AND  C_UNIT_CODE = 'C013133'  AND  C_USER_ID = 'C013133MCM1' 

 [end]

[start] [DEBUG] [2026-07-09 08:46:04.849] [C013133_C013133MCM1] 
====request content is: 
    Request Type: Temp
Component : DBHelper
Session Context is: 
com.cs.core.utility.SessionContext@566de292
Request Info Type : com.cs.core.dao.exec.SQLDao
Request Info Content is: 
[01]SELECT C_INST_CONFIG FROM CEUSER.SEC_WIDGETS_V2_INST_CONFIG  WHERE  C_INST_ID = '8A8284979ED08B07019ED1298A200189'  AND  C_UNIT_CODE = 'C013133'  AND  C_USER_ID = 'C013133MCM1' 

 [end]

[start] [DEBUG] [2026-07-09 08:46:04.857] [C013133_C013133MCM1] 
====request content is: 
    Request Type: Temp
Component : DBHelper
Session Context is: 
com.cs.core.utility.SessionContext@566de292
Request Info Type : com.cs.core.dao.exec.SQLDao
Request Info Content is: 
[01]SELECT C_INST_CONFIG FROM CEUSER.SEC_WIDGETS_V2_INST_CONFIG  WHERE  C_INST_ID = '8A8284979ED08B07019ED1298A39018C'  AND  C_UNIT_CODE = 'C013133'  AND  C_USER_ID = 'C013133MCM1' 

 [end]

[start] [DEBUG] [2026-07-09 08:46:04.862] [C013133_C013133MCM1] 
====request content is: 
    Request Type: Temp
Component : DBHelper
Session Context is: 
com.cs.core.utility.SessionContext@566de292
Request Info Type : com.cs.core.dao.exec.SQLDao
Request Info Content is: 
[01]SELECT C_INST_CONFIG FROM CEUSER.SEC_WIDGETS_V2_INST_CONFIG  WHERE  C_INST_ID = '8A8284979ED08B07019ED1298A39018C'  AND  C_UNIT_CODE = 'C013133'  AND  C_USER_ID = 'C013133MCM1' 

 [end]

[start] [DEBUG] [2026-07-09 08:46:04.868] [C013133_C013133MCM1] 
====request content is: 
    Request Type: Temp
Component : DBHelper
Session Context is: 
com.cs.core.utility.SessionContext@566de292
Request Info Type : com.cs.core.dao.exec.SQLDao
Request Info Content is: 
[01]SELECT C_INST_CONFIG FROM CEUSER.SEC_WIDGETS_V2_INST_CONFIG  WHERE  C_INST_ID = '8A8284979ED08B07019ED1298A28018A'  AND  C_UNIT_CODE = 'C013133'  AND  C_USER_ID = 'C013133MCM1' 

 [end]

[start] [DEBUG] [2026-07-09 08:46:04.873] [C013133_C013133MCM1] 
====request content is: 
    Request Type: Temp
Component : DBHelper
Session Context is: 
com.cs.core.utility.SessionContext@566de292
Request Info Type : com.cs.core.dao.exec.SQLDao
Request Info Content is: 
[01]SELECT C_INST_CONFIG FROM CEUSER.SEC_WIDGETS_V2_INST_CONFIG  WHERE  C_INST_ID = '8A8284979ED08B07019ED1298A28018A'  AND  C_UNIT_CODE = 'C013133'  AND  C_USER_ID = 'C013133MCM1' 

 [end]

[start] [DEBUG] [2026-07-09 08:46:04.926] [C013133_C013133MCM1] 
====request content is: 
    Request Type: Temp
Component : DBHelper
Session Context is: 
com.cs.core.utility.SessionContext@748bd6ab
Request Info Type : com.cs.core.dao.exec.SQLDao
Request Info Content is: 
[01]SELECT C_AUTH_RULE FROM CEUSER.SEC_USER_INFO WHERE C_BK_GROUP_ID = 'CSBANK' AND C_UNIT_CODE = 'C013133' AND C_USER_ID = 'C013133MCM1' 

 [end]

[start] [DEBUG] [2026-07-09 08:46:04.937] [C013133_C013133MCM1] 
====request content is: 
    Request Type: Temp
Component : DBHelper
Session Context is: 
com.cs.core.utility.SessionContext@748bd6ab
Request Info Type : com.cs.core.dao.exec.SQLDao
Request Info Content is: 
[01]SELECT C_AUTH_RULE FROM CEUSER.SEC_BUSINESS_UNIT WHERE C_BK_GROUP_ID = 'CSBANK' AND C_UNIT_CODE = 'C013133' 

 [end]

[start] [DEBUG] [2026-07-09 08:46:05.046] [C013133_C013133MCM1] 
====request content is: 
    Request Type: Temp
Component : DBHelper
Session Context is: 
com.cs.core.utility.SessionContext@3199ea21
Request Info Type : com.cs.core.dao.exec.SQLDao
Request Info Content is: 
[01]SELECT C_INACTIVE FROM CEUSER.SEC_USER_INFO WHERE C_USER_ID = 'C013133MCM1' AND C_UNIT_CODE = 'C013133' 

 [end]

[start] [DEBUG] [2026-07-09 08:46:05.050] [C013133_C013133MCM1] 
====request content is: 
    Request Type: Temp
Component : DBHelper
Session Context is: 
com.cs.core.utility.SessionContext@dc9cfd81
Request Info Type : com.cs.core.dao.exec.SQLDao
Request Info Content is: 
[01]SELECT C_INACTIVE FROM CEUSER.SEC_USER_INFO WHERE C_USER_ID = 'C013133MCM1' AND C_UNIT_CODE = 'C013133' 

 [end]

[start] [DEBUG] [2026-07-09 08:46:05.053] [C013133_C013133MCM1] 
====request content is: 
    Request Type: Temp
Component : DBHelper
Session Context is: 
com.cs.core.utility.SessionContext@9121238c
Request Info Type : com.cs.core.dao.exec.SQLDao
Request Info Content is: 
[01]SELECT C_INACTIVE FROM CEUSER.SEC_USER_INFO WHERE C_USER_ID = 'C013133MCM1' AND C_UNIT_CODE = 'C013133' 

 [end]

[start] [DEBUG] [2026-07-09 08:46:05.056] [C013133_C013133MCM1] 
The request URI is : /BL6CEWeb/v1/openapi/user/roles [end]

[start] [DEBUG] [2026-07-09 08:46:05.058] [C013133_C013133MCM1] 
The URI is :/BL6CEWeb/v1/openapi/user/roles [end]

[start] [DEBUG] [2026-07-09 08:46:05.059] [C013133_C013133MCM1] 
The session refresh token in session is : null [end]

[start] [DEBUG] [2026-07-09 08:46:05.068] [C013133_C013133MCM1] 
The request URI is : /BL6CEWeb/v1/openapi/mainmenu [end]

[start] [DEBUG] [2026-07-09 08:46:05.070] [C013133_C013133MCM1] 
The URI is :/BL6CEWeb/v1/openapi/mainmenu [end]

[start] [DEBUG] [2026-07-09 08:46:05.071] [C013133_C013133MCM1] 
The session refresh token in session is : null [end]

[start] [DEBUG] [2026-07-09 08:46:05.100] [C013133_C013133MCM1] 
The request URI is : /BL6CEWeb/v1/openapi/user/fap/action [end]

[start] [DEBUG] [2026-07-09 08:46:05.101] [C013133_C013133MCM1] 
The URI is :/BL6CEWeb/v1/openapi/user/fap/action [end]

[start] [DEBUG] [2026-07-09 08:46:05.103] [C013133_C013133MCM1] 
The session refresh token in session is : null [end]

[start] [DEBUG] [2026-07-09 08:46:05.107] [C013133_C013133MCM1] 
====request content is: 
    Request Type: Temp
Component : DBHelper
Session Context is: 
com.cs.core.utility.SessionContext@9121238c
Request Info Type : com.cs.core.dao.exec.SQLDao
Request Info Content is: 
[01]SELECT * FROM CEUSER.SEC_BUSINESS_UNIT WHERE C_UNIT_CODE = 'C013133' 

 [end]

[start] [DEBUG] [2026-07-09 08:46:05.168] [C013133_C013133MCM1] 
====request content is: 
    Request Type: Temp
Component : DBHelper
Session Context is: 
com.cs.core.utility.SessionContext@aa399f65
Request Info Type : com.cs.core.dao.exec.SQLDao
Request Info Content is: 
[01]SELECT C_INACTIVE FROM CEUSER.SEC_USER_INFO WHERE C_USER_ID = 'C013133MCM1' AND C_UNIT_CODE = 'C013133' 

 [end]

[start] [DEBUG] [2026-07-09 08:46:05.174] [C013133_C013133MCM1] 
The request URI is : /BL6CEWeb/v1/openapi/widget/favourites/inquire [end]

[start] [DEBUG] [2026-07-09 08:46:05.176] [C013133_C013133MCM1] 
The URI is :/BL6CEWeb/v1/openapi/widget/favourites/inquire [end]

[start] [DEBUG] [2026-07-09 08:46:05.177] [C013133_C013133MCM1] 
The session refresh token in session is : null [end]

[start] [DEBUG] [2026-07-09 08:46:05.193] [C013133_C013133MCM1] 
====request content is: 
    Request Type: Temp
Component : DBHelper
Session Context is: 
com.cs.core.utility.SessionContext@aa399f65
Request Info Type : com.cs.core.dao.exec.SQLDao
Request Info Content is: 
[01]SELECT C_FUNC_ID,T_OP_TIME FROM CETRX.TRX_FAVOR_FUNC  WHERE  C_UNIT_CODE = 'C013133'  AND  C_USER_ID = 'C013133MCM1'  ORDER BY  T_OP_TIME DESC 

 [end]

[start] [DEBUG] [2026-07-09 08:46:05.228] [C013133_C013133MCM1] 
====request content is: 
    Request Type: Temp
Component : DBHelper
Session Context is: 
com.cs.core.utility.SessionContext@a41e01dd
Request Info Type : com.cs.core.dao.exec.SQLDao
Request Info Content is: 
[01]SELECT C_INACTIVE FROM CEUSER.SEC_USER_INFO WHERE C_USER_ID = 'C013133MCM1' AND C_UNIT_CODE = 'C013133' 

 [end]

[start] [DEBUG] [2026-07-09 08:46:05.233] [C013133_C013133MCM1] 
The request URI is : /BL6CEWeb/v1/openapi/widget/recentfunctions/view [end]

[start] [DEBUG] [2026-07-09 08:46:05.235] [C013133_C013133MCM1] 
The URI is :/BL6CEWeb/v1/openapi/widget/recentfunctions/view [end]

[start] [DEBUG] [2026-07-09 08:46:05.237] [C013133_C013133MCM1] 
The session refresh token in session is : null [end]

[start] [DEBUG] [2026-07-09 08:46:05.281] [C013133_C013133MCM1] 
====request content is: 
    Request Type: Temp
Component : DBHelper
Session Context is: 
com.cs.core.utility.SessionContext@1a43eb62
Request Info Type : com.cs.core.dao.exec.SQLDao
Request Info Content is: 
[01]SELECT C_INACTIVE FROM CEUSER.SEC_USER_INFO WHERE C_USER_ID = 'C013133MCM1' AND C_UNIT_CODE = 'C013133' 

 [end]

[start] [DEBUG] [2026-07-09 08:46:05.282] [C013133_C013133MCM1] 
====request content is: 
    Request Type: Temp
Component : DBHelper
Session Context is: 
com.cs.core.utility.SessionContext@a41e01dd
Request Info Type : com.cs.core.dao.exec.SQLDao
Request Info Content is: 
[01]SELECT C_IS_ACTIVE FROM CEUSER.SEC_WIDGETS_V2_LIST  WHERE  C_WIDGET_NAME = 'ShortcutMenu'  AND  C_ROLE_NAME IN ('MAKER','CHECKER') 

 [end]

[start] [DEBUG] [2026-07-09 08:46:05.287] [C013133_C013133MCM1] 
The request URI is : /BL6CEWeb/v1/openapi/ctaction/count [end]

[start] [DEBUG] [2026-07-09 08:46:05.288] [C013133_C013133MCM1] 
The URI is :/BL6CEWeb/v1/openapi/ctaction/count [end]

[start] [DEBUG] [2026-07-09 08:46:05.290] [C013133_C013133MCM1] 
The session refresh token in session is : null [end]

[start] [DEBUG] [2026-07-09 08:46:05.304] [C013133_C013133MCM1] 
Action target is :F05030701228 [end]

[start] [DEBUG] [2026-07-09 08:46:05.305] [C013133_C013133MCM1] 
Action type is :function [end]

[start] [DEBUG] [2026-07-09 08:46:05.321] [C013133_C013133MCM1] 
====request content is: 
    Request Type: Temp
Component : DBHelper
Session Context is: 
com.cs.core.utility.SessionContext@a41e01dd
Request Info Type : com.cs.core.dao.exec.SQLDao
Request Info Content is: 
[01]SELECT C_FUNC_ID,C_MODULE FROM CETRX.TRX_ACT_LOG WHERE C_FUNC_ID IS NOT NULL AND C_UNIT_CODE = 'C013133' AND C_USER_ID = 'C013133MCM1' AND D_SYS_OP_DATE BETWEEN TO_DATE('2026-06-09','yyyy-MM-dd') AND TO_DATE('2026-07-09','yyyy-MM-dd') ORDER BY D_SYS_OP_DATE DESC,T_SYS_OP_TIME DESC

 [end]

[start] [DEBUG] [2026-07-09 08:46:05.388] [C013133_C013133MCM1] 
====request content is: 
    Request Type: Temp
Component : DBHelper
Session Context is: 
com.cs.core.utility.SessionContext@6efe4c86
Request Info Type : com.cs.core.dao.exec.SQLDao
Request Info Content is: 
[01]SELECT C_INACTIVE FROM CEUSER.SEC_USER_INFO WHERE C_USER_ID = 'C013133MCM1' AND C_UNIT_CODE = 'C013133' 

 [end]

[start] [DEBUG] [2026-07-09 08:46:05.392] [C013133_C013133MCM1] 
The request URI is : /BL6CEWeb/v1/openapi/reports/list [end]

[start] [DEBUG] [2026-07-09 08:46:05.393] [C013133_C013133MCM1] 
The URI is :/BL6CEWeb/v1/openapi/reports/list [end]

[start] [DEBUG] [2026-07-09 08:46:05.395] [C013133_C013133MCM1] 
The session refresh token in session is : null [end]

[start] [DEBUG] [2026-07-09 08:46:05.399] [C013133_C013133MCM1] 
Access the endPoint '/reports/list'.
The request body is :{"data":{"type":"Pinned"}} [end]

[start] [DEBUG] [2026-07-09 08:46:05.400] [C013133_C013133MCM1] 
====request content is: 
    Request Type: Temp
Component : DBHelper
Session Context is: 
com.cs.core.utility.SessionContext@6efe4c86
Request Info Type : com.cs.core.dao.exec.SQLDao
Request Info Content is: 
[01]SELECT A.C_REPORT_ID,A.C_GRP_CODE,A.C_USER_ID,A.T_PIN_DATE,B.C_SOURCE_REPORT,B.C_REPORT_NAME,B.T_UPDATE_DATE,C.C_USER_DESC FROM CETRX.TRX_USER_REPORT_PIN A LEFT JOIN CETRX.TRX_USER_REPORT B ON A.C_REPORT_ID = B.C_REPORT_ID  LEFT JOIN CEUSER.SEC_USER_INFO C ON A.C_GRP_CODE = C.C_UNIT_CODE AND A.C_USER_ID = C.C_USER_ID  WHERE  A.C_GRP_CODE = 'C013133'  AND  A.C_USER_ID = 'C013133MCM1'  ORDER BY B.T_UPDATE_DATE DESC

 [end]

[start] [DEBUG] [2026-07-09 08:46:05.418] [C013133_C013133MCM1] 
====request content is: 
    Request Type: Temp
Component : DBHelper
Session Context is: 
com.cs.core.utility.SessionContext@2c9cc7f8
Request Info Type : com.cs.core.dao.exec.SQLDao
Request Info Content is: 
[01]SELECT C_INACTIVE FROM CEUSER.SEC_USER_INFO WHERE C_USER_ID = 'C013133MCM1' AND C_UNIT_CODE = 'C013133' 

 [end]

[start] [DEBUG] [2026-07-09 08:46:05.422] [C013133_C013133MCM1] 
The Catalog Object SQL is :SELECT DISTINCT T1.C_BK_GROUP_ID, T1.C_MAIN_REF, T1.C_TRX_REF, T1.C_UNIT_CODE, T1.PARENT_MAIN_REF, T1.C_TRX_STATUS, T1.CURRNT_STATUS, T1.C2A_STATUS, T1.I_EVENT_TIMES, T1.C_MODULE, T1.C_FUNC_ID, T1.C_PRODUCT_ID, T1.C_TRX_ID, T3.C_LOCKED_FLAG, T3.C_LOCKED_OP, T3.C_USER_DESC, T1.D_SYS_OP_DATE, T1.T_SYS_OP_TIME, T1.C2A_CCY, T1.C2A_AMOUNT, T1.C2A_COUNTERPARTY FROM CETRX.TRX_INBOX T1 LEFT JOIN CETRX.TRX_NEXT_FUNC T2 ON T1.C_PRODUCT_ID = T2.C_PRODUCT_ID AND T1.C2A_STATUS = T2.C2A_STATUS AND T1.C_TRX_STATUS = T2.C_TRX_STATUS LEFT JOIN CETRX.TRX_LOCK_INFO T3 ON T1.C_MAIN_REF = T3.C_MAIN_REF AND T1.C_UNIT_CODE = T3.C_UNIT_CODE WHERE (T2.C_NEXT_FUNC_ID IN (SELECT C_FUNC_ID FROM CEUSER.SEC_OP_FUNC WHERE C_USER_ID = ? AND C_GRP_CODE = ? AND C_UNIT_CODE = T1.C_UNIT_CODE) OR T2.C_NEXT_FUNC_ID IN (SELECT C_FUNC_ID FROM CEUSER.SEC_OP_FUNC WHERE C_GRP_CODE = ? AND C_USER_ID IN (SELECT C_ROLE_ID FROM CEUSER.SEC_USER_ROLE WHERE C_USER_ID = ? AND C_GRP_CODE = ?) AND C_UNIT_CODE = T1.C_UNIT_CODE)) AND (T1.C_TRX_STATUS = 'R' OR T1.C2A_STATUS IN ('Rejected by bank', 'Discrepancy notification', 'Document received') AND T1.C_TRX_STATUS = 'M' OR T1.C2A_STATUS IN ('Amendment(Detrimental)_fully authorized', 'Document discrepancy_fully authorized') AND T1.C_TRX_STATUS = 'A') AND T1.C_TRX_ID NOT IN (SELECT C_TRX_ID FROM CETRX.TRX_USER_DISMISS WHERE C_USER_ID = ? AND C_GRP_CODE = ?) AND (T1.C_MODULE = 'IMLC' OR T1.C_MODULE = 'EXLC' OR T1.C_MODULE = 'FAEF' OR T1.C_MODULE = 'FADA' OR T1.C_MODULE = 'TSUM' OR T1.C_MODULE = 'ABLF' OR T1.C_MODULE = 'UPLD') ORDER BY T1.D_SYS_OP_DATE DESC, T1.T_SYS_OP_TIME DESC [end]

[start] [DEBUG] [2026-07-09 08:46:05.422] [C013133_C013133MCM1] 
The request URI is : /BL6CEWeb/v1/openapi/calendar-event/event-list [end]

[start] [DEBUG] [2026-07-09 08:46:05.423] [C013133_C013133MCM1] 
The URI is :/BL6CEWeb/v1/openapi/calendar-event/event-list [end]

[start] [DEBUG] [2026-07-09 08:46:05.425] [C013133_C013133MCM1] 
====request content is: 
    Request Type: Temp
Component : DBHelper
Session Context is: 
com.cs.core.utility.SessionContext@1a43eb62
Request Info Type : com.cs.core.dao.exec.SQLDao
Request Info Content is: 
[01]SELECT COUNT(*) FROM (SELECT DISTINCT T1.C_BK_GROUP_ID, T1.C_MAIN_REF, T1.C_TRX_REF, T1.C_UNIT_CODE, T1.PARENT_MAIN_REF, T1.C_TRX_STATUS, T1.CURRNT_STATUS, T1.C2A_STATUS, T1.I_EVENT_TIMES, T1.C_MODULE, T1.C_FUNC_ID, T1.C_PRODUCT_ID, T1.C_TRX_ID, T3.C_LOCKED_FLAG, T3.C_LOCKED_OP, T3.C_USER_DESC, T1.D_SYS_OP_DATE, T1.T_SYS_OP_TIME, T1.C2A_CCY, T1.C2A_AMOUNT, T1.C2A_COUNTERPARTY FROM CETRX.TRX_INBOX T1 LEFT JOIN CETRX.TRX_NEXT_FUNC T2 ON T1.C_PRODUCT_ID = T2.C_PRODUCT_ID AND T1.C2A_STATUS = T2.C2A_STATUS AND T1.C_TRX_STATUS = T2.C_TRX_STATUS LEFT JOIN CETRX.TRX_LOCK_INFO T3 ON T1.C_MAIN_REF = T3.C_MAIN_REF AND T1.C_UNIT_CODE = T3.C_UNIT_CODE WHERE   T1.C_BK_GROUP_ID = 'CSBANK'  AND (( T1.C_UNIT_CODE = 'C013133'  AND  T1.C_PRODUCT_ID IN ('FHS0YffwVNuA','P06022700000','P08010300000','P08111800000','P13101500000','P13111900000','P14042500000','P14042500001','P16062000000','P16062300000','P19080800000','P19080800001','P19080800002','P20030600000','P20030600001','epF3a6u4ZGAt') )) AND (T2.C_NEXT_FUNC_ID IN (SELECT C_FUNC_ID FROM CEUSER.SEC_OP_FUNC WHERE C_USER_ID = 'C013133MCM1' AND C_GRP_CODE = 'C013133' AND C_UNIT_CODE = T1.C_UNIT_CODE) OR T2.C_NEXT_FUNC_ID IN (SELECT C_FUNC_ID FROM CEUSER.SEC_OP_FUNC WHERE C_GRP_CODE = 'C013133' AND C_USER_ID IN (SELECT C_ROLE_ID FROM CEUSER.SEC_USER_ROLE WHERE C_USER_ID = 'C013133MCM1' AND C_GRP_CODE = 'C013133') AND C_UNIT_CODE = T1.C_UNIT_CODE)) AND (T1.C_TRX_STATUS = 'R' OR T1.C2A_STATUS IN ('Rejected by bank', 'Discrepancy notification', 'Document received') AND T1.C_TRX_STATUS = 'M' OR T1.C2A_STATUS IN ('Amendment(Detrimental)_fully authorized', 'Document discrepancy_fully authorized') AND T1.C_TRX_STATUS = 'A') AND T1.C_TRX_ID NOT IN (SELECT C_TRX_ID FROM CETRX.TRX_USER_DISMISS WHERE C_USER_ID = 'C013133MCM1' AND C_GRP_CODE = 'C013133') AND (T1.C_MODULE = 'IMLC' OR T1.C_MODULE = 'EXLC' OR T1.C_MODULE = 'FAEF' OR T1.C_MODULE = 'FADA' OR T1.C_MODULE = 'TSUM' OR T1.C_MODULE = 'ABLF' OR T1.C_MODULE = 'UPLD') ORDER BY T1.D_SYS_OP_DATE DESC, T1.T_SYS_OP_TIME DESC)

 [end]

[start] [DEBUG] [2026-07-09 08:46:05.432] [C013133_C013133MCM1] 
Action target is :Party [end]

[start] [DEBUG] [2026-07-09 08:46:05.432] [C013133_C013133MCM1] 
The Catalog Object SQL is :SELECT T1.C_BK_GROUP_ID, T1.C_MAIN_REF, T1.C_TRX_REF, T1.C_UNIT_CODE, T1.PARENT_MAIN_REF, T1.C_TRX_STATUS, T1.CURRNT_STATUS, T1.C2A_STATUS, T1.I_EVENT_TIMES, T1.C_MODULE, T1.C_FUNC_ID, T1.C_PRODUCT_ID, T1.C_TRX_ID, T3.C_LOCKED_FLAG, T3.C_LOCKED_OP, T3.C_USER_DESC, T1.D_SYS_OP_DATE, T1.T_SYS_OP_TIME, T1.C2A_CCY, T1.C2A_AMOUNT, T1.C2A_COUNTERPARTY FROM CETRX.TRX_INBOX T1 LEFT JOIN CETRX.TRX_LOCK_INFO T3 ON T1.C_MAIN_REF = T3.C_MAIN_REF AND T1.C_UNIT_CODE = T3.C_UNIT_CODE WHERE (T1.C_TRX_STATUS IN ('P', 'T', 'A', 'S', 'R') AND (T1.C_MODULE = 'IMLC' OR T1.C_MODULE = 'EXLC' OR T1.C_MODULE = 'FAEF' OR T1.C_MODULE = 'FADA' OR T1.C_MODULE = 'ABLF') AND T1.C2A_STATUS NOT IN ('Discrepancies rejected_fully authorized') OR T1.C_TRX_STATUS = 'M' AND (T1.C_MODULE = 'IMLC' AND T1.C2A_STATUS NOT IN ('Issued', 'Amended', 'Beneficiary rejected', 'Settled') OR T1.C_MODULE = 'EXCO' AND T1.CURRNT_STATUS NOT IN ('Payment Advice') OR T1.C_MODULE = 'EXLC' AND T1.CURRNT_STATUS NOT IN ('Settled', 'Advise Received', 'Amendment Received', 'Docment Received') OR T1.C_MODULE = 'FAEF' AND T1.CURRNT_STATUS NOT IN ('Settled', 'Advise Received') OR T1.C_MODULE = 'FADA' AND T1.CURRNT_STATUS NOT IN ('Settled', 'Advise Received') OR T1.C_MODULE = 'ABLF' AND T1.CURRNT_STATUS NOT IN ('Settled', 'Advise Received'))) AND T1.C_TRX_ID NOT IN (SELECT C_TRX_ID FROM CETRX.TRX_USER_DISMISS WHERE C_USER_ID = ? AND C_GRP_CODE = ?) AND (T1.C_MODULE = 'IMLC' OR T1.C_MODULE = 'EXLC' OR T1.C_MODULE = 'FAEF' OR T1.C_MODULE = 'FADA' OR T1.C_MODULE = 'ABLF') ORDER BY T1.D_SYS_OP_DATE DESC, T1.T_SYS_OP_TIME DESC [end]

[start] [DEBUG] [2026-07-09 08:46:05.433] [C013133_C013133MCM1] 
Action type is :catalog [end]

[start] [DEBUG] [2026-07-09 08:46:05.435] [C013133_C013133MCM1] 
====request content is: 
    Request Type: Temp
Component : DBHelper
Session Context is: 
com.cs.core.utility.SessionContext@1a43eb62
Request Info Type : com.cs.core.dao.exec.SQLDao
Request Info Content is: 
[01]SELECT COUNT(*) FROM CETRX.TRX_INBOX T1 LEFT JOIN CETRX.TRX_LOCK_INFO T3 ON T1.C_MAIN_REF = T3.C_MAIN_REF AND T1.C_UNIT_CODE = T3.C_UNIT_CODE WHERE   T1.C_BK_GROUP_ID = 'CSBANK'  AND (( T1.C_UNIT_CODE = 'C013133'  AND  T1.C_PRODUCT_ID IN ('FHS0YffwVNuA','P06022700000','P08010300000','P08111800000','P13101500000','P13111900000','P14042500000','P14042500001','P16062000000','P16062300000','P19080800000','P19080800001','P19080800002','P20030600000','P20030600001','epF3a6u4ZGAt') )) AND (T1.C_TRX_STATUS IN ('P', 'T', 'A', 'S', 'R') AND (T1.C_MODULE = 'IMLC' OR T1.C_MODULE = 'EXLC' OR T1.C_MODULE = 'FAEF' OR T1.C_MODULE = 'FADA' OR T1.C_MODULE = 'ABLF') AND T1.C2A_STATUS NOT IN ('Discrepancies rejected_fully authorized') OR T1.C_TRX_STATUS = 'M' AND (T1.C_MODULE = 'IMLC' AND T1.C2A_STATUS NOT IN ('Issued', 'Amended', 'Beneficiary rejected', 'Settled') OR T1.C_MODULE = 'EXCO' AND T1.CURRNT_STATUS NOT IN ('Payment Advice') OR T1.C_MODULE = 'EXLC' AND T1.CURRNT_STATUS NOT IN ('Settled', 'Advise Received', 'Amendment Received', 'Docment Received') OR T1.C_MODULE = 'FAEF' AND T1.CURRNT_STATUS NOT IN ('Settled', 'Advise Received') OR T1.C_MODULE = 'FADA' AND T1.CURRNT_STATUS NOT IN ('Settled', 'Advise Received') OR T1.C_MODULE = 'ABLF' AND T1.CURRNT_STATUS NOT IN ('Settled', 'Advise Received'))) AND T1.C_TRX_ID NOT IN (SELECT C_TRX_ID FROM CETRX.TRX_USER_DISMISS WHERE C_USER_ID = 'C013133MCM1' AND C_GRP_CODE = 'C013133') AND (T1.C_MODULE = 'IMLC' OR T1.C_MODULE = 'EXLC' OR T1.C_MODULE = 'FAEF' OR T1.C_MODULE = 'FADA' OR T1.C_MODULE = 'ABLF')

 [end]

[start] [DEBUG] [2026-07-09 08:46:05.436] [C013133_C013133MCM1] 
Action target is :Clause [end]

[start] [DEBUG] [2026-07-09 08:46:05.437] [C013133_C013133MCM1] 
Action type is :catalog [end]

[start] [DEBUG] [2026-07-09 08:46:05.440] [C013133_C013133MCM1] 
Action target is :AccountMaintain [end]

[start] [DEBUG] [2026-07-09 08:46:05.441] [C013133_C013133MCM1] 
Action type is :catalog [end]

[start] [DEBUG] [2026-07-09 08:46:05.442] [C013133_C013133MCM1] 
The Catalog Object SQL is :SELECT T1.C_BK_GROUP_ID, T1.C_MAIN_REF, T1.C_TRX_REF, T1.C_UNIT_CODE, T1.PARENT_MAIN_REF, T1.C_TRX_STATUS, T1.CURRNT_STATUS, (CASE WHEN T1.C_MODULE = 'FADA' OR T1.C_MODULE = 'FAEF' THEN T1.C_TRX_STATUS ELSE T1.C2A_STATUS END) C2A_STATUS, T1.I_EVENT_TIMES, T1.C_MODULE, T1.C_FUNC_ID, T1.C_PRODUCT_ID, T1.C_TRX_ID, T3.C_LOCKED_FLAG, T3.C_LOCKED_OP, T3.C_USER_DESC, T1.D_SYS_OP_DATE, T1.T_SYS_OP_TIME, T1.C2A_CCY, T1.C2A_AMOUNT, T1.C2A_COUNTERPARTY FROM CETRX.TRX_INBOX T1 LEFT JOIN CETRX.TRX_LOCK_INFO T3 ON T1.C_MAIN_REF = T3.C_MAIN_REF AND T1.C_UNIT_CODE = T3.C_UNIT_CODE WHERE (T1.C2A_STATUS IN ('Issued', 'Amended', 'Beneficiary rejected', 'Discrepancies rejected_fully authorized', 'Settled') AND T1.C_MODULE = 'IMLC' OR T1.CURRNT_STATUS IN ('Issued', 'Amended', 'Detrimental Amendment', 'Beneficiary Consent', 'Beneficiary Rejected', 'Document Presentation', 'Document Presentation', 'Settlement', 'Settled') AND T1.C_MODULE = 'EXCO' OR T1.C2A_STATUS IN ('Settled', 'Amendment_fully authorized', '') AND T1.C_MODULE = 'EXLC' OR T1.C_FUNC_ID IN ('F05030700899', 'F05030700901', 'F05030700908') AND T1.C2A_STATUS = 'Fully authorized' AND T1.C_MODULE = 'EXLC' OR T1.C_MODULE = 'FADA' OR T1.C_MODULE = 'FAEF') AND T1.C_TRX_STATUS IN ('M', 'A', 'S') AND T1.C_TRX_ID NOT IN (SELECT C_TRX_ID FROM CETRX.TRX_USER_DISMISS WHERE C_USER_ID = ? AND C_GRP_CODE = ?) AND (T1.C_MODULE = 'IMLC' OR T1.C_MODULE = 'EXLC' OR T1.C_MODULE = 'FADA' OR T1.C_MODULE = 'FAEF') ORDER BY T1.D_SYS_OP_DATE DESC, T1.T_SYS_OP_TIME DESC, T1.PARENT_MAIN_REF DESC [end]

[start] [DEBUG] [2026-07-09 08:46:05.444] [C013133_C013133MCM1] 
Action target is :EmailGroup [end]

[start] [DEBUG] [2026-07-09 08:46:05.445] [C013133_C013133MCM1] 
Action type is :catalog [end]

[start] [DEBUG] [2026-07-09 08:46:05.449] [C013133_C013133MCM1] 
The session refresh token in session is : null [end]

[start] [DEBUG] [2026-07-09 08:46:05.450] [C013133_C013133MCM1] 
====request content is: 
    Request Type: Temp
Component : DBHelper
Session Context is: 
com.cs.core.utility.SessionContext@1a43eb62
Request Info Type : com.cs.core.dao.exec.SQLDao
Request Info Content is: 
[01]SELECT COUNT(*) FROM CETRX.TRX_INBOX T1 LEFT JOIN CETRX.TRX_LOCK_INFO T3 ON T1.C_MAIN_REF = T3.C_MAIN_REF AND T1.C_UNIT_CODE = T3.C_UNIT_CODE WHERE   T1.C_BK_GROUP_ID = 'CSBANK'  AND (( T1.C_UNIT_CODE = 'C013133'  AND  T1.C_PRODUCT_ID IN ('FHS0YffwVNuA','P06022700000','P08010300000','P08111800000','P13101500000','P13111900000','P14042500000','P14042500001','P16062000000','P16062300000','P19080800000','P19080800001','P19080800002','P20030600000','P20030600001','epF3a6u4ZGAt') )) AND (T1.C2A_STATUS IN ('Issued', 'Amended', 'Beneficiary rejected', 'Discrepancies rejected_fully authorized', 'Settled') AND T1.C_MODULE = 'IMLC' OR T1.CURRNT_STATUS IN ('Issued', 'Amended', 'Detrimental Amendment', 'Beneficiary Consent', 'Beneficiary Rejected', 'Document Presentation', 'Document Presentation', 'Settlement', 'Settled') AND T1.C_MODULE = 'EXCO' OR T1.C2A_STATUS IN ('Settled', 'Amendment_fully authorized', '') AND T1.C_MODULE = 'EXLC' OR T1.C_FUNC_ID IN ('F05030700899', 'F05030700901', 'F05030700908') AND T1.C2A_STATUS = 'Fully authorized' AND T1.C_MODULE = 'EXLC' OR T1.C_MODULE = 'FADA' OR T1.C_MODULE = 'FAEF') AND T1.C_TRX_STATUS IN ('M', 'A', 'S') AND T1.C_TRX_ID NOT IN (SELECT C_TRX_ID FROM CETRX.TRX_USER_DISMISS WHERE C_USER_ID = 'C013133MCM1' AND C_GRP_CODE = 'C013133') AND (T1.C_MODULE = 'IMLC' OR T1.C_MODULE = 'EXLC' OR T1.C_MODULE = 'FADA' OR T1.C_MODULE = 'FAEF')

 [end]

[start] [DEBUG] [2026-07-09 08:46:05.458] [C013133_C013133MCM1] 
The Catalog Object SQL is :SELECT DISTINCT T1.C_BK_GROUP_ID, T1.C_MAIN_REF, T1.C_TRX_REF, T1.C_UNIT_CODE, T1.PARENT_MAIN_REF, T1.C_TRX_STATUS, T1.I_EVENT_TIMES, T1.C_MODULE, T1.C_FUNC_ID, T1.C_PRODUCT_ID, T1.C_TRX_ID, T3.C_LOCKED_FLAG, T3.C_LOCKED_OP, T3.C_USER_DESC, T1.D_SYS_OP_DATE, T1.T_SYS_OP_TIME, T1.C2A_CCY, T1.C2A_AMOUNT, T1.C2A_COUNTERPARTY FROM CETRX.TRX_INBOX T1 LEFT JOIN CETRX.TRX_NEXT_FUNC T2 ON T1.C_PRODUCT_ID = T2.C_PRODUCT_ID AND T1.C_TRX_STATUS = T2.C_TRX_STATUS LEFT JOIN CETRX.TRX_LOCK_INFO T3 ON T1.C_MAIN_REF = T3.C_MAIN_REF AND T1.C_UNIT_CODE = T3.C_UNIT_CODE WHERE (T2.C_NEXT_FUNC_ID IN (SELECT C_FUNC_ID FROM CEUSER.SEC_OP_FUNC WHERE C_USER_ID = ? AND C_GRP_CODE = ? AND C_UNIT_CODE = T1.C_UNIT_CODE) OR T2.C_NEXT_FUNC_ID IN (SELECT C_FUNC_ID FROM CEUSER.SEC_OP_FUNC WHERE C_GRP_CODE = ? AND C_USER_ID IN (SELECT C_ROLE_ID FROM CEUSER.SEC_USER_ROLE WHERE C_USER_ID = ? AND C_GRP_CODE = ?) AND C_UNIT_CODE = T1.C_UNIT_CODE)) AND T1.C_TRX_STATUS = 'Z' AND T1.C_TRX_ID NOT IN (SELECT C_TRX_ID FROM CETRX.TRX_USER_DISMISS WHERE C_USER_ID = ? AND C_GRP_CODE = ?) AND (T1.C_MODULE = 'IMLC' OR T1.C_MODULE = 'EXLC' OR T1.C_MODULE = 'FAEF' OR T1.C_MODULE = 'FADA' OR T1.C_MODULE = 'ABLF') ORDER BY T1.D_SYS_OP_DATE DESC, T1.T_SYS_OP_TIME DESC [end]

[start] [ERROR] [2026-07-09 08:46:05.459] [C013133_C013133MCM1] 
{{W}}[000334]Access is not allowed. Please contact the product support team. [end]

[start] [ERROR] [2026-07-09 08:46:05.463] [C013133_C013133MCM1] 
{{W}}[000334]Access is not allowed. Please contact the product support team. [end]

[start] [DEBUG] [2026-07-09 08:46:05.469] [C013133_C013133MCM1] 
====request content is: 
    Request Type: Temp
Component : DBHelper
Session Context is: 
com.cs.core.utility.SessionContext@1a43eb62
Request Info Type : com.cs.core.dao.exec.SQLDao
Request Info Content is: 
[01]SELECT COUNT(*) FROM (SELECT DISTINCT T1.C_BK_GROUP_ID, T1.C_MAIN_REF, T1.C_TRX_REF, T1.C_UNIT_CODE, T1.PARENT_MAIN_REF, T1.C_TRX_STATUS, T1.I_EVENT_TIMES, T1.C_MODULE, T1.C_FUNC_ID, T1.C_PRODUCT_ID, T1.C_TRX_ID, T3.C_LOCKED_FLAG, T3.C_LOCKED_OP, T3.C_USER_DESC, T1.D_SYS_OP_DATE, T1.T_SYS_OP_TIME, T1.C2A_CCY, T1.C2A_AMOUNT, T1.C2A_COUNTERPARTY FROM CETRX.TRX_INBOX T1 LEFT JOIN CETRX.TRX_NEXT_FUNC T2 ON T1.C_PRODUCT_ID = T2.C_PRODUCT_ID AND T1.C_TRX_STATUS = T2.C_TRX_STATUS LEFT JOIN CETRX.TRX_LOCK_INFO T3 ON T1.C_MAIN_REF = T3.C_MAIN_REF AND T1.C_UNIT_CODE = T3.C_UNIT_CODE WHERE   T1.C_BK_GROUP_ID = 'CSBANK'  AND (( T1.C_UNIT_CODE = 'C013133'  AND  T1.C_PRODUCT_ID IN ('FHS0YffwVNuA','P06022700000','P08010300000','P08111800000','P13101500000','P13111900000','P14042500000','P14042500001','P16062000000','P16062300000','P19080800000','P19080800001','P19080800002','P20030600000','P20030600001','epF3a6u4ZGAt') )) AND (T2.C_NEXT_FUNC_ID IN (SELECT C_FUNC_ID FROM CEUSER.SEC_OP_FUNC WHERE C_USER_ID = 'C013133MCM1' AND C_GRP_CODE = 'C013133' AND C_UNIT_CODE = T1.C_UNIT_CODE) OR T2.C_NEXT_FUNC_ID IN (SELECT C_FUNC_ID FROM CEUSER.SEC_OP_FUNC WHERE C_GRP_CODE = 'C013133' AND C_USER_ID IN (SELECT C_ROLE_ID FROM CEUSER.SEC_USER_ROLE WHERE C_USER_ID = 'C013133MCM1' AND C_GRP_CODE = 'C013133') AND C_UNIT_CODE = T1.C_UNIT_CODE)) AND T1.C_TRX_STATUS = 'Z' AND T1.C_TRX_ID NOT IN (SELECT C_TRX_ID FROM CETRX.TRX_USER_DISMISS WHERE C_USER_ID = 'C013133MCM1' AND C_GRP_CODE = 'C013133') AND (T1.C_MODULE = 'IMLC' OR T1.C_MODULE = 'EXLC' OR T1.C_MODULE = 'FAEF' OR T1.C_MODULE = 'FADA' OR T1.C_MODULE = 'ABLF') ORDER BY T1.D_SYS_OP_DATE DESC, T1.T_SYS_OP_TIME DESC)

 [end]

[start] [ERROR] [2026-07-09 08:46:05.470] [C013133_C013133MCM1] 
{{W}}[000334]Access is not allowed. Please contact the product support team. [end]

[start] [DEBUG] [2026-07-09 08:46:05.474] [C013133_C013133MCM1] 
Action target is :F05030701115 [end]

[start] [DEBUG] [2026-07-09 08:46:05.476] [C013133_C013133MCM1] 
Action type is :function [end]

[start] [DEBUG] [2026-07-09 08:46:05.479] [C013133_C013133MCM1] 
Action target is :Label [end]

[start] [DEBUG] [2026-07-09 08:46:05.479] [C013133_C013133MCM1] 
====request content is: 
    Request Type: Temp
Component : DBHelper
Session Context is: 
com.cs.core.utility.SessionContext@2c9cc7f8
Request Info Type : com.cs.core.dao.exec.SQLDao
Request Info Content is: 
[01]SELECT FA_DOC_DUE_DT AS GROUP_DATE, COUNT(*) AS ASCOUNT FROM (SELECT C_PRODUCT_ID, C_MAIN_REF, C_CUST_ID, C_TRX_REF, I_EVENT_TIMES, C_BK_GROUP_ID, C_UNIT_CODE, FA_SEL_NM, FA_BUYER_NM, FA_DOC_CCY, FA_DOC_AMT, AUTH_AMT, AUTH_CCY, PARENT_MAIN_REF, FA_DOC_DT, FA_DOC_DUE_DT, CURRNT_STATUS, C_TRX_STATUS, D_CREA_DATE, D_RELE_DATE, C_FUNC_ID, C_EVENT_NAME, C_EVENT_STATUS, C_NOW_EVENT, C_LOCKED_FLAG, C_LOCKED_OP, C_RELE_BY FROM CETRX.FAEF_EM_INV WHERE   C_BK_GROUP_ID = 'CSBANK'  AND (( C_UNIT_CODE = 'C013133'  AND  C_PRODUCT_ID = 'P19080800001' )) AND C_TRX_STATUS IN ('P', 'A', 'T', 'R', 'M') AND FA_DOC_DUE_DT >= TO_DATE('2026-01-01', 'YYYY-MM-DD') AND FA_DOC_DUE_DT <= TO_DATE('2026-12-31', 'YYYY-MM-DD') ) TEMP_TABLE GROUP BY FA_DOC_DUE_DT

 [end]

[start] [DEBUG] [2026-07-09 08:46:05.480] [C013133_C013133MCM1] 
Action type is :catalog [end]

[start] [DEBUG] [2026-07-09 08:46:05.491] [C013133_C013133MCM1] 
====request content is: 
    Request Type: Temp
Component : DBHelper
Session Context is: 
com.cs.core.utility.SessionContext@9121238c
Request Info Type : com.cs.core.dao.exec.SQLDao
Request Info Content is: 
[01]SELECT C_AUTH_RULE FROM CEUSER.SEC_USER_INFO WHERE C_BK_GROUP_ID = 'CSBANK' AND C_UNIT_CODE = 'C013133' AND C_USER_ID = 'C013133MCM1' 

 [end]

[start] [DEBUG] [2026-07-09 08:46:05.494] [C013133_C013133MCM1] 
====request content is: 
    Request Type: Temp
Component : DBHelper
Session Context is: 
com.cs.core.utility.SessionContext@9121238c
Request Info Type : com.cs.core.dao.exec.SQLDao
Request Info Content is: 
[01]SELECT C_AUTH_RULE FROM CEUSER.SEC_BUSINESS_UNIT WHERE C_BK_GROUP_ID = 'CSBANK' AND C_UNIT_CODE = 'C013133' 

 [end]

[start] [DEBUG] [2026-07-09 08:46:05.550] [C013133_C013133MCM1] 
====request content is: 
    Request Type: Temp
Component : DBHelper
Session Context is: 
com.cs.core.utility.SessionContext@cddec96f
Request Info Type : com.cs.core.dao.exec.SQLDao
Request Info Content is: 
[01]SELECT C_INACTIVE FROM CEUSER.SEC_USER_INFO WHERE C_USER_ID = 'C013133MCM1' AND C_UNIT_CODE = 'C013133' 

 [end]

[start] [DEBUG] [2026-07-09 08:46:05.553] [C013133_C013133MCM1] 
The request URI is : /BL6CEWeb/v1/openapi/catalog/combo/meta [end]

[start] [DEBUG] [2026-07-09 08:46:05.554] [C013133_C013133MCM1] 
The URI is :/BL6CEWeb/v1/openapi/catalog/combo/meta [end]

[start] [DEBUG] [2026-07-09 08:46:05.554] [C013133_C013133MCM1] 
The session refresh token in session is : null [end]

[start] [DEBUG] [2026-07-09 08:46:05.557] [C013133_C013133MCM1] 
====request content is: 
    Request Type: Temp
Component : DBHelper
Session Context is: 
com.cs.core.utility.SessionContext@cddec96f
Request Info Type : com.cs.core.dao.exec.SQLDao
Request Info Content is: 
[01]SELECT C_CRITERIA_DATA,C_TMPL_NAME,C_IS_DEFAULT FROM CETRX.STD_SEARCH_CRITERIA  WHERE  C_UNIT_CODE = 'C013133'  AND  C_USER_ID = 'C013133MCM1'  AND  C_CATA_ID = 'C2A_PendingApproval'  AND  C_BK_GROUP_ID = 'CSBANK'  AND  I_CRITERIA_TYPE = 4 

 [end]

[start] [DEBUG] [2026-07-09 08:46:05.560] [C013133_C013133MCM1] 
The option type "distinctRecord" is only used to show the dropdown list not for format [end]

[start] [ERROR] [2026-07-09 08:46:05.561] [C013133_C013133MCM1] 
Can not find product ID  in parameter products.xml [end]

[start] [ERROR] [2026-07-09 08:46:05.561] [C013133_C013133MCM1] 
Can not find product ID  in parameter products.xml [end]

[start] [ERROR] [2026-07-09 08:46:05.562] [C013133_C013133MCM1] 
Can not find product ID  in parameter products.xml [end]

[start] [ERROR] [2026-07-09 08:46:05.563] [C013133_C013133MCM1] 
Can not find product ID  in parameter products.xml [end]

[start] [ERROR] [2026-07-09 08:46:05.564] [C013133_C013133MCM1] 
Can not find product ID  in parameter products.xml [end]

[start] [ERROR] [2026-07-09 08:46:05.565] [C013133_C013133MCM1] 
Can not find product ID  in parameter products.xml [end]

[start] [ERROR] [2026-07-09 08:46:05.566] [C013133_C013133MCM1] 
Can not find product ID  in parameter products.xml [end]

[start] [ERROR] [2026-07-09 08:46:05.567] [C013133_C013133MCM1] 
Can not find product ID  in parameter products.xml [end]

[start] [ERROR] [2026-07-09 08:46:05.567] [C013133_C013133MCM1] 
Can not find product ID  in parameter products.xml [end]

[start] [ERROR] [2026-07-09 08:46:05.568] [C013133_C013133MCM1] 
Can not find product ID  in parameter products.xml [end]

[start] [ERROR] [2026-07-09 08:46:05.569] [C013133_C013133MCM1] 
Can not find product ID  in parameter products.xml [end]

[start] [ERROR] [2026-07-09 08:46:05.570] [C013133_C013133MCM1] 
Can not find product ID  in parameter products.xml [end]

[start] [ERROR] [2026-07-09 08:46:05.571] [C013133_C013133MCM1] 
Can not find product ID  in parameter products.xml [end]

[start] [ERROR] [2026-07-09 08:46:05.572] [C013133_C013133MCM1] 
Can not find product ID  in parameter products.xml [end]

[start] [ERROR] [2026-07-09 08:46:05.573] [C013133_C013133MCM1] 
Can not find product ID  in parameter products.xml [end]

[start] [ERROR] [2026-07-09 08:46:05.574] [C013133_C013133MCM1] 
Can not find product ID  in parameter products.xml [end]

[start] [ERROR] [2026-07-09 08:46:05.575] [C013133_C013133MCM1] 
Can not find product ID  in parameter products.xml [end]

[start] [ERROR] [2026-07-09 08:46:05.576] [C013133_C013133MCM1] 
Can not find product ID  in parameter products.xml [end]

[start] [ERROR] [2026-07-09 08:46:05.577] [C013133_C013133MCM1] 
Can not find product ID  in parameter products.xml [end]

[start] [ERROR] [2026-07-09 08:46:05.578] [C013133_C013133MCM1] 
Can not find product ID  in parameter products.xml [end]

[start] [ERROR] [2026-07-09 08:46:05.579] [C013133_C013133MCM1] 
Can not find product ID  in parameter products.xml [end]

[start] [ERROR] [2026-07-09 08:46:05.580] [C013133_C013133MCM1] 
Can not find product ID  in parameter products.xml [end]

[start] [ERROR] [2026-07-09 08:46:05.580] [C013133_C013133MCM1] 
Can not find product ID  in parameter products.xml [end]

[start] [ERROR] [2026-07-09 08:46:05.581] [C013133_C013133MCM1] 
Can not find product ID  in parameter products.xml [end]

[start] [ERROR] [2026-07-09 08:46:05.582] [C013133_C013133MCM1] 
Can not find product ID  in parameter products.xml [end]

[start] [ERROR] [2026-07-09 08:46:05.583] [C013133_C013133MCM1] 
Can not find product ID  in parameter products.xml [end]

[start] [ERROR] [2026-07-09 08:46:05.584] [C013133_C013133MCM1] 
Can not find product ID  in parameter products.xml [end]

[start] [ERROR] [2026-07-09 08:46:05.585] [C013133_C013133MCM1] 
Can not find product ID  in parameter products.xml [end]

[start] [ERROR] [2026-07-09 08:46:05.586] [C013133_C013133MCM1] 
Can not find product ID  in parameter products.xml [end]

[start] [ERROR] [2026-07-09 08:46:05.587] [C013133_C013133MCM1] 
Can not find product ID  in parameter products.xml [end]

[start] [ERROR] [2026-07-09 08:46:05.587] [C013133_C013133MCM1] 
Can not find product ID  in parameter products.xml [end]

[start] [ERROR] [2026-07-09 08:46:05.588] [C013133_C013133MCM1] 
Can not find product ID  in parameter products.xml [end]

[start] [ERROR] [2026-07-09 08:46:05.589] [C013133_C013133MCM1] 
Can not find product ID  in parameter products.xml [end]

[start] [ERROR] [2026-07-09 08:46:05.590] [C013133_C013133MCM1] 
Can not find product ID  in parameter products.xml [end]

[start] [ERROR] [2026-07-09 08:46:05.591] [C013133_C013133MCM1] 
Can not find product ID  in parameter products.xml [end]

[start] [ERROR] [2026-07-09 08:46:05.592] [C013133_C013133MCM1] 
Can not find product ID  in parameter products.xml [end]

[start] [ERROR] [2026-07-09 08:46:05.592] [C013133_C013133MCM1] 
Can not find product ID  in parameter products.xml [end]

[start] [ERROR] [2026-07-09 08:46:05.593] [C013133_C013133MCM1] 
Can not find product ID  in parameter products.xml [end]

[start] [ERROR] [2026-07-09 08:46:05.594] [C013133_C013133MCM1] 
Can not find product ID  in parameter products.xml [end]

[start] [ERROR] [2026-07-09 08:46:05.595] [C013133_C013133MCM1] 
Can not find product ID  in parameter products.xml [end]

[start] [DEBUG] [2026-07-09 08:46:05.597] [C013133_C013133MCM1] 
The option type "distinctRecord" is only used to show the dropdown list not for format [end]

[start] [DEBUG] [2026-07-09 08:46:05.598] [C013133_C013133MCM1] 
====request content is: 
    Request Type: Temp
Component : DBHelper
Session Context is: 
com.cs.core.utility.SessionContext@cddec96f
Request Info Type : com.cs.core.dao.exec.SQLDao
Request Info Content is: 
[01]SELECT C_UNIT_CODE,C_UNIT_NAME FROM CEUSER.SEC_BUSINESS_UNIT WHERE C_UNIT_CODE = 'C013133' 

 [end]

[start] [DEBUG] [2026-07-09 08:46:05.629] [C013133_C013133MCM1] 
====request content is: 
    Request Type: Temp
Component : DBHelper
Session Context is: 
com.cs.core.utility.SessionContext@6729d86d
Request Info Type : com.cs.core.dao.exec.SQLDao
Request Info Content is: 
[01]SELECT C_INACTIVE FROM CEUSER.SEC_USER_INFO WHERE C_USER_ID = 'C013133MCM1' AND C_UNIT_CODE = 'C013133' 

 [end]

[start] [DEBUG] [2026-07-09 08:46:05.631] [C013133_C013133MCM1] 
The request URI is : /BL6CEWeb/v1/openapi/catalog/combo/meta [end]

[start] [DEBUG] [2026-07-09 08:46:05.633] [C013133_C013133MCM1] 
The URI is :/BL6CEWeb/v1/openapi/catalog/combo/meta [end]

[start] [DEBUG] [2026-07-09 08:46:05.633] [C013133_C013133MCM1] 
The session refresh token in session is : null [end]

[start] [DEBUG] [2026-07-09 08:46:05.637] [C013133_C013133MCM1] 
====request content is: 
    Request Type: Temp
Component : DBHelper
Session Context is: 
com.cs.core.utility.SessionContext@6729d86d
Request Info Type : com.cs.core.dao.exec.SQLDao
Request Info Content is: 
[01]SELECT C_CRITERIA_DATA,C_TMPL_NAME,C_IS_DEFAULT FROM CETRX.STD_SEARCH_CRITERIA  WHERE  C_UNIT_CODE = 'C013133'  AND  C_USER_ID = 'C013133MCM1'  AND  C_CATA_ID = 'C2A_InProgress_Both'  AND  C_BK_GROUP_ID = 'CSBANK'  AND  I_CRITERIA_TYPE = 4 

 [end]

[start] [DEBUG] [2026-07-09 08:46:05.640] [C013133_C013133MCM1] 
The option type "distinctRecord" is only used to show the dropdown list not for format [end]

[start] [ERROR] [2026-07-09 08:46:05.641] [C013133_C013133MCM1] 
Can not find product ID  in parameter products.xml [end]

[start] [ERROR] [2026-07-09 08:46:05.642] [C013133_C013133MCM1] 
Can not find product ID  in parameter products.xml [end]

[start] [ERROR] [2026-07-09 08:46:05.643] [C013133_C013133MCM1] 
Can not find product ID  in parameter products.xml [end]

[start] [ERROR] [2026-07-09 08:46:05.644] [C013133_C013133MCM1] 
Can not find product ID  in parameter products.xml [end]

[start] [ERROR] [2026-07-09 08:46:05.645] [C013133_C013133MCM1] 
Can not find product ID  in parameter products.xml [end]

[start] [ERROR] [2026-07-09 08:46:05.646] [C013133_C013133MCM1] 
Can not find product ID  in parameter products.xml [end]

[start] [ERROR] [2026-07-09 08:46:05.646] [C013133_C013133MCM1] 
Can not find product ID  in parameter products.xml [end]

[start] [ERROR] [2026-07-09 08:46:05.647] [C013133_C013133MCM1] 
Can not find product ID  in parameter products.xml [end]

[start] [ERROR] [2026-07-09 08:46:05.648] [C013133_C013133MCM1] 
Can not find product ID  in parameter products.xml [end]

[start] [ERROR] [2026-07-09 08:46:05.648] [C013133_C013133MCM1] 
Can not find product ID  in parameter products.xml [end]

[start] [ERROR] [2026-07-09 08:46:05.649] [C013133_C013133MCM1] 
Can not find product ID  in parameter products.xml [end]

[start] [ERROR] [2026-07-09 08:46:05.650] [C013133_C013133MCM1] 
Can not find product ID  in parameter products.xml [end]

[start] [ERROR] [2026-07-09 08:46:05.651] [C013133_C013133MCM1] 
Can not find product ID  in parameter products.xml [end]

[start] [ERROR] [2026-07-09 08:46:05.652] [C013133_C013133MCM1] 
Can not find product ID  in parameter products.xml [end]

[start] [ERROR] [2026-07-09 08:46:05.653] [C013133_C013133MCM1] 
Can not find product ID  in parameter products.xml [end]

[start] [ERROR] [2026-07-09 08:46:05.654] [C013133_C013133MCM1] 
Can not find product ID  in parameter products.xml [end]

[start] [ERROR] [2026-07-09 08:46:05.655] [C013133_C013133MCM1] 
Can not find product ID  in parameter products.xml [end]

[start] [ERROR] [2026-07-09 08:46:05.656] [C013133_C013133MCM1] 
Can not find product ID  in parameter products.xml [end]

[start] [ERROR] [2026-07-09 08:46:05.658] [C013133_C013133MCM1] 
Can not find product ID  in parameter products.xml [end]

[start] [ERROR] [2026-07-09 08:46:05.660] [C013133_C013133MCM1] 
Can not find product ID  in parameter products.xml [end]

[start] [ERROR] [2026-07-09 08:46:05.660] [C013133_C013133MCM1] 
Can not find product ID  in parameter products.xml [end]

[start] [ERROR] [2026-07-09 08:46:05.661] [C013133_C013133MCM1] 
Can not find product ID  in parameter products.xml [end]

[start] [ERROR] [2026-07-09 08:46:05.663] [C013133_C013133MCM1] 
Can not find product ID  in parameter products.xml [end]

[start] [ERROR] [2026-07-09 08:46:05.664] [C013133_C013133MCM1] 
Can not find product ID  in parameter products.xml [end]

[start] [ERROR] [2026-07-09 08:46:05.665] [C013133_C013133MCM1] 
Can not find product ID  in parameter products.xml [end]

[start] [ERROR] [2026-07-09 08:46:05.666] [C013133_C013133MCM1] 
Can not find product ID  in parameter products.xml [end]

[start] [ERROR] [2026-07-09 08:46:05.667] [C013133_C013133MCM1] 
Can not find product ID  in parameter products.xml [end]

[start] [ERROR] [2026-07-09 08:46:05.668] [C013133_C013133MCM1] 
Can not find product ID  in parameter products.xml [end]

[start] [ERROR] [2026-07-09 08:46:05.669] [C013133_C013133MCM1] 
Can not find product ID  in parameter products.xml [end]

[start] [ERROR] [2026-07-09 08:46:05.670] [C013133_C013133MCM1] 
Can not find product ID  in parameter products.xml [end]

[start] [ERROR] [2026-07-09 08:46:05.671] [C013133_C013133MCM1] 
Can not find product ID  in parameter products.xml [end]

[start] [ERROR] [2026-07-09 08:46:05.673] [C013133_C013133MCM1] 
Can not find product ID  in parameter products.xml [end]

[start] [ERROR] [2026-07-09 08:46:05.674] [C013133_C013133MCM1] 
Can not find product ID  in parameter products.xml [end]

[start] [ERROR] [2026-07-09 08:46:05.676] [C013133_C013133MCM1] 
Can not find product ID  in parameter products.xml [end]

[start] [ERROR] [2026-07-09 08:46:05.677] [C013133_C013133MCM1] 
Can not find product ID  in parameter products.xml [end]

[start] [ERROR] [2026-07-09 08:46:05.679] [C013133_C013133MCM1] 
Can not find product ID  in parameter products.xml [end]

[start] [ERROR] [2026-07-09 08:46:05.679] [C013133_C013133MCM1] 
Can not find product ID  in parameter products.xml [end]

[start] [ERROR] [2026-07-09 08:46:05.680] [C013133_C013133MCM1] 
Can not find product ID  in parameter products.xml [end]

[start] [ERROR] [2026-07-09 08:46:05.681] [C013133_C013133MCM1] 
Can not find product ID  in parameter products.xml [end]

[start] [ERROR] [2026-07-09 08:46:05.682] [C013133_C013133MCM1] 
Can not find product ID  in parameter products.xml [end]

[start] [DEBUG] [2026-07-09 08:46:05.683] [C013133_C013133MCM1] 
The option type "distinctRecord" is only used to show the dropdown list not for format [end]

[start] [DEBUG] [2026-07-09 08:46:05.684] [C013133_C013133MCM1] 
The option type "distinctRecord" is only used to show the dropdown list not for format [end]

[start] [DEBUG] [2026-07-09 08:46:05.685] [C013133_C013133MCM1] 
====request content is: 
    Request Type: Temp
Component : DBHelper
Session Context is: 
com.cs.core.utility.SessionContext@6729d86d
Request Info Type : com.cs.core.dao.exec.SQLDao
Request Info Content is: 
[01]SELECT C_UNIT_CODE,C_UNIT_NAME FROM CEUSER.SEC_BUSINESS_UNIT WHERE C_UNIT_CODE = 'C013133' 

 [end]

[start] [DEBUG] [2026-07-09 08:46:05.851] [C013133_C013133MCM1] 
====request content is: 
    Request Type: Temp
Component : DBHelper
Session Context is: 
com.cs.core.utility.SessionContext@6f6da873
Request Info Type : com.cs.core.dao.exec.SQLDao
Request Info Content is: 
[01]SELECT C_INACTIVE FROM CEUSER.SEC_USER_INFO WHERE C_USER_ID = 'C013133MCM1' AND C_UNIT_CODE = 'C013133' 

 [end]

[start] [DEBUG] [2026-07-09 08:46:05.854] [C013133_C013133MCM1] 
The request URI is : /BL6CEWeb/v1/openapi/catalog/combo/data [end]

[start] [DEBUG] [2026-07-09 08:46:05.854] [C013133_C013133MCM1] 
The URI is :/BL6CEWeb/v1/openapi/catalog/combo/data [end]

[start] [DEBUG] [2026-07-09 08:46:05.855] [C013133_C013133MCM1] 
The session refresh token in session is : null [end]

[start] [DEBUG] [2026-07-09 08:46:05.858] [C013133_C013133MCM1] 
The Catalog Object SQL is :SELECT T1.C_BK_GROUP_ID, T1.C_MAIN_REF, T1.C_TRX_REF, T1.C_UNIT_CODE, T1.PARENT_MAIN_REF, T1.C_TRX_STATUS, T1.CURRNT_STATUS, T1.C2A_STATUS, T1.I_EVENT_TIMES, T1.C_MODULE, T1.C_FUNC_ID, T1.C_PRODUCT_ID, T1.C_TRX_ID, T3.C_LOCKED_FLAG, T3.C_LOCKED_OP, T3.C_USER_DESC, T1.D_SYS_OP_DATE, T1.T_SYS_OP_TIME, T1.C2A_CCY, T1.C2A_AMOUNT, T1.C2A_COUNTERPARTY FROM CETRX.TRX_INBOX T1 LEFT JOIN CETRX.TRX_LOCK_INFO T3 ON T1.C_MAIN_REF = T3.C_MAIN_REF AND T1.C_UNIT_CODE = T3.C_UNIT_CODE WHERE (T1.C_TRX_STATUS IN ('P', 'T', 'A', 'S', 'R') AND (T1.C_MODULE = 'IMLC' OR T1.C_MODULE = 'EXLC' OR T1.C_MODULE = 'FAEF' OR T1.C_MODULE = 'FADA' OR T1.C_MODULE = 'ABLF') AND T1.C2A_STATUS NOT IN ('Discrepancies rejected_fully authorized') OR T1.C_TRX_STATUS = 'M' AND (T1.C_MODULE = 'IMLC' AND T1.C2A_STATUS NOT IN ('Issued', 'Amended', 'Beneficiary rejected', 'Settled') OR T1.C_MODULE = 'EXCO' AND T1.CURRNT_STATUS NOT IN ('Payment Advice') OR T1.C_MODULE = 'EXLC' AND T1.CURRNT_STATUS NOT IN ('Settled', 'Advise Received', 'Amendment Received', 'Docment Received') OR T1.C_MODULE = 'FAEF' AND T1.CURRNT_STATUS NOT IN ('Settled', 'Advise Received') OR T1.C_MODULE = 'FADA' AND T1.CURRNT_STATUS NOT IN ('Settled', 'Advise Received') OR T1.C_MODULE = 'ABLF' AND T1.CURRNT_STATUS NOT IN ('Settled', 'Advise Received'))) AND T1.C_TRX_ID NOT IN (SELECT C_TRX_ID FROM CETRX.TRX_USER_DISMISS WHERE C_USER_ID = ? AND C_GRP_CODE = ?) AND (T1.C_MODULE = 'IMLC' OR T1.C_MODULE = 'EXLC' OR T1.C_MODULE = 'FAEF' OR T1.C_MODULE = 'FADA' OR T1.C_MODULE = 'ABLF') ORDER BY T1.D_SYS_OP_DATE DESC, T1.T_SYS_OP_TIME DESC [end]

[start] [DEBUG] [2026-07-09 08:46:05.859] [C013133_C013133MCM1] 
====request content is: 
    Request Type: Temp
Component : DBHelper
Session Context is: 
com.cs.core.utility.SessionContext@6f6da873
Request Info Type : com.cs.core.dao.exec.SQLDao
Request Info Content is: 
[01]SELECT T1.C_BK_GROUP_ID, T1.C_MAIN_REF, T1.C_TRX_REF, T1.C_UNIT_CODE, T1.PARENT_MAIN_REF, T1.C_TRX_STATUS, T1.CURRNT_STATUS, T1.C2A_STATUS, T1.I_EVENT_TIMES, T1.C_MODULE, T1.C_FUNC_ID, T1.C_PRODUCT_ID, T1.C_TRX_ID, T3.C_LOCKED_FLAG, T3.C_LOCKED_OP, T3.C_USER_DESC, T1.D_SYS_OP_DATE, T1.T_SYS_OP_TIME, T1.C2A_CCY, T1.C2A_AMOUNT, T1.C2A_COUNTERPARTY FROM CETRX.TRX_INBOX T1 LEFT JOIN CETRX.TRX_LOCK_INFO T3 ON T1.C_MAIN_REF = T3.C_MAIN_REF AND T1.C_UNIT_CODE = T3.C_UNIT_CODE WHERE   T1.C_BK_GROUP_ID = 'CSBANK'  AND (( T1.C_UNIT_CODE = 'C013133'  AND  T1.C_PRODUCT_ID IN ('FHS0YffwVNuA','P06022700000','P08010300000','P08111800000','P13101500000','P13111900000','P14042500000','P14042500001','P16062000000','P16062300000','P19080800000','P19080800001','P19080800002','P20030600000','P20030600001','epF3a6u4ZGAt') )) AND (T1.C_TRX_STATUS IN ('P', 'T', 'A', 'S', 'R') AND (T1.C_MODULE = 'IMLC' OR T1.C_MODULE = 'EXLC' OR T1.C_MODULE = 'FAEF' OR T1.C_MODULE = 'FADA' OR T1.C_MODULE = 'ABLF') AND T1.C2A_STATUS NOT IN ('Discrepancies rejected_fully authorized') OR T1.C_TRX_STATUS = 'M' AND (T1.C_MODULE = 'IMLC' AND T1.C2A_STATUS NOT IN ('Issued', 'Amended', 'Beneficiary rejected', 'Settled') OR T1.C_MODULE = 'EXCO' AND T1.CURRNT_STATUS NOT IN ('Payment Advice') OR T1.C_MODULE = 'EXLC' AND T1.CURRNT_STATUS NOT IN ('Settled', 'Advise Received', 'Amendment Received', 'Docment Received') OR T1.C_MODULE = 'FAEF' AND T1.CURRNT_STATUS NOT IN ('Settled', 'Advise Received') OR T1.C_MODULE = 'FADA' AND T1.CURRNT_STATUS NOT IN ('Settled', 'Advise Received') OR T1.C_MODULE = 'ABLF' AND T1.CURRNT_STATUS NOT IN ('Settled', 'Advise Received'))) AND T1.C_TRX_ID NOT IN (SELECT C_TRX_ID FROM CETRX.TRX_USER_DISMISS WHERE C_USER_ID = 'C013133MCM1' AND C_GRP_CODE = 'C013133') AND (T1.C_MODULE = 'IMLC' OR T1.C_MODULE = 'EXLC' OR T1.C_MODULE = 'FAEF' OR T1.C_MODULE = 'FADA' OR T1.C_MODULE = 'ABLF') ORDER BY T1.D_SYS_OP_DATE DESC, T1.T_SYS_OP_TIME DESC

 [end]

[start] [ERROR] [2026-07-09 08:46:05.869] [C013133_C013133MCM1] 
Can not find product ID  in parameter products.xml [end]

[start] [ERROR] [2026-07-09 08:46:05.870] [C013133_C013133MCM1] 
Can not find product ID  in parameter products.xml [end]

[start] [ERROR] [2026-07-09 08:46:05.871] [C013133_C013133MCM1] 
Can not find product ID  in parameter products.xml [end]

[start] [ERROR] [2026-07-09 08:46:05.872] [C013133_C013133MCM1] 
Can not find product ID  in parameter products.xml [end]

[start] [ERROR] [2026-07-09 08:46:05.872] [C013133_C013133MCM1] 
Can not find product ID  in parameter products.xml [end]

[start] [ERROR] [2026-07-09 08:46:05.873] [C013133_C013133MCM1] 
Can not find product ID  in parameter products.xml [end]

[start] [ERROR] [2026-07-09 08:46:05.874] [C013133_C013133MCM1] 
Can not find product ID  in parameter products.xml [end]

[start] [ERROR] [2026-07-09 08:46:05.875] [C013133_C013133MCM1] 
Can not find product ID  in parameter products.xml [end]

[start] [ERROR] [2026-07-09 08:46:05.875] [C013133_C013133MCM1] 
Can not find product ID  in parameter products.xml [end]

[start] [ERROR] [2026-07-09 08:46:05.876] [C013133_C013133MCM1] 
Can not find product ID  in parameter products.xml [end]

[start] [ERROR] [2026-07-09 08:46:05.877] [C013133_C013133MCM1] 
Can not find product ID  in parameter products.xml [end]

[start] [ERROR] [2026-07-09 08:46:05.878] [C013133_C013133MCM1] 
Can not find product ID  in parameter products.xml [end]

[start] [ERROR] [2026-07-09 08:46:05.879] [C013133_C013133MCM1] 
Can not find product ID  in parameter products.xml [end]

[start] [ERROR] [2026-07-09 08:46:05.880] [C013133_C013133MCM1] 
Can not find product ID  in parameter products.xml [end]

[start] [ERROR] [2026-07-09 08:46:05.880] [C013133_C013133MCM1] 
Can not find product ID  in parameter products.xml [end]

[start] [ERROR] [2026-07-09 08:46:05.881] [C013133_C013133MCM1] 
Can not find product ID  in parameter products.xml [end]

[start] [ERROR] [2026-07-09 08:46:05.882] [C013133_C013133MCM1] 
Can not find product ID  in parameter products.xml [end]

[start] [ERROR] [2026-07-09 08:46:05.883] [C013133_C013133MCM1] 
Can not find product ID  in parameter products.xml [end]

[start] [DEBUG] [2026-07-09 08:46:05.913] [C013133_C013133MCM1] 
====request content is: 
    Request Type: Temp
Component : DBHelper
Session Context is: 
com.cs.core.utility.SessionContext@cfb8a942
Request Info Type : com.cs.core.dao.exec.SQLDao
Request Info Content is: 
[01]SELECT C_INACTIVE FROM CEUSER.SEC_USER_INFO WHERE C_USER_ID = 'C013133MCM1' AND C_UNIT_CODE = 'C013133' 

 [end]

[start] [DEBUG] [2026-07-09 08:46:05.917] [C013133_C013133MCM1] 
The request URI is : /BL6CEWeb/v1/openapi/catalog/combo/data [end]

[start] [DEBUG] [2026-07-09 08:46:05.919] [C013133_C013133MCM1] 
The URI is :/BL6CEWeb/v1/openapi/catalog/combo/data [end]

[start] [DEBUG] [2026-07-09 08:46:05.920] [C013133_C013133MCM1] 
The session refresh token in session is : null [end]

[start] [DEBUG] [2026-07-09 08:46:05.926] [C013133_C013133MCM1] 
The Catalog Object SQL is :SELECT T1.C_BK_GROUP_ID, T1.C_MAIN_REF, T1.C_TRX_REF, T1.C_UNIT_CODE, T1.PARENT_MAIN_REF, T1.C_TRX_STATUS, T1.CURRNT_STATUS, T1.I_EVENT_TIMES, T1.C_MODULE, T1.C_FUNC_ID, T1.C_PRODUCT_ID, T1.C_TRX_ID, T1.C_CREATED_BY, T3.C_LOCKED_FLAG, T3.C_LOCKED_OP, T3.C_USER_DESC, T1.D_SYS_OP_DATE, T1.T_SYS_OP_TIME, T1.C2A_CCY, T1.C2A_AMOUNT, T1.C2A_COUNTERPARTY FROM CETRX.TRX_INBOX T1 LEFT JOIN CETRX.TRX_LOCK_INFO T3 ON T1.C_MAIN_REF = T3.C_MAIN_REF AND T1.C_UNIT_CODE = T3.C_UNIT_CODE WHERE T1.C_TRX_STATUS IN ('P', 'T') AND (T1.C_MODULE = 'IMLC' OR T1.C_MODULE = 'EXLC' OR T1.C_MODULE = 'FAEF' OR T1.C_MODULE = 'FADA' OR T1.C_MODULE = 'ABLF') ORDER BY T1.D_SYS_OP_DATE DESC, T1.T_SYS_OP_TIME DESC [end]

[start] [ERROR] [2026-07-09 08:46:05.927] [C013133_C013133MCM1] 
Can not find product ID  in parameter products.xml [end]

[start] [ERROR] [2026-07-09 08:46:05.928] [C013133_C013133MCM1] 
Can not find product ID  in parameter products.xml [end]

[start] [ERROR] [2026-07-09 08:46:05.930] [C013133_C013133MCM1] 
Can not find product ID  in parameter products.xml [end]

[start] [DEBUG] [2026-07-09 08:46:05.930] [C013133_C013133MCM1] 
====request content is: 
    Request Type: Temp
Component : DBHelper
Session Context is: 
com.cs.core.utility.SessionContext@cfb8a942
Request Info Type : com.cs.core.dao.exec.SQLDao
Request Info Content is: 
[01]SELECT C_AUTH_RULE FROM CEUSER.SEC_USER_INFO WHERE C_BK_GROUP_ID = 'CSBANK' AND C_UNIT_CODE = 'C013133' AND C_USER_ID = 'C013133MCM1' 

 [end]

[start] [ERROR] [2026-07-09 08:46:05.931] [C013133_C013133MCM1] 
Can not find product ID  in parameter products.xml [end]

[start] [ERROR] [2026-07-09 08:46:05.932] [C013133_C013133MCM1] 
Can not find product ID  in parameter products.xml [end]

[start] [ERROR] [2026-07-09 08:46:05.933] [C013133_C013133MCM1] 
Can not find product ID  in parameter products.xml [end]

[start] [ERROR] [2026-07-09 08:46:05.934] [C013133_C013133MCM1] 
Can not find product ID  in parameter products.xml [end]

[start] [ERROR] [2026-07-09 08:46:05.935] [C013133_C013133MCM1] 
Can not find product ID  in parameter products.xml [end]

[start] [ERROR] [2026-07-09 08:46:05.936] [C013133_C013133MCM1] 
Can not find product ID  in parameter products.xml [end]

[start] [ERROR] [2026-07-09 08:46:05.937] [C013133_C013133MCM1] 
Can not find product ID  in parameter products.xml [end]

[start] [ERROR] [2026-07-09 08:46:05.939] [C013133_C013133MCM1] 
Can not find product ID  in parameter products.xml [end]

[start] [ERROR] [2026-07-09 08:46:05.940] [C013133_C013133MCM1] 
Can not find product ID  in parameter products.xml [end]

[start] [ERROR] [2026-07-09 08:46:05.941] [C013133_C013133MCM1] 
Can not find product ID  in parameter products.xml [end]

[start] [ERROR] [2026-07-09 08:46:05.942] [C013133_C013133MCM1] 
Can not find product ID  in parameter products.xml [end]

[start] [ERROR] [2026-07-09 08:46:05.944] [C013133_C013133MCM1] 
Can not find product ID  in parameter products.xml [end]

[start] [ERROR] [2026-07-09 08:46:05.945] [C013133_C013133MCM1] 
Can not find product ID  in parameter products.xml [end]

[start] [ERROR] [2026-07-09 08:46:05.946] [C013133_C013133MCM1] 
Can not find product ID  in parameter products.xml [end]

[start] [ERROR] [2026-07-09 08:46:05.947] [C013133_C013133MCM1] 
Can not find product ID  in parameter products.xml [end]

[start] [ERROR] [2026-07-09 08:46:05.949] [C013133_C013133MCM1] 
Can not find product ID  in parameter products.xml [end]

[start] [ERROR] [2026-07-09 08:46:05.950] [C013133_C013133MCM1] 
Can not find product ID  in parameter products.xml [end]

[start] [ERROR] [2026-07-09 08:46:05.951] [C013133_C013133MCM1] 
Can not find product ID  in parameter products.xml [end]

[start] [DEBUG] [2026-07-09 08:46:05.955] [C013133_C013133MCM1] 
====request content is: 
    Request Type: Temp
Component : DBHelper
Session Context is: 
com.cs.core.utility.SessionContext@cfb8a942
Request Info Type : com.cs.core.dao.exec.SQLDao
Request Info Content is: 
[01]SELECT C_AUTH_RULE FROM CEUSER.SEC_BUSINESS_UNIT WHERE C_BK_GROUP_ID = 'CSBANK' AND C_UNIT_CODE = 'C013133' 

 [end]

[start] [DEBUG] [2026-07-09 08:46:05.960] [C013133_C013133MCM1] 
====request content is: 
    Request Type: Temp
Component : DBHelper
Session Context is: 
com.cs.core.utility.SessionContext@cfb8a942
Request Info Type : com.cs.core.dao.exec.SQLDao
Request Info Content is: 
[01]SELECT T1.C_BK_GROUP_ID, T1.C_MAIN_REF, T1.C_TRX_REF, T1.C_UNIT_CODE, T1.PARENT_MAIN_REF, T1.C_TRX_STATUS, T1.CURRNT_STATUS, T1.I_EVENT_TIMES, T1.C_MODULE, T1.C_FUNC_ID, T1.C_PRODUCT_ID, T1.C_TRX_ID, T1.C_CREATED_BY, T3.C_LOCKED_FLAG, T3.C_LOCKED_OP, T3.C_USER_DESC, T1.D_SYS_OP_DATE, T1.T_SYS_OP_TIME, T1.C2A_CCY, T1.C2A_AMOUNT, T1.C2A_COUNTERPARTY FROM CETRX.TRX_INBOX T1 LEFT JOIN CETRX.TRX_LOCK_INFO T3 ON T1.C_MAIN_REF = T3.C_MAIN_REF AND T1.C_UNIT_CODE = T3.C_UNIT_CODE WHERE   T1.C_BK_GROUP_ID = 'CSBANK'  AND  T1.C_UNIT_CODE = 'C013133'  AND T1.C_PRODUCT_ID IN('P06022700000','P13101500000','P13111900000','P14042500001','P19080800000') AND  T1.C_BK_GROUP_ID = 'CSBANK'  AND (T1.C_TRX_STATUS<>'R' AND T1.C_TRX_STATUS<>'A' OR T1.C_TRX_STATUS IS NULL) AND T1.C_TRX_ID NOT IN (SELECT C_TRX_ID FROM CETRX.TRX_AUTH_LIST WHERE  C_GRP_CODE = 'C013133'  AND  C_USER_ID = 'C013133MCM1'  AND  C_UNIT_CODE = 'C013133' ) AND T1.C_TRX_ID IN (SELECT C_TRX_ID FROM CETRX.TRX_MATRIX_LIST WHERE  C_UNIT_CODE = 'C013133'  AND ( (  I_AUTH_LEVEL = 1  AND C_PRODUCT_ID IN('P06022700000','P13101500000','P13111900000','P14042500001','P19080800000')))) AND (( T1.C_UNIT_CODE = 'C013133'  AND  T1.C_PRODUCT_ID IN ('FHS0YffwVNuA','P06022700000','P08010300000','P08111800000','P13101500000','P13111900000','P14042500000','P14042500001','P16062000000','P16062300000','P19080800000','P19080800001','P19080800002','P20030600000','P20030600001','epF3a6u4ZGAt') )) AND T1.C_TRX_STATUS IN ('P', 'T') AND (T1.C_MODULE = 'IMLC' OR T1.C_MODULE = 'EXLC' OR T1.C_MODULE = 'FAEF' OR T1.C_MODULE = 'FADA' OR T1.C_MODULE = 'ABLF') ORDER BY T1.D_SYS_OP_DATE DESC, T1.T_SYS_OP_TIME DESC

 [end]

[start] [ERROR] [2026-07-09 08:46:05.967] [C013133_C013133MCM1] 
Can not find product ID  in parameter products.xml [end]

[start] [ERROR] [2026-07-09 08:46:05.975] [C013133_C013133MCM1] 
Can not find product ID  in parameter products.xml [end]

[start] [ERROR] [2026-07-09 08:46:05.976] [C013133_C013133MCM1] 
Can not find product ID  in parameter products.xml [end]

[start] [ERROR] [2026-07-09 08:46:05.977] [C013133_C013133MCM1] 
Can not find product ID  in parameter products.xml [end]

[start] [ERROR] [2026-07-09 08:46:05.979] [C013133_C013133MCM1] 
Can not find product ID  in parameter products.xml [end]

[start] [ERROR] [2026-07-09 08:46:05.980] [C013133_C013133MCM1] 
Can not find product ID  in parameter products.xml [end]

[start] [ERROR] [2026-07-09 08:46:05.981] [C013133_C013133MCM1] 
Can not find product ID  in parameter products.xml [end]

[start] [ERROR] [2026-07-09 08:46:05.982] [C013133_C013133MCM1] 
Can not find product ID  in parameter products.xml [end]

[start] [ERROR] [2026-07-09 08:46:05.983] [C013133_C013133MCM1] 
Can not find product ID  in parameter products.xml [end]

[start] [ERROR] [2026-07-09 08:46:05.985] [C013133_C013133MCM1] 
Can not find product ID  in parameter products.xml [end]

[start] [ERROR] [2026-07-09 08:46:05.986] [C013133_C013133MCM1] 
Can not find product ID  in parameter products.xml [end]

[start] [ERROR] [2026-07-09 08:46:05.988] [C013133_C013133MCM1] 
Can not find product ID  in parameter products.xml [end]

[start] [ERROR] [2026-07-09 08:46:05.989] [C013133_C013133MCM1] 
Can not find product ID  in parameter products.xml [end]

[start] [ERROR] [2026-07-09 08:46:05.990] [C013133_C013133MCM1] 
Can not find product ID  in parameter products.xml [end]

[start] [ERROR] [2026-07-09 08:46:05.991] [C013133_C013133MCM1] 
Can not find product ID  in parameter products.xml [end]

[start] [ERROR] [2026-07-09 08:46:05.992] [C013133_C013133MCM1] 
Can not find product ID  in parameter products.xml [end]

[start] [ERROR] [2026-07-09 08:46:05.993] [C013133_C013133MCM1] 
Can not find product ID  in parameter products.xml [end]

[start] [ERROR] [2026-07-09 08:46:05.995] [C013133_C013133MCM1] 
Can not find product ID  in parameter products.xml [end]

[start] [ERROR] [2026-07-09 08:46:05.996] [C013133_C013133MCM1] 
Can not find product ID  in parameter products.xml [end]

[start] [ERROR] [2026-07-09 08:46:05.997] [C013133_C013133MCM1] 
Can not find product ID  in parameter products.xml [end]

[start] [ERROR] [2026-07-09 08:46:06.013] [C013133_C013133MCM1] 
Can not find product ID  in parameter products.xml [end]

[start] [ERROR] [2026-07-09 08:46:06.014] [C013133_C013133MCM1] 
Can not find product ID  in parameter products.xml [end]

[start] [ERROR] [2026-07-09 08:46:06.015] [C013133_C013133MCM1] 
Can not find product ID  in parameter products.xml [end]

[start] [ERROR] [2026-07-09 08:46:06.016] [C013133_C013133MCM1] 
Can not find product ID  in parameter products.xml [end]

[start] [ERROR] [2026-07-09 08:46:06.018] [C013133_C013133MCM1] 
Can not find product ID  in parameter products.xml [end]

[start] [ERROR] [2026-07-09 08:46:06.019] [C013133_C013133MCM1] 
Can not find product ID  in parameter products.xml [end]

[start] [ERROR] [2026-07-09 08:46:06.021] [C013133_C013133MCM1] 
Can not find product ID  in parameter products.xml [end]

[start] [ERROR] [2026-07-09 08:46:06.034] [C013133_C013133MCM1] 
Can not find product ID  in parameter products.xml [end]

[start] [ERROR] [2026-07-09 08:46:06.035] [C013133_C013133MCM1] 
Can not find product ID  in parameter products.xml [end]

[start] [ERROR] [2026-07-09 08:46:06.037] [C013133_C013133MCM1] 
Can not find product ID  in parameter products.xml [end]

[start] [ERROR] [2026-07-09 08:46:06.038] [C013133_C013133MCM1] 
Can not find product ID  in parameter products.xml [end]

[start] [ERROR] [2026-07-09 08:46:06.039] [C013133_C013133MCM1] 
Can not find product ID  in parameter products.xml [end]

[start] [ERROR] [2026-07-09 08:46:06.040] [C013133_C013133MCM1] 
Can not find product ID  in parameter products.xml [end]

[start] [ERROR] [2026-07-09 08:46:06.041] [C013133_C013133MCM1] 
Can not find product ID  in parameter products.xml [end]

[start] [ERROR] [2026-07-09 08:46:06.043] [C013133_C013133MCM1] 
Can not find product ID  in parameter products.xml [end]

[start] [ERROR] [2026-07-09 08:46:06.044] [C013133_C013133MCM1] 
Can not find product ID  in parameter products.xml [end]

[start] [ERROR] [2026-07-09 08:46:06.045] [C013133_C013133MCM1] 
Can not find product ID  in parameter products.xml [end]

[start] [ERROR] [2026-07-09 08:46:06.046] [C013133_C013133MCM1] 
Can not find product ID  in parameter products.xml [end]

[start] [ERROR] [2026-07-09 08:46:06.047] [C013133_C013133MCM1] 
Can not find product ID  in parameter products.xml [end]

[start] [ERROR] [2026-07-09 08:46:06.049] [C013133_C013133MCM1] 
Can not find product ID  in parameter products.xml [end]

[start] [ERROR] [2026-07-09 08:46:06.050] [C013133_C013133MCM1] 
Can not find product ID  in parameter products.xml [end]

[start] [DEBUG] [2026-07-09 08:46:06.061] [C013133_C013133MCM1] 
====request content is: 
    Request Type: Temp
Component : DBHelper
Session Context is: 
com.cs.core.utility.SessionContext@cfb8a942
Request Info Type : com.cs.core.dao.exec.SQLDao
Request Info Content is: 
[01]SELECT C_UNIT_CODE,C_UNIT_NAME FROM CEUSER.SEC_BUSINESS_UNIT WHERE C_UNIT_CODE = 'C013133' 

 [end]

[start] [DEBUG] [2026-07-09 08:46:06.066] [C013133_C013133MCM1] 
====request content is: 
    Request Type: Temp
Component : DBHelper
Session Context is: 
com.cs.core.utility.SessionContext@6f6da873
Request Info Type : com.cs.core.dao.exec.SQLDao
Request Info Content is: 
[01]SELECT C_UNIT_CODE,C_UNIT_NAME FROM CEUSER.SEC_BUSINESS_UNIT WHERE C_UNIT_CODE = 'C013133' 

 [end]

[start] [DEBUG] [2026-07-09 08:46:06.104] [C013133_C013133MCM1] 
====request content is: 
    Request Type: Temp
Component : DBHelper
Session Context is: 
com.cs.core.utility.SessionContext@cfb8a942
Request Info Type : com.cs.core.dao.exec.SQLDao
Request Info Content is: 
[01]SELECT C_CRITERIA_DATA,C_TMPL_NAME,C_IS_DEFAULT FROM CETRX.STD_SEARCH_CRITERIA  WHERE  C_UNIT_CODE = 'C013133'  AND  C_USER_ID = 'C013133MCM1'  AND  C_CATA_ID = 'C2A_PendingApproval'  AND  C_BK_GROUP_ID = 'CSBANK'  AND  I_CRITERIA_TYPE = 4 

 [end]

[start] [DEBUG] [2026-07-09 08:46:06.114] [C013133_C013133MCM1] 
====request content is: 
    Request Type: Temp
Component : DBHelper
Session Context is: 
com.cs.core.utility.SessionContext@6f6da873
Request Info Type : com.cs.core.dao.exec.SQLDao
Request Info Content is: 
[01]SELECT C_CRITERIA_DATA,C_TMPL_NAME,C_IS_DEFAULT FROM CETRX.STD_SEARCH_CRITERIA  WHERE  C_UNIT_CODE = 'C013133'  AND  C_USER_ID = 'C013133MCM1'  AND  C_CATA_ID = 'C2A_InProgress_Both'  AND  C_BK_GROUP_ID = 'CSBANK'  AND  I_CRITERIA_TYPE = 4 

 [end]

[start] [DEBUG] [2026-07-09 08:46:48.782] [C013133_C013133MCM1] 
The request URI is : /BL6CEWeb/v1/message-api-receiver/stp/agreement [end]

[start] [DEBUG] [2026-07-09 08:46:48.783] [C013133_C013133MCM1] 
The session refresh token in session is : null [end]

[start] [DEBUG] [2026-07-09 08:48:12.279] [C013133_C013133MCM1] 
====request content is: 
    Request Type: Temp
Component : DBHelper
Session Context is: 
com.cs.core.utility.SessionContext@633c32a3
Request Info Type : com.cs.core.dao.exec.SQLDao
Request Info Content is: 
[01]SELECT C_INACTIVE FROM CEUSER.SEC_USER_INFO WHERE C_USER_ID = 'C013133MCM1' AND C_UNIT_CODE = 'C013133' 

 [end]

[start] [DEBUG] [2026-07-09 08:48:12.298] [C013133_C013133MCM1] 
====request content is: 
    Request Type: Temp
Component : DBHelper
Session Context is: 
com.cs.core.utility.SessionContext@633c32a3
Request Info Type : com.cs.core.dao.exec.SQLDao
Request Info Content is: 
[01]SELECT C_IS_INFORM FROM CEUSER.SEC_LOGIN_SESSION WHERE C_SESSION_ID = '2MrnhoqxCAnyGlyXV-61sI9' 

 [end]

[start] [DEBUG] [2026-07-09 08:48:12.302] [C013133_C013133MCM1] 

------------------ Session ID : 2MrnhoqxCAnyGlyXV-61sI9 --------------------

{com.ibm.websphere.servlet.uri_non_decoded,/BL6CEWeb/logout.do}

{CHECKED_REFRESH,T}

{JSESSIONID,}

{TrxSessionId,8A828497019F45346FF501B1}

{javax.servlet.forward.query_string, 
LOGIN_NAME=
FUN_DESC=null
PRODUCT_NAME=
_TRX_STATUS=LOGOFF_UNLOCKED
SEL_TYPE=
ITEM_NAME=
IMG_INQ_TYPE=
TRAN_NAME=
CATA_PAGE_SIZE=
UNIT_CODE=
SUB_CATA_ID=
INI_ITEM_ID=
PRODUCT_ID=
CATA_NUM=
CATA_CURR=
_ACT_TYPE=
ExcelType=
ID=
CURR_OPER=
DoType=
PREV_TRAN_NAME=
TITLE_NAME=
EXCELTYPE=
FUN_NAME=
_EVENT_TITLE=
FUNC_ID=
GRP_NAME=
CATA_TYPE=
CE_SELECT_CATAFIELD=
ITEM_ID=
REFRESH_TOKEN=22
CSRFTOKEN=U879jAiK8Z284497ks9Fn44yg1EEDjD0dIU19FCmk45F327i81D560XjkviB1A6L
SAVED=
SELECTEDFIELDS=
TRAN_TYPE=
CURR_DATE=
TRXL_TYPE=
}
 [end]

[start] [DEBUG] [2026-07-09 08:48:12.305] [C013133_C013133MCM1] 
==========Watching important CE session data [starting......]
==========Current class name is [com.cs.ceweb.servlets.WSSCELogout], cdoe line number is [78].
==========CE session user information:
userId(C_USER_ID)=C013133MCM1,
userDesc(C_USER_DESC)=C013133MCM1,
userType(I_USER_TYPE)=2,
multiLogin(I_MULTI_LOGIN)=true,
deftUnitCode(C_DFLT_UNIT_CODE)=C013133,
authLevel(I_AUTH_LEVEL)=1,
langVal(C_LANG_VAL)=null,
secType(I_SEC_TYPE)=-1,
tempProtect(C_TMPL_PROTECT)=F,
C_TIMEZONE_ID=null
C_UNIT_CODE=C013133
C_CNTY_CODE=US
C_LANG_NAME=null
C_CHANGE_PSW=F
C_LOGIN_RULE=null
C_AUTH_SET=null
C_PRIVATE_MAIL=susie.dong@chinasystems.com
C_BK_GROUP_ID=CSBANK

==========CE session business group information:
unitCode(C_UNIT_CODE)=C013133,
unitName(C_UNIT_NAME)=SHANGHAI LINSHENG TRADING CO.LTD.,
bkGrpId(C_BK_GROUP_ID)=CSBANK,
cntyCode(C_CNTY_CODE)=US,
subCnty(C_SUB_CNTY)=US,
bank(C_IS_BANK)=F,
secType(I_SEC_TYPE)=3
tempProtect(C_TMPL_PROTECT)=F,
C_LANG_NAME=null
I_UNIT_TYPE=1
C_HAVE_AUTH=T
C_LANG_VAL=null
C_BANK_UNIT=null
C_BANK_CODE=null
dualCtrl(C_DUAL_CTRL)=T,
custFmt=decFormat(C_DEC_FORMAT)=.,
intFormat(C_INT_FORMAT)=,,
intFmtLen(I_INT_FMT_LEN)=3,
dateFormat(C_DATE_FORM)=yyyy-mm-dd,
,

==========CE session system information:
system information is a null object.
==========Watching important CE session data [end......]
 [end]

[start] [DEBUG] [2026-07-09 08:48:12.306] [C013133_C013133MCM1] 
====request content is: 
    Request Type: Temp
Component : DBHelper
Session Context is: 
com.cs.core.utility.SessionContext@633c32a3
Request Info Type : com.cs.core.dao.exec.SQLDao
Request Info Content is: 
[01]INSERT INTO CETRX.TRX_ACT_LOG (C_LOG_ID,C_BK_GROUP_ID,C_CNTY_CODE,C_GRP_CODE,C_UNIT_CODE,C_USER_ID,C_IP_ADDRESS,C_FUNC_ID,D_CREA_DATE,T_CREA_TIME,D_SYS_OP_DATE,T_SYS_OP_TIME,D_SYS_TRT_DATE,T_SYS_TRT_TIME,C_BUSI_KEY) VALUES ('8A8284979F41EEDD019F4534701101B2','CSBANK','US','C013133','C013133','C013133MCM1','10.3.1.127','LogOut','2026-07-09','04:48:12','2026-07-09','04:48:12','2026-07-09','04:48:12','C013133;C013133MCM1')

 [end]

[start] [DEBUG] [2026-07-09 08:48:12.313] [C013133_C013133MCM1] 
====request content is: 
    Request Type: Temp
Component : DBHelper
Session Context is: 
com.cs.core.utility.SessionContext@d8e75dba
Request Info Type : com.cs.core.dao.exec.SQLDao
Request Info Content is: 
[01]DELETE FROM CEUSER.SEC_LOGIN_SESSION WHERE C_BK_GROUP_ID = 'CSBANK' AND C_USER_ID = 'C013133MCM1' AND C_UNIT_CODE = 'C013133' AND C_SESSION_ID = '2MrnhoqxCAnyGlyXV-61sI9' 

 [end]

[start] [DEBUG] [2026-07-09 08:48:12.319] [C013133_C013133MCM1] 
== go to screen: /SYS_index.htm [end]

[start] [DEBUG] [2026-07-09 08:48:12.508] [C013133_C013133MCM1] 
The request URI is : /BL6CEWeb/JS/rsaencrypt/jsencrypt.min.js [end]

[start] [DEBUG] [2026-07-09 08:48:12.508] [C013133_C013133MCM1] 
The request URI is : /BL6CEWeb/SYS_JS/jQuery/jquery.min.js [end]

[start] [DEBUG] [2026-07-09 08:48:12.510] [C013133_C013133MCM1] 
The session refresh token in session is : null [end]

[start] [DEBUG] [2026-07-09 08:48:12.510] [C013133_C013133MCM1] 
The session refresh token in session is : null [end]

[start] [DEBUG] [2026-07-09 08:48:12.654] [C013133_C013133MCM1] 
The request URI is : /BL6CEWeb/JS/rsaencrypt/Publickey.js [end]

[start] [DEBUG] [2026-07-09 08:48:12.655] [C013133_C013133MCM1] 
The session refresh token in session is : null [end]

[start] [DEBUG] [2026-07-09 08:50:57.693] [C013133_C013133MCM1] 
The request URI is : /BL6CEWeb/screen/SECindex.htm [end]

[start] [DEBUG] [2026-07-09 08:50:57.696] [C013133_C013133MCM1] 
The session refresh token in session is : null [end]
