
[start] [INFO] [2026-07-09 14:38:48.423] [C260716950_C260716950CPM1] 
---------------------Begin 2026-07-09 14:38:48 415    CREATE_BU:C260716950    CREATE_BY:C260716950CPM1 ---------------------
[01]  DELETE FROM CEUSER.SEC_LOGIN_SESSION WHERE C_USER_ID = 'C260716950CPM1' AND C_UNIT_CODE = 'C260716950' AND C_BK_GROUP_ID = 'CSBANK' AND C_SESSION_ID = 'sPO6fLt9tZ7TJCjVMWE9lHc' 
[02]  UPDATE CEUSER.SEC_LOGIN_SESSION SET C_IS_INFORM = 'T' WHERE C_USER_ID = 'C260716950CPM1' AND C_UNIT_CODE = 'C260716950' AND C_BK_GROUP_ID = 'CSBANK' 
[03]  INSERT INTO CEUSER.SEC_LOGIN_SESSION (C_BK_GROUP_ID,C_UNIT_CODE,C_USER_ID,C_SESSION_ID,C_IS_INFORM) VALUES ('CSBANK','C260716950','C260716950CPM1','sPO6fLt9tZ7TJCjVMWE9lHc','F')
---------------------- End 2026-07-09 14:38:48 421 ------------------------
 [end]

[start] [INFO] [2026-07-09 14:38:48.452] [C260716950_C260716950CPM1] 
---------------------Begin 2026-07-09 14:38:48 445    CREATE_BU:C260716950    CREATE_BY:C260716950CPM1 ---------------------
[01]  INSERT INTO CETRX.TRX_ACT_LOG (C_LOG_ID,C_BK_GROUP_ID,C_CNTY_CODE,C_GRP_CODE,C_UNIT_CODE,C_USER_ID,C_IP_ADDRESS,C_FUNC_ID,D_CREA_DATE,T_CREA_TIME,D_SYS_OP_DATE,T_SYS_OP_TIME,D_SYS_TRT_DATE,T_SYS_TRT_TIME,C_BUSI_KEY) VALUES ('8A8284979F4591D4019F46756C7B0109','CSBANK','US','C260716950','C260716950','C260716950CPM1','10.3.1.53','Login',TO_DATE('2026-07-09','YYYY-MM-DD'),TO_DATE('10:38:48','HH24:MI:SS'),TO_DATE('2026-07-09','YYYY-MM-DD'),TO_DATE('10:38:48','HH24:MI:SS'),TO_DATE('2026-07-09','YYYY-MM-DD'),TO_DATE('10:38:48','HH24:MI:SS'),'C260716950;C260716950CPM1')
---------------------- End 2026-07-09 14:38:48 449 ------------------------
 [end]

[start] [INFO] [2026-07-09 14:39:01.905] [C260716950_C260716950CPM1] 
---------------------Begin 2026-07-09 14:39:01 901    CREATE_BU:C260716950    CREATE_BY:C260716950CPM1 ---------------------
[01]  SELECT C_INACTIVE FROM CEUSER.SEC_USER_INFO WHERE C_USER_ID = 'C260716950CPM1' AND C_UNIT_CODE = 'C260716950' 
---------------------- End 2026-07-09 14:39:01 904 ------------------------
 [end]

[start] [INFO] [2026-07-09 14:39:01.910] [C260716950_C260716950CPM1] 
---------------------Begin 2026-07-09 14:39:01 907    CREATE_BU:C260716950    CREATE_BY:C260716950CPM1 ---------------------
[01]  SELECT C_IS_INFORM FROM CEUSER.SEC_LOGIN_SESSION WHERE C_SESSION_ID = 'sPO6fLt9tZ7TJCjVMWE9lHc' 
---------------------- End 2026-07-09 14:39:01 909 ------------------------
 [end]

[start] [INFO] [2026-07-09 14:39:22.422] [C260716950_C260716950CPM1] 
---------------------Begin 2026-07-09 14:39:22 420    CREATE_BU:C260716950    CREATE_BY:C260716950CPM1 ---------------------
[01]  SELECT C_INACTIVE FROM CEUSER.SEC_USER_INFO WHERE C_USER_ID = 'C260716950CPM1' AND C_UNIT_CODE = 'C260716950' 
---------------------- End 2026-07-09 14:39:22 421 ------------------------
 [end]

[start] [INFO] [2026-07-09 14:39:22.606] [C260716950_C260716950CPM1] 
---------------------Begin 2026-07-09 14:39:22 603    CREATE_BU:C260716950    CREATE_BY:C260716950CPM1 ---------------------
[01]  SELECT C_INACTIVE FROM CEUSER.SEC_USER_INFO WHERE C_USER_ID = 'C260716950CPM1' AND C_UNIT_CODE = 'C260716950' 
---------------------- End 2026-07-09 14:39:22 604 ------------------------
 [end]

[start] [INFO] [2026-07-09 14:39:22.632] [C260716950_C260716950CPM1] 
---------------------Begin 2026-07-09 14:39:22 614    CREATE_BU:C260716950    CREATE_BY:C260716950CPM1 ---------------------
[01]  SELECT COUNT(*) AS RECCOUNT FROM CETRX.STD_NOTIFICATION  WHERE C_NOTI_ID IN ( SELECT C_NOTI_ID FROM CETRX.STD_NOTIFICATION_STATUS  WHERE  C_READ_STATUS = 'F'  AND  C_USER_ID = 'C260716950CPM1'  AND  C_UNIT_CODE = 'C260716950'  )
---------------------- End 2026-07-09 14:39:22 631 ------------------------
 [end]

[start] [INFO] [2026-07-09 14:39:22.671] [C260716950_C260716950CPM1] 
---------------------Begin 2026-07-09 14:39:22 669    CREATE_BU:C260716950    CREATE_BY:C260716950CPM1 ---------------------
[01]  SELECT C_INACTIVE FROM CEUSER.SEC_USER_INFO WHERE C_USER_ID = 'C260716950CPM1' AND C_UNIT_CODE = 'C260716950' 
---------------------- End 2026-07-09 14:39:22 670 ------------------------
 [end]

[start] [INFO] [2026-07-09 14:39:22.681] [C260716950_C260716950CPM1] 
---------------------Begin 2026-07-09 14:39:22 680    CREATE_BU:C260716950    CREATE_BY:C260716950CPM1 ---------------------
[01]  SELECT C_FUNC_ID,T_OP_TIME FROM CETRX.TRX_FAVOR_FUNC  WHERE  C_UNIT_CODE = 'C260716950'  AND  C_USER_ID = 'C260716950CPM1'  ORDER BY  T_OP_TIME DESC 
---------------------- End 2026-07-09 14:39:22 681 ------------------------
 [end]

[start] [INFO] [2026-07-09 14:39:22.725] [C260716950_C260716950CPM1] 
---------------------Begin 2026-07-09 14:39:22 723    CREATE_BU:C260716950    CREATE_BY:C260716950CPM1 ---------------------
[01]  SELECT C_INACTIVE FROM CEUSER.SEC_USER_INFO WHERE C_USER_ID = 'C260716950CPM1' AND C_UNIT_CODE = 'C260716950' 
---------------------- End 2026-07-09 14:39:22 724 ------------------------
 [end]

[start] [INFO] [2026-07-09 14:39:22.905] [C260716950_C260716950CPM1] 
---------------------Begin 2026-07-09 14:39:22 901    CREATE_BU:C260716950    CREATE_BY:C260716950CPM1 ---------------------
[01]  SELECT C_INACTIVE FROM CEUSER.SEC_USER_INFO WHERE C_USER_ID = 'C260716950CPM1' AND C_UNIT_CODE = 'C260716950' 
---------------------- End 2026-07-09 14:39:22 904 ------------------------
 [end]

[start] [INFO] [2026-07-09 14:39:22.921] [C260716950_C260716950CPM1] 
---------------------Begin 2026-07-09 14:39:22 918    CREATE_BU:C260716950    CREATE_BY:C260716950CPM1 ---------------------
[01]  SELECT DISTINCT C_WIDGET_NAME FROM CEUSER.SEC_WIDGETS_V2_LIST  WHERE  C_IS_ACTIVE = 'Y'  AND  C_ROLE_NAME IN ('MAKER')  ORDER BY  C_WIDGET_NAME 
---------------------- End 2026-07-09 14:39:22 920 ------------------------
 [end]

[start] [INFO] [2026-07-09 14:39:22.937] [C260716950_C260716950CPM1] 
---------------------Begin 2026-07-09 14:39:22 933    CREATE_BU:C260716950    CREATE_BY:C260716950CPM1 ---------------------
[01]  SELECT C_INACTIVE FROM CEUSER.SEC_USER_INFO WHERE C_USER_ID = 'C260716950CPM1' AND C_UNIT_CODE = 'C260716950' 
---------------------- End 2026-07-09 14:39:22 935 ------------------------
 [end]

[start] [INFO] [2026-07-09 14:39:22.956] [C260716950_C260716950CPM1] 
---------------------Begin 2026-07-09 14:39:22 953    CREATE_BU:C260716950    CREATE_BY:C260716950CPM1 ---------------------
[01]  SELECT C_INACTIVE FROM CEUSER.SEC_USER_INFO WHERE C_USER_ID = 'C260716950CPM1' AND C_UNIT_CODE = 'C260716950' 
---------------------- End 2026-07-09 14:39:22 954 ------------------------
 [end]

[start] [INFO] [2026-07-09 14:39:22.962] [C260716950_C260716950CPM1] 
---------------------Begin 2026-07-09 14:39:22 957    CREATE_BU:C260716950    CREATE_BY:C260716950CPM1 ---------------------
[01]  SELECT DISTINCT C_WIDGET_NAME FROM CEUSER.SEC_WIDGETS_V2_LIST  WHERE  C_IS_ACTIVE = 'Y'  AND  C_ROLE_NAME IN ('MAKER')  ORDER BY  C_WIDGET_NAME 
---------------------- End 2026-07-09 14:39:22 958 ------------------------
 [end]

[start] [INFO] [2026-07-09 14:39:22.971] [C260716950_C260716950CPM1] 
---------------------Begin 2026-07-09 14:39:22 965    CREATE_BU:C260716950    CREATE_BY:C260716950CPM1 ---------------------
[01]  SELECT TAB.C_TAB_ID,TAB.C_TAB_NAME,TAB.I_TAB_SEQUENCE FROM CEUSER.SEC_WIDGETS_V2_TABS TAB LEFT JOIN CEUSER.SEC_WIDGETS_V2_LAYOUT LYT ON (TAB.C_TAB_ID = LYT.C_TAB_ID AND  TAB.C_UNIT_CODE = LYT.C_UNIT_CODE AND TAB.C_USER_ID = LYT.C_USER_ID )    WHERE  TAB.C_UNIT_CODE = 'C260716950'  AND  TAB.C_USER_ID = 'C260716950CPM1'  AND  LYT.C_PAGE_NAME = 'default'  ORDER BY  TAB.I_TAB_SEQUENCE ASC 
---------------------- End 2026-07-09 14:39:22 969 ------------------------
 [end]

[start] [INFO] [2026-07-09 14:39:23.101] [C260716950_C260716950CPM1] 
---------------------Begin 2026-07-09 14:39:23 098    CREATE_BU:C260716950    CREATE_BY:C260716950CPM1 ---------------------
[01]  SELECT C_INACTIVE FROM CEUSER.SEC_USER_INFO WHERE C_USER_ID = 'C260716950CPM1' AND C_UNIT_CODE = 'C260716950' 
---------------------- End 2026-07-09 14:39:23 100 ------------------------
 [end]

[start] [INFO] [2026-07-09 14:39:23.222] [C260716950_C260716950CPM1] 
---------------------Begin 2026-07-09 14:39:23 111    CREATE_BU:C260716950    CREATE_BY:C260716950CPM1 ---------------------
[01]  SELECT * FROM CEUSER.SEC_BUSINESS_UNIT WHERE C_UNIT_CODE = 'C260716950' 
---------------------- End 2026-07-09 14:39:23 215 ------------------------
 [end]

[start] [INFO] [2026-07-09 14:39:23.246] [C260716950_C260716950CPM1] 
---------------------Begin 2026-07-09 14:39:23 238    CREATE_BU:C260716950    CREATE_BY:C260716950CPM1 ---------------------
[01]  SELECT C_LAYOUT_INFO FROM CEUSER.SEC_WIDGETS_V2_LAYOUT  WHERE  C_UNIT_CODE = 'C260716950'  AND  C_USER_ID = 'C260716950CPM1'  AND  C_PAGE_NAME = 'default' 
---------------------- End 2026-07-09 14:39:23 241 ------------------------
 [end]

[start] [INFO] [2026-07-09 14:39:23.263] [C260716950_C260716950CPM1] 
---------------------Begin 2026-07-09 14:39:23 249    CREATE_BU:C260716950    CREATE_BY:C260716950CPM1 ---------------------
[01]  SELECT C_TAB_ID FROM CEUSER.SEC_WIDGETS_V2_LAYOUT  WHERE  C_UNIT_CODE = 'C260716950'  AND  C_USER_ID = 'C260716950CPM1'  AND  C_PAGE_NAME = 'default' 
---------------------- End 2026-07-09 14:39:23 262 ------------------------
 [end]

[start] [INFO] [2026-07-09 14:39:23.475] [C260716950_C260716950CPM1] 
---------------------Begin 2026-07-09 14:39:23 471    CREATE_BU:C260716950    CREATE_BY:C260716950CPM1 ---------------------
[01]  SELECT C_AUTH_RULE FROM CEUSER.SEC_USER_INFO WHERE C_BK_GROUP_ID = 'CSBANK' AND C_UNIT_CODE = 'C260716950' AND C_USER_ID = 'C260716950CPM1' 
---------------------- End 2026-07-09 14:39:23 474 ------------------------
 [end]

[start] [INFO] [2026-07-09 14:39:23.480] [C260716950_C260716950CPM1] 
---------------------Begin 2026-07-09 14:39:23 477    CREATE_BU:C260716950    CREATE_BY:C260716950CPM1 ---------------------
[01]  SELECT C_AUTH_RULE FROM CEUSER.SEC_BUSINESS_UNIT WHERE C_BK_GROUP_ID = 'CSBANK' AND C_UNIT_CODE = 'C260716950' 
---------------------- End 2026-07-09 14:39:23 478 ------------------------
 [end]

[start] [INFO] [2026-07-09 14:39:23.642] [C260716950_C260716950CPM1] 
---------------------Begin 2026-07-09 14:39:23 417    CREATE_BU:C260716950    CREATE_BY:C260716950CPM1 ---------------------
[01]  DELETE FROM CEUSER.SEC_WIDGETS_V2_TABS  WHERE  C_UNIT_CODE = 'C260716950'  AND  C_USER_ID = 'C260716950CPM1'  AND  C_TAB_ID = '8A8284979F4591D4019F4675F480010F' 
[02]  INSERT INTO CEUSER.SEC_WIDGETS_V2_TABS (C_TAB_ID,C_TAB_NAME,I_TAB_SEQUENCE,C_UNIT_CODE,C_USER_ID) VALUES ('8A8284979F4591D4019F4675F480010F','Home',0,'C260716950','C260716950CPM1')
[03]  DELETE FROM CEUSER.SEC_WIDGETS_V2_INST_CONFIG  WHERE  C_UNIT_CODE = 'C260716950'  AND  C_USER_ID = 'C260716950CPM1'  AND  C_TAB_ID = '8A8284979F4591D4019F4675F480010F' 
[04]  INSERT INTO CEUSER.SEC_WIDGETS_V2_INST_CONFIG (C_TAB_ID,C_INST_ID,C_INST_CONFIG,C_UNIT_CODE,C_USER_ID) VALUES ('8A8284979F4591D4019F4675F480010F','8A8284979F4591D4019F4675F4870110',{"comboId":"C2A_PendingApproval","title":"Pending Approval"},'C260716950','C260716950CPM1')
[05]  DELETE FROM CEUSER.SEC_WIDGETS_V2_LAYOUT  WHERE  C_UNIT_CODE = 'C260716950'  AND  C_USER_ID = 'C260716950CPM1'  AND  C_TAB_ID = '8A8284979F4591D4019F4675F480010F' 
[06]  INSERT INTO CEUSER.SEC_WIDGETS_V2_LAYOUT (C_TAB_ID,C_UNIT_CODE,C_USER_ID,C_LAYOUT_INFO,C_PAGE_NAME) VALUES ('8A8284979F4591D4019F4675F480010F','C260716950','C260716950CPM1',{"widgets":[{"input":{"comboId":"C2A_PendingApproval","title":"Pending Approval"},"name":"PendingApproval","id":"8A8284979F4591D4019F4675F4870110","position":{"w":18,"x":0,"h":50,"y":0},"props":{"minHeight":0,"multiInstance":true,"movable":true,"resizable":true,"maxHeight":0,"removable":true,"width":1,"header":true,"minWidth":1,"headerButtons":"all","height":1,"maxWidth":1}},{"input":{},"name":"CallToAction","position":{"w":18,"x":0,"h":69,"y":0},"props":{"minHeight":0,"multiInstance":true,"movable":true,"resizable":true,"maxHeight":0,"removable":true,"width":1,"header":true,"minWidth":1,"headerButtons":"all","height":1,"maxWidth":1}},{"input":{},"name":"CalendarEvents","position":{"w":18,"x":0,"h":50,"y":0},"props":{"minHeight":0,"multiInstance":true,"movable":true,"resizable":true,"maxHeight":0,"removable":true,"width":1,"header":true,"minWidth":1,"headerButtons":"all","height":1,"maxWidth":1}},{"input":{},"name":"ShortcutMenu","position":{"w":6,"x":18,"h":50,"y":0},"props":{"minHeight":0,"multiInstance":tr ...truncated...,'default')
[07]  INSERT INTO CEUSER.SEC_WIDGETS_V2_INST_CONFIG (C_TAB_ID,C_INST_ID,C_INST_CONFIG,C_UNIT_CODE,C_USER_ID) VALUES ('8A8284979F4591D4019F4675F480010F','8A8284979F4591D4019F4675F4BA0111',{"title":"Recent requests","version":2,"subtitle":"Below is an overview of your recent requests"},'C260716950','C260716950CPM1')
[08]  DELETE FROM CEUSER.SEC_WIDGETS_V2_LAYOUT  WHERE  C_UNIT_CODE = 'C260716950'  AND  C_USER_ID = 'C260716950CPM1'  AND  C_TAB_ID = '8A8284979F4591D4019F4675F480010F' 
[09]  INSERT INTO CEUSER.SEC_WIDGETS_V2_LAYOUT (C_TAB_ID,C_UNIT_CODE,C_USER_ID,C_LAYOUT_INFO,C_PAGE_NAME) VALUES ('8A8284979F4591D4019F4675F480010F','C260716950','C260716950CPM1',{"widgets":[{"input":{"comboId":"C2A_PendingApproval","title":"Pending Approval"},"name":"PendingApproval","id":"8A8284979F4591D4019F4675F4870110","position":{"w":18,"x":0,"h":50,"y":0},"props":{"minHeight":0,"multiInstance":true,"movable":true,"resizable":true,"maxHeight":0,"removable":true,"width":1,"header":true,"minWidth":1,"headerButtons":"all","height":1,"maxWidth":1}},{"input":{"subtitle":"Below is an overview of your recent requests","title":"Recent requests","version":2},"name":"CallToAction","id":"8A8284979F4591D4019F4675F4BA0111","position":{"w":18,"x":0,"h":69,"y":0},"props":{"minHeight":0,"multiInstance":true,"movable":true,"resizable":true,"maxHeight":0,"removable":true,"width":1,"header":true,"minWidth":1,"headerButtons":"all","height":1,"maxWidth":1}},{"input":{},"name":"CalendarEvents","position":{"w":18,"x":0,"h":50,"y":0},"props":{"minHeight":0,"multiInstance":true,"movable":true,"resizable":true,"maxHeight":0,"removable":true,"width":1,"header":true,"minWidth":1,"headerButtons":"all","heig ...truncated...,'default')
[10]  INSERT INTO CEUSER.SEC_WIDGETS_V2_INST_CONFIG (C_TAB_ID,C_INST_ID,C_INST_CONFIG,C_UNIT_CODE,C_USER_ID) VALUES ('8A8284979F4591D4019F4675F480010F','8A8284979F4591D4019F4675F4D60112',{"title":"Upcoming events"},'C260716950','C260716950CPM1')
[11]  DELETE FROM CEUSER.SEC_WIDGETS_V2_LAYOUT  WHERE  C_UNIT_CODE = 'C260716950'  AND  C_USER_ID = 'C260716950CPM1'  AND  C_TAB_ID = '8A8284979F4591D4019F4675F480010F' 
[12]  INSERT INTO CEUSER.SEC_WIDGETS_V2_LAYOUT (C_TAB_ID,C_UNIT_CODE,C_USER_ID,C_LAYOUT_INFO,C_PAGE_NAME) VALUES ('8A8284979F4591D4019F4675F480010F','C260716950','C260716950CPM1',{"widgets":[{"input":{"comboId":"C2A_PendingApproval","title":"Pending Approval"},"name":"PendingApproval","id":"8A8284979F4591D4019F4675F4870110","position":{"w":18,"x":0,"h":50,"y":0},"props":{"minHeight":0,"multiInstance":true,"movable":true,"resizable":true,"maxHeight":0,"removable":true,"width":1,"header":true,"minWidth":1,"headerButtons":"all","height":1,"maxWidth":1}},{"input":{"subtitle":"Below is an overview of your recent requests","title":"Recent requests","version":2},"name":"CallToAction","id":"8A8284979F4591D4019F4675F4BA0111","position":{"w":18,"x":0,"h":69,"y":0},"props":{"minHeight":0,"multiInstance":true,"movable":true,"resizable":true,"maxHeight":0,"removable":true,"width":1,"header":true,"minWidth":1,"headerButtons":"all","height":1,"maxWidth":1}},{"input":{"title":"Upcoming events"},"name":"CalendarEvents","id":"8A8284979F4591D4019F4675F4D60112","position":{"w":18,"x":0,"h":50,"y":0},"props":{"minHeight":0,"multiInstance":true,"movable":true,"resizable":true,"maxHeight":0,"removable":true ...truncated...,'default')
[13]  INSERT INTO CEUSER.SEC_WIDGETS_V2_INST_CONFIG (C_TAB_ID,C_INST_ID,C_INST_CONFIG,C_UNIT_CODE,C_USER_ID) VALUES ('8A8284979F4591D4019F4675F480010F','8A8284979F4591D4019F4675F4F40113',{"version":1,"components":[{"component":"c-main-menu","label":"Main Menu"},{"input":{"functionCount":5},"component":"c-favorite-func","label":"Favorites"},{"input":{"periodDays":30,"funcIds":"","funcItemTypeList":"New","functionCount":5,"funcTypes":"PM"},"component":"c-recent-func","label":"Recent Functions"}]},'C260716950','C260716950CPM1')
[14]  DELETE FROM CEUSER.SEC_WIDGETS_V2_LAYOUT  WHERE  C_UNIT_CODE = 'C260716950'  AND  C_USER_ID = 'C260716950CPM1'  AND  C_TAB_ID = '8A8284979F4591D4019F4675F480010F' 
[15]  INSERT INTO CEUSER.SEC_WIDGETS_V2_LAYOUT (C_TAB_ID,C_UNIT_CODE,C_USER_ID,C_LAYOUT_INFO,C_PAGE_NAME) VALUES ('8A8284979F4591D4019F4675F480010F','C260716950','C260716950CPM1',{"widgets":[{"input":{"comboId":"C2A_PendingApproval","title":"Pending Approval"},"name":"PendingApproval","id":"8A8284979F4591D4019F4675F4870110","position":{"w":18,"x":0,"h":50,"y":0},"props":{"minHeight":0,"multiInstance":true,"movable":true,"resizable":true,"maxHeight":0,"removable":true,"width":1,"header":true,"minWidth":1,"headerButtons":"all","height":1,"maxWidth":1}},{"input":{"subtitle":"Below is an overview of your recent requests","title":"Recent requests","version":2},"name":"CallToAction","id":"8A8284979F4591D4019F4675F4BA0111","position":{"w":18,"x":0,"h":69,"y":0},"props":{"minHeight":0,"multiInstance":true,"movable":true,"resizable":true,"maxHeight":0,"removable":true,"width":1,"header":true,"minWidth":1,"headerButtons":"all","height":1,"maxWidth":1}},{"input":{"title":"Upcoming events"},"name":"CalendarEvents","id":"8A8284979F4591D4019F4675F4D60112","position":{"w":18,"x":0,"h":50,"y":0},"props":{"minHeight":0,"multiInstance":true,"movable":true,"resizable":true,"maxHeight":0,"removable":true ...truncated...,'default')
[16]  INSERT INTO CEUSER.SEC_WIDGETS_V2_INST_CONFIG (C_TAB_ID,C_INST_ID,C_INST_CONFIG,C_UNIT_CODE,C_USER_ID) VALUES ('8A8284979F4591D4019F4675F480010F','8A8284979F4591D4019F4675F5010114',{"name":"Saved Reports","title":"Saved Reports"},'C260716950','C260716950CPM1')
[17]  DELETE FROM CEUSER.SEC_WIDGETS_V2_LAYOUT  WHERE  C_UNIT_CODE = 'C260716950'  AND  C_USER_ID = 'C260716950CPM1'  AND  C_TAB_ID = '8A8284979F4591D4019F4675F480010F' 
[18]  INSERT INTO CEUSER.SEC_WIDGETS_V2_LAYOUT (C_TAB_ID,C_UNIT_CODE,C_USER_ID,C_LAYOUT_INFO,C_PAGE_NAME) VALUES ('8A8284979F4591D4019F4675F480010F','C260716950','C260716950CPM1',{"widgets":[{"input":{"comboId":"C2A_PendingApproval","title":"Pending Approval"},"name":"PendingApproval","id":"8A8284979F4591D4019F4675F4870110","position":{"w":18,"x":0,"h":50,"y":0},"props":{"minHeight":0,"multiInstance":true,"movable":true,"resizable":true,"maxHeight":0,"removable":true,"width":1,"header":true,"minWidth":1,"headerButtons":"all","height":1,"maxWidth":1}},{"input":{"subtitle":"Below is an overview of your recent requests","title":"Recent requests","version":2},"name":"CallToAction","id":"8A8284979F4591D4019F4675F4BA0111","position":{"w":18,"x":0,"h":69,"y":0},"props":{"minHeight":0,"multiInstance":true,"movable":true,"resizable":true,"maxHeight":0,"removable":true,"width":1,"header":true,"minWidth":1,"headerButtons":"all","height":1,"maxWidth":1}},{"input":{"title":"Upcoming events"},"name":"CalendarEvents","id":"8A8284979F4591D4019F4675F4D60112","position":{"w":18,"x":0,"h":50,"y":0},"props":{"minHeight":0,"multiInstance":true,"movable":true,"resizable":true,"maxHeight":0,"removable":true ...truncated...,'default')
---------------------- End 2026-07-09 14:39:23 640 ------------------------
 [end]

[start] [INFO] [2026-07-09 14:39:23.666] [C260716950_C260716950CPM1] 
---------------------Begin 2026-07-09 14:39:23 645    CREATE_BU:C260716950    CREATE_BY:C260716950CPM1 ---------------------
[01]  SELECT TAB.C_TAB_ID,TAB.C_TAB_NAME,TAB.I_TAB_SEQUENCE,LYT.C_LAYOUT_INFO FROM CEUSER.SEC_WIDGETS_V2_TABS TAB LEFT JOIN CEUSER.SEC_WIDGETS_V2_LAYOUT LYT ON (TAB.C_TAB_ID = LYT.C_TAB_ID AND  TAB.C_UNIT_CODE = LYT.C_UNIT_CODE AND TAB.C_USER_ID = LYT.C_USER_ID )    WHERE  TAB.C_UNIT_CODE = 'C260716950'  AND  TAB.C_USER_ID = 'C260716950CPM1'  AND  LYT.C_PAGE_NAME = 'default'  ORDER BY  TAB.I_TAB_SEQUENCE ASC 
---------------------- End 2026-07-09 14:39:23 665 ------------------------
 [end]

[start] [INFO] [2026-07-09 14:39:23.678] [C260716950_C260716950CPM1] 
---------------------Begin 2026-07-09 14:39:23 675    CREATE_BU:C260716950    CREATE_BY:C260716950CPM1 ---------------------
[01]  SELECT C_INST_CONFIG FROM CEUSER.SEC_WIDGETS_V2_INST_CONFIG  WHERE  C_INST_ID = '8A8284979F4591D4019F4675F4BA0111'  AND  C_UNIT_CODE = 'C260716950'  AND  C_USER_ID = 'C260716950CPM1' 
---------------------- End 2026-07-09 14:39:23 677 ------------------------
 [end]

[start] [INFO] [2026-07-09 14:39:23.685] [C260716950_C260716950CPM1] 
---------------------Begin 2026-07-09 14:39:23 681    CREATE_BU:C260716950    CREATE_BY:C260716950CPM1 ---------------------
[01]  SELECT C_INST_CONFIG FROM CEUSER.SEC_WIDGETS_V2_INST_CONFIG  WHERE  C_INST_ID = '8A8284979F4591D4019F4675F4BA0111'  AND  C_UNIT_CODE = 'C260716950'  AND  C_USER_ID = 'C260716950CPM1' 
---------------------- End 2026-07-09 14:39:23 684 ------------------------
 [end]

[start] [INFO] [2026-07-09 14:39:23.694] [C260716950_C260716950CPM1] 
---------------------Begin 2026-07-09 14:39:23 691    CREATE_BU:C260716950    CREATE_BY:C260716950CPM1 ---------------------
[01]  SELECT C_INST_CONFIG FROM CEUSER.SEC_WIDGETS_V2_INST_CONFIG  WHERE  C_INST_ID = '8A8284979F4591D4019F4675F4D60112'  AND  C_UNIT_CODE = 'C260716950'  AND  C_USER_ID = 'C260716950CPM1' 
---------------------- End 2026-07-09 14:39:23 692 ------------------------
 [end]

[start] [INFO] [2026-07-09 14:39:23.699] [C260716950_C260716950CPM1] 
---------------------Begin 2026-07-09 14:39:23 697    CREATE_BU:C260716950    CREATE_BY:C260716950CPM1 ---------------------
[01]  SELECT C_INST_CONFIG FROM CEUSER.SEC_WIDGETS_V2_INST_CONFIG  WHERE  C_INST_ID = '8A8284979F4591D4019F4675F4D60112'  AND  C_UNIT_CODE = 'C260716950'  AND  C_USER_ID = 'C260716950CPM1' 
---------------------- End 2026-07-09 14:39:23 698 ------------------------
 [end]

[start] [INFO] [2026-07-09 14:39:23.708] [C260716950_C260716950CPM1] 
---------------------Begin 2026-07-09 14:39:23 705    CREATE_BU:C260716950    CREATE_BY:C260716950CPM1 ---------------------
[01]  SELECT C_INST_CONFIG FROM CEUSER.SEC_WIDGETS_V2_INST_CONFIG  WHERE  C_INST_ID = '8A8284979F4591D4019F4675F4F40113'  AND  C_UNIT_CODE = 'C260716950'  AND  C_USER_ID = 'C260716950CPM1' 
---------------------- End 2026-07-09 14:39:23 706 ------------------------
 [end]

[start] [INFO] [2026-07-09 14:39:23.713] [C260716950_C260716950CPM1] 
---------------------Begin 2026-07-09 14:39:23 711    CREATE_BU:C260716950    CREATE_BY:C260716950CPM1 ---------------------
[01]  SELECT C_INST_CONFIG FROM CEUSER.SEC_WIDGETS_V2_INST_CONFIG  WHERE  C_INST_ID = '8A8284979F4591D4019F4675F4F40113'  AND  C_UNIT_CODE = 'C260716950'  AND  C_USER_ID = 'C260716950CPM1' 
---------------------- End 2026-07-09 14:39:23 712 ------------------------
 [end]

[start] [INFO] [2026-07-09 14:39:23.720] [C260716950_C260716950CPM1] 
---------------------Begin 2026-07-09 14:39:23 717    CREATE_BU:C260716950    CREATE_BY:C260716950CPM1 ---------------------
[01]  SELECT C_INST_CONFIG FROM CEUSER.SEC_WIDGETS_V2_INST_CONFIG  WHERE  C_INST_ID = '8A8284979F4591D4019F4675F5010114'  AND  C_UNIT_CODE = 'C260716950'  AND  C_USER_ID = 'C260716950CPM1' 
---------------------- End 2026-07-09 14:39:23 718 ------------------------
 [end]

[start] [INFO] [2026-07-09 14:39:23.725] [C260716950_C260716950CPM1] 
---------------------Begin 2026-07-09 14:39:23 723    CREATE_BU:C260716950    CREATE_BY:C260716950CPM1 ---------------------
[01]  SELECT C_INST_CONFIG FROM CEUSER.SEC_WIDGETS_V2_INST_CONFIG  WHERE  C_INST_ID = '8A8284979F4591D4019F4675F5010114'  AND  C_UNIT_CODE = 'C260716950'  AND  C_USER_ID = 'C260716950CPM1' 
---------------------- End 2026-07-09 14:39:23 724 ------------------------
 [end]

[start] [INFO] [2026-07-09 14:39:23.855] [C260716950_C260716950CPM1] 
---------------------Begin 2026-07-09 14:39:23 852    CREATE_BU:C260716950    CREATE_BY:C260716950CPM1 ---------------------
[01]  SELECT C_INACTIVE FROM CEUSER.SEC_USER_INFO WHERE C_USER_ID = 'C260716950CPM1' AND C_UNIT_CODE = 'C260716950' 
---------------------- End 2026-07-09 14:39:23 854 ------------------------
 [end]

[start] [INFO] [2026-07-09 14:39:23.856] [C260716950_C260716950CPM1] 
---------------------Begin 2026-07-09 14:39:23 853    CREATE_BU:C260716950    CREATE_BY:C260716950CPM1 ---------------------
[01]  SELECT C_INACTIVE FROM CEUSER.SEC_USER_INFO WHERE C_USER_ID = 'C260716950CPM1' AND C_UNIT_CODE = 'C260716950' 
---------------------- End 2026-07-09 14:39:23 854 ------------------------
 [end]

[start] [INFO] [2026-07-09 14:39:23.877] [C260716950_C260716950CPM1] 
---------------------Begin 2026-07-09 14:39:23 874    CREATE_BU:C260716950    CREATE_BY:C260716950CPM1 ---------------------
[01]  SELECT C_INACTIVE FROM CEUSER.SEC_USER_INFO WHERE C_USER_ID = 'C260716950CPM1' AND C_UNIT_CODE = 'C260716950' 
---------------------- End 2026-07-09 14:39:23 876 ------------------------
 [end]

[start] [INFO] [2026-07-09 14:39:23.896] [C260716950_C260716950CPM1] 
---------------------Begin 2026-07-09 14:39:23 874    CREATE_BU:C260716950    CREATE_BY:C260716950CPM1 ---------------------
[01]  SELECT C_INACTIVE FROM CEUSER.SEC_USER_INFO WHERE C_USER_ID = 'C260716950CPM1' AND C_UNIT_CODE = 'C260716950' 
---------------------- End 2026-07-09 14:39:23 895 ------------------------
 [end]

[start] [INFO] [2026-07-09 14:39:23.968] [C260716950_C260716950CPM1] 
---------------------Begin 2026-07-09 14:39:23 965    CREATE_BU:C260716950    CREATE_BY:C260716950CPM1 ---------------------
[01]  SELECT C_INACTIVE FROM CEUSER.SEC_USER_INFO WHERE C_USER_ID = 'C260716950CPM1' AND C_UNIT_CODE = 'C260716950' 
---------------------- End 2026-07-09 14:39:23 966 ------------------------
 [end]

[start] [INFO] [2026-07-09 14:39:23.973] [C260716950_C260716950CPM1] 
---------------------Begin 2026-07-09 14:39:23 945    CREATE_BU:C260716950    CREATE_BY:C260716950CPM1 ---------------------
[01]  SELECT FA_DOC_DUE_DT AS GROUP_DATE, COUNT(*) AS ASCOUNT FROM (SELECT C_PRODUCT_ID, C_MAIN_REF, C_CUST_ID, C_TRX_REF, I_EVENT_TIMES, C_BK_GROUP_ID, C_UNIT_CODE, FA_SEL_NM, FA_BUYER_NM, FA_DOC_CCY, FA_DOC_AMT, AUTH_AMT, AUTH_CCY, PARENT_MAIN_REF, FA_DOC_DT, FA_DOC_DUE_DT, CURRNT_STATUS, C_TRX_STATUS, D_CREA_DATE, D_RELE_DATE, C_FUNC_ID, C_EVENT_NAME, C_EVENT_STATUS, C_NOW_EVENT, C_LOCKED_FLAG, C_LOCKED_OP, C_RELE_BY FROM CETRX.FAEF_EM_INV WHERE   C_BK_GROUP_ID = 'CSBANK'  AND (( C_UNIT_CODE = 'C260716950'  AND  C_PRODUCT_ID = 'P19080800001' )) AND C_TRX_STATUS IN ('P', 'A', 'T', 'R', 'M') AND FA_DOC_DUE_DT >= TO_DATE('2026-01-01', 'YYYY-MM-DD') AND FA_DOC_DUE_DT <= TO_DATE('2026-12-31', 'YYYY-MM-DD') ) TEMP_TABLE GROUP BY FA_DOC_DUE_DT
---------------------- End 2026-07-09 14:39:23 972 ------------------------
 [end]

[start] [INFO] [2026-07-09 14:39:23.990] [C260716950_C260716950CPM1] 
---------------------Begin 2026-07-09 14:39:23 988    CREATE_BU:C260716950    CREATE_BY:C260716950CPM1 ---------------------
[01]  SELECT C_FUNC_ID,T_OP_TIME FROM CETRX.TRX_FAVOR_FUNC  WHERE  C_UNIT_CODE = 'C260716950'  AND  C_USER_ID = 'C260716950CPM1'  ORDER BY  T_OP_TIME DESC 
---------------------- End 2026-07-09 14:39:23 989 ------------------------
 [end]

[start] [INFO] [2026-07-09 14:39:24.257] [C260716950_C260716950CPM1] 
---------------------Begin 2026-07-09 14:39:24 255    CREATE_BU:C260716950    CREATE_BY:C260716950CPM1 ---------------------
[01]  SELECT C_INACTIVE FROM CEUSER.SEC_USER_INFO WHERE C_USER_ID = 'C260716950CPM1' AND C_UNIT_CODE = 'C260716950' 
---------------------- End 2026-07-09 14:39:24 256 ------------------------
 [end]

[start] [INFO] [2026-07-09 14:39:24.259] [C260716950_C260716950CPM1] 
---------------------Begin 2026-07-09 14:39:24 256    CREATE_BU:C260716950    CREATE_BY:C260716950CPM1 ---------------------
[01]  SELECT C_INACTIVE FROM CEUSER.SEC_USER_INFO WHERE C_USER_ID = 'C260716950CPM1' AND C_UNIT_CODE = 'C260716950' 
---------------------- End 2026-07-09 14:39:24 257 ------------------------
 [end]

[start] [INFO] [2026-07-09 14:39:24.271] [C260716950_C260716950CPM1] 
---------------------Begin 2026-07-09 14:39:24 268    CREATE_BU:C260716950    CREATE_BY:C260716950CPM1 ---------------------
[01]  SELECT A.C_REPORT_ID,A.C_GRP_CODE,A.C_USER_ID,A.T_PIN_DATE,B.C_SOURCE_REPORT,B.C_REPORT_NAME,B.T_UPDATE_DATE,C.C_USER_DESC FROM CETRX.TRX_USER_REPORT_PIN A LEFT JOIN CETRX.TRX_USER_REPORT B ON A.C_REPORT_ID = B.C_REPORT_ID  LEFT JOIN CEUSER.SEC_USER_INFO C ON A.C_GRP_CODE = C.C_UNIT_CODE AND A.C_USER_ID = C.C_USER_ID  WHERE  A.C_GRP_CODE = 'C260716950'  AND  A.C_USER_ID = 'C260716950CPM1'  ORDER BY B.T_UPDATE_DATE DESC
---------------------- End 2026-07-09 14:39:24 270 ------------------------
 [end]

[start] [INFO] [2026-07-09 14:39:24.281] [C260716950_C260716950CPM1] 
---------------------Begin 2026-07-09 14:39:24 279    CREATE_BU:C260716950    CREATE_BY:C260716950CPM1 ---------------------
[01]  SELECT C_IS_ACTIVE FROM CEUSER.SEC_WIDGETS_V2_LIST  WHERE  C_WIDGET_NAME = 'ShortcutMenu'  AND  C_ROLE_NAME IN ('MAKER') 
---------------------- End 2026-07-09 14:39:24 280 ------------------------
 [end]

[start] [INFO] [2026-07-09 14:39:24.285] [C260716950_C260716950CPM1] 
---------------------Begin 2026-07-09 14:39:24 283    CREATE_BU:C260716950    CREATE_BY:C260716950CPM1 ---------------------
[01]  SELECT C_INACTIVE FROM CEUSER.SEC_USER_INFO WHERE C_USER_ID = 'C260716950CPM1' AND C_UNIT_CODE = 'C260716950' 
---------------------- End 2026-07-09 14:39:24 284 ------------------------
 [end]

[start] [INFO] [2026-07-09 14:39:24.327] [C260716950_C260716950CPM1] 
---------------------Begin 2026-07-09 14:39:24 283    CREATE_BU:C260716950    CREATE_BY:C260716950CPM1 ---------------------
[01]  SELECT C_FUNC_ID,C_MODULE FROM CETRX.TRX_ACT_LOG WHERE C_FUNC_ID IS NOT NULL AND C_UNIT_CODE = 'C260716950' AND C_USER_ID = 'C260716950CPM1' AND D_SYS_OP_DATE BETWEEN TO_DATE('2026-06-09','yyyy-MM-dd') AND TO_DATE('2026-07-09','yyyy-MM-dd') ORDER BY D_SYS_OP_DATE DESC,T_SYS_OP_TIME DESC
---------------------- End 2026-07-09 14:39:24 326 ------------------------
 [end]

[start] [INFO] [2026-07-09 14:39:24.327] [C260716950_C260716950CPM1] 
---------------------Begin 2026-07-09 14:39:24 323    CREATE_BU:C260716950    CREATE_BY:C260716950CPM1 ---------------------
[01]  SELECT C_PAGE_NAME FROM CEUSER.SEC_WIDGETS_V2_LAYOUT  WHERE  C_TAB_ID = '8A8284979F4591D4019F4675F480010F' 
---------------------- End 2026-07-09 14:39:24 325 ------------------------
 [end]

[start] [INFO] [2026-07-09 14:39:24.497] [C260716950_C260716950CPM1] 
---------------------Begin 2026-07-09 14:39:24 374    CREATE_BU:C260716950    CREATE_BY:C260716950CPM1 ---------------------
[01]  DELETE FROM CEUSER.SEC_WIDGETS_V2_TABS  WHERE  C_UNIT_CODE = 'C260716950'  AND  C_USER_ID = 'C260716950CPM1'  AND  C_TAB_ID = '8A8284979F4591D4019F4675F480010F' 
[02]  INSERT INTO CEUSER.SEC_WIDGETS_V2_TABS (C_TAB_ID,C_TAB_NAME,I_TAB_SEQUENCE,C_UNIT_CODE,C_USER_ID) VALUES ('8A8284979F4591D4019F4675F480010F','Home',0,'C260716950','C260716950CPM1')
[03]  DELETE FROM CEUSER.SEC_WIDGETS_V2_INST_CONFIG  WHERE  C_UNIT_CODE = 'C260716950'  AND  C_USER_ID = 'C260716950CPM1'  AND  C_TAB_ID = '8A8284979F4591D4019F4675F480010F' 
[04]  INSERT INTO CEUSER.SEC_WIDGETS_V2_INST_CONFIG (C_TAB_ID,C_INST_ID,C_INST_CONFIG,C_UNIT_CODE,C_USER_ID) VALUES ('8A8284979F4591D4019F4675F480010F','8A8284979F4591D4019F4675F4BA0111',{"name":"CallToAction","header":true,"title":"Recent requests","version":2,"headerButtons":"refresh","subtitle":"Below is an overview of your recent requests"},'C260716950','C260716950CPM1')
[05]  DELETE FROM CEUSER.SEC_WIDGETS_V2_LAYOUT  WHERE  C_UNIT_CODE = 'C260716950'  AND  C_USER_ID = 'C260716950CPM1'  AND  C_TAB_ID = '8A8284979F4591D4019F4675F480010F' 
[06]  INSERT INTO CEUSER.SEC_WIDGETS_V2_LAYOUT (C_TAB_ID,C_UNIT_CODE,C_USER_ID,C_LAYOUT_INFO,C_PAGE_NAME) VALUES ('8A8284979F4591D4019F4675F480010F','C260716950','C260716950CPM1',{"widgets":[{"input":{"subtitle":"Below is an overview of your recent requests","name":"CallToAction","header":true,"title":"Recent requests","version":2,"headerButtons":"refresh"},"name":"CallToAction","id":"8A8284979F4591D4019F4675F4BA0111","position":{"w":18,"x":0,"h":69,"y":0},"props":{"minHeight":0,"multiInstance":true,"movable":true,"resizable":true,"maxHeight":0,"removable":true,"width":1,"header":true,"minWidth":1,"headerButtons":"all","height":1,"maxWidth":1}},{"input":{"components":[{"component":"c-main-menu","label":"Main Menu"},{"input":{"functionCount":5},"component":"c-favorite-func","label":"Favorites"},{"input":{"funcItemTypeList":"New","funcTypes":"PM","periodDays":30,"funcIds":"","functionCount":5},"component":"c-recent-func","label":"Recent Functions"}],"name":"ShortcutMenu","header":false,"version":1,"headerButtons":"none"},"name":"ShortcutMenu","id":"8A8284979F4591D4019F4675F4F40113","position":{"w":6,"x":18,"h":50,"y":0},"props":{"minHeight":0,"multiInstance":true,"movable":true,"resizab ...truncated...,'default')
[07]  INSERT INTO CEUSER.SEC_WIDGETS_V2_INST_CONFIG (C_TAB_ID,C_INST_ID,C_INST_CONFIG,C_UNIT_CODE,C_USER_ID) VALUES ('8A8284979F4591D4019F4675F480010F','8A8284979F4591D4019F4675F4F40113',{"name":"ShortcutMenu","header":false,"components":[{"component":"c-main-menu","label":"Main Menu"},{"input":{"functionCount":5},"component":"c-favorite-func","label":"Favorites"},{"input":{"periodDays":30,"funcIds":"","funcItemTypeList":"New","functionCount":5,"funcTypes":"PM"},"component":"c-recent-func","label":"Recent Functions"}],"version":1,"headerButtons":"none"},'C260716950','C260716950CPM1')
[08]  DELETE FROM CEUSER.SEC_WIDGETS_V2_LAYOUT  WHERE  C_UNIT_CODE = 'C260716950'  AND  C_USER_ID = 'C260716950CPM1'  AND  C_TAB_ID = '8A8284979F4591D4019F4675F480010F' 
[09]  INSERT INTO CEUSER.SEC_WIDGETS_V2_LAYOUT (C_TAB_ID,C_UNIT_CODE,C_USER_ID,C_LAYOUT_INFO,C_PAGE_NAME) VALUES ('8A8284979F4591D4019F4675F480010F','C260716950','C260716950CPM1',{"widgets":[{"input":{"subtitle":"Below is an overview of your recent requests","name":"CallToAction","header":true,"title":"Recent requests","version":2,"headerButtons":"refresh"},"name":"CallToAction","id":"8A8284979F4591D4019F4675F4BA0111","position":{"w":18,"x":0,"h":69,"y":0},"props":{"minHeight":0,"multiInstance":true,"movable":true,"resizable":true,"maxHeight":0,"removable":true,"width":1,"header":true,"minWidth":1,"headerButtons":"all","height":1,"maxWidth":1}},{"input":{"components":[{"component":"c-main-menu","label":"Main Menu"},{"input":{"functionCount":5},"component":"c-favorite-func","label":"Favorites"},{"input":{"funcItemTypeList":"New","funcTypes":"PM","periodDays":30,"funcIds":"","functionCount":5},"component":"c-recent-func","label":"Recent Functions"}],"name":"ShortcutMenu","header":false,"version":1,"headerButtons":"none"},"name":"ShortcutMenu","id":"8A8284979F4591D4019F4675F4F40113","position":{"w":6,"x":18,"h":50,"y":0},"props":{"minHeight":0,"multiInstance":true,"movable":true,"resizab ...truncated...,'default')
[10]  INSERT INTO CEUSER.SEC_WIDGETS_V2_INST_CONFIG (C_TAB_ID,C_INST_ID,C_INST_CONFIG,C_UNIT_CODE,C_USER_ID) VALUES ('8A8284979F4591D4019F4675F480010F','8A8284979F4591D4019F4675F5010114',{"name":"Saved Reports","header":true,"title":"Saved Reports","headerButtons":"refresh"},'C260716950','C260716950CPM1')
[11]  DELETE FROM CEUSER.SEC_WIDGETS_V2_LAYOUT  WHERE  C_UNIT_CODE = 'C260716950'  AND  C_USER_ID = 'C260716950CPM1'  AND  C_TAB_ID = '8A8284979F4591D4019F4675F480010F' 
[12]  INSERT INTO CEUSER.SEC_WIDGETS_V2_LAYOUT (C_TAB_ID,C_UNIT_CODE,C_USER_ID,C_LAYOUT_INFO,C_PAGE_NAME) VALUES ('8A8284979F4591D4019F4675F480010F','C260716950','C260716950CPM1',{"widgets":[{"input":{"subtitle":"Below is an overview of your recent requests","name":"CallToAction","header":true,"title":"Recent requests","version":2,"headerButtons":"refresh"},"name":"CallToAction","id":"8A8284979F4591D4019F4675F4BA0111","position":{"w":18,"x":0,"h":69,"y":0},"props":{"minHeight":0,"multiInstance":true,"movable":true,"resizable":true,"maxHeight":0,"removable":true,"width":1,"header":true,"minWidth":1,"headerButtons":"all","height":1,"maxWidth":1}},{"input":{"components":[{"component":"c-main-menu","label":"Main Menu"},{"input":{"functionCount":5},"component":"c-favorite-func","label":"Favorites"},{"input":{"funcItemTypeList":"New","funcTypes":"PM","periodDays":30,"funcIds":"","functionCount":5},"component":"c-recent-func","label":"Recent Functions"}],"name":"ShortcutMenu","header":false,"version":1,"headerButtons":"none"},"name":"ShortcutMenu","id":"8A8284979F4591D4019F4675F4F40113","position":{"w":6,"x":18,"h":50,"y":0},"props":{"minHeight":0,"multiInstance":true,"movable":true,"resizab ...truncated...,'default')
[13]  INSERT INTO CEUSER.SEC_WIDGETS_V2_INST_CONFIG (C_TAB_ID,C_INST_ID,C_INST_CONFIG,C_UNIT_CODE,C_USER_ID) VALUES ('8A8284979F4591D4019F4675F480010F','8A8284979F4591D4019F4675F4D60112',{"name":"CalendarEvents","header":true,"title":"Upcoming events","headerButtons":"none"},'C260716950','C260716950CPM1')
[14]  DELETE FROM CEUSER.SEC_WIDGETS_V2_LAYOUT  WHERE  C_UNIT_CODE = 'C260716950'  AND  C_USER_ID = 'C260716950CPM1'  AND  C_TAB_ID = '8A8284979F4591D4019F4675F480010F' 
[15]  INSERT INTO CEUSER.SEC_WIDGETS_V2_LAYOUT (C_TAB_ID,C_UNIT_CODE,C_USER_ID,C_LAYOUT_INFO,C_PAGE_NAME) VALUES ('8A8284979F4591D4019F4675F480010F','C260716950','C260716950CPM1',{"widgets":[{"input":{"subtitle":"Below is an overview of your recent requests","name":"CallToAction","header":true,"title":"Recent requests","version":2,"headerButtons":"refresh"},"name":"CallToAction","id":"8A8284979F4591D4019F4675F4BA0111","position":{"w":18,"x":0,"h":69,"y":0},"props":{"minHeight":0,"multiInstance":true,"movable":true,"resizable":true,"maxHeight":0,"removable":true,"width":1,"header":true,"minWidth":1,"headerButtons":"all","height":1,"maxWidth":1}},{"input":{"components":[{"component":"c-main-menu","label":"Main Menu"},{"input":{"functionCount":5},"component":"c-favorite-func","label":"Favorites"},{"input":{"funcItemTypeList":"New","funcTypes":"PM","periodDays":30,"funcIds":"","functionCount":5},"component":"c-recent-func","label":"Recent Functions"}],"name":"ShortcutMenu","header":false,"version":1,"headerButtons":"none"},"name":"ShortcutMenu","id":"8A8284979F4591D4019F4675F4F40113","position":{"w":6,"x":18,"h":50,"y":0},"props":{"minHeight":0,"multiInstance":true,"movable":true,"resizab ...truncated...,'default')
---------------------- End 2026-07-09 14:39:24 494 ------------------------
 [end]

[start] [INFO] [2026-07-09 14:39:25.597] [C260716950_C260716950CPM1] 
---------------------Begin 2026-07-09 14:39:23 869    CREATE_BU:C260716950    CREATE_BY:C260716950CPM1 ---------------------
[01]  [Id=C2A_ForYou]  SELECT COUNT(*) FROM (SELECT DISTINCT T1.C_BK_GROUP_ID, T1.C_MAIN_REF, T1.C_TRX_REF, T1.C_UNIT_CODE, T1.PARENT_MAIN_REF, T1.C_TRX_STATUS, T1.CURRNT_STATUS, T1.C2A_STATUS, T1.I_EVENT_TIMES, T1.C_MODULE, T1.C_FUNC_ID, T1.C_PRODUCT_ID, T1.C_TRX_ID, T3.C_LOCKED_FLAG, T3.C_LOCKED_OP, T3.C_USER_DESC, T1.D_SYS_OP_DATE, T1.T_SYS_OP_TIME, T1.C2A_CCY, T1.C2A_AMOUNT, T1.C2A_COUNTERPARTY FROM CETRX.TRX_INBOX T1 LEFT JOIN CETRX.TRX_NEXT_FUNC T2 ON T1.C_PRODUCT_ID = T2.C_PRODUCT_ID AND T1.C2A_STATUS = T2.C2A_STATUS AND T1.C_TRX_STATUS = T2.C_TRX_STATUS LEFT JOIN CETRX.TRX_LOCK_INFO T3 ON T1.C_MAIN_REF = T3.C_MAIN_REF AND T1.C_UNIT_CODE = T3.C_UNIT_CODE WHERE   T1.C_BK_GROUP_ID = 'CSBANK'  AND (( T1.C_UNIT_CODE = 'C260716950'  AND  T1.C_PRODUCT_ID IN ('FHS0YffwVNuA','P19080800000','P19080800001','P19080800002','epF3a6u4ZGAt') )) AND (T2.C_NEXT_FUNC_ID IN (SELECT C_FUNC_ID FROM CEUSER.SEC_OP_FUNC WHERE C_USER_ID = 'C260716950CPM1' AND C_GRP_CODE = 'C260716950' AND C_UNIT_CODE = T1.C_UNIT_CODE) OR T2.C_NEXT_FUNC_ID IN (SELECT C_FUNC_ID FROM CEUSER.SEC_OP_FUNC WHERE C_GRP_CODE = 'C260716950' AND C_USER_ID IN (SELECT C_ROLE_ID FROM CEUSER.SEC_USER_ROLE WHERE C_USER_ID = 'C260716950CPM1' AND C_GRP_CODE = 'C260716950') AND C_UNIT_CODE = T1.C_UNIT_CODE)) AND (T1.C_TRX_STATUS = 'R' OR T1.C2A_STATUS IN ('Rejected by bank', 'Discrepancy notification', 'Document received') AND T1.C_TRX_STATUS = 'M' OR T1.C2A_STATUS IN ('Amendment(Detrimental)_fully authorized', 'Document discrepancy_fully authorized') AND T1.C_TRX_STATUS = 'A') AND T1.C_TRX_ID NOT IN (SELECT C_TRX_ID FROM CETRX.TRX_USER_DISMISS WHERE C_USER_ID = 'C260716950CPM1' AND C_GRP_CODE = 'C260716950') AND (T1.C_MODULE = 'IMLC' OR T1.C_MODULE = 'EXLC' OR T1.C_MODULE = 'FAEF' OR T1.C_MODULE = 'FADA' OR T1.C_MODULE = 'TSUM' OR T1.C_MODULE = 'ABLF' OR T1.C_MODULE = 'UPLD') ORDER BY T1.D_SYS_OP_DATE DESC, T1.T_SYS_OP_TIME DESC)
---------------------- End 2026-07-09 14:39:25 595 ------------------------
 [end]

[start] [INFO] [2026-07-09 14:39:25.772] [C260716950_C260716950CPM1] 
---------------------Begin 2026-07-09 14:39:25 601    CREATE_BU:C260716950    CREATE_BY:C260716950CPM1 ---------------------
[01]  [Id=C2A_InProgress_Maker]  SELECT COUNT(*) FROM CETRX.TRX_INBOX T1 LEFT JOIN CETRX.TRX_LOCK_INFO T3 ON T1.C_MAIN_REF = T3.C_MAIN_REF AND T1.C_UNIT_CODE = T3.C_UNIT_CODE WHERE   T1.C_BK_GROUP_ID = 'CSBANK'  AND (( T1.C_UNIT_CODE = 'C260716950'  AND  T1.C_PRODUCT_ID IN ('FHS0YffwVNuA','P19080800000','P19080800001','P19080800002','epF3a6u4ZGAt') )) AND (T1.C_TRX_STATUS IN ('P', 'T', 'A', 'S') AND (T1.C_MODULE = 'IMLC' OR T1.C_MODULE = 'EXLC' OR T1.C_MODULE = 'FAEF' OR T1.C_MODULE = 'FADA' OR T1.C_MODULE = 'ABLF') AND T1.C2A_STATUS NOT IN ('Discrepancies rejected_fully authorized') OR T1.C_TRX_STATUS = 'M' AND (T1.C_MODULE = 'IMLC' AND T1.C2A_STATUS NOT IN ('Issued', 'Amended', 'Beneficiary rejected', 'Settled') OR T1.C_MODULE = 'EXCO' AND T1.CURRNT_STATUS NOT IN ('Payment Advice') OR T1.C_MODULE = 'EXLC' AND T1.CURRNT_STATUS NOT IN ('Settled', 'Advise Received', 'Amendment Received', 'Docment Received') OR T1.C_MODULE = 'FAEF' AND T1.CURRNT_STATUS NOT IN ('Settled', 'Advise Received') OR T1.C_MODULE = 'FADA' AND T1.CURRNT_STATUS NOT IN ('Settled', 'Advise Received') OR T1.C_MODULE = 'ABLF' AND T1.CURRNT_STATUS NOT IN ('Settled', 'Advise Received'))) AND T1.C_TRX_ID NOT IN (SELECT C_TRX_ID FROM CETRX.TRX_USER_DISMISS WHERE C_USER_ID = 'C260716950CPM1' AND C_GRP_CODE = 'C260716950') AND (T1.C_MODULE = 'IMLC' OR T1.C_MODULE = 'EXLC' OR T1.C_MODULE = 'FAEF' OR T1.C_MODULE = 'FADA' OR T1.C_MODULE = 'ABLF')
---------------------- End 2026-07-09 14:39:25 771 ------------------------
 [end]

[start] [INFO] [2026-07-09 14:39:25.956] [C260716950_C260716950CPM1] 
---------------------Begin 2026-07-09 14:39:25 777    CREATE_BU:C260716950    CREATE_BY:C260716950CPM1 ---------------------
[01]  [Id=C2A_Closed]  SELECT COUNT(*) FROM CETRX.TRX_INBOX T1 LEFT JOIN CETRX.TRX_LOCK_INFO T3 ON T1.C_MAIN_REF = T3.C_MAIN_REF AND T1.C_UNIT_CODE = T3.C_UNIT_CODE WHERE   T1.C_BK_GROUP_ID = 'CSBANK'  AND (( T1.C_UNIT_CODE = 'C260716950'  AND  T1.C_PRODUCT_ID IN ('FHS0YffwVNuA','P19080800000','P19080800001','P19080800002','epF3a6u4ZGAt') )) AND (T1.C2A_STATUS IN ('Issued', 'Amended', 'Beneficiary rejected', 'Discrepancies rejected_fully authorized', 'Settled') AND T1.C_MODULE = 'IMLC' OR T1.CURRNT_STATUS IN ('Issued', 'Amended', 'Detrimental Amendment', 'Beneficiary Consent', 'Beneficiary Rejected', 'Document Presentation', 'Document Presentation', 'Settlement', 'Settled') AND T1.C_MODULE = 'EXCO' OR T1.C2A_STATUS IN ('Settled', 'Amendment_fully authorized', '') AND T1.C_MODULE = 'EXLC' OR T1.C_FUNC_ID IN ('F05030700899', 'F05030700901', 'F05030700908') AND T1.C2A_STATUS = 'Fully authorized' AND T1.C_MODULE = 'EXLC' OR T1.C_MODULE = 'FADA' OR T1.C_MODULE = 'FAEF') AND T1.C_TRX_STATUS IN ('M', 'A', 'S') AND T1.C_TRX_ID NOT IN (SELECT C_TRX_ID FROM CETRX.TRX_USER_DISMISS WHERE C_USER_ID = 'C260716950CPM1' AND C_GRP_CODE = 'C260716950') AND (T1.C_MODULE = 'IMLC' OR T1.C_MODULE = 'EXLC' OR T1.C_MODULE = 'FADA' OR T1.C_MODULE = 'FAEF')
---------------------- End 2026-07-09 14:39:25 954 ------------------------
 [end]

[start] [INFO] [2026-07-09 14:39:26.432] [C260716950_C260716950CPM1] 
---------------------Begin 2026-07-09 14:39:25 959    CREATE_BU:C260716950    CREATE_BY:C260716950CPM1 ---------------------
[01]  [Id=C2A_Drafts]  SELECT COUNT(*) FROM (SELECT DISTINCT T1.C_BK_GROUP_ID, T1.C_MAIN_REF, T1.C_TRX_REF, T1.C_UNIT_CODE, T1.PARENT_MAIN_REF, T1.C_TRX_STATUS, T1.I_EVENT_TIMES, T1.C_MODULE, T1.C_FUNC_ID, T1.C_PRODUCT_ID, T1.C_TRX_ID, T3.C_LOCKED_FLAG, T3.C_LOCKED_OP, T3.C_USER_DESC, T1.D_SYS_OP_DATE, T1.T_SYS_OP_TIME, T1.C2A_CCY, T1.C2A_AMOUNT, T1.C2A_COUNTERPARTY FROM CETRX.TRX_INBOX T1 LEFT JOIN CETRX.TRX_NEXT_FUNC T2 ON T1.C_PRODUCT_ID = T2.C_PRODUCT_ID AND T1.C_TRX_STATUS = T2.C_TRX_STATUS LEFT JOIN CETRX.TRX_LOCK_INFO T3 ON T1.C_MAIN_REF = T3.C_MAIN_REF AND T1.C_UNIT_CODE = T3.C_UNIT_CODE WHERE   T1.C_BK_GROUP_ID = 'CSBANK'  AND (( T1.C_UNIT_CODE = 'C260716950'  AND  T1.C_PRODUCT_ID IN ('FHS0YffwVNuA','P19080800000','P19080800001','P19080800002','epF3a6u4ZGAt') )) AND (T2.C_NEXT_FUNC_ID IN (SELECT C_FUNC_ID FROM CEUSER.SEC_OP_FUNC WHERE C_USER_ID = 'C260716950CPM1' AND C_GRP_CODE = 'C260716950' AND C_UNIT_CODE = T1.C_UNIT_CODE) OR T2.C_NEXT_FUNC_ID IN (SELECT C_FUNC_ID FROM CEUSER.SEC_OP_FUNC WHERE C_GRP_CODE = 'C260716950' AND C_USER_ID IN (SELECT C_ROLE_ID FROM CEUSER.SEC_USER_ROLE WHERE C_USER_ID = 'C260716950CPM1' AND C_GRP_CODE = 'C260716950') AND C_UNIT_CODE = T1.C_UNIT_CODE)) AND T1.C_TRX_STATUS = 'Z' AND T1.C_TRX_ID NOT IN (SELECT C_TRX_ID FROM CETRX.TRX_USER_DISMISS WHERE C_USER_ID = 'C260716950CPM1' AND C_GRP_CODE = 'C260716950') AND (T1.C_MODULE = 'IMLC' OR T1.C_MODULE = 'EXLC' OR T1.C_MODULE = 'FAEF' OR T1.C_MODULE = 'FADA' OR T1.C_MODULE = 'ABLF') ORDER BY T1.D_SYS_OP_DATE DESC, T1.T_SYS_OP_TIME DESC)
---------------------- End 2026-07-09 14:39:26 430 ------------------------
 [end]

[start] [INFO] [2026-07-09 14:39:26.623] [C260716950_C260716950CPM1] 
---------------------Begin 2026-07-09 14:39:26 621    CREATE_BU:C260716950    CREATE_BY:C260716950CPM1 ---------------------
[01]  SELECT C_INACTIVE FROM CEUSER.SEC_USER_INFO WHERE C_USER_ID = 'C260716950CPM1' AND C_UNIT_CODE = 'C260716950' 
---------------------- End 2026-07-09 14:39:26 622 ------------------------
 [end]

[start] [INFO] [2026-07-09 14:39:26.635] [C260716950_C260716950CPM1] 
---------------------Begin 2026-07-09 14:39:26 632    CREATE_BU:C260716950    CREATE_BY:C260716950CPM1 ---------------------
[01]  SELECT C_CRITERIA_DATA,C_TMPL_NAME,C_IS_DEFAULT FROM CETRX.STD_SEARCH_CRITERIA  WHERE  C_UNIT_CODE = 'C260716950'  AND  C_USER_ID = 'C260716950CPM1'  AND  C_CATA_ID = 'C2A_InProgress_Maker'  AND  C_BK_GROUP_ID = 'CSBANK'  AND  I_CRITERIA_TYPE = 4 
---------------------- End 2026-07-09 14:39:26 634 ------------------------
 [end]

[start] [INFO] [2026-07-09 14:39:26.704] [C260716950_C260716950CPM1] 
---------------------Begin 2026-07-09 14:39:26 701    CREATE_BU:C260716950    CREATE_BY:C260716950CPM1 ---------------------
[01]  SELECT C_UNIT_CODE,C_UNIT_NAME FROM CEUSER.SEC_BUSINESS_UNIT WHERE C_UNIT_CODE = 'C260716950' 
---------------------- End 2026-07-09 14:39:26 703 ------------------------
 [end]

[start] [INFO] [2026-07-09 14:39:27.205] [C260716950_C260716950CPM1] 
---------------------Begin 2026-07-09 14:39:27 201    CREATE_BU:C260716950    CREATE_BY:C260716950CPM1 ---------------------
[01]  SELECT C_INACTIVE FROM CEUSER.SEC_USER_INFO WHERE C_USER_ID = 'C260716950CPM1' AND C_UNIT_CODE = 'C260716950' 
---------------------- End 2026-07-09 14:39:27 203 ------------------------
 [end]

[start] [INFO] [2026-07-09 14:39:27.514] [C260716950_C260716950CPM1] 
---------------------Begin 2026-07-09 14:39:27 216    CREATE_BU:C260716950    CREATE_BY:C260716950CPM1 ---------------------
[01]  [Id=C2A_InProgress_Maker]  SELECT T1.C_BK_GROUP_ID, T1.C_MAIN_REF, T1.C_TRX_REF, T1.C_UNIT_CODE, T1.PARENT_MAIN_REF, T1.C_TRX_STATUS, T1.CURRNT_STATUS, (CASE WHEN T1.C_MODULE = 'FADA' OR T1.C_MODULE = 'FAEF' THEN T1.C_TRX_STATUS ELSE T1.C2A_STATUS END) C2A_STATUS, T1.I_EVENT_TIMES, T1.C_MODULE, T1.C_FUNC_ID, T1.C_PRODUCT_ID, T1.C_TRX_ID, T3.C_LOCKED_FLAG, T3.C_LOCKED_OP, T3.C_USER_DESC, T1.D_SYS_OP_DATE, T1.T_SYS_OP_TIME, T1.C2A_CCY, T1.C2A_AMOUNT, T1.C2A_COUNTERPARTY FROM CETRX.TRX_INBOX T1 LEFT JOIN CETRX.TRX_LOCK_INFO T3 ON T1.C_MAIN_REF = T3.C_MAIN_REF AND T1.C_UNIT_CODE = T3.C_UNIT_CODE WHERE   T1.C_BK_GROUP_ID = 'CSBANK'  AND (( T1.C_UNIT_CODE = 'C260716950'  AND  T1.C_PRODUCT_ID IN ('FHS0YffwVNuA','P19080800000','P19080800001','P19080800002','epF3a6u4ZGAt') )) AND (T1.C_TRX_STATUS IN ('P', 'T', 'A', 'S') AND (T1.C_MODULE = 'IMLC' OR T1.C_MODULE = 'EXLC' OR T1.C_MODULE = 'FAEF' OR T1.C_MODULE = 'FADA' OR T1.C_MODULE = 'ABLF') AND T1.C2A_STATUS NOT IN ('Discrepancies rejected_fully authorized') OR T1.C_TRX_STATUS = 'M' AND (T1.C_MODULE = 'IMLC' AND T1.C2A_STATUS NOT IN ('Issued', 'Amended', 'Beneficiary rejected', 'Settled') OR T1.C_MODULE = 'EXCO' AND T1.CURRNT_STATUS NOT IN ('Payment Advice') OR T1.C_MODULE = 'EXLC' AND T1.CURRNT_STATUS NOT IN ('Settled', 'Advise Received', 'Amendment Received', 'Docment Received') OR T1.C_MODULE = 'FAEF' AND T1.CURRNT_STATUS NOT IN ('Settled', 'Advise Received') OR T1.C_MODULE = 'FADA' AND T1.CURRNT_STATUS NOT IN ('Settled', 'Advise Received') OR T1.C_MODULE = 'ABLF' AND T1.CURRNT_STATUS NOT IN ('Settled', 'Advise Received'))) AND T1.C_TRX_ID NOT IN (SELECT C_TRX_ID FROM CETRX.TRX_USER_DISMISS WHERE C_USER_ID = 'C260716950CPM1' AND C_GRP_CODE = 'C260716950') AND (T1.C_MODULE = 'IMLC' OR T1.C_MODULE = 'EXLC' OR T1.C_MODULE = 'FAEF' OR T1.C_MODULE = 'FADA' OR T1.C_MODULE = 'ABLF') ORDER BY T1.D_SYS_OP_DATE DESC, T1.T_SYS_OP_TIME DESC
---------------------- End 2026-07-09 14:39:27 513 ------------------------
 [end]

[start] [INFO] [2026-07-09 14:39:27.596] [C260716950_C260716950CPM1] 
---------------------Begin 2026-07-09 14:39:27 592    CREATE_BU:C260716950    CREATE_BY:C260716950CPM1 ---------------------
[01]  SELECT C_UNIT_CODE,C_UNIT_NAME FROM CEUSER.SEC_BUSINESS_UNIT WHERE C_UNIT_CODE = 'C260716950' 
---------------------- End 2026-07-09 14:39:27 594 ------------------------
 [end]

[start] [INFO] [2026-07-09 14:39:27.606] [C260716950_C260716950CPM1] 
---------------------Begin 2026-07-09 14:39:27 603    CREATE_BU:C260716950    CREATE_BY:C260716950CPM1 ---------------------
[01]  SELECT C_CRITERIA_DATA,C_TMPL_NAME,C_IS_DEFAULT FROM CETRX.STD_SEARCH_CRITERIA  WHERE  C_UNIT_CODE = 'C260716950'  AND  C_USER_ID = 'C260716950CPM1'  AND  C_CATA_ID = 'C2A_InProgress_Maker'  AND  C_BK_GROUP_ID = 'CSBANK'  AND  I_CRITERIA_TYPE = 4 
---------------------- End 2026-07-09 14:39:27 605 ------------------------
 [end]

[start] [INFO] [2026-07-09 14:40:08.786] [C260716950_C260716950CPM1] 
---------------------Begin 2026-07-09 14:40:08 783    CREATE_BU:C260716950    CREATE_BY:C260716950CPM1 ---------------------
[01]  SELECT C_INACTIVE FROM CEUSER.SEC_USER_INFO WHERE C_USER_ID = 'C260716950CPM1' AND C_UNIT_CODE = 'C260716950' 
---------------------- End 2026-07-09 14:40:08 785 ------------------------
 [end]

[start] [INFO] [2026-07-09 14:40:08.791] [C260716950_C260716950CPM1] 
---------------------Begin 2026-07-09 14:40:08 788    CREATE_BU:C260716950    CREATE_BY:C260716950CPM1 ---------------------
[01]  SELECT C_IS_INFORM FROM CEUSER.SEC_LOGIN_SESSION WHERE C_SESSION_ID = 'sPO6fLt9tZ7TJCjVMWE9lHc' 
---------------------- End 2026-07-09 14:40:08 789 ------------------------
 [end]

[start] [INFO] [2026-07-09 14:40:08.804] [C260716950_C260716950CPM1] 
---------------------Begin 2026-07-09 14:40:08 800    CREATE_BU:C260716950    CREATE_BY:C260716950CPM1 ---------------------
[01]  SELECT C_INACTIVE FROM CEUSER.SEC_USER_INFO WHERE C_USER_ID = 'C260716950CPM1' AND C_UNIT_CODE = 'C260716950' 
---------------------- End 2026-07-09 14:40:08 802 ------------------------
 [end]

[start] [INFO] [2026-07-09 14:40:08.807] [C260716950_C260716950CPM1] 
---------------------Begin 2026-07-09 14:40:08 805    CREATE_BU:C260716950    CREATE_BY:C260716950CPM1 ---------------------
[01]  SELECT C_IS_INFORM FROM CEUSER.SEC_LOGIN_SESSION WHERE C_SESSION_ID = 'sPO6fLt9tZ7TJCjVMWE9lHc' 
---------------------- End 2026-07-09 14:40:08 806 ------------------------
 [end]

[start] [INFO] [2026-07-09 14:40:08.838] [C260716950_C260716950CPM1] 
---------------------Begin 2026-07-09 14:40:08 835    CREATE_BU:C260716950    CREATE_BY:C260716950CPM1 ---------------------
[01]  SELECT to_char(systimestamp, 'yyyy-mm-dd hh24:mi:ssxff') AS sysDT FROM dual
---------------------- End 2026-07-09 14:40:08 837 ------------------------
 [end]

[start] [INFO] [2026-07-09 14:40:08.852] [C260716950_C260716950CPM1] 
---------------------Begin 2026-07-09 14:40:08 849    CREATE_BU:C260716950    CREATE_BY:C260716950CPM1 ---------------------
[01]  SELECT C_INACTIVE FROM CEUSER.SEC_USER_INFO WHERE C_USER_ID = 'C260716950CPM1' AND C_UNIT_CODE = 'C260716950' 
---------------------- End 2026-07-09 14:40:08 850 ------------------------
 [end]

[start] [INFO] [2026-07-09 14:40:08.857] [C260716950_C260716950CPM1] 
---------------------Begin 2026-07-09 14:40:08 854    CREATE_BU:C260716950    CREATE_BY:C260716950CPM1 ---------------------
[01]  SELECT C_IS_INFORM FROM CEUSER.SEC_LOGIN_SESSION WHERE C_SESSION_ID = 'sPO6fLt9tZ7TJCjVMWE9lHc' 
---------------------- End 2026-07-09 14:40:08 856 ------------------------
 [end]

[start] [INFO] [2026-07-09 14:40:08.882] [C260716950_C260716950CPM1] 
---------------------Begin 2026-07-09 14:40:08 879    CREATE_BU:C260716950    CREATE_BY:C260716950CPM1 ---------------------
[01]  SELECT to_char(systimestamp, 'yyyy-mm-dd hh24:mi:ssxff') AS sysDT FROM dual
---------------------- End 2026-07-09 14:40:08 881 ------------------------
 [end]

[start] [INFO] [2026-07-09 14:40:08.926] [C260716950_C260716950CPM1] 
---------------------Begin 2026-07-09 14:40:08 889    CREATE_BU:C260716950    CREATE_BY:C260716950CPM1 ---------------------
[01]  INSERT INTO CETRX.TRX_ACT_LOG (C_LOG_ID,C_BK_GROUP_ID,C_CNTY_CODE,C_UNIT_CODE,C_USER_ID,C_IP_ADDRESS,C_FUNC_ID,C_MODULE,C_LOG_INFO,D_CREA_DATE,T_CREA_TIME,D_SYS_OP_DATE,T_SYS_OP_TIME,C_BUSI_KEY) VALUES ('8A8284979F4591D4019F4676A6B70118','CSBANK','US','C260716950','C260716950CPM1','10.3.1.53','F05030701194','FADA',C260716950/C260716950CPM1 prepares to process function F05030701194 View SBR ME,TO_DATE('2026-07-09','YYYY-MM-DD'),TO_DATE('10:40:08','HH24:MI:SS'),TO_DATE('2026-07-09','YYYY-MM-DD'),TO_DATE('10:40:08','HH24:MI:SS'),'C260716950;C260716950CPM1')
---------------------- End 2026-07-09 14:40:08 923 ------------------------
 [end]

[start] [INFO] [2026-07-09 14:40:08.963] [C260716950_C260716950CPM1] 
---------------------Begin 2026-07-09 14:40:08 929    CREATE_BU:C260716950    CREATE_BY:C260716950CPM1 ---------------------
[01]  SELECT C_TMPL_NAME,C_CRITERIA_DATA FROM CETRX.STD_SEARCH_CRITERIA  WHERE  C_UNIT_CODE = 'C260716950'  AND  C_USER_ID = 'C260716950CPM1'  AND  C_CATA_ID = 'P19080800000_Inquire'  AND  C_BK_GROUP_ID = 'CSBANK'  AND  I_CRITERIA_TYPE = 4  AND  C_IS_DEFAULT = 'Y' 
---------------------- End 2026-07-09 14:40:08 962 ------------------------
 [end]

[start] [INFO] [2026-07-09 14:40:09.099] [C260716950_C260716950CPM1] 
---------------------Begin 2026-07-09 14:40:08 966    CREATE_BU:C260716950    CREATE_BY:C260716950CPM1 ---------------------
[01]  SELECT C_PRODUCT_ID,C_MAIN_REF,C_TRX_REF,I_EVENT_TIMES,C_BK_GROUP_ID,C_UNIT_CODE,C_TRX_STATUS,FA_SBR_REF,FA_BUSI_TYPE,FA_BUYER_NM,FA_SEL_NM,FA_SBR_CCY,CURRNT_STATUS FROM CETRX.FADA_EM_BSR WHERE  1=1   AND   1=1   AND   1=1   AND   1=1  AND CURRNT_STATUS = 'Received SBR'   AND   C_BK_GROUP_ID = 'CSBANK'  AND  C_UNIT_CODE = 'C260716950'  ORDER BY C_MAIN_REF
---------------------- End 2026-07-09 14:40:09 097 ------------------------
 [end]

[start] [INFO] [2026-07-09 14:40:09.106] [C260716950_C260716950CPM1] 
---------------------Begin 2026-07-09 14:40:09 103    CREATE_BU:C260716950    CREATE_BY:C260716950CPM1 ---------------------
[01]  SELECT C_TMPL_NAME,C_CRITERIA_DATA FROM CETRX.STD_SEARCH_CRITERIA  WHERE  C_UNIT_CODE = 'C260716950'  AND  C_USER_ID = 'C260716950CPM1'  AND  C_CATA_ID = 'P19080800000_Inquire'  AND  C_BK_GROUP_ID = 'CSBANK'  AND  I_CRITERIA_TYPE = 4  AND  C_IS_DEFAULT = 'Y' 
---------------------- End 2026-07-09 14:40:09 104 ------------------------
 [end]

[start] [INFO] [2026-07-09 14:40:09.371] [C260716950_C260716950CPM1] 
---------------------Begin 2026-07-09 14:40:09 369    CREATE_BU:C260716950    CREATE_BY:C260716950CPM1 ---------------------
[01]  SELECT C_INACTIVE FROM CEUSER.SEC_USER_INFO WHERE C_USER_ID = 'C260716950CPM1' AND C_UNIT_CODE = 'C260716950' 
---------------------- End 2026-07-09 14:40:09 370 ------------------------
 [end]

[start] [INFO] [2026-07-09 14:40:09.383] [C260716950_C260716950CPM1] 
---------------------Begin 2026-07-09 14:40:09 380    CREATE_BU:C260716950    CREATE_BY:C260716950CPM1 ---------------------
[01]  SELECT COUNT(*) AS RECCOUNT FROM CETRX.STD_NOTIFICATION  WHERE C_NOTI_ID IN ( SELECT C_NOTI_ID FROM CETRX.STD_NOTIFICATION_STATUS  WHERE  C_READ_STATUS = 'F'  AND  C_USER_ID = 'C260716950CPM1'  AND  C_UNIT_CODE = 'C260716950'  )
---------------------- End 2026-07-09 14:40:09 381 ------------------------
 [end]

[start] [INFO] [2026-07-09 14:40:10.123] [C260716950_C260716950CPM1] 
---------------------Begin 2026-07-09 14:40:09 175    CREATE_BU:C260716950    CREATE_BY:C260716950CPM1 ---------------------
[01]  SELECT C_CRITERIA_DATA FROM CETRX.STD_SEARCH_CRITERIA WHERE C_UNIT_CODE = 'C260716950' AND C_USER_ID = 'C260716950CPM1' AND C_CATA_ID = 'C19082600000' AND I_CRITERIA_TYPE = 4 AND C_IS_DEFAULT = 'Y' 
---------------------- End 2026-07-09 14:40:10 120 ------------------------
 [end]

[start] [INFO] [2026-07-09 14:40:21.686] [C260716950_C260716950CPM1] 
---------------------Begin 2026-07-09 14:40:21 683    CREATE_BU:C260716950    CREATE_BY:C260716950CPM1 ---------------------
[01]  SELECT C_INACTIVE FROM CEUSER.SEC_USER_INFO WHERE C_USER_ID = 'C260716950CPM1' AND C_UNIT_CODE = 'C260716950' 
---------------------- End 2026-07-09 14:40:21 685 ------------------------
 [end]

[start] [INFO] [2026-07-09 14:40:21.697] [C260716950_C260716950CPM1] 
---------------------Begin 2026-07-09 14:40:21 694    CREATE_BU:C260716950    CREATE_BY:C260716950CPM1 ---------------------
[01]  SELECT C_INACTIVE FROM CEUSER.SEC_USER_INFO WHERE C_USER_ID = 'C260716950CPM1' AND C_UNIT_CODE = 'C260716950' 
---------------------- End 2026-07-09 14:40:21 696 ------------------------
 [end]

[start] [INFO] [2026-07-09 14:40:21.841] [C260716950_C260716950CPM1] 
---------------------Begin 2026-07-09 14:40:21 834    CREATE_BU:C260716950    CREATE_BY:C260716950CPM1 ---------------------
[01]  SELECT C_INACTIVE FROM CEUSER.SEC_USER_INFO WHERE C_USER_ID = 'C260716950CPM1' AND C_UNIT_CODE = 'C260716950' 
---------------------- End 2026-07-09 14:40:21 840 ------------------------
 [end]

[start] [INFO] [2026-07-09 14:40:21.876] [C260716950_C260716950CPM1] 
---------------------Begin 2026-07-09 14:40:21 870    CREATE_BU:C260716950    CREATE_BY:C260716950CPM1 ---------------------
[01]  SELECT * FROM CEUSER.SEC_BUSINESS_UNIT WHERE C_UNIT_CODE = 'C260716950' 
---------------------- End 2026-07-09 14:40:21 874 ------------------------
 [end]

[start] [INFO] [2026-07-09 14:40:22.107] [C260716950_C260716950CPM1] 
---------------------Begin 2026-07-09 14:40:22 103    CREATE_BU:C260716950    CREATE_BY:C260716950CPM1 ---------------------
[01]  SELECT C_AUTH_RULE FROM CEUSER.SEC_USER_INFO WHERE C_BK_GROUP_ID = 'CSBANK' AND C_UNIT_CODE = 'C260716950' AND C_USER_ID = 'C260716950CPM1' 
---------------------- End 2026-07-09 14:40:22 106 ------------------------
 [end]

[start] [INFO] [2026-07-09 14:40:22.121] [C260716950_C260716950CPM1] 
---------------------Begin 2026-07-09 14:40:22 109    CREATE_BU:C260716950    CREATE_BY:C260716950CPM1 ---------------------
[01]  SELECT C_AUTH_RULE FROM CEUSER.SEC_BUSINESS_UNIT WHERE C_BK_GROUP_ID = 'CSBANK' AND C_UNIT_CODE = 'C260716950' 
---------------------- End 2026-07-09 14:40:22 110 ------------------------
 [end]

[start] [INFO] [2026-07-09 14:40:22.293] [C260716950_C260716950CPM1] 
---------------------Begin 2026-07-09 14:40:22 290    CREATE_BU:C260716950    CREATE_BY:C260716950CPM1 ---------------------
[01]  SELECT C_INACTIVE FROM CEUSER.SEC_USER_INFO WHERE C_USER_ID = 'C260716950CPM1' AND C_UNIT_CODE = 'C260716950' 
---------------------- End 2026-07-09 14:40:22 291 ------------------------
 [end]

[start] [INFO] [2026-07-09 14:42:00.549] [C260716950_C260716950CPM1] 
---------------------Begin 2026-07-09 14:42:00 545    CREATE_BU:C260716950    CREATE_BY:C260716950CPM1 ---------------------
[01]  SELECT C_INACTIVE FROM CEUSER.SEC_USER_INFO WHERE C_USER_ID = 'C260716950CPM1' AND C_UNIT_CODE = 'C260716950' 
---------------------- End 2026-07-09 14:42:00 548 ------------------------
 [end]

[start] [INFO] [2026-07-09 14:42:00.784] [C260716950_C260716950CPM1] 
---------------------Begin 2026-07-09 14:42:00 781    CREATE_BU:C260716950    CREATE_BY:C260716950CPM1 ---------------------
[01]  SELECT C_INACTIVE FROM CEUSER.SEC_USER_INFO WHERE C_USER_ID = 'C260716950CPM1' AND C_UNIT_CODE = 'C260716950' 
---------------------- End 2026-07-09 14:42:00 783 ------------------------
 [end]

[start] [INFO] [2026-07-09 14:42:00.797] [C260716950_C260716950CPM1] 
---------------------Begin 2026-07-09 14:42:00 795    CREATE_BU:C260716950    CREATE_BY:C260716950CPM1 ---------------------
[01]  SELECT COUNT(*) AS RECCOUNT FROM CETRX.STD_NOTIFICATION  WHERE C_NOTI_ID IN ( SELECT C_NOTI_ID FROM CETRX.STD_NOTIFICATION_STATUS  WHERE  C_READ_STATUS = 'F'  AND  C_USER_ID = 'C260716950CPM1'  AND  C_UNIT_CODE = 'C260716950'  )
---------------------- End 2026-07-09 14:42:00 796 ------------------------
 [end]

[start] [INFO] [2026-07-09 14:42:00.900] [C260716950_C260716950CPM1] 
---------------------Begin 2026-07-09 14:42:00 886    CREATE_BU:C260716950    CREATE_BY:C260716950CPM1 ---------------------
[01]  SELECT C_INACTIVE FROM CEUSER.SEC_USER_INFO WHERE C_USER_ID = 'C260716950CPM1' AND C_UNIT_CODE = 'C260716950' 
---------------------- End 2026-07-09 14:42:00 888 ------------------------
 [end]

[start] [INFO] [2026-07-09 14:42:00.905] [C260716950_C260716950CPM1] 
---------------------Begin 2026-07-09 14:42:00 902    CREATE_BU:C260716950    CREATE_BY:C260716950CPM1 ---------------------
[01]  SELECT C_INACTIVE FROM CEUSER.SEC_USER_INFO WHERE C_USER_ID = 'C260716950CPM1' AND C_UNIT_CODE = 'C260716950' 
---------------------- End 2026-07-09 14:42:00 904 ------------------------
 [end]

[start] [INFO] [2026-07-09 14:42:00.922] [C260716950_C260716950CPM1] 
---------------------Begin 2026-07-09 14:42:00 919    CREATE_BU:C260716950    CREATE_BY:C260716950CPM1 ---------------------
[01]  SELECT A.C_REPORT_ID,A.C_GRP_CODE,A.C_USER_ID,A.T_PIN_DATE,B.C_SOURCE_REPORT,B.C_REPORT_NAME,B.T_UPDATE_DATE,C.C_USER_DESC FROM CETRX.TRX_USER_REPORT_PIN A LEFT JOIN CETRX.TRX_USER_REPORT B ON A.C_REPORT_ID = B.C_REPORT_ID  LEFT JOIN CEUSER.SEC_USER_INFO C ON A.C_GRP_CODE = C.C_UNIT_CODE AND A.C_USER_ID = C.C_USER_ID  WHERE  A.C_GRP_CODE = 'C260716950'  AND  A.C_USER_ID = 'C260716950CPM1'  ORDER BY B.T_UPDATE_DATE DESC
---------------------- End 2026-07-09 14:42:00 921 ------------------------
 [end]

[start] [INFO] [2026-07-09 14:42:00.941] [C260716950_C260716950CPM1] 
---------------------Begin 2026-07-09 14:42:00 929    CREATE_BU:C260716950    CREATE_BY:C260716950CPM1 ---------------------
[01]  [Id=C2A_ForYou]  SELECT COUNT(*) FROM (SELECT DISTINCT T1.C_BK_GROUP_ID, T1.C_MAIN_REF, T1.C_TRX_REF, T1.C_UNIT_CODE, T1.PARENT_MAIN_REF, T1.C_TRX_STATUS, T1.CURRNT_STATUS, T1.C2A_STATUS, T1.I_EVENT_TIMES, T1.C_MODULE, T1.C_FUNC_ID, T1.C_PRODUCT_ID, T1.C_TRX_ID, T3.C_LOCKED_FLAG, T3.C_LOCKED_OP, T3.C_USER_DESC, T1.D_SYS_OP_DATE, T1.T_SYS_OP_TIME, T1.C2A_CCY, T1.C2A_AMOUNT, T1.C2A_COUNTERPARTY FROM CETRX.TRX_INBOX T1 LEFT JOIN CETRX.TRX_NEXT_FUNC T2 ON T1.C_PRODUCT_ID = T2.C_PRODUCT_ID AND T1.C2A_STATUS = T2.C2A_STATUS AND T1.C_TRX_STATUS = T2.C_TRX_STATUS LEFT JOIN CETRX.TRX_LOCK_INFO T3 ON T1.C_MAIN_REF = T3.C_MAIN_REF AND T1.C_UNIT_CODE = T3.C_UNIT_CODE WHERE   T1.C_BK_GROUP_ID = 'CSBANK'  AND (( T1.C_UNIT_CODE = 'C260716950'  AND  T1.C_PRODUCT_ID IN ('FHS0YffwVNuA','P19080800000','P19080800001','P19080800002','epF3a6u4ZGAt') )) AND (T2.C_NEXT_FUNC_ID IN (SELECT C_FUNC_ID FROM CEUSER.SEC_OP_FUNC WHERE C_USER_ID = 'C260716950CPM1' AND C_GRP_CODE = 'C260716950' AND C_UNIT_CODE = T1.C_UNIT_CODE) OR T2.C_NEXT_FUNC_ID IN (SELECT C_FUNC_ID FROM CEUSER.SEC_OP_FUNC WHERE C_GRP_CODE = 'C260716950' AND C_USER_ID IN (SELECT C_ROLE_ID FROM CEUSER.SEC_USER_ROLE WHERE C_USER_ID = 'C260716950CPM1' AND C_GRP_CODE = 'C260716950') AND C_UNIT_CODE = T1.C_UNIT_CODE)) AND (T1.C_TRX_STATUS = 'R' OR T1.C2A_STATUS IN ('Rejected by bank', 'Discrepancy notification', 'Document received') AND T1.C_TRX_STATUS = 'M' OR T1.C2A_STATUS IN ('Amendment(Detrimental)_fully authorized', 'Document discrepancy_fully authorized') AND T1.C_TRX_STATUS = 'A') AND T1.C_TRX_ID NOT IN (SELECT C_TRX_ID FROM CETRX.TRX_USER_DISMISS WHERE C_USER_ID = 'C260716950CPM1' AND C_GRP_CODE = 'C260716950') AND (T1.C_MODULE = 'IMLC' OR T1.C_MODULE = 'EXLC' OR T1.C_MODULE = 'FAEF' OR T1.C_MODULE = 'FADA' OR T1.C_MODULE = 'TSUM' OR T1.C_MODULE = 'ABLF' OR T1.C_MODULE = 'UPLD') ORDER BY T1.D_SYS_OP_DATE DESC, T1.T_SYS_OP_TIME DESC)
---------------------- End 2026-07-09 14:42:00 938 ------------------------
 [end]

[start] [INFO] [2026-07-09 14:42:00.982] [C260716950_C260716950CPM1] 
---------------------Begin 2026-07-09 14:42:00 972    CREATE_BU:C260716950    CREATE_BY:C260716950CPM1 ---------------------
[01]  SELECT C_INACTIVE FROM CEUSER.SEC_USER_INFO WHERE C_USER_ID = 'C260716950CPM1' AND C_UNIT_CODE = 'C260716950' 
---------------------- End 2026-07-09 14:42:00 974 ------------------------
 [end]

[start] [INFO] [2026-07-09 14:42:01.046] [C260716950_C260716950CPM1] 
---------------------Begin 2026-07-09 14:42:00 950    CREATE_BU:C260716950    CREATE_BY:C260716950CPM1 ---------------------
[01]  [Id=C2A_InProgress_Maker]  SELECT COUNT(*) FROM CETRX.TRX_INBOX T1 LEFT JOIN CETRX.TRX_LOCK_INFO T3 ON T1.C_MAIN_REF = T3.C_MAIN_REF AND T1.C_UNIT_CODE = T3.C_UNIT_CODE WHERE   T1.C_BK_GROUP_ID = 'CSBANK'  AND (( T1.C_UNIT_CODE = 'C260716950'  AND  T1.C_PRODUCT_ID IN ('FHS0YffwVNuA','P19080800000','P19080800001','P19080800002','epF3a6u4ZGAt') )) AND (T1.C_TRX_STATUS IN ('P', 'T', 'A', 'S') AND (T1.C_MODULE = 'IMLC' OR T1.C_MODULE = 'EXLC' OR T1.C_MODULE = 'FAEF' OR T1.C_MODULE = 'FADA' OR T1.C_MODULE = 'ABLF') AND T1.C2A_STATUS NOT IN ('Discrepancies rejected_fully authorized') OR T1.C_TRX_STATUS = 'M' AND (T1.C_MODULE = 'IMLC' AND T1.C2A_STATUS NOT IN ('Issued', 'Amended', 'Beneficiary rejected', 'Settled') OR T1.C_MODULE = 'EXCO' AND T1.CURRNT_STATUS NOT IN ('Payment Advice') OR T1.C_MODULE = 'EXLC' AND T1.CURRNT_STATUS NOT IN ('Settled', 'Advise Received', 'Amendment Received', 'Docment Received') OR T1.C_MODULE = 'FAEF' AND T1.CURRNT_STATUS NOT IN ('Settled', 'Advise Received') OR T1.C_MODULE = 'FADA' AND T1.CURRNT_STATUS NOT IN ('Settled', 'Advise Received') OR T1.C_MODULE = 'ABLF' AND T1.CURRNT_STATUS NOT IN ('Settled', 'Advise Received'))) AND T1.C_TRX_ID NOT IN (SELECT C_TRX_ID FROM CETRX.TRX_USER_DISMISS WHERE C_USER_ID = 'C260716950CPM1' AND C_GRP_CODE = 'C260716950') AND (T1.C_MODULE = 'IMLC' OR T1.C_MODULE = 'EXLC' OR T1.C_MODULE = 'FAEF' OR T1.C_MODULE = 'FADA' OR T1.C_MODULE = 'ABLF')
---------------------- End 2026-07-09 14:42:01 044 ------------------------
 [end]

[start] [INFO] [2026-07-09 14:42:01.058] [C260716950_C260716950CPM1] 
---------------------Begin 2026-07-09 14:42:01 050    CREATE_BU:C260716950    CREATE_BY:C260716950CPM1 ---------------------
[01]  [Id=C2A_Closed]  SELECT COUNT(*) FROM CETRX.TRX_INBOX T1 LEFT JOIN CETRX.TRX_LOCK_INFO T3 ON T1.C_MAIN_REF = T3.C_MAIN_REF AND T1.C_UNIT_CODE = T3.C_UNIT_CODE WHERE   T1.C_BK_GROUP_ID = 'CSBANK'  AND (( T1.C_UNIT_CODE = 'C260716950'  AND  T1.C_PRODUCT_ID IN ('FHS0YffwVNuA','P19080800000','P19080800001','P19080800002','epF3a6u4ZGAt') )) AND (T1.C2A_STATUS IN ('Issued', 'Amended', 'Beneficiary rejected', 'Discrepancies rejected_fully authorized', 'Settled') AND T1.C_MODULE = 'IMLC' OR T1.CURRNT_STATUS IN ('Issued', 'Amended', 'Detrimental Amendment', 'Beneficiary Consent', 'Beneficiary Rejected', 'Document Presentation', 'Document Presentation', 'Settlement', 'Settled') AND T1.C_MODULE = 'EXCO' OR T1.C2A_STATUS IN ('Settled', 'Amendment_fully authorized', '') AND T1.C_MODULE = 'EXLC' OR T1.C_FUNC_ID IN ('F05030700899', 'F05030700901', 'F05030700908') AND T1.C2A_STATUS = 'Fully authorized' AND T1.C_MODULE = 'EXLC' OR T1.C_MODULE = 'FADA' OR T1.C_MODULE = 'FAEF') AND T1.C_TRX_STATUS IN ('M', 'A', 'S') AND T1.C_TRX_ID NOT IN (SELECT C_TRX_ID FROM CETRX.TRX_USER_DISMISS WHERE C_USER_ID = 'C260716950CPM1' AND C_GRP_CODE = 'C260716950') AND (T1.C_MODULE = 'IMLC' OR T1.C_MODULE = 'EXLC' OR T1.C_MODULE = 'FADA' OR T1.C_MODULE = 'FAEF')
---------------------- End 2026-07-09 14:42:01 056 ------------------------
 [end]

[start] [INFO] [2026-07-09 14:42:01.069] [C260716950_C260716950CPM1] 
---------------------Begin 2026-07-09 14:42:01 062    CREATE_BU:C260716950    CREATE_BY:C260716950CPM1 ---------------------
[01]  [Id=C2A_Drafts]  SELECT COUNT(*) FROM (SELECT DISTINCT T1.C_BK_GROUP_ID, T1.C_MAIN_REF, T1.C_TRX_REF, T1.C_UNIT_CODE, T1.PARENT_MAIN_REF, T1.C_TRX_STATUS, T1.I_EVENT_TIMES, T1.C_MODULE, T1.C_FUNC_ID, T1.C_PRODUCT_ID, T1.C_TRX_ID, T3.C_LOCKED_FLAG, T3.C_LOCKED_OP, T3.C_USER_DESC, T1.D_SYS_OP_DATE, T1.T_SYS_OP_TIME, T1.C2A_CCY, T1.C2A_AMOUNT, T1.C2A_COUNTERPARTY FROM CETRX.TRX_INBOX T1 LEFT JOIN CETRX.TRX_NEXT_FUNC T2 ON T1.C_PRODUCT_ID = T2.C_PRODUCT_ID AND T1.C_TRX_STATUS = T2.C_TRX_STATUS LEFT JOIN CETRX.TRX_LOCK_INFO T3 ON T1.C_MAIN_REF = T3.C_MAIN_REF AND T1.C_UNIT_CODE = T3.C_UNIT_CODE WHERE   T1.C_BK_GROUP_ID = 'CSBANK'  AND (( T1.C_UNIT_CODE = 'C260716950'  AND  T1.C_PRODUCT_ID IN ('FHS0YffwVNuA','P19080800000','P19080800001','P19080800002','epF3a6u4ZGAt') )) AND (T2.C_NEXT_FUNC_ID IN (SELECT C_FUNC_ID FROM CEUSER.SEC_OP_FUNC WHERE C_USER_ID = 'C260716950CPM1' AND C_GRP_CODE = 'C260716950' AND C_UNIT_CODE = T1.C_UNIT_CODE) OR T2.C_NEXT_FUNC_ID IN (SELECT C_FUNC_ID FROM CEUSER.SEC_OP_FUNC WHERE C_GRP_CODE = 'C260716950' AND C_USER_ID IN (SELECT C_ROLE_ID FROM CEUSER.SEC_USER_ROLE WHERE C_USER_ID = 'C260716950CPM1' AND C_GRP_CODE = 'C260716950') AND C_UNIT_CODE = T1.C_UNIT_CODE)) AND T1.C_TRX_STATUS = 'Z' AND T1.C_TRX_ID NOT IN (SELECT C_TRX_ID FROM CETRX.TRX_USER_DISMISS WHERE C_USER_ID = 'C260716950CPM1' AND C_GRP_CODE = 'C260716950') AND (T1.C_MODULE = 'IMLC' OR T1.C_MODULE = 'EXLC' OR T1.C_MODULE = 'FAEF' OR T1.C_MODULE = 'FADA' OR T1.C_MODULE = 'ABLF') ORDER BY T1.D_SYS_OP_DATE DESC, T1.T_SYS_OP_TIME DESC)
---------------------- End 2026-07-09 14:42:01 068 ------------------------
 [end]

[start] [INFO] [2026-07-09 14:42:01.473] [C260716950_C260716950CPM1] 
---------------------Begin 2026-07-09 14:42:01 470    CREATE_BU:C260716950    CREATE_BY:C260716950CPM1 ---------------------
[01]  SELECT C_INACTIVE FROM CEUSER.SEC_USER_INFO WHERE C_USER_ID = 'C260716950CPM1' AND C_UNIT_CODE = 'C260716950' 
---------------------- End 2026-07-09 14:42:01 471 ------------------------
 [end]

[start] [INFO] [2026-07-09 14:42:01.494] [C260716950_C260716950CPM1] 
---------------------Begin 2026-07-09 14:42:01 485    CREATE_BU:C260716950    CREATE_BY:C260716950CPM1 ---------------------
[01]  [Id=C2A_InProgress_Maker]  SELECT T1.C_BK_GROUP_ID, T1.C_MAIN_REF, T1.C_TRX_REF, T1.C_UNIT_CODE, T1.PARENT_MAIN_REF, T1.C_TRX_STATUS, T1.CURRNT_STATUS, (CASE WHEN T1.C_MODULE = 'FADA' OR T1.C_MODULE = 'FAEF' THEN T1.C_TRX_STATUS ELSE T1.C2A_STATUS END) C2A_STATUS, T1.I_EVENT_TIMES, T1.C_MODULE, T1.C_FUNC_ID, T1.C_PRODUCT_ID, T1.C_TRX_ID, T3.C_LOCKED_FLAG, T3.C_LOCKED_OP, T3.C_USER_DESC, T1.D_SYS_OP_DATE, T1.T_SYS_OP_TIME, T1.C2A_CCY, T1.C2A_AMOUNT, T1.C2A_COUNTERPARTY FROM CETRX.TRX_INBOX T1 LEFT JOIN CETRX.TRX_LOCK_INFO T3 ON T1.C_MAIN_REF = T3.C_MAIN_REF AND T1.C_UNIT_CODE = T3.C_UNIT_CODE WHERE   T1.C_BK_GROUP_ID = 'CSBANK'  AND (( T1.C_UNIT_CODE = 'C260716950'  AND  T1.C_PRODUCT_ID IN ('FHS0YffwVNuA','P19080800000','P19080800001','P19080800002','epF3a6u4ZGAt') )) AND (T1.C_TRX_STATUS IN ('P', 'T', 'A', 'S') AND (T1.C_MODULE = 'IMLC' OR T1.C_MODULE = 'EXLC' OR T1.C_MODULE = 'FAEF' OR T1.C_MODULE = 'FADA' OR T1.C_MODULE = 'ABLF') AND T1.C2A_STATUS NOT IN ('Discrepancies rejected_fully authorized') OR T1.C_TRX_STATUS = 'M' AND (T1.C_MODULE = 'IMLC' AND T1.C2A_STATUS NOT IN ('Issued', 'Amended', 'Beneficiary rejected', 'Settled') OR T1.C_MODULE = 'EXCO' AND T1.CURRNT_STATUS NOT IN ('Payment Advice') OR T1.C_MODULE = 'EXLC' AND T1.CURRNT_STATUS NOT IN ('Settled', 'Advise Received', 'Amendment Received', 'Docment Received') OR T1.C_MODULE = 'FAEF' AND T1.CURRNT_STATUS NOT IN ('Settled', 'Advise Received') OR T1.C_MODULE = 'FADA' AND T1.CURRNT_STATUS NOT IN ('Settled', 'Advise Received') OR T1.C_MODULE = 'ABLF' AND T1.CURRNT_STATUS NOT IN ('Settled', 'Advise Received'))) AND T1.C_TRX_ID NOT IN (SELECT C_TRX_ID FROM CETRX.TRX_USER_DISMISS WHERE C_USER_ID = 'C260716950CPM1' AND C_GRP_CODE = 'C260716950') AND (T1.C_MODULE = 'IMLC' OR T1.C_MODULE = 'EXLC' OR T1.C_MODULE = 'FAEF' OR T1.C_MODULE = 'FADA' OR T1.C_MODULE = 'ABLF') ORDER BY T1.D_SYS_OP_DATE DESC, T1.T_SYS_OP_TIME DESC
---------------------- End 2026-07-09 14:42:01 493 ------------------------
 [end]

[start] [INFO] [2026-07-09 14:42:01.584] [C260716950_C260716950CPM1] 
---------------------Begin 2026-07-09 14:42:01 579    CREATE_BU:C260716950    CREATE_BY:C260716950CPM1 ---------------------
[01]  SELECT C_UNIT_CODE,C_UNIT_NAME FROM CEUSER.SEC_BUSINESS_UNIT WHERE C_UNIT_CODE = 'C260716950' 
---------------------- End 2026-07-09 14:42:01 581 ------------------------
 [end]

[start] [INFO] [2026-07-09 14:42:01.601] [C260716950_C260716950CPM1] 
---------------------Begin 2026-07-09 14:42:01 596    CREATE_BU:C260716950    CREATE_BY:C260716950CPM1 ---------------------
[01]  SELECT C_CRITERIA_DATA,C_TMPL_NAME,C_IS_DEFAULT FROM CETRX.STD_SEARCH_CRITERIA  WHERE  C_UNIT_CODE = 'C260716950'  AND  C_USER_ID = 'C260716950CPM1'  AND  C_CATA_ID = 'C2A_InProgress_Maker'  AND  C_BK_GROUP_ID = 'CSBANK'  AND  I_CRITERIA_TYPE = 4 
---------------------- End 2026-07-09 14:42:01 599 ------------------------
 [end]

[start] [INFO] [2026-07-09 14:42:31.028] [C260716950_C260716950CPM1] 
---------------------Begin 2026-07-09 14:42:31 026    CREATE_BU:C260716950    CREATE_BY:C260716950CPM1 ---------------------
[01]  SELECT to_char(systimestamp, 'yyyy-mm-dd hh24:mi:ssxff') AS sysDT FROM dual
---------------------- End 2026-07-09 14:42:31 027 ------------------------
 [end]

[start] [INFO] [2026-07-09 14:43:04.321] [C260716950_C260716950CPM1] 
---------------------Begin 2026-07-09 14:43:04 318    CREATE_BU:C260716950    CREATE_BY:C260716950CPM1 ---------------------
[01]  SELECT to_char(systimestamp, 'yyyy-mm-dd hh24:mi:ssxff') AS sysDT FROM dual
---------------------- End 2026-07-09 14:43:04 319 ------------------------
 [end]

[start] [INFO] [2026-07-09 14:59:03.745] [C260716950_C260716950CPM1] 
---------------------Begin 2026-07-09 14:59:03 742    CREATE_BU:C260716950    CREATE_BY:C260716950CPM1 ---------------------
[01]  SELECT C_INACTIVE FROM CEUSER.SEC_USER_INFO WHERE C_USER_ID = 'C260716950CPM1' AND C_UNIT_CODE = 'C260716950' 
---------------------- End 2026-07-09 14:59:03 744 ------------------------
 [end]

[start] [INFO] [2026-07-09 14:59:03.748] [C260716950_C260716950CPM1] 
---------------------Begin 2026-07-09 14:59:03 746    CREATE_BU:C260716950    CREATE_BY:C260716950CPM1 ---------------------
[01]  SELECT C_IS_INFORM FROM CEUSER.SEC_LOGIN_SESSION WHERE C_SESSION_ID = 'sPO6fLt9tZ7TJCjVMWE9lHc' 
---------------------- End 2026-07-09 14:59:03 747 ------------------------
 [end]

[start] [INFO] [2026-07-09 14:59:03.765] [C260716950_C260716950CPM1] 
---------------------Begin 2026-07-09 14:59:03 754    CREATE_BU:C260716950    CREATE_BY:C260716950CPM1 ---------------------
[01]  INSERT INTO CETRX.TRX_ACT_LOG (C_LOG_ID,C_BK_GROUP_ID,C_CNTY_CODE,C_GRP_CODE,C_UNIT_CODE,C_USER_ID,C_IP_ADDRESS,C_FUNC_ID,D_CREA_DATE,T_CREA_TIME,D_SYS_OP_DATE,T_SYS_OP_TIME,D_SYS_TRT_DATE,T_SYS_TRT_TIME,C_BUSI_KEY) VALUES ('8A8284979F4591D4019F4687F7C80142','CSBANK','US','C260716950','C260716950','C260716950CPM1','10.3.1.53','LogOut',TO_DATE('2026-07-09','YYYY-MM-DD'),TO_DATE('10:59:03','HH24:MI:SS'),TO_DATE('2026-07-09','YYYY-MM-DD'),TO_DATE('10:59:03','HH24:MI:SS'),TO_DATE('2026-07-09','YYYY-MM-DD'),TO_DATE('10:59:03','HH24:MI:SS'),'C260716950;C260716950CPM1')
---------------------- End 2026-07-09 14:59:03 763 ------------------------
 [end]

[start] [INFO] [2026-07-09 14:59:03.775] [C260716950_C260716950CPM1] 
---------------------Begin 2026-07-09 14:59:03 767    CREATE_BU:C260716950    CREATE_BY:C260716950CPM1 ---------------------
[01]  DELETE FROM CEUSER.SEC_LOGIN_SESSION WHERE C_BK_GROUP_ID = 'CSBANK' AND C_USER_ID = 'C260716950CPM1' AND C_UNIT_CODE = 'C260716950' AND C_SESSION_ID = 'sPO6fLt9tZ7TJCjVMWE9lHc' 
---------------------- End 2026-07-09 14:59:03 774 ------------------------
 [end]
