
[start] [DEBUG] [2026-03-28 11:51:59.851] [CSBANK_CSBANK] 
====request content is: 
    Request Type: TrxPost
Component : TrxManagerMaster
Session Context is: 
com.cs.core.utility.SessionContext@748c3959
Request Info Type : com.cs.core.pojo.bo.FuncData
Request Info Content is: 
screenData:::{FA_CNTR_DOC_NO=null, CURRNT_STATUS=Received Anchor Customer, FA_EF_HAN_CHG_AMT=null, COUNTER_EMAIL=null, FA_COUNTER_ROLE=null, FA_LOAN_IRATE_TYPE=null, MAX_DEC_PERC=null, FA_CUST_ID=C008386, FA_ANCHOR_CCY=USD, FA_BUYER_NM=null, FA_TTL_LOAN_BAL=null, FA_MAX_FIN_AMT=null, FA_SEL_NM=C008386NM, VAL_REL_FLG=null, FA_TRX_DT=2026-03-28, FA_TTL_PO_AMT=null, FA_MAX_LOAN_PERC=null, FA_AGM_CCY=null, FA_REQ_BUYER_APR_FLG=null, CUST_EMAIL=rainie.chen@chinasystems.com, CUST_IND=null, FA_ANCHOR_ID=C008386, FA_ANCHOR_ACC=null, POOL_INV_MIN_PERIOD=null, FA_LMT_VAL_DT=null, FA_CUST_REG_NO=C008386REG, FA_REBATE_RATE=null, FA_TTL_ADJ_BAL=null, FA_LMT_CCY=null, POOL_INV_MAX_PERIOD=null, CHG_FREQ_CD=null, FA_DD_CHG_SHA=null, FA_BUSI_TYPE=PF, FA_CUST_NM=C008386NM, CUST_TYPE=T1, FA_REBATE_ACCOUNT=null, PO_AVAL_FOR_FUNDING=null, XBOR_RT=null, FSBC_REF=null, MSG_TYPE=SCF.001.AGR, COUNTER_TYPE=null, FA_MIN_FIN_AMT=null, FA_COUNTER_REG_NO=null, FA_COUNTER_ID=null, INV_FIN_MODE=, C_MAIN_REF=SCFUS2607082, FA_CONTRACT_REF=SCFUS2607082, FA_DD_CHG_FIX=null, FA_FIN_INFO=null, PARENT_MAIN_REF=SCFUS2607082, FA_IRT_SPREAD=null, FA_AGM_DUE_DT=null, FA_DD_CHG_TP=null, GRACE_DAYS=null, FA_CUT_OFF_DAYS=null, FA_AUTO_FIN=null, FA_COUNTER_ACC=null, FA_AUTO_DEBIT=null, MAX_INC_PERC=null, FA_LMT_AMT=null, FA_ANCHOR_AMT=null, ERROR_MSG=null, FA_ANCHOR_ROLE=BUYER, C_STP_CODE_IN='20260328115152959603791294496624', FA_COUNTER_NM=null, FA_SBR_CCY=null, CHG_PAID_BY=null, PO_MAX_LOAN_PERC=null, COMEFROM=STP, FA_OVD_IRT_SPREAD=null, AMT_AVAL_FOR_FUNDING=null, FA_SBR_REF=null, FA_EF_COMM_RT=null, FA_TTL_PO_LOAN_BAL=null, RECORDS=null, POOL_INV_MIN_AMT=null, FA_LMT_DUE_DT=null, FA_PMT_TERMS=, C_CUST_ID=TEMP, FA_AGM_VAL_DT=null, FA_ANCHOR_NM=C008386NM, FA_ACK_FLG=null, POOL_INV_MAX_AMT=null}
catalogData:::null
realOriginalData:::null

 [end]

[start] [DEBUG] [2026-03-28 11:52:00.321] [CSBANK_CSBANK] 
Do not upload or modify the image at this step. [end]

[start] [DEBUG] [2026-03-28 11:52:00.565] [CSBANK_CSBANK] 
Start to deal field 'C2A_CCY' mapping value. [end]

[start] [DEBUG] [2026-03-28 11:52:00.569] [CSBANK_CSBANK] 
The field :'C2A_CCY' do not has the module 'FADA' level setting. [end]

[start] [DEBUG] [2026-03-28 11:52:00.583] [CSBANK_CSBANK] 
Start to deal field 'C2A_AMOUNT' mapping value. [end]

[start] [DEBUG] [2026-03-28 11:52:00.594] [CSBANK_CSBANK] 
The field :'C2A_AMOUNT' do not has the module 'FADA' level setting. [end]

[start] [DEBUG] [2026-03-28 11:52:00.624] [CSBANK_CSBANK] 
Start to deal field 'C2A_COUNTERPARTY' mapping value. [end]

[start] [DEBUG] [2026-03-28 11:52:00.626] [CSBANK_CSBANK] 
The field :'C2A_COUNTERPARTY' do not has the module 'FADA' level setting. [end]

[start] [DEBUG] [2026-03-28 11:52:31.661] [CSBANK_CSBANK] 
The request URI is : /BL6CEWeb/counterparty.html [end]

[start] [DEBUG] [2026-03-28 11:52:31.664] [CSBANK_CSBANK] 
The session refresh token in session is : null [end]

[start] [DEBUG] [2026-03-28 12:09:27.403] [CSBANK_CSBANK] 
====request content is: 
    Request Type: TrxPost
Component : TrxManagerMaster
Session Context is: 
com.cs.core.utility.SessionContext@d5c16a61
Request Info Type : com.cs.core.pojo.bo.FuncData
Request Info Content is: 
screenData:::{FA_CNTR_DOC_NO=null, CURRNT_STATUS=Received Anchor Customer, FA_EF_HAN_CHG_AMT=null, COUNTER_EMAIL=null, FA_COUNTER_ROLE=null, FA_LOAN_IRATE_TYPE=null, MAX_DEC_PERC=null, FA_CUST_ID=C010179, FA_ANCHOR_CCY=USD, FA_BUYER_NM=null, FA_TTL_LOAN_BAL=null, FA_MAX_FIN_AMT=null, FA_SEL_NM=C010179nm, VAL_REL_FLG=null, FA_TRX_DT=2026-03-28, FA_TTL_PO_AMT=null, FA_MAX_LOAN_PERC=null, FA_AGM_CCY=null, FA_REQ_BUYER_APR_FLG=null, CUST_EMAIL=cherry.liu@chinasystems.com, CUST_IND=null, FA_ANCHOR_ID=C010179, FA_ANCHOR_ACC=null, POOL_INV_MIN_PERIOD=null, FA_LMT_VAL_DT=null, FA_CUST_REG_NO=C010179reg, FA_REBATE_RATE=null, FA_TTL_ADJ_BAL=null, FA_LMT_CCY=null, POOL_INV_MAX_PERIOD=null, CHG_FREQ_CD=null, FA_DD_CHG_SHA=null, FA_BUSI_TYPE=PF, FA_CUST_NM=C010179nm, CUST_TYPE=T1, FA_REBATE_ACCOUNT=null, PO_AVAL_FOR_FUNDING=null, XBOR_RT=null, FSBC_REF=null, MSG_TYPE=SCF.001.AGR, COUNTER_TYPE=null, FA_MIN_FIN_AMT=null, FA_COUNTER_REG_NO=null, FA_COUNTER_ID=null, INV_FIN_MODE=, C_MAIN_REF=SCFUS2607083, FA_CONTRACT_REF=SCFUS2607083, FA_DD_CHG_FIX=null, FA_FIN_INFO=null, PARENT_MAIN_REF=SCFUS2607083, FA_IRT_SPREAD=null, FA_AGM_DUE_DT=null, FA_DD_CHG_TP=null, GRACE_DAYS=null, FA_CUT_OFF_DAYS=null, FA_AUTO_FIN=null, FA_COUNTER_ACC=null, FA_AUTO_DEBIT=null, MAX_INC_PERC=null, FA_LMT_AMT=null, FA_ANCHOR_AMT=null, ERROR_MSG=null, FA_ANCHOR_ROLE=BUYER, C_STP_CODE_IN='20260328120919224629809454213005', FA_COUNTER_NM=null, FA_SBR_CCY=null, CHG_PAID_BY=null, PO_MAX_LOAN_PERC=null, COMEFROM=STP, FA_OVD_IRT_SPREAD=null, AMT_AVAL_FOR_FUNDING=null, FA_SBR_REF=null, FA_EF_COMM_RT=null, FA_TTL_PO_LOAN_BAL=null, RECORDS=null, POOL_INV_MIN_AMT=null, FA_LMT_DUE_DT=null, FA_PMT_TERMS=, C_CUST_ID=TEMP, FA_AGM_VAL_DT=null, FA_ANCHOR_NM=C010179nm, FA_ACK_FLG=null, POOL_INV_MAX_AMT=null}
catalogData:::null
realOriginalData:::null

 [end]

[start] [DEBUG] [2026-03-28 12:09:27.581] [CSBANK_CSBANK] 
Do not upload or modify the image at this step. [end]

[start] [DEBUG] [2026-03-28 12:09:27.605] [CSBANK_CSBANK] 
Start to deal field 'C2A_CCY' mapping value. [end]

[start] [DEBUG] [2026-03-28 12:09:27.607] [CSBANK_CSBANK] 
The field :'C2A_CCY' do not has the module 'FADA' level setting. [end]

[start] [DEBUG] [2026-03-28 12:09:27.611] [CSBANK_CSBANK] 
Start to deal field 'C2A_AMOUNT' mapping value. [end]

[start] [DEBUG] [2026-03-28 12:09:27.613] [CSBANK_CSBANK] 
The field :'C2A_AMOUNT' do not has the module 'FADA' level setting. [end]

[start] [DEBUG] [2026-03-28 12:09:27.617] [CSBANK_CSBANK] 
Start to deal field 'C2A_COUNTERPARTY' mapping value. [end]

[start] [DEBUG] [2026-03-28 12:09:27.619] [CSBANK_CSBANK] 
The field :'C2A_COUNTERPARTY' do not has the module 'FADA' level setting. [end]

[start] [DEBUG] [2026-03-28 12:09:40.541] [CSBANK_CSBANK] 
The request URI is : /BL6CEWeb/counterparty.html [end]

[start] [DEBUG] [2026-03-28 12:09:40.545] [CSBANK_CSBANK] 
The session refresh token in session is : null [end]

[start] [DEBUG] [2026-03-28 12:28:28.530] [CSBANK_CSBANK] 
The request URI is : /BL6CEWeb/counterparty.html [end]

[start] [DEBUG] [2026-03-28 12:28:28.544] [CSBANK_CSBANK] 
The session refresh token in session is : null [end]

[start] [DEBUG] [2026-03-28 12:39:05.835] [CSBANK_CSBANK] 
====request content is: 
    Request Type: TrxPost
Component : TrxManagerMaster
Session Context is: 
com.cs.core.utility.SessionContext@c3141e63
Request Info Type : com.cs.core.pojo.bo.FuncData
Request Info Content is: 
screenData:::{FA_CNTR_DOC_NO=null, CURRNT_STATUS=Received Anchor Customer, FA_EF_HAN_CHG_AMT=null, COUNTER_EMAIL=null, FA_COUNTER_ROLE=null, FA_LOAN_IRATE_TYPE=null, MAX_DEC_PERC=null, FA_CUST_ID=C008413, FA_ANCHOR_CCY=USD, FA_BUYER_NM=null, FA_TTL_LOAN_BAL=null, FA_MAX_FIN_AMT=null, FA_SEL_NM=C008413NM, VAL_REL_FLG=null, FA_TRX_DT=2026-03-28, FA_TTL_PO_AMT=null, FA_MAX_LOAN_PERC=null, FA_AGM_CCY=null, FA_REQ_BUYER_APR_FLG=null, CUST_EMAIL=rainie.chen@chinasystems.com, CUST_IND=null, FA_ANCHOR_ID=C008413, FA_ANCHOR_ACC=null, POOL_INV_MIN_PERIOD=null, FA_LMT_VAL_DT=null, FA_CUST_REG_NO=C008413REG, FA_REBATE_RATE=null, FA_TTL_ADJ_BAL=null, FA_LMT_CCY=null, POOL_INV_MAX_PERIOD=null, CHG_FREQ_CD=null, FA_DD_CHG_SHA=null, FA_BUSI_TYPE=PF, FA_CUST_NM=C008413NM, CUST_TYPE=T1, FA_REBATE_ACCOUNT=null, PO_AVAL_FOR_FUNDING=null, XBOR_RT=null, FSBC_REF=null, MSG_TYPE=SCF.001.AGR, COUNTER_TYPE=null, FA_MIN_FIN_AMT=null, FA_COUNTER_REG_NO=null, FA_COUNTER_ID=null, INV_FIN_MODE=, C_MAIN_REF=SCFUS2607084, FA_CONTRACT_REF=SCFUS2607084, FA_DD_CHG_FIX=null, FA_FIN_INFO=null, PARENT_MAIN_REF=SCFUS2607084, FA_IRT_SPREAD=null, FA_AGM_DUE_DT=null, FA_DD_CHG_TP=null, GRACE_DAYS=null, FA_CUT_OFF_DAYS=null, FA_AUTO_FIN=null, FA_COUNTER_ACC=null, FA_AUTO_DEBIT=null, MAX_INC_PERC=null, FA_LMT_AMT=null, FA_ANCHOR_AMT=null, ERROR_MSG=null, FA_ANCHOR_ROLE=BUYER, C_STP_CODE_IN='20260328123859438371144164237246', FA_COUNTER_NM=null, FA_SBR_CCY=null, CHG_PAID_BY=null, PO_MAX_LOAN_PERC=null, COMEFROM=STP, FA_OVD_IRT_SPREAD=null, AMT_AVAL_FOR_FUNDING=null, FA_SBR_REF=null, FA_EF_COMM_RT=null, FA_TTL_PO_LOAN_BAL=null, RECORDS=null, POOL_INV_MIN_AMT=null, FA_LMT_DUE_DT=null, FA_PMT_TERMS=, C_CUST_ID=TEMP, FA_AGM_VAL_DT=null, FA_ANCHOR_NM=C008413NM, FA_ACK_FLG=null, POOL_INV_MAX_AMT=null}
catalogData:::null
realOriginalData:::null

 [end]

[start] [DEBUG] [2026-03-28 12:39:06.021] [CSBANK_CSBANK] 
Do not upload or modify the image at this step. [end]

[start] [DEBUG] [2026-03-28 12:39:06.064] [CSBANK_CSBANK] 
Start to deal field 'C2A_CCY' mapping value. [end]

[start] [DEBUG] [2026-03-28 12:39:06.075] [CSBANK_CSBANK] 
The field :'C2A_CCY' do not has the module 'FADA' level setting. [end]

[start] [DEBUG] [2026-03-28 12:39:06.079] [CSBANK_CSBANK] 
Start to deal field 'C2A_AMOUNT' mapping value. [end]

[start] [DEBUG] [2026-03-28 12:39:06.081] [CSBANK_CSBANK] 
The field :'C2A_AMOUNT' do not has the module 'FADA' level setting. [end]

[start] [DEBUG] [2026-03-28 12:39:06.085] [CSBANK_CSBANK] 
Start to deal field 'C2A_COUNTERPARTY' mapping value. [end]

[start] [DEBUG] [2026-03-28 12:39:06.087] [CSBANK_CSBANK] 
The field :'C2A_COUNTERPARTY' do not has the module 'FADA' level setting. [end]

[start] [DEBUG] [2026-03-28 12:39:39.411] [CSBANK_CSBANK] 
The request URI is : /BL6CEWeb/counterparty.html [end]

[start] [DEBUG] [2026-03-28 12:39:39.413] [CSBANK_CSBANK] 
The session refresh token in session is : null [end]

[start] [DEBUG] [2026-03-28 14:26:54.233] [CSBANK_CSBANK] 
====request content is: 
    Request Type: TrxPost
Component : TrxManagerMaster
Session Context is: 
com.cs.core.utility.SessionContext@1cc50d3
Request Info Type : com.cs.core.pojo.bo.FuncData
Request Info Content is: 
screenData:::{FA_CNTR_DOC_NO=null, CURRNT_STATUS=Received Anchor Customer, FA_EF_HAN_CHG_AMT=null, COUNTER_EMAIL=null, FA_COUNTER_ROLE=null, FA_LOAN_IRATE_TYPE=null, MAX_DEC_PERC=null, FA_CUST_ID=C007494, FA_ANCHOR_CCY=USD, FA_BUYER_NM=null, FA_TTL_LOAN_BAL=null, FA_MAX_FIN_AMT=null, FA_SEL_NM=C007494NM, VAL_REL_FLG=null, FA_TRX_DT=2026-03-28, FA_TTL_PO_AMT=null, FA_MAX_LOAN_PERC=null, FA_AGM_CCY=null, FA_REQ_BUYER_APR_FLG=null, CUST_EMAIL=rainie.chen@chinasystems.com, CUST_IND=null, FA_ANCHOR_ID=C007494, FA_ANCHOR_ACC=null, POOL_INV_MIN_PERIOD=null, FA_LMT_VAL_DT=null, FA_CUST_REG_NO=C007494REG, FA_REBATE_RATE=null, FA_TTL_ADJ_BAL=null, FA_LMT_CCY=null, POOL_INV_MAX_PERIOD=null, CHG_FREQ_CD=null, FA_DD_CHG_SHA=null, FA_BUSI_TYPE=PF, FA_CUST_NM=C007494NM, CUST_TYPE=T1, FA_REBATE_ACCOUNT=null, PO_AVAL_FOR_FUNDING=null, XBOR_RT=null, FSBC_REF=null, MSG_TYPE=SCF.001.AGR, COUNTER_TYPE=null, FA_MIN_FIN_AMT=null, FA_COUNTER_REG_NO=null, FA_COUNTER_ID=null, INV_FIN_MODE=, C_MAIN_REF=SCFUS2607086, FA_CONTRACT_REF=SCFUS2607086, FA_DD_CHG_FIX=null, FA_FIN_INFO=null, PARENT_MAIN_REF=SCFUS2607086, FA_IRT_SPREAD=null, FA_AGM_DUE_DT=null, FA_DD_CHG_TP=null, GRACE_DAYS=null, FA_CUT_OFF_DAYS=null, FA_AUTO_FIN=null, FA_COUNTER_ACC=null, FA_AUTO_DEBIT=null, MAX_INC_PERC=null, FA_LMT_AMT=null, FA_ANCHOR_AMT=null, ERROR_MSG=null, FA_ANCHOR_ROLE=BUYER, C_STP_CODE_IN='20260328142645797989830766251346', FA_COUNTER_NM=null, FA_SBR_CCY=null, CHG_PAID_BY=null, PO_MAX_LOAN_PERC=null, COMEFROM=STP, FA_OVD_IRT_SPREAD=null, AMT_AVAL_FOR_FUNDING=null, FA_SBR_REF=null, FA_EF_COMM_RT=null, FA_TTL_PO_LOAN_BAL=null, RECORDS=null, POOL_INV_MIN_AMT=null, FA_LMT_DUE_DT=null, FA_PMT_TERMS=, C_CUST_ID=TEMP, FA_AGM_VAL_DT=null, FA_ANCHOR_NM=C007494NM, FA_ACK_FLG=null, POOL_INV_MAX_AMT=null}
catalogData:::null
realOriginalData:::null

 [end]

[start] [DEBUG] [2026-03-28 14:26:54.427] [CSBANK_CSBANK] 
Do not upload or modify the image at this step. [end]

[start] [DEBUG] [2026-03-28 14:26:54.452] [CSBANK_CSBANK] 
Start to deal field 'C2A_CCY' mapping value. [end]

[start] [DEBUG] [2026-03-28 14:26:54.454] [CSBANK_CSBANK] 
The field :'C2A_CCY' do not has the module 'FADA' level setting. [end]

[start] [DEBUG] [2026-03-28 14:26:54.456] [CSBANK_CSBANK] 
Start to deal field 'C2A_AMOUNT' mapping value. [end]

[start] [DEBUG] [2026-03-28 14:26:54.460] [CSBANK_CSBANK] 
The field :'C2A_AMOUNT' do not has the module 'FADA' level setting. [end]

[start] [DEBUG] [2026-03-28 14:26:54.462] [CSBANK_CSBANK] 
Start to deal field 'C2A_COUNTERPARTY' mapping value. [end]

[start] [DEBUG] [2026-03-28 14:26:54.466] [CSBANK_CSBANK] 
The field :'C2A_COUNTERPARTY' do not has the module 'FADA' level setting. [end]

[start] [DEBUG] [2026-03-28 14:28:36.805] [CSBANK_CSBANK] 
The request URI is : /BL6CEWeb/getPrefillData [end]

[start] [DEBUG] [2026-03-28 14:28:36.815] [CSBANK_CSBANK] 
The session refresh token in session is : null [end]

[start] [DEBUG] [2026-03-28 15:39:04.315] [CSBANK_CSBANK] 
====request content is: 
    Request Type: TrxPost
Component : TrxManagerMaster
Session Context is: 
com.cs.core.utility.SessionContext@249c3c4f
Request Info Type : com.cs.core.pojo.bo.FuncData
Request Info Content is: 
screenData:::{FA_CNTR_DOC_NO=null, CURRNT_STATUS=Received Anchor Customer, FA_EF_HAN_CHG_AMT=null, COUNTER_EMAIL=null, FA_COUNTER_ROLE=null, FA_LOAN_IRATE_TYPE=null, MAX_DEC_PERC=null, FA_CUST_ID=C008444, FA_ANCHOR_CCY=USD, FA_BUYER_NM=null, FA_TTL_LOAN_BAL=null, FA_MAX_FIN_AMT=null, FA_SEL_NM=C008444NM, VAL_REL_FLG=null, FA_TRX_DT=2026-03-28, FA_TTL_PO_AMT=null, FA_MAX_LOAN_PERC=null, FA_AGM_CCY=null, FA_REQ_BUYER_APR_FLG=null, CUST_EMAIL=rainie.chen@chinasystems.com, CUST_IND=null, FA_ANCHOR_ID=C008444, FA_ANCHOR_ACC=null, POOL_INV_MIN_PERIOD=null, FA_LMT_VAL_DT=null, FA_CUST_REG_NO=C008444REG, FA_REBATE_RATE=null, FA_TTL_ADJ_BAL=null, FA_LMT_CCY=null, POOL_INV_MAX_PERIOD=null, CHG_FREQ_CD=null, FA_DD_CHG_SHA=null, FA_BUSI_TYPE=PF, FA_CUST_NM=C008444NM, CUST_TYPE=T1, FA_REBATE_ACCOUNT=null, PO_AVAL_FOR_FUNDING=null, XBOR_RT=null, FSBC_REF=null, MSG_TYPE=SCF.001.AGR, COUNTER_TYPE=null, FA_MIN_FIN_AMT=null, FA_COUNTER_REG_NO=null, FA_COUNTER_ID=null, INV_FIN_MODE=, C_MAIN_REF=SCFUS2607087, FA_CONTRACT_REF=SCFUS2607087, FA_DD_CHG_FIX=null, FA_FIN_INFO=null, PARENT_MAIN_REF=SCFUS2607087, FA_IRT_SPREAD=null, FA_AGM_DUE_DT=null, FA_DD_CHG_TP=null, GRACE_DAYS=null, FA_CUT_OFF_DAYS=null, FA_AUTO_FIN=null, FA_COUNTER_ACC=null, FA_AUTO_DEBIT=null, MAX_INC_PERC=null, FA_LMT_AMT=null, FA_ANCHOR_AMT=null, ERROR_MSG=null, FA_ANCHOR_ROLE=BUYER, C_STP_CODE_IN='20260328153856188474507751566249', FA_COUNTER_NM=null, FA_SBR_CCY=null, CHG_PAID_BY=null, PO_MAX_LOAN_PERC=null, COMEFROM=STP, FA_OVD_IRT_SPREAD=null, AMT_AVAL_FOR_FUNDING=null, FA_SBR_REF=null, FA_EF_COMM_RT=null, FA_TTL_PO_LOAN_BAL=null, RECORDS=null, POOL_INV_MIN_AMT=null, FA_LMT_DUE_DT=null, FA_PMT_TERMS=, C_CUST_ID=TEMP, FA_AGM_VAL_DT=null, FA_ANCHOR_NM=C008444NM, FA_ACK_FLG=null, POOL_INV_MAX_AMT=null}
catalogData:::null
realOriginalData:::null

 [end]

[start] [DEBUG] [2026-03-28 15:39:04.488] [CSBANK_CSBANK] 
Do not upload or modify the image at this step. [end]

[start] [DEBUG] [2026-03-28 15:39:04.510] [CSBANK_CSBANK] 
Start to deal field 'C2A_CCY' mapping value. [end]

[start] [DEBUG] [2026-03-28 15:39:04.513] [CSBANK_CSBANK] 
The field :'C2A_CCY' do not has the module 'FADA' level setting. [end]

[start] [DEBUG] [2026-03-28 15:39:04.515] [CSBANK_CSBANK] 
Start to deal field 'C2A_AMOUNT' mapping value. [end]

[start] [DEBUG] [2026-03-28 15:39:04.519] [CSBANK_CSBANK] 
The field :'C2A_AMOUNT' do not has the module 'FADA' level setting. [end]

[start] [DEBUG] [2026-03-28 15:39:04.521] [CSBANK_CSBANK] 
Start to deal field 'C2A_COUNTERPARTY' mapping value. [end]

[start] [DEBUG] [2026-03-28 15:39:04.525] [CSBANK_CSBANK] 
The field :'C2A_COUNTERPARTY' do not has the module 'FADA' level setting. [end]

[start] [DEBUG] [2026-03-28 15:39:20.369] [CSBANK_CSBANK] 
The request URI is : /BL6CEWeb/counterparty.html [end]

[start] [DEBUG] [2026-03-28 15:39:20.373] [CSBANK_CSBANK] 
The session refresh token in session is : null [end]

[start] [DEBUG] [2026-03-28 15:39:20.823] [CSBANK_CSBANK] 
The request URI is : /BL6CEWeb/rest/ee/getPrefillData [end]

[start] [DEBUG] [2026-03-28 15:39:20.827] [CSBANK_CSBANK] 
The session refresh token in session is : null [end]

[start] [DEBUG] [2026-03-28 17:44:47.524] [CSBANK_CSBANK] 
====request content is: 
    Request Type: TrxPost
Component : TrxManagerMaster
Session Context is: 
com.cs.core.utility.SessionContext@45c745e4
Request Info Type : com.cs.core.pojo.bo.FuncData
Request Info Content is: 
screenData:::{FA_CNTR_DOC_NO=null, CURRNT_STATUS=Received Anchor Customer, FA_EF_HAN_CHG_AMT=null, COUNTER_EMAIL=null, FA_COUNTER_ROLE=null, FA_LOAN_IRATE_TYPE=null, MAX_DEC_PERC=null, FA_CUST_ID=C007138, FA_ANCHOR_CCY=USD, FA_BUYER_NM=null, FA_TTL_LOAN_BAL=null, FA_MAX_FIN_AMT=null, FA_SEL_NM=C007138NM, VAL_REL_FLG=null, FA_TRX_DT=2026-03-28, FA_TTL_PO_AMT=null, FA_MAX_LOAN_PERC=null, FA_AGM_CCY=null, FA_REQ_BUYER_APR_FLG=null, CUST_EMAIL=rainie.chen@chinasystems.com, CUST_IND=null, FA_ANCHOR_ID=C007138, FA_ANCHOR_ACC=null, POOL_INV_MIN_PERIOD=null, FA_LMT_VAL_DT=null, FA_CUST_REG_NO=C007138REG, FA_REBATE_RATE=null, FA_TTL_ADJ_BAL=null, FA_LMT_CCY=null, POOL_INV_MAX_PERIOD=null, CHG_FREQ_CD=null, FA_DD_CHG_SHA=null, FA_BUSI_TYPE=PF, FA_CUST_NM=C007138NM, CUST_TYPE=T1, FA_REBATE_ACCOUNT=null, PO_AVAL_FOR_FUNDING=null, XBOR_RT=null, FSBC_REF=null, MSG_TYPE=SCF.001.AGR, COUNTER_TYPE=null, FA_MIN_FIN_AMT=null, FA_COUNTER_REG_NO=null, FA_COUNTER_ID=null, INV_FIN_MODE=, C_MAIN_REF=SCFUS2607088, FA_CONTRACT_REF=SCFUS2607088, FA_DD_CHG_FIX=null, FA_FIN_INFO=null, PARENT_MAIN_REF=SCFUS2607088, FA_IRT_SPREAD=null, FA_AGM_DUE_DT=null, FA_DD_CHG_TP=null, GRACE_DAYS=null, FA_CUT_OFF_DAYS=null, FA_AUTO_FIN=null, FA_COUNTER_ACC=null, FA_AUTO_DEBIT=null, MAX_INC_PERC=null, FA_LMT_AMT=null, FA_ANCHOR_AMT=null, ERROR_MSG=null, FA_ANCHOR_ROLE=BUYER, C_STP_CODE_IN='20260328174440435333333994598863', FA_COUNTER_NM=null, FA_SBR_CCY=null, CHG_PAID_BY=null, PO_MAX_LOAN_PERC=null, COMEFROM=STP, FA_OVD_IRT_SPREAD=null, AMT_AVAL_FOR_FUNDING=null, FA_SBR_REF=null, FA_EF_COMM_RT=null, FA_TTL_PO_LOAN_BAL=null, RECORDS=null, POOL_INV_MIN_AMT=null, FA_LMT_DUE_DT=null, FA_PMT_TERMS=, C_CUST_ID=TEMP, FA_AGM_VAL_DT=null, FA_ANCHOR_NM=C007138NM, FA_ACK_FLG=null, POOL_INV_MAX_AMT=null}
catalogData:::null
realOriginalData:::null

 [end]

[start] [DEBUG] [2026-03-28 17:44:47.704] [CSBANK_CSBANK] 
Do not upload or modify the image at this step. [end]

[start] [DEBUG] [2026-03-28 17:44:47.730] [CSBANK_CSBANK] 
Start to deal field 'C2A_CCY' mapping value. [end]

[start] [DEBUG] [2026-03-28 17:44:47.732] [CSBANK_CSBANK] 
The field :'C2A_CCY' do not has the module 'FADA' level setting. [end]

[start] [DEBUG] [2026-03-28 17:44:47.736] [CSBANK_CSBANK] 
Start to deal field 'C2A_AMOUNT' mapping value. [end]

[start] [DEBUG] [2026-03-28 17:44:47.738] [CSBANK_CSBANK] 
The field :'C2A_AMOUNT' do not has the module 'FADA' level setting. [end]

[start] [DEBUG] [2026-03-28 17:44:47.742] [CSBANK_CSBANK] 
Start to deal field 'C2A_COUNTERPARTY' mapping value. [end]

[start] [DEBUG] [2026-03-28 17:44:47.744] [CSBANK_CSBANK] 
The field :'C2A_COUNTERPARTY' do not has the module 'FADA' level setting. [end]

[start] [DEBUG] [2026-03-28 17:59:28.565] [CSBANK_CSBANK] 
The request URI is : /BL6CEWeb/v1/message-api-receiver/stp/agreement [end]

[start] [DEBUG] [2026-03-28 17:59:28.569] [CSBANK_CSBANK] 
The session refresh token in session is : null [end]

[start] [DEBUG] [2026-03-28 17:59:29.339] [CSBANK_CSBANK] 
====request content is: 
    Request Type: TrxPost
Component : TrxManagerMaster
Session Context is: 
com.cs.core.utility.SessionContext@44fa21e1
Request Info Type : com.cs.core.pojo.bo.FuncData
Request Info Content is: 
screenData:::{FA_CNTR_DOC_NO=null, CURRNT_STATUS=Received Anchor Customer, FA_EF_HAN_CHG_AMT=null, COUNTER_EMAIL=null, FA_COUNTER_ROLE=null, FA_LOAN_IRATE_TYPE=null, MAX_DEC_PERC=null, FA_CUST_ID=C007138, FA_ANCHOR_CCY=USD, FA_BUYER_NM=null, FA_TTL_LOAN_BAL=null, FA_MAX_FIN_AMT=null, FA_SEL_NM=C007138NM, VAL_REL_FLG=null, FA_TRX_DT=2026-03-28, FA_TTL_PO_AMT=null, FA_MAX_LOAN_PERC=null, FA_AGM_CCY=null, FA_REQ_BUYER_APR_FLG=null, CUST_EMAIL=rainie.chen@chinasystems.com, CUST_IND=null, FA_ANCHOR_ID=C007138, FA_ANCHOR_ACC=null, POOL_INV_MIN_PERIOD=null, FA_LMT_VAL_DT=null, FA_CUST_REG_NO=C007138REG, FA_REBATE_RATE=null, FA_TTL_ADJ_BAL=null, FA_LMT_CCY=null, POOL_INV_MAX_PERIOD=null, CHG_FREQ_CD=null, FA_DD_CHG_SHA=null, FA_BUSI_TYPE=PF, FA_CUST_NM=C007138NM, CUST_TYPE=T1, FA_REBATE_ACCOUNT=null, PO_AVAL_FOR_FUNDING=null, XBOR_RT=null, FSBC_REF=null, MSG_TYPE=SCF.001.AGR, COUNTER_TYPE=null, FA_MIN_FIN_AMT=null, FA_COUNTER_REG_NO=null, FA_COUNTER_ID=null, INV_FIN_MODE=, C_MAIN_REF=SCFUS2607088, FA_CONTRACT_REF=SCFUS2607088, FA_DD_CHG_FIX=null, FA_FIN_INFO=null, PARENT_MAIN_REF=SCFUS2607088, FA_IRT_SPREAD=null, FA_AGM_DUE_DT=null, FA_DD_CHG_TP=null, GRACE_DAYS=null, FA_CUT_OFF_DAYS=null, FA_AUTO_FIN=null, FA_COUNTER_ACC=null, FA_AUTO_DEBIT=null, MAX_INC_PERC=null, FA_LMT_AMT=null, FA_ANCHOR_AMT=null, ERROR_MSG=null, FA_ANCHOR_ROLE=BUYER, C_STP_CODE_IN='20260328175928720613368126142149', FA_COUNTER_NM=null, FA_SBR_CCY=null, CHG_PAID_BY=null, PO_MAX_LOAN_PERC=null, COMEFROM=STP, FA_OVD_IRT_SPREAD=null, AMT_AVAL_FOR_FUNDING=null, FA_SBR_REF=null, FA_EF_COMM_RT=null, FA_TTL_PO_LOAN_BAL=null, RECORDS=null, POOL_INV_MIN_AMT=null, FA_LMT_DUE_DT=null, FA_PMT_TERMS=, C_CUST_ID=TEMP, FA_AGM_VAL_DT=null, FA_ANCHOR_NM=C007138NM, FA_ACK_FLG=null, POOL_INV_MAX_AMT=null}
catalogData:::null
realOriginalData:::null

 [end]

[start] [DEBUG] [2026-03-28 17:59:29.369] [CSBANK_CSBANK] 
Do not upload or modify the image at this step. [end]

[start] [DEBUG] [2026-03-28 17:59:29.371] [CSBANK_CSBANK] 
Start to deal field 'C2A_CCY' mapping value. [end]

[start] [DEBUG] [2026-03-28 17:59:29.375] [CSBANK_CSBANK] 
The field :'C2A_CCY' do not has the module 'FADA' level setting. [end]

[start] [DEBUG] [2026-03-28 17:59:29.377] [CSBANK_CSBANK] 
Start to deal field 'C2A_AMOUNT' mapping value. [end]

[start] [DEBUG] [2026-03-28 17:59:29.379] [CSBANK_CSBANK] 
The field :'C2A_AMOUNT' do not has the module 'FADA' level setting. [end]

[start] [DEBUG] [2026-03-28 17:59:29.387] [CSBANK_CSBANK] 
Start to deal field 'C2A_COUNTERPARTY' mapping value. [end]

[start] [DEBUG] [2026-03-28 17:59:29.389] [CSBANK_CSBANK] 
The field :'C2A_COUNTERPARTY' do not has the module 'FADA' level setting. [end]

[start] [ERROR] [2026-03-28 17:59:29.817] [CSBANK_CSBANK] 

UnitCode: CSBANK
User ID: CSBANK
MainRefNo: SCFUS2607088
Module: Module[moduleName=FADA, nodeValue=FADA, type=TRANS]
Function ID: F05030701186
Function Name: Receive Agreement :

com.cs.core.err.db.DBException: {{E}}[000417]DB exception for duplicate key. Please contact us for assistance.
	at com.cs.core.err.db.parser.OracleErrorParser.getDBException(OracleErrorParser.java:62)
	at com.cs.core.err.db.parser.DBErrorParserHelper.getDBException(DBErrorParserHelper.java:88)
	at com.cs.core.err.db.parser.DBErrorParserHelper.throwDBException(DBErrorParserHelper.java:62)
	at com.cs.core.dao.exec.DAORunner.executePreparedUpdate(DAORunner.java:753)
	at com.cs.core.dao.exec.DAORunner.executePreparedUpdate(DAORunner.java:715)
	at com.cs.core.dao.exec.DAORunner.executeUpdate(DAORunner.java:179)
	at com.cs.eximap.ejb.dao.ASEExecuteToDatabaseBean.executeUpdate(ASEExecuteToDatabaseBean.java:239)
	at com.cs.eximap.utility.ASDBHelper.executeUpdate(ASDBHelper.java:136)
	at com.cs.eximap.utility.ASDBHelper.executeUpdate(ASDBHelper.java:375)
	at com.cs.eximap.ejb.ctrl.ASETrxManagerMasterBean.getData(ASETrxManagerMasterBean.java:124)
	at com.cs.eximap.ctrlintf.TrxManagerMaster.getData(TrxManagerMaster.java:17)
	at com.cs.eximap.ejb.comm.RMICommunicatorProcess.getData(RMICommunicatorProcess.java:118)
	at com.cs.eximap.ejb.ctrl.ASECommunicatorBean.getData(ASECommunicatorBean.java:80)
	at com.cs.comm.RMICommunicator.callAppEjb(RMICommunicator.java:79)
	at com.cs.comm.WSCommunication.callAppEjb(WSCommunication.java:102)
	at com.cs.eximap.ejb.ctrl.ASESTPMgrBean.callRmiCommunicatorProcess(ASESTPMgrBean.java:472)
	at com.cs.eximap.ejb.ctrl.ASESTPMgrBean.getData(ASESTPMgrBean.java:271)
	at com.cs.eximap.ctrlintf.STPMgrIntf.getData(STPMgrIntf.java:44)
	at com.cs.ceap.utilstp.STPRoutineHelper.processRoutinSTP(STPRoutineHelper.java:283)
	at com.cs.eximap.csmq.msgbrk.RunableSTP.callSTPManager(RunableSTP.java:92)
	at com.cs.ce.rest.service.CERecvMessgaeByAPIProcessor.callSTPProcess(CERecvMessgaeByAPIProcessor.java:200)
	at com.cs.ce.rest.service.CERecvMessgaeByAPIProcessor.processAgreement(CERecvMessgaeByAPIProcessor.java:60)
	at sun.reflect.NativeMethodAccessorImpl.invoke0(Native Method)
	at sun.reflect.NativeMethodAccessorImpl.invoke(NativeMethodAccessorImpl.java:95)
	at sun.reflect.DelegatingMethodAccessorImpl.invoke(DelegatingMethodAccessorImpl.java:55)
	at java.lang.reflect.Method.invoke(Method.java:508)
	at org.glassfish.jersey.server.model.internal.ResourceMethodInvocationHandlerFactory$1.invoke(ResourceMethodInvocationHandlerFactory.java:81)
	at org.glassfish.jersey.server.model.internal.AbstractJavaResourceMethodDispatcher$1.run(AbstractJavaResourceMethodDispatcher.java:164)
	at org.glassfish.jersey.server.model.internal.AbstractJavaResourceMethodDispatcher.invoke(AbstractJavaResourceMethodDispatcher.java:181)
	at org.glassfish.jersey.server.model.internal.JavaResourceMethodDispatcherProvider$ResponseOutInvoker.doDispatch(JavaResourceMethodDispatcherProvider.java:158)
	at org.glassfish.jersey.server.model.internal.AbstractJavaResourceMethodDispatcher.dispatch(AbstractJavaResourceMethodDispatcher.java:101)
	at org.glassfish.jersey.server.model.ResourceMethodInvoker.invoke(ResourceMethodInvoker.java:389)
	at org.glassfish.jersey.server.model.ResourceMethodInvoker.apply(ResourceMethodInvoker.java:347)
	at org.glassfish.jersey.server.model.ResourceMethodInvoker.apply(ResourceMethodInvoker.java:102)
	at org.glassfish.jersey.server.ServerRuntime$2.run(ServerRuntime.java:305)
	at org.glassfish.jersey.internal.Errors$1.call(Errors.java:271)
	at org.glassfish.jersey.internal.Errors$1.call(Errors.java:267)
	at org.glassfish.jersey.internal.Errors.process(Errors.java:315)
	at org.glassfish.jersey.internal.Errors.process(Errors.java:297)
	at org.glassfish.jersey.internal.Errors.process(Errors.java:267)
	at org.glassfish.jersey.process.internal.RequestScope.runInScope(RequestScope.java:317)
	at org.glassfish.jersey.server.ServerRuntime.process(ServerRuntime.java:288)
	at org.glassfish.jersey.server.ApplicationHandler.handle(ApplicationHandler.java:1110)
	at org.glassfish.jersey.servlet.WebComponent.service(WebComponent.java:401)
	at org.glassfish.jersey.servlet.ServletContainer.service(ServletContainer.java:386)
	at org.glassfish.jersey.servlet.ServletContainer.service(ServletContainer.java:335)
	at org.glassfish.jersey.servlet.ServletContainer.service(ServletContainer.java:222)
	at com.ibm.ws.webcontainer.servlet.ServletWrapper.service(ServletWrapper.java:1235)
	at com.ibm.ws.webcontainer.servlet.ServletWrapper.handleRequest(ServletWrapper.java:779)
	at com.ibm.ws.webcontainer.servlet.ServletWrapper.handleRequest(ServletWrapper.java:478)
	at com.ibm.ws.webcontainer.servlet.ServletWrapperImpl.handleRequest(ServletWrapperImpl.java:179)
	at com.ibm.ws.webcontainer.filter.WebAppFilterChain.invokeTarget(WebAppFilterChain.java:143)
	at com.ibm.ws.webcontainer.filter.WebAppFilterChain.doFilter(WebAppFilterChain.java:96)
	at com.cs.ceweb.servlets.CEVerifyAPITokenFilter.doFilter(CEVerifyAPITokenFilter.java:51)
	at com.ibm.ws.webcontainer.filter.FilterInstanceWrapper.doFilter(FilterInstanceWrapper.java:197)
	at com.ibm.ws.webcontainer.filter.WebAppFilterChain.doFilter(WebAppFilterChain.java:90)
	at com.cs.ceweb.servlets.CEResourceAccessFilter.doFilter(CEResourceAccessFilter.java:60)
	at com.ibm.ws.webcontainer.filter.FilterInstanceWrapper.doFilter(FilterInstanceWrapper.java:197)
	at com.ibm.ws.webcontainer.filter.WebAppFilterChain.doFilter(WebAppFilterChain.java:90)
	at com.cs.ceweb.secu.utility.CECommonSecurityWebFilter.doFilter(CECommonSecurityWebFilter.java:134)
	at com.cs.ceweb.servlets.CEPenTestFilter.doFilter(CEPenTestFilter.java:43)
	at com.ibm.ws.webcontainer.filter.FilterInstanceWrapper.doFilter(FilterInstanceWrapper.java:197)
	at com.ibm.ws.webcontainer.filter.WebAppFilterChain.doFilter(WebAppFilterChain.java:90)
	at com.cs.ceweb.secu.utility.CECommonSecurityWebFilter.doFilter(CECommonSecurityWebFilter.java:134)
	at com.cs.ceweb.servlets.CEPreventRefreshFilter.doFilter(CEPreventRefreshFilter.java:45)
	at com.ibm.ws.webcontainer.filter.FilterInstanceWrapper.doFilter(FilterInstanceWrapper.java:197)
	at com.ibm.ws.webcontainer.filter.WebAppFilterChain.doFilter(WebAppFilterChain.java:90)
	at com.cs.ceweb.secu.utility.CECommonSecurityWebFilter.doFilter(CECommonSecurityWebFilter.java:134)
	at com.cs.ceweb.servlets.CERequestFilter.doFilter(CERequestFilter.java:71)
	at com.ibm.ws.webcontainer.filter.FilterInstanceWrapper.doFilter(FilterInstanceWrapper.java:197)
	at com.ibm.ws.webcontainer.filter.WebAppFilterChain.doFilter(WebAppFilterChain.java:90)
	at com.cs.eximweb.servlets.CEDencrptURLFilter.doFilter(CEDencrptURLFilter.java:45)
	at com.ibm.ws.webcontainer.filter.FilterInstanceWrapper.doFilter(FilterInstanceWrapper.java:197)
	at com.ibm.ws.webcontainer.filter.WebAppFilterChain.doFilter(WebAppFilterChain.java:90)
	at com.cs.eximweb.servlets.CECharsetFilter.doFilter(CECharsetFilter.java:43)
	at com.ibm.ws.webcontainer.filter.FilterInstanceWrapper.doFilter(FilterInstanceWrapper.java:197)
	at com.ibm.ws.webcontainer.filter.WebAppFilterChain.doFilter(WebAppFilterChain.java:90)
	at com.ibm.ws.webcontainer.filter.WebAppFilterManager.doFilter(WebAppFilterManager.java:979)
	at com.ibm.ws.webcontainer.filter.WebAppFilterManager.invokeFilters(WebAppFilterManager.java:1119)
	at com.ibm.ws.webcontainer.servlet.CacheServletWrapper.handleRequest(CacheServletWrapper.java:82)
	at com.ibm.ws.webcontainer.WebContainer.handleRequest(WebContainer.java:966)
	at com.ibm.ws.webcontainer.WSWebContainer.handleRequest(WSWebContainer.java:1817)
	at com.ibm.ws.webcontainer.channel.WCChannelLink.ready(WCChannelLink.java:382)
	at com.ibm.ws.http.channel.inbound.impl.HttpInboundLink.handleDiscrimination(HttpInboundLink.java:465)
	at com.ibm.ws.http.channel.inbound.impl.HttpInboundLink.handleNewRequest(HttpInboundLink.java:532)
	at com.ibm.ws.http.channel.inbound.impl.HttpInboundLink.processRequest(HttpInboundLink.java:318)
	at com.ibm.ws.http.channel.inbound.impl.HttpInboundLink.ready(HttpInboundLink.java:289)
	at com.ibm.ws.tcp.channel.impl.NewConnectionInitialReadCallback.sendToDiscriminators(NewConnectionInitialReadCallback.java:214)
	at com.ibm.ws.tcp.channel.impl.NewConnectionInitialReadCallback.complete(NewConnectionInitialReadCallback.java:113)
	at com.ibm.ws.tcp.channel.impl.AioReadCompletionListener.futureCompleted(AioReadCompletionListener.java:175)
	at com.ibm.io.async.AbstractAsyncFuture.invokeCallback(AbstractAsyncFuture.java:217)
	at com.ibm.io.async.AsyncChannelFuture.fireCompletionActions(AsyncChannelFuture.java:161)
	at com.ibm.io.async.AsyncFuture.completed(AsyncFuture.java:138)
	at com.ibm.io.async.ResultHandler.complete(ResultHandler.java:204)
	at com.ibm.io.async.ResultHandler.runEventProcessingLoop(ResultHandler.java:775)
	at com.ibm.io.async.ResultHandler$2.run(ResultHandler.java:905)
	at com.ibm.ws.util.ThreadPool$Worker.run(ThreadPool.java:1909)

 [end]

[start] [ERROR] [2026-03-28 17:59:29.843] [CSBANK_CSBANK] 
{{E}}[000417]DB exception for duplicate key. Please contact us for assistance. [end]

[start] [DEBUG] [2026-03-28 18:09:53.604] [CSBANK_CSBANK] 
====request content is: 
    Request Type: TrxPost
Component : TrxManagerMaster
Session Context is: 
com.cs.core.utility.SessionContext@ea57919e
Request Info Type : com.cs.core.pojo.bo.FuncData
Request Info Content is: 
screenData:::{FA_CNTR_DOC_NO=null, CURRNT_STATUS=Received Anchor Customer, FA_EF_HAN_CHG_AMT=null, COUNTER_EMAIL=null, FA_COUNTER_ROLE=null, FA_LOAN_IRATE_TYPE=null, MAX_DEC_PERC=null, FA_CUST_ID=C007138, FA_ANCHOR_CCY=USD, FA_BUYER_NM=null, FA_TTL_LOAN_BAL=null, FA_MAX_FIN_AMT=null, FA_SEL_NM=C007138NM, VAL_REL_FLG=null, FA_TRX_DT=2026-03-28, FA_TTL_PO_AMT=null, FA_MAX_LOAN_PERC=null, FA_AGM_CCY=null, FA_REQ_BUYER_APR_FLG=null, CUST_EMAIL=rainie.chen@chinasystems.com, CUST_IND=null, FA_ANCHOR_ID=C007138, FA_ANCHOR_ACC=null, POOL_INV_MIN_PERIOD=null, FA_LMT_VAL_DT=null, FA_CUST_REG_NO=C007138REG, FA_REBATE_RATE=null, FA_TTL_ADJ_BAL=null, FA_LMT_CCY=null, POOL_INV_MAX_PERIOD=null, CHG_FREQ_CD=null, FA_DD_CHG_SHA=null, FA_BUSI_TYPE=PF, FA_CUST_NM=C007138NM, CUST_TYPE=T1, FA_REBATE_ACCOUNT=null, PO_AVAL_FOR_FUNDING=null, XBOR_RT=null, FSBC_REF=null, MSG_TYPE=SCF.001.AGR, COUNTER_TYPE=null, FA_MIN_FIN_AMT=null, FA_COUNTER_REG_NO=null, FA_COUNTER_ID=null, INV_FIN_MODE=, C_MAIN_REF=SCFUS2607088, FA_CONTRACT_REF=SCFUS2607088, FA_DD_CHG_FIX=null, FA_FIN_INFO=null, PARENT_MAIN_REF=SCFUS2607088, FA_IRT_SPREAD=null, FA_AGM_DUE_DT=null, FA_DD_CHG_TP=null, GRACE_DAYS=null, FA_CUT_OFF_DAYS=null, FA_AUTO_FIN=null, FA_COUNTER_ACC=null, FA_AUTO_DEBIT=null, MAX_INC_PERC=null, FA_LMT_AMT=null, FA_ANCHOR_AMT=null, ERROR_MSG=null, FA_ANCHOR_ROLE=BUYER, C_STP_CODE_IN='20260328180953149049362042399528', FA_COUNTER_NM=null, FA_SBR_CCY=null, CHG_PAID_BY=null, PO_MAX_LOAN_PERC=null, COMEFROM=STP, FA_OVD_IRT_SPREAD=null, AMT_AVAL_FOR_FUNDING=null, FA_SBR_REF=null, FA_EF_COMM_RT=null, FA_TTL_PO_LOAN_BAL=null, RECORDS=null, POOL_INV_MIN_AMT=null, FA_LMT_DUE_DT=null, FA_PMT_TERMS=, C_CUST_ID=TEMP, FA_AGM_VAL_DT=null, FA_ANCHOR_NM=C007138NM, FA_ACK_FLG=null, POOL_INV_MAX_AMT=null}
catalogData:::null
realOriginalData:::null

 [end]

[start] [DEBUG] [2026-03-28 18:09:53.630] [CSBANK_CSBANK] 
Do not upload or modify the image at this step. [end]

[start] [DEBUG] [2026-03-28 18:09:53.632] [CSBANK_CSBANK] 
Start to deal field 'C2A_CCY' mapping value. [end]

[start] [DEBUG] [2026-03-28 18:09:53.634] [CSBANK_CSBANK] 
The field :'C2A_CCY' do not has the module 'FADA' level setting. [end]

[start] [DEBUG] [2026-03-28 18:09:53.636] [CSBANK_CSBANK] 
Start to deal field 'C2A_AMOUNT' mapping value. [end]

[start] [DEBUG] [2026-03-28 18:09:53.638] [CSBANK_CSBANK] 
The field :'C2A_AMOUNT' do not has the module 'FADA' level setting. [end]

[start] [DEBUG] [2026-03-28 18:09:53.640] [CSBANK_CSBANK] 
Start to deal field 'C2A_COUNTERPARTY' mapping value. [end]

[start] [DEBUG] [2026-03-28 18:09:53.642] [CSBANK_CSBANK] 
The field :'C2A_COUNTERPARTY' do not has the module 'FADA' level setting. [end]

[start] [ERROR] [2026-03-28 18:09:53.729] [CSBANK_CSBANK] 

UnitCode: CSBANK
User ID: CSBANK
MainRefNo: SCFUS2607088
Module: Module[moduleName=FADA, nodeValue=FADA, type=TRANS]
Function ID: F05030701186
Function Name: Receive Agreement :

com.cs.core.err.db.DBException: {{E}}[000417]DB exception for duplicate key. Please contact us for assistance.
	at com.cs.core.err.db.parser.OracleErrorParser.getDBException(OracleErrorParser.java:62)
	at com.cs.core.err.db.parser.DBErrorParserHelper.getDBException(DBErrorParserHelper.java:88)
	at com.cs.core.err.db.parser.DBErrorParserHelper.throwDBException(DBErrorParserHelper.java:62)
	at com.cs.core.dao.exec.DAORunner.executePreparedUpdate(DAORunner.java:753)
	at com.cs.core.dao.exec.DAORunner.executePreparedUpdate(DAORunner.java:715)
	at com.cs.core.dao.exec.DAORunner.executeUpdate(DAORunner.java:179)
	at com.cs.eximap.ejb.dao.ASEExecuteToDatabaseBean.executeUpdate(ASEExecuteToDatabaseBean.java:239)
	at com.cs.eximap.utility.ASDBHelper.executeUpdate(ASDBHelper.java:136)
	at com.cs.eximap.utility.ASDBHelper.executeUpdate(ASDBHelper.java:375)
	at com.cs.eximap.ejb.ctrl.ASETrxManagerMasterBean.getData(ASETrxManagerMasterBean.java:124)
	at com.cs.eximap.ctrlintf.TrxManagerMaster.getData(TrxManagerMaster.java:17)
	at com.cs.eximap.ejb.comm.RMICommunicatorProcess.getData(RMICommunicatorProcess.java:118)
	at com.cs.eximap.ejb.ctrl.ASECommunicatorBean.getData(ASECommunicatorBean.java:80)
	at com.cs.comm.RMICommunicator.callAppEjb(RMICommunicator.java:79)
	at com.cs.comm.WSCommunication.callAppEjb(WSCommunication.java:102)
	at com.cs.eximap.ejb.ctrl.ASESTPMgrBean.callRmiCommunicatorProcess(ASESTPMgrBean.java:472)
	at com.cs.eximap.ejb.ctrl.ASESTPMgrBean.getData(ASESTPMgrBean.java:271)
	at com.cs.eximap.ctrlintf.STPMgrIntf.getData(STPMgrIntf.java:44)
	at com.cs.ceap.utilstp.STPRoutineHelper.processRoutinSTP(STPRoutineHelper.java:283)
	at com.cs.eximap.csmq.msgbrk.RunableSTP.callSTPManager(RunableSTP.java:92)
	at com.cs.ce.rest.service.CERecvMessgaeByAPIProcessor.callSTPProcess(CERecvMessgaeByAPIProcessor.java:200)
	at com.cs.ce.rest.service.CERecvMessgaeByAPIProcessor.processAgreement(CERecvMessgaeByAPIProcessor.java:60)
	at sun.reflect.NativeMethodAccessorImpl.invoke0(Native Method)
	at sun.reflect.NativeMethodAccessorImpl.invoke(NativeMethodAccessorImpl.java:95)
	at sun.reflect.DelegatingMethodAccessorImpl.invoke(DelegatingMethodAccessorImpl.java:55)
	at java.lang.reflect.Method.invoke(Method.java:508)
	at org.glassfish.jersey.server.model.internal.ResourceMethodInvocationHandlerFactory$1.invoke(ResourceMethodInvocationHandlerFactory.java:81)
	at org.glassfish.jersey.server.model.internal.AbstractJavaResourceMethodDispatcher$1.run(AbstractJavaResourceMethodDispatcher.java:164)
	at org.glassfish.jersey.server.model.internal.AbstractJavaResourceMethodDispatcher.invoke(AbstractJavaResourceMethodDispatcher.java:181)
	at org.glassfish.jersey.server.model.internal.JavaResourceMethodDispatcherProvider$ResponseOutInvoker.doDispatch(JavaResourceMethodDispatcherProvider.java:158)
	at org.glassfish.jersey.server.model.internal.AbstractJavaResourceMethodDispatcher.dispatch(AbstractJavaResourceMethodDispatcher.java:101)
	at org.glassfish.jersey.server.model.ResourceMethodInvoker.invoke(ResourceMethodInvoker.java:389)
	at org.glassfish.jersey.server.model.ResourceMethodInvoker.apply(ResourceMethodInvoker.java:347)
	at org.glassfish.jersey.server.model.ResourceMethodInvoker.apply(ResourceMethodInvoker.java:102)
	at org.glassfish.jersey.server.ServerRuntime$2.run(ServerRuntime.java:305)
	at org.glassfish.jersey.internal.Errors$1.call(Errors.java:271)
	at org.glassfish.jersey.internal.Errors$1.call(Errors.java:267)
	at org.glassfish.jersey.internal.Errors.process(Errors.java:315)
	at org.glassfish.jersey.internal.Errors.process(Errors.java:297)
	at org.glassfish.jersey.internal.Errors.process(Errors.java:267)
	at org.glassfish.jersey.process.internal.RequestScope.runInScope(RequestScope.java:317)
	at org.glassfish.jersey.server.ServerRuntime.process(ServerRuntime.java:288)
	at org.glassfish.jersey.server.ApplicationHandler.handle(ApplicationHandler.java:1110)
	at org.glassfish.jersey.servlet.WebComponent.service(WebComponent.java:401)
	at org.glassfish.jersey.servlet.ServletContainer.service(ServletContainer.java:386)
	at org.glassfish.jersey.servlet.ServletContainer.service(ServletContainer.java:335)
	at org.glassfish.jersey.servlet.ServletContainer.service(ServletContainer.java:222)
	at com.ibm.ws.webcontainer.servlet.ServletWrapper.service(ServletWrapper.java:1235)
	at com.ibm.ws.webcontainer.servlet.ServletWrapper.handleRequest(ServletWrapper.java:779)
	at com.ibm.ws.webcontainer.servlet.ServletWrapper.handleRequest(ServletWrapper.java:478)
	at com.ibm.ws.webcontainer.servlet.ServletWrapperImpl.handleRequest(ServletWrapperImpl.java:179)
	at com.ibm.ws.webcontainer.filter.WebAppFilterChain.invokeTarget(WebAppFilterChain.java:143)
	at com.ibm.ws.webcontainer.filter.WebAppFilterChain.doFilter(WebAppFilterChain.java:96)
	at com.cs.ceweb.servlets.CEVerifyAPITokenFilter.doFilter(CEVerifyAPITokenFilter.java:51)
	at com.ibm.ws.webcontainer.filter.FilterInstanceWrapper.doFilter(FilterInstanceWrapper.java:197)
	at com.ibm.ws.webcontainer.filter.WebAppFilterChain.doFilter(WebAppFilterChain.java:90)
	at com.cs.ceweb.servlets.CEResourceAccessFilter.doFilter(CEResourceAccessFilter.java:60)
	at com.ibm.ws.webcontainer.filter.FilterInstanceWrapper.doFilter(FilterInstanceWrapper.java:197)
	at com.ibm.ws.webcontainer.filter.WebAppFilterChain.doFilter(WebAppFilterChain.java:90)
	at com.cs.ceweb.secu.utility.CECommonSecurityWebFilter.doFilter(CECommonSecurityWebFilter.java:134)
	at com.cs.ceweb.servlets.CEPenTestFilter.doFilter(CEPenTestFilter.java:43)
	at com.ibm.ws.webcontainer.filter.FilterInstanceWrapper.doFilter(FilterInstanceWrapper.java:197)
	at com.ibm.ws.webcontainer.filter.WebAppFilterChain.doFilter(WebAppFilterChain.java:90)
	at com.cs.ceweb.secu.utility.CECommonSecurityWebFilter.doFilter(CECommonSecurityWebFilter.java:134)
	at com.cs.ceweb.servlets.CEPreventRefreshFilter.doFilter(CEPreventRefreshFilter.java:45)
	at com.ibm.ws.webcontainer.filter.FilterInstanceWrapper.doFilter(FilterInstanceWrapper.java:197)
	at com.ibm.ws.webcontainer.filter.WebAppFilterChain.doFilter(WebAppFilterChain.java:90)
	at com.cs.ceweb.secu.utility.CECommonSecurityWebFilter.doFilter(CECommonSecurityWebFilter.java:134)
	at com.cs.ceweb.servlets.CERequestFilter.doFilter(CERequestFilter.java:71)
	at com.ibm.ws.webcontainer.filter.FilterInstanceWrapper.doFilter(FilterInstanceWrapper.java:197)
	at com.ibm.ws.webcontainer.filter.WebAppFilterChain.doFilter(WebAppFilterChain.java:90)
	at com.cs.eximweb.servlets.CEDencrptURLFilter.doFilter(CEDencrptURLFilter.java:45)
	at com.ibm.ws.webcontainer.filter.FilterInstanceWrapper.doFilter(FilterInstanceWrapper.java:197)
	at com.ibm.ws.webcontainer.filter.WebAppFilterChain.doFilter(WebAppFilterChain.java:90)
	at com.cs.eximweb.servlets.CECharsetFilter.doFilter(CECharsetFilter.java:43)
	at com.ibm.ws.webcontainer.filter.FilterInstanceWrapper.doFilter(FilterInstanceWrapper.java:197)
	at com.ibm.ws.webcontainer.filter.WebAppFilterChain.doFilter(WebAppFilterChain.java:90)
	at com.ibm.ws.webcontainer.filter.WebAppFilterManager.doFilter(WebAppFilterManager.java:979)
	at com.ibm.ws.webcontainer.filter.WebAppFilterManager.invokeFilters(WebAppFilterManager.java:1119)
	at com.ibm.ws.webcontainer.servlet.CacheServletWrapper.handleRequest(CacheServletWrapper.java:82)
	at com.ibm.ws.webcontainer.WebContainer.handleRequest(WebContainer.java:966)
	at com.ibm.ws.webcontainer.WSWebContainer.handleRequest(WSWebContainer.java:1817)
	at com.ibm.ws.webcontainer.channel.WCChannelLink.ready(WCChannelLink.java:382)
	at com.ibm.ws.http.channel.inbound.impl.HttpInboundLink.handleDiscrimination(HttpInboundLink.java:465)
	at com.ibm.ws.http.channel.inbound.impl.HttpInboundLink.handleNewRequest(HttpInboundLink.java:532)
	at com.ibm.ws.http.channel.inbound.impl.HttpInboundLink.processRequest(HttpInboundLink.java:318)
	at com.ibm.ws.http.channel.inbound.impl.HttpInboundLink.ready(HttpInboundLink.java:289)
	at com.ibm.ws.tcp.channel.impl.NewConnectionInitialReadCallback.sendToDiscriminators(NewConnectionInitialReadCallback.java:214)
	at com.ibm.ws.tcp.channel.impl.NewConnectionInitialReadCallback.complete(NewConnectionInitialReadCallback.java:113)
	at com.ibm.ws.tcp.channel.impl.AioReadCompletionListener.futureCompleted(AioReadCompletionListener.java:175)
	at com.ibm.io.async.AbstractAsyncFuture.invokeCallback(AbstractAsyncFuture.java:217)
	at com.ibm.io.async.AsyncChannelFuture.fireCompletionActions(AsyncChannelFuture.java:161)
	at com.ibm.io.async.AsyncFuture.completed(AsyncFuture.java:138)
	at com.ibm.io.async.ResultHandler.complete(ResultHandler.java:204)
	at com.ibm.io.async.ResultHandler.runEventProcessingLoop(ResultHandler.java:775)
	at com.ibm.io.async.ResultHandler$2.run(ResultHandler.java:905)
	at com.ibm.ws.util.ThreadPool$Worker.run(ThreadPool.java:1909)

 [end]

[start] [ERROR] [2026-03-28 18:09:53.747] [CSBANK_CSBANK] 
{{E}}[000417]DB exception for duplicate key. Please contact us for assistance. [end]

[start] [DEBUG] [2026-03-28 18:19:56.075] [CSBANK_CSBANK] 
The request URI is : /BL6CEWeb/v1/message-api-receiver/stp/agreement [end]

[start] [DEBUG] [2026-03-28 18:19:56.077] [CSBANK_CSBANK] 
The session refresh token in session is : null [end]

[start] [DEBUG] [2026-03-28 18:19:57.323] [CSBANK_CSBANK] 
====request content is: 
    Request Type: TrxPost
Component : TrxManagerMaster
Session Context is: 
com.cs.core.utility.SessionContext@5cc2aa16
Request Info Type : com.cs.core.pojo.bo.FuncData
Request Info Content is: 
screenData:::{FA_CNTR_DOC_NO=null, CURRNT_STATUS=Received Anchor Customer, FA_EF_HAN_CHG_AMT=null, COUNTER_EMAIL=null, FA_COUNTER_ROLE=null, FA_LOAN_IRATE_TYPE=null, MAX_DEC_PERC=null, FA_CUST_ID=C012249, FA_ANCHOR_CCY=USD, FA_BUYER_NM=null, FA_TTL_LOAN_BAL=null, FA_MAX_FIN_AMT=null, FA_SEL_NM=C012249nm, VAL_REL_FLG=null, FA_TRX_DT=2026-03-28, FA_TTL_PO_AMT=null, FA_MAX_LOAN_PERC=null, FA_AGM_CCY=null, FA_REQ_BUYER_APR_FLG=null, CUST_EMAIL=henry.chen@chinasystems.com, CUST_IND=null, FA_ANCHOR_ID=C012249, FA_ANCHOR_ACC=null, POOL_INV_MIN_PERIOD=null, FA_LMT_VAL_DT=null, FA_CUST_REG_NO=C012249reg, FA_REBATE_RATE=null, FA_TTL_ADJ_BAL=null, FA_LMT_CCY=null, POOL_INV_MAX_PERIOD=null, CHG_FREQ_CD=null, FA_DD_CHG_SHA=null, FA_BUSI_TYPE=PF, FA_CUST_NM=C012249nm, CUST_TYPE=T1, FA_REBATE_ACCOUNT=null, PO_AVAL_FOR_FUNDING=null, XBOR_RT=null, FSBC_REF=null, MSG_TYPE=SCF.001.AGR, COUNTER_TYPE=null, FA_MIN_FIN_AMT=null, FA_COUNTER_REG_NO=null, FA_COUNTER_ID=null, INV_FIN_MODE=, C_MAIN_REF=SCFUS2607090, FA_CONTRACT_REF=SCFUS2607090, FA_DD_CHG_FIX=null, FA_FIN_INFO=null, PARENT_MAIN_REF=SCFUS2607090, FA_IRT_SPREAD=null, FA_AGM_DUE_DT=null, FA_DD_CHG_TP=null, GRACE_DAYS=null, FA_CUT_OFF_DAYS=null, FA_AUTO_FIN=null, FA_COUNTER_ACC=null, FA_AUTO_DEBIT=null, MAX_INC_PERC=null, FA_LMT_AMT=null, FA_ANCHOR_AMT=null, ERROR_MSG=null, FA_ANCHOR_ROLE=BUYER, C_STP_CODE_IN='20260328181956164095560932371276', FA_COUNTER_NM=null, FA_SBR_CCY=null, CHG_PAID_BY=null, PO_MAX_LOAN_PERC=null, COMEFROM=STP, FA_OVD_IRT_SPREAD=null, AMT_AVAL_FOR_FUNDING=null, FA_SBR_REF=null, FA_EF_COMM_RT=null, FA_TTL_PO_LOAN_BAL=null, RECORDS=null, POOL_INV_MIN_AMT=null, FA_LMT_DUE_DT=null, FA_PMT_TERMS=, C_CUST_ID=TEMP, FA_AGM_VAL_DT=null, FA_ANCHOR_NM=C012249nm, FA_ACK_FLG=null, POOL_INV_MAX_AMT=null}
catalogData:::null
realOriginalData:::null

 [end]

[start] [DEBUG] [2026-03-28 18:19:57.338] [CSBANK_CSBANK] 
Do not upload or modify the image at this step. [end]

[start] [DEBUG] [2026-03-28 18:19:57.340] [CSBANK_CSBANK] 
Start to deal field 'C2A_CCY' mapping value. [end]

[start] [DEBUG] [2026-03-28 18:19:57.342] [CSBANK_CSBANK] 
The field :'C2A_CCY' do not has the module 'FADA' level setting. [end]

[start] [DEBUG] [2026-03-28 18:19:57.344] [CSBANK_CSBANK] 
Start to deal field 'C2A_AMOUNT' mapping value. [end]

[start] [DEBUG] [2026-03-28 18:19:57.346] [CSBANK_CSBANK] 
The field :'C2A_AMOUNT' do not has the module 'FADA' level setting. [end]

[start] [DEBUG] [2026-03-28 18:19:57.348] [CSBANK_CSBANK] 
Start to deal field 'C2A_COUNTERPARTY' mapping value. [end]

[start] [DEBUG] [2026-03-28 18:19:57.348] [CSBANK_CSBANK] 
The field :'C2A_COUNTERPARTY' do not has the module 'FADA' level setting. [end]

[start] [DEBUG] [2026-03-28 18:20:21.794] [CSBANK_CSBANK] 
The request URI is : /BL6CEWeb/counterparty.html [end]

[start] [DEBUG] [2026-03-28 18:20:21.796] [CSBANK_CSBANK] 
The session refresh token in session is : null [end]

[start] [DEBUG] [2026-03-28 18:20:22.351] [CSBANK_CSBANK] 
The request URI is : /BL6CEWeb/getPrefillData [end]

[start] [DEBUG] [2026-03-28 18:20:22.353] [CSBANK_CSBANK] 
The session refresh token in session is : null [end]

[start] [DEBUG] [2026-03-28 19:56:17.430] [CSBANK_CSBANK] 
The request URI is : /BL6CEWeb/counterparty.html [end]

[start] [DEBUG] [2026-03-28 19:56:17.432] [CSBANK_CSBANK] 
The session refresh token in session is : null [end]

[start] [DEBUG] [2026-03-28 19:56:17.793] [CSBANK_CSBANK] 
The request URI is : /BL6CEWeb/getPrefillData [end]

[start] [DEBUG] [2026-03-28 19:56:17.796] [CSBANK_CSBANK] 
The session refresh token in session is : null [end]

[start] [DEBUG] [2026-03-28 21:14:47.790] [CSBANK_CSBANK] 
====request content is: 
    Request Type: TrxPost
Component : TrxManagerMaster
Session Context is: 
com.cs.core.utility.SessionContext@9fa4baa
Request Info Type : com.cs.core.pojo.bo.FuncData
Request Info Content is: 
screenData:::{FA_CNTR_DOC_NO=null, CURRNT_STATUS=Received Anchor Customer, FA_EF_HAN_CHG_AMT=null, COUNTER_EMAIL=null, FA_COUNTER_ROLE=null, FA_LOAN_IRATE_TYPE=null, MAX_DEC_PERC=null, FA_CUST_ID=C006868, FA_ANCHOR_CCY=USD, FA_BUYER_NM=null, FA_TTL_LOAN_BAL=null, FA_MAX_FIN_AMT=null, FA_SEL_NM=C006868NM, VAL_REL_FLG=null, FA_TRX_DT=2026-03-28, FA_TTL_PO_AMT=null, FA_MAX_LOAN_PERC=null, FA_AGM_CCY=null, FA_REQ_BUYER_APR_FLG=null, CUST_EMAIL=rainie.chen@chinasystems.com, CUST_IND=null, FA_ANCHOR_ID=C006868, FA_ANCHOR_ACC=null, POOL_INV_MIN_PERIOD=null, FA_LMT_VAL_DT=null, FA_CUST_REG_NO=C006868REG, FA_REBATE_RATE=null, FA_TTL_ADJ_BAL=null, FA_LMT_CCY=null, POOL_INV_MAX_PERIOD=null, CHG_FREQ_CD=null, FA_DD_CHG_SHA=null, FA_BUSI_TYPE=PF, FA_CUST_NM=C006868NM, CUST_TYPE=T1, FA_REBATE_ACCOUNT=null, PO_AVAL_FOR_FUNDING=null, XBOR_RT=null, FSBC_REF=null, MSG_TYPE=SCF.001.AGR, COUNTER_TYPE=null, FA_MIN_FIN_AMT=null, FA_COUNTER_REG_NO=null, FA_COUNTER_ID=null, INV_FIN_MODE=, C_MAIN_REF=SCFUS2607091, FA_CONTRACT_REF=SCFUS2607091, FA_DD_CHG_FIX=null, FA_FIN_INFO=null, PARENT_MAIN_REF=SCFUS2607091, FA_IRT_SPREAD=null, FA_AGM_DUE_DT=null, FA_DD_CHG_TP=null, GRACE_DAYS=null, FA_CUT_OFF_DAYS=null, FA_AUTO_FIN=null, FA_COUNTER_ACC=null, FA_AUTO_DEBIT=null, MAX_INC_PERC=null, FA_LMT_AMT=null, FA_ANCHOR_AMT=null, ERROR_MSG=null, FA_ANCHOR_ROLE=BUYER, C_STP_CODE_IN='20260328211440001917469538965075', FA_COUNTER_NM=null, FA_SBR_CCY=null, CHG_PAID_BY=null, PO_MAX_LOAN_PERC=null, COMEFROM=STP, FA_OVD_IRT_SPREAD=null, AMT_AVAL_FOR_FUNDING=null, FA_SBR_REF=null, FA_EF_COMM_RT=null, FA_TTL_PO_LOAN_BAL=null, RECORDS=null, POOL_INV_MIN_AMT=null, FA_LMT_DUE_DT=null, FA_PMT_TERMS=, C_CUST_ID=TEMP, FA_AGM_VAL_DT=null, FA_ANCHOR_NM=C006868NM, FA_ACK_FLG=null, POOL_INV_MAX_AMT=null}
catalogData:::null
realOriginalData:::null

 [end]

[start] [DEBUG] [2026-03-28 21:14:47.959] [CSBANK_CSBANK] 
Do not upload or modify the image at this step. [end]

[start] [DEBUG] [2026-03-28 21:14:47.983] [CSBANK_CSBANK] 
Start to deal field 'C2A_CCY' mapping value. [end]

[start] [DEBUG] [2026-03-28 21:14:47.985] [CSBANK_CSBANK] 
The field :'C2A_CCY' do not has the module 'FADA' level setting. [end]

[start] [DEBUG] [2026-03-28 21:14:47.988] [CSBANK_CSBANK] 
Start to deal field 'C2A_AMOUNT' mapping value. [end]

[start] [DEBUG] [2026-03-28 21:14:47.990] [CSBANK_CSBANK] 
The field :'C2A_AMOUNT' do not has the module 'FADA' level setting. [end]

[start] [DEBUG] [2026-03-28 21:14:47.994] [CSBANK_CSBANK] 
Start to deal field 'C2A_COUNTERPARTY' mapping value. [end]

[start] [DEBUG] [2026-03-28 21:14:47.996] [CSBANK_CSBANK] 
The field :'C2A_COUNTERPARTY' do not has the module 'FADA' level setting. [end]

[start] [DEBUG] [2026-03-28 21:15:39.031] [CSBANK_CSBANK] 
The request URI is : /BL6CEWeb/counterparty.html [end]

[start] [DEBUG] [2026-03-28 21:15:39.033] [CSBANK_CSBANK] 
The session refresh token in session is : null [end]

[start] [DEBUG] [2026-03-28 21:15:39.448] [CSBANK_CSBANK] 
The request URI is : /BL6CEWeb/getPrefillData [end]

[start] [DEBUG] [2026-03-28 21:15:39.456] [CSBANK_CSBANK] 
The session refresh token in session is : null [end]
